 ----> 1.3#6.6#4.0#14.0#VAR 7 0 0.935966 0.0640341 
 ----> 1.3#6.6#4.0#14.0#VAR 8 0 0.930062 0.0699378 
 ----> 1.3#6.6#4.0#14.0#VAR 9 0 0.919462 0.0805381 
 ----> 1.3#6.6#4.0#14.0#VAR 10 1 0.870503 0.129497 
 ----> 1.3#6.6#4.0#14.0#VAR 11 1 0.944197 0.0558028 
 ----> 1.3#6.6#4.0#14.0#VAR 12 0 0.913743 0.0862573 
 ----> 1.3#6.6#4.0#14.0#VAR 13 0 0.921669 0.0783309 
 ----> 1.3#6.6#4.0#14.0#VAR 14 0 0.919162 0.0808384 
 ----> 1.3#6.6#4.0#14.0#VAR 15 0 0.920523 0.0794769 
 ----> 1.3#6.6#4.0#14.0#VAR 16 0 0.924869 0.0751307 
 ----> 1.3#6.6#4.0#14.0#VAR 17 0 0.905952 0.094048 
 ----> 1.3#6.6#4.0#14.0#VAR 18 0 0.928679 0.0713205 
 ----> 1.3#6.6#4.0#14.0#VAR 19 0 0.918452 0.0815482 
 ----> 1.3#6.6#4.0#14.0#VAR 20 1 0.907712 0.0922878 
 ----> 1.3#6.6#4.0#14.0#VAR 21 0 0.935455 0.0645454 
 ----> 1.3#6.6#4.0#14.0#VAR 22 0 0.889198 0.110802 
 ----> 1.3#6.6#4.0#14.0#VAR 23 0 0.953676 0.0463241 
 ----> 1.3#6.6#4.0#14.0#VAR 24 0 0.908144 0.0918556 
 ----> 1.3#6.6#4.0#14.0#VAR 25 0 0.920163 0.0798373 
 ----> 1.3#6.6#4.0#14.0#VAR 26 0 0.922054 0.0779462 
 ----> 1.3#6.6#4.0#14.0#VAR 27 0 0.929405 0.0705947 
 ----> 1.3#6.6#4.0#14.0#VAR 28 0 0.930562 0.0694381 
 ----> 1.3#6.6#4.0#14.0#VAR 29 1 0.903652 0.0963481 
 ----> 1.3#6.6#4.0#14.0#VAR 30 1 0.920018 0.0799824 
 ----> 1.3#6.6#4.0#14.0#VAR 31 0 0.927248 0.0727525 
 ----> 1.3#6.6#4.0#14.0#VAR 32 0 0.923811 0.0761892 
 ----> 1.3#6.6#4.0#14.0#VAR 33 0 0.908759 0.0912414 
 ----> 1.3#6.6#4.0#14.0#VAR 34 0 0.927492 0.0725075 
 ----> 1.3#6.6#4.0#14.0#VAR 35 1 0.920012 0.0799876 
 ----> 1.3#6.6#4.0#14.0#VAR 36 0 0.918053 0.0819471 
 ----> 1.3#6.6#4.0#14.0#VAR 37 0 0.918793 0.0812071 
 ----> 1.3#6.6#4.0#14.0#VAR 38 0 0.920234 0.0797661 
 ----> 1.3#6.6#4.0#14.0#VAR 39 0 0.908659 0.0913412 
 ----> 1.3#6.6#4.0#14.0#VAR 40 0 0.927143 0.0728568 
 ----> 1.3#6.6#4.0#14.0#VAR 41 0 0.922518 0.0774818 
 ----> 1.3#6.6#4.0#14.0#VAR 42 0 0.925382 0.0746177 
 ----> 1.3#6.6#4.0#14.0#VAR 43 0 0.925347 0.074653 
 ----> 1.3#6.6#4.0#14.0#VAR 44 0 0.921279 0.0787207 
 ----> 1.3#6.6#4.0#14.0#VAR 45 0 0.929539 0.0704613 
 ----> 1.3#6.6#4.0#14.0#VAR 46 0 0.915213 0.0847868 
 ----> 1.3#6.6#4.0#14.0#VAR 47 0 0.925792 0.0742082 
 ----> 1.3#6.6#4.0#14.0#VAR 48 1 0.905965 0.094035 
 ----> 1.3#6.6#4.0#14.0#VAR 49 0 0.914441 0.0855594 
 ----> 1.3#6.6#4.0#14.0#VAR 50 0 0.926309 0.0736914 
 ----> 1.3#6.6#4.0#14.0#VAR 51 0 0.918809 0.0811914 
 ----> 1.3#6.6#4.0#14.0#VAR 52 0 0.91821 0.0817904 
 ----> 1.3#6.6#4.0#14.0#VAR 53 0 0.937602 0.0623981 
 ----> 1.3#6.6#4.0#14.0#VAR 54 0 0.928831 0.0711687 
 ----> 1.3#6.6#4.0#14.0#VAR 55 0 0.904324 0.0956762 
 ----> 1.3#6.6#4.0#14.0#VAR 56 0 0.940823 0.0591773 
 ----> 1.3#6.6#4.0#14.0#VAR 57 0 0.91917 0.0808296 
 ----> 1.3#6.6#4.0#14.0#VAR 58 0 0.929541 0.0704594 
 ----> 1.3#6.6#4.0#14.0#VAR 59 0 0.926385 0.0736147 
 ----> 1.3#6.6#4.0#14.0#VAR 60 0 0.932032 0.0679679 
 ----> 1.3#6.6#4.0#14.0#VAR 61 1 0.918067 0.0819331 
 ----> 1.3#6.6#4.0#14.0#VAR 62 0 0.911539 0.088461 
 ----> 1.3#6.6#4.0#14.0#VAR 63 0 0.922927 0.0770729 
 ----> 1.3#6.6#4.0#14.0#VAR 64 0 0.927015 0.0729849 
 ----> 1.3#6.6#4.0#14.0#VAR 65 0 0.92171 0.07829 
 ----> 1.3#6.6#4.0#14.0#VAR 66 0 0.929368 0.0706315 
 ----> 1.3#6.6#4.0#14.0#VAR 67 0 0.930823 0.069177 
 ----> 1.3#6.6#4.0#14.0#VAR 68 0 0.92178 0.0782196 
 ----> 1.3#6.6#4.0#14.0#VAR 69 0 0.937315 0.0626854 
 ----> 1.3#6.6#4.0#14.0#VAR 70 0 0.920438 0.0795621 
 ----> 1.3#6.6#4.0#14.0#VAR 71 0 0.928225 0.0717746 
 ----> 1.3#6.6#4.0#14.0#VAR 72 0 0.91767 0.0823298 
 ----> 1.3#6.6#4.0#14.0#VAR 73 0 0.927239 0.0727607 
 ----> 1.3#6.6#4.0#14.0#VAR 74 0 0.924771 0.0752291 
 ----> 1.3#6.6#4.0#14.0#VAR 75 0 0.923322 0.0766784 
 ----> 1.3#6.6#4.0#14.0#VAR 76 0 0.929393 0.0706073 
 ----> 1.3#6.6#4.0#14.0#VAR 77 0 0.91866 0.0813402 
 ----> 1.3#6.6#4.0#14.0#VAR 78 0 0.927288 0.0727122 
 ----> 1.3#6.6#4.0#14.0#VAR 79 0 0.922823 0.077177 
 ----> 1.3#6.6#4.0#14.0#VAR 80 0 0.908202 0.0917976 
 ----> 1.3#6.6#4.0#14.0#VAR 81 0 0.931932 0.0680684 
 ----> 1.3#6.6#4.0#14.0#VAR 82 0 0.925114 0.0748856 
 ----> 1.3#6.6#4.0#14.0#VAR 83 0 0.926583 0.0734175 
 ----> 1.3#6.6#4.0#14.0#VAR 84 0 0.924971 0.0750293 
 ----> 1.3#6.6#4.0#14.0#VAR 85 0 0.919746 0.080254 
 ----> 1.3#6.6#4.0#14.0#VAR 86 0 0.934393 0.0656069 
 ----> 1.3#6.6#4.0#14.0#VAR 87 0 0.922972 0.0770278 
 ----> 1.3#6.6#4.0#14.0#VAR 88 0 0.931628 0.0683722 
 ----> 1.3#6.6#4.0#14.0#VAR 89 0 0.930679 0.0693215 
 ----> 1.3#6.6#4.0#14.0#VAR 90 0 0.931825 0.0681748 
 ----> 1.3#6.6#4.0#14.0#VAR 91 0 0.931292 0.0687079 
 ----> 1.3#6.6#4.0#14.0#VAR 92 0 0.924488 0.0755125 
 ----> 1.3#6.6#4.0#14.0#VAR 93 0 0.935344 0.0646558 
 ----> 1.3#6.6#4.0#14.0#VAR 94 0 0.91364 0.0863598 
 ----> 1.3#6.6#4.0#14.0#VAR 95 1 0.918616 0.0813836 
 ----> 1.3#6.6#4.0#14.0#VAR 96 0 0.921661 0.0783386 
 ----> 1.3#6.6#4.0#14.0#VAR 97 0 0.94349 0.0565096 
 ----> 1.3#6.6#4.0#14.0#VAR 98 0 0.931204 0.0687957 
 ----> 1.3#6.6#4.0#14.0#VAR 99 0 0.93697 0.0630302 
 ----> 1.3#6.6#4.0#14.0#VAR 100 0 0.912434 0.0875659 
 ----> 1.3#6.6#4.0#14.0#VAR 101 0 0.914388 0.0856123 
 ----> 1.3#6.6#4.0#14.0#VAR 102 0 0.926519 0.0734806 
 ----> 1.3#6.6#4.0#14.0#VAR 103 0 0.942109 0.0578913 
 ----> 1.3#6.6#4.0#14.0#VAR 104 1 0.889608 0.110392 
 ----> 1.3#6.6#4.0#14.0#VAR 105 0 0.919837 0.0801633 
 ----> 1.3#6.6#4.0#14.0#VAR 106 0 0.922524 0.0774755 
 ----> 1.3#6.6#4.0#14.0#VAR 107 0 0.91527 0.0847304 
 ----> 1.3#6.6#4.0#14.0#VAR 108 0 0.934784 0.065216 
 ----> 1.3#6.6#4.0#14.0#VAR 109 0 0.919214 0.080786 
 ----> 1.3#6.6#4.0#14.0#VAR 110 0 0.914337 0.0856634 
 ----> 1.3#6.6#4.0#14.0#VAR 111 0 0.924102 0.0758983 
 ----> 1.3#6.6#4.0#14.0#VAR 112 0 0.93434 0.0656604 
 ----> 1.3#6.6#4.0#14.0#VAR 113 0 0.93461 0.0653897 
 ----> 1.3#6.6#4.0#14.0#VAR 114 0 0.931217 0.0687828 
 ----> 1.3#6.6#4.0#14.0#VAR 115 1 0.920651 0.0793487 
 ----> 1.3#6.6#4.0#14.0#VAR 116 0 0.922106 0.0778935 
 ----> 1.3#6.6#4.0#14.0#VAR 117 0 0.93536 0.0646398 
 ----> 1.3#6.6#4.0#14.0#VAR 118 0 0.933226 0.0667744 
 ----> 1.3#6.6#4.0#14.0#VAR 119 0 0.938856 0.061144 
 ----> 1.3#6.6#4.0#14.0#VAR 120 0 0.916674 0.0833264 
 ----> 1.3#6.6#4.0#14.0#VAR 121 1 0.912519 0.0874806 
 ----> 1.3#6.6#4.0#14.0#VAR 122 0 0.941452 0.0585482 
 ----> 1.3#6.6#4.0#14.0#VAR 123 0 0.932919 0.0670812 
 ----> 1.3#6.6#4.0#14.0#VAR 124 0 0.926762 0.0732376 
 ----> 1.3#6.6#4.0#14.0#VAR 125 0 0.921011 0.0789894 
 ----> 1.3#6.6#4.0#14.0#VAR 126 0 0.920064 0.0799364 
 ----> 1.3#6.6#4.0#14.0#VAR 127 0 0.915757 0.0842429 
 ----> 1.3#6.6#4.0#14.0#VAR 128 0 0.92142 0.0785801 
 ----> 1.3#6.6#4.0#14.0#VAR 129 0 0.924508 0.0754916 
 ----> 1.3#6.6#4.0#14.0#VAR 130 0 0.928971 0.0710294 
 ----> 1.3#6.6#4.0#14.0#VAR 131 0 0.92707 0.0729295 
 ----> 1.3#6.6#4.0#14.0#VAR 132 0 0.923904 0.0760959 
 ----> 1.3#6.6#4.0#14.0#VAR 133 0 0.912666 0.087334 
 ----> 1.3#6.6#4.0#14.0#VAR 134 0 0.904582 0.0954176 
 ----> 1.3#6.6#4.0#14.0#VAR 135 0 0.935792 0.0642077 
 ----> 1.3#6.6#4.0#14.0#VAR 136 0 0.921835 0.0781652 
 ----> 1.3#6.6#4.0#14.0#VAR 137 0 0.928709 0.0712905 
 ----> 1.3#6.6#4.0#14.0#VAR 138 0 0.909189 0.0908105 
 ----> 1.3#6.6#4.0#14.0#VAR 139 0 0.916373 0.0836266 
 ----> 1.3#6.6#4.0#14.0#VAR 140 0 0.932826 0.0671738 
 ----> 1.3#6.6#4.0#14.0#VAR 141 0 0.926951 0.0730487 
 ----> 1.3#6.6#4.0#14.0#VAR 142 0 0.923649 0.076351 
 ----> 1.3#6.6#4.0#14.0#VAR 143 0 0.922123 0.0778766 
 ----> 1.3#6.6#4.0#14.0#VAR 144 0 0.916113 0.0838871 
 ----> 1.3#6.6#4.0#14.0#VAR 145 0 0.917698 0.0823017 
 ----> 1.3#6.6#4.0#14.0#VAR 146 0 0.932701 0.067299 
 ----> 1.3#6.6#4.0#14.0#VAR 147 0 0.941604 0.0583959 
 ----> 1.3#6.6#4.0#14.0#VAR 148 1 0.917002 0.0829985 
 ----> 1.3#6.6#4.0#14.0#VAR 149 0 0.920337 0.0796628 
 ----> 1.3#6.6#4.0#14.0#VAR 150 0 0.931393 0.0686075 
 ----> 1.3#6.6#4.0#14.0#VAR 151 0 0.929013 0.0709867 
 ----> 1.3#6.6#4.0#14.0#VAR 152 0 0.913192 0.0868085 
 ----> 1.3#6.6#4.0#14.0#VAR 153 0 0.918377 0.081623 
 ----> 1.3#6.6#4.0#14.0#VAR 154 0 0.933994 0.0660059 
 ----> 1.3#6.6#4.0#14.0#VAR 155 0 0.916691 0.0833089 
 ----> 1.3#6.6#4.0#14.0#VAR 156 0 0.929901 0.0700994 
 ----> 1.3#6.6#4.0#14.0#VAR 157 0 0.914431 0.0855692 
 ----> 1.3#6.6#4.0#14.0#VAR 158 0 0.915275 0.0847247 
 ----> 1.3#6.6#4.0#14.0#VAR 159 0 0.922606 0.0773939 
 ----> 1.3#6.6#4.0#14.0#VAR 160 0 0.928156 0.0718441 
 ----> 1.3#6.6#4.0#14.0#VAR 161 0 0.937769 0.0622305 
 ----> 1.3#6.6#4.0#14.0#VAR 162 1 0.90719 0.09281 
 ----> 1.3#6.6#4.0#14.0#VAR 163 0 0.938983 0.0610172 
 ----> 1.3#6.6#4.0#14.0#VAR 164 0 0.93858 0.0614203 
 ----> 1.3#6.6#4.0#14.0#VAR 165 0 0.931301 0.0686987 
 ----> 1.3#6.6#4.0#14.0#VAR 166 0 0.928673 0.0713273 
 ----> 1.3#6.6#4.0#14.0#VAR 167 0 0.91987 0.0801296 
 ----> 1.3#6.6#4.0#14.0#VAR 168 0 0.929255 0.0707453 
 ----> 1.3#6.6#4.0#14.0#VAR 169 0 0.929071 0.0709285 
 ----> 1.3#6.6#4.0#14.0#VAR 170 0 0.927808 0.0721917 
 ----> 1.3#6.6#4.0#14.0#VAR 171 0 0.922679 0.0773209 
 ----> 1.3#6.6#4.0#14.0#VAR 172 1 0.915329 0.0846709 
 ----> 1.3#6.6#4.0#14.0#VAR 173 0 0.929032 0.0709677 
 ----> 1.3#6.6#4.0#14.0#VAR 174 0 0.929694 0.0703062 
 ----> 1.3#6.6#4.0#14.0#VAR 175 0 0.920001 0.0799994 
 ----> 1.3#6.6#4.0#14.0#VAR 176 0 0.939943 0.0600574 
 ----> 1.3#6.6#4.0#14.0#VAR 177 0 0.916927 0.0830731 
 ----> 1.3#6.6#4.0#14.0#VAR 178 0 0.939506 0.0604941 
 ----> 1.3#6.6#4.0#14.0#VAR 179 0 0.93482 0.0651798 
 ----> 1.3#6.6#4.0#14.0#VAR 180 0 0.918865 0.0811347 
 ----> 1.3#6.6#4.0#14.0#VAR 181 0 0.91086 0.0891402 
 ----> 1.3#6.6#4.0#14.0#VAR 182 0 0.938537 0.061463 
 ----> 1.3#6.6#4.0#14.0#VAR 183 0 0.910874 0.0891256 
 ----> 1.3#6.6#4.0#14.0#VAR 184 0 0.922452 0.0775481 
 ----> 1.3#6.6#4.0#14.0#VAR 185 0 0.934359 0.065641 
 ----> 1.3#6.6#4.0#14.0#VAR 186 0 0.933536 0.0664638 
 ----> 1.3#6.6#4.0#14.0#VAR 187 0 0.913779 0.0862212 
 ----> 1.3#6.6#4.0#14.0#VAR 188 1 0.908421 0.0915792 
 ----> 1.3#6.6#4.0#14.0#VAR 189 0 0.914149 0.0858513 
 ----> 1.3#6.6#4.0#14.0#VAR 190 0 0.929256 0.070744 
 ----> 1.3#6.6#4.0#14.0#VAR 191 0 0.93787 0.0621304 
 ----> 1.3#6.6#4.0#14.0#VAR 192 0 0.935515 0.0644851 
 ----> 1.3#6.6#4.0#14.0#VAR 193 0 0.920244 0.0797562 
 ----> 1.3#6.6#4.0#14.0#VAR 194 0 0.915491 0.0845093 
 ----> 1.3#6.6#4.0#14.0#VAR 195 0 0.924076 0.0759236 
 ----> 1.3#6.6#4.0#14.0#VAR 196 0 0.908938 0.0910618 
 ----> 1.3#6.6#4.0#14.0#VAR 197 0 0.931131 0.0688685 
 ----> 1.3#6.6#4.0#14.0#VAR 198 0 0.925071 0.0749294 
 ----> 1.3#6.6#4.0#14.0#VAR 199 0 0.922122 0.0778784 
 ----> 1.3#6.6#4.0#14.0#VAR 200 0 0.917835 0.0821655 
 ----> 1.3#6.6#4.0#14.0#VAR 201 0 0.926918 0.0730819 
 ----> 1.3#6.6#4.0#14.0#VAR 202 0 0.934093 0.0659073 
 ----> 1.3#6.6#4.0#14.0#VAR 203 0 0.933163 0.0668368 
 ----> 1.3#6.6#4.0#14.0#VAR 204 0 0.922861 0.0771389 
 ----> 1.3#6.6#4.0#14.0#VAR 205 0 0.902461 0.0975392 
 ----> 1.3#6.6#4.0#14.0#VAR 206 0 0.926856 0.0731437 
 ----> 1.3#6.6#4.0#14.0#VAR 207 0 0.926184 0.0738163 
 ----> 1.3#6.6#4.0#14.0#VAR 208 0 0.927456 0.072544 
 ----> 1.3#6.6#4.0#14.0#VAR 209 0 0.938417 0.0615833 
 ----> 1.3#6.6#4.0#14.0#VAR 210 0 0.918914 0.0810863 
 ----> 1.3#6.6#4.0#14.0#VAR 211 0 0.926409 0.073591 
 ----> 1.3#6.6#4.0#14.0#VAR 212 0 0.928755 0.0712455 
 ----> 1.3#6.6#4.0#14.0#VAR 213 0 0.930506 0.0694945 
 ----> 1.3#6.6#4.0#14.0#VAR 214 0 0.918089 0.0819108 
 ----> 1.3#6.6#4.0#14.0#VAR 215 0 0.924408 0.0755917 
 ----> 1.3#6.6#4.0#14.0#VAR 216 0 0.929048 0.070952 
 ----> 1.3#6.6#4.0#14.0#VAR 217 0 0.925314 0.0746858 
 ----> 1.3#6.6#4.0#14.0#VAR 218 0 0.939555 0.0604451 
 ----> 1.3#6.6#4.0#14.0#VAR 219 0 0.945052 0.0549484 
 ----> 1.3#6.6#4.0#14.0#VAR 220 1 0.904195 0.0958054 
 ----> 1.3#6.6#4.0#14.0#VAR 221 0 0.912601 0.0873988 
 ----> 1.3#6.6#4.0#14.0#VAR 222 0 0.930024 0.069976 
 ----> 1.3#6.6#4.0#14.0#VAR 223 0 0.93068 0.0693203 
 ----> 1.3#6.6#4.0#14.0#VAR 224 0 0.946738 0.0532615 
 ----> 1.3#6.6#4.0#14.0#VAR 225 0 0.918609 0.0813909 
 ----> 1.3#6.6#4.0#14.0#VAR 226 0 0.921165 0.0788346 
 ----> 1.3#6.6#4.0#14.0#VAR 227 0 0.937767 0.0622332 
 ----> 1.3#6.6#4.0#14.0#VAR 228 1 0.923454 0.0765462 
 ----> 1.3#6.6#4.0#14.0#VAR 229 0 0.930032 0.0699678 
 ----> 1.3#6.6#4.0#14.0#VAR 230 0 0.929559 0.0704411 
 ----> 1.3#6.6#4.0#14.0#VAR 231 0 0.911544 0.088456 
 ----> 1.3#6.6#4.0#14.0#VAR 232 0 0.926987 0.0730125 
 ----> 1.3#6.6#4.0#14.0#VAR 233 0 0.936161 0.0638393 
 ----> 1.3#6.6#4.0#14.0#VAR 234 0 0.928867 0.0711327 
 ----> 1.3#6.6#4.0#14.0#VAR 235 0 0.924718 0.0752818 
 ----> 1.3#6.6#4.0#14.0#VAR 236 0 0.920465 0.0795352 
 ----> 1.3#6.6#4.0#14.0#VAR 237 0 0.919856 0.0801437 
 ----> 1.3#6.6#4.0#14.0#VAR 238 0 0.920436 0.0795641 
 ----> 1.3#6.6#4.0#14.0#VAR 239 0 0.929403 0.0705972 
 ----> 1.3#6.6#4.0#14.0#VAR 240 0 0.931368 0.0686323 
 ----> 1.3#6.6#4.0#14.0#VAR 241 0 0.929419 0.0705814 
 ----> 1.3#6.6#4.0#14.0#VAR 242 0 0.910395 0.0896053 
 ----> 1.3#6.6#4.0#14.0#VAR 243 0 0.91845 0.0815499 
 ----> 1.3#6.6#4.0#14.0#VAR 244 0 0.932317 0.0676829 
 ----> 1.3#6.6#4.0#14.0#VAR 245 0 0.934911 0.0650886 
 ----> 1.3#6.6#4.0#14.0#VAR 246 0 0.923741 0.0762587 
 ----> 1.3#6.6#4.0#14.0#VAR 247 0 0.926275 0.0737248 
 ----> 1.3#6.6#4.0#14.0#VAR 248 0 0.921358 0.0786418 
 ----> 1.3#6.6#4.0#14.0#VAR 249 0 0.924832 0.0751684 
 ----> 1.3#6.6#4.0#14.0#VAR 250 0 0.939056 0.0609437 
 ----> 1.3#6.6#4.0#14.0#VAR 251 0 0.928437 0.071563 
 ----> 1.3#6.6#4.0#14.0#VAR 252 0 0.92218 0.07782 
 ----> 1.3#6.6#4.0#14.0#VAR 253 0 0.924594 0.0754056 
 ----> 1.3#6.6#4.0#14.0#VAR 254 0 0.931532 0.0684679 
 ----> 1.3#6.6#4.0#14.0#VAR 255 0 0.916975 0.0830252 
 ----> 1.3#6.6#4.0#14.0#VAR 256 0 0.928154 0.0718458 
 ----> 1.3#6.6#4.0#14.0#VAR 257 0 0.923958 0.076042 
 ----> 1.3#6.6#4.0#14.0#VAR 258 0 0.927289 0.0727108 
 ----> 1.3#6.6#4.0#14.0#VAR 259 0 0.925507 0.0744929 
 ----> 1.3#6.6#4.0#14.0#VAR 260 0 0.911143 0.0888573 
 ----> 1.3#6.6#4.0#14.0#VAR 261 0 0.928141 0.0718589 
 ----> 1.3#6.6#4.0#14.0#VAR 262 0 0.926112 0.0738877 
 ----> 1.3#6.6#4.0#14.0#VAR 263 0 0.887242 0.112758 
 ----> 1.3#6.6#4.0#14.0#VAR 264 0 0.925122 0.0748784 
 ----> 1.3#6.6#4.0#14.0#VAR 265 0 0.932793 0.0672071 
 ----> 1.3#6.6#4.0#14.0#VAR 266 0 0.943725 0.056275 
 ----> 1.3#6.6#4.0#14.0#VAR 267 0 0.925319 0.0746806 
 ----> 1.3#6.6#4.0#14.0#VAR 268 0 0.91837 0.0816301 
 ----> 1.3#6.6#4.0#14.0#VAR 269 0 0.91345 0.0865501 
 ----> 1.3#6.6#4.0#14.0#VAR 270 0 0.907087 0.0929128 
 ----> 1.3#6.6#4.0#14.0#VAR 271 1 0.88821 0.11179 
 ----> 1.3#6.6#4.0#14.0#VAR 272 0 0.922533 0.0774671 
 ----> 1.3#6.6#4.0#14.0#VAR 273 0 0.92638 0.0736196 
 ----> 1.3#6.6#4.0#14.0#VAR 274 1 0.873378 0.126622 
 ----> 1.3#6.6#4.0#14.0#VAR 275 0 0.929746 0.0702536 
 ----> 1.3#6.6#4.0#14.0#VAR 276 0 0.92241 0.0775903 
 ----> 1.3#6.6#4.0#14.0#VAR 277 0 0.9322 0.0678 
 ----> 1.3#6.6#4.0#14.0#VAR 278 0 0.944199 0.0558006 
 ----> 1.3#6.6#4.0#14.0#VAR 279 0 0.934803 0.0651971 
 ----> 1.3#6.6#4.0#14.0#VAR 280 0 0.918043 0.0819565 
 ----> 1.3#6.6#4.0#14.0#VAR 281 0 0.927085 0.072915 
 ----> 1.3#6.6#4.0#14.0#VAR 282 0 0.91807 0.0819303 
 ----> 1.3#6.6#4.0#14.0#VAR 283 0 0.92887 0.0711299 
 ----> 1.3#6.6#4.0#14.0#VAR 284 0 0.934031 0.0659686 
 ----> 1.3#6.6#4.0#14.0#VAR 285 0 0.921487 0.0785127 
 ----> 1.3#6.6#4.0#14.0#VAR 286 0 0.924031 0.0759694 
 ----> 1.3#6.6#4.0#14.0#VAR 287 0 0.928607 0.0713925 
 ----> 1.3#6.6#4.0#14.0#VAR 288 0 0.930478 0.0695221 
 ----> 1.3#6.6#4.0#14.0#VAR 289 0 0.92189 0.0781096 
 ----> 1.3#6.6#4.0#14.0#VAR 290 0 0.920273 0.0797268 
 ----> 1.3#6.6#4.0#14.0#VAR 291 0 0.94289 0.0571104 
 ----> 1.3#6.6#4.0#14.0#VAR 292 0 0.928542 0.071458 
 ----> 1.3#6.6#4.0#14.0#VAR 293 0 0.930467 0.0695328 
 ----> 1.3#6.6#4.0#14.0#VAR 294 0 0.925117 0.074883 
 ----> 1.3#6.6#4.0#14.0#VAR 295 0 0.939456 0.0605443 
 ----> 1.3#6.6#4.0#14.0#VAR 296 0 0.924395 0.0756051 
 ----> 1.3#6.6#4.0#14.0#VAR 297 0 0.922317 0.0776832 
 ----> 1.3#6.6#4.0#14.0#VAR 298 0 0.936456 0.0635441 
 ----> 1.3#6.6#4.0#14.0#VAR 299 0 0.93192 0.0680803 
 ----> 1.3#6.6#4.0#14.0#VAR 300 0 0.904616 0.0953839 
 ----> 1.3#6.6#4.0#14.0#VAR 301 0 0.922968 0.0770316 
 ----> 1.3#6.6#4.0#14.0#VAR 302 0 0.920487 0.0795135 
 ----> 1.3#6.6#4.0#14.0#VAR 303 0 0.9362 0.0637997 
 ----> 1.3#6.6#4.0#14.0#VAR 304 0 0.925587 0.0744129 
 ----> 1.3#6.6#4.0#14.0#VAR 305 0 0.941196 0.058804 
 ----> 1.3#6.6#4.0#14.0#VAR 306 0 0.920281 0.0797195 
 ----> 1.3#6.6#4.0#14.0#VAR 307 0 0.925913 0.074087 
 ----> 1.3#6.6#4.0#14.0#VAR 308 0 0.927611 0.0723887 
 ----> 1.3#6.6#4.0#14.0#VAR 309 0 0.915834 0.0841664 
 ----> 1.3#6.6#4.0#14.0#VAR 310 0 0.920473 0.079527 
 ----> 1.3#6.6#4.0#14.0#VAR 311 0 0.926713 0.0732872 
 ----> 1.3#6.6#4.0#14.0#VAR 312 0 0.931407 0.0685934 
 ----> 1.3#6.6#4.0#14.0#VAR 313 0 0.924483 0.0755175 
 ----> 1.3#6.6#4.0#14.0#VAR 314 0 0.922588 0.0774123 
 ----> 1.3#6.6#4.0#14.0#VAR 315 0 0.92669 0.0733102 
 ----> 1.3#6.6#4.0#14.0#VAR 316 0 0.921611 0.0783895 
 ----> 1.3#6.6#4.0#14.0#VAR 317 0 0.927646 0.0723538 
 ----> 1.3#6.6#4.0#14.0#VAR 318 0 0.920987 0.0790127 
 ----> 1.3#6.6#4.0#14.0#VAR 319 0 0.933623 0.066377 
 ----> 1.3#6.6#4.0#14.0#VAR 320 0 0.938439 0.0615609 
 ----> 1.3#6.6#4.0#14.0#VAR 321 0 0.933832 0.0661683 
 ----> 1.3#6.6#4.0#14.0#VAR 322 0 0.924743 0.0752574 
 ----> 1.3#6.6#4.0#14.0#VAR 323 0 0.932984 0.067016 
 ----> 1.3#6.6#4.0#14.0#VAR 324 0 0.930674 0.0693257 
 ----> 1.3#6.6#4.0#14.0#VAR 325 0 0.937141 0.0628594 
 ----> 1.3#6.6#4.0#14.0#VAR 326 0 0.92513 0.07487 
 ----> 1.3#6.6#4.0#14.0#VAR 327 0 0.908564 0.0914361 
 ----> 1.3#6.6#4.0#14.0#VAR 328 0 0.942698 0.0573019 
 ----> 1.3#6.6#4.0#14.0#VAR 329 0 0.923511 0.0764894 
 ----> 1.3#6.6#4.0#14.0#VAR 330 0 0.933593 0.0664074 
 ----> 1.3#6.6#4.0#14.0#VAR 331 0 0.923327 0.076673 
 ----> 1.3#6.6#4.0#14.0#VAR 332 0 0.917065 0.0829349 
 ----> 1.3#6.6#4.0#14.0#VAR 333 0 0.921646 0.0783541 
 ----> 1.3#6.6#4.0#14.0#VAR 334 0 0.926809 0.073191 
 ----> 1.3#6.6#4.0#14.0#VAR 335 0 0.925807 0.0741926 
 ----> 1.3#6.6#4.0#14.0#VAR 336 0 0.926124 0.0738759 
 ----> 1.3#6.6#4.0#14.0#VAR 337 0 0.930569 0.0694306 
 ----> 1.3#6.6#4.0#14.0#VAR 338 0 0.91726 0.0827397 
 ----> 1.3#6.6#4.0#14.0#VAR 339 0 0.920423 0.0795767 
 ----> 1.3#6.6#4.0#14.0#VAR 340 0 0.93249 0.06751 
 ----> 1.3#6.6#4.0#14.0#VAR 341 0 0.921859 0.0781412 
 ----> 1.3#6.6#4.0#14.0#VAR 342 0 0.916553 0.0834474 
 ----> 1.3#6.6#4.0#14.0#VAR 343 0 0.929812 0.0701884 
 ----> 1.3#6.6#4.0#14.0#VAR 344 1 0.913542 0.0864583 
 ----> 1.3#6.6#4.0#14.0#VAR 345 0 0.916573 0.0834266 
 ----> 1.3#6.6#4.0#14.0#VAR 346 1 0.906414 0.0935857 
 ----> 1.3#6.6#4.0#14.0#VAR 347 0 0.926208 0.0737921 
 ----> 1.3#6.6#4.0#14.0#VAR 348 0 0.914552 0.0854476 
 ----> 1.3#6.6#4.0#14.0#VAR 349 0 0.930918 0.0690817 
 ----> 1.3#6.6#4.0#14.0#VAR 350 0 0.936405 0.0635946 
 ----> 1.3#6.6#4.0#14.0#VAR 351 0 0.92009 0.07991 
 ----> 1.3#6.6#4.0#14.0#VAR 352 0 0.915307 0.0846931 
 ----> 1.3#6.6#4.0#14.0#VAR 353 0 0.945243 0.0547568 
 ----> 1.3#6.6#4.0#14.0#VAR 354 0 0.932137 0.0678631 
 ----> 1.3#6.6#4.0#14.0#VAR 355 0 0.91821 0.0817896 
 ----> 1.3#6.6#4.0#14.0#VAR 356 0 0.923306 0.0766941 
 ----> 1.3#6.6#4.0#14.0#VAR 357 0 0.937576 0.0624243 
 ----> 1.3#6.6#4.0#14.0#VAR 358 0 0.921336 0.0786638 
 ----> 1.3#6.6#4.0#14.0#VAR 359 0 0.923695 0.0763051 
 ----> 1.3#6.6#4.0#14.0#VAR 360 0 0.917173 0.0828273 
 ----> 1.3#6.6#4.0#14.0#VAR 361 0 0.92668 0.0733195 
 ----> 1.3#6.6#4.0#14.0#VAR 362 0 0.918929 0.0810713 
 ----> 1.3#6.6#4.0#14.0#VAR 363 0 0.931082 0.0689185 
 ----> 1.3#6.6#4.0#14.0#VAR 364 0 0.914683 0.0853167 
 ----> 1.3#6.6#4.0#14.0#VAR 365 0 0.929402 0.0705981 
 ----> 1.3#6.6#4.0#14.0#VAR 366 0 0.908784 0.0912157 
 ----> 1.3#6.6#4.0#14.0#VAR 367 1 0.91156 0.0884398 
 ----> 1.3#6.6#4.0#14.0#VAR 368 0 0.91965 0.0803497 
 ----> 1.3#6.6#4.0#14.0#VAR 369 0 0.919834 0.0801658 
 ----> 1.3#6.6#4.0#14.0#VAR 370 0 0.923532 0.0764684 
 ----> 1.3#6.6#4.0#14.0#VAR 371 0 0.939838 0.060162 
 ----> 1.3#6.6#4.0#14.0#VAR 372 0 0.916217 0.083783 
 ----> 1.3#6.6#4.0#14.0#VAR 373 0 0.925738 0.0742616 
 ----> 1.3#6.6#4.0#14.0#VAR 374 0 0.931067 0.068933 
 ----> 1.3#6.6#4.0#14.0#VAR 375 0 0.92087 0.0791303 
 ----> 1.3#6.6#4.0#14.0#VAR 376 0 0.935199 0.0648006 
 ----> 1.3#6.6#4.0#14.0#VAR 377 1 0.913296 0.0867041 
 ----> 1.3#6.6#4.0#14.0#VAR 378 1 0.91243 0.0875699 
 ----> 1.3#6.6#4.0#14.0#VAR 379 0 0.920226 0.0797737 
 ----> 1.3#6.6#4.0#14.0#VAR 380 1 0.920589 0.0794107 
 ----> 1.3#6.6#4.0#14.0#VAR 381 0 0.911769 0.0882312 
 ----> 1.3#6.6#4.0#14.0#VAR 382 0 0.923945 0.0760545 
 ----> 1.3#6.6#4.0#14.0#VAR 383 0 0.928017 0.071983 
 ----> 1.3#6.6#4.0#14.0#VAR 384 0 0.931782 0.0682184 
 ----> 1.3#6.6#4.0#14.0#VAR 385 1 0.891157 0.108843 
 ----> 1.3#6.6#4.0#14.0#VAR 386 0 0.930829 0.0691707 
 ----> 1.3#6.6#4.0#14.0#VAR 387 0 0.929549 0.0704515 
 ----> 1.3#6.6#4.0#14.0#VAR 388 0 0.928988 0.0710124 
 ----> 1.3#6.6#4.0#14.0#VAR 389 0 0.926195 0.0738046 
 ----> 1.3#6.6#4.0#14.0#VAR 390 0 0.933398 0.066602 
 ----> 1.3#6.6#4.0#14.0#VAR 391 0 0.925617 0.0743831 
 ----> 1.3#6.6#4.0#14.0#VAR 392 0 0.928282 0.0717182 
 ----> 1.3#6.6#4.0#14.0#VAR 393 0 0.922426 0.077574 
 ----> 1.3#6.6#4.0#14.0#VAR 394 0 0.932469 0.0675311 
 ----> 1.3#6.6#4.0#14.0#VAR 395 0 0.923627 0.0763735 
 ----> 1.3#6.6#4.0#14.0#VAR 396 1 0.91178 0.0882202 
 ----> 1.3#6.6#4.0#14.0#VAR 397 0 0.926109 0.0738906 
 ----> 1.3#6.6#4.0#14.0#VAR 398 0 0.942501 0.0574993 
 ----> 1.3#6.6#4.0#14.0#VAR 399 1 0.907171 0.0928287 
 ----> 1.3#6.6#4.0#14.0#VAR 400 0 0.915046 0.0849545 
 ----> 1.3#6.6#4.0#14.0#VAR 401 0 0.929533 0.0704668 
 ----> 1.3#6.6#4.0#14.0#VAR 402 1 0.909012 0.0909884 
 ----> 1.3#6.6#4.0#14.0#VAR 403 0 0.933625 0.0663753 
 ----> 1.3#6.6#4.0#14.0#VAR 404 0 0.932116 0.0678836 
 ----> 1.3#6.6#4.0#14.0#VAR 405 0 0.91228 0.0877201 
 ----> 1.3#6.6#4.0#14.0#VAR 406 0 0.921484 0.0785157 
 ----> 1.3#6.6#4.0#14.0#VAR 407 0 0.927707 0.0722932 
 ----> 1.3#6.6#4.0#14.0#VAR 408 0 0.914363 0.0856375 
 ----> 1.3#6.6#4.0#14.0#VAR 409 0 0.919334 0.0806664 
 ----> 1.3#6.6#4.0#14.0#VAR 410 0 0.917343 0.0826571 
 ----> 1.3#6.6#4.0#14.0#VAR 411 0 0.920828 0.0791715 
 ----> 1.3#6.6#4.0#14.0#VAR 412 0 0.930988 0.0690125 
 ----> 1.3#6.6#4.0#14.0#VAR 413 0 0.926024 0.0739763 
 ----> 1.3#6.6#4.0#14.0#VAR 414 0 0.926407 0.0735928 
 ----> 1.3#6.6#4.0#14.0#VAR 415 0 0.926362 0.0736385 
 ----> 1.3#6.6#4.0#14.0#VAR 416 0 0.921549 0.0784505 
 ----> 1.3#6.6#4.0#14.0#VAR 417 0 0.922015 0.0779845 
 ----> 1.3#6.6#4.0#14.0#VAR 418 0 0.940214 0.0597865 
 ----> 1.3#6.6#4.0#14.0#VAR 419 0 0.927011 0.0729886 
 ----> 1.3#6.6#4.0#14.0#VAR 420 0 0.915376 0.0846235 
 ----> 1.3#6.6#4.0#14.0#VAR 421 0 0.925829 0.0741705 
 ----> 1.3#6.6#4.0#14.0#VAR 422 0 0.923883 0.0761168 
 ----> 1.3#6.6#4.0#14.0#VAR 423 0 0.925604 0.0743962 
 ----> 1.3#6.6#4.0#14.0#VAR 424 0 0.92659 0.0734096 
 ----> 1.3#6.6#4.0#14.0#VAR 425 0 0.918886 0.0811142 
 ----> 1.3#6.6#4.0#14.0#VAR 426 0 0.928394 0.071606 
 ----> 1.3#6.6#4.0#14.0#VAR 427 1 0.907787 0.0922132 
 ----> 1.3#6.6#4.0#14.0#VAR 428 0 0.932127 0.0678726 
 ----> 1.3#6.6#4.0#14.0#VAR 429 0 0.933416 0.066584 
 ----> 1.3#6.6#4.0#14.0#VAR 430 0 0.931322 0.0686782 
 ----> 1.3#6.6#4.0#14.0#VAR 431 0 0.924978 0.0750215 
 ----> 1.3#6.6#4.0#14.0#VAR 432 0 0.925678 0.0743222 
 ----> 1.3#6.6#4.0#14.0#VAR 433 0 0.922166 0.0778344 
 ----> 1.3#6.6#4.0#14.0#VAR 434 0 0.919516 0.0804845 
 ----> 1.3#6.6#4.0#14.0#VAR 435 0 0.922077 0.0779227 
 ----> 1.3#6.6#4.0#14.0#VAR 436 0 0.92767 0.0723301 
 ----> 1.3#6.6#4.0#14.0#VAR 437 0 0.936712 0.0632883 
 ----> 1.3#6.6#4.0#14.0#VAR 438 0 0.930018 0.0699822 
 ----> 1.3#6.6#4.0#14.0#VAR 439 0 0.929438 0.0705616 
 ----> 1.3#6.6#4.0#14.0#VAR 440 0 0.928265 0.0717354 
 ----> 1.3#6.6#4.0#14.0#VAR 441 0 0.935679 0.0643214 
 ----> 1.3#6.6#4.0#14.0#VAR 442 0 0.921181 0.0788195 
 ----> 1.3#6.6#4.0#14.0#VAR 443 0 0.922287 0.0777127 
 ----> 1.3#6.6#4.0#14.0#VAR 444 0 0.920209 0.0797908 
 ----> 1.3#6.6#4.0#14.0#VAR 445 1 0.901788 0.0982117 
 ----> 1.3#6.6#4.0#14.0#VAR 446 0 0.928089 0.0719108 
 ----> 1.3#6.6#4.0#14.0#VAR 447 0 0.933264 0.0667364 
 ----> 1.3#6.6#4.0#14.0#VAR 448 0 0.90897 0.0910304 
 ----> 1.3#6.6#4.0#14.0#VAR 449 0 0.923516 0.0764841 
 ----> 1.3#6.6#4.0#14.0#VAR 450 0 0.924292 0.0757075 
 ----> 1.3#6.6#4.0#14.0#VAR 451 1 0.916547 0.0834528 
 ----> 1.3#6.6#4.0#14.0#VAR 452 0 0.924643 0.0753571 
 ----> 1.3#6.6#4.0#14.0#VAR 453 0 0.920019 0.079981 
 ----> 1.3#6.6#4.0#14.0#VAR 454 0 0.930033 0.0699668 
 ----> 1.3#6.6#4.0#14.0#VAR 455 0 0.917227 0.0827733 
 ----> 1.3#6.6#4.0#14.0#VAR 456 0 0.929525 0.0704748 
 ----> 1.3#6.6#4.0#14.0#VAR 457 0 0.920379 0.0796212 
 ----> 1.3#6.6#4.0#14.0#VAR 458 0 0.922587 0.0774135 
 ----> 1.3#6.6#4.0#14.0#VAR 459 0 0.92332 0.0766803 
 ----> 1.3#6.6#4.0#14.0#VAR 460 0 0.927395 0.0726051 
 ----> 1.3#6.6#4.0#14.0#VAR 461 1 0.886952 0.113048 
 ----> 1.3#6.6#4.0#14.0#VAR 462 0 0.900068 0.099932 
 ----> 1.3#6.6#4.0#14.0#VAR 463 0 0.935323 0.0646774 
 ----> 1.3#6.6#4.0#14.0#VAR 464 0 0.943003 0.0569972 
 ----> 1.3#6.6#4.0#14.0#VAR 465 0 0.941747 0.0582529 
 ----> 1.3#6.6#4.0#14.0#VAR 466 0 0.925476 0.0745237 
 ----> 1.3#6.6#4.0#14.0#VAR 467 0 0.929413 0.0705868 
 ----> 1.3#6.6#4.0#14.0#VAR 468 0 0.938515 0.0614849 
 ----> 1.3#6.6#4.0#14.0#VAR 469 0 0.930713 0.0692868 
 ----> 1.3#6.6#4.0#14.0#VAR 470 0 0.940257 0.0597432 
 ----> 1.3#6.6#4.0#14.0#VAR 471 0 0.920362 0.0796385 
 ----> 1.3#6.6#4.0#14.0#VAR 472 0 0.91725 0.0827498 
 ----> 1.3#6.6#4.0#14.0#VAR 473 0 0.908377 0.0916227 
 ----> 1.3#6.6#4.0#14.0#VAR 474 0 0.930475 0.0695246 
 ----> 1.3#6.6#4.0#14.0#VAR 475 0 0.92695 0.0730499 
 ----> 1.3#6.6#4.0#14.0#VAR 476 0 0.926829 0.0731713 
 ----> 1.3#6.6#4.0#14.0#VAR 477 0 0.924275 0.0757247 
 ----> 1.3#6.6#4.0#14.0#VAR 478 0 0.915766 0.0842338 
 ----> 1.3#6.6#4.0#14.0#VAR 479 0 0.933353 0.066647 
 ----> 1.3#6.6#4.0#14.0#VAR 480 0 0.933514 0.0664864 
 ----> 1.3#6.6#4.0#14.0#VAR 481 0 0.911902 0.0880982 
 ----> 1.3#6.6#4.0#14.0#VAR 482 0 0.917695 0.0823054 
 ----> 1.3#6.6#4.0#14.0#VAR 483 0 0.920164 0.0798357 
 ----> 1.3#6.6#4.0#14.0#VAR 484 0 0.926937 0.0730635 
 ----> 1.3#6.6#4.0#14.0#VAR 485 0 0.926062 0.0739382 
 ----> 1.3#6.6#4.0#14.0#VAR 486 0 0.92417 0.0758295 
 ----> 1.3#6.6#4.0#14.0#VAR 487 0 0.921718 0.0782824 
 ----> 1.3#6.6#4.0#14.0#VAR 488 0 0.927312 0.0726878 
 ----> 1.3#6.6#4.0#14.0#VAR 489 0 0.917629 0.0823705 
 ----> 1.3#6.6#4.0#14.0#VAR 490 0 0.939055 0.0609455 
 ----> 1.3#6.6#4.0#14.0#VAR 491 0 0.930985 0.0690152 
 ----> 1.3#6.6#4.0#14.0#VAR 492 0 0.928253 0.071747 
 ----> 1.3#6.6#4.0#14.0#VAR 493 0 0.920801 0.0791988 
 ----> 1.3#6.6#4.0#14.0#VAR 494 0 0.928128 0.0718715 
 ----> 1.3#6.6#4.0#14.0#VAR 495 0 0.933727 0.0662727 
 ----> 1.3#6.6#4.0#14.0#VAR 496 0 0.921831 0.0781694 
 ----> 1.3#6.6#4.0#14.0#VAR 497 0 0.928918 0.0710816 
 ----> 1.3#6.6#4.0#14.0#VAR 498 0 0.930155 0.0698452 
 ----> 1.3#6.6#4.0#14.0#VAR 499 0 0.924885 0.0751148 
 ----> 1.3#6.6#4.0#14.0#VAR 500 0 0.905338 0.0946618 
 ----> 1.3#6.6#4.0#14.0#VAR 501 0 0.936185 0.0638145 
 ----> 1.3#6.6#4.0#14.0#VAR 502 0 0.936962 0.0630382 
 ----> 1.3#6.6#4.0#14.0#VAR 503 0 0.901921 0.0980792 
 ----> 1.3#6.6#4.0#14.0#VAR 504 0 0.906927 0.093073 
 ----> 1.3#6.6#4.0#14.0#VAR 505 0 0.92218 0.0778203 
 ----> 1.3#6.6#4.0#14.0#VAR 506 0 0.928614 0.0713863 
 ----> 1.3#6.6#4.0#14.0#VAR 507 0 0.920383 0.0796171 
 ----> 1.3#6.6#4.0#14.0#VAR 508 0 0.926499 0.0735007 
 ----> 1.3#6.6#4.0#14.0#VAR 509 0 0.92842 0.0715797 
 ----> 1.3#6.6#4.0#14.0#VAR 510 0 0.924838 0.0751619 
 ----> 1.3#6.6#4.0#14.0#VAR 511 0 0.922088 0.0779116 
 ----> 1.3#6.6#4.0#14.0#VAR 512 0 0.912053 0.0879475 
 ----> 1.3#6.6#4.0#14.0#VAR 513 0 0.925449 0.0745509 
 ----> 1.3#6.6#4.0#14.0#VAR 514 0 0.92808 0.0719202 
 ----> 1.3#6.6#4.0#14.0#VAR 515 0 0.927184 0.0728162 
 ----> 1.3#6.6#4.0#14.0#VAR 516 0 0.917131 0.0828695 
 ----> 1.3#6.6#4.0#14.0#VAR 517 0 0.925799 0.0742007 
 ----> 1.3#6.6#4.0#14.0#VAR 518 0 0.943994 0.0560058 
 ----> 1.3#6.6#4.0#14.0#VAR 519 0 0.928916 0.0710843 
 ----> 1.3#6.6#4.0#14.0#VAR 520 0 0.925596 0.0744039 
 ----> 1.3#6.6#4.0#14.0#VAR 521 0 0.935649 0.0643509 
 ----> 1.3#6.6#4.0#14.0#VAR 522 0 0.926892 0.0731083 
 ----> 1.3#6.6#4.0#14.0#VAR 523 0 0.928858 0.0711416 
 ----> 1.3#6.6#4.0#14.0#VAR 524 0 0.92968 0.0703195 
 ----> 1.3#6.6#4.0#14.0#VAR 525 0 0.941495 0.0585048 
 ----> 1.3#6.6#4.0#14.0#VAR 526 0 0.924194 0.0758058 
 ----> 1.3#6.6#4.0#14.0#VAR 527 0 0.931436 0.0685637 
 ----> 1.3#6.6#4.0#14.0#VAR 528 0 0.924692 0.0753084 
 ----> 1.3#6.6#4.0#14.0#VAR 529 0 0.921642 0.0783579 
 ----> 1.3#6.6#4.0#14.0#VAR 530 0 0.924451 0.0755492 
 ----> 1.3#6.6#4.0#14.0#VAR 531 0 0.935032 0.0649684 
 ----> 1.3#6.6#4.0#14.0#VAR 532 0 0.934633 0.0653665 
 ----> 1.3#6.6#4.0#14.0#VAR 533 0 0.940693 0.0593067 
 ----> 1.3#6.6#4.0#14.0#VAR 534 0 0.915708 0.0842919 
 ----> 1.3#6.6#4.0#14.0#VAR 535 0 0.911566 0.0884337 
 ----> 1.3#6.6#4.0#14.0#VAR 536 0 0.937148 0.0628518 
 ----> 1.3#6.6#4.0#14.0#VAR 537 0 0.926122 0.0738785 
 ----> 1.3#6.6#4.0#14.0#VAR 538 0 0.899611 0.100389 
 ----> 1.3#6.6#4.0#14.0#VAR 539 0 0.931903 0.0680972 
 ----> 1.3#6.6#4.0#14.0#VAR 540 0 0.926197 0.0738028 
 ----> 1.3#6.6#4.0#14.0#VAR 541 0 0.919884 0.0801162 
 ----> 1.3#6.6#4.0#14.0#VAR 542 0 0.938073 0.061927 
 ----> 1.3#6.6#4.0#14.0#VAR 543 0 0.933207 0.0667926 
 ----> 1.3#6.6#4.0#14.0#VAR 544 0 0.923055 0.0769455 
 ----> 1.3#6.6#4.0#14.0#VAR 545 0 0.915709 0.0842906 
 ----> 1.3#6.6#4.0#14.0#VAR 546 1 0.911945 0.0880555 
 ----> 1.3#6.6#4.0#14.0#VAR 547 0 0.916287 0.0837129 
 ----> 1.3#6.6#4.0#14.0#VAR 548 0 0.917494 0.082506 
 ----> 1.3#6.6#4.0#14.0#VAR 549 0 0.923298 0.0767023 
 ----> 1.3#6.6#4.0#14.0#VAR 550 0 0.923942 0.0760578 
 ----> 1.3#6.6#4.0#14.0#VAR 551 0 0.929191 0.070809 
 ----> 1.3#6.6#4.0#14.0#VAR 552 0 0.915622 0.0843784 
 ----> 1.3#6.6#4.0#14.0#VAR 553 0 0.941314 0.0586857 
 ----> 1.3#6.6#4.0#14.0#VAR 554 0 0.935576 0.0644243 
 ----> 1.3#6.6#4.0#14.0#VAR 555 1 0.920097 0.0799031 
 ----> 1.3#6.6#4.0#14.0#VAR 556 0 0.92211 0.0778904 
 ----> 1.3#6.6#4.0#14.0#VAR 557 0 0.926558 0.0734421 
 ----> 1.3#6.6#4.0#14.0#VAR 558 0 0.92648 0.0735199 
 ----> 1.3#6.6#4.0#14.0#VAR 559 1 0.925058 0.0749417 
 ----> 1.3#6.6#4.0#14.0#VAR 560 0 0.940848 0.0591523 
 ----> 1.3#6.6#4.0#14.0#VAR 561 0 0.923641 0.0763593 
 ----> 1.3#6.6#4.0#14.0#VAR 562 0 0.933882 0.0661184 
 ----> 1.3#6.6#4.0#14.0#VAR 563 0 0.918446 0.0815544 
 ----> 1.3#6.6#4.0#14.0#VAR 564 0 0.926946 0.073054 
 ----> 1.3#6.6#4.0#14.0#VAR 565 0 0.931441 0.0685586 
 ----> 1.3#6.6#4.0#14.0#VAR 566 0 0.919255 0.0807447 
 ----> 1.3#6.6#4.0#14.0#VAR 567 0 0.921687 0.0783134 
 ----> 1.3#6.6#4.0#14.0#VAR 568 0 0.929674 0.0703262 
 ----> 1.3#6.6#4.0#14.0#VAR 569 0 0.924354 0.0756456 
 ----> 1.3#6.6#4.0#14.0#VAR 570 0 0.928169 0.0718309 
 ----> 1.3#6.6#4.0#14.0#VAR 571 0 0.929007 0.0709925 
 ----> 1.3#6.6#4.0#14.0#VAR 572 0 0.916847 0.0831526 
 ----> 1.3#6.6#4.0#14.0#VAR 573 0 0.919983 0.0800165 
 ----> 1.3#6.6#4.0#14.0#VAR 574 0 0.923749 0.076251 
 ----> 1.3#6.6#4.0#14.0#VAR 575 0 0.927345 0.072655 
 ----> 1.3#6.6#4.0#14.0#VAR 576 0 0.945201 0.0547985 
 ----> 1.3#6.6#4.0#14.0#VAR 577 0 0.92243 0.0775696 
 ----> 1.3#6.6#4.0#14.0#VAR 578 1 0.912163 0.0878366 
 ----> 1.3#6.6#4.0#14.0#VAR 579 0 0.933655 0.0663449 
 ----> 1.3#6.6#4.0#14.0#VAR 580 0 0.930192 0.0698084 
 ----> 1.3#6.6#4.0#14.0#VAR 581 0 0.916437 0.0835635 
 ----> 1.3#6.6#4.0#14.0#VAR 582 0 0.941981 0.0580188 
 ----> 1.3#6.6#4.0#14.0#VAR 583 0 0.933736 0.0662642 
 ----> 1.3#6.6#4.0#14.0#VAR 584 0 0.929253 0.0707474 
 ----> 1.3#6.6#4.0#14.0#VAR 585 0 0.921204 0.0787964 
 ----> 1.3#6.6#4.0#14.0#VAR 586 0 0.934009 0.065991 
 ----> 1.3#6.6#4.0#14.0#VAR 587 0 0.916898 0.0831019 
 ----> 1.3#6.6#4.0#14.0#VAR 588 0 0.928424 0.0715763 
 ----> 1.3#6.6#4.0#14.0#VAR 589 0 0.914893 0.0851068 
 ----> 1.3#6.6#4.0#14.0#VAR 590 0 0.921582 0.0784185 
 ----> 1.3#6.6#4.0#14.0#VAR 591 0 0.934695 0.0653045 
 ----> 1.3#6.6#4.0#14.0#VAR 592 0 0.926069 0.0739311 
 ----> 1.3#6.6#4.0#14.0#VAR 593 0 0.914062 0.0859381 
 ----> 1.3#6.6#4.0#14.0#VAR 594 0 0.924541 0.0754591 
 ----> 1.3#6.6#4.0#14.0#VAR 595 0 0.919032 0.080968 
 ----> 1.3#6.6#4.0#14.0#VAR 596 0 0.919852 0.0801477 
 ----> 1.3#6.6#4.0#14.0#VAR 597 0 0.927878 0.0721217 
 ----> 1.3#6.6#4.0#14.0#VAR 598 0 0.928197 0.0718033 
 ----> 1.3#6.6#4.0#14.0#VAR 599 0 0.902478 0.0975224 
 ----> 1.3#6.6#4.0#14.0#VAR 600 0 0.931698 0.068302 
 ----> 1.3#6.6#4.0#14.0#VAR 601 0 0.918472 0.0815282 
 ----> 1.3#6.6#4.0#14.0#VAR 602 0 0.919937 0.0800629 
 ----> 1.3#6.6#4.0#14.0#VAR 603 1 0.906957 0.0930429 
 ----> 1.3#6.6#4.0#14.0#VAR 604 0 0.90791 0.0920897 
 ----> 1.3#6.6#4.0#14.0#VAR 605 0 0.922443 0.0775567 
 ----> 1.3#6.6#4.0#14.0#VAR 606 0 0.931546 0.0684536 
 ----> 1.3#6.6#4.0#14.0#VAR 607 0 0.935927 0.0640733 
 ----> 1.3#6.6#4.0#14.0#VAR 608 0 0.926912 0.0730882 
 ----> 1.3#6.6#4.0#14.0#VAR 609 0 0.92409 0.0759103 
 ----> 1.3#6.6#4.0#14.0#VAR 610 0 0.906421 0.093579 
 ----> 1.3#6.6#4.0#14.0#VAR 611 0 0.907567 0.0924327 
 ----> 1.3#6.6#4.0#14.0#VAR 612 0 0.92329 0.0767098 
 ----> 1.3#6.6#4.0#14.0#VAR 613 0 0.928103 0.0718971 
 ----> 1.3#6.6#4.0#14.0#VAR 614 0 0.929341 0.0706592 
 ----> 1.3#6.6#4.0#14.0#VAR 615 0 0.926207 0.073793 
 ----> 1.3#6.6#4.0#14.0#VAR 616 0 0.933874 0.0661261 
 ----> 1.3#6.6#4.0#14.0#VAR 617 0 0.915022 0.0849779 
 ----> 1.3#6.6#4.0#14.0#VAR 618 0 0.923172 0.076828 
 ----> 1.3#6.6#4.0#14.0#VAR 619 0 0.922887 0.0771127 
 ----> 1.3#6.6#4.0#14.0#VAR 620 0 0.929053 0.0709473 
 ----> 1.3#6.6#4.0#14.0#VAR 621 0 0.932421 0.0675789 
 ----> 1.3#6.6#4.0#14.0#VAR 622 0 0.924096 0.0759042 
 ----> 1.3#6.6#4.0#14.0#VAR 623 0 0.922893 0.0771075 
 ----> 1.3#6.6#4.0#14.0#VAR 624 0 0.931955 0.0680446 
 ----> 1.3#6.6#4.0#14.0#VAR 625 0 0.920797 0.079203 
 ----> 1.3#6.6#4.0#14.0#VAR 626 0 0.920003 0.0799968 
 ----> 1.3#6.6#4.0#14.0#VAR 627 0 0.919432 0.0805684 
 ----> 1.3#6.6#4.0#14.0#VAR 628 0 0.928751 0.0712494 
 ----> 1.3#6.6#4.0#14.0#VAR 629 0 0.920926 0.0790743 
 ----> 1.3#6.6#4.0#14.0#VAR 630 0 0.920776 0.0792236 
 ----> 1.3#6.6#4.0#14.0#VAR 631 0 0.931155 0.068845 
 ----> 1.3#6.6#4.0#14.0#VAR 632 0 0.935513 0.0644868 
 ----> 1.3#6.6#4.0#14.0#VAR 633 0 0.924255 0.0757446 
 ----> 1.3#6.6#4.0#14.0#VAR 634 0 0.920796 0.0792041 
 ----> 1.3#6.6#4.0#14.0#VAR 635 0 0.920205 0.0797947 
 ----> 1.3#6.6#4.0#14.0#VAR 636 0 0.917743 0.0822571 
 ----> 1.3#6.6#4.0#14.0#VAR 637 0 0.929251 0.0707491 
 ----> 1.3#6.6#4.0#14.0#VAR 638 0 0.936481 0.0635192 
 ----> 1.3#6.6#4.0#14.0#VAR 639 0 0.937226 0.0627739 
 ----> 1.3#6.6#4.0#14.0#VAR 640 0 0.937318 0.0626819 
 ----> 1.3#6.6#4.0#14.0#VAR 641 0 0.915318 0.0846818 
 ----> 1.3#6.6#4.0#14.0#VAR 642 0 0.927702 0.0722984 
 ----> 1.3#6.6#4.0#14.0#VAR 643 0 0.922224 0.0777761 
 ----> 1.3#6.6#4.0#14.0#VAR 644 0 0.929772 0.070228 
 ----> 1.3#6.6#4.0#14.0#VAR 645 0 0.924832 0.0751678 
 ----> 1.3#6.6#4.0#14.0#VAR 646 0 0.921319 0.0786807 
 ----> 1.3#6.6#4.0#14.0#VAR 647 0 0.93437 0.0656296 
 ----> 1.3#6.6#4.0#14.0#VAR 648 0 0.924343 0.0756566 
 ----> 1.3#6.6#4.0#14.0#VAR 649 0 0.924995 0.0750046 
 ----> 1.3#6.6#4.0#14.0#VAR 650 1 0.912905 0.0870954 
 ----> 1.3#6.6#4.0#14.0#VAR 651 0 0.927988 0.0720117 
 ----> 1.3#6.6#4.0#14.0#VAR 652 0 0.9265 0.0734997 
 ----> 1.3#6.6#4.0#14.0#VAR 653 1 0.904674 0.0953265 
 ----> 1.3#6.6#4.0#14.0#VAR 654 0 0.924129 0.0758708 
 ----> 1.3#6.6#4.0#14.0#VAR 655 0 0.928945 0.0710549 
 ----> 1.3#6.6#4.0#14.0#VAR 656 0 0.923718 0.0762819 
 ----> 1.3#6.6#4.0#14.0#VAR 657 0 0.926996 0.0730039 
 ----> 1.3#6.6#4.0#14.0#VAR 658 0 0.92223 0.0777698 
 ----> 1.3#6.6#4.0#14.0#VAR 659 0 0.92437 0.0756302 
 ----> 1.3#6.6#4.0#14.0#VAR 660 0 0.912772 0.0872277 
 ----> 1.3#6.6#4.0#14.0#VAR 661 1 0.919969 0.0800305 
 ----> 1.3#6.6#4.0#14.0#VAR 662 0 0.929689 0.0703108 
 ----> 1.3#6.6#4.0#14.0#VAR 663 0 0.92134 0.0786597 
 ----> 1.3#6.6#4.0#14.0#VAR 664 0 0.924953 0.0750469 
 ----> 1.3#6.6#4.0#14.0#VAR 665 0 0.916875 0.083125 
 ----> 1.3#6.6#4.0#14.0#VAR 666 0 0.925619 0.0743812 
 ----> 1.3#6.6#4.0#14.0#VAR 667 0 0.935491 0.0645087 
 ----> 1.3#6.6#4.0#14.0#VAR 668 0 0.929759 0.0702413 
 ----> 1.3#6.6#4.0#14.0#VAR 669 0 0.910219 0.0897808 
 ----> 1.3#6.6#4.0#14.0#VAR 670 0 0.92203 0.0779703 
 ----> 1.3#6.6#4.0#14.0#VAR 671 1 0.913833 0.0861665 
 ----> 1.3#6.6#4.0#14.0#VAR 672 0 0.928731 0.0712695 
 ----> 1.3#6.6#4.0#14.0#VAR 673 0 0.929764 0.0702362 
 ----> 1.3#6.6#4.0#14.0#VAR 674 0 0.925896 0.0741036 
 ----> 1.3#6.6#4.0#14.0#VAR 675 0 0.94133 0.0586705 
 ----> 1.3#6.6#4.0#14.0#VAR 676 0 0.935781 0.0642185 
 ----> 1.3#6.6#4.0#14.0#VAR 677 0 0.928048 0.0719524 
 ----> 1.3#6.6#4.0#14.0#VAR 678 0 0.928318 0.0716817 
 ----> 1.3#6.6#4.0#14.0#VAR 679 0 0.927253 0.0727473 
 ----> 1.3#6.6#4.0#14.0#VAR 680 0 0.926337 0.073663 
 ----> 1.3#6.6#4.0#14.0#VAR 681 0 0.925431 0.0745693 
 ----> 1.3#6.6#4.0#14.0#VAR 682 0 0.931847 0.0681535 
 ----> 1.3#6.6#4.0#14.0#VAR 683 1 0.923564 0.0764364 
 ----> 1.3#6.6#4.0#14.0#VAR 684 0 0.925205 0.0747946 
 ----> 1.3#6.6#4.0#14.0#VAR 685 0 0.929082 0.0709179 
 ----> 1.3#6.6#4.0#14.0#VAR 686 0 0.925965 0.0740352 
 ----> 1.3#6.6#4.0#14.0#VAR 687 0 0.924911 0.0750887 
 ----> 1.3#6.6#4.0#14.0#VAR 688 0 0.918288 0.081712 
 ----> 1.3#6.6#4.0#14.0#VAR 689 0 0.920927 0.0790726 
 ----> 1.3#6.6#4.0#14.0#VAR 690 0 0.931794 0.0682056 
 ----> 1.3#6.6#4.0#14.0#VAR 691 0 0.91875 0.0812502 
 ----> 1.3#6.6#4.0#14.0#VAR 692 0 0.920592 0.0794075 
 ----> 1.3#6.6#4.0#14.0#VAR 693 0 0.932132 0.0678678 
 ----> 1.3#6.6#4.0#14.0#VAR 694 0 0.934084 0.0659159 
 ----> 1.3#6.6#4.0#14.0#VAR 695 0 0.929275 0.0707248 
 ----> 1.3#6.6#4.0#14.0#VAR 696 0 0.923816 0.0761841 
 ----> 1.3#6.6#4.0#14.0#VAR 697 0 0.930627 0.0693734 
 ----> 1.3#6.6#4.0#14.0#VAR 698 0 0.932851 0.0671489 
 ----> 1.3#6.6#4.0#14.0#VAR 699 0 0.926203 0.0737974 
 ----> 1.3#6.6#4.0#14.0#VAR 700 0 0.908604 0.0913959 
 ----> 1.3#6.6#4.0#14.0#VAR 701 1 0.91958 0.0804197 
 ----> 1.3#6.6#4.0#14.0#VAR 702 0 0.925192 0.0748082 
 ----> 1.3#6.6#4.0#14.0#VAR 703 0 0.916368 0.0836323 
 ----> 1.3#6.6#4.0#14.0#VAR 704 0 0.925641 0.0743587 
 ----> 1.3#6.6#4.0#14.0#VAR 705 0 0.915096 0.0849038 
 ----> 1.3#6.6#4.0#14.0#VAR 706 0 0.937061 0.0629388 
 ----> 1.3#6.6#4.0#14.0#VAR 707 0 0.910413 0.0895868 
 ----> 1.3#6.6#4.0#14.0#VAR 708 0 0.917587 0.0824128 
 ----> 1.3#6.6#4.0#14.0#VAR 709 0 0.936676 0.0633239 
 ----> 1.3#6.6#4.0#14.0#VAR 710 0 0.923125 0.0768749 
 ----> 1.3#6.6#4.0#14.0#VAR 711 0 0.913463 0.0865375 
 ----> 1.3#6.6#4.0#14.0#VAR 712 0 0.925701 0.0742987 
 ----> 1.3#6.6#4.0#14.0#VAR 713 0 0.919497 0.0805026 
 ----> 1.3#6.6#4.0#14.0#VAR 714 0 0.946912 0.0530882 
 ----> 1.3#6.6#4.0#14.0#VAR 715 0 0.937958 0.0620416 
 ----> 1.3#6.6#4.0#14.0#VAR 716 0 0.920376 0.079624 
 ----> 1.3#6.6#4.0#14.0#VAR 717 1 0.905446 0.0945539 
 ----> 1.3#6.6#4.0#14.0#VAR 718 0 0.916145 0.0838553 
 ----> 1.3#6.6#4.0#14.0#VAR 719 0 0.915584 0.084416 
 ----> 1.3#6.6#4.0#14.0#VAR 720 0 0.936901 0.0630986 
 ----> 1.3#6.6#4.0#14.0#VAR 721 0 0.901459 0.0985414 
 ----> 1.3#6.6#4.0#14.0#VAR 722 0 0.916396 0.0836042 
 ----> 1.3#6.6#4.0#14.0#VAR 723 0 0.911478 0.0885215 
 ----> 1.3#6.6#4.0#14.0#VAR 724 0 0.908584 0.0914158 
 ----> 1.3#6.6#4.0#14.0#VAR 725 0 0.91409 0.0859095 
 ----> 1.3#6.6#4.0#14.0#VAR 726 0 0.932896 0.0671043 
 ----> 1.3#6.6#4.0#14.0#VAR 727 0 0.925797 0.074203 
 ----> 1.3#6.6#4.0#14.0#VAR 728 0 0.93544 0.0645601 
 ----> 1.3#6.6#4.0#14.0#VAR 729 0 0.916884 0.0831158 
 ----> 1.3#6.6#4.0#14.0#VAR 730 0 0.923325 0.0766755 
 ----> 1.3#6.6#4.0#14.0#VAR 731 0 0.91572 0.0842799 
 ----> 1.3#6.6#4.0#14.0#VAR 732 0 0.912821 0.0871794 
 ----> 1.3#6.6#4.0#14.0#VAR 733 1 0.91971 0.0802903 
 ----> 1.3#6.6#4.0#14.0#VAR 734 0 0.922288 0.0777117 
 ----> 1.3#6.6#4.0#14.0#VAR 735 0 0.931909 0.0680915 
 ----> 1.3#6.6#4.0#14.0#VAR 736 1 0.911027 0.0889727 
 ----> 1.3#6.6#4.0#14.0#VAR 737 0 0.929834 0.0701659 
 ----> 1.3#6.6#4.0#14.0#VAR 738 0 0.927069 0.0729307 
 ----> 1.3#6.6#4.0#14.0#VAR 739 0 0.913249 0.0867514 
 ----> 1.3#6.6#4.0#14.0#VAR 740 0 0.917215 0.0827848 
 ----> 1.3#6.6#4.0#14.0#VAR 741 0 0.938424 0.061576 
 ----> 1.3#6.6#4.0#14.0#VAR 742 0 0.93131 0.0686904 
 ----> 1.3#6.6#4.0#14.0#VAR 743 0 0.935497 0.0645034 
 ----> 1.3#6.6#4.0#14.0#VAR 744 0 0.927223 0.0727766 
 ----> 1.3#6.6#4.0#14.0#VAR 745 0 0.917089 0.082911 
 ----> 1.3#6.6#4.0#14.0#VAR 746 0 0.92511 0.0748905 
 ----> 1.3#6.6#4.0#14.0#VAR 747 0 0.922026 0.0779735 
 ----> 1.3#6.6#4.0#14.0#VAR 748 0 0.919313 0.0806871 
 ----> 1.3#6.6#4.0#14.0#VAR 749 0 0.93125 0.0687505 
 ----> 1.3#6.6#4.0#14.0#VAR 750 0 0.935546 0.0644542 
 ----> 1.3#6.6#4.0#14.0#VAR 751 0 0.919736 0.0802641 
 ----> 1.3#6.6#4.0#14.0#VAR 752 0 0.93843 0.06157 
 ----> 1.3#6.6#4.0#14.0#VAR 753 0 0.92961 0.0703901 
 ----> 1.3#6.6#4.0#14.0#VAR 754 0 0.926555 0.0734453 
 ----> 1.3#6.6#4.0#14.0#VAR 755 0 0.925549 0.0744507 
 ----> 1.3#6.6#4.0#14.0#VAR 756 0 0.927931 0.0720691 
 ----> 1.3#6.6#4.0#14.0#VAR 757 0 0.916655 0.0833446 
 ----> 1.3#6.6#4.0#14.0#VAR 758 0 0.927155 0.0728452 
 ----> 1.3#6.6#4.0#14.0#VAR 759 0 0.938949 0.0610513 
 ----> 1.3#6.6#4.0#14.0#VAR 760 0 0.927616 0.072384 
 ----> 1.3#6.6#4.0#14.0#VAR 761 0 0.917035 0.0829651 
 ----> 1.3#6.6#4.0#14.0#VAR 762 0 0.926046 0.0739535 
 ----> 1.3#6.6#4.0#14.0#VAR 763 0 0.931492 0.0685075 
 ----> 1.3#6.6#4.0#14.0#VAR 764 0 0.915168 0.0848318 
 ----> 1.3#6.6#4.0#14.0#VAR 765 0 0.939909 0.0600914 
 ----> 1.3#6.6#4.0#14.0#VAR 766 0 0.922751 0.0772492 
 ----> 1.3#6.6#4.0#14.0#VAR 767 0 0.941177 0.0588231 
 ----> 1.3#6.6#4.0#14.0#VAR 768 0 0.928564 0.0714363 
 ----> 1.3#6.6#4.0#14.0#VAR 769 0 0.927357 0.0726435 
 ----> 1.3#6.6#4.0#14.0#VAR 770 0 0.92382 0.0761804 
 ----> 1.3#6.6#4.0#14.0#VAR 771 1 0.894905 0.105095 
 ----> 1.3#6.6#4.0#14.0#VAR 772 0 0.942066 0.0579336 
 ----> 1.3#6.6#4.0#14.0#VAR 773 0 0.926944 0.073056 
 ----> 1.3#6.6#4.0#14.0#VAR 774 0 0.920946 0.0790538 
 ----> 1.3#6.6#4.0#14.0#VAR 775 0 0.939881 0.0601189 
 ----> 1.3#6.6#4.0#14.0#VAR 776 0 0.932379 0.0676215 
 ----> 1.3#6.6#4.0#14.0#VAR 777 1 0.917938 0.0820619 
 ----> 1.3#6.6#4.0#14.0#VAR 778 0 0.92734 0.07266 
 ----> 1.3#6.6#4.0#14.0#VAR 779 0 0.920837 0.079163 
 ----> 1.3#6.6#4.0#14.0#VAR 780 0 0.908923 0.0910774 
 ----> 1.3#6.6#4.0#14.0#VAR 781 0 0.932739 0.0672605 
 ----> 1.3#6.6#4.0#14.0#VAR 782 0 0.935631 0.0643685 
 ----> 1.3#6.6#4.0#14.0#VAR 783 0 0.925275 0.0747246 
 ----> 1.3#6.6#4.0#14.0#VAR 784 0 0.924817 0.0751826 
 ----> 1.3#6.6#4.0#14.0#VAR 785 0 0.92298 0.0770196 
 ----> 1.3#6.6#4.0#14.0#VAR 786 0 0.92121 0.0787904 
 ----> 1.3#6.6#4.0#14.0#VAR 787 0 0.928791 0.0712087 
 ----> 1.3#6.6#4.0#14.0#VAR 788 0 0.92591 0.0740898 
 ----> 1.3#6.6#4.0#14.0#VAR 789 0 0.916668 0.083332 
 ----> 1.3#6.6#4.0#14.0#VAR 790 0 0.918221 0.0817787 
 ----> 1.3#6.6#4.0#14.0#VAR 791 1 0.916086 0.0839135 
 ----> 1.3#6.6#4.0#14.0#VAR 792 0 0.910432 0.0895675 
 ----> 1.3#6.6#4.0#14.0#VAR 793 0 0.928198 0.0718019 
 ----> 1.3#6.6#4.0#14.0#VAR 794 0 0.913491 0.0865089 
 ----> 1.3#6.6#4.0#14.0#VAR 795 0 0.924624 0.0753756 
 ----> 1.3#6.6#4.0#14.0#VAR 796 0 0.919946 0.0800536 
 ----> 1.3#6.6#4.0#14.0#VAR 797 0 0.910614 0.0893859 
 ----> 1.3#6.6#4.0#14.0#VAR 798 1 0.917398 0.0826024 
 ----> 1.3#6.6#4.0#14.0#VAR 799 0 0.91662 0.0833797 
 ----> 1.3#6.6#4.0#14.0#VAR 800 0 0.911054 0.0889457 
 ----> 1.3#6.6#4.0#14.0#VAR 801 1 0.88513 0.11487 
 ----> 1.3#6.6#4.0#14.0#VAR 802 0 0.914411 0.0855886 
 ----> 1.3#6.6#4.0#14.0#VAR 803 1 0.907342 0.0926584 
 ----> 1.3#6.6#4.0#14.0#VAR 804 0 0.924023 0.0759771 
 ----> 1.3#6.6#4.0#14.0#VAR 805 0 0.921818 0.078182 
 ----> 1.3#6.6#4.0#14.0#VAR 806 1 0.895642 0.104358 
 ----> 1.3#6.6#4.0#14.0#VAR 807 0 0.90538 0.0946197 
 ----> 1.3#6.6#4.0#14.0#VAR 808 0 0.923097 0.0769029 
 ----> 1.3#6.6#4.0#14.0#VAR 809 0 0.907466 0.0925344 
 ----> 1.3#6.6#4.0#14.0#VAR 810 0 0.914519 0.0854806 
 ----> 1.3#6.6#4.0#14.0#VAR 811 1 0.924197 0.0758026 
 ----> 1.3#6.6#4.0#14.0#VAR 812 0 0.944498 0.0555016 
 ----> 1.3#6.6#4.0#14.0#VAR 813 0 0.926177 0.0738234 
 ----> 1.3#6.6#4.0#14.0#VAR 814 0 0.930198 0.0698016 
 ----> 1.3#6.6#4.0#14.0#VAR 815 0 0.918969 0.0810314 
 ----> 1.3#6.6#4.0#14.0#VAR 816 0 0.913769 0.0862308 
 ----> 1.3#6.6#4.0#14.0#VAR 817 1 0.911629 0.0883707 
 ----> 1.3#6.6#4.0#14.0#VAR 818 0 0.927305 0.0726954 
 ----> 1.3#6.6#4.0#14.0#VAR 819 0 0.929848 0.0701518 
 ----> 1.3#6.6#4.0#14.0#VAR 820 0 0.926347 0.0736535 
 ----> 1.3#6.6#4.0#14.0#VAR 821 0 0.91856 0.0814403 
 ----> 1.3#6.6#4.0#14.0#VAR 822 0 0.917993 0.0820068 
 ----> 1.3#6.6#4.0#14.0#VAR 823 1 0.892137 0.107863 
 ----> 1.3#6.6#4.0#14.0#VAR 824 0 0.918884 0.0811165 
 ----> 1.3#6.6#4.0#14.0#VAR 825 0 0.945078 0.0549218 
 ----> 1.3#6.6#4.0#14.0#VAR 826 0 0.928271 0.0717295 
 ----> 1.3#6.6#4.0#14.0#VAR 827 0 0.90583 0.0941699 
 ----> 1.3#6.6#4.0#14.0#VAR 828 0 0.92015 0.0798503 
 ----> 1.3#6.6#4.0#14.0#VAR 829 0 0.916874 0.0831257 
 ----> 1.3#6.6#4.0#14.0#VAR 830 0 0.923892 0.0761078 
 ----> 1.3#6.6#4.0#14.0#VAR 831 0 0.929489 0.0705109 
 ----> 1.3#6.6#4.0#14.0#VAR 832 0 0.9048 0.0951998 
 ----> 1.3#6.6#4.0#14.0#VAR 833 0 0.911492 0.0885077 
 ----> 1.3#6.6#4.0#14.0#VAR 834 0 0.929461 0.0705386 
 ----> 1.3#6.6#4.0#14.0#VAR 835 1 0.879559 0.120441 
 ----> 1.3#6.6#4.0#14.0#VAR 836 1 0.904514 0.0954863 
 ----> 1.3#6.6#4.0#14.0#VAR 837 1 0.908173 0.0918272 
 ----> 1.3#6.6#4.0#14.0#VAR 838 1 0.917477 0.0825235 
 ----> 1.3#6.6#4.0#14.0#VAR 839 0 0.937714 0.0622856 
 ----> 1.3#6.6#4.0#14.0#VAR 840 0 0.931543 0.0684571 
 ----> 1.3#6.6#4.0#14.0#VAR 841 0 0.938358 0.0616424 
 ----> 1.3#6.6#4.0#14.0#VAR 842 0 0.936526 0.0634744 
 ----> 1.3#6.6#4.0#14.0#VAR 843 0 0.937594 0.0624065 
 ----> 1.3#6.6#4.0#14.0#VAR 844 0 0.920299 0.079701 
 ----> 1.3#6.6#4.0#14.0#VAR 845 0 0.907074 0.0929258 
 ----> 1.3#6.6#4.0#14.0#VAR 846 0 0.925592 0.0744085 
 ----> 1.3#6.6#4.0#14.0#VAR 847 0 0.922989 0.0770105 
 ----> 1.3#6.6#4.0#14.0#VAR 848 0 0.919951 0.0800489 
 ----> 1.3#6.6#4.0#14.0#VAR 849 0 0.927036 0.0729639 
 ----> 1.3#6.6#4.0#14.0#VAR 850 0 0.92223 0.0777704 
 ----> 1.3#6.6#4.0#14.0#VAR 851 0 0.926784 0.0732157 
 ----> 1.3#6.6#4.0#14.0#VAR 852 0 0.934761 0.0652393 
 ----> 1.3#6.6#4.0#14.0#VAR 853 0 0.927372 0.072628 
 ----> 1.3#6.6#4.0#14.0#VAR 854 0 0.931606 0.0683943 
 ----> 1.3#6.6#4.0#14.0#VAR 855 0 0.925931 0.0740687 
 ----> 1.3#6.6#4.0#14.0#VAR 856 0 0.919064 0.0809356 
 ----> 1.3#6.6#4.0#14.0#VAR 857 0 0.912971 0.0870294 
 ----> 1.3#6.6#4.0#14.0#VAR 858 1 0.893071 0.106929 
 ----> 1.3#6.6#4.0#14.0#VAR 859 0 0.933829 0.0661714 
 ----> 1.3#6.6#4.0#14.0#VAR 860 0 0.916083 0.0839165 
 ----> 1.3#6.6#4.0#14.0#VAR 861 0 0.915805 0.0841946 
 ----> 1.3#6.6#4.0#14.0#VAR 862 0 0.926008 0.0739925 
 ----> 1.3#6.6#4.0#14.0#VAR 863 0 0.921752 0.0782478 
 ----> 1.3#6.6#4.0#14.0#VAR 864 0 0.915649 0.084351 
 ----> 1.3#6.6#4.0#14.0#VAR 865 0 0.928464 0.0715361 
 ----> 1.3#6.6#4.0#14.0#VAR 866 0 0.91547 0.0845301 
 ----> 1.3#6.6#4.0#14.0#VAR 867 0 0.924407 0.0755927 
 ----> 1.3#6.6#4.0#14.0#VAR 868 0 0.927567 0.0724325 
 ----> 1.3#6.6#4.0#14.0#VAR 869 1 0.920725 0.0792746 
 ----> 1.3#6.6#4.0#14.0#VAR 870 0 0.929696 0.0703036 
 ----> 1.3#6.6#4.0#14.0#VAR 871 0 0.931162 0.0688382 
 ----> 1.3#6.6#4.0#14.0#VAR 872 0 0.933391 0.0666085 
 ----> 1.3#6.6#4.0#14.0#VAR 873 0 0.91631 0.0836901 
 ----> 1.3#6.6#4.0#14.0#VAR 874 0 0.926955 0.0730449 
 ----> 1.3#6.6#4.0#14.0#VAR 875 0 0.923087 0.0769128 
 ----> 1.3#6.6#4.0#14.0#VAR 876 0 0.925309 0.0746913 
 ----> 1.3#6.6#4.0#14.0#VAR 877 0 0.913172 0.0868276 
 ----> 1.3#6.6#4.0#14.0#VAR 878 0 0.921038 0.0789622 
 ----> 1.3#6.6#4.0#14.0#VAR 879 0 0.915943 0.0840571 
 ----> 1.3#6.6#4.0#14.0#VAR 880 0 0.931134 0.0688655 
 ----> 1.3#6.6#4.0#14.0#VAR 881 0 0.926482 0.0735177 
 ----> 1.3#6.6#4.0#14.0#VAR 882 0 0.918699 0.0813008 
 ----> 1.3#6.6#4.0#14.0#VAR 883 0 0.931219 0.0687814 
 ----> 1.3#6.6#4.0#14.0#VAR 884 0 0.929728 0.0702716 
 ----> 1.3#6.6#4.0#14.0#VAR 885 0 0.924256 0.0757443 
 ----> 1.3#6.6#4.0#14.0#VAR 886 1 0.892521 0.107479 
 ----> 1.3#6.6#4.0#14.0#VAR 887 0 0.908716 0.0912842 
 ----> 1.3#6.6#4.0#14.0#VAR 888 0 0.914358 0.0856421 
 ----> 1.3#6.6#4.0#14.0#VAR 889 0 0.929346 0.0706537 
 ----> 1.3#6.6#4.0#14.0#VAR 890 0 0.925013 0.0749872 
 ----> 1.3#6.6#4.0#14.0#VAR 891 0 0.928379 0.0716207 
 ----> 1.3#6.6#4.0#14.0#VAR 892 0 0.913312 0.0866881 
 ----> 1.3#6.6#4.0#14.0#VAR 893 0 0.913417 0.0865827 
 ----> 1.3#6.6#4.0#14.0#VAR 894 0 0.915764 0.084236 
 ----> 1.3#6.6#4.0#14.0#VAR 895 0 0.913545 0.0864546 
 ----> 1.3#6.6#4.0#14.0#VAR 896 1 0.917227 0.0827726 
 ----> 1.3#6.6#4.0#14.0#VAR 897 1 0.907279 0.0927207 
 ----> 1.3#6.6#4.0#14.0#VAR 898 0 0.918238 0.0817615 
 ----> 1.3#6.6#4.0#14.0#VAR 899 0 0.926766 0.0732338 
 ----> 1.3#6.6#4.0#14.0#VAR 900 0 0.929508 0.0704921 
 ----> 1.3#6.6#4.0#14.0#VAR 901 0 0.912687 0.0873129 
 ----> 1.3#6.6#4.0#14.0#VAR 902 0 0.9344 0.0656003 
 ----> 1.3#6.6#4.0#14.0#VAR 903 0 0.926301 0.0736991 
 ----> 1.3#6.6#4.0#14.0#VAR 904 1 0.91283 0.0871698 
 ----> 1.3#6.6#4.0#14.0#VAR 905 0 0.933104 0.0668957 
 ----> 1.3#6.6#4.0#14.0#VAR 906 0 0.920164 0.0798363 
 ----> 1.3#6.6#4.0#14.0#VAR 907 0 0.91002 0.0899802 
 ----> 1.3#6.6#4.0#14.0#VAR 908 0 0.914124 0.0858762 
 ----> 1.3#6.6#4.0#14.0#VAR 909 0 0.918473 0.0815273 
 ----> 1.3#6.6#4.0#14.0#VAR 910 0 0.91975 0.0802501 
 ----> 1.3#6.6#4.0#14.0#VAR 911 0 0.930419 0.0695806 
 ----> 1.3#6.6#4.0#14.0#VAR 912 0 0.931626 0.0683737 
 ----> 1.3#6.6#4.0#14.0#VAR 913 0 0.932187 0.067813 
 ----> 1.3#6.6#4.0#14.0#VAR 914 0 0.92594 0.0740597 
 ----> 1.3#6.6#4.0#14.0#VAR 915 0 0.924581 0.0754193 
 ----> 1.3#6.6#4.0#14.0#VAR 916 0 0.908373 0.091627 
 ----> 1.3#6.6#4.0#14.0#VAR 917 0 0.925619 0.074381 
 ----> 1.3#6.6#4.0#14.0#VAR 918 0 0.916216 0.083784 
 ----> 1.3#6.6#4.0#14.0#VAR 919 0 0.914194 0.0858058 
 ----> 1.3#6.6#4.0#14.0#VAR 920 0 0.898349 0.101651 
 ----> 1.3#6.6#4.0#14.0#VAR 921 1 0.90912 0.0908803 
 ----> 1.3#6.6#4.0#14.0#VAR 922 0 0.916807 0.0831931 
 ----> 1.3#6.6#4.0#14.0#VAR 923 0 0.909444 0.0905563 
 ----> 1.3#6.6#4.0#14.0#VAR 924 0 0.92138 0.0786204 
 ----> 1.3#6.6#4.0#14.0#VAR 925 0 0.929347 0.0706528 
 ----> 1.3#6.6#4.0#14.0#VAR 926 0 0.934997 0.0650026 
 ----> 1.3#6.6#4.0#14.0#VAR 927 0 0.923518 0.0764817 
 ----> 1.3#6.6#4.0#14.0#VAR 928 0 0.919511 0.0804893 
 ----> 1.3#6.6#4.0#14.0#VAR 929 0 0.913144 0.0868563 
 ----> 1.3#6.6#4.0#14.0#VAR 930 1 0.901019 0.0989812 
 ----> 1.3#6.6#4.0#14.0#VAR 931 0 0.929498 0.0705018 
 ----> 1.3#6.6#4.0#14.0#VAR 932 0 0.926893 0.0731069 
 ----> 1.3#6.6#4.0#14.0#VAR 933 0 0.905783 0.0942172 
 ----> 1.3#6.6#4.0#14.0#VAR 934 0 0.920519 0.0794811 
 ----> 1.3#6.6#4.0#14.0#VAR 935 0 0.923925 0.0760754 
 ----> 1.3#6.6#4.0#14.0#VAR 936 1 0.92073 0.0792704 
 ----> 1.3#6.6#4.0#14.0#VAR 937 0 0.932478 0.067522 
 ----> 1.3#6.6#4.0#14.0#VAR 938 0 0.911333 0.0886665 
 ----> 1.3#6.6#4.0#14.0#VAR 939 0 0.912174 0.0878258 
 ----> 1.3#6.6#4.0#14.0#VAR 940 0 0.917092 0.0829076 
 ----> 1.3#6.6#4.0#14.0#VAR 941 0 0.923476 0.0765235 
 ----> 1.3#6.6#4.0#14.0#VAR 942 0 0.916941 0.0830585 
 ----> 1.3#6.6#4.0#14.0#VAR 943 0 0.921889 0.078111 
 ----> 1.3#6.6#4.0#14.0#VAR 944 0 0.916997 0.0830028 
 ----> 1.3#6.6#4.0#14.0#VAR 945 0 0.922715 0.0772848 
 ----> 1.3#6.6#4.0#14.0#VAR 946 0 0.90909 0.0909097 
 ----> 1.3#6.6#4.0#14.0#VAR 947 1 0.911475 0.0885254 
 ----> 1.3#6.6#4.0#14.0#VAR 948 0 0.916958 0.083042 
 ----> 1.3#6.6#4.0#14.0#VAR 949 0 0.903739 0.0962615 
 ----> 1.3#6.6#4.0#14.0#VAR 950 0 0.92776 0.0722396 
 ----> 1.3#6.6#4.0#14.0#VAR 951 0 0.918313 0.0816874 
 ----> 1.3#6.6#4.0#14.0#VAR 952 0 0.90936 0.0906398 
 ----> 1.3#6.6#4.0#14.0#VAR 953 0 0.915234 0.0847659 
 ----> 1.3#6.6#4.0#14.0#VAR 954 0 0.930622 0.0693782 
 ----> 1.3#6.6#4.0#14.0#VAR 955 0 0.924451 0.0755491 
 ----> 1.3#6.6#4.0#14.0#VAR 956 0 0.921839 0.078161 
 ----> 1.3#6.6#4.0#14.0#VAR 957 0 0.924097 0.0759031 
 ----> 1.3#6.6#4.0#14.0#VAR 958 0 0.916047 0.0839535 
 ----> 1.3#6.6#4.0#14.0#VAR 959 0 0.897403 0.102597 
 ----> 1.3#6.6#4.0#14.0#VAR 960 0 0.922158 0.0778415 
 ----> 1.3#6.6#4.0#14.0#VAR 961 0 0.925007 0.0749928 
 ----> 1.3#6.6#4.0#14.0#VAR 962 0 0.914162 0.0858381 
 ----> 1.3#6.6#4.0#14.0#VAR 963 0 0.92533 0.07467 
 ----> 1.3#6.6#4.0#14.0#VAR 964 0 0.91394 0.0860598 
 ----> 1.3#6.6#4.0#14.0#VAR 965 0 0.91676 0.0832395 
 ----> 1.3#6.6#4.0#14.0#VAR 966 0 0.921386 0.078614 
 ----> 1.3#6.6#4.0#14.0#VAR 967 0 0.929922 0.0700779 
 ----> 1.3#6.6#4.0#14.0#VAR 968 0 0.932579 0.0674214 
 ----> 1.3#6.6#4.0#14.0#VAR 969 0 0.921959 0.078041 
 ----> 1.3#6.6#4.0#14.0#VAR 970 0 0.932805 0.0671952 
 ----> 1.3#6.6#4.0#14.0#VAR 971 0 0.930049 0.0699507 
 ----> 1.3#6.6#4.0#14.0#VAR 972 0 0.924639 0.0753614 
 ----> 1.3#6.6#4.0#14.0#VAR 973 0 0.932128 0.0678722 
 ----> 1.3#6.6#4.0#14.0#VAR 974 0 0.92616 0.0738395 
 ----> 1.3#6.6#4.0#14.0#VAR 975 0 0.927454 0.0725457 
 ----> 1.3#6.6#4.0#14.0#VAR 976 1 0.912298 0.0877024 
 ----> 1.3#6.6#4.0#14.0#VAR 977 0 0.915675 0.0843253 
 ----> 1.3#6.6#4.0#14.0#VAR 978 0 0.917773 0.0822272 
 ----> 1.3#6.6#4.0#14.0#VAR 979 0 0.920679 0.0793209 
 ----> 1.3#6.6#4.0#14.0#VAR 980 0 0.927143 0.0728567 
 ----> 1.3#6.6#4.0#14.0#VAR 981 0 0.908711 0.0912894 
 ----> 1.3#6.6#4.0#14.0#VAR 982 0 0.939501 0.0604987 
 ----> 1.3#6.6#4.0#14.0#VAR 983 0 0.911922 0.0880779 
 ----> 1.3#6.6#4.0#14.0#VAR 984 0 0.927916 0.0720842 
 ----> 1.3#6.6#4.0#14.0#VAR 985 0 0.918067 0.081933 
 ----> 1.3#6.6#4.0#14.0#VAR 986 0 0.909364 0.0906364 
 ----> 1.3#6.6#4.0#14.0#VAR 987 0 0.913489 0.0865108 
 ----> 1.3#6.6#4.0#14.0#VAR 988 0 0.929733 0.0702669 
 ----> 1.3#6.6#4.0#14.0#VAR 989 0 0.915958 0.0840419 
 ----> 1.3#6.6#4.0#14.0#VAR 990 0 0.925966 0.0740337 
 ----> 1.3#6.6#4.0#14.0#VAR 991 0 0.919793 0.0802068 
 ----> 1.3#6.6#4.0#14.0#VAR 992 0 0.916998 0.0830019 
 ----> 1.3#6.6#4.0#14.0#VAR 993 0 0.930283 0.0697166 
 ----> 1.3#6.6#4.0#14.0#VAR 994 0 0.932202 0.0677984 
 ----> 1.3#6.6#4.0#14.0#VAR 995 0 0.937225 0.0627751 
 ----> 1.3#6.6#4.0#14.0#VAR 996 0 0.919736 0.0802637 
 ----> 1.3#6.6#4.0#14.0#VAR 997 0 0.917565 0.0824354 
 ----> 1.3#6.6#4.0#14.0#VAR 998 0 0.93354 0.0664601 
 ----> 1.3#6.6#4.0#14.0#VAR 999 0 0.913786 0.0862144 
 ----> 1.3#6.6#4.0#14.0#VAR 1000 0 0.926226 0.0737744 
 ----> 1.3#6.6#4.0#14.0#VAR 1001 0 0.921199 0.0788014 
 ----> 1.3#6.6#4.0#14.0#VAR 1002 0 0.918106 0.0818937 
 ----> 1.3#6.6#4.0#14.0#VAR 1003 0 0.934099 0.0659011 
 ----> 1.3#6.6#4.0#14.0#VAR 1004 0 0.928685 0.0713148 
 ----> 1.3#6.6#4.0#14.0#VAR 1005 0 0.914579 0.0854212 
 ----> 1.3#6.6#4.0#14.0#VAR 1006 0 0.923443 0.0765565 
 ----> 1.3#6.6#4.0#14.0#VAR 1007 0 0.929616 0.0703841 
 ----> 1.3#6.6#4.0#14.0#VAR 1008 0 0.921922 0.078078 
 ----> 1.3#6.6#4.0#14.0#VAR 1009 0 0.911335 0.0886645 
 ----> 1.3#6.6#4.0#14.0#VAR 1010 0 0.90227 0.0977304 
 ----> 1.3#6.6#4.0#14.0#VAR 1011 0 0.912235 0.0877649 
 ----> 1.3#6.6#4.0#14.0#VAR 1012 1 0.89685 0.10315 
 ----> 1.3#6.6#4.0#14.0#VAR 1013 0 0.893075 0.106925 
 ----> 1.3#6.6#4.0#14.0#VAR 1014 0 0.919958 0.0800421 
 ----> 1.3#6.6#4.0#14.0#VAR 1015 1 0.906723 0.0932773 
 ----> 1.3#6.6#4.0#14.0#VAR 1016 0 0.932422 0.0675776 
 ----> 1.3#6.6#4.0#14.0#VAR 1017 0 0.926784 0.0732165 
 ----> 1.3#6.6#4.0#14.0#VAR 1018 0 0.9147 0.0853001 
 ----> 1.3#6.6#4.0#14.0#VAR 1019 0 0.930789 0.0692111 
 ----> 1.3#6.6#4.0#14.0#VAR 1020 0 0.938484 0.0615164 
 ----> 1.3#6.6#4.0#14.0#VAR 1021 0 0.916826 0.083174 
 ----> 1.3#6.6#4.0#14.0#VAR 1022 1 0.905852 0.094148 
 ----> 1.3#6.6#4.0#14.0#VAR 1023 0 0.915533 0.0844667 
 ----> 1.3#6.6#4.0#14.0#VAR 1024 0 0.924346 0.0756537 
 ----> 1.3#6.6#4.0#14.0#VAR 1025 0 0.931259 0.068741 
 ----> 1.3#6.6#4.0#14.0#VAR 1026 0 0.916785 0.0832147 
 ----> 1.3#6.6#4.0#14.0#VAR 1027 0 0.918364 0.0816362 
 ----> 1.3#6.6#4.0#14.0#VAR 1028 0 0.919508 0.080492 
 ----> 1.3#6.6#4.0#14.0#VAR 1029 1 0.8947 0.1053 
 ----> 1.3#6.6#4.0#14.0#VAR 1030 0 0.92191 0.0780895 
 ----> 1.3#6.6#4.0#14.0#VAR 1031 0 0.919321 0.0806787 
 ----> 1.3#6.6#4.0#14.0#VAR 1032 0 0.921843 0.0781565 
 ----> 1.3#6.6#4.0#14.0#VAR 1033 0 0.929514 0.0704859 
 ----> 1.3#6.6#4.0#14.0#VAR 1034 1 0.917436 0.0825643 
 ----> 1.3#6.6#4.0#14.0#VAR 1035 0 0.912419 0.0875809 
 ----> 1.3#6.6#4.0#14.0#VAR 1036 0 0.907212 0.0927884 
 ----> 1.3#6.6#4.0#14.0#VAR 1037 1 0.892258 0.107742 
 ----> 1.3#6.6#4.0#14.0#VAR 1038 0 0.922211 0.0777886 
 ----> 1.3#6.6#4.0#14.0#VAR 1039 0 0.937256 0.0627435 
 ----> 1.3#6.6#4.0#14.0#VAR 1040 0 0.932194 0.0678063 
 ----> 1.3#6.6#4.0#14.0#VAR 1041 0 0.922823 0.0771772 
 ----> 1.3#6.6#4.0#14.0#VAR 1042 0 0.920769 0.0792308 
 ----> 1.3#6.6#4.0#14.0#VAR 1043 0 0.917933 0.0820671 
 ----> 1.3#6.6#4.0#14.0#VAR 1044 0 0.914202 0.0857976 
 ----> 1.3#6.6#4.0#14.0#VAR 1045 0 0.919817 0.0801835 
 ----> 1.3#6.6#4.0#14.0#VAR 1046 0 0.937033 0.0629672 
 ----> 1.3#6.6#4.0#14.0#VAR 1047 0 0.939864 0.0601361 
 ----> 1.3#6.6#4.0#14.0#VAR 1048 0 0.924423 0.0755767 
 ----> 1.3#6.6#4.0#14.0#VAR 1049 0 0.92958 0.0704197 
 ----> 1.3#6.6#4.0#14.0#VAR 1050 0 0.933474 0.0665256 
 ----> 1.3#6.6#4.0#14.0#VAR 1051 0 0.920195 0.0798052 
 ----> 1.3#6.6#4.0#14.0#VAR 1052 0 0.921002 0.0789979 
 ----> 1.3#6.6#4.0#14.0#VAR 1053 0 0.911984 0.0880157 
 ----> 1.3#6.6#4.0#14.0#VAR 1054 0 0.924221 0.0757791 
 ----> 1.3#6.6#4.0#14.0#VAR 1055 0 0.937395 0.0626047 
 ----> 1.3#6.6#4.0#14.0#VAR 1056 0 0.908353 0.0916465 
 ----> 1.3#6.6#4.0#14.0#VAR 1057 0 0.923701 0.0762985 
 ----> 1.3#6.6#4.0#14.0#VAR 1058 0 0.903828 0.0961723 
 ----> 1.3#6.6#4.0#14.0#VAR 1059 0 0.896175 0.103825 
 ----> 1.3#6.6#4.0#14.0#VAR 1060 0 0.905701 0.094299 
 ----> 1.3#6.6#4.0#14.0#VAR 1061 0 0.917784 0.082216 
 ----> 1.3#6.6#4.0#14.0#VAR 1062 0 0.917293 0.0827069 
 ----> 1.3#6.6#4.0#14.0#VAR 1063 0 0.934978 0.0650217 
 ----> 1.3#6.6#4.0#14.0#VAR 1064 0 0.915015 0.0849852 
 ----> 1.3#6.6#4.0#14.0#VAR 1065 0 0.908169 0.0918307 
 ----> 1.3#6.6#4.0#14.0#VAR 1066 0 0.92621 0.0737898 
 ----> 1.3#6.6#4.0#14.0#VAR 1067 0 0.91717 0.0828297 
 ----> 1.3#6.6#4.0#14.0#VAR 1068 0 0.918829 0.0811708 
 ----> 1.3#6.6#4.0#14.0#VAR 1069 0 0.91458 0.0854202 
 ----> 1.3#6.6#4.0#14.0#VAR 1070 0 0.934922 0.0650777 
 ----> 1.3#6.6#4.0#14.0#VAR 1071 0 0.917541 0.082459 
 ----> 1.3#6.6#4.0#14.0#VAR 1072 0 0.927903 0.0720973 
 ----> 1.3#6.6#4.0#14.0#VAR 1073 0 0.926975 0.0730253 
 ----> 1.3#6.6#4.0#14.0#VAR 1074 0 0.916999 0.0830006 
 ----> 1.3#6.6#4.0#14.0#VAR 1075 0 0.919529 0.0804711 
 ----> 1.3#6.6#4.0#14.0#VAR 1076 0 0.923436 0.0765641 
 ----> 1.3#6.6#4.0#14.0#VAR 1077 0 0.904598 0.095402 
 ----> 1.3#6.6#4.0#14.0#VAR 1078 0 0.929862 0.0701376 
 ----> 1.3#6.6#4.0#14.0#VAR 1079 0 0.916299 0.0837012 
 ----> 1.3#6.6#4.0#14.0#VAR 1080 0 0.922038 0.0779624 
 ----> 1.3#6.6#4.0#14.0#VAR 1081 0 0.92405 0.0759504 
 ----> 1.3#6.6#4.0#14.0#VAR 1082 0 0.920061 0.0799386 
 ----> 1.3#6.6#4.0#14.0#VAR 1083 0 0.929663 0.0703366 
 ----> 1.3#6.6#4.0#14.0#VAR 1084 0 0.929507 0.0704926 
 ----> 1.3#6.6#4.0#14.0#VAR 1085 0 0.912229 0.0877714 
 ----> 1.3#6.6#4.0#14.0#VAR 1086 0 0.922773 0.0772268 
 ----> 1.3#6.6#4.0#14.0#VAR 1087 0 0.931635 0.0683647 
 ----> 1.3#6.6#4.0#14.0#VAR 1088 0 0.928772 0.0712277 
 ----> 1.3#6.6#4.0#14.0#VAR 1089 0 0.924336 0.0756642 
 ----> 1.3#6.6#4.0#14.0#VAR 1090 0 0.926296 0.0737043 
 ----> 1.3#6.6#4.0#14.0#VAR 1091 0 0.921329 0.0786707 
 ----> 1.3#6.6#4.0#14.0#VAR 1092 0 0.915094 0.0849061 
 ----> 1.3#6.6#4.0#14.0#VAR 1093 0 0.923605 0.0763953 
 ----> 1.3#6.6#4.0#14.0#VAR 1094 0 0.926279 0.0737207 
 ----> 1.3#6.6#4.0#14.0#VAR 1095 0 0.922582 0.0774177 
 ----> 1.3#6.6#4.0#14.0#VAR 1096 0 0.932006 0.0679945 
 ----> 1.3#6.6#4.0#14.0#VAR 1097 0 0.933031 0.0669688 
 ----> 1.3#6.6#4.0#14.0#VAR 1098 0 0.922149 0.0778508 
 ----> 1.3#6.6#4.0#14.0#VAR 1099 0 0.922136 0.0778637 
 ----> 1.3#6.6#4.0#14.0#VAR 1100 0 0.931553 0.0684474 
 ----> 1.3#6.6#4.0#14.0#VAR 1101 0 0.913906 0.0860944 
 ----> 1.3#6.6#4.0#14.0#VAR 1102 1 0.918747 0.0812525 
 ----> 1.3#6.6#4.0#14.0#VAR 1103 0 0.931265 0.0687347 
 ----> 1.3#6.6#4.0#14.0#VAR 1104 0 0.928795 0.0712054 
 ----> 1.3#6.6#4.0#14.0#VAR 1105 0 0.912194 0.0878062 
 ----> 1.3#6.6#4.0#14.0#VAR 1106 0 0.920088 0.0799121 
 ----> 1.3#6.6#4.0#14.0#VAR 1107 1 0.892218 0.107782 
 ----> 1.3#6.6#4.0#14.0#VAR 1108 0 0.930037 0.0699632 
 ----> 1.3#6.6#4.0#14.0#VAR 1109 1 0.909815 0.0901848 
 ----> 1.3#6.6#4.0#14.0#VAR 1110 0 0.93307 0.0669298 
 ----> 1.3#6.6#4.0#14.0#VAR 1111 1 0.894169 0.105831 
 ----> 1.3#6.6#4.0#14.0#VAR 1112 1 0.90085 0.0991497 
 ----> 1.3#6.6#4.0#14.0#VAR 1113 0 0.928151 0.0718489 
 ----> 1.3#6.6#4.0#14.0#VAR 1114 0 0.916828 0.0831717 
 ----> 1.3#6.6#4.0#14.0#VAR 1115 0 0.913974 0.0860261 
 ----> 1.3#6.6#4.0#14.0#VAR 1116 0 0.920378 0.0796224 
 ----> 1.3#6.6#4.0#14.0#VAR 1117 0 0.918072 0.0819284 
 ----> 1.3#6.6#4.0#14.0#VAR 1118 0 0.921347 0.0786526 
 ----> 1.3#6.6#4.0#14.0#VAR 1119 0 0.922466 0.0775342 
 ----> 1.3#6.6#4.0#14.0#VAR 1120 1 0.907941 0.0920586 
 ----> 1.3#6.6#4.0#14.0#VAR 1121 0 0.922375 0.0776249 
 ----> 1.3#6.6#4.0#14.0#VAR 1122 0 0.919219 0.0807812 
 ----> 1.3#6.6#4.0#14.0#VAR 1123 0 0.913701 0.086299 
 ----> 1.3#6.6#4.0#14.0#VAR 1124 0 0.928075 0.0719252 
 ----> 1.3#6.6#4.0#14.0#VAR 1125 0 0.908106 0.0918941 
 ----> 1.3#6.6#4.0#14.0#VAR 1126 0 0.926052 0.0739481 
 ----> 1.3#6.6#4.0#14.0#VAR 1127 0 0.914107 0.0858934 
 ----> 1.3#6.6#4.0#14.0#VAR 1128 0 0.935218 0.0647824 
 ----> 1.3#6.6#4.0#14.0#VAR 1129 1 0.851219 0.148781 
 ----> 1.3#6.6#4.0#14.0#VAR 1130 0 0.922954 0.0770461 
 ----> 1.3#6.6#4.0#14.0#VAR 1131 0 0.925724 0.0742759 
 ----> 1.3#6.6#4.0#14.0#VAR 1132 1 0.904035 0.0959654 
 ----> 1.3#6.6#4.0#14.0#VAR 1133 0 0.920461 0.0795395 
 ----> 1.3#6.6#4.0#14.0#VAR 1134 0 0.922598 0.0774024 
 ----> 1.3#6.6#4.0#14.0#VAR 1135 0 0.929189 0.0708108 
 ----> 1.3#6.6#4.0#14.0#VAR 1136 0 0.923861 0.0761386 
 ----> 1.3#6.6#4.0#14.0#VAR 1137 0 0.923269 0.0767305 
 ----> 1.3#6.6#4.0#14.0#VAR 1138 0 0.912521 0.0874785 
 ----> 1.3#6.6#4.0#14.0#VAR 1139 0 0.91133 0.08867 
 ----> 1.3#6.6#4.0#14.0#VAR 1140 0 0.919325 0.0806746 
 ----> 1.3#6.6#4.0#14.0#VAR 1141 0 0.905692 0.0943083 
 ----> 1.3#6.6#4.0#14.0#VAR 1142 0 0.933426 0.0665745 
 ----> 1.3#6.6#4.0#14.0#VAR 1143 0 0.915303 0.0846974 
 ----> 1.3#6.6#4.0#14.0#VAR 1144 1 0.889583 0.110417 
 ----> 1.3#6.6#4.0#14.0#VAR 1145 0 0.922851 0.0771487 
 ----> 1.3#6.6#4.0#14.0#VAR 1146 0 0.914714 0.0852861 
 ----> 1.3#6.6#4.0#14.0#VAR 1147 0 0.915847 0.0841528 
 ----> 1.3#6.6#4.0#14.0#VAR 1148 0 0.908052 0.0919484 
 ----> 1.3#6.6#4.0#14.0#VAR 1149 0 0.925594 0.0744061 
 ----> 1.3#6.6#4.0#14.0#VAR 1150 0 0.924558 0.0754417 
 ----> 1.3#6.6#4.0#14.0#VAR 1151 0 0.90893 0.09107 
 ----> 1.3#6.6#4.0#14.0#VAR 1152 0 0.923396 0.0766037 
 ----> 1.3#6.6#4.0#14.0#VAR 1153 0 0.927459 0.0725414 
 ----> 1.3#6.6#4.0#14.0#VAR 1154 0 0.914222 0.0857776 
 ----> 1.3#6.6#4.0#14.0#VAR 1155 0 0.935897 0.0641034 
 ----> 1.3#6.6#4.0#14.0#VAR 1156 0 0.909456 0.0905441 
 ----> 1.3#6.6#4.0#14.0#VAR 1157 0 0.924039 0.0759606 
 ----> 1.3#6.6#4.0#14.0#VAR 1158 0 0.935377 0.0646233 
 ----> 1.3#6.6#4.0#14.0#VAR 1159 0 0.919791 0.0802092 
 ----> 1.3#6.6#4.0#14.0#VAR 1160 0 0.929722 0.0702779 
 ----> 1.3#6.6#4.0#14.0#VAR 1161 0 0.916566 0.0834341 
 ----> 1.3#6.6#4.0#14.0#VAR 1162 0 0.907503 0.0924969 
 ----> 1.3#6.6#4.0#14.0#VAR 1163 0 0.920134 0.0798659 
 ----> 1.3#6.6#4.0#14.0#VAR 1164 0 0.92337 0.0766304 
 ----> 1.3#6.6#4.0#14.0#VAR 1165 0 0.874266 0.125734 
 ----> 1.3#6.6#4.0#14.0#VAR 1166 1 0.921998 0.0780016 
 ----> 1.3#6.6#4.0#14.0#VAR 1167 0 0.926509 0.0734912 
 ----> 1.3#6.6#4.0#14.0#VAR 1168 0 0.932216 0.0677843 
 ----> 1.3#6.6#4.0#14.0#VAR 1169 1 0.909735 0.090265 
 ----> 1.3#6.6#4.0#14.0#VAR 1170 0 0.922849 0.0771505 
 ----> 1.3#6.6#4.0#14.0#VAR 1171 0 0.920822 0.0791777 
 ----> 1.3#6.6#4.0#14.0#VAR 1172 0 0.925359 0.0746412 
 ----> 1.3#6.6#4.0#14.0#VAR 1173 0 0.929685 0.0703146 
 ----> 1.3#6.6#4.0#14.0#VAR 1174 1 0.902698 0.0973021 
 ----> 1.3#6.6#4.0#14.0#VAR 1175 0 0.916926 0.0830737 
 ----> 1.3#6.6#4.0#14.0#VAR 1176 0 0.919831 0.0801692 
 ----> 1.3#6.6#4.0#14.0#VAR 1177 0 0.929677 0.0703227 
 ----> 1.3#6.6#4.0#14.0#VAR 1178 0 0.916025 0.0839753 
 ----> 1.3#6.6#4.0#14.0#VAR 1179 0 0.907784 0.0922158 
 ----> 1.3#6.6#4.0#14.0#VAR 1180 0 0.931301 0.0686989 
 ----> 1.3#6.6#4.0#14.0#VAR 1181 0 0.921802 0.0781978 
 ----> 1.3#6.6#4.0#14.0#VAR 1182 0 0.916457 0.083543 
 ----> 1.3#6.6#4.0#14.0#VAR 1183 1 0.903812 0.0961883 
 ----> 1.3#6.6#4.0#14.0#VAR 1184 1 0.909908 0.090092 
 ----> 1.3#6.6#4.0#14.0#VAR 1185 1 0.90292 0.0970802 
 ----> 1.3#6.6#4.0#14.0#VAR 1186 0 0.936428 0.0635715 
 ----> 1.3#6.6#4.0#14.0#VAR 1187 0 0.920847 0.0791527 
 ----> 1.3#6.6#4.0#14.0#VAR 1188 0 0.882565 0.117435 
 ----> 1.3#6.6#4.0#14.0#VAR 1189 1 0.896355 0.103645 
 ----> 1.3#6.6#4.0#14.0#VAR 1190 0 0.917558 0.0824417 
 ----> 1.3#6.6#4.0#14.0#VAR 1191 0 0.918853 0.0811474 
 ----> 1.3#6.6#4.0#14.0#VAR 1192 0 0.911694 0.0883063 
 ----> 1.3#6.6#4.0#14.0#VAR 1193 0 0.933254 0.0667462 
 ----> 1.3#6.6#4.0#14.0#VAR 1194 1 0.916887 0.0831127 
 ----> 1.3#6.6#4.0#14.0#VAR 1195 0 0.936849 0.0631508 
 ----> 1.3#6.6#4.0#14.0#VAR 1196 0 0.926245 0.0737553 
 ----> 1.3#6.6#4.0#14.0#VAR 1197 0 0.918318 0.0816822 
 ----> 1.3#6.6#4.0#14.0#VAR 1198 0 0.924827 0.0751726 
 ----> 1.3#6.6#4.0#14.0#VAR 1199 0 0.918029 0.0819709 
 ----> 1.3#6.6#4.0#14.0#VAR 1200 0 0.89614 0.10386 
 ----> 1.3#6.6#4.0#14.0#VAR 1201 0 0.907732 0.0922679 
 ----> 1.3#6.6#4.0#14.0#VAR 1202 0 0.912451 0.0875488 
 ----> 1.3#6.6#4.0#14.0#VAR 1203 0 0.923443 0.0765569 
 ----> 1.3#6.6#4.0#14.0#VAR 1204 0 0.913394 0.0866061 
 ----> 1.3#6.6#4.0#14.0#VAR 1205 1 0.910024 0.0899763 
 ----> 1.3#6.6#4.0#14.0#VAR 1206 0 0.91833 0.0816699 
 ----> 1.3#6.6#4.0#14.0#VAR 1207 0 0.919662 0.0803384 
 ----> 1.3#6.6#4.0#14.0#VAR 1208 0 0.919443 0.0805571 
 ----> 1.3#6.6#4.0#14.0#VAR 1209 0 0.924391 0.0756092 
 ----> 1.3#6.6#4.0#14.0#VAR 1210 0 0.940088 0.0599117 
 ----> 1.3#6.6#4.0#14.0#VAR 1211 0 0.929937 0.0700628 
 ----> 1.3#6.6#4.0#14.0#VAR 1212 0 0.924826 0.0751743 
 ----> 1.3#6.6#4.0#14.0#VAR 1213 0 0.911989 0.088011 
 ----> 1.3#6.6#4.0#14.0#VAR 1214 0 0.921359 0.0786406 
 ----> 1.3#6.6#4.0#14.0#VAR 1215 0 0.918392 0.081608 
 ----> 1.3#6.6#4.0#14.0#VAR 1216 0 0.916196 0.083804 
 ----> 1.3#6.6#4.0#14.0#VAR 1217 0 0.922363 0.0776371 
 ----> 1.3#6.6#4.0#14.0#VAR 1218 0 0.926206 0.073794 
 ----> 1.3#6.6#4.0#14.0#VAR 1219 0 0.919994 0.0800057 
 ----> 1.3#6.6#4.0#14.0#VAR 1220 0 0.929539 0.0704612 
 ----> 1.3#6.6#4.0#14.0#VAR 1221 0 0.923393 0.0766071 
 ----> 1.3#6.6#4.0#14.0#VAR 1222 0 0.923035 0.0769649 
 ----> 1.3#6.6#4.0#14.0#VAR 1223 0 0.928148 0.0718515 
 ----> 1.3#6.6#4.0#14.0#VAR 1224 0 0.924686 0.0753142 
 ----> 1.3#6.6#4.0#14.0#VAR 1225 0 0.93667 0.0633295 
 ----> 1.3#6.6#4.0#14.0#VAR 1226 0 0.920321 0.0796795 
 ----> 1.3#6.6#4.0#14.0#VAR 1227 0 0.91455 0.0854496 
 ----> 1.3#6.6#4.0#14.0#VAR 1228 0 0.937528 0.0624724 
 ----> 1.3#6.6#4.0#14.0#VAR 1229 0 0.925294 0.0747065 
 ----> 1.3#6.6#4.0#14.0#VAR 1230 0 0.917435 0.0825646 
 ----> 1.3#6.6#4.0#14.0#VAR 1231 0 0.916593 0.0834073 
 ----> 1.3#6.6#4.0#14.0#VAR 1232 0 0.927149 0.0728514 
 ----> 1.3#6.6#4.0#14.0#VAR 1233 0 0.907822 0.0921782 
 ----> 1.3#6.6#4.0#14.0#VAR 1234 0 0.90814 0.0918599 
 ----> 1.3#6.6#4.0#14.0#VAR 1235 0 0.931856 0.0681441 
 ----> 1.3#6.6#4.0#14.0#VAR 1236 0 0.920201 0.0797989 
 ----> 1.3#6.6#4.0#14.0#VAR 1237 0 0.918782 0.0812182 
 ----> 1.3#6.6#4.0#14.0#VAR 1238 0 0.924524 0.0754764 
 ----> 1.3#6.6#4.0#14.0#VAR 1239 0 0.920739 0.079261 
 ----> 1.3#6.6#4.0#14.0#VAR 1240 0 0.902178 0.0978222 
 ----> 1.3#6.6#4.0#14.0#VAR 1241 0 0.904694 0.0953062 
 ----> 1.3#6.6#4.0#14.0#VAR 1242 0 0.898567 0.101433 
 ----> 1.3#6.6#4.0#14.0#VAR 1243 0 0.912521 0.0874786 
 ----> 1.3#6.6#4.0#14.0#VAR 1244 0 0.918821 0.0811792 
 ----> 1.3#6.6#4.0#14.0#VAR 1245 0 0.924377 0.0756225 
 ----> 1.3#6.6#4.0#14.0#VAR 1246 0 0.930163 0.0698372 
 ----> 1.3#6.6#4.0#14.0#VAR 1247 0 0.928133 0.0718667 
 ----> 1.3#6.6#4.0#14.0#VAR 1248 0 0.922313 0.0776873 
 ----> 1.3#6.6#4.0#14.0#VAR 1249 0 0.916407 0.0835927 
 ----> 1.3#6.6#4.0#14.0#VAR 1250 0 0.921218 0.0787816 
 ----> 1.3#6.6#4.0#14.0#VAR 1251 0 0.909414 0.0905857 
 ----> 1.3#6.6#4.0#14.0#VAR 1252 0 0.928737 0.0712627 
 ----> 1.3#6.6#4.0#14.0#VAR 1253 0 0.924965 0.0750353 
 ----> 1.3#6.6#4.0#14.0#VAR 1254 0 0.934219 0.0657813 
 ----> 1.3#6.6#4.0#14.0#VAR 1255 0 0.922356 0.0776443 
 ----> 1.3#6.6#4.0#14.0#VAR 1256 0 0.907479 0.0925213 
 ----> 1.3#6.6#4.0#14.0#VAR 1257 0 0.931751 0.0682488 
 ----> 1.3#6.6#4.0#14.0#VAR 1258 0 0.920075 0.0799251 
 ----> 1.3#6.6#4.0#14.0#VAR 1259 0 0.931411 0.0685891 
 ----> 1.3#6.6#4.0#14.0#VAR 1260 0 0.926554 0.0734456 
 ----> 1.3#6.6#4.0#14.0#VAR 1261 0 0.931926 0.0680741 
 ----> 1.3#6.6#4.0#14.0#VAR 1262 1 0.912674 0.0873256 
 ----> 1.3#6.6#4.0#14.0#VAR 1263 0 0.918835 0.0811645 
 ----> 1.3#6.6#4.0#14.0#VAR 1264 0 0.915883 0.0841165 
 ----> 1.3#6.6#4.0#14.0#VAR 1265 0 0.910843 0.0891566 
 ----> 1.3#6.6#4.0#14.0#VAR 1266 0 0.930198 0.0698025 
 ----> 1.3#6.6#4.0#14.0#VAR 1267 0 0.917753 0.0822468 
 ----> 1.3#6.6#4.0#14.0#VAR 1268 0 0.933021 0.0669787 
 ----> 1.3#6.6#4.0#14.0#VAR 1269 0 0.94034 0.0596597 
 ----> 1.3#6.6#4.0#14.0#VAR 1270 0 0.944058 0.0559424 
 ----> 1.3#6.6#4.0#14.0#VAR 1271 0 0.927322 0.0726776 
 ----> 1.3#6.6#4.0#14.0#VAR 1272 0 0.917698 0.0823023 
 ----> 1.3#6.6#4.0#14.0#VAR 1273 0 0.913075 0.086925 
 ----> 1.3#6.6#4.0#14.0#VAR 1274 0 0.910866 0.0891345 
 ----> 1.3#6.6#4.0#14.0#VAR 1275 0 0.908375 0.0916251 
 ----> 1.3#6.6#4.0#14.0#VAR 1276 1 0.915676 0.0843242 
 ----> 1.3#6.6#4.0#14.0#VAR 1277 0 0.926918 0.0730824 
 ----> 1.3#6.6#4.0#14.0#VAR 1278 0 0.936795 0.0632053 
 ----> 1.3#6.6#4.0#14.0#VAR 1279 0 0.919634 0.0803663 
 ----> 1.3#6.6#4.0#14.0#VAR 1280 0 0.93207 0.0679296 
 ----> 1.3#6.6#4.0#14.0#VAR 1281 0 0.937286 0.0627144 
 ----> 1.3#6.6#4.0#14.0#VAR 1282 1 0.90889 0.0911098 
 ----> 1.3#6.6#4.0#14.0#VAR 1283 0 0.929412 0.0705885 
 ----> 1.3#6.6#4.0#14.0#VAR 1284 0 0.916579 0.083421 
 ----> 1.3#6.6#4.0#14.0#VAR 1285 0 0.922491 0.0775091 
 ----> 1.3#6.6#4.0#14.0#VAR 1286 1 0.915094 0.0849056 
 ----> 1.3#6.6#4.0#14.0#VAR 1287 0 0.927266 0.0727337 
 ----> 1.3#6.6#4.0#14.0#VAR 1288 0 0.91105 0.0889503 
 ----> 1.3#6.6#4.0#14.0#VAR 1289 0 0.923797 0.0762031 
 ----> 1.3#6.6#4.0#14.0#VAR 1290 0 0.927782 0.072218 
 ----> 1.3#6.6#4.0#14.0#VAR 1291 0 0.924338 0.0756624 
 ----> 1.3#6.6#4.0#14.0#VAR 1292 0 0.914537 0.0854631 
 ----> 1.3#6.6#4.0#14.0#VAR 1293 0 0.928142 0.0718576 
 ----> 1.3#6.6#4.0#14.0#VAR 1294 0 0.933959 0.0660413 
 ----> 1.3#6.6#4.0#14.0#VAR 1295 0 0.924211 0.0757891 
 ----> 1.3#6.6#4.0#14.0#VAR 1296 0 0.91727 0.0827295 
 ----> 1.3#6.6#4.0#14.0#VAR 1297 0 0.916731 0.0832686 
 ----> 1.3#6.6#4.0#14.0#VAR 1298 1 0.892296 0.107704 
 ----> 1.3#6.6#4.0#14.0#VAR 1299 0 0.926519 0.0734808 
 ----> 1.3#6.6#4.0#14.0#VAR 1300 1 0.846581 0.153419 
 ----> 1.3#6.6#4.0#14.0#VAR 1301 0 0.921753 0.0782474 
 ----> 1.3#6.6#4.0#14.0#VAR 1302 0 0.921178 0.0788215 
 ----> 1.3#6.6#4.0#14.0#VAR 1303 0 0.944578 0.0554215 
 ----> 1.3#6.6#4.0#14.0#VAR 1304 0 0.932407 0.0675928 
 ----> 1.3#6.6#4.0#14.0#VAR 1305 0 0.918403 0.0815966 
 ----> 1.3#6.6#4.0#14.0#VAR 1306 0 0.9248 0.0752 
 ----> 1.3#6.6#4.0#14.0#VAR 1307 1 0.90772 0.0922804 
 ----> 1.3#6.6#4.0#14.0#VAR 1308 0 0.921977 0.0780235 
 ----> 1.3#6.6#4.0#14.0#VAR 1309 0 0.926307 0.0736927 
 ----> 1.3#6.6#4.0#14.0#VAR 1310 1 0.923863 0.076137 
 ----> 1.3#6.6#4.0#14.0#VAR 1311 0 0.921102 0.0788977 
 ----> 1.3#6.6#4.0#14.0#VAR 1312 0 0.927652 0.0723483 
 ----> 1.3#6.6#4.0#14.0#VAR 1313 0 0.918196 0.0818043 
 ----> 1.3#6.6#4.0#14.0#VAR 1314 0 0.934417 0.0655828 
 ----> 1.3#6.6#4.0#14.0#VAR 1315 0 0.921846 0.0781542 
 ----> 1.3#6.6#4.0#14.0#VAR 1316 1 0.917153 0.0828472 
 ----> 1.3#6.6#4.0#14.0#VAR 1317 0 0.917963 0.0820374 
 ----> 1.3#6.6#4.0#14.0#VAR 1318 0 0.926862 0.0731384 
 ----> 1.3#6.6#4.0#14.0#VAR 1319 0 0.909916 0.0900837 
 ----> 1.3#6.6#4.0#14.0#VAR 1320 0 0.924555 0.075445 
 ----> 1.3#6.6#4.0#14.0#VAR 1321 0 0.923966 0.0760339 
 ----> 1.3#6.6#4.0#14.0#VAR 1322 0 0.920472 0.0795278 
 ----> 1.3#6.6#4.0#14.0#VAR 1323 0 0.929428 0.0705715 
 ----> 1.3#6.6#4.0#14.0#VAR 1324 0 0.916406 0.0835943 
 ----> 1.3#6.6#4.0#14.0#VAR 1325 0 0.93388 0.0661196 
 ----> 1.3#6.6#4.0#14.0#VAR 1326 0 0.927254 0.072746 
 ----> 1.3#6.6#4.0#14.0#VAR 1327 0 0.930747 0.0692531 
 ----> 1.3#6.6#4.0#14.0#VAR 1328 0 0.925324 0.0746763 
 ----> 1.3#6.6#4.0#14.0#VAR 1329 0 0.927012 0.0729883 
 ----> 1.3#6.6#4.0#14.0#VAR 1330 0 0.921802 0.078198 
 ----> 1.3#6.6#4.0#14.0#VAR 1331 0 0.913639 0.0863612 
 ----> 1.3#6.6#4.0#14.0#VAR 1332 0 0.920728 0.079272 
 ----> 1.3#6.6#4.0#14.0#VAR 1333 0 0.92927 0.0707297 
 ----> 1.3#6.6#4.0#14.0#VAR 1334 0 0.922089 0.0779112 
 ----> 1.3#6.6#4.0#14.0#VAR 1335 0 0.927014 0.072986 
 ----> 1.3#6.6#4.0#14.0#VAR 1336 0 0.943084 0.0569162 
 ----> 1.3#6.6#4.0#14.0#VAR 1337 0 0.926368 0.0736323 
 ----> 1.3#6.6#4.0#14.0#VAR 1338 0 0.92905 0.0709504 
 ----> 1.3#6.6#4.0#14.0#VAR 1339 0 0.920586 0.0794143 
 ----> 1.3#6.6#4.0#14.0#VAR 1340 0 0.924322 0.075678 
 ----> 1.3#6.6#4.0#14.0#VAR 1341 0 0.909237 0.0907633 
 ----> 1.3#6.6#4.0#14.0#VAR 1342 0 0.935947 0.0640527 
 ----> 1.3#6.6#4.0#14.0#VAR 1343 0 0.930733 0.0692671 
 ----> 1.3#6.6#4.0#14.0#VAR 1344 0 0.923555 0.0764453 
 ----> 1.3#6.6#4.0#14.0#VAR 1345 0 0.926928 0.0730723 
 ----> 1.3#6.6#4.0#14.0#VAR 1346 0 0.916725 0.0832751 
 ----> 1.3#6.6#4.0#14.0#VAR 1347 1 0.903156 0.0968435 
 ----> 1.3#6.6#4.0#14.0#VAR 1348 0 0.939115 0.0608852 
 ----> 1.3#6.6#4.0#14.0#VAR 1349 0 0.928991 0.0710091 
 ----> 1.3#6.6#4.0#14.0#VAR 1350 0 0.944344 0.055656 
 ----> 1.3#6.6#4.0#14.0#VAR 1351 0 0.922849 0.0771511 
 ----> 1.3#6.6#4.0#14.0#VAR 1352 0 0.928186 0.0718135 
 ----> 1.3#6.6#4.0#14.0#VAR 1353 0 0.931051 0.0689487 
 ----> 1.3#6.6#4.0#14.0#VAR 1354 0 0.923172 0.0768282 
 ----> 1.3#6.6#4.0#14.0#VAR 1355 0 0.9362 0.0637999 
 ----> 1.3#6.6#4.0#14.0#VAR 1356 0 0.925335 0.0746645 
 ----> 1.3#6.6#4.0#14.0#VAR 1357 0 0.920999 0.0790007 
 ----> 1.3#6.6#4.0#14.0#VAR 1358 0 0.924896 0.0751037 
 ----> 1.3#6.6#4.0#14.0#VAR 1359 0 0.921733 0.0782674 
 ----> 1.3#6.6#4.0#14.0#VAR 1360 1 0.898185 0.101815 
 ----> 1.3#6.6#4.0#14.0#VAR 1361 0 0.929435 0.0705649 
 ----> 1.3#6.6#4.0#14.0#VAR 1362 0 0.936089 0.063911 
 ----> 1.3#6.6#4.0#14.0#VAR 1363 1 0.870406 0.129594 
 ----> 1.3#6.6#4.0#14.0#VAR 1364 0 0.925113 0.0748869 
 ----> 1.3#6.6#4.0#14.0#VAR 1365 0 0.926016 0.0739837 
 ----> 1.3#6.6#4.0#14.0#VAR 1366 0 0.923462 0.0765381 
 ----> 1.3#6.6#4.0#14.0#VAR 1367 0 0.932973 0.067027 
 ----> 1.3#6.6#4.0#14.0#VAR 1368 0 0.93125 0.0687496 
 ----> 1.3#6.6#4.0#14.0#VAR 1369 0 0.932479 0.0675214 
 ----> 1.3#6.6#4.0#14.0#VAR 1370 0 0.929867 0.070133 
 ----> 1.3#6.6#4.0#14.0#VAR 1371 0 0.925426 0.0745744 
 ----> 1.3#6.6#4.0#14.0#VAR 1372 0 0.925384 0.0746162 
 ----> 1.3#6.6#4.0#14.0#VAR 1373 0 0.925773 0.0742271 
 ----> 1.3#6.6#4.0#14.0#VAR 1374 0 0.947325 0.0526749 
 ----> 1.3#6.6#4.0#14.0#VAR 1375 0 0.944228 0.0557724 
 ----> 1.3#6.6#4.0#14.0#VAR 1376 0 0.911644 0.0883562 
 ----> 1.3#6.6#4.0#14.0#VAR 1377 0 0.920746 0.0792537 
 ----> 1.3#6.6#4.0#14.0#VAR 1378 1 0.900972 0.0990282 
 ----> 1.3#6.6#4.0#14.0#VAR 1379 0 0.917393 0.0826067 
 ----> 1.3#6.6#4.0#14.0#VAR 1380 0 0.911361 0.0886387 
 ----> 1.3#6.6#4.0#14.0#VAR 1381 0 0.899648 0.100352 
 ----> 1.3#6.6#4.0#14.0#VAR 1382 0 0.920609 0.0793906 
 ----> 1.3#6.6#4.0#14.0#VAR 1383 0 0.920023 0.0799765 
 ----> 1.3#6.6#4.0#14.0#VAR 1384 0 0.923355 0.0766452 
 ----> 1.3#6.6#4.0#14.0#VAR 1385 0 0.936929 0.0630709 
 ----> 1.3#6.6#4.0#14.0#VAR 1386 0 0.923845 0.0761553 
 ----> 1.3#6.6#4.0#14.0#VAR 1387 0 0.939718 0.0602821 
 ----> 1.3#6.6#4.0#14.0#VAR 1388 0 0.924593 0.0754068 
 ----> 1.3#6.6#4.0#14.0#VAR 1389 0 0.923554 0.0764464 
 ----> 1.3#6.6#4.0#14.0#VAR 1390 1 0.899711 0.100289 
 ----> 1.3#6.6#4.0#14.0#VAR 1391 1 0.911124 0.0888765 
 ----> 1.3#6.6#4.0#14.0#VAR 1392 0 0.915742 0.084258 
 ----> 1.3#6.6#4.0#14.0#VAR 1393 0 0.928955 0.0710455 
 ----> 1.3#6.6#4.0#14.0#VAR 1394 0 0.926698 0.0733023 
 ----> 1.3#6.6#4.0#14.0#VAR 1395 0 0.927131 0.0728686 
 ----> 1.3#6.6#4.0#14.0#VAR 1396 0 0.936024 0.063976 
 ----> 1.3#6.6#4.0#14.0#VAR 1397 0 0.917745 0.0822549 
 ----> 1.3#6.6#4.0#14.0#VAR 1398 0 0.929194 0.0708061 
 ----> 1.3#6.6#4.0#14.0#VAR 1399 0 0.932391 0.0676094 
 ----> 1.3#6.6#4.0#14.0#VAR 1400 1 0.920019 0.0799813 
 ----> 1.3#6.6#4.0#14.0#VAR 1401 0 0.921242 0.0787584 
 ----> 1.3#6.6#4.0#14.0#VAR 1402 0 0.924227 0.0757729 
 ----> 1.3#6.6#4.0#14.0#VAR 1403 0 0.917828 0.0821719 
 ----> 1.3#6.6#4.0#14.0#VAR 1404 0 0.938421 0.0615794 
 ----> 1.3#6.6#4.0#14.0#VAR 1405 0 0.926182 0.0738181 
 ----> 1.3#6.6#4.0#14.0#VAR 1406 0 0.924533 0.0754668 
 ----> 1.3#6.6#4.0#14.0#VAR 1407 0 0.918091 0.0819086 
 ----> 1.3#6.6#4.0#14.0#VAR 1408 0 0.934556 0.0654437 
 ----> 1.3#6.6#4.0#14.0#VAR 1409 0 0.927576 0.0724244 
 ----> 1.3#6.6#4.0#14.0#VAR 1410 0 0.927186 0.0728144 
 ----> 1.3#6.6#4.0#14.0#VAR 1411 0 0.928135 0.0718645 
 ----> 1.3#6.6#4.0#14.0#VAR 1412 0 0.921507 0.0784935 
 ----> 1.3#6.6#4.0#14.0#VAR 1413 0 0.9272 0.0728 
 ----> 1.3#6.6#4.0#14.0#VAR 1414 0 0.930369 0.0696309 
 ----> 1.3#6.6#4.0#14.0#VAR 1415 0 0.922898 0.0771022 
 ----> 1.3#6.6#4.0#14.0#VAR 1416 0 0.937668 0.0623321 
 ----> 1.3#6.6#4.0#14.0#VAR 1417 0 0.93595 0.0640496 
 ----> 1.3#6.6#4.0#14.0#VAR 1418 0 0.940774 0.0592262 
 ----> 1.3#6.6#4.0#14.0#VAR 1419 0 0.923269 0.076731 
 ----> 1.3#6.6#4.0#14.0#VAR 1420 0 0.93948 0.06052 
 ----> 1.3#6.6#4.0#14.0#VAR 1421 0 0.92609 0.0739101 
 ----> 1.3#6.6#4.0#14.0#VAR 1422 0 0.936134 0.0638662 
 ----> 1.3#6.6#4.0#14.0#VAR 1423 0 0.929114 0.0708858 
 ----> 1.3#6.6#4.0#14.0#VAR 1424 0 0.923207 0.0767931 
 ----> 1.3#6.6#4.0#14.0#VAR 1425 0 0.928445 0.0715549 
 ----> 1.3#6.6#4.0#14.0#VAR 1426 0 0.922577 0.0774229 
 ----> 1.3#6.6#4.0#14.0#VAR 1427 0 0.928439 0.071561 
 ----> 1.3#6.6#4.0#14.0#VAR 1428 0 0.922113 0.0778866 
 ----> 1.3#6.6#4.0#14.0#VAR 1429 0 0.928582 0.0714183 
 ----> 1.3#6.6#4.0#14.0#VAR 1430 0 0.924776 0.0752239 
 ----> 1.3#6.6#4.0#14.0#VAR 1431 0 0.910095 0.0899047 
 ----> 1.3#6.6#4.0#14.0#VAR 1432 1 0.892121 0.107879 
 ----> 1.3#6.6#4.0#14.0#VAR 1433 0 0.932818 0.0671822 
 ----> 1.3#6.6#4.0#14.0#VAR 1434 0 0.933737 0.0662632 
 ----> 1.3#6.6#4.0#14.0#VAR 1435 0 0.908813 0.0911873 
 ----> 1.3#6.6#4.0#14.0#VAR 1436 0 0.93276 0.0672398 
 ----> 1.3#6.6#4.0#14.0#VAR 1437 0 0.943663 0.0563366 
 ----> 1.3#6.6#4.0#14.0#VAR 1438 0 0.916996 0.0830038 
 ----> 1.3#6.6#4.0#14.0#VAR 1439 0 0.923253 0.0767473 
 ----> 1.3#6.6#4.0#14.0#VAR 1440 0 0.912177 0.0878234 
 ----> 1.3#6.6#4.0#14.0#VAR 1441 0 0.91449 0.0855101 
 ----> 1.3#6.6#4.0#14.0#VAR 1442 0 0.917863 0.0821365 
 ----> 1.3#6.6#4.0#14.0#VAR 1443 0 0.914875 0.0851253 
 ----> 1.3#6.6#4.0#14.0#VAR 1444 0 0.931821 0.0681792 
 ----> 1.3#6.6#4.0#14.0#VAR 1445 0 0.928205 0.0717945 
 ----> 1.3#6.6#4.0#14.0#VAR 1446 0 0.929806 0.0701941 
 ----> 1.3#6.6#4.0#14.0#VAR 1447 0 0.918837 0.0811633 
 ----> 1.3#6.6#4.0#14.0#VAR 1448 0 0.928452 0.0715484 
 ----> 1.3#6.6#4.0#14.0#VAR 1449 0 0.928247 0.0717531 
 ----> 1.3#6.6#4.0#14.0#VAR 1450 0 0.922974 0.0770265 
 ----> 1.3#6.6#4.0#14.0#VAR 1451 0 0.912577 0.0874233 
 ----> 1.3#6.6#4.0#14.0#VAR 1452 1 0.921356 0.0786438 
 ----> 1.3#6.6#4.0#14.0#VAR 1453 0 0.90144 0.09856 
 ----> 1.3#6.6#4.0#14.0#VAR 1454 0 0.914058 0.0859422 
 ----> 1.3#6.6#4.0#14.0#VAR 1455 0 0.926551 0.0734491 
 ----> 1.3#6.6#4.0#14.0#VAR 1456 0 0.92574 0.0742602 
 ----> 1.3#6.6#4.0#14.0#VAR 1457 0 0.931334 0.0686661 
 ----> 1.3#6.6#4.0#14.0#VAR 1458 0 0.919856 0.080144 
 ----> 1.3#6.6#4.0#14.0#VAR 1459 0 0.931708 0.0682917 
 ----> 1.3#6.6#4.0#14.0#VAR 1460 0 0.914699 0.0853012 
 ----> 1.3#6.6#4.0#14.0#VAR 1461 0 0.92502 0.0749804 
 ----> 1.3#6.6#4.0#14.0#VAR 1462 0 0.917205 0.0827954 
 ----> 1.3#6.6#4.0#14.0#VAR 1463 0 0.923292 0.0767078 
 ----> 1.3#6.6#4.0#14.0#VAR 1464 0 0.922557 0.0774426 
 ----> 1.3#6.6#4.0#14.0#VAR 1465 0 0.939386 0.0606141 
 ----> 1.3#6.6#4.0#14.0#VAR 1466 0 0.925138 0.0748621 
 ----> 1.3#6.6#4.0#14.0#VAR 1467 0 0.921732 0.0782679 
 ----> 1.3#6.6#4.0#14.0#VAR 1468 0 0.924239 0.0757615 
 ----> 1.3#6.6#4.0#14.0#VAR 1469 0 0.922373 0.0776265 
 ----> 1.3#6.6#4.0#14.0#VAR 1470 0 0.930838 0.0691617 
 ----> 1.3#6.6#4.0#14.0#VAR 1471 0 0.918453 0.081547 
 ----> 1.3#6.6#4.0#14.0#VAR 1472 0 0.918034 0.0819663 
 ----> 1.3#6.6#4.0#14.0#VAR 1473 0 0.920045 0.0799553 
 ----> 1.3#6.6#4.0#14.0#VAR 1474 0 0.92858 0.07142 
 ----> 1.3#6.6#4.0#14.0#VAR 1475 1 0.906368 0.0936321 
 ----> 1.3#6.6#4.0#14.0#VAR 1476 1 0.934269 0.0657308 
 ----> 1.3#6.6#4.0#14.0#VAR 1477 1 0.928773 0.0712273 
 ----> 1.3#6.6#4.0#14.0#VAR 1478 0 0.921946 0.0780537 
 ----> 1.3#6.6#4.0#14.0#VAR 1479 0 0.932987 0.0670127 
 ----> 1.3#6.6#4.0#14.0#VAR 1480 0 0.93534 0.0646595 
 ----> 1.3#6.6#4.0#14.0#VAR 1481 0 0.926309 0.0736913 
 ----> 1.3#6.6#4.0#14.0#VAR 1482 0 0.910879 0.0891206 
 ----> 1.3#6.6#4.0#14.0#VAR 1483 0 0.908216 0.0917838 
 ----> 1.3#6.6#4.0#14.0#VAR 1484 0 0.928035 0.0719652 
 ----> 1.3#6.6#4.0#14.0#VAR 1485 0 0.925129 0.0748713 
 ----> 1.3#6.6#4.0#14.0#VAR 1486 0 0.92228 0.0777201 
 ----> 1.3#6.6#4.0#14.0#VAR 1487 0 0.93195 0.0680498 
 ----> 1.3#6.6#4.0#14.0#VAR 1488 0 0.930054 0.0699461 
 ----> 1.3#6.6#4.0#14.0#VAR 1489 1 0.935061 0.0649385 
 ----> 1.3#6.6#4.0#14.0#VAR 1490 0 0.920267 0.0797328 
 ----> 1.3#6.6#4.0#14.0#VAR 1491 0 0.925195 0.0748047 
 ----> 1.3#6.6#4.0#14.0#VAR 1492 0 0.92089 0.07911 
 ----> 1.3#6.6#4.0#14.0#VAR 1493 0 0.934413 0.0655867 
 ----> 1.3#6.6#4.0#14.0#VAR 1494 0 0.91632 0.0836797 
 ----> 1.3#6.6#4.0#14.0#VAR 1495 0 0.929181 0.0708194 
 ----> 1.3#6.6#4.0#14.0#VAR 1496 0 0.931099 0.0689006 
 ----> 1.3#6.6#4.0#14.0#VAR 1497 0 0.921025 0.0789753 
 ----> 1.3#6.6#4.0#14.0#VAR 1498 0 0.943177 0.0568234 
 ----> 1.3#6.6#4.0#14.0#VAR 1499 1 0.912156 0.0878441 
 ----> 1.3#6.6#4.0#14.0#VAR 1500 0 0.923806 0.0761939 
 ----> 1.3#6.6#4.0#14.0#VAR 1501 0 0.918631 0.0813687 
 ----> 1.3#6.6#4.0#14.0#VAR 1502 0 0.907894 0.0921059 
 ----> 1.3#6.6#4.0#14.0#VAR 1503 0 0.917435 0.0825648 
 ----> 1.3#6.6#4.0#14.0#VAR 1504 0 0.918025 0.0819746 
 ----> 1.3#6.6#4.0#14.0#VAR 1505 1 0.909501 0.0904989 
 ----> 1.3#6.6#4.0#14.0#VAR 1506 0 0.917952 0.0820479 
 ----> 1.3#6.6#4.0#14.0#VAR 1507 0 0.916855 0.0831454 
 ----> 1.3#6.6#4.0#14.0#VAR 1508 0 0.923594 0.0764058 
 ----> 1.3#6.6#4.0#14.0#VAR 1509 0 0.920707 0.0792929 
 ----> 1.3#6.6#4.0#14.0#VAR 1510 0 0.924564 0.0754365 
 ----> 1.3#6.6#4.0#14.0#VAR 1511 0 0.917006 0.0829944 
 ----> 1.3#6.6#4.0#14.0#VAR 1512 0 0.931906 0.0680939 
 ----> 1.3#6.6#4.0#14.0#VAR 1513 0 0.913074 0.0869255 
 ----> 1.3#6.6#4.0#14.0#VAR 1514 1 0.918925 0.0810753 
 ----> 1.3#6.6#4.0#14.0#VAR 1515 0 0.930754 0.0692455 
 ----> 1.3#6.6#4.0#14.0#VAR 1516 0 0.923496 0.0765042 
 ----> 1.3#6.6#4.0#14.0#VAR 1517 0 0.925644 0.0743559 
 ----> 1.3#6.6#4.0#14.0#VAR 1518 0 0.922212 0.0777878 
 ----> 1.3#6.6#4.0#14.0#VAR 1519 0 0.935076 0.0649239 
 ----> 1.3#6.6#4.0#14.0#VAR 1520 0 0.928938 0.0710621 
 ----> 1.3#6.6#4.0#14.0#VAR 1521 0 0.92905 0.0709497 
 ----> 1.3#6.6#4.0#14.0#VAR 1522 1 0.922822 0.0771782 
 ----> 1.3#6.6#4.0#14.0#VAR 1523 1 0.920081 0.079919 
 ----> 1.3#6.6#4.0#14.0#VAR 1524 0 0.927395 0.0726053 
 ----> 1.3#6.6#4.0#14.0#VAR 1525 0 0.924749 0.0752505 
 ----> 1.3#6.6#4.0#14.0#VAR 1526 1 0.925494 0.0745058 
 ----> 1.3#6.6#4.0#14.0#VAR 1527 0 0.930325 0.0696755 
 ----> 1.3#6.6#4.0#14.0#VAR 1528 0 0.920279 0.0797206 
 ----> 1.3#6.6#4.0#14.0#VAR 1529 0 0.920213 0.0797874 
 ----> 1.3#6.6#4.0#14.0#VAR 1530 0 0.927801 0.0721986 
 ----> 1.3#6.6#4.0#14.0#VAR 1531 0 0.924492 0.0755081 
 ----> 1.3#6.6#4.0#14.0#VAR 1532 0 0.926171 0.0738288 
 ----> 1.3#6.6#4.0#14.0#VAR 1533 0 0.928528 0.0714717 
 ----> 1.3#6.6#4.0#14.0#VAR 1534 0 0.929325 0.0706748 
 ----> 1.3#6.6#4.0#14.0#VAR 1535 0 0.919828 0.0801715 
 ----> 1.3#6.6#4.0#14.0#VAR 1536 1 0.931134 0.0688657 
 ----> 1.3#6.6#4.0#14.0#VAR 1537 0 0.924432 0.0755683 
 ----> 1.3#6.6#4.0#14.0#VAR 1538 1 0.919536 0.0804638 
 ----> 1.3#6.6#4.0#14.0#VAR 1539 1 0.915303 0.0846967 
 ----> 1.3#6.6#4.0#14.0#VAR 1540 1 0.930147 0.0698528 
 ----> 1.3#6.6#4.0#14.0#VAR 1541 0 0.93785 0.0621504 
 ----> 1.3#6.6#4.0#14.0#VAR 1542 0 0.918522 0.0814778 
 ----> 1.3#6.6#4.0#14.0#VAR 1543 0 0.929747 0.0702526 
 ----> 1.3#6.6#4.0#14.0#VAR 1544 0 0.923409 0.0765906 
 ----> 1.3#6.6#4.0#14.0#VAR 1545 0 0.916532 0.0834684 
 ----> 1.3#6.6#4.0#14.0#VAR 1546 0 0.911928 0.088072 
 ----> 1.3#6.6#4.0#14.0#VAR 1547 0 0.924489 0.075511 
 ----> 1.3#6.6#4.0#14.0#VAR 1548 1 0.923652 0.0763485 
 ----> 1.3#6.6#4.0#14.0#VAR 1549 1 0.92361 0.0763899 
 ----> 1.3#6.6#4.0#14.0#VAR 1550 0 0.915616 0.0843842 
 ----> 1.3#6.6#4.0#14.0#VAR 1551 0 0.923161 0.0768392 
 ----> 1.3#6.6#4.0#14.0#VAR 1552 1 0.918139 0.0818608 
 ----> 1.3#6.6#4.0#14.0#VAR 1553 0 0.927893 0.0721073 
 ----> 1.3#6.6#4.0#14.0#VAR 1554 0 0.905442 0.0945575 
 ----> 1.3#6.6#4.0#14.0#VAR 1555 0 0.912655 0.0873453 
 ----> 1.3#6.6#4.0#14.0#VAR 1556 0 0.921056 0.0789439 
 ----> 1.3#6.6#4.0#14.0#VAR 1557 1 0.921317 0.0786828 
 ----> 1.3#6.6#4.0#14.0#VAR 1558 0 0.924346 0.0756545 
 ----> 1.3#6.6#4.0#14.0#VAR 1559 0 0.92518 0.0748202 
 ----> 1.3#6.6#4.0#14.0#VAR 1560 0 0.920467 0.0795328 
 ----> 1.3#6.6#4.0#14.0#VAR 1561 1 0.937169 0.0628314 
 ----> 1.3#6.6#4.0#14.0#VAR 1562 0 0.924097 0.0759031 
 ----> 1.3#6.6#4.0#14.0#VAR 1563 0 0.919232 0.0807684 
 ----> 1.3#6.6#4.0#14.0#VAR 1564 0 0.929005 0.070995 
 ----> 1.3#6.6#4.0#14.0#VAR 1565 0 0.934128 0.065872 
 ----> 1.3#6.6#4.0#14.0#VAR 1566 0 0.918705 0.0812949 
 ----> 1.3#6.6#4.0#14.0#VAR 1567 0 0.930374 0.0696261 
 ----> 1.3#6.6#4.0#14.0#VAR 1568 1 0.926354 0.0736458 
 ----> 1.3#6.6#4.0#14.0#VAR 1569 0 0.921971 0.0780289 
 ----> 1.3#6.6#4.0#14.0#VAR 1570 0 0.919447 0.0805532 
 ----> 1.3#6.6#4.0#14.0#VAR 1571 0 0.939233 0.0607668 
 ----> 1.3#6.6#4.0#14.0#VAR 1572 1 0.923122 0.0768783 
 ----> 1.3#6.6#4.0#14.0#VAR 1573 0 0.927373 0.0726267 
 ----> 1.3#6.6#4.0#14.0#VAR 1574 0 0.931196 0.0688039 
 ----> 1.3#6.6#4.0#14.0#VAR 1575 0 0.923952 0.0760481 
 ----> 1.3#6.6#4.0#14.0#VAR 1576 0 0.915702 0.0842984 
 ----> 1.3#6.6#4.0#14.0#VAR 1577 0 0.923783 0.0762172 
 ----> 1.3#6.6#4.0#14.0#VAR 1578 0 0.932885 0.0671146 
 ----> 1.3#6.6#4.0#14.0#VAR 1579 0 0.937606 0.0623941 
 ----> 1.3#6.6#4.0#14.0#VAR 1580 0 0.927848 0.0721517 
 ----> 1.3#6.6#4.0#14.0#VAR 1581 0 0.910932 0.0890679 
 ----> 1.3#6.6#4.0#14.0#VAR 1582 0 0.929893 0.0701073 
 ----> 1.3#6.6#4.0#14.0#VAR 1583 0 0.924796 0.0752043 
 ----> 1.3#6.6#4.0#14.0#VAR 1584 0 0.922021 0.0779788 
 ----> 1.3#6.6#4.0#14.0#VAR 1585 1 0.916481 0.0835188 
 ----> 1.3#6.6#4.0#14.0#VAR 1586 1 0.917358 0.0826424 
 ----> 1.3#6.6#4.0#14.0#VAR 1587 1 0.925425 0.0745745 
 ----> 1.3#6.6#4.0#14.0#VAR 1588 0 0.923507 0.0764927 
 ----> 1.3#6.6#4.0#14.0#VAR 1589 0 0.919995 0.080005 
 ----> 1.3#6.6#4.0#14.0#VAR 1590 0 0.91335 0.0866503 
 ----> 1.3#6.6#4.0#14.0#VAR 1591 1 0.935026 0.0649745 
 ----> 1.3#6.6#4.0#14.0#VAR 1592 1 0.940822 0.0591775 
 ----> 1.3#6.6#4.0#14.0#VAR 1593 0 0.929152 0.0708478 
 ----> 1.3#6.6#4.0#14.0#VAR 1594 0 0.931077 0.0689231 
 ----> 1.3#6.6#4.0#14.0#VAR 1595 1 0.928711 0.0712886 
 ----> 1.3#6.6#4.0#14.0#VAR 1596 0 0.926204 0.0737956 
 ----> 1.3#6.6#4.0#14.0#VAR 1597 1 0.911536 0.0884638 
 ----> 1.3#6.6#4.0#14.0#VAR 1598 1 0.923394 0.0766059 
 ----> 1.3#6.6#4.0#14.0#VAR 1599 1 0.920969 0.0790312 
 ----> 1.3#6.6#4.0#14.0#VAR 1600 0 0.922871 0.0771294 
 ----> 1.3#6.6#4.0#14.0#VAR 1601 0 0.924635 0.0753649 
 ----> 1.3#6.6#4.0#14.0#VAR 1602 1 0.921074 0.0789257 
 ----> 1.3#6.6#4.0#14.0#VAR 1603 0 0.936018 0.063982 
 ----> 1.3#6.6#4.0#14.0#VAR 1604 1 0.910814 0.0891857 
 ----> 1.3#6.6#4.0#14.0#VAR 1605 0 0.930999 0.0690008 
 ----> 1.3#6.6#4.0#14.0#VAR 1606 0 0.926729 0.0732707 
 ----> 1.3#6.6#4.0#14.0#VAR 1607 1 0.922513 0.0774875 
 ----> 1.3#6.6#4.0#14.0#VAR 1608 1 0.932436 0.0675637 
 ----> 1.3#6.6#4.0#14.0#VAR 1609 0 0.93194 0.0680601 
 ----> 1.3#6.6#4.0#14.0#VAR 1610 1 0.923399 0.0766008 
 ----> 1.3#6.6#4.0#14.0#VAR 1611 1 0.93119 0.0688102 
 ----> 1.3#6.6#4.0#14.0#VAR 1612 1 0.923556 0.0764438 
 ----> 1.3#6.6#4.0#14.0#VAR 1613 0 0.913659 0.0863407 
 ----> 1.3#6.6#4.0#14.0#VAR 1614 1 0.931315 0.0686847 
 ----> 1.3#6.6#4.0#14.0#VAR 1615 1 0.917745 0.0822552 
 ----> 1.3#6.6#4.0#14.0#VAR 1616 1 0.929179 0.0708207 
 ----> 1.3#6.6#4.0#14.0#VAR 1617 0 0.93246 0.0675401 
 ----> 1.3#6.6#4.0#14.0#VAR 1618 0 0.929988 0.0700125 
 ----> 1.3#6.6#4.0#14.0#VAR 1619 0 0.907603 0.0923973 
 ----> 1.3#6.6#4.0#14.0#VAR 1620 0 0.924017 0.0759832 
 ----> 1.3#6.6#4.0#14.0#VAR 1621 1 0.936051 0.0639487 
 ----> 1.3#6.6#4.0#14.0#VAR 1622 1 0.923903 0.0760971 
 ----> 1.3#6.6#4.0#14.0#VAR 1623 1 0.923745 0.0762552 
 ----> 1.3#6.6#4.0#14.0#VAR 1624 0 0.912688 0.0873118 
 ----> 1.3#6.6#4.0#14.0#VAR 1625 0 0.916701 0.0832993 
 ----> 1.3#6.6#4.0#14.0#VAR 1626 0 0.930156 0.0698437 
 ----> 1.3#6.6#4.0#14.0#VAR 1627 0 0.936598 0.0634024 
 ----> 1.3#6.6#4.0#14.0#VAR 1628 0 0.927026 0.0729737 
 ----> 1.3#6.6#4.0#14.0#VAR 1629 1 0.91744 0.0825595 
 ----> 1.3#6.6#4.0#14.0#VAR 1630 0 0.929505 0.0704947 
 ----> 1.3#6.6#4.0#14.0#VAR 1631 0 0.924702 0.0752977 
 ----> 1.3#6.6#4.0#14.0#VAR 1632 0 0.919863 0.080137 
 ----> 1.3#6.6#4.0#14.0#VAR 1633 0 0.922699 0.0773012 
 ----> 1.3#6.6#4.0#14.0#VAR 1634 1 0.918941 0.0810587 
 ----> 1.3#6.6#4.0#14.0#VAR 1635 0 0.941527 0.0584726 
 ----> 1.3#6.6#4.0#14.0#VAR 1636 1 0.918428 0.081572 
 ----> 1.3#6.6#4.0#14.0#VAR 1637 0 0.91986 0.0801401 
 ----> 1.3#6.6#4.0#14.0#VAR 1638 0 0.89691 0.10309 
 ----> 1.3#6.6#4.0#14.0#VAR 1639 0 0.926863 0.0731372 
 ----> 1.3#6.6#4.0#14.0#VAR 1640 0 0.925711 0.0742889 
 ----> 1.3#6.6#4.0#14.0#VAR 1641 0 0.909838 0.0901625 
 ----> 1.3#6.6#4.0#14.0#VAR 1642 0 0.925948 0.0740524 
 ----> 1.3#6.6#4.0#14.0#VAR 1643 1 0.933923 0.0660767 
 ----> 1.3#6.6#4.0#14.0#VAR 1644 1 0.927728 0.0722717 
 ----> 1.3#6.6#4.0#14.0#VAR 1645 1 0.92226 0.0777399 
 ----> 1.3#6.6#4.0#14.0#VAR 1646 1 0.937275 0.062725 
 ----> 1.3#6.6#4.0#14.0#VAR 1647 1 0.922303 0.0776966 
 ----> 1.3#6.6#4.0#14.0#VAR 1648 1 0.922398 0.0776024 
 ----> 1.3#6.6#4.0#14.0#VAR 1649 1 0.930275 0.0697253 
 ----> 1.3#6.6#4.0#14.0#VAR 1650 1 0.932232 0.0677681 
 ----> 1.3#6.6#4.0#14.0#VAR 1651 1 0.918947 0.0810529 
 ----> 1.3#6.6#4.0#14.0#VAR 1652 0 0.924938 0.0750617 
 ----> 1.3#6.6#4.0#14.0#VAR 1653 0 0.922512 0.0774879 
 ----> 1.3#6.6#4.0#14.0#VAR 1654 1 0.933117 0.0668832 
 ----> 1.3#6.6#4.0#14.0#VAR 1655 0 0.935175 0.0648247 
 ----> 1.3#6.6#4.0#14.0#VAR 1656 0 0.932618 0.0673823 
 ----> 1.3#6.6#4.0#14.0#VAR 1657 0 0.916697 0.0833026 
 ----> 1.3#6.6#4.0#14.0#VAR 1658 0 0.933442 0.0665584 
 ----> 1.3#6.6#4.0#14.0#VAR 1659 0 0.9242 0.0758003 
 ----> 1.3#6.6#4.0#14.0#VAR 1660 0 0.932405 0.0675946 
 ----> 1.3#6.6#4.0#14.0#VAR 1661 1 0.926899 0.0731007 
 ----> 1.3#6.6#4.0#14.0#VAR 1662 1 0.914271 0.0857291 
 ----> 1.3#6.6#4.0#14.0#VAR 1663 1 0.940067 0.0599331 
 ----> 1.3#6.6#4.0#14.0#VAR 1664 0 0.930849 0.0691507 
 ----> 1.3#6.6#4.0#14.0#VAR 1665 1 0.936881 0.0631195 
 ----> 1.3#6.6#4.0#14.0#VAR 1666 0 0.910804 0.0891962 
 ----> 1.3#6.6#4.0#14.0#VAR 1667 1 0.924381 0.0756186 
 ----> 1.3#6.6#4.0#14.0#VAR 1668 0 0.919085 0.080915 
 ----> 1.3#6.6#4.0#14.0#VAR 1669 0 0.933345 0.0666548 
 ----> 1.3#6.6#4.0#14.0#VAR 1670 0 0.911133 0.0888668 
 ----> 1.3#6.6#4.0#14.0#VAR 1671 0 0.907198 0.0928017 
 ----> 1.3#6.6#4.0#14.0#VAR 1672 0 0.91209 0.0879102 
 ----> 1.3#6.6#4.0#14.0#VAR 1673 0 0.912504 0.0874962 
 ----> 1.3#6.6#4.0#14.0#VAR 1674 1 0.909719 0.0902808 
 ----> 1.3#6.6#4.0#14.0#VAR 1675 0 0.928823 0.0711771 
 ----> 1.3#6.6#4.0#14.0#VAR 1676 0 0.928208 0.0717923 
 ----> 1.3#6.6#4.0#14.0#VAR 1677 0 0.928478 0.0715216 
 ----> 1.3#6.6#4.0#14.0#VAR 1678 1 0.92121 0.0787901 
 ----> 1.3#6.6#4.0#14.0#VAR 1679 0 0.928369 0.071631 
 ----> 1.3#6.6#4.0#14.0#VAR 1680 0 0.930974 0.069026 
 ----> 1.3#6.6#4.0#14.0#VAR 1681 0 0.924561 0.0754395 
 ----> 1.3#6.6#4.0#14.0#VAR 1682 1 0.922849 0.0771509 
 ----> 1.3#6.6#4.0#14.0#VAR 1683 0 0.930092 0.0699077 
 ----> 1.3#6.6#4.0#14.0#VAR 1684 1 0.927414 0.0725865 
 ----> 1.3#6.6#4.0#14.0#VAR 1685 0 0.916656 0.0833443 
 ----> 1.3#6.6#4.0#14.0#VAR 1686 0 0.922888 0.0771124 
 ----> 1.3#6.6#4.0#14.0#VAR 1687 0 0.938174 0.0618258 
 ----> 1.3#6.6#4.0#14.0#VAR 1688 0 0.941697 0.0583027 
 ----> 1.3#6.6#4.0#14.0#VAR 1689 0 0.935838 0.0641619 
 ----> 1.3#6.6#4.0#14.0#VAR 1690 0 0.913538 0.0864618 
 ----> 1.3#6.6#4.0#14.0#VAR 1691 0 0.916541 0.0834595 
 ----> 1.3#6.6#4.0#14.0#VAR 1692 1 0.920891 0.0791092 
 ----> 1.3#6.6#4.0#14.0#VAR 1693 1 0.925509 0.0744914 
 ----> 1.3#6.6#4.0#14.0#VAR 1694 1 0.908327 0.0916727 
 ----> 1.3#6.6#4.0#14.0#VAR 1695 0 0.934363 0.0656368 
 ----> 1.3#6.6#4.0#14.0#VAR 1696 0 0.931838 0.0681623 
 ----> 1.3#6.6#4.0#14.0#VAR 1697 0 0.929076 0.0709245 
 ----> 1.3#6.6#4.0#14.0#VAR 1698 0 0.930792 0.069208 
 ----> 1.3#6.6#4.0#14.0#VAR 1699 1 0.929536 0.0704642 
 ----> 1.3#6.6#4.0#14.0#VAR 1700 1 0.930655 0.069345 
 ----> 1.3#6.6#4.0#14.0#VAR 1701 0 0.926078 0.0739224 
 ----> 1.3#6.6#4.0#14.0#VAR 1702 0 0.924557 0.075443 
 ----> 1.3#6.6#4.0#14.0#VAR 1703 0 0.911878 0.0881224 
 ----> 1.3#6.6#4.0#14.0#VAR 1704 1 0.93066 0.0693403 
 ----> 1.3#6.6#4.0#14.0#VAR 1705 0 0.934675 0.065325 
 ----> 1.3#6.6#4.0#14.0#VAR 1706 0 0.925829 0.0741714 
 ----> 1.3#6.6#4.0#14.0#VAR 1707 1 0.927121 0.072879 
 ----> 1.3#6.6#4.0#14.0#VAR 1708 0 0.924566 0.0754339 
 ----> 1.3#6.6#4.0#14.0#VAR 1709 1 0.919525 0.0804746 
 ----> 1.3#6.6#4.0#14.0#VAR 1710 0 0.91979 0.0802097 
 ----> 1.3#6.6#4.0#14.0#VAR 1711 0 0.935515 0.0644849 
 ----> 1.3#6.6#4.0#14.0#VAR 1712 0 0.924325 0.0756746 
 ----> 1.3#6.6#4.0#14.0#VAR 1713 0 0.923652 0.0763485 
 ----> 1.3#6.6#4.0#14.0#VAR 1714 0 0.927794 0.0722063 
 ----> 1.3#6.6#4.0#14.0#VAR 1715 0 0.929403 0.0705971 
 ----> 1.3#6.6#4.0#14.0#VAR 1716 0 0.93639 0.0636104 
 ----> 1.3#6.6#4.0#14.0#VAR 1717 0 0.926681 0.0733191 
 ----> 1.3#6.6#4.0#14.0#VAR 1718 1 0.916353 0.083647 
 ----> 1.3#6.6#4.0#14.0#VAR 1719 1 0.927328 0.0726721 
 ----> 1.3#6.6#4.0#14.0#VAR 1720 0 0.925272 0.0747285 
 ----> 1.3#6.6#4.0#14.0#VAR 1721 0 0.924186 0.0758137 
 ----> 1.3#6.6#4.0#14.0#VAR 1722 0 0.936444 0.0635555 
 ----> 1.3#6.6#4.0#14.0#VAR 1723 1 0.928505 0.0714948 
 ----> 1.3#6.6#4.0#14.0#VAR 1724 0 0.923281 0.0767187 
 ----> 1.3#6.6#4.0#14.0#VAR 1725 0 0.925919 0.0740806 
 ----> 1.3#6.6#4.0#14.0#VAR 1726 1 0.927482 0.0725184 
 ----> 1.3#6.6#4.0#14.0#VAR 1727 0 0.927075 0.0729253 
 ----> 1.3#6.6#4.0#14.0#VAR 1728 1 0.923483 0.076517 
 ----> 1.3#6.6#4.0#14.0#VAR 1729 1 0.926991 0.0730093 
 ----> 1.3#6.6#4.0#14.0#VAR 1730 0 0.932022 0.0679777 
 ----> 1.3#6.6#4.0#14.0#VAR 1731 0 0.92942 0.0705803 
 ----> 1.3#6.6#4.0#14.0#VAR 1732 0 0.919244 0.0807558 
 ----> 1.3#6.6#4.0#14.0#VAR 1733 0 0.91035 0.0896496 
 ----> 1.3#6.6#4.0#14.0#VAR 1734 1 0.922038 0.0779623 
 ----> 1.3#6.6#4.0#14.0#VAR 1735 1 0.922686 0.0773141 
 ----> 1.3#6.6#4.0#14.0#VAR 1736 0 0.923845 0.0761547 
 ----> 1.3#6.6#4.0#14.0#VAR 1737 1 0.919653 0.0803474 
 ----> 1.3#6.6#4.0#14.0#VAR 1738 1 0.937898 0.062102 
 ----> 1.3#6.6#4.0#14.0#VAR 1739 0 0.925226 0.0747739 
 ----> 1.3#6.6#4.0#14.0#VAR 1740 0 0.920907 0.0790931 
 ----> 1.3#6.6#4.0#14.0#VAR 1741 0 0.900382 0.0996183 
 ----> 1.3#6.6#4.0#14.0#VAR 1742 0 0.934254 0.0657463 
 ----> 1.3#6.6#4.0#14.0#VAR 1743 0 0.917451 0.082549 
 ----> 1.3#6.6#4.0#14.0#VAR 1744 0 0.928503 0.0714968 
 ----> 1.3#6.6#4.0#14.0#VAR 1745 1 0.926354 0.0736464 
 ----> 1.3#6.6#4.0#14.0#VAR 1746 0 0.905049 0.0949505 
 ----> 1.3#6.6#4.0#14.0#VAR 1747 0 0.906785 0.0932145 
 ----> 1.3#6.6#4.0#14.0#VAR 1748 1 0.927438 0.0725618 
 ----> 1.3#6.6#4.0#14.0#VAR 1749 1 0.926656 0.0733445 
 ----> 1.3#6.6#4.0#14.0#VAR 1750 1 0.92183 0.0781705 
 ----> 1.3#6.6#4.0#14.0#VAR 1751 0 0.925686 0.0743138 
 ----> 1.3#6.6#4.0#14.0#VAR 1752 0 0.93302 0.0669795 
 ----> 1.3#6.6#4.0#14.0#VAR 1753 0 0.916017 0.0839828 
 ----> 1.3#6.6#4.0#14.0#VAR 1754 0 0.925937 0.0740632 
 ----> 1.3#6.6#4.0#14.0#VAR 1755 0 0.930297 0.0697033 
 ----> 1.3#6.6#4.0#14.0#VAR 1756 0 0.925786 0.0742136 
 ----> 1.3#6.6#4.0#14.0#VAR 1757 0 0.921482 0.078518 
 ----> 1.3#6.6#4.0#14.0#VAR 1758 0 0.93633 0.0636704 
 ----> 1.3#6.6#4.0#14.0#VAR 1759 0 0.911843 0.0881571 
 ----> 1.3#6.6#4.0#14.0#VAR 1760 1 0.927591 0.0724092 
 ----> 1.3#6.6#4.0#14.0#VAR 1761 0 0.92253 0.0774702 
 ----> 1.3#6.6#4.0#14.0#VAR 1762 0 0.906103 0.0938973 
 ----> 1.3#6.6#4.0#14.0#VAR 1763 1 0.916898 0.0831024 
 ----> 1.3#6.6#4.0#14.0#VAR 1764 1 0.925153 0.0748472 
 ----> 1.3#6.6#4.0#14.0#VAR 1765 0 0.917605 0.0823953 
 ----> 1.3#6.6#4.0#14.0#VAR 1766 1 0.936292 0.0637078 
 ----> 1.3#6.6#4.0#14.0#VAR 1767 0 0.930616 0.0693841 
 ----> 1.3#6.6#4.0#14.0#VAR 1768 1 0.917219 0.0827807 
 ----> 1.3#6.6#4.0#14.0#VAR 1769 0 0.931693 0.0683067 
 ----> 1.3#6.6#4.0#14.0#VAR 1770 0 0.926529 0.0734705 
 ----> 1.3#6.6#4.0#14.0#VAR 1771 0 0.916837 0.0831634 
 ----> 1.3#6.6#4.0#14.0#VAR 1772 1 0.928828 0.0711723 
 ----> 1.3#6.6#4.0#14.0#VAR 1773 0 0.930443 0.0695572 
 ----> 1.3#6.6#4.0#14.0#VAR 1774 1 0.931084 0.0689162 
 ----> 1.3#6.6#4.0#14.0#VAR 1775 0 0.941812 0.0581879 
 ----> 1.3#6.6#4.0#14.0#VAR 1776 0 0.918139 0.0818607 
 ----> 1.3#6.6#4.0#14.0#VAR 1777 0 0.92766 0.07234 
 ----> 1.3#6.6#4.0#14.0#VAR 1778 0 0.908183 0.0918166 
 ----> 1.3#6.6#4.0#14.0#VAR 1779 0 0.931419 0.0685814 
 ----> 1.3#6.6#4.0#14.0#VAR 1780 1 0.928791 0.0712088 
 ----> 1.3#6.6#4.0#14.0#VAR 1781 1 0.951016 0.0489838 
 ----> 1.3#6.6#4.0#14.0#VAR 1782 0 0.931859 0.0681414 
 ----> 1.3#6.6#4.0#14.0#VAR 1783 0 0.918639 0.0813614 
 ----> 1.3#6.6#4.0#14.0#VAR 1784 0 0.93121 0.0687897 
 ----> 1.3#6.6#4.0#14.0#VAR 1785 0 0.912491 0.0875086 
 ----> 1.3#6.6#4.0#14.0#VAR 1786 0 0.905204 0.0947962 
 ----> 1.3#6.6#4.0#14.0#VAR 1787 1 0.929194 0.0708059 
 ----> 1.3#6.6#4.0#14.0#VAR 1788 1 0.921526 0.0784737 
 ----> 1.3#6.6#4.0#14.0#VAR 1789 0 0.931684 0.0683161 
 ----> 1.3#6.6#4.0#14.0#VAR 1790 0 0.915618 0.0843822 
 ----> 1.3#6.6#4.0#14.0#VAR 1791 0 0.922073 0.0779268 
 ----> 1.3#6.6#4.0#14.0#VAR 1792 0 0.927009 0.0729906 
 ----> 1.3#6.6#4.0#14.0#VAR 1793 1 0.920983 0.079017 
 ----> 1.3#6.6#4.0#14.0#VAR 1794 0 0.918819 0.0811814 
 ----> 1.3#6.6#4.0#14.0#VAR 1795 0 0.924858 0.0751421 
 ----> 1.3#6.6#4.0#14.0#VAR 1796 1 0.936634 0.0633662 
 ----> 1.3#6.6#4.0#14.0#VAR 1797 0 0.932486 0.0675141 
 ----> 1.3#6.6#4.0#14.0#VAR 1798 0 0.932764 0.0672355 
 ----> 1.3#6.6#4.0#14.0#VAR 1799 0 0.916492 0.0835085 
 ----> 1.3#6.6#4.0#14.0#VAR 1800 0 0.918866 0.0811344 
 ----> 1.3#6.6#4.0#14.0#VAR 1801 0 0.927501 0.0724986 
 ----> 1.3#6.6#4.0#14.0#VAR 1802 0 0.915866 0.084134 
 ----> 1.3#6.6#4.0#14.0#VAR 1803 0 0.928686 0.0713138 
 ----> 1.3#6.6#4.0#14.0#VAR 1804 0 0.930987 0.0690131 
 ----> 1.3#6.6#4.0#14.0#VAR 1805 0 0.916851 0.0831486 
 ----> 1.3#6.6#4.0#14.0#VAR 1806 1 0.91738 0.0826197 
 ----> 1.3#6.6#4.0#14.0#VAR 1807 0 0.912679 0.0873214 
 ----> 1.3#6.6#4.0#14.0#VAR 1808 0 0.928053 0.0719474 
 ----> 1.3#6.6#4.0#14.0#VAR 1809 0 0.932166 0.0678342 
 ----> 1.3#6.6#4.0#14.0#VAR 1810 0 0.93282 0.0671801 
 ----> 1.3#6.6#4.0#14.0#VAR 1811 0 0.926543 0.0734566 
 ----> 1.3#6.6#4.0#14.0#VAR 1812 0 0.922123 0.0778766 
 ----> 1.3#6.6#4.0#14.0#VAR 1813 0 0.934476 0.065524 
 ----> 1.3#6.6#4.0#14.0#VAR 1814 0 0.926544 0.0734564 
 ----> 1.3#6.6#4.0#14.0#VAR 1815 0 0.936881 0.0631193 
 ----> 1.3#6.6#4.0#14.0#VAR 1816 0 0.939508 0.0604923 
 ----> 1.3#6.6#4.0#14.0#VAR 1817 1 0.921212 0.0787876 
 ----> 1.3#6.6#4.0#14.0#VAR 1818 0 0.92829 0.0717103 
 ----> 1.3#6.6#4.0#14.0#VAR 1819 0 0.891992 0.108008 
 ----> 1.3#6.6#4.0#14.0#VAR 1820 0 0.911185 0.0888149 
 ----> 1.3#6.6#4.0#14.0#VAR 1821 0 0.914196 0.0858036 
 ----> 1.3#6.6#4.0#14.0#VAR 1822 1 0.912489 0.0875108 
 ----> 1.3#6.6#4.0#14.0#VAR 1823 0 0.918528 0.0814717 
 ----> 1.3#6.6#4.0#14.0#VAR 1824 0 0.925869 0.0741314 
 ----> 1.3#6.6#4.0#14.0#VAR 1825 0 0.915359 0.0846405 
 ----> 1.3#6.6#4.0#14.0#VAR 1826 0 0.91816 0.0818402 
 ++++> 1.3#6.6#4.0#14.0#VAR 1827  0 0.912832 0.0871681 
