 ----> 1.3#6.6#4.0#14.0#VAR 8 0 0.938283 0.0617173 
 ----> 1.3#6.6#4.0#14.0#VAR 9 0 0.924706 0.0752942 
 ----> 1.3#6.6#4.0#14.0#VAR 10 1 0.916015 0.0839846 
 ----> 1.3#6.6#4.0#14.0#VAR 11 1 0.914008 0.0859921 
 ----> 1.3#6.6#4.0#14.0#VAR 12 0 0.922623 0.0773772 
 ----> 1.3#6.6#4.0#14.0#VAR 13 0 0.93578 0.0642203 
 ----> 1.3#6.6#4.0#14.0#VAR 14 0 0.910257 0.0897427 
 ----> 1.3#6.6#4.0#14.0#VAR 15 0 0.920143 0.0798569 
 ----> 1.3#6.6#4.0#14.0#VAR 16 0 0.932637 0.0673628 
 ----> 1.3#6.6#4.0#14.0#VAR 17 0 0.930621 0.0693787 
 ----> 1.3#6.6#4.0#14.0#VAR 18 0 0.91476 0.0852402 
 ----> 1.3#6.6#4.0#14.0#VAR 19 0 0.927351 0.0726487 
 ----> 1.3#6.6#4.0#14.0#VAR 20 1 0.931219 0.0687812 
 ----> 1.3#6.6#4.0#14.0#VAR 21 0 0.928712 0.0712883 
 ----> 1.3#6.6#4.0#14.0#VAR 22 0 0.920086 0.0799145 
 ----> 1.3#6.6#4.0#14.0#VAR 23 0 0.928079 0.0719207 
 ----> 1.3#6.6#4.0#14.0#VAR 24 0 0.913832 0.0861682 
 ----> 1.3#6.6#4.0#14.0#VAR 25 0 0.91203 0.0879696 
 ----> 1.3#6.6#4.0#14.0#VAR 26 0 0.928056 0.0719442 
 ----> 1.3#6.6#4.0#14.0#VAR 27 0 0.925789 0.0742112 
 ----> 1.3#6.6#4.0#14.0#VAR 28 0 0.928409 0.0715912 
 ----> 1.3#6.6#4.0#14.0#VAR 29 1 0.927512 0.0724885 
 ----> 1.3#6.6#4.0#14.0#VAR 30 1 0.92841 0.0715896 
 ----> 1.3#6.6#4.0#14.0#VAR 31 0 0.923467 0.0765333 
 ----> 1.3#6.6#4.0#14.0#VAR 32 0 0.935535 0.0644648 
 ----> 1.3#6.6#4.0#14.0#VAR 33 0 0.937112 0.0628878 
 ----> 1.3#6.6#4.0#14.0#VAR 34 0 0.928614 0.0713865 
 ----> 1.3#6.6#4.0#14.0#VAR 35 1 0.915812 0.084188 
 ----> 1.3#6.6#4.0#14.0#VAR 36 0 0.92943 0.07057 
 ----> 1.3#6.6#4.0#14.0#VAR 37 0 0.927968 0.0720324 
 ----> 1.3#6.6#4.0#14.0#VAR 38 0 0.921573 0.0784266 
 ----> 1.3#6.6#4.0#14.0#VAR 39 0 0.923085 0.0769146 
 ----> 1.3#6.6#4.0#14.0#VAR 40 0 0.931826 0.0681737 
 ----> 1.3#6.6#4.0#14.0#VAR 41 0 0.930284 0.0697164 
 ----> 1.3#6.6#4.0#14.0#VAR 42 0 0.922774 0.0772256 
 ----> 1.3#6.6#4.0#14.0#VAR 43 0 0.932451 0.0675485 
 ----> 1.3#6.6#4.0#14.0#VAR 44 0 0.927296 0.0727039 
 ----> 1.3#6.6#4.0#14.0#VAR 45 0 0.926136 0.073864 
 ----> 1.3#6.6#4.0#14.0#VAR 46 0 0.91854 0.08146 
 ----> 1.3#6.6#4.0#14.0#VAR 47 0 0.931384 0.0686164 
 ----> 1.3#6.6#4.0#14.0#VAR 48 1 0.924139 0.0758606 
 ----> 1.3#6.6#4.0#14.0#VAR 49 0 0.924294 0.0757058 
 ----> 1.3#6.6#4.0#14.0#VAR 50 0 0.927947 0.0720533 
 ----> 1.3#6.6#4.0#14.0#VAR 51 0 0.932009 0.0679912 
 ----> 1.3#6.6#4.0#14.0#VAR 52 0 0.923026 0.0769743 
 ----> 1.3#6.6#4.0#14.0#VAR 53 0 0.927444 0.0725555 
 ----> 1.3#6.6#4.0#14.0#VAR 54 0 0.923218 0.0767822 
 ----> 1.3#6.6#4.0#14.0#VAR 55 0 0.921159 0.0788406 
 ----> 1.3#6.6#4.0#14.0#VAR 56 0 0.932798 0.067202 
 ----> 1.3#6.6#4.0#14.0#VAR 57 0 0.928489 0.0715112 
 ----> 1.3#6.6#4.0#14.0#VAR 58 0 0.936441 0.0635591 
 ----> 1.3#6.6#4.0#14.0#VAR 59 0 0.926219 0.0737813 
 ----> 1.3#6.6#4.0#14.0#VAR 60 0 0.927272 0.0727277 
 ----> 1.3#6.6#4.0#14.0#VAR 61 1 0.92881 0.0711901 
 ----> 1.3#6.6#4.0#14.0#VAR 62 0 0.932568 0.0674317 
 ----> 1.3#6.6#4.0#14.0#VAR 63 0 0.932958 0.0670422 
 ----> 1.3#6.6#4.0#14.0#VAR 64 0 0.921145 0.0788552 
 ----> 1.3#6.6#4.0#14.0#VAR 65 0 0.919191 0.0808088 
 ----> 1.3#6.6#4.0#14.0#VAR 66 0 0.931012 0.0689876 
 ----> 1.3#6.6#4.0#14.0#VAR 67 0 0.933213 0.066787 
 ----> 1.3#6.6#4.0#14.0#VAR 68 0 0.932658 0.0673422 
 ----> 1.3#6.6#4.0#14.0#VAR 69 0 0.92543 0.0745696 
 ----> 1.3#6.6#4.0#14.0#VAR 70 0 0.931162 0.0688375 
 ----> 1.3#6.6#4.0#14.0#VAR 71 0 0.926402 0.0735975 
 ----> 1.3#6.6#4.0#14.0#VAR 72 0 0.919677 0.0803228 
 ----> 1.3#6.6#4.0#14.0#VAR 73 0 0.932024 0.0679763 
 ----> 1.3#6.6#4.0#14.0#VAR 74 0 0.927273 0.0727266 
 ----> 1.3#6.6#4.0#14.0#VAR 75 0 0.917469 0.0825309 
 ----> 1.3#6.6#4.0#14.0#VAR 76 0 0.93843 0.06157 
 ----> 1.3#6.6#4.0#14.0#VAR 77 0 0.933037 0.0669627 
 ----> 1.3#6.6#4.0#14.0#VAR 78 0 0.922252 0.0777483 
 ----> 1.3#6.6#4.0#14.0#VAR 79 0 0.922454 0.0775465 
 ----> 1.3#6.6#4.0#14.0#VAR 80 0 0.921455 0.0785455 
 ----> 1.3#6.6#4.0#14.0#VAR 81 0 0.930007 0.0699934 
 ----> 1.3#6.6#4.0#14.0#VAR 82 0 0.926944 0.0730562 
 ----> 1.3#6.6#4.0#14.0#VAR 83 0 0.926269 0.0737308 
 ----> 1.3#6.6#4.0#14.0#VAR 84 0 0.93071 0.0692899 
 ----> 1.3#6.6#4.0#14.0#VAR 85 0 0.930969 0.0690307 
 ----> 1.3#6.6#4.0#14.0#VAR 86 0 0.936866 0.0631338 
 ----> 1.3#6.6#4.0#14.0#VAR 87 0 0.930495 0.0695051 
 ----> 1.3#6.6#4.0#14.0#VAR 88 0 0.926185 0.0738153 
 ----> 1.3#6.6#4.0#14.0#VAR 89 0 0.932361 0.0676392 
 ----> 1.3#6.6#4.0#14.0#VAR 90 0 0.929539 0.0704611 
 ----> 1.3#6.6#4.0#14.0#VAR 91 0 0.936177 0.0638229 
 ----> 1.3#6.6#4.0#14.0#VAR 92 0 0.928503 0.0714973 
 ----> 1.3#6.6#4.0#14.0#VAR 93 0 0.921513 0.0784871 
 ----> 1.3#6.6#4.0#14.0#VAR 94 0 0.929963 0.0700369 
 ----> 1.3#6.6#4.0#14.0#VAR 95 1 0.923013 0.0769869 
 ----> 1.3#6.6#4.0#14.0#VAR 96 0 0.927681 0.0723194 
 ----> 1.3#6.6#4.0#14.0#VAR 97 0 0.928625 0.0713745 
 ----> 1.3#6.6#4.0#14.0#VAR 98 0 0.923261 0.0767391 
 ----> 1.3#6.6#4.0#14.0#VAR 99 0 0.931654 0.0683459 
 ----> 1.3#6.6#4.0#14.0#VAR 100 0 0.920447 0.0795531 
 ----> 1.3#6.6#4.0#14.0#VAR 101 0 0.919418 0.0805823 
 ----> 1.3#6.6#4.0#14.0#VAR 102 0 0.927403 0.0725968 
 ----> 1.3#6.6#4.0#14.0#VAR 103 0 0.930363 0.0696371 
 ----> 1.3#6.6#4.0#14.0#VAR 104 1 0.912914 0.0870864 
 ----> 1.3#6.6#4.0#14.0#VAR 105 0 0.931015 0.0689853 
 ----> 1.3#6.6#4.0#14.0#VAR 106 0 0.929365 0.0706347 
 ----> 1.3#6.6#4.0#14.0#VAR 107 0 0.927694 0.0723064 
 ----> 1.3#6.6#4.0#14.0#VAR 108 0 0.92842 0.0715804 
 ----> 1.3#6.6#4.0#14.0#VAR 109 0 0.927092 0.0729078 
 ----> 1.3#6.6#4.0#14.0#VAR 110 0 0.912795 0.0872049 
 ----> 1.3#6.6#4.0#14.0#VAR 111 0 0.927996 0.0720037 
 ----> 1.3#6.6#4.0#14.0#VAR 112 0 0.933384 0.066616 
 ----> 1.3#6.6#4.0#14.0#VAR 113 0 0.934519 0.065481 
 ----> 1.3#6.6#4.0#14.0#VAR 114 0 0.932073 0.0679271 
 ----> 1.3#6.6#4.0#14.0#VAR 115 1 0.917486 0.0825143 
 ----> 1.3#6.6#4.0#14.0#VAR 116 0 0.921804 0.0781956 
 ----> 1.3#6.6#4.0#14.0#VAR 117 0 0.926017 0.0739831 
 ----> 1.3#6.6#4.0#14.0#VAR 118 0 0.925177 0.0748231 
 ----> 1.3#6.6#4.0#14.0#VAR 119 0 0.921705 0.0782954 
 ----> 1.3#6.6#4.0#14.0#VAR 120 0 0.920332 0.079668 
 ----> 1.3#6.6#4.0#14.0#VAR 121 1 0.920006 0.0799941 
 ----> 1.3#6.6#4.0#14.0#VAR 122 0 0.926257 0.0737432 
 ----> 1.3#6.6#4.0#14.0#VAR 123 0 0.939363 0.0606369 
 ----> 1.3#6.6#4.0#14.0#VAR 124 0 0.917021 0.0829786 
 ----> 1.3#6.6#4.0#14.0#VAR 125 0 0.912942 0.0870575 
 ----> 1.3#6.6#4.0#14.0#VAR 126 0 0.927773 0.0722266 
 ----> 1.3#6.6#4.0#14.0#VAR 127 0 0.926042 0.0739577 
 ----> 1.3#6.6#4.0#14.0#VAR 128 0 0.922424 0.0775764 
 ----> 1.3#6.6#4.0#14.0#VAR 129 0 0.928575 0.0714255 
 ----> 1.3#6.6#4.0#14.0#VAR 130 0 0.921445 0.0785549 
 ----> 1.3#6.6#4.0#14.0#VAR 131 0 0.927996 0.0720039 
 ----> 1.3#6.6#4.0#14.0#VAR 132 0 0.925216 0.0747841 
 ----> 1.3#6.6#4.0#14.0#VAR 133 0 0.926072 0.0739278 
 ----> 1.3#6.6#4.0#14.0#VAR 134 0 0.921676 0.0783235 
 ----> 1.3#6.6#4.0#14.0#VAR 135 0 0.929625 0.0703752 
 ----> 1.3#6.6#4.0#14.0#VAR 136 0 0.925516 0.074484 
 ----> 1.3#6.6#4.0#14.0#VAR 137 0 0.934015 0.0659852 
 ----> 1.3#6.6#4.0#14.0#VAR 138 0 0.932201 0.0677992 
 ----> 1.3#6.6#4.0#14.0#VAR 139 0 0.92587 0.0741296 
 ----> 1.3#6.6#4.0#14.0#VAR 140 0 0.928626 0.0713736 
 ----> 1.3#6.6#4.0#14.0#VAR 141 0 0.930693 0.0693067 
 ----> 1.3#6.6#4.0#14.0#VAR 142 0 0.919074 0.0809257 
 ----> 1.3#6.6#4.0#14.0#VAR 143 0 0.930601 0.0693986 
 ----> 1.3#6.6#4.0#14.0#VAR 144 0 0.927538 0.072462 
 ----> 1.3#6.6#4.0#14.0#VAR 145 0 0.925172 0.0748277 
 ----> 1.3#6.6#4.0#14.0#VAR 146 0 0.936155 0.0638446 
 ----> 1.3#6.6#4.0#14.0#VAR 147 0 0.933452 0.066548 
 ----> 1.3#6.6#4.0#14.0#VAR 148 1 0.916994 0.0830063 
 ----> 1.3#6.6#4.0#14.0#VAR 149 0 0.922323 0.077677 
 ----> 1.3#6.6#4.0#14.0#VAR 150 0 0.927248 0.0727519 
 ----> 1.3#6.6#4.0#14.0#VAR 151 0 0.930985 0.0690155 
 ----> 1.3#6.6#4.0#14.0#VAR 152 0 0.930947 0.0690531 
 ----> 1.3#6.6#4.0#14.0#VAR 153 0 0.929097 0.0709033 
 ----> 1.3#6.6#4.0#14.0#VAR 154 0 0.934574 0.0654258 
 ----> 1.3#6.6#4.0#14.0#VAR 155 0 0.920128 0.0798717 
 ----> 1.3#6.6#4.0#14.0#VAR 156 0 0.925796 0.0742037 
 ----> 1.3#6.6#4.0#14.0#VAR 157 0 0.922556 0.0774443 
 ----> 1.3#6.6#4.0#14.0#VAR 158 0 0.922879 0.0771205 
 ----> 1.3#6.6#4.0#14.0#VAR 159 0 0.928841 0.0711595 
 ----> 1.3#6.6#4.0#14.0#VAR 160 0 0.933437 0.0665635 
 ----> 1.3#6.6#4.0#14.0#VAR 161 0 0.931322 0.0686778 
 ----> 1.3#6.6#4.0#14.0#VAR 162 1 0.925045 0.0749548 
 ----> 1.3#6.6#4.0#14.0#VAR 163 0 0.931296 0.0687038 
 ----> 1.3#6.6#4.0#14.0#VAR 164 0 0.919468 0.0805317 
 ----> 1.3#6.6#4.0#14.0#VAR 165 0 0.921077 0.0789229 
 ----> 1.3#6.6#4.0#14.0#VAR 166 0 0.935102 0.0648984 
 ----> 1.3#6.6#4.0#14.0#VAR 167 0 0.915336 0.0846637 
 ----> 1.3#6.6#4.0#14.0#VAR 168 0 0.933649 0.0663514 
 ----> 1.3#6.6#4.0#14.0#VAR 169 0 0.92478 0.07522 
 ----> 1.3#6.6#4.0#14.0#VAR 170 0 0.921615 0.0783852 
 ----> 1.3#6.6#4.0#14.0#VAR 171 0 0.928175 0.0718251 
 ----> 1.3#6.6#4.0#14.0#VAR 172 1 0.912143 0.0878573 
 ----> 1.3#6.6#4.0#14.0#VAR 173 0 0.928784 0.0712157 
 ----> 1.3#6.6#4.0#14.0#VAR 174 0 0.931607 0.0683931 
 ----> 1.3#6.6#4.0#14.0#VAR 175 0 0.928587 0.0714133 
 ----> 1.3#6.6#4.0#14.0#VAR 176 0 0.927098 0.0729016 
 ----> 1.3#6.6#4.0#14.0#VAR 177 0 0.915263 0.0847368 
 ----> 1.3#6.6#4.0#14.0#VAR 178 0 0.92904 0.0709601 
 ----> 1.3#6.6#4.0#14.0#VAR 179 0 0.918579 0.0814209 
 ----> 1.3#6.6#4.0#14.0#VAR 180 0 0.921698 0.0783016 
 ----> 1.3#6.6#4.0#14.0#VAR 181 0 0.915741 0.0842588 
 ----> 1.3#6.6#4.0#14.0#VAR 182 0 0.930396 0.0696038 
 ----> 1.3#6.6#4.0#14.0#VAR 183 0 0.927928 0.0720724 
 ----> 1.3#6.6#4.0#14.0#VAR 184 0 0.925056 0.0749441 
 ----> 1.3#6.6#4.0#14.0#VAR 185 0 0.92523 0.0747699 
 ----> 1.3#6.6#4.0#14.0#VAR 186 0 0.930716 0.0692842 
 ----> 1.3#6.6#4.0#14.0#VAR 187 0 0.92164 0.0783604 
 ----> 1.3#6.6#4.0#14.0#VAR 188 1 0.909525 0.090475 
 ----> 1.3#6.6#4.0#14.0#VAR 189 0 0.919121 0.0808787 
 ----> 1.3#6.6#4.0#14.0#VAR 190 0 0.915447 0.084553 
 ----> 1.3#6.6#4.0#14.0#VAR 191 0 0.931611 0.0683887 
 ----> 1.3#6.6#4.0#14.0#VAR 192 0 0.937216 0.0627839 
 ----> 1.3#6.6#4.0#14.0#VAR 193 0 0.928111 0.0718888 
 ----> 1.3#6.6#4.0#14.0#VAR 194 0 0.932012 0.0679882 
 ----> 1.3#6.6#4.0#14.0#VAR 195 0 0.93009 0.0699102 
 ----> 1.3#6.6#4.0#14.0#VAR 196 0 0.933031 0.0669693 
 ----> 1.3#6.6#4.0#14.0#VAR 197 0 0.932695 0.0673046 
 ----> 1.3#6.6#4.0#14.0#VAR 198 0 0.92979 0.0702102 
 ----> 1.3#6.6#4.0#14.0#VAR 199 0 0.925548 0.0744522 
 ----> 1.3#6.6#4.0#14.0#VAR 200 0 0.930839 0.0691613 
 ----> 1.3#6.6#4.0#14.0#VAR 201 0 0.937184 0.0628159 
 ----> 1.3#6.6#4.0#14.0#VAR 202 0 0.930797 0.0692031 
 ----> 1.3#6.6#4.0#14.0#VAR 203 0 0.925628 0.0743718 
 ----> 1.3#6.6#4.0#14.0#VAR 204 0 0.924292 0.0757082 
 ----> 1.3#6.6#4.0#14.0#VAR 205 0 0.9207 0.0792996 
 ----> 1.3#6.6#4.0#14.0#VAR 206 0 0.92271 0.0772901 
 ----> 1.3#6.6#4.0#14.0#VAR 207 0 0.926671 0.0733293 
 ----> 1.3#6.6#4.0#14.0#VAR 208 0 0.932194 0.0678056 
 ----> 1.3#6.6#4.0#14.0#VAR 209 0 0.937604 0.0623955 
 ----> 1.3#6.6#4.0#14.0#VAR 210 0 0.925718 0.0742819 
 ----> 1.3#6.6#4.0#14.0#VAR 211 0 0.926316 0.0736836 
 ----> 1.3#6.6#4.0#14.0#VAR 212 0 0.930321 0.0696787 
 ----> 1.3#6.6#4.0#14.0#VAR 213 0 0.936287 0.0637127 
 ----> 1.3#6.6#4.0#14.0#VAR 214 0 0.929925 0.0700751 
 ----> 1.3#6.6#4.0#14.0#VAR 215 0 0.927542 0.0724576 
 ----> 1.3#6.6#4.0#14.0#VAR 216 0 0.934155 0.0658447 
 ----> 1.3#6.6#4.0#14.0#VAR 217 0 0.92236 0.0776396 
 ----> 1.3#6.6#4.0#14.0#VAR 218 0 0.945442 0.054558 
 ----> 1.3#6.6#4.0#14.0#VAR 219 0 0.93911 0.0608903 
 ----> 1.3#6.6#4.0#14.0#VAR 220 1 0.919993 0.080007 
 ----> 1.3#6.6#4.0#14.0#VAR 221 0 0.925719 0.0742814 
 ----> 1.3#6.6#4.0#14.0#VAR 222 0 0.926668 0.0733317 
 ----> 1.3#6.6#4.0#14.0#VAR 223 0 0.929405 0.0705955 
 ----> 1.3#6.6#4.0#14.0#VAR 224 0 0.929869 0.0701308 
 ----> 1.3#6.6#4.0#14.0#VAR 225 0 0.926708 0.0732922 
 ----> 1.3#6.6#4.0#14.0#VAR 226 0 0.924443 0.0755571 
 ----> 1.3#6.6#4.0#14.0#VAR 227 0 0.930667 0.0693329 
 ----> 1.3#6.6#4.0#14.0#VAR 228 1 0.927856 0.0721443 
 ----> 1.3#6.6#4.0#14.0#VAR 229 0 0.935244 0.0647558 
 ----> 1.3#6.6#4.0#14.0#VAR 230 0 0.930782 0.0692181 
 ----> 1.3#6.6#4.0#14.0#VAR 231 0 0.92571 0.0742902 
 ----> 1.3#6.6#4.0#14.0#VAR 232 0 0.931855 0.0681455 
 ----> 1.3#6.6#4.0#14.0#VAR 233 0 0.927781 0.0722195 
 ----> 1.3#6.6#4.0#14.0#VAR 234 0 0.925048 0.0749525 
 ----> 1.3#6.6#4.0#14.0#VAR 235 0 0.927232 0.0727676 
 ----> 1.3#6.6#4.0#14.0#VAR 236 0 0.923777 0.0762227 
 ----> 1.3#6.6#4.0#14.0#VAR 237 0 0.922489 0.0775112 
 ----> 1.3#6.6#4.0#14.0#VAR 238 0 0.937644 0.0623561 
 ----> 1.3#6.6#4.0#14.0#VAR 239 0 0.930624 0.0693761 
 ----> 1.3#6.6#4.0#14.0#VAR 240 0 0.929194 0.0708063 
 ----> 1.3#6.6#4.0#14.0#VAR 241 0 0.926432 0.0735682 
 ----> 1.3#6.6#4.0#14.0#VAR 242 0 0.930941 0.0690587 
 ----> 1.3#6.6#4.0#14.0#VAR 243 0 0.928204 0.0717962 
 ----> 1.3#6.6#4.0#14.0#VAR 244 0 0.922185 0.0778153 
 ----> 1.3#6.6#4.0#14.0#VAR 245 0 0.934579 0.0654211 
 ----> 1.3#6.6#4.0#14.0#VAR 246 0 0.927517 0.0724833 
 ----> 1.3#6.6#4.0#14.0#VAR 247 0 0.935385 0.064615 
 ----> 1.3#6.6#4.0#14.0#VAR 248 0 0.937701 0.0622993 
 ----> 1.3#6.6#4.0#14.0#VAR 249 0 0.926979 0.0730215 
 ----> 1.3#6.6#4.0#14.0#VAR 250 0 0.926865 0.0731347 
 ----> 1.3#6.6#4.0#14.0#VAR 251 0 0.910306 0.0896935 
 ----> 1.3#6.6#4.0#14.0#VAR 252 0 0.914791 0.0852094 
 ----> 1.3#6.6#4.0#14.0#VAR 253 0 0.922698 0.0773016 
 ----> 1.3#6.6#4.0#14.0#VAR 254 0 0.919799 0.0802013 
 ----> 1.3#6.6#4.0#14.0#VAR 255 0 0.917983 0.0820169 
 ----> 1.3#6.6#4.0#14.0#VAR 256 0 0.932258 0.0677422 
 ----> 1.3#6.6#4.0#14.0#VAR 257 0 0.926175 0.0738255 
 ----> 1.3#6.6#4.0#14.0#VAR 258 0 0.921237 0.078763 
 ----> 1.3#6.6#4.0#14.0#VAR 259 0 0.927733 0.072267 
 ----> 1.3#6.6#4.0#14.0#VAR 260 0 0.922034 0.0779657 
 ----> 1.3#6.6#4.0#14.0#VAR 261 0 0.931334 0.0686664 
 ----> 1.3#6.6#4.0#14.0#VAR 262 0 0.931922 0.0680782 
 ----> 1.3#6.6#4.0#14.0#VAR 263 0 0.938553 0.0614471 
 ----> 1.3#6.6#4.0#14.0#VAR 264 0 0.934936 0.0650643 
 ----> 1.3#6.6#4.0#14.0#VAR 265 0 0.931725 0.0682754 
 ----> 1.3#6.6#4.0#14.0#VAR 266 0 0.939229 0.0607711 
 ----> 1.3#6.6#4.0#14.0#VAR 267 0 0.916341 0.0836588 
 ----> 1.3#6.6#4.0#14.0#VAR 268 0 0.93472 0.0652804 
 ----> 1.3#6.6#4.0#14.0#VAR 269 0 0.914264 0.085736 
 ----> 1.3#6.6#4.0#14.0#VAR 270 0 0.921899 0.0781014 
 ----> 1.3#6.6#4.0#14.0#VAR 271 1 0.918609 0.0813908 
 ----> 1.3#6.6#4.0#14.0#VAR 272 0 0.908591 0.0914085 
 ----> 1.3#6.6#4.0#14.0#VAR 273 0 0.92749 0.07251 
 ----> 1.3#6.6#4.0#14.0#VAR 274 1 0.916893 0.0831071 
 ----> 1.3#6.6#4.0#14.0#VAR 275 0 0.930417 0.0695833 
 ----> 1.3#6.6#4.0#14.0#VAR 276 0 0.932355 0.0676447 
 ----> 1.3#6.6#4.0#14.0#VAR 277 0 0.924736 0.0752637 
 ----> 1.3#6.6#4.0#14.0#VAR 278 0 0.934152 0.0658482 
 ----> 1.3#6.6#4.0#14.0#VAR 279 0 0.938519 0.0614807 
 ----> 1.3#6.6#4.0#14.0#VAR 280 0 0.925229 0.074771 
 ----> 1.3#6.6#4.0#14.0#VAR 281 0 0.926371 0.073629 
 ----> 1.3#6.6#4.0#14.0#VAR 282 0 0.92582 0.0741796 
 ----> 1.3#6.6#4.0#14.0#VAR 283 0 0.928422 0.0715776 
 ----> 1.3#6.6#4.0#14.0#VAR 284 0 0.934803 0.0651965 
 ----> 1.3#6.6#4.0#14.0#VAR 285 0 0.923224 0.0767764 
 ----> 1.3#6.6#4.0#14.0#VAR 286 0 0.931867 0.0681333 
 ----> 1.3#6.6#4.0#14.0#VAR 287 0 0.936075 0.0639251 
 ----> 1.3#6.6#4.0#14.0#VAR 288 0 0.931214 0.0687862 
 ----> 1.3#6.6#4.0#14.0#VAR 289 0 0.927099 0.0729015 
 ----> 1.3#6.6#4.0#14.0#VAR 290 0 0.919375 0.0806253 
 ----> 1.3#6.6#4.0#14.0#VAR 291 0 0.931671 0.0683285 
 ----> 1.3#6.6#4.0#14.0#VAR 292 0 0.930288 0.0697122 
 ----> 1.3#6.6#4.0#14.0#VAR 293 0 0.929084 0.0709158 
 ----> 1.3#6.6#4.0#14.0#VAR 294 0 0.921902 0.0780983 
 ----> 1.3#6.6#4.0#14.0#VAR 295 0 0.930161 0.0698394 
 ----> 1.3#6.6#4.0#14.0#VAR 296 0 0.930133 0.0698669 
 ----> 1.3#6.6#4.0#14.0#VAR 297 0 0.922508 0.0774917 
 ----> 1.3#6.6#4.0#14.0#VAR 298 0 0.922762 0.0772382 
 ----> 1.3#6.6#4.0#14.0#VAR 299 0 0.94079 0.0592102 
 ----> 1.3#6.6#4.0#14.0#VAR 300 0 0.919001 0.0809986 
 ----> 1.3#6.6#4.0#14.0#VAR 301 0 0.93282 0.0671801 
 ----> 1.3#6.6#4.0#14.0#VAR 302 0 0.935487 0.064513 
 ----> 1.3#6.6#4.0#14.0#VAR 303 0 0.92311 0.0768898 
 ----> 1.3#6.6#4.0#14.0#VAR 304 0 0.933341 0.0666593 
 ----> 1.3#6.6#4.0#14.0#VAR 305 0 0.939592 0.0604075 
 ----> 1.3#6.6#4.0#14.0#VAR 306 0 0.918524 0.081476 
 ----> 1.3#6.6#4.0#14.0#VAR 307 0 0.924836 0.0751645 
 ----> 1.3#6.6#4.0#14.0#VAR 308 0 0.93206 0.0679396 
 ----> 1.3#6.6#4.0#14.0#VAR 309 0 0.92966 0.07034 
 ----> 1.3#6.6#4.0#14.0#VAR 310 0 0.913495 0.0865046 
 ----> 1.3#6.6#4.0#14.0#VAR 311 0 0.930238 0.0697623 
 ----> 1.3#6.6#4.0#14.0#VAR 312 0 0.923629 0.0763709 
 ----> 1.3#6.6#4.0#14.0#VAR 313 0 0.930572 0.0694279 
 ----> 1.3#6.6#4.0#14.0#VAR 314 0 0.921928 0.0780717 
 ----> 1.3#6.6#4.0#14.0#VAR 315 0 0.924525 0.0754751 
 ----> 1.3#6.6#4.0#14.0#VAR 316 0 0.924847 0.0751533 
 ----> 1.3#6.6#4.0#14.0#VAR 317 0 0.923899 0.0761007 
 ----> 1.3#6.6#4.0#14.0#VAR 318 0 0.927304 0.0726962 
 ----> 1.3#6.6#4.0#14.0#VAR 319 0 0.928248 0.0717516 
 ----> 1.3#6.6#4.0#14.0#VAR 320 0 0.923392 0.0766079 
 ----> 1.3#6.6#4.0#14.0#VAR 321 0 0.934485 0.0655145 
 ----> 1.3#6.6#4.0#14.0#VAR 322 0 0.932261 0.0677393 
 ----> 1.3#6.6#4.0#14.0#VAR 323 0 0.932997 0.0670032 
 ----> 1.3#6.6#4.0#14.0#VAR 324 0 0.927199 0.0728008 
 ----> 1.3#6.6#4.0#14.0#VAR 325 0 0.929993 0.0700068 
 ----> 1.3#6.6#4.0#14.0#VAR 326 0 0.93115 0.0688505 
 ----> 1.3#6.6#4.0#14.0#VAR 327 0 0.924509 0.0754907 
 ----> 1.3#6.6#4.0#14.0#VAR 328 0 0.937128 0.0628719 
 ----> 1.3#6.6#4.0#14.0#VAR 329 0 0.924009 0.0759908 
 ----> 1.3#6.6#4.0#14.0#VAR 330 0 0.91963 0.0803696 
 ----> 1.3#6.6#4.0#14.0#VAR 331 0 0.927146 0.0728543 
 ----> 1.3#6.6#4.0#14.0#VAR 332 0 0.918846 0.081154 
 ----> 1.3#6.6#4.0#14.0#VAR 333 0 0.914112 0.0858884 
 ----> 1.3#6.6#4.0#14.0#VAR 334 0 0.933479 0.0665214 
 ----> 1.3#6.6#4.0#14.0#VAR 335 0 0.926395 0.0736047 
 ----> 1.3#6.6#4.0#14.0#VAR 336 0 0.931897 0.0681033 
 ----> 1.3#6.6#4.0#14.0#VAR 337 0 0.933816 0.0661838 
 ----> 1.3#6.6#4.0#14.0#VAR 338 0 0.921855 0.078145 
 ----> 1.3#6.6#4.0#14.0#VAR 339 0 0.930729 0.0692708 
 ----> 1.3#6.6#4.0#14.0#VAR 340 0 0.930328 0.0696719 
 ----> 1.3#6.6#4.0#14.0#VAR 341 0 0.92091 0.07909 
 ----> 1.3#6.6#4.0#14.0#VAR 342 0 0.922801 0.077199 
 ----> 1.3#6.6#4.0#14.0#VAR 343 0 0.930199 0.0698012 
 ----> 1.3#6.6#4.0#14.0#VAR 344 1 0.92098 0.0790204 
 ----> 1.3#6.6#4.0#14.0#VAR 345 0 0.921187 0.0788128 
 ----> 1.3#6.6#4.0#14.0#VAR 346 1 0.916553 0.0834468 
 ----> 1.3#6.6#4.0#14.0#VAR 347 0 0.931959 0.068041 
 ----> 1.3#6.6#4.0#14.0#VAR 348 0 0.935583 0.0644175 
 ----> 1.3#6.6#4.0#14.0#VAR 349 0 0.920411 0.0795886 
 ----> 1.3#6.6#4.0#14.0#VAR 350 0 0.924725 0.0752755 
 ----> 1.3#6.6#4.0#14.0#VAR 351 0 0.922386 0.0776142 
 ----> 1.3#6.6#4.0#14.0#VAR 352 0 0.919152 0.0808482 
 ----> 1.3#6.6#4.0#14.0#VAR 353 0 0.933559 0.0664411 
 ----> 1.3#6.6#4.0#14.0#VAR 354 0 0.922135 0.0778651 
 ----> 1.3#6.6#4.0#14.0#VAR 355 0 0.93216 0.0678399 
 ----> 1.3#6.6#4.0#14.0#VAR 356 0 0.934335 0.0656651 
 ----> 1.3#6.6#4.0#14.0#VAR 357 0 0.923858 0.0761416 
 ----> 1.3#6.6#4.0#14.0#VAR 358 0 0.926432 0.0735677 
 ----> 1.3#6.6#4.0#14.0#VAR 359 0 0.921239 0.078761 
 ----> 1.3#6.6#4.0#14.0#VAR 360 0 0.926038 0.0739623 
 ----> 1.3#6.6#4.0#14.0#VAR 361 0 0.916148 0.0838519 
 ----> 1.3#6.6#4.0#14.0#VAR 362 0 0.914238 0.0857617 
 ----> 1.3#6.6#4.0#14.0#VAR 363 0 0.918499 0.0815011 
 ----> 1.3#6.6#4.0#14.0#VAR 364 0 0.922257 0.0777431 
 ----> 1.3#6.6#4.0#14.0#VAR 365 0 0.922455 0.0775446 
 ----> 1.3#6.6#4.0#14.0#VAR 366 0 0.911861 0.0881392 
 ----> 1.3#6.6#4.0#14.0#VAR 367 1 0.911361 0.0886394 
 ----> 1.3#6.6#4.0#14.0#VAR 368 0 0.91437 0.0856298 
 ----> 1.3#6.6#4.0#14.0#VAR 369 0 0.912196 0.0878044 
 ----> 1.3#6.6#4.0#14.0#VAR 370 0 0.920356 0.0796442 
 ----> 1.3#6.6#4.0#14.0#VAR 371 0 0.926458 0.0735415 
 ----> 1.3#6.6#4.0#14.0#VAR 372 0 0.921042 0.0789577 
 ----> 1.3#6.6#4.0#14.0#VAR 373 0 0.941119 0.0588806 
 ----> 1.3#6.6#4.0#14.0#VAR 374 0 0.921708 0.0782915 
 ----> 1.3#6.6#4.0#14.0#VAR 375 0 0.915271 0.0847289 
 ----> 1.3#6.6#4.0#14.0#VAR 376 0 0.927401 0.0725988 
 ----> 1.3#6.6#4.0#14.0#VAR 377 1 0.912264 0.0877364 
 ----> 1.3#6.6#4.0#14.0#VAR 378 1 0.901852 0.0981476 
 ----> 1.3#6.6#4.0#14.0#VAR 379 0 0.923203 0.0767967 
 ----> 1.3#6.6#4.0#14.0#VAR 380 1 0.909462 0.0905376 
 ----> 1.3#6.6#4.0#14.0#VAR 381 0 0.910229 0.089771 
 ----> 1.3#6.6#4.0#14.0#VAR 382 0 0.920859 0.0791414 
 ----> 1.3#6.6#4.0#14.0#VAR 383 0 0.923082 0.0769182 
 ----> 1.3#6.6#4.0#14.0#VAR 384 0 0.932591 0.0674094 
 ----> 1.3#6.6#4.0#14.0#VAR 385 1 0.899604 0.100396 
 ----> 1.3#6.6#4.0#14.0#VAR 386 0 0.907646 0.0923541 
 ----> 1.3#6.6#4.0#14.0#VAR 387 0 0.932448 0.0675516 
 ----> 1.3#6.6#4.0#14.0#VAR 388 0 0.925119 0.0748815 
 ----> 1.3#6.6#4.0#14.0#VAR 389 0 0.927699 0.0723008 
 ----> 1.3#6.6#4.0#14.0#VAR 390 0 0.92218 0.07782 
 ----> 1.3#6.6#4.0#14.0#VAR 391 0 0.927428 0.0725724 
 ----> 1.3#6.6#4.0#14.0#VAR 392 0 0.923812 0.0761881 
 ----> 1.3#6.6#4.0#14.0#VAR 393 0 0.92816 0.07184 
 ----> 1.3#6.6#4.0#14.0#VAR 394 0 0.921899 0.0781007 
 ----> 1.3#6.6#4.0#14.0#VAR 395 0 0.91992 0.0800799 
 ----> 1.3#6.6#4.0#14.0#VAR 396 1 0.909581 0.0904191 
 ----> 1.3#6.6#4.0#14.0#VAR 397 0 0.925458 0.0745421 
 ----> 1.3#6.6#4.0#14.0#VAR 398 0 0.93679 0.0632099 
 ----> 1.3#6.6#4.0#14.0#VAR 399 1 0.920385 0.0796145 
 ----> 1.3#6.6#4.0#14.0#VAR 400 0 0.922655 0.077345 
 ----> 1.3#6.6#4.0#14.0#VAR 401 0 0.925091 0.0749091 
 ----> 1.3#6.6#4.0#14.0#VAR 402 1 0.919098 0.0809017 
 ----> 1.3#6.6#4.0#14.0#VAR 403 0 0.9265 0.0735002 
 ----> 1.3#6.6#4.0#14.0#VAR 404 0 0.928629 0.0713706 
 ----> 1.3#6.6#4.0#14.0#VAR 405 0 0.918864 0.0811361 
 ----> 1.3#6.6#4.0#14.0#VAR 406 0 0.931105 0.0688953 
 ----> 1.3#6.6#4.0#14.0#VAR 407 0 0.924284 0.0757163 
 ----> 1.3#6.6#4.0#14.0#VAR 408 0 0.923224 0.0767762 
 ----> 1.3#6.6#4.0#14.0#VAR 409 0 0.926657 0.0733434 
 ----> 1.3#6.6#4.0#14.0#VAR 410 0 0.925476 0.0745245 
 ----> 1.3#6.6#4.0#14.0#VAR 411 0 0.912371 0.0876287 
 ----> 1.3#6.6#4.0#14.0#VAR 412 0 0.929734 0.0702658 
 ----> 1.3#6.6#4.0#14.0#VAR 413 0 0.924623 0.075377 
 ----> 1.3#6.6#4.0#14.0#VAR 414 0 0.925225 0.0747748 
 ----> 1.3#6.6#4.0#14.0#VAR 415 0 0.930211 0.0697887 
 ----> 1.3#6.6#4.0#14.0#VAR 416 0 0.922055 0.0779451 
 ----> 1.3#6.6#4.0#14.0#VAR 417 0 0.917614 0.0823861 
 ----> 1.3#6.6#4.0#14.0#VAR 418 0 0.939136 0.0608643 
 ----> 1.3#6.6#4.0#14.0#VAR 419 0 0.923871 0.0761289 
 ----> 1.3#6.6#4.0#14.0#VAR 420 0 0.926915 0.0730854 
 ----> 1.3#6.6#4.0#14.0#VAR 421 0 0.935115 0.0648852 
 ----> 1.3#6.6#4.0#14.0#VAR 422 0 0.92693 0.0730697 
 ----> 1.3#6.6#4.0#14.0#VAR 423 0 0.925989 0.0740112 
 ----> 1.3#6.6#4.0#14.0#VAR 424 0 0.922757 0.0772426 
 ----> 1.3#6.6#4.0#14.0#VAR 425 0 0.915299 0.0847007 
 ----> 1.3#6.6#4.0#14.0#VAR 426 0 0.92234 0.0776603 
 ----> 1.3#6.6#4.0#14.0#VAR 427 1 0.922737 0.077263 
 ----> 1.3#6.6#4.0#14.0#VAR 428 0 0.922033 0.0779669 
 ----> 1.3#6.6#4.0#14.0#VAR 429 0 0.938356 0.0616437 
 ----> 1.3#6.6#4.0#14.0#VAR 430 0 0.923151 0.0768494 
 ----> 1.3#6.6#4.0#14.0#VAR 431 0 0.923686 0.0763143 
 ----> 1.3#6.6#4.0#14.0#VAR 432 0 0.917473 0.0825275 
 ----> 1.3#6.6#4.0#14.0#VAR 433 0 0.916985 0.0830151 
 ----> 1.3#6.6#4.0#14.0#VAR 434 0 0.924926 0.0750736 
 ----> 1.3#6.6#4.0#14.0#VAR 435 0 0.924605 0.0753954 
 ----> 1.3#6.6#4.0#14.0#VAR 436 0 0.922813 0.0771871 
 ----> 1.3#6.6#4.0#14.0#VAR 437 0 0.934227 0.065773 
 ----> 1.3#6.6#4.0#14.0#VAR 438 0 0.926583 0.073417 
 ----> 1.3#6.6#4.0#14.0#VAR 439 0 0.930071 0.0699292 
 ----> 1.3#6.6#4.0#14.0#VAR 440 0 0.938328 0.061672 
 ----> 1.3#6.6#4.0#14.0#VAR 441 0 0.926954 0.0730459 
 ----> 1.3#6.6#4.0#14.0#VAR 442 0 0.917758 0.0822424 
 ----> 1.3#6.6#4.0#14.0#VAR 443 0 0.927837 0.0721632 
 ----> 1.3#6.6#4.0#14.0#VAR 444 0 0.929395 0.0706053 
 ----> 1.3#6.6#4.0#14.0#VAR 445 1 0.919603 0.0803975 
 ----> 1.3#6.6#4.0#14.0#VAR 446 0 0.916814 0.0831859 
 ----> 1.3#6.6#4.0#14.0#VAR 447 0 0.940952 0.0590475 
 ----> 1.3#6.6#4.0#14.0#VAR 448 0 0.931478 0.0685217 
 ----> 1.3#6.6#4.0#14.0#VAR 449 0 0.925602 0.0743981 
 ----> 1.3#6.6#4.0#14.0#VAR 450 0 0.928496 0.0715045 
 ----> 1.3#6.6#4.0#14.0#VAR 451 1 0.925149 0.0748515 
 ----> 1.3#6.6#4.0#14.0#VAR 452 0 0.925125 0.0748751 
 ----> 1.3#6.6#4.0#14.0#VAR 453 0 0.928996 0.0710044 
 ----> 1.3#6.6#4.0#14.0#VAR 454 0 0.927148 0.0728517 
 ----> 1.3#6.6#4.0#14.0#VAR 455 0 0.927676 0.0723244 
 ----> 1.3#6.6#4.0#14.0#VAR 456 0 0.934047 0.0659535 
 ----> 1.3#6.6#4.0#14.0#VAR 457 0 0.930715 0.0692853 
 ----> 1.3#6.6#4.0#14.0#VAR 458 0 0.931957 0.068043 
 ----> 1.3#6.6#4.0#14.0#VAR 459 0 0.925501 0.0744986 
 ----> 1.3#6.6#4.0#14.0#VAR 460 0 0.928996 0.0710037 
 ----> 1.3#6.6#4.0#14.0#VAR 461 1 0.911084 0.0889163 
 ----> 1.3#6.6#4.0#14.0#VAR 462 0 0.923817 0.0761829 
 ----> 1.3#6.6#4.0#14.0#VAR 463 0 0.93694 0.0630599 
 ----> 1.3#6.6#4.0#14.0#VAR 464 0 0.938883 0.0611165 
 ----> 1.3#6.6#4.0#14.0#VAR 465 0 0.933145 0.0668555 
 ----> 1.3#6.6#4.0#14.0#VAR 466 0 0.933044 0.0669556 
 ----> 1.3#6.6#4.0#14.0#VAR 467 0 0.922379 0.0776211 
 ----> 1.3#6.6#4.0#14.0#VAR 468 0 0.934274 0.0657256 
 ----> 1.3#6.6#4.0#14.0#VAR 469 0 0.923332 0.0766681 
 ----> 1.3#6.6#4.0#14.0#VAR 470 0 0.926912 0.0730879 
 ----> 1.3#6.6#4.0#14.0#VAR 471 0 0.926834 0.0731659 
 ----> 1.3#6.6#4.0#14.0#VAR 472 0 0.925775 0.0742254 
 ----> 1.3#6.6#4.0#14.0#VAR 473 0 0.922203 0.0777972 
 ----> 1.3#6.6#4.0#14.0#VAR 474 0 0.926605 0.0733955 
 ----> 1.3#6.6#4.0#14.0#VAR 475 0 0.922938 0.0770625 
 ----> 1.3#6.6#4.0#14.0#VAR 476 0 0.937685 0.0623154 
 ----> 1.3#6.6#4.0#14.0#VAR 477 0 0.928185 0.0718145 
 ----> 1.3#6.6#4.0#14.0#VAR 478 0 0.925056 0.0749438 
 ----> 1.3#6.6#4.0#14.0#VAR 479 0 0.93477 0.0652296 
 ----> 1.3#6.6#4.0#14.0#VAR 480 0 0.922039 0.0779607 
 ----> 1.3#6.6#4.0#14.0#VAR 481 0 0.920353 0.0796467 
 ----> 1.3#6.6#4.0#14.0#VAR 482 0 0.925395 0.0746052 
 ----> 1.3#6.6#4.0#14.0#VAR 483 0 0.939459 0.0605414 
 ----> 1.3#6.6#4.0#14.0#VAR 484 0 0.931986 0.0680138 
 ----> 1.3#6.6#4.0#14.0#VAR 485 0 0.927859 0.0721415 
 ----> 1.3#6.6#4.0#14.0#VAR 486 0 0.930851 0.0691494 
 ----> 1.3#6.6#4.0#14.0#VAR 487 0 0.920101 0.0798988 
 ----> 1.3#6.6#4.0#14.0#VAR 488 0 0.930066 0.0699343 
 ----> 1.3#6.6#4.0#14.0#VAR 489 0 0.914923 0.0850765 
 ----> 1.3#6.6#4.0#14.0#VAR 490 0 0.92843 0.0715697 
 ----> 1.3#6.6#4.0#14.0#VAR 491 0 0.930695 0.0693052 
 ----> 1.3#6.6#4.0#14.0#VAR 492 0 0.920421 0.0795788 
 ----> 1.3#6.6#4.0#14.0#VAR 493 0 0.927928 0.0720722 
 ----> 1.3#6.6#4.0#14.0#VAR 494 0 0.929465 0.070535 
 ----> 1.3#6.6#4.0#14.0#VAR 495 0 0.928011 0.071989 
 ----> 1.3#6.6#4.0#14.0#VAR 496 0 0.918833 0.0811669 
 ----> 1.3#6.6#4.0#14.0#VAR 497 0 0.922568 0.0774316 
 ----> 1.3#6.6#4.0#14.0#VAR 498 0 0.926282 0.0737176 
 ----> 1.3#6.6#4.0#14.0#VAR 499 0 0.920547 0.0794525 
 ----> 1.3#6.6#4.0#14.0#VAR 500 0 0.918647 0.0813531 
 ----> 1.3#6.6#4.0#14.0#VAR 501 0 0.927467 0.0725329 
 ----> 1.3#6.6#4.0#14.0#VAR 502 0 0.92866 0.0713403 
 ----> 1.3#6.6#4.0#14.0#VAR 503 0 0.91831 0.0816904 
 ----> 1.3#6.6#4.0#14.0#VAR 504 0 0.923086 0.0769136 
 ----> 1.3#6.6#4.0#14.0#VAR 505 0 0.922305 0.0776946 
 ----> 1.3#6.6#4.0#14.0#VAR 506 0 0.923497 0.0765025 
 ----> 1.3#6.6#4.0#14.0#VAR 507 0 0.927789 0.0722113 
 ----> 1.3#6.6#4.0#14.0#VAR 508 0 0.920129 0.0798711 
 ----> 1.3#6.6#4.0#14.0#VAR 509 0 0.915748 0.0842523 
 ----> 1.3#6.6#4.0#14.0#VAR 510 0 0.930482 0.0695175 
 ----> 1.3#6.6#4.0#14.0#VAR 511 0 0.920971 0.0790292 
 ----> 1.3#6.6#4.0#14.0#VAR 512 0 0.922752 0.0772485 
 ----> 1.3#6.6#4.0#14.0#VAR 513 0 0.925885 0.0741151 
 ----> 1.3#6.6#4.0#14.0#VAR 514 0 0.924342 0.0756579 
 ----> 1.3#6.6#4.0#14.0#VAR 515 0 0.92616 0.0738403 
 ----> 1.3#6.6#4.0#14.0#VAR 516 0 0.930238 0.0697621 
 ----> 1.3#6.6#4.0#14.0#VAR 517 0 0.914483 0.0855173 
 ----> 1.3#6.6#4.0#14.0#VAR 518 0 0.920128 0.0798725 
 ----> 1.3#6.6#4.0#14.0#VAR 519 0 0.922374 0.0776256 
 ----> 1.3#6.6#4.0#14.0#VAR 520 0 0.920275 0.079725 
 ----> 1.3#6.6#4.0#14.0#VAR 521 0 0.93743 0.0625698 
 ----> 1.3#6.6#4.0#14.0#VAR 522 0 0.922536 0.0774644 
 ----> 1.3#6.6#4.0#14.0#VAR 523 0 0.927647 0.0723529 
 ----> 1.3#6.6#4.0#14.0#VAR 524 0 0.943748 0.0562523 
 ----> 1.3#6.6#4.0#14.0#VAR 525 0 0.9442 0.0557995 
 ----> 1.3#6.6#4.0#14.0#VAR 526 0 0.929306 0.0706936 
 ----> 1.3#6.6#4.0#14.0#VAR 527 0 0.936205 0.0637946 
 ----> 1.3#6.6#4.0#14.0#VAR 528 0 0.934519 0.0654813 
 ----> 1.3#6.6#4.0#14.0#VAR 529 0 0.921664 0.0783359 
 ----> 1.3#6.6#4.0#14.0#VAR 530 0 0.921246 0.078754 
 ----> 1.3#6.6#4.0#14.0#VAR 531 0 0.931556 0.0684437 
 ----> 1.3#6.6#4.0#14.0#VAR 532 0 0.930296 0.0697038 
 ----> 1.3#6.6#4.0#14.0#VAR 533 0 0.927401 0.0725987 
 ----> 1.3#6.6#4.0#14.0#VAR 534 0 0.928117 0.0718828 
 ----> 1.3#6.6#4.0#14.0#VAR 535 0 0.918775 0.0812249 
 ----> 1.3#6.6#4.0#14.0#VAR 536 0 0.929824 0.0701759 
 ----> 1.3#6.6#4.0#14.0#VAR 537 0 0.919913 0.0800867 
 ----> 1.3#6.6#4.0#14.0#VAR 538 0 0.928097 0.0719033 
 ----> 1.3#6.6#4.0#14.0#VAR 539 0 0.936999 0.0630009 
 ----> 1.3#6.6#4.0#14.0#VAR 540 0 0.935936 0.0640635 
 ----> 1.3#6.6#4.0#14.0#VAR 541 0 0.934118 0.065882 
 ----> 1.3#6.6#4.0#14.0#VAR 542 0 0.927022 0.0729781 
 ----> 1.3#6.6#4.0#14.0#VAR 543 0 0.919387 0.0806127 
 ----> 1.3#6.6#4.0#14.0#VAR 544 0 0.931554 0.068446 
 ----> 1.3#6.6#4.0#14.0#VAR 545 0 0.927241 0.0727591 
 ----> 1.3#6.6#4.0#14.0#VAR 546 1 0.92067 0.0793296 
 ----> 1.3#6.6#4.0#14.0#VAR 547 0 0.926203 0.0737974 
 ----> 1.3#6.6#4.0#14.0#VAR 548 0 0.930412 0.0695878 
 ----> 1.3#6.6#4.0#14.0#VAR 549 0 0.926467 0.073533 
 ----> 1.3#6.6#4.0#14.0#VAR 550 0 0.921325 0.0786748 
 ----> 1.3#6.6#4.0#14.0#VAR 551 0 0.928575 0.0714253 
 ----> 1.3#6.6#4.0#14.0#VAR 552 0 0.926309 0.0736909 
 ----> 1.3#6.6#4.0#14.0#VAR 553 0 0.927896 0.072104 
 ----> 1.3#6.6#4.0#14.0#VAR 554 0 0.928427 0.0715728 
 ----> 1.3#6.6#4.0#14.0#VAR 555 1 0.917085 0.0829154 
 ----> 1.3#6.6#4.0#14.0#VAR 556 0 0.927999 0.0720009 
 ----> 1.3#6.6#4.0#14.0#VAR 557 0 0.933905 0.0660952 
 ----> 1.3#6.6#4.0#14.0#VAR 558 0 0.928435 0.0715652 
 ----> 1.3#6.6#4.0#14.0#VAR 559 1 0.922571 0.0774295 
 ----> 1.3#6.6#4.0#14.0#VAR 560 0 0.935991 0.0640093 
 ----> 1.3#6.6#4.0#14.0#VAR 561 0 0.930503 0.0694971 
 ----> 1.3#6.6#4.0#14.0#VAR 562 0 0.931219 0.068781 
 ----> 1.3#6.6#4.0#14.0#VAR 563 0 0.925914 0.0740863 
 ----> 1.3#6.6#4.0#14.0#VAR 564 0 0.931175 0.0688254 
 ----> 1.3#6.6#4.0#14.0#VAR 565 0 0.928546 0.0714537 
 ----> 1.3#6.6#4.0#14.0#VAR 566 0 0.930493 0.0695068 
 ----> 1.3#6.6#4.0#14.0#VAR 567 0 0.929224 0.070776 
 ----> 1.3#6.6#4.0#14.0#VAR 568 0 0.921328 0.078672 
 ----> 1.3#6.6#4.0#14.0#VAR 569 0 0.92132 0.0786804 
 ----> 1.3#6.6#4.0#14.0#VAR 570 0 0.933431 0.0665694 
 ----> 1.3#6.6#4.0#14.0#VAR 571 0 0.92807 0.0719295 
 ----> 1.3#6.6#4.0#14.0#VAR 572 0 0.920032 0.0799679 
 ----> 1.3#6.6#4.0#14.0#VAR 573 0 0.926596 0.0734044 
 ----> 1.3#6.6#4.0#14.0#VAR 574 0 0.930483 0.0695166 
 ----> 1.3#6.6#4.0#14.0#VAR 575 0 0.926863 0.073137 
 ----> 1.3#6.6#4.0#14.0#VAR 576 0 0.936195 0.0638054 
 ----> 1.3#6.6#4.0#14.0#VAR 577 0 0.929273 0.0707271 
 ----> 1.3#6.6#4.0#14.0#VAR 578 1 0.915403 0.0845975 
 ----> 1.3#6.6#4.0#14.0#VAR 579 0 0.923411 0.0765895 
 ----> 1.3#6.6#4.0#14.0#VAR 580 0 0.926609 0.0733914 
 ----> 1.3#6.6#4.0#14.0#VAR 581 0 0.929556 0.0704437 
 ----> 1.3#6.6#4.0#14.0#VAR 582 0 0.93391 0.0660898 
 ----> 1.3#6.6#4.0#14.0#VAR 583 0 0.930637 0.0693628 
 ----> 1.3#6.6#4.0#14.0#VAR 584 0 0.929038 0.0709621 
 ----> 1.3#6.6#4.0#14.0#VAR 585 0 0.924468 0.0755323 
 ----> 1.3#6.6#4.0#14.0#VAR 586 0 0.924351 0.0756495 
 ----> 1.3#6.6#4.0#14.0#VAR 587 0 0.918011 0.081989 
 ----> 1.3#6.6#4.0#14.0#VAR 588 0 0.922672 0.077328 
 ----> 1.3#6.6#4.0#14.0#VAR 589 0 0.924317 0.075683 
 ----> 1.3#6.6#4.0#14.0#VAR 590 0 0.91635 0.08365 
 ----> 1.3#6.6#4.0#14.0#VAR 591 0 0.918549 0.081451 
 ----> 1.3#6.6#4.0#14.0#VAR 592 0 0.923844 0.0761556 
 ----> 1.3#6.6#4.0#14.0#VAR 593 0 0.92119 0.0788103 
 ----> 1.3#6.6#4.0#14.0#VAR 594 0 0.918443 0.0815566 
 ----> 1.3#6.6#4.0#14.0#VAR 595 0 0.927806 0.0721943 
 ----> 1.3#6.6#4.0#14.0#VAR 596 0 0.914964 0.0850361 
 ----> 1.3#6.6#4.0#14.0#VAR 597 0 0.923534 0.0764658 
 ----> 1.3#6.6#4.0#14.0#VAR 598 0 0.927173 0.0728266 
 ----> 1.3#6.6#4.0#14.0#VAR 599 0 0.918207 0.0817928 
 ----> 1.3#6.6#4.0#14.0#VAR 600 0 0.925762 0.0742376 
 ----> 1.3#6.6#4.0#14.0#VAR 601 0 0.922366 0.0776344 
 ----> 1.3#6.6#4.0#14.0#VAR 602 0 0.913553 0.0864466 
 ----> 1.3#6.6#4.0#14.0#VAR 603 1 0.916424 0.0835756 
 ----> 1.3#6.6#4.0#14.0#VAR 604 0 0.914429 0.0855711 
 ----> 1.3#6.6#4.0#14.0#VAR 605 0 0.908196 0.0918045 
 ----> 1.3#6.6#4.0#14.0#VAR 606 0 0.928496 0.0715036 
 ----> 1.3#6.6#4.0#14.0#VAR 607 0 0.927128 0.0728721 
 ----> 1.3#6.6#4.0#14.0#VAR 608 0 0.927858 0.0721417 
 ----> 1.3#6.6#4.0#14.0#VAR 609 0 0.918139 0.0818611 
 ----> 1.3#6.6#4.0#14.0#VAR 610 0 0.917831 0.0821687 
 ----> 1.3#6.6#4.0#14.0#VAR 611 0 0.913305 0.0866947 
 ----> 1.3#6.6#4.0#14.0#VAR 612 0 0.914125 0.0858749 
 ----> 1.3#6.6#4.0#14.0#VAR 613 0 0.919164 0.0808364 
 ----> 1.3#6.6#4.0#14.0#VAR 614 0 0.919371 0.0806288 
 ----> 1.3#6.6#4.0#14.0#VAR 615 0 0.924755 0.0752454 
 ----> 1.3#6.6#4.0#14.0#VAR 616 0 0.925454 0.0745456 
 ----> 1.3#6.6#4.0#14.0#VAR 617 0 0.920159 0.0798408 
 ----> 1.3#6.6#4.0#14.0#VAR 618 0 0.921376 0.0786242 
 ----> 1.3#6.6#4.0#14.0#VAR 619 0 0.928425 0.0715748 
 ----> 1.3#6.6#4.0#14.0#VAR 620 0 0.917729 0.0822707 
 ----> 1.3#6.6#4.0#14.0#VAR 621 0 0.92109 0.0789103 
 ----> 1.3#6.6#4.0#14.0#VAR 622 0 0.925939 0.0740615 
 ----> 1.3#6.6#4.0#14.0#VAR 623 0 0.930709 0.0692915 
 ----> 1.3#6.6#4.0#14.0#VAR 624 0 0.937796 0.0622038 
 ----> 1.3#6.6#4.0#14.0#VAR 625 0 0.932715 0.0672854 
 ----> 1.3#6.6#4.0#14.0#VAR 626 0 0.921196 0.0788044 
 ----> 1.3#6.6#4.0#14.0#VAR 627 0 0.927525 0.0724749 
 ----> 1.3#6.6#4.0#14.0#VAR 628 0 0.921843 0.0781566 
 ----> 1.3#6.6#4.0#14.0#VAR 629 0 0.926802 0.0731983 
 ----> 1.3#6.6#4.0#14.0#VAR 630 0 0.923137 0.0768629 
 ----> 1.3#6.6#4.0#14.0#VAR 631 0 0.935718 0.0642822 
 ----> 1.3#6.6#4.0#14.0#VAR 632 0 0.927247 0.0727528 
 ----> 1.3#6.6#4.0#14.0#VAR 633 0 0.928328 0.0716716 
 ----> 1.3#6.6#4.0#14.0#VAR 634 0 0.929152 0.0708476 
 ----> 1.3#6.6#4.0#14.0#VAR 635 0 0.922083 0.0779169 
 ----> 1.3#6.6#4.0#14.0#VAR 636 0 0.918631 0.0813687 
 ----> 1.3#6.6#4.0#14.0#VAR 637 0 0.9329 0.0671005 
 ----> 1.3#6.6#4.0#14.0#VAR 638 0 0.926527 0.0734732 
 ----> 1.3#6.6#4.0#14.0#VAR 639 0 0.920496 0.0795036 
 ----> 1.3#6.6#4.0#14.0#VAR 640 0 0.937614 0.062386 
 ----> 1.3#6.6#4.0#14.0#VAR 641 0 0.934787 0.0652126 
 ----> 1.3#6.6#4.0#14.0#VAR 642 0 0.915972 0.0840277 
 ----> 1.3#6.6#4.0#14.0#VAR 643 0 0.91871 0.0812896 
 ----> 1.3#6.6#4.0#14.0#VAR 644 0 0.92737 0.0726299 
 ----> 1.3#6.6#4.0#14.0#VAR 645 0 0.91279 0.0872099 
 ----> 1.3#6.6#4.0#14.0#VAR 646 0 0.929815 0.0701849 
 ----> 1.3#6.6#4.0#14.0#VAR 647 0 0.927499 0.0725014 
 ----> 1.3#6.6#4.0#14.0#VAR 648 0 0.92214 0.0778601 
 ----> 1.3#6.6#4.0#14.0#VAR 649 0 0.930166 0.0698336 
 ----> 1.3#6.6#4.0#14.0#VAR 650 1 0.908919 0.0910806 
 ----> 1.3#6.6#4.0#14.0#VAR 651 0 0.925083 0.0749171 
 ----> 1.3#6.6#4.0#14.0#VAR 652 0 0.917613 0.0823871 
 ----> 1.3#6.6#4.0#14.0#VAR 653 1 0.90801 0.0919899 
 ----> 1.3#6.6#4.0#14.0#VAR 654 0 0.917733 0.0822669 
 ----> 1.3#6.6#4.0#14.0#VAR 655 0 0.920772 0.0792279 
 ----> 1.3#6.6#4.0#14.0#VAR 656 0 0.909141 0.0908595 
 ----> 1.3#6.6#4.0#14.0#VAR 657 0 0.934385 0.0656154 
 ----> 1.3#6.6#4.0#14.0#VAR 658 0 0.916116 0.0838844 
 ----> 1.3#6.6#4.0#14.0#VAR 659 0 0.919166 0.0808341 
 ----> 1.3#6.6#4.0#14.0#VAR 660 0 0.919068 0.080932 
 ----> 1.3#6.6#4.0#14.0#VAR 661 1 0.921049 0.0789512 
 ----> 1.3#6.6#4.0#14.0#VAR 662 0 0.928674 0.0713265 
 ----> 1.3#6.6#4.0#14.0#VAR 663 0 0.906839 0.0931611 
 ----> 1.3#6.6#4.0#14.0#VAR 664 0 0.911111 0.0888888 
 ----> 1.3#6.6#4.0#14.0#VAR 665 0 0.913465 0.0865352 
 ----> 1.3#6.6#4.0#14.0#VAR 666 0 0.912541 0.0874592 
 ----> 1.3#6.6#4.0#14.0#VAR 667 0 0.925977 0.0740235 
 ----> 1.3#6.6#4.0#14.0#VAR 668 0 0.922633 0.0773666 
 ----> 1.3#6.6#4.0#14.0#VAR 669 0 0.929806 0.0701939 
 ----> 1.3#6.6#4.0#14.0#VAR 670 0 0.928371 0.0716294 
 ----> 1.3#6.6#4.0#14.0#VAR 671 1 0.904004 0.0959964 
 ----> 1.3#6.6#4.0#14.0#VAR 672 0 0.925983 0.0740169 
 ----> 1.3#6.6#4.0#14.0#VAR 673 0 0.914517 0.0854829 
 ----> 1.3#6.6#4.0#14.0#VAR 674 0 0.91608 0.0839197 
 ----> 1.3#6.6#4.0#14.0#VAR 675 0 0.934948 0.0650517 
 ----> 1.3#6.6#4.0#14.0#VAR 676 0 0.934976 0.0650238 
 ----> 1.3#6.6#4.0#14.0#VAR 677 0 0.924796 0.0752043 
 ----> 1.3#6.6#4.0#14.0#VAR 678 0 0.923145 0.0768546 
 ----> 1.3#6.6#4.0#14.0#VAR 679 0 0.920861 0.0791388 
 ----> 1.3#6.6#4.0#14.0#VAR 680 0 0.927969 0.0720314 
 ----> 1.3#6.6#4.0#14.0#VAR 681 0 0.925276 0.0747237 
 ----> 1.3#6.6#4.0#14.0#VAR 682 0 0.928557 0.071443 
 ----> 1.3#6.6#4.0#14.0#VAR 683 1 0.922005 0.0779952 
 ----> 1.3#6.6#4.0#14.0#VAR 684 0 0.933327 0.0666727 
 ----> 1.3#6.6#4.0#14.0#VAR 685 0 0.924191 0.075809 
 ----> 1.3#6.6#4.0#14.0#VAR 686 0 0.919436 0.0805637 
 ----> 1.3#6.6#4.0#14.0#VAR 687 0 0.915372 0.0846279 
 ----> 1.3#6.6#4.0#14.0#VAR 688 0 0.919593 0.0804067 
 ----> 1.3#6.6#4.0#14.0#VAR 689 0 0.92001 0.0799901 
 ----> 1.3#6.6#4.0#14.0#VAR 690 0 0.932166 0.0678344 
 ----> 1.3#6.6#4.0#14.0#VAR 691 0 0.921061 0.0789394 
 ----> 1.3#6.6#4.0#14.0#VAR 692 0 0.919432 0.0805682 
 ----> 1.3#6.6#4.0#14.0#VAR 693 0 0.923206 0.0767937 
 ----> 1.3#6.6#4.0#14.0#VAR 694 0 0.924938 0.0750625 
 ----> 1.3#6.6#4.0#14.0#VAR 695 0 0.941294 0.0587063 
 ----> 1.3#6.6#4.0#14.0#VAR 696 0 0.936853 0.0631475 
 ----> 1.3#6.6#4.0#14.0#VAR 697 0 0.925673 0.0743269 
 ----> 1.3#6.6#4.0#14.0#VAR 698 0 0.924601 0.0753993 
 ----> 1.3#6.6#4.0#14.0#VAR 699 0 0.914116 0.0858839 
 ----> 1.3#6.6#4.0#14.0#VAR 700 0 0.913868 0.0861319 
 ----> 1.3#6.6#4.0#14.0#VAR 701 1 0.910299 0.0897015 
 ----> 1.3#6.6#4.0#14.0#VAR 702 0 0.922786 0.0772142 
 ----> 1.3#6.6#4.0#14.0#VAR 703 0 0.922832 0.0771681 
 ----> 1.3#6.6#4.0#14.0#VAR 704 0 0.911498 0.0885025 
 ----> 1.3#6.6#4.0#14.0#VAR 705 0 0.901398 0.0986016 
 ----> 1.3#6.6#4.0#14.0#VAR 706 0 0.920047 0.0799531 
 ----> 1.3#6.6#4.0#14.0#VAR 707 0 0.919028 0.0809722 
 ----> 1.3#6.6#4.0#14.0#VAR 708 0 0.914807 0.0851932 
 ----> 1.3#6.6#4.0#14.0#VAR 709 0 0.925607 0.0743927 
 ----> 1.3#6.6#4.0#14.0#VAR 710 0 0.922835 0.0771648 
 ----> 1.3#6.6#4.0#14.0#VAR 711 0 0.923265 0.0767353 
 ----> 1.3#6.6#4.0#14.0#VAR 712 0 0.93124 0.0687596 
 ----> 1.3#6.6#4.0#14.0#VAR 713 0 0.923482 0.076518 
 ----> 1.3#6.6#4.0#14.0#VAR 714 0 0.934256 0.0657441 
 ----> 1.3#6.6#4.0#14.0#VAR 715 0 0.938369 0.0616306 
 ----> 1.3#6.6#4.0#14.0#VAR 716 0 0.915811 0.0841886 
 ----> 1.3#6.6#4.0#14.0#VAR 717 1 0.897882 0.102118 
 ----> 1.3#6.6#4.0#14.0#VAR 718 0 0.90673 0.0932696 
 ----> 1.3#6.6#4.0#14.0#VAR 719 0 0.919561 0.0804392 
 ----> 1.3#6.6#4.0#14.0#VAR 720 0 0.932193 0.0678072 
 ----> 1.3#6.6#4.0#14.0#VAR 721 0 0.910231 0.0897686 
 ----> 1.3#6.6#4.0#14.0#VAR 722 0 0.909128 0.0908715 
 ----> 1.3#6.6#4.0#14.0#VAR 723 0 0.910782 0.0892182 
 ----> 1.3#6.6#4.0#14.0#VAR 724 0 0.916892 0.0831082 
 ----> 1.3#6.6#4.0#14.0#VAR 725 0 0.912985 0.0870153 
 ----> 1.3#6.6#4.0#14.0#VAR 726 0 0.93106 0.0689396 
 ----> 1.3#6.6#4.0#14.0#VAR 727 0 0.918707 0.0812931 
 ----> 1.3#6.6#4.0#14.0#VAR 728 0 0.929141 0.0708588 
 ----> 1.3#6.6#4.0#14.0#VAR 729 0 0.90844 0.0915599 
 ----> 1.3#6.6#4.0#14.0#VAR 730 0 0.911673 0.0883268 
 ----> 1.3#6.6#4.0#14.0#VAR 731 0 0.912615 0.087385 
 ----> 1.3#6.6#4.0#14.0#VAR 732 0 0.914827 0.0851734 
 ----> 1.3#6.6#4.0#14.0#VAR 733 1 0.92091 0.0790898 
 ----> 1.3#6.6#4.0#14.0#VAR 734 0 0.926279 0.0737207 
 ----> 1.3#6.6#4.0#14.0#VAR 735 0 0.92094 0.0790598 
 ----> 1.3#6.6#4.0#14.0#VAR 736 1 0.90695 0.0930503 
 ----> 1.3#6.6#4.0#14.0#VAR 737 0 0.921969 0.0780305 
 ----> 1.3#6.6#4.0#14.0#VAR 738 0 0.916204 0.0837956 
 ----> 1.3#6.6#4.0#14.0#VAR 739 0 0.922693 0.0773068 
 ----> 1.3#6.6#4.0#14.0#VAR 740 0 0.930654 0.0693462 
 ----> 1.3#6.6#4.0#14.0#VAR 741 0 0.932762 0.0672382 
 ----> 1.3#6.6#4.0#14.0#VAR 742 0 0.929616 0.0703836 
 ----> 1.3#6.6#4.0#14.0#VAR 743 0 0.923788 0.0762125 
 ----> 1.3#6.6#4.0#14.0#VAR 744 0 0.919046 0.0809536 
 ----> 1.3#6.6#4.0#14.0#VAR 745 0 0.910413 0.0895872 
 ----> 1.3#6.6#4.0#14.0#VAR 746 0 0.910438 0.0895621 
 ----> 1.3#6.6#4.0#14.0#VAR 747 0 0.924815 0.0751848 
 ----> 1.3#6.6#4.0#14.0#VAR 748 0 0.91598 0.0840204 
 ----> 1.3#6.6#4.0#14.0#VAR 749 0 0.925847 0.0741528 
 ----> 1.3#6.6#4.0#14.0#VAR 750 0 0.936688 0.0633119 
 ----> 1.3#6.6#4.0#14.0#VAR 751 0 0.921875 0.0781245 
 ----> 1.3#6.6#4.0#14.0#VAR 752 0 0.93582 0.0641803 
 ----> 1.3#6.6#4.0#14.0#VAR 753 0 0.932514 0.0674861 
 ----> 1.3#6.6#4.0#14.0#VAR 754 0 0.916634 0.0833662 
 ----> 1.3#6.6#4.0#14.0#VAR 755 0 0.923143 0.0768567 
 ----> 1.3#6.6#4.0#14.0#VAR 756 0 0.923726 0.0762735 
 ----> 1.3#6.6#4.0#14.0#VAR 757 0 0.917311 0.0826887 
 ----> 1.3#6.6#4.0#14.0#VAR 758 0 0.923755 0.0762455 
 ----> 1.3#6.6#4.0#14.0#VAR 759 0 0.92971 0.07029 
 ----> 1.3#6.6#4.0#14.0#VAR 760 0 0.933958 0.066042 
 ----> 1.3#6.6#4.0#14.0#VAR 761 0 0.934842 0.0651577 
 ----> 1.3#6.6#4.0#14.0#VAR 762 0 0.928007 0.0719929 
 ----> 1.3#6.6#4.0#14.0#VAR 763 0 0.919962 0.080038 
 ----> 1.3#6.6#4.0#14.0#VAR 764 0 0.921559 0.0784411 
 ----> 1.3#6.6#4.0#14.0#VAR 765 0 0.921206 0.0787935 
 ----> 1.3#6.6#4.0#14.0#VAR 766 0 0.920655 0.0793452 
 ----> 1.3#6.6#4.0#14.0#VAR 767 0 0.924028 0.075972 
 ----> 1.3#6.6#4.0#14.0#VAR 768 0 0.924307 0.0756935 
 ----> 1.3#6.6#4.0#14.0#VAR 769 0 0.937774 0.0622263 
 ----> 1.3#6.6#4.0#14.0#VAR 770 0 0.931599 0.0684014 
 ----> 1.3#6.6#4.0#14.0#VAR 771 1 0.915661 0.0843392 
 ----> 1.3#6.6#4.0#14.0#VAR 772 0 0.928031 0.0719688 
 ----> 1.3#6.6#4.0#14.0#VAR 773 0 0.929247 0.0707532 
 ----> 1.3#6.6#4.0#14.0#VAR 774 0 0.915726 0.0842737 
 ----> 1.3#6.6#4.0#14.0#VAR 775 0 0.934086 0.065914 
 ----> 1.3#6.6#4.0#14.0#VAR 776 0 0.925864 0.0741363 
 ----> 1.3#6.6#4.0#14.0#VAR 777 1 0.908944 0.0910561 
 ----> 1.3#6.6#4.0#14.0#VAR 778 0 0.92942 0.0705802 
 ----> 1.3#6.6#4.0#14.0#VAR 779 0 0.927493 0.0725071 
 ----> 1.3#6.6#4.0#14.0#VAR 780 0 0.920025 0.079975 
 ----> 1.3#6.6#4.0#14.0#VAR 781 0 0.926491 0.0735091 
 ----> 1.3#6.6#4.0#14.0#VAR 782 0 0.918604 0.0813958 
 ----> 1.3#6.6#4.0#14.0#VAR 783 0 0.917916 0.082084 
 ----> 1.3#6.6#4.0#14.0#VAR 784 0 0.911795 0.0882053 
 ----> 1.3#6.6#4.0#14.0#VAR 785 0 0.923215 0.0767847 
 ----> 1.3#6.6#4.0#14.0#VAR 786 0 0.924103 0.0758965 
 ----> 1.3#6.6#4.0#14.0#VAR 787 0 0.91931 0.0806901 
 ----> 1.3#6.6#4.0#14.0#VAR 788 0 0.921878 0.078122 
 ----> 1.3#6.6#4.0#14.0#VAR 789 0 0.916664 0.0833358 
 ----> 1.3#6.6#4.0#14.0#VAR 790 0 0.922312 0.0776882 
 ----> 1.3#6.6#4.0#14.0#VAR 791 1 0.908219 0.091781 
 ----> 1.3#6.6#4.0#14.0#VAR 792 0 0.93412 0.0658799 
 ----> 1.3#6.6#4.0#14.0#VAR 793 0 0.921514 0.0784865 
 ----> 1.3#6.6#4.0#14.0#VAR 794 0 0.926254 0.073746 
 ----> 1.3#6.6#4.0#14.0#VAR 795 0 0.932441 0.0675587 
 ----> 1.3#6.6#4.0#14.0#VAR 796 0 0.919821 0.0801788 
 ----> 1.3#6.6#4.0#14.0#VAR 797 0 0.917443 0.082557 
 ----> 1.3#6.6#4.0#14.0#VAR 798 1 0.920709 0.0792909 
 ----> 1.3#6.6#4.0#14.0#VAR 799 0 0.90325 0.0967497 
 ----> 1.3#6.6#4.0#14.0#VAR 800 0 0.907546 0.0924536 
 ----> 1.3#6.6#4.0#14.0#VAR 801 1 0.911124 0.0888756 
 ----> 1.3#6.6#4.0#14.0#VAR 802 0 0.922336 0.0776644 
 ----> 1.3#6.6#4.0#14.0#VAR 803 1 0.911262 0.0887381 
 ----> 1.3#6.6#4.0#14.0#VAR 804 0 0.923573 0.0764269 
 ----> 1.3#6.6#4.0#14.0#VAR 805 0 0.926281 0.0737192 
 ----> 1.3#6.6#4.0#14.0#VAR 806 1 0.904478 0.0955215 
 ----> 1.3#6.6#4.0#14.0#VAR 807 0 0.919246 0.0807536 
 ----> 1.3#6.6#4.0#14.0#VAR 808 0 0.913256 0.0867438 
 ----> 1.3#6.6#4.0#14.0#VAR 809 0 0.916539 0.0834613 
 ----> 1.3#6.6#4.0#14.0#VAR 810 0 0.92741 0.0725902 
 ----> 1.3#6.6#4.0#14.0#VAR 811 1 0.910266 0.0897336 
 ----> 1.3#6.6#4.0#14.0#VAR 812 0 0.930404 0.0695961 
 ----> 1.3#6.6#4.0#14.0#VAR 813 0 0.930461 0.0695388 
 ----> 1.3#6.6#4.0#14.0#VAR 814 0 0.911703 0.088297 
 ----> 1.3#6.6#4.0#14.0#VAR 815 0 0.913852 0.0861482 
 ----> 1.3#6.6#4.0#14.0#VAR 816 0 0.919359 0.0806415 
 ----> 1.3#6.6#4.0#14.0#VAR 817 1 0.904208 0.0957918 
 ----> 1.3#6.6#4.0#14.0#VAR 818 0 0.925601 0.0743987 
 ----> 1.3#6.6#4.0#14.0#VAR 819 0 0.924817 0.0751832 
 ----> 1.3#6.6#4.0#14.0#VAR 820 0 0.926028 0.0739724 
 ----> 1.3#6.6#4.0#14.0#VAR 821 0 0.917213 0.0827867 
 ----> 1.3#6.6#4.0#14.0#VAR 822 0 0.91818 0.0818204 
 ----> 1.3#6.6#4.0#14.0#VAR 823 1 0.908994 0.091006 
 ----> 1.3#6.6#4.0#14.0#VAR 824 0 0.914672 0.0853284 
 ----> 1.3#6.6#4.0#14.0#VAR 825 0 0.935139 0.0648609 
 ----> 1.3#6.6#4.0#14.0#VAR 826 0 0.920654 0.0793459 
 ----> 1.3#6.6#4.0#14.0#VAR 827 0 0.918833 0.0811668 
 ----> 1.3#6.6#4.0#14.0#VAR 828 0 0.928599 0.0714007 
 ----> 1.3#6.6#4.0#14.0#VAR 829 0 0.922724 0.0772761 
 ----> 1.3#6.6#4.0#14.0#VAR 830 0 0.916361 0.0836395 
 ----> 1.3#6.6#4.0#14.0#VAR 831 0 0.92169 0.0783098 
 ----> 1.3#6.6#4.0#14.0#VAR 832 0 0.917972 0.0820278 
 ----> 1.3#6.6#4.0#14.0#VAR 833 0 0.909963 0.090037 
 ----> 1.3#6.6#4.0#14.0#VAR 834 0 0.928043 0.0719568 
 ----> 1.3#6.6#4.0#14.0#VAR 835 1 0.919384 0.0806159 
 ----> 1.3#6.6#4.0#14.0#VAR 836 1 0.913535 0.0864648 
 ----> 1.3#6.6#4.0#14.0#VAR 837 1 0.91402 0.0859803 
 ----> 1.3#6.6#4.0#14.0#VAR 838 1 0.907322 0.0926778 
 ----> 1.3#6.6#4.0#14.0#VAR 839 0 0.921836 0.0781644 
 ----> 1.3#6.6#4.0#14.0#VAR 840 0 0.929494 0.0705058 
 ----> 1.3#6.6#4.0#14.0#VAR 841 0 0.943909 0.0560912 
 ----> 1.3#6.6#4.0#14.0#VAR 842 0 0.921373 0.0786268 
 ----> 1.3#6.6#4.0#14.0#VAR 843 0 0.919848 0.0801523 
 ----> 1.3#6.6#4.0#14.0#VAR 844 0 0.920004 0.079996 
 ----> 1.3#6.6#4.0#14.0#VAR 845 0 0.933394 0.0666058 
 ----> 1.3#6.6#4.0#14.0#VAR 846 0 0.925041 0.0749588 
 ----> 1.3#6.6#4.0#14.0#VAR 847 0 0.916736 0.0832639 
 ----> 1.3#6.6#4.0#14.0#VAR 848 0 0.912355 0.0876454 
 ----> 1.3#6.6#4.0#14.0#VAR 849 0 0.93126 0.0687401 
 ----> 1.3#6.6#4.0#14.0#VAR 850 0 0.925898 0.0741025 
 ----> 1.3#6.6#4.0#14.0#VAR 851 0 0.937036 0.0629644 
 ----> 1.3#6.6#4.0#14.0#VAR 852 0 0.913693 0.0863067 
 ----> 1.3#6.6#4.0#14.0#VAR 853 0 0.918293 0.0817068 
 ----> 1.3#6.6#4.0#14.0#VAR 854 0 0.91305 0.0869501 
 ----> 1.3#6.6#4.0#14.0#VAR 855 0 0.918639 0.0813607 
 ----> 1.3#6.6#4.0#14.0#VAR 856 0 0.925099 0.0749006 
 ----> 1.3#6.6#4.0#14.0#VAR 857 0 0.935528 0.0644716 
 ----> 1.3#6.6#4.0#14.0#VAR 858 1 0.914812 0.0851876 
 ----> 1.3#6.6#4.0#14.0#VAR 859 0 0.930946 0.0690537 
 ----> 1.3#6.6#4.0#14.0#VAR 860 0 0.917607 0.0823928 
 ----> 1.3#6.6#4.0#14.0#VAR 861 0 0.919197 0.0808027 
 ----> 1.3#6.6#4.0#14.0#VAR 862 0 0.911085 0.0889149 
 ----> 1.3#6.6#4.0#14.0#VAR 863 0 0.923181 0.0768188 
 ----> 1.3#6.6#4.0#14.0#VAR 864 0 0.920605 0.0793951 
 ----> 1.3#6.6#4.0#14.0#VAR 865 0 0.930299 0.0697006 
 ----> 1.3#6.6#4.0#14.0#VAR 866 0 0.917068 0.0829325 
 ----> 1.3#6.6#4.0#14.0#VAR 867 0 0.920856 0.0791437 
 ----> 1.3#6.6#4.0#14.0#VAR 868 0 0.926525 0.0734752 
 ----> 1.3#6.6#4.0#14.0#VAR 869 1 0.916606 0.0833938 
 ----> 1.3#6.6#4.0#14.0#VAR 870 0 0.931602 0.0683976 
 ----> 1.3#6.6#4.0#14.0#VAR 871 0 0.918751 0.0812487 
 ----> 1.3#6.6#4.0#14.0#VAR 872 0 0.925531 0.0744687 
 ----> 1.3#6.6#4.0#14.0#VAR 873 0 0.926232 0.0737675 
 ----> 1.3#6.6#4.0#14.0#VAR 874 0 0.92114 0.0788604 
 ----> 1.3#6.6#4.0#14.0#VAR 875 0 0.926506 0.0734937 
 ----> 1.3#6.6#4.0#14.0#VAR 876 0 0.926362 0.0736384 
 ----> 1.3#6.6#4.0#14.0#VAR 877 0 0.919103 0.0808969 
 ----> 1.3#6.6#4.0#14.0#VAR 878 0 0.92075 0.0792497 
 ----> 1.3#6.6#4.0#14.0#VAR 879 0 0.922029 0.0779714 
 ----> 1.3#6.6#4.0#14.0#VAR 880 0 0.934645 0.0653546 
 ----> 1.3#6.6#4.0#14.0#VAR 881 0 0.914962 0.0850383 
 ----> 1.3#6.6#4.0#14.0#VAR 882 0 0.91895 0.0810499 
 ----> 1.3#6.6#4.0#14.0#VAR 883 0 0.923133 0.0768673 
 ----> 1.3#6.6#4.0#14.0#VAR 884 0 0.927598 0.0724017 
 ----> 1.3#6.6#4.0#14.0#VAR 885 0 0.914128 0.085872 
 ----> 1.3#6.6#4.0#14.0#VAR 886 1 0.902237 0.0977626 
 ----> 1.3#6.6#4.0#14.0#VAR 887 0 0.925639 0.0743609 
 ----> 1.3#6.6#4.0#14.0#VAR 888 0 0.923461 0.0765394 
 ----> 1.3#6.6#4.0#14.0#VAR 889 0 0.929765 0.0702349 
 ----> 1.3#6.6#4.0#14.0#VAR 890 0 0.92216 0.0778396 
 ----> 1.3#6.6#4.0#14.0#VAR 891 0 0.935795 0.0642048 
 ----> 1.3#6.6#4.0#14.0#VAR 892 0 0.917406 0.0825939 
 ----> 1.3#6.6#4.0#14.0#VAR 893 0 0.911357 0.0886434 
 ----> 1.3#6.6#4.0#14.0#VAR 894 0 0.908636 0.0913641 
 ----> 1.3#6.6#4.0#14.0#VAR 895 0 0.924944 0.0750558 
 ----> 1.3#6.6#4.0#14.0#VAR 896 1 0.917354 0.0826461 
 ----> 1.3#6.6#4.0#14.0#VAR 897 1 0.89527 0.10473 
 ----> 1.3#6.6#4.0#14.0#VAR 898 0 0.928825 0.0711747 
 ----> 1.3#6.6#4.0#14.0#VAR 899 0 0.936553 0.063447 
 ----> 1.3#6.6#4.0#14.0#VAR 900 0 0.923899 0.0761006 
 ----> 1.3#6.6#4.0#14.0#VAR 901 0 0.923151 0.0768491 
 ----> 1.3#6.6#4.0#14.0#VAR 902 0 0.929572 0.0704282 
 ----> 1.3#6.6#4.0#14.0#VAR 903 0 0.927195 0.0728049 
 ----> 1.3#6.6#4.0#14.0#VAR 904 1 0.917148 0.0828522 
 ----> 1.3#6.6#4.0#14.0#VAR 905 0 0.934413 0.065587 
 ----> 1.3#6.6#4.0#14.0#VAR 906 0 0.928641 0.0713586 
 ----> 1.3#6.6#4.0#14.0#VAR 907 0 0.916096 0.0839043 
 ----> 1.3#6.6#4.0#14.0#VAR 908 0 0.922666 0.0773338 
 ----> 1.3#6.6#4.0#14.0#VAR 909 0 0.915103 0.0848969 
 ----> 1.3#6.6#4.0#14.0#VAR 910 0 0.927048 0.0729517 
 ----> 1.3#6.6#4.0#14.0#VAR 911 0 0.931441 0.0685591 
 ----> 1.3#6.6#4.0#14.0#VAR 912 0 0.931402 0.0685981 
 ----> 1.3#6.6#4.0#14.0#VAR 913 0 0.921057 0.0789433 
 ----> 1.3#6.6#4.0#14.0#VAR 914 0 0.913258 0.0867418 
 ----> 1.3#6.6#4.0#14.0#VAR 915 0 0.926783 0.073217 
 ----> 1.3#6.6#4.0#14.0#VAR 916 0 0.923421 0.0765792 
 ----> 1.3#6.6#4.0#14.0#VAR 917 0 0.91781 0.0821898 
 ----> 1.3#6.6#4.0#14.0#VAR 918 0 0.906454 0.0935462 
 ----> 1.3#6.6#4.0#14.0#VAR 919 0 0.921281 0.0787187 
 ----> 1.3#6.6#4.0#14.0#VAR 920 0 0.917312 0.082688 
 ----> 1.3#6.6#4.0#14.0#VAR 921 1 0.914131 0.0858689 
 ----> 1.3#6.6#4.0#14.0#VAR 922 0 0.916392 0.0836075 
 ----> 1.3#6.6#4.0#14.0#VAR 923 0 0.915894 0.0841061 
 ----> 1.3#6.6#4.0#14.0#VAR 924 0 0.915388 0.0846117 
 ----> 1.3#6.6#4.0#14.0#VAR 925 0 0.917709 0.0822907 
 ----> 1.3#6.6#4.0#14.0#VAR 926 0 0.915338 0.0846618 
 ----> 1.3#6.6#4.0#14.0#VAR 927 0 0.917636 0.0823638 
 ----> 1.3#6.6#4.0#14.0#VAR 928 0 0.911555 0.0884447 
 ----> 1.3#6.6#4.0#14.0#VAR 929 0 0.911439 0.0885614 
 ----> 1.3#6.6#4.0#14.0#VAR 930 1 0.905525 0.0944746 
 ----> 1.3#6.6#4.0#14.0#VAR 931 0 0.922795 0.077205 
 ----> 1.3#6.6#4.0#14.0#VAR 932 0 0.916701 0.0832986 
 ----> 1.3#6.6#4.0#14.0#VAR 933 0 0.912442 0.0875584 
 ----> 1.3#6.6#4.0#14.0#VAR 934 0 0.924597 0.0754027 
 ----> 1.3#6.6#4.0#14.0#VAR 935 0 0.91363 0.0863696 
 ----> 1.3#6.6#4.0#14.0#VAR 936 1 0.909982 0.0900183 
 ----> 1.3#6.6#4.0#14.0#VAR 937 0 0.925898 0.0741019 
 ----> 1.3#6.6#4.0#14.0#VAR 938 0 0.920849 0.0791511 
 ----> 1.3#6.6#4.0#14.0#VAR 939 0 0.925924 0.0740757 
 ----> 1.3#6.6#4.0#14.0#VAR 940 0 0.921921 0.0780787 
 ----> 1.3#6.6#4.0#14.0#VAR 941 0 0.928857 0.0711429 
 ----> 1.3#6.6#4.0#14.0#VAR 942 0 0.917505 0.0824949 
 ----> 1.3#6.6#4.0#14.0#VAR 943 0 0.91941 0.0805897 
 ----> 1.3#6.6#4.0#14.0#VAR 944 0 0.917575 0.0824249 
 ----> 1.3#6.6#4.0#14.0#VAR 945 0 0.915656 0.0843444 
 ----> 1.3#6.6#4.0#14.0#VAR 946 0 0.912076 0.0879242 
 ----> 1.3#6.6#4.0#14.0#VAR 947 1 0.905422 0.0945781 
 ----> 1.3#6.6#4.0#14.0#VAR 948 0 0.925346 0.0746545 
 ----> 1.3#6.6#4.0#14.0#VAR 949 0 0.92535 0.0746505 
 ----> 1.3#6.6#4.0#14.0#VAR 950 0 0.928249 0.0717513 
 ----> 1.3#6.6#4.0#14.0#VAR 951 0 0.923761 0.0762391 
 ----> 1.3#6.6#4.0#14.0#VAR 952 0 0.919303 0.0806967 
 ----> 1.3#6.6#4.0#14.0#VAR 953 0 0.921137 0.0788634 
 ----> 1.3#6.6#4.0#14.0#VAR 954 0 0.925612 0.0743878 
 ----> 1.3#6.6#4.0#14.0#VAR 955 0 0.922198 0.0778022 
 ----> 1.3#6.6#4.0#14.0#VAR 956 0 0.919513 0.0804866 
 ----> 1.3#6.6#4.0#14.0#VAR 957 0 0.922322 0.0776779 
 ----> 1.3#6.6#4.0#14.0#VAR 958 0 0.917627 0.0823726 
 ----> 1.3#6.6#4.0#14.0#VAR 959 0 0.904844 0.095156 
 ----> 1.3#6.6#4.0#14.0#VAR 960 0 0.910728 0.0892724 
 ----> 1.3#6.6#4.0#14.0#VAR 961 0 0.927455 0.0725451 
 ----> 1.3#6.6#4.0#14.0#VAR 962 0 0.937812 0.0621877 
 ----> 1.3#6.6#4.0#14.0#VAR 963 0 0.909668 0.0903325 
 ----> 1.3#6.6#4.0#14.0#VAR 964 0 0.919596 0.0804043 
 ----> 1.3#6.6#4.0#14.0#VAR 965 0 0.918848 0.0811519 
 ----> 1.3#6.6#4.0#14.0#VAR 966 0 0.927808 0.0721923 
 ----> 1.3#6.6#4.0#14.0#VAR 967 0 0.922868 0.0771322 
 ----> 1.3#6.6#4.0#14.0#VAR 968 0 0.923113 0.0768873 
 ----> 1.3#6.6#4.0#14.0#VAR 969 0 0.936355 0.0636454 
 ----> 1.3#6.6#4.0#14.0#VAR 970 0 0.929432 0.0705678 
 ----> 1.3#6.6#4.0#14.0#VAR 971 0 0.934695 0.0653053 
 ----> 1.3#6.6#4.0#14.0#VAR 972 0 0.923412 0.0765884 
 ----> 1.3#6.6#4.0#14.0#VAR 973 0 0.932482 0.067518 
 ----> 1.3#6.6#4.0#14.0#VAR 974 0 0.93301 0.0669903 
 ----> 1.3#6.6#4.0#14.0#VAR 975 0 0.916649 0.0833513 
 ----> 1.3#6.6#4.0#14.0#VAR 976 1 0.912957 0.0870427 
 ----> 1.3#6.6#4.0#14.0#VAR 977 0 0.921653 0.0783471 
 ----> 1.3#6.6#4.0#14.0#VAR 978 0 0.922147 0.0778534 
 ----> 1.3#6.6#4.0#14.0#VAR 979 0 0.931877 0.068123 
 ----> 1.3#6.6#4.0#14.0#VAR 980 0 0.928113 0.071887 
 ----> 1.3#6.6#4.0#14.0#VAR 981 0 0.897654 0.102346 
 ----> 1.3#6.6#4.0#14.0#VAR 982 0 0.918284 0.0817159 
 ----> 1.3#6.6#4.0#14.0#VAR 983 0 0.918464 0.0815363 
 ----> 1.3#6.6#4.0#14.0#VAR 984 0 0.919664 0.0803362 
 ----> 1.3#6.6#4.0#14.0#VAR 985 0 0.914315 0.0856855 
 ----> 1.3#6.6#4.0#14.0#VAR 986 0 0.918553 0.0814473 
 ----> 1.3#6.6#4.0#14.0#VAR 987 0 0.919697 0.0803034 
 ----> 1.3#6.6#4.0#14.0#VAR 988 0 0.931753 0.0682472 
 ----> 1.3#6.6#4.0#14.0#VAR 989 0 0.919967 0.0800328 
 ----> 1.3#6.6#4.0#14.0#VAR 990 0 0.917346 0.0826535 
 ----> 1.3#6.6#4.0#14.0#VAR 991 0 0.926271 0.0737291 
 ----> 1.3#6.6#4.0#14.0#VAR 992 0 0.923626 0.0763737 
 ----> 1.3#6.6#4.0#14.0#VAR 993 0 0.929183 0.0708173 
 ----> 1.3#6.6#4.0#14.0#VAR 994 0 0.920967 0.0790327 
 ----> 1.3#6.6#4.0#14.0#VAR 995 0 0.92573 0.07427 
 ----> 1.3#6.6#4.0#14.0#VAR 996 0 0.902067 0.0979334 
 ----> 1.3#6.6#4.0#14.0#VAR 997 0 0.927132 0.0728683 
 ----> 1.3#6.6#4.0#14.0#VAR 998 0 0.916537 0.0834632 
 ----> 1.3#6.6#4.0#14.0#VAR 999 0 0.922433 0.0775668 
 ----> 1.3#6.6#4.0#14.0#VAR 1000 0 0.929532 0.0704676 
 ----> 1.3#6.6#4.0#14.0#VAR 1001 0 0.925926 0.0740743 
 ----> 1.3#6.6#4.0#14.0#VAR 1002 0 0.918584 0.0814162 
 ----> 1.3#6.6#4.0#14.0#VAR 1003 0 0.918518 0.0814823 
 ----> 1.3#6.6#4.0#14.0#VAR 1004 0 0.917042 0.0829575 
 ----> 1.3#6.6#4.0#14.0#VAR 1005 0 0.905296 0.0947041 
 ----> 1.3#6.6#4.0#14.0#VAR 1006 0 0.929685 0.0703149 
 ----> 1.3#6.6#4.0#14.0#VAR 1007 0 0.927324 0.0726759 
 ----> 1.3#6.6#4.0#14.0#VAR 1008 0 0.918158 0.0818424 
 ----> 1.3#6.6#4.0#14.0#VAR 1009 0 0.919975 0.080025 
 ----> 1.3#6.6#4.0#14.0#VAR 1010 0 0.914423 0.0855767 
 ----> 1.3#6.6#4.0#14.0#VAR 1011 0 0.915501 0.0844992 
 ----> 1.3#6.6#4.0#14.0#VAR 1012 1 0.911896 0.0881037 
 ----> 1.3#6.6#4.0#14.0#VAR 1013 0 0.918357 0.0816427 
 ----> 1.3#6.6#4.0#14.0#VAR 1014 0 0.918973 0.0810269 
 ----> 1.3#6.6#4.0#14.0#VAR 1015 1 0.908958 0.0910418 
 ----> 1.3#6.6#4.0#14.0#VAR 1016 0 0.91978 0.0802195 
 ----> 1.3#6.6#4.0#14.0#VAR 1017 0 0.924723 0.0752768 
 ----> 1.3#6.6#4.0#14.0#VAR 1018 0 0.924952 0.0750483 
 ----> 1.3#6.6#4.0#14.0#VAR 1019 0 0.927877 0.0721233 
 ----> 1.3#6.6#4.0#14.0#VAR 1020 0 0.930603 0.0693974 
 ----> 1.3#6.6#4.0#14.0#VAR 1021 0 0.916322 0.0836779 
 ----> 1.3#6.6#4.0#14.0#VAR 1022 1 0.909901 0.0900985 
 ----> 1.3#6.6#4.0#14.0#VAR 1023 0 0.921459 0.0785414 
 ----> 1.3#6.6#4.0#14.0#VAR 1024 0 0.921011 0.0789892 
 ----> 1.3#6.6#4.0#14.0#VAR 1025 0 0.932833 0.0671671 
 ----> 1.3#6.6#4.0#14.0#VAR 1026 0 0.901834 0.0981659 
 ----> 1.3#6.6#4.0#14.0#VAR 1027 0 0.912027 0.0879727 
 ----> 1.3#6.6#4.0#14.0#VAR 1028 0 0.922681 0.0773194 
 ----> 1.3#6.6#4.0#14.0#VAR 1029 1 0.912058 0.0879424 
 ----> 1.3#6.6#4.0#14.0#VAR 1030 0 0.917984 0.0820161 
 ----> 1.3#6.6#4.0#14.0#VAR 1031 0 0.897663 0.102337 
 ----> 1.3#6.6#4.0#14.0#VAR 1032 0 0.907732 0.0922683 
 ----> 1.3#6.6#4.0#14.0#VAR 1033 0 0.920024 0.0799759 
 ----> 1.3#6.6#4.0#14.0#VAR 1034 1 0.916068 0.0839322 
 ----> 1.3#6.6#4.0#14.0#VAR 1035 0 0.913423 0.0865772 
 ----> 1.3#6.6#4.0#14.0#VAR 1036 0 0.9182 0.0818001 
 ----> 1.3#6.6#4.0#14.0#VAR 1037 1 0.91557 0.0844296 
 ----> 1.3#6.6#4.0#14.0#VAR 1038 0 0.919215 0.080785 
 ----> 1.3#6.6#4.0#14.0#VAR 1039 0 0.907134 0.0928658 
 ----> 1.3#6.6#4.0#14.0#VAR 1040 0 0.927354 0.0726461 
 ----> 1.3#6.6#4.0#14.0#VAR 1041 0 0.931744 0.0682555 
 ----> 1.3#6.6#4.0#14.0#VAR 1042 0 0.911729 0.0882707 
 ----> 1.3#6.6#4.0#14.0#VAR 1043 0 0.920332 0.0796683 
 ----> 1.3#6.6#4.0#14.0#VAR 1044 0 0.929435 0.0705651 
 ----> 1.3#6.6#4.0#14.0#VAR 1045 0 0.935725 0.0642752 
 ----> 1.3#6.6#4.0#14.0#VAR 1046 0 0.945815 0.0541848 
 ----> 1.3#6.6#4.0#14.0#VAR 1047 0 0.935916 0.0640837 
 ----> 1.3#6.6#4.0#14.0#VAR 1048 0 0.931777 0.0682229 
 ----> 1.3#6.6#4.0#14.0#VAR 1049 0 0.904336 0.0956637 
 ----> 1.3#6.6#4.0#14.0#VAR 1050 0 0.921143 0.0788567 
 ----> 1.3#6.6#4.0#14.0#VAR 1051 0 0.919638 0.0803617 
 ----> 1.3#6.6#4.0#14.0#VAR 1052 0 0.934953 0.0650473 
 ----> 1.3#6.6#4.0#14.0#VAR 1053 0 0.925156 0.074844 
 ----> 1.3#6.6#4.0#14.0#VAR 1054 0 0.922198 0.0778022 
 ----> 1.3#6.6#4.0#14.0#VAR 1055 0 0.936182 0.0638185 
 ----> 1.3#6.6#4.0#14.0#VAR 1056 0 0.901104 0.0988955 
 ----> 1.3#6.6#4.0#14.0#VAR 1057 0 0.921135 0.0788646 
 ----> 1.3#6.6#4.0#14.0#VAR 1058 0 0.926269 0.0737309 
 ----> 1.3#6.6#4.0#14.0#VAR 1059 0 0.921704 0.0782961 
 ----> 1.3#6.6#4.0#14.0#VAR 1060 0 0.931348 0.0686517 
 ----> 1.3#6.6#4.0#14.0#VAR 1061 0 0.939608 0.0603919 
 ----> 1.3#6.6#4.0#14.0#VAR 1062 0 0.913057 0.0869425 
 ----> 1.3#6.6#4.0#14.0#VAR 1063 0 0.922324 0.0776756 
 ----> 1.3#6.6#4.0#14.0#VAR 1064 0 0.922823 0.0771772 
 ----> 1.3#6.6#4.0#14.0#VAR 1065 0 0.922002 0.0779981 
 ----> 1.3#6.6#4.0#14.0#VAR 1066 0 0.926474 0.0735258 
 ----> 1.3#6.6#4.0#14.0#VAR 1067 0 0.929736 0.0702645 
 ----> 1.3#6.6#4.0#14.0#VAR 1068 0 0.925069 0.0749306 
 ----> 1.3#6.6#4.0#14.0#VAR 1069 0 0.92969 0.0703095 
 ----> 1.3#6.6#4.0#14.0#VAR 1070 0 0.915083 0.0849166 
 ----> 1.3#6.6#4.0#14.0#VAR 1071 0 0.922438 0.0775621 
 ----> 1.3#6.6#4.0#14.0#VAR 1072 0 0.923557 0.0764433 
 ----> 1.3#6.6#4.0#14.0#VAR 1073 0 0.924594 0.075406 
 ----> 1.3#6.6#4.0#14.0#VAR 1074 0 0.918886 0.0811137 
 ----> 1.3#6.6#4.0#14.0#VAR 1075 0 0.927942 0.0720579 
 ----> 1.3#6.6#4.0#14.0#VAR 1076 0 0.909981 0.090019 
 ----> 1.3#6.6#4.0#14.0#VAR 1077 0 0.911005 0.0889953 
 ----> 1.3#6.6#4.0#14.0#VAR 1078 0 0.929504 0.070496 
 ----> 1.3#6.6#4.0#14.0#VAR 1079 0 0.914664 0.0853362 
 ----> 1.3#6.6#4.0#14.0#VAR 1080 0 0.912645 0.0873547 
 ----> 1.3#6.6#4.0#14.0#VAR 1081 0 0.921765 0.078235 
 ----> 1.3#6.6#4.0#14.0#VAR 1082 0 0.926494 0.0735061 
 ----> 1.3#6.6#4.0#14.0#VAR 1083 0 0.927501 0.0724993 
 ----> 1.3#6.6#4.0#14.0#VAR 1084 0 0.930975 0.0690252 
 ----> 1.3#6.6#4.0#14.0#VAR 1085 0 0.909883 0.0901167 
 ----> 1.3#6.6#4.0#14.0#VAR 1086 0 0.923169 0.0768315 
 ----> 1.3#6.6#4.0#14.0#VAR 1087 0 0.92816 0.0718399 
 ----> 1.3#6.6#4.0#14.0#VAR 1088 0 0.932985 0.067015 
 ----> 1.3#6.6#4.0#14.0#VAR 1089 0 0.92249 0.0775102 
 ----> 1.3#6.6#4.0#14.0#VAR 1090 0 0.919002 0.0809977 
 ----> 1.3#6.6#4.0#14.0#VAR 1091 0 0.925451 0.0745491 
 ----> 1.3#6.6#4.0#14.0#VAR 1092 0 0.922391 0.0776087 
 ----> 1.3#6.6#4.0#14.0#VAR 1093 0 0.918808 0.0811916 
 ----> 1.3#6.6#4.0#14.0#VAR 1094 0 0.922174 0.0778261 
 ----> 1.3#6.6#4.0#14.0#VAR 1095 0 0.921637 0.0783625 
 ----> 1.3#6.6#4.0#14.0#VAR 1096 0 0.925485 0.0745147 
 ----> 1.3#6.6#4.0#14.0#VAR 1097 0 0.934317 0.0656828 
 ----> 1.3#6.6#4.0#14.0#VAR 1098 0 0.929771 0.0702292 
 ----> 1.3#6.6#4.0#14.0#VAR 1099 0 0.922167 0.0778328 
 ----> 1.3#6.6#4.0#14.0#VAR 1100 0 0.927368 0.0726324 
 ----> 1.3#6.6#4.0#14.0#VAR 1101 0 0.914276 0.0857243 
 ----> 1.3#6.6#4.0#14.0#VAR 1102 1 0.911214 0.0887864 
 ----> 1.3#6.6#4.0#14.0#VAR 1103 0 0.922771 0.0772289 
 ----> 1.3#6.6#4.0#14.0#VAR 1104 0 0.918902 0.0810981 
 ----> 1.3#6.6#4.0#14.0#VAR 1105 0 0.903137 0.096863 
 ----> 1.3#6.6#4.0#14.0#VAR 1106 0 0.920877 0.0791233 
 ----> 1.3#6.6#4.0#14.0#VAR 1107 1 0.900727 0.0992732 
 ----> 1.3#6.6#4.0#14.0#VAR 1108 0 0.916502 0.0834985 
 ----> 1.3#6.6#4.0#14.0#VAR 1109 1 0.91376 0.0862399 
 ----> 1.3#6.6#4.0#14.0#VAR 1110 0 0.924593 0.0754069 
 ----> 1.3#6.6#4.0#14.0#VAR 1111 1 0.901757 0.0982434 
 ----> 1.3#6.6#4.0#14.0#VAR 1112 1 0.912904 0.0870964 
 ----> 1.3#6.6#4.0#14.0#VAR 1113 0 0.914834 0.0851657 
 ----> 1.3#6.6#4.0#14.0#VAR 1114 0 0.919537 0.0804627 
 ----> 1.3#6.6#4.0#14.0#VAR 1115 0 0.911239 0.0887613 
 ----> 1.3#6.6#4.0#14.0#VAR 1116 0 0.919481 0.0805189 
 ----> 1.3#6.6#4.0#14.0#VAR 1117 0 0.917294 0.0827062 
 ----> 1.3#6.6#4.0#14.0#VAR 1118 0 0.925228 0.0747722 
 ----> 1.3#6.6#4.0#14.0#VAR 1119 0 0.913976 0.0860237 
 ----> 1.3#6.6#4.0#14.0#VAR 1120 1 0.914233 0.0857673 
 ----> 1.3#6.6#4.0#14.0#VAR 1121 0 0.923048 0.0769518 
 ----> 1.3#6.6#4.0#14.0#VAR 1122 0 0.922742 0.0772578 
 ----> 1.3#6.6#4.0#14.0#VAR 1123 0 0.904285 0.0957154 
 ----> 1.3#6.6#4.0#14.0#VAR 1124 0 0.922783 0.0772167 
 ----> 1.3#6.6#4.0#14.0#VAR 1125 0 0.9166 0.0834005 
 ----> 1.3#6.6#4.0#14.0#VAR 1126 0 0.926656 0.0733436 
 ----> 1.3#6.6#4.0#14.0#VAR 1127 0 0.915423 0.0845769 
 ----> 1.3#6.6#4.0#14.0#VAR 1128 0 0.922129 0.0778709 
 ----> 1.3#6.6#4.0#14.0#VAR 1129 1 0.904222 0.0957777 
 ----> 1.3#6.6#4.0#14.0#VAR 1130 0 0.923371 0.0766293 
 ----> 1.3#6.6#4.0#14.0#VAR 1131 0 0.92168 0.07832 
 ----> 1.3#6.6#4.0#14.0#VAR 1132 1 0.90908 0.0909198 
 ----> 1.3#6.6#4.0#14.0#VAR 1133 0 0.919554 0.0804461 
 ----> 1.3#6.6#4.0#14.0#VAR 1134 0 0.923281 0.0767189 
 ----> 1.3#6.6#4.0#14.0#VAR 1135 0 0.918998 0.0810017 
 ----> 1.3#6.6#4.0#14.0#VAR 1136 0 0.912964 0.0870358 
 ----> 1.3#6.6#4.0#14.0#VAR 1137 0 0.920611 0.0793893 
 ----> 1.3#6.6#4.0#14.0#VAR 1138 0 0.922352 0.0776483 
 ----> 1.3#6.6#4.0#14.0#VAR 1139 0 0.92279 0.0772096 
 ----> 1.3#6.6#4.0#14.0#VAR 1140 0 0.914888 0.0851122 
 ----> 1.3#6.6#4.0#14.0#VAR 1141 0 0.925231 0.0747694 
 ----> 1.3#6.6#4.0#14.0#VAR 1142 0 0.921146 0.0788542 
 ----> 1.3#6.6#4.0#14.0#VAR 1143 0 0.919391 0.0806095 
 ----> 1.3#6.6#4.0#14.0#VAR 1144 1 0.900059 0.0999414 
 ----> 1.3#6.6#4.0#14.0#VAR 1145 0 0.923142 0.0768582 
 ----> 1.3#6.6#4.0#14.0#VAR 1146 0 0.912262 0.0877375 
 ----> 1.3#6.6#4.0#14.0#VAR 1147 0 0.9196 0.0804002 
 ----> 1.3#6.6#4.0#14.0#VAR 1148 0 0.91138 0.0886198 
 ----> 1.3#6.6#4.0#14.0#VAR 1149 0 0.918316 0.0816839 
 ----> 1.3#6.6#4.0#14.0#VAR 1150 0 0.920627 0.0793729 
 ----> 1.3#6.6#4.0#14.0#VAR 1151 0 0.920941 0.0790586 
 ----> 1.3#6.6#4.0#14.0#VAR 1152 0 0.914549 0.0854508 
 ----> 1.3#6.6#4.0#14.0#VAR 1153 0 0.924894 0.0751057 
 ----> 1.3#6.6#4.0#14.0#VAR 1154 0 0.925383 0.0746173 
 ----> 1.3#6.6#4.0#14.0#VAR 1155 0 0.921825 0.0781754 
 ----> 1.3#6.6#4.0#14.0#VAR 1156 0 0.921365 0.0786347 
 ----> 1.3#6.6#4.0#14.0#VAR 1157 0 0.922198 0.0778018 
 ----> 1.3#6.6#4.0#14.0#VAR 1158 0 0.919382 0.0806181 
 ----> 1.3#6.6#4.0#14.0#VAR 1159 0 0.922469 0.0775308 
 ----> 1.3#6.6#4.0#14.0#VAR 1160 0 0.922337 0.0776627 
 ----> 1.3#6.6#4.0#14.0#VAR 1161 0 0.915827 0.0841729 
 ----> 1.3#6.6#4.0#14.0#VAR 1162 0 0.921283 0.0787166 
 ----> 1.3#6.6#4.0#14.0#VAR 1163 0 0.913307 0.0866929 
 ----> 1.3#6.6#4.0#14.0#VAR 1164 0 0.917048 0.0829524 
 ----> 1.3#6.6#4.0#14.0#VAR 1165 0 0.913292 0.0867082 
 ----> 1.3#6.6#4.0#14.0#VAR 1166 1 0.91517 0.0848303 
 ----> 1.3#6.6#4.0#14.0#VAR 1167 0 0.920592 0.0794084 
 ----> 1.3#6.6#4.0#14.0#VAR 1168 0 0.92871 0.0712902 
 ----> 1.3#6.6#4.0#14.0#VAR 1169 1 0.885113 0.114887 
 ----> 1.3#6.6#4.0#14.0#VAR 1170 0 0.917149 0.0828514 
 ----> 1.3#6.6#4.0#14.0#VAR 1171 0 0.903193 0.0968067 
 ----> 1.3#6.6#4.0#14.0#VAR 1172 0 0.914128 0.0858718 
 ----> 1.3#6.6#4.0#14.0#VAR 1173 0 0.91561 0.0843905 
 ----> 1.3#6.6#4.0#14.0#VAR 1174 1 0.89826 0.10174 
 ----> 1.3#6.6#4.0#14.0#VAR 1175 0 0.918522 0.0814783 
 ----> 1.3#6.6#4.0#14.0#VAR 1176 0 0.923802 0.0761979 
 ----> 1.3#6.6#4.0#14.0#VAR 1177 0 0.906598 0.0934018 
 ----> 1.3#6.6#4.0#14.0#VAR 1178 0 0.924232 0.0757685 
 ----> 1.3#6.6#4.0#14.0#VAR 1179 0 0.928594 0.0714059 
 ----> 1.3#6.6#4.0#14.0#VAR 1180 0 0.901088 0.0989119 
 ----> 1.3#6.6#4.0#14.0#VAR 1181 0 0.920876 0.0791244 
 ----> 1.3#6.6#4.0#14.0#VAR 1182 0 0.924121 0.0758793 
 ----> 1.3#6.6#4.0#14.0#VAR 1183 1 0.898437 0.101563 
 ----> 1.3#6.6#4.0#14.0#VAR 1184 1 0.896313 0.103687 
 ----> 1.3#6.6#4.0#14.0#VAR 1185 1 0.913974 0.0860264 
 ----> 1.3#6.6#4.0#14.0#VAR 1186 0 0.916251 0.0837491 
 ----> 1.3#6.6#4.0#14.0#VAR 1187 0 0.928346 0.071654 
 ----> 1.3#6.6#4.0#14.0#VAR 1188 0 0.916737 0.0832632 
 ----> 1.3#6.6#4.0#14.0#VAR 1189 1 0.909873 0.0901267 
 ----> 1.3#6.6#4.0#14.0#VAR 1190 0 0.926621 0.0733785 
 ----> 1.3#6.6#4.0#14.0#VAR 1191 0 0.918403 0.0815974 
 ----> 1.3#6.6#4.0#14.0#VAR 1192 0 0.913102 0.0868979 
 ----> 1.3#6.6#4.0#14.0#VAR 1193 0 0.919989 0.0800112 
 ----> 1.3#6.6#4.0#14.0#VAR 1194 1 0.896032 0.103968 
 ----> 1.3#6.6#4.0#14.0#VAR 1195 0 0.928462 0.0715382 
 ----> 1.3#6.6#4.0#14.0#VAR 1196 0 0.929218 0.070782 
 ----> 1.3#6.6#4.0#14.0#VAR 1197 0 0.930052 0.0699484 
 ----> 1.3#6.6#4.0#14.0#VAR 1198 0 0.91903 0.0809703 
 ----> 1.3#6.6#4.0#14.0#VAR 1199 0 0.915786 0.0842141 
 ----> 1.3#6.6#4.0#14.0#VAR 1200 0 0.904866 0.0951335 
 ----> 1.3#6.6#4.0#14.0#VAR 1201 0 0.921603 0.0783966 
 ----> 1.3#6.6#4.0#14.0#VAR 1202 0 0.912793 0.0872074 
 ----> 1.3#6.6#4.0#14.0#VAR 1203 0 0.919471 0.0805288 
 ----> 1.3#6.6#4.0#14.0#VAR 1204 0 0.923824 0.0761761 
 ----> 1.3#6.6#4.0#14.0#VAR 1205 1 0.901919 0.098081 
 ----> 1.3#6.6#4.0#14.0#VAR 1206 0 0.915192 0.0848083 
 ----> 1.3#6.6#4.0#14.0#VAR 1207 0 0.915511 0.0844885 
 ----> 1.3#6.6#4.0#14.0#VAR 1208 0 0.906939 0.0930605 
 ----> 1.3#6.6#4.0#14.0#VAR 1209 0 0.925816 0.0741844 
 ----> 1.3#6.6#4.0#14.0#VAR 1210 0 0.929903 0.070097 
 ----> 1.3#6.6#4.0#14.0#VAR 1211 0 0.913743 0.0862571 
 ----> 1.3#6.6#4.0#14.0#VAR 1212 0 0.919629 0.0803708 
 ----> 1.3#6.6#4.0#14.0#VAR 1213 0 0.91965 0.0803496 
 ----> 1.3#6.6#4.0#14.0#VAR 1214 0 0.912419 0.0875808 
 ----> 1.3#6.6#4.0#14.0#VAR 1215 0 0.912388 0.0876116 
 ----> 1.3#6.6#4.0#14.0#VAR 1216 0 0.91672 0.0832795 
 ----> 1.3#6.6#4.0#14.0#VAR 1217 0 0.911909 0.0880907 
 ----> 1.3#6.6#4.0#14.0#VAR 1218 0 0.919692 0.080308 
 ----> 1.3#6.6#4.0#14.0#VAR 1219 0 0.911691 0.0883088 
 ----> 1.3#6.6#4.0#14.0#VAR 1220 0 0.926087 0.0739131 
 ----> 1.3#6.6#4.0#14.0#VAR 1221 0 0.923082 0.0769183 
 ----> 1.3#6.6#4.0#14.0#VAR 1222 0 0.911498 0.0885022 
 ----> 1.3#6.6#4.0#14.0#VAR 1223 0 0.917062 0.0829381 
 ----> 1.3#6.6#4.0#14.0#VAR 1224 0 0.926077 0.0739233 
 ----> 1.3#6.6#4.0#14.0#VAR 1225 0 0.93853 0.0614701 
 ----> 1.3#6.6#4.0#14.0#VAR 1226 0 0.93173 0.0682696 
 ----> 1.3#6.6#4.0#14.0#VAR 1227 0 0.920936 0.0790638 
 ----> 1.3#6.6#4.0#14.0#VAR 1228 0 0.916677 0.0833227 
 ----> 1.3#6.6#4.0#14.0#VAR 1229 0 0.902069 0.0979315 
 ----> 1.3#6.6#4.0#14.0#VAR 1230 0 0.933578 0.066422 
 ----> 1.3#6.6#4.0#14.0#VAR 1231 0 0.922188 0.0778121 
 ----> 1.3#6.6#4.0#14.0#VAR 1232 0 0.933283 0.0667173 
 ----> 1.3#6.6#4.0#14.0#VAR 1233 0 0.913163 0.0868374 
 ----> 1.3#6.6#4.0#14.0#VAR 1234 0 0.920499 0.079501 
 ----> 1.3#6.6#4.0#14.0#VAR 1235 0 0.922589 0.0774114 
 ----> 1.3#6.6#4.0#14.0#VAR 1236 0 0.918088 0.081912 
 ----> 1.3#6.6#4.0#14.0#VAR 1237 0 0.918817 0.0811825 
 ----> 1.3#6.6#4.0#14.0#VAR 1238 0 0.930423 0.0695768 
 ----> 1.3#6.6#4.0#14.0#VAR 1239 0 0.908201 0.091799 
 ----> 1.3#6.6#4.0#14.0#VAR 1240 0 0.915947 0.0840534 
 ----> 1.3#6.6#4.0#14.0#VAR 1241 0 0.909835 0.0901648 
 ----> 1.3#6.6#4.0#14.0#VAR 1242 0 0.907058 0.092942 
 ----> 1.3#6.6#4.0#14.0#VAR 1243 0 0.915169 0.0848313 
 ----> 1.3#6.6#4.0#14.0#VAR 1244 0 0.922652 0.077348 
 ----> 1.3#6.6#4.0#14.0#VAR 1245 0 0.919282 0.0807184 
 ----> 1.3#6.6#4.0#14.0#VAR 1246 0 0.933958 0.0660421 
 ----> 1.3#6.6#4.0#14.0#VAR 1247 0 0.922923 0.0770771 
 ----> 1.3#6.6#4.0#14.0#VAR 1248 0 0.920681 0.0793186 
 ----> 1.3#6.6#4.0#14.0#VAR 1249 0 0.922327 0.0776727 
 ----> 1.3#6.6#4.0#14.0#VAR 1250 0 0.914501 0.0854985 
 ----> 1.3#6.6#4.0#14.0#VAR 1251 0 0.911863 0.0881368 
 ----> 1.3#6.6#4.0#14.0#VAR 1252 0 0.937323 0.0626767 
 ----> 1.3#6.6#4.0#14.0#VAR 1253 0 0.92702 0.0729801 
 ----> 1.3#6.6#4.0#14.0#VAR 1254 0 0.926401 0.0735993 
 ----> 1.3#6.6#4.0#14.0#VAR 1255 0 0.931799 0.0682015 
 ----> 1.3#6.6#4.0#14.0#VAR 1256 0 0.912007 0.0879928 
 ----> 1.3#6.6#4.0#14.0#VAR 1257 0 0.917157 0.082843 
 ----> 1.3#6.6#4.0#14.0#VAR 1258 0 0.916218 0.0837824 
 ----> 1.3#6.6#4.0#14.0#VAR 1259 0 0.924591 0.0754088 
 ----> 1.3#6.6#4.0#14.0#VAR 1260 0 0.923996 0.0760039 
 ----> 1.3#6.6#4.0#14.0#VAR 1261 0 0.921077 0.0789226 
 ----> 1.3#6.6#4.0#14.0#VAR 1262 1 0.869877 0.130123 
 ----> 1.3#6.6#4.0#14.0#VAR 1263 0 0.916344 0.0836558 
 ----> 1.3#6.6#4.0#14.0#VAR 1264 0 0.915881 0.0841191 
 ----> 1.3#6.6#4.0#14.0#VAR 1265 0 0.907077 0.092923 
 ----> 1.3#6.6#4.0#14.0#VAR 1266 0 0.909709 0.0902909 
 ----> 1.3#6.6#4.0#14.0#VAR 1267 0 0.923392 0.0766077 
 ----> 1.3#6.6#4.0#14.0#VAR 1268 0 0.925799 0.074201 
 ----> 1.3#6.6#4.0#14.0#VAR 1269 0 0.926416 0.073584 
 ----> 1.3#6.6#4.0#14.0#VAR 1270 0 0.94219 0.0578099 
 ----> 1.3#6.6#4.0#14.0#VAR 1271 0 0.921145 0.0788554 
 ----> 1.3#6.6#4.0#14.0#VAR 1272 0 0.914339 0.0856606 
 ----> 1.3#6.6#4.0#14.0#VAR 1273 0 0.924027 0.0759729 
 ----> 1.3#6.6#4.0#14.0#VAR 1274 0 0.92685 0.0731502 
 ----> 1.3#6.6#4.0#14.0#VAR 1275 0 0.917157 0.0828431 
 ----> 1.3#6.6#4.0#14.0#VAR 1276 1 0.898353 0.101647 
 ----> 1.3#6.6#4.0#14.0#VAR 1277 0 0.919484 0.0805158 
 ----> 1.3#6.6#4.0#14.0#VAR 1278 0 0.934003 0.0659966 
 ----> 1.3#6.6#4.0#14.0#VAR 1279 0 0.911025 0.0889752 
 ----> 1.3#6.6#4.0#14.0#VAR 1280 0 0.926527 0.073473 
 ----> 1.3#6.6#4.0#14.0#VAR 1281 0 0.927169 0.072831 
 ----> 1.3#6.6#4.0#14.0#VAR 1282 1 0.89756 0.10244 
 ----> 1.3#6.6#4.0#14.0#VAR 1283 0 0.92135 0.0786498 
 ----> 1.3#6.6#4.0#14.0#VAR 1284 0 0.91505 0.0849499 
 ----> 1.3#6.6#4.0#14.0#VAR 1285 0 0.912609 0.0873912 
 ----> 1.3#6.6#4.0#14.0#VAR 1286 1 0.901319 0.0986813 
 ----> 1.3#6.6#4.0#14.0#VAR 1287 0 0.921792 0.0782084 
 ----> 1.3#6.6#4.0#14.0#VAR 1288 0 0.913863 0.0861367 
 ----> 1.3#6.6#4.0#14.0#VAR 1289 0 0.91281 0.0871904 
 ----> 1.3#6.6#4.0#14.0#VAR 1290 0 0.923976 0.0760241 
 ----> 1.3#6.6#4.0#14.0#VAR 1291 0 0.922343 0.0776567 
 ----> 1.3#6.6#4.0#14.0#VAR 1292 0 0.919653 0.0803467 
 ----> 1.3#6.6#4.0#14.0#VAR 1293 0 0.919168 0.0808325 
 ----> 1.3#6.6#4.0#14.0#VAR 1294 0 0.928522 0.0714781 
 ----> 1.3#6.6#4.0#14.0#VAR 1295 0 0.925799 0.0742013 
 ----> 1.3#6.6#4.0#14.0#VAR 1296 0 0.924753 0.0752465 
 ----> 1.3#6.6#4.0#14.0#VAR 1297 0 0.928885 0.0711148 
 ----> 1.3#6.6#4.0#14.0#VAR 1298 1 0.880629 0.119371 
 ----> 1.3#6.6#4.0#14.0#VAR 1299 0 0.913666 0.0863345 
 ----> 1.3#6.6#4.0#14.0#VAR 1300 1 0.841874 0.158126 
 ----> 1.3#6.6#4.0#14.0#VAR 1301 0 0.917673 0.0823272 
 ----> 1.3#6.6#4.0#14.0#VAR 1302 0 0.930858 0.0691425 
 ----> 1.3#6.6#4.0#14.0#VAR 1303 0 0.932622 0.0673781 
 ----> 1.3#6.6#4.0#14.0#VAR 1304 0 0.918341 0.0816587 
 ----> 1.3#6.6#4.0#14.0#VAR 1305 0 0.926659 0.0733415 
 ----> 1.3#6.6#4.0#14.0#VAR 1306 0 0.915148 0.0848524 
 ----> 1.3#6.6#4.0#14.0#VAR 1307 1 0.91392 0.08608 
 ----> 1.3#6.6#4.0#14.0#VAR 1308 0 0.927513 0.0724874 
 ----> 1.3#6.6#4.0#14.0#VAR 1309 0 0.920902 0.0790982 
 ----> 1.3#6.6#4.0#14.0#VAR 1310 1 0.903623 0.0963767 
 ----> 1.3#6.6#4.0#14.0#VAR 1311 0 0.922188 0.0778117 
 ----> 1.3#6.6#4.0#14.0#VAR 1312 0 0.92157 0.0784295 
 ----> 1.3#6.6#4.0#14.0#VAR 1313 0 0.918736 0.0812638 
 ----> 1.3#6.6#4.0#14.0#VAR 1314 0 0.926111 0.0738891 
 ----> 1.3#6.6#4.0#14.0#VAR 1315 0 0.922692 0.0773084 
 ----> 1.3#6.6#4.0#14.0#VAR 1316 1 0.913396 0.0866035 
 ----> 1.3#6.6#4.0#14.0#VAR 1317 0 0.914311 0.0856894 
 ----> 1.3#6.6#4.0#14.0#VAR 1318 0 0.920663 0.079337 
 ----> 1.3#6.6#4.0#14.0#VAR 1319 0 0.919706 0.0802936 
 ----> 1.3#6.6#4.0#14.0#VAR 1320 0 0.916284 0.0837159 
 ----> 1.3#6.6#4.0#14.0#VAR 1321 0 0.924235 0.0757647 
 ----> 1.3#6.6#4.0#14.0#VAR 1322 0 0.919821 0.0801793 
 ----> 1.3#6.6#4.0#14.0#VAR 1323 0 0.923163 0.0768368 
 ----> 1.3#6.6#4.0#14.0#VAR 1324 0 0.912882 0.0871182 
 ----> 1.3#6.6#4.0#14.0#VAR 1325 0 0.915722 0.0842782 
 ----> 1.3#6.6#4.0#14.0#VAR 1326 0 0.926669 0.0733307 
 ----> 1.3#6.6#4.0#14.0#VAR 1327 0 0.921484 0.0785162 
 ----> 1.3#6.6#4.0#14.0#VAR 1328 0 0.911358 0.0886418 
 ----> 1.3#6.6#4.0#14.0#VAR 1329 0 0.912996 0.0870041 
 ----> 1.3#6.6#4.0#14.0#VAR 1330 0 0.91881 0.08119 
 ----> 1.3#6.6#4.0#14.0#VAR 1331 0 0.91892 0.0810802 
 ----> 1.3#6.6#4.0#14.0#VAR 1332 0 0.915268 0.0847322 
 ----> 1.3#6.6#4.0#14.0#VAR 1333 0 0.918304 0.0816964 
 ----> 1.3#6.6#4.0#14.0#VAR 1334 0 0.928889 0.0711113 
 ----> 1.3#6.6#4.0#14.0#VAR 1335 0 0.925792 0.0742077 
 ----> 1.3#6.6#4.0#14.0#VAR 1336 0 0.918238 0.0817619 
 ----> 1.3#6.6#4.0#14.0#VAR 1337 0 0.921159 0.0788406 
 ----> 1.3#6.6#4.0#14.0#VAR 1338 0 0.92512 0.0748798 
 ----> 1.3#6.6#4.0#14.0#VAR 1339 0 0.907458 0.0925422 
 ----> 1.3#6.6#4.0#14.0#VAR 1340 0 0.931954 0.0680458 
 ----> 1.3#6.6#4.0#14.0#VAR 1341 0 0.918724 0.0812762 
 ----> 1.3#6.6#4.0#14.0#VAR 1342 0 0.937776 0.0622236 
 ----> 1.3#6.6#4.0#14.0#VAR 1343 0 0.92665 0.0733503 
 ----> 1.3#6.6#4.0#14.0#VAR 1344 0 0.907944 0.0920559 
 ----> 1.3#6.6#4.0#14.0#VAR 1345 0 0.937222 0.062778 
 ----> 1.3#6.6#4.0#14.0#VAR 1346 0 0.936127 0.0638734 
 ----> 1.3#6.6#4.0#14.0#VAR 1347 1 0.902933 0.0970669 
 ----> 1.3#6.6#4.0#14.0#VAR 1348 0 0.929218 0.0707822 
 ----> 1.3#6.6#4.0#14.0#VAR 1349 0 0.908655 0.0913453 
 ----> 1.3#6.6#4.0#14.0#VAR 1350 0 0.93124 0.0687599 
 ----> 1.3#6.6#4.0#14.0#VAR 1351 0 0.923217 0.0767832 
 ----> 1.3#6.6#4.0#14.0#VAR 1352 0 0.92016 0.0798401 
 ----> 1.3#6.6#4.0#14.0#VAR 1353 0 0.927157 0.0728428 
 ----> 1.3#6.6#4.0#14.0#VAR 1354 0 0.909515 0.0904851 
 ----> 1.3#6.6#4.0#14.0#VAR 1355 0 0.931217 0.0687834 
 ----> 1.3#6.6#4.0#14.0#VAR 1356 0 0.91674 0.0832597 
 ----> 1.3#6.6#4.0#14.0#VAR 1357 0 0.920202 0.0797985 
 ----> 1.3#6.6#4.0#14.0#VAR 1358 0 0.916046 0.0839539 
 ----> 1.3#6.6#4.0#14.0#VAR 1359 0 0.930027 0.0699725 
 ----> 1.3#6.6#4.0#14.0#VAR 1360 1 0.855244 0.144756 
 ----> 1.3#6.6#4.0#14.0#VAR 1361 0 0.898327 0.101673 
 ----> 1.3#6.6#4.0#14.0#VAR 1362 0 0.924853 0.0751468 
 ----> 1.3#6.6#4.0#14.0#VAR 1363 1 0.886052 0.113948 
 ----> 1.3#6.6#4.0#14.0#VAR 1364 0 0.923623 0.0763772 
 ----> 1.3#6.6#4.0#14.0#VAR 1365 0 0.934385 0.0656154 
 ----> 1.3#6.6#4.0#14.0#VAR 1366 0 0.928532 0.0714678 
 ----> 1.3#6.6#4.0#14.0#VAR 1367 0 0.921331 0.0786685 
 ----> 1.3#6.6#4.0#14.0#VAR 1368 0 0.925849 0.0741507 
 ----> 1.3#6.6#4.0#14.0#VAR 1369 0 0.93402 0.0659803 
 ----> 1.3#6.6#4.0#14.0#VAR 1370 0 0.91944 0.0805604 
 ----> 1.3#6.6#4.0#14.0#VAR 1371 0 0.902126 0.0978743 
 ----> 1.3#6.6#4.0#14.0#VAR 1372 0 0.929011 0.070989 
 ----> 1.3#6.6#4.0#14.0#VAR 1373 0 0.915982 0.0840181 
 ----> 1.3#6.6#4.0#14.0#VAR 1374 0 0.914615 0.0853854 
 ----> 1.3#6.6#4.0#14.0#VAR 1375 0 0.922072 0.0779285 
 ----> 1.3#6.6#4.0#14.0#VAR 1376 0 0.918094 0.081906 
 ----> 1.3#6.6#4.0#14.0#VAR 1377 0 0.93324 0.0667598 
 ----> 1.3#6.6#4.0#14.0#VAR 1378 1 0.909825 0.0901747 
 ----> 1.3#6.6#4.0#14.0#VAR 1379 0 0.911242 0.0887576 
 ----> 1.3#6.6#4.0#14.0#VAR 1380 0 0.91934 0.0806605 
 ----> 1.3#6.6#4.0#14.0#VAR 1381 0 0.919975 0.080025 
 ----> 1.3#6.6#4.0#14.0#VAR 1382 0 0.9265 0.0734999 
 ----> 1.3#6.6#4.0#14.0#VAR 1383 0 0.918529 0.081471 
 ----> 1.3#6.6#4.0#14.0#VAR 1384 0 0.916365 0.0836346 
 ----> 1.3#6.6#4.0#14.0#VAR 1385 0 0.911446 0.088554 
 ----> 1.3#6.6#4.0#14.0#VAR 1386 0 0.908045 0.0919552 
 ----> 1.3#6.6#4.0#14.0#VAR 1387 0 0.922272 0.0777284 
 ----> 1.3#6.6#4.0#14.0#VAR 1388 0 0.932884 0.0671156 
 ----> 1.3#6.6#4.0#14.0#VAR 1389 0 0.920921 0.0790787 
 ----> 1.3#6.6#4.0#14.0#VAR 1390 1 0.902405 0.0975954 
 ----> 1.3#6.6#4.0#14.0#VAR 1391 1 0.909817 0.0901831 
 ----> 1.3#6.6#4.0#14.0#VAR 1392 0 0.929087 0.070913 
 ----> 1.3#6.6#4.0#14.0#VAR 1393 0 0.920019 0.0799806 
 ----> 1.3#6.6#4.0#14.0#VAR 1394 0 0.920523 0.0794767 
 ----> 1.3#6.6#4.0#14.0#VAR 1395 0 0.913227 0.0867732 
 ----> 1.3#6.6#4.0#14.0#VAR 1396 0 0.92371 0.0762897 
 ----> 1.3#6.6#4.0#14.0#VAR 1397 0 0.91365 0.0863498 
 ----> 1.3#6.6#4.0#14.0#VAR 1398 0 0.915397 0.0846026 
 ----> 1.3#6.6#4.0#14.0#VAR 1399 0 0.938249 0.0617509 
 ----> 1.3#6.6#4.0#14.0#VAR 1400 1 0.903282 0.0967185 
 ----> 1.3#6.6#4.0#14.0#VAR 1401 0 0.912023 0.0879775 
 ----> 1.3#6.6#4.0#14.0#VAR 1402 0 0.919553 0.0804474 
 ----> 1.3#6.6#4.0#14.0#VAR 1403 0 0.928909 0.0710908 
 ----> 1.3#6.6#4.0#14.0#VAR 1404 0 0.930273 0.0697265 
 ----> 1.3#6.6#4.0#14.0#VAR 1405 0 0.926003 0.0739968 
 ----> 1.3#6.6#4.0#14.0#VAR 1406 0 0.920245 0.0797545 
 ----> 1.3#6.6#4.0#14.0#VAR 1407 0 0.921773 0.0782267 
 ----> 1.3#6.6#4.0#14.0#VAR 1408 0 0.925854 0.0741461 
 ----> 1.3#6.6#4.0#14.0#VAR 1409 0 0.927391 0.0726093 
 ----> 1.3#6.6#4.0#14.0#VAR 1410 0 0.932339 0.0676608 
 ----> 1.3#6.6#4.0#14.0#VAR 1411 0 0.928422 0.0715785 
 ----> 1.3#6.6#4.0#14.0#VAR 1412 0 0.913464 0.086536 
 ----> 1.3#6.6#4.0#14.0#VAR 1413 0 0.929148 0.0708519 
 ----> 1.3#6.6#4.0#14.0#VAR 1414 0 0.927693 0.0723074 
 ----> 1.3#6.6#4.0#14.0#VAR 1415 0 0.927836 0.0721636 
 ----> 1.3#6.6#4.0#14.0#VAR 1416 0 0.929666 0.0703336 
 ----> 1.3#6.6#4.0#14.0#VAR 1417 0 0.93151 0.0684896 
 ----> 1.3#6.6#4.0#14.0#VAR 1418 0 0.927008 0.0729924 
 ----> 1.3#6.6#4.0#14.0#VAR 1419 0 0.932738 0.0672618 
 ----> 1.3#6.6#4.0#14.0#VAR 1420 0 0.91896 0.0810398 
 ----> 1.3#6.6#4.0#14.0#VAR 1421 0 0.92762 0.0723796 
 ----> 1.3#6.6#4.0#14.0#VAR 1422 0 0.928523 0.071477 
 ----> 1.3#6.6#4.0#14.0#VAR 1423 0 0.929155 0.0708455 
 ----> 1.3#6.6#4.0#14.0#VAR 1424 0 0.929108 0.0708919 
 ----> 1.3#6.6#4.0#14.0#VAR 1425 0 0.923265 0.0767353 
 ----> 1.3#6.6#4.0#14.0#VAR 1426 0 0.918172 0.0818275 
 ----> 1.3#6.6#4.0#14.0#VAR 1427 0 0.915967 0.0840335 
 ----> 1.3#6.6#4.0#14.0#VAR 1428 0 0.923737 0.0762625 
 ----> 1.3#6.6#4.0#14.0#VAR 1429 0 0.918898 0.0811019 
 ----> 1.3#6.6#4.0#14.0#VAR 1430 0 0.924889 0.075111 
 ----> 1.3#6.6#4.0#14.0#VAR 1431 0 0.916259 0.0837411 
 ----> 1.3#6.6#4.0#14.0#VAR 1432 1 0.90356 0.0964404 
 ----> 1.3#6.6#4.0#14.0#VAR 1433 0 0.916204 0.0837958 
 ----> 1.3#6.6#4.0#14.0#VAR 1434 0 0.924418 0.0755818 
 ----> 1.3#6.6#4.0#14.0#VAR 1435 0 0.899535 0.100465 
 ----> 1.3#6.6#4.0#14.0#VAR 1436 0 0.927551 0.0724494 
 ----> 1.3#6.6#4.0#14.0#VAR 1437 0 0.932799 0.0672006 
 ----> 1.3#6.6#4.0#14.0#VAR 1438 0 0.92584 0.0741605 
 ----> 1.3#6.6#4.0#14.0#VAR 1439 0 0.922813 0.0771869 
 ----> 1.3#6.6#4.0#14.0#VAR 1440 0 0.909897 0.0901034 
 ----> 1.3#6.6#4.0#14.0#VAR 1441 0 0.907762 0.0922377 
 ----> 1.3#6.6#4.0#14.0#VAR 1442 0 0.90797 0.0920305 
 ----> 1.3#6.6#4.0#14.0#VAR 1443 0 0.923355 0.0766454 
 ----> 1.3#6.6#4.0#14.0#VAR 1444 0 0.924408 0.0755916 
 ----> 1.3#6.6#4.0#14.0#VAR 1445 0 0.922552 0.0774482 
 ----> 1.3#6.6#4.0#14.0#VAR 1446 0 0.92113 0.0788701 
 ----> 1.3#6.6#4.0#14.0#VAR 1447 0 0.913461 0.0865394 
 ----> 1.3#6.6#4.0#14.0#VAR 1448 0 0.920493 0.0795066 
 ----> 1.3#6.6#4.0#14.0#VAR 1449 0 0.928613 0.0713872 
 ----> 1.3#6.6#4.0#14.0#VAR 1450 0 0.916916 0.0830836 
 ----> 1.3#6.6#4.0#14.0#VAR 1451 0 0.928822 0.0711782 
 ----> 1.3#6.6#4.0#14.0#VAR 1452 1 0.910318 0.0896817 
 ----> 1.3#6.6#4.0#14.0#VAR 1453 0 0.923999 0.0760008 
 ----> 1.3#6.6#4.0#14.0#VAR 1454 0 0.926752 0.0732479 
 ----> 1.3#6.6#4.0#14.0#VAR 1455 0 0.926554 0.0734459 
 ----> 1.3#6.6#4.0#14.0#VAR 1456 0 0.928611 0.0713889 
 ----> 1.3#6.6#4.0#14.0#VAR 1457 0 0.922138 0.0778619 
 ----> 1.3#6.6#4.0#14.0#VAR 1458 0 0.928985 0.071015 
 ----> 1.3#6.6#4.0#14.0#VAR 1459 0 0.938171 0.0618294 
 ----> 1.3#6.6#4.0#14.0#VAR 1460 0 0.917462 0.0825375 
 ----> 1.3#6.6#4.0#14.0#VAR 1461 0 0.932667 0.0673329 
 ----> 1.3#6.6#4.0#14.0#VAR 1462 0 0.925114 0.0748856 
 ----> 1.3#6.6#4.0#14.0#VAR 1463 0 0.9315 0.0684997 
 ----> 1.3#6.6#4.0#14.0#VAR 1464 0 0.927594 0.0724057 
 ----> 1.3#6.6#4.0#14.0#VAR 1465 0 0.928972 0.0710279 
 ----> 1.3#6.6#4.0#14.0#VAR 1466 0 0.92558 0.07442 
 ----> 1.3#6.6#4.0#14.0#VAR 1467 0 0.923324 0.0766758 
 ----> 1.3#6.6#4.0#14.0#VAR 1468 0 0.928932 0.0710675 
 ----> 1.3#6.6#4.0#14.0#VAR 1469 0 0.91469 0.0853102 
 ----> 1.3#6.6#4.0#14.0#VAR 1470 0 0.931649 0.0683509 
 ----> 1.3#6.6#4.0#14.0#VAR 1471 0 0.915681 0.0843194 
 ----> 1.3#6.6#4.0#14.0#VAR 1472 0 0.92554 0.0744605 
 ----> 1.3#6.6#4.0#14.0#VAR 1473 0 0.922046 0.0779536 
 ----> 1.3#6.6#4.0#14.0#VAR 1474 0 0.913913 0.0860873 
 ----> 1.3#6.6#4.0#14.0#VAR 1475 1 0.92281 0.0771904 
 ----> 1.3#6.6#4.0#14.0#VAR 1476 1 0.936275 0.0637247 
 ----> 1.3#6.6#4.0#14.0#VAR 1477 1 0.922416 0.077584 
 ----> 1.3#6.6#4.0#14.0#VAR 1478 0 0.918553 0.0814471 
 ----> 1.3#6.6#4.0#14.0#VAR 1479 0 0.928088 0.0719125 
 ----> 1.3#6.6#4.0#14.0#VAR 1480 0 0.934625 0.0653749 
 ----> 1.3#6.6#4.0#14.0#VAR 1481 0 0.931578 0.0684221 
 ----> 1.3#6.6#4.0#14.0#VAR 1482 0 0.922941 0.077059 
 ----> 1.3#6.6#4.0#14.0#VAR 1483 0 0.918718 0.0812819 
 ----> 1.3#6.6#4.0#14.0#VAR 1484 0 0.913227 0.086773 
 ----> 1.3#6.6#4.0#14.0#VAR 1485 0 0.928815 0.0711853 
 ----> 1.3#6.6#4.0#14.0#VAR 1486 0 0.934241 0.0657591 
 ----> 1.3#6.6#4.0#14.0#VAR 1487 0 0.929485 0.0705154 
 ----> 1.3#6.6#4.0#14.0#VAR 1488 0 0.919544 0.0804556 
 ----> 1.3#6.6#4.0#14.0#VAR 1489 1 0.939374 0.0606264 
 ----> 1.3#6.6#4.0#14.0#VAR 1490 0 0.923628 0.0763715 
 ----> 1.3#6.6#4.0#14.0#VAR 1491 0 0.920508 0.0794918 
 ----> 1.3#6.6#4.0#14.0#VAR 1492 0 0.921964 0.0780358 
 ----> 1.3#6.6#4.0#14.0#VAR 1493 0 0.916613 0.083387 
 ----> 1.3#6.6#4.0#14.0#VAR 1494 0 0.921189 0.0788112 
 ----> 1.3#6.6#4.0#14.0#VAR 1495 0 0.916484 0.0835157 
 ----> 1.3#6.6#4.0#14.0#VAR 1496 0 0.915185 0.0848147 
 ----> 1.3#6.6#4.0#14.0#VAR 1497 0 0.919037 0.0809627 
 ----> 1.3#6.6#4.0#14.0#VAR 1498 0 0.926524 0.073476 
 ----> 1.3#6.6#4.0#14.0#VAR 1499 1 0.915786 0.0842135 
 ----> 1.3#6.6#4.0#14.0#VAR 1500 0 0.91915 0.0808498 
 ----> 1.3#6.6#4.0#14.0#VAR 1501 0 0.920958 0.079042 
 ----> 1.3#6.6#4.0#14.0#VAR 1502 0 0.913024 0.0869757 
 ----> 1.3#6.6#4.0#14.0#VAR 1503 0 0.928367 0.0716332 
 ----> 1.3#6.6#4.0#14.0#VAR 1504 0 0.926236 0.0737637 
 ----> 1.3#6.6#4.0#14.0#VAR 1505 1 0.917095 0.0829052 
 ----> 1.3#6.6#4.0#14.0#VAR 1506 0 0.917391 0.0826091 
 ----> 1.3#6.6#4.0#14.0#VAR 1507 0 0.917326 0.0826741 
 ----> 1.3#6.6#4.0#14.0#VAR 1508 0 0.931032 0.0689677 
 ----> 1.3#6.6#4.0#14.0#VAR 1509 0 0.920507 0.0794933 
 ----> 1.3#6.6#4.0#14.0#VAR 1510 0 0.905348 0.0946521 
 ----> 1.3#6.6#4.0#14.0#VAR 1511 0 0.912581 0.0874191 
 ----> 1.3#6.6#4.0#14.0#VAR 1512 0 0.935122 0.0648776 
 ----> 1.3#6.6#4.0#14.0#VAR 1513 0 0.929853 0.0701467 
 ----> 1.3#6.6#4.0#14.0#VAR 1514 1 0.924878 0.0751215 
 ----> 1.3#6.6#4.0#14.0#VAR 1515 0 0.925162 0.0748377 
 ----> 1.3#6.6#4.0#14.0#VAR 1516 0 0.915545 0.0844553 
 ----> 1.3#6.6#4.0#14.0#VAR 1517 0 0.923881 0.0761193 
 ----> 1.3#6.6#4.0#14.0#VAR 1518 0 0.91661 0.0833903 
 ----> 1.3#6.6#4.0#14.0#VAR 1519 0 0.917866 0.0821338 
 ----> 1.3#6.6#4.0#14.0#VAR 1520 0 0.907071 0.0929286 
 ----> 1.3#6.6#4.0#14.0#VAR 1521 0 0.92906 0.0709397 
 ----> 1.3#6.6#4.0#14.0#VAR 1522 1 0.907348 0.0926518 
 ----> 1.3#6.6#4.0#14.0#VAR 1523 1 0.916251 0.0837493 
 ----> 1.3#6.6#4.0#14.0#VAR 1524 0 0.913723 0.0862772 
 ----> 1.3#6.6#4.0#14.0#VAR 1525 0 0.916802 0.0831983 
 ----> 1.3#6.6#4.0#14.0#VAR 1526 1 0.91593 0.0840701 
 ----> 1.3#6.6#4.0#14.0#VAR 1527 0 0.909743 0.0902571 
 ----> 1.3#6.6#4.0#14.0#VAR 1528 0 0.920263 0.0797372 
 ----> 1.3#6.6#4.0#14.0#VAR 1529 0 0.935352 0.0646477 
 ----> 1.3#6.6#4.0#14.0#VAR 1530 0 0.930897 0.0691034 
 ----> 1.3#6.6#4.0#14.0#VAR 1531 0 0.922554 0.0774464 
 ----> 1.3#6.6#4.0#14.0#VAR 1532 0 0.916121 0.083879 
 ----> 1.3#6.6#4.0#14.0#VAR 1533 0 0.926882 0.0731177 
 ----> 1.3#6.6#4.0#14.0#VAR 1534 0 0.915451 0.0845487 
 ----> 1.3#6.6#4.0#14.0#VAR 1535 0 0.907437 0.0925635 
 ----> 1.3#6.6#4.0#14.0#VAR 1536 1 0.939566 0.0604343 
 ----> 1.3#6.6#4.0#14.0#VAR 1537 0 0.923697 0.0763026 
 ----> 1.3#6.6#4.0#14.0#VAR 1538 1 0.920443 0.0795572 
 ----> 1.3#6.6#4.0#14.0#VAR 1539 1 0.90996 0.0900403 
 ----> 1.3#6.6#4.0#14.0#VAR 1540 1 0.908923 0.0910774 
 ----> 1.3#6.6#4.0#14.0#VAR 1541 0 0.934361 0.0656385 
 ----> 1.3#6.6#4.0#14.0#VAR 1542 0 0.920414 0.0795859 
 ----> 1.3#6.6#4.0#14.0#VAR 1543 0 0.934928 0.0650722 
 ----> 1.3#6.6#4.0#14.0#VAR 1544 0 0.92707 0.0729296 
 ----> 1.3#6.6#4.0#14.0#VAR 1545 0 0.922234 0.0777656 
 ----> 1.3#6.6#4.0#14.0#VAR 1546 0 0.922279 0.0777212 
 ----> 1.3#6.6#4.0#14.0#VAR 1547 0 0.913156 0.0868441 
 ----> 1.3#6.6#4.0#14.0#VAR 1548 1 0.926099 0.073901 
 ----> 1.3#6.6#4.0#14.0#VAR 1549 1 0.917344 0.0826564 
 ----> 1.3#6.6#4.0#14.0#VAR 1550 0 0.916997 0.0830033 
 ----> 1.3#6.6#4.0#14.0#VAR 1551 0 0.91948 0.0805205 
 ----> 1.3#6.6#4.0#14.0#VAR 1552 1 0.91138 0.0886199 
 ----> 1.3#6.6#4.0#14.0#VAR 1553 0 0.936836 0.0631643 
 ----> 1.3#6.6#4.0#14.0#VAR 1554 0 0.896493 0.103507 
 ----> 1.3#6.6#4.0#14.0#VAR 1555 0 0.914211 0.0857893 
 ----> 1.3#6.6#4.0#14.0#VAR 1556 0 0.918519 0.0814807 
 ----> 1.3#6.6#4.0#14.0#VAR 1557 1 0.924493 0.0755073 
 ----> 1.3#6.6#4.0#14.0#VAR 1558 0 0.927662 0.0723378 
 ----> 1.3#6.6#4.0#14.0#VAR 1559 0 0.930449 0.069551 
 ----> 1.3#6.6#4.0#14.0#VAR 1560 0 0.90918 0.0908204 
 ----> 1.3#6.6#4.0#14.0#VAR 1561 1 0.919122 0.0808777 
 ----> 1.3#6.6#4.0#14.0#VAR 1562 0 0.929588 0.0704116 
 ----> 1.3#6.6#4.0#14.0#VAR 1563 0 0.921342 0.0786583 
 ----> 1.3#6.6#4.0#14.0#VAR 1564 0 0.928629 0.0713714 
 ----> 1.3#6.6#4.0#14.0#VAR 1565 0 0.922617 0.0773827 
 ----> 1.3#6.6#4.0#14.0#VAR 1566 0 0.928905 0.071095 
 ----> 1.3#6.6#4.0#14.0#VAR 1567 0 0.926262 0.0737377 
 ----> 1.3#6.6#4.0#14.0#VAR 1568 1 0.932935 0.0670653 
 ----> 1.3#6.6#4.0#14.0#VAR 1569 0 0.930113 0.0698868 
 ----> 1.3#6.6#4.0#14.0#VAR 1570 0 0.913309 0.0866911 
 ----> 1.3#6.6#4.0#14.0#VAR 1571 0 0.934698 0.0653021 
 ----> 1.3#6.6#4.0#14.0#VAR 1572 1 0.925251 0.0747495 
 ----> 1.3#6.6#4.0#14.0#VAR 1573 0 0.926999 0.0730006 
 ----> 1.3#6.6#4.0#14.0#VAR 1574 0 0.936056 0.0639444 
 ----> 1.3#6.6#4.0#14.0#VAR 1575 0 0.917284 0.0827163 
 ----> 1.3#6.6#4.0#14.0#VAR 1576 0 0.925598 0.0744016 
 ----> 1.3#6.6#4.0#14.0#VAR 1577 0 0.929855 0.0701451 
 ----> 1.3#6.6#4.0#14.0#VAR 1578 0 0.929527 0.070473 
 ----> 1.3#6.6#4.0#14.0#VAR 1579 0 0.91508 0.0849199 
 ----> 1.3#6.6#4.0#14.0#VAR 1580 0 0.920865 0.079135 
 ----> 1.3#6.6#4.0#14.0#VAR 1581 0 0.918362 0.081638 
 ----> 1.3#6.6#4.0#14.0#VAR 1582 0 0.938147 0.0618534 
 ----> 1.3#6.6#4.0#14.0#VAR 1583 0 0.921537 0.0784627 
 ----> 1.3#6.6#4.0#14.0#VAR 1584 0 0.935532 0.0644683 
 ----> 1.3#6.6#4.0#14.0#VAR 1585 1 0.92962 0.0703796 
 ----> 1.3#6.6#4.0#14.0#VAR 1586 1 0.925179 0.0748211 
 ----> 1.3#6.6#4.0#14.0#VAR 1587 1 0.930611 0.0693888 
 ----> 1.3#6.6#4.0#14.0#VAR 1588 0 0.929364 0.0706357 
 ----> 1.3#6.6#4.0#14.0#VAR 1589 0 0.92819 0.07181 
 ----> 1.3#6.6#4.0#14.0#VAR 1590 0 0.911431 0.0885687 
 ----> 1.3#6.6#4.0#14.0#VAR 1591 1 0.935614 0.0643859 
 ----> 1.3#6.6#4.0#14.0#VAR 1592 1 0.934661 0.065339 
 ----> 1.3#6.6#4.0#14.0#VAR 1593 0 0.933299 0.0667015 
 ----> 1.3#6.6#4.0#14.0#VAR 1594 0 0.927074 0.0729263 
 ----> 1.3#6.6#4.0#14.0#VAR 1595 1 0.930483 0.0695167 
 ----> 1.3#6.6#4.0#14.0#VAR 1596 0 0.92242 0.0775796 
 ----> 1.3#6.6#4.0#14.0#VAR 1597 1 0.918388 0.0816115 
 ----> 1.3#6.6#4.0#14.0#VAR 1598 1 0.912459 0.0875415 
 ----> 1.3#6.6#4.0#14.0#VAR 1599 1 0.913711 0.0862895 
 ----> 1.3#6.6#4.0#14.0#VAR 1600 0 0.929851 0.070149 
 ----> 1.3#6.6#4.0#14.0#VAR 1601 0 0.922561 0.0774393 
 ----> 1.3#6.6#4.0#14.0#VAR 1602 1 0.910715 0.0892848 
 ----> 1.3#6.6#4.0#14.0#VAR 1603 0 0.929628 0.0703717 
 ----> 1.3#6.6#4.0#14.0#VAR 1604 1 0.909542 0.0904576 
 ----> 1.3#6.6#4.0#14.0#VAR 1605 0 0.930922 0.0690777 
 ----> 1.3#6.6#4.0#14.0#VAR 1606 0 0.93006 0.0699396 
 ----> 1.3#6.6#4.0#14.0#VAR 1607 1 0.925784 0.0742158 
 ----> 1.3#6.6#4.0#14.0#VAR 1608 1 0.925973 0.0740274 
 ----> 1.3#6.6#4.0#14.0#VAR 1609 0 0.920955 0.0790448 
 ----> 1.3#6.6#4.0#14.0#VAR 1610 1 0.922475 0.0775247 
 ----> 1.3#6.6#4.0#14.0#VAR 1611 1 0.926052 0.0739481 
 ----> 1.3#6.6#4.0#14.0#VAR 1612 1 0.916561 0.0834391 
 ----> 1.3#6.6#4.0#14.0#VAR 1613 0 0.922681 0.0773193 
 ----> 1.3#6.6#4.0#14.0#VAR 1614 1 0.92577 0.0742298 
 ----> 1.3#6.6#4.0#14.0#VAR 1615 1 0.905956 0.0940444 
 ----> 1.3#6.6#4.0#14.0#VAR 1616 1 0.917117 0.0828835 
 ----> 1.3#6.6#4.0#14.0#VAR 1617 0 0.936549 0.063451 
 ----> 1.3#6.6#4.0#14.0#VAR 1618 0 0.923451 0.0765488 
 ----> 1.3#6.6#4.0#14.0#VAR 1619 0 0.905833 0.0941673 
 ----> 1.3#6.6#4.0#14.0#VAR 1620 0 0.911487 0.0885125 
 ----> 1.3#6.6#4.0#14.0#VAR 1621 1 0.935315 0.0646846 
 ----> 1.3#6.6#4.0#14.0#VAR 1622 1 0.904251 0.095749 
 ----> 1.3#6.6#4.0#14.0#VAR 1623 1 0.92003 0.0799703 
 ----> 1.3#6.6#4.0#14.0#VAR 1624 0 0.933742 0.0662579 
 ----> 1.3#6.6#4.0#14.0#VAR 1625 0 0.924951 0.0750492 
 ----> 1.3#6.6#4.0#14.0#VAR 1626 0 0.917613 0.0823868 
 ----> 1.3#6.6#4.0#14.0#VAR 1627 0 0.936584 0.0634163 
 ----> 1.3#6.6#4.0#14.0#VAR 1628 0 0.932266 0.0677343 
 ----> 1.3#6.6#4.0#14.0#VAR 1629 1 0.917431 0.0825693 
 ----> 1.3#6.6#4.0#14.0#VAR 1630 0 0.936009 0.0639908 
 ----> 1.3#6.6#4.0#14.0#VAR 1631 0 0.913511 0.0864893 
 ----> 1.3#6.6#4.0#14.0#VAR 1632 0 0.934302 0.0656978 
 ----> 1.3#6.6#4.0#14.0#VAR 1633 0 0.919855 0.0801448 
 ----> 1.3#6.6#4.0#14.0#VAR 1634 1 0.927808 0.0721925 
 ----> 1.3#6.6#4.0#14.0#VAR 1635 0 0.926619 0.0733813 
 ----> 1.3#6.6#4.0#14.0#VAR 1636 1 0.921843 0.0781567 
 ----> 1.3#6.6#4.0#14.0#VAR 1637 0 0.929287 0.0707127 
 ----> 1.3#6.6#4.0#14.0#VAR 1638 0 0.906804 0.0931957 
 ----> 1.3#6.6#4.0#14.0#VAR 1639 0 0.924963 0.0750375 
 ----> 1.3#6.6#4.0#14.0#VAR 1640 0 0.932659 0.0673406 
 ----> 1.3#6.6#4.0#14.0#VAR 1641 0 0.899355 0.100645 
 ----> 1.3#6.6#4.0#14.0#VAR 1642 0 0.915675 0.0843251 
 ----> 1.3#6.6#4.0#14.0#VAR 1643 1 0.924926 0.075074 
 ----> 1.3#6.6#4.0#14.0#VAR 1644 1 0.926425 0.0735752 
 ----> 1.3#6.6#4.0#14.0#VAR 1645 1 0.92387 0.0761302 
 ----> 1.3#6.6#4.0#14.0#VAR 1646 1 0.93987 0.0601304 
 ----> 1.3#6.6#4.0#14.0#VAR 1647 1 0.920991 0.0790088 
 ----> 1.3#6.6#4.0#14.0#VAR 1648 1 0.925651 0.0743486 
 ----> 1.3#6.6#4.0#14.0#VAR 1649 1 0.924719 0.0752805 
 ----> 1.3#6.6#4.0#14.0#VAR 1650 1 0.930452 0.0695478 
 ----> 1.3#6.6#4.0#14.0#VAR 1651 1 0.920082 0.0799177 
 ----> 1.3#6.6#4.0#14.0#VAR 1652 0 0.921022 0.0789782 
 ----> 1.3#6.6#4.0#14.0#VAR 1653 0 0.931539 0.0684612 
 ----> 1.3#6.6#4.0#14.0#VAR 1654 1 0.919843 0.0801565 
 ----> 1.3#6.6#4.0#14.0#VAR 1655 0 0.924174 0.0758258 
 ----> 1.3#6.6#4.0#14.0#VAR 1656 0 0.932511 0.0674895 
 ----> 1.3#6.6#4.0#14.0#VAR 1657 0 0.920561 0.079439 
 ----> 1.3#6.6#4.0#14.0#VAR 1658 0 0.933342 0.0666584 
 ----> 1.3#6.6#4.0#14.0#VAR 1659 0 0.923902 0.0760983 
 ----> 1.3#6.6#4.0#14.0#VAR 1660 0 0.934462 0.0655382 
 ----> 1.3#6.6#4.0#14.0#VAR 1661 1 0.931745 0.0682551 
 ----> 1.3#6.6#4.0#14.0#VAR 1662 1 0.915609 0.0843911 
 ----> 1.3#6.6#4.0#14.0#VAR 1663 1 0.9245 0.0755002 
 ----> 1.3#6.6#4.0#14.0#VAR 1664 0 0.930289 0.0697105 
 ----> 1.3#6.6#4.0#14.0#VAR 1665 1 0.931791 0.0682089 
 ----> 1.3#6.6#4.0#14.0#VAR 1666 0 0.924173 0.0758269 
 ----> 1.3#6.6#4.0#14.0#VAR 1667 1 0.932877 0.0671231 
 ----> 1.3#6.6#4.0#14.0#VAR 1668 0 0.926064 0.0739362 
 ----> 1.3#6.6#4.0#14.0#VAR 1669 0 0.910289 0.0897109 
 ----> 1.3#6.6#4.0#14.0#VAR 1670 0 0.918234 0.0817662 
 ----> 1.3#6.6#4.0#14.0#VAR 1671 0 0.913063 0.0869375 
 ----> 1.3#6.6#4.0#14.0#VAR 1672 0 0.924081 0.0759189 
 ----> 1.3#6.6#4.0#14.0#VAR 1673 0 0.92782 0.0721798 
 ----> 1.3#6.6#4.0#14.0#VAR 1674 1 0.920977 0.0790233 
 ----> 1.3#6.6#4.0#14.0#VAR 1675 0 0.933149 0.0668505 
 ----> 1.3#6.6#4.0#14.0#VAR 1676 0 0.9239 0.0761005 
 ----> 1.3#6.6#4.0#14.0#VAR 1677 0 0.910942 0.0890584 
 ----> 1.3#6.6#4.0#14.0#VAR 1678 1 0.915571 0.0844291 
 ----> 1.3#6.6#4.0#14.0#VAR 1679 0 0.931769 0.068231 
 ----> 1.3#6.6#4.0#14.0#VAR 1680 0 0.936079 0.063921 
 ----> 1.3#6.6#4.0#14.0#VAR 1681 0 0.920217 0.0797833 
 ----> 1.3#6.6#4.0#14.0#VAR 1682 1 0.935268 0.0647318 
 ----> 1.3#6.6#4.0#14.0#VAR 1683 0 0.927196 0.0728042 
 ----> 1.3#6.6#4.0#14.0#VAR 1684 1 0.920766 0.079234 
 ----> 1.3#6.6#4.0#14.0#VAR 1685 0 0.922056 0.0779439 
 ----> 1.3#6.6#4.0#14.0#VAR 1686 0 0.906839 0.0931613 
 ----> 1.3#6.6#4.0#14.0#VAR 1687 0 0.929165 0.0708348 
 ----> 1.3#6.6#4.0#14.0#VAR 1688 0 0.942076 0.0579238 
 ----> 1.3#6.6#4.0#14.0#VAR 1689 0 0.932852 0.0671483 
 ----> 1.3#6.6#4.0#14.0#VAR 1690 0 0.921173 0.0788266 
 ----> 1.3#6.6#4.0#14.0#VAR 1691 0 0.938642 0.0613581 
 ----> 1.3#6.6#4.0#14.0#VAR 1692 1 0.919419 0.080581 
 ----> 1.3#6.6#4.0#14.0#VAR 1693 1 0.927408 0.0725921 
 ----> 1.3#6.6#4.0#14.0#VAR 1694 1 0.927949 0.0720508 
 ----> 1.3#6.6#4.0#14.0#VAR 1695 0 0.92673 0.0732701 
 ----> 1.3#6.6#4.0#14.0#VAR 1696 0 0.925384 0.0746162 
 ----> 1.3#6.6#4.0#14.0#VAR 1697 0 0.927284 0.0727156 
 ----> 1.3#6.6#4.0#14.0#VAR 1698 0 0.88525 0.11475 
 ----> 1.3#6.6#4.0#14.0#VAR 1699 1 0.93491 0.0650901 
 ----> 1.3#6.6#4.0#14.0#VAR 1700 1 0.92132 0.0786799 
 ----> 1.3#6.6#4.0#14.0#VAR 1701 0 0.922183 0.0778167 
 ----> 1.3#6.6#4.0#14.0#VAR 1702 0 0.937191 0.0628085 
 ----> 1.3#6.6#4.0#14.0#VAR 1703 0 0.932963 0.0670372 
 ----> 1.3#6.6#4.0#14.0#VAR 1704 1 0.916454 0.0835461 
 ----> 1.3#6.6#4.0#14.0#VAR 1705 0 0.930273 0.0697271 
 ----> 1.3#6.6#4.0#14.0#VAR 1706 0 0.930566 0.0694338 
 ----> 1.3#6.6#4.0#14.0#VAR 1707 1 0.923899 0.076101 
 ----> 1.3#6.6#4.0#14.0#VAR 1708 0 0.919663 0.0803374 
 ----> 1.3#6.6#4.0#14.0#VAR 1709 1 0.922103 0.077897 
 ----> 1.3#6.6#4.0#14.0#VAR 1710 0 0.919048 0.0809517 
 ----> 1.3#6.6#4.0#14.0#VAR 1711 0 0.925682 0.0743177 
 ----> 1.3#6.6#4.0#14.0#VAR 1712 0 0.926398 0.0736021 
 ----> 1.3#6.6#4.0#14.0#VAR 1713 0 0.920411 0.0795887 
 ----> 1.3#6.6#4.0#14.0#VAR 1714 0 0.93184 0.0681603 
 ----> 1.3#6.6#4.0#14.0#VAR 1715 0 0.925742 0.0742581 
 ----> 1.3#6.6#4.0#14.0#VAR 1716 0 0.917097 0.0829031 
 ----> 1.3#6.6#4.0#14.0#VAR 1717 0 0.922607 0.0773932 
 ----> 1.3#6.6#4.0#14.0#VAR 1718 1 0.92442 0.0755803 
 ----> 1.3#6.6#4.0#14.0#VAR 1719 1 0.924091 0.0759086 
 ----> 1.3#6.6#4.0#14.0#VAR 1720 0 0.917275 0.0827254 
 ----> 1.3#6.6#4.0#14.0#VAR 1721 0 0.936948 0.0630522 
 ----> 1.3#6.6#4.0#14.0#VAR 1722 0 0.918694 0.0813057 
 ----> 1.3#6.6#4.0#14.0#VAR 1723 1 0.922418 0.0775823 
 ----> 1.3#6.6#4.0#14.0#VAR 1724 0 0.921965 0.0780352 
 ----> 1.3#6.6#4.0#14.0#VAR 1725 0 0.928139 0.0718613 
 ----> 1.3#6.6#4.0#14.0#VAR 1726 1 0.927267 0.0727328 
 ----> 1.3#6.6#4.0#14.0#VAR 1727 0 0.928194 0.0718065 
 ----> 1.3#6.6#4.0#14.0#VAR 1728 1 0.931712 0.0682877 
 ----> 1.3#6.6#4.0#14.0#VAR 1729 1 0.892913 0.107087 
 ----> 1.3#6.6#4.0#14.0#VAR 1730 0 0.931236 0.0687639 
 ----> 1.3#6.6#4.0#14.0#VAR 1731 0 0.924272 0.0757277 
 ----> 1.3#6.6#4.0#14.0#VAR 1732 0 0.912358 0.0876421 
 ----> 1.3#6.6#4.0#14.0#VAR 1733 0 0.912714 0.0872858 
 ----> 1.3#6.6#4.0#14.0#VAR 1734 1 0.911949 0.0880507 
 ----> 1.3#6.6#4.0#14.0#VAR 1735 1 0.919477 0.0805232 
 ----> 1.3#6.6#4.0#14.0#VAR 1736 0 0.920229 0.0797705 
 ----> 1.3#6.6#4.0#14.0#VAR 1737 1 0.91891 0.08109 
 ----> 1.3#6.6#4.0#14.0#VAR 1738 1 0.920139 0.0798611 
 ----> 1.3#6.6#4.0#14.0#VAR 1739 0 0.912882 0.0871183 
 ----> 1.3#6.6#4.0#14.0#VAR 1740 0 0.919901 0.0800992 
 ----> 1.3#6.6#4.0#14.0#VAR 1741 0 0.92196 0.0780399 
 ----> 1.3#6.6#4.0#14.0#VAR 1742 0 0.934172 0.0658282 
 ----> 1.3#6.6#4.0#14.0#VAR 1743 0 0.928838 0.0711624 
 ----> 1.3#6.6#4.0#14.0#VAR 1744 0 0.923421 0.0765786 
 ----> 1.3#6.6#4.0#14.0#VAR 1745 1 0.923145 0.0768546 
 ----> 1.3#6.6#4.0#14.0#VAR 1746 0 0.919955 0.0800452 
 ----> 1.3#6.6#4.0#14.0#VAR 1747 0 0.919788 0.0802123 
 ----> 1.3#6.6#4.0#14.0#VAR 1748 1 0.931607 0.0683928 
 ----> 1.3#6.6#4.0#14.0#VAR 1749 1 0.920058 0.0799418 
 ----> 1.3#6.6#4.0#14.0#VAR 1750 1 0.923593 0.0764068 
 ----> 1.3#6.6#4.0#14.0#VAR 1751 0 0.920498 0.0795017 
 ----> 1.3#6.6#4.0#14.0#VAR 1752 0 0.915523 0.0844768 
 ----> 1.3#6.6#4.0#14.0#VAR 1753 0 0.911249 0.0887505 
 ----> 1.3#6.6#4.0#14.0#VAR 1754 0 0.922214 0.0777864 
 ----> 1.3#6.6#4.0#14.0#VAR 1755 0 0.932924 0.0670763 
 ----> 1.3#6.6#4.0#14.0#VAR 1756 0 0.932453 0.0675465 
 ----> 1.3#6.6#4.0#14.0#VAR 1757 0 0.925541 0.0744593 
 ----> 1.3#6.6#4.0#14.0#VAR 1758 0 0.919492 0.0805083 
 ----> 1.3#6.6#4.0#14.0#VAR 1759 0 0.91788 0.0821201 
 ----> 1.3#6.6#4.0#14.0#VAR 1760 1 0.924648 0.0753523 
 ----> 1.3#6.6#4.0#14.0#VAR 1761 0 0.926057 0.0739434 
 ----> 1.3#6.6#4.0#14.0#VAR 1762 0 0.925078 0.0749218 
 ----> 1.3#6.6#4.0#14.0#VAR 1763 1 0.922747 0.0772526 
 ----> 1.3#6.6#4.0#14.0#VAR 1764 1 0.927617 0.0723832 
 ----> 1.3#6.6#4.0#14.0#VAR 1765 0 0.91774 0.0822598 
 ----> 1.3#6.6#4.0#14.0#VAR 1766 1 0.936685 0.0633155 
 ----> 1.3#6.6#4.0#14.0#VAR 1767 0 0.925957 0.0740434 
 ----> 1.3#6.6#4.0#14.0#VAR 1768 1 0.923757 0.0762433 
 ----> 1.3#6.6#4.0#14.0#VAR 1769 0 0.914055 0.0859449 
 ----> 1.3#6.6#4.0#14.0#VAR 1770 0 0.922855 0.0771448 
 ----> 1.3#6.6#4.0#14.0#VAR 1771 0 0.935393 0.0646072 
 ----> 1.3#6.6#4.0#14.0#VAR 1772 1 0.928512 0.0714882 
 ----> 1.3#6.6#4.0#14.0#VAR 1773 0 0.917552 0.0824482 
 ----> 1.3#6.6#4.0#14.0#VAR 1774 1 0.928678 0.0713222 
 ----> 1.3#6.6#4.0#14.0#VAR 1775 0 0.927054 0.0729457 
 ----> 1.3#6.6#4.0#14.0#VAR 1776 0 0.928774 0.0712263 
 ----> 1.3#6.6#4.0#14.0#VAR 1777 0 0.917354 0.082646 
 ----> 1.3#6.6#4.0#14.0#VAR 1778 0 0.914673 0.0853272 
 ----> 1.3#6.6#4.0#14.0#VAR 1779 0 0.929847 0.0701528 
 ----> 1.3#6.6#4.0#14.0#VAR 1780 1 0.929632 0.0703679 
 ----> 1.3#6.6#4.0#14.0#VAR 1781 1 0.938039 0.0619609 
 ----> 1.3#6.6#4.0#14.0#VAR 1782 0 0.935096 0.0649045 
 ----> 1.3#6.6#4.0#14.0#VAR 1783 0 0.92087 0.0791299 
 ----> 1.3#6.6#4.0#14.0#VAR 1784 0 0.919923 0.0800768 
 ----> 1.3#6.6#4.0#14.0#VAR 1785 0 0.921631 0.0783685 
 ----> 1.3#6.6#4.0#14.0#VAR 1786 0 0.921357 0.0786428 
 ----> 1.3#6.6#4.0#14.0#VAR 1787 1 0.92007 0.0799303 
 ----> 1.3#6.6#4.0#14.0#VAR 1788 1 0.918878 0.0811225 
 ----> 1.3#6.6#4.0#14.0#VAR 1789 0 0.926416 0.0735839 
 ----> 1.3#6.6#4.0#14.0#VAR 1790 0 0.913373 0.0866273 
 ----> 1.3#6.6#4.0#14.0#VAR 1791 0 0.931167 0.0688328 
 ----> 1.3#6.6#4.0#14.0#VAR 1792 0 0.91643 0.0835696 
 ----> 1.3#6.6#4.0#14.0#VAR 1793 1 0.921941 0.078059 
 ----> 1.3#6.6#4.0#14.0#VAR 1794 0 0.91816 0.0818402 
 ----> 1.3#6.6#4.0#14.0#VAR 1795 0 0.922624 0.0773756 
 ----> 1.3#6.6#4.0#14.0#VAR 1796 1 0.919496 0.0805038 
 ----> 1.3#6.6#4.0#14.0#VAR 1797 0 0.924048 0.0759522 
 ----> 1.3#6.6#4.0#14.0#VAR 1798 0 0.905862 0.0941379 
 ----> 1.3#6.6#4.0#14.0#VAR 1799 0 0.924441 0.0755592 
 ----> 1.3#6.6#4.0#14.0#VAR 1800 0 0.922411 0.0775889 
 ----> 1.3#6.6#4.0#14.0#VAR 1801 0 0.929149 0.0708507 
 ----> 1.3#6.6#4.0#14.0#VAR 1802 0 0.908256 0.0917436 
 ----> 1.3#6.6#4.0#14.0#VAR 1803 0 0.915866 0.084134 
 ----> 1.3#6.6#4.0#14.0#VAR 1804 0 0.930315 0.0696849 
 ----> 1.3#6.6#4.0#14.0#VAR 1805 0 0.918506 0.0814937 
 ----> 1.3#6.6#4.0#14.0#VAR 1806 1 0.909707 0.0902932 
 ----> 1.3#6.6#4.0#14.0#VAR 1807 0 0.915895 0.0841055 
 ----> 1.3#6.6#4.0#14.0#VAR 1808 0 0.934598 0.0654018 
 ----> 1.3#6.6#4.0#14.0#VAR 1809 0 0.919388 0.0806119 
 ----> 1.3#6.6#4.0#14.0#VAR 1810 0 0.895917 0.104083 
 ----> 1.3#6.6#4.0#14.0#VAR 1811 0 0.926362 0.073638 
 ----> 1.3#6.6#4.0#14.0#VAR 1812 0 0.919274 0.0807258 
 ----> 1.3#6.6#4.0#14.0#VAR 1813 0 0.932868 0.0671315 
 ----> 1.3#6.6#4.0#14.0#VAR 1814 0 0.923295 0.076705 
 ----> 1.3#6.6#4.0#14.0#VAR 1815 0 0.931669 0.0683307 
 ----> 1.3#6.6#4.0#14.0#VAR 1816 0 0.929497 0.070503 
 ----> 1.3#6.6#4.0#14.0#VAR 1817 1 0.934229 0.0657714 
 ----> 1.3#6.6#4.0#14.0#VAR 1818 0 0.919976 0.0800236 
 ----> 1.3#6.6#4.0#14.0#VAR 1819 0 0.935221 0.0647787 
 ----> 1.3#6.6#4.0#14.0#VAR 1820 0 0.926803 0.0731975 
 ----> 1.3#6.6#4.0#14.0#VAR 1821 0 0.927788 0.0722117 
 ----> 1.3#6.6#4.0#14.0#VAR 1822 1 0.926793 0.0732065 
 ----> 1.3#6.6#4.0#14.0#VAR 1823 0 0.918453 0.0815471 
 ----> 1.3#6.6#4.0#14.0#VAR 1824 0 0.921803 0.0781974 
 ----> 1.3#6.6#4.0#14.0#VAR 1825 0 0.930482 0.069518 
 ----> 1.3#6.6#4.0#14.0#VAR 1826 0 0.922468 0.0775321 
 ++++> 1.3#6.6#4.0#14.0#VAR 1827  0 0.912104 0.0878965 
