 ----> 1.3#6.6#4.0#14.0#VAR 9 0 0.923921 0.0760792 
 ----> 1.3#6.6#4.0#14.0#VAR 10 1 0.915853 0.0841468 
 ----> 1.3#6.6#4.0#14.0#VAR 11 1 0.913287 0.0867128 
 ----> 1.3#6.6#4.0#14.0#VAR 12 0 0.935477 0.0645229 
 ----> 1.3#6.6#4.0#14.0#VAR 13 0 0.912783 0.0872173 
 ----> 1.3#6.6#4.0#14.0#VAR 14 0 0.923443 0.0765565 
 ----> 1.3#6.6#4.0#14.0#VAR 15 0 0.931915 0.0680849 
 ----> 1.3#6.6#4.0#14.0#VAR 16 0 0.921568 0.0784319 
 ----> 1.3#6.6#4.0#14.0#VAR 17 0 0.911984 0.0880161 
 ----> 1.3#6.6#4.0#14.0#VAR 18 0 0.929416 0.0705838 
 ----> 1.3#6.6#4.0#14.0#VAR 19 0 0.932259 0.0677412 
 ----> 1.3#6.6#4.0#14.0#VAR 20 1 0.924555 0.0754454 
 ----> 1.3#6.6#4.0#14.0#VAR 21 0 0.929073 0.0709269 
 ----> 1.3#6.6#4.0#14.0#VAR 22 0 0.925715 0.0742849 
 ----> 1.3#6.6#4.0#14.0#VAR 23 0 0.92443 0.0755704 
 ----> 1.3#6.6#4.0#14.0#VAR 24 0 0.911004 0.088996 
 ----> 1.3#6.6#4.0#14.0#VAR 25 0 0.927679 0.0723207 
 ----> 1.3#6.6#4.0#14.0#VAR 26 0 0.928962 0.0710383 
 ----> 1.3#6.6#4.0#14.0#VAR 27 0 0.928053 0.0719471 
 ----> 1.3#6.6#4.0#14.0#VAR 28 0 0.924316 0.0756836 
 ----> 1.3#6.6#4.0#14.0#VAR 29 1 0.927214 0.0727862 
 ----> 1.3#6.6#4.0#14.0#VAR 30 1 0.924894 0.0751059 
 ----> 1.3#6.6#4.0#14.0#VAR 31 0 0.920342 0.0796581 
 ----> 1.3#6.6#4.0#14.0#VAR 32 0 0.918057 0.0819432 
 ----> 1.3#6.6#4.0#14.0#VAR 33 0 0.932214 0.0677861 
 ----> 1.3#6.6#4.0#14.0#VAR 34 0 0.922828 0.0771718 
 ----> 1.3#6.6#4.0#14.0#VAR 35 1 0.913783 0.0862167 
 ----> 1.3#6.6#4.0#14.0#VAR 36 0 0.920943 0.0790574 
 ----> 1.3#6.6#4.0#14.0#VAR 37 0 0.915023 0.0849766 
 ----> 1.3#6.6#4.0#14.0#VAR 38 0 0.921582 0.0784181 
 ----> 1.3#6.6#4.0#14.0#VAR 39 0 0.913814 0.0861858 
 ----> 1.3#6.6#4.0#14.0#VAR 40 0 0.928786 0.0712145 
 ----> 1.3#6.6#4.0#14.0#VAR 41 0 0.934276 0.0657238 
 ----> 1.3#6.6#4.0#14.0#VAR 42 0 0.921296 0.0787043 
 ----> 1.3#6.6#4.0#14.0#VAR 43 0 0.925389 0.074611 
 ----> 1.3#6.6#4.0#14.0#VAR 44 0 0.92738 0.0726202 
 ----> 1.3#6.6#4.0#14.0#VAR 45 0 0.926785 0.0732153 
 ----> 1.3#6.6#4.0#14.0#VAR 46 0 0.921201 0.0787992 
 ----> 1.3#6.6#4.0#14.0#VAR 47 0 0.923866 0.0761339 
 ----> 1.3#6.6#4.0#14.0#VAR 48 1 0.908596 0.0914038 
 ----> 1.3#6.6#4.0#14.0#VAR 49 0 0.92618 0.0738199 
 ----> 1.3#6.6#4.0#14.0#VAR 50 0 0.926939 0.0730615 
 ----> 1.3#6.6#4.0#14.0#VAR 51 0 0.91676 0.0832398 
 ----> 1.3#6.6#4.0#14.0#VAR 52 0 0.923262 0.076738 
 ----> 1.3#6.6#4.0#14.0#VAR 53 0 0.940594 0.0594057 
 ----> 1.3#6.6#4.0#14.0#VAR 54 0 0.932093 0.0679075 
 ----> 1.3#6.6#4.0#14.0#VAR 55 0 0.907374 0.0926265 
 ----> 1.3#6.6#4.0#14.0#VAR 56 0 0.931829 0.0681709 
 ----> 1.3#6.6#4.0#14.0#VAR 57 0 0.922145 0.0778549 
 ----> 1.3#6.6#4.0#14.0#VAR 58 0 0.927127 0.0728735 
 ----> 1.3#6.6#4.0#14.0#VAR 59 0 0.920907 0.0790934 
 ----> 1.3#6.6#4.0#14.0#VAR 60 0 0.931619 0.068381 
 ----> 1.3#6.6#4.0#14.0#VAR 61 1 0.916049 0.0839511 
 ----> 1.3#6.6#4.0#14.0#VAR 62 0 0.912321 0.0876793 
 ----> 1.3#6.6#4.0#14.0#VAR 63 0 0.925783 0.0742166 
 ----> 1.3#6.6#4.0#14.0#VAR 64 0 0.931172 0.0688281 
 ----> 1.3#6.6#4.0#14.0#VAR 65 0 0.930024 0.069976 
 ----> 1.3#6.6#4.0#14.0#VAR 66 0 0.929759 0.0702406 
 ----> 1.3#6.6#4.0#14.0#VAR 67 0 0.928447 0.0715528 
 ----> 1.3#6.6#4.0#14.0#VAR 68 0 0.923346 0.0766539 
 ----> 1.3#6.6#4.0#14.0#VAR 69 0 0.938187 0.0618135 
 ----> 1.3#6.6#4.0#14.0#VAR 70 0 0.911434 0.0885663 
 ----> 1.3#6.6#4.0#14.0#VAR 71 0 0.91739 0.0826098 
 ----> 1.3#6.6#4.0#14.0#VAR 72 0 0.924116 0.0758841 
 ----> 1.3#6.6#4.0#14.0#VAR 73 0 0.927623 0.0723773 
 ----> 1.3#6.6#4.0#14.0#VAR 74 0 0.934603 0.065397 
 ----> 1.3#6.6#4.0#14.0#VAR 75 0 0.929553 0.0704469 
 ----> 1.3#6.6#4.0#14.0#VAR 76 0 0.919311 0.0806894 
 ----> 1.3#6.6#4.0#14.0#VAR 77 0 0.923158 0.0768416 
 ----> 1.3#6.6#4.0#14.0#VAR 78 0 0.926833 0.073167 
 ----> 1.3#6.6#4.0#14.0#VAR 79 0 0.919945 0.0800549 
 ----> 1.3#6.6#4.0#14.0#VAR 80 0 0.916108 0.0838925 
 ----> 1.3#6.6#4.0#14.0#VAR 81 0 0.929767 0.0702328 
 ----> 1.3#6.6#4.0#14.0#VAR 82 0 0.929029 0.0709713 
 ----> 1.3#6.6#4.0#14.0#VAR 83 0 0.926332 0.0736676 
 ----> 1.3#6.6#4.0#14.0#VAR 84 0 0.930781 0.0692186 
 ----> 1.3#6.6#4.0#14.0#VAR 85 0 0.915607 0.0843935 
 ----> 1.3#6.6#4.0#14.0#VAR 86 0 0.929841 0.0701594 
 ----> 1.3#6.6#4.0#14.0#VAR 87 0 0.908327 0.0916728 
 ----> 1.3#6.6#4.0#14.0#VAR 88 0 0.923028 0.0769718 
 ----> 1.3#6.6#4.0#14.0#VAR 89 0 0.923476 0.0765236 
 ----> 1.3#6.6#4.0#14.0#VAR 90 0 0.93474 0.0652599 
 ----> 1.3#6.6#4.0#14.0#VAR 91 0 0.929044 0.0709562 
 ----> 1.3#6.6#4.0#14.0#VAR 92 0 0.924352 0.0756483 
 ----> 1.3#6.6#4.0#14.0#VAR 93 0 0.929195 0.0708054 
 ----> 1.3#6.6#4.0#14.0#VAR 94 0 0.920988 0.0790123 
 ----> 1.3#6.6#4.0#14.0#VAR 95 1 0.922803 0.0771967 
 ----> 1.3#6.6#4.0#14.0#VAR 96 0 0.918867 0.0811334 
 ----> 1.3#6.6#4.0#14.0#VAR 97 0 0.937941 0.0620591 
 ----> 1.3#6.6#4.0#14.0#VAR 98 0 0.933322 0.0666784 
 ----> 1.3#6.6#4.0#14.0#VAR 99 0 0.93649 0.06351 
 ----> 1.3#6.6#4.0#14.0#VAR 100 0 0.921491 0.0785091 
 ----> 1.3#6.6#4.0#14.0#VAR 101 0 0.921755 0.0782445 
 ----> 1.3#6.6#4.0#14.0#VAR 102 0 0.92102 0.0789803 
 ----> 1.3#6.6#4.0#14.0#VAR 103 0 0.927112 0.072888 
 ----> 1.3#6.6#4.0#14.0#VAR 104 1 0.900715 0.0992845 
 ----> 1.3#6.6#4.0#14.0#VAR 105 0 0.915548 0.0844524 
 ----> 1.3#6.6#4.0#14.0#VAR 106 0 0.929351 0.0706492 
 ----> 1.3#6.6#4.0#14.0#VAR 107 0 0.921434 0.0785664 
 ----> 1.3#6.6#4.0#14.0#VAR 108 0 0.918458 0.081542 
 ----> 1.3#6.6#4.0#14.0#VAR 109 0 0.920738 0.079262 
 ----> 1.3#6.6#4.0#14.0#VAR 110 0 0.927373 0.072627 
 ----> 1.3#6.6#4.0#14.0#VAR 111 0 0.922585 0.0774149 
 ----> 1.3#6.6#4.0#14.0#VAR 112 0 0.921719 0.0782811 
 ----> 1.3#6.6#4.0#14.0#VAR 113 0 0.938056 0.0619443 
 ----> 1.3#6.6#4.0#14.0#VAR 114 0 0.926398 0.0736023 
 ----> 1.3#6.6#4.0#14.0#VAR 115 1 0.920589 0.0794106 
 ----> 1.3#6.6#4.0#14.0#VAR 116 0 0.932043 0.067957 
 ----> 1.3#6.6#4.0#14.0#VAR 117 0 0.933392 0.0666077 
 ----> 1.3#6.6#4.0#14.0#VAR 118 0 0.925228 0.074772 
 ----> 1.3#6.6#4.0#14.0#VAR 119 0 0.930654 0.069346 
 ----> 1.3#6.6#4.0#14.0#VAR 120 0 0.924414 0.0755865 
 ----> 1.3#6.6#4.0#14.0#VAR 121 1 0.912534 0.0874659 
 ----> 1.3#6.6#4.0#14.0#VAR 122 0 0.921395 0.0786045 
 ----> 1.3#6.6#4.0#14.0#VAR 123 0 0.936279 0.0637209 
 ----> 1.3#6.6#4.0#14.0#VAR 124 0 0.925268 0.0747323 
 ----> 1.3#6.6#4.0#14.0#VAR 125 0 0.925505 0.074495 
 ----> 1.3#6.6#4.0#14.0#VAR 126 0 0.924585 0.0754146 
 ----> 1.3#6.6#4.0#14.0#VAR 127 0 0.922221 0.0777789 
 ----> 1.3#6.6#4.0#14.0#VAR 128 0 0.922129 0.0778707 
 ----> 1.3#6.6#4.0#14.0#VAR 129 0 0.925028 0.0749721 
 ----> 1.3#6.6#4.0#14.0#VAR 130 0 0.934421 0.0655791 
 ----> 1.3#6.6#4.0#14.0#VAR 131 0 0.926675 0.0733246 
 ----> 1.3#6.6#4.0#14.0#VAR 132 0 0.916322 0.0836777 
 ----> 1.3#6.6#4.0#14.0#VAR 133 0 0.916765 0.0832347 
 ----> 1.3#6.6#4.0#14.0#VAR 134 0 0.907709 0.092291 
 ----> 1.3#6.6#4.0#14.0#VAR 135 0 0.922484 0.0775162 
 ----> 1.3#6.6#4.0#14.0#VAR 136 0 0.92558 0.0744205 
 ----> 1.3#6.6#4.0#14.0#VAR 137 0 0.931142 0.0688585 
 ----> 1.3#6.6#4.0#14.0#VAR 138 0 0.898513 0.101487 
 ----> 1.3#6.6#4.0#14.0#VAR 139 0 0.919212 0.0807878 
 ----> 1.3#6.6#4.0#14.0#VAR 140 0 0.926034 0.0739658 
 ----> 1.3#6.6#4.0#14.0#VAR 141 0 0.927511 0.0724894 
 ----> 1.3#6.6#4.0#14.0#VAR 142 0 0.921898 0.0781019 
 ----> 1.3#6.6#4.0#14.0#VAR 143 0 0.915807 0.0841935 
 ----> 1.3#6.6#4.0#14.0#VAR 144 0 0.9241 0.0758999 
 ----> 1.3#6.6#4.0#14.0#VAR 145 0 0.925491 0.0745087 
 ----> 1.3#6.6#4.0#14.0#VAR 146 0 0.922231 0.0777693 
 ----> 1.3#6.6#4.0#14.0#VAR 147 0 0.937437 0.0625633 
 ----> 1.3#6.6#4.0#14.0#VAR 148 1 0.920504 0.0794964 
 ----> 1.3#6.6#4.0#14.0#VAR 149 0 0.920554 0.0794459 
 ----> 1.3#6.6#4.0#14.0#VAR 150 0 0.935662 0.0643381 
 ----> 1.3#6.6#4.0#14.0#VAR 151 0 0.922243 0.0777568 
 ----> 1.3#6.6#4.0#14.0#VAR 152 0 0.918893 0.0811067 
 ----> 1.3#6.6#4.0#14.0#VAR 153 0 0.91938 0.0806202 
 ----> 1.3#6.6#4.0#14.0#VAR 154 0 0.930003 0.0699973 
 ----> 1.3#6.6#4.0#14.0#VAR 155 0 0.924281 0.0757193 
 ----> 1.3#6.6#4.0#14.0#VAR 156 0 0.922233 0.0777669 
 ----> 1.3#6.6#4.0#14.0#VAR 157 0 0.918686 0.0813138 
 ----> 1.3#6.6#4.0#14.0#VAR 158 0 0.921216 0.0787843 
 ----> 1.3#6.6#4.0#14.0#VAR 159 0 0.928816 0.0711838 
 ----> 1.3#6.6#4.0#14.0#VAR 160 0 0.925207 0.0747928 
 ----> 1.3#6.6#4.0#14.0#VAR 161 0 0.93443 0.0655703 
 ----> 1.3#6.6#4.0#14.0#VAR 162 1 0.913326 0.0866739 
 ----> 1.3#6.6#4.0#14.0#VAR 163 0 0.944762 0.055238 
 ----> 1.3#6.6#4.0#14.0#VAR 164 0 0.936622 0.0633781 
 ----> 1.3#6.6#4.0#14.0#VAR 165 0 0.933954 0.0660464 
 ----> 1.3#6.6#4.0#14.0#VAR 166 0 0.925856 0.0741436 
 ----> 1.3#6.6#4.0#14.0#VAR 167 0 0.929174 0.0708262 
 ----> 1.3#6.6#4.0#14.0#VAR 168 0 0.920169 0.079831 
 ----> 1.3#6.6#4.0#14.0#VAR 169 0 0.931758 0.0682422 
 ----> 1.3#6.6#4.0#14.0#VAR 170 0 0.930488 0.0695123 
 ----> 1.3#6.6#4.0#14.0#VAR 171 0 0.927057 0.0729434 
 ----> 1.3#6.6#4.0#14.0#VAR 172 1 0.89935 0.10065 
 ----> 1.3#6.6#4.0#14.0#VAR 173 0 0.928395 0.0716048 
 ----> 1.3#6.6#4.0#14.0#VAR 174 0 0.924226 0.0757741 
 ----> 1.3#6.6#4.0#14.0#VAR 175 0 0.927331 0.0726689 
 ----> 1.3#6.6#4.0#14.0#VAR 176 0 0.939667 0.0603331 
 ----> 1.3#6.6#4.0#14.0#VAR 177 0 0.921397 0.0786027 
 ----> 1.3#6.6#4.0#14.0#VAR 178 0 0.934087 0.0659125 
 ----> 1.3#6.6#4.0#14.0#VAR 179 0 0.926753 0.0732466 
 ----> 1.3#6.6#4.0#14.0#VAR 180 0 0.912463 0.087537 
 ----> 1.3#6.6#4.0#14.0#VAR 181 0 0.928066 0.0719336 
 ----> 1.3#6.6#4.0#14.0#VAR 182 0 0.935852 0.0641478 
 ----> 1.3#6.6#4.0#14.0#VAR 183 0 0.907912 0.0920882 
 ----> 1.3#6.6#4.0#14.0#VAR 184 0 0.926443 0.0735565 
 ----> 1.3#6.6#4.0#14.0#VAR 185 0 0.938193 0.0618068 
 ----> 1.3#6.6#4.0#14.0#VAR 186 0 0.936727 0.0632728 
 ----> 1.3#6.6#4.0#14.0#VAR 187 0 0.911834 0.0881657 
 ----> 1.3#6.6#4.0#14.0#VAR 188 1 0.907225 0.0927749 
 ----> 1.3#6.6#4.0#14.0#VAR 189 0 0.928843 0.0711573 
 ----> 1.3#6.6#4.0#14.0#VAR 190 0 0.933342 0.0666582 
 ----> 1.3#6.6#4.0#14.0#VAR 191 0 0.934088 0.0659118 
 ----> 1.3#6.6#4.0#14.0#VAR 192 0 0.931943 0.0680573 
 ----> 1.3#6.6#4.0#14.0#VAR 193 0 0.935334 0.0646658 
 ----> 1.3#6.6#4.0#14.0#VAR 194 0 0.921485 0.0785148 
 ----> 1.3#6.6#4.0#14.0#VAR 195 0 0.923005 0.0769945 
 ----> 1.3#6.6#4.0#14.0#VAR 196 0 0.899713 0.100287 
 ----> 1.3#6.6#4.0#14.0#VAR 197 0 0.932877 0.0671231 
 ----> 1.3#6.6#4.0#14.0#VAR 198 0 0.919507 0.0804931 
 ----> 1.3#6.6#4.0#14.0#VAR 199 0 0.922829 0.0771705 
 ----> 1.3#6.6#4.0#14.0#VAR 200 0 0.917751 0.0822486 
 ----> 1.3#6.6#4.0#14.0#VAR 201 0 0.920185 0.0798149 
 ----> 1.3#6.6#4.0#14.0#VAR 202 0 0.930794 0.0692062 
 ----> 1.3#6.6#4.0#14.0#VAR 203 0 0.928408 0.0715917 
 ----> 1.3#6.6#4.0#14.0#VAR 204 0 0.935212 0.0647883 
 ----> 1.3#6.6#4.0#14.0#VAR 205 0 0.913402 0.0865984 
 ----> 1.3#6.6#4.0#14.0#VAR 206 0 0.922968 0.0770319 
 ----> 1.3#6.6#4.0#14.0#VAR 207 0 0.924025 0.0759748 
 ----> 1.3#6.6#4.0#14.0#VAR 208 0 0.923614 0.0763859 
 ----> 1.3#6.6#4.0#14.0#VAR 209 0 0.920157 0.0798426 
 ----> 1.3#6.6#4.0#14.0#VAR 210 0 0.915203 0.0847965 
 ----> 1.3#6.6#4.0#14.0#VAR 211 0 0.93076 0.0692405 
 ----> 1.3#6.6#4.0#14.0#VAR 212 0 0.919789 0.0802113 
 ----> 1.3#6.6#4.0#14.0#VAR 213 0 0.930057 0.0699434 
 ----> 1.3#6.6#4.0#14.0#VAR 214 0 0.925364 0.0746362 
 ----> 1.3#6.6#4.0#14.0#VAR 215 0 0.920597 0.0794028 
 ----> 1.3#6.6#4.0#14.0#VAR 216 0 0.914823 0.0851766 
 ----> 1.3#6.6#4.0#14.0#VAR 217 0 0.926876 0.0731243 
 ----> 1.3#6.6#4.0#14.0#VAR 218 0 0.942114 0.0578858 
 ----> 1.3#6.6#4.0#14.0#VAR 219 0 0.94267 0.0573302 
 ----> 1.3#6.6#4.0#14.0#VAR 220 1 0.904475 0.095525 
 ----> 1.3#6.6#4.0#14.0#VAR 221 0 0.91501 0.08499 
 ----> 1.3#6.6#4.0#14.0#VAR 222 0 0.924136 0.0758639 
 ----> 1.3#6.6#4.0#14.0#VAR 223 0 0.927125 0.0728749 
 ----> 1.3#6.6#4.0#14.0#VAR 224 0 0.946376 0.0536239 
 ----> 1.3#6.6#4.0#14.0#VAR 225 0 0.919973 0.080027 
 ----> 1.3#6.6#4.0#14.0#VAR 226 0 0.909102 0.0908975 
 ----> 1.3#6.6#4.0#14.0#VAR 227 0 0.934511 0.0654892 
 ----> 1.3#6.6#4.0#14.0#VAR 228 1 0.918589 0.0814115 
 ----> 1.3#6.6#4.0#14.0#VAR 229 0 0.927619 0.0723807 
 ----> 1.3#6.6#4.0#14.0#VAR 230 0 0.927572 0.0724282 
 ----> 1.3#6.6#4.0#14.0#VAR 231 0 0.91431 0.0856902 
 ----> 1.3#6.6#4.0#14.0#VAR 232 0 0.919001 0.080999 
 ----> 1.3#6.6#4.0#14.0#VAR 233 0 0.934575 0.0654254 
 ----> 1.3#6.6#4.0#14.0#VAR 234 0 0.932172 0.0678281 
 ----> 1.3#6.6#4.0#14.0#VAR 235 0 0.925668 0.0743318 
 ----> 1.3#6.6#4.0#14.0#VAR 236 0 0.925981 0.0740193 
 ----> 1.3#6.6#4.0#14.0#VAR 237 0 0.920418 0.0795818 
 ----> 1.3#6.6#4.0#14.0#VAR 238 0 0.912965 0.0870354 
 ----> 1.3#6.6#4.0#14.0#VAR 239 0 0.932558 0.0674416 
 ----> 1.3#6.6#4.0#14.0#VAR 240 0 0.941276 0.0587235 
 ----> 1.3#6.6#4.0#14.0#VAR 241 0 0.924138 0.0758615 
 ----> 1.3#6.6#4.0#14.0#VAR 242 0 0.925645 0.0743551 
 ----> 1.3#6.6#4.0#14.0#VAR 243 0 0.921297 0.0787025 
 ----> 1.3#6.6#4.0#14.0#VAR 244 0 0.933631 0.0663694 
 ----> 1.3#6.6#4.0#14.0#VAR 245 0 0.92923 0.0707696 
 ----> 1.3#6.6#4.0#14.0#VAR 246 0 0.930399 0.0696008 
 ----> 1.3#6.6#4.0#14.0#VAR 247 0 0.934028 0.0659724 
 ----> 1.3#6.6#4.0#14.0#VAR 248 0 0.91248 0.08752 
 ----> 1.3#6.6#4.0#14.0#VAR 249 0 0.915804 0.084196 
 ----> 1.3#6.6#4.0#14.0#VAR 250 0 0.932071 0.0679288 
 ----> 1.3#6.6#4.0#14.0#VAR 251 0 0.928554 0.0714459 
 ----> 1.3#6.6#4.0#14.0#VAR 252 0 0.924512 0.0754883 
 ----> 1.3#6.6#4.0#14.0#VAR 253 0 0.93253 0.0674697 
 ----> 1.3#6.6#4.0#14.0#VAR 254 0 0.926792 0.0732081 
 ----> 1.3#6.6#4.0#14.0#VAR 255 0 0.921901 0.0780988 
 ----> 1.3#6.6#4.0#14.0#VAR 256 0 0.922209 0.0777913 
 ----> 1.3#6.6#4.0#14.0#VAR 257 0 0.924418 0.0755815 
 ----> 1.3#6.6#4.0#14.0#VAR 258 0 0.925596 0.0744037 
 ----> 1.3#6.6#4.0#14.0#VAR 259 0 0.925987 0.0740133 
 ----> 1.3#6.6#4.0#14.0#VAR 260 0 0.91212 0.0878802 
 ----> 1.3#6.6#4.0#14.0#VAR 261 0 0.912232 0.0877682 
 ----> 1.3#6.6#4.0#14.0#VAR 262 0 0.918084 0.0819156 
 ----> 1.3#6.6#4.0#14.0#VAR 263 0 0.891381 0.108619 
 ----> 1.3#6.6#4.0#14.0#VAR 264 0 0.927415 0.0725849 
 ----> 1.3#6.6#4.0#14.0#VAR 265 0 0.930704 0.0692959 
 ----> 1.3#6.6#4.0#14.0#VAR 266 0 0.926455 0.0735447 
 ----> 1.3#6.6#4.0#14.0#VAR 267 0 0.924093 0.075907 
 ----> 1.3#6.6#4.0#14.0#VAR 268 0 0.908462 0.0915381 
 ----> 1.3#6.6#4.0#14.0#VAR 269 0 0.928061 0.0719388 
 ----> 1.3#6.6#4.0#14.0#VAR 270 0 0.907622 0.0923783 
 ----> 1.3#6.6#4.0#14.0#VAR 271 1 0.886984 0.113016 
 ----> 1.3#6.6#4.0#14.0#VAR 272 0 0.925102 0.0748978 
 ----> 1.3#6.6#4.0#14.0#VAR 273 0 0.919877 0.0801231 
 ----> 1.3#6.6#4.0#14.0#VAR 274 1 0.910484 0.0895159 
 ----> 1.3#6.6#4.0#14.0#VAR 275 0 0.922473 0.0775267 
 ----> 1.3#6.6#4.0#14.0#VAR 276 0 0.915336 0.0846635 
 ----> 1.3#6.6#4.0#14.0#VAR 277 0 0.927669 0.0723305 
 ----> 1.3#6.6#4.0#14.0#VAR 278 0 0.929241 0.0707587 
 ----> 1.3#6.6#4.0#14.0#VAR 279 0 0.932312 0.0676877 
 ----> 1.3#6.6#4.0#14.0#VAR 280 0 0.917225 0.0827751 
 ----> 1.3#6.6#4.0#14.0#VAR 281 0 0.929863 0.0701373 
 ----> 1.3#6.6#4.0#14.0#VAR 282 0 0.934749 0.0652513 
 ----> 1.3#6.6#4.0#14.0#VAR 283 0 0.935733 0.0642669 
 ----> 1.3#6.6#4.0#14.0#VAR 284 0 0.927384 0.0726155 
 ----> 1.3#6.6#4.0#14.0#VAR 285 0 0.920474 0.0795256 
 ----> 1.3#6.6#4.0#14.0#VAR 286 0 0.925136 0.0748643 
 ----> 1.3#6.6#4.0#14.0#VAR 287 0 0.928639 0.0713606 
 ----> 1.3#6.6#4.0#14.0#VAR 288 0 0.928819 0.0711808 
 ----> 1.3#6.6#4.0#14.0#VAR 289 0 0.927001 0.0729993 
 ----> 1.3#6.6#4.0#14.0#VAR 290 0 0.928569 0.0714313 
 ----> 1.3#6.6#4.0#14.0#VAR 291 0 0.920775 0.0792254 
 ----> 1.3#6.6#4.0#14.0#VAR 292 0 0.916281 0.083719 
 ----> 1.3#6.6#4.0#14.0#VAR 293 0 0.922341 0.0776593 
 ----> 1.3#6.6#4.0#14.0#VAR 294 0 0.926731 0.073269 
 ----> 1.3#6.6#4.0#14.0#VAR 295 0 0.925254 0.0747458 
 ----> 1.3#6.6#4.0#14.0#VAR 296 0 0.927668 0.0723316 
 ----> 1.3#6.6#4.0#14.0#VAR 297 0 0.919715 0.0802849 
 ----> 1.3#6.6#4.0#14.0#VAR 298 0 0.942644 0.0573565 
 ----> 1.3#6.6#4.0#14.0#VAR 299 0 0.92307 0.0769298 
 ----> 1.3#6.6#4.0#14.0#VAR 300 0 0.904446 0.095554 
 ----> 1.3#6.6#4.0#14.0#VAR 301 0 0.909772 0.0902282 
 ----> 1.3#6.6#4.0#14.0#VAR 302 0 0.887971 0.112029 
 ----> 1.3#6.6#4.0#14.0#VAR 303 0 0.934249 0.0657515 
 ----> 1.3#6.6#4.0#14.0#VAR 304 0 0.927851 0.0721491 
 ----> 1.3#6.6#4.0#14.0#VAR 305 0 0.936304 0.0636959 
 ----> 1.3#6.6#4.0#14.0#VAR 306 0 0.915475 0.0845249 
 ----> 1.3#6.6#4.0#14.0#VAR 307 0 0.936192 0.0638077 
 ----> 1.3#6.6#4.0#14.0#VAR 308 0 0.930282 0.0697179 
 ----> 1.3#6.6#4.0#14.0#VAR 309 0 0.927874 0.0721256 
 ----> 1.3#6.6#4.0#14.0#VAR 310 0 0.933011 0.0669892 
 ----> 1.3#6.6#4.0#14.0#VAR 311 0 0.930506 0.0694935 
 ----> 1.3#6.6#4.0#14.0#VAR 312 0 0.927987 0.0720128 
 ----> 1.3#6.6#4.0#14.0#VAR 313 0 0.929944 0.070056 
 ----> 1.3#6.6#4.0#14.0#VAR 314 0 0.933069 0.0669306 
 ----> 1.3#6.6#4.0#14.0#VAR 315 0 0.926395 0.0736045 
 ----> 1.3#6.6#4.0#14.0#VAR 316 0 0.925247 0.0747531 
 ----> 1.3#6.6#4.0#14.0#VAR 317 0 0.94562 0.0543801 
 ----> 1.3#6.6#4.0#14.0#VAR 318 0 0.92067 0.0793303 
 ----> 1.3#6.6#4.0#14.0#VAR 319 0 0.933135 0.0668651 
 ----> 1.3#6.6#4.0#14.0#VAR 320 0 0.930668 0.0693323 
 ----> 1.3#6.6#4.0#14.0#VAR 321 0 0.924401 0.0755995 
 ----> 1.3#6.6#4.0#14.0#VAR 322 0 0.914007 0.0859932 
 ----> 1.3#6.6#4.0#14.0#VAR 323 0 0.937521 0.0624789 
 ----> 1.3#6.6#4.0#14.0#VAR 324 0 0.923907 0.0760928 
 ----> 1.3#6.6#4.0#14.0#VAR 325 0 0.93057 0.0694302 
 ----> 1.3#6.6#4.0#14.0#VAR 326 0 0.916347 0.0836529 
 ----> 1.3#6.6#4.0#14.0#VAR 327 0 0.92514 0.0748601 
 ----> 1.3#6.6#4.0#14.0#VAR 328 0 0.938772 0.0612282 
 ----> 1.3#6.6#4.0#14.0#VAR 329 0 0.930945 0.0690554 
 ----> 1.3#6.6#4.0#14.0#VAR 330 0 0.927523 0.0724774 
 ----> 1.3#6.6#4.0#14.0#VAR 331 0 0.921618 0.0783819 
 ----> 1.3#6.6#4.0#14.0#VAR 332 0 0.930531 0.0694691 
 ----> 1.3#6.6#4.0#14.0#VAR 333 0 0.920001 0.0799987 
 ----> 1.3#6.6#4.0#14.0#VAR 334 0 0.92409 0.07591 
 ----> 1.3#6.6#4.0#14.0#VAR 335 0 0.931898 0.0681022 
 ----> 1.3#6.6#4.0#14.0#VAR 336 0 0.922996 0.0770041 
 ----> 1.3#6.6#4.0#14.0#VAR 337 0 0.934509 0.0654906 
 ----> 1.3#6.6#4.0#14.0#VAR 338 0 0.920703 0.0792972 
 ----> 1.3#6.6#4.0#14.0#VAR 339 0 0.929341 0.0706591 
 ----> 1.3#6.6#4.0#14.0#VAR 340 0 0.924784 0.0752162 
 ----> 1.3#6.6#4.0#14.0#VAR 341 0 0.929858 0.0701416 
 ----> 1.3#6.6#4.0#14.0#VAR 342 0 0.924521 0.0754792 
 ----> 1.3#6.6#4.0#14.0#VAR 343 0 0.930639 0.069361 
 ----> 1.3#6.6#4.0#14.0#VAR 344 1 0.906866 0.0931344 
 ----> 1.3#6.6#4.0#14.0#VAR 345 0 0.916403 0.083597 
 ----> 1.3#6.6#4.0#14.0#VAR 346 1 0.913526 0.086474 
 ----> 1.3#6.6#4.0#14.0#VAR 347 0 0.919276 0.0807235 
 ----> 1.3#6.6#4.0#14.0#VAR 348 0 0.908201 0.0917992 
 ----> 1.3#6.6#4.0#14.0#VAR 349 0 0.923725 0.0762752 
 ----> 1.3#6.6#4.0#14.0#VAR 350 0 0.924505 0.0754955 
 ----> 1.3#6.6#4.0#14.0#VAR 351 0 0.906934 0.0930661 
 ----> 1.3#6.6#4.0#14.0#VAR 352 0 0.918336 0.0816639 
 ----> 1.3#6.6#4.0#14.0#VAR 353 0 0.927888 0.0721117 
 ----> 1.3#6.6#4.0#14.0#VAR 354 0 0.922452 0.0775477 
 ----> 1.3#6.6#4.0#14.0#VAR 355 0 0.919514 0.0804864 
 ----> 1.3#6.6#4.0#14.0#VAR 356 0 0.917958 0.0820421 
 ----> 1.3#6.6#4.0#14.0#VAR 357 0 0.925897 0.0741027 
 ----> 1.3#6.6#4.0#14.0#VAR 358 0 0.917551 0.0824492 
 ----> 1.3#6.6#4.0#14.0#VAR 359 0 0.936407 0.0635935 
 ----> 1.3#6.6#4.0#14.0#VAR 360 0 0.926541 0.0734592 
 ----> 1.3#6.6#4.0#14.0#VAR 361 0 0.939699 0.0603009 
 ----> 1.3#6.6#4.0#14.0#VAR 362 0 0.925266 0.0747344 
 ----> 1.3#6.6#4.0#14.0#VAR 363 0 0.93299 0.0670098 
 ----> 1.3#6.6#4.0#14.0#VAR 364 0 0.920774 0.0792261 
 ----> 1.3#6.6#4.0#14.0#VAR 365 0 0.930126 0.069874 
 ----> 1.3#6.6#4.0#14.0#VAR 366 0 0.92506 0.0749396 
 ----> 1.3#6.6#4.0#14.0#VAR 367 1 0.909386 0.0906144 
 ----> 1.3#6.6#4.0#14.0#VAR 368 0 0.92666 0.0733404 
 ----> 1.3#6.6#4.0#14.0#VAR 369 0 0.929836 0.0701641 
 ----> 1.3#6.6#4.0#14.0#VAR 370 0 0.924181 0.0758192 
 ----> 1.3#6.6#4.0#14.0#VAR 371 0 0.942161 0.057839 
 ----> 1.3#6.6#4.0#14.0#VAR 372 0 0.926373 0.0736271 
 ----> 1.3#6.6#4.0#14.0#VAR 373 0 0.919025 0.080975 
 ----> 1.3#6.6#4.0#14.0#VAR 374 0 0.925621 0.0743793 
 ----> 1.3#6.6#4.0#14.0#VAR 375 0 0.928431 0.0715695 
 ----> 1.3#6.6#4.0#14.0#VAR 376 0 0.927736 0.072264 
 ----> 1.3#6.6#4.0#14.0#VAR 377 1 0.912007 0.0879927 
 ----> 1.3#6.6#4.0#14.0#VAR 378 1 0.916312 0.0836883 
 ----> 1.3#6.6#4.0#14.0#VAR 379 0 0.930211 0.0697895 
 ----> 1.3#6.6#4.0#14.0#VAR 380 1 0.916776 0.083224 
 ----> 1.3#6.6#4.0#14.0#VAR 381 0 0.929561 0.0704393 
 ----> 1.3#6.6#4.0#14.0#VAR 382 0 0.931927 0.0680727 
 ----> 1.3#6.6#4.0#14.0#VAR 383 0 0.92805 0.0719498 
 ----> 1.3#6.6#4.0#14.0#VAR 384 0 0.917615 0.0823854 
 ----> 1.3#6.6#4.0#14.0#VAR 385 1 0.894564 0.105436 
 ----> 1.3#6.6#4.0#14.0#VAR 386 0 0.93975 0.0602499 
 ----> 1.3#6.6#4.0#14.0#VAR 387 0 0.936572 0.0634278 
 ----> 1.3#6.6#4.0#14.0#VAR 388 0 0.921788 0.0782116 
 ----> 1.3#6.6#4.0#14.0#VAR 389 0 0.914793 0.0852068 
 ----> 1.3#6.6#4.0#14.0#VAR 390 0 0.925942 0.0740581 
 ----> 1.3#6.6#4.0#14.0#VAR 391 0 0.928124 0.0718765 
 ----> 1.3#6.6#4.0#14.0#VAR 392 0 0.915477 0.0845233 
 ----> 1.3#6.6#4.0#14.0#VAR 393 0 0.925445 0.0745547 
 ----> 1.3#6.6#4.0#14.0#VAR 394 0 0.942865 0.0571347 
 ----> 1.3#6.6#4.0#14.0#VAR 395 0 0.929556 0.0704441 
 ----> 1.3#6.6#4.0#14.0#VAR 396 1 0.912348 0.0876524 
 ----> 1.3#6.6#4.0#14.0#VAR 397 0 0.926913 0.0730869 
 ----> 1.3#6.6#4.0#14.0#VAR 398 0 0.9318 0.0682001 
 ----> 1.3#6.6#4.0#14.0#VAR 399 1 0.903025 0.0969748 
 ----> 1.3#6.6#4.0#14.0#VAR 400 0 0.910812 0.0891881 
 ----> 1.3#6.6#4.0#14.0#VAR 401 0 0.927376 0.0726242 
 ----> 1.3#6.6#4.0#14.0#VAR 402 1 0.910965 0.0890355 
 ----> 1.3#6.6#4.0#14.0#VAR 403 0 0.940118 0.0598824 
 ----> 1.3#6.6#4.0#14.0#VAR 404 0 0.936433 0.0635667 
 ----> 1.3#6.6#4.0#14.0#VAR 405 0 0.916498 0.0835019 
 ----> 1.3#6.6#4.0#14.0#VAR 406 0 0.909413 0.0905868 
 ----> 1.3#6.6#4.0#14.0#VAR 407 0 0.927048 0.0729523 
 ----> 1.3#6.6#4.0#14.0#VAR 408 0 0.920848 0.0791522 
 ----> 1.3#6.6#4.0#14.0#VAR 409 0 0.915879 0.0841215 
 ----> 1.3#6.6#4.0#14.0#VAR 410 0 0.910328 0.0896719 
 ----> 1.3#6.6#4.0#14.0#VAR 411 0 0.92552 0.07448 
 ----> 1.3#6.6#4.0#14.0#VAR 412 0 0.932982 0.067018 
 ----> 1.3#6.6#4.0#14.0#VAR 413 0 0.927163 0.0728373 
 ----> 1.3#6.6#4.0#14.0#VAR 414 0 0.927789 0.072211 
 ----> 1.3#6.6#4.0#14.0#VAR 415 0 0.921906 0.0780945 
 ----> 1.3#6.6#4.0#14.0#VAR 416 0 0.927361 0.0726395 
 ----> 1.3#6.6#4.0#14.0#VAR 417 0 0.928151 0.0718488 
 ----> 1.3#6.6#4.0#14.0#VAR 418 0 0.928688 0.071312 
 ----> 1.3#6.6#4.0#14.0#VAR 419 0 0.933415 0.0665852 
 ----> 1.3#6.6#4.0#14.0#VAR 420 0 0.925084 0.074916 
 ----> 1.3#6.6#4.0#14.0#VAR 421 0 0.913762 0.0862381 
 ----> 1.3#6.6#4.0#14.0#VAR 422 0 0.92527 0.0747304 
 ----> 1.3#6.6#4.0#14.0#VAR 423 0 0.929143 0.0708565 
 ----> 1.3#6.6#4.0#14.0#VAR 424 0 0.936722 0.0632785 
 ----> 1.3#6.6#4.0#14.0#VAR 425 0 0.923732 0.0762676 
 ----> 1.3#6.6#4.0#14.0#VAR 426 0 0.921197 0.0788028 
 ----> 1.3#6.6#4.0#14.0#VAR 427 1 0.902324 0.0976756 
 ----> 1.3#6.6#4.0#14.0#VAR 428 0 0.928568 0.0714322 
 ----> 1.3#6.6#4.0#14.0#VAR 429 0 0.929774 0.0702262 
 ----> 1.3#6.6#4.0#14.0#VAR 430 0 0.941155 0.0588447 
 ----> 1.3#6.6#4.0#14.0#VAR 431 0 0.933735 0.0662652 
 ----> 1.3#6.6#4.0#14.0#VAR 432 0 0.91169 0.08831 
 ----> 1.3#6.6#4.0#14.0#VAR 433 0 0.917478 0.0825216 
 ----> 1.3#6.6#4.0#14.0#VAR 434 0 0.934631 0.0653694 
 ----> 1.3#6.6#4.0#14.0#VAR 435 0 0.926837 0.0731633 
 ----> 1.3#6.6#4.0#14.0#VAR 436 0 0.927354 0.0726462 
 ----> 1.3#6.6#4.0#14.0#VAR 437 0 0.935539 0.064461 
 ----> 1.3#6.6#4.0#14.0#VAR 438 0 0.918574 0.0814257 
 ----> 1.3#6.6#4.0#14.0#VAR 439 0 0.92548 0.0745202 
 ----> 1.3#6.6#4.0#14.0#VAR 440 0 0.935854 0.0641463 
 ----> 1.3#6.6#4.0#14.0#VAR 441 0 0.932092 0.067908 
 ----> 1.3#6.6#4.0#14.0#VAR 442 0 0.91496 0.0850397 
 ----> 1.3#6.6#4.0#14.0#VAR 443 0 0.924668 0.0753317 
 ----> 1.3#6.6#4.0#14.0#VAR 444 0 0.923411 0.0765892 
 ----> 1.3#6.6#4.0#14.0#VAR 445 1 0.903132 0.096868 
 ----> 1.3#6.6#4.0#14.0#VAR 446 0 0.933302 0.066698 
 ----> 1.3#6.6#4.0#14.0#VAR 447 0 0.926584 0.0734158 
 ----> 1.3#6.6#4.0#14.0#VAR 448 0 0.923656 0.0763442 
 ----> 1.3#6.6#4.0#14.0#VAR 449 0 0.931709 0.0682905 
 ----> 1.3#6.6#4.0#14.0#VAR 450 0 0.92338 0.0766202 
 ----> 1.3#6.6#4.0#14.0#VAR 451 1 0.916294 0.0837064 
 ----> 1.3#6.6#4.0#14.0#VAR 452 0 0.929962 0.0700383 
 ----> 1.3#6.6#4.0#14.0#VAR 453 0 0.912839 0.0871606 
 ----> 1.3#6.6#4.0#14.0#VAR 454 0 0.926299 0.0737012 
 ----> 1.3#6.6#4.0#14.0#VAR 455 0 0.901415 0.0985851 
 ----> 1.3#6.6#4.0#14.0#VAR 456 0 0.926423 0.0735767 
 ----> 1.3#6.6#4.0#14.0#VAR 457 0 0.925633 0.0743668 
 ----> 1.3#6.6#4.0#14.0#VAR 458 0 0.930219 0.0697807 
 ----> 1.3#6.6#4.0#14.0#VAR 459 0 0.925054 0.0749458 
 ----> 1.3#6.6#4.0#14.0#VAR 460 0 0.940412 0.059588 
 ----> 1.3#6.6#4.0#14.0#VAR 461 1 0.90489 0.0951103 
 ----> 1.3#6.6#4.0#14.0#VAR 462 0 0.917655 0.0823453 
 ----> 1.3#6.6#4.0#14.0#VAR 463 0 0.927613 0.0723874 
 ----> 1.3#6.6#4.0#14.0#VAR 464 0 0.932366 0.0676336 
 ----> 1.3#6.6#4.0#14.0#VAR 465 0 0.939613 0.0603872 
 ----> 1.3#6.6#4.0#14.0#VAR 466 0 0.923675 0.0763245 
 ----> 1.3#6.6#4.0#14.0#VAR 467 0 0.922667 0.0773331 
 ----> 1.3#6.6#4.0#14.0#VAR 468 0 0.934214 0.0657861 
 ----> 1.3#6.6#4.0#14.0#VAR 469 0 0.924158 0.0758419 
 ----> 1.3#6.6#4.0#14.0#VAR 470 0 0.933938 0.0660625 
 ----> 1.3#6.6#4.0#14.0#VAR 471 0 0.91246 0.0875404 
 ----> 1.3#6.6#4.0#14.0#VAR 472 0 0.924196 0.0758037 
 ----> 1.3#6.6#4.0#14.0#VAR 473 0 0.907723 0.0922772 
 ----> 1.3#6.6#4.0#14.0#VAR 474 0 0.934339 0.0656611 
 ----> 1.3#6.6#4.0#14.0#VAR 475 0 0.934063 0.0659375 
 ----> 1.3#6.6#4.0#14.0#VAR 476 0 0.92894 0.0710598 
 ----> 1.3#6.6#4.0#14.0#VAR 477 0 0.921104 0.078896 
 ----> 1.3#6.6#4.0#14.0#VAR 478 0 0.934361 0.0656395 
 ----> 1.3#6.6#4.0#14.0#VAR 479 0 0.928593 0.0714068 
 ----> 1.3#6.6#4.0#14.0#VAR 480 0 0.938355 0.0616451 
 ----> 1.3#6.6#4.0#14.0#VAR 481 0 0.922526 0.0774741 
 ----> 1.3#6.6#4.0#14.0#VAR 482 0 0.925733 0.0742674 
 ----> 1.3#6.6#4.0#14.0#VAR 483 0 0.915629 0.084371 
 ----> 1.3#6.6#4.0#14.0#VAR 484 0 0.92564 0.0743596 
 ----> 1.3#6.6#4.0#14.0#VAR 485 0 0.917915 0.0820847 
 ----> 1.3#6.6#4.0#14.0#VAR 486 0 0.924289 0.075711 
 ----> 1.3#6.6#4.0#14.0#VAR 487 0 0.918889 0.0811115 
 ----> 1.3#6.6#4.0#14.0#VAR 488 0 0.91795 0.0820496 
 ----> 1.3#6.6#4.0#14.0#VAR 489 0 0.92747 0.0725297 
 ----> 1.3#6.6#4.0#14.0#VAR 490 0 0.928015 0.0719847 
 ----> 1.3#6.6#4.0#14.0#VAR 491 0 0.92893 0.0710699 
 ----> 1.3#6.6#4.0#14.0#VAR 492 0 0.93474 0.0652596 
 ----> 1.3#6.6#4.0#14.0#VAR 493 0 0.924774 0.0752263 
 ----> 1.3#6.6#4.0#14.0#VAR 494 0 0.915464 0.0845363 
 ----> 1.3#6.6#4.0#14.0#VAR 495 0 0.930798 0.0692017 
 ----> 1.3#6.6#4.0#14.0#VAR 496 0 0.923642 0.0763583 
 ----> 1.3#6.6#4.0#14.0#VAR 497 0 0.935538 0.0644621 
 ----> 1.3#6.6#4.0#14.0#VAR 498 0 0.923595 0.0764048 
 ----> 1.3#6.6#4.0#14.0#VAR 499 0 0.926747 0.0732526 
 ----> 1.3#6.6#4.0#14.0#VAR 500 0 0.923668 0.0763324 
 ----> 1.3#6.6#4.0#14.0#VAR 501 0 0.927162 0.0728375 
 ----> 1.3#6.6#4.0#14.0#VAR 502 0 0.9282 0.0718003 
 ----> 1.3#6.6#4.0#14.0#VAR 503 0 0.911936 0.0880641 
 ----> 1.3#6.6#4.0#14.0#VAR 504 0 0.925981 0.0740191 
 ----> 1.3#6.6#4.0#14.0#VAR 505 0 0.924456 0.0755444 
 ----> 1.3#6.6#4.0#14.0#VAR 506 0 0.932651 0.0673493 
 ----> 1.3#6.6#4.0#14.0#VAR 507 0 0.926793 0.0732068 
 ----> 1.3#6.6#4.0#14.0#VAR 508 0 0.923848 0.0761515 
 ----> 1.3#6.6#4.0#14.0#VAR 509 0 0.937172 0.062828 
 ----> 1.3#6.6#4.0#14.0#VAR 510 0 0.918259 0.0817409 
 ----> 1.3#6.6#4.0#14.0#VAR 511 0 0.924015 0.0759852 
 ----> 1.3#6.6#4.0#14.0#VAR 512 0 0.929863 0.0701369 
 ----> 1.3#6.6#4.0#14.0#VAR 513 0 0.922676 0.0773245 
 ----> 1.3#6.6#4.0#14.0#VAR 514 0 0.926987 0.0730131 
 ----> 1.3#6.6#4.0#14.0#VAR 515 0 0.931075 0.0689247 
 ----> 1.3#6.6#4.0#14.0#VAR 516 0 0.934616 0.0653838 
 ----> 1.3#6.6#4.0#14.0#VAR 517 0 0.934362 0.0656376 
 ----> 1.3#6.6#4.0#14.0#VAR 518 0 0.955424 0.0445756 
 ----> 1.3#6.6#4.0#14.0#VAR 519 0 0.902735 0.0972647 
 ----> 1.3#6.6#4.0#14.0#VAR 520 0 0.937605 0.0623947 
 ----> 1.3#6.6#4.0#14.0#VAR 521 0 0.933843 0.0661575 
 ----> 1.3#6.6#4.0#14.0#VAR 522 0 0.925265 0.074735 
 ----> 1.3#6.6#4.0#14.0#VAR 523 0 0.923332 0.0766676 
 ----> 1.3#6.6#4.0#14.0#VAR 524 0 0.924565 0.075435 
 ----> 1.3#6.6#4.0#14.0#VAR 525 0 0.935544 0.0644564 
 ----> 1.3#6.6#4.0#14.0#VAR 526 0 0.924366 0.0756345 
 ----> 1.3#6.6#4.0#14.0#VAR 527 0 0.92838 0.0716196 
 ----> 1.3#6.6#4.0#14.0#VAR 528 0 0.924699 0.0753009 
 ----> 1.3#6.6#4.0#14.0#VAR 529 0 0.924586 0.0754144 
 ----> 1.3#6.6#4.0#14.0#VAR 530 0 0.930366 0.0696337 
 ----> 1.3#6.6#4.0#14.0#VAR 531 0 0.934823 0.0651769 
 ----> 1.3#6.6#4.0#14.0#VAR 532 0 0.934248 0.0657516 
 ----> 1.3#6.6#4.0#14.0#VAR 533 0 0.938986 0.0610141 
 ----> 1.3#6.6#4.0#14.0#VAR 534 0 0.917906 0.0820936 
 ----> 1.3#6.6#4.0#14.0#VAR 535 0 0.922683 0.0773165 
 ----> 1.3#6.6#4.0#14.0#VAR 536 0 0.939663 0.0603373 
 ----> 1.3#6.6#4.0#14.0#VAR 537 0 0.931288 0.0687122 
 ----> 1.3#6.6#4.0#14.0#VAR 538 0 0.905194 0.0948062 
 ----> 1.3#6.6#4.0#14.0#VAR 539 0 0.911505 0.0884946 
 ----> 1.3#6.6#4.0#14.0#VAR 540 0 0.915055 0.0849451 
 ----> 1.3#6.6#4.0#14.0#VAR 541 0 0.922538 0.0774618 
 ----> 1.3#6.6#4.0#14.0#VAR 542 0 0.940958 0.0590421 
 ----> 1.3#6.6#4.0#14.0#VAR 543 0 0.93463 0.0653702 
 ----> 1.3#6.6#4.0#14.0#VAR 544 0 0.919119 0.0808807 
 ----> 1.3#6.6#4.0#14.0#VAR 545 0 0.924086 0.075914 
 ----> 1.3#6.6#4.0#14.0#VAR 546 1 0.90155 0.0984501 
 ----> 1.3#6.6#4.0#14.0#VAR 547 0 0.905874 0.0941261 
 ----> 1.3#6.6#4.0#14.0#VAR 548 0 0.921376 0.0786235 
 ----> 1.3#6.6#4.0#14.0#VAR 549 0 0.933733 0.0662669 
 ----> 1.3#6.6#4.0#14.0#VAR 550 0 0.926041 0.0739589 
 ----> 1.3#6.6#4.0#14.0#VAR 551 0 0.915608 0.0843917 
 ----> 1.3#6.6#4.0#14.0#VAR 552 0 0.921648 0.0783519 
 ----> 1.3#6.6#4.0#14.0#VAR 553 0 0.938771 0.0612287 
 ----> 1.3#6.6#4.0#14.0#VAR 554 0 0.928631 0.0713687 
 ----> 1.3#6.6#4.0#14.0#VAR 555 1 0.923644 0.0763564 
 ----> 1.3#6.6#4.0#14.0#VAR 556 0 0.930369 0.0696312 
 ----> 1.3#6.6#4.0#14.0#VAR 557 0 0.933963 0.0660367 
 ----> 1.3#6.6#4.0#14.0#VAR 558 0 0.908561 0.0914388 
 ----> 1.3#6.6#4.0#14.0#VAR 559 1 0.915603 0.0843965 
 ----> 1.3#6.6#4.0#14.0#VAR 560 0 0.939716 0.0602843 
 ----> 1.3#6.6#4.0#14.0#VAR 561 0 0.914677 0.0853228 
 ----> 1.3#6.6#4.0#14.0#VAR 562 0 0.928534 0.0714664 
 ----> 1.3#6.6#4.0#14.0#VAR 563 0 0.929912 0.0700884 
 ----> 1.3#6.6#4.0#14.0#VAR 564 0 0.925838 0.0741622 
 ----> 1.3#6.6#4.0#14.0#VAR 565 0 0.930174 0.0698263 
 ----> 1.3#6.6#4.0#14.0#VAR 566 0 0.922533 0.0774672 
 ----> 1.3#6.6#4.0#14.0#VAR 567 0 0.930816 0.069184 
 ----> 1.3#6.6#4.0#14.0#VAR 568 0 0.917306 0.0826938 
 ----> 1.3#6.6#4.0#14.0#VAR 569 0 0.930746 0.0692536 
 ----> 1.3#6.6#4.0#14.0#VAR 570 0 0.929353 0.0706469 
 ----> 1.3#6.6#4.0#14.0#VAR 571 0 0.920971 0.0790294 
 ----> 1.3#6.6#4.0#14.0#VAR 572 0 0.917712 0.0822876 
 ----> 1.3#6.6#4.0#14.0#VAR 573 0 0.91153 0.0884699 
 ----> 1.3#6.6#4.0#14.0#VAR 574 0 0.918442 0.0815581 
 ----> 1.3#6.6#4.0#14.0#VAR 575 0 0.930735 0.069265 
 ----> 1.3#6.6#4.0#14.0#VAR 576 0 0.932665 0.0673353 
 ----> 1.3#6.6#4.0#14.0#VAR 577 0 0.91578 0.0842197 
 ----> 1.3#6.6#4.0#14.0#VAR 578 1 0.908605 0.0913948 
 ----> 1.3#6.6#4.0#14.0#VAR 579 0 0.927963 0.0720372 
 ----> 1.3#6.6#4.0#14.0#VAR 580 0 0.929299 0.0707011 
 ----> 1.3#6.6#4.0#14.0#VAR 581 0 0.923387 0.0766129 
 ----> 1.3#6.6#4.0#14.0#VAR 582 0 0.939132 0.0608682 
 ----> 1.3#6.6#4.0#14.0#VAR 583 0 0.932926 0.0670738 
 ----> 1.3#6.6#4.0#14.0#VAR 584 0 0.931248 0.0687517 
 ----> 1.3#6.6#4.0#14.0#VAR 585 0 0.930563 0.0694368 
 ----> 1.3#6.6#4.0#14.0#VAR 586 0 0.942994 0.0570062 
 ----> 1.3#6.6#4.0#14.0#VAR 587 0 0.898673 0.101327 
 ----> 1.3#6.6#4.0#14.0#VAR 588 0 0.926018 0.0739824 
 ----> 1.3#6.6#4.0#14.0#VAR 589 0 0.9227 0.0773001 
 ----> 1.3#6.6#4.0#14.0#VAR 590 0 0.923707 0.0762934 
 ----> 1.3#6.6#4.0#14.0#VAR 591 0 0.937689 0.0623107 
 ----> 1.3#6.6#4.0#14.0#VAR 592 0 0.920805 0.0791951 
 ----> 1.3#6.6#4.0#14.0#VAR 593 0 0.923645 0.0763548 
 ----> 1.3#6.6#4.0#14.0#VAR 594 0 0.928871 0.0711287 
 ----> 1.3#6.6#4.0#14.0#VAR 595 0 0.917066 0.0829336 
 ----> 1.3#6.6#4.0#14.0#VAR 596 0 0.913051 0.086949 
 ----> 1.3#6.6#4.0#14.0#VAR 597 0 0.925013 0.0749872 
 ----> 1.3#6.6#4.0#14.0#VAR 598 0 0.930313 0.0696866 
 ----> 1.3#6.6#4.0#14.0#VAR 599 0 0.911419 0.0885815 
 ----> 1.3#6.6#4.0#14.0#VAR 600 0 0.934044 0.0659563 
 ----> 1.3#6.6#4.0#14.0#VAR 601 0 0.925921 0.0740788 
 ----> 1.3#6.6#4.0#14.0#VAR 602 0 0.940602 0.0593982 
 ----> 1.3#6.6#4.0#14.0#VAR 603 1 0.907095 0.0929054 
 ----> 1.3#6.6#4.0#14.0#VAR 604 0 0.899345 0.100655 
 ----> 1.3#6.6#4.0#14.0#VAR 605 0 0.921856 0.0781437 
 ----> 1.3#6.6#4.0#14.0#VAR 606 0 0.923306 0.0766943 
 ----> 1.3#6.6#4.0#14.0#VAR 607 0 0.932757 0.0672429 
 ----> 1.3#6.6#4.0#14.0#VAR 608 0 0.927363 0.0726368 
 ----> 1.3#6.6#4.0#14.0#VAR 609 0 0.929543 0.0704568 
 ----> 1.3#6.6#4.0#14.0#VAR 610 0 0.91741 0.0825896 
 ----> 1.3#6.6#4.0#14.0#VAR 611 0 0.925778 0.0742217 
 ----> 1.3#6.6#4.0#14.0#VAR 612 0 0.915871 0.0841288 
 ----> 1.3#6.6#4.0#14.0#VAR 613 0 0.929106 0.0708944 
 ----> 1.3#6.6#4.0#14.0#VAR 614 0 0.935845 0.0641551 
 ----> 1.3#6.6#4.0#14.0#VAR 615 0 0.915727 0.0842732 
 ----> 1.3#6.6#4.0#14.0#VAR 616 0 0.935339 0.0646614 
 ----> 1.3#6.6#4.0#14.0#VAR 617 0 0.931899 0.0681015 
 ----> 1.3#6.6#4.0#14.0#VAR 618 0 0.931319 0.0686806 
 ----> 1.3#6.6#4.0#14.0#VAR 619 0 0.926275 0.0737251 
 ----> 1.3#6.6#4.0#14.0#VAR 620 0 0.926798 0.0732016 
 ----> 1.3#6.6#4.0#14.0#VAR 621 0 0.930257 0.0697431 
 ----> 1.3#6.6#4.0#14.0#VAR 622 0 0.927287 0.0727131 
 ----> 1.3#6.6#4.0#14.0#VAR 623 0 0.923183 0.0768166 
 ----> 1.3#6.6#4.0#14.0#VAR 624 0 0.922124 0.0778756 
 ----> 1.3#6.6#4.0#14.0#VAR 625 0 0.92476 0.0752404 
 ----> 1.3#6.6#4.0#14.0#VAR 626 0 0.920584 0.0794157 
 ----> 1.3#6.6#4.0#14.0#VAR 627 0 0.927039 0.0729614 
 ----> 1.3#6.6#4.0#14.0#VAR 628 0 0.917506 0.0824937 
 ----> 1.3#6.6#4.0#14.0#VAR 629 0 0.923638 0.0763617 
 ----> 1.3#6.6#4.0#14.0#VAR 630 0 0.915934 0.084066 
 ----> 1.3#6.6#4.0#14.0#VAR 631 0 0.927564 0.0724364 
 ----> 1.3#6.6#4.0#14.0#VAR 632 0 0.933692 0.0663085 
 ----> 1.3#6.6#4.0#14.0#VAR 633 0 0.935552 0.0644477 
 ----> 1.3#6.6#4.0#14.0#VAR 634 0 0.926257 0.0737429 
 ----> 1.3#6.6#4.0#14.0#VAR 635 0 0.925701 0.0742985 
 ----> 1.3#6.6#4.0#14.0#VAR 636 0 0.917723 0.0822765 
 ----> 1.3#6.6#4.0#14.0#VAR 637 0 0.933731 0.0662692 
 ----> 1.3#6.6#4.0#14.0#VAR 638 0 0.925503 0.0744973 
 ----> 1.3#6.6#4.0#14.0#VAR 639 0 0.932422 0.0675776 
 ----> 1.3#6.6#4.0#14.0#VAR 640 0 0.915497 0.0845031 
 ----> 1.3#6.6#4.0#14.0#VAR 641 0 0.909876 0.0901239 
 ----> 1.3#6.6#4.0#14.0#VAR 642 0 0.940428 0.0595719 
 ----> 1.3#6.6#4.0#14.0#VAR 643 0 0.914363 0.0856366 
 ----> 1.3#6.6#4.0#14.0#VAR 644 0 0.926896 0.0731036 
 ----> 1.3#6.6#4.0#14.0#VAR 645 0 0.930038 0.0699623 
 ----> 1.3#6.6#4.0#14.0#VAR 646 0 0.921831 0.0781685 
 ----> 1.3#6.6#4.0#14.0#VAR 647 0 0.933947 0.0660528 
 ----> 1.3#6.6#4.0#14.0#VAR 648 0 0.914642 0.085358 
 ----> 1.3#6.6#4.0#14.0#VAR 649 0 0.924382 0.075618 
 ----> 1.3#6.6#4.0#14.0#VAR 650 1 0.923802 0.0761976 
 ----> 1.3#6.6#4.0#14.0#VAR 651 0 0.921602 0.078398 
 ----> 1.3#6.6#4.0#14.0#VAR 652 0 0.92126 0.0787399 
 ----> 1.3#6.6#4.0#14.0#VAR 653 1 0.910353 0.0896468 
 ----> 1.3#6.6#4.0#14.0#VAR 654 0 0.926301 0.073699 
 ----> 1.3#6.6#4.0#14.0#VAR 655 0 0.91103 0.0889704 
 ----> 1.3#6.6#4.0#14.0#VAR 656 0 0.934787 0.065213 
 ----> 1.3#6.6#4.0#14.0#VAR 657 0 0.93583 0.0641699 
 ----> 1.3#6.6#4.0#14.0#VAR 658 0 0.929591 0.070409 
 ----> 1.3#6.6#4.0#14.0#VAR 659 0 0.915753 0.0842465 
 ----> 1.3#6.6#4.0#14.0#VAR 660 0 0.915602 0.0843975 
 ----> 1.3#6.6#4.0#14.0#VAR 661 1 0.912589 0.0874112 
 ----> 1.3#6.6#4.0#14.0#VAR 662 0 0.930732 0.0692682 
 ----> 1.3#6.6#4.0#14.0#VAR 663 0 0.931994 0.0680056 
 ----> 1.3#6.6#4.0#14.0#VAR 664 0 0.934229 0.0657711 
 ----> 1.3#6.6#4.0#14.0#VAR 665 0 0.922302 0.0776979 
 ----> 1.3#6.6#4.0#14.0#VAR 666 0 0.934924 0.0650756 
 ----> 1.3#6.6#4.0#14.0#VAR 667 0 0.925031 0.0749686 
 ----> 1.3#6.6#4.0#14.0#VAR 668 0 0.932262 0.0677377 
 ----> 1.3#6.6#4.0#14.0#VAR 669 0 0.911578 0.0884222 
 ----> 1.3#6.6#4.0#14.0#VAR 670 0 0.920004 0.0799957 
 ----> 1.3#6.6#4.0#14.0#VAR 671 1 0.913166 0.0868344 
 ----> 1.3#6.6#4.0#14.0#VAR 672 0 0.933205 0.0667947 
 ----> 1.3#6.6#4.0#14.0#VAR 673 0 0.937232 0.0627683 
 ----> 1.3#6.6#4.0#14.0#VAR 674 0 0.93398 0.0660198 
 ----> 1.3#6.6#4.0#14.0#VAR 675 0 0.936021 0.0639788 
 ----> 1.3#6.6#4.0#14.0#VAR 676 0 0.924627 0.0753726 
 ----> 1.3#6.6#4.0#14.0#VAR 677 0 0.928809 0.0711908 
 ----> 1.3#6.6#4.0#14.0#VAR 678 0 0.920628 0.0793725 
 ----> 1.3#6.6#4.0#14.0#VAR 679 0 0.922132 0.0778683 
 ----> 1.3#6.6#4.0#14.0#VAR 680 0 0.918508 0.0814924 
 ----> 1.3#6.6#4.0#14.0#VAR 681 0 0.932152 0.0678476 
 ----> 1.3#6.6#4.0#14.0#VAR 682 0 0.938401 0.0615987 
 ----> 1.3#6.6#4.0#14.0#VAR 683 1 0.89284 0.10716 
 ----> 1.3#6.6#4.0#14.0#VAR 684 0 0.923762 0.0762378 
 ----> 1.3#6.6#4.0#14.0#VAR 685 0 0.926071 0.0739287 
 ----> 1.3#6.6#4.0#14.0#VAR 686 0 0.924135 0.0758647 
 ----> 1.3#6.6#4.0#14.0#VAR 687 0 0.922978 0.0770221 
 ----> 1.3#6.6#4.0#14.0#VAR 688 0 0.921884 0.0781164 
 ----> 1.3#6.6#4.0#14.0#VAR 689 0 0.929808 0.0701922 
 ----> 1.3#6.6#4.0#14.0#VAR 690 0 0.924868 0.0751317 
 ----> 1.3#6.6#4.0#14.0#VAR 691 0 0.932618 0.0673819 
 ----> 1.3#6.6#4.0#14.0#VAR 692 0 0.92448 0.0755197 
 ----> 1.3#6.6#4.0#14.0#VAR 693 0 0.928158 0.0718421 
 ----> 1.3#6.6#4.0#14.0#VAR 694 0 0.925808 0.0741919 
 ----> 1.3#6.6#4.0#14.0#VAR 695 0 0.912657 0.0873426 
 ----> 1.3#6.6#4.0#14.0#VAR 696 0 0.926866 0.0731336 
 ----> 1.3#6.6#4.0#14.0#VAR 697 0 0.927211 0.0727888 
 ----> 1.3#6.6#4.0#14.0#VAR 698 0 0.938656 0.0613443 
 ----> 1.3#6.6#4.0#14.0#VAR 699 0 0.929341 0.0706588 
 ----> 1.3#6.6#4.0#14.0#VAR 700 0 0.923549 0.0764505 
 ----> 1.3#6.6#4.0#14.0#VAR 701 1 0.91038 0.0896203 
 ----> 1.3#6.6#4.0#14.0#VAR 702 0 0.911279 0.0887211 
 ----> 1.3#6.6#4.0#14.0#VAR 703 0 0.904559 0.0954409 
 ----> 1.3#6.6#4.0#14.0#VAR 704 0 0.927394 0.0726062 
 ----> 1.3#6.6#4.0#14.0#VAR 705 0 0.92478 0.0752204 
 ----> 1.3#6.6#4.0#14.0#VAR 706 0 0.933682 0.0663179 
 ----> 1.3#6.6#4.0#14.0#VAR 707 0 0.923151 0.0768494 
 ----> 1.3#6.6#4.0#14.0#VAR 708 0 0.930706 0.0692944 
 ----> 1.3#6.6#4.0#14.0#VAR 709 0 0.939332 0.0606682 
 ----> 1.3#6.6#4.0#14.0#VAR 710 0 0.926394 0.0736064 
 ----> 1.3#6.6#4.0#14.0#VAR 711 0 0.931436 0.0685637 
 ----> 1.3#6.6#4.0#14.0#VAR 712 0 0.927414 0.0725856 
 ----> 1.3#6.6#4.0#14.0#VAR 713 0 0.923122 0.0768785 
 ----> 1.3#6.6#4.0#14.0#VAR 714 0 0.924457 0.0755428 
 ----> 1.3#6.6#4.0#14.0#VAR 715 0 0.931475 0.0685255 
 ----> 1.3#6.6#4.0#14.0#VAR 716 0 0.922561 0.0774386 
 ----> 1.3#6.6#4.0#14.0#VAR 717 1 0.924529 0.0754713 
 ----> 1.3#6.6#4.0#14.0#VAR 718 0 0.92663 0.0733701 
 ----> 1.3#6.6#4.0#14.0#VAR 719 0 0.92008 0.0799196 
 ----> 1.3#6.6#4.0#14.0#VAR 720 0 0.93115 0.0688505 
 ----> 1.3#6.6#4.0#14.0#VAR 721 0 0.918658 0.0813423 
 ----> 1.3#6.6#4.0#14.0#VAR 722 0 0.92918 0.0708202 
 ----> 1.3#6.6#4.0#14.0#VAR 723 0 0.923606 0.0763941 
 ----> 1.3#6.6#4.0#14.0#VAR 724 0 0.921289 0.0787115 
 ----> 1.3#6.6#4.0#14.0#VAR 725 0 0.928837 0.071163 
 ----> 1.3#6.6#4.0#14.0#VAR 726 0 0.920887 0.0791131 
 ----> 1.3#6.6#4.0#14.0#VAR 727 0 0.917865 0.0821349 
 ----> 1.3#6.6#4.0#14.0#VAR 728 0 0.926684 0.0733164 
 ----> 1.3#6.6#4.0#14.0#VAR 729 0 0.921193 0.0788074 
 ----> 1.3#6.6#4.0#14.0#VAR 730 0 0.935896 0.0641045 
 ----> 1.3#6.6#4.0#14.0#VAR 731 0 0.92337 0.0766295 
 ----> 1.3#6.6#4.0#14.0#VAR 732 0 0.901246 0.0987539 
 ----> 1.3#6.6#4.0#14.0#VAR 733 1 0.919288 0.0807118 
 ----> 1.3#6.6#4.0#14.0#VAR 734 0 0.921312 0.0786883 
 ----> 1.3#6.6#4.0#14.0#VAR 735 0 0.925015 0.0749845 
 ----> 1.3#6.6#4.0#14.0#VAR 736 1 0.913622 0.0863779 
 ----> 1.3#6.6#4.0#14.0#VAR 737 0 0.921624 0.0783755 
 ----> 1.3#6.6#4.0#14.0#VAR 738 0 0.932378 0.0676222 
 ----> 1.3#6.6#4.0#14.0#VAR 739 0 0.913814 0.0861855 
 ----> 1.3#6.6#4.0#14.0#VAR 740 0 0.914257 0.0857427 
 ----> 1.3#6.6#4.0#14.0#VAR 741 0 0.928547 0.0714534 
 ----> 1.3#6.6#4.0#14.0#VAR 742 0 0.931868 0.0681325 
 ----> 1.3#6.6#4.0#14.0#VAR 743 0 0.929111 0.0708887 
 ----> 1.3#6.6#4.0#14.0#VAR 744 0 0.940955 0.0590446 
 ----> 1.3#6.6#4.0#14.0#VAR 745 0 0.9234 0.0765998 
 ----> 1.3#6.6#4.0#14.0#VAR 746 0 0.925401 0.0745988 
 ----> 1.3#6.6#4.0#14.0#VAR 747 0 0.914199 0.0858008 
 ----> 1.3#6.6#4.0#14.0#VAR 748 0 0.916338 0.0836624 
 ----> 1.3#6.6#4.0#14.0#VAR 749 0 0.929 0.0709998 
 ----> 1.3#6.6#4.0#14.0#VAR 750 0 0.914801 0.0851989 
 ----> 1.3#6.6#4.0#14.0#VAR 751 0 0.925896 0.0741036 
 ----> 1.3#6.6#4.0#14.0#VAR 752 0 0.932945 0.0670546 
 ----> 1.3#6.6#4.0#14.0#VAR 753 0 0.937063 0.0629374 
 ----> 1.3#6.6#4.0#14.0#VAR 754 0 0.942831 0.0571685 
 ----> 1.3#6.6#4.0#14.0#VAR 755 0 0.933247 0.066753 
 ----> 1.3#6.6#4.0#14.0#VAR 756 0 0.925891 0.0741088 
 ----> 1.3#6.6#4.0#14.0#VAR 757 0 0.924744 0.0752557 
 ----> 1.3#6.6#4.0#14.0#VAR 758 0 0.927573 0.0724269 
 ----> 1.3#6.6#4.0#14.0#VAR 759 0 0.936201 0.0637985 
 ----> 1.3#6.6#4.0#14.0#VAR 760 0 0.918406 0.0815939 
 ----> 1.3#6.6#4.0#14.0#VAR 761 0 0.92018 0.0798196 
 ----> 1.3#6.6#4.0#14.0#VAR 762 0 0.92491 0.0750905 
 ----> 1.3#6.6#4.0#14.0#VAR 763 0 0.936153 0.063847 
 ----> 1.3#6.6#4.0#14.0#VAR 764 0 0.913704 0.0862962 
 ----> 1.3#6.6#4.0#14.0#VAR 765 0 0.938229 0.0617708 
 ----> 1.3#6.6#4.0#14.0#VAR 766 0 0.919164 0.0808364 
 ----> 1.3#6.6#4.0#14.0#VAR 767 0 0.936655 0.0633448 
 ----> 1.3#6.6#4.0#14.0#VAR 768 0 0.933533 0.0664673 
 ----> 1.3#6.6#4.0#14.0#VAR 769 0 0.925921 0.0740786 
 ----> 1.3#6.6#4.0#14.0#VAR 770 0 0.917482 0.0825176 
 ----> 1.3#6.6#4.0#14.0#VAR 771 1 0.899941 0.100059 
 ----> 1.3#6.6#4.0#14.0#VAR 772 0 0.945004 0.0549961 
 ----> 1.3#6.6#4.0#14.0#VAR 773 0 0.917346 0.0826539 
 ----> 1.3#6.6#4.0#14.0#VAR 774 0 0.938389 0.0616111 
 ----> 1.3#6.6#4.0#14.0#VAR 775 0 0.922114 0.0778865 
 ----> 1.3#6.6#4.0#14.0#VAR 776 0 0.928605 0.0713946 
 ----> 1.3#6.6#4.0#14.0#VAR 777 1 0.92326 0.0767405 
 ----> 1.3#6.6#4.0#14.0#VAR 778 0 0.910431 0.0895689 
 ----> 1.3#6.6#4.0#14.0#VAR 779 0 0.931966 0.0680342 
 ----> 1.3#6.6#4.0#14.0#VAR 780 0 0.912978 0.0870219 
 ----> 1.3#6.6#4.0#14.0#VAR 781 0 0.925043 0.0749573 
 ----> 1.3#6.6#4.0#14.0#VAR 782 0 0.935202 0.0647983 
 ----> 1.3#6.6#4.0#14.0#VAR 783 0 0.91793 0.0820703 
 ----> 1.3#6.6#4.0#14.0#VAR 784 0 0.913694 0.0863057 
 ----> 1.3#6.6#4.0#14.0#VAR 785 0 0.921392 0.0786075 
 ----> 1.3#6.6#4.0#14.0#VAR 786 0 0.913085 0.0869149 
 ----> 1.3#6.6#4.0#14.0#VAR 787 0 0.913736 0.0862636 
 ----> 1.3#6.6#4.0#14.0#VAR 788 0 0.922691 0.0773091 
 ----> 1.3#6.6#4.0#14.0#VAR 789 0 0.917645 0.0823548 
 ----> 1.3#6.6#4.0#14.0#VAR 790 0 0.921153 0.0788466 
 ----> 1.3#6.6#4.0#14.0#VAR 791 1 0.906216 0.0937843 
 ----> 1.3#6.6#4.0#14.0#VAR 792 0 0.91353 0.0864698 
 ----> 1.3#6.6#4.0#14.0#VAR 793 0 0.927368 0.0726321 
 ----> 1.3#6.6#4.0#14.0#VAR 794 0 0.933501 0.0664986 
 ----> 1.3#6.6#4.0#14.0#VAR 795 0 0.92076 0.0792401 
 ----> 1.3#6.6#4.0#14.0#VAR 796 0 0.907087 0.0929126 
 ----> 1.3#6.6#4.0#14.0#VAR 797 0 0.922415 0.0775846 
 ----> 1.3#6.6#4.0#14.0#VAR 798 1 0.918679 0.0813213 
 ----> 1.3#6.6#4.0#14.0#VAR 799 0 0.925026 0.074974 
 ----> 1.3#6.6#4.0#14.0#VAR 800 0 0.918127 0.081873 
 ----> 1.3#6.6#4.0#14.0#VAR 801 1 0.886169 0.113831 
 ----> 1.3#6.6#4.0#14.0#VAR 802 0 0.932481 0.0675185 
 ----> 1.3#6.6#4.0#14.0#VAR 803 1 0.892696 0.107304 
 ----> 1.3#6.6#4.0#14.0#VAR 804 0 0.913535 0.0864648 
 ----> 1.3#6.6#4.0#14.0#VAR 805 0 0.930483 0.0695168 
 ----> 1.3#6.6#4.0#14.0#VAR 806 1 0.879408 0.120592 
 ----> 1.3#6.6#4.0#14.0#VAR 807 0 0.913225 0.0867753 
 ----> 1.3#6.6#4.0#14.0#VAR 808 0 0.931305 0.0686945 
 ----> 1.3#6.6#4.0#14.0#VAR 809 0 0.929889 0.0701113 
 ----> 1.3#6.6#4.0#14.0#VAR 810 0 0.921262 0.0787381 
 ----> 1.3#6.6#4.0#14.0#VAR 811 1 0.924234 0.0757664 
 ----> 1.3#6.6#4.0#14.0#VAR 812 0 0.93923 0.0607695 
 ----> 1.3#6.6#4.0#14.0#VAR 813 0 0.916005 0.0839953 
 ----> 1.3#6.6#4.0#14.0#VAR 814 0 0.918801 0.081199 
 ----> 1.3#6.6#4.0#14.0#VAR 815 0 0.907641 0.0923595 
 ----> 1.3#6.6#4.0#14.0#VAR 816 0 0.920352 0.079648 
 ----> 1.3#6.6#4.0#14.0#VAR 817 1 0.905457 0.0945434 
 ----> 1.3#6.6#4.0#14.0#VAR 818 0 0.92211 0.0778898 
 ----> 1.3#6.6#4.0#14.0#VAR 819 0 0.907166 0.0928344 
 ----> 1.3#6.6#4.0#14.0#VAR 820 0 0.897506 0.102494 
 ----> 1.3#6.6#4.0#14.0#VAR 821 0 0.924638 0.0753617 
 ----> 1.3#6.6#4.0#14.0#VAR 822 0 0.916584 0.0834162 
 ----> 1.3#6.6#4.0#14.0#VAR 823 1 0.901232 0.0987676 
 ----> 1.3#6.6#4.0#14.0#VAR 824 0 0.917743 0.0822569 
 ----> 1.3#6.6#4.0#14.0#VAR 825 0 0.932349 0.0676508 
 ----> 1.3#6.6#4.0#14.0#VAR 826 0 0.932198 0.0678022 
 ----> 1.3#6.6#4.0#14.0#VAR 827 0 0.907762 0.0922383 
 ----> 1.3#6.6#4.0#14.0#VAR 828 0 0.934279 0.0657209 
 ----> 1.3#6.6#4.0#14.0#VAR 829 0 0.91916 0.0808402 
 ----> 1.3#6.6#4.0#14.0#VAR 830 0 0.930982 0.0690182 
 ----> 1.3#6.6#4.0#14.0#VAR 831 0 0.932947 0.0670535 
 ----> 1.3#6.6#4.0#14.0#VAR 832 0 0.915108 0.0848922 
 ----> 1.3#6.6#4.0#14.0#VAR 833 0 0.920753 0.0792471 
 ----> 1.3#6.6#4.0#14.0#VAR 834 0 0.929633 0.070367 
 ----> 1.3#6.6#4.0#14.0#VAR 835 1 0.826783 0.173217 
 ----> 1.3#6.6#4.0#14.0#VAR 836 1 0.879107 0.120893 
 ----> 1.3#6.6#4.0#14.0#VAR 837 1 0.908494 0.091506 
 ----> 1.3#6.6#4.0#14.0#VAR 838 1 0.905169 0.0948315 
 ----> 1.3#6.6#4.0#14.0#VAR 839 0 0.928157 0.0718429 
 ----> 1.3#6.6#4.0#14.0#VAR 840 0 0.926998 0.0730024 
 ----> 1.3#6.6#4.0#14.0#VAR 841 0 0.938515 0.0614855 
 ----> 1.3#6.6#4.0#14.0#VAR 842 0 0.933075 0.0669252 
 ----> 1.3#6.6#4.0#14.0#VAR 843 0 0.934113 0.0658867 
 ----> 1.3#6.6#4.0#14.0#VAR 844 0 0.920684 0.0793161 
 ----> 1.3#6.6#4.0#14.0#VAR 845 0 0.900412 0.0995882 
 ----> 1.3#6.6#4.0#14.0#VAR 846 0 0.909475 0.0905248 
 ----> 1.3#6.6#4.0#14.0#VAR 847 0 0.928378 0.0716215 
 ----> 1.3#6.6#4.0#14.0#VAR 848 0 0.92637 0.0736302 
 ----> 1.3#6.6#4.0#14.0#VAR 849 0 0.91234 0.0876603 
 ----> 1.3#6.6#4.0#14.0#VAR 850 0 0.934078 0.065922 
 ----> 1.3#6.6#4.0#14.0#VAR 851 0 0.919849 0.0801513 
 ----> 1.3#6.6#4.0#14.0#VAR 852 0 0.927452 0.0725478 
 ----> 1.3#6.6#4.0#14.0#VAR 853 0 0.927965 0.0720352 
 ----> 1.3#6.6#4.0#14.0#VAR 854 0 0.927123 0.0728775 
 ----> 1.3#6.6#4.0#14.0#VAR 855 0 0.917572 0.0824279 
 ----> 1.3#6.6#4.0#14.0#VAR 856 0 0.925746 0.0742539 
 ----> 1.3#6.6#4.0#14.0#VAR 857 0 0.906249 0.0937507 
 ----> 1.3#6.6#4.0#14.0#VAR 858 1 0.891533 0.108467 
 ----> 1.3#6.6#4.0#14.0#VAR 859 0 0.928993 0.0710075 
 ----> 1.3#6.6#4.0#14.0#VAR 860 0 0.905535 0.0944647 
 ----> 1.3#6.6#4.0#14.0#VAR 861 0 0.920552 0.0794483 
 ----> 1.3#6.6#4.0#14.0#VAR 862 0 0.931333 0.0686675 
 ----> 1.3#6.6#4.0#14.0#VAR 863 0 0.915108 0.0848923 
 ----> 1.3#6.6#4.0#14.0#VAR 864 0 0.918087 0.0819125 
 ----> 1.3#6.6#4.0#14.0#VAR 865 0 0.926177 0.073823 
 ----> 1.3#6.6#4.0#14.0#VAR 866 0 0.930816 0.0691845 
 ----> 1.3#6.6#4.0#14.0#VAR 867 0 0.924174 0.0758258 
 ----> 1.3#6.6#4.0#14.0#VAR 868 0 0.931112 0.0688876 
 ----> 1.3#6.6#4.0#14.0#VAR 869 1 0.909562 0.0904381 
 ----> 1.3#6.6#4.0#14.0#VAR 870 0 0.916477 0.0835226 
 ----> 1.3#6.6#4.0#14.0#VAR 871 0 0.932679 0.067321 
 ----> 1.3#6.6#4.0#14.0#VAR 872 0 0.930157 0.0698426 
 ----> 1.3#6.6#4.0#14.0#VAR 873 0 0.92112 0.0788801 
 ----> 1.3#6.6#4.0#14.0#VAR 874 0 0.934768 0.0652323 
 ----> 1.3#6.6#4.0#14.0#VAR 875 0 0.925863 0.0741372 
 ----> 1.3#6.6#4.0#14.0#VAR 876 0 0.924129 0.0758714 
 ----> 1.3#6.6#4.0#14.0#VAR 877 0 0.926582 0.0734182 
 ----> 1.3#6.6#4.0#14.0#VAR 878 0 0.930627 0.0693731 
 ----> 1.3#6.6#4.0#14.0#VAR 879 0 0.912771 0.0872291 
 ----> 1.3#6.6#4.0#14.0#VAR 880 0 0.914633 0.0853667 
 ----> 1.3#6.6#4.0#14.0#VAR 881 0 0.931583 0.0684169 
 ----> 1.3#6.6#4.0#14.0#VAR 882 0 0.927202 0.0727979 
 ----> 1.3#6.6#4.0#14.0#VAR 883 0 0.938775 0.0612255 
 ----> 1.3#6.6#4.0#14.0#VAR 884 0 0.930644 0.069356 
 ----> 1.3#6.6#4.0#14.0#VAR 885 0 0.913627 0.0863731 
 ----> 1.3#6.6#4.0#14.0#VAR 886 1 0.876872 0.123128 
 ----> 1.3#6.6#4.0#14.0#VAR 887 0 0.905696 0.0943041 
 ----> 1.3#6.6#4.0#14.0#VAR 888 0 0.911391 0.0886088 
 ----> 1.3#6.6#4.0#14.0#VAR 889 0 0.918227 0.081773 
 ----> 1.3#6.6#4.0#14.0#VAR 890 0 0.914635 0.0853647 
 ----> 1.3#6.6#4.0#14.0#VAR 891 0 0.912822 0.087178 
 ----> 1.3#6.6#4.0#14.0#VAR 892 0 0.906936 0.0930643 
 ----> 1.3#6.6#4.0#14.0#VAR 893 0 0.920345 0.079655 
 ----> 1.3#6.6#4.0#14.0#VAR 894 0 0.918369 0.0816306 
 ----> 1.3#6.6#4.0#14.0#VAR 895 0 0.89018 0.10982 
 ----> 1.3#6.6#4.0#14.0#VAR 896 1 0.911853 0.0881465 
 ----> 1.3#6.6#4.0#14.0#VAR 897 1 0.8913 0.1087 
 ----> 1.3#6.6#4.0#14.0#VAR 898 0 0.902204 0.0977959 
 ----> 1.3#6.6#4.0#14.0#VAR 899 0 0.921572 0.0784276 
 ----> 1.3#6.6#4.0#14.0#VAR 900 0 0.933998 0.0660021 
 ----> 1.3#6.6#4.0#14.0#VAR 901 0 0.934865 0.0651347 
 ----> 1.3#6.6#4.0#14.0#VAR 902 0 0.930825 0.0691746 
 ----> 1.3#6.6#4.0#14.0#VAR 903 0 0.916367 0.0836334 
 ----> 1.3#6.6#4.0#14.0#VAR 904 1 0.892639 0.107361 
 ----> 1.3#6.6#4.0#14.0#VAR 905 0 0.929993 0.0700067 
 ----> 1.3#6.6#4.0#14.0#VAR 906 0 0.928249 0.0717507 
 ----> 1.3#6.6#4.0#14.0#VAR 907 0 0.920378 0.0796224 
 ----> 1.3#6.6#4.0#14.0#VAR 908 0 0.912517 0.0874831 
 ----> 1.3#6.6#4.0#14.0#VAR 909 0 0.914171 0.0858292 
 ----> 1.3#6.6#4.0#14.0#VAR 910 0 0.91178 0.0882203 
 ----> 1.3#6.6#4.0#14.0#VAR 911 0 0.922313 0.0776866 
 ----> 1.3#6.6#4.0#14.0#VAR 912 0 0.932846 0.0671544 
 ----> 1.3#6.6#4.0#14.0#VAR 913 0 0.93241 0.0675904 
 ----> 1.3#6.6#4.0#14.0#VAR 914 0 0.921842 0.0781581 
 ----> 1.3#6.6#4.0#14.0#VAR 915 0 0.921764 0.0782363 
 ----> 1.3#6.6#4.0#14.0#VAR 916 0 0.91471 0.0852898 
 ----> 1.3#6.6#4.0#14.0#VAR 917 0 0.912546 0.0874536 
 ----> 1.3#6.6#4.0#14.0#VAR 918 0 0.916264 0.083736 
 ----> 1.3#6.6#4.0#14.0#VAR 919 0 0.900997 0.0990026 
 ----> 1.3#6.6#4.0#14.0#VAR 920 0 0.895558 0.104442 
 ----> 1.3#6.6#4.0#14.0#VAR 921 1 0.907295 0.0927045 
 ----> 1.3#6.6#4.0#14.0#VAR 922 0 0.904648 0.095352 
 ----> 1.3#6.6#4.0#14.0#VAR 923 0 0.916363 0.0836372 
 ----> 1.3#6.6#4.0#14.0#VAR 924 0 0.927773 0.072227 
 ----> 1.3#6.6#4.0#14.0#VAR 925 0 0.92271 0.07729 
 ----> 1.3#6.6#4.0#14.0#VAR 926 0 0.939561 0.0604392 
 ----> 1.3#6.6#4.0#14.0#VAR 927 0 0.940016 0.0599841 
 ----> 1.3#6.6#4.0#14.0#VAR 928 0 0.921448 0.0785521 
 ----> 1.3#6.6#4.0#14.0#VAR 929 0 0.911575 0.0884249 
 ----> 1.3#6.6#4.0#14.0#VAR 930 1 0.900694 0.0993056 
 ----> 1.3#6.6#4.0#14.0#VAR 931 0 0.921951 0.0780486 
 ----> 1.3#6.6#4.0#14.0#VAR 932 0 0.935237 0.0647626 
 ----> 1.3#6.6#4.0#14.0#VAR 933 0 0.906067 0.0939325 
 ----> 1.3#6.6#4.0#14.0#VAR 934 0 0.927369 0.0726311 
 ----> 1.3#6.6#4.0#14.0#VAR 935 0 0.928615 0.0713855 
 ----> 1.3#6.6#4.0#14.0#VAR 936 1 0.911139 0.0888611 
 ----> 1.3#6.6#4.0#14.0#VAR 937 0 0.913853 0.0861468 
 ----> 1.3#6.6#4.0#14.0#VAR 938 0 0.921087 0.0789134 
 ----> 1.3#6.6#4.0#14.0#VAR 939 0 0.915661 0.084339 
 ----> 1.3#6.6#4.0#14.0#VAR 940 0 0.916738 0.083262 
 ----> 1.3#6.6#4.0#14.0#VAR 941 0 0.889779 0.110221 
 ----> 1.3#6.6#4.0#14.0#VAR 942 0 0.890117 0.109883 
 ----> 1.3#6.6#4.0#14.0#VAR 943 0 0.92005 0.0799503 
 ----> 1.3#6.6#4.0#14.0#VAR 944 0 0.912317 0.0876834 
 ----> 1.3#6.6#4.0#14.0#VAR 945 0 0.913551 0.0864489 
 ----> 1.3#6.6#4.0#14.0#VAR 946 0 0.933697 0.0663028 
 ----> 1.3#6.6#4.0#14.0#VAR 947 1 0.912318 0.0876823 
 ----> 1.3#6.6#4.0#14.0#VAR 948 0 0.924541 0.0754591 
 ----> 1.3#6.6#4.0#14.0#VAR 949 0 0.896146 0.103854 
 ----> 1.3#6.6#4.0#14.0#VAR 950 0 0.907917 0.0920828 
 ----> 1.3#6.6#4.0#14.0#VAR 951 0 0.909743 0.0902566 
 ----> 1.3#6.6#4.0#14.0#VAR 952 0 0.920621 0.0793789 
 ----> 1.3#6.6#4.0#14.0#VAR 953 0 0.930818 0.0691821 
 ----> 1.3#6.6#4.0#14.0#VAR 954 0 0.928361 0.0716387 
 ----> 1.3#6.6#4.0#14.0#VAR 955 0 0.915461 0.0845385 
 ----> 1.3#6.6#4.0#14.0#VAR 956 0 0.925089 0.0749109 
 ----> 1.3#6.6#4.0#14.0#VAR 957 0 0.932884 0.0671163 
 ----> 1.3#6.6#4.0#14.0#VAR 958 0 0.919591 0.0804092 
 ----> 1.3#6.6#4.0#14.0#VAR 959 0 0.910027 0.0899733 
 ----> 1.3#6.6#4.0#14.0#VAR 960 0 0.928379 0.0716213 
 ----> 1.3#6.6#4.0#14.0#VAR 961 0 0.929444 0.0705563 
 ----> 1.3#6.6#4.0#14.0#VAR 962 0 0.900075 0.0999248 
 ----> 1.3#6.6#4.0#14.0#VAR 963 0 0.915819 0.0841808 
 ----> 1.3#6.6#4.0#14.0#VAR 964 0 0.930347 0.0696528 
 ----> 1.3#6.6#4.0#14.0#VAR 965 0 0.908004 0.0919961 
 ----> 1.3#6.6#4.0#14.0#VAR 966 0 0.916109 0.0838912 
 ----> 1.3#6.6#4.0#14.0#VAR 967 0 0.926869 0.0731307 
 ----> 1.3#6.6#4.0#14.0#VAR 968 0 0.915656 0.0843442 
 ----> 1.3#6.6#4.0#14.0#VAR 969 0 0.90434 0.0956603 
 ----> 1.3#6.6#4.0#14.0#VAR 970 0 0.926362 0.073638 
 ----> 1.3#6.6#4.0#14.0#VAR 971 0 0.925309 0.0746909 
 ----> 1.3#6.6#4.0#14.0#VAR 972 0 0.934812 0.0651875 
 ----> 1.3#6.6#4.0#14.0#VAR 973 0 0.916825 0.0831746 
 ----> 1.3#6.6#4.0#14.0#VAR 974 0 0.928023 0.0719771 
 ----> 1.3#6.6#4.0#14.0#VAR 975 0 0.932157 0.067843 
 ----> 1.3#6.6#4.0#14.0#VAR 976 1 0.912505 0.0874951 
 ----> 1.3#6.6#4.0#14.0#VAR 977 0 0.922533 0.077467 
 ----> 1.3#6.6#4.0#14.0#VAR 978 0 0.933504 0.0664958 
 ----> 1.3#6.6#4.0#14.0#VAR 979 0 0.926745 0.0732548 
 ----> 1.3#6.6#4.0#14.0#VAR 980 0 0.937708 0.062292 
 ----> 1.3#6.6#4.0#14.0#VAR 981 0 0.90636 0.0936399 
 ----> 1.3#6.6#4.0#14.0#VAR 982 0 0.921565 0.0784345 
 ----> 1.3#6.6#4.0#14.0#VAR 983 0 0.909789 0.0902106 
 ----> 1.3#6.6#4.0#14.0#VAR 984 0 0.928869 0.0711306 
 ----> 1.3#6.6#4.0#14.0#VAR 985 0 0.914329 0.0856707 
 ----> 1.3#6.6#4.0#14.0#VAR 986 0 0.91137 0.0886299 
 ----> 1.3#6.6#4.0#14.0#VAR 987 0 0.910347 0.0896532 
 ----> 1.3#6.6#4.0#14.0#VAR 988 0 0.920805 0.0791954 
 ----> 1.3#6.6#4.0#14.0#VAR 989 0 0.932017 0.067983 
 ----> 1.3#6.6#4.0#14.0#VAR 990 0 0.922816 0.0771841 
 ----> 1.3#6.6#4.0#14.0#VAR 991 0 0.920571 0.0794292 
 ----> 1.3#6.6#4.0#14.0#VAR 992 0 0.915897 0.0841025 
 ----> 1.3#6.6#4.0#14.0#VAR 993 0 0.917954 0.0820461 
 ----> 1.3#6.6#4.0#14.0#VAR 994 0 0.932809 0.0671914 
 ----> 1.3#6.6#4.0#14.0#VAR 995 0 0.937906 0.0620936 
 ----> 1.3#6.6#4.0#14.0#VAR 996 0 0.925757 0.0742429 
 ----> 1.3#6.6#4.0#14.0#VAR 997 0 0.917686 0.0823141 
 ----> 1.3#6.6#4.0#14.0#VAR 998 0 0.930859 0.0691407 
 ----> 1.3#6.6#4.0#14.0#VAR 999 0 0.923323 0.076677 
 ----> 1.3#6.6#4.0#14.0#VAR 1000 0 0.932339 0.0676608 
 ----> 1.3#6.6#4.0#14.0#VAR 1001 0 0.927593 0.0724066 
 ----> 1.3#6.6#4.0#14.0#VAR 1002 0 0.925967 0.0740329 
 ----> 1.3#6.6#4.0#14.0#VAR 1003 0 0.933237 0.0667627 
 ----> 1.3#6.6#4.0#14.0#VAR 1004 0 0.930361 0.0696394 
 ----> 1.3#6.6#4.0#14.0#VAR 1005 0 0.918485 0.0815146 
 ----> 1.3#6.6#4.0#14.0#VAR 1006 0 0.916325 0.0836753 
 ----> 1.3#6.6#4.0#14.0#VAR 1007 0 0.918067 0.0819329 
 ----> 1.3#6.6#4.0#14.0#VAR 1008 0 0.914542 0.0854575 
 ----> 1.3#6.6#4.0#14.0#VAR 1009 0 0.920096 0.0799039 
 ----> 1.3#6.6#4.0#14.0#VAR 1010 0 0.903359 0.0966412 
 ----> 1.3#6.6#4.0#14.0#VAR 1011 0 0.92171 0.0782899 
 ----> 1.3#6.6#4.0#14.0#VAR 1012 1 0.900678 0.0993215 
 ----> 1.3#6.6#4.0#14.0#VAR 1013 0 0.881809 0.118191 
 ----> 1.3#6.6#4.0#14.0#VAR 1014 0 0.919041 0.0809592 
 ----> 1.3#6.6#4.0#14.0#VAR 1015 1 0.910655 0.0893449 
 ----> 1.3#6.6#4.0#14.0#VAR 1016 0 0.936246 0.0637539 
 ----> 1.3#6.6#4.0#14.0#VAR 1017 0 0.92445 0.0755499 
 ----> 1.3#6.6#4.0#14.0#VAR 1018 0 0.902511 0.0974893 
 ----> 1.3#6.6#4.0#14.0#VAR 1019 0 0.926324 0.0736757 
 ----> 1.3#6.6#4.0#14.0#VAR 1020 0 0.920975 0.0790247 
 ----> 1.3#6.6#4.0#14.0#VAR 1021 0 0.933198 0.066802 
 ----> 1.3#6.6#4.0#14.0#VAR 1022 1 0.893303 0.106697 
 ----> 1.3#6.6#4.0#14.0#VAR 1023 0 0.924454 0.075546 
 ----> 1.3#6.6#4.0#14.0#VAR 1024 0 0.933424 0.0665762 
 ----> 1.3#6.6#4.0#14.0#VAR 1025 0 0.930536 0.0694644 
 ----> 1.3#6.6#4.0#14.0#VAR 1026 0 0.925534 0.0744659 
 ----> 1.3#6.6#4.0#14.0#VAR 1027 0 0.915393 0.0846072 
 ----> 1.3#6.6#4.0#14.0#VAR 1028 0 0.926537 0.0734625 
 ----> 1.3#6.6#4.0#14.0#VAR 1029 1 0.89343 0.10657 
 ----> 1.3#6.6#4.0#14.0#VAR 1030 0 0.923715 0.0762848 
 ----> 1.3#6.6#4.0#14.0#VAR 1031 0 0.92448 0.07552 
 ----> 1.3#6.6#4.0#14.0#VAR 1032 0 0.92111 0.07889 
 ----> 1.3#6.6#4.0#14.0#VAR 1033 0 0.925723 0.0742766 
 ----> 1.3#6.6#4.0#14.0#VAR 1034 1 0.913212 0.0867881 
 ----> 1.3#6.6#4.0#14.0#VAR 1035 0 0.918078 0.0819224 
 ----> 1.3#6.6#4.0#14.0#VAR 1036 0 0.907841 0.092159 
 ----> 1.3#6.6#4.0#14.0#VAR 1037 1 0.89628 0.10372 
 ----> 1.3#6.6#4.0#14.0#VAR 1038 0 0.932511 0.0674893 
 ----> 1.3#6.6#4.0#14.0#VAR 1039 0 0.932209 0.0677914 
 ----> 1.3#6.6#4.0#14.0#VAR 1040 0 0.929333 0.0706667 
 ----> 1.3#6.6#4.0#14.0#VAR 1041 0 0.919566 0.080434 
 ----> 1.3#6.6#4.0#14.0#VAR 1042 0 0.924807 0.0751926 
 ----> 1.3#6.6#4.0#14.0#VAR 1043 0 0.915161 0.084839 
 ----> 1.3#6.6#4.0#14.0#VAR 1044 0 0.922975 0.0770245 
 ----> 1.3#6.6#4.0#14.0#VAR 1045 0 0.921807 0.0781933 
 ----> 1.3#6.6#4.0#14.0#VAR 1046 0 0.93129 0.0687095 
 ----> 1.3#6.6#4.0#14.0#VAR 1047 0 0.941321 0.0586791 
 ----> 1.3#6.6#4.0#14.0#VAR 1048 0 0.914663 0.0853374 
 ----> 1.3#6.6#4.0#14.0#VAR 1049 0 0.929455 0.0705453 
 ----> 1.3#6.6#4.0#14.0#VAR 1050 0 0.930416 0.0695842 
 ----> 1.3#6.6#4.0#14.0#VAR 1051 0 0.930553 0.0694467 
 ----> 1.3#6.6#4.0#14.0#VAR 1052 0 0.912613 0.0873872 
 ----> 1.3#6.6#4.0#14.0#VAR 1053 0 0.912551 0.0874489 
 ----> 1.3#6.6#4.0#14.0#VAR 1054 0 0.902464 0.0975365 
 ----> 1.3#6.6#4.0#14.0#VAR 1055 0 0.928529 0.0714714 
 ----> 1.3#6.6#4.0#14.0#VAR 1056 0 0.933006 0.0669943 
 ----> 1.3#6.6#4.0#14.0#VAR 1057 0 0.928679 0.071321 
 ----> 1.3#6.6#4.0#14.0#VAR 1058 0 0.908461 0.0915385 
 ----> 1.3#6.6#4.0#14.0#VAR 1059 0 0.91255 0.0874504 
 ----> 1.3#6.6#4.0#14.0#VAR 1060 0 0.909446 0.0905545 
 ----> 1.3#6.6#4.0#14.0#VAR 1061 0 0.913369 0.086631 
 ----> 1.3#6.6#4.0#14.0#VAR 1062 0 0.917755 0.082245 
 ----> 1.3#6.6#4.0#14.0#VAR 1063 0 0.93828 0.0617201 
 ----> 1.3#6.6#4.0#14.0#VAR 1064 0 0.905728 0.0942719 
 ----> 1.3#6.6#4.0#14.0#VAR 1065 0 0.901672 0.0983283 
 ----> 1.3#6.6#4.0#14.0#VAR 1066 0 0.918033 0.081967 
 ----> 1.3#6.6#4.0#14.0#VAR 1067 0 0.915694 0.0843064 
 ----> 1.3#6.6#4.0#14.0#VAR 1068 0 0.900035 0.0999655 
 ----> 1.3#6.6#4.0#14.0#VAR 1069 0 0.925146 0.0748539 
 ----> 1.3#6.6#4.0#14.0#VAR 1070 0 0.925126 0.0748744 
 ----> 1.3#6.6#4.0#14.0#VAR 1071 0 0.918345 0.0816551 
 ----> 1.3#6.6#4.0#14.0#VAR 1072 0 0.936183 0.0638169 
 ----> 1.3#6.6#4.0#14.0#VAR 1073 0 0.933311 0.066689 
 ----> 1.3#6.6#4.0#14.0#VAR 1074 0 0.934405 0.0655952 
 ----> 1.3#6.6#4.0#14.0#VAR 1075 0 0.91713 0.0828704 
 ----> 1.3#6.6#4.0#14.0#VAR 1076 0 0.928536 0.0714641 
 ----> 1.3#6.6#4.0#14.0#VAR 1077 0 0.919365 0.0806354 
 ----> 1.3#6.6#4.0#14.0#VAR 1078 0 0.931316 0.0686837 
 ----> 1.3#6.6#4.0#14.0#VAR 1079 0 0.91157 0.0884298 
 ----> 1.3#6.6#4.0#14.0#VAR 1080 0 0.916385 0.0836153 
 ----> 1.3#6.6#4.0#14.0#VAR 1081 0 0.925132 0.0748683 
 ----> 1.3#6.6#4.0#14.0#VAR 1082 0 0.917109 0.0828914 
 ----> 1.3#6.6#4.0#14.0#VAR 1083 0 0.933809 0.0661908 
 ----> 1.3#6.6#4.0#14.0#VAR 1084 0 0.935936 0.064064 
 ----> 1.3#6.6#4.0#14.0#VAR 1085 0 0.91274 0.0872604 
 ----> 1.3#6.6#4.0#14.0#VAR 1086 0 0.944498 0.0555025 
 ----> 1.3#6.6#4.0#14.0#VAR 1087 0 0.930787 0.0692126 
 ----> 1.3#6.6#4.0#14.0#VAR 1088 0 0.927697 0.0723034 
 ----> 1.3#6.6#4.0#14.0#VAR 1089 0 0.933654 0.0663459 
 ----> 1.3#6.6#4.0#14.0#VAR 1090 0 0.932517 0.067483 
 ----> 1.3#6.6#4.0#14.0#VAR 1091 0 0.924157 0.075843 
 ----> 1.3#6.6#4.0#14.0#VAR 1092 0 0.923051 0.0769488 
 ----> 1.3#6.6#4.0#14.0#VAR 1093 0 0.93157 0.0684301 
 ----> 1.3#6.6#4.0#14.0#VAR 1094 0 0.902516 0.0974845 
 ----> 1.3#6.6#4.0#14.0#VAR 1095 0 0.931702 0.0682978 
 ----> 1.3#6.6#4.0#14.0#VAR 1096 0 0.939872 0.0601275 
 ----> 1.3#6.6#4.0#14.0#VAR 1097 0 0.929153 0.0708473 
 ----> 1.3#6.6#4.0#14.0#VAR 1098 0 0.919176 0.0808238 
 ----> 1.3#6.6#4.0#14.0#VAR 1099 0 0.926189 0.0738111 
 ----> 1.3#6.6#4.0#14.0#VAR 1100 0 0.9301 0.0699002 
 ----> 1.3#6.6#4.0#14.0#VAR 1101 0 0.909712 0.0902883 
 ----> 1.3#6.6#4.0#14.0#VAR 1102 1 0.920466 0.0795336 
 ----> 1.3#6.6#4.0#14.0#VAR 1103 0 0.912095 0.0879047 
 ----> 1.3#6.6#4.0#14.0#VAR 1104 0 0.933869 0.0661315 
 ----> 1.3#6.6#4.0#14.0#VAR 1105 0 0.927258 0.0727419 
 ----> 1.3#6.6#4.0#14.0#VAR 1106 0 0.922165 0.0778355 
 ----> 1.3#6.6#4.0#14.0#VAR 1107 1 0.890128 0.109872 
 ----> 1.3#6.6#4.0#14.0#VAR 1108 0 0.926225 0.073775 
 ----> 1.3#6.6#4.0#14.0#VAR 1109 1 0.891418 0.108582 
 ----> 1.3#6.6#4.0#14.0#VAR 1110 0 0.930877 0.0691229 
 ----> 1.3#6.6#4.0#14.0#VAR 1111 1 0.88559 0.11441 
 ----> 1.3#6.6#4.0#14.0#VAR 1112 1 0.891105 0.108895 
 ----> 1.3#6.6#4.0#14.0#VAR 1113 0 0.92679 0.0732097 
 ----> 1.3#6.6#4.0#14.0#VAR 1114 0 0.905219 0.094781 
 ----> 1.3#6.6#4.0#14.0#VAR 1115 0 0.937255 0.0627449 
 ----> 1.3#6.6#4.0#14.0#VAR 1116 0 0.930973 0.0690275 
 ----> 1.3#6.6#4.0#14.0#VAR 1117 0 0.923035 0.0769651 
 ----> 1.3#6.6#4.0#14.0#VAR 1118 0 0.934865 0.065135 
 ----> 1.3#6.6#4.0#14.0#VAR 1119 0 0.926989 0.0730107 
 ----> 1.3#6.6#4.0#14.0#VAR 1120 1 0.920422 0.0795779 
 ----> 1.3#6.6#4.0#14.0#VAR 1121 0 0.93605 0.0639495 
 ----> 1.3#6.6#4.0#14.0#VAR 1122 0 0.913141 0.0868589 
 ----> 1.3#6.6#4.0#14.0#VAR 1123 0 0.920168 0.0798317 
 ----> 1.3#6.6#4.0#14.0#VAR 1124 0 0.921682 0.078318 
 ----> 1.3#6.6#4.0#14.0#VAR 1125 0 0.919047 0.0809535 
 ----> 1.3#6.6#4.0#14.0#VAR 1126 0 0.93484 0.0651605 
 ----> 1.3#6.6#4.0#14.0#VAR 1127 0 0.9217 0.0782997 
 ----> 1.3#6.6#4.0#14.0#VAR 1128 0 0.931761 0.0682392 
 ----> 1.3#6.6#4.0#14.0#VAR 1129 1 0.892229 0.107771 
 ----> 1.3#6.6#4.0#14.0#VAR 1130 0 0.938045 0.0619547 
 ----> 1.3#6.6#4.0#14.0#VAR 1131 0 0.920248 0.0797522 
 ----> 1.3#6.6#4.0#14.0#VAR 1132 1 0.901836 0.0981642 
 ----> 1.3#6.6#4.0#14.0#VAR 1133 0 0.928635 0.0713652 
 ----> 1.3#6.6#4.0#14.0#VAR 1134 0 0.924802 0.0751981 
 ----> 1.3#6.6#4.0#14.0#VAR 1135 0 0.922509 0.0774911 
 ----> 1.3#6.6#4.0#14.0#VAR 1136 0 0.914475 0.0855247 
 ----> 1.3#6.6#4.0#14.0#VAR 1137 0 0.918564 0.0814356 
 ----> 1.3#6.6#4.0#14.0#VAR 1138 0 0.925723 0.0742774 
 ----> 1.3#6.6#4.0#14.0#VAR 1139 0 0.91082 0.0891798 
 ----> 1.3#6.6#4.0#14.0#VAR 1140 0 0.932962 0.0670378 
 ----> 1.3#6.6#4.0#14.0#VAR 1141 0 0.919072 0.0809279 
 ----> 1.3#6.6#4.0#14.0#VAR 1142 0 0.935591 0.0644092 
 ----> 1.3#6.6#4.0#14.0#VAR 1143 0 0.912495 0.0875053 
 ----> 1.3#6.6#4.0#14.0#VAR 1144 1 0.889839 0.110161 
 ----> 1.3#6.6#4.0#14.0#VAR 1145 0 0.918486 0.0815137 
 ----> 1.3#6.6#4.0#14.0#VAR 1146 0 0.921505 0.078495 
 ----> 1.3#6.6#4.0#14.0#VAR 1147 0 0.924633 0.0753666 
 ----> 1.3#6.6#4.0#14.0#VAR 1148 0 0.920862 0.0791378 
 ----> 1.3#6.6#4.0#14.0#VAR 1149 0 0.921129 0.0788713 
 ----> 1.3#6.6#4.0#14.0#VAR 1150 0 0.934882 0.0651178 
 ----> 1.3#6.6#4.0#14.0#VAR 1151 0 0.93138 0.0686202 
 ----> 1.3#6.6#4.0#14.0#VAR 1152 0 0.934472 0.0655284 
 ----> 1.3#6.6#4.0#14.0#VAR 1153 0 0.924757 0.0752433 
 ----> 1.3#6.6#4.0#14.0#VAR 1154 0 0.915097 0.0849025 
 ----> 1.3#6.6#4.0#14.0#VAR 1155 0 0.938767 0.0612332 
 ----> 1.3#6.6#4.0#14.0#VAR 1156 0 0.920982 0.0790175 
 ----> 1.3#6.6#4.0#14.0#VAR 1157 0 0.925566 0.0744342 
 ----> 1.3#6.6#4.0#14.0#VAR 1158 0 0.925518 0.0744818 
 ----> 1.3#6.6#4.0#14.0#VAR 1159 0 0.928688 0.0713119 
 ----> 1.3#6.6#4.0#14.0#VAR 1160 0 0.922736 0.0772639 
 ----> 1.3#6.6#4.0#14.0#VAR 1161 0 0.911721 0.0882792 
 ----> 1.3#6.6#4.0#14.0#VAR 1162 0 0.906087 0.0939131 
 ----> 1.3#6.6#4.0#14.0#VAR 1163 0 0.920797 0.0792033 
 ----> 1.3#6.6#4.0#14.0#VAR 1164 0 0.927491 0.0725095 
 ----> 1.3#6.6#4.0#14.0#VAR 1165 0 0.883193 0.116807 
 ----> 1.3#6.6#4.0#14.0#VAR 1166 1 0.921435 0.0785649 
 ----> 1.3#6.6#4.0#14.0#VAR 1167 0 0.926302 0.0736982 
 ----> 1.3#6.6#4.0#14.0#VAR 1168 0 0.913433 0.0865666 
 ----> 1.3#6.6#4.0#14.0#VAR 1169 1 0.90449 0.0955097 
 ----> 1.3#6.6#4.0#14.0#VAR 1170 0 0.927686 0.0723144 
 ----> 1.3#6.6#4.0#14.0#VAR 1171 0 0.916919 0.0830809 
 ----> 1.3#6.6#4.0#14.0#VAR 1172 0 0.922195 0.0778052 
 ----> 1.3#6.6#4.0#14.0#VAR 1173 0 0.923536 0.0764642 
 ----> 1.3#6.6#4.0#14.0#VAR 1174 1 0.912757 0.0872434 
 ----> 1.3#6.6#4.0#14.0#VAR 1175 0 0.926811 0.0731894 
 ----> 1.3#6.6#4.0#14.0#VAR 1176 0 0.921164 0.0788359 
 ----> 1.3#6.6#4.0#14.0#VAR 1177 0 0.910263 0.0897371 
 ----> 1.3#6.6#4.0#14.0#VAR 1178 0 0.914881 0.0851192 
 ----> 1.3#6.6#4.0#14.0#VAR 1179 0 0.895851 0.104149 
 ----> 1.3#6.6#4.0#14.0#VAR 1180 0 0.932988 0.0670123 
 ----> 1.3#6.6#4.0#14.0#VAR 1181 0 0.914553 0.0854471 
 ----> 1.3#6.6#4.0#14.0#VAR 1182 0 0.924407 0.075593 
 ----> 1.3#6.6#4.0#14.0#VAR 1183 1 0.903158 0.0968419 
 ----> 1.3#6.6#4.0#14.0#VAR 1184 1 0.913467 0.0865333 
 ----> 1.3#6.6#4.0#14.0#VAR 1185 1 0.890249 0.109751 
 ----> 1.3#6.6#4.0#14.0#VAR 1186 0 0.939371 0.0606293 
 ----> 1.3#6.6#4.0#14.0#VAR 1187 0 0.927666 0.0723338 
 ----> 1.3#6.6#4.0#14.0#VAR 1188 0 0.899998 0.100002 
 ----> 1.3#6.6#4.0#14.0#VAR 1189 1 0.882513 0.117487 
 ----> 1.3#6.6#4.0#14.0#VAR 1190 0 0.915098 0.0849024 
 ----> 1.3#6.6#4.0#14.0#VAR 1191 0 0.927413 0.072587 
 ----> 1.3#6.6#4.0#14.0#VAR 1192 0 0.910295 0.0897052 
 ----> 1.3#6.6#4.0#14.0#VAR 1193 0 0.931645 0.0683553 
 ----> 1.3#6.6#4.0#14.0#VAR 1194 1 0.913667 0.0863335 
 ----> 1.3#6.6#4.0#14.0#VAR 1195 0 0.934082 0.065918 
 ----> 1.3#6.6#4.0#14.0#VAR 1196 0 0.924395 0.0756052 
 ----> 1.3#6.6#4.0#14.0#VAR 1197 0 0.906508 0.0934917 
 ----> 1.3#6.6#4.0#14.0#VAR 1198 0 0.935422 0.0645779 
 ----> 1.3#6.6#4.0#14.0#VAR 1199 0 0.931338 0.0686618 
 ----> 1.3#6.6#4.0#14.0#VAR 1200 0 0.907352 0.0926475 
 ----> 1.3#6.6#4.0#14.0#VAR 1201 0 0.916586 0.0834142 
 ----> 1.3#6.6#4.0#14.0#VAR 1202 0 0.929797 0.0702032 
 ----> 1.3#6.6#4.0#14.0#VAR 1203 0 0.934766 0.0652337 
 ----> 1.3#6.6#4.0#14.0#VAR 1204 0 0.915349 0.0846514 
 ----> 1.3#6.6#4.0#14.0#VAR 1205 1 0.923773 0.0762266 
 ----> 1.3#6.6#4.0#14.0#VAR 1206 0 0.913692 0.0863075 
 ----> 1.3#6.6#4.0#14.0#VAR 1207 0 0.91528 0.08472 
 ----> 1.3#6.6#4.0#14.0#VAR 1208 0 0.929008 0.0709924 
 ----> 1.3#6.6#4.0#14.0#VAR 1209 0 0.911212 0.0887882 
 ----> 1.3#6.6#4.0#14.0#VAR 1210 0 0.92632 0.07368 
 ----> 1.3#6.6#4.0#14.0#VAR 1211 0 0.930306 0.0696943 
 ----> 1.3#6.6#4.0#14.0#VAR 1212 0 0.921483 0.0785168 
 ----> 1.3#6.6#4.0#14.0#VAR 1213 0 0.911951 0.088049 
 ----> 1.3#6.6#4.0#14.0#VAR 1214 0 0.907519 0.0924808 
 ----> 1.3#6.6#4.0#14.0#VAR 1215 0 0.926365 0.0736347 
 ----> 1.3#6.6#4.0#14.0#VAR 1216 0 0.915734 0.0842662 
 ----> 1.3#6.6#4.0#14.0#VAR 1217 0 0.928462 0.0715383 
 ----> 1.3#6.6#4.0#14.0#VAR 1218 0 0.92924 0.0707601 
 ----> 1.3#6.6#4.0#14.0#VAR 1219 0 0.923596 0.0764035 
 ----> 1.3#6.6#4.0#14.0#VAR 1220 0 0.922424 0.0775756 
 ----> 1.3#6.6#4.0#14.0#VAR 1221 0 0.910729 0.0892712 
 ----> 1.3#6.6#4.0#14.0#VAR 1222 0 0.93102 0.0689798 
 ----> 1.3#6.6#4.0#14.0#VAR 1223 0 0.916118 0.083882 
 ----> 1.3#6.6#4.0#14.0#VAR 1224 0 0.919718 0.0802819 
 ----> 1.3#6.6#4.0#14.0#VAR 1225 0 0.917826 0.0821741 
 ----> 1.3#6.6#4.0#14.0#VAR 1226 0 0.910647 0.0893528 
 ----> 1.3#6.6#4.0#14.0#VAR 1227 0 0.89957 0.10043 
 ----> 1.3#6.6#4.0#14.0#VAR 1228 0 0.934685 0.0653152 
 ----> 1.3#6.6#4.0#14.0#VAR 1229 0 0.920277 0.0797233 
 ----> 1.3#6.6#4.0#14.0#VAR 1230 0 0.917679 0.0823214 
 ----> 1.3#6.6#4.0#14.0#VAR 1231 0 0.923529 0.0764705 
 ----> 1.3#6.6#4.0#14.0#VAR 1232 0 0.933955 0.0660449 
 ----> 1.3#6.6#4.0#14.0#VAR 1233 0 0.917141 0.0828587 
 ----> 1.3#6.6#4.0#14.0#VAR 1234 0 0.914979 0.0850214 
 ----> 1.3#6.6#4.0#14.0#VAR 1235 0 0.938271 0.0617292 
 ----> 1.3#6.6#4.0#14.0#VAR 1236 0 0.930115 0.0698849 
 ----> 1.3#6.6#4.0#14.0#VAR 1237 0 0.927298 0.0727022 
 ----> 1.3#6.6#4.0#14.0#VAR 1238 0 0.930419 0.0695812 
 ----> 1.3#6.6#4.0#14.0#VAR 1239 0 0.930853 0.0691473 
 ----> 1.3#6.6#4.0#14.0#VAR 1240 0 0.907859 0.0921413 
 ----> 1.3#6.6#4.0#14.0#VAR 1241 0 0.908929 0.0910708 
 ----> 1.3#6.6#4.0#14.0#VAR 1242 0 0.918528 0.0814725 
 ----> 1.3#6.6#4.0#14.0#VAR 1243 0 0.911064 0.088936 
 ----> 1.3#6.6#4.0#14.0#VAR 1244 0 0.914454 0.0855462 
 ----> 1.3#6.6#4.0#14.0#VAR 1245 0 0.931047 0.0689528 
 ----> 1.3#6.6#4.0#14.0#VAR 1246 0 0.933432 0.0665675 
 ----> 1.3#6.6#4.0#14.0#VAR 1247 0 0.925763 0.0742367 
 ----> 1.3#6.6#4.0#14.0#VAR 1248 0 0.931496 0.0685039 
 ----> 1.3#6.6#4.0#14.0#VAR 1249 0 0.917754 0.0822455 
 ----> 1.3#6.6#4.0#14.0#VAR 1250 0 0.914245 0.0857554 
 ----> 1.3#6.6#4.0#14.0#VAR 1251 0 0.915669 0.0843311 
 ----> 1.3#6.6#4.0#14.0#VAR 1252 0 0.914939 0.085061 
 ----> 1.3#6.6#4.0#14.0#VAR 1253 0 0.928392 0.0716084 
 ----> 1.3#6.6#4.0#14.0#VAR 1254 0 0.930131 0.0698694 
 ----> 1.3#6.6#4.0#14.0#VAR 1255 0 0.91953 0.08047 
 ----> 1.3#6.6#4.0#14.0#VAR 1256 0 0.920546 0.0794539 
 ----> 1.3#6.6#4.0#14.0#VAR 1257 0 0.917582 0.0824185 
 ----> 1.3#6.6#4.0#14.0#VAR 1258 0 0.919778 0.0802222 
 ----> 1.3#6.6#4.0#14.0#VAR 1259 0 0.923378 0.0766222 
 ----> 1.3#6.6#4.0#14.0#VAR 1260 0 0.920314 0.0796864 
 ----> 1.3#6.6#4.0#14.0#VAR 1261 0 0.937371 0.0626294 
 ----> 1.3#6.6#4.0#14.0#VAR 1262 1 0.881062 0.118938 
 ----> 1.3#6.6#4.0#14.0#VAR 1263 0 0.926638 0.0733624 
 ----> 1.3#6.6#4.0#14.0#VAR 1264 0 0.92902 0.0709804 
 ----> 1.3#6.6#4.0#14.0#VAR 1265 0 0.922881 0.0771192 
 ----> 1.3#6.6#4.0#14.0#VAR 1266 0 0.923788 0.0762115 
 ----> 1.3#6.6#4.0#14.0#VAR 1267 0 0.920333 0.0796672 
 ----> 1.3#6.6#4.0#14.0#VAR 1268 0 0.930821 0.0691791 
 ----> 1.3#6.6#4.0#14.0#VAR 1269 0 0.941323 0.0586766 
 ----> 1.3#6.6#4.0#14.0#VAR 1270 0 0.929364 0.0706357 
 ----> 1.3#6.6#4.0#14.0#VAR 1271 0 0.929246 0.0707539 
 ----> 1.3#6.6#4.0#14.0#VAR 1272 0 0.925001 0.0749985 
 ----> 1.3#6.6#4.0#14.0#VAR 1273 0 0.893964 0.106036 
 ----> 1.3#6.6#4.0#14.0#VAR 1274 0 0.908144 0.0918562 
 ----> 1.3#6.6#4.0#14.0#VAR 1275 0 0.899289 0.100711 
 ----> 1.3#6.6#4.0#14.0#VAR 1276 1 0.889525 0.110475 
 ----> 1.3#6.6#4.0#14.0#VAR 1277 0 0.932786 0.0672138 
 ----> 1.3#6.6#4.0#14.0#VAR 1278 0 0.933043 0.066957 
 ----> 1.3#6.6#4.0#14.0#VAR 1279 0 0.911383 0.0886168 
 ----> 1.3#6.6#4.0#14.0#VAR 1280 0 0.915328 0.084672 
 ----> 1.3#6.6#4.0#14.0#VAR 1281 0 0.929675 0.0703251 
 ----> 1.3#6.6#4.0#14.0#VAR 1282 1 0.899197 0.100803 
 ----> 1.3#6.6#4.0#14.0#VAR 1283 0 0.918002 0.0819976 
 ----> 1.3#6.6#4.0#14.0#VAR 1284 0 0.921588 0.0784117 
 ----> 1.3#6.6#4.0#14.0#VAR 1285 0 0.914906 0.085094 
 ----> 1.3#6.6#4.0#14.0#VAR 1286 1 0.905002 0.0949981 
 ----> 1.3#6.6#4.0#14.0#VAR 1287 0 0.924017 0.0759833 
 ----> 1.3#6.6#4.0#14.0#VAR 1288 0 0.912231 0.0877686 
 ----> 1.3#6.6#4.0#14.0#VAR 1289 0 0.917342 0.0826579 
 ----> 1.3#6.6#4.0#14.0#VAR 1290 0 0.928086 0.0719144 
 ----> 1.3#6.6#4.0#14.0#VAR 1291 0 0.934981 0.0650187 
 ----> 1.3#6.6#4.0#14.0#VAR 1292 0 0.933049 0.0669505 
 ----> 1.3#6.6#4.0#14.0#VAR 1293 0 0.932575 0.0674247 
 ----> 1.3#6.6#4.0#14.0#VAR 1294 0 0.924229 0.0757713 
 ----> 1.3#6.6#4.0#14.0#VAR 1295 0 0.925228 0.0747721 
 ----> 1.3#6.6#4.0#14.0#VAR 1296 0 0.922233 0.0777666 
 ----> 1.3#6.6#4.0#14.0#VAR 1297 0 0.910616 0.089384 
 ----> 1.3#6.6#4.0#14.0#VAR 1298 1 0.917212 0.0827876 
 ----> 1.3#6.6#4.0#14.0#VAR 1299 0 0.939691 0.0603093 
 ----> 1.3#6.6#4.0#14.0#VAR 1300 1 0.907724 0.0922764 
 ----> 1.3#6.6#4.0#14.0#VAR 1301 0 0.926055 0.0739453 
 ----> 1.3#6.6#4.0#14.0#VAR 1302 0 0.926129 0.0738705 
 ----> 1.3#6.6#4.0#14.0#VAR 1303 0 0.938318 0.0616816 
 ----> 1.3#6.6#4.0#14.0#VAR 1304 0 0.925638 0.0743625 
 ----> 1.3#6.6#4.0#14.0#VAR 1305 0 0.927278 0.0727223 
 ----> 1.3#6.6#4.0#14.0#VAR 1306 0 0.931984 0.0680162 
 ----> 1.3#6.6#4.0#14.0#VAR 1307 1 0.893477 0.106523 
 ----> 1.3#6.6#4.0#14.0#VAR 1308 0 0.936766 0.0632342 
 ----> 1.3#6.6#4.0#14.0#VAR 1309 0 0.925476 0.0745239 
 ----> 1.3#6.6#4.0#14.0#VAR 1310 1 0.932537 0.067463 
 ----> 1.3#6.6#4.0#14.0#VAR 1311 0 0.920885 0.0791149 
 ----> 1.3#6.6#4.0#14.0#VAR 1312 0 0.934794 0.0652064 
 ----> 1.3#6.6#4.0#14.0#VAR 1313 0 0.919481 0.0805193 
 ----> 1.3#6.6#4.0#14.0#VAR 1314 0 0.927653 0.0723471 
 ----> 1.3#6.6#4.0#14.0#VAR 1315 0 0.933813 0.0661865 
 ----> 1.3#6.6#4.0#14.0#VAR 1316 1 0.913579 0.0864206 
 ----> 1.3#6.6#4.0#14.0#VAR 1317 0 0.911556 0.0884442 
 ----> 1.3#6.6#4.0#14.0#VAR 1318 0 0.927183 0.0728175 
 ----> 1.3#6.6#4.0#14.0#VAR 1319 0 0.913464 0.086536 
 ----> 1.3#6.6#4.0#14.0#VAR 1320 0 0.929226 0.070774 
 ----> 1.3#6.6#4.0#14.0#VAR 1321 0 0.923449 0.0765506 
 ----> 1.3#6.6#4.0#14.0#VAR 1322 0 0.926029 0.0739707 
 ----> 1.3#6.6#4.0#14.0#VAR 1323 0 0.902606 0.0973942 
 ----> 1.3#6.6#4.0#14.0#VAR 1324 0 0.923151 0.0768491 
 ----> 1.3#6.6#4.0#14.0#VAR 1325 0 0.928594 0.071406 
 ----> 1.3#6.6#4.0#14.0#VAR 1326 0 0.91962 0.0803804 
 ----> 1.3#6.6#4.0#14.0#VAR 1327 0 0.92709 0.0729105 
 ----> 1.3#6.6#4.0#14.0#VAR 1328 0 0.934818 0.0651821 
 ----> 1.3#6.6#4.0#14.0#VAR 1329 0 0.93588 0.0641202 
 ----> 1.3#6.6#4.0#14.0#VAR 1330 0 0.932822 0.0671784 
 ----> 1.3#6.6#4.0#14.0#VAR 1331 0 0.923668 0.0763319 
 ----> 1.3#6.6#4.0#14.0#VAR 1332 0 0.926093 0.0739074 
 ----> 1.3#6.6#4.0#14.0#VAR 1333 0 0.925419 0.074581 
 ----> 1.3#6.6#4.0#14.0#VAR 1334 0 0.915888 0.0841116 
 ----> 1.3#6.6#4.0#14.0#VAR 1335 0 0.914975 0.0850252 
 ----> 1.3#6.6#4.0#14.0#VAR 1336 0 0.928671 0.0713285 
 ----> 1.3#6.6#4.0#14.0#VAR 1337 0 0.932509 0.0674912 
 ----> 1.3#6.6#4.0#14.0#VAR 1338 0 0.937788 0.0622119 
 ----> 1.3#6.6#4.0#14.0#VAR 1339 0 0.914269 0.0857309 
 ----> 1.3#6.6#4.0#14.0#VAR 1340 0 0.93159 0.0684096 
 ----> 1.3#6.6#4.0#14.0#VAR 1341 0 0.916308 0.0836916 
 ----> 1.3#6.6#4.0#14.0#VAR 1342 0 0.935371 0.0646287 
 ----> 1.3#6.6#4.0#14.0#VAR 1343 0 0.936429 0.0635711 
 ----> 1.3#6.6#4.0#14.0#VAR 1344 0 0.932151 0.0678485 
 ----> 1.3#6.6#4.0#14.0#VAR 1345 0 0.921377 0.0786228 
 ----> 1.3#6.6#4.0#14.0#VAR 1346 0 0.912498 0.0875021 
 ----> 1.3#6.6#4.0#14.0#VAR 1347 1 0.916827 0.0831734 
 ----> 1.3#6.6#4.0#14.0#VAR 1348 0 0.939832 0.0601676 
 ----> 1.3#6.6#4.0#14.0#VAR 1349 0 0.937925 0.0620748 
 ----> 1.3#6.6#4.0#14.0#VAR 1350 0 0.93899 0.0610103 
 ----> 1.3#6.6#4.0#14.0#VAR 1351 0 0.923369 0.0766307 
 ----> 1.3#6.6#4.0#14.0#VAR 1352 0 0.929321 0.0706788 
 ----> 1.3#6.6#4.0#14.0#VAR 1353 0 0.915644 0.0843556 
 ----> 1.3#6.6#4.0#14.0#VAR 1354 0 0.931167 0.0688329 
 ----> 1.3#6.6#4.0#14.0#VAR 1355 0 0.929261 0.0707388 
 ----> 1.3#6.6#4.0#14.0#VAR 1356 0 0.918428 0.0815719 
 ----> 1.3#6.6#4.0#14.0#VAR 1357 0 0.930448 0.0695522 
 ----> 1.3#6.6#4.0#14.0#VAR 1358 0 0.921811 0.0781889 
 ----> 1.3#6.6#4.0#14.0#VAR 1359 0 0.923519 0.0764812 
 ----> 1.3#6.6#4.0#14.0#VAR 1360 1 0.905388 0.0946117 
 ----> 1.3#6.6#4.0#14.0#VAR 1361 0 0.935438 0.0645619 
 ----> 1.3#6.6#4.0#14.0#VAR 1362 0 0.932852 0.0671476 
 ----> 1.3#6.6#4.0#14.0#VAR 1363 1 0.88271 0.11729 
 ----> 1.3#6.6#4.0#14.0#VAR 1364 0 0.904863 0.0951366 
 ----> 1.3#6.6#4.0#14.0#VAR 1365 0 0.915057 0.0849434 
 ----> 1.3#6.6#4.0#14.0#VAR 1366 0 0.927781 0.0722189 
 ----> 1.3#6.6#4.0#14.0#VAR 1367 0 0.931048 0.0689516 
 ----> 1.3#6.6#4.0#14.0#VAR 1368 0 0.924103 0.0758971 
 ----> 1.3#6.6#4.0#14.0#VAR 1369 0 0.932496 0.0675044 
 ----> 1.3#6.6#4.0#14.0#VAR 1370 0 0.933793 0.0662066 
 ----> 1.3#6.6#4.0#14.0#VAR 1371 0 0.933926 0.0660741 
 ----> 1.3#6.6#4.0#14.0#VAR 1372 0 0.933385 0.0666153 
 ----> 1.3#6.6#4.0#14.0#VAR 1373 0 0.926439 0.073561 
 ----> 1.3#6.6#4.0#14.0#VAR 1374 0 0.942957 0.0570428 
 ----> 1.3#6.6#4.0#14.0#VAR 1375 0 0.929171 0.0708288 
 ----> 1.3#6.6#4.0#14.0#VAR 1376 0 0.91215 0.0878503 
 ----> 1.3#6.6#4.0#14.0#VAR 1377 0 0.919391 0.0806091 
 ----> 1.3#6.6#4.0#14.0#VAR 1378 1 0.87096 0.12904 
 ----> 1.3#6.6#4.0#14.0#VAR 1379 0 0.914928 0.0850717 
 ----> 1.3#6.6#4.0#14.0#VAR 1380 0 0.911661 0.0883392 
 ----> 1.3#6.6#4.0#14.0#VAR 1381 0 0.903502 0.0964983 
 ----> 1.3#6.6#4.0#14.0#VAR 1382 0 0.91769 0.0823097 
 ----> 1.3#6.6#4.0#14.0#VAR 1383 0 0.926732 0.0732684 
 ----> 1.3#6.6#4.0#14.0#VAR 1384 0 0.926179 0.0738207 
 ----> 1.3#6.6#4.0#14.0#VAR 1385 0 0.936854 0.0631459 
 ----> 1.3#6.6#4.0#14.0#VAR 1386 0 0.931012 0.0689876 
 ----> 1.3#6.6#4.0#14.0#VAR 1387 0 0.944439 0.0555606 
 ----> 1.3#6.6#4.0#14.0#VAR 1388 0 0.914359 0.0856407 
 ----> 1.3#6.6#4.0#14.0#VAR 1389 0 0.932191 0.0678087 
 ----> 1.3#6.6#4.0#14.0#VAR 1390 1 0.904026 0.0959738 
 ----> 1.3#6.6#4.0#14.0#VAR 1391 1 0.887613 0.112387 
 ----> 1.3#6.6#4.0#14.0#VAR 1392 0 0.93248 0.0675204 
 ----> 1.3#6.6#4.0#14.0#VAR 1393 0 0.927957 0.0720433 
 ----> 1.3#6.6#4.0#14.0#VAR 1394 0 0.925535 0.0744649 
 ----> 1.3#6.6#4.0#14.0#VAR 1395 0 0.925794 0.0742061 
 ----> 1.3#6.6#4.0#14.0#VAR 1396 0 0.93618 0.0638199 
 ----> 1.3#6.6#4.0#14.0#VAR 1397 0 0.906251 0.0937493 
 ----> 1.3#6.6#4.0#14.0#VAR 1398 0 0.925466 0.074534 
 ----> 1.3#6.6#4.0#14.0#VAR 1399 0 0.935603 0.0643975 
 ----> 1.3#6.6#4.0#14.0#VAR 1400 1 0.90683 0.09317 
 ----> 1.3#6.6#4.0#14.0#VAR 1401 0 0.922782 0.0772184 
 ----> 1.3#6.6#4.0#14.0#VAR 1402 0 0.934415 0.0655846 
 ----> 1.3#6.6#4.0#14.0#VAR 1403 0 0.91542 0.0845803 
 ----> 1.3#6.6#4.0#14.0#VAR 1404 0 0.931722 0.0682782 
 ----> 1.3#6.6#4.0#14.0#VAR 1405 0 0.93233 0.0676697 
 ----> 1.3#6.6#4.0#14.0#VAR 1406 0 0.920171 0.0798285 
 ----> 1.3#6.6#4.0#14.0#VAR 1407 0 0.924065 0.0759346 
 ----> 1.3#6.6#4.0#14.0#VAR 1408 0 0.918814 0.0811863 
 ----> 1.3#6.6#4.0#14.0#VAR 1409 0 0.933524 0.0664756 
 ----> 1.3#6.6#4.0#14.0#VAR 1410 0 0.914495 0.0855052 
 ----> 1.3#6.6#4.0#14.0#VAR 1411 0 0.937539 0.0624606 
 ----> 1.3#6.6#4.0#14.0#VAR 1412 0 0.927745 0.0722547 
 ----> 1.3#6.6#4.0#14.0#VAR 1413 0 0.900604 0.0993962 
 ----> 1.3#6.6#4.0#14.0#VAR 1414 0 0.918146 0.0818539 
 ----> 1.3#6.6#4.0#14.0#VAR 1415 0 0.910138 0.0898618 
 ----> 1.3#6.6#4.0#14.0#VAR 1416 0 0.925737 0.0742628 
 ----> 1.3#6.6#4.0#14.0#VAR 1417 0 0.927879 0.0721213 
 ----> 1.3#6.6#4.0#14.0#VAR 1418 0 0.941397 0.0586032 
 ----> 1.3#6.6#4.0#14.0#VAR 1419 0 0.934759 0.0652415 
 ----> 1.3#6.6#4.0#14.0#VAR 1420 0 0.941806 0.0581937 
 ----> 1.3#6.6#4.0#14.0#VAR 1421 0 0.937597 0.0624035 
 ----> 1.3#6.6#4.0#14.0#VAR 1422 0 0.92296 0.0770395 
 ----> 1.3#6.6#4.0#14.0#VAR 1423 0 0.920104 0.0798956 
 ----> 1.3#6.6#4.0#14.0#VAR 1424 0 0.93231 0.0676902 
 ----> 1.3#6.6#4.0#14.0#VAR 1425 0 0.93647 0.0635298 
 ----> 1.3#6.6#4.0#14.0#VAR 1426 0 0.927409 0.0725911 
 ----> 1.3#6.6#4.0#14.0#VAR 1427 0 0.931518 0.0684822 
 ----> 1.3#6.6#4.0#14.0#VAR 1428 0 0.933796 0.0662038 
 ----> 1.3#6.6#4.0#14.0#VAR 1429 0 0.924625 0.0753754 
 ----> 1.3#6.6#4.0#14.0#VAR 1430 0 0.915512 0.0844883 
 ----> 1.3#6.6#4.0#14.0#VAR 1431 0 0.922735 0.0772645 
 ----> 1.3#6.6#4.0#14.0#VAR 1432 1 0.873816 0.126184 
 ----> 1.3#6.6#4.0#14.0#VAR 1433 0 0.941429 0.0585707 
 ----> 1.3#6.6#4.0#14.0#VAR 1434 0 0.937 0.0630001 
 ----> 1.3#6.6#4.0#14.0#VAR 1435 0 0.926328 0.0736722 
 ----> 1.3#6.6#4.0#14.0#VAR 1436 0 0.933588 0.0664117 
 ----> 1.3#6.6#4.0#14.0#VAR 1437 0 0.933214 0.0667857 
 ----> 1.3#6.6#4.0#14.0#VAR 1438 0 0.920953 0.0790472 
 ----> 1.3#6.6#4.0#14.0#VAR 1439 0 0.9275 0.0725002 
 ----> 1.3#6.6#4.0#14.0#VAR 1440 0 0.929955 0.0700451 
 ----> 1.3#6.6#4.0#14.0#VAR 1441 0 0.915326 0.0846742 
 ----> 1.3#6.6#4.0#14.0#VAR 1442 0 0.916479 0.0835213 
 ----> 1.3#6.6#4.0#14.0#VAR 1443 0 0.918473 0.0815271 
 ----> 1.3#6.6#4.0#14.0#VAR 1444 0 0.922577 0.0774228 
 ----> 1.3#6.6#4.0#14.0#VAR 1445 0 0.917076 0.0829237 
 ----> 1.3#6.6#4.0#14.0#VAR 1446 0 0.931186 0.0688143 
 ----> 1.3#6.6#4.0#14.0#VAR 1447 0 0.936254 0.0637459 
 ----> 1.3#6.6#4.0#14.0#VAR 1448 0 0.9293 0.0707003 
 ----> 1.3#6.6#4.0#14.0#VAR 1449 0 0.909695 0.0903045 
 ----> 1.3#6.6#4.0#14.0#VAR 1450 0 0.919713 0.0802873 
 ----> 1.3#6.6#4.0#14.0#VAR 1451 0 0.915879 0.0841214 
 ----> 1.3#6.6#4.0#14.0#VAR 1452 1 0.922289 0.0777114 
 ----> 1.3#6.6#4.0#14.0#VAR 1453 0 0.906601 0.0933986 
 ----> 1.3#6.6#4.0#14.0#VAR 1454 0 0.918322 0.081678 
 ----> 1.3#6.6#4.0#14.0#VAR 1455 0 0.910323 0.0896771 
 ----> 1.3#6.6#4.0#14.0#VAR 1456 0 0.930053 0.0699467 
 ----> 1.3#6.6#4.0#14.0#VAR 1457 0 0.926724 0.0732759 
 ----> 1.3#6.6#4.0#14.0#VAR 1458 0 0.919269 0.0807312 
 ----> 1.3#6.6#4.0#14.0#VAR 1459 0 0.939807 0.0601928 
 ----> 1.3#6.6#4.0#14.0#VAR 1460 0 0.921897 0.0781025 
 ----> 1.3#6.6#4.0#14.0#VAR 1461 0 0.930746 0.0692535 
 ----> 1.3#6.6#4.0#14.0#VAR 1462 0 0.913273 0.0867271 
 ----> 1.3#6.6#4.0#14.0#VAR 1463 0 0.916992 0.0830077 
 ----> 1.3#6.6#4.0#14.0#VAR 1464 0 0.919997 0.0800033 
 ----> 1.3#6.6#4.0#14.0#VAR 1465 0 0.931441 0.068559 
 ----> 1.3#6.6#4.0#14.0#VAR 1466 0 0.925307 0.0746928 
 ----> 1.3#6.6#4.0#14.0#VAR 1467 0 0.913507 0.0864929 
 ----> 1.3#6.6#4.0#14.0#VAR 1468 0 0.917257 0.082743 
 ----> 1.3#6.6#4.0#14.0#VAR 1469 0 0.923496 0.0765037 
 ----> 1.3#6.6#4.0#14.0#VAR 1470 0 0.92813 0.0718704 
 ----> 1.3#6.6#4.0#14.0#VAR 1471 0 0.917206 0.0827935 
 ----> 1.3#6.6#4.0#14.0#VAR 1472 0 0.916437 0.0835629 
 ----> 1.3#6.6#4.0#14.0#VAR 1473 0 0.923371 0.0766286 
 ----> 1.3#6.6#4.0#14.0#VAR 1474 0 0.929065 0.0709347 
 ----> 1.3#6.6#4.0#14.0#VAR 1475 1 0.910849 0.0891506 
 ----> 1.3#6.6#4.0#14.0#VAR 1476 1 0.932657 0.0673427 
 ----> 1.3#6.6#4.0#14.0#VAR 1477 1 0.921138 0.0788622 
 ----> 1.3#6.6#4.0#14.0#VAR 1478 0 0.921537 0.0784628 
 ----> 1.3#6.6#4.0#14.0#VAR 1479 0 0.93437 0.0656304 
 ----> 1.3#6.6#4.0#14.0#VAR 1480 0 0.934047 0.0659528 
 ----> 1.3#6.6#4.0#14.0#VAR 1481 0 0.921047 0.0789528 
 ----> 1.3#6.6#4.0#14.0#VAR 1482 0 0.913668 0.0863319 
 ----> 1.3#6.6#4.0#14.0#VAR 1483 0 0.922981 0.0770194 
 ----> 1.3#6.6#4.0#14.0#VAR 1484 0 0.925973 0.0740268 
 ----> 1.3#6.6#4.0#14.0#VAR 1485 0 0.918096 0.0819041 
 ----> 1.3#6.6#4.0#14.0#VAR 1486 0 0.941118 0.0588821 
 ----> 1.3#6.6#4.0#14.0#VAR 1487 0 0.93997 0.0600302 
 ----> 1.3#6.6#4.0#14.0#VAR 1488 0 0.92218 0.0778197 
 ----> 1.3#6.6#4.0#14.0#VAR 1489 1 0.931406 0.0685939 
 ----> 1.3#6.6#4.0#14.0#VAR 1490 0 0.932598 0.0674015 
 ----> 1.3#6.6#4.0#14.0#VAR 1491 0 0.938553 0.0614473 
 ----> 1.3#6.6#4.0#14.0#VAR 1492 0 0.929334 0.0706659 
 ----> 1.3#6.6#4.0#14.0#VAR 1493 0 0.899003 0.100997 
 ----> 1.3#6.6#4.0#14.0#VAR 1494 0 0.919378 0.0806216 
 ----> 1.3#6.6#4.0#14.0#VAR 1495 0 0.936549 0.0634508 
 ----> 1.3#6.6#4.0#14.0#VAR 1496 0 0.930954 0.0690463 
 ----> 1.3#6.6#4.0#14.0#VAR 1497 0 0.899556 0.100444 
 ----> 1.3#6.6#4.0#14.0#VAR 1498 0 0.935526 0.0644744 
 ----> 1.3#6.6#4.0#14.0#VAR 1499 1 0.922849 0.0771509 
 ----> 1.3#6.6#4.0#14.0#VAR 1500 0 0.925356 0.0746442 
 ----> 1.3#6.6#4.0#14.0#VAR 1501 0 0.923815 0.0761854 
 ----> 1.3#6.6#4.0#14.0#VAR 1502 0 0.907758 0.0922419 
 ----> 1.3#6.6#4.0#14.0#VAR 1503 0 0.910283 0.0897169 
 ----> 1.3#6.6#4.0#14.0#VAR 1504 0 0.9339 0.0661001 
 ----> 1.3#6.6#4.0#14.0#VAR 1505 1 0.927238 0.0727619 
 ----> 1.3#6.6#4.0#14.0#VAR 1506 0 0.921359 0.078641 
 ----> 1.3#6.6#4.0#14.0#VAR 1507 0 0.921517 0.0784827 
 ----> 1.3#6.6#4.0#14.0#VAR 1508 0 0.918616 0.0813841 
 ----> 1.3#6.6#4.0#14.0#VAR 1509 0 0.914375 0.0856252 
 ----> 1.3#6.6#4.0#14.0#VAR 1510 0 0.926734 0.0732659 
 ----> 1.3#6.6#4.0#14.0#VAR 1511 0 0.919909 0.0800906 
 ----> 1.3#6.6#4.0#14.0#VAR 1512 0 0.923761 0.0762395 
 ----> 1.3#6.6#4.0#14.0#VAR 1513 0 0.918395 0.0816049 
 ----> 1.3#6.6#4.0#14.0#VAR 1514 1 0.920392 0.0796084 
 ----> 1.3#6.6#4.0#14.0#VAR 1515 0 0.917657 0.0823426 
 ----> 1.3#6.6#4.0#14.0#VAR 1516 0 0.922391 0.0776092 
 ----> 1.3#6.6#4.0#14.0#VAR 1517 0 0.928315 0.0716848 
 ----> 1.3#6.6#4.0#14.0#VAR 1518 0 0.916425 0.0835754 
 ----> 1.3#6.6#4.0#14.0#VAR 1519 0 0.938303 0.0616974 
 ----> 1.3#6.6#4.0#14.0#VAR 1520 0 0.9342 0.0658004 
 ----> 1.3#6.6#4.0#14.0#VAR 1521 0 0.904628 0.0953719 
 ----> 1.3#6.6#4.0#14.0#VAR 1522 1 0.934554 0.0654461 
 ----> 1.3#6.6#4.0#14.0#VAR 1523 1 0.924387 0.0756126 
 ----> 1.3#6.6#4.0#14.0#VAR 1524 0 0.93465 0.0653502 
 ----> 1.3#6.6#4.0#14.0#VAR 1525 0 0.9206 0.0794001 
 ----> 1.3#6.6#4.0#14.0#VAR 1526 1 0.920308 0.079692 
 ----> 1.3#6.6#4.0#14.0#VAR 1527 0 0.924577 0.0754232 
 ----> 1.3#6.6#4.0#14.0#VAR 1528 0 0.91838 0.0816196 
 ----> 1.3#6.6#4.0#14.0#VAR 1529 0 0.899685 0.100315 
 ----> 1.3#6.6#4.0#14.0#VAR 1530 0 0.908267 0.0917333 
 ----> 1.3#6.6#4.0#14.0#VAR 1531 0 0.921872 0.0781275 
 ----> 1.3#6.6#4.0#14.0#VAR 1532 0 0.920066 0.0799343 
 ----> 1.3#6.6#4.0#14.0#VAR 1533 0 0.913637 0.0863635 
 ----> 1.3#6.6#4.0#14.0#VAR 1534 0 0.929371 0.0706288 
 ----> 1.3#6.6#4.0#14.0#VAR 1535 0 0.913729 0.086271 
 ----> 1.3#6.6#4.0#14.0#VAR 1536 1 0.918098 0.0819018 
 ----> 1.3#6.6#4.0#14.0#VAR 1537 0 0.924863 0.0751372 
 ----> 1.3#6.6#4.0#14.0#VAR 1538 1 0.926013 0.0739871 
 ----> 1.3#6.6#4.0#14.0#VAR 1539 1 0.914789 0.0852107 
 ----> 1.3#6.6#4.0#14.0#VAR 1540 1 0.927937 0.0720632 
 ----> 1.3#6.6#4.0#14.0#VAR 1541 0 0.940934 0.0590657 
 ----> 1.3#6.6#4.0#14.0#VAR 1542 0 0.921229 0.0787709 
 ----> 1.3#6.6#4.0#14.0#VAR 1543 0 0.926798 0.0732019 
 ----> 1.3#6.6#4.0#14.0#VAR 1544 0 0.926169 0.0738308 
 ----> 1.3#6.6#4.0#14.0#VAR 1545 0 0.920803 0.0791972 
 ----> 1.3#6.6#4.0#14.0#VAR 1546 0 0.912089 0.0879106 
 ----> 1.3#6.6#4.0#14.0#VAR 1547 0 0.927497 0.0725032 
 ----> 1.3#6.6#4.0#14.0#VAR 1548 1 0.928811 0.0711889 
 ----> 1.3#6.6#4.0#14.0#VAR 1549 1 0.922832 0.0771678 
 ----> 1.3#6.6#4.0#14.0#VAR 1550 0 0.931365 0.0686348 
 ----> 1.3#6.6#4.0#14.0#VAR 1551 0 0.934104 0.0658964 
 ----> 1.3#6.6#4.0#14.0#VAR 1552 1 0.906377 0.0936233 
 ----> 1.3#6.6#4.0#14.0#VAR 1553 0 0.926244 0.0737562 
 ----> 1.3#6.6#4.0#14.0#VAR 1554 0 0.919856 0.0801438 
 ----> 1.3#6.6#4.0#14.0#VAR 1555 0 0.91789 0.0821099 
 ----> 1.3#6.6#4.0#14.0#VAR 1556 0 0.931328 0.0686716 
 ----> 1.3#6.6#4.0#14.0#VAR 1557 1 0.916857 0.0831434 
 ----> 1.3#6.6#4.0#14.0#VAR 1558 0 0.914909 0.0850907 
 ----> 1.3#6.6#4.0#14.0#VAR 1559 0 0.913544 0.0864563 
 ----> 1.3#6.6#4.0#14.0#VAR 1560 0 0.907215 0.0927851 
 ----> 1.3#6.6#4.0#14.0#VAR 1561 1 0.935583 0.0644167 
 ----> 1.3#6.6#4.0#14.0#VAR 1562 0 0.92105 0.0789499 
 ----> 1.3#6.6#4.0#14.0#VAR 1563 0 0.925514 0.0744862 
 ----> 1.3#6.6#4.0#14.0#VAR 1564 0 0.919288 0.0807125 
 ----> 1.3#6.6#4.0#14.0#VAR 1565 0 0.928351 0.0716492 
 ----> 1.3#6.6#4.0#14.0#VAR 1566 0 0.919904 0.080096 
 ----> 1.3#6.6#4.0#14.0#VAR 1567 0 0.925641 0.0743588 
 ----> 1.3#6.6#4.0#14.0#VAR 1568 1 0.917688 0.0823116 
 ----> 1.3#6.6#4.0#14.0#VAR 1569 0 0.912468 0.0875319 
 ----> 1.3#6.6#4.0#14.0#VAR 1570 0 0.928239 0.071761 
 ----> 1.3#6.6#4.0#14.0#VAR 1571 0 0.925042 0.074958 
 ----> 1.3#6.6#4.0#14.0#VAR 1572 1 0.930725 0.0692753 
 ----> 1.3#6.6#4.0#14.0#VAR 1573 0 0.919911 0.080089 
 ----> 1.3#6.6#4.0#14.0#VAR 1574 0 0.925773 0.0742271 
 ----> 1.3#6.6#4.0#14.0#VAR 1575 0 0.927072 0.072928 
 ----> 1.3#6.6#4.0#14.0#VAR 1576 0 0.924091 0.0759091 
 ----> 1.3#6.6#4.0#14.0#VAR 1577 0 0.919561 0.0804394 
 ----> 1.3#6.6#4.0#14.0#VAR 1578 0 0.934952 0.0650482 
 ----> 1.3#6.6#4.0#14.0#VAR 1579 0 0.938947 0.0610527 
 ----> 1.3#6.6#4.0#14.0#VAR 1580 0 0.927779 0.0722211 
 ----> 1.3#6.6#4.0#14.0#VAR 1581 0 0.915778 0.0842215 
 ----> 1.3#6.6#4.0#14.0#VAR 1582 0 0.932534 0.0674661 
 ----> 1.3#6.6#4.0#14.0#VAR 1583 0 0.923556 0.0764435 
 ----> 1.3#6.6#4.0#14.0#VAR 1584 0 0.908083 0.0919169 
 ----> 1.3#6.6#4.0#14.0#VAR 1585 1 0.920153 0.0798472 
 ----> 1.3#6.6#4.0#14.0#VAR 1586 1 0.917573 0.0824268 
 ----> 1.3#6.6#4.0#14.0#VAR 1587 1 0.924853 0.0751467 
 ----> 1.3#6.6#4.0#14.0#VAR 1588 0 0.928491 0.0715094 
 ----> 1.3#6.6#4.0#14.0#VAR 1589 0 0.907045 0.092955 
 ----> 1.3#6.6#4.0#14.0#VAR 1590 0 0.925024 0.0749758 
 ----> 1.3#6.6#4.0#14.0#VAR 1591 1 0.937908 0.0620922 
 ----> 1.3#6.6#4.0#14.0#VAR 1592 1 0.919833 0.0801675 
 ----> 1.3#6.6#4.0#14.0#VAR 1593 0 0.933457 0.0665429 
 ----> 1.3#6.6#4.0#14.0#VAR 1594 0 0.928869 0.0711311 
 ----> 1.3#6.6#4.0#14.0#VAR 1595 1 0.933032 0.0669679 
 ----> 1.3#6.6#4.0#14.0#VAR 1596 0 0.934003 0.065997 
 ----> 1.3#6.6#4.0#14.0#VAR 1597 1 0.92272 0.0772796 
 ----> 1.3#6.6#4.0#14.0#VAR 1598 1 0.91602 0.0839802 
 ----> 1.3#6.6#4.0#14.0#VAR 1599 1 0.928667 0.0713331 
 ----> 1.3#6.6#4.0#14.0#VAR 1600 0 0.938604 0.0613963 
 ----> 1.3#6.6#4.0#14.0#VAR 1601 0 0.934245 0.0657552 
 ----> 1.3#6.6#4.0#14.0#VAR 1602 1 0.917694 0.0823056 
 ----> 1.3#6.6#4.0#14.0#VAR 1603 0 0.931234 0.0687656 
 ----> 1.3#6.6#4.0#14.0#VAR 1604 1 0.922378 0.0776218 
 ----> 1.3#6.6#4.0#14.0#VAR 1605 0 0.917491 0.0825088 
 ----> 1.3#6.6#4.0#14.0#VAR 1606 0 0.93567 0.0643302 
 ----> 1.3#6.6#4.0#14.0#VAR 1607 1 0.923231 0.0767686 
 ----> 1.3#6.6#4.0#14.0#VAR 1608 1 0.923331 0.0766688 
 ----> 1.3#6.6#4.0#14.0#VAR 1609 0 0.946373 0.0536272 
 ----> 1.3#6.6#4.0#14.0#VAR 1610 1 0.923261 0.0767394 
 ----> 1.3#6.6#4.0#14.0#VAR 1611 1 0.911903 0.0880971 
 ----> 1.3#6.6#4.0#14.0#VAR 1612 1 0.898396 0.101604 
 ----> 1.3#6.6#4.0#14.0#VAR 1613 0 0.9095 0.0905002 
 ----> 1.3#6.6#4.0#14.0#VAR 1614 1 0.924066 0.075934 
 ----> 1.3#6.6#4.0#14.0#VAR 1615 1 0.911735 0.0882655 
 ----> 1.3#6.6#4.0#14.0#VAR 1616 1 0.9259 0.0741001 
 ----> 1.3#6.6#4.0#14.0#VAR 1617 0 0.93142 0.0685805 
 ----> 1.3#6.6#4.0#14.0#VAR 1618 0 0.941201 0.0587993 
 ----> 1.3#6.6#4.0#14.0#VAR 1619 0 0.911662 0.0883382 
 ----> 1.3#6.6#4.0#14.0#VAR 1620 0 0.907939 0.0920613 
 ----> 1.3#6.6#4.0#14.0#VAR 1621 1 0.927835 0.0721651 
 ----> 1.3#6.6#4.0#14.0#VAR 1622 1 0.925057 0.0749428 
 ----> 1.3#6.6#4.0#14.0#VAR 1623 1 0.920928 0.0790719 
 ----> 1.3#6.6#4.0#14.0#VAR 1624 0 0.917913 0.0820865 
 ----> 1.3#6.6#4.0#14.0#VAR 1625 0 0.920171 0.0798288 
 ----> 1.3#6.6#4.0#14.0#VAR 1626 0 0.918037 0.0819625 
 ----> 1.3#6.6#4.0#14.0#VAR 1627 0 0.920351 0.0796487 
 ----> 1.3#6.6#4.0#14.0#VAR 1628 0 0.91921 0.0807897 
 ----> 1.3#6.6#4.0#14.0#VAR 1629 1 0.929853 0.0701471 
 ----> 1.3#6.6#4.0#14.0#VAR 1630 0 0.933427 0.0665731 
 ----> 1.3#6.6#4.0#14.0#VAR 1631 0 0.920728 0.0792722 
 ----> 1.3#6.6#4.0#14.0#VAR 1632 0 0.919718 0.0802821 
 ----> 1.3#6.6#4.0#14.0#VAR 1633 0 0.923439 0.076561 
 ----> 1.3#6.6#4.0#14.0#VAR 1634 1 0.922098 0.0779017 
 ----> 1.3#6.6#4.0#14.0#VAR 1635 0 0.929665 0.0703349 
 ----> 1.3#6.6#4.0#14.0#VAR 1636 1 0.923687 0.0763128 
 ----> 1.3#6.6#4.0#14.0#VAR 1637 0 0.914146 0.0858544 
 ----> 1.3#6.6#4.0#14.0#VAR 1638 0 0.90793 0.0920698 
 ----> 1.3#6.6#4.0#14.0#VAR 1639 0 0.934825 0.0651746 
 ----> 1.3#6.6#4.0#14.0#VAR 1640 0 0.914032 0.0859683 
 ----> 1.3#6.6#4.0#14.0#VAR 1641 0 0.924938 0.0750616 
 ----> 1.3#6.6#4.0#14.0#VAR 1642 0 0.932223 0.0677769 
 ----> 1.3#6.6#4.0#14.0#VAR 1643 1 0.926784 0.0732164 
 ----> 1.3#6.6#4.0#14.0#VAR 1644 1 0.91405 0.0859504 
 ----> 1.3#6.6#4.0#14.0#VAR 1645 1 0.928914 0.0710863 
 ----> 1.3#6.6#4.0#14.0#VAR 1646 1 0.926829 0.0731705 
 ----> 1.3#6.6#4.0#14.0#VAR 1647 1 0.928968 0.0710315 
 ----> 1.3#6.6#4.0#14.0#VAR 1648 1 0.926898 0.0731019 
 ----> 1.3#6.6#4.0#14.0#VAR 1649 1 0.932881 0.0671186 
 ----> 1.3#6.6#4.0#14.0#VAR 1650 1 0.93745 0.0625503 
 ----> 1.3#6.6#4.0#14.0#VAR 1651 1 0.914787 0.085213 
 ----> 1.3#6.6#4.0#14.0#VAR 1652 0 0.917932 0.0820678 
 ----> 1.3#6.6#4.0#14.0#VAR 1653 0 0.931687 0.0683127 
 ----> 1.3#6.6#4.0#14.0#VAR 1654 1 0.930479 0.0695207 
 ----> 1.3#6.6#4.0#14.0#VAR 1655 0 0.93821 0.0617895 
 ----> 1.3#6.6#4.0#14.0#VAR 1656 0 0.939712 0.0602876 
 ----> 1.3#6.6#4.0#14.0#VAR 1657 0 0.924474 0.0755259 
 ----> 1.3#6.6#4.0#14.0#VAR 1658 0 0.921039 0.0789607 
 ----> 1.3#6.6#4.0#14.0#VAR 1659 0 0.934293 0.0657065 
 ----> 1.3#6.6#4.0#14.0#VAR 1660 0 0.92592 0.0740804 
 ----> 1.3#6.6#4.0#14.0#VAR 1661 1 0.919933 0.0800674 
 ----> 1.3#6.6#4.0#14.0#VAR 1662 1 0.926089 0.0739111 
 ----> 1.3#6.6#4.0#14.0#VAR 1663 1 0.935159 0.064841 
 ----> 1.3#6.6#4.0#14.0#VAR 1664 0 0.924504 0.0754961 
 ----> 1.3#6.6#4.0#14.0#VAR 1665 1 0.93341 0.06659 
 ----> 1.3#6.6#4.0#14.0#VAR 1666 0 0.90493 0.0950704 
 ----> 1.3#6.6#4.0#14.0#VAR 1667 1 0.930326 0.0696738 
 ----> 1.3#6.6#4.0#14.0#VAR 1668 0 0.914959 0.0850409 
 ----> 1.3#6.6#4.0#14.0#VAR 1669 0 0.94237 0.0576299 
 ----> 1.3#6.6#4.0#14.0#VAR 1670 0 0.920995 0.0790047 
 ----> 1.3#6.6#4.0#14.0#VAR 1671 0 0.915094 0.0849065 
 ----> 1.3#6.6#4.0#14.0#VAR 1672 0 0.909917 0.0900827 
 ----> 1.3#6.6#4.0#14.0#VAR 1673 0 0.927344 0.072656 
 ----> 1.3#6.6#4.0#14.0#VAR 1674 1 0.901318 0.0986821 
 ----> 1.3#6.6#4.0#14.0#VAR 1675 0 0.911018 0.0889823 
 ----> 1.3#6.6#4.0#14.0#VAR 1676 0 0.94174 0.05826 
 ----> 1.3#6.6#4.0#14.0#VAR 1677 0 0.933159 0.0668407 
 ----> 1.3#6.6#4.0#14.0#VAR 1678 1 0.921563 0.0784368 
 ----> 1.3#6.6#4.0#14.0#VAR 1679 0 0.924477 0.0755232 
 ----> 1.3#6.6#4.0#14.0#VAR 1680 0 0.932452 0.0675484 
 ----> 1.3#6.6#4.0#14.0#VAR 1681 0 0.929678 0.0703221 
 ----> 1.3#6.6#4.0#14.0#VAR 1682 1 0.922131 0.0778693 
 ----> 1.3#6.6#4.0#14.0#VAR 1683 0 0.929641 0.070359 
 ----> 1.3#6.6#4.0#14.0#VAR 1684 1 0.930326 0.0696742 
 ----> 1.3#6.6#4.0#14.0#VAR 1685 0 0.915566 0.0844344 
 ----> 1.3#6.6#4.0#14.0#VAR 1686 0 0.924299 0.0757007 
 ----> 1.3#6.6#4.0#14.0#VAR 1687 0 0.921275 0.078725 
 ----> 1.3#6.6#4.0#14.0#VAR 1688 0 0.938517 0.061483 
 ----> 1.3#6.6#4.0#14.0#VAR 1689 0 0.921277 0.078723 
 ----> 1.3#6.6#4.0#14.0#VAR 1690 0 0.92377 0.0762296 
 ----> 1.3#6.6#4.0#14.0#VAR 1691 0 0.907593 0.0924067 
 ----> 1.3#6.6#4.0#14.0#VAR 1692 1 0.926245 0.0737546 
 ----> 1.3#6.6#4.0#14.0#VAR 1693 1 0.925314 0.0746858 
 ----> 1.3#6.6#4.0#14.0#VAR 1694 1 0.90143 0.0985698 
 ----> 1.3#6.6#4.0#14.0#VAR 1695 0 0.917815 0.0821845 
 ----> 1.3#6.6#4.0#14.0#VAR 1696 0 0.914881 0.0851185 
 ----> 1.3#6.6#4.0#14.0#VAR 1697 0 0.924263 0.0757371 
 ----> 1.3#6.6#4.0#14.0#VAR 1698 0 0.930843 0.0691573 
 ----> 1.3#6.6#4.0#14.0#VAR 1699 1 0.926151 0.0738492 
 ----> 1.3#6.6#4.0#14.0#VAR 1700 1 0.92655 0.0734501 
 ----> 1.3#6.6#4.0#14.0#VAR 1701 0 0.933627 0.0663729 
 ----> 1.3#6.6#4.0#14.0#VAR 1702 0 0.930617 0.0693833 
 ----> 1.3#6.6#4.0#14.0#VAR 1703 0 0.913591 0.086409 
 ----> 1.3#6.6#4.0#14.0#VAR 1704 1 0.934446 0.0655537 
 ----> 1.3#6.6#4.0#14.0#VAR 1705 0 0.943565 0.0564351 
 ----> 1.3#6.6#4.0#14.0#VAR 1706 0 0.918529 0.0814706 
 ----> 1.3#6.6#4.0#14.0#VAR 1707 1 0.930156 0.069844 
 ----> 1.3#6.6#4.0#14.0#VAR 1708 0 0.915236 0.084764 
 ----> 1.3#6.6#4.0#14.0#VAR 1709 1 0.932231 0.0677691 
 ----> 1.3#6.6#4.0#14.0#VAR 1710 0 0.926092 0.0739078 
 ----> 1.3#6.6#4.0#14.0#VAR 1711 0 0.934796 0.0652043 
 ----> 1.3#6.6#4.0#14.0#VAR 1712 0 0.924984 0.0750161 
 ----> 1.3#6.6#4.0#14.0#VAR 1713 0 0.92441 0.07559 
 ----> 1.3#6.6#4.0#14.0#VAR 1714 0 0.928613 0.0713869 
 ----> 1.3#6.6#4.0#14.0#VAR 1715 0 0.922756 0.0772437 
 ----> 1.3#6.6#4.0#14.0#VAR 1716 0 0.935582 0.0644177 
 ----> 1.3#6.6#4.0#14.0#VAR 1717 0 0.924914 0.0750855 
 ----> 1.3#6.6#4.0#14.0#VAR 1718 1 0.904294 0.0957056 
 ----> 1.3#6.6#4.0#14.0#VAR 1719 1 0.926938 0.0730617 
 ----> 1.3#6.6#4.0#14.0#VAR 1720 0 0.926747 0.0732534 
 ----> 1.3#6.6#4.0#14.0#VAR 1721 0 0.914306 0.0856939 
 ----> 1.3#6.6#4.0#14.0#VAR 1722 0 0.939902 0.0600983 
 ----> 1.3#6.6#4.0#14.0#VAR 1723 1 0.932353 0.0676465 
 ----> 1.3#6.6#4.0#14.0#VAR 1724 0 0.92846 0.0715396 
 ----> 1.3#6.6#4.0#14.0#VAR 1725 0 0.931956 0.0680436 
 ----> 1.3#6.6#4.0#14.0#VAR 1726 1 0.931014 0.0689863 
 ----> 1.3#6.6#4.0#14.0#VAR 1727 0 0.923938 0.0760617 
 ----> 1.3#6.6#4.0#14.0#VAR 1728 1 0.912695 0.0873051 
 ----> 1.3#6.6#4.0#14.0#VAR 1729 1 0.927748 0.0722524 
 ----> 1.3#6.6#4.0#14.0#VAR 1730 0 0.939103 0.0608972 
 ----> 1.3#6.6#4.0#14.0#VAR 1731 0 0.930008 0.0699923 
 ----> 1.3#6.6#4.0#14.0#VAR 1732 0 0.927172 0.0728277 
 ----> 1.3#6.6#4.0#14.0#VAR 1733 0 0.923259 0.076741 
 ----> 1.3#6.6#4.0#14.0#VAR 1734 1 0.934144 0.0658562 
 ----> 1.3#6.6#4.0#14.0#VAR 1735 1 0.914594 0.0854056 
 ----> 1.3#6.6#4.0#14.0#VAR 1736 0 0.923224 0.0767761 
 ----> 1.3#6.6#4.0#14.0#VAR 1737 1 0.893874 0.106126 
 ----> 1.3#6.6#4.0#14.0#VAR 1738 1 0.940848 0.0591519 
 ----> 1.3#6.6#4.0#14.0#VAR 1739 0 0.920948 0.0790524 
 ----> 1.3#6.6#4.0#14.0#VAR 1740 0 0.927968 0.072032 
 ----> 1.3#6.6#4.0#14.0#VAR 1741 0 0.912098 0.0879019 
 ----> 1.3#6.6#4.0#14.0#VAR 1742 0 0.922211 0.0777893 
 ----> 1.3#6.6#4.0#14.0#VAR 1743 0 0.916663 0.0833369 
 ----> 1.3#6.6#4.0#14.0#VAR 1744 0 0.939018 0.0609815 
 ----> 1.3#6.6#4.0#14.0#VAR 1745 1 0.918962 0.0810376 
 ----> 1.3#6.6#4.0#14.0#VAR 1746 0 0.899572 0.100428 
 ----> 1.3#6.6#4.0#14.0#VAR 1747 0 0.910446 0.089554 
 ----> 1.3#6.6#4.0#14.0#VAR 1748 1 0.919948 0.0800519 
 ----> 1.3#6.6#4.0#14.0#VAR 1749 1 0.927531 0.0724686 
 ----> 1.3#6.6#4.0#14.0#VAR 1750 1 0.922663 0.0773367 
 ----> 1.3#6.6#4.0#14.0#VAR 1751 0 0.91041 0.0895895 
 ----> 1.3#6.6#4.0#14.0#VAR 1752 0 0.940144 0.0598557 
 ----> 1.3#6.6#4.0#14.0#VAR 1753 0 0.916049 0.0839512 
 ----> 1.3#6.6#4.0#14.0#VAR 1754 0 0.927789 0.0722114 
 ----> 1.3#6.6#4.0#14.0#VAR 1755 0 0.932204 0.067796 
 ----> 1.3#6.6#4.0#14.0#VAR 1756 0 0.934389 0.0656112 
 ----> 1.3#6.6#4.0#14.0#VAR 1757 0 0.930671 0.0693294 
 ----> 1.3#6.6#4.0#14.0#VAR 1758 0 0.925471 0.0745286 
 ----> 1.3#6.6#4.0#14.0#VAR 1759 0 0.922653 0.0773467 
 ----> 1.3#6.6#4.0#14.0#VAR 1760 1 0.933221 0.0667788 
 ----> 1.3#6.6#4.0#14.0#VAR 1761 0 0.915935 0.0840653 
 ----> 1.3#6.6#4.0#14.0#VAR 1762 0 0.914775 0.0852251 
 ----> 1.3#6.6#4.0#14.0#VAR 1763 1 0.922166 0.0778343 
 ----> 1.3#6.6#4.0#14.0#VAR 1764 1 0.92719 0.0728096 
 ----> 1.3#6.6#4.0#14.0#VAR 1765 0 0.927526 0.0724735 
 ----> 1.3#6.6#4.0#14.0#VAR 1766 1 0.921817 0.078183 
 ----> 1.3#6.6#4.0#14.0#VAR 1767 0 0.927173 0.0728269 
 ----> 1.3#6.6#4.0#14.0#VAR 1768 1 0.917033 0.0829668 
 ----> 1.3#6.6#4.0#14.0#VAR 1769 0 0.919833 0.0801666 
 ----> 1.3#6.6#4.0#14.0#VAR 1770 0 0.923887 0.0761133 
 ----> 1.3#6.6#4.0#14.0#VAR 1771 0 0.913586 0.0864136 
 ----> 1.3#6.6#4.0#14.0#VAR 1772 1 0.928026 0.0719737 
 ----> 1.3#6.6#4.0#14.0#VAR 1773 0 0.933173 0.066827 
 ----> 1.3#6.6#4.0#14.0#VAR 1774 1 0.926568 0.0734322 
 ----> 1.3#6.6#4.0#14.0#VAR 1775 0 0.93843 0.0615705 
 ----> 1.3#6.6#4.0#14.0#VAR 1776 0 0.919534 0.0804664 
 ----> 1.3#6.6#4.0#14.0#VAR 1777 0 0.915304 0.0846956 
 ----> 1.3#6.6#4.0#14.0#VAR 1778 0 0.926728 0.0732721 
 ----> 1.3#6.6#4.0#14.0#VAR 1779 0 0.92153 0.0784702 
 ----> 1.3#6.6#4.0#14.0#VAR 1780 1 0.917185 0.0828151 
 ----> 1.3#6.6#4.0#14.0#VAR 1781 1 0.932434 0.0675664 
 ----> 1.3#6.6#4.0#14.0#VAR 1782 0 0.936292 0.0637076 
 ----> 1.3#6.6#4.0#14.0#VAR 1783 0 0.909744 0.090256 
 ----> 1.3#6.6#4.0#14.0#VAR 1784 0 0.925843 0.0741567 
 ----> 1.3#6.6#4.0#14.0#VAR 1785 0 0.922011 0.0779892 
 ----> 1.3#6.6#4.0#14.0#VAR 1786 0 0.895132 0.104868 
 ----> 1.3#6.6#4.0#14.0#VAR 1787 1 0.912913 0.0870869 
 ----> 1.3#6.6#4.0#14.0#VAR 1788 1 0.918063 0.0819369 
 ----> 1.3#6.6#4.0#14.0#VAR 1789 0 0.930638 0.0693618 
 ----> 1.3#6.6#4.0#14.0#VAR 1790 0 0.93075 0.0692498 
 ----> 1.3#6.6#4.0#14.0#VAR 1791 0 0.913334 0.0866659 
 ----> 1.3#6.6#4.0#14.0#VAR 1792 0 0.936153 0.0638469 
 ----> 1.3#6.6#4.0#14.0#VAR 1793 1 0.927265 0.0727349 
 ----> 1.3#6.6#4.0#14.0#VAR 1794 0 0.922533 0.0774672 
 ----> 1.3#6.6#4.0#14.0#VAR 1795 0 0.913335 0.0866651 
 ----> 1.3#6.6#4.0#14.0#VAR 1796 1 0.933296 0.0667042 
 ----> 1.3#6.6#4.0#14.0#VAR 1797 0 0.933533 0.0664668 
 ----> 1.3#6.6#4.0#14.0#VAR 1798 0 0.938448 0.0615518 
 ----> 1.3#6.6#4.0#14.0#VAR 1799 0 0.9159 0.0840995 
 ----> 1.3#6.6#4.0#14.0#VAR 1800 0 0.932733 0.0672667 
 ----> 1.3#6.6#4.0#14.0#VAR 1801 0 0.935042 0.0649582 
 ----> 1.3#6.6#4.0#14.0#VAR 1802 0 0.924515 0.0754852 
 ----> 1.3#6.6#4.0#14.0#VAR 1803 0 0.926163 0.0738369 
 ----> 1.3#6.6#4.0#14.0#VAR 1804 0 0.917249 0.0827506 
 ----> 1.3#6.6#4.0#14.0#VAR 1805 0 0.927414 0.0725858 
 ----> 1.3#6.6#4.0#14.0#VAR 1806 1 0.92658 0.07342 
 ----> 1.3#6.6#4.0#14.0#VAR 1807 0 0.919025 0.0809749 
 ----> 1.3#6.6#4.0#14.0#VAR 1808 0 0.922431 0.077569 
 ----> 1.3#6.6#4.0#14.0#VAR 1809 0 0.930362 0.0696377 
 ----> 1.3#6.6#4.0#14.0#VAR 1810 0 0.934964 0.0650363 
 ----> 1.3#6.6#4.0#14.0#VAR 1811 0 0.909645 0.0903547 
 ----> 1.3#6.6#4.0#14.0#VAR 1812 0 0.916106 0.083894 
 ----> 1.3#6.6#4.0#14.0#VAR 1813 0 0.92339 0.0766096 
 ----> 1.3#6.6#4.0#14.0#VAR 1814 0 0.917498 0.0825023 
 ----> 1.3#6.6#4.0#14.0#VAR 1815 0 0.933692 0.0663081 
 ----> 1.3#6.6#4.0#14.0#VAR 1816 0 0.925196 0.0748045 
 ----> 1.3#6.6#4.0#14.0#VAR 1817 1 0.927119 0.0728814 
 ----> 1.3#6.6#4.0#14.0#VAR 1818 0 0.922495 0.0775053 
 ----> 1.3#6.6#4.0#14.0#VAR 1819 0 0.922834 0.0771657 
 ----> 1.3#6.6#4.0#14.0#VAR 1820 0 0.923514 0.0764863 
 ----> 1.3#6.6#4.0#14.0#VAR 1821 0 0.930623 0.0693774 
 ----> 1.3#6.6#4.0#14.0#VAR 1822 1 0.916288 0.0837121 
 ----> 1.3#6.6#4.0#14.0#VAR 1823 0 0.91891 0.0810899 
 ----> 1.3#6.6#4.0#14.0#VAR 1824 0 0.915154 0.0848462 
 ----> 1.3#6.6#4.0#14.0#VAR 1825 0 0.920348 0.0796518 
 ----> 1.3#6.6#4.0#14.0#VAR 1826 0 0.917847 0.0821529 
 ++++> 1.3#6.6#4.0#14.0#VAR 1827  0 0.901497 0.0985032 
