 ----> 1.3#6.6#4.0#14.0#VAR 13 0 0.922505 0.0774948 
 ----> 1.3#6.6#4.0#14.0#VAR 14 0 0.918028 0.0819717 
 ----> 1.3#6.6#4.0#14.0#VAR 15 0 0.927125 0.0728754 
 ----> 1.3#6.6#4.0#14.0#VAR 16 0 0.926943 0.0730567 
 ----> 1.3#6.6#4.0#14.0#VAR 17 0 0.907695 0.092305 
 ----> 1.3#6.6#4.0#14.0#VAR 18 0 0.918434 0.0815661 
 ----> 1.3#6.6#4.0#14.0#VAR 19 0 0.924133 0.0758673 
 ----> 1.3#6.6#4.0#14.0#VAR 20 1 0.910244 0.0897559 
 ----> 1.3#6.6#4.0#14.0#VAR 21 0 0.937881 0.0621188 
 ----> 1.3#6.6#4.0#14.0#VAR 22 0 0.899793 0.100207 
 ----> 1.3#6.6#4.0#14.0#VAR 23 0 0.948737 0.0512633 
 ----> 1.3#6.6#4.0#14.0#VAR 24 0 0.916658 0.0833421 
 ----> 1.3#6.6#4.0#14.0#VAR 25 0 0.931489 0.0685112 
 ----> 1.3#6.6#4.0#14.0#VAR 26 0 0.921283 0.0787167 
 ----> 1.3#6.6#4.0#14.0#VAR 27 0 0.927365 0.0726346 
 ----> 1.3#6.6#4.0#14.0#VAR 28 0 0.931973 0.0680267 
 ----> 1.3#6.6#4.0#14.0#VAR 29 1 0.917055 0.0829455 
 ----> 1.3#6.6#4.0#14.0#VAR 30 1 0.919862 0.0801379 
 ----> 1.3#6.6#4.0#14.0#VAR 31 0 0.925783 0.0742174 
 ----> 1.3#6.6#4.0#14.0#VAR 32 0 0.914575 0.0854249 
 ----> 1.3#6.6#4.0#14.0#VAR 33 0 0.927987 0.0720133 
 ----> 1.3#6.6#4.0#14.0#VAR 34 0 0.926679 0.0733214 
 ----> 1.3#6.6#4.0#14.0#VAR 35 1 0.92695 0.0730503 
 ----> 1.3#6.6#4.0#14.0#VAR 36 0 0.921151 0.078849 
 ----> 1.3#6.6#4.0#14.0#VAR 37 0 0.932386 0.0676135 
 ----> 1.3#6.6#4.0#14.0#VAR 38 0 0.917665 0.0823353 
 ----> 1.3#6.6#4.0#14.0#VAR 39 0 0.926721 0.0732791 
 ----> 1.3#6.6#4.0#14.0#VAR 40 0 0.917047 0.0829529 
 ----> 1.3#6.6#4.0#14.0#VAR 41 0 0.925787 0.0742131 
 ----> 1.3#6.6#4.0#14.0#VAR 42 0 0.925027 0.0749735 
 ----> 1.3#6.6#4.0#14.0#VAR 43 0 0.926642 0.0733578 
 ----> 1.3#6.6#4.0#14.0#VAR 44 0 0.919451 0.080549 
 ----> 1.3#6.6#4.0#14.0#VAR 45 0 0.927526 0.0724739 
 ----> 1.3#6.6#4.0#14.0#VAR 46 0 0.910225 0.0897746 
 ----> 1.3#6.6#4.0#14.0#VAR 47 0 0.923451 0.0765495 
 ----> 1.3#6.6#4.0#14.0#VAR 48 1 0.922464 0.0775356 
 ----> 1.3#6.6#4.0#14.0#VAR 49 0 0.923829 0.0761714 
 ----> 1.3#6.6#4.0#14.0#VAR 50 0 0.920344 0.0796564 
 ----> 1.3#6.6#4.0#14.0#VAR 51 0 0.925942 0.074058 
 ----> 1.3#6.6#4.0#14.0#VAR 52 0 0.924358 0.0756425 
 ----> 1.3#6.6#4.0#14.0#VAR 53 0 0.930319 0.0696806 
 ----> 1.3#6.6#4.0#14.0#VAR 54 0 0.925665 0.074335 
 ----> 1.3#6.6#4.0#14.0#VAR 55 0 0.92427 0.0757299 
 ----> 1.3#6.6#4.0#14.0#VAR 56 0 0.925266 0.0747339 
 ----> 1.3#6.6#4.0#14.0#VAR 57 0 0.919388 0.0806115 
 ----> 1.3#6.6#4.0#14.0#VAR 58 0 0.928215 0.0717854 
 ----> 1.3#6.6#4.0#14.0#VAR 59 0 0.934112 0.0658876 
 ----> 1.3#6.6#4.0#14.0#VAR 60 0 0.92274 0.0772596 
 ----> 1.3#6.6#4.0#14.0#VAR 61 1 0.927013 0.0729871 
 ----> 1.3#6.6#4.0#14.0#VAR 62 0 0.921059 0.0789412 
 ----> 1.3#6.6#4.0#14.0#VAR 63 0 0.926869 0.0731311 
 ----> 1.3#6.6#4.0#14.0#VAR 64 0 0.923555 0.0764453 
 ----> 1.3#6.6#4.0#14.0#VAR 65 0 0.921423 0.0785769 
 ----> 1.3#6.6#4.0#14.0#VAR 66 0 0.918171 0.0818292 
 ----> 1.3#6.6#4.0#14.0#VAR 67 0 0.921206 0.0787942 
 ----> 1.3#6.6#4.0#14.0#VAR 68 0 0.927647 0.072353 
 ----> 1.3#6.6#4.0#14.0#VAR 69 0 0.932556 0.0674438 
 ----> 1.3#6.6#4.0#14.0#VAR 70 0 0.925279 0.0747209 
 ----> 1.3#6.6#4.0#14.0#VAR 71 0 0.928862 0.0711381 
 ----> 1.3#6.6#4.0#14.0#VAR 72 0 0.915741 0.084259 
 ----> 1.3#6.6#4.0#14.0#VAR 73 0 0.933705 0.0662951 
 ----> 1.3#6.6#4.0#14.0#VAR 74 0 0.916076 0.083924 
 ----> 1.3#6.6#4.0#14.0#VAR 75 0 0.928456 0.0715439 
 ----> 1.3#6.6#4.0#14.0#VAR 76 0 0.926755 0.0732452 
 ----> 1.3#6.6#4.0#14.0#VAR 77 0 0.920772 0.0792284 
 ----> 1.3#6.6#4.0#14.0#VAR 78 0 0.922611 0.0773886 
 ----> 1.3#6.6#4.0#14.0#VAR 79 0 0.929449 0.0705507 
 ----> 1.3#6.6#4.0#14.0#VAR 80 0 0.926277 0.0737234 
 ----> 1.3#6.6#4.0#14.0#VAR 81 0 0.928096 0.0719042 
 ----> 1.3#6.6#4.0#14.0#VAR 82 0 0.928923 0.071077 
 ----> 1.3#6.6#4.0#14.0#VAR 83 0 0.924576 0.0754237 
 ----> 1.3#6.6#4.0#14.0#VAR 84 0 0.927976 0.0720239 
 ----> 1.3#6.6#4.0#14.0#VAR 85 0 0.938376 0.061624 
 ----> 1.3#6.6#4.0#14.0#VAR 86 0 0.918467 0.0815328 
 ----> 1.3#6.6#4.0#14.0#VAR 87 0 0.928532 0.0714682 
 ----> 1.3#6.6#4.0#14.0#VAR 88 0 0.923197 0.0768027 
 ----> 1.3#6.6#4.0#14.0#VAR 89 0 0.935438 0.0645622 
 ----> 1.3#6.6#4.0#14.0#VAR 90 0 0.922727 0.0772726 
 ----> 1.3#6.6#4.0#14.0#VAR 91 0 0.918876 0.0811238 
 ----> 1.3#6.6#4.0#14.0#VAR 92 0 0.922037 0.0779627 
 ----> 1.3#6.6#4.0#14.0#VAR 93 0 0.932668 0.0673325 
 ----> 1.3#6.6#4.0#14.0#VAR 94 0 0.922965 0.0770348 
 ----> 1.3#6.6#4.0#14.0#VAR 95 1 0.910547 0.0894528 
 ----> 1.3#6.6#4.0#14.0#VAR 96 0 0.928297 0.071703 
 ----> 1.3#6.6#4.0#14.0#VAR 97 0 0.926392 0.0736085 
 ----> 1.3#6.6#4.0#14.0#VAR 98 0 0.926686 0.0733143 
 ----> 1.3#6.6#4.0#14.0#VAR 99 0 0.931433 0.0685675 
 ----> 1.3#6.6#4.0#14.0#VAR 100 0 0.924742 0.0752579 
 ----> 1.3#6.6#4.0#14.0#VAR 101 0 0.914719 0.0852812 
 ----> 1.3#6.6#4.0#14.0#VAR 102 0 0.933281 0.0667195 
 ----> 1.3#6.6#4.0#14.0#VAR 103 0 0.934888 0.0651116 
 ----> 1.3#6.6#4.0#14.0#VAR 104 1 0.907442 0.0925578 
 ----> 1.3#6.6#4.0#14.0#VAR 105 0 0.927958 0.0720416 
 ----> 1.3#6.6#4.0#14.0#VAR 106 0 0.921551 0.0784493 
 ----> 1.3#6.6#4.0#14.0#VAR 107 0 0.928928 0.0710724 
 ----> 1.3#6.6#4.0#14.0#VAR 108 0 0.921247 0.0787533 
 ----> 1.3#6.6#4.0#14.0#VAR 109 0 0.919249 0.0807509 
 ----> 1.3#6.6#4.0#14.0#VAR 110 0 0.928342 0.0716584 
 ----> 1.3#6.6#4.0#14.0#VAR 111 0 0.929081 0.0709194 
 ----> 1.3#6.6#4.0#14.0#VAR 112 0 0.931664 0.0683361 
 ----> 1.3#6.6#4.0#14.0#VAR 113 0 0.914651 0.085349 
 ----> 1.3#6.6#4.0#14.0#VAR 114 0 0.915388 0.0846118 
 ----> 1.3#6.6#4.0#14.0#VAR 115 1 0.921382 0.0786179 
 ----> 1.3#6.6#4.0#14.0#VAR 116 0 0.937155 0.0628446 
 ----> 1.3#6.6#4.0#14.0#VAR 117 0 0.923584 0.0764157 
 ----> 1.3#6.6#4.0#14.0#VAR 118 0 0.931896 0.0681039 
 ----> 1.3#6.6#4.0#14.0#VAR 119 0 0.92864 0.0713598 
 ----> 1.3#6.6#4.0#14.0#VAR 120 0 0.930338 0.0696617 
 ----> 1.3#6.6#4.0#14.0#VAR 121 1 0.910596 0.0894038 
 ----> 1.3#6.6#4.0#14.0#VAR 122 0 0.939114 0.0608856 
 ----> 1.3#6.6#4.0#14.0#VAR 123 0 0.922567 0.0774332 
 ----> 1.3#6.6#4.0#14.0#VAR 124 0 0.923824 0.0761756 
 ----> 1.3#6.6#4.0#14.0#VAR 125 0 0.931894 0.0681059 
 ----> 1.3#6.6#4.0#14.0#VAR 126 0 0.913269 0.0867311 
 ----> 1.3#6.6#4.0#14.0#VAR 127 0 0.921619 0.0783813 
 ----> 1.3#6.6#4.0#14.0#VAR 128 0 0.923501 0.0764994 
 ----> 1.3#6.6#4.0#14.0#VAR 129 0 0.926177 0.0738231 
 ----> 1.3#6.6#4.0#14.0#VAR 130 0 0.921738 0.0782621 
 ----> 1.3#6.6#4.0#14.0#VAR 131 0 0.928398 0.0716015 
 ----> 1.3#6.6#4.0#14.0#VAR 132 0 0.934155 0.0658454 
 ----> 1.3#6.6#4.0#14.0#VAR 133 0 0.917562 0.0824378 
 ----> 1.3#6.6#4.0#14.0#VAR 134 0 0.92428 0.07572 
 ----> 1.3#6.6#4.0#14.0#VAR 135 0 0.925501 0.0744992 
 ----> 1.3#6.6#4.0#14.0#VAR 136 0 0.927945 0.0720549 
 ----> 1.3#6.6#4.0#14.0#VAR 137 0 0.927689 0.0723108 
 ----> 1.3#6.6#4.0#14.0#VAR 138 0 0.932451 0.0675491 
 ----> 1.3#6.6#4.0#14.0#VAR 139 0 0.903964 0.0960362 
 ----> 1.3#6.6#4.0#14.0#VAR 140 0 0.93053 0.0694699 
 ----> 1.3#6.6#4.0#14.0#VAR 141 0 0.935643 0.0643566 
 ----> 1.3#6.6#4.0#14.0#VAR 142 0 0.94352 0.0564799 
 ----> 1.3#6.6#4.0#14.0#VAR 143 0 0.910748 0.0892522 
 ----> 1.3#6.6#4.0#14.0#VAR 144 0 0.926815 0.0731854 
 ----> 1.3#6.6#4.0#14.0#VAR 145 0 0.926574 0.0734258 
 ----> 1.3#6.6#4.0#14.0#VAR 146 0 0.931971 0.0680285 
 ----> 1.3#6.6#4.0#14.0#VAR 147 0 0.931674 0.0683257 
 ----> 1.3#6.6#4.0#14.0#VAR 148 1 0.901132 0.098868 
 ----> 1.3#6.6#4.0#14.0#VAR 149 0 0.928434 0.0715655 
 ----> 1.3#6.6#4.0#14.0#VAR 150 0 0.926678 0.0733222 
 ----> 1.3#6.6#4.0#14.0#VAR 151 0 0.932565 0.067435 
 ----> 1.3#6.6#4.0#14.0#VAR 152 0 0.923751 0.0762489 
 ----> 1.3#6.6#4.0#14.0#VAR 153 0 0.936709 0.0632911 
 ----> 1.3#6.6#4.0#14.0#VAR 154 0 0.925995 0.0740046 
 ----> 1.3#6.6#4.0#14.0#VAR 155 0 0.923147 0.0768526 
 ----> 1.3#6.6#4.0#14.0#VAR 156 0 0.924641 0.075359 
 ----> 1.3#6.6#4.0#14.0#VAR 157 0 0.926625 0.0733753 
 ----> 1.3#6.6#4.0#14.0#VAR 158 0 0.922691 0.0773094 
 ----> 1.3#6.6#4.0#14.0#VAR 159 0 0.919474 0.0805264 
 ----> 1.3#6.6#4.0#14.0#VAR 160 0 0.927189 0.0728111 
 ----> 1.3#6.6#4.0#14.0#VAR 161 0 0.918253 0.0817471 
 ----> 1.3#6.6#4.0#14.0#VAR 162 1 0.905843 0.0941573 
 ----> 1.3#6.6#4.0#14.0#VAR 163 0 0.919803 0.0801968 
 ----> 1.3#6.6#4.0#14.0#VAR 164 0 0.91652 0.0834802 
 ----> 1.3#6.6#4.0#14.0#VAR 165 0 0.918523 0.0814769 
 ----> 1.3#6.6#4.0#14.0#VAR 166 0 0.912308 0.087692 
 ----> 1.3#6.6#4.0#14.0#VAR 167 0 0.927764 0.0722362 
 ----> 1.3#6.6#4.0#14.0#VAR 168 0 0.929377 0.0706234 
 ----> 1.3#6.6#4.0#14.0#VAR 169 0 0.928471 0.0715289 
 ----> 1.3#6.6#4.0#14.0#VAR 170 0 0.919661 0.0803391 
 ----> 1.3#6.6#4.0#14.0#VAR 171 0 0.929082 0.0709177 
 ----> 1.3#6.6#4.0#14.0#VAR 172 1 0.927908 0.0720921 
 ----> 1.3#6.6#4.0#14.0#VAR 173 0 0.93106 0.0689403 
 ----> 1.3#6.6#4.0#14.0#VAR 174 0 0.924303 0.0756969 
 ----> 1.3#6.6#4.0#14.0#VAR 175 0 0.93031 0.0696903 
 ----> 1.3#6.6#4.0#14.0#VAR 176 0 0.923605 0.0763945 
 ----> 1.3#6.6#4.0#14.0#VAR 177 0 0.920565 0.079435 
 ----> 1.3#6.6#4.0#14.0#VAR 178 0 0.937948 0.0620524 
 ----> 1.3#6.6#4.0#14.0#VAR 179 0 0.936761 0.0632392 
 ----> 1.3#6.6#4.0#14.0#VAR 180 0 0.926657 0.0733427 
 ----> 1.3#6.6#4.0#14.0#VAR 181 0 0.932931 0.0670692 
 ----> 1.3#6.6#4.0#14.0#VAR 182 0 0.922136 0.0778643 
 ----> 1.3#6.6#4.0#14.0#VAR 183 0 0.927059 0.0729414 
 ----> 1.3#6.6#4.0#14.0#VAR 184 0 0.932588 0.0674123 
 ----> 1.3#6.6#4.0#14.0#VAR 185 0 0.929237 0.0707633 
 ----> 1.3#6.6#4.0#14.0#VAR 186 0 0.930324 0.0696762 
 ----> 1.3#6.6#4.0#14.0#VAR 187 0 0.931367 0.0686333 
 ----> 1.3#6.6#4.0#14.0#VAR 188 1 0.916534 0.0834663 
 ----> 1.3#6.6#4.0#14.0#VAR 189 0 0.923557 0.0764428 
 ----> 1.3#6.6#4.0#14.0#VAR 190 0 0.920013 0.0799875 
 ----> 1.3#6.6#4.0#14.0#VAR 191 0 0.924567 0.0754328 
 ----> 1.3#6.6#4.0#14.0#VAR 192 0 0.921364 0.0786362 
 ----> 1.3#6.6#4.0#14.0#VAR 193 0 0.912399 0.0876009 
 ----> 1.3#6.6#4.0#14.0#VAR 194 0 0.923557 0.0764434 
 ----> 1.3#6.6#4.0#14.0#VAR 195 0 0.924766 0.0752343 
 ----> 1.3#6.6#4.0#14.0#VAR 196 0 0.922639 0.077361 
 ----> 1.3#6.6#4.0#14.0#VAR 197 0 0.921469 0.078531 
 ----> 1.3#6.6#4.0#14.0#VAR 198 0 0.91061 0.0893899 
 ----> 1.3#6.6#4.0#14.0#VAR 199 0 0.93614 0.0638603 
 ----> 1.3#6.6#4.0#14.0#VAR 200 0 0.923383 0.0766174 
 ----> 1.3#6.6#4.0#14.0#VAR 201 0 0.923024 0.0769757 
 ----> 1.3#6.6#4.0#14.0#VAR 202 0 0.920049 0.0799507 
 ----> 1.3#6.6#4.0#14.0#VAR 203 0 0.932689 0.0673105 
 ----> 1.3#6.6#4.0#14.0#VAR 204 0 0.914687 0.085313 
 ----> 1.3#6.6#4.0#14.0#VAR 205 0 0.920538 0.0794618 
 ----> 1.3#6.6#4.0#14.0#VAR 206 0 0.921814 0.0781863 
 ----> 1.3#6.6#4.0#14.0#VAR 207 0 0.933261 0.0667395 
 ----> 1.3#6.6#4.0#14.0#VAR 208 0 0.910555 0.0894455 
 ----> 1.3#6.6#4.0#14.0#VAR 209 0 0.937397 0.0626027 
 ----> 1.3#6.6#4.0#14.0#VAR 210 0 0.924068 0.0759322 
 ----> 1.3#6.6#4.0#14.0#VAR 211 0 0.918819 0.0811815 
 ----> 1.3#6.6#4.0#14.0#VAR 212 0 0.924792 0.0752084 
 ----> 1.3#6.6#4.0#14.0#VAR 213 0 0.920692 0.079308 
 ----> 1.3#6.6#4.0#14.0#VAR 214 0 0.903552 0.0964476 
 ----> 1.3#6.6#4.0#14.0#VAR 215 0 0.935869 0.0641313 
 ----> 1.3#6.6#4.0#14.0#VAR 216 0 0.932232 0.067768 
 ----> 1.3#6.6#4.0#14.0#VAR 217 0 0.938254 0.0617459 
 ----> 1.3#6.6#4.0#14.0#VAR 218 0 0.923264 0.0767357 
 ----> 1.3#6.6#4.0#14.0#VAR 219 0 0.932085 0.0679152 
 ----> 1.3#6.6#4.0#14.0#VAR 220 1 0.909674 0.0903259 
 ----> 1.3#6.6#4.0#14.0#VAR 221 0 0.934409 0.0655909 
 ----> 1.3#6.6#4.0#14.0#VAR 222 0 0.931272 0.0687284 
 ----> 1.3#6.6#4.0#14.0#VAR 223 0 0.92682 0.0731802 
 ----> 1.3#6.6#4.0#14.0#VAR 224 0 0.923304 0.0766965 
 ----> 1.3#6.6#4.0#14.0#VAR 225 0 0.930571 0.0694289 
 ----> 1.3#6.6#4.0#14.0#VAR 226 0 0.913757 0.0862425 
 ----> 1.3#6.6#4.0#14.0#VAR 227 0 0.922824 0.0771758 
 ----> 1.3#6.6#4.0#14.0#VAR 228 1 0.908971 0.0910287 
 ----> 1.3#6.6#4.0#14.0#VAR 229 0 0.91701 0.0829898 
 ----> 1.3#6.6#4.0#14.0#VAR 230 0 0.938244 0.0617559 
 ----> 1.3#6.6#4.0#14.0#VAR 231 0 0.92208 0.0779197 
 ----> 1.3#6.6#4.0#14.0#VAR 232 0 0.933864 0.0661361 
 ----> 1.3#6.6#4.0#14.0#VAR 233 0 0.917251 0.0827486 
 ----> 1.3#6.6#4.0#14.0#VAR 234 0 0.930883 0.0691175 
 ----> 1.3#6.6#4.0#14.0#VAR 235 0 0.919923 0.0800767 
 ----> 1.3#6.6#4.0#14.0#VAR 236 0 0.925327 0.0746727 
 ----> 1.3#6.6#4.0#14.0#VAR 237 0 0.920174 0.0798259 
 ----> 1.3#6.6#4.0#14.0#VAR 238 0 0.928653 0.0713468 
 ----> 1.3#6.6#4.0#14.0#VAR 239 0 0.919163 0.0808373 
 ----> 1.3#6.6#4.0#14.0#VAR 240 0 0.94216 0.0578401 
 ----> 1.3#6.6#4.0#14.0#VAR 241 0 0.926053 0.0739472 
 ----> 1.3#6.6#4.0#14.0#VAR 242 0 0.917928 0.0820719 
 ----> 1.3#6.6#4.0#14.0#VAR 243 0 0.916324 0.0836762 
 ----> 1.3#6.6#4.0#14.0#VAR 244 0 0.929608 0.0703917 
 ----> 1.3#6.6#4.0#14.0#VAR 245 0 0.926452 0.0735484 
 ----> 1.3#6.6#4.0#14.0#VAR 246 0 0.925495 0.0745051 
 ----> 1.3#6.6#4.0#14.0#VAR 247 0 0.912007 0.0879933 
 ----> 1.3#6.6#4.0#14.0#VAR 248 0 0.921093 0.0789074 
 ----> 1.3#6.6#4.0#14.0#VAR 249 0 0.9173 0.0827 
 ----> 1.3#6.6#4.0#14.0#VAR 250 0 0.929009 0.0709912 
 ----> 1.3#6.6#4.0#14.0#VAR 251 0 0.931058 0.0689419 
 ----> 1.3#6.6#4.0#14.0#VAR 252 0 0.933753 0.0662466 
 ----> 1.3#6.6#4.0#14.0#VAR 253 0 0.926601 0.0733986 
 ----> 1.3#6.6#4.0#14.0#VAR 254 0 0.928348 0.0716525 
 ----> 1.3#6.6#4.0#14.0#VAR 255 0 0.925052 0.0749485 
 ----> 1.3#6.6#4.0#14.0#VAR 256 0 0.927274 0.0727263 
 ----> 1.3#6.6#4.0#14.0#VAR 257 0 0.919464 0.0805357 
 ----> 1.3#6.6#4.0#14.0#VAR 258 0 0.924289 0.0757107 
 ----> 1.3#6.6#4.0#14.0#VAR 259 0 0.918647 0.081353 
 ----> 1.3#6.6#4.0#14.0#VAR 260 0 0.925088 0.0749118 
 ----> 1.3#6.6#4.0#14.0#VAR 261 0 0.925447 0.0745527 
 ----> 1.3#6.6#4.0#14.0#VAR 262 0 0.92718 0.07282 
 ----> 1.3#6.6#4.0#14.0#VAR 263 0 0.921344 0.0786557 
 ----> 1.3#6.6#4.0#14.0#VAR 264 0 0.924045 0.0759554 
 ----> 1.3#6.6#4.0#14.0#VAR 265 0 0.933492 0.0665081 
 ----> 1.3#6.6#4.0#14.0#VAR 266 0 0.926033 0.0739672 
 ----> 1.3#6.6#4.0#14.0#VAR 267 0 0.934283 0.0657174 
 ----> 1.3#6.6#4.0#14.0#VAR 268 0 0.924867 0.0751329 
 ----> 1.3#6.6#4.0#14.0#VAR 269 0 0.924213 0.0757872 
 ----> 1.3#6.6#4.0#14.0#VAR 270 0 0.932932 0.067068 
 ----> 1.3#6.6#4.0#14.0#VAR 271 1 0.910989 0.0890109 
 ----> 1.3#6.6#4.0#14.0#VAR 272 0 0.936511 0.0634895 
 ----> 1.3#6.6#4.0#14.0#VAR 273 0 0.926235 0.0737649 
 ----> 1.3#6.6#4.0#14.0#VAR 274 1 0.881763 0.118237 
 ----> 1.3#6.6#4.0#14.0#VAR 275 0 0.928844 0.0711557 
 ----> 1.3#6.6#4.0#14.0#VAR 276 0 0.913135 0.0868649 
 ----> 1.3#6.6#4.0#14.0#VAR 277 0 0.936332 0.0636685 
 ----> 1.3#6.6#4.0#14.0#VAR 278 0 0.932519 0.0674814 
 ----> 1.3#6.6#4.0#14.0#VAR 279 0 0.905038 0.094962 
 ----> 1.3#6.6#4.0#14.0#VAR 280 0 0.933033 0.0669672 
 ----> 1.3#6.6#4.0#14.0#VAR 281 0 0.925609 0.0743913 
 ----> 1.3#6.6#4.0#14.0#VAR 282 0 0.911283 0.0887165 
 ----> 1.3#6.6#4.0#14.0#VAR 283 0 0.923663 0.076337 
 ----> 1.3#6.6#4.0#14.0#VAR 284 0 0.917813 0.0821869 
 ----> 1.3#6.6#4.0#14.0#VAR 285 0 0.927338 0.0726618 
 ----> 1.3#6.6#4.0#14.0#VAR 286 0 0.922007 0.0779933 
 ----> 1.3#6.6#4.0#14.0#VAR 287 0 0.928653 0.0713472 
 ----> 1.3#6.6#4.0#14.0#VAR 288 0 0.912876 0.0871241 
 ----> 1.3#6.6#4.0#14.0#VAR 289 0 0.927174 0.0728258 
 ----> 1.3#6.6#4.0#14.0#VAR 290 0 0.918605 0.0813949 
 ----> 1.3#6.6#4.0#14.0#VAR 291 0 0.92633 0.0736705 
 ----> 1.3#6.6#4.0#14.0#VAR 292 0 0.917152 0.0828477 
 ----> 1.3#6.6#4.0#14.0#VAR 293 0 0.925509 0.0744912 
 ----> 1.3#6.6#4.0#14.0#VAR 294 0 0.917838 0.0821622 
 ----> 1.3#6.6#4.0#14.0#VAR 295 0 0.92138 0.07862 
 ----> 1.3#6.6#4.0#14.0#VAR 296 0 0.922714 0.0772857 
 ----> 1.3#6.6#4.0#14.0#VAR 297 0 0.927805 0.0721951 
 ----> 1.3#6.6#4.0#14.0#VAR 298 0 0.929092 0.0709078 
 ----> 1.3#6.6#4.0#14.0#VAR 299 0 0.927522 0.0724784 
 ----> 1.3#6.6#4.0#14.0#VAR 300 0 0.927756 0.072244 
 ----> 1.3#6.6#4.0#14.0#VAR 301 0 0.917947 0.0820527 
 ----> 1.3#6.6#4.0#14.0#VAR 302 0 0.924484 0.0755155 
 ----> 1.3#6.6#4.0#14.0#VAR 303 0 0.936267 0.0637327 
 ----> 1.3#6.6#4.0#14.0#VAR 304 0 0.931911 0.0680888 
 ----> 1.3#6.6#4.0#14.0#VAR 305 0 0.92777 0.0722301 
 ----> 1.3#6.6#4.0#14.0#VAR 306 0 0.916972 0.0830279 
 ----> 1.3#6.6#4.0#14.0#VAR 307 0 0.923692 0.0763077 
 ----> 1.3#6.6#4.0#14.0#VAR 308 0 0.921371 0.0786285 
 ----> 1.3#6.6#4.0#14.0#VAR 309 0 0.926664 0.0733364 
 ----> 1.3#6.6#4.0#14.0#VAR 310 0 0.906853 0.0931466 
 ----> 1.3#6.6#4.0#14.0#VAR 311 0 0.931838 0.0681617 
 ----> 1.3#6.6#4.0#14.0#VAR 312 0 0.932764 0.067236 
 ----> 1.3#6.6#4.0#14.0#VAR 313 0 0.922901 0.0770989 
 ----> 1.3#6.6#4.0#14.0#VAR 314 0 0.92591 0.0740903 
 ----> 1.3#6.6#4.0#14.0#VAR 315 0 0.931565 0.0684349 
 ----> 1.3#6.6#4.0#14.0#VAR 316 0 0.920574 0.0794255 
 ----> 1.3#6.6#4.0#14.0#VAR 317 0 0.922536 0.0774642 
 ----> 1.3#6.6#4.0#14.0#VAR 318 0 0.917945 0.0820549 
 ----> 1.3#6.6#4.0#14.0#VAR 319 0 0.923566 0.0764344 
 ----> 1.3#6.6#4.0#14.0#VAR 320 0 0.930778 0.0692217 
 ----> 1.3#6.6#4.0#14.0#VAR 321 0 0.933326 0.066674 
 ----> 1.3#6.6#4.0#14.0#VAR 322 0 0.915651 0.084349 
 ----> 1.3#6.6#4.0#14.0#VAR 323 0 0.912805 0.0871954 
 ----> 1.3#6.6#4.0#14.0#VAR 324 0 0.919002 0.0809982 
 ----> 1.3#6.6#4.0#14.0#VAR 325 0 0.924984 0.0750161 
 ----> 1.3#6.6#4.0#14.0#VAR 326 0 0.919553 0.0804469 
 ----> 1.3#6.6#4.0#14.0#VAR 327 0 0.923974 0.0760258 
 ----> 1.3#6.6#4.0#14.0#VAR 328 0 0.929489 0.0705109 
 ----> 1.3#6.6#4.0#14.0#VAR 329 0 0.9195 0.0804998 
 ----> 1.3#6.6#4.0#14.0#VAR 330 0 0.925057 0.0749429 
 ----> 1.3#6.6#4.0#14.0#VAR 331 0 0.922264 0.0777362 
 ----> 1.3#6.6#4.0#14.0#VAR 332 0 0.91811 0.0818896 
 ----> 1.3#6.6#4.0#14.0#VAR 333 0 0.925806 0.0741943 
 ----> 1.3#6.6#4.0#14.0#VAR 334 0 0.923895 0.0761051 
 ----> 1.3#6.6#4.0#14.0#VAR 335 0 0.913919 0.0860809 
 ----> 1.3#6.6#4.0#14.0#VAR 336 0 0.930759 0.0692407 
 ----> 1.3#6.6#4.0#14.0#VAR 337 0 0.932882 0.0671183 
 ----> 1.3#6.6#4.0#14.0#VAR 338 0 0.923664 0.0763359 
 ----> 1.3#6.6#4.0#14.0#VAR 339 0 0.929515 0.0704854 
 ----> 1.3#6.6#4.0#14.0#VAR 340 0 0.925529 0.0744711 
 ----> 1.3#6.6#4.0#14.0#VAR 341 0 0.925862 0.0741378 
 ----> 1.3#6.6#4.0#14.0#VAR 342 0 0.915766 0.0842337 
 ----> 1.3#6.6#4.0#14.0#VAR 343 0 0.933394 0.0666061 
 ----> 1.3#6.6#4.0#14.0#VAR 344 1 0.928495 0.0715054 
 ----> 1.3#6.6#4.0#14.0#VAR 345 0 0.925702 0.0742981 
 ----> 1.3#6.6#4.0#14.0#VAR 346 1 0.906899 0.0931008 
 ----> 1.3#6.6#4.0#14.0#VAR 347 0 0.925489 0.0745106 
 ----> 1.3#6.6#4.0#14.0#VAR 348 0 0.925329 0.0746708 
 ----> 1.3#6.6#4.0#14.0#VAR 349 0 0.926971 0.0730289 
 ----> 1.3#6.6#4.0#14.0#VAR 350 0 0.931064 0.0689362 
 ----> 1.3#6.6#4.0#14.0#VAR 351 0 0.910372 0.0896282 
 ----> 1.3#6.6#4.0#14.0#VAR 352 0 0.918446 0.0815543 
 ----> 1.3#6.6#4.0#14.0#VAR 353 0 0.924757 0.0752426 
 ----> 1.3#6.6#4.0#14.0#VAR 354 0 0.937221 0.0627791 
 ----> 1.3#6.6#4.0#14.0#VAR 355 0 0.921205 0.0787951 
 ----> 1.3#6.6#4.0#14.0#VAR 356 0 0.927418 0.0725825 
 ----> 1.3#6.6#4.0#14.0#VAR 357 0 0.93295 0.0670497 
 ----> 1.3#6.6#4.0#14.0#VAR 358 0 0.918349 0.0816511 
 ----> 1.3#6.6#4.0#14.0#VAR 359 0 0.917393 0.0826068 
 ----> 1.3#6.6#4.0#14.0#VAR 360 0 0.91952 0.0804796 
 ----> 1.3#6.6#4.0#14.0#VAR 361 0 0.921161 0.0788389 
 ----> 1.3#6.6#4.0#14.0#VAR 362 0 0.928172 0.0718279 
 ----> 1.3#6.6#4.0#14.0#VAR 363 0 0.930918 0.0690821 
 ----> 1.3#6.6#4.0#14.0#VAR 364 0 0.91055 0.0894504 
 ----> 1.3#6.6#4.0#14.0#VAR 365 0 0.918846 0.0811544 
 ----> 1.3#6.6#4.0#14.0#VAR 366 0 0.925261 0.0747393 
 ----> 1.3#6.6#4.0#14.0#VAR 367 1 0.920973 0.0790273 
 ----> 1.3#6.6#4.0#14.0#VAR 368 0 0.928653 0.0713471 
 ----> 1.3#6.6#4.0#14.0#VAR 369 0 0.915244 0.0847557 
 ----> 1.3#6.6#4.0#14.0#VAR 370 0 0.917444 0.0825555 
 ----> 1.3#6.6#4.0#14.0#VAR 371 0 0.929135 0.0708653 
 ----> 1.3#6.6#4.0#14.0#VAR 372 0 0.912696 0.087304 
 ----> 1.3#6.6#4.0#14.0#VAR 373 0 0.927376 0.0726238 
 ----> 1.3#6.6#4.0#14.0#VAR 374 0 0.918964 0.0810358 
 ----> 1.3#6.6#4.0#14.0#VAR 375 0 0.912331 0.0876689 
 ----> 1.3#6.6#4.0#14.0#VAR 376 0 0.916927 0.0830729 
 ----> 1.3#6.6#4.0#14.0#VAR 377 1 0.914579 0.0854214 
 ----> 1.3#6.6#4.0#14.0#VAR 378 1 0.914594 0.0854061 
 ----> 1.3#6.6#4.0#14.0#VAR 379 0 0.923221 0.0767792 
 ----> 1.3#6.6#4.0#14.0#VAR 380 1 0.91867 0.0813299 
 ----> 1.3#6.6#4.0#14.0#VAR 381 0 0.923441 0.0765593 
 ----> 1.3#6.6#4.0#14.0#VAR 382 0 0.921226 0.0787737 
 ----> 1.3#6.6#4.0#14.0#VAR 383 0 0.925261 0.074739 
 ----> 1.3#6.6#4.0#14.0#VAR 384 0 0.922969 0.0770311 
 ----> 1.3#6.6#4.0#14.0#VAR 385 1 0.921282 0.0787182 
 ----> 1.3#6.6#4.0#14.0#VAR 386 0 0.917728 0.0822723 
 ----> 1.3#6.6#4.0#14.0#VAR 387 0 0.915514 0.0844864 
 ----> 1.3#6.6#4.0#14.0#VAR 388 0 0.923049 0.0769512 
 ----> 1.3#6.6#4.0#14.0#VAR 389 0 0.927458 0.0725418 
 ----> 1.3#6.6#4.0#14.0#VAR 390 0 0.925869 0.0741314 
 ----> 1.3#6.6#4.0#14.0#VAR 391 0 0.928215 0.0717846 
 ----> 1.3#6.6#4.0#14.0#VAR 392 0 0.918946 0.0810535 
 ----> 1.3#6.6#4.0#14.0#VAR 393 0 0.925109 0.0748911 
 ----> 1.3#6.6#4.0#14.0#VAR 394 0 0.932337 0.0676626 
 ----> 1.3#6.6#4.0#14.0#VAR 395 0 0.929717 0.0702827 
 ----> 1.3#6.6#4.0#14.0#VAR 396 1 0.931292 0.0687084 
 ----> 1.3#6.6#4.0#14.0#VAR 397 0 0.92131 0.0786904 
 ----> 1.3#6.6#4.0#14.0#VAR 398 0 0.923918 0.0760824 
 ----> 1.3#6.6#4.0#14.0#VAR 399 1 0.909851 0.090149 
 ----> 1.3#6.6#4.0#14.0#VAR 400 0 0.930357 0.0696432 
 ----> 1.3#6.6#4.0#14.0#VAR 401 0 0.930999 0.0690006 
 ----> 1.3#6.6#4.0#14.0#VAR 402 1 0.914481 0.0855186 
 ----> 1.3#6.6#4.0#14.0#VAR 403 0 0.934326 0.0656737 
 ----> 1.3#6.6#4.0#14.0#VAR 404 0 0.93335 0.0666498 
 ----> 1.3#6.6#4.0#14.0#VAR 405 0 0.92418 0.0758195 
 ----> 1.3#6.6#4.0#14.0#VAR 406 0 0.927685 0.0723155 
 ----> 1.3#6.6#4.0#14.0#VAR 407 0 0.930465 0.0695346 
 ----> 1.3#6.6#4.0#14.0#VAR 408 0 0.919148 0.0808523 
 ----> 1.3#6.6#4.0#14.0#VAR 409 0 0.926273 0.0737269 
 ----> 1.3#6.6#4.0#14.0#VAR 410 0 0.925753 0.0742468 
 ----> 1.3#6.6#4.0#14.0#VAR 411 0 0.93477 0.0652295 
 ----> 1.3#6.6#4.0#14.0#VAR 412 0 0.930525 0.0694752 
 ----> 1.3#6.6#4.0#14.0#VAR 413 0 0.925655 0.0743451 
 ----> 1.3#6.6#4.0#14.0#VAR 414 0 0.922962 0.0770377 
 ----> 1.3#6.6#4.0#14.0#VAR 415 0 0.914096 0.0859042 
 ----> 1.3#6.6#4.0#14.0#VAR 416 0 0.921049 0.0789509 
 ----> 1.3#6.6#4.0#14.0#VAR 417 0 0.919727 0.0802731 
 ----> 1.3#6.6#4.0#14.0#VAR 418 0 0.92852 0.0714804 
 ----> 1.3#6.6#4.0#14.0#VAR 419 0 0.923369 0.0766311 
 ----> 1.3#6.6#4.0#14.0#VAR 420 0 0.918315 0.0816853 
 ----> 1.3#6.6#4.0#14.0#VAR 421 0 0.923197 0.0768033 
 ----> 1.3#6.6#4.0#14.0#VAR 422 0 0.920549 0.0794506 
 ----> 1.3#6.6#4.0#14.0#VAR 423 0 0.921455 0.078545 
 ----> 1.3#6.6#4.0#14.0#VAR 424 0 0.928756 0.0712436 
 ----> 1.3#6.6#4.0#14.0#VAR 425 0 0.931002 0.0689978 
 ----> 1.3#6.6#4.0#14.0#VAR 426 0 0.935427 0.0645731 
 ----> 1.3#6.6#4.0#14.0#VAR 427 1 0.906367 0.0936329 
 ----> 1.3#6.6#4.0#14.0#VAR 428 0 0.94026 0.0597404 
 ----> 1.3#6.6#4.0#14.0#VAR 429 0 0.93564 0.06436 
 ----> 1.3#6.6#4.0#14.0#VAR 430 0 0.928625 0.0713755 
 ----> 1.3#6.6#4.0#14.0#VAR 431 0 0.929432 0.0705675 
 ----> 1.3#6.6#4.0#14.0#VAR 432 0 0.929586 0.0704135 
 ----> 1.3#6.6#4.0#14.0#VAR 433 0 0.92341 0.0765901 
 ----> 1.3#6.6#4.0#14.0#VAR 434 0 0.92044 0.0795601 
 ----> 1.3#6.6#4.0#14.0#VAR 435 0 0.917752 0.0822479 
 ----> 1.3#6.6#4.0#14.0#VAR 436 0 0.934192 0.0658082 
 ----> 1.3#6.6#4.0#14.0#VAR 437 0 0.925281 0.0747191 
 ----> 1.3#6.6#4.0#14.0#VAR 438 0 0.922068 0.077932 
 ----> 1.3#6.6#4.0#14.0#VAR 439 0 0.921325 0.078675 
 ----> 1.3#6.6#4.0#14.0#VAR 440 0 0.923825 0.0761754 
 ----> 1.3#6.6#4.0#14.0#VAR 441 0 0.930742 0.0692583 
 ----> 1.3#6.6#4.0#14.0#VAR 442 0 0.924224 0.0757764 
 ----> 1.3#6.6#4.0#14.0#VAR 443 0 0.923257 0.0767429 
 ----> 1.3#6.6#4.0#14.0#VAR 444 0 0.916179 0.0838211 
 ----> 1.3#6.6#4.0#14.0#VAR 445 1 0.910448 0.0895518 
 ----> 1.3#6.6#4.0#14.0#VAR 446 0 0.928251 0.0717491 
 ----> 1.3#6.6#4.0#14.0#VAR 447 0 0.914813 0.0851873 
 ----> 1.3#6.6#4.0#14.0#VAR 448 0 0.910751 0.0892494 
 ----> 1.3#6.6#4.0#14.0#VAR 449 0 0.925883 0.0741166 
 ----> 1.3#6.6#4.0#14.0#VAR 450 0 0.925008 0.0749921 
 ----> 1.3#6.6#4.0#14.0#VAR 451 1 0.917205 0.0827949 
 ----> 1.3#6.6#4.0#14.0#VAR 452 0 0.930615 0.069385 
 ----> 1.3#6.6#4.0#14.0#VAR 453 0 0.928709 0.0712914 
 ----> 1.3#6.6#4.0#14.0#VAR 454 0 0.91822 0.0817802 
 ----> 1.3#6.6#4.0#14.0#VAR 455 0 0.933288 0.0667117 
 ----> 1.3#6.6#4.0#14.0#VAR 456 0 0.930372 0.0696281 
 ----> 1.3#6.6#4.0#14.0#VAR 457 0 0.927103 0.0728975 
 ----> 1.3#6.6#4.0#14.0#VAR 458 0 0.92428 0.0757198 
 ----> 1.3#6.6#4.0#14.0#VAR 459 0 0.927766 0.0722336 
 ----> 1.3#6.6#4.0#14.0#VAR 460 0 0.932474 0.067526 
 ----> 1.3#6.6#4.0#14.0#VAR 461 1 0.905286 0.0947137 
 ----> 1.3#6.6#4.0#14.0#VAR 462 0 0.911408 0.0885921 
 ----> 1.3#6.6#4.0#14.0#VAR 463 0 0.929355 0.0706451 
 ----> 1.3#6.6#4.0#14.0#VAR 464 0 0.931664 0.0683364 
 ----> 1.3#6.6#4.0#14.0#VAR 465 0 0.931191 0.0688091 
 ----> 1.3#6.6#4.0#14.0#VAR 466 0 0.921759 0.0782412 
 ----> 1.3#6.6#4.0#14.0#VAR 467 0 0.934621 0.0653791 
 ----> 1.3#6.6#4.0#14.0#VAR 468 0 0.921661 0.0783388 
 ----> 1.3#6.6#4.0#14.0#VAR 469 0 0.926786 0.0732144 
 ----> 1.3#6.6#4.0#14.0#VAR 470 0 0.911669 0.0883311 
 ----> 1.3#6.6#4.0#14.0#VAR 471 0 0.935602 0.0643982 
 ----> 1.3#6.6#4.0#14.0#VAR 472 0 0.918316 0.0816836 
 ----> 1.3#6.6#4.0#14.0#VAR 473 0 0.922787 0.0772127 
 ----> 1.3#6.6#4.0#14.0#VAR 474 0 0.921354 0.0786459 
 ----> 1.3#6.6#4.0#14.0#VAR 475 0 0.929841 0.0701586 
 ----> 1.3#6.6#4.0#14.0#VAR 476 0 0.927527 0.0724733 
 ----> 1.3#6.6#4.0#14.0#VAR 477 0 0.92659 0.0734103 
 ----> 1.3#6.6#4.0#14.0#VAR 478 0 0.914722 0.0852776 
 ----> 1.3#6.6#4.0#14.0#VAR 479 0 0.934543 0.065457 
 ----> 1.3#6.6#4.0#14.0#VAR 480 0 0.933427 0.0665725 
 ----> 1.3#6.6#4.0#14.0#VAR 481 0 0.920367 0.0796326 
 ----> 1.3#6.6#4.0#14.0#VAR 482 0 0.920188 0.0798125 
 ----> 1.3#6.6#4.0#14.0#VAR 483 0 0.923962 0.0760384 
 ----> 1.3#6.6#4.0#14.0#VAR 484 0 0.925802 0.0741981 
 ----> 1.3#6.6#4.0#14.0#VAR 485 0 0.924153 0.0758473 
 ----> 1.3#6.6#4.0#14.0#VAR 486 0 0.92522 0.0747795 
 ----> 1.3#6.6#4.0#14.0#VAR 487 0 0.933696 0.0663045 
 ----> 1.3#6.6#4.0#14.0#VAR 488 0 0.924779 0.0752209 
 ----> 1.3#6.6#4.0#14.0#VAR 489 0 0.922423 0.0775768 
 ----> 1.3#6.6#4.0#14.0#VAR 490 0 0.932158 0.0678418 
 ----> 1.3#6.6#4.0#14.0#VAR 491 0 0.928697 0.0713032 
 ----> 1.3#6.6#4.0#14.0#VAR 492 0 0.930294 0.0697058 
 ----> 1.3#6.6#4.0#14.0#VAR 493 0 0.92214 0.0778595 
 ----> 1.3#6.6#4.0#14.0#VAR 494 0 0.929998 0.0700022 
 ----> 1.3#6.6#4.0#14.0#VAR 495 0 0.928681 0.071319 
 ----> 1.3#6.6#4.0#14.0#VAR 496 0 0.918132 0.0818676 
 ----> 1.3#6.6#4.0#14.0#VAR 497 0 0.928732 0.0712681 
 ----> 1.3#6.6#4.0#14.0#VAR 498 0 0.926881 0.0731188 
 ----> 1.3#6.6#4.0#14.0#VAR 499 0 0.925126 0.0748742 
 ----> 1.3#6.6#4.0#14.0#VAR 500 0 0.926657 0.0733434 
 ----> 1.3#6.6#4.0#14.0#VAR 501 0 0.931058 0.0689418 
 ----> 1.3#6.6#4.0#14.0#VAR 502 0 0.931167 0.0688334 
 ----> 1.3#6.6#4.0#14.0#VAR 503 0 0.924644 0.0753558 
 ----> 1.3#6.6#4.0#14.0#VAR 504 0 0.923223 0.0767771 
 ----> 1.3#6.6#4.0#14.0#VAR 505 0 0.927646 0.0723537 
 ----> 1.3#6.6#4.0#14.0#VAR 506 0 0.92931 0.0706901 
 ----> 1.3#6.6#4.0#14.0#VAR 507 0 0.926576 0.0734244 
 ----> 1.3#6.6#4.0#14.0#VAR 508 0 0.925139 0.0748614 
 ----> 1.3#6.6#4.0#14.0#VAR 509 0 0.923903 0.0760975 
 ----> 1.3#6.6#4.0#14.0#VAR 510 0 0.925953 0.0740469 
 ----> 1.3#6.6#4.0#14.0#VAR 511 0 0.924255 0.0757453 
 ----> 1.3#6.6#4.0#14.0#VAR 512 0 0.930109 0.0698907 
 ----> 1.3#6.6#4.0#14.0#VAR 513 0 0.92884 0.0711603 
 ----> 1.3#6.6#4.0#14.0#VAR 514 0 0.925102 0.074898 
 ----> 1.3#6.6#4.0#14.0#VAR 515 0 0.924582 0.0754177 
 ----> 1.3#6.6#4.0#14.0#VAR 516 0 0.918504 0.0814961 
 ----> 1.3#6.6#4.0#14.0#VAR 517 0 0.923206 0.0767942 
 ----> 1.3#6.6#4.0#14.0#VAR 518 0 0.929685 0.0703147 
 ----> 1.3#6.6#4.0#14.0#VAR 519 0 0.920505 0.0794947 
 ----> 1.3#6.6#4.0#14.0#VAR 520 0 0.925176 0.0748238 
 ----> 1.3#6.6#4.0#14.0#VAR 521 0 0.917327 0.0826726 
 ----> 1.3#6.6#4.0#14.0#VAR 522 0 0.922146 0.0778542 
 ----> 1.3#6.6#4.0#14.0#VAR 523 0 0.926137 0.0738629 
 ----> 1.3#6.6#4.0#14.0#VAR 524 0 0.926926 0.0730743 
 ----> 1.3#6.6#4.0#14.0#VAR 525 0 0.927359 0.0726406 
 ----> 1.3#6.6#4.0#14.0#VAR 526 0 0.91533 0.0846703 
 ----> 1.3#6.6#4.0#14.0#VAR 527 0 0.926695 0.0733047 
 ----> 1.3#6.6#4.0#14.0#VAR 528 0 0.922319 0.0776814 
 ----> 1.3#6.6#4.0#14.0#VAR 529 0 0.929628 0.0703716 
 ----> 1.3#6.6#4.0#14.0#VAR 530 0 0.924496 0.0755045 
 ----> 1.3#6.6#4.0#14.0#VAR 531 0 0.921827 0.0781732 
 ----> 1.3#6.6#4.0#14.0#VAR 532 0 0.925468 0.0745317 
 ----> 1.3#6.6#4.0#14.0#VAR 533 0 0.926684 0.0733157 
 ----> 1.3#6.6#4.0#14.0#VAR 534 0 0.924004 0.0759964 
 ----> 1.3#6.6#4.0#14.0#VAR 535 0 0.920087 0.0799134 
 ----> 1.3#6.6#4.0#14.0#VAR 536 0 0.923261 0.0767392 
 ----> 1.3#6.6#4.0#14.0#VAR 537 0 0.926239 0.0737607 
 ----> 1.3#6.6#4.0#14.0#VAR 538 0 0.927391 0.0726087 
 ----> 1.3#6.6#4.0#14.0#VAR 539 0 0.923438 0.0765623 
 ----> 1.3#6.6#4.0#14.0#VAR 540 0 0.924873 0.0751274 
 ----> 1.3#6.6#4.0#14.0#VAR 541 0 0.932557 0.0674433 
 ----> 1.3#6.6#4.0#14.0#VAR 542 0 0.920254 0.0797458 
 ----> 1.3#6.6#4.0#14.0#VAR 543 0 0.927409 0.0725912 
 ----> 1.3#6.6#4.0#14.0#VAR 544 0 0.927712 0.0722878 
 ----> 1.3#6.6#4.0#14.0#VAR 545 0 0.922664 0.0773364 
 ----> 1.3#6.6#4.0#14.0#VAR 546 1 0.915561 0.0844392 
 ----> 1.3#6.6#4.0#14.0#VAR 547 0 0.917941 0.0820591 
 ----> 1.3#6.6#4.0#14.0#VAR 548 0 0.932703 0.0672969 
 ----> 1.3#6.6#4.0#14.0#VAR 549 0 0.910907 0.0890925 
 ----> 1.3#6.6#4.0#14.0#VAR 550 0 0.929187 0.0708132 
 ----> 1.3#6.6#4.0#14.0#VAR 551 0 0.914069 0.0859311 
 ----> 1.3#6.6#4.0#14.0#VAR 552 0 0.924297 0.075703 
 ----> 1.3#6.6#4.0#14.0#VAR 553 0 0.921526 0.0784744 
 ----> 1.3#6.6#4.0#14.0#VAR 554 0 0.925192 0.0748078 
 ----> 1.3#6.6#4.0#14.0#VAR 555 1 0.921367 0.0786333 
 ----> 1.3#6.6#4.0#14.0#VAR 556 0 0.917594 0.082406 
 ----> 1.3#6.6#4.0#14.0#VAR 557 0 0.920725 0.0792751 
 ----> 1.3#6.6#4.0#14.0#VAR 558 0 0.924078 0.0759225 
 ----> 1.3#6.6#4.0#14.0#VAR 559 1 0.916958 0.0830423 
 ----> 1.3#6.6#4.0#14.0#VAR 560 0 0.929306 0.070694 
 ----> 1.3#6.6#4.0#14.0#VAR 561 0 0.921724 0.0782764 
 ----> 1.3#6.6#4.0#14.0#VAR 562 0 0.920592 0.079408 
 ----> 1.3#6.6#4.0#14.0#VAR 563 0 0.922943 0.0770568 
 ----> 1.3#6.6#4.0#14.0#VAR 564 0 0.921076 0.0789242 
 ----> 1.3#6.6#4.0#14.0#VAR 565 0 0.925949 0.0740515 
 ----> 1.3#6.6#4.0#14.0#VAR 566 0 0.922641 0.0773594 
 ----> 1.3#6.6#4.0#14.0#VAR 567 0 0.924675 0.0753248 
 ----> 1.3#6.6#4.0#14.0#VAR 568 0 0.925954 0.0740458 
 ----> 1.3#6.6#4.0#14.0#VAR 569 0 0.921602 0.0783984 
 ----> 1.3#6.6#4.0#14.0#VAR 570 0 0.916051 0.0839487 
 ----> 1.3#6.6#4.0#14.0#VAR 571 0 0.921788 0.0782124 
 ----> 1.3#6.6#4.0#14.0#VAR 572 0 0.931909 0.0680907 
 ----> 1.3#6.6#4.0#14.0#VAR 573 0 0.922451 0.0775487 
 ----> 1.3#6.6#4.0#14.0#VAR 574 0 0.935012 0.0649881 
 ----> 1.3#6.6#4.0#14.0#VAR 575 0 0.925963 0.0740371 
 ----> 1.3#6.6#4.0#14.0#VAR 576 0 0.931075 0.0689249 
 ----> 1.3#6.6#4.0#14.0#VAR 577 0 0.928794 0.0712062 
 ----> 1.3#6.6#4.0#14.0#VAR 578 1 0.913765 0.0862348 
 ----> 1.3#6.6#4.0#14.0#VAR 579 0 0.941307 0.0586926 
 ----> 1.3#6.6#4.0#14.0#VAR 580 0 0.917016 0.0829836 
 ----> 1.3#6.6#4.0#14.0#VAR 581 0 0.934215 0.0657855 
 ----> 1.3#6.6#4.0#14.0#VAR 582 0 0.930296 0.069704 
 ----> 1.3#6.6#4.0#14.0#VAR 583 0 0.926494 0.0735059 
 ----> 1.3#6.6#4.0#14.0#VAR 584 0 0.930628 0.0693724 
 ----> 1.3#6.6#4.0#14.0#VAR 585 0 0.924035 0.075965 
 ----> 1.3#6.6#4.0#14.0#VAR 586 0 0.920074 0.0799264 
 ----> 1.3#6.6#4.0#14.0#VAR 587 0 0.929366 0.0706337 
 ----> 1.3#6.6#4.0#14.0#VAR 588 0 0.922629 0.0773712 
 ----> 1.3#6.6#4.0#14.0#VAR 589 0 0.929761 0.0702391 
 ----> 1.3#6.6#4.0#14.0#VAR 590 0 0.916485 0.0835145 
 ----> 1.3#6.6#4.0#14.0#VAR 591 0 0.936174 0.0638257 
 ----> 1.3#6.6#4.0#14.0#VAR 592 0 0.919522 0.0804779 
 ----> 1.3#6.6#4.0#14.0#VAR 593 0 0.930664 0.0693362 
 ----> 1.3#6.6#4.0#14.0#VAR 594 0 0.921931 0.078069 
 ----> 1.3#6.6#4.0#14.0#VAR 595 0 0.919748 0.0802519 
 ----> 1.3#6.6#4.0#14.0#VAR 596 0 0.919174 0.0808261 
 ----> 1.3#6.6#4.0#14.0#VAR 597 0 0.925708 0.0742917 
 ----> 1.3#6.6#4.0#14.0#VAR 598 0 0.931805 0.0681949 
 ----> 1.3#6.6#4.0#14.0#VAR 599 0 0.925786 0.0742136 
 ----> 1.3#6.6#4.0#14.0#VAR 600 0 0.941778 0.0582222 
 ----> 1.3#6.6#4.0#14.0#VAR 601 0 0.935392 0.0646076 
 ----> 1.3#6.6#4.0#14.0#VAR 602 0 0.925367 0.0746326 
 ----> 1.3#6.6#4.0#14.0#VAR 603 1 0.911458 0.0885424 
 ----> 1.3#6.6#4.0#14.0#VAR 604 0 0.927065 0.0729351 
 ----> 1.3#6.6#4.0#14.0#VAR 605 0 0.921049 0.0789514 
 ----> 1.3#6.6#4.0#14.0#VAR 606 0 0.91867 0.0813296 
 ----> 1.3#6.6#4.0#14.0#VAR 607 0 0.923999 0.0760008 
 ----> 1.3#6.6#4.0#14.0#VAR 608 0 0.933796 0.0662042 
 ----> 1.3#6.6#4.0#14.0#VAR 609 0 0.925845 0.074155 
 ----> 1.3#6.6#4.0#14.0#VAR 610 0 0.913341 0.0866594 
 ----> 1.3#6.6#4.0#14.0#VAR 611 0 0.924288 0.0757123 
 ----> 1.3#6.6#4.0#14.0#VAR 612 0 0.922666 0.0773344 
 ----> 1.3#6.6#4.0#14.0#VAR 613 0 0.935638 0.0643622 
 ----> 1.3#6.6#4.0#14.0#VAR 614 0 0.922086 0.0779139 
 ----> 1.3#6.6#4.0#14.0#VAR 615 0 0.930951 0.0690486 
 ----> 1.3#6.6#4.0#14.0#VAR 616 0 0.923959 0.0760414 
 ----> 1.3#6.6#4.0#14.0#VAR 617 0 0.918449 0.0815511 
 ----> 1.3#6.6#4.0#14.0#VAR 618 0 0.923696 0.0763044 
 ----> 1.3#6.6#4.0#14.0#VAR 619 0 0.924023 0.0759767 
 ----> 1.3#6.6#4.0#14.0#VAR 620 0 0.923887 0.0761125 
 ----> 1.3#6.6#4.0#14.0#VAR 621 0 0.92525 0.07475 
 ----> 1.3#6.6#4.0#14.0#VAR 622 0 0.914515 0.0854849 
 ----> 1.3#6.6#4.0#14.0#VAR 623 0 0.925283 0.0747172 
 ----> 1.3#6.6#4.0#14.0#VAR 624 0 0.930817 0.0691834 
 ----> 1.3#6.6#4.0#14.0#VAR 625 0 0.922593 0.0774075 
 ----> 1.3#6.6#4.0#14.0#VAR 626 0 0.91709 0.0829096 
 ----> 1.3#6.6#4.0#14.0#VAR 627 0 0.926946 0.0730538 
 ----> 1.3#6.6#4.0#14.0#VAR 628 0 0.931127 0.0688732 
 ----> 1.3#6.6#4.0#14.0#VAR 629 0 0.923923 0.0760769 
 ----> 1.3#6.6#4.0#14.0#VAR 630 0 0.921201 0.0787992 
 ----> 1.3#6.6#4.0#14.0#VAR 631 0 0.924656 0.0753436 
 ----> 1.3#6.6#4.0#14.0#VAR 632 0 0.91457 0.0854301 
 ----> 1.3#6.6#4.0#14.0#VAR 633 0 0.92775 0.0722496 
 ----> 1.3#6.6#4.0#14.0#VAR 634 0 0.913948 0.086052 
 ----> 1.3#6.6#4.0#14.0#VAR 635 0 0.928526 0.0714743 
 ----> 1.3#6.6#4.0#14.0#VAR 636 0 0.926769 0.0732308 
 ----> 1.3#6.6#4.0#14.0#VAR 637 0 0.921371 0.0786286 
 ----> 1.3#6.6#4.0#14.0#VAR 638 0 0.926324 0.0736762 
 ----> 1.3#6.6#4.0#14.0#VAR 639 0 0.922371 0.0776293 
 ----> 1.3#6.6#4.0#14.0#VAR 640 0 0.926023 0.0739771 
 ----> 1.3#6.6#4.0#14.0#VAR 641 0 0.924383 0.0756169 
 ----> 1.3#6.6#4.0#14.0#VAR 642 0 0.921609 0.0783908 
 ----> 1.3#6.6#4.0#14.0#VAR 643 0 0.916568 0.0834324 
 ----> 1.3#6.6#4.0#14.0#VAR 644 0 0.937221 0.0627794 
 ----> 1.3#6.6#4.0#14.0#VAR 645 0 0.919123 0.080877 
 ----> 1.3#6.6#4.0#14.0#VAR 646 0 0.929993 0.0700065 
 ----> 1.3#6.6#4.0#14.0#VAR 647 0 0.926485 0.0735154 
 ----> 1.3#6.6#4.0#14.0#VAR 648 0 0.929862 0.0701384 
 ----> 1.3#6.6#4.0#14.0#VAR 649 0 0.921675 0.0783253 
 ----> 1.3#6.6#4.0#14.0#VAR 650 1 0.910829 0.0891713 
 ----> 1.3#6.6#4.0#14.0#VAR 651 0 0.922726 0.0772744 
 ----> 1.3#6.6#4.0#14.0#VAR 652 0 0.926273 0.0737272 
 ----> 1.3#6.6#4.0#14.0#VAR 653 1 0.923418 0.0765818 
 ----> 1.3#6.6#4.0#14.0#VAR 654 0 0.921136 0.0788642 
 ----> 1.3#6.6#4.0#14.0#VAR 655 0 0.926924 0.0730758 
 ----> 1.3#6.6#4.0#14.0#VAR 656 0 0.926119 0.0738814 
 ----> 1.3#6.6#4.0#14.0#VAR 657 0 0.91821 0.0817904 
 ----> 1.3#6.6#4.0#14.0#VAR 658 0 0.922487 0.077513 
 ----> 1.3#6.6#4.0#14.0#VAR 659 0 0.926216 0.0737836 
 ----> 1.3#6.6#4.0#14.0#VAR 660 0 0.92741 0.0725905 
 ----> 1.3#6.6#4.0#14.0#VAR 661 1 0.913622 0.0863781 
 ----> 1.3#6.6#4.0#14.0#VAR 662 0 0.936082 0.0639176 
 ----> 1.3#6.6#4.0#14.0#VAR 663 0 0.932041 0.0679594 
 ----> 1.3#6.6#4.0#14.0#VAR 664 0 0.90454 0.0954598 
 ----> 1.3#6.6#4.0#14.0#VAR 665 0 0.900185 0.0998152 
 ----> 1.3#6.6#4.0#14.0#VAR 666 0 0.922981 0.0770186 
 ----> 1.3#6.6#4.0#14.0#VAR 667 0 0.936185 0.0638154 
 ----> 1.3#6.6#4.0#14.0#VAR 668 0 0.918816 0.0811845 
 ----> 1.3#6.6#4.0#14.0#VAR 669 0 0.91528 0.0847204 
 ----> 1.3#6.6#4.0#14.0#VAR 670 0 0.92314 0.0768601 
 ----> 1.3#6.6#4.0#14.0#VAR 671 1 0.875447 0.124553 
 ----> 1.3#6.6#4.0#14.0#VAR 672 0 0.928666 0.0713341 
 ----> 1.3#6.6#4.0#14.0#VAR 673 0 0.922213 0.0777874 
 ----> 1.3#6.6#4.0#14.0#VAR 674 0 0.925102 0.0748984 
 ----> 1.3#6.6#4.0#14.0#VAR 675 0 0.919565 0.0804345 
 ----> 1.3#6.6#4.0#14.0#VAR 676 0 0.926901 0.0730993 
 ----> 1.3#6.6#4.0#14.0#VAR 677 0 0.917997 0.0820032 
 ----> 1.3#6.6#4.0#14.0#VAR 678 0 0.92219 0.0778098 
 ----> 1.3#6.6#4.0#14.0#VAR 679 0 0.924819 0.0751806 
 ----> 1.3#6.6#4.0#14.0#VAR 680 0 0.929689 0.0703105 
 ----> 1.3#6.6#4.0#14.0#VAR 681 0 0.924323 0.0756769 
 ----> 1.3#6.6#4.0#14.0#VAR 682 0 0.927314 0.0726863 
 ----> 1.3#6.6#4.0#14.0#VAR 683 1 0.920714 0.0792864 
 ----> 1.3#6.6#4.0#14.0#VAR 684 0 0.91972 0.0802798 
 ----> 1.3#6.6#4.0#14.0#VAR 685 0 0.920823 0.0791774 
 ----> 1.3#6.6#4.0#14.0#VAR 686 0 0.920245 0.0797553 
 ----> 1.3#6.6#4.0#14.0#VAR 687 0 0.928839 0.0711612 
 ----> 1.3#6.6#4.0#14.0#VAR 688 0 0.920521 0.0794789 
 ----> 1.3#6.6#4.0#14.0#VAR 689 0 0.927592 0.0724082 
 ----> 1.3#6.6#4.0#14.0#VAR 690 0 0.931486 0.0685137 
 ----> 1.3#6.6#4.0#14.0#VAR 691 0 0.924188 0.0758115 
 ----> 1.3#6.6#4.0#14.0#VAR 692 0 0.92053 0.0794697 
 ----> 1.3#6.6#4.0#14.0#VAR 693 0 0.933526 0.0664744 
 ----> 1.3#6.6#4.0#14.0#VAR 694 0 0.926843 0.0731572 
 ----> 1.3#6.6#4.0#14.0#VAR 695 0 0.921381 0.0786193 
 ----> 1.3#6.6#4.0#14.0#VAR 696 0 0.927031 0.0729692 
 ----> 1.3#6.6#4.0#14.0#VAR 697 0 0.933101 0.0668993 
 ----> 1.3#6.6#4.0#14.0#VAR 698 0 0.926889 0.0731109 
 ----> 1.3#6.6#4.0#14.0#VAR 699 0 0.915398 0.0846022 
 ----> 1.3#6.6#4.0#14.0#VAR 700 0 0.921678 0.0783224 
 ----> 1.3#6.6#4.0#14.0#VAR 701 1 0.885901 0.114099 
 ----> 1.3#6.6#4.0#14.0#VAR 702 0 0.923679 0.0763211 
 ----> 1.3#6.6#4.0#14.0#VAR 703 0 0.920009 0.0799905 
 ----> 1.3#6.6#4.0#14.0#VAR 704 0 0.9337 0.0663003 
 ----> 1.3#6.6#4.0#14.0#VAR 705 0 0.928493 0.0715068 
 ----> 1.3#6.6#4.0#14.0#VAR 706 0 0.92734 0.0726604 
 ----> 1.3#6.6#4.0#14.0#VAR 707 0 0.917582 0.0824176 
 ----> 1.3#6.6#4.0#14.0#VAR 708 0 0.932739 0.0672609 
 ----> 1.3#6.6#4.0#14.0#VAR 709 0 0.927372 0.0726284 
 ----> 1.3#6.6#4.0#14.0#VAR 710 0 0.925359 0.0746408 
 ----> 1.3#6.6#4.0#14.0#VAR 711 0 0.925529 0.0744713 
 ----> 1.3#6.6#4.0#14.0#VAR 712 0 0.926731 0.0732693 
 ----> 1.3#6.6#4.0#14.0#VAR 713 0 0.930239 0.0697607 
 ----> 1.3#6.6#4.0#14.0#VAR 714 0 0.916939 0.0830611 
 ----> 1.3#6.6#4.0#14.0#VAR 715 0 0.927167 0.0728332 
 ----> 1.3#6.6#4.0#14.0#VAR 716 0 0.913434 0.0865659 
 ----> 1.3#6.6#4.0#14.0#VAR 717 1 0.90707 0.0929298 
 ----> 1.3#6.6#4.0#14.0#VAR 718 0 0.935117 0.0648827 
 ----> 1.3#6.6#4.0#14.0#VAR 719 0 0.931091 0.0689093 
 ----> 1.3#6.6#4.0#14.0#VAR 720 0 0.928863 0.0711373 
 ----> 1.3#6.6#4.0#14.0#VAR 721 0 0.905817 0.0941831 
 ----> 1.3#6.6#4.0#14.0#VAR 722 0 0.919137 0.0808632 
 ----> 1.3#6.6#4.0#14.0#VAR 723 0 0.92705 0.0729502 
 ----> 1.3#6.6#4.0#14.0#VAR 724 0 0.923095 0.0769051 
 ----> 1.3#6.6#4.0#14.0#VAR 725 0 0.930145 0.0698554 
 ----> 1.3#6.6#4.0#14.0#VAR 726 0 0.926452 0.0735477 
 ----> 1.3#6.6#4.0#14.0#VAR 727 0 0.920695 0.0793049 
 ----> 1.3#6.6#4.0#14.0#VAR 728 0 0.929992 0.0700084 
 ----> 1.3#6.6#4.0#14.0#VAR 729 0 0.91794 0.0820601 
 ----> 1.3#6.6#4.0#14.0#VAR 730 0 0.923908 0.0760922 
 ----> 1.3#6.6#4.0#14.0#VAR 731 0 0.929301 0.0706992 
 ----> 1.3#6.6#4.0#14.0#VAR 732 0 0.929426 0.070574 
 ----> 1.3#6.6#4.0#14.0#VAR 733 1 0.923563 0.0764366 
 ----> 1.3#6.6#4.0#14.0#VAR 734 0 0.921925 0.0780754 
 ----> 1.3#6.6#4.0#14.0#VAR 735 0 0.927526 0.0724735 
 ----> 1.3#6.6#4.0#14.0#VAR 736 1 0.908187 0.0918127 
 ----> 1.3#6.6#4.0#14.0#VAR 737 0 0.919555 0.0804448 
 ----> 1.3#6.6#4.0#14.0#VAR 738 0 0.924421 0.0755787 
 ----> 1.3#6.6#4.0#14.0#VAR 739 0 0.935725 0.0642746 
 ----> 1.3#6.6#4.0#14.0#VAR 740 0 0.92872 0.0712801 
 ----> 1.3#6.6#4.0#14.0#VAR 741 0 0.915874 0.0841259 
 ----> 1.3#6.6#4.0#14.0#VAR 742 0 0.917591 0.0824085 
 ----> 1.3#6.6#4.0#14.0#VAR 743 0 0.925282 0.0747182 
 ----> 1.3#6.6#4.0#14.0#VAR 744 0 0.920254 0.0797462 
 ----> 1.3#6.6#4.0#14.0#VAR 745 0 0.924607 0.0753931 
 ----> 1.3#6.6#4.0#14.0#VAR 746 0 0.935175 0.0648246 
 ----> 1.3#6.6#4.0#14.0#VAR 747 0 0.922483 0.0775167 
 ----> 1.3#6.6#4.0#14.0#VAR 748 0 0.928722 0.0712778 
 ----> 1.3#6.6#4.0#14.0#VAR 749 0 0.930078 0.0699216 
 ----> 1.3#6.6#4.0#14.0#VAR 750 0 0.922828 0.0771722 
 ----> 1.3#6.6#4.0#14.0#VAR 751 0 0.922683 0.0773168 
 ----> 1.3#6.6#4.0#14.0#VAR 752 0 0.922591 0.0774092 
 ----> 1.3#6.6#4.0#14.0#VAR 753 0 0.922701 0.0772986 
 ----> 1.3#6.6#4.0#14.0#VAR 754 0 0.926284 0.073716 
 ----> 1.3#6.6#4.0#14.0#VAR 755 0 0.925259 0.074741 
 ----> 1.3#6.6#4.0#14.0#VAR 756 0 0.920482 0.0795179 
 ----> 1.3#6.6#4.0#14.0#VAR 757 0 0.925409 0.0745914 
 ----> 1.3#6.6#4.0#14.0#VAR 758 0 0.921127 0.0788727 
 ----> 1.3#6.6#4.0#14.0#VAR 759 0 0.927693 0.0723074 
 ----> 1.3#6.6#4.0#14.0#VAR 760 0 0.92862 0.0713805 
 ----> 1.3#6.6#4.0#14.0#VAR 761 0 0.913885 0.0861147 
 ----> 1.3#6.6#4.0#14.0#VAR 762 0 0.927285 0.0727147 
 ----> 1.3#6.6#4.0#14.0#VAR 763 0 0.926464 0.0735358 
 ----> 1.3#6.6#4.0#14.0#VAR 764 0 0.925902 0.0740978 
 ----> 1.3#6.6#4.0#14.0#VAR 765 0 0.922677 0.0773229 
 ----> 1.3#6.6#4.0#14.0#VAR 766 0 0.933043 0.0669567 
 ----> 1.3#6.6#4.0#14.0#VAR 767 0 0.926645 0.0733546 
 ----> 1.3#6.6#4.0#14.0#VAR 768 0 0.921047 0.0789532 
 ----> 1.3#6.6#4.0#14.0#VAR 769 0 0.92531 0.0746904 
 ----> 1.3#6.6#4.0#14.0#VAR 770 0 0.927003 0.0729966 
 ----> 1.3#6.6#4.0#14.0#VAR 771 1 0.884864 0.115136 
 ----> 1.3#6.6#4.0#14.0#VAR 772 0 0.924407 0.0755926 
 ----> 1.3#6.6#4.0#14.0#VAR 773 0 0.925403 0.0745972 
 ----> 1.3#6.6#4.0#14.0#VAR 774 0 0.924126 0.0758741 
 ----> 1.3#6.6#4.0#14.0#VAR 775 0 0.931003 0.0689966 
 ----> 1.3#6.6#4.0#14.0#VAR 776 0 0.923351 0.0766494 
 ----> 1.3#6.6#4.0#14.0#VAR 777 1 0.920379 0.0796213 
 ----> 1.3#6.6#4.0#14.0#VAR 778 0 0.916955 0.0830445 
 ----> 1.3#6.6#4.0#14.0#VAR 779 0 0.924529 0.0754708 
 ----> 1.3#6.6#4.0#14.0#VAR 780 0 0.921808 0.0781923 
 ----> 1.3#6.6#4.0#14.0#VAR 781 0 0.922681 0.0773192 
 ----> 1.3#6.6#4.0#14.0#VAR 782 0 0.928594 0.0714059 
 ----> 1.3#6.6#4.0#14.0#VAR 783 0 0.926458 0.0735415 
 ----> 1.3#6.6#4.0#14.0#VAR 784 0 0.91598 0.0840199 
 ----> 1.3#6.6#4.0#14.0#VAR 785 0 0.918665 0.0813353 
 ----> 1.3#6.6#4.0#14.0#VAR 786 0 0.916607 0.0833926 
 ----> 1.3#6.6#4.0#14.0#VAR 787 0 0.90901 0.0909902 
 ----> 1.3#6.6#4.0#14.0#VAR 788 0 0.920955 0.0790448 
 ----> 1.3#6.6#4.0#14.0#VAR 789 0 0.924528 0.0754724 
 ----> 1.3#6.6#4.0#14.0#VAR 790 0 0.923507 0.0764925 
 ----> 1.3#6.6#4.0#14.0#VAR 791 1 0.916215 0.0837853 
 ----> 1.3#6.6#4.0#14.0#VAR 792 0 0.933588 0.0664123 
 ----> 1.3#6.6#4.0#14.0#VAR 793 0 0.922991 0.0770091 
 ----> 1.3#6.6#4.0#14.0#VAR 794 0 0.910966 0.0890336 
 ----> 1.3#6.6#4.0#14.0#VAR 795 0 0.926919 0.0730813 
 ----> 1.3#6.6#4.0#14.0#VAR 796 0 0.930389 0.0696112 
 ----> 1.3#6.6#4.0#14.0#VAR 797 0 0.922063 0.0779369 
 ----> 1.3#6.6#4.0#14.0#VAR 798 1 0.919391 0.0806092 
 ----> 1.3#6.6#4.0#14.0#VAR 799 0 0.920071 0.0799288 
 ----> 1.3#6.6#4.0#14.0#VAR 800 0 0.920942 0.0790583 
 ----> 1.3#6.6#4.0#14.0#VAR 801 1 0.9149 0.0850998 
 ----> 1.3#6.6#4.0#14.0#VAR 802 0 0.92364 0.0763596 
 ----> 1.3#6.6#4.0#14.0#VAR 803 1 0.918094 0.0819063 
 ----> 1.3#6.6#4.0#14.0#VAR 804 0 0.923415 0.0765852 
 ----> 1.3#6.6#4.0#14.0#VAR 805 0 0.911957 0.0880429 
 ----> 1.3#6.6#4.0#14.0#VAR 806 1 0.909815 0.0901854 
 ----> 1.3#6.6#4.0#14.0#VAR 807 0 0.92391 0.0760904 
 ----> 1.3#6.6#4.0#14.0#VAR 808 0 0.929262 0.070738 
 ----> 1.3#6.6#4.0#14.0#VAR 809 0 0.926074 0.073926 
 ----> 1.3#6.6#4.0#14.0#VAR 810 0 0.926973 0.073027 
 ----> 1.3#6.6#4.0#14.0#VAR 811 1 0.914344 0.0856561 
 ----> 1.3#6.6#4.0#14.0#VAR 812 0 0.923387 0.0766131 
 ----> 1.3#6.6#4.0#14.0#VAR 813 0 0.92627 0.0737303 
 ----> 1.3#6.6#4.0#14.0#VAR 814 0 0.926742 0.0732576 
 ----> 1.3#6.6#4.0#14.0#VAR 815 0 0.921117 0.0788831 
 ----> 1.3#6.6#4.0#14.0#VAR 816 0 0.922382 0.0776176 
 ----> 1.3#6.6#4.0#14.0#VAR 817 1 0.910418 0.0895815 
 ----> 1.3#6.6#4.0#14.0#VAR 818 0 0.92503 0.0749699 
 ----> 1.3#6.6#4.0#14.0#VAR 819 0 0.924305 0.0756945 
 ----> 1.3#6.6#4.0#14.0#VAR 820 0 0.922527 0.0774728 
 ----> 1.3#6.6#4.0#14.0#VAR 821 0 0.923154 0.0768461 
 ----> 1.3#6.6#4.0#14.0#VAR 822 0 0.921317 0.0786825 
 ----> 1.3#6.6#4.0#14.0#VAR 823 1 0.917589 0.0824109 
 ----> 1.3#6.6#4.0#14.0#VAR 824 0 0.930707 0.0692934 
 ----> 1.3#6.6#4.0#14.0#VAR 825 0 0.919438 0.0805623 
 ----> 1.3#6.6#4.0#14.0#VAR 826 0 0.923813 0.0761867 
 ----> 1.3#6.6#4.0#14.0#VAR 827 0 0.906491 0.0935094 
 ----> 1.3#6.6#4.0#14.0#VAR 828 0 0.920396 0.0796041 
 ----> 1.3#6.6#4.0#14.0#VAR 829 0 0.923027 0.0769731 
 ----> 1.3#6.6#4.0#14.0#VAR 830 0 0.923302 0.0766978 
 ----> 1.3#6.6#4.0#14.0#VAR 831 0 0.922356 0.0776444 
 ----> 1.3#6.6#4.0#14.0#VAR 832 0 0.91354 0.0864597 
 ----> 1.3#6.6#4.0#14.0#VAR 833 0 0.924122 0.0758776 
 ----> 1.3#6.6#4.0#14.0#VAR 834 0 0.924325 0.0756754 
 ----> 1.3#6.6#4.0#14.0#VAR 835 1 0.9185 0.0814998 
 ----> 1.3#6.6#4.0#14.0#VAR 836 1 0.914208 0.085792 
 ----> 1.3#6.6#4.0#14.0#VAR 837 1 0.914875 0.0851255 
 ----> 1.3#6.6#4.0#14.0#VAR 838 1 0.905718 0.0942823 
 ----> 1.3#6.6#4.0#14.0#VAR 839 0 0.929583 0.0704175 
 ----> 1.3#6.6#4.0#14.0#VAR 840 0 0.926987 0.0730126 
 ----> 1.3#6.6#4.0#14.0#VAR 841 0 0.915041 0.0849591 
 ----> 1.3#6.6#4.0#14.0#VAR 842 0 0.925365 0.0746351 
 ----> 1.3#6.6#4.0#14.0#VAR 843 0 0.923246 0.0767542 
 ----> 1.3#6.6#4.0#14.0#VAR 844 0 0.919932 0.0800682 
 ----> 1.3#6.6#4.0#14.0#VAR 845 0 0.927578 0.0724219 
 ----> 1.3#6.6#4.0#14.0#VAR 846 0 0.922907 0.0770928 
 ----> 1.3#6.6#4.0#14.0#VAR 847 0 0.923031 0.076969 
 ----> 1.3#6.6#4.0#14.0#VAR 848 0 0.916921 0.0830791 
 ----> 1.3#6.6#4.0#14.0#VAR 849 0 0.937328 0.0626716 
 ----> 1.3#6.6#4.0#14.0#VAR 850 0 0.920267 0.0797329 
 ----> 1.3#6.6#4.0#14.0#VAR 851 0 0.915891 0.0841093 
 ----> 1.3#6.6#4.0#14.0#VAR 852 0 0.935798 0.0642021 
 ----> 1.3#6.6#4.0#14.0#VAR 853 0 0.919843 0.0801568 
 ----> 1.3#6.6#4.0#14.0#VAR 854 0 0.926049 0.0739514 
 ----> 1.3#6.6#4.0#14.0#VAR 855 0 0.929274 0.0707264 
 ----> 1.3#6.6#4.0#14.0#VAR 856 0 0.91943 0.0805704 
 ----> 1.3#6.6#4.0#14.0#VAR 857 0 0.937396 0.0626036 
 ----> 1.3#6.6#4.0#14.0#VAR 858 1 0.888506 0.111494 
 ----> 1.3#6.6#4.0#14.0#VAR 859 0 0.936568 0.0634323 
 ----> 1.3#6.6#4.0#14.0#VAR 860 0 0.927514 0.0724862 
 ----> 1.3#6.6#4.0#14.0#VAR 861 0 0.923882 0.0761176 
 ----> 1.3#6.6#4.0#14.0#VAR 862 0 0.919933 0.0800667 
 ----> 1.3#6.6#4.0#14.0#VAR 863 0 0.934365 0.0656351 
 ----> 1.3#6.6#4.0#14.0#VAR 864 0 0.929371 0.0706292 
 ----> 1.3#6.6#4.0#14.0#VAR 865 0 0.932299 0.0677006 
 ----> 1.3#6.6#4.0#14.0#VAR 866 0 0.926955 0.0730445 
 ----> 1.3#6.6#4.0#14.0#VAR 867 0 0.920413 0.0795873 
 ----> 1.3#6.6#4.0#14.0#VAR 868 0 0.915542 0.0844578 
 ----> 1.3#6.6#4.0#14.0#VAR 869 1 0.914489 0.0855108 
 ----> 1.3#6.6#4.0#14.0#VAR 870 0 0.918388 0.081612 
 ----> 1.3#6.6#4.0#14.0#VAR 871 0 0.922189 0.0778112 
 ----> 1.3#6.6#4.0#14.0#VAR 872 0 0.923866 0.0761343 
 ----> 1.3#6.6#4.0#14.0#VAR 873 0 0.932852 0.0671482 
 ----> 1.3#6.6#4.0#14.0#VAR 874 0 0.915959 0.0840414 
 ----> 1.3#6.6#4.0#14.0#VAR 875 0 0.915681 0.0843185 
 ----> 1.3#6.6#4.0#14.0#VAR 876 0 0.918248 0.0817524 
 ----> 1.3#6.6#4.0#14.0#VAR 877 0 0.931078 0.0689217 
 ----> 1.3#6.6#4.0#14.0#VAR 878 0 0.931689 0.0683106 
 ----> 1.3#6.6#4.0#14.0#VAR 879 0 0.918943 0.0810571 
 ----> 1.3#6.6#4.0#14.0#VAR 880 0 0.923173 0.0768275 
 ----> 1.3#6.6#4.0#14.0#VAR 881 0 0.928005 0.0719954 
 ----> 1.3#6.6#4.0#14.0#VAR 882 0 0.926264 0.0737361 
 ----> 1.3#6.6#4.0#14.0#VAR 883 0 0.920272 0.0797277 
 ----> 1.3#6.6#4.0#14.0#VAR 884 0 0.930684 0.0693163 
 ----> 1.3#6.6#4.0#14.0#VAR 885 0 0.92839 0.0716102 
 ----> 1.3#6.6#4.0#14.0#VAR 886 1 0.882945 0.117055 
 ----> 1.3#6.6#4.0#14.0#VAR 887 0 0.926342 0.073658 
 ----> 1.3#6.6#4.0#14.0#VAR 888 0 0.924686 0.0753136 
 ----> 1.3#6.6#4.0#14.0#VAR 889 0 0.92714 0.07286 
 ----> 1.3#6.6#4.0#14.0#VAR 890 0 0.923732 0.0762677 
 ----> 1.3#6.6#4.0#14.0#VAR 891 0 0.912068 0.0879321 
 ----> 1.3#6.6#4.0#14.0#VAR 892 0 0.915239 0.0847606 
 ----> 1.3#6.6#4.0#14.0#VAR 893 0 0.925456 0.074544 
 ----> 1.3#6.6#4.0#14.0#VAR 894 0 0.912511 0.087489 
 ----> 1.3#6.6#4.0#14.0#VAR 895 0 0.922282 0.0777182 
 ----> 1.3#6.6#4.0#14.0#VAR 896 1 0.920033 0.0799667 
 ----> 1.3#6.6#4.0#14.0#VAR 897 1 0.916974 0.0830263 
 ----> 1.3#6.6#4.0#14.0#VAR 898 0 0.916005 0.0839952 
 ----> 1.3#6.6#4.0#14.0#VAR 899 0 0.930319 0.0696814 
 ----> 1.3#6.6#4.0#14.0#VAR 900 0 0.916111 0.0838887 
 ----> 1.3#6.6#4.0#14.0#VAR 901 0 0.912312 0.0876882 
 ----> 1.3#6.6#4.0#14.0#VAR 902 0 0.923745 0.0762554 
 ----> 1.3#6.6#4.0#14.0#VAR 903 0 0.931724 0.0682763 
 ----> 1.3#6.6#4.0#14.0#VAR 904 1 0.923926 0.0760738 
 ----> 1.3#6.6#4.0#14.0#VAR 905 0 0.922364 0.0776363 
 ----> 1.3#6.6#4.0#14.0#VAR 906 0 0.927805 0.072195 
 ----> 1.3#6.6#4.0#14.0#VAR 907 0 0.923767 0.0762326 
 ----> 1.3#6.6#4.0#14.0#VAR 908 0 0.924244 0.0757555 
 ----> 1.3#6.6#4.0#14.0#VAR 909 0 0.924236 0.0757637 
 ----> 1.3#6.6#4.0#14.0#VAR 910 0 0.920844 0.0791563 
 ----> 1.3#6.6#4.0#14.0#VAR 911 0 0.927752 0.0722484 
 ----> 1.3#6.6#4.0#14.0#VAR 912 0 0.916888 0.0831122 
 ----> 1.3#6.6#4.0#14.0#VAR 913 0 0.92793 0.0720703 
 ----> 1.3#6.6#4.0#14.0#VAR 914 0 0.918667 0.0813332 
 ----> 1.3#6.6#4.0#14.0#VAR 915 0 0.922399 0.0776006 
 ----> 1.3#6.6#4.0#14.0#VAR 916 0 0.919082 0.0809179 
 ----> 1.3#6.6#4.0#14.0#VAR 917 0 0.937336 0.0626644 
 ----> 1.3#6.6#4.0#14.0#VAR 918 0 0.925341 0.0746589 
 ----> 1.3#6.6#4.0#14.0#VAR 919 0 0.923588 0.0764125 
 ----> 1.3#6.6#4.0#14.0#VAR 920 0 0.924654 0.0753465 
 ----> 1.3#6.6#4.0#14.0#VAR 921 1 0.921846 0.0781537 
 ----> 1.3#6.6#4.0#14.0#VAR 922 0 0.921001 0.0789987 
 ----> 1.3#6.6#4.0#14.0#VAR 923 0 0.933836 0.066164 
 ----> 1.3#6.6#4.0#14.0#VAR 924 0 0.919742 0.0802576 
 ----> 1.3#6.6#4.0#14.0#VAR 925 0 0.927976 0.0720245 
 ----> 1.3#6.6#4.0#14.0#VAR 926 0 0.90922 0.0907801 
 ----> 1.3#6.6#4.0#14.0#VAR 927 0 0.913479 0.0865215 
 ----> 1.3#6.6#4.0#14.0#VAR 928 0 0.92294 0.0770596 
 ----> 1.3#6.6#4.0#14.0#VAR 929 0 0.91799 0.0820101 
 ----> 1.3#6.6#4.0#14.0#VAR 930 1 0.913954 0.0860465 
 ----> 1.3#6.6#4.0#14.0#VAR 931 0 0.919706 0.0802939 
 ----> 1.3#6.6#4.0#14.0#VAR 932 0 0.932938 0.0670618 
 ----> 1.3#6.6#4.0#14.0#VAR 933 0 0.929655 0.0703448 
 ----> 1.3#6.6#4.0#14.0#VAR 934 0 0.909878 0.090122 
 ----> 1.3#6.6#4.0#14.0#VAR 935 0 0.926228 0.0737724 
 ----> 1.3#6.6#4.0#14.0#VAR 936 1 0.910915 0.0890846 
 ----> 1.3#6.6#4.0#14.0#VAR 937 0 0.917331 0.0826687 
 ----> 1.3#6.6#4.0#14.0#VAR 938 0 0.915739 0.0842612 
 ----> 1.3#6.6#4.0#14.0#VAR 939 0 0.928966 0.0710335 
 ----> 1.3#6.6#4.0#14.0#VAR 940 0 0.915367 0.0846331 
 ----> 1.3#6.6#4.0#14.0#VAR 941 0 0.915282 0.0847176 
 ----> 1.3#6.6#4.0#14.0#VAR 942 0 0.927585 0.0724147 
 ----> 1.3#6.6#4.0#14.0#VAR 943 0 0.927273 0.0727273 
 ----> 1.3#6.6#4.0#14.0#VAR 944 0 0.918767 0.0812328 
 ----> 1.3#6.6#4.0#14.0#VAR 945 0 0.926918 0.073082 
 ----> 1.3#6.6#4.0#14.0#VAR 946 0 0.911308 0.0886923 
 ----> 1.3#6.6#4.0#14.0#VAR 947 1 0.910467 0.0895331 
 ----> 1.3#6.6#4.0#14.0#VAR 948 0 0.925384 0.0746161 
 ----> 1.3#6.6#4.0#14.0#VAR 949 0 0.932485 0.0675151 
 ----> 1.3#6.6#4.0#14.0#VAR 950 0 0.929958 0.0700423 
 ----> 1.3#6.6#4.0#14.0#VAR 951 0 0.924168 0.0758325 
 ----> 1.3#6.6#4.0#14.0#VAR 952 0 0.924634 0.0753658 
 ----> 1.3#6.6#4.0#14.0#VAR 953 0 0.921064 0.0789356 
 ----> 1.3#6.6#4.0#14.0#VAR 954 0 0.919979 0.0800215 
 ----> 1.3#6.6#4.0#14.0#VAR 955 0 0.927462 0.072538 
 ----> 1.3#6.6#4.0#14.0#VAR 956 0 0.922451 0.0775494 
 ----> 1.3#6.6#4.0#14.0#VAR 957 0 0.92196 0.07804 
 ----> 1.3#6.6#4.0#14.0#VAR 958 0 0.922406 0.0775944 
 ----> 1.3#6.6#4.0#14.0#VAR 959 0 0.911286 0.0887143 
 ----> 1.3#6.6#4.0#14.0#VAR 960 0 0.93149 0.0685103 
 ----> 1.3#6.6#4.0#14.0#VAR 961 0 0.918924 0.0810756 
 ----> 1.3#6.6#4.0#14.0#VAR 962 0 0.925098 0.0749022 
 ----> 1.3#6.6#4.0#14.0#VAR 963 0 0.925656 0.074344 
 ----> 1.3#6.6#4.0#14.0#VAR 964 0 0.920263 0.0797372 
 ----> 1.3#6.6#4.0#14.0#VAR 965 0 0.926609 0.0733913 
 ----> 1.3#6.6#4.0#14.0#VAR 966 0 0.932594 0.0674061 
 ----> 1.3#6.6#4.0#14.0#VAR 967 0 0.925456 0.0745443 
 ----> 1.3#6.6#4.0#14.0#VAR 968 0 0.924166 0.0758343 
 ----> 1.3#6.6#4.0#14.0#VAR 969 0 0.921474 0.0785264 
 ----> 1.3#6.6#4.0#14.0#VAR 970 0 0.908457 0.0915426 
 ----> 1.3#6.6#4.0#14.0#VAR 971 0 0.922308 0.0776922 
 ----> 1.3#6.6#4.0#14.0#VAR 972 0 0.93074 0.0692596 
 ----> 1.3#6.6#4.0#14.0#VAR 973 0 0.920741 0.0792592 
 ----> 1.3#6.6#4.0#14.0#VAR 974 0 0.922882 0.0771176 
 ----> 1.3#6.6#4.0#14.0#VAR 975 0 0.924981 0.075019 
 ----> 1.3#6.6#4.0#14.0#VAR 976 1 0.91462 0.0853796 
 ----> 1.3#6.6#4.0#14.0#VAR 977 0 0.922181 0.077819 
 ----> 1.3#6.6#4.0#14.0#VAR 978 0 0.934502 0.0654982 
 ----> 1.3#6.6#4.0#14.0#VAR 979 0 0.921923 0.0780767 
 ----> 1.3#6.6#4.0#14.0#VAR 980 0 0.921239 0.0787613 
 ----> 1.3#6.6#4.0#14.0#VAR 981 0 0.922297 0.0777034 
 ----> 1.3#6.6#4.0#14.0#VAR 982 0 0.925726 0.074274 
 ----> 1.3#6.6#4.0#14.0#VAR 983 0 0.926262 0.0737376 
 ----> 1.3#6.6#4.0#14.0#VAR 984 0 0.921431 0.0785687 
 ----> 1.3#6.6#4.0#14.0#VAR 985 0 0.908377 0.0916227 
 ----> 1.3#6.6#4.0#14.0#VAR 986 0 0.927632 0.0723681 
 ----> 1.3#6.6#4.0#14.0#VAR 987 0 0.928411 0.0715894 
 ----> 1.3#6.6#4.0#14.0#VAR 988 0 0.915048 0.0849521 
 ----> 1.3#6.6#4.0#14.0#VAR 989 0 0.926719 0.0732812 
 ----> 1.3#6.6#4.0#14.0#VAR 990 0 0.923332 0.0766679 
 ----> 1.3#6.6#4.0#14.0#VAR 991 0 0.910356 0.0896435 
 ----> 1.3#6.6#4.0#14.0#VAR 992 0 0.926224 0.0737761 
 ----> 1.3#6.6#4.0#14.0#VAR 993 0 0.931531 0.0684686 
 ----> 1.3#6.6#4.0#14.0#VAR 994 0 0.918152 0.0818478 
 ----> 1.3#6.6#4.0#14.0#VAR 995 0 0.919548 0.0804521 
 ----> 1.3#6.6#4.0#14.0#VAR 996 0 0.912042 0.0879582 
 ----> 1.3#6.6#4.0#14.0#VAR 997 0 0.928189 0.0718107 
 ----> 1.3#6.6#4.0#14.0#VAR 998 0 0.923229 0.0767709 
 ----> 1.3#6.6#4.0#14.0#VAR 999 0 0.918851 0.081149 
 ----> 1.3#6.6#4.0#14.0#VAR 1000 0 0.92218 0.0778198 
 ----> 1.3#6.6#4.0#14.0#VAR 1001 0 0.921785 0.0782151 
 ----> 1.3#6.6#4.0#14.0#VAR 1002 0 0.925692 0.0743081 
 ----> 1.3#6.6#4.0#14.0#VAR 1003 0 0.930493 0.0695074 
 ----> 1.3#6.6#4.0#14.0#VAR 1004 0 0.907666 0.0923342 
 ----> 1.3#6.6#4.0#14.0#VAR 1005 0 0.921097 0.0789034 
 ----> 1.3#6.6#4.0#14.0#VAR 1006 0 0.917705 0.0822946 
 ----> 1.3#6.6#4.0#14.0#VAR 1007 0 0.933137 0.0668634 
 ----> 1.3#6.6#4.0#14.0#VAR 1008 0 0.912138 0.0878618 
 ----> 1.3#6.6#4.0#14.0#VAR 1009 0 0.92874 0.0712598 
 ----> 1.3#6.6#4.0#14.0#VAR 1010 0 0.925614 0.0743859 
 ----> 1.3#6.6#4.0#14.0#VAR 1011 0 0.929859 0.0701414 
 ----> 1.3#6.6#4.0#14.0#VAR 1012 1 0.909754 0.0902456 
 ----> 1.3#6.6#4.0#14.0#VAR 1013 0 0.923522 0.0764775 
 ----> 1.3#6.6#4.0#14.0#VAR 1014 0 0.936454 0.0635462 
 ----> 1.3#6.6#4.0#14.0#VAR 1015 1 0.90988 0.0901201 
 ----> 1.3#6.6#4.0#14.0#VAR 1016 0 0.932429 0.0675706 
 ----> 1.3#6.6#4.0#14.0#VAR 1017 0 0.936363 0.0636365 
 ----> 1.3#6.6#4.0#14.0#VAR 1018 0 0.923974 0.0760262 
 ----> 1.3#6.6#4.0#14.0#VAR 1019 0 0.929884 0.0701161 
 ----> 1.3#6.6#4.0#14.0#VAR 1020 0 0.919198 0.0808024 
 ----> 1.3#6.6#4.0#14.0#VAR 1021 0 0.918214 0.0817859 
 ----> 1.3#6.6#4.0#14.0#VAR 1022 1 0.896573 0.103427 
 ----> 1.3#6.6#4.0#14.0#VAR 1023 0 0.913104 0.0868965 
 ----> 1.3#6.6#4.0#14.0#VAR 1024 0 0.928377 0.0716233 
 ----> 1.3#6.6#4.0#14.0#VAR 1025 0 0.911837 0.0881631 
 ----> 1.3#6.6#4.0#14.0#VAR 1026 0 0.917205 0.0827949 
 ----> 1.3#6.6#4.0#14.0#VAR 1027 0 0.929235 0.0707654 
 ----> 1.3#6.6#4.0#14.0#VAR 1028 0 0.925907 0.0740933 
 ----> 1.3#6.6#4.0#14.0#VAR 1029 1 0.913299 0.0867006 
 ----> 1.3#6.6#4.0#14.0#VAR 1030 0 0.914745 0.0852553 
 ----> 1.3#6.6#4.0#14.0#VAR 1031 0 0.923768 0.0762324 
 ----> 1.3#6.6#4.0#14.0#VAR 1032 0 0.928462 0.0715379 
 ----> 1.3#6.6#4.0#14.0#VAR 1033 0 0.929907 0.0700932 
 ----> 1.3#6.6#4.0#14.0#VAR 1034 1 0.913528 0.0864723 
 ----> 1.3#6.6#4.0#14.0#VAR 1035 0 0.924928 0.0750718 
 ----> 1.3#6.6#4.0#14.0#VAR 1036 0 0.925171 0.0748287 
 ----> 1.3#6.6#4.0#14.0#VAR 1037 1 0.902368 0.0976322 
 ----> 1.3#6.6#4.0#14.0#VAR 1038 0 0.912519 0.0874815 
 ----> 1.3#6.6#4.0#14.0#VAR 1039 0 0.927006 0.0729943 
 ----> 1.3#6.6#4.0#14.0#VAR 1040 0 0.928896 0.0711044 
 ----> 1.3#6.6#4.0#14.0#VAR 1041 0 0.923292 0.0767082 
 ----> 1.3#6.6#4.0#14.0#VAR 1042 0 0.921533 0.0784667 
 ----> 1.3#6.6#4.0#14.0#VAR 1043 0 0.923954 0.0760457 
 ----> 1.3#6.6#4.0#14.0#VAR 1044 0 0.911481 0.088519 
 ----> 1.3#6.6#4.0#14.0#VAR 1045 0 0.920059 0.0799409 
 ----> 1.3#6.6#4.0#14.0#VAR 1046 0 0.923398 0.0766019 
 ----> 1.3#6.6#4.0#14.0#VAR 1047 0 0.925449 0.0745509 
 ----> 1.3#6.6#4.0#14.0#VAR 1048 0 0.929709 0.0702908 
 ----> 1.3#6.6#4.0#14.0#VAR 1049 0 0.917228 0.0827718 
 ----> 1.3#6.6#4.0#14.0#VAR 1050 0 0.912687 0.0873126 
 ----> 1.3#6.6#4.0#14.0#VAR 1051 0 0.930584 0.0694163 
 ----> 1.3#6.6#4.0#14.0#VAR 1052 0 0.928027 0.0719731 
 ----> 1.3#6.6#4.0#14.0#VAR 1053 0 0.91777 0.0822302 
 ----> 1.3#6.6#4.0#14.0#VAR 1054 0 0.924212 0.0757875 
 ----> 1.3#6.6#4.0#14.0#VAR 1055 0 0.919802 0.0801979 
 ----> 1.3#6.6#4.0#14.0#VAR 1056 0 0.92572 0.0742804 
 ----> 1.3#6.6#4.0#14.0#VAR 1057 0 0.929338 0.0706623 
 ----> 1.3#6.6#4.0#14.0#VAR 1058 0 0.930091 0.0699087 
 ----> 1.3#6.6#4.0#14.0#VAR 1059 0 0.914691 0.085309 
 ----> 1.3#6.6#4.0#14.0#VAR 1060 0 0.91382 0.0861795 
 ----> 1.3#6.6#4.0#14.0#VAR 1061 0 0.928689 0.0713112 
 ----> 1.3#6.6#4.0#14.0#VAR 1062 0 0.920144 0.0798558 
 ----> 1.3#6.6#4.0#14.0#VAR 1063 0 0.917768 0.0822316 
 ----> 1.3#6.6#4.0#14.0#VAR 1064 0 0.935949 0.0640514 
 ----> 1.3#6.6#4.0#14.0#VAR 1065 0 0.926417 0.0735832 
 ----> 1.3#6.6#4.0#14.0#VAR 1066 0 0.924032 0.0759683 
 ----> 1.3#6.6#4.0#14.0#VAR 1067 0 0.925734 0.0742658 
 ----> 1.3#6.6#4.0#14.0#VAR 1068 0 0.928797 0.0712031 
 ----> 1.3#6.6#4.0#14.0#VAR 1069 0 0.927529 0.0724708 
 ----> 1.3#6.6#4.0#14.0#VAR 1070 0 0.924843 0.0751575 
 ----> 1.3#6.6#4.0#14.0#VAR 1071 0 0.927738 0.072262 
 ----> 1.3#6.6#4.0#14.0#VAR 1072 0 0.93036 0.0696403 
 ----> 1.3#6.6#4.0#14.0#VAR 1073 0 0.917671 0.0823294 
 ----> 1.3#6.6#4.0#14.0#VAR 1074 0 0.930403 0.0695965 
 ----> 1.3#6.6#4.0#14.0#VAR 1075 0 0.916565 0.0834351 
 ----> 1.3#6.6#4.0#14.0#VAR 1076 0 0.933284 0.0667156 
 ----> 1.3#6.6#4.0#14.0#VAR 1077 0 0.909045 0.0909551 
 ----> 1.3#6.6#4.0#14.0#VAR 1078 0 0.936831 0.0631694 
 ----> 1.3#6.6#4.0#14.0#VAR 1079 0 0.934226 0.0657744 
 ----> 1.3#6.6#4.0#14.0#VAR 1080 0 0.917486 0.0825144 
 ----> 1.3#6.6#4.0#14.0#VAR 1081 0 0.93492 0.06508 
 ----> 1.3#6.6#4.0#14.0#VAR 1082 0 0.923964 0.0760355 
 ----> 1.3#6.6#4.0#14.0#VAR 1083 0 0.925625 0.0743754 
 ----> 1.3#6.6#4.0#14.0#VAR 1084 0 0.916714 0.0832856 
 ----> 1.3#6.6#4.0#14.0#VAR 1085 0 0.916659 0.0833413 
 ----> 1.3#6.6#4.0#14.0#VAR 1086 0 0.925564 0.0744359 
 ----> 1.3#6.6#4.0#14.0#VAR 1087 0 0.928409 0.0715909 
 ----> 1.3#6.6#4.0#14.0#VAR 1088 0 0.919398 0.0806021 
 ----> 1.3#6.6#4.0#14.0#VAR 1089 0 0.91396 0.0860404 
 ----> 1.3#6.6#4.0#14.0#VAR 1090 0 0.928004 0.0719957 
 ----> 1.3#6.6#4.0#14.0#VAR 1091 0 0.920355 0.0796453 
 ----> 1.3#6.6#4.0#14.0#VAR 1092 0 0.919752 0.0802477 
 ----> 1.3#6.6#4.0#14.0#VAR 1093 0 0.922911 0.0770886 
 ----> 1.3#6.6#4.0#14.0#VAR 1094 0 0.925383 0.0746168 
 ----> 1.3#6.6#4.0#14.0#VAR 1095 0 0.915459 0.0845412 
 ----> 1.3#6.6#4.0#14.0#VAR 1096 0 0.918913 0.0810872 
 ----> 1.3#6.6#4.0#14.0#VAR 1097 0 0.922953 0.0770467 
 ----> 1.3#6.6#4.0#14.0#VAR 1098 0 0.918815 0.081185 
 ----> 1.3#6.6#4.0#14.0#VAR 1099 0 0.925125 0.0748747 
 ----> 1.3#6.6#4.0#14.0#VAR 1100 0 0.913251 0.0867486 
 ----> 1.3#6.6#4.0#14.0#VAR 1101 0 0.920174 0.0798261 
 ----> 1.3#6.6#4.0#14.0#VAR 1102 1 0.908232 0.0917678 
 ----> 1.3#6.6#4.0#14.0#VAR 1103 0 0.93122 0.0687802 
 ----> 1.3#6.6#4.0#14.0#VAR 1104 0 0.921265 0.0787354 
 ----> 1.3#6.6#4.0#14.0#VAR 1105 0 0.911162 0.0888379 
 ----> 1.3#6.6#4.0#14.0#VAR 1106 0 0.918346 0.0816536 
 ----> 1.3#6.6#4.0#14.0#VAR 1107 1 0.904093 0.0959069 
 ----> 1.3#6.6#4.0#14.0#VAR 1108 0 0.920927 0.0790729 
 ----> 1.3#6.6#4.0#14.0#VAR 1109 1 0.913118 0.0868824 
 ----> 1.3#6.6#4.0#14.0#VAR 1110 0 0.919886 0.0801142 
 ----> 1.3#6.6#4.0#14.0#VAR 1111 1 0.894345 0.105655 
 ----> 1.3#6.6#4.0#14.0#VAR 1112 1 0.909255 0.0907454 
 ----> 1.3#6.6#4.0#14.0#VAR 1113 0 0.927439 0.0725606 
 ----> 1.3#6.6#4.0#14.0#VAR 1114 0 0.923413 0.0765866 
 ----> 1.3#6.6#4.0#14.0#VAR 1115 0 0.9116 0.0884003 
 ----> 1.3#6.6#4.0#14.0#VAR 1116 0 0.919914 0.0800865 
 ----> 1.3#6.6#4.0#14.0#VAR 1117 0 0.901643 0.0983568 
 ----> 1.3#6.6#4.0#14.0#VAR 1118 0 0.920139 0.0798611 
 ----> 1.3#6.6#4.0#14.0#VAR 1119 0 0.924286 0.0757143 
 ----> 1.3#6.6#4.0#14.0#VAR 1120 1 0.902989 0.0970113 
 ----> 1.3#6.6#4.0#14.0#VAR 1121 0 0.922147 0.0778532 
 ----> 1.3#6.6#4.0#14.0#VAR 1122 0 0.93496 0.0650401 
 ----> 1.3#6.6#4.0#14.0#VAR 1123 0 0.92375 0.0762502 
 ----> 1.3#6.6#4.0#14.0#VAR 1124 0 0.916933 0.0830672 
 ----> 1.3#6.6#4.0#14.0#VAR 1125 0 0.914164 0.0858361 
 ----> 1.3#6.6#4.0#14.0#VAR 1126 0 0.925652 0.0743476 
 ----> 1.3#6.6#4.0#14.0#VAR 1127 0 0.912687 0.0873131 
 ----> 1.3#6.6#4.0#14.0#VAR 1128 0 0.92604 0.0739599 
 ----> 1.3#6.6#4.0#14.0#VAR 1129 1 0.863839 0.136161 
 ----> 1.3#6.6#4.0#14.0#VAR 1130 0 0.918991 0.0810087 
 ----> 1.3#6.6#4.0#14.0#VAR 1131 0 0.921888 0.0781117 
 ----> 1.3#6.6#4.0#14.0#VAR 1132 1 0.904853 0.0951469 
 ----> 1.3#6.6#4.0#14.0#VAR 1133 0 0.911796 0.0882042 
 ----> 1.3#6.6#4.0#14.0#VAR 1134 0 0.925915 0.0740848 
 ----> 1.3#6.6#4.0#14.0#VAR 1135 0 0.925221 0.0747794 
 ----> 1.3#6.6#4.0#14.0#VAR 1136 0 0.911919 0.0880808 
 ----> 1.3#6.6#4.0#14.0#VAR 1137 0 0.915103 0.0848965 
 ----> 1.3#6.6#4.0#14.0#VAR 1138 0 0.916728 0.0832724 
 ----> 1.3#6.6#4.0#14.0#VAR 1139 0 0.904458 0.0955422 
 ----> 1.3#6.6#4.0#14.0#VAR 1140 0 0.911771 0.0882289 
 ----> 1.3#6.6#4.0#14.0#VAR 1141 0 0.924654 0.0753455 
 ----> 1.3#6.6#4.0#14.0#VAR 1142 0 0.928901 0.0710994 
 ----> 1.3#6.6#4.0#14.0#VAR 1143 0 0.926997 0.0730029 
 ----> 1.3#6.6#4.0#14.0#VAR 1144 1 0.922988 0.0770118 
 ----> 1.3#6.6#4.0#14.0#VAR 1145 0 0.926529 0.0734707 
 ----> 1.3#6.6#4.0#14.0#VAR 1146 0 0.922608 0.0773923 
 ----> 1.3#6.6#4.0#14.0#VAR 1147 0 0.910181 0.0898185 
 ----> 1.3#6.6#4.0#14.0#VAR 1148 0 0.916179 0.0838209 
 ----> 1.3#6.6#4.0#14.0#VAR 1149 0 0.925185 0.0748151 
 ----> 1.3#6.6#4.0#14.0#VAR 1150 0 0.923504 0.0764959 
 ----> 1.3#6.6#4.0#14.0#VAR 1151 0 0.923461 0.0765386 
 ----> 1.3#6.6#4.0#14.0#VAR 1152 0 0.913044 0.0869555 
 ----> 1.3#6.6#4.0#14.0#VAR 1153 0 0.91919 0.08081 
 ----> 1.3#6.6#4.0#14.0#VAR 1154 0 0.92054 0.0794597 
 ----> 1.3#6.6#4.0#14.0#VAR 1155 0 0.935044 0.0649557 
 ----> 1.3#6.6#4.0#14.0#VAR 1156 0 0.897556 0.102444 
 ----> 1.3#6.6#4.0#14.0#VAR 1157 0 0.926513 0.0734871 
 ----> 1.3#6.6#4.0#14.0#VAR 1158 0 0.913023 0.0869774 
 ----> 1.3#6.6#4.0#14.0#VAR 1159 0 0.918509 0.0814909 
 ----> 1.3#6.6#4.0#14.0#VAR 1160 0 0.929312 0.0706883 
 ----> 1.3#6.6#4.0#14.0#VAR 1161 0 0.927273 0.0727266 
 ----> 1.3#6.6#4.0#14.0#VAR 1162 0 0.907653 0.0923468 
 ----> 1.3#6.6#4.0#14.0#VAR 1163 0 0.931402 0.0685976 
 ----> 1.3#6.6#4.0#14.0#VAR 1164 0 0.928793 0.0712068 
 ----> 1.3#6.6#4.0#14.0#VAR 1165 0 0.915531 0.0844693 
 ----> 1.3#6.6#4.0#14.0#VAR 1166 1 0.916813 0.0831865 
 ----> 1.3#6.6#4.0#14.0#VAR 1167 0 0.911106 0.0888944 
 ----> 1.3#6.6#4.0#14.0#VAR 1168 0 0.921729 0.0782715 
 ----> 1.3#6.6#4.0#14.0#VAR 1169 1 0.900159 0.0998412 
 ----> 1.3#6.6#4.0#14.0#VAR 1170 0 0.929751 0.0702493 
 ----> 1.3#6.6#4.0#14.0#VAR 1171 0 0.91867 0.0813296 
 ----> 1.3#6.6#4.0#14.0#VAR 1172 0 0.926117 0.073883 
 ----> 1.3#6.6#4.0#14.0#VAR 1173 0 0.916829 0.083171 
 ----> 1.3#6.6#4.0#14.0#VAR 1174 1 0.902961 0.097039 
 ----> 1.3#6.6#4.0#14.0#VAR 1175 0 0.910252 0.0897483 
 ----> 1.3#6.6#4.0#14.0#VAR 1176 0 0.922589 0.077411 
 ----> 1.3#6.6#4.0#14.0#VAR 1177 0 0.928043 0.0719575 
 ----> 1.3#6.6#4.0#14.0#VAR 1178 0 0.926116 0.0738838 
 ----> 1.3#6.6#4.0#14.0#VAR 1179 0 0.921868 0.0781322 
 ----> 1.3#6.6#4.0#14.0#VAR 1180 0 0.929746 0.0702542 
 ----> 1.3#6.6#4.0#14.0#VAR 1181 0 0.92654 0.0734599 
 ----> 1.3#6.6#4.0#14.0#VAR 1182 0 0.911852 0.0881476 
 ----> 1.3#6.6#4.0#14.0#VAR 1183 1 0.91087 0.0891301 
 ----> 1.3#6.6#4.0#14.0#VAR 1184 1 0.900386 0.0996144 
 ----> 1.3#6.6#4.0#14.0#VAR 1185 1 0.919931 0.0800686 
 ----> 1.3#6.6#4.0#14.0#VAR 1186 0 0.934389 0.0656107 
 ----> 1.3#6.6#4.0#14.0#VAR 1187 0 0.928498 0.0715015 
 ----> 1.3#6.6#4.0#14.0#VAR 1188 0 0.921343 0.0786566 
 ----> 1.3#6.6#4.0#14.0#VAR 1189 1 0.911764 0.0882356 
 ----> 1.3#6.6#4.0#14.0#VAR 1190 0 0.92761 0.0723901 
 ----> 1.3#6.6#4.0#14.0#VAR 1191 0 0.920515 0.0794851 
 ----> 1.3#6.6#4.0#14.0#VAR 1192 0 0.927739 0.0722607 
 ----> 1.3#6.6#4.0#14.0#VAR 1193 0 0.914821 0.0851794 
 ----> 1.3#6.6#4.0#14.0#VAR 1194 1 0.901405 0.0985947 
 ----> 1.3#6.6#4.0#14.0#VAR 1195 0 0.928906 0.0710945 
 ----> 1.3#6.6#4.0#14.0#VAR 1196 0 0.925151 0.0748492 
 ----> 1.3#6.6#4.0#14.0#VAR 1197 0 0.92388 0.0761202 
 ----> 1.3#6.6#4.0#14.0#VAR 1198 0 0.920079 0.0799208 
 ----> 1.3#6.6#4.0#14.0#VAR 1199 0 0.926191 0.0738087 
 ----> 1.3#6.6#4.0#14.0#VAR 1200 0 0.922063 0.0779367 
 ----> 1.3#6.6#4.0#14.0#VAR 1201 0 0.918551 0.0814489 
 ----> 1.3#6.6#4.0#14.0#VAR 1202 0 0.924453 0.0755466 
 ----> 1.3#6.6#4.0#14.0#VAR 1203 0 0.92812 0.0718797 
 ----> 1.3#6.6#4.0#14.0#VAR 1204 0 0.910385 0.0896155 
 ----> 1.3#6.6#4.0#14.0#VAR 1205 1 0.887059 0.112941 
 ----> 1.3#6.6#4.0#14.0#VAR 1206 0 0.929355 0.0706447 
 ----> 1.3#6.6#4.0#14.0#VAR 1207 0 0.918915 0.081085 
 ----> 1.3#6.6#4.0#14.0#VAR 1208 0 0.921771 0.0782294 
 ----> 1.3#6.6#4.0#14.0#VAR 1209 0 0.919345 0.0806547 
 ----> 1.3#6.6#4.0#14.0#VAR 1210 0 0.930578 0.0694219 
 ----> 1.3#6.6#4.0#14.0#VAR 1211 0 0.930016 0.0699844 
 ----> 1.3#6.6#4.0#14.0#VAR 1212 0 0.929791 0.0702092 
 ----> 1.3#6.6#4.0#14.0#VAR 1213 0 0.917883 0.0821169 
 ----> 1.3#6.6#4.0#14.0#VAR 1214 0 0.926638 0.073362 
 ----> 1.3#6.6#4.0#14.0#VAR 1215 0 0.931866 0.0681343 
 ----> 1.3#6.6#4.0#14.0#VAR 1216 0 0.903258 0.0967416 
 ----> 1.3#6.6#4.0#14.0#VAR 1217 0 0.922167 0.0778329 
 ----> 1.3#6.6#4.0#14.0#VAR 1218 0 0.912792 0.0872075 
 ----> 1.3#6.6#4.0#14.0#VAR 1219 0 0.915391 0.0846088 
 ----> 1.3#6.6#4.0#14.0#VAR 1220 0 0.940814 0.0591861 
 ----> 1.3#6.6#4.0#14.0#VAR 1221 0 0.921431 0.0785691 
 ----> 1.3#6.6#4.0#14.0#VAR 1222 0 0.922363 0.077637 
 ----> 1.3#6.6#4.0#14.0#VAR 1223 0 0.930985 0.069015 
 ----> 1.3#6.6#4.0#14.0#VAR 1224 0 0.931238 0.0687616 
 ----> 1.3#6.6#4.0#14.0#VAR 1225 0 0.930102 0.0698978 
 ----> 1.3#6.6#4.0#14.0#VAR 1226 0 0.923243 0.0767569 
 ----> 1.3#6.6#4.0#14.0#VAR 1227 0 0.92158 0.0784199 
 ----> 1.3#6.6#4.0#14.0#VAR 1228 0 0.923703 0.076297 
 ----> 1.3#6.6#4.0#14.0#VAR 1229 0 0.923394 0.076606 
 ----> 1.3#6.6#4.0#14.0#VAR 1230 0 0.924445 0.0755552 
 ----> 1.3#6.6#4.0#14.0#VAR 1231 0 0.927454 0.0725456 
 ----> 1.3#6.6#4.0#14.0#VAR 1232 0 0.930147 0.0698528 
 ----> 1.3#6.6#4.0#14.0#VAR 1233 0 0.925106 0.0748944 
 ----> 1.3#6.6#4.0#14.0#VAR 1234 0 0.92752 0.0724799 
 ----> 1.3#6.6#4.0#14.0#VAR 1235 0 0.921941 0.0780585 
 ----> 1.3#6.6#4.0#14.0#VAR 1236 0 0.923042 0.0769576 
 ----> 1.3#6.6#4.0#14.0#VAR 1237 0 0.934984 0.0650158 
 ----> 1.3#6.6#4.0#14.0#VAR 1238 0 0.910282 0.0897178 
 ----> 1.3#6.6#4.0#14.0#VAR 1239 0 0.9224 0.0776003 
 ----> 1.3#6.6#4.0#14.0#VAR 1240 0 0.925484 0.0745161 
 ----> 1.3#6.6#4.0#14.0#VAR 1241 0 0.914751 0.0852489 
 ----> 1.3#6.6#4.0#14.0#VAR 1242 0 0.912331 0.0876691 
 ----> 1.3#6.6#4.0#14.0#VAR 1243 0 0.926806 0.0731937 
 ----> 1.3#6.6#4.0#14.0#VAR 1244 0 0.910123 0.0898766 
 ----> 1.3#6.6#4.0#14.0#VAR 1245 0 0.923299 0.0767008 
 ----> 1.3#6.6#4.0#14.0#VAR 1246 0 0.922697 0.0773027 
 ----> 1.3#6.6#4.0#14.0#VAR 1247 0 0.928505 0.0714951 
 ----> 1.3#6.6#4.0#14.0#VAR 1248 0 0.887307 0.112693 
 ----> 1.3#6.6#4.0#14.0#VAR 1249 0 0.924426 0.0755738 
 ----> 1.3#6.6#4.0#14.0#VAR 1250 0 0.917153 0.0828471 
 ----> 1.3#6.6#4.0#14.0#VAR 1251 0 0.912319 0.0876806 
 ----> 1.3#6.6#4.0#14.0#VAR 1252 0 0.900298 0.0997025 
 ----> 1.3#6.6#4.0#14.0#VAR 1253 0 0.926627 0.0733726 
 ----> 1.3#6.6#4.0#14.0#VAR 1254 0 0.927102 0.0728977 
 ----> 1.3#6.6#4.0#14.0#VAR 1255 0 0.915772 0.0842275 
 ----> 1.3#6.6#4.0#14.0#VAR 1256 0 0.920944 0.0790564 
 ----> 1.3#6.6#4.0#14.0#VAR 1257 0 0.922632 0.0773676 
 ----> 1.3#6.6#4.0#14.0#VAR 1258 0 0.918513 0.0814867 
 ----> 1.3#6.6#4.0#14.0#VAR 1259 0 0.919904 0.0800957 
 ----> 1.3#6.6#4.0#14.0#VAR 1260 0 0.911793 0.0882074 
 ----> 1.3#6.6#4.0#14.0#VAR 1261 0 0.906573 0.0934269 
 ----> 1.3#6.6#4.0#14.0#VAR 1262 1 0.911451 0.0885486 
 ----> 1.3#6.6#4.0#14.0#VAR 1263 0 0.926011 0.0739892 
 ----> 1.3#6.6#4.0#14.0#VAR 1264 0 0.909094 0.0909061 
 ----> 1.3#6.6#4.0#14.0#VAR 1265 0 0.927849 0.0721514 
 ----> 1.3#6.6#4.0#14.0#VAR 1266 0 0.914275 0.0857254 
 ----> 1.3#6.6#4.0#14.0#VAR 1267 0 0.920546 0.0794538 
 ----> 1.3#6.6#4.0#14.0#VAR 1268 0 0.919558 0.0804416 
 ----> 1.3#6.6#4.0#14.0#VAR 1269 0 0.927581 0.0724193 
 ----> 1.3#6.6#4.0#14.0#VAR 1270 0 0.925251 0.0747491 
 ----> 1.3#6.6#4.0#14.0#VAR 1271 0 0.917518 0.0824823 
 ----> 1.3#6.6#4.0#14.0#VAR 1272 0 0.926063 0.0739371 
 ----> 1.3#6.6#4.0#14.0#VAR 1273 0 0.921121 0.0788788 
 ----> 1.3#6.6#4.0#14.0#VAR 1274 0 0.923263 0.0767368 
 ----> 1.3#6.6#4.0#14.0#VAR 1275 0 0.922874 0.0771265 
 ----> 1.3#6.6#4.0#14.0#VAR 1276 1 0.918299 0.0817007 
 ----> 1.3#6.6#4.0#14.0#VAR 1277 0 0.921572 0.0784276 
 ----> 1.3#6.6#4.0#14.0#VAR 1278 0 0.923805 0.0761952 
 ----> 1.3#6.6#4.0#14.0#VAR 1279 0 0.910961 0.0890391 
 ----> 1.3#6.6#4.0#14.0#VAR 1280 0 0.914443 0.0855566 
 ----> 1.3#6.6#4.0#14.0#VAR 1281 0 0.919871 0.0801291 
 ----> 1.3#6.6#4.0#14.0#VAR 1282 1 0.911107 0.0888933 
 ----> 1.3#6.6#4.0#14.0#VAR 1283 0 0.920893 0.0791073 
 ----> 1.3#6.6#4.0#14.0#VAR 1284 0 0.917867 0.0821329 
 ----> 1.3#6.6#4.0#14.0#VAR 1285 0 0.928665 0.0713351 
 ----> 1.3#6.6#4.0#14.0#VAR 1286 1 0.904935 0.0950649 
 ----> 1.3#6.6#4.0#14.0#VAR 1287 0 0.925287 0.0747135 
 ----> 1.3#6.6#4.0#14.0#VAR 1288 0 0.928002 0.0719983 
 ----> 1.3#6.6#4.0#14.0#VAR 1289 0 0.921482 0.0785178 
 ----> 1.3#6.6#4.0#14.0#VAR 1290 0 0.919269 0.0807307 
 ----> 1.3#6.6#4.0#14.0#VAR 1291 0 0.931223 0.0687768 
 ----> 1.3#6.6#4.0#14.0#VAR 1292 0 0.916524 0.0834764 
 ----> 1.3#6.6#4.0#14.0#VAR 1293 0 0.914569 0.0854308 
 ----> 1.3#6.6#4.0#14.0#VAR 1294 0 0.924681 0.0753195 
 ----> 1.3#6.6#4.0#14.0#VAR 1295 0 0.924557 0.0754426 
 ----> 1.3#6.6#4.0#14.0#VAR 1296 0 0.919759 0.0802407 
 ----> 1.3#6.6#4.0#14.0#VAR 1297 0 0.924164 0.0758363 
 ----> 1.3#6.6#4.0#14.0#VAR 1298 1 0.914712 0.0852878 
 ----> 1.3#6.6#4.0#14.0#VAR 1299 0 0.929682 0.0703177 
 ----> 1.3#6.6#4.0#14.0#VAR 1300 1 0.902763 0.0972374 
 ----> 1.3#6.6#4.0#14.0#VAR 1301 0 0.926598 0.0734024 
 ----> 1.3#6.6#4.0#14.0#VAR 1302 0 0.921589 0.0784107 
 ----> 1.3#6.6#4.0#14.0#VAR 1303 0 0.925475 0.0745247 
 ----> 1.3#6.6#4.0#14.0#VAR 1304 0 0.924321 0.0756792 
 ----> 1.3#6.6#4.0#14.0#VAR 1305 0 0.928681 0.0713195 
 ----> 1.3#6.6#4.0#14.0#VAR 1306 0 0.930855 0.0691448 
 ----> 1.3#6.6#4.0#14.0#VAR 1307 1 0.905225 0.0947753 
 ----> 1.3#6.6#4.0#14.0#VAR 1308 0 0.925267 0.0747328 
 ----> 1.3#6.6#4.0#14.0#VAR 1309 0 0.917279 0.082721 
 ----> 1.3#6.6#4.0#14.0#VAR 1310 1 0.906742 0.0932582 
 ----> 1.3#6.6#4.0#14.0#VAR 1311 0 0.919519 0.080481 
 ----> 1.3#6.6#4.0#14.0#VAR 1312 0 0.92439 0.0756102 
 ----> 1.3#6.6#4.0#14.0#VAR 1313 0 0.929092 0.0709085 
 ----> 1.3#6.6#4.0#14.0#VAR 1314 0 0.930676 0.0693244 
 ----> 1.3#6.6#4.0#14.0#VAR 1315 0 0.923786 0.0762137 
 ----> 1.3#6.6#4.0#14.0#VAR 1316 1 0.919026 0.0809736 
 ----> 1.3#6.6#4.0#14.0#VAR 1317 0 0.930048 0.0699523 
 ----> 1.3#6.6#4.0#14.0#VAR 1318 0 0.923596 0.0764039 
 ----> 1.3#6.6#4.0#14.0#VAR 1319 0 0.924168 0.075832 
 ----> 1.3#6.6#4.0#14.0#VAR 1320 0 0.939509 0.0604912 
 ----> 1.3#6.6#4.0#14.0#VAR 1321 0 0.924477 0.0755229 
 ----> 1.3#6.6#4.0#14.0#VAR 1322 0 0.907466 0.0925338 
 ----> 1.3#6.6#4.0#14.0#VAR 1323 0 0.925465 0.0745346 
 ----> 1.3#6.6#4.0#14.0#VAR 1324 0 0.908042 0.0919585 
 ----> 1.3#6.6#4.0#14.0#VAR 1325 0 0.925202 0.074798 
 ----> 1.3#6.6#4.0#14.0#VAR 1326 0 0.912179 0.0878205 
 ----> 1.3#6.6#4.0#14.0#VAR 1327 0 0.935132 0.0648679 
 ----> 1.3#6.6#4.0#14.0#VAR 1328 0 0.937285 0.0627153 
 ----> 1.3#6.6#4.0#14.0#VAR 1329 0 0.921109 0.078891 
 ----> 1.3#6.6#4.0#14.0#VAR 1330 0 0.923213 0.0767865 
 ----> 1.3#6.6#4.0#14.0#VAR 1331 0 0.918001 0.0819995 
 ----> 1.3#6.6#4.0#14.0#VAR 1332 0 0.927891 0.0721091 
 ----> 1.3#6.6#4.0#14.0#VAR 1333 0 0.925963 0.0740368 
 ----> 1.3#6.6#4.0#14.0#VAR 1334 0 0.90321 0.0967904 
 ----> 1.3#6.6#4.0#14.0#VAR 1335 0 0.913994 0.0860059 
 ----> 1.3#6.6#4.0#14.0#VAR 1336 0 0.941996 0.058004 
 ----> 1.3#6.6#4.0#14.0#VAR 1337 0 0.926882 0.0731185 
 ----> 1.3#6.6#4.0#14.0#VAR 1338 0 0.920578 0.0794223 
 ----> 1.3#6.6#4.0#14.0#VAR 1339 0 0.924328 0.0756716 
 ----> 1.3#6.6#4.0#14.0#VAR 1340 0 0.917969 0.0820309 
 ----> 1.3#6.6#4.0#14.0#VAR 1341 0 0.92828 0.0717202 
 ----> 1.3#6.6#4.0#14.0#VAR 1342 0 0.922555 0.077445 
 ----> 1.3#6.6#4.0#14.0#VAR 1343 0 0.92947 0.0705298 
 ----> 1.3#6.6#4.0#14.0#VAR 1344 0 0.912714 0.0872858 
 ----> 1.3#6.6#4.0#14.0#VAR 1345 0 0.922452 0.0775477 
 ----> 1.3#6.6#4.0#14.0#VAR 1346 0 0.929395 0.0706052 
 ----> 1.3#6.6#4.0#14.0#VAR 1347 1 0.910809 0.0891911 
 ----> 1.3#6.6#4.0#14.0#VAR 1348 0 0.92739 0.0726102 
 ----> 1.3#6.6#4.0#14.0#VAR 1349 0 0.917413 0.0825869 
 ----> 1.3#6.6#4.0#14.0#VAR 1350 0 0.922444 0.0775564 
 ----> 1.3#6.6#4.0#14.0#VAR 1351 0 0.917507 0.0824927 
 ----> 1.3#6.6#4.0#14.0#VAR 1352 0 0.918437 0.081563 
 ----> 1.3#6.6#4.0#14.0#VAR 1353 0 0.919203 0.0807971 
 ----> 1.3#6.6#4.0#14.0#VAR 1354 0 0.913688 0.0863116 
 ----> 1.3#6.6#4.0#14.0#VAR 1355 0 0.927883 0.072117 
 ----> 1.3#6.6#4.0#14.0#VAR 1356 0 0.910352 0.089648 
 ----> 1.3#6.6#4.0#14.0#VAR 1357 0 0.926301 0.0736992 
 ----> 1.3#6.6#4.0#14.0#VAR 1358 0 0.924232 0.0757677 
 ----> 1.3#6.6#4.0#14.0#VAR 1359 0 0.930986 0.0690135 
 ----> 1.3#6.6#4.0#14.0#VAR 1360 1 0.914466 0.0855337 
 ----> 1.3#6.6#4.0#14.0#VAR 1361 0 0.929896 0.0701041 
 ----> 1.3#6.6#4.0#14.0#VAR 1362 0 0.939691 0.0603089 
 ----> 1.3#6.6#4.0#14.0#VAR 1363 1 0.899856 0.100144 
 ----> 1.3#6.6#4.0#14.0#VAR 1364 0 0.912942 0.0870584 
 ----> 1.3#6.6#4.0#14.0#VAR 1365 0 0.910519 0.089481 
 ----> 1.3#6.6#4.0#14.0#VAR 1366 0 0.910809 0.0891907 
 ----> 1.3#6.6#4.0#14.0#VAR 1367 0 0.933462 0.0665379 
 ----> 1.3#6.6#4.0#14.0#VAR 1368 0 0.921732 0.0782678 
 ----> 1.3#6.6#4.0#14.0#VAR 1369 0 0.92197 0.0780298 
 ----> 1.3#6.6#4.0#14.0#VAR 1370 0 0.937549 0.0624509 
 ----> 1.3#6.6#4.0#14.0#VAR 1371 0 0.930664 0.0693357 
 ----> 1.3#6.6#4.0#14.0#VAR 1372 0 0.921738 0.0782616 
 ----> 1.3#6.6#4.0#14.0#VAR 1373 0 0.920107 0.0798929 
 ----> 1.3#6.6#4.0#14.0#VAR 1374 0 0.9209 0.0791003 
 ----> 1.3#6.6#4.0#14.0#VAR 1375 0 0.919316 0.0806842 
 ----> 1.3#6.6#4.0#14.0#VAR 1376 0 0.907065 0.0929352 
 ----> 1.3#6.6#4.0#14.0#VAR 1377 0 0.915772 0.084228 
 ----> 1.3#6.6#4.0#14.0#VAR 1378 1 0.904257 0.0957431 
 ----> 1.3#6.6#4.0#14.0#VAR 1379 0 0.91182 0.0881804 
 ----> 1.3#6.6#4.0#14.0#VAR 1380 0 0.923107 0.0768926 
 ----> 1.3#6.6#4.0#14.0#VAR 1381 0 0.938526 0.0614741 
 ----> 1.3#6.6#4.0#14.0#VAR 1382 0 0.919542 0.0804583 
 ----> 1.3#6.6#4.0#14.0#VAR 1383 0 0.922127 0.0778725 
 ----> 1.3#6.6#4.0#14.0#VAR 1384 0 0.92337 0.0766301 
 ----> 1.3#6.6#4.0#14.0#VAR 1385 0 0.915689 0.0843112 
 ----> 1.3#6.6#4.0#14.0#VAR 1386 0 0.929664 0.0703363 
 ----> 1.3#6.6#4.0#14.0#VAR 1387 0 0.913242 0.0867582 
 ----> 1.3#6.6#4.0#14.0#VAR 1388 0 0.930864 0.069136 
 ----> 1.3#6.6#4.0#14.0#VAR 1389 0 0.936593 0.0634072 
 ----> 1.3#6.6#4.0#14.0#VAR 1390 1 0.907485 0.092515 
 ----> 1.3#6.6#4.0#14.0#VAR 1391 1 0.898969 0.101031 
 ----> 1.3#6.6#4.0#14.0#VAR 1392 0 0.924677 0.0753226 
 ----> 1.3#6.6#4.0#14.0#VAR 1393 0 0.9249 0.0750996 
 ----> 1.3#6.6#4.0#14.0#VAR 1394 0 0.92462 0.0753801 
 ----> 1.3#6.6#4.0#14.0#VAR 1395 0 0.926715 0.0732849 
 ----> 1.3#6.6#4.0#14.0#VAR 1396 0 0.917713 0.0822874 
 ----> 1.3#6.6#4.0#14.0#VAR 1397 0 0.918026 0.0819745 
 ----> 1.3#6.6#4.0#14.0#VAR 1398 0 0.927864 0.0721362 
 ----> 1.3#6.6#4.0#14.0#VAR 1399 0 0.912227 0.0877727 
 ----> 1.3#6.6#4.0#14.0#VAR 1400 1 0.904592 0.0954079 
 ----> 1.3#6.6#4.0#14.0#VAR 1401 0 0.919462 0.0805382 
 ----> 1.3#6.6#4.0#14.0#VAR 1402 0 0.92352 0.0764805 
 ----> 1.3#6.6#4.0#14.0#VAR 1403 0 0.919653 0.0803467 
 ----> 1.3#6.6#4.0#14.0#VAR 1404 0 0.925609 0.0743911 
 ----> 1.3#6.6#4.0#14.0#VAR 1405 0 0.929399 0.0706014 
 ----> 1.3#6.6#4.0#14.0#VAR 1406 0 0.920613 0.0793871 
 ----> 1.3#6.6#4.0#14.0#VAR 1407 0 0.931312 0.0686878 
 ----> 1.3#6.6#4.0#14.0#VAR 1408 0 0.910951 0.0890488 
 ----> 1.3#6.6#4.0#14.0#VAR 1409 0 0.926373 0.073627 
 ----> 1.3#6.6#4.0#14.0#VAR 1410 0 0.923873 0.0761269 
 ----> 1.3#6.6#4.0#14.0#VAR 1411 0 0.91397 0.0860299 
 ----> 1.3#6.6#4.0#14.0#VAR 1412 0 0.929321 0.0706786 
 ----> 1.3#6.6#4.0#14.0#VAR 1413 0 0.93292 0.0670802 
 ----> 1.3#6.6#4.0#14.0#VAR 1414 0 0.926631 0.0733688 
 ----> 1.3#6.6#4.0#14.0#VAR 1415 0 0.928991 0.0710091 
 ----> 1.3#6.6#4.0#14.0#VAR 1416 0 0.939069 0.0609305 
 ----> 1.3#6.6#4.0#14.0#VAR 1417 0 0.922034 0.0779662 
 ----> 1.3#6.6#4.0#14.0#VAR 1418 0 0.924821 0.0751786 
 ----> 1.3#6.6#4.0#14.0#VAR 1419 0 0.907373 0.0926265 
 ----> 1.3#6.6#4.0#14.0#VAR 1420 0 0.928101 0.0718993 
 ----> 1.3#6.6#4.0#14.0#VAR 1421 0 0.917484 0.0825158 
 ----> 1.3#6.6#4.0#14.0#VAR 1422 0 0.919817 0.0801825 
 ----> 1.3#6.6#4.0#14.0#VAR 1423 0 0.934591 0.0654087 
 ----> 1.3#6.6#4.0#14.0#VAR 1424 0 0.927064 0.0729364 
 ----> 1.3#6.6#4.0#14.0#VAR 1425 0 0.915221 0.0847795 
 ----> 1.3#6.6#4.0#14.0#VAR 1426 0 0.91876 0.08124 
 ----> 1.3#6.6#4.0#14.0#VAR 1427 0 0.922684 0.0773155 
 ----> 1.3#6.6#4.0#14.0#VAR 1428 0 0.922699 0.0773006 
 ----> 1.3#6.6#4.0#14.0#VAR 1429 0 0.927347 0.0726526 
 ----> 1.3#6.6#4.0#14.0#VAR 1430 0 0.92257 0.0774301 
 ----> 1.3#6.6#4.0#14.0#VAR 1431 0 0.920059 0.0799413 
 ----> 1.3#6.6#4.0#14.0#VAR 1432 1 0.890371 0.109629 
 ----> 1.3#6.6#4.0#14.0#VAR 1433 0 0.925147 0.0748532 
 ----> 1.3#6.6#4.0#14.0#VAR 1434 0 0.936583 0.0634169 
 ----> 1.3#6.6#4.0#14.0#VAR 1435 0 0.917914 0.082086 
 ----> 1.3#6.6#4.0#14.0#VAR 1436 0 0.937468 0.0625317 
 ----> 1.3#6.6#4.0#14.0#VAR 1437 0 0.934199 0.0658007 
 ----> 1.3#6.6#4.0#14.0#VAR 1438 0 0.911555 0.0884445 
 ----> 1.3#6.6#4.0#14.0#VAR 1439 0 0.919956 0.0800441 
 ----> 1.3#6.6#4.0#14.0#VAR 1440 0 0.923421 0.0765791 
 ----> 1.3#6.6#4.0#14.0#VAR 1441 0 0.922642 0.0773583 
 ----> 1.3#6.6#4.0#14.0#VAR 1442 0 0.920634 0.0793656 
 ----> 1.3#6.6#4.0#14.0#VAR 1443 0 0.910819 0.0891807 
 ----> 1.3#6.6#4.0#14.0#VAR 1444 0 0.925669 0.0743308 
 ----> 1.3#6.6#4.0#14.0#VAR 1445 0 0.917084 0.0829155 
 ----> 1.3#6.6#4.0#14.0#VAR 1446 0 0.928745 0.0712547 
 ----> 1.3#6.6#4.0#14.0#VAR 1447 0 0.920051 0.0799494 
 ----> 1.3#6.6#4.0#14.0#VAR 1448 0 0.91824 0.0817601 
 ----> 1.3#6.6#4.0#14.0#VAR 1449 0 0.923522 0.0764775 
 ----> 1.3#6.6#4.0#14.0#VAR 1450 0 0.919572 0.0804278 
 ----> 1.3#6.6#4.0#14.0#VAR 1451 0 0.930665 0.0693346 
 ----> 1.3#6.6#4.0#14.0#VAR 1452 1 0.904021 0.0959793 
 ----> 1.3#6.6#4.0#14.0#VAR 1453 0 0.918933 0.0810665 
 ----> 1.3#6.6#4.0#14.0#VAR 1454 0 0.931133 0.0688672 
 ----> 1.3#6.6#4.0#14.0#VAR 1455 0 0.921991 0.0780093 
 ----> 1.3#6.6#4.0#14.0#VAR 1456 0 0.88961 0.11039 
 ----> 1.3#6.6#4.0#14.0#VAR 1457 0 0.924712 0.0752876 
 ----> 1.3#6.6#4.0#14.0#VAR 1458 0 0.930946 0.0690544 
 ----> 1.3#6.6#4.0#14.0#VAR 1459 0 0.922289 0.0777107 
 ----> 1.3#6.6#4.0#14.0#VAR 1460 0 0.926889 0.0731106 
 ----> 1.3#6.6#4.0#14.0#VAR 1461 0 0.922423 0.0775765 
 ----> 1.3#6.6#4.0#14.0#VAR 1462 0 0.927143 0.0728572 
 ----> 1.3#6.6#4.0#14.0#VAR 1463 0 0.916967 0.0830327 
 ----> 1.3#6.6#4.0#14.0#VAR 1464 0 0.923176 0.0768237 
 ----> 1.3#6.6#4.0#14.0#VAR 1465 0 0.932798 0.067202 
 ----> 1.3#6.6#4.0#14.0#VAR 1466 0 0.919999 0.0800006 
 ----> 1.3#6.6#4.0#14.0#VAR 1467 0 0.934084 0.0659158 
 ----> 1.3#6.6#4.0#14.0#VAR 1468 0 0.913186 0.086814 
 ----> 1.3#6.6#4.0#14.0#VAR 1469 0 0.929225 0.0707754 
 ----> 1.3#6.6#4.0#14.0#VAR 1470 0 0.916901 0.0830989 
 ----> 1.3#6.6#4.0#14.0#VAR 1471 0 0.924482 0.0755185 
 ----> 1.3#6.6#4.0#14.0#VAR 1472 0 0.92313 0.0768697 
 ----> 1.3#6.6#4.0#14.0#VAR 1473 0 0.919462 0.0805385 
 ----> 1.3#6.6#4.0#14.0#VAR 1474 0 0.920357 0.0796434 
 ----> 1.3#6.6#4.0#14.0#VAR 1475 1 0.925269 0.0747311 
 ----> 1.3#6.6#4.0#14.0#VAR 1476 1 0.91637 0.0836296 
 ----> 1.3#6.6#4.0#14.0#VAR 1477 1 0.927342 0.0726579 
 ----> 1.3#6.6#4.0#14.0#VAR 1478 0 0.923023 0.0769771 
 ----> 1.3#6.6#4.0#14.0#VAR 1479 0 0.92309 0.07691 
 ----> 1.3#6.6#4.0#14.0#VAR 1480 0 0.935116 0.0648842 
 ----> 1.3#6.6#4.0#14.0#VAR 1481 0 0.914243 0.0857574 
 ----> 1.3#6.6#4.0#14.0#VAR 1482 0 0.904365 0.0956354 
 ----> 1.3#6.6#4.0#14.0#VAR 1483 0 0.934186 0.0658137 
 ----> 1.3#6.6#4.0#14.0#VAR 1484 0 0.939375 0.0606249 
 ----> 1.3#6.6#4.0#14.0#VAR 1485 0 0.923543 0.0764573 
 ----> 1.3#6.6#4.0#14.0#VAR 1486 0 0.928865 0.0711346 
 ----> 1.3#6.6#4.0#14.0#VAR 1487 0 0.919127 0.0808728 
 ----> 1.3#6.6#4.0#14.0#VAR 1488 0 0.9277 0.0723003 
 ----> 1.3#6.6#4.0#14.0#VAR 1489 1 0.916277 0.0837225 
 ----> 1.3#6.6#4.0#14.0#VAR 1490 0 0.917017 0.0829826 
 ----> 1.3#6.6#4.0#14.0#VAR 1491 0 0.924273 0.0757273 
 ----> 1.3#6.6#4.0#14.0#VAR 1492 0 0.906454 0.0935464 
 ----> 1.3#6.6#4.0#14.0#VAR 1493 0 0.902561 0.0974395 
 ----> 1.3#6.6#4.0#14.0#VAR 1494 0 0.916789 0.0832115 
 ----> 1.3#6.6#4.0#14.0#VAR 1495 0 0.929902 0.0700985 
 ----> 1.3#6.6#4.0#14.0#VAR 1496 0 0.927439 0.0725614 
 ----> 1.3#6.6#4.0#14.0#VAR 1497 0 0.935876 0.0641237 
 ----> 1.3#6.6#4.0#14.0#VAR 1498 0 0.927757 0.0722433 
 ----> 1.3#6.6#4.0#14.0#VAR 1499 1 0.924659 0.0753414 
 ----> 1.3#6.6#4.0#14.0#VAR 1500 0 0.918176 0.0818243 
 ----> 1.3#6.6#4.0#14.0#VAR 1501 0 0.89488 0.10512 
 ----> 1.3#6.6#4.0#14.0#VAR 1502 0 0.927041 0.0729594 
 ----> 1.3#6.6#4.0#14.0#VAR 1503 0 0.937543 0.0624574 
 ----> 1.3#6.6#4.0#14.0#VAR 1504 0 0.922274 0.0777259 
 ----> 1.3#6.6#4.0#14.0#VAR 1505 1 0.929729 0.0702713 
 ----> 1.3#6.6#4.0#14.0#VAR 1506 0 0.911979 0.0880214 
 ----> 1.3#6.6#4.0#14.0#VAR 1507 0 0.922495 0.0775048 
 ----> 1.3#6.6#4.0#14.0#VAR 1508 0 0.908839 0.0911606 
 ----> 1.3#6.6#4.0#14.0#VAR 1509 0 0.924418 0.0755817 
 ----> 1.3#6.6#4.0#14.0#VAR 1510 0 0.929617 0.070383 
 ----> 1.3#6.6#4.0#14.0#VAR 1511 0 0.923146 0.0768542 
 ----> 1.3#6.6#4.0#14.0#VAR 1512 0 0.936894 0.0631056 
 ----> 1.3#6.6#4.0#14.0#VAR 1513 0 0.928105 0.0718948 
 ----> 1.3#6.6#4.0#14.0#VAR 1514 1 0.912877 0.0871234 
 ----> 1.3#6.6#4.0#14.0#VAR 1515 0 0.923433 0.0765667 
 ----> 1.3#6.6#4.0#14.0#VAR 1516 0 0.91647 0.08353 
 ----> 1.3#6.6#4.0#14.0#VAR 1517 0 0.920743 0.0792573 
 ----> 1.3#6.6#4.0#14.0#VAR 1518 0 0.933085 0.0669145 
 ----> 1.3#6.6#4.0#14.0#VAR 1519 0 0.926914 0.073086 
 ----> 1.3#6.6#4.0#14.0#VAR 1520 0 0.917974 0.0820257 
 ----> 1.3#6.6#4.0#14.0#VAR 1521 0 0.91824 0.0817603 
 ----> 1.3#6.6#4.0#14.0#VAR 1522 1 0.935839 0.0641607 
 ----> 1.3#6.6#4.0#14.0#VAR 1523 1 0.916916 0.0830841 
 ----> 1.3#6.6#4.0#14.0#VAR 1524 0 0.912254 0.0877464 
 ----> 1.3#6.6#4.0#14.0#VAR 1525 0 0.918267 0.0817331 
 ----> 1.3#6.6#4.0#14.0#VAR 1526 1 0.921922 0.0780778 
 ----> 1.3#6.6#4.0#14.0#VAR 1527 0 0.924412 0.0755879 
 ----> 1.3#6.6#4.0#14.0#VAR 1528 0 0.914505 0.0854952 
 ----> 1.3#6.6#4.0#14.0#VAR 1529 0 0.920134 0.0798658 
 ----> 1.3#6.6#4.0#14.0#VAR 1530 0 0.920569 0.0794305 
 ----> 1.3#6.6#4.0#14.0#VAR 1531 0 0.927086 0.072914 
 ----> 1.3#6.6#4.0#14.0#VAR 1532 0 0.919291 0.0807092 
 ----> 1.3#6.6#4.0#14.0#VAR 1533 0 0.926199 0.0738011 
 ----> 1.3#6.6#4.0#14.0#VAR 1534 0 0.919616 0.0803838 
 ----> 1.3#6.6#4.0#14.0#VAR 1535 0 0.932534 0.0674665 
 ----> 1.3#6.6#4.0#14.0#VAR 1536 1 0.922353 0.0776472 
 ----> 1.3#6.6#4.0#14.0#VAR 1537 0 0.924881 0.0751189 
 ----> 1.3#6.6#4.0#14.0#VAR 1538 1 0.915274 0.0847263 
 ----> 1.3#6.6#4.0#14.0#VAR 1539 1 0.923796 0.0762039 
 ----> 1.3#6.6#4.0#14.0#VAR 1540 1 0.923152 0.0768476 
 ----> 1.3#6.6#4.0#14.0#VAR 1541 0 0.924328 0.0756717 
 ----> 1.3#6.6#4.0#14.0#VAR 1542 0 0.936173 0.0638268 
 ----> 1.3#6.6#4.0#14.0#VAR 1543 0 0.916991 0.0830086 
 ----> 1.3#6.6#4.0#14.0#VAR 1544 0 0.918495 0.0815046 
 ----> 1.3#6.6#4.0#14.0#VAR 1545 0 0.927731 0.0722691 
 ----> 1.3#6.6#4.0#14.0#VAR 1546 0 0.910025 0.0899749 
 ----> 1.3#6.6#4.0#14.0#VAR 1547 0 0.911679 0.0883206 
 ----> 1.3#6.6#4.0#14.0#VAR 1548 1 0.922653 0.0773469 
 ----> 1.3#6.6#4.0#14.0#VAR 1549 1 0.920258 0.0797423 
 ----> 1.3#6.6#4.0#14.0#VAR 1550 0 0.918686 0.0813139 
 ----> 1.3#6.6#4.0#14.0#VAR 1551 0 0.920468 0.0795324 
 ----> 1.3#6.6#4.0#14.0#VAR 1552 1 0.922372 0.0776283 
 ----> 1.3#6.6#4.0#14.0#VAR 1553 0 0.90532 0.0946798 
 ----> 1.3#6.6#4.0#14.0#VAR 1554 0 0.916106 0.0838942 
 ----> 1.3#6.6#4.0#14.0#VAR 1555 0 0.932313 0.0676867 
 ----> 1.3#6.6#4.0#14.0#VAR 1556 0 0.929325 0.0706754 
 ----> 1.3#6.6#4.0#14.0#VAR 1557 1 0.921969 0.0780307 
 ----> 1.3#6.6#4.0#14.0#VAR 1558 0 0.92459 0.0754096 
 ----> 1.3#6.6#4.0#14.0#VAR 1559 0 0.915333 0.0846672 
 ----> 1.3#6.6#4.0#14.0#VAR 1560 0 0.936808 0.0631918 
 ----> 1.3#6.6#4.0#14.0#VAR 1561 1 0.916844 0.0831562 
 ----> 1.3#6.6#4.0#14.0#VAR 1562 0 0.923134 0.0768659 
 ----> 1.3#6.6#4.0#14.0#VAR 1563 0 0.925433 0.0745667 
 ----> 1.3#6.6#4.0#14.0#VAR 1564 0 0.920415 0.0795848 
 ----> 1.3#6.6#4.0#14.0#VAR 1565 0 0.92201 0.0779901 
 ----> 1.3#6.6#4.0#14.0#VAR 1566 0 0.913429 0.0865712 
 ----> 1.3#6.6#4.0#14.0#VAR 1567 0 0.919459 0.0805407 
 ----> 1.3#6.6#4.0#14.0#VAR 1568 1 0.916317 0.0836834 
 ----> 1.3#6.6#4.0#14.0#VAR 1569 0 0.94049 0.0595098 
 ----> 1.3#6.6#4.0#14.0#VAR 1570 0 0.925671 0.0743289 
 ----> 1.3#6.6#4.0#14.0#VAR 1571 0 0.933282 0.0667183 
 ----> 1.3#6.6#4.0#14.0#VAR 1572 1 0.93397 0.0660301 
 ----> 1.3#6.6#4.0#14.0#VAR 1573 0 0.914488 0.0855119 
 ----> 1.3#6.6#4.0#14.0#VAR 1574 0 0.923537 0.076463 
 ----> 1.3#6.6#4.0#14.0#VAR 1575 0 0.934613 0.065387 
 ----> 1.3#6.6#4.0#14.0#VAR 1576 0 0.918681 0.0813192 
 ----> 1.3#6.6#4.0#14.0#VAR 1577 0 0.931702 0.0682978 
 ----> 1.3#6.6#4.0#14.0#VAR 1578 0 0.920757 0.0792434 
 ----> 1.3#6.6#4.0#14.0#VAR 1579 0 0.931998 0.0680017 
 ----> 1.3#6.6#4.0#14.0#VAR 1580 0 0.914425 0.0855753 
 ----> 1.3#6.6#4.0#14.0#VAR 1581 0 0.931654 0.068346 
 ----> 1.3#6.6#4.0#14.0#VAR 1582 0 0.933621 0.0663786 
 ----> 1.3#6.6#4.0#14.0#VAR 1583 0 0.922513 0.0774875 
 ----> 1.3#6.6#4.0#14.0#VAR 1584 0 0.926975 0.0730251 
 ----> 1.3#6.6#4.0#14.0#VAR 1585 1 0.920603 0.0793974 
 ----> 1.3#6.6#4.0#14.0#VAR 1586 1 0.918932 0.081068 
 ----> 1.3#6.6#4.0#14.0#VAR 1587 1 0.924577 0.0754234 
 ----> 1.3#6.6#4.0#14.0#VAR 1588 0 0.92443 0.0755696 
 ----> 1.3#6.6#4.0#14.0#VAR 1589 0 0.933803 0.066197 
 ----> 1.3#6.6#4.0#14.0#VAR 1590 0 0.91762 0.08238 
 ----> 1.3#6.6#4.0#14.0#VAR 1591 1 0.922822 0.0771779 
 ----> 1.3#6.6#4.0#14.0#VAR 1592 1 0.933653 0.0663475 
 ----> 1.3#6.6#4.0#14.0#VAR 1593 0 0.921009 0.0789908 
 ----> 1.3#6.6#4.0#14.0#VAR 1594 0 0.932756 0.0672441 
 ----> 1.3#6.6#4.0#14.0#VAR 1595 1 0.935457 0.0645431 
 ----> 1.3#6.6#4.0#14.0#VAR 1596 0 0.931025 0.0689752 
 ----> 1.3#6.6#4.0#14.0#VAR 1597 1 0.922241 0.0777594 
 ----> 1.3#6.6#4.0#14.0#VAR 1598 1 0.942055 0.0579451 
 ----> 1.3#6.6#4.0#14.0#VAR 1599 1 0.916935 0.0830649 
 ----> 1.3#6.6#4.0#14.0#VAR 1600 0 0.914012 0.0859881 
 ----> 1.3#6.6#4.0#14.0#VAR 1601 0 0.921797 0.0782032 
 ----> 1.3#6.6#4.0#14.0#VAR 1602 1 0.91829 0.0817104 
 ----> 1.3#6.6#4.0#14.0#VAR 1603 0 0.933951 0.066049 
 ----> 1.3#6.6#4.0#14.0#VAR 1604 1 0.909692 0.0903076 
 ----> 1.3#6.6#4.0#14.0#VAR 1605 0 0.932413 0.067587 
 ----> 1.3#6.6#4.0#14.0#VAR 1606 0 0.924779 0.0752212 
 ----> 1.3#6.6#4.0#14.0#VAR 1607 1 0.914177 0.085823 
 ----> 1.3#6.6#4.0#14.0#VAR 1608 1 0.915595 0.0844048 
 ----> 1.3#6.6#4.0#14.0#VAR 1609 0 0.928749 0.0712506 
 ----> 1.3#6.6#4.0#14.0#VAR 1610 1 0.919854 0.0801455 
 ----> 1.3#6.6#4.0#14.0#VAR 1611 1 0.9322 0.0678004 
 ----> 1.3#6.6#4.0#14.0#VAR 1612 1 0.918964 0.0810361 
 ----> 1.3#6.6#4.0#14.0#VAR 1613 0 0.917935 0.0820649 
 ----> 1.3#6.6#4.0#14.0#VAR 1614 1 0.92558 0.07442 
 ----> 1.3#6.6#4.0#14.0#VAR 1615 1 0.91629 0.0837104 
 ----> 1.3#6.6#4.0#14.0#VAR 1616 1 0.927345 0.0726551 
 ----> 1.3#6.6#4.0#14.0#VAR 1617 0 0.919304 0.0806963 
 ----> 1.3#6.6#4.0#14.0#VAR 1618 0 0.931016 0.0689839 
 ----> 1.3#6.6#4.0#14.0#VAR 1619 0 0.925126 0.0748735 
 ----> 1.3#6.6#4.0#14.0#VAR 1620 0 0.914677 0.085323 
 ----> 1.3#6.6#4.0#14.0#VAR 1621 1 0.925928 0.0740721 
 ----> 1.3#6.6#4.0#14.0#VAR 1622 1 0.932126 0.0678736 
 ----> 1.3#6.6#4.0#14.0#VAR 1623 1 0.922586 0.0774136 
 ----> 1.3#6.6#4.0#14.0#VAR 1624 0 0.914881 0.0851186 
 ----> 1.3#6.6#4.0#14.0#VAR 1625 0 0.930713 0.0692869 
 ----> 1.3#6.6#4.0#14.0#VAR 1626 0 0.926191 0.0738091 
 ----> 1.3#6.6#4.0#14.0#VAR 1627 0 0.937867 0.062133 
 ----> 1.3#6.6#4.0#14.0#VAR 1628 0 0.922332 0.0776683 
 ----> 1.3#6.6#4.0#14.0#VAR 1629 1 0.935225 0.0647752 
 ----> 1.3#6.6#4.0#14.0#VAR 1630 0 0.923743 0.0762571 
 ----> 1.3#6.6#4.0#14.0#VAR 1631 0 0.917447 0.0825528 
 ----> 1.3#6.6#4.0#14.0#VAR 1632 0 0.904635 0.0953653 
 ----> 1.3#6.6#4.0#14.0#VAR 1633 0 0.936235 0.0637645 
 ----> 1.3#6.6#4.0#14.0#VAR 1634 1 0.926471 0.0735292 
 ----> 1.3#6.6#4.0#14.0#VAR 1635 0 0.928065 0.0719355 
 ----> 1.3#6.6#4.0#14.0#VAR 1636 1 0.924741 0.0752587 
 ----> 1.3#6.6#4.0#14.0#VAR 1637 0 0.922857 0.0771432 
 ----> 1.3#6.6#4.0#14.0#VAR 1638 0 0.918866 0.0811341 
 ----> 1.3#6.6#4.0#14.0#VAR 1639 0 0.908467 0.0915326 
 ----> 1.3#6.6#4.0#14.0#VAR 1640 0 0.903092 0.0969083 
 ----> 1.3#6.6#4.0#14.0#VAR 1641 0 0.903665 0.0963353 
 ----> 1.3#6.6#4.0#14.0#VAR 1642 0 0.91016 0.0898398 
 ----> 1.3#6.6#4.0#14.0#VAR 1643 1 0.916191 0.0838085 
 ----> 1.3#6.6#4.0#14.0#VAR 1644 1 0.915879 0.0841215 
 ----> 1.3#6.6#4.0#14.0#VAR 1645 1 0.9211 0.0789002 
 ----> 1.3#6.6#4.0#14.0#VAR 1646 1 0.922302 0.0776979 
 ----> 1.3#6.6#4.0#14.0#VAR 1647 1 0.920465 0.0795346 
 ----> 1.3#6.6#4.0#14.0#VAR 1648 1 0.926282 0.073718 
 ----> 1.3#6.6#4.0#14.0#VAR 1649 1 0.92379 0.0762099 
 ----> 1.3#6.6#4.0#14.0#VAR 1650 1 0.930642 0.0693577 
 ----> 1.3#6.6#4.0#14.0#VAR 1651 1 0.921034 0.0789664 
 ----> 1.3#6.6#4.0#14.0#VAR 1652 0 0.929627 0.070373 
 ----> 1.3#6.6#4.0#14.0#VAR 1653 0 0.900497 0.0995027 
 ----> 1.3#6.6#4.0#14.0#VAR 1654 1 0.930558 0.0694419 
 ----> 1.3#6.6#4.0#14.0#VAR 1655 0 0.922728 0.0772717 
 ----> 1.3#6.6#4.0#14.0#VAR 1656 0 0.91706 0.08294 
 ----> 1.3#6.6#4.0#14.0#VAR 1657 0 0.907657 0.0923425 
 ----> 1.3#6.6#4.0#14.0#VAR 1658 0 0.9136 0.0864004 
 ----> 1.3#6.6#4.0#14.0#VAR 1659 0 0.933308 0.066692 
 ----> 1.3#6.6#4.0#14.0#VAR 1660 0 0.933811 0.0661889 
 ----> 1.3#6.6#4.0#14.0#VAR 1661 1 0.918329 0.0816712 
 ----> 1.3#6.6#4.0#14.0#VAR 1662 1 0.922317 0.0776826 
 ----> 1.3#6.6#4.0#14.0#VAR 1663 1 0.932859 0.0671414 
 ----> 1.3#6.6#4.0#14.0#VAR 1664 0 0.923791 0.0762091 
 ----> 1.3#6.6#4.0#14.0#VAR 1665 1 0.929059 0.0709409 
 ----> 1.3#6.6#4.0#14.0#VAR 1666 0 0.931268 0.0687318 
 ----> 1.3#6.6#4.0#14.0#VAR 1667 1 0.911267 0.0887325 
 ----> 1.3#6.6#4.0#14.0#VAR 1668 0 0.928934 0.0710664 
 ----> 1.3#6.6#4.0#14.0#VAR 1669 0 0.920522 0.0794781 
 ----> 1.3#6.6#4.0#14.0#VAR 1670 0 0.927206 0.0727942 
 ----> 1.3#6.6#4.0#14.0#VAR 1671 0 0.908405 0.0915953 
 ----> 1.3#6.6#4.0#14.0#VAR 1672 0 0.921328 0.0786716 
 ----> 1.3#6.6#4.0#14.0#VAR 1673 0 0.92189 0.0781095 
 ----> 1.3#6.6#4.0#14.0#VAR 1674 1 0.925682 0.0743176 
 ----> 1.3#6.6#4.0#14.0#VAR 1675 0 0.938723 0.0612772 
 ----> 1.3#6.6#4.0#14.0#VAR 1676 0 0.916991 0.0830089 
 ----> 1.3#6.6#4.0#14.0#VAR 1677 0 0.925813 0.0741873 
 ----> 1.3#6.6#4.0#14.0#VAR 1678 1 0.928097 0.0719028 
 ----> 1.3#6.6#4.0#14.0#VAR 1679 0 0.920642 0.0793584 
 ----> 1.3#6.6#4.0#14.0#VAR 1680 0 0.913765 0.0862352 
 ----> 1.3#6.6#4.0#14.0#VAR 1681 0 0.918584 0.0814155 
 ----> 1.3#6.6#4.0#14.0#VAR 1682 1 0.923192 0.0768081 
 ----> 1.3#6.6#4.0#14.0#VAR 1683 0 0.91815 0.0818499 
 ----> 1.3#6.6#4.0#14.0#VAR 1684 1 0.93563 0.0643704 
 ----> 1.3#6.6#4.0#14.0#VAR 1685 0 0.929221 0.0707787 
 ----> 1.3#6.6#4.0#14.0#VAR 1686 0 0.91496 0.0850402 
 ----> 1.3#6.6#4.0#14.0#VAR 1687 0 0.92176 0.07824 
 ----> 1.3#6.6#4.0#14.0#VAR 1688 0 0.922819 0.0771812 
 ----> 1.3#6.6#4.0#14.0#VAR 1689 0 0.925656 0.074344 
 ----> 1.3#6.6#4.0#14.0#VAR 1690 0 0.927381 0.0726187 
 ----> 1.3#6.6#4.0#14.0#VAR 1691 0 0.923336 0.0766641 
 ----> 1.3#6.6#4.0#14.0#VAR 1692 1 0.932678 0.0673217 
 ----> 1.3#6.6#4.0#14.0#VAR 1693 1 0.912706 0.0872942 
 ----> 1.3#6.6#4.0#14.0#VAR 1694 1 0.920148 0.079852 
 ----> 1.3#6.6#4.0#14.0#VAR 1695 0 0.9168 0.0832001 
 ----> 1.3#6.6#4.0#14.0#VAR 1696 0 0.923248 0.076752 
 ----> 1.3#6.6#4.0#14.0#VAR 1697 0 0.928804 0.0711956 
 ----> 1.3#6.6#4.0#14.0#VAR 1698 0 0.91759 0.0824104 
 ----> 1.3#6.6#4.0#14.0#VAR 1699 1 0.928026 0.0719744 
 ----> 1.3#6.6#4.0#14.0#VAR 1700 1 0.927063 0.0729375 
 ----> 1.3#6.6#4.0#14.0#VAR 1701 0 0.923025 0.0769754 
 ----> 1.3#6.6#4.0#14.0#VAR 1702 0 0.917838 0.0821622 
 ----> 1.3#6.6#4.0#14.0#VAR 1703 0 0.910595 0.0894048 
 ----> 1.3#6.6#4.0#14.0#VAR 1704 1 0.922042 0.0779583 
 ----> 1.3#6.6#4.0#14.0#VAR 1705 0 0.932854 0.0671463 
 ----> 1.3#6.6#4.0#14.0#VAR 1706 0 0.937437 0.062563 
 ----> 1.3#6.6#4.0#14.0#VAR 1707 1 0.922051 0.0779485 
 ----> 1.3#6.6#4.0#14.0#VAR 1708 0 0.922385 0.077615 
 ----> 1.3#6.6#4.0#14.0#VAR 1709 1 0.917738 0.0822616 
 ----> 1.3#6.6#4.0#14.0#VAR 1710 0 0.918896 0.0811045 
 ----> 1.3#6.6#4.0#14.0#VAR 1711 0 0.920053 0.0799473 
 ----> 1.3#6.6#4.0#14.0#VAR 1712 0 0.919857 0.0801433 
 ----> 1.3#6.6#4.0#14.0#VAR 1713 0 0.928774 0.0712259 
 ----> 1.3#6.6#4.0#14.0#VAR 1714 0 0.9241 0.0759004 
 ----> 1.3#6.6#4.0#14.0#VAR 1715 0 0.929664 0.0703358 
 ----> 1.3#6.6#4.0#14.0#VAR 1716 0 0.930696 0.0693037 
 ----> 1.3#6.6#4.0#14.0#VAR 1717 0 0.916225 0.0837745 
 ----> 1.3#6.6#4.0#14.0#VAR 1718 1 0.928932 0.0710682 
 ----> 1.3#6.6#4.0#14.0#VAR 1719 1 0.931934 0.0680655 
 ----> 1.3#6.6#4.0#14.0#VAR 1720 0 0.918911 0.0810891 
 ----> 1.3#6.6#4.0#14.0#VAR 1721 0 0.912667 0.0873329 
 ----> 1.3#6.6#4.0#14.0#VAR 1722 0 0.929652 0.0703481 
 ----> 1.3#6.6#4.0#14.0#VAR 1723 1 0.925043 0.0749567 
 ----> 1.3#6.6#4.0#14.0#VAR 1724 0 0.92619 0.0738103 
 ----> 1.3#6.6#4.0#14.0#VAR 1725 0 0.913399 0.0866011 
 ----> 1.3#6.6#4.0#14.0#VAR 1726 1 0.915739 0.0842609 
 ----> 1.3#6.6#4.0#14.0#VAR 1727 0 0.931023 0.0689771 
 ----> 1.3#6.6#4.0#14.0#VAR 1728 1 0.92238 0.0776196 
 ----> 1.3#6.6#4.0#14.0#VAR 1729 1 0.925488 0.0745123 
 ----> 1.3#6.6#4.0#14.0#VAR 1730 0 0.92038 0.0796196 
 ----> 1.3#6.6#4.0#14.0#VAR 1731 0 0.924581 0.0754192 
 ----> 1.3#6.6#4.0#14.0#VAR 1732 0 0.912242 0.0877579 
 ----> 1.3#6.6#4.0#14.0#VAR 1733 0 0.915088 0.0849117 
 ----> 1.3#6.6#4.0#14.0#VAR 1734 1 0.91637 0.0836301 
 ----> 1.3#6.6#4.0#14.0#VAR 1735 1 0.919814 0.0801858 
 ----> 1.3#6.6#4.0#14.0#VAR 1736 0 0.923021 0.0769789 
 ----> 1.3#6.6#4.0#14.0#VAR 1737 1 0.930584 0.0694163 
 ----> 1.3#6.6#4.0#14.0#VAR 1738 1 0.928893 0.0711074 
 ----> 1.3#6.6#4.0#14.0#VAR 1739 0 0.926002 0.0739981 
 ----> 1.3#6.6#4.0#14.0#VAR 1740 0 0.928504 0.0714965 
 ----> 1.3#6.6#4.0#14.0#VAR 1741 0 0.923378 0.0766219 
 ----> 1.3#6.6#4.0#14.0#VAR 1742 0 0.923686 0.0763144 
 ----> 1.3#6.6#4.0#14.0#VAR 1743 0 0.919744 0.0802561 
 ----> 1.3#6.6#4.0#14.0#VAR 1744 0 0.926468 0.073532 
 ----> 1.3#6.6#4.0#14.0#VAR 1745 1 0.930357 0.0696433 
 ----> 1.3#6.6#4.0#14.0#VAR 1746 0 0.926405 0.0735946 
 ----> 1.3#6.6#4.0#14.0#VAR 1747 0 0.922177 0.0778228 
 ----> 1.3#6.6#4.0#14.0#VAR 1748 1 0.924911 0.0750894 
 ----> 1.3#6.6#4.0#14.0#VAR 1749 1 0.935734 0.0642658 
 ----> 1.3#6.6#4.0#14.0#VAR 1750 1 0.935717 0.0642831 
 ----> 1.3#6.6#4.0#14.0#VAR 1751 0 0.925902 0.074098 
 ----> 1.3#6.6#4.0#14.0#VAR 1752 0 0.919192 0.0808084 
 ----> 1.3#6.6#4.0#14.0#VAR 1753 0 0.918728 0.0812718 
 ----> 1.3#6.6#4.0#14.0#VAR 1754 0 0.925448 0.074552 
 ----> 1.3#6.6#4.0#14.0#VAR 1755 0 0.917108 0.0828924 
 ----> 1.3#6.6#4.0#14.0#VAR 1756 0 0.92718 0.0728201 
 ----> 1.3#6.6#4.0#14.0#VAR 1757 0 0.930588 0.0694123 
 ----> 1.3#6.6#4.0#14.0#VAR 1758 0 0.932023 0.0679775 
 ----> 1.3#6.6#4.0#14.0#VAR 1759 0 0.927973 0.0720275 
 ----> 1.3#6.6#4.0#14.0#VAR 1760 1 0.917126 0.0828738 
 ----> 1.3#6.6#4.0#14.0#VAR 1761 0 0.922372 0.0776278 
 ----> 1.3#6.6#4.0#14.0#VAR 1762 0 0.914917 0.0850827 
 ----> 1.3#6.6#4.0#14.0#VAR 1763 1 0.923016 0.076984 
 ----> 1.3#6.6#4.0#14.0#VAR 1764 1 0.925501 0.0744993 
 ----> 1.3#6.6#4.0#14.0#VAR 1765 0 0.928706 0.0712942 
 ----> 1.3#6.6#4.0#14.0#VAR 1766 1 0.916972 0.0830276 
 ----> 1.3#6.6#4.0#14.0#VAR 1767 0 0.926756 0.0732436 
 ----> 1.3#6.6#4.0#14.0#VAR 1768 1 0.923086 0.076914 
 ----> 1.3#6.6#4.0#14.0#VAR 1769 0 0.918359 0.0816407 
 ----> 1.3#6.6#4.0#14.0#VAR 1770 0 0.928199 0.0718007 
 ----> 1.3#6.6#4.0#14.0#VAR 1771 0 0.923504 0.0764957 
 ----> 1.3#6.6#4.0#14.0#VAR 1772 1 0.932508 0.0674916 
 ----> 1.3#6.6#4.0#14.0#VAR 1773 0 0.926574 0.0734258 
 ----> 1.3#6.6#4.0#14.0#VAR 1774 1 0.932139 0.0678608 
 ----> 1.3#6.6#4.0#14.0#VAR 1775 0 0.91679 0.08321 
 ----> 1.3#6.6#4.0#14.0#VAR 1776 0 0.924044 0.0759561 
 ----> 1.3#6.6#4.0#14.0#VAR 1777 0 0.931643 0.0683571 
 ----> 1.3#6.6#4.0#14.0#VAR 1778 0 0.911661 0.088339 
 ----> 1.3#6.6#4.0#14.0#VAR 1779 0 0.924627 0.0753734 
 ----> 1.3#6.6#4.0#14.0#VAR 1780 1 0.929876 0.0701237 
 ----> 1.3#6.6#4.0#14.0#VAR 1781 1 0.936125 0.0638751 
 ----> 1.3#6.6#4.0#14.0#VAR 1782 0 0.92447 0.0755299 
 ----> 1.3#6.6#4.0#14.0#VAR 1783 0 0.92719 0.0728104 
 ----> 1.3#6.6#4.0#14.0#VAR 1784 0 0.927491 0.0725091 
 ----> 1.3#6.6#4.0#14.0#VAR 1785 0 0.916792 0.083208 
 ----> 1.3#6.6#4.0#14.0#VAR 1786 0 0.917797 0.0822032 
 ----> 1.3#6.6#4.0#14.0#VAR 1787 1 0.921645 0.0783547 
 ----> 1.3#6.6#4.0#14.0#VAR 1788 1 0.932735 0.0672647 
 ----> 1.3#6.6#4.0#14.0#VAR 1789 0 0.924268 0.0757322 
 ----> 1.3#6.6#4.0#14.0#VAR 1790 0 0.913581 0.0864193 
 ----> 1.3#6.6#4.0#14.0#VAR 1791 0 0.929131 0.0708685 
 ----> 1.3#6.6#4.0#14.0#VAR 1792 0 0.932436 0.0675637 
 ----> 1.3#6.6#4.0#14.0#VAR 1793 1 0.914183 0.0858166 
 ----> 1.3#6.6#4.0#14.0#VAR 1794 0 0.920471 0.0795294 
 ----> 1.3#6.6#4.0#14.0#VAR 1795 0 0.938617 0.0613826 
 ----> 1.3#6.6#4.0#14.0#VAR 1796 1 0.908282 0.0917181 
 ----> 1.3#6.6#4.0#14.0#VAR 1797 0 0.931178 0.0688217 
 ----> 1.3#6.6#4.0#14.0#VAR 1798 0 0.918294 0.0817061 
 ----> 1.3#6.6#4.0#14.0#VAR 1799 0 0.925608 0.0743922 
 ----> 1.3#6.6#4.0#14.0#VAR 1800 0 0.920125 0.0798748 
 ----> 1.3#6.6#4.0#14.0#VAR 1801 0 0.924491 0.0755093 
 ----> 1.3#6.6#4.0#14.0#VAR 1802 0 0.935314 0.0646856 
 ----> 1.3#6.6#4.0#14.0#VAR 1803 0 0.927606 0.0723939 
 ----> 1.3#6.6#4.0#14.0#VAR 1804 0 0.92238 0.07762 
 ----> 1.3#6.6#4.0#14.0#VAR 1805 0 0.928313 0.0716866 
 ----> 1.3#6.6#4.0#14.0#VAR 1806 1 0.919123 0.0808772 
 ----> 1.3#6.6#4.0#14.0#VAR 1807 0 0.917508 0.0824916 
 ----> 1.3#6.6#4.0#14.0#VAR 1808 0 0.92833 0.0716705 
 ----> 1.3#6.6#4.0#14.0#VAR 1809 0 0.930701 0.0692993 
 ----> 1.3#6.6#4.0#14.0#VAR 1810 0 0.924316 0.0756835 
 ----> 1.3#6.6#4.0#14.0#VAR 1811 0 0.923351 0.0766485 
 ----> 1.3#6.6#4.0#14.0#VAR 1812 0 0.936922 0.0630776 
 ----> 1.3#6.6#4.0#14.0#VAR 1813 0 0.923112 0.0768878 
 ----> 1.3#6.6#4.0#14.0#VAR 1814 0 0.934612 0.0653876 
 ----> 1.3#6.6#4.0#14.0#VAR 1815 0 0.914701 0.0852987 
 ----> 1.3#6.6#4.0#14.0#VAR 1816 0 0.921755 0.0782449 
 ----> 1.3#6.6#4.0#14.0#VAR 1817 1 0.923004 0.0769963 
 ----> 1.3#6.6#4.0#14.0#VAR 1818 0 0.915266 0.0847345 
 ----> 1.3#6.6#4.0#14.0#VAR 1819 0 0.876299 0.123701 
 ----> 1.3#6.6#4.0#14.0#VAR 1820 0 0.910069 0.0899307 
 ----> 1.3#6.6#4.0#14.0#VAR 1821 0 0.912866 0.0871338 
 ----> 1.3#6.6#4.0#14.0#VAR 1822 1 0.910118 0.0898817 
 ----> 1.3#6.6#4.0#14.0#VAR 1823 0 0.919807 0.0801929 
 ----> 1.3#6.6#4.0#14.0#VAR 1824 0 0.936275 0.0637251 
 ----> 1.3#6.6#4.0#14.0#VAR 1825 0 0.917124 0.0828763 
 ----> 1.3#6.6#4.0#14.0#VAR 1826 0 0.913353 0.0866466 
 ++++> 1.3#6.6#4.0#14.0#VAR 1827  0 0.917193 0.0828074 
