 ----> 1.3#6.6#4.0#14.0#VAR 7 0 0.920108 0.0798915 
 ----> 1.3#6.6#4.0#14.0#VAR 8 0 0.926431 0.0735686 
 ----> 1.3#6.6#4.0#14.0#VAR 9 0 0.922177 0.0778229 
 ----> 1.3#6.6#4.0#14.0#VAR 10 1 0.91738 0.0826201 
 ----> 1.3#6.6#4.0#14.0#VAR 11 1 0.919631 0.080369 
 ----> 1.3#6.6#4.0#14.0#VAR 12 0 0.920782 0.0792177 
 ----> 1.3#6.6#4.0#14.0#VAR 13 0 0.924466 0.0755338 
 ----> 1.3#6.6#4.0#14.0#VAR 14 0 0.92118 0.0788195 
 ----> 1.3#6.6#4.0#14.0#VAR 15 0 0.922237 0.0777632 
 ----> 1.3#6.6#4.0#14.0#VAR 16 0 0.925359 0.0746412 
 ----> 1.3#6.6#4.0#14.0#VAR 17 0 0.917465 0.0825349 
 ----> 1.3#6.6#4.0#14.0#VAR 18 0 0.927628 0.072372 
 ----> 1.3#6.6#4.0#14.0#VAR 19 0 0.927333 0.0726665 
 ----> 1.3#6.6#4.0#14.0#VAR 20 1 0.923973 0.0760266 
 ----> 1.3#6.6#4.0#14.0#VAR 21 0 0.925544 0.0744558 
 ----> 1.3#6.6#4.0#14.0#VAR 22 0 0.921537 0.0784625 
 ----> 1.3#6.6#4.0#14.0#VAR 23 0 0.920422 0.079578 
 ----> 1.3#6.6#4.0#14.0#VAR 24 0 0.914542 0.085458 
 ----> 1.3#6.6#4.0#14.0#VAR 25 0 0.926039 0.0739608 
 ----> 1.3#6.6#4.0#14.0#VAR 26 0 0.924851 0.0751492 
 ----> 1.3#6.6#4.0#14.0#VAR 27 0 0.926611 0.073389 
 ----> 1.3#6.6#4.0#14.0#VAR 28 0 0.926369 0.0736312 
 ----> 1.3#6.6#4.0#14.0#VAR 29 1 0.9225 0.0775003 
 ----> 1.3#6.6#4.0#14.0#VAR 30 1 0.921048 0.0789518 
 ----> 1.3#6.6#4.0#14.0#VAR 31 0 0.920782 0.0792179 
 ----> 1.3#6.6#4.0#14.0#VAR 32 0 0.91941 0.0805901 
 ----> 1.3#6.6#4.0#14.0#VAR 33 0 0.929184 0.0708163 
 ----> 1.3#6.6#4.0#14.0#VAR 34 0 0.92176 0.0782399 
 ----> 1.3#6.6#4.0#14.0#VAR 35 1 0.916465 0.0835349 
 ----> 1.3#6.6#4.0#14.0#VAR 36 0 0.919397 0.0806025 
 ----> 1.3#6.6#4.0#14.0#VAR 37 0 0.919499 0.0805008 
 ----> 1.3#6.6#4.0#14.0#VAR 38 0 0.921592 0.0784083 
 ----> 1.3#6.6#4.0#14.0#VAR 39 0 0.9182 0.0818003 
 ----> 1.3#6.6#4.0#14.0#VAR 40 0 0.926519 0.0734806 
 ----> 1.3#6.6#4.0#14.0#VAR 41 0 0.930417 0.0695835 
 ----> 1.3#6.6#4.0#14.0#VAR 42 0 0.924724 0.075276 
 ----> 1.3#6.6#4.0#14.0#VAR 43 0 0.92496 0.0750401 
 ----> 1.3#6.6#4.0#14.0#VAR 44 0 0.927256 0.0727443 
 ----> 1.3#6.6#4.0#14.0#VAR 45 0 0.925235 0.0747646 
 ----> 1.3#6.6#4.0#14.0#VAR 46 0 0.923577 0.0764226 
 ----> 1.3#6.6#4.0#14.0#VAR 47 0 0.92236 0.0776402 
 ----> 1.3#6.6#4.0#14.0#VAR 48 1 0.914492 0.0855083 
 ----> 1.3#6.6#4.0#14.0#VAR 49 0 0.927164 0.0728361 
 ----> 1.3#6.6#4.0#14.0#VAR 50 0 0.926363 0.0736375 
 ----> 1.3#6.6#4.0#14.0#VAR 51 0 0.916898 0.0831022 
 ----> 1.3#6.6#4.0#14.0#VAR 52 0 0.921777 0.0782234 
 ----> 1.3#6.6#4.0#14.0#VAR 53 0 0.935724 0.0642761 
 ----> 1.3#6.6#4.0#14.0#VAR 54 0 0.928229 0.0717712 
 ----> 1.3#6.6#4.0#14.0#VAR 55 0 0.911754 0.0882461 
 ----> 1.3#6.6#4.0#14.0#VAR 56 0 0.929286 0.0707136 
 ----> 1.3#6.6#4.0#14.0#VAR 57 0 0.923236 0.0767639 
 ----> 1.3#6.6#4.0#14.0#VAR 58 0 0.926883 0.0731174 
 ----> 1.3#6.6#4.0#14.0#VAR 59 0 0.921783 0.0782174 
 ----> 1.3#6.6#4.0#14.0#VAR 60 0 0.929998 0.0700017 
 ----> 1.3#6.6#4.0#14.0#VAR 61 1 0.91552 0.0844805 
 ----> 1.3#6.6#4.0#14.0#VAR 62 0 0.917434 0.0825662 
 ----> 1.3#6.6#4.0#14.0#VAR 63 0 0.925598 0.0744018 
 ----> 1.3#6.6#4.0#14.0#VAR 64 0 0.929224 0.0707758 
 ----> 1.3#6.6#4.0#14.0#VAR 65 0 0.927237 0.0727629 
 ----> 1.3#6.6#4.0#14.0#VAR 66 0 0.92712 0.0728797 
 ----> 1.3#6.6#4.0#14.0#VAR 67 0 0.928813 0.071187 
 ----> 1.3#6.6#4.0#14.0#VAR 68 0 0.923056 0.0769442 
 ----> 1.3#6.6#4.0#14.0#VAR 69 0 0.931882 0.0681182 
 ----> 1.3#6.6#4.0#14.0#VAR 70 0 0.917327 0.0826726 
 ----> 1.3#6.6#4.0#14.0#VAR 71 0 0.921188 0.0788118 
 ----> 1.3#6.6#4.0#14.0#VAR 72 0 0.925613 0.0743868 
 ----> 1.3#6.6#4.0#14.0#VAR 73 0 0.925688 0.0743117 
 ----> 1.3#6.6#4.0#14.0#VAR 74 0 0.933026 0.0669743 
 ----> 1.3#6.6#4.0#14.0#VAR 75 0 0.928219 0.0717808 
 ----> 1.3#6.6#4.0#14.0#VAR 76 0 0.920487 0.0795132 
 ----> 1.3#6.6#4.0#14.0#VAR 77 0 0.923922 0.0760775 
 ----> 1.3#6.6#4.0#14.0#VAR 78 0 0.924926 0.0750744 
 ----> 1.3#6.6#4.0#14.0#VAR 79 0 0.92267 0.0773296 
 ----> 1.3#6.6#4.0#14.0#VAR 80 0 0.920034 0.0799662 
 ----> 1.3#6.6#4.0#14.0#VAR 81 0 0.929168 0.0708318 
 ----> 1.3#6.6#4.0#14.0#VAR 82 0 0.929952 0.0700475 
 ----> 1.3#6.6#4.0#14.0#VAR 83 0 0.925886 0.0741141 
 ----> 1.3#6.6#4.0#14.0#VAR 84 0 0.927708 0.0722916 
 ----> 1.3#6.6#4.0#14.0#VAR 85 0 0.916927 0.0830728 
 ----> 1.3#6.6#4.0#14.0#VAR 86 0 0.926479 0.073521 
 ----> 1.3#6.6#4.0#14.0#VAR 87 0 0.915253 0.0847474 
 ----> 1.3#6.6#4.0#14.0#VAR 88 0 0.926107 0.0738927 
 ----> 1.3#6.6#4.0#14.0#VAR 89 0 0.924289 0.0757111 
 ----> 1.3#6.6#4.0#14.0#VAR 90 0 0.930693 0.069307 
 ----> 1.3#6.6#4.0#14.0#VAR 91 0 0.928672 0.0713283 
 ----> 1.3#6.6#4.0#14.0#VAR 92 0 0.925098 0.0749015 
 ----> 1.3#6.6#4.0#14.0#VAR 93 0 0.928658 0.0713423 
 ----> 1.3#6.6#4.0#14.0#VAR 94 0 0.921352 0.078648 
 ----> 1.3#6.6#4.0#14.0#VAR 95 1 0.922097 0.077903 
 ----> 1.3#6.6#4.0#14.0#VAR 96 0 0.922135 0.0778648 
 ----> 1.3#6.6#4.0#14.0#VAR 97 0 0.932922 0.0670776 
 ----> 1.3#6.6#4.0#14.0#VAR 98 0 0.930511 0.0694891 
 ----> 1.3#6.6#4.0#14.0#VAR 99 0 0.93057 0.0694297 
 ----> 1.3#6.6#4.0#14.0#VAR 100 0 0.923919 0.0760807 
 ----> 1.3#6.6#4.0#14.0#VAR 101 0 0.924489 0.0755113 
 ----> 1.3#6.6#4.0#14.0#VAR 102 0 0.921622 0.078378 
 ----> 1.3#6.6#4.0#14.0#VAR 103 0 0.927847 0.0721531 
 ----> 1.3#6.6#4.0#14.0#VAR 104 1 0.904631 0.0953693 
 ----> 1.3#6.6#4.0#14.0#VAR 105 0 0.917588 0.0824119 
 ----> 1.3#6.6#4.0#14.0#VAR 106 0 0.930157 0.0698425 
 ----> 1.3#6.6#4.0#14.0#VAR 107 0 0.924067 0.0759326 
 ----> 1.3#6.6#4.0#14.0#VAR 108 0 0.920999 0.0790006 
 ----> 1.3#6.6#4.0#14.0#VAR 109 0 0.922512 0.0774876 
 ----> 1.3#6.6#4.0#14.0#VAR 110 0 0.928253 0.0717472 
 ----> 1.3#6.6#4.0#14.0#VAR 111 0 0.921249 0.0787514 
 ----> 1.3#6.6#4.0#14.0#VAR 112 0 0.924864 0.0751363 
 ----> 1.3#6.6#4.0#14.0#VAR 113 0 0.934157 0.0658427 
 ----> 1.3#6.6#4.0#14.0#VAR 114 0 0.925685 0.074315 
 ----> 1.3#6.6#4.0#14.0#VAR 115 1 0.922073 0.0779274 
 ----> 1.3#6.6#4.0#14.0#VAR 116 0 0.932256 0.0677439 
 ----> 1.3#6.6#4.0#14.0#VAR 117 0 0.929512 0.0704883 
 ----> 1.3#6.6#4.0#14.0#VAR 118 0 0.926296 0.0737042 
 ----> 1.3#6.6#4.0#14.0#VAR 119 0 0.928335 0.0716652 
 ----> 1.3#6.6#4.0#14.0#VAR 120 0 0.924226 0.075774 
 ----> 1.3#6.6#4.0#14.0#VAR 121 1 0.913377 0.0866231 
 ----> 1.3#6.6#4.0#14.0#VAR 122 0 0.922479 0.0775208 
 ----> 1.3#6.6#4.0#14.0#VAR 123 0 0.931972 0.0680278 
 ----> 1.3#6.6#4.0#14.0#VAR 124 0 0.923687 0.0763127 
 ----> 1.3#6.6#4.0#14.0#VAR 125 0 0.924474 0.075526 
 ----> 1.3#6.6#4.0#14.0#VAR 126 0 0.924892 0.075108 
 ----> 1.3#6.6#4.0#14.0#VAR 127 0 0.922991 0.0770089 
 ----> 1.3#6.6#4.0#14.0#VAR 128 0 0.925553 0.0744471 
 ----> 1.3#6.6#4.0#14.0#VAR 129 0 0.926247 0.0737531 
 ----> 1.3#6.6#4.0#14.0#VAR 130 0 0.931751 0.0682486 
 ----> 1.3#6.6#4.0#14.0#VAR 131 0 0.927292 0.0727078 
 ----> 1.3#6.6#4.0#14.0#VAR 132 0 0.922832 0.0771676 
 ----> 1.3#6.6#4.0#14.0#VAR 133 0 0.920331 0.0796694 
 ----> 1.3#6.6#4.0#14.0#VAR 134 0 0.914863 0.0851369 
 ----> 1.3#6.6#4.0#14.0#VAR 135 0 0.922976 0.0770236 
 ----> 1.3#6.6#4.0#14.0#VAR 136 0 0.926473 0.0735273 
 ----> 1.3#6.6#4.0#14.0#VAR 137 0 0.927491 0.0725091 
 ----> 1.3#6.6#4.0#14.0#VAR 138 0 0.910933 0.0890668 
 ----> 1.3#6.6#4.0#14.0#VAR 139 0 0.920129 0.0798706 
 ----> 1.3#6.6#4.0#14.0#VAR 140 0 0.924504 0.0754959 
 ----> 1.3#6.6#4.0#14.0#VAR 141 0 0.927102 0.0728975 
 ----> 1.3#6.6#4.0#14.0#VAR 142 0 0.923054 0.0769464 
 ----> 1.3#6.6#4.0#14.0#VAR 143 0 0.918943 0.081057 
 ----> 1.3#6.6#4.0#14.0#VAR 144 0 0.926227 0.073773 
 ----> 1.3#6.6#4.0#14.0#VAR 145 0 0.925271 0.074729 
 ----> 1.3#6.6#4.0#14.0#VAR 146 0 0.924434 0.0755662 
 ----> 1.3#6.6#4.0#14.0#VAR 147 0 0.93179 0.0682103 
 ----> 1.3#6.6#4.0#14.0#VAR 148 1 0.922901 0.0770989 
 ----> 1.3#6.6#4.0#14.0#VAR 149 0 0.922795 0.0772047 
 ----> 1.3#6.6#4.0#14.0#VAR 150 0 0.929898 0.0701019 
 ----> 1.3#6.6#4.0#14.0#VAR 151 0 0.92311 0.0768898 
 ----> 1.3#6.6#4.0#14.0#VAR 152 0 0.921664 0.0783362 
 ----> 1.3#6.6#4.0#14.0#VAR 153 0 0.924118 0.075882 
 ----> 1.3#6.6#4.0#14.0#VAR 154 0 0.927601 0.0723992 
 ----> 1.3#6.6#4.0#14.0#VAR 155 0 0.92509 0.0749097 
 ----> 1.3#6.6#4.0#14.0#VAR 156 0 0.923557 0.0764428 
 ----> 1.3#6.6#4.0#14.0#VAR 157 0 0.920668 0.0793324 
 ----> 1.3#6.6#4.0#14.0#VAR 158 0 0.922802 0.0771984 
 ----> 1.3#6.6#4.0#14.0#VAR 159 0 0.92567 0.07433 
 ----> 1.3#6.6#4.0#14.0#VAR 160 0 0.92426 0.0757404 
 ----> 1.3#6.6#4.0#14.0#VAR 161 0 0.929909 0.0700913 
 ----> 1.3#6.6#4.0#14.0#VAR 162 1 0.917718 0.0822823 
 ----> 1.3#6.6#4.0#14.0#VAR 163 0 0.936201 0.0637989 
 ----> 1.3#6.6#4.0#14.0#VAR 164 0 0.930419 0.0695807 
 ----> 1.3#6.6#4.0#14.0#VAR 165 0 0.931604 0.0683959 
 ----> 1.3#6.6#4.0#14.0#VAR 166 0 0.926279 0.0737214 
 ----> 1.3#6.6#4.0#14.0#VAR 167 0 0.927554 0.0724459 
 ----> 1.3#6.6#4.0#14.0#VAR 168 0 0.921911 0.0780886 
 ----> 1.3#6.6#4.0#14.0#VAR 169 0 0.927053 0.0729472 
 ----> 1.3#6.6#4.0#14.0#VAR 170 0 0.930005 0.0699955 
 ----> 1.3#6.6#4.0#14.0#VAR 171 0 0.926026 0.073974 
 ----> 1.3#6.6#4.0#14.0#VAR 172 1 0.906528 0.0934725 
 ----> 1.3#6.6#4.0#14.0#VAR 173 0 0.927103 0.0728972 
 ----> 1.3#6.6#4.0#14.0#VAR 174 0 0.922407 0.0775927 
 ----> 1.3#6.6#4.0#14.0#VAR 175 0 0.929007 0.0709926 
 ----> 1.3#6.6#4.0#14.0#VAR 176 0 0.93391 0.0660901 
 ----> 1.3#6.6#4.0#14.0#VAR 177 0 0.922883 0.0771173 
 ----> 1.3#6.6#4.0#14.0#VAR 178 0 0.931299 0.0687013 
 ----> 1.3#6.6#4.0#14.0#VAR 179 0 0.924633 0.0753673 
 ----> 1.3#6.6#4.0#14.0#VAR 180 0 0.91927 0.0807297 
 ----> 1.3#6.6#4.0#14.0#VAR 181 0 0.924696 0.0753043 
 ----> 1.3#6.6#4.0#14.0#VAR 182 0 0.929206 0.0707938 
 ----> 1.3#6.6#4.0#14.0#VAR 183 0 0.916756 0.083244 
 ----> 1.3#6.6#4.0#14.0#VAR 184 0 0.925916 0.0740844 
 ----> 1.3#6.6#4.0#14.0#VAR 185 0 0.93211 0.0678902 
 ----> 1.3#6.6#4.0#14.0#VAR 186 0 0.930558 0.0694415 
 ----> 1.3#6.6#4.0#14.0#VAR 187 0 0.919604 0.0803962 
 ----> 1.3#6.6#4.0#14.0#VAR 188 1 0.913474 0.0865258 
 ----> 1.3#6.6#4.0#14.0#VAR 189 0 0.927042 0.0729579 
 ----> 1.3#6.6#4.0#14.0#VAR 190 0 0.927801 0.0721989 
 ----> 1.3#6.6#4.0#14.0#VAR 191 0 0.930737 0.0692632 
 ----> 1.3#6.6#4.0#14.0#VAR 192 0 0.92723 0.0727695 
 ----> 1.3#6.6#4.0#14.0#VAR 193 0 0.933083 0.0669166 
 ----> 1.3#6.6#4.0#14.0#VAR 194 0 0.921177 0.0788231 
 ----> 1.3#6.6#4.0#14.0#VAR 195 0 0.922806 0.0771943 
 ----> 1.3#6.6#4.0#14.0#VAR 196 0 0.907408 0.0925915 
 ----> 1.3#6.6#4.0#14.0#VAR 197 0 0.931834 0.068166 
 ----> 1.3#6.6#4.0#14.0#VAR 198 0 0.92283 0.07717 
 ----> 1.3#6.6#4.0#14.0#VAR 199 0 0.924524 0.0754759 
 ----> 1.3#6.6#4.0#14.0#VAR 200 0 0.920942 0.0790583 
 ----> 1.3#6.6#4.0#14.0#VAR 201 0 0.92125 0.0787498 
 ----> 1.3#6.6#4.0#14.0#VAR 202 0 0.929054 0.0709462 
 ----> 1.3#6.6#4.0#14.0#VAR 203 0 0.927598 0.0724023 
 ----> 1.3#6.6#4.0#14.0#VAR 204 0 0.930298 0.0697018 
 ----> 1.3#6.6#4.0#14.0#VAR 205 0 0.918228 0.0817716 
 ----> 1.3#6.6#4.0#14.0#VAR 206 0 0.924245 0.0757547 
 ----> 1.3#6.6#4.0#14.0#VAR 207 0 0.922575 0.0774245 
 ----> 1.3#6.6#4.0#14.0#VAR 208 0 0.924349 0.0756505 
 ----> 1.3#6.6#4.0#14.0#VAR 209 0 0.922437 0.0775627 
 ----> 1.3#6.6#4.0#14.0#VAR 210 0 0.921376 0.0786242 
 ----> 1.3#6.6#4.0#14.0#VAR 211 0 0.927045 0.0729554 
 ----> 1.3#6.6#4.0#14.0#VAR 212 0 0.921735 0.0782652 
 ----> 1.3#6.6#4.0#14.0#VAR 213 0 0.927764 0.0722362 
 ----> 1.3#6.6#4.0#14.0#VAR 214 0 0.922896 0.0771044 
 ----> 1.3#6.6#4.0#14.0#VAR 215 0 0.922587 0.0774126 
 ----> 1.3#6.6#4.0#14.0#VAR 216 0 0.91733 0.0826697 
 ----> 1.3#6.6#4.0#14.0#VAR 217 0 0.926338 0.0736624 
 ----> 1.3#6.6#4.0#14.0#VAR 218 0 0.93374 0.0662602 
 ----> 1.3#6.6#4.0#14.0#VAR 219 0 0.93338 0.06662 
 ----> 1.3#6.6#4.0#14.0#VAR 220 1 0.911025 0.0889747 
 ----> 1.3#6.6#4.0#14.0#VAR 221 0 0.918277 0.0817235 
 ----> 1.3#6.6#4.0#14.0#VAR 222 0 0.921338 0.0786624 
 ----> 1.3#6.6#4.0#14.0#VAR 223 0 0.927671 0.072329 
 ----> 1.3#6.6#4.0#14.0#VAR 224 0 0.938176 0.0618243 
 ----> 1.3#6.6#4.0#14.0#VAR 225 0 0.919002 0.0809978 
 ----> 1.3#6.6#4.0#14.0#VAR 226 0 0.916145 0.0838551 
 ----> 1.3#6.6#4.0#14.0#VAR 227 0 0.932907 0.0670931 
 ----> 1.3#6.6#4.0#14.0#VAR 228 1 0.918319 0.0816813 
 ----> 1.3#6.6#4.0#14.0#VAR 229 0 0.926117 0.0738831 
 ----> 1.3#6.6#4.0#14.0#VAR 230 0 0.926703 0.0732971 
 ----> 1.3#6.6#4.0#14.0#VAR 231 0 0.91813 0.0818705 
 ----> 1.3#6.6#4.0#14.0#VAR 232 0 0.922352 0.0776483 
 ----> 1.3#6.6#4.0#14.0#VAR 233 0 0.931118 0.0688818 
 ----> 1.3#6.6#4.0#14.0#VAR 234 0 0.927225 0.072775 
 ----> 1.3#6.6#4.0#14.0#VAR 235 0 0.92339 0.0766098 
 ----> 1.3#6.6#4.0#14.0#VAR 236 0 0.925757 0.0742429 
 ----> 1.3#6.6#4.0#14.0#VAR 237 0 0.921045 0.0789548 
 ----> 1.3#6.6#4.0#14.0#VAR 238 0 0.916557 0.083443 
 ----> 1.3#6.6#4.0#14.0#VAR 239 0 0.927278 0.0727221 
 ----> 1.3#6.6#4.0#14.0#VAR 240 0 0.933391 0.0666089 
 ----> 1.3#6.6#4.0#14.0#VAR 241 0 0.923391 0.0766092 
 ----> 1.3#6.6#4.0#14.0#VAR 242 0 0.925475 0.0745248 
 ----> 1.3#6.6#4.0#14.0#VAR 243 0 0.921478 0.0785218 
 ----> 1.3#6.6#4.0#14.0#VAR 244 0 0.928735 0.0712651 
 ----> 1.3#6.6#4.0#14.0#VAR 245 0 0.928609 0.0713912 
 ----> 1.3#6.6#4.0#14.0#VAR 246 0 0.928429 0.0715714 
 ----> 1.3#6.6#4.0#14.0#VAR 247 0 0.931375 0.0686254 
 ----> 1.3#6.6#4.0#14.0#VAR 248 0 0.918033 0.0819672 
 ----> 1.3#6.6#4.0#14.0#VAR 249 0 0.914636 0.0853642 
 ----> 1.3#6.6#4.0#14.0#VAR 250 0 0.928198 0.0718025 
 ----> 1.3#6.6#4.0#14.0#VAR 251 0 0.924287 0.0757126 
 ----> 1.3#6.6#4.0#14.0#VAR 252 0 0.926098 0.0739017 
 ----> 1.3#6.6#4.0#14.0#VAR 253 0 0.928329 0.0716714 
 ----> 1.3#6.6#4.0#14.0#VAR 254 0 0.925701 0.0742987 
 ----> 1.3#6.6#4.0#14.0#VAR 255 0 0.92236 0.0776405 
 ----> 1.3#6.6#4.0#14.0#VAR 256 0 0.922278 0.0777224 
 ----> 1.3#6.6#4.0#14.0#VAR 257 0 0.923036 0.0769636 
 ----> 1.3#6.6#4.0#14.0#VAR 258 0 0.925077 0.0749235 
 ----> 1.3#6.6#4.0#14.0#VAR 259 0 0.924008 0.0759923 
 ----> 1.3#6.6#4.0#14.0#VAR 260 0 0.917587 0.0824128 
 ----> 1.3#6.6#4.0#14.0#VAR 261 0 0.916893 0.0831068 
 ----> 1.3#6.6#4.0#14.0#VAR 262 0 0.918288 0.0817117 
 ----> 1.3#6.6#4.0#14.0#VAR 263 0 0.902684 0.0973161 
 ----> 1.3#6.6#4.0#14.0#VAR 264 0 0.921605 0.0783952 
 ----> 1.3#6.6#4.0#14.0#VAR 265 0 0.925748 0.0742517 
 ----> 1.3#6.6#4.0#14.0#VAR 266 0 0.923653 0.0763469 
 ----> 1.3#6.6#4.0#14.0#VAR 267 0 0.921237 0.0787628 
 ----> 1.3#6.6#4.0#14.0#VAR 268 0 0.914945 0.0850552 
 ----> 1.3#6.6#4.0#14.0#VAR 269 0 0.925788 0.0742119 
 ----> 1.3#6.6#4.0#14.0#VAR 270 0 0.913404 0.0865956 
 ----> 1.3#6.6#4.0#14.0#VAR 271 1 0.897279 0.102721 
 ----> 1.3#6.6#4.0#14.0#VAR 272 0 0.923458 0.0765421 
 ----> 1.3#6.6#4.0#14.0#VAR 273 0 0.923803 0.0761967 
 ----> 1.3#6.6#4.0#14.0#VAR 274 1 0.912341 0.0876585 
 ----> 1.3#6.6#4.0#14.0#VAR 275 0 0.923002 0.0769979 
 ----> 1.3#6.6#4.0#14.0#VAR 276 0 0.918678 0.0813216 
 ----> 1.3#6.6#4.0#14.0#VAR 277 0 0.925171 0.074829 
 ----> 1.3#6.6#4.0#14.0#VAR 278 0 0.924406 0.0755941 
 ----> 1.3#6.6#4.0#14.0#VAR 279 0 0.924353 0.0756468 
 ----> 1.3#6.6#4.0#14.0#VAR 280 0 0.917611 0.0823888 
 ----> 1.3#6.6#4.0#14.0#VAR 281 0 0.927978 0.072022 
 ----> 1.3#6.6#4.0#14.0#VAR 282 0 0.928178 0.0718216 
 ----> 1.3#6.6#4.0#14.0#VAR 283 0 0.932566 0.0674343 
 ----> 1.3#6.6#4.0#14.0#VAR 284 0 0.923005 0.0769949 
 ----> 1.3#6.6#4.0#14.0#VAR 285 0 0.922163 0.0778374 
 ----> 1.3#6.6#4.0#14.0#VAR 286 0 0.923205 0.0767954 
 ----> 1.3#6.6#4.0#14.0#VAR 287 0 0.923865 0.0761354 
 ----> 1.3#6.6#4.0#14.0#VAR 288 0 0.927446 0.0725539 
 ----> 1.3#6.6#4.0#14.0#VAR 289 0 0.925788 0.0742117 
 ----> 1.3#6.6#4.0#14.0#VAR 290 0 0.925487 0.0745127 
 ----> 1.3#6.6#4.0#14.0#VAR 291 0 0.926582 0.073418 
 ----> 1.3#6.6#4.0#14.0#VAR 292 0 0.915612 0.0843878 
 ----> 1.3#6.6#4.0#14.0#VAR 293 0 0.922579 0.0774211 
 ----> 1.3#6.6#4.0#14.0#VAR 294 0 0.925838 0.0741623 
 ----> 1.3#6.6#4.0#14.0#VAR 295 0 0.923661 0.0763386 
 ----> 1.3#6.6#4.0#14.0#VAR 296 0 0.926802 0.0731975 
 ----> 1.3#6.6#4.0#14.0#VAR 297 0 0.924432 0.0755684 
 ----> 1.3#6.6#4.0#14.0#VAR 298 0 0.934727 0.0652733 
 ----> 1.3#6.6#4.0#14.0#VAR 299 0 0.923539 0.0764611 
 ----> 1.3#6.6#4.0#14.0#VAR 300 0 0.912183 0.0878174 
 ----> 1.3#6.6#4.0#14.0#VAR 301 0 0.915729 0.0842709 
 ----> 1.3#6.6#4.0#14.0#VAR 302 0 0.902983 0.0970169 
 ----> 1.3#6.6#4.0#14.0#VAR 303 0 0.932596 0.0674037 
 ----> 1.3#6.6#4.0#14.0#VAR 304 0 0.926535 0.0734649 
 ----> 1.3#6.6#4.0#14.0#VAR 305 0 0.931154 0.0688457 
 ----> 1.3#6.6#4.0#14.0#VAR 306 0 0.919675 0.0803252 
 ----> 1.3#6.6#4.0#14.0#VAR 307 0 0.93284 0.0671604 
 ----> 1.3#6.6#4.0#14.0#VAR 308 0 0.929533 0.0704673 
 ----> 1.3#6.6#4.0#14.0#VAR 309 0 0.925147 0.0748528 
 ----> 1.3#6.6#4.0#14.0#VAR 310 0 0.929581 0.0704188 
 ----> 1.3#6.6#4.0#14.0#VAR 311 0 0.929424 0.070576 
 ----> 1.3#6.6#4.0#14.0#VAR 312 0 0.925603 0.0743968 
 ----> 1.3#6.6#4.0#14.0#VAR 313 0 0.92884 0.0711602 
 ----> 1.3#6.6#4.0#14.0#VAR 314 0 0.929498 0.0705019 
 ----> 1.3#6.6#4.0#14.0#VAR 315 0 0.923378 0.0766223 
 ----> 1.3#6.6#4.0#14.0#VAR 316 0 0.926296 0.0737043 
 ----> 1.3#6.6#4.0#14.0#VAR 317 0 0.939906 0.0600935 
 ----> 1.3#6.6#4.0#14.0#VAR 318 0 0.921671 0.0783285 
 ----> 1.3#6.6#4.0#14.0#VAR 319 0 0.928081 0.0719186 
 ----> 1.3#6.6#4.0#14.0#VAR 320 0 0.928292 0.0717082 
 ----> 1.3#6.6#4.0#14.0#VAR 321 0 0.925106 0.0748944 
 ----> 1.3#6.6#4.0#14.0#VAR 322 0 0.915805 0.0841947 
 ----> 1.3#6.6#4.0#14.0#VAR 323 0 0.931854 0.0681457 
 ----> 1.3#6.6#4.0#14.0#VAR 324 0 0.923176 0.0768239 
 ----> 1.3#6.6#4.0#14.0#VAR 325 0 0.929782 0.0702177 
 ----> 1.3#6.6#4.0#14.0#VAR 326 0 0.920495 0.0795051 
 ----> 1.3#6.6#4.0#14.0#VAR 327 0 0.925799 0.0742008 
 ----> 1.3#6.6#4.0#14.0#VAR 328 0 0.932582 0.0674179 
 ----> 1.3#6.6#4.0#14.0#VAR 329 0 0.92883 0.0711703 
 ----> 1.3#6.6#4.0#14.0#VAR 330 0 0.927348 0.0726517 
 ----> 1.3#6.6#4.0#14.0#VAR 331 0 0.922891 0.0771093 
 ----> 1.3#6.6#4.0#14.0#VAR 332 0 0.92613 0.0738704 
 ----> 1.3#6.6#4.0#14.0#VAR 333 0 0.922469 0.0775314 
 ----> 1.3#6.6#4.0#14.0#VAR 334 0 0.923962 0.0760379 
 ----> 1.3#6.6#4.0#14.0#VAR 335 0 0.92823 0.0717705 
 ----> 1.3#6.6#4.0#14.0#VAR 336 0 0.924497 0.0755035 
 ----> 1.3#6.6#4.0#14.0#VAR 337 0 0.930452 0.0695478 
 ----> 1.3#6.6#4.0#14.0#VAR 338 0 0.923798 0.0762019 
 ----> 1.3#6.6#4.0#14.0#VAR 339 0 0.923599 0.0764008 
 ----> 1.3#6.6#4.0#14.0#VAR 340 0 0.924697 0.0753032 
 ----> 1.3#6.6#4.0#14.0#VAR 341 0 0.928535 0.0714645 
 ----> 1.3#6.6#4.0#14.0#VAR 342 0 0.923759 0.0762411 
 ----> 1.3#6.6#4.0#14.0#VAR 343 0 0.930075 0.0699246 
 ----> 1.3#6.6#4.0#14.0#VAR 344 1 0.913431 0.0865691 
 ----> 1.3#6.6#4.0#14.0#VAR 345 0 0.91976 0.0802403 
 ----> 1.3#6.6#4.0#14.0#VAR 346 1 0.914043 0.0859566 
 ----> 1.3#6.6#4.0#14.0#VAR 347 0 0.917606 0.0823941 
 ----> 1.3#6.6#4.0#14.0#VAR 348 0 0.914317 0.0856829 
 ----> 1.3#6.6#4.0#14.0#VAR 349 0 0.923446 0.0765538 
 ----> 1.3#6.6#4.0#14.0#VAR 350 0 0.9203 0.0796998 
 ----> 1.3#6.6#4.0#14.0#VAR 351 0 0.912812 0.0871879 
 ----> 1.3#6.6#4.0#14.0#VAR 352 0 0.917716 0.0822838 
 ----> 1.3#6.6#4.0#14.0#VAR 353 0 0.926618 0.0733822 
 ----> 1.3#6.6#4.0#14.0#VAR 354 0 0.922281 0.077719 
 ----> 1.3#6.6#4.0#14.0#VAR 355 0 0.919375 0.080625 
 ----> 1.3#6.6#4.0#14.0#VAR 356 0 0.920113 0.0798874 
 ----> 1.3#6.6#4.0#14.0#VAR 357 0 0.925741 0.0742592 
 ----> 1.3#6.6#4.0#14.0#VAR 358 0 0.917285 0.0827154 
 ----> 1.3#6.6#4.0#14.0#VAR 359 0 0.931158 0.0688421 
 ----> 1.3#6.6#4.0#14.0#VAR 360 0 0.926164 0.0738356 
 ----> 1.3#6.6#4.0#14.0#VAR 361 0 0.934359 0.0656411 
 ----> 1.3#6.6#4.0#14.0#VAR 362 0 0.925412 0.0745879 
 ----> 1.3#6.6#4.0#14.0#VAR 363 0 0.930836 0.0691636 
 ----> 1.3#6.6#4.0#14.0#VAR 364 0 0.92234 0.0776605 
 ----> 1.3#6.6#4.0#14.0#VAR 365 0 0.928702 0.0712976 
 ----> 1.3#6.6#4.0#14.0#VAR 366 0 0.925912 0.0740878 
 ----> 1.3#6.6#4.0#14.0#VAR 367 1 0.912203 0.0877971 
 ----> 1.3#6.6#4.0#14.0#VAR 368 0 0.927083 0.0729167 
 ----> 1.3#6.6#4.0#14.0#VAR 369 0 0.927018 0.0729815 
 ----> 1.3#6.6#4.0#14.0#VAR 370 0 0.922604 0.0773958 
 ----> 1.3#6.6#4.0#14.0#VAR 371 0 0.934595 0.0654048 
 ----> 1.3#6.6#4.0#14.0#VAR 372 0 0.925238 0.0747622 
 ----> 1.3#6.6#4.0#14.0#VAR 373 0 0.921315 0.0786855 
 ----> 1.3#6.6#4.0#14.0#VAR 374 0 0.924053 0.0759471 
 ----> 1.3#6.6#4.0#14.0#VAR 375 0 0.926074 0.0739264 
 ----> 1.3#6.6#4.0#14.0#VAR 376 0 0.927249 0.0727514 
 ----> 1.3#6.6#4.0#14.0#VAR 377 1 0.917531 0.0824685 
 ----> 1.3#6.6#4.0#14.0#VAR 378 1 0.91715 0.0828504 
 ----> 1.3#6.6#4.0#14.0#VAR 379 0 0.925372 0.0746276 
 ----> 1.3#6.6#4.0#14.0#VAR 380 1 0.917244 0.082756 
 ----> 1.3#6.6#4.0#14.0#VAR 381 0 0.925058 0.0749417 
 ----> 1.3#6.6#4.0#14.0#VAR 382 0 0.929046 0.0709537 
 ----> 1.3#6.6#4.0#14.0#VAR 383 0 0.927056 0.0729443 
 ----> 1.3#6.6#4.0#14.0#VAR 384 0 0.918655 0.0813453 
 ----> 1.3#6.6#4.0#14.0#VAR 385 1 0.904087 0.0959129 
 ----> 1.3#6.6#4.0#14.0#VAR 386 0 0.933679 0.066321 
 ----> 1.3#6.6#4.0#14.0#VAR 387 0 0.932385 0.067615 
 ----> 1.3#6.6#4.0#14.0#VAR 388 0 0.921679 0.0783214 
 ----> 1.3#6.6#4.0#14.0#VAR 389 0 0.917522 0.0824778 
 ----> 1.3#6.6#4.0#14.0#VAR 390 0 0.92732 0.0726795 
 ----> 1.3#6.6#4.0#14.0#VAR 391 0 0.924861 0.0751387 
 ----> 1.3#6.6#4.0#14.0#VAR 392 0 0.918157 0.0818427 
 ----> 1.3#6.6#4.0#14.0#VAR 393 0 0.925808 0.0741923 
 ----> 1.3#6.6#4.0#14.0#VAR 394 0 0.934354 0.0656456 
 ----> 1.3#6.6#4.0#14.0#VAR 395 0 0.927973 0.0720268 
 ----> 1.3#6.6#4.0#14.0#VAR 396 1 0.91439 0.08561 
 ----> 1.3#6.6#4.0#14.0#VAR 397 0 0.925329 0.0746714 
 ----> 1.3#6.6#4.0#14.0#VAR 398 0 0.92677 0.0732303 
 ----> 1.3#6.6#4.0#14.0#VAR 399 1 0.906799 0.0932011 
 ----> 1.3#6.6#4.0#14.0#VAR 400 0 0.915669 0.0843312 
 ----> 1.3#6.6#4.0#14.0#VAR 401 0 0.925337 0.0746625 
 ----> 1.3#6.6#4.0#14.0#VAR 402 1 0.916087 0.0839131 
 ----> 1.3#6.6#4.0#14.0#VAR 403 0 0.930962 0.0690379 
 ----> 1.3#6.6#4.0#14.0#VAR 404 0 0.932159 0.0678411 
 ----> 1.3#6.6#4.0#14.0#VAR 405 0 0.919071 0.0809294 
 ----> 1.3#6.6#4.0#14.0#VAR 406 0 0.914159 0.0858407 
 ----> 1.3#6.6#4.0#14.0#VAR 407 0 0.926612 0.0733882 
 ----> 1.3#6.6#4.0#14.0#VAR 408 0 0.922462 0.0775377 
 ----> 1.3#6.6#4.0#14.0#VAR 409 0 0.920733 0.0792674 
 ----> 1.3#6.6#4.0#14.0#VAR 410 0 0.914407 0.085593 
 ----> 1.3#6.6#4.0#14.0#VAR 411 0 0.922317 0.0776827 
 ----> 1.3#6.6#4.0#14.0#VAR 412 0 0.926905 0.0730953 
 ----> 1.3#6.6#4.0#14.0#VAR 413 0 0.928037 0.0719625 
 ----> 1.3#6.6#4.0#14.0#VAR 414 0 0.926127 0.0738731 
 ----> 1.3#6.6#4.0#14.0#VAR 415 0 0.922006 0.0779944 
 ----> 1.3#6.6#4.0#14.0#VAR 416 0 0.926088 0.0739119 
 ----> 1.3#6.6#4.0#14.0#VAR 417 0 0.9267 0.0732995 
 ----> 1.3#6.6#4.0#14.0#VAR 418 0 0.928878 0.0711216 
 ----> 1.3#6.6#4.0#14.0#VAR 419 0 0.929237 0.0707633 
 ----> 1.3#6.6#4.0#14.0#VAR 420 0 0.92297 0.0770304 
 ----> 1.3#6.6#4.0#14.0#VAR 421 0 0.917374 0.0826262 
 ----> 1.3#6.6#4.0#14.0#VAR 422 0 0.92336 0.0766401 
 ----> 1.3#6.6#4.0#14.0#VAR 423 0 0.926671 0.0733294 
 ----> 1.3#6.6#4.0#14.0#VAR 424 0 0.931869 0.0681311 
 ----> 1.3#6.6#4.0#14.0#VAR 425 0 0.922089 0.0779107 
 ----> 1.3#6.6#4.0#14.0#VAR 426 0 0.923803 0.0761974 
 ----> 1.3#6.6#4.0#14.0#VAR 427 1 0.906319 0.0936812 
 ----> 1.3#6.6#4.0#14.0#VAR 428 0 0.929188 0.070812 
 ----> 1.3#6.6#4.0#14.0#VAR 429 0 0.928417 0.0715831 
 ----> 1.3#6.6#4.0#14.0#VAR 430 0 0.935077 0.0649225 
 ----> 1.3#6.6#4.0#14.0#VAR 431 0 0.929231 0.0707686 
 ----> 1.3#6.6#4.0#14.0#VAR 432 0 0.917069 0.082931 
 ----> 1.3#6.6#4.0#14.0#VAR 433 0 0.920329 0.0796713 
 ----> 1.3#6.6#4.0#14.0#VAR 434 0 0.930605 0.0693953 
 ----> 1.3#6.6#4.0#14.0#VAR 435 0 0.926594 0.0734058 
 ----> 1.3#6.6#4.0#14.0#VAR 436 0 0.92341 0.0765904 
 ----> 1.3#6.6#4.0#14.0#VAR 437 0 0.932355 0.0676455 
 ----> 1.3#6.6#4.0#14.0#VAR 438 0 0.924847 0.0751529 
 ----> 1.3#6.6#4.0#14.0#VAR 439 0 0.925799 0.074201 
 ----> 1.3#6.6#4.0#14.0#VAR 440 0 0.929863 0.0701366 
 ----> 1.3#6.6#4.0#14.0#VAR 441 0 0.928114 0.0718857 
 ----> 1.3#6.6#4.0#14.0#VAR 442 0 0.919415 0.0805847 
 ----> 1.3#6.6#4.0#14.0#VAR 443 0 0.927635 0.0723655 
 ----> 1.3#6.6#4.0#14.0#VAR 444 0 0.923216 0.0767835 
 ----> 1.3#6.6#4.0#14.0#VAR 445 1 0.909843 0.090157 
 ----> 1.3#6.6#4.0#14.0#VAR 446 0 0.929611 0.0703895 
 ----> 1.3#6.6#4.0#14.0#VAR 447 0 0.928257 0.0717428 
 ----> 1.3#6.6#4.0#14.0#VAR 448 0 0.92423 0.0757697 
 ----> 1.3#6.6#4.0#14.0#VAR 449 0 0.929478 0.0705223 
 ----> 1.3#6.6#4.0#14.0#VAR 450 0 0.925541 0.0744586 
 ----> 1.3#6.6#4.0#14.0#VAR 451 1 0.917109 0.0828913 
 ----> 1.3#6.6#4.0#14.0#VAR 452 0 0.927276 0.072724 
 ----> 1.3#6.6#4.0#14.0#VAR 453 0 0.921432 0.0785683 
 ----> 1.3#6.6#4.0#14.0#VAR 454 0 0.923524 0.0764762 
 ----> 1.3#6.6#4.0#14.0#VAR 455 0 0.910982 0.0890176 
 ----> 1.3#6.6#4.0#14.0#VAR 456 0 0.927307 0.0726926 
 ----> 1.3#6.6#4.0#14.0#VAR 457 0 0.924292 0.0757083 
 ----> 1.3#6.6#4.0#14.0#VAR 458 0 0.927107 0.0728929 
 ----> 1.3#6.6#4.0#14.0#VAR 459 0 0.922929 0.0770706 
 ----> 1.3#6.6#4.0#14.0#VAR 460 0 0.933986 0.0660142 
 ----> 1.3#6.6#4.0#14.0#VAR 461 1 0.910095 0.0899045 
 ----> 1.3#6.6#4.0#14.0#VAR 462 0 0.91814 0.0818603 
 ----> 1.3#6.6#4.0#14.0#VAR 463 0 0.927998 0.0720018 
 ----> 1.3#6.6#4.0#14.0#VAR 464 0 0.932343 0.0676572 
 ----> 1.3#6.6#4.0#14.0#VAR 465 0 0.935282 0.0647177 
 ----> 1.3#6.6#4.0#14.0#VAR 466 0 0.923528 0.0764716 
 ----> 1.3#6.6#4.0#14.0#VAR 467 0 0.923689 0.0763112 
 ----> 1.3#6.6#4.0#14.0#VAR 468 0 0.931103 0.0688969 
 ----> 1.3#6.6#4.0#14.0#VAR 469 0 0.925358 0.0746419 
 ----> 1.3#6.6#4.0#14.0#VAR 470 0 0.929934 0.0700663 
 ----> 1.3#6.6#4.0#14.0#VAR 471 0 0.917789 0.0822114 
 ----> 1.3#6.6#4.0#14.0#VAR 472 0 0.923926 0.0760743 
 ----> 1.3#6.6#4.0#14.0#VAR 473 0 0.917607 0.0823929 
 ----> 1.3#6.6#4.0#14.0#VAR 474 0 0.92778 0.0722196 
 ----> 1.3#6.6#4.0#14.0#VAR 475 0 0.930366 0.0696337 
 ----> 1.3#6.6#4.0#14.0#VAR 476 0 0.930038 0.0699616 
 ----> 1.3#6.6#4.0#14.0#VAR 477 0 0.922785 0.0772151 
 ----> 1.3#6.6#4.0#14.0#VAR 478 0 0.930599 0.0694008 
 ----> 1.3#6.6#4.0#14.0#VAR 479 0 0.928627 0.0713729 
 ----> 1.3#6.6#4.0#14.0#VAR 480 0 0.931704 0.0682962 
 ----> 1.3#6.6#4.0#14.0#VAR 481 0 0.92461 0.07539 
 ----> 1.3#6.6#4.0#14.0#VAR 482 0 0.927815 0.0721852 
 ----> 1.3#6.6#4.0#14.0#VAR 483 0 0.918805 0.0811947 
 ----> 1.3#6.6#4.0#14.0#VAR 484 0 0.92489 0.0751101 
 ----> 1.3#6.6#4.0#14.0#VAR 485 0 0.920536 0.0794639 
 ----> 1.3#6.6#4.0#14.0#VAR 486 0 0.923731 0.0762694 
 ----> 1.3#6.6#4.0#14.0#VAR 487 0 0.921665 0.0783347 
 ----> 1.3#6.6#4.0#14.0#VAR 488 0 0.922284 0.0777157 
 ----> 1.3#6.6#4.0#14.0#VAR 489 0 0.924138 0.0758618 
 ----> 1.3#6.6#4.0#14.0#VAR 490 0 0.926346 0.0736541 
 ----> 1.3#6.6#4.0#14.0#VAR 491 0 0.927829 0.0721712 
 ----> 1.3#6.6#4.0#14.0#VAR 492 0 0.927578 0.072422 
 ----> 1.3#6.6#4.0#14.0#VAR 493 0 0.92561 0.0743901 
 ----> 1.3#6.6#4.0#14.0#VAR 494 0 0.920335 0.079665 
 ----> 1.3#6.6#4.0#14.0#VAR 495 0 0.928929 0.0710712 
 ----> 1.3#6.6#4.0#14.0#VAR 496 0 0.924622 0.075378 
 ----> 1.3#6.6#4.0#14.0#VAR 497 0 0.932028 0.0679716 
 ----> 1.3#6.6#4.0#14.0#VAR 498 0 0.923122 0.0768784 
 ----> 1.3#6.6#4.0#14.0#VAR 499 0 0.925987 0.074013 
 ----> 1.3#6.6#4.0#14.0#VAR 500 0 0.92579 0.0742105 
 ----> 1.3#6.6#4.0#14.0#VAR 501 0 0.926638 0.073362 
 ----> 1.3#6.6#4.0#14.0#VAR 502 0 0.926613 0.0733868 
 ----> 1.3#6.6#4.0#14.0#VAR 503 0 0.917785 0.0822147 
 ----> 1.3#6.6#4.0#14.0#VAR 504 0 0.926357 0.0736433 
 ----> 1.3#6.6#4.0#14.0#VAR 505 0 0.925771 0.0742286 
 ----> 1.3#6.6#4.0#14.0#VAR 506 0 0.931025 0.0689753 
 ----> 1.3#6.6#4.0#14.0#VAR 507 0 0.929042 0.0709585 
 ----> 1.3#6.6#4.0#14.0#VAR 508 0 0.924633 0.0753671 
 ----> 1.3#6.6#4.0#14.0#VAR 509 0 0.93227 0.0677303 
 ----> 1.3#6.6#4.0#14.0#VAR 510 0 0.919813 0.0801873 
 ----> 1.3#6.6#4.0#14.0#VAR 511 0 0.923548 0.0764521 
 ----> 1.3#6.6#4.0#14.0#VAR 512 0 0.93093 0.0690704 
 ----> 1.3#6.6#4.0#14.0#VAR 513 0 0.925321 0.0746785 
 ----> 1.3#6.6#4.0#14.0#VAR 514 0 0.923761 0.0762394 
 ----> 1.3#6.6#4.0#14.0#VAR 515 0 0.926036 0.0739644 
 ----> 1.3#6.6#4.0#14.0#VAR 516 0 0.928371 0.0716294 
 ----> 1.3#6.6#4.0#14.0#VAR 517 0 0.930173 0.0698271 
 ----> 1.3#6.6#4.0#14.0#VAR 518 0 0.942222 0.0577775 
 ----> 1.3#6.6#4.0#14.0#VAR 519 0 0.912589 0.087411 
 ----> 1.3#6.6#4.0#14.0#VAR 520 0 0.933871 0.0661286 
 ----> 1.3#6.6#4.0#14.0#VAR 521 0 0.929931 0.0700685 
 ----> 1.3#6.6#4.0#14.0#VAR 522 0 0.925288 0.0747118 
 ----> 1.3#6.6#4.0#14.0#VAR 523 0 0.922849 0.0771505 
 ----> 1.3#6.6#4.0#14.0#VAR 524 0 0.922398 0.0776017 
 ----> 1.3#6.6#4.0#14.0#VAR 525 0 0.933146 0.0668543 
 ----> 1.3#6.6#4.0#14.0#VAR 526 0 0.925864 0.0741357 
 ----> 1.3#6.6#4.0#14.0#VAR 527 0 0.927207 0.0727929 
 ----> 1.3#6.6#4.0#14.0#VAR 528 0 0.923808 0.076192 
 ----> 1.3#6.6#4.0#14.0#VAR 529 0 0.924707 0.0752933 
 ----> 1.3#6.6#4.0#14.0#VAR 530 0 0.928652 0.0713476 
 ----> 1.3#6.6#4.0#14.0#VAR 531 0 0.93194 0.06806 
 ----> 1.3#6.6#4.0#14.0#VAR 532 0 0.927901 0.0720988 
 ----> 1.3#6.6#4.0#14.0#VAR 533 0 0.930023 0.0699767 
 ----> 1.3#6.6#4.0#14.0#VAR 534 0 0.917945 0.0820554 
 ----> 1.3#6.6#4.0#14.0#VAR 535 0 0.923918 0.0760823 
 ----> 1.3#6.6#4.0#14.0#VAR 536 0 0.933875 0.0661254 
 ----> 1.3#6.6#4.0#14.0#VAR 537 0 0.927931 0.0720694 
 ----> 1.3#6.6#4.0#14.0#VAR 538 0 0.913423 0.0865766 
 ----> 1.3#6.6#4.0#14.0#VAR 539 0 0.91757 0.0824295 
 ----> 1.3#6.6#4.0#14.0#VAR 540 0 0.918038 0.0819624 
 ----> 1.3#6.6#4.0#14.0#VAR 541 0 0.922553 0.077447 
 ----> 1.3#6.6#4.0#14.0#VAR 542 0 0.934839 0.0651606 
 ----> 1.3#6.6#4.0#14.0#VAR 543 0 0.930003 0.0699971 
 ----> 1.3#6.6#4.0#14.0#VAR 544 0 0.919286 0.0807138 
 ----> 1.3#6.6#4.0#14.0#VAR 545 0 0.923812 0.0761878 
 ----> 1.3#6.6#4.0#14.0#VAR 546 1 0.910261 0.0897389 
 ----> 1.3#6.6#4.0#14.0#VAR 547 0 0.914895 0.0851053 
 ----> 1.3#6.6#4.0#14.0#VAR 548 0 0.921408 0.0785922 
 ----> 1.3#6.6#4.0#14.0#VAR 549 0 0.929803 0.0701972 
 ----> 1.3#6.6#4.0#14.0#VAR 550 0 0.924754 0.0752462 
 ----> 1.3#6.6#4.0#14.0#VAR 551 0 0.919197 0.0808034 
 ----> 1.3#6.6#4.0#14.0#VAR 552 0 0.923067 0.0769328 
 ----> 1.3#6.6#4.0#14.0#VAR 553 0 0.931701 0.0682988 
 ----> 1.3#6.6#4.0#14.0#VAR 554 0 0.925315 0.074685 
 ----> 1.3#6.6#4.0#14.0#VAR 555 1 0.921788 0.0782119 
 ----> 1.3#6.6#4.0#14.0#VAR 556 0 0.929126 0.0708737 
 ----> 1.3#6.6#4.0#14.0#VAR 557 0 0.928694 0.0713062 
 ----> 1.3#6.6#4.0#14.0#VAR 558 0 0.91454 0.0854603 
 ----> 1.3#6.6#4.0#14.0#VAR 559 1 0.917165 0.0828347 
 ----> 1.3#6.6#4.0#14.0#VAR 560 0 0.933376 0.0666244 
 ----> 1.3#6.6#4.0#14.0#VAR 561 0 0.91957 0.0804295 
 ----> 1.3#6.6#4.0#14.0#VAR 562 0 0.925771 0.0742286 
 ----> 1.3#6.6#4.0#14.0#VAR 563 0 0.92827 0.0717298 
 ----> 1.3#6.6#4.0#14.0#VAR 564 0 0.926189 0.073811 
 ----> 1.3#6.6#4.0#14.0#VAR 565 0 0.927324 0.0726765 
 ----> 1.3#6.6#4.0#14.0#VAR 566 0 0.920917 0.0790828 
 ----> 1.3#6.6#4.0#14.0#VAR 567 0 0.930161 0.0698394 
 ----> 1.3#6.6#4.0#14.0#VAR 568 0 0.919188 0.0808115 
 ----> 1.3#6.6#4.0#14.0#VAR 569 0 0.927903 0.072097 
 ----> 1.3#6.6#4.0#14.0#VAR 570 0 0.924313 0.0756875 
 ----> 1.3#6.6#4.0#14.0#VAR 571 0 0.921932 0.0780676 
 ----> 1.3#6.6#4.0#14.0#VAR 572 0 0.921389 0.0786107 
 ----> 1.3#6.6#4.0#14.0#VAR 573 0 0.916074 0.0839257 
 ----> 1.3#6.6#4.0#14.0#VAR 574 0 0.922504 0.077496 
 ----> 1.3#6.6#4.0#14.0#VAR 575 0 0.927853 0.0721469 
 ----> 1.3#6.6#4.0#14.0#VAR 576 0 0.926785 0.0732148 
 ----> 1.3#6.6#4.0#14.0#VAR 577 0 0.920117 0.0798826 
 ----> 1.3#6.6#4.0#14.0#VAR 578 1 0.913821 0.0861794 
 ----> 1.3#6.6#4.0#14.0#VAR 579 0 0.9251 0.0749005 
 ----> 1.3#6.6#4.0#14.0#VAR 580 0 0.930964 0.0690361 
 ----> 1.3#6.6#4.0#14.0#VAR 581 0 0.924809 0.0751914 
 ----> 1.3#6.6#4.0#14.0#VAR 582 0 0.934981 0.0650187 
 ----> 1.3#6.6#4.0#14.0#VAR 583 0 0.926975 0.0730252 
 ----> 1.3#6.6#4.0#14.0#VAR 584 0 0.925181 0.074819 
 ----> 1.3#6.6#4.0#14.0#VAR 585 0 0.929879 0.0701206 
 ----> 1.3#6.6#4.0#14.0#VAR 586 0 0.935622 0.0643782 
 ----> 1.3#6.6#4.0#14.0#VAR 587 0 0.909832 0.0901685 
 ----> 1.3#6.6#4.0#14.0#VAR 588 0 0.925904 0.0740959 
 ----> 1.3#6.6#4.0#14.0#VAR 589 0 0.923487 0.0765128 
 ----> 1.3#6.6#4.0#14.0#VAR 590 0 0.925283 0.0747172 
 ----> 1.3#6.6#4.0#14.0#VAR 591 0 0.932753 0.067247 
 ----> 1.3#6.6#4.0#14.0#VAR 592 0 0.922072 0.0779282 
 ----> 1.3#6.6#4.0#14.0#VAR 593 0 0.924404 0.075596 
 ----> 1.3#6.6#4.0#14.0#VAR 594 0 0.924456 0.0755441 
 ----> 1.3#6.6#4.0#14.0#VAR 595 0 0.918886 0.0811137 
 ----> 1.3#6.6#4.0#14.0#VAR 596 0 0.917973 0.0820266 
 ----> 1.3#6.6#4.0#14.0#VAR 597 0 0.925095 0.0749054 
 ----> 1.3#6.6#4.0#14.0#VAR 598 0 0.927617 0.0723832 
 ----> 1.3#6.6#4.0#14.0#VAR 599 0 0.911369 0.0886305 
 ----> 1.3#6.6#4.0#14.0#VAR 600 0 0.93084 0.0691598 
 ----> 1.3#6.6#4.0#14.0#VAR 601 0 0.924464 0.0755364 
 ----> 1.3#6.6#4.0#14.0#VAR 602 0 0.934473 0.065527 
 ----> 1.3#6.6#4.0#14.0#VAR 603 1 0.912209 0.0877915 
 ----> 1.3#6.6#4.0#14.0#VAR 604 0 0.909639 0.0903614 
 ----> 1.3#6.6#4.0#14.0#VAR 605 0 0.922973 0.077027 
 ----> 1.3#6.6#4.0#14.0#VAR 606 0 0.920747 0.079253 
 ----> 1.3#6.6#4.0#14.0#VAR 607 0 0.930843 0.0691569 
 ----> 1.3#6.6#4.0#14.0#VAR 608 0 0.92502 0.0749798 
 ----> 1.3#6.6#4.0#14.0#VAR 609 0 0.92683 0.07317 
 ----> 1.3#6.6#4.0#14.0#VAR 610 0 0.915767 0.0842327 
 ----> 1.3#6.6#4.0#14.0#VAR 611 0 0.923111 0.0768893 
 ----> 1.3#6.6#4.0#14.0#VAR 612 0 0.918519 0.0814812 
 ----> 1.3#6.6#4.0#14.0#VAR 613 0 0.926956 0.0730437 
 ----> 1.3#6.6#4.0#14.0#VAR 614 0 0.930222 0.0697781 
 ----> 1.3#6.6#4.0#14.0#VAR 615 0 0.920184 0.0798157 
 ----> 1.3#6.6#4.0#14.0#VAR 616 0 0.928991 0.0710092 
 ----> 1.3#6.6#4.0#14.0#VAR 617 0 0.925921 0.0740792 
 ----> 1.3#6.6#4.0#14.0#VAR 618 0 0.927122 0.0728784 
 ----> 1.3#6.6#4.0#14.0#VAR 619 0 0.924163 0.075837 
 ----> 1.3#6.6#4.0#14.0#VAR 620 0 0.926102 0.073898 
 ----> 1.3#6.6#4.0#14.0#VAR 621 0 0.92665 0.0733498 
 ----> 1.3#6.6#4.0#14.0#VAR 622 0 0.928268 0.0717323 
 ----> 1.3#6.6#4.0#14.0#VAR 623 0 0.923272 0.0767278 
 ----> 1.3#6.6#4.0#14.0#VAR 624 0 0.917954 0.0820462 
 ----> 1.3#6.6#4.0#14.0#VAR 625 0 0.928083 0.0719172 
 ----> 1.3#6.6#4.0#14.0#VAR 626 0 0.920452 0.0795484 
 ----> 1.3#6.6#4.0#14.0#VAR 627 0 0.927479 0.072521 
 ----> 1.3#6.6#4.0#14.0#VAR 628 0 0.920751 0.0792489 
 ----> 1.3#6.6#4.0#14.0#VAR 629 0 0.921577 0.0784232 
 ----> 1.3#6.6#4.0#14.0#VAR 630 0 0.919976 0.0800235 
 ----> 1.3#6.6#4.0#14.0#VAR 631 0 0.92393 0.0760698 
 ----> 1.3#6.6#4.0#14.0#VAR 632 0 0.93172 0.0682805 
 ----> 1.3#6.6#4.0#14.0#VAR 633 0 0.929174 0.0708263 
 ----> 1.3#6.6#4.0#14.0#VAR 634 0 0.926322 0.073678 
 ----> 1.3#6.6#4.0#14.0#VAR 635 0 0.921354 0.0786456 
 ----> 1.3#6.6#4.0#14.0#VAR 636 0 0.919625 0.0803755 
 ----> 1.3#6.6#4.0#14.0#VAR 637 0 0.929977 0.0700235 
 ----> 1.3#6.6#4.0#14.0#VAR 638 0 0.925543 0.0744574 
 ----> 1.3#6.6#4.0#14.0#VAR 639 0 0.928341 0.071659 
 ----> 1.3#6.6#4.0#14.0#VAR 640 0 0.921485 0.0785153 
 ----> 1.3#6.6#4.0#14.0#VAR 641 0 0.917624 0.0823763 
 ----> 1.3#6.6#4.0#14.0#VAR 642 0 0.930356 0.0696439 
 ----> 1.3#6.6#4.0#14.0#VAR 643 0 0.919133 0.080867 
 ----> 1.3#6.6#4.0#14.0#VAR 644 0 0.924966 0.075034 
 ----> 1.3#6.6#4.0#14.0#VAR 645 0 0.927973 0.0720269 
 ----> 1.3#6.6#4.0#14.0#VAR 646 0 0.92379 0.0762104 
 ----> 1.3#6.6#4.0#14.0#VAR 647 0 0.93059 0.0694101 
 ----> 1.3#6.6#4.0#14.0#VAR 648 0 0.919041 0.080959 
 ----> 1.3#6.6#4.0#14.0#VAR 649 0 0.925193 0.0748069 
 ----> 1.3#6.6#4.0#14.0#VAR 650 1 0.919529 0.080471 
 ----> 1.3#6.6#4.0#14.0#VAR 651 0 0.920325 0.0796746 
 ----> 1.3#6.6#4.0#14.0#VAR 652 0 0.921425 0.0785751 
 ----> 1.3#6.6#4.0#14.0#VAR 653 1 0.914771 0.0852291 
 ----> 1.3#6.6#4.0#14.0#VAR 654 0 0.925908 0.0740918 
 ----> 1.3#6.6#4.0#14.0#VAR 655 0 0.915431 0.084569 
 ----> 1.3#6.6#4.0#14.0#VAR 656 0 0.930004 0.0699955 
 ----> 1.3#6.6#4.0#14.0#VAR 657 0 0.926595 0.0734054 
 ----> 1.3#6.6#4.0#14.0#VAR 658 0 0.926799 0.0732013 
 ----> 1.3#6.6#4.0#14.0#VAR 659 0 0.918827 0.0811725 
 ----> 1.3#6.6#4.0#14.0#VAR 660 0 0.92127 0.0787296 
 ----> 1.3#6.6#4.0#14.0#VAR 661 1 0.917013 0.082987 
 ----> 1.3#6.6#4.0#14.0#VAR 662 0 0.926048 0.0739518 
 ----> 1.3#6.6#4.0#14.0#VAR 663 0 0.930375 0.0696245 
 ----> 1.3#6.6#4.0#14.0#VAR 664 0 0.926478 0.0735217 
 ----> 1.3#6.6#4.0#14.0#VAR 665 0 0.923978 0.0760216 
 ----> 1.3#6.6#4.0#14.0#VAR 666 0 0.932683 0.0673174 
 ----> 1.3#6.6#4.0#14.0#VAR 667 0 0.927632 0.0723677 
 ----> 1.3#6.6#4.0#14.0#VAR 668 0 0.927636 0.0723635 
 ----> 1.3#6.6#4.0#14.0#VAR 669 0 0.914158 0.0858425 
 ----> 1.3#6.6#4.0#14.0#VAR 670 0 0.92346 0.07654 
 ----> 1.3#6.6#4.0#14.0#VAR 671 1 0.914977 0.085023 
 ----> 1.3#6.6#4.0#14.0#VAR 672 0 0.931492 0.0685078 
 ----> 1.3#6.6#4.0#14.0#VAR 673 0 0.934466 0.0655342 
 ----> 1.3#6.6#4.0#14.0#VAR 674 0 0.928605 0.0713948 
 ----> 1.3#6.6#4.0#14.0#VAR 675 0 0.932871 0.0671287 
 ----> 1.3#6.6#4.0#14.0#VAR 676 0 0.924481 0.0755188 
 ----> 1.3#6.6#4.0#14.0#VAR 677 0 0.92371 0.0762899 
 ----> 1.3#6.6#4.0#14.0#VAR 678 0 0.923041 0.0769587 
 ----> 1.3#6.6#4.0#14.0#VAR 679 0 0.921575 0.0784251 
 ----> 1.3#6.6#4.0#14.0#VAR 680 0 0.920806 0.079194 
 ----> 1.3#6.6#4.0#14.0#VAR 681 0 0.929214 0.0707856 
 ----> 1.3#6.6#4.0#14.0#VAR 682 0 0.932139 0.067861 
 ----> 1.3#6.6#4.0#14.0#VAR 683 1 0.902729 0.0972711 
 ----> 1.3#6.6#4.0#14.0#VAR 684 0 0.924692 0.0753076 
 ----> 1.3#6.6#4.0#14.0#VAR 685 0 0.925806 0.0741942 
 ----> 1.3#6.6#4.0#14.0#VAR 686 0 0.925377 0.0746235 
 ----> 1.3#6.6#4.0#14.0#VAR 687 0 0.921508 0.0784922 
 ----> 1.3#6.6#4.0#14.0#VAR 688 0 0.924409 0.0755914 
 ----> 1.3#6.6#4.0#14.0#VAR 689 0 0.928172 0.0718284 
 ----> 1.3#6.6#4.0#14.0#VAR 690 0 0.925471 0.0745292 
 ----> 1.3#6.6#4.0#14.0#VAR 691 0 0.928631 0.0713692 
 ----> 1.3#6.6#4.0#14.0#VAR 692 0 0.92289 0.0771095 
 ----> 1.3#6.6#4.0#14.0#VAR 693 0 0.92888 0.0711204 
 ----> 1.3#6.6#4.0#14.0#VAR 694 0 0.92641 0.0735896 
 ----> 1.3#6.6#4.0#14.0#VAR 695 0 0.916569 0.0834312 
 ----> 1.3#6.6#4.0#14.0#VAR 696 0 0.925012 0.0749883 
 ----> 1.3#6.6#4.0#14.0#VAR 697 0 0.925883 0.074117 
 ----> 1.3#6.6#4.0#14.0#VAR 698 0 0.932156 0.067844 
 ----> 1.3#6.6#4.0#14.0#VAR 699 0 0.927713 0.0722869 
 ----> 1.3#6.6#4.0#14.0#VAR 700 0 0.923064 0.0769357 
 ----> 1.3#6.6#4.0#14.0#VAR 701 1 0.914331 0.0856694 
 ----> 1.3#6.6#4.0#14.0#VAR 702 0 0.916889 0.0831109 
 ----> 1.3#6.6#4.0#14.0#VAR 703 0 0.911624 0.0883761 
 ----> 1.3#6.6#4.0#14.0#VAR 704 0 0.92743 0.0725703 
 ----> 1.3#6.6#4.0#14.0#VAR 705 0 0.925398 0.0746016 
 ----> 1.3#6.6#4.0#14.0#VAR 706 0 0.927341 0.0726591 
 ----> 1.3#6.6#4.0#14.0#VAR 707 0 0.921164 0.0788361 
 ----> 1.3#6.6#4.0#14.0#VAR 708 0 0.924194 0.0758061 
 ----> 1.3#6.6#4.0#14.0#VAR 709 0 0.931224 0.0687762 
 ----> 1.3#6.6#4.0#14.0#VAR 710 0 0.923313 0.0766871 
 ----> 1.3#6.6#4.0#14.0#VAR 711 0 0.927609 0.0723907 
 ----> 1.3#6.6#4.0#14.0#VAR 712 0 0.925485 0.0745153 
 ----> 1.3#6.6#4.0#14.0#VAR 713 0 0.923726 0.0762738 
 ----> 1.3#6.6#4.0#14.0#VAR 714 0 0.923112 0.0768883 
 ----> 1.3#6.6#4.0#14.0#VAR 715 0 0.928653 0.0713466 
 ----> 1.3#6.6#4.0#14.0#VAR 716 0 0.923077 0.0769232 
 ----> 1.3#6.6#4.0#14.0#VAR 717 1 0.920919 0.0790809 
 ----> 1.3#6.6#4.0#14.0#VAR 718 0 0.926065 0.0739351 
 ----> 1.3#6.6#4.0#14.0#VAR 719 0 0.920043 0.0799566 
 ----> 1.3#6.6#4.0#14.0#VAR 720 0 0.924872 0.0751281 
 ----> 1.3#6.6#4.0#14.0#VAR 721 0 0.916624 0.0833756 
 ----> 1.3#6.6#4.0#14.0#VAR 722 0 0.922444 0.0775555 
 ----> 1.3#6.6#4.0#14.0#VAR 723 0 0.919078 0.0809218 
 ----> 1.3#6.6#4.0#14.0#VAR 724 0 0.919831 0.080169 
 ----> 1.3#6.6#4.0#14.0#VAR 725 0 0.926866 0.0731343 
 ----> 1.3#6.6#4.0#14.0#VAR 726 0 0.920055 0.0799448 
 ----> 1.3#6.6#4.0#14.0#VAR 727 0 0.917638 0.0823622 
 ----> 1.3#6.6#4.0#14.0#VAR 728 0 0.925662 0.0743383 
 ----> 1.3#6.6#4.0#14.0#VAR 729 0 0.919442 0.080558 
 ----> 1.3#6.6#4.0#14.0#VAR 730 0 0.931085 0.0689153 
 ----> 1.3#6.6#4.0#14.0#VAR 731 0 0.919709 0.0802914 
 ----> 1.3#6.6#4.0#14.0#VAR 732 0 0.908771 0.0912294 
 ----> 1.3#6.6#4.0#14.0#VAR 733 1 0.917099 0.0829009 
 ----> 1.3#6.6#4.0#14.0#VAR 734 0 0.924669 0.0753306 
 ----> 1.3#6.6#4.0#14.0#VAR 735 0 0.92487 0.0751297 
 ----> 1.3#6.6#4.0#14.0#VAR 736 1 0.913796 0.0862041 
 ----> 1.3#6.6#4.0#14.0#VAR 737 0 0.921611 0.0783889 
 ----> 1.3#6.6#4.0#14.0#VAR 738 0 0.925331 0.0746693 
 ----> 1.3#6.6#4.0#14.0#VAR 739 0 0.919364 0.0806365 
 ----> 1.3#6.6#4.0#14.0#VAR 740 0 0.916741 0.0832588 
 ----> 1.3#6.6#4.0#14.0#VAR 741 0 0.924421 0.0755793 
 ----> 1.3#6.6#4.0#14.0#VAR 742 0 0.926301 0.0736993 
 ----> 1.3#6.6#4.0#14.0#VAR 743 0 0.927539 0.0724608 
 ----> 1.3#6.6#4.0#14.0#VAR 744 0 0.931906 0.0680944 
 ----> 1.3#6.6#4.0#14.0#VAR 745 0 0.922879 0.0771214 
 ----> 1.3#6.6#4.0#14.0#VAR 746 0 0.922166 0.0778339 
 ----> 1.3#6.6#4.0#14.0#VAR 747 0 0.917864 0.0821365 
 ----> 1.3#6.6#4.0#14.0#VAR 748 0 0.92104 0.0789602 
 ----> 1.3#6.6#4.0#14.0#VAR 749 0 0.92307 0.0769301 
 ----> 1.3#6.6#4.0#14.0#VAR 750 0 0.918785 0.0812154 
 ----> 1.3#6.6#4.0#14.0#VAR 751 0 0.92408 0.0759195 
 ----> 1.3#6.6#4.0#14.0#VAR 752 0 0.930041 0.0699586 
 ----> 1.3#6.6#4.0#14.0#VAR 753 0 0.929883 0.0701171 
 ----> 1.3#6.6#4.0#14.0#VAR 754 0 0.934419 0.0655812 
 ----> 1.3#6.6#4.0#14.0#VAR 755 0 0.928844 0.0711559 
 ----> 1.3#6.6#4.0#14.0#VAR 756 0 0.92093 0.0790699 
 ----> 1.3#6.6#4.0#14.0#VAR 757 0 0.922538 0.0774616 
 ----> 1.3#6.6#4.0#14.0#VAR 758 0 0.925597 0.0744029 
 ----> 1.3#6.6#4.0#14.0#VAR 759 0 0.928765 0.0712348 
 ----> 1.3#6.6#4.0#14.0#VAR 760 0 0.919346 0.0806537 
 ----> 1.3#6.6#4.0#14.0#VAR 761 0 0.917703 0.0822969 
 ----> 1.3#6.6#4.0#14.0#VAR 762 0 0.923208 0.0767922 
 ----> 1.3#6.6#4.0#14.0#VAR 763 0 0.926896 0.0731043 
 ----> 1.3#6.6#4.0#14.0#VAR 764 0 0.917152 0.082848 
 ----> 1.3#6.6#4.0#14.0#VAR 765 0 0.932996 0.0670035 
 ----> 1.3#6.6#4.0#14.0#VAR 766 0 0.921377 0.0786232 
 ----> 1.3#6.6#4.0#14.0#VAR 767 0 0.930156 0.0698439 
 ----> 1.3#6.6#4.0#14.0#VAR 768 0 0.930308 0.0696923 
 ----> 1.3#6.6#4.0#14.0#VAR 769 0 0.926515 0.0734855 
 ----> 1.3#6.6#4.0#14.0#VAR 770 0 0.916877 0.0831227 
 ----> 1.3#6.6#4.0#14.0#VAR 771 1 0.907231 0.0927685 
 ----> 1.3#6.6#4.0#14.0#VAR 772 0 0.934996 0.0650042 
 ----> 1.3#6.6#4.0#14.0#VAR 773 0 0.919358 0.0806419 
 ----> 1.3#6.6#4.0#14.0#VAR 774 0 0.930546 0.0694538 
 ----> 1.3#6.6#4.0#14.0#VAR 775 0 0.920727 0.0792731 
 ----> 1.3#6.6#4.0#14.0#VAR 776 0 0.922031 0.0779692 
 ----> 1.3#6.6#4.0#14.0#VAR 777 1 0.9208 0.0792003 
 ----> 1.3#6.6#4.0#14.0#VAR 778 0 0.914567 0.0854328 
 ----> 1.3#6.6#4.0#14.0#VAR 779 0 0.926191 0.0738094 
 ----> 1.3#6.6#4.0#14.0#VAR 780 0 0.915423 0.0845769 
 ----> 1.3#6.6#4.0#14.0#VAR 781 0 0.922643 0.0773571 
 ----> 1.3#6.6#4.0#14.0#VAR 782 0 0.928142 0.0718579 
 ----> 1.3#6.6#4.0#14.0#VAR 783 0 0.917349 0.0826512 
 ----> 1.3#6.6#4.0#14.0#VAR 784 0 0.916548 0.0834518 
 ----> 1.3#6.6#4.0#14.0#VAR 785 0 0.92153 0.0784705 
 ----> 1.3#6.6#4.0#14.0#VAR 786 0 0.915769 0.0842312 
 ----> 1.3#6.6#4.0#14.0#VAR 787 0 0.917022 0.0829781 
 ----> 1.3#6.6#4.0#14.0#VAR 788 0 0.92312 0.0768796 
 ----> 1.3#6.6#4.0#14.0#VAR 789 0 0.919457 0.0805429 
 ----> 1.3#6.6#4.0#14.0#VAR 790 0 0.923412 0.0765878 
 ----> 1.3#6.6#4.0#14.0#VAR 791 1 0.907466 0.092534 
 ----> 1.3#6.6#4.0#14.0#VAR 792 0 0.915681 0.0843193 
 ----> 1.3#6.6#4.0#14.0#VAR 793 0 0.922527 0.0774725 
 ----> 1.3#6.6#4.0#14.0#VAR 794 0 0.927933 0.0720675 
 ----> 1.3#6.6#4.0#14.0#VAR 795 0 0.921651 0.0783495 
 ----> 1.3#6.6#4.0#14.0#VAR 796 0 0.908806 0.0911936 
 ----> 1.3#6.6#4.0#14.0#VAR 797 0 0.918078 0.0819215 
 ----> 1.3#6.6#4.0#14.0#VAR 798 1 0.918598 0.0814016 
 ----> 1.3#6.6#4.0#14.0#VAR 799 0 0.923169 0.0768313 
 ----> 1.3#6.6#4.0#14.0#VAR 800 0 0.919761 0.0802389 
 ----> 1.3#6.6#4.0#14.0#VAR 801 1 0.898147 0.101853 
 ----> 1.3#6.6#4.0#14.0#VAR 802 0 0.928039 0.0719607 
 ----> 1.3#6.6#4.0#14.0#VAR 803 1 0.902139 0.0978615 
 ----> 1.3#6.6#4.0#14.0#VAR 804 0 0.918978 0.0810219 
 ----> 1.3#6.6#4.0#14.0#VAR 805 0 0.925904 0.0740961 
 ----> 1.3#6.6#4.0#14.0#VAR 806 1 0.890435 0.109565 
 ----> 1.3#6.6#4.0#14.0#VAR 807 0 0.914313 0.0856874 
 ----> 1.3#6.6#4.0#14.0#VAR 808 0 0.921323 0.0786772 
 ----> 1.3#6.6#4.0#14.0#VAR 809 0 0.923885 0.0761145 
 ----> 1.3#6.6#4.0#14.0#VAR 810 0 0.922831 0.077169 
 ----> 1.3#6.6#4.0#14.0#VAR 811 1 0.920131 0.0798692 
 ----> 1.3#6.6#4.0#14.0#VAR 812 0 0.924697 0.0753033 
 ----> 1.3#6.6#4.0#14.0#VAR 813 0 0.916805 0.0831945 
 ----> 1.3#6.6#4.0#14.0#VAR 814 0 0.919073 0.0809268 
 ----> 1.3#6.6#4.0#14.0#VAR 815 0 0.908724 0.0912765 
 ----> 1.3#6.6#4.0#14.0#VAR 816 0 0.918079 0.0819209 
 ----> 1.3#6.6#4.0#14.0#VAR 817 1 0.907989 0.0920111 
 ----> 1.3#6.6#4.0#14.0#VAR 818 0 0.919107 0.0808928 
 ----> 1.3#6.6#4.0#14.0#VAR 819 0 0.912051 0.0879488 
 ----> 1.3#6.6#4.0#14.0#VAR 820 0 0.906616 0.0933838 
 ----> 1.3#6.6#4.0#14.0#VAR 821 0 0.923441 0.0765593 
 ----> 1.3#6.6#4.0#14.0#VAR 822 0 0.91877 0.0812302 
 ----> 1.3#6.6#4.0#14.0#VAR 823 1 0.906392 0.0936081 
 ----> 1.3#6.6#4.0#14.0#VAR 824 0 0.918733 0.0812668 
 ----> 1.3#6.6#4.0#14.0#VAR 825 0 0.926938 0.0730621 
 ----> 1.3#6.6#4.0#14.0#VAR 826 0 0.92807 0.0719303 
 ----> 1.3#6.6#4.0#14.0#VAR 827 0 0.911577 0.0884225 
 ----> 1.3#6.6#4.0#14.0#VAR 828 0 0.92851 0.0714895 
 ----> 1.3#6.6#4.0#14.0#VAR 829 0 0.920447 0.0795529 
 ----> 1.3#6.6#4.0#14.0#VAR 830 0 0.926306 0.0736937 
 ----> 1.3#6.6#4.0#14.0#VAR 831 0 0.927485 0.072515 
 ----> 1.3#6.6#4.0#14.0#VAR 832 0 0.916809 0.0831906 
 ----> 1.3#6.6#4.0#14.0#VAR 833 0 0.920402 0.0795979 
 ----> 1.3#6.6#4.0#14.0#VAR 834 0 0.926393 0.0736067 
 ----> 1.3#6.6#4.0#14.0#VAR 835 1 0.861665 0.138335 
 ----> 1.3#6.6#4.0#14.0#VAR 836 1 0.892213 0.107787 
 ----> 1.3#6.6#4.0#14.0#VAR 837 1 0.909439 0.0905606 
 ----> 1.3#6.6#4.0#14.0#VAR 838 1 0.907071 0.0929293 
 ----> 1.3#6.6#4.0#14.0#VAR 839 0 0.92326 0.0767397 
 ----> 1.3#6.6#4.0#14.0#VAR 840 0 0.922639 0.0773611 
 ----> 1.3#6.6#4.0#14.0#VAR 841 0 0.930966 0.0690345 
 ----> 1.3#6.6#4.0#14.0#VAR 842 0 0.926421 0.0735786 
 ----> 1.3#6.6#4.0#14.0#VAR 843 0 0.927493 0.0725072 
 ----> 1.3#6.6#4.0#14.0#VAR 844 0 0.92104 0.0789596 
 ----> 1.3#6.6#4.0#14.0#VAR 845 0 0.909072 0.0909285 
 ----> 1.3#6.6#4.0#14.0#VAR 846 0 0.913939 0.0860615 
 ----> 1.3#6.6#4.0#14.0#VAR 847 0 0.924616 0.0753836 
 ----> 1.3#6.6#4.0#14.0#VAR 848 0 0.923176 0.0768242 
 ----> 1.3#6.6#4.0#14.0#VAR 849 0 0.914439 0.0855609 
 ----> 1.3#6.6#4.0#14.0#VAR 850 0 0.927961 0.0720395 
 ----> 1.3#6.6#4.0#14.0#VAR 851 0 0.920702 0.0792978 
 ----> 1.3#6.6#4.0#14.0#VAR 852 0 0.926804 0.0731962 
 ----> 1.3#6.6#4.0#14.0#VAR 853 0 0.927009 0.0729909 
 ----> 1.3#6.6#4.0#14.0#VAR 854 0 0.925117 0.0748828 
 ----> 1.3#6.6#4.0#14.0#VAR 855 0 0.921016 0.0789842 
 ----> 1.3#6.6#4.0#14.0#VAR 856 0 0.922485 0.0775153 
 ----> 1.3#6.6#4.0#14.0#VAR 857 0 0.911152 0.0888482 
 ----> 1.3#6.6#4.0#14.0#VAR 858 1 0.894295 0.105705 
 ----> 1.3#6.6#4.0#14.0#VAR 859 0 0.925472 0.0745279 
 ----> 1.3#6.6#4.0#14.0#VAR 860 0 0.908613 0.0913869 
 ----> 1.3#6.6#4.0#14.0#VAR 861 0 0.916718 0.083282 
 ----> 1.3#6.6#4.0#14.0#VAR 862 0 0.92647 0.0735298 
 ----> 1.3#6.6#4.0#14.0#VAR 863 0 0.91685 0.08315 
 ----> 1.3#6.6#4.0#14.0#VAR 864 0 0.921402 0.0785983 
 ----> 1.3#6.6#4.0#14.0#VAR 865 0 0.92529 0.07471 
 ----> 1.3#6.6#4.0#14.0#VAR 866 0 0.924996 0.0750036 
 ----> 1.3#6.6#4.0#14.0#VAR 867 0 0.921282 0.0787185 
 ----> 1.3#6.6#4.0#14.0#VAR 868 0 0.9294 0.0706004 
 ----> 1.3#6.6#4.0#14.0#VAR 869 1 0.910075 0.0899248 
 ----> 1.3#6.6#4.0#14.0#VAR 870 0 0.919679 0.0803215 
 ----> 1.3#6.6#4.0#14.0#VAR 871 0 0.929013 0.0709867 
 ----> 1.3#6.6#4.0#14.0#VAR 872 0 0.926479 0.0735211 
 ----> 1.3#6.6#4.0#14.0#VAR 873 0 0.922541 0.0774595 
 ----> 1.3#6.6#4.0#14.0#VAR 874 0 0.928525 0.0714751 
 ----> 1.3#6.6#4.0#14.0#VAR 875 0 0.924811 0.0751893 
 ----> 1.3#6.6#4.0#14.0#VAR 876 0 0.923349 0.0766511 
 ----> 1.3#6.6#4.0#14.0#VAR 877 0 0.924302 0.0756981 
 ----> 1.3#6.6#4.0#14.0#VAR 878 0 0.924978 0.0750223 
 ----> 1.3#6.6#4.0#14.0#VAR 879 0 0.916706 0.0832939 
 ----> 1.3#6.6#4.0#14.0#VAR 880 0 0.912 0.0879999 
 ----> 1.3#6.6#4.0#14.0#VAR 881 0 0.926937 0.0730633 
 ----> 1.3#6.6#4.0#14.0#VAR 882 0 0.922138 0.0778622 
 ----> 1.3#6.6#4.0#14.0#VAR 883 0 0.931748 0.0682516 
 ----> 1.3#6.6#4.0#14.0#VAR 884 0 0.928416 0.0715837 
 ----> 1.3#6.6#4.0#14.0#VAR 885 0 0.917537 0.0824626 
 ----> 1.3#6.6#4.0#14.0#VAR 886 1 0.888471 0.111529 
 ----> 1.3#6.6#4.0#14.0#VAR 887 0 0.912831 0.0871694 
 ----> 1.3#6.6#4.0#14.0#VAR 888 0 0.917415 0.0825845 
 ----> 1.3#6.6#4.0#14.0#VAR 889 0 0.921525 0.0784746 
 ----> 1.3#6.6#4.0#14.0#VAR 890 0 0.915429 0.0845709 
 ----> 1.3#6.6#4.0#14.0#VAR 891 0 0.915157 0.0848435 
 ----> 1.3#6.6#4.0#14.0#VAR 892 0 0.91411 0.0858899 
 ----> 1.3#6.6#4.0#14.0#VAR 893 0 0.914573 0.0854268 
 ----> 1.3#6.6#4.0#14.0#VAR 894 0 0.914445 0.0855551 
 ----> 1.3#6.6#4.0#14.0#VAR 895 0 0.904805 0.0951949 
 ----> 1.3#6.6#4.0#14.0#VAR 896 1 0.909645 0.0903546 
 ----> 1.3#6.6#4.0#14.0#VAR 897 1 0.893654 0.106346 
 ----> 1.3#6.6#4.0#14.0#VAR 898 0 0.907391 0.0926088 
 ----> 1.3#6.6#4.0#14.0#VAR 899 0 0.921517 0.0784826 
 ----> 1.3#6.6#4.0#14.0#VAR 900 0 0.925089 0.0749108 
 ----> 1.3#6.6#4.0#14.0#VAR 901 0 0.931228 0.0687716 
 ----> 1.3#6.6#4.0#14.0#VAR 902 0 0.927916 0.0720838 
 ----> 1.3#6.6#4.0#14.0#VAR 903 0 0.915535 0.0844649 
 ----> 1.3#6.6#4.0#14.0#VAR 904 1 0.897458 0.102542 
 ----> 1.3#6.6#4.0#14.0#VAR 905 0 0.926451 0.073549 
 ----> 1.3#6.6#4.0#14.0#VAR 906 0 0.92668 0.0733204 
 ----> 1.3#6.6#4.0#14.0#VAR 907 0 0.917642 0.0823582 
 ----> 1.3#6.6#4.0#14.0#VAR 908 0 0.914741 0.0852592 
 ----> 1.3#6.6#4.0#14.0#VAR 909 0 0.91601 0.0839899 
 ----> 1.3#6.6#4.0#14.0#VAR 910 0 0.915938 0.0840625 
 ----> 1.3#6.6#4.0#14.0#VAR 911 0 0.920091 0.0799088 
 ----> 1.3#6.6#4.0#14.0#VAR 912 0 0.922109 0.0778906 
 ----> 1.3#6.6#4.0#14.0#VAR 913 0 0.92786 0.0721401 
 ----> 1.3#6.6#4.0#14.0#VAR 914 0 0.919194 0.0808065 
 ----> 1.3#6.6#4.0#14.0#VAR 915 0 0.921269 0.0787308 
 ----> 1.3#6.6#4.0#14.0#VAR 916 0 0.921395 0.0786053 
 ----> 1.3#6.6#4.0#14.0#VAR 917 0 0.91414 0.0858596 
 ----> 1.3#6.6#4.0#14.0#VAR 918 0 0.915997 0.0840034 
 ----> 1.3#6.6#4.0#14.0#VAR 919 0 0.909808 0.0901918 
 ----> 1.3#6.6#4.0#14.0#VAR 920 0 0.90176 0.0982399 
 ----> 1.3#6.6#4.0#14.0#VAR 921 1 0.908716 0.0912842 
 ----> 1.3#6.6#4.0#14.0#VAR 922 0 0.911367 0.0886333 
 ----> 1.3#6.6#4.0#14.0#VAR 923 0 0.917064 0.0829362 
 ----> 1.3#6.6#4.0#14.0#VAR 924 0 0.925448 0.0745516 
 ----> 1.3#6.6#4.0#14.0#VAR 925 0 0.923026 0.0769739 
 ----> 1.3#6.6#4.0#14.0#VAR 926 0 0.92902 0.0709798 
 ----> 1.3#6.6#4.0#14.0#VAR 927 0 0.934144 0.0658559 
 ----> 1.3#6.6#4.0#14.0#VAR 928 0 0.920159 0.0798413 
 ----> 1.3#6.6#4.0#14.0#VAR 929 0 0.915605 0.0843947 
 ----> 1.3#6.6#4.0#14.0#VAR 930 1 0.90747 0.0925302 
 ----> 1.3#6.6#4.0#14.0#VAR 931 0 0.924381 0.0756188 
 ----> 1.3#6.6#4.0#14.0#VAR 932 0 0.929665 0.0703346 
 ----> 1.3#6.6#4.0#14.0#VAR 933 0 0.912213 0.0877871 
 ----> 1.3#6.6#4.0#14.0#VAR 934 0 0.92434 0.0756598 
 ----> 1.3#6.6#4.0#14.0#VAR 935 0 0.926014 0.0739863 
 ----> 1.3#6.6#4.0#14.0#VAR 936 1 0.905811 0.0941886 
 ----> 1.3#6.6#4.0#14.0#VAR 937 0 0.916811 0.0831895 
 ----> 1.3#6.6#4.0#14.0#VAR 938 0 0.922397 0.0776035 
 ----> 1.3#6.6#4.0#14.0#VAR 939 0 0.914234 0.0857655 
 ----> 1.3#6.6#4.0#14.0#VAR 940 0 0.917587 0.0824134 
 ----> 1.3#6.6#4.0#14.0#VAR 941 0 0.90427 0.0957295 
 ----> 1.3#6.6#4.0#14.0#VAR 942 0 0.904131 0.0958686 
 ----> 1.3#6.6#4.0#14.0#VAR 943 0 0.92015 0.0798503 
 ----> 1.3#6.6#4.0#14.0#VAR 944 0 0.917049 0.0829507 
 ----> 1.3#6.6#4.0#14.0#VAR 945 0 0.920798 0.0792024 
 ----> 1.3#6.6#4.0#14.0#VAR 946 0 0.925558 0.0744423 
 ----> 1.3#6.6#4.0#14.0#VAR 947 1 0.912713 0.0872867 
 ----> 1.3#6.6#4.0#14.0#VAR 948 0 0.926224 0.073776 
 ----> 1.3#6.6#4.0#14.0#VAR 949 0 0.905007 0.0949934 
 ----> 1.3#6.6#4.0#14.0#VAR 950 0 0.913502 0.0864983 
 ----> 1.3#6.6#4.0#14.0#VAR 951 0 0.92084 0.0791597 
 ----> 1.3#6.6#4.0#14.0#VAR 952 0 0.921097 0.0789031 
 ----> 1.3#6.6#4.0#14.0#VAR 953 0 0.927793 0.0722072 
 ----> 1.3#6.6#4.0#14.0#VAR 954 0 0.927637 0.0723629 
 ----> 1.3#6.6#4.0#14.0#VAR 955 0 0.916483 0.0835166 
 ----> 1.3#6.6#4.0#14.0#VAR 956 0 0.923176 0.0768236 
 ----> 1.3#6.6#4.0#14.0#VAR 957 0 0.92862 0.0713797 
 ----> 1.3#6.6#4.0#14.0#VAR 958 0 0.921767 0.0782334 
 ----> 1.3#6.6#4.0#14.0#VAR 959 0 0.915165 0.0848351 
 ----> 1.3#6.6#4.0#14.0#VAR 960 0 0.92423 0.0757697 
 ----> 1.3#6.6#4.0#14.0#VAR 961 0 0.925708 0.0742923 
 ----> 1.3#6.6#4.0#14.0#VAR 962 0 0.909169 0.0908307 
 ----> 1.3#6.6#4.0#14.0#VAR 963 0 0.913664 0.086336 
 ----> 1.3#6.6#4.0#14.0#VAR 964 0 0.928789 0.0712108 
 ----> 1.3#6.6#4.0#14.0#VAR 965 0 0.911668 0.0883317 
 ----> 1.3#6.6#4.0#14.0#VAR 966 0 0.91721 0.0827901 
 ----> 1.3#6.6#4.0#14.0#VAR 967 0 0.92698 0.0730204 
 ----> 1.3#6.6#4.0#14.0#VAR 968 0 0.91769 0.0823102 
 ----> 1.3#6.6#4.0#14.0#VAR 969 0 0.908984 0.0910163 
 ----> 1.3#6.6#4.0#14.0#VAR 970 0 0.929116 0.0708837 
 ----> 1.3#6.6#4.0#14.0#VAR 971 0 0.924363 0.0756372 
 ----> 1.3#6.6#4.0#14.0#VAR 972 0 0.929704 0.0702962 
 ----> 1.3#6.6#4.0#14.0#VAR 973 0 0.916228 0.0837723 
 ----> 1.3#6.6#4.0#14.0#VAR 974 0 0.927727 0.0722725 
 ----> 1.3#6.6#4.0#14.0#VAR 975 0 0.929178 0.0708225 
 ----> 1.3#6.6#4.0#14.0#VAR 976 1 0.911552 0.0884485 
 ----> 1.3#6.6#4.0#14.0#VAR 977 0 0.92625 0.0737499 
 ----> 1.3#6.6#4.0#14.0#VAR 978 0 0.928167 0.0718326 
 ----> 1.3#6.6#4.0#14.0#VAR 979 0 0.92614 0.07386 
 ----> 1.3#6.6#4.0#14.0#VAR 980 0 0.931675 0.0683253 
 ----> 1.3#6.6#4.0#14.0#VAR 981 0 0.912743 0.0872574 
 ----> 1.3#6.6#4.0#14.0#VAR 982 0 0.921191 0.0788094 
 ----> 1.3#6.6#4.0#14.0#VAR 983 0 0.91546 0.0845398 
 ----> 1.3#6.6#4.0#14.0#VAR 984 0 0.928609 0.0713908 
 ----> 1.3#6.6#4.0#14.0#VAR 985 0 0.915638 0.0843623 
 ----> 1.3#6.6#4.0#14.0#VAR 986 0 0.913175 0.0868249 
 ----> 1.3#6.6#4.0#14.0#VAR 987 0 0.911188 0.0888121 
 ----> 1.3#6.6#4.0#14.0#VAR 988 0 0.920834 0.0791661 
 ----> 1.3#6.6#4.0#14.0#VAR 989 0 0.927981 0.0720185 
 ----> 1.3#6.6#4.0#14.0#VAR 990 0 0.922665 0.0773354 
 ----> 1.3#6.6#4.0#14.0#VAR 991 0 0.921116 0.0788844 
 ----> 1.3#6.6#4.0#14.0#VAR 992 0 0.917413 0.0825872 
 ----> 1.3#6.6#4.0#14.0#VAR 993 0 0.91969 0.0803099 
 ----> 1.3#6.6#4.0#14.0#VAR 994 0 0.926571 0.0734292 
 ----> 1.3#6.6#4.0#14.0#VAR 995 0 0.930746 0.0692537 
 ----> 1.3#6.6#4.0#14.0#VAR 996 0 0.92271 0.0772896 
 ----> 1.3#6.6#4.0#14.0#VAR 997 0 0.919324 0.080676 
 ----> 1.3#6.6#4.0#14.0#VAR 998 0 0.92961 0.0703899 
 ----> 1.3#6.6#4.0#14.0#VAR 999 0 0.925487 0.0745133 
 ----> 1.3#6.6#4.0#14.0#VAR 1000 0 0.928003 0.071997 
 ----> 1.3#6.6#4.0#14.0#VAR 1001 0 0.926839 0.0731611 
 ----> 1.3#6.6#4.0#14.0#VAR 1002 0 0.924939 0.0750612 
 ----> 1.3#6.6#4.0#14.0#VAR 1003 0 0.927121 0.0728794 
 ----> 1.3#6.6#4.0#14.0#VAR 1004 0 0.9302 0.0698003 
 ----> 1.3#6.6#4.0#14.0#VAR 1005 0 0.917903 0.0820965 
 ----> 1.3#6.6#4.0#14.0#VAR 1006 0 0.92074 0.0792599 
 ----> 1.3#6.6#4.0#14.0#VAR 1007 0 0.920847 0.0791531 
 ----> 1.3#6.6#4.0#14.0#VAR 1008 0 0.916399 0.0836014 
 ----> 1.3#6.6#4.0#14.0#VAR 1009 0 0.920171 0.0798294 
 ----> 1.3#6.6#4.0#14.0#VAR 1010 0 0.911177 0.0888234 
 ----> 1.3#6.6#4.0#14.0#VAR 1011 0 0.923161 0.0768394 
 ----> 1.3#6.6#4.0#14.0#VAR 1012 1 0.907278 0.0927216 
 ----> 1.3#6.6#4.0#14.0#VAR 1013 0 0.896091 0.103909 
 ----> 1.3#6.6#4.0#14.0#VAR 1014 0 0.922764 0.0772356 
 ----> 1.3#6.6#4.0#14.0#VAR 1015 1 0.909681 0.0903189 
 ----> 1.3#6.6#4.0#14.0#VAR 1016 0 0.928823 0.0711769 
 ----> 1.3#6.6#4.0#14.0#VAR 1017 0 0.921354 0.0786465 
 ----> 1.3#6.6#4.0#14.0#VAR 1018 0 0.911919 0.0880812 
 ----> 1.3#6.6#4.0#14.0#VAR 1019 0 0.926299 0.0737011 
 ----> 1.3#6.6#4.0#14.0#VAR 1020 0 0.921442 0.0785583 
 ----> 1.3#6.6#4.0#14.0#VAR 1021 0 0.929583 0.0704171 
 ----> 1.3#6.6#4.0#14.0#VAR 1022 1 0.902338 0.0976623 
 ----> 1.3#6.6#4.0#14.0#VAR 1023 0 0.922115 0.0778849 
 ----> 1.3#6.6#4.0#14.0#VAR 1024 0 0.928647 0.0713535 
 ----> 1.3#6.6#4.0#14.0#VAR 1025 0 0.924959 0.0750406 
 ----> 1.3#6.6#4.0#14.0#VAR 1026 0 0.922076 0.0779244 
 ----> 1.3#6.6#4.0#14.0#VAR 1027 0 0.918727 0.0812735 
 ----> 1.3#6.6#4.0#14.0#VAR 1028 0 0.925351 0.0746485 
 ----> 1.3#6.6#4.0#14.0#VAR 1029 1 0.900718 0.0992817 
 ----> 1.3#6.6#4.0#14.0#VAR 1030 0 0.923146 0.0768542 
 ----> 1.3#6.6#4.0#14.0#VAR 1031 0 0.923438 0.0765624 
 ----> 1.3#6.6#4.0#14.0#VAR 1032 0 0.923892 0.0761077 
 ----> 1.3#6.6#4.0#14.0#VAR 1033 0 0.925412 0.0745878 
 ----> 1.3#6.6#4.0#14.0#VAR 1034 1 0.909522 0.0904782 
 ----> 1.3#6.6#4.0#14.0#VAR 1035 0 0.91919 0.08081 
 ----> 1.3#6.6#4.0#14.0#VAR 1036 0 0.916319 0.0836813 
 ----> 1.3#6.6#4.0#14.0#VAR 1037 1 0.903908 0.096092 
 ----> 1.3#6.6#4.0#14.0#VAR 1038 0 0.928548 0.0714522 
 ----> 1.3#6.6#4.0#14.0#VAR 1039 0 0.928254 0.0717459 
 ----> 1.3#6.6#4.0#14.0#VAR 1040 0 0.926385 0.0736151 
 ----> 1.3#6.6#4.0#14.0#VAR 1041 0 0.922616 0.0773841 
 ----> 1.3#6.6#4.0#14.0#VAR 1042 0 0.923383 0.0766171 
 ----> 1.3#6.6#4.0#14.0#VAR 1043 0 0.919445 0.0805555 
 ----> 1.3#6.6#4.0#14.0#VAR 1044 0 0.919189 0.0808105 
 ----> 1.3#6.6#4.0#14.0#VAR 1045 0 0.925989 0.0740106 
 ----> 1.3#6.6#4.0#14.0#VAR 1046 0 0.923078 0.0769218 
 ----> 1.3#6.6#4.0#14.0#VAR 1047 0 0.934155 0.0658451 
 ----> 1.3#6.6#4.0#14.0#VAR 1048 0 0.919048 0.0809519 
 ----> 1.3#6.6#4.0#14.0#VAR 1049 0 0.927385 0.072615 
 ----> 1.3#6.6#4.0#14.0#VAR 1050 0 0.926647 0.0733526 
 ----> 1.3#6.6#4.0#14.0#VAR 1051 0 0.927479 0.072521 
 ----> 1.3#6.6#4.0#14.0#VAR 1052 0 0.915934 0.0840657 
 ----> 1.3#6.6#4.0#14.0#VAR 1053 0 0.916615 0.083385 
 ----> 1.3#6.6#4.0#14.0#VAR 1054 0 0.910893 0.0891072 
 ----> 1.3#6.6#4.0#14.0#VAR 1055 0 0.928367 0.0716329 
 ----> 1.3#6.6#4.0#14.0#VAR 1056 0 0.928661 0.0713393 
 ----> 1.3#6.6#4.0#14.0#VAR 1057 0 0.922458 0.0775417 
 ----> 1.3#6.6#4.0#14.0#VAR 1058 0 0.913959 0.0860412 
 ----> 1.3#6.6#4.0#14.0#VAR 1059 0 0.916751 0.0832485 
 ----> 1.3#6.6#4.0#14.0#VAR 1060 0 0.915283 0.0847169 
 ----> 1.3#6.6#4.0#14.0#VAR 1061 0 0.918548 0.0814517 
 ----> 1.3#6.6#4.0#14.0#VAR 1062 0 0.921404 0.0785956 
 ----> 1.3#6.6#4.0#14.0#VAR 1063 0 0.933525 0.0664752 
 ----> 1.3#6.6#4.0#14.0#VAR 1064 0 0.911341 0.0886594 
 ----> 1.3#6.6#4.0#14.0#VAR 1065 0 0.911828 0.0881722 
 ----> 1.3#6.6#4.0#14.0#VAR 1066 0 0.92033 0.07967 
 ----> 1.3#6.6#4.0#14.0#VAR 1067 0 0.916958 0.0830417 
 ----> 1.3#6.6#4.0#14.0#VAR 1068 0 0.909362 0.0906381 
 ----> 1.3#6.6#4.0#14.0#VAR 1069 0 0.925104 0.0748957 
 ----> 1.3#6.6#4.0#14.0#VAR 1070 0 0.923546 0.0764541 
 ----> 1.3#6.6#4.0#14.0#VAR 1071 0 0.921798 0.0782018 
 ----> 1.3#6.6#4.0#14.0#VAR 1072 0 0.930021 0.069979 
 ----> 1.3#6.6#4.0#14.0#VAR 1073 0 0.927724 0.0722761 
 ----> 1.3#6.6#4.0#14.0#VAR 1074 0 0.927228 0.0727715 
 ----> 1.3#6.6#4.0#14.0#VAR 1075 0 0.919951 0.0800492 
 ----> 1.3#6.6#4.0#14.0#VAR 1076 0 0.929052 0.0709475 
 ----> 1.3#6.6#4.0#14.0#VAR 1077 0 0.920762 0.079238 
 ----> 1.3#6.6#4.0#14.0#VAR 1078 0 0.927165 0.0728352 
 ----> 1.3#6.6#4.0#14.0#VAR 1079 0 0.91689 0.0831103 
 ----> 1.3#6.6#4.0#14.0#VAR 1080 0 0.913685 0.0863154 
 ----> 1.3#6.6#4.0#14.0#VAR 1081 0 0.926431 0.0735692 
 ----> 1.3#6.6#4.0#14.0#VAR 1082 0 0.915875 0.0841245 
 ----> 1.3#6.6#4.0#14.0#VAR 1083 0 0.930072 0.0699284 
 ----> 1.3#6.6#4.0#14.0#VAR 1084 0 0.931507 0.0684927 
 ----> 1.3#6.6#4.0#14.0#VAR 1085 0 0.919035 0.0809645 
 ----> 1.3#6.6#4.0#14.0#VAR 1086 0 0.93478 0.0652199 
 ----> 1.3#6.6#4.0#14.0#VAR 1087 0 0.926715 0.0732847 
 ----> 1.3#6.6#4.0#14.0#VAR 1088 0 0.924738 0.0752624 
 ----> 1.3#6.6#4.0#14.0#VAR 1089 0 0.930799 0.0692009 
 ----> 1.3#6.6#4.0#14.0#VAR 1090 0 0.930415 0.0695845 
 ----> 1.3#6.6#4.0#14.0#VAR 1091 0 0.927299 0.0727011 
 ----> 1.3#6.6#4.0#14.0#VAR 1092 0 0.923983 0.0760172 
 ----> 1.3#6.6#4.0#14.0#VAR 1093 0 0.932122 0.0678782 
 ----> 1.3#6.6#4.0#14.0#VAR 1094 0 0.91143 0.0885696 
 ----> 1.3#6.6#4.0#14.0#VAR 1095 0 0.928471 0.071529 
 ----> 1.3#6.6#4.0#14.0#VAR 1096 0 0.933588 0.0664117 
 ----> 1.3#6.6#4.0#14.0#VAR 1097 0 0.925995 0.074005 
 ----> 1.3#6.6#4.0#14.0#VAR 1098 0 0.920713 0.0792874 
 ----> 1.3#6.6#4.0#14.0#VAR 1099 0 0.928098 0.0719019 
 ----> 1.3#6.6#4.0#14.0#VAR 1100 0 0.927627 0.0723733 
 ----> 1.3#6.6#4.0#14.0#VAR 1101 0 0.916449 0.083551 
 ----> 1.3#6.6#4.0#14.0#VAR 1102 1 0.922607 0.0773927 
 ----> 1.3#6.6#4.0#14.0#VAR 1103 0 0.918702 0.0812981 
 ----> 1.3#6.6#4.0#14.0#VAR 1104 0 0.929572 0.0704281 
 ----> 1.3#6.6#4.0#14.0#VAR 1105 0 0.928111 0.0718893 
 ----> 1.3#6.6#4.0#14.0#VAR 1106 0 0.925162 0.0748381 
 ----> 1.3#6.6#4.0#14.0#VAR 1107 1 0.899403 0.100597 
 ----> 1.3#6.6#4.0#14.0#VAR 1108 0 0.92366 0.0763396 
 ----> 1.3#6.6#4.0#14.0#VAR 1109 1 0.90224 0.0977604 
 ----> 1.3#6.6#4.0#14.0#VAR 1110 0 0.928584 0.0714156 
 ----> 1.3#6.6#4.0#14.0#VAR 1111 1 0.895948 0.104052 
 ----> 1.3#6.6#4.0#14.0#VAR 1112 1 0.897454 0.102546 
 ----> 1.3#6.6#4.0#14.0#VAR 1113 0 0.929114 0.0708864 
 ----> 1.3#6.6#4.0#14.0#VAR 1114 0 0.913601 0.0863991 
 ----> 1.3#6.6#4.0#14.0#VAR 1115 0 0.931457 0.0685432 
 ----> 1.3#6.6#4.0#14.0#VAR 1116 0 0.931142 0.0688579 
 ----> 1.3#6.6#4.0#14.0#VAR 1117 0 0.923381 0.0766192 
 ----> 1.3#6.6#4.0#14.0#VAR 1118 0 0.930718 0.0692819 
 ----> 1.3#6.6#4.0#14.0#VAR 1119 0 0.925221 0.0747786 
 ----> 1.3#6.6#4.0#14.0#VAR 1120 1 0.917559 0.0824411 
 ----> 1.3#6.6#4.0#14.0#VAR 1121 0 0.928247 0.0717525 
 ----> 1.3#6.6#4.0#14.0#VAR 1122 0 0.913989 0.0860114 
 ----> 1.3#6.6#4.0#14.0#VAR 1123 0 0.922429 0.0775706 
 ----> 1.3#6.6#4.0#14.0#VAR 1124 0 0.922631 0.0773688 
 ----> 1.3#6.6#4.0#14.0#VAR 1125 0 0.922556 0.0774437 
 ----> 1.3#6.6#4.0#14.0#VAR 1126 0 0.927252 0.0727477 
 ----> 1.3#6.6#4.0#14.0#VAR 1127 0 0.92432 0.0756801 
 ----> 1.3#6.6#4.0#14.0#VAR 1128 0 0.929494 0.0705061 
 ----> 1.3#6.6#4.0#14.0#VAR 1129 1 0.901367 0.0986328 
 ----> 1.3#6.6#4.0#14.0#VAR 1130 0 0.932648 0.0673519 
 ----> 1.3#6.6#4.0#14.0#VAR 1131 0 0.924156 0.0758437 
 ----> 1.3#6.6#4.0#14.0#VAR 1132 1 0.907812 0.0921884 
 ----> 1.3#6.6#4.0#14.0#VAR 1133 0 0.927299 0.0727008 
 ----> 1.3#6.6#4.0#14.0#VAR 1134 0 0.922396 0.0776042 
 ----> 1.3#6.6#4.0#14.0#VAR 1135 0 0.920017 0.0799832 
 ----> 1.3#6.6#4.0#14.0#VAR 1136 0 0.915151 0.0848486 
 ----> 1.3#6.6#4.0#14.0#VAR 1137 0 0.923158 0.0768425 
 ----> 1.3#6.6#4.0#14.0#VAR 1138 0 0.927391 0.0726085 
 ----> 1.3#6.6#4.0#14.0#VAR 1139 0 0.914007 0.0859927 
 ----> 1.3#6.6#4.0#14.0#VAR 1140 0 0.931955 0.0680447 
 ----> 1.3#6.6#4.0#14.0#VAR 1141 0 0.924089 0.0759111 
 ----> 1.3#6.6#4.0#14.0#VAR 1142 0 0.930312 0.0696878 
 ----> 1.3#6.6#4.0#14.0#VAR 1143 0 0.919609 0.0803905 
 ----> 1.3#6.6#4.0#14.0#VAR 1144 1 0.901298 0.0987021 
 ----> 1.3#6.6#4.0#14.0#VAR 1145 0 0.922913 0.0770869 
 ----> 1.3#6.6#4.0#14.0#VAR 1146 0 0.923274 0.0767261 
 ----> 1.3#6.6#4.0#14.0#VAR 1147 0 0.923146 0.0768544 
 ----> 1.3#6.6#4.0#14.0#VAR 1148 0 0.924403 0.0755974 
 ----> 1.3#6.6#4.0#14.0#VAR 1149 0 0.922634 0.077366 
 ----> 1.3#6.6#4.0#14.0#VAR 1150 0 0.933154 0.0668458 
 ----> 1.3#6.6#4.0#14.0#VAR 1151 0 0.927988 0.0720119 
 ----> 1.3#6.6#4.0#14.0#VAR 1152 0 0.930159 0.0698407 
 ----> 1.3#6.6#4.0#14.0#VAR 1153 0 0.928173 0.0718265 
 ----> 1.3#6.6#4.0#14.0#VAR 1154 0 0.919706 0.0802936 
 ----> 1.3#6.6#4.0#14.0#VAR 1155 0 0.930827 0.0691727 
 ----> 1.3#6.6#4.0#14.0#VAR 1156 0 0.92245 0.0775504 
 ----> 1.3#6.6#4.0#14.0#VAR 1157 0 0.922578 0.0774217 
 ----> 1.3#6.6#4.0#14.0#VAR 1158 0 0.925268 0.0747318 
 ----> 1.3#6.6#4.0#14.0#VAR 1159 0 0.927119 0.0728807 
 ----> 1.3#6.6#4.0#14.0#VAR 1160 0 0.921804 0.0781963 
 ----> 1.3#6.6#4.0#14.0#VAR 1161 0 0.914554 0.0854458 
 ----> 1.3#6.6#4.0#14.0#VAR 1162 0 0.915291 0.0847089 
 ----> 1.3#6.6#4.0#14.0#VAR 1163 0 0.923894 0.0761065 
 ----> 1.3#6.6#4.0#14.0#VAR 1164 0 0.928082 0.0719181 
 ----> 1.3#6.6#4.0#14.0#VAR 1165 0 0.900185 0.099815 
 ----> 1.3#6.6#4.0#14.0#VAR 1166 1 0.919298 0.0807019 
 ----> 1.3#6.6#4.0#14.0#VAR 1167 0 0.926719 0.0732807 
 ----> 1.3#6.6#4.0#14.0#VAR 1168 0 0.91459 0.0854102 
 ----> 1.3#6.6#4.0#14.0#VAR 1169 1 0.909574 0.0904264 
 ----> 1.3#6.6#4.0#14.0#VAR 1170 0 0.924926 0.0750737 
 ----> 1.3#6.6#4.0#14.0#VAR 1171 0 0.919313 0.0806867 
 ----> 1.3#6.6#4.0#14.0#VAR 1172 0 0.920779 0.079221 
 ----> 1.3#6.6#4.0#14.0#VAR 1173 0 0.923337 0.0766632 
 ----> 1.3#6.6#4.0#14.0#VAR 1174 1 0.913943 0.086057 
 ----> 1.3#6.6#4.0#14.0#VAR 1175 0 0.92366 0.0763405 
 ----> 1.3#6.6#4.0#14.0#VAR 1176 0 0.925715 0.0742848 
 ----> 1.3#6.6#4.0#14.0#VAR 1177 0 0.915066 0.0849343 
 ----> 1.3#6.6#4.0#14.0#VAR 1178 0 0.914156 0.0858439 
 ----> 1.3#6.6#4.0#14.0#VAR 1179 0 0.907643 0.0923567 
 ----> 1.3#6.6#4.0#14.0#VAR 1180 0 0.924792 0.0752084 
 ----> 1.3#6.6#4.0#14.0#VAR 1181 0 0.916087 0.0839128 
 ----> 1.3#6.6#4.0#14.0#VAR 1182 0 0.925615 0.0743849 
 ----> 1.3#6.6#4.0#14.0#VAR 1183 1 0.907512 0.0924881 
 ----> 1.3#6.6#4.0#14.0#VAR 1184 1 0.913442 0.0865584 
 ----> 1.3#6.6#4.0#14.0#VAR 1185 1 0.901264 0.0987364 
 ----> 1.3#6.6#4.0#14.0#VAR 1186 0 0.932068 0.0679317 
 ----> 1.3#6.6#4.0#14.0#VAR 1187 0 0.92771 0.0722895 
 ----> 1.3#6.6#4.0#14.0#VAR 1188 0 0.909827 0.0901725 
 ----> 1.3#6.6#4.0#14.0#VAR 1189 1 0.890843 0.109157 
 ----> 1.3#6.6#4.0#14.0#VAR 1190 0 0.91852 0.0814797 
 ----> 1.3#6.6#4.0#14.0#VAR 1191 0 0.92693 0.0730702 
 ----> 1.3#6.6#4.0#14.0#VAR 1192 0 0.913795 0.0862052 
 ----> 1.3#6.6#4.0#14.0#VAR 1193 0 0.928493 0.0715074 
 ----> 1.3#6.6#4.0#14.0#VAR 1194 1 0.916184 0.0838157 
 ----> 1.3#6.6#4.0#14.0#VAR 1195 0 0.928076 0.0719239 
 ----> 1.3#6.6#4.0#14.0#VAR 1196 0 0.928045 0.0719549 
 ----> 1.3#6.6#4.0#14.0#VAR 1197 0 0.91532 0.0846801 
 ----> 1.3#6.6#4.0#14.0#VAR 1198 0 0.929781 0.0702192 
 ----> 1.3#6.6#4.0#14.0#VAR 1199 0 0.926326 0.0736738 
 ----> 1.3#6.6#4.0#14.0#VAR 1200 0 0.909842 0.0901578 
 ----> 1.3#6.6#4.0#14.0#VAR 1201 0 0.920284 0.0797159 
 ----> 1.3#6.6#4.0#14.0#VAR 1202 0 0.927258 0.072742 
 ----> 1.3#6.6#4.0#14.0#VAR 1203 0 0.929768 0.070232 
 ----> 1.3#6.6#4.0#14.0#VAR 1204 0 0.915796 0.0842037 
 ----> 1.3#6.6#4.0#14.0#VAR 1205 1 0.922814 0.0771862 
 ----> 1.3#6.6#4.0#14.0#VAR 1206 0 0.91706 0.08294 
 ----> 1.3#6.6#4.0#14.0#VAR 1207 0 0.917074 0.0829265 
 ----> 1.3#6.6#4.0#14.0#VAR 1208 0 0.93026 0.0697397 
 ----> 1.3#6.6#4.0#14.0#VAR 1209 0 0.916562 0.083438 
 ----> 1.3#6.6#4.0#14.0#VAR 1210 0 0.924703 0.0752971 
 ----> 1.3#6.6#4.0#14.0#VAR 1211 0 0.926951 0.0730492 
 ----> 1.3#6.6#4.0#14.0#VAR 1212 0 0.923237 0.0767626 
 ----> 1.3#6.6#4.0#14.0#VAR 1213 0 0.916824 0.0831761 
 ----> 1.3#6.6#4.0#14.0#VAR 1214 0 0.914531 0.0854689 
 ----> 1.3#6.6#4.0#14.0#VAR 1215 0 0.926592 0.0734075 
 ----> 1.3#6.6#4.0#14.0#VAR 1216 0 0.920705 0.0792952 
 ----> 1.3#6.6#4.0#14.0#VAR 1217 0 0.9263 0.0737004 
 ----> 1.3#6.6#4.0#14.0#VAR 1218 0 0.928342 0.0716576 
 ----> 1.3#6.6#4.0#14.0#VAR 1219 0 0.923724 0.0762763 
 ----> 1.3#6.6#4.0#14.0#VAR 1220 0 0.921073 0.0789271 
 ----> 1.3#6.6#4.0#14.0#VAR 1221 0 0.916473 0.0835271 
 ----> 1.3#6.6#4.0#14.0#VAR 1222 0 0.928294 0.0717063 
 ----> 1.3#6.6#4.0#14.0#VAR 1223 0 0.920601 0.0793991 
 ----> 1.3#6.6#4.0#14.0#VAR 1224 0 0.922331 0.0776689 
 ----> 1.3#6.6#4.0#14.0#VAR 1225 0 0.920429 0.0795713 
 ----> 1.3#6.6#4.0#14.0#VAR 1226 0 0.91827 0.0817301 
 ----> 1.3#6.6#4.0#14.0#VAR 1227 0 0.911331 0.0886691 
 ----> 1.3#6.6#4.0#14.0#VAR 1228 0 0.927051 0.0729487 
 ----> 1.3#6.6#4.0#14.0#VAR 1229 0 0.920442 0.0795583 
 ----> 1.3#6.6#4.0#14.0#VAR 1230 0 0.919004 0.0809957 
 ----> 1.3#6.6#4.0#14.0#VAR 1231 0 0.922351 0.0776491 
 ----> 1.3#6.6#4.0#14.0#VAR 1232 0 0.929767 0.0702331 
 ----> 1.3#6.6#4.0#14.0#VAR 1233 0 0.917928 0.0820719 
 ----> 1.3#6.6#4.0#14.0#VAR 1234 0 0.918627 0.0813731 
 ----> 1.3#6.6#4.0#14.0#VAR 1235 0 0.930981 0.0690194 
 ----> 1.3#6.6#4.0#14.0#VAR 1236 0 0.928046 0.0719539 
 ----> 1.3#6.6#4.0#14.0#VAR 1237 0 0.92668 0.0733197 
 ----> 1.3#6.6#4.0#14.0#VAR 1238 0 0.927477 0.0725234 
 ----> 1.3#6.6#4.0#14.0#VAR 1239 0 0.928435 0.0715648 
 ----> 1.3#6.6#4.0#14.0#VAR 1240 0 0.913578 0.0864221 
 ----> 1.3#6.6#4.0#14.0#VAR 1241 0 0.91626 0.0837403 
 ----> 1.3#6.6#4.0#14.0#VAR 1242 0 0.919545 0.0804547 
 ----> 1.3#6.6#4.0#14.0#VAR 1243 0 0.916333 0.0836672 
 ----> 1.3#6.6#4.0#14.0#VAR 1244 0 0.920466 0.0795341 
 ----> 1.3#6.6#4.0#14.0#VAR 1245 0 0.928464 0.0715362 
 ----> 1.3#6.6#4.0#14.0#VAR 1246 0 0.931352 0.0686484 
 ----> 1.3#6.6#4.0#14.0#VAR 1247 0 0.927862 0.0721381 
 ----> 1.3#6.6#4.0#14.0#VAR 1248 0 0.930464 0.0695358 
 ----> 1.3#6.6#4.0#14.0#VAR 1249 0 0.919113 0.0808874 
 ----> 1.3#6.6#4.0#14.0#VAR 1250 0 0.9137 0.0862999 
 ----> 1.3#6.6#4.0#14.0#VAR 1251 0 0.91968 0.0803204 
 ----> 1.3#6.6#4.0#14.0#VAR 1252 0 0.918442 0.081558 
 ----> 1.3#6.6#4.0#14.0#VAR 1253 0 0.924447 0.0755531 
 ----> 1.3#6.6#4.0#14.0#VAR 1254 0 0.925263 0.0747373 
 ----> 1.3#6.6#4.0#14.0#VAR 1255 0 0.920098 0.0799025 
 ----> 1.3#6.6#4.0#14.0#VAR 1256 0 0.922507 0.077493 
 ----> 1.3#6.6#4.0#14.0#VAR 1257 0 0.919665 0.0803351 
 ----> 1.3#6.6#4.0#14.0#VAR 1258 0 0.922994 0.077006 
 ----> 1.3#6.6#4.0#14.0#VAR 1259 0 0.923301 0.0766992 
 ----> 1.3#6.6#4.0#14.0#VAR 1260 0 0.922062 0.0779384 
 ----> 1.3#6.6#4.0#14.0#VAR 1261 0 0.93135 0.06865 
 ----> 1.3#6.6#4.0#14.0#VAR 1262 1 0.894241 0.105759 
 ----> 1.3#6.6#4.0#14.0#VAR 1263 0 0.922854 0.0771464 
 ----> 1.3#6.6#4.0#14.0#VAR 1264 0 0.923606 0.0763936 
 ----> 1.3#6.6#4.0#14.0#VAR 1265 0 0.922379 0.0776207 
 ----> 1.3#6.6#4.0#14.0#VAR 1266 0 0.925817 0.0741827 
 ----> 1.3#6.6#4.0#14.0#VAR 1267 0 0.921471 0.0785291 
 ----> 1.3#6.6#4.0#14.0#VAR 1268 0 0.928825 0.0711749 
 ----> 1.3#6.6#4.0#14.0#VAR 1269 0 0.931972 0.0680284 
 ----> 1.3#6.6#4.0#14.0#VAR 1270 0 0.929424 0.0705765 
 ----> 1.3#6.6#4.0#14.0#VAR 1271 0 0.924928 0.0750717 
 ----> 1.3#6.6#4.0#14.0#VAR 1272 0 0.92054 0.0794596 
 ----> 1.3#6.6#4.0#14.0#VAR 1273 0 0.90732 0.0926798 
 ----> 1.3#6.6#4.0#14.0#VAR 1274 0 0.915108 0.0848919 
 ----> 1.3#6.6#4.0#14.0#VAR 1275 0 0.908093 0.0919073 
 ----> 1.3#6.6#4.0#14.0#VAR 1276 1 0.901889 0.0981107 
 ----> 1.3#6.6#4.0#14.0#VAR 1277 0 0.928859 0.0711408 
 ----> 1.3#6.6#4.0#14.0#VAR 1278 0 0.931881 0.068119 
 ----> 1.3#6.6#4.0#14.0#VAR 1279 0 0.917062 0.082938 
 ----> 1.3#6.6#4.0#14.0#VAR 1280 0 0.916584 0.083416 
 ----> 1.3#6.6#4.0#14.0#VAR 1281 0 0.924215 0.075785 
 ----> 1.3#6.6#4.0#14.0#VAR 1282 1 0.904039 0.0959614 
 ----> 1.3#6.6#4.0#14.0#VAR 1283 0 0.920825 0.0791749 
 ----> 1.3#6.6#4.0#14.0#VAR 1284 0 0.923959 0.0760414 
 ----> 1.3#6.6#4.0#14.0#VAR 1285 0 0.918187 0.0818133 
 ----> 1.3#6.6#4.0#14.0#VAR 1286 1 0.910952 0.0890482 
 ----> 1.3#6.6#4.0#14.0#VAR 1287 0 0.923277 0.0767227 
 ----> 1.3#6.6#4.0#14.0#VAR 1288 0 0.919241 0.0807591 
 ----> 1.3#6.6#4.0#14.0#VAR 1289 0 0.918754 0.0812461 
 ----> 1.3#6.6#4.0#14.0#VAR 1290 0 0.927381 0.0726185 
 ----> 1.3#6.6#4.0#14.0#VAR 1291 0 0.931279 0.068721 
 ----> 1.3#6.6#4.0#14.0#VAR 1292 0 0.926947 0.0730535 
 ----> 1.3#6.6#4.0#14.0#VAR 1293 0 0.929243 0.0707567 
 ----> 1.3#6.6#4.0#14.0#VAR 1294 0 0.923147 0.0768533 
 ----> 1.3#6.6#4.0#14.0#VAR 1295 0 0.926274 0.0737262 
 ----> 1.3#6.6#4.0#14.0#VAR 1296 0 0.924778 0.0752222 
 ----> 1.3#6.6#4.0#14.0#VAR 1297 0 0.914657 0.0853426 
 ----> 1.3#6.6#4.0#14.0#VAR 1298 1 0.916525 0.0834745 
 ----> 1.3#6.6#4.0#14.0#VAR 1299 0 0.930386 0.0696144 
 ----> 1.3#6.6#4.0#14.0#VAR 1300 1 0.912747 0.0872533 
 ----> 1.3#6.6#4.0#14.0#VAR 1301 0 0.92783 0.0721704 
 ----> 1.3#6.6#4.0#14.0#VAR 1302 0 0.924121 0.0758787 
 ----> 1.3#6.6#4.0#14.0#VAR 1303 0 0.932064 0.067936 
 ----> 1.3#6.6#4.0#14.0#VAR 1304 0 0.92569 0.0743101 
 ----> 1.3#6.6#4.0#14.0#VAR 1305 0 0.925291 0.0747094 
 ----> 1.3#6.6#4.0#14.0#VAR 1306 0 0.92926 0.0707403 
 ----> 1.3#6.6#4.0#14.0#VAR 1307 1 0.904844 0.0951562 
 ----> 1.3#6.6#4.0#14.0#VAR 1308 0 0.93143 0.0685704 
 ----> 1.3#6.6#4.0#14.0#VAR 1309 0 0.921271 0.0787292 
 ----> 1.3#6.6#4.0#14.0#VAR 1310 1 0.924421 0.0755792 
 ----> 1.3#6.6#4.0#14.0#VAR 1311 0 0.920309 0.0796905 
 ----> 1.3#6.6#4.0#14.0#VAR 1312 0 0.929488 0.0705117 
 ----> 1.3#6.6#4.0#14.0#VAR 1313 0 0.920905 0.0790949 
 ----> 1.3#6.6#4.0#14.0#VAR 1314 0 0.925388 0.0746119 
 ----> 1.3#6.6#4.0#14.0#VAR 1315 0 0.934414 0.0655864 
 ----> 1.3#6.6#4.0#14.0#VAR 1316 1 0.911989 0.0880114 
 ----> 1.3#6.6#4.0#14.0#VAR 1317 0 0.915098 0.0849025 
 ----> 1.3#6.6#4.0#14.0#VAR 1318 0 0.924929 0.0750712 
 ----> 1.3#6.6#4.0#14.0#VAR 1319 0 0.915905 0.0840946 
 ----> 1.3#6.6#4.0#14.0#VAR 1320 0 0.92597 0.0740301 
 ----> 1.3#6.6#4.0#14.0#VAR 1321 0 0.923874 0.0761256 
 ----> 1.3#6.6#4.0#14.0#VAR 1322 0 0.924544 0.075456 
 ----> 1.3#6.6#4.0#14.0#VAR 1323 0 0.90941 0.0905898 
 ----> 1.3#6.6#4.0#14.0#VAR 1324 0 0.923662 0.0763376 
 ----> 1.3#6.6#4.0#14.0#VAR 1325 0 0.926721 0.0732791 
 ----> 1.3#6.6#4.0#14.0#VAR 1326 0 0.921211 0.0787894 
 ----> 1.3#6.6#4.0#14.0#VAR 1327 0 0.921976 0.0780242 
 ----> 1.3#6.6#4.0#14.0#VAR 1328 0 0.930395 0.0696054 
 ----> 1.3#6.6#4.0#14.0#VAR 1329 0 0.929435 0.0705652 
 ----> 1.3#6.6#4.0#14.0#VAR 1330 0 0.928496 0.0715043 
 ----> 1.3#6.6#4.0#14.0#VAR 1331 0 0.926318 0.0736816 
 ----> 1.3#6.6#4.0#14.0#VAR 1332 0 0.925482 0.0745181 
 ----> 1.3#6.6#4.0#14.0#VAR 1333 0 0.923897 0.0761026 
 ----> 1.3#6.6#4.0#14.0#VAR 1334 0 0.921394 0.0786058 
 ----> 1.3#6.6#4.0#14.0#VAR 1335 0 0.919522 0.0804784 
 ----> 1.3#6.6#4.0#14.0#VAR 1336 0 0.925183 0.0748171 
 ----> 1.3#6.6#4.0#14.0#VAR 1337 0 0.929142 0.0708578 
 ----> 1.3#6.6#4.0#14.0#VAR 1338 0 0.933213 0.0667869 
 ----> 1.3#6.6#4.0#14.0#VAR 1339 0 0.918707 0.0812934 
 ----> 1.3#6.6#4.0#14.0#VAR 1340 0 0.9284 0.0715997 
 ----> 1.3#6.6#4.0#14.0#VAR 1341 0 0.919567 0.0804332 
 ----> 1.3#6.6#4.0#14.0#VAR 1342 0 0.928679 0.0713211 
 ----> 1.3#6.6#4.0#14.0#VAR 1343 0 0.932682 0.0673181 
 ----> 1.3#6.6#4.0#14.0#VAR 1344 0 0.927668 0.0723323 
 ----> 1.3#6.6#4.0#14.0#VAR 1345 0 0.922392 0.0776077 
 ----> 1.3#6.6#4.0#14.0#VAR 1346 0 0.917242 0.0827585 
 ----> 1.3#6.6#4.0#14.0#VAR 1347 1 0.916024 0.0839759 
 ----> 1.3#6.6#4.0#14.0#VAR 1348 0 0.932474 0.0675261 
 ----> 1.3#6.6#4.0#14.0#VAR 1349 0 0.931673 0.0683275 
 ----> 1.3#6.6#4.0#14.0#VAR 1350 0 0.935095 0.0649051 
 ----> 1.3#6.6#4.0#14.0#VAR 1351 0 0.925027 0.0749726 
 ----> 1.3#6.6#4.0#14.0#VAR 1352 0 0.928065 0.0719348 
 ----> 1.3#6.6#4.0#14.0#VAR 1353 0 0.918425 0.0815754 
 ----> 1.3#6.6#4.0#14.0#VAR 1354 0 0.926038 0.0739621 
 ----> 1.3#6.6#4.0#14.0#VAR 1355 0 0.92722 0.0727796 
 ----> 1.3#6.6#4.0#14.0#VAR 1356 0 0.922969 0.0770305 
 ----> 1.3#6.6#4.0#14.0#VAR 1357 0 0.927696 0.0723044 
 ----> 1.3#6.6#4.0#14.0#VAR 1358 0 0.919554 0.0804457 
 ----> 1.3#6.6#4.0#14.0#VAR 1359 0 0.923289 0.0767106 
 ----> 1.3#6.6#4.0#14.0#VAR 1360 1 0.9076 0.0923996 
 ----> 1.3#6.6#4.0#14.0#VAR 1361 0 0.927813 0.072187 
 ----> 1.3#6.6#4.0#14.0#VAR 1362 0 0.928668 0.0713317 
 ----> 1.3#6.6#4.0#14.0#VAR 1363 1 0.894653 0.105347 
 ----> 1.3#6.6#4.0#14.0#VAR 1364 0 0.91152 0.0884798 
 ----> 1.3#6.6#4.0#14.0#VAR 1365 0 0.920893 0.0791066 
 ----> 1.3#6.6#4.0#14.0#VAR 1366 0 0.929915 0.0700847 
 ----> 1.3#6.6#4.0#14.0#VAR 1367 0 0.927126 0.0728741 
 ----> 1.3#6.6#4.0#14.0#VAR 1368 0 0.924618 0.0753821 
 ----> 1.3#6.6#4.0#14.0#VAR 1369 0 0.929205 0.0707949 
 ----> 1.3#6.6#4.0#14.0#VAR 1370 0 0.929298 0.0707019 
 ----> 1.3#6.6#4.0#14.0#VAR 1371 0 0.925519 0.0744813 
 ----> 1.3#6.6#4.0#14.0#VAR 1372 0 0.931369 0.0686308 
 ----> 1.3#6.6#4.0#14.0#VAR 1373 0 0.923531 0.0764693 
 ----> 1.3#6.6#4.0#14.0#VAR 1374 0 0.93712 0.0628804 
 ----> 1.3#6.6#4.0#14.0#VAR 1375 0 0.927816 0.0721836 
 ----> 1.3#6.6#4.0#14.0#VAR 1376 0 0.916776 0.0832239 
 ----> 1.3#6.6#4.0#14.0#VAR 1377 0 0.920429 0.079571 
 ----> 1.3#6.6#4.0#14.0#VAR 1378 1 0.88793 0.11207 
 ----> 1.3#6.6#4.0#14.0#VAR 1379 0 0.919775 0.0802248 
 ----> 1.3#6.6#4.0#14.0#VAR 1380 0 0.915261 0.0847386 
 ----> 1.3#6.6#4.0#14.0#VAR 1381 0 0.910055 0.0899453 
 ----> 1.3#6.6#4.0#14.0#VAR 1382 0 0.916082 0.0839183 
 ----> 1.3#6.6#4.0#14.0#VAR 1383 0 0.923918 0.076082 
 ----> 1.3#6.6#4.0#14.0#VAR 1384 0 0.92578 0.0742202 
 ----> 1.3#6.6#4.0#14.0#VAR 1385 0 0.932099 0.0679012 
 ----> 1.3#6.6#4.0#14.0#VAR 1386 0 0.924937 0.0750629 
 ----> 1.3#6.6#4.0#14.0#VAR 1387 0 0.935193 0.0648072 
 ----> 1.3#6.6#4.0#14.0#VAR 1388 0 0.917891 0.0821095 
 ----> 1.3#6.6#4.0#14.0#VAR 1389 0 0.928378 0.0716217 
 ----> 1.3#6.6#4.0#14.0#VAR 1390 1 0.911226 0.0887739 
 ----> 1.3#6.6#4.0#14.0#VAR 1391 1 0.900811 0.0991889 
 ----> 1.3#6.6#4.0#14.0#VAR 1392 0 0.929065 0.0709353 
 ----> 1.3#6.6#4.0#14.0#VAR 1393 0 0.926239 0.0737612 
 ----> 1.3#6.6#4.0#14.0#VAR 1394 0 0.925737 0.0742632 
 ----> 1.3#6.6#4.0#14.0#VAR 1395 0 0.923426 0.0765737 
 ----> 1.3#6.6#4.0#14.0#VAR 1396 0 0.929316 0.0706836 
 ----> 1.3#6.6#4.0#14.0#VAR 1397 0 0.91355 0.0864496 
 ----> 1.3#6.6#4.0#14.0#VAR 1398 0 0.924934 0.0750656 
 ----> 1.3#6.6#4.0#14.0#VAR 1399 0 0.931424 0.0685757 
 ----> 1.3#6.6#4.0#14.0#VAR 1400 1 0.912383 0.0876171 
 ----> 1.3#6.6#4.0#14.0#VAR 1401 0 0.920882 0.0791179 
 ----> 1.3#6.6#4.0#14.0#VAR 1402 0 0.931126 0.0688742 
 ----> 1.3#6.6#4.0#14.0#VAR 1403 0 0.918348 0.0816518 
 ----> 1.3#6.6#4.0#14.0#VAR 1404 0 0.925835 0.0741646 
 ----> 1.3#6.6#4.0#14.0#VAR 1405 0 0.92857 0.0714295 
 ----> 1.3#6.6#4.0#14.0#VAR 1406 0 0.921812 0.0781881 
 ----> 1.3#6.6#4.0#14.0#VAR 1407 0 0.924379 0.0756212 
 ----> 1.3#6.6#4.0#14.0#VAR 1408 0 0.921605 0.0783952 
 ----> 1.3#6.6#4.0#14.0#VAR 1409 0 0.926381 0.0736193 
 ----> 1.3#6.6#4.0#14.0#VAR 1410 0 0.917955 0.0820454 
 ----> 1.3#6.6#4.0#14.0#VAR 1411 0 0.933759 0.0662411 
 ----> 1.3#6.6#4.0#14.0#VAR 1412 0 0.925859 0.0741406 
 ----> 1.3#6.6#4.0#14.0#VAR 1413 0 0.911675 0.0883252 
 ----> 1.3#6.6#4.0#14.0#VAR 1414 0 0.919993 0.0800066 
 ----> 1.3#6.6#4.0#14.0#VAR 1415 0 0.917605 0.0823946 
 ----> 1.3#6.6#4.0#14.0#VAR 1416 0 0.923247 0.0767527 
 ----> 1.3#6.6#4.0#14.0#VAR 1417 0 0.927947 0.0720534 
 ----> 1.3#6.6#4.0#14.0#VAR 1418 0 0.938565 0.0614354 
 ----> 1.3#6.6#4.0#14.0#VAR 1419 0 0.924791 0.0752095 
 ----> 1.3#6.6#4.0#14.0#VAR 1420 0 0.933584 0.0664155 
 ----> 1.3#6.6#4.0#14.0#VAR 1421 0 0.933353 0.0666474 
 ----> 1.3#6.6#4.0#14.0#VAR 1422 0 0.926601 0.0733991 
 ----> 1.3#6.6#4.0#14.0#VAR 1423 0 0.921282 0.0787178 
 ----> 1.3#6.6#4.0#14.0#VAR 1424 0 0.930241 0.0697591 
 ----> 1.3#6.6#4.0#14.0#VAR 1425 0 0.93074 0.0692603 
 ----> 1.3#6.6#4.0#14.0#VAR 1426 0 0.926894 0.073106 
 ----> 1.3#6.6#4.0#14.0#VAR 1427 0 0.929831 0.0701694 
 ----> 1.3#6.6#4.0#14.0#VAR 1428 0 0.928811 0.0711891 
 ----> 1.3#6.6#4.0#14.0#VAR 1429 0 0.920858 0.0791423 
 ----> 1.3#6.6#4.0#14.0#VAR 1430 0 0.91808 0.0819195 
 ----> 1.3#6.6#4.0#14.0#VAR 1431 0 0.922076 0.0779241 
 ----> 1.3#6.6#4.0#14.0#VAR 1432 1 0.88921 0.11079 
 ----> 1.3#6.6#4.0#14.0#VAR 1433 0 0.93573 0.0642703 
 ----> 1.3#6.6#4.0#14.0#VAR 1434 0 0.934224 0.0657761 
 ----> 1.3#6.6#4.0#14.0#VAR 1435 0 0.923371 0.0766293 
 ----> 1.3#6.6#4.0#14.0#VAR 1436 0 0.927963 0.0720373 
 ----> 1.3#6.6#4.0#14.0#VAR 1437 0 0.926965 0.0730347 
 ----> 1.3#6.6#4.0#14.0#VAR 1438 0 0.922168 0.0778322 
 ----> 1.3#6.6#4.0#14.0#VAR 1439 0 0.925792 0.0742082 
 ----> 1.3#6.6#4.0#14.0#VAR 1440 0 0.929743 0.0702574 
 ----> 1.3#6.6#4.0#14.0#VAR 1441 0 0.917657 0.0823434 
 ----> 1.3#6.6#4.0#14.0#VAR 1442 0 0.921082 0.0789184 
 ----> 1.3#6.6#4.0#14.0#VAR 1443 0 0.920223 0.0797769 
 ----> 1.3#6.6#4.0#14.0#VAR 1444 0 0.921538 0.078462 
 ----> 1.3#6.6#4.0#14.0#VAR 1445 0 0.92082 0.0791801 
 ----> 1.3#6.6#4.0#14.0#VAR 1446 0 0.928541 0.0714586 
 ----> 1.3#6.6#4.0#14.0#VAR 1447 0 0.930374 0.0696264 
 ----> 1.3#6.6#4.0#14.0#VAR 1448 0 0.929405 0.0705949 
 ----> 1.3#6.6#4.0#14.0#VAR 1449 0 0.917061 0.0829391 
 ----> 1.3#6.6#4.0#14.0#VAR 1450 0 0.921634 0.0783661 
 ----> 1.3#6.6#4.0#14.0#VAR 1451 0 0.916491 0.0835085 
 ----> 1.3#6.6#4.0#14.0#VAR 1452 1 0.920388 0.0796125 
 ----> 1.3#6.6#4.0#14.0#VAR 1453 0 0.913642 0.0863584 
 ----> 1.3#6.6#4.0#14.0#VAR 1454 0 0.919829 0.0801711 
 ----> 1.3#6.6#4.0#14.0#VAR 1455 0 0.913027 0.0869726 
 ----> 1.3#6.6#4.0#14.0#VAR 1456 0 0.92795 0.07205 
 ----> 1.3#6.6#4.0#14.0#VAR 1457 0 0.923297 0.0767032 
 ----> 1.3#6.6#4.0#14.0#VAR 1458 0 0.919057 0.0809429 
 ----> 1.3#6.6#4.0#14.0#VAR 1459 0 0.932589 0.0674105 
 ----> 1.3#6.6#4.0#14.0#VAR 1460 0 0.923409 0.0765914 
 ----> 1.3#6.6#4.0#14.0#VAR 1461 0 0.92752 0.0724801 
 ----> 1.3#6.6#4.0#14.0#VAR 1462 0 0.913765 0.0862351 
 ----> 1.3#6.6#4.0#14.0#VAR 1463 0 0.919724 0.0802764 
 ----> 1.3#6.6#4.0#14.0#VAR 1464 0 0.921577 0.0784225 
 ----> 1.3#6.6#4.0#14.0#VAR 1465 0 0.927683 0.0723169 
 ----> 1.3#6.6#4.0#14.0#VAR 1466 0 0.92578 0.0742196 
 ----> 1.3#6.6#4.0#14.0#VAR 1467 0 0.916123 0.0838774 
 ----> 1.3#6.6#4.0#14.0#VAR 1468 0 0.920463 0.0795369 
 ----> 1.3#6.6#4.0#14.0#VAR 1469 0 0.923756 0.076244 
 ----> 1.3#6.6#4.0#14.0#VAR 1470 0 0.924896 0.0751036 
 ----> 1.3#6.6#4.0#14.0#VAR 1471 0 0.918009 0.0819906 
 ----> 1.3#6.6#4.0#14.0#VAR 1472 0 0.919081 0.0809187 
 ----> 1.3#6.6#4.0#14.0#VAR 1473 0 0.920985 0.0790147 
 ----> 1.3#6.6#4.0#14.0#VAR 1474 0 0.9239 0.0760998 
 ----> 1.3#6.6#4.0#14.0#VAR 1475 1 0.915635 0.0843648 
 ----> 1.3#6.6#4.0#14.0#VAR 1476 1 0.93189 0.0681101 
 ----> 1.3#6.6#4.0#14.0#VAR 1477 1 0.921178 0.0788221 
 ----> 1.3#6.6#4.0#14.0#VAR 1478 0 0.922069 0.0779314 
 ----> 1.3#6.6#4.0#14.0#VAR 1479 0 0.929555 0.070445 
 ----> 1.3#6.6#4.0#14.0#VAR 1480 0 0.930235 0.0697653 
 ----> 1.3#6.6#4.0#14.0#VAR 1481 0 0.9234 0.0766003 
 ----> 1.3#6.6#4.0#14.0#VAR 1482 0 0.916164 0.0838362 
 ----> 1.3#6.6#4.0#14.0#VAR 1483 0 0.925176 0.0748243 
 ----> 1.3#6.6#4.0#14.0#VAR 1484 0 0.920688 0.0793123 
 ----> 1.3#6.6#4.0#14.0#VAR 1485 0 0.92305 0.0769504 
 ----> 1.3#6.6#4.0#14.0#VAR 1486 0 0.934428 0.0655721 
 ----> 1.3#6.6#4.0#14.0#VAR 1487 0 0.931159 0.0688413 
 ----> 1.3#6.6#4.0#14.0#VAR 1488 0 0.923261 0.0767395 
 ----> 1.3#6.6#4.0#14.0#VAR 1489 1 0.928209 0.0717913 
 ----> 1.3#6.6#4.0#14.0#VAR 1490 0 0.930853 0.0691474 
 ----> 1.3#6.6#4.0#14.0#VAR 1491 0 0.931237 0.0687633 
 ----> 1.3#6.6#4.0#14.0#VAR 1492 0 0.926616 0.0733844 
 ----> 1.3#6.6#4.0#14.0#VAR 1493 0 0.909349 0.0906514 
 ----> 1.3#6.6#4.0#14.0#VAR 1494 0 0.919641 0.0803586 
 ----> 1.3#6.6#4.0#14.0#VAR 1495 0 0.930321 0.069679 
 ----> 1.3#6.6#4.0#14.0#VAR 1496 0 0.929708 0.0702917 
 ----> 1.3#6.6#4.0#14.0#VAR 1497 0 0.907596 0.0924042 
 ----> 1.3#6.6#4.0#14.0#VAR 1498 0 0.932178 0.0678223 
 ----> 1.3#6.6#4.0#14.0#VAR 1499 1 0.920252 0.0797481 
 ----> 1.3#6.6#4.0#14.0#VAR 1500 0 0.926465 0.0735347 
 ----> 1.3#6.6#4.0#14.0#VAR 1501 0 0.92228 0.0777204 
 ----> 1.3#6.6#4.0#14.0#VAR 1502 0 0.91519 0.0848099 
 ----> 1.3#6.6#4.0#14.0#VAR 1503 0 0.92041 0.0795902 
 ----> 1.3#6.6#4.0#14.0#VAR 1504 0 0.929184 0.0708157 
 ----> 1.3#6.6#4.0#14.0#VAR 1505 1 0.92539 0.0746096 
 ----> 1.3#6.6#4.0#14.0#VAR 1506 0 0.921501 0.0784994 
 ----> 1.3#6.6#4.0#14.0#VAR 1507 0 0.920236 0.0797639 
 ----> 1.3#6.6#4.0#14.0#VAR 1508 0 0.920096 0.0799039 
 ----> 1.3#6.6#4.0#14.0#VAR 1509 0 0.920224 0.0797756 
 ----> 1.3#6.6#4.0#14.0#VAR 1510 0 0.927353 0.0726468 
 ----> 1.3#6.6#4.0#14.0#VAR 1511 0 0.922751 0.0772486 
 ----> 1.3#6.6#4.0#14.0#VAR 1512 0 0.920405 0.0795945 
 ----> 1.3#6.6#4.0#14.0#VAR 1513 0 0.917689 0.0823115 
 ----> 1.3#6.6#4.0#14.0#VAR 1514 1 0.920699 0.0793009 
 ----> 1.3#6.6#4.0#14.0#VAR 1515 0 0.919351 0.0806491 
 ----> 1.3#6.6#4.0#14.0#VAR 1516 0 0.923768 0.0762315 
 ----> 1.3#6.6#4.0#14.0#VAR 1517 0 0.927577 0.0724233 
 ----> 1.3#6.6#4.0#14.0#VAR 1518 0 0.916508 0.083492 
 ----> 1.3#6.6#4.0#14.0#VAR 1519 0 0.929773 0.0702269 
 ----> 1.3#6.6#4.0#14.0#VAR 1520 0 0.929561 0.0704391 
 ----> 1.3#6.6#4.0#14.0#VAR 1521 0 0.914321 0.0856787 
 ----> 1.3#6.6#4.0#14.0#VAR 1522 1 0.928406 0.0715939 
 ----> 1.3#6.6#4.0#14.0#VAR 1523 1 0.919875 0.0801254 
 ----> 1.3#6.6#4.0#14.0#VAR 1524 0 0.929944 0.0700564 
 ----> 1.3#6.6#4.0#14.0#VAR 1525 0 0.925128 0.0748715 
 ----> 1.3#6.6#4.0#14.0#VAR 1526 1 0.919746 0.0802538 
 ----> 1.3#6.6#4.0#14.0#VAR 1527 0 0.923842 0.0761578 
 ----> 1.3#6.6#4.0#14.0#VAR 1528 0 0.918567 0.0814335 
 ----> 1.3#6.6#4.0#14.0#VAR 1529 0 0.910538 0.0894616 
 ----> 1.3#6.6#4.0#14.0#VAR 1530 0 0.915365 0.0846349 
 ----> 1.3#6.6#4.0#14.0#VAR 1531 0 0.921494 0.0785064 
 ----> 1.3#6.6#4.0#14.0#VAR 1532 0 0.920757 0.0792433 
 ----> 1.3#6.6#4.0#14.0#VAR 1533 0 0.916973 0.0830274 
 ----> 1.3#6.6#4.0#14.0#VAR 1534 0 0.928062 0.0719383 
 ----> 1.3#6.6#4.0#14.0#VAR 1535 0 0.920319 0.0796812 
 ----> 1.3#6.6#4.0#14.0#VAR 1536 1 0.920296 0.0797043 
 ----> 1.3#6.6#4.0#14.0#VAR 1537 0 0.924407 0.0755934 
 ----> 1.3#6.6#4.0#14.0#VAR 1538 1 0.925724 0.0742761 
 ----> 1.3#6.6#4.0#14.0#VAR 1539 1 0.914929 0.0850714 
 ----> 1.3#6.6#4.0#14.0#VAR 1540 1 0.926999 0.0730011 
 ----> 1.3#6.6#4.0#14.0#VAR 1541 0 0.936294 0.0637063 
 ----> 1.3#6.6#4.0#14.0#VAR 1542 0 0.92185 0.0781501 
 ----> 1.3#6.6#4.0#14.0#VAR 1543 0 0.92592 0.0740805 
 ----> 1.3#6.6#4.0#14.0#VAR 1544 0 0.924114 0.075886 
 ----> 1.3#6.6#4.0#14.0#VAR 1545 0 0.920021 0.0799791 
 ----> 1.3#6.6#4.0#14.0#VAR 1546 0 0.917497 0.0825029 
 ----> 1.3#6.6#4.0#14.0#VAR 1547 0 0.926434 0.073566 
 ----> 1.3#6.6#4.0#14.0#VAR 1548 1 0.926347 0.0736535 
 ----> 1.3#6.6#4.0#14.0#VAR 1549 1 0.92425 0.0757502 
 ----> 1.3#6.6#4.0#14.0#VAR 1550 0 0.927706 0.0722938 
 ----> 1.3#6.6#4.0#14.0#VAR 1551 0 0.928492 0.0715077 
 ----> 1.3#6.6#4.0#14.0#VAR 1552 1 0.912151 0.0878492 
 ----> 1.3#6.6#4.0#14.0#VAR 1553 0 0.924779 0.0752208 
 ----> 1.3#6.6#4.0#14.0#VAR 1554 0 0.9203 0.0796995 
 ----> 1.3#6.6#4.0#14.0#VAR 1555 0 0.922716 0.0772836 
 ----> 1.3#6.6#4.0#14.0#VAR 1556 0 0.928478 0.0715217 
 ----> 1.3#6.6#4.0#14.0#VAR 1557 1 0.918953 0.0810474 
 ----> 1.3#6.6#4.0#14.0#VAR 1558 0 0.918731 0.0812688 
 ----> 1.3#6.6#4.0#14.0#VAR 1559 0 0.917304 0.0826962 
 ----> 1.3#6.6#4.0#14.0#VAR 1560 0 0.915755 0.084245 
 ----> 1.3#6.6#4.0#14.0#VAR 1561 1 0.928358 0.0716415 
 ----> 1.3#6.6#4.0#14.0#VAR 1562 0 0.922669 0.0773311 
 ----> 1.3#6.6#4.0#14.0#VAR 1563 0 0.925692 0.0743082 
 ----> 1.3#6.6#4.0#14.0#VAR 1564 0 0.921548 0.0784519 
 ----> 1.3#6.6#4.0#14.0#VAR 1565 0 0.921274 0.0787263 
 ----> 1.3#6.6#4.0#14.0#VAR 1566 0 0.921972 0.0780282 
 ----> 1.3#6.6#4.0#14.0#VAR 1567 0 0.923592 0.0764076 
 ----> 1.3#6.6#4.0#14.0#VAR 1568 1 0.92176 0.07824 
 ----> 1.3#6.6#4.0#14.0#VAR 1569 0 0.919031 0.0809692 
 ----> 1.3#6.6#4.0#14.0#VAR 1570 0 0.926629 0.0733713 
 ----> 1.3#6.6#4.0#14.0#VAR 1571 0 0.923835 0.0761652 
 ----> 1.3#6.6#4.0#14.0#VAR 1572 1 0.926667 0.0733329 
 ----> 1.3#6.6#4.0#14.0#VAR 1573 0 0.919556 0.0804438 
 ----> 1.3#6.6#4.0#14.0#VAR 1574 0 0.925364 0.0746356 
 ----> 1.3#6.6#4.0#14.0#VAR 1575 0 0.92435 0.0756503 
 ----> 1.3#6.6#4.0#14.0#VAR 1576 0 0.924071 0.0759286 
 ----> 1.3#6.6#4.0#14.0#VAR 1577 0 0.922463 0.0775369 
 ----> 1.3#6.6#4.0#14.0#VAR 1578 0 0.931174 0.068826 
 ----> 1.3#6.6#4.0#14.0#VAR 1579 0 0.929224 0.0707761 
 ----> 1.3#6.6#4.0#14.0#VAR 1580 0 0.926465 0.0735352 
 ----> 1.3#6.6#4.0#14.0#VAR 1581 0 0.916313 0.0836869 
 ----> 1.3#6.6#4.0#14.0#VAR 1582 0 0.931856 0.0681443 
 ----> 1.3#6.6#4.0#14.0#VAR 1583 0 0.923696 0.0763038 
 ----> 1.3#6.6#4.0#14.0#VAR 1584 0 0.911485 0.0885153 
 ----> 1.3#6.6#4.0#14.0#VAR 1585 1 0.919349 0.0806506 
 ----> 1.3#6.6#4.0#14.0#VAR 1586 1 0.920072 0.0799281 
 ----> 1.3#6.6#4.0#14.0#VAR 1587 1 0.923111 0.0768891 
 ----> 1.3#6.6#4.0#14.0#VAR 1588 0 0.925827 0.0741731 
 ----> 1.3#6.6#4.0#14.0#VAR 1589 0 0.912917 0.0870826 
 ----> 1.3#6.6#4.0#14.0#VAR 1590 0 0.923846 0.0761541 
 ----> 1.3#6.6#4.0#14.0#VAR 1591 1 0.931357 0.0686434 
 ----> 1.3#6.6#4.0#14.0#VAR 1592 1 0.922508 0.0774916 
 ----> 1.3#6.6#4.0#14.0#VAR 1593 0 0.929132 0.0708683 
 ----> 1.3#6.6#4.0#14.0#VAR 1594 0 0.926602 0.0733981 
 ----> 1.3#6.6#4.0#14.0#VAR 1595 1 0.926511 0.0734886 
 ----> 1.3#6.6#4.0#14.0#VAR 1596 0 0.92735 0.0726499 
 ----> 1.3#6.6#4.0#14.0#VAR 1597 1 0.925531 0.0744694 
 ----> 1.3#6.6#4.0#14.0#VAR 1598 1 0.918585 0.0814153 
 ----> 1.3#6.6#4.0#14.0#VAR 1599 1 0.922145 0.0778547 
 ----> 1.3#6.6#4.0#14.0#VAR 1600 0 0.931565 0.0684351 
 ----> 1.3#6.6#4.0#14.0#VAR 1601 0 0.928572 0.0714278 
 ----> 1.3#6.6#4.0#14.0#VAR 1602 1 0.920894 0.0791061 
 ----> 1.3#6.6#4.0#14.0#VAR 1603 0 0.93026 0.0697402 
 ----> 1.3#6.6#4.0#14.0#VAR 1604 1 0.925313 0.0746873 
 ----> 1.3#6.6#4.0#14.0#VAR 1605 0 0.916443 0.083557 
 ----> 1.3#6.6#4.0#14.0#VAR 1606 0 0.93257 0.0674304 
 ----> 1.3#6.6#4.0#14.0#VAR 1607 1 0.92543 0.0745696 
 ----> 1.3#6.6#4.0#14.0#VAR 1608 1 0.923794 0.076206 
 ----> 1.3#6.6#4.0#14.0#VAR 1609 0 0.939437 0.0605626 
 ----> 1.3#6.6#4.0#14.0#VAR 1610 1 0.923758 0.0762415 
 ----> 1.3#6.6#4.0#14.0#VAR 1611 1 0.915265 0.0847352 
 ----> 1.3#6.6#4.0#14.0#VAR 1612 1 0.908468 0.0915319 
 ----> 1.3#6.6#4.0#14.0#VAR 1613 0 0.915614 0.0843865 
 ----> 1.3#6.6#4.0#14.0#VAR 1614 1 0.92061 0.07939 
 ----> 1.3#6.6#4.0#14.0#VAR 1615 1 0.915833 0.0841668 
 ----> 1.3#6.6#4.0#14.0#VAR 1616 1 0.924924 0.0750764 
 ----> 1.3#6.6#4.0#14.0#VAR 1617 0 0.925741 0.0742589 
 ----> 1.3#6.6#4.0#14.0#VAR 1618 0 0.932411 0.0675893 
 ----> 1.3#6.6#4.0#14.0#VAR 1619 0 0.918118 0.0818824 
 ----> 1.3#6.6#4.0#14.0#VAR 1620 0 0.911646 0.0883541 
 ----> 1.3#6.6#4.0#14.0#VAR 1621 1 0.925434 0.0745657 
 ----> 1.3#6.6#4.0#14.0#VAR 1622 1 0.921783 0.0782172 
 ----> 1.3#6.6#4.0#14.0#VAR 1623 1 0.918503 0.0814975 
 ----> 1.3#6.6#4.0#14.0#VAR 1624 0 0.921102 0.0788976 
 ----> 1.3#6.6#4.0#14.0#VAR 1625 0 0.917712 0.0822876 
 ----> 1.3#6.6#4.0#14.0#VAR 1626 0 0.918388 0.0816118 
 ----> 1.3#6.6#4.0#14.0#VAR 1627 0 0.923673 0.0763267 
 ----> 1.3#6.6#4.0#14.0#VAR 1628 0 0.921214 0.0787863 
 ----> 1.3#6.6#4.0#14.0#VAR 1629 1 0.928423 0.0715766 
 ----> 1.3#6.6#4.0#14.0#VAR 1630 0 0.929097 0.0709026 
 ----> 1.3#6.6#4.0#14.0#VAR 1631 0 0.919788 0.0802124 
 ----> 1.3#6.6#4.0#14.0#VAR 1632 0 0.922941 0.0770594 
 ----> 1.3#6.6#4.0#14.0#VAR 1633 0 0.925096 0.0749038 
 ----> 1.3#6.6#4.0#14.0#VAR 1634 1 0.921997 0.0780029 
 ----> 1.3#6.6#4.0#14.0#VAR 1635 0 0.926384 0.0736162 
 ----> 1.3#6.6#4.0#14.0#VAR 1636 1 0.924327 0.0756726 
 ----> 1.3#6.6#4.0#14.0#VAR 1637 0 0.916326 0.0836739 
 ----> 1.3#6.6#4.0#14.0#VAR 1638 0 0.915618 0.0843815 
 ----> 1.3#6.6#4.0#14.0#VAR 1639 0 0.931484 0.0685163 
 ----> 1.3#6.6#4.0#14.0#VAR 1640 0 0.914343 0.0856566 
 ----> 1.3#6.6#4.0#14.0#VAR 1641 0 0.925427 0.0745727 
 ----> 1.3#6.6#4.0#14.0#VAR 1642 0 0.92921 0.0707901 
 ----> 1.3#6.6#4.0#14.0#VAR 1643 1 0.926571 0.0734286 
 ----> 1.3#6.6#4.0#14.0#VAR 1644 1 0.916145 0.0838552 
 ----> 1.3#6.6#4.0#14.0#VAR 1645 1 0.926235 0.0737652 
 ----> 1.3#6.6#4.0#14.0#VAR 1646 1 0.92528 0.0747195 
 ----> 1.3#6.6#4.0#14.0#VAR 1647 1 0.926799 0.0732011 
 ----> 1.3#6.6#4.0#14.0#VAR 1648 1 0.927457 0.0725428 
 ----> 1.3#6.6#4.0#14.0#VAR 1649 1 0.928317 0.0716832 
 ----> 1.3#6.6#4.0#14.0#VAR 1650 1 0.93109 0.0689102 
 ----> 1.3#6.6#4.0#14.0#VAR 1651 1 0.918996 0.0810038 
 ----> 1.3#6.6#4.0#14.0#VAR 1652 0 0.919635 0.0803654 
 ----> 1.3#6.6#4.0#14.0#VAR 1653 0 0.932222 0.0677784 
 ----> 1.3#6.6#4.0#14.0#VAR 1654 1 0.925205 0.0747945 
 ----> 1.3#6.6#4.0#14.0#VAR 1655 0 0.932475 0.0675248 
 ----> 1.3#6.6#4.0#14.0#VAR 1656 0 0.933112 0.0668884 
 ----> 1.3#6.6#4.0#14.0#VAR 1657 0 0.925484 0.0745158 
 ----> 1.3#6.6#4.0#14.0#VAR 1658 0 0.922306 0.0776945 
 ----> 1.3#6.6#4.0#14.0#VAR 1659 0 0.930367 0.0696334 
 ----> 1.3#6.6#4.0#14.0#VAR 1660 0 0.924961 0.0750389 
 ----> 1.3#6.6#4.0#14.0#VAR 1661 1 0.919633 0.0803666 
 ----> 1.3#6.6#4.0#14.0#VAR 1662 1 0.924605 0.0753946 
 ----> 1.3#6.6#4.0#14.0#VAR 1663 1 0.931114 0.0688856 
 ----> 1.3#6.6#4.0#14.0#VAR 1664 0 0.922617 0.0773834 
 ----> 1.3#6.6#4.0#14.0#VAR 1665 1 0.92979 0.0702101 
 ----> 1.3#6.6#4.0#14.0#VAR 1666 0 0.914571 0.0854285 
 ----> 1.3#6.6#4.0#14.0#VAR 1667 1 0.923408 0.0765923 
 ----> 1.3#6.6#4.0#14.0#VAR 1668 0 0.917173 0.0828269 
 ----> 1.3#6.6#4.0#14.0#VAR 1669 0 0.934528 0.0654721 
 ----> 1.3#6.6#4.0#14.0#VAR 1670 0 0.920032 0.079968 
 ----> 1.3#6.6#4.0#14.0#VAR 1671 0 0.918638 0.0813621 
 ----> 1.3#6.6#4.0#14.0#VAR 1672 0 0.915215 0.0847851 
 ----> 1.3#6.6#4.0#14.0#VAR 1673 0 0.926651 0.0733493 
 ----> 1.3#6.6#4.0#14.0#VAR 1674 1 0.91021 0.0897901 
 ----> 1.3#6.6#4.0#14.0#VAR 1675 0 0.917055 0.0829446 
 ----> 1.3#6.6#4.0#14.0#VAR 1676 0 0.932861 0.0671389 
 ----> 1.3#6.6#4.0#14.0#VAR 1677 0 0.929272 0.070728 
 ----> 1.3#6.6#4.0#14.0#VAR 1678 1 0.921869 0.0781307 
 ----> 1.3#6.6#4.0#14.0#VAR 1679 0 0.923886 0.0761136 
 ----> 1.3#6.6#4.0#14.0#VAR 1680 0 0.928408 0.0715918 
 ----> 1.3#6.6#4.0#14.0#VAR 1681 0 0.929245 0.0707551 
 ----> 1.3#6.6#4.0#14.0#VAR 1682 1 0.922049 0.0779509 
 ----> 1.3#6.6#4.0#14.0#VAR 1683 0 0.926717 0.0732832 
 ----> 1.3#6.6#4.0#14.0#VAR 1684 1 0.926819 0.073181 
 ----> 1.3#6.6#4.0#14.0#VAR 1685 0 0.917453 0.0825466 
 ----> 1.3#6.6#4.0#14.0#VAR 1686 0 0.923389 0.0766113 
 ----> 1.3#6.6#4.0#14.0#VAR 1687 0 0.921488 0.0785117 
 ----> 1.3#6.6#4.0#14.0#VAR 1688 0 0.929159 0.0708406 
 ----> 1.3#6.6#4.0#14.0#VAR 1689 0 0.920614 0.0793859 
 ----> 1.3#6.6#4.0#14.0#VAR 1690 0 0.92437 0.0756304 
 ----> 1.3#6.6#4.0#14.0#VAR 1691 0 0.910961 0.0890392 
 ----> 1.3#6.6#4.0#14.0#VAR 1692 1 0.923263 0.0767373 
 ----> 1.3#6.6#4.0#14.0#VAR 1693 1 0.924422 0.075578 
 ----> 1.3#6.6#4.0#14.0#VAR 1694 1 0.91024 0.0897599 
 ----> 1.3#6.6#4.0#14.0#VAR 1695 0 0.922278 0.0777221 
 ----> 1.3#6.6#4.0#14.0#VAR 1696 0 0.917901 0.0820992 
 ----> 1.3#6.6#4.0#14.0#VAR 1697 0 0.918784 0.0812155 
 ----> 1.3#6.6#4.0#14.0#VAR 1698 0 0.930018 0.0699818 
 ----> 1.3#6.6#4.0#14.0#VAR 1699 1 0.924067 0.0759327 
 ----> 1.3#6.6#4.0#14.0#VAR 1700 1 0.926193 0.0738067 
 ----> 1.3#6.6#4.0#14.0#VAR 1701 0 0.929228 0.0707715 
 ----> 1.3#6.6#4.0#14.0#VAR 1702 0 0.930348 0.069652 
 ----> 1.3#6.6#4.0#14.0#VAR 1703 0 0.917547 0.082453 
 ----> 1.3#6.6#4.0#14.0#VAR 1704 1 0.930621 0.0693791 
 ----> 1.3#6.6#4.0#14.0#VAR 1705 0 0.935921 0.0640791 
 ----> 1.3#6.6#4.0#14.0#VAR 1706 0 0.920862 0.0791384 
 ----> 1.3#6.6#4.0#14.0#VAR 1707 1 0.92921 0.0707903 
 ----> 1.3#6.6#4.0#14.0#VAR 1708 0 0.916807 0.083193 
 ----> 1.3#6.6#4.0#14.0#VAR 1709 1 0.928568 0.0714324 
 ----> 1.3#6.6#4.0#14.0#VAR 1710 0 0.926518 0.0734823 
 ----> 1.3#6.6#4.0#14.0#VAR 1711 0 0.929464 0.0705365 
 ----> 1.3#6.6#4.0#14.0#VAR 1712 0 0.925225 0.0747751 
 ----> 1.3#6.6#4.0#14.0#VAR 1713 0 0.926707 0.0732935 
 ----> 1.3#6.6#4.0#14.0#VAR 1714 0 0.924408 0.0755918 
 ----> 1.3#6.6#4.0#14.0#VAR 1715 0 0.921725 0.0782749 
 ----> 1.3#6.6#4.0#14.0#VAR 1716 0 0.930216 0.0697844 
 ----> 1.3#6.6#4.0#14.0#VAR 1717 0 0.923706 0.0762937 
 ----> 1.3#6.6#4.0#14.0#VAR 1718 1 0.910751 0.0892493 
 ----> 1.3#6.6#4.0#14.0#VAR 1719 1 0.925753 0.0742473 
 ----> 1.3#6.6#4.0#14.0#VAR 1720 0 0.925334 0.0746659 
 ----> 1.3#6.6#4.0#14.0#VAR 1721 0 0.916256 0.0837439 
 ----> 1.3#6.6#4.0#14.0#VAR 1722 0 0.929553 0.0704469 
 ----> 1.3#6.6#4.0#14.0#VAR 1723 1 0.929169 0.0708307 
 ----> 1.3#6.6#4.0#14.0#VAR 1724 0 0.927999 0.0720012 
 ----> 1.3#6.6#4.0#14.0#VAR 1725 0 0.92611 0.0738899 
 ----> 1.3#6.6#4.0#14.0#VAR 1726 1 0.925991 0.0740088 
 ----> 1.3#6.6#4.0#14.0#VAR 1727 0 0.923859 0.0761406 
 ----> 1.3#6.6#4.0#14.0#VAR 1728 1 0.919693 0.0803073 
 ----> 1.3#6.6#4.0#14.0#VAR 1729 1 0.924176 0.0758242 
 ----> 1.3#6.6#4.0#14.0#VAR 1730 0 0.93283 0.0671699 
 ----> 1.3#6.6#4.0#14.0#VAR 1731 0 0.928214 0.071786 
 ----> 1.3#6.6#4.0#14.0#VAR 1732 0 0.920295 0.0797045 
 ----> 1.3#6.6#4.0#14.0#VAR 1733 0 0.924824 0.0751762 
 ----> 1.3#6.6#4.0#14.0#VAR 1734 1 0.929095 0.070905 
 ----> 1.3#6.6#4.0#14.0#VAR 1735 1 0.918346 0.0816536 
 ----> 1.3#6.6#4.0#14.0#VAR 1736 0 0.922585 0.0774146 
 ----> 1.3#6.6#4.0#14.0#VAR 1737 1 0.907893 0.0921075 
 ----> 1.3#6.6#4.0#14.0#VAR 1738 1 0.934459 0.0655409 
 ----> 1.3#6.6#4.0#14.0#VAR 1739 0 0.919188 0.0808115 
 ----> 1.3#6.6#4.0#14.0#VAR 1740 0 0.926853 0.0731465 
 ----> 1.3#6.6#4.0#14.0#VAR 1741 0 0.916915 0.0830846 
 ----> 1.3#6.6#4.0#14.0#VAR 1742 0 0.920914 0.0790865 
 ----> 1.3#6.6#4.0#14.0#VAR 1743 0 0.918809 0.0811911 
 ----> 1.3#6.6#4.0#14.0#VAR 1744 0 0.932464 0.0675362 
 ----> 1.3#6.6#4.0#14.0#VAR 1745 1 0.922598 0.0774024 
 ----> 1.3#6.6#4.0#14.0#VAR 1746 0 0.905467 0.0945329 
 ----> 1.3#6.6#4.0#14.0#VAR 1747 0 0.914244 0.0857558 
 ----> 1.3#6.6#4.0#14.0#VAR 1748 1 0.921987 0.0780135 
 ----> 1.3#6.6#4.0#14.0#VAR 1749 1 0.928728 0.071272 
 ----> 1.3#6.6#4.0#14.0#VAR 1750 1 0.920349 0.0796506 
 ----> 1.3#6.6#4.0#14.0#VAR 1751 0 0.917213 0.0827872 
 ----> 1.3#6.6#4.0#14.0#VAR 1752 0 0.932439 0.0675606 
 ----> 1.3#6.6#4.0#14.0#VAR 1753 0 0.919698 0.0803021 
 ----> 1.3#6.6#4.0#14.0#VAR 1754 0 0.926921 0.073079 
 ----> 1.3#6.6#4.0#14.0#VAR 1755 0 0.927066 0.0729338 
 ----> 1.3#6.6#4.0#14.0#VAR 1756 0 0.929415 0.0705851 
 ----> 1.3#6.6#4.0#14.0#VAR 1757 0 0.928025 0.0719751 
 ----> 1.3#6.6#4.0#14.0#VAR 1758 0 0.923412 0.0765877 
 ----> 1.3#6.6#4.0#14.0#VAR 1759 0 0.925322 0.0746784 
 ----> 1.3#6.6#4.0#14.0#VAR 1760 1 0.927666 0.0723338 
 ----> 1.3#6.6#4.0#14.0#VAR 1761 0 0.923982 0.0760177 
 ----> 1.3#6.6#4.0#14.0#VAR 1762 0 0.917914 0.0820858 
 ----> 1.3#6.6#4.0#14.0#VAR 1763 1 0.921499 0.0785013 
 ----> 1.3#6.6#4.0#14.0#VAR 1764 1 0.924034 0.075966 
 ----> 1.3#6.6#4.0#14.0#VAR 1765 0 0.928754 0.0712465 
 ----> 1.3#6.6#4.0#14.0#VAR 1766 1 0.923997 0.0760028 
 ----> 1.3#6.6#4.0#14.0#VAR 1767 0 0.922727 0.0772734 
 ----> 1.3#6.6#4.0#14.0#VAR 1768 1 0.917693 0.0823072 
 ----> 1.3#6.6#4.0#14.0#VAR 1769 0 0.916184 0.0838163 
 ----> 1.3#6.6#4.0#14.0#VAR 1770 0 0.924685 0.0753153 
 ----> 1.3#6.6#4.0#14.0#VAR 1771 0 0.917853 0.0821473 
 ----> 1.3#6.6#4.0#14.0#VAR 1772 1 0.927422 0.0725782 
 ----> 1.3#6.6#4.0#14.0#VAR 1773 0 0.927155 0.0728447 
 ----> 1.3#6.6#4.0#14.0#VAR 1774 1 0.926148 0.0738518 
 ----> 1.3#6.6#4.0#14.0#VAR 1775 0 0.929905 0.0700954 
 ----> 1.3#6.6#4.0#14.0#VAR 1776 0 0.921586 0.078414 
 ----> 1.3#6.6#4.0#14.0#VAR 1777 0 0.91947 0.0805297 
 ----> 1.3#6.6#4.0#14.0#VAR 1778 0 0.923594 0.0764058 
 ----> 1.3#6.6#4.0#14.0#VAR 1779 0 0.924196 0.0758036 
 ----> 1.3#6.6#4.0#14.0#VAR 1780 1 0.921024 0.0789763 
 ----> 1.3#6.6#4.0#14.0#VAR 1781 1 0.930323 0.0696767 
 ----> 1.3#6.6#4.0#14.0#VAR 1782 0 0.930986 0.0690144 
 ----> 1.3#6.6#4.0#14.0#VAR 1783 0 0.913218 0.0867817 
 ----> 1.3#6.6#4.0#14.0#VAR 1784 0 0.924795 0.0752051 
 ----> 1.3#6.6#4.0#14.0#VAR 1785 0 0.920282 0.0797179 
 ----> 1.3#6.6#4.0#14.0#VAR 1786 0 0.905781 0.0942188 
 ----> 1.3#6.6#4.0#14.0#VAR 1787 1 0.915342 0.0846577 
 ----> 1.3#6.6#4.0#14.0#VAR 1788 1 0.919762 0.0802383 
 ----> 1.3#6.6#4.0#14.0#VAR 1789 0 0.926135 0.0738647 
 ----> 1.3#6.6#4.0#14.0#VAR 1790 0 0.925147 0.0748528 
 ----> 1.3#6.6#4.0#14.0#VAR 1791 0 0.917643 0.082357 
 ----> 1.3#6.6#4.0#14.0#VAR 1792 0 0.929661 0.0703391 
 ----> 1.3#6.6#4.0#14.0#VAR 1793 1 0.925086 0.0749138 
 ----> 1.3#6.6#4.0#14.0#VAR 1794 0 0.917071 0.0829293 
 ----> 1.3#6.6#4.0#14.0#VAR 1795 0 0.916946 0.0830541 
 ----> 1.3#6.6#4.0#14.0#VAR 1796 1 0.930189 0.0698114 
 ----> 1.3#6.6#4.0#14.0#VAR 1797 0 0.930298 0.0697016 
 ----> 1.3#6.6#4.0#14.0#VAR 1798 0 0.930917 0.0690826 
 ----> 1.3#6.6#4.0#14.0#VAR 1799 0 0.918376 0.0816236 
 ----> 1.3#6.6#4.0#14.0#VAR 1800 0 0.92886 0.0711395 
 ----> 1.3#6.6#4.0#14.0#VAR 1801 0 0.931373 0.0686271 
 ----> 1.3#6.6#4.0#14.0#VAR 1802 0 0.925952 0.0740475 
 ----> 1.3#6.6#4.0#14.0#VAR 1803 0 0.925445 0.0745552 
 ----> 1.3#6.6#4.0#14.0#VAR 1804 0 0.919454 0.0805463 
 ----> 1.3#6.6#4.0#14.0#VAR 1805 0 0.925674 0.0743257 
 ----> 1.3#6.6#4.0#14.0#VAR 1806 1 0.924371 0.0756285 
 ----> 1.3#6.6#4.0#14.0#VAR 1807 0 0.921871 0.0781293 
 ----> 1.3#6.6#4.0#14.0#VAR 1808 0 0.922105 0.0778952 
 ----> 1.3#6.6#4.0#14.0#VAR 1809 0 0.926905 0.0730947 
 ----> 1.3#6.6#4.0#14.0#VAR 1810 0 0.930321 0.0696791 
 ----> 1.3#6.6#4.0#14.0#VAR 1811 0 0.916167 0.0838333 
 ----> 1.3#6.6#4.0#14.0#VAR 1812 0 0.920149 0.0798515 
 ----> 1.3#6.6#4.0#14.0#VAR 1813 0 0.925252 0.0747478 
 ----> 1.3#6.6#4.0#14.0#VAR 1814 0 0.919942 0.0800579 
 ----> 1.3#6.6#4.0#14.0#VAR 1815 0 0.930871 0.0691291 
 ----> 1.3#6.6#4.0#14.0#VAR 1816 0 0.925787 0.0742129 
 ----> 1.3#6.6#4.0#14.0#VAR 1817 1 0.927552 0.0724483 
 ----> 1.3#6.6#4.0#14.0#VAR 1818 0 0.924426 0.0755737 
 ----> 1.3#6.6#4.0#14.0#VAR 1819 0 0.927051 0.0729491 
 ----> 1.3#6.6#4.0#14.0#VAR 1820 0 0.926906 0.0730945 
 ----> 1.3#6.6#4.0#14.0#VAR 1821 0 0.928067 0.0719326 
 ----> 1.3#6.6#4.0#14.0#VAR 1822 1 0.917039 0.0829615 
 ----> 1.3#6.6#4.0#14.0#VAR 1823 0 0.919731 0.080269 
 ----> 1.3#6.6#4.0#14.0#VAR 1824 0 0.923577 0.0764228 
 ----> 1.3#6.6#4.0#14.0#VAR 1825 0 0.924548 0.0754515 
 ----> 1.3#6.6#4.0#14.0#VAR 1826 0 0.921819 0.0781811 
 ++++> 1.3#6.6#4.0#14.0#VAR 1827  0 0.911819 0.0881811 
