 ----> 1.3#6.6#4.0#14.0#VAR 7 0 0.935966 0.0640341 
 ----> 1.3#6.6#4.0#14.0#VAR 8 0 0.935364 0.0646364 
 ----> 1.3#6.6#4.0#14.0#VAR 9 0 0.923469 0.0765309 
 ----> 1.3#6.6#4.0#14.0#VAR 10 1 0.908969 0.0910306 
 ----> 1.3#6.6#4.0#14.0#VAR 11 1 0.922992 0.0770084 
 ----> 1.3#6.6#4.0#14.0#VAR 12 0 0.922892 0.0771075 
 ----> 1.3#6.6#4.0#14.0#VAR 13 0 0.931357 0.0686433 
 ----> 1.3#6.6#4.0#14.0#VAR 14 0 0.914899 0.085101 
 ----> 1.3#6.6#4.0#14.0#VAR 15 0 0.9172 0.0828 
 ----> 1.3#6.6#4.0#14.0#VAR 16 0 0.930052 0.0699483 
 ----> 1.3#6.6#4.0#14.0#VAR 17 0 0.929557 0.0704426 
 ----> 1.3#6.6#4.0#14.0#VAR 18 0 0.918548 0.0814523 
 ----> 1.3#6.6#4.0#14.0#VAR 19 0 0.924271 0.075729 
 ----> 1.3#6.6#4.0#14.0#VAR 20 1 0.924728 0.0752719 
 ----> 1.3#6.6#4.0#14.0#VAR 21 0 0.922674 0.0773257 
 ----> 1.3#6.6#4.0#14.0#VAR 22 0 0.920653 0.0793466 
 ----> 1.3#6.6#4.0#14.0#VAR 23 0 0.925185 0.0748152 
 ----> 1.3#6.6#4.0#14.0#VAR 24 0 0.917483 0.0825171 
 ----> 1.3#6.6#4.0#14.0#VAR 25 0 0.916548 0.0834518 
 ----> 1.3#6.6#4.0#14.0#VAR 26 0 0.926832 0.073168 
 ----> 1.3#6.6#4.0#14.0#VAR 27 0 0.923686 0.0763139 
 ----> 1.3#6.6#4.0#14.0#VAR 28 0 0.924559 0.0754414 
 ----> 1.3#6.6#4.0#14.0#VAR 29 1 0.912796 0.0872042 
 ----> 1.3#6.6#4.0#14.0#VAR 30 1 0.92368 0.0763198 
 ----> 1.3#6.6#4.0#14.0#VAR 31 0 0.92403 0.0759701 
 ----> 1.3#6.6#4.0#14.0#VAR 32 0 0.931775 0.0682246 
 ----> 1.3#6.6#4.0#14.0#VAR 33 0 0.923999 0.0760009 
 ----> 1.3#6.6#4.0#14.0#VAR 34 0 0.929405 0.0705953 
 ----> 1.3#6.6#4.0#14.0#VAR 35 1 0.917848 0.0821519 
 ----> 1.3#6.6#4.0#14.0#VAR 36 0 0.92744 0.0725596 
 ----> 1.3#6.6#4.0#14.0#VAR 37 0 0.92737 0.0726302 
 ----> 1.3#6.6#4.0#14.0#VAR 38 0 0.923794 0.0762062 
 ----> 1.3#6.6#4.0#14.0#VAR 39 0 0.92287 0.0771305 
 ----> 1.3#6.6#4.0#14.0#VAR 40 0 0.931975 0.0680251 
 ----> 1.3#6.6#4.0#14.0#VAR 41 0 0.926001 0.073999 
 ----> 1.3#6.6#4.0#14.0#VAR 42 0 0.926452 0.0735481 
 ----> 1.3#6.6#4.0#14.0#VAR 43 0 0.930105 0.0698948 
 ----> 1.3#6.6#4.0#14.0#VAR 44 0 0.926558 0.073442 
 ----> 1.3#6.6#4.0#14.0#VAR 45 0 0.926568 0.0734323 
 ----> 1.3#6.6#4.0#14.0#VAR 46 0 0.919519 0.080481 
 ----> 1.3#6.6#4.0#14.0#VAR 47 0 0.930532 0.0694683 
 ----> 1.3#6.6#4.0#14.0#VAR 48 1 0.924206 0.0757941 
 ----> 1.3#6.6#4.0#14.0#VAR 49 0 0.927208 0.0727924 
 ----> 1.3#6.6#4.0#14.0#VAR 50 0 0.927385 0.0726153 
 ----> 1.3#6.6#4.0#14.0#VAR 51 0 0.930117 0.0698826 
 ----> 1.3#6.6#4.0#14.0#VAR 52 0 0.925636 0.0743637 
 ----> 1.3#6.6#4.0#14.0#VAR 53 0 0.927554 0.0724455 
 ----> 1.3#6.6#4.0#14.0#VAR 54 0 0.924222 0.0757776 
 ----> 1.3#6.6#4.0#14.0#VAR 55 0 0.922731 0.077269 
 ----> 1.3#6.6#4.0#14.0#VAR 56 0 0.931233 0.0687672 
 ----> 1.3#6.6#4.0#14.0#VAR 57 0 0.924974 0.0750264 
 ----> 1.3#6.6#4.0#14.0#VAR 58 0 0.931797 0.0682033 
 ----> 1.3#6.6#4.0#14.0#VAR 59 0 0.924941 0.0750585 
 ----> 1.3#6.6#4.0#14.0#VAR 60 0 0.924843 0.0751573 
 ----> 1.3#6.6#4.0#14.0#VAR 61 1 0.926681 0.0733189 
 ----> 1.3#6.6#4.0#14.0#VAR 62 0 0.926548 0.0734522 
 ----> 1.3#6.6#4.0#14.0#VAR 63 0 0.928664 0.071336 
 ----> 1.3#6.6#4.0#14.0#VAR 64 0 0.925955 0.0740454 
 ----> 1.3#6.6#4.0#14.0#VAR 65 0 0.922628 0.0773718 
 ----> 1.3#6.6#4.0#14.0#VAR 66 0 0.926826 0.0731735 
 ----> 1.3#6.6#4.0#14.0#VAR 67 0 0.929811 0.0701892 
 ----> 1.3#6.6#4.0#14.0#VAR 68 0 0.929179 0.0708212 
 ----> 1.3#6.6#4.0#14.0#VAR 69 0 0.924582 0.0754185 
 ----> 1.3#6.6#4.0#14.0#VAR 70 0 0.931686 0.0683144 
 ----> 1.3#6.6#4.0#14.0#VAR 71 0 0.924587 0.0754133 
 ----> 1.3#6.6#4.0#14.0#VAR 72 0 0.923575 0.0764255 
 ----> 1.3#6.6#4.0#14.0#VAR 73 0 0.93182 0.0681801 
 ----> 1.3#6.6#4.0#14.0#VAR 74 0 0.927837 0.0721629 
 ----> 1.3#6.6#4.0#14.0#VAR 75 0 0.92123 0.0787695 
 ----> 1.3#6.6#4.0#14.0#VAR 76 0 0.932644 0.0673562 
 ----> 1.3#6.6#4.0#14.0#VAR 77 0 0.929591 0.0704085 
 ----> 1.3#6.6#4.0#14.0#VAR 78 0 0.923838 0.0761622 
 ----> 1.3#6.6#4.0#14.0#VAR 79 0 0.922583 0.0774175 
 ----> 1.3#6.6#4.0#14.0#VAR 80 0 0.919042 0.0809575 
 ----> 1.3#6.6#4.0#14.0#VAR 81 0 0.929599 0.0704006 
 ----> 1.3#6.6#4.0#14.0#VAR 82 0 0.924867 0.0751326 
 ----> 1.3#6.6#4.0#14.0#VAR 83 0 0.923846 0.0761538 
 ----> 1.3#6.6#4.0#14.0#VAR 84 0 0.930314 0.0696863 
 ----> 1.3#6.6#4.0#14.0#VAR 85 0 0.93195 0.0680499 
 ----> 1.3#6.6#4.0#14.0#VAR 86 0 0.930006 0.0699942 
 ----> 1.3#6.6#4.0#14.0#VAR 87 0 0.929838 0.0701623 
 ----> 1.3#6.6#4.0#14.0#VAR 88 0 0.927566 0.0724338 
 ----> 1.3#6.6#4.0#14.0#VAR 89 0 0.929134 0.0708665 
 ----> 1.3#6.6#4.0#14.0#VAR 90 0 0.927612 0.0723875 
 ----> 1.3#6.6#4.0#14.0#VAR 91 0 0.93225 0.0677498 
 ----> 1.3#6.6#4.0#14.0#VAR 92 0 0.927688 0.0723122 
 ----> 1.3#6.6#4.0#14.0#VAR 93 0 0.9222 0.0778003 
 ----> 1.3#6.6#4.0#14.0#VAR 94 0 0.930023 0.0699773 
 ----> 1.3#6.6#4.0#14.0#VAR 95 1 0.920275 0.079725 
 ----> 1.3#6.6#4.0#14.0#VAR 96 0 0.928582 0.0714181 
 ----> 1.3#6.6#4.0#14.0#VAR 97 0 0.928124 0.0718755 
 ----> 1.3#6.6#4.0#14.0#VAR 98 0 0.923697 0.0763027 
 ----> 1.3#6.6#4.0#14.0#VAR 99 0 0.929845 0.0701546 
 ----> 1.3#6.6#4.0#14.0#VAR 100 0 0.921694 0.078306 
 ----> 1.3#6.6#4.0#14.0#VAR 101 0 0.920327 0.0796731 
 ----> 1.3#6.6#4.0#14.0#VAR 102 0 0.927388 0.0726117 
 ----> 1.3#6.6#4.0#14.0#VAR 103 0 0.928227 0.0717729 
 ----> 1.3#6.6#4.0#14.0#VAR 104 1 0.918109 0.081891 
 ----> 1.3#6.6#4.0#14.0#VAR 105 0 0.928108 0.0718918 
 ----> 1.3#6.6#4.0#14.0#VAR 106 0 0.927379 0.0726206 
 ----> 1.3#6.6#4.0#14.0#VAR 107 0 0.929032 0.0709675 
 ----> 1.3#6.6#4.0#14.0#VAR 108 0 0.927546 0.0724544 
 ----> 1.3#6.6#4.0#14.0#VAR 109 0 0.922922 0.0770784 
 ----> 1.3#6.6#4.0#14.0#VAR 110 0 0.91836 0.0816398 
 ----> 1.3#6.6#4.0#14.0#VAR 111 0 0.925912 0.0740885 
 ----> 1.3#6.6#4.0#14.0#VAR 112 0 0.931666 0.0683339 
 ----> 1.3#6.6#4.0#14.0#VAR 113 0 0.925262 0.0747376 
 ----> 1.3#6.6#4.0#14.0#VAR 114 0 0.931171 0.0688292 
 ----> 1.3#6.6#4.0#14.0#VAR 115 1 0.917275 0.0827247 
 ----> 1.3#6.6#4.0#14.0#VAR 116 0 0.924176 0.0758238 
 ----> 1.3#6.6#4.0#14.0#VAR 117 0 0.928248 0.0717517 
 ----> 1.3#6.6#4.0#14.0#VAR 118 0 0.92581 0.0741897 
 ----> 1.3#6.6#4.0#14.0#VAR 119 0 0.923993 0.0760066 
 ----> 1.3#6.6#4.0#14.0#VAR 120 0 0.925281 0.0747195 
 ----> 1.3#6.6#4.0#14.0#VAR 121 1 0.922758 0.0772419 
 ----> 1.3#6.6#4.0#14.0#VAR 122 0 0.928046 0.0719544 
 ----> 1.3#6.6#4.0#14.0#VAR 123 0 0.930391 0.0696091 
 ----> 1.3#6.6#4.0#14.0#VAR 124 0 0.920578 0.0794215 
 ----> 1.3#6.6#4.0#14.0#VAR 125 0 0.919564 0.0804357 
 ----> 1.3#6.6#4.0#14.0#VAR 126 0 0.924779 0.0752206 
 ----> 1.3#6.6#4.0#14.0#VAR 127 0 0.925016 0.0749838 
 ----> 1.3#6.6#4.0#14.0#VAR 128 0 0.91993 0.0800704 
 ----> 1.3#6.6#4.0#14.0#VAR 129 0 0.925343 0.0746575 
 ----> 1.3#6.6#4.0#14.0#VAR 130 0 0.925275 0.0747252 
 ----> 1.3#6.6#4.0#14.0#VAR 131 0 0.928127 0.0718727 
 ----> 1.3#6.6#4.0#14.0#VAR 132 0 0.924714 0.0752855 
 ----> 1.3#6.6#4.0#14.0#VAR 133 0 0.924451 0.0755485 
 ----> 1.3#6.6#4.0#14.0#VAR 134 0 0.924684 0.0753164 
 ----> 1.3#6.6#4.0#14.0#VAR 135 0 0.92866 0.0713396 
 ----> 1.3#6.6#4.0#14.0#VAR 136 0 0.926921 0.0730786 
 ----> 1.3#6.6#4.0#14.0#VAR 137 0 0.928344 0.0716562 
 ----> 1.3#6.6#4.0#14.0#VAR 138 0 0.926488 0.0735121 
 ----> 1.3#6.6#4.0#14.0#VAR 139 0 0.927023 0.0729766 
 ----> 1.3#6.6#4.0#14.0#VAR 140 0 0.927722 0.0722783 
 ----> 1.3#6.6#4.0#14.0#VAR 141 0 0.930817 0.0691831 
 ----> 1.3#6.6#4.0#14.0#VAR 142 0 0.921733 0.0782668 
 ----> 1.3#6.6#4.0#14.0#VAR 143 0 0.930061 0.069939 
 ----> 1.3#6.6#4.0#14.0#VAR 144 0 0.927631 0.0723687 
 ----> 1.3#6.6#4.0#14.0#VAR 145 0 0.916507 0.0834932 
 ----> 1.3#6.6#4.0#14.0#VAR 146 0 0.931084 0.0689161 
 ----> 1.3#6.6#4.0#14.0#VAR 147 0 0.931857 0.0681429 
 ----> 1.3#6.6#4.0#14.0#VAR 148 1 0.91082 0.0891802 
 ----> 1.3#6.6#4.0#14.0#VAR 149 0 0.92225 0.0777496 
 ----> 1.3#6.6#4.0#14.0#VAR 150 0 0.926213 0.0737872 
 ----> 1.3#6.6#4.0#14.0#VAR 151 0 0.927232 0.0727683 
 ----> 1.3#6.6#4.0#14.0#VAR 152 0 0.929898 0.0701018 
 ----> 1.3#6.6#4.0#14.0#VAR 153 0 0.928682 0.0713178 
 ----> 1.3#6.6#4.0#14.0#VAR 154 0 0.929647 0.0703531 
 ----> 1.3#6.6#4.0#14.0#VAR 155 0 0.920326 0.0796736 
 ----> 1.3#6.6#4.0#14.0#VAR 156 0 0.92374 0.0762601 
 ----> 1.3#6.6#4.0#14.0#VAR 157 0 0.925008 0.0749917 
 ----> 1.3#6.6#4.0#14.0#VAR 158 0 0.925196 0.0748039 
 ----> 1.3#6.6#4.0#14.0#VAR 159 0 0.929865 0.0701354 
 ----> 1.3#6.6#4.0#14.0#VAR 160 0 0.92133 0.0786699 
 ----> 1.3#6.6#4.0#14.0#VAR 161 0 0.931925 0.0680746 
 ----> 1.3#6.6#4.0#14.0#VAR 162 1 0.921581 0.0784192 
 ----> 1.3#6.6#4.0#14.0#VAR 163 0 0.930717 0.0692832 
 ----> 1.3#6.6#4.0#14.0#VAR 164 0 0.923657 0.0763431 
 ----> 1.3#6.6#4.0#14.0#VAR 165 0 0.922742 0.0772577 
 ----> 1.3#6.6#4.0#14.0#VAR 166 0 0.930758 0.069242 
 ----> 1.3#6.6#4.0#14.0#VAR 167 0 0.921591 0.0784092 
 ----> 1.3#6.6#4.0#14.0#VAR 168 0 0.930199 0.0698014 
 ----> 1.3#6.6#4.0#14.0#VAR 169 0 0.924896 0.0751039 
 ----> 1.3#6.6#4.0#14.0#VAR 170 0 0.923946 0.0760545 
 ----> 1.3#6.6#4.0#14.0#VAR 171 0 0.927073 0.0729274 
 ----> 1.3#6.6#4.0#14.0#VAR 172 1 0.916149 0.0838509 
 ----> 1.3#6.6#4.0#14.0#VAR 173 0 0.927212 0.0727883 
 ----> 1.3#6.6#4.0#14.0#VAR 174 0 0.927534 0.0724663 
 ----> 1.3#6.6#4.0#14.0#VAR 175 0 0.92428 0.0757196 
 ----> 1.3#6.6#4.0#14.0#VAR 176 0 0.92607 0.0739301 
 ----> 1.3#6.6#4.0#14.0#VAR 177 0 0.921798 0.0782023 
 ----> 1.3#6.6#4.0#14.0#VAR 178 0 0.926784 0.0732157 
 ----> 1.3#6.6#4.0#14.0#VAR 179 0 0.923198 0.076802 
 ----> 1.3#6.6#4.0#14.0#VAR 180 0 0.922336 0.0776638 
 ----> 1.3#6.6#4.0#14.0#VAR 181 0 0.9204 0.0795998 
 ----> 1.3#6.6#4.0#14.0#VAR 182 0 0.927198 0.0728017 
 ----> 1.3#6.6#4.0#14.0#VAR 183 0 0.926483 0.0735172 
 ----> 1.3#6.6#4.0#14.0#VAR 184 0 0.924016 0.0759845 
 ----> 1.3#6.6#4.0#14.0#VAR 185 0 0.929454 0.0705461 
 ----> 1.3#6.6#4.0#14.0#VAR 186 0 0.928629 0.0713706 
 ----> 1.3#6.6#4.0#14.0#VAR 187 0 0.923549 0.0764515 
 ----> 1.3#6.6#4.0#14.0#VAR 188 1 0.908876 0.0911241 
 ----> 1.3#6.6#4.0#14.0#VAR 189 0 0.924302 0.075698 
 ----> 1.3#6.6#4.0#14.0#VAR 190 0 0.917429 0.0825711 
 ----> 1.3#6.6#4.0#14.0#VAR 191 0 0.930509 0.069491 
 ----> 1.3#6.6#4.0#14.0#VAR 192 0 0.934548 0.0654522 
 ----> 1.3#6.6#4.0#14.0#VAR 193 0 0.925703 0.074297 
 ----> 1.3#6.6#4.0#14.0#VAR 194 0 0.928792 0.0712082 
 ----> 1.3#6.6#4.0#14.0#VAR 195 0 0.929647 0.0703533 
 ----> 1.3#6.6#4.0#14.0#VAR 196 0 0.926873 0.0731275 
 ----> 1.3#6.6#4.0#14.0#VAR 197 0 0.930413 0.0695867 
 ----> 1.3#6.6#4.0#14.0#VAR 198 0 0.925314 0.0746862 
 ----> 1.3#6.6#4.0#14.0#VAR 199 0 0.92374 0.0762602 
 ----> 1.3#6.6#4.0#14.0#VAR 200 0 0.928977 0.0710227 
 ----> 1.3#6.6#4.0#14.0#VAR 201 0 0.932222 0.0677779 
 ----> 1.3#6.6#4.0#14.0#VAR 202 0 0.930793 0.0692065 
 ----> 1.3#6.6#4.0#14.0#VAR 203 0 0.924379 0.0756209 
 ----> 1.3#6.6#4.0#14.0#VAR 204 0 0.926168 0.0738321 
 ----> 1.3#6.6#4.0#14.0#VAR 205 0 0.921995 0.0780049 
 ----> 1.3#6.6#4.0#14.0#VAR 206 0 0.924143 0.0758565 
 ----> 1.3#6.6#4.0#14.0#VAR 207 0 0.927816 0.0721844 
 ----> 1.3#6.6#4.0#14.0#VAR 208 0 0.928232 0.0717684 
 ----> 1.3#6.6#4.0#14.0#VAR 209 0 0.934168 0.065832 
 ----> 1.3#6.6#4.0#14.0#VAR 210 0 0.927986 0.0720139 
 ----> 1.3#6.6#4.0#14.0#VAR 211 0 0.924215 0.0757855 
 ----> 1.3#6.6#4.0#14.0#VAR 212 0 0.922401 0.0775993 
 ----> 1.3#6.6#4.0#14.0#VAR 213 0 0.931914 0.0680865 
 ----> 1.3#6.6#4.0#14.0#VAR 214 0 0.924878 0.0751216 
 ----> 1.3#6.6#4.0#14.0#VAR 215 0 0.928048 0.0719521 
 ----> 1.3#6.6#4.0#14.0#VAR 216 0 0.928667 0.0713334 
 ----> 1.3#6.6#4.0#14.0#VAR 217 0 0.921984 0.0780163 
 ----> 1.3#6.6#4.0#14.0#VAR 218 0 0.934971 0.0650293 
 ----> 1.3#6.6#4.0#14.0#VAR 219 0 0.930897 0.0691031 
 ----> 1.3#6.6#4.0#14.0#VAR 220 1 0.917367 0.0826331 
 ----> 1.3#6.6#4.0#14.0#VAR 221 0 0.923096 0.0769043 
 ----> 1.3#6.6#4.0#14.0#VAR 222 0 0.928246 0.0717538 
 ----> 1.3#6.6#4.0#14.0#VAR 223 0 0.929897 0.0701025 
 ----> 1.3#6.6#4.0#14.0#VAR 224 0 0.928124 0.0718762 
 ----> 1.3#6.6#4.0#14.0#VAR 225 0 0.925522 0.0744782 
 ----> 1.3#6.6#4.0#14.0#VAR 226 0 0.925697 0.0743026 
 ----> 1.3#6.6#4.0#14.0#VAR 227 0 0.928649 0.0713515 
 ----> 1.3#6.6#4.0#14.0#VAR 228 1 0.92379 0.0762099 
 ----> 1.3#6.6#4.0#14.0#VAR 229 0 0.934189 0.0658108 
 ----> 1.3#6.6#4.0#14.0#VAR 230 0 0.93151 0.0684902 
 ----> 1.3#6.6#4.0#14.0#VAR 231 0 0.92345 0.0765501 
 ----> 1.3#6.6#4.0#14.0#VAR 232 0 0.927702 0.072298 
 ----> 1.3#6.6#4.0#14.0#VAR 233 0 0.925939 0.074061 
 ----> 1.3#6.6#4.0#14.0#VAR 234 0 0.924976 0.0750244 
 ----> 1.3#6.6#4.0#14.0#VAR 235 0 0.924678 0.0753225 
 ----> 1.3#6.6#4.0#14.0#VAR 236 0 0.926097 0.073903 
 ----> 1.3#6.6#4.0#14.0#VAR 237 0 0.925004 0.0749963 
 ----> 1.3#6.6#4.0#14.0#VAR 238 0 0.933267 0.0667334 
 ----> 1.3#6.6#4.0#14.0#VAR 239 0 0.9313 0.0686998 
 ----> 1.3#6.6#4.0#14.0#VAR 240 0 0.924515 0.0754854 
 ----> 1.3#6.6#4.0#14.0#VAR 241 0 0.923867 0.0761327 
 ----> 1.3#6.6#4.0#14.0#VAR 242 0 0.929899 0.0701012 
 ----> 1.3#6.6#4.0#14.0#VAR 243 0 0.921495 0.0785047 
 ----> 1.3#6.6#4.0#14.0#VAR 244 0 0.923838 0.0761616 
 ----> 1.3#6.6#4.0#14.0#VAR 245 0 0.931353 0.0686467 
 ----> 1.3#6.6#4.0#14.0#VAR 246 0 0.923332 0.0766676 
 ----> 1.3#6.6#4.0#14.0#VAR 247 0 0.93186 0.0681401 
 ----> 1.3#6.6#4.0#14.0#VAR 248 0 0.933379 0.0666215 
 ----> 1.3#6.6#4.0#14.0#VAR 249 0 0.925818 0.0741819 
 ----> 1.3#6.6#4.0#14.0#VAR 250 0 0.928567 0.0714326 
 ----> 1.3#6.6#4.0#14.0#VAR 251 0 0.914064 0.0859363 
 ----> 1.3#6.6#4.0#14.0#VAR 252 0 0.920711 0.079289 
 ----> 1.3#6.6#4.0#14.0#VAR 253 0 0.925165 0.0748345 
 ----> 1.3#6.6#4.0#14.0#VAR 254 0 0.923725 0.0762745 
 ----> 1.3#6.6#4.0#14.0#VAR 255 0 0.922218 0.0777821 
 ----> 1.3#6.6#4.0#14.0#VAR 256 0 0.931 0.0690004 
 ----> 1.3#6.6#4.0#14.0#VAR 257 0 0.925962 0.0740376 
 ----> 1.3#6.6#4.0#14.0#VAR 258 0 0.924589 0.0754107 
 ----> 1.3#6.6#4.0#14.0#VAR 259 0 0.928558 0.0714422 
 ----> 1.3#6.6#4.0#14.0#VAR 260 0 0.924644 0.0753565 
 ----> 1.3#6.6#4.0#14.0#VAR 261 0 0.928856 0.0711443 
 ----> 1.3#6.6#4.0#14.0#VAR 262 0 0.931994 0.0680058 
 ----> 1.3#6.6#4.0#14.0#VAR 263 0 0.93165 0.0683497 
 ----> 1.3#6.6#4.0#14.0#VAR 264 0 0.930269 0.0697312 
 ----> 1.3#6.6#4.0#14.0#VAR 265 0 0.930138 0.0698623 
 ----> 1.3#6.6#4.0#14.0#VAR 266 0 0.933951 0.0660494 
 ----> 1.3#6.6#4.0#14.0#VAR 267 0 0.912847 0.0871527 
 ----> 1.3#6.6#4.0#14.0#VAR 268 0 0.930139 0.0698605 
 ----> 1.3#6.6#4.0#14.0#VAR 269 0 0.918614 0.0813863 
 ----> 1.3#6.6#4.0#14.0#VAR 270 0 0.924617 0.0753833 
 ----> 1.3#6.6#4.0#14.0#VAR 271 1 0.92105 0.0789496 
 ----> 1.3#6.6#4.0#14.0#VAR 272 0 0.918155 0.081845 
 ----> 1.3#6.6#4.0#14.0#VAR 273 0 0.928862 0.0711377 
 ----> 1.3#6.6#4.0#14.0#VAR 274 1 0.921368 0.0786318 
 ----> 1.3#6.6#4.0#14.0#VAR 275 0 0.928252 0.0717482 
 ----> 1.3#6.6#4.0#14.0#VAR 276 0 0.927199 0.0728014 
 ----> 1.3#6.6#4.0#14.0#VAR 277 0 0.92521 0.0747896 
 ----> 1.3#6.6#4.0#14.0#VAR 278 0 0.928978 0.071022 
 ----> 1.3#6.6#4.0#14.0#VAR 279 0 0.933604 0.0663956 
 ----> 1.3#6.6#4.0#14.0#VAR 280 0 0.92345 0.0765503 
 ----> 1.3#6.6#4.0#14.0#VAR 281 0 0.927675 0.0723248 
 ----> 1.3#6.6#4.0#14.0#VAR 282 0 0.925811 0.0741888 
 ----> 1.3#6.6#4.0#14.0#VAR 283 0 0.927706 0.0722944 
 ----> 1.3#6.6#4.0#14.0#VAR 284 0 0.929041 0.0709587 
 ----> 1.3#6.6#4.0#14.0#VAR 285 0 0.925091 0.0749093 
 ----> 1.3#6.6#4.0#14.0#VAR 286 0 0.928045 0.0719553 
 ----> 1.3#6.6#4.0#14.0#VAR 287 0 0.925841 0.0741587 
 ----> 1.3#6.6#4.0#14.0#VAR 288 0 0.93044 0.0695602 
 ----> 1.3#6.6#4.0#14.0#VAR 289 0 0.922416 0.0775842 
 ----> 1.3#6.6#4.0#14.0#VAR 290 0 0.92109 0.0789101 
 ----> 1.3#6.6#4.0#14.0#VAR 291 0 0.929221 0.0707788 
 ----> 1.3#6.6#4.0#14.0#VAR 292 0 0.927497 0.0725033 
 ----> 1.3#6.6#4.0#14.0#VAR 293 0 0.927514 0.0724859 
 ----> 1.3#6.6#4.0#14.0#VAR 294 0 0.923812 0.0761878 
 ----> 1.3#6.6#4.0#14.0#VAR 295 0 0.926399 0.0736015 
 ----> 1.3#6.6#4.0#14.0#VAR 296 0 0.923017 0.0769831 
 ----> 1.3#6.6#4.0#14.0#VAR 297 0 0.925342 0.0746584 
 ----> 1.3#6.6#4.0#14.0#VAR 298 0 0.921023 0.078977 
 ----> 1.3#6.6#4.0#14.0#VAR 299 0 0.934946 0.0650536 
 ----> 1.3#6.6#4.0#14.0#VAR 300 0 0.921284 0.078716 
 ----> 1.3#6.6#4.0#14.0#VAR 301 0 0.929167 0.0708329 
 ----> 1.3#6.6#4.0#14.0#VAR 302 0 0.93016 0.0698398 
 ----> 1.3#6.6#4.0#14.0#VAR 303 0 0.923131 0.0768688 
 ----> 1.3#6.6#4.0#14.0#VAR 304 0 0.923207 0.076793 
 ----> 1.3#6.6#4.0#14.0#VAR 305 0 0.935338 0.0646615 
 ----> 1.3#6.6#4.0#14.0#VAR 306 0 0.919028 0.0809719 
 ----> 1.3#6.6#4.0#14.0#VAR 307 0 0.926444 0.0735561 
 ----> 1.3#6.6#4.0#14.0#VAR 308 0 0.928907 0.071093 
 ----> 1.3#6.6#4.0#14.0#VAR 309 0 0.925744 0.0742565 
 ----> 1.3#6.6#4.0#14.0#VAR 310 0 0.919026 0.0809743 
 ----> 1.3#6.6#4.0#14.0#VAR 311 0 0.929925 0.0700752 
 ----> 1.3#6.6#4.0#14.0#VAR 312 0 0.922797 0.0772029 
 ----> 1.3#6.6#4.0#14.0#VAR 313 0 0.931297 0.0687027 
 ----> 1.3#6.6#4.0#14.0#VAR 314 0 0.923247 0.0767528 
 ----> 1.3#6.6#4.0#14.0#VAR 315 0 0.925222 0.0747785 
 ----> 1.3#6.6#4.0#14.0#VAR 316 0 0.92342 0.0765797 
 ----> 1.3#6.6#4.0#14.0#VAR 317 0 0.92504 0.0749603 
 ----> 1.3#6.6#4.0#14.0#VAR 318 0 0.927492 0.0725085 
 ----> 1.3#6.6#4.0#14.0#VAR 319 0 0.929009 0.0709908 
 ----> 1.3#6.6#4.0#14.0#VAR 320 0 0.923472 0.0765282 
 ----> 1.3#6.6#4.0#14.0#VAR 321 0 0.930844 0.0691559 
 ----> 1.3#6.6#4.0#14.0#VAR 322 0 0.929139 0.0708607 
 ----> 1.3#6.6#4.0#14.0#VAR 323 0 0.929137 0.0708631 
 ----> 1.3#6.6#4.0#14.0#VAR 324 0 0.926565 0.073435 
 ----> 1.3#6.6#4.0#14.0#VAR 325 0 0.929062 0.0709383 
 ----> 1.3#6.6#4.0#14.0#VAR 326 0 0.928893 0.0711071 
 ----> 1.3#6.6#4.0#14.0#VAR 327 0 0.923795 0.0762053 
 ----> 1.3#6.6#4.0#14.0#VAR 328 0 0.932328 0.0676724 
 ----> 1.3#6.6#4.0#14.0#VAR 329 0 0.922017 0.0779834 
 ----> 1.3#6.6#4.0#14.0#VAR 330 0 0.921365 0.0786345 
 ----> 1.3#6.6#4.0#14.0#VAR 331 0 0.9286 0.0714001 
 ----> 1.3#6.6#4.0#14.0#VAR 332 0 0.919699 0.0803009 
 ----> 1.3#6.6#4.0#14.0#VAR 333 0 0.918759 0.081241 
 ----> 1.3#6.6#4.0#14.0#VAR 334 0 0.928558 0.0714419 
 ----> 1.3#6.6#4.0#14.0#VAR 335 0 0.926874 0.073126 
 ----> 1.3#6.6#4.0#14.0#VAR 336 0 0.929007 0.0709929 
 ----> 1.3#6.6#4.0#14.0#VAR 337 0 0.931542 0.0684577 
 ----> 1.3#6.6#4.0#14.0#VAR 338 0 0.924973 0.0750273 
 ----> 1.3#6.6#4.0#14.0#VAR 339 0 0.927901 0.0720994 
 ----> 1.3#6.6#4.0#14.0#VAR 340 0 0.929278 0.0707221 
 ----> 1.3#6.6#4.0#14.0#VAR 341 0 0.924329 0.0756709 
 ----> 1.3#6.6#4.0#14.0#VAR 342 0 0.925456 0.074544 
 ----> 1.3#6.6#4.0#14.0#VAR 343 0 0.925991 0.0740086 
 ----> 1.3#6.6#4.0#14.0#VAR 344 1 0.914397 0.0856027 
 ----> 1.3#6.6#4.0#14.0#VAR 345 0 0.919979 0.0800205 
 ----> 1.3#6.6#4.0#14.0#VAR 346 1 0.9085 0.0914997 
 ----> 1.3#6.6#4.0#14.0#VAR 347 0 0.928852 0.0711481 
 ----> 1.3#6.6#4.0#14.0#VAR 348 0 0.930289 0.0697113 
 ----> 1.3#6.6#4.0#14.0#VAR 349 0 0.925564 0.0744362 
 ----> 1.3#6.6#4.0#14.0#VAR 350 0 0.925185 0.0748146 
 ----> 1.3#6.6#4.0#14.0#VAR 351 0 0.924279 0.0757214 
 ----> 1.3#6.6#4.0#14.0#VAR 352 0 0.919929 0.0800711 
 ----> 1.3#6.6#4.0#14.0#VAR 353 0 0.932458 0.0675418 
 ----> 1.3#6.6#4.0#14.0#VAR 354 0 0.922975 0.0770252 
 ----> 1.3#6.6#4.0#14.0#VAR 355 0 0.929728 0.0702722 
 ----> 1.3#6.6#4.0#14.0#VAR 356 0 0.926566 0.0734335 
 ----> 1.3#6.6#4.0#14.0#VAR 357 0 0.923195 0.0768053 
 ----> 1.3#6.6#4.0#14.0#VAR 358 0 0.924809 0.075191 
 ----> 1.3#6.6#4.0#14.0#VAR 359 0 0.921617 0.0783834 
 ----> 1.3#6.6#4.0#14.0#VAR 360 0 0.926573 0.0734272 
 ----> 1.3#6.6#4.0#14.0#VAR 361 0 0.921049 0.0789506 
 ----> 1.3#6.6#4.0#14.0#VAR 362 0 0.919924 0.0800764 
 ----> 1.3#6.6#4.0#14.0#VAR 363 0 0.923832 0.0761683 
 ----> 1.3#6.6#4.0#14.0#VAR 364 0 0.923759 0.0762412 
 ----> 1.3#6.6#4.0#14.0#VAR 365 0 0.925567 0.0744331 
 ----> 1.3#6.6#4.0#14.0#VAR 366 0 0.918209 0.0817912 
 ----> 1.3#6.6#4.0#14.0#VAR 367 1 0.919753 0.0802471 
 ----> 1.3#6.6#4.0#14.0#VAR 368 0 0.920589 0.0794113 
 ----> 1.3#6.6#4.0#14.0#VAR 369 0 0.919429 0.0805709 
 ----> 1.3#6.6#4.0#14.0#VAR 370 0 0.9216 0.0784004 
 ----> 1.3#6.6#4.0#14.0#VAR 371 0 0.924013 0.0759867 
 ----> 1.3#6.6#4.0#14.0#VAR 372 0 0.919807 0.080193 
 ----> 1.3#6.6#4.0#14.0#VAR 373 0 0.933967 0.0660331 
 ----> 1.3#6.6#4.0#14.0#VAR 374 0 0.921074 0.0789259 
 ----> 1.3#6.6#4.0#14.0#VAR 375 0 0.922492 0.0775079 
 ----> 1.3#6.6#4.0#14.0#VAR 376 0 0.928375 0.0716247 
 ----> 1.3#6.6#4.0#14.0#VAR 377 1 0.916186 0.0838141 
 ----> 1.3#6.6#4.0#14.0#VAR 378 1 0.908831 0.0911688 
 ----> 1.3#6.6#4.0#14.0#VAR 379 0 0.9236 0.0764003 
 ----> 1.3#6.6#4.0#14.0#VAR 380 1 0.913901 0.0860985 
 ----> 1.3#6.6#4.0#14.0#VAR 381 0 0.91933 0.08067 
 ----> 1.3#6.6#4.0#14.0#VAR 382 0 0.92233 0.0776698 
 ----> 1.3#6.6#4.0#14.0#VAR 383 0 0.923502 0.0764984 
 ----> 1.3#6.6#4.0#14.0#VAR 384 0 0.930102 0.0698982 
 ----> 1.3#6.6#4.0#14.0#VAR 385 1 0.911622 0.0883779 
 ----> 1.3#6.6#4.0#14.0#VAR 386 0 0.91499 0.0850101 
 ----> 1.3#6.6#4.0#14.0#VAR 387 0 0.929779 0.0702207 
 ----> 1.3#6.6#4.0#14.0#VAR 388 0 0.926427 0.073573 
 ----> 1.3#6.6#4.0#14.0#VAR 389 0 0.929667 0.0703328 
 ----> 1.3#6.6#4.0#14.0#VAR 390 0 0.923525 0.0764748 
 ----> 1.3#6.6#4.0#14.0#VAR 391 0 0.926445 0.0735549 
 ----> 1.3#6.6#4.0#14.0#VAR 392 0 0.924601 0.0753988 
 ----> 1.3#6.6#4.0#14.0#VAR 393 0 0.92527 0.0747297 
 ----> 1.3#6.6#4.0#14.0#VAR 394 0 0.925616 0.0743845 
 ----> 1.3#6.6#4.0#14.0#VAR 395 0 0.923351 0.0766493 
 ----> 1.3#6.6#4.0#14.0#VAR 396 1 0.913093 0.0869073 
 ----> 1.3#6.6#4.0#14.0#VAR 397 0 0.927027 0.0729725 
 ----> 1.3#6.6#4.0#14.0#VAR 398 0 0.93102 0.0689805 
 ----> 1.3#6.6#4.0#14.0#VAR 399 1 0.917556 0.0824444 
 ----> 1.3#6.6#4.0#14.0#VAR 400 0 0.92502 0.07498 
 ----> 1.3#6.6#4.0#14.0#VAR 401 0 0.925085 0.0749146 
 ----> 1.3#6.6#4.0#14.0#VAR 402 1 0.91703 0.0829697 
 ----> 1.3#6.6#4.0#14.0#VAR 403 0 0.925279 0.0747211 
 ----> 1.3#6.6#4.0#14.0#VAR 404 0 0.926112 0.0738882 
 ----> 1.3#6.6#4.0#14.0#VAR 405 0 0.921381 0.078619 
 ----> 1.3#6.6#4.0#14.0#VAR 406 0 0.930873 0.0691268 
 ----> 1.3#6.6#4.0#14.0#VAR 407 0 0.925782 0.0742182 
 ----> 1.3#6.6#4.0#14.0#VAR 408 0 0.923885 0.076115 
 ----> 1.3#6.6#4.0#14.0#VAR 409 0 0.926902 0.0730984 
 ----> 1.3#6.6#4.0#14.0#VAR 410 0 0.927728 0.0722723 
 ----> 1.3#6.6#4.0#14.0#VAR 411 0 0.915649 0.0843511 
 ----> 1.3#6.6#4.0#14.0#VAR 412 0 0.927093 0.072907 
 ----> 1.3#6.6#4.0#14.0#VAR 413 0 0.923712 0.0762878 
 ----> 1.3#6.6#4.0#14.0#VAR 414 0 0.926004 0.0739957 
 ----> 1.3#6.6#4.0#14.0#VAR 415 0 0.927299 0.0727009 
 ----> 1.3#6.6#4.0#14.0#VAR 416 0 0.921369 0.0786305 
 ----> 1.3#6.6#4.0#14.0#VAR 417 0 0.919808 0.0801919 
 ----> 1.3#6.6#4.0#14.0#VAR 418 0 0.93337 0.0666296 
 ----> 1.3#6.6#4.0#14.0#VAR 419 0 0.923588 0.0764122 
 ----> 1.3#6.6#4.0#14.0#VAR 420 0 0.926446 0.0735539 
 ----> 1.3#6.6#4.0#14.0#VAR 421 0 0.929201 0.0707992 
 ----> 1.3#6.6#4.0#14.0#VAR 422 0 0.926328 0.0736717 
 ----> 1.3#6.6#4.0#14.0#VAR 423 0 0.924736 0.0752644 
 ----> 1.3#6.6#4.0#14.0#VAR 424 0 0.922721 0.0772792 
 ----> 1.3#6.6#4.0#14.0#VAR 425 0 0.918486 0.0815141 
 ----> 1.3#6.6#4.0#14.0#VAR 426 0 0.922969 0.0770313 
 ----> 1.3#6.6#4.0#14.0#VAR 427 1 0.922967 0.0770331 
 ----> 1.3#6.6#4.0#14.0#VAR 428 0 0.924022 0.0759777 
 ----> 1.3#6.6#4.0#14.0#VAR 429 0 0.932506 0.0674942 
 ----> 1.3#6.6#4.0#14.0#VAR 430 0 0.927279 0.0727206 
 ----> 1.3#6.6#4.0#14.0#VAR 431 0 0.923042 0.0769581 
 ----> 1.3#6.6#4.0#14.0#VAR 432 0 0.922218 0.0777815 
 ----> 1.3#6.6#4.0#14.0#VAR 433 0 0.921097 0.0789035 
 ----> 1.3#6.6#4.0#14.0#VAR 434 0 0.924535 0.0754654 
 ----> 1.3#6.6#4.0#14.0#VAR 435 0 0.920181 0.079819 
 ----> 1.3#6.6#4.0#14.0#VAR 436 0 0.92599 0.0740104 
 ----> 1.3#6.6#4.0#14.0#VAR 437 0 0.929458 0.0705425 
 ----> 1.3#6.6#4.0#14.0#VAR 438 0 0.927876 0.0721239 
 ----> 1.3#6.6#4.0#14.0#VAR 439 0 0.928169 0.0718313 
 ----> 1.3#6.6#4.0#14.0#VAR 440 0 0.933435 0.0665647 
 ----> 1.3#6.6#4.0#14.0#VAR 441 0 0.927855 0.0721447 
 ----> 1.3#6.6#4.0#14.0#VAR 442 0 0.920837 0.0791627 
 ----> 1.3#6.6#4.0#14.0#VAR 443 0 0.925371 0.074629 
 ----> 1.3#6.6#4.0#14.0#VAR 444 0 0.930332 0.0696679 
 ----> 1.3#6.6#4.0#14.0#VAR 445 1 0.920187 0.0798127 
 ----> 1.3#6.6#4.0#14.0#VAR 446 0 0.923264 0.0767356 
 ----> 1.3#6.6#4.0#14.0#VAR 447 0 0.935226 0.0647739 
 ----> 1.3#6.6#4.0#14.0#VAR 448 0 0.929016 0.0709839 
 ----> 1.3#6.6#4.0#14.0#VAR 449 0 0.924385 0.075615 
 ----> 1.3#6.6#4.0#14.0#VAR 450 0 0.928073 0.0719267 
 ----> 1.3#6.6#4.0#14.0#VAR 451 1 0.916337 0.0836629 
 ----> 1.3#6.6#4.0#14.0#VAR 452 0 0.924551 0.0754489 
 ----> 1.3#6.6#4.0#14.0#VAR 453 0 0.925355 0.0746447 
 ----> 1.3#6.6#4.0#14.0#VAR 454 0 0.926398 0.0736021 
 ----> 1.3#6.6#4.0#14.0#VAR 455 0 0.928586 0.071414 
 ----> 1.3#6.6#4.0#14.0#VAR 456 0 0.931712 0.0682882 
 ----> 1.3#6.6#4.0#14.0#VAR 457 0 0.929096 0.0709041 
 ----> 1.3#6.6#4.0#14.0#VAR 458 0 0.927369 0.0726314 
 ----> 1.3#6.6#4.0#14.0#VAR 459 0 0.926325 0.0736745 
 ----> 1.3#6.6#4.0#14.0#VAR 460 0 0.925966 0.0740338 
 ----> 1.3#6.6#4.0#14.0#VAR 461 1 0.914798 0.0852016 
 ----> 1.3#6.6#4.0#14.0#VAR 462 0 0.927539 0.0724609 
 ----> 1.3#6.6#4.0#14.0#VAR 463 0 0.929328 0.0706717 
 ----> 1.3#6.6#4.0#14.0#VAR 464 0 0.934504 0.0654959 
 ----> 1.3#6.6#4.0#14.0#VAR 465 0 0.928762 0.0712383 
 ----> 1.3#6.6#4.0#14.0#VAR 466 0 0.928655 0.0713452 
 ----> 1.3#6.6#4.0#14.0#VAR 467 0 0.924109 0.0758914 
 ----> 1.3#6.6#4.0#14.0#VAR 468 0 0.930837 0.0691632 
 ----> 1.3#6.6#4.0#14.0#VAR 469 0 0.926941 0.0730592 
 ----> 1.3#6.6#4.0#14.0#VAR 470 0 0.927167 0.0728326 
 ----> 1.3#6.6#4.0#14.0#VAR 471 0 0.926409 0.0735913 
 ----> 1.3#6.6#4.0#14.0#VAR 472 0 0.926485 0.0735155 
 ----> 1.3#6.6#4.0#14.0#VAR 473 0 0.926485 0.0735149 
 ----> 1.3#6.6#4.0#14.0#VAR 474 0 0.925816 0.0741841 
 ----> 1.3#6.6#4.0#14.0#VAR 475 0 0.926944 0.0730562 
 ----> 1.3#6.6#4.0#14.0#VAR 476 0 0.923642 0.0763582 
 ----> 1.3#6.6#4.0#14.0#VAR 477 0 0.927485 0.0725146 
 ----> 1.3#6.6#4.0#14.0#VAR 478 0 0.923594 0.076406 
 ----> 1.3#6.6#4.0#14.0#VAR 479 0 0.930616 0.0693842 
 ----> 1.3#6.6#4.0#14.0#VAR 480 0 0.926348 0.0736524 
 ----> 1.3#6.6#4.0#14.0#VAR 481 0 0.923407 0.0765935 
 ----> 1.3#6.6#4.0#14.0#VAR 482 0 0.923748 0.0762525 
 ----> 1.3#6.6#4.0#14.0#VAR 483 0 0.931981 0.0680187 
 ----> 1.3#6.6#4.0#14.0#VAR 484 0 0.928924 0.0710758 
 ----> 1.3#6.6#4.0#14.0#VAR 485 0 0.928171 0.0718287 
 ----> 1.3#6.6#4.0#14.0#VAR 486 0 0.927587 0.0724132 
 ----> 1.3#6.6#4.0#14.0#VAR 487 0 0.92291 0.0770896 
 ----> 1.3#6.6#4.0#14.0#VAR 488 0 0.927224 0.0727762 
 ----> 1.3#6.6#4.0#14.0#VAR 489 0 0.919203 0.0807972 
 ----> 1.3#6.6#4.0#14.0#VAR 490 0 0.927023 0.0729768 
 ----> 1.3#6.6#4.0#14.0#VAR 491 0 0.929493 0.0705067 
 ----> 1.3#6.6#4.0#14.0#VAR 492 0 0.918598 0.0814024 
 ----> 1.3#6.6#4.0#14.0#VAR 493 0 0.924099 0.0759008 
 ----> 1.3#6.6#4.0#14.0#VAR 494 0 0.925504 0.0744961 
 ----> 1.3#6.6#4.0#14.0#VAR 495 0 0.925593 0.0744068 
 ----> 1.3#6.6#4.0#14.0#VAR 496 0 0.919471 0.0805287 
 ----> 1.3#6.6#4.0#14.0#VAR 497 0 0.9254 0.0746 
 ----> 1.3#6.6#4.0#14.0#VAR 498 0 0.923513 0.0764869 
 ----> 1.3#6.6#4.0#14.0#VAR 499 0 0.923913 0.0760874 
 ----> 1.3#6.6#4.0#14.0#VAR 500 0 0.921818 0.0781817 
 ----> 1.3#6.6#4.0#14.0#VAR 501 0 0.922579 0.0774209 
 ----> 1.3#6.6#4.0#14.0#VAR 502 0 0.928626 0.0713737 
 ----> 1.3#6.6#4.0#14.0#VAR 503 0 0.92344 0.0765597 
 ----> 1.3#6.6#4.0#14.0#VAR 504 0 0.922472 0.0775283 
 ----> 1.3#6.6#4.0#14.0#VAR 505 0 0.92563 0.0743704 
 ----> 1.3#6.6#4.0#14.0#VAR 506 0 0.921538 0.0784621 
 ----> 1.3#6.6#4.0#14.0#VAR 507 0 0.926497 0.0735034 
 ----> 1.3#6.6#4.0#14.0#VAR 508 0 0.921559 0.0784406 
 ----> 1.3#6.6#4.0#14.0#VAR 509 0 0.920037 0.0799628 
 ----> 1.3#6.6#4.0#14.0#VAR 510 0 0.926817 0.0731833 
 ----> 1.3#6.6#4.0#14.0#VAR 511 0 0.923916 0.0760843 
 ----> 1.3#6.6#4.0#14.0#VAR 512 0 0.923293 0.0767073 
 ----> 1.3#6.6#4.0#14.0#VAR 513 0 0.926411 0.0735895 
 ----> 1.3#6.6#4.0#14.0#VAR 514 0 0.925623 0.0743766 
 ----> 1.3#6.6#4.0#14.0#VAR 515 0 0.926016 0.0739839 
 ----> 1.3#6.6#4.0#14.0#VAR 516 0 0.929032 0.0709681 
 ----> 1.3#6.6#4.0#14.0#VAR 517 0 0.917558 0.0824419 
 ----> 1.3#6.6#4.0#14.0#VAR 518 0 0.923765 0.0762348 
 ----> 1.3#6.6#4.0#14.0#VAR 519 0 0.923422 0.0765778 
 ----> 1.3#6.6#4.0#14.0#VAR 520 0 0.923052 0.0769477 
 ----> 1.3#6.6#4.0#14.0#VAR 521 0 0.933242 0.0667577 
 ----> 1.3#6.6#4.0#14.0#VAR 522 0 0.924252 0.0757483 
 ----> 1.3#6.6#4.0#14.0#VAR 523 0 0.928466 0.0715337 
 ----> 1.3#6.6#4.0#14.0#VAR 524 0 0.934763 0.0652366 
 ----> 1.3#6.6#4.0#14.0#VAR 525 0 0.936163 0.0638369 
 ----> 1.3#6.6#4.0#14.0#VAR 526 0 0.927299 0.0727014 
 ----> 1.3#6.6#4.0#14.0#VAR 527 0 0.932176 0.0678243 
 ----> 1.3#6.6#4.0#14.0#VAR 528 0 0.928645 0.0713549 
 ----> 1.3#6.6#4.0#14.0#VAR 529 0 0.925561 0.0744393 
 ----> 1.3#6.6#4.0#14.0#VAR 530 0 0.923493 0.076507 
 ----> 1.3#6.6#4.0#14.0#VAR 531 0 0.926635 0.0733654 
 ----> 1.3#6.6#4.0#14.0#VAR 532 0 0.931091 0.0689087 
 ----> 1.3#6.6#4.0#14.0#VAR 533 0 0.928728 0.0712719 
 ----> 1.3#6.6#4.0#14.0#VAR 534 0 0.929462 0.0705381 
 ----> 1.3#6.6#4.0#14.0#VAR 535 0 0.921313 0.0786871 
 ----> 1.3#6.6#4.0#14.0#VAR 536 0 0.928822 0.0711782 
 ----> 1.3#6.6#4.0#14.0#VAR 537 0 0.924219 0.0757809 
 ----> 1.3#6.6#4.0#14.0#VAR 538 0 0.926813 0.0731868 
 ----> 1.3#6.6#4.0#14.0#VAR 539 0 0.935365 0.0646348 
 ----> 1.3#6.6#4.0#14.0#VAR 540 0 0.928823 0.0711765 
 ----> 1.3#6.6#4.0#14.0#VAR 541 0 0.928702 0.0712983 
 ----> 1.3#6.6#4.0#14.0#VAR 542 0 0.926128 0.073872 
 ----> 1.3#6.6#4.0#14.0#VAR 543 0 0.919241 0.0807594 
 ----> 1.3#6.6#4.0#14.0#VAR 544 0 0.927729 0.0722712 
 ----> 1.3#6.6#4.0#14.0#VAR 545 0 0.928354 0.0716463 
 ----> 1.3#6.6#4.0#14.0#VAR 546 1 0.91721 0.0827903 
 ----> 1.3#6.6#4.0#14.0#VAR 547 0 0.920536 0.0794641 
 ----> 1.3#6.6#4.0#14.0#VAR 548 0 0.92927 0.07073 
 ----> 1.3#6.6#4.0#14.0#VAR 549 0 0.927727 0.0722727 
 ----> 1.3#6.6#4.0#14.0#VAR 550 0 0.924134 0.0758657 
 ----> 1.3#6.6#4.0#14.0#VAR 551 0 0.92828 0.0717203 
 ----> 1.3#6.6#4.0#14.0#VAR 552 0 0.925253 0.0747469 
 ----> 1.3#6.6#4.0#14.0#VAR 553 0 0.925827 0.0741734 
 ----> 1.3#6.6#4.0#14.0#VAR 554 0 0.92986 0.0701401 
 ----> 1.3#6.6#4.0#14.0#VAR 555 1 0.914531 0.0854687 
 ----> 1.3#6.6#4.0#14.0#VAR 556 0 0.928367 0.0716329 
 ----> 1.3#6.6#4.0#14.0#VAR 557 0 0.930337 0.0696628 
 ----> 1.3#6.6#4.0#14.0#VAR 558 0 0.926953 0.0730467 
 ----> 1.3#6.6#4.0#14.0#VAR 559 1 0.922985 0.0770154 
 ----> 1.3#6.6#4.0#14.0#VAR 560 0 0.932272 0.0677285 
 ----> 1.3#6.6#4.0#14.0#VAR 561 0 0.92784 0.0721596 
 ----> 1.3#6.6#4.0#14.0#VAR 562 0 0.929037 0.0709628 
 ----> 1.3#6.6#4.0#14.0#VAR 563 0 0.924773 0.0752275 
 ----> 1.3#6.6#4.0#14.0#VAR 564 0 0.93125 0.0687501 
 ----> 1.3#6.6#4.0#14.0#VAR 565 0 0.928025 0.0719752 
 ----> 1.3#6.6#4.0#14.0#VAR 566 0 0.9288 0.0711996 
 ----> 1.3#6.6#4.0#14.0#VAR 567 0 0.926451 0.073549 
 ----> 1.3#6.6#4.0#14.0#VAR 568 0 0.923368 0.0766322 
 ----> 1.3#6.6#4.0#14.0#VAR 569 0 0.922794 0.0772062 
 ----> 1.3#6.6#4.0#14.0#VAR 570 0 0.927274 0.0727255 
 ----> 1.3#6.6#4.0#14.0#VAR 571 0 0.927816 0.0721841 
 ----> 1.3#6.6#4.0#14.0#VAR 572 0 0.922151 0.0778493 
 ----> 1.3#6.6#4.0#14.0#VAR 573 0 0.926529 0.0734715 
 ----> 1.3#6.6#4.0#14.0#VAR 574 0 0.925347 0.0746528 
 ----> 1.3#6.6#4.0#14.0#VAR 575 0 0.925206 0.074794 
 ----> 1.3#6.6#4.0#14.0#VAR 576 0 0.932468 0.0675321 
 ----> 1.3#6.6#4.0#14.0#VAR 577 0 0.928538 0.0714621 
 ----> 1.3#6.6#4.0#14.0#VAR 578 1 0.917447 0.0825532 
 ----> 1.3#6.6#4.0#14.0#VAR 579 0 0.92458 0.07542 
 ----> 1.3#6.6#4.0#14.0#VAR 580 0 0.924952 0.0750483 
 ----> 1.3#6.6#4.0#14.0#VAR 581 0 0.920909 0.0790906 
 ----> 1.3#6.6#4.0#14.0#VAR 582 0 0.929929 0.0700712 
 ----> 1.3#6.6#4.0#14.0#VAR 583 0 0.925212 0.0747875 
 ----> 1.3#6.6#4.0#14.0#VAR 584 0 0.927702 0.0722976 
 ----> 1.3#6.6#4.0#14.0#VAR 585 0 0.924256 0.0757443 
 ----> 1.3#6.6#4.0#14.0#VAR 586 0 0.921973 0.0780274 
 ----> 1.3#6.6#4.0#14.0#VAR 587 0 0.922623 0.0773774 
 ----> 1.3#6.6#4.0#14.0#VAR 588 0 0.924127 0.0758729 
 ----> 1.3#6.6#4.0#14.0#VAR 589 0 0.919595 0.0804049 
 ----> 1.3#6.6#4.0#14.0#VAR 590 0 0.921613 0.0783873 
 ----> 1.3#6.6#4.0#14.0#VAR 591 0 0.922859 0.0771409 
 ----> 1.3#6.6#4.0#14.0#VAR 592 0 0.925067 0.0749333 
 ----> 1.3#6.6#4.0#14.0#VAR 593 0 0.919522 0.0804777 
 ----> 1.3#6.6#4.0#14.0#VAR 594 0 0.921918 0.0780824 
 ----> 1.3#6.6#4.0#14.0#VAR 595 0 0.925472 0.0745277 
 ----> 1.3#6.6#4.0#14.0#VAR 596 0 0.920846 0.0791536 
 ----> 1.3#6.6#4.0#14.0#VAR 597 0 0.923851 0.0761486 
 ----> 1.3#6.6#4.0#14.0#VAR 598 0 0.926609 0.0733907 
 ----> 1.3#6.6#4.0#14.0#VAR 599 0 0.9209 0.0791004 
 ----> 1.3#6.6#4.0#14.0#VAR 600 0 0.928538 0.0714616 
 ----> 1.3#6.6#4.0#14.0#VAR 601 0 0.922068 0.0779321 
 ----> 1.3#6.6#4.0#14.0#VAR 602 0 0.92161 0.0783902 
 ----> 1.3#6.6#4.0#14.0#VAR 603 1 0.912886 0.0871143 
 ----> 1.3#6.6#4.0#14.0#VAR 604 0 0.919286 0.0807137 
 ----> 1.3#6.6#4.0#14.0#VAR 605 0 0.913686 0.0863142 
 ----> 1.3#6.6#4.0#14.0#VAR 606 0 0.927503 0.0724968 
 ----> 1.3#6.6#4.0#14.0#VAR 607 0 0.927301 0.0726987 
 ----> 1.3#6.6#4.0#14.0#VAR 608 0 0.92423 0.0757702 
 ----> 1.3#6.6#4.0#14.0#VAR 609 0 0.91849 0.0815104 
 ----> 1.3#6.6#4.0#14.0#VAR 610 0 0.925534 0.0744662 
 ----> 1.3#6.6#4.0#14.0#VAR 611 0 0.912136 0.0878644 
 ----> 1.3#6.6#4.0#14.0#VAR 612 0 0.920346 0.0796542 
 ----> 1.3#6.6#4.0#14.0#VAR 613 0 0.920928 0.079072 
 ----> 1.3#6.6#4.0#14.0#VAR 614 0 0.924422 0.0755776 
 ----> 1.3#6.6#4.0#14.0#VAR 615 0 0.922982 0.0770175 
 ----> 1.3#6.6#4.0#14.0#VAR 616 0 0.924982 0.0750178 
 ----> 1.3#6.6#4.0#14.0#VAR 617 0 0.921073 0.0789275 
 ----> 1.3#6.6#4.0#14.0#VAR 618 0 0.923681 0.0763194 
 ----> 1.3#6.6#4.0#14.0#VAR 619 0 0.926095 0.0739048 
 ----> 1.3#6.6#4.0#14.0#VAR 620 0 0.920782 0.0792183 
 ----> 1.3#6.6#4.0#14.0#VAR 621 0 0.920786 0.0792145 
 ----> 1.3#6.6#4.0#14.0#VAR 622 0 0.925661 0.0743389 
 ----> 1.3#6.6#4.0#14.0#VAR 623 0 0.928742 0.0712582 
 ----> 1.3#6.6#4.0#14.0#VAR 624 0 0.93222 0.0677805 
 ----> 1.3#6.6#4.0#14.0#VAR 625 0 0.925895 0.0741047 
 ----> 1.3#6.6#4.0#14.0#VAR 626 0 0.923344 0.0766557 
 ----> 1.3#6.6#4.0#14.0#VAR 627 0 0.925017 0.0749834 
 ----> 1.3#6.6#4.0#14.0#VAR 628 0 0.922712 0.0772876 
 ----> 1.3#6.6#4.0#14.0#VAR 629 0 0.92721 0.0727899 
 ----> 1.3#6.6#4.0#14.0#VAR 630 0 0.923227 0.0767732 
 ----> 1.3#6.6#4.0#14.0#VAR 631 0 0.93044 0.06956 
 ----> 1.3#6.6#4.0#14.0#VAR 632 0 0.927338 0.0726622 
 ----> 1.3#6.6#4.0#14.0#VAR 633 0 0.925506 0.0744941 
 ----> 1.3#6.6#4.0#14.0#VAR 634 0 0.92686 0.0731396 
 ----> 1.3#6.6#4.0#14.0#VAR 635 0 0.923528 0.0764723 
 ----> 1.3#6.6#4.0#14.0#VAR 636 0 0.922738 0.0772615 
 ----> 1.3#6.6#4.0#14.0#VAR 637 0 0.930259 0.069741 
 ----> 1.3#6.6#4.0#14.0#VAR 638 0 0.92704 0.0729604 
 ----> 1.3#6.6#4.0#14.0#VAR 639 0 0.923057 0.0769427 
 ----> 1.3#6.6#4.0#14.0#VAR 640 0 0.933666 0.0663336 
 ----> 1.3#6.6#4.0#14.0#VAR 641 0 0.930097 0.0699025 
 ----> 1.3#6.6#4.0#14.0#VAR 642 0 0.917778 0.0822215 
 ----> 1.3#6.6#4.0#14.0#VAR 643 0 0.921647 0.0783532 
 ----> 1.3#6.6#4.0#14.0#VAR 644 0 0.923963 0.0760371 
 ----> 1.3#6.6#4.0#14.0#VAR 645 0 0.919365 0.0806346 
 ----> 1.3#6.6#4.0#14.0#VAR 646 0 0.928969 0.0710309 
 ----> 1.3#6.6#4.0#14.0#VAR 647 0 0.924838 0.075162 
 ----> 1.3#6.6#4.0#14.0#VAR 648 0 0.92366 0.0763399 
 ----> 1.3#6.6#4.0#14.0#VAR 649 0 0.930653 0.0693471 
 ----> 1.3#6.6#4.0#14.0#VAR 650 1 0.913484 0.0865158 
 ----> 1.3#6.6#4.0#14.0#VAR 651 0 0.923033 0.0769671 
 ----> 1.3#6.6#4.0#14.0#VAR 652 0 0.921392 0.0786083 
 ----> 1.3#6.6#4.0#14.0#VAR 653 1 0.906177 0.093823 
 ----> 1.3#6.6#4.0#14.0#VAR 654 0 0.922228 0.0777719 
 ----> 1.3#6.6#4.0#14.0#VAR 655 0 0.922353 0.0776465 
 ----> 1.3#6.6#4.0#14.0#VAR 656 0 0.914256 0.0857441 
 ----> 1.3#6.6#4.0#14.0#VAR 657 0 0.931353 0.0686466 
 ----> 1.3#6.6#4.0#14.0#VAR 658 0 0.919772 0.0802283 
 ----> 1.3#6.6#4.0#14.0#VAR 659 0 0.923736 0.0762644 
 ----> 1.3#6.6#4.0#14.0#VAR 660 0 0.921025 0.0789748 
 ----> 1.3#6.6#4.0#14.0#VAR 661 1 0.919724 0.0802762 
 ----> 1.3#6.6#4.0#14.0#VAR 662 0 0.927023 0.0729774 
 ----> 1.3#6.6#4.0#14.0#VAR 663 0 0.916711 0.0832889 
 ----> 1.3#6.6#4.0#14.0#VAR 664 0 0.918537 0.0814631 
 ----> 1.3#6.6#4.0#14.0#VAR 665 0 0.918229 0.0817712 
 ----> 1.3#6.6#4.0#14.0#VAR 666 0 0.918189 0.0818109 
 ----> 1.3#6.6#4.0#14.0#VAR 667 0 0.927597 0.0724027 
 ----> 1.3#6.6#4.0#14.0#VAR 668 0 0.921502 0.0784984 
 ----> 1.3#6.6#4.0#14.0#VAR 669 0 0.928867 0.0711334 
 ----> 1.3#6.6#4.0#14.0#VAR 670 0 0.926276 0.0737236 
 ----> 1.3#6.6#4.0#14.0#VAR 671 1 0.910653 0.089347 
 ----> 1.3#6.6#4.0#14.0#VAR 672 0 0.926459 0.0735414 
 ----> 1.3#6.6#4.0#14.0#VAR 673 0 0.919631 0.0803688 
 ----> 1.3#6.6#4.0#14.0#VAR 674 0 0.918835 0.0811654 
 ----> 1.3#6.6#4.0#14.0#VAR 675 0 0.931953 0.0680467 
 ----> 1.3#6.6#4.0#14.0#VAR 676 0 0.929542 0.0704583 
 ----> 1.3#6.6#4.0#14.0#VAR 677 0 0.923621 0.0763792 
 ----> 1.3#6.6#4.0#14.0#VAR 678 0 0.922943 0.0770565 
 ----> 1.3#6.6#4.0#14.0#VAR 679 0 0.92539 0.0746101 
 ----> 1.3#6.6#4.0#14.0#VAR 680 0 0.926618 0.0733825 
 ----> 1.3#6.6#4.0#14.0#VAR 681 0 0.924308 0.0756917 
 ----> 1.3#6.6#4.0#14.0#VAR 682 0 0.927668 0.0723325 
 ----> 1.3#6.6#4.0#14.0#VAR 683 1 0.92034 0.0796598 
 ----> 1.3#6.6#4.0#14.0#VAR 684 0 0.929834 0.0701659 
 ----> 1.3#6.6#4.0#14.0#VAR 685 0 0.924757 0.0752431 
 ----> 1.3#6.6#4.0#14.0#VAR 686 0 0.918196 0.0818039 
 ----> 1.3#6.6#4.0#14.0#VAR 687 0 0.92046 0.0795401 
 ----> 1.3#6.6#4.0#14.0#VAR 688 0 0.920238 0.0797617 
 ----> 1.3#6.6#4.0#14.0#VAR 689 0 0.919402 0.0805979 
 ----> 1.3#6.6#4.0#14.0#VAR 690 0 0.928972 0.0710283 
 ----> 1.3#6.6#4.0#14.0#VAR 691 0 0.923314 0.0766865 
 ----> 1.3#6.6#4.0#14.0#VAR 692 0 0.917158 0.0828422 
 ----> 1.3#6.6#4.0#14.0#VAR 693 0 0.922971 0.0770294 
 ----> 1.3#6.6#4.0#14.0#VAR 694 0 0.923295 0.0767051 
 ----> 1.3#6.6#4.0#14.0#VAR 695 0 0.932084 0.0679159 
 ----> 1.3#6.6#4.0#14.0#VAR 696 0 0.927256 0.072744 
 ----> 1.3#6.6#4.0#14.0#VAR 697 0 0.925404 0.0745962 
 ----> 1.3#6.6#4.0#14.0#VAR 698 0 0.926687 0.0733131 
 ----> 1.3#6.6#4.0#14.0#VAR 699 0 0.917663 0.082337 
 ----> 1.3#6.6#4.0#14.0#VAR 700 0 0.917192 0.0828081 
 ----> 1.3#6.6#4.0#14.0#VAR 701 1 0.915332 0.0846675 
 ----> 1.3#6.6#4.0#14.0#VAR 702 0 0.923537 0.0764634 
 ----> 1.3#6.6#4.0#14.0#VAR 703 0 0.92435 0.0756497 
 ----> 1.3#6.6#4.0#14.0#VAR 704 0 0.916557 0.0834427 
 ----> 1.3#6.6#4.0#14.0#VAR 705 0 0.91236 0.0876396 
 ----> 1.3#6.6#4.0#14.0#VAR 706 0 0.923604 0.0763964 
 ----> 1.3#6.6#4.0#14.0#VAR 707 0 0.920805 0.0791951 
 ----> 1.3#6.6#4.0#14.0#VAR 708 0 0.918671 0.0813286 
 ----> 1.3#6.6#4.0#14.0#VAR 709 0 0.92443 0.07557 
 ----> 1.3#6.6#4.0#14.0#VAR 710 0 0.925411 0.0745887 
 ----> 1.3#6.6#4.0#14.0#VAR 711 0 0.921765 0.0782348 
 ----> 1.3#6.6#4.0#14.0#VAR 712 0 0.928007 0.0719928 
 ----> 1.3#6.6#4.0#14.0#VAR 713 0 0.915221 0.0847789 
 ----> 1.3#6.6#4.0#14.0#VAR 714 0 0.926092 0.0739075 
 ----> 1.3#6.6#4.0#14.0#VAR 715 0 0.931507 0.068493 
 ----> 1.3#6.6#4.0#14.0#VAR 716 0 0.92199 0.0780098 
 ----> 1.3#6.6#4.0#14.0#VAR 717 1 0.90445 0.09555 
 ----> 1.3#6.6#4.0#14.0#VAR 718 0 0.915923 0.0840773 
 ----> 1.3#6.6#4.0#14.0#VAR 719 0 0.91879 0.0812102 
 ----> 1.3#6.6#4.0#14.0#VAR 720 0 0.928416 0.0715842 
 ----> 1.3#6.6#4.0#14.0#VAR 721 0 0.913956 0.0860436 
 ----> 1.3#6.6#4.0#14.0#VAR 722 0 0.917872 0.082128 
 ----> 1.3#6.6#4.0#14.0#VAR 723 0 0.91671 0.0832905 
 ----> 1.3#6.6#4.0#14.0#VAR 724 0 0.921863 0.0781365 
 ----> 1.3#6.6#4.0#14.0#VAR 725 0 0.916089 0.0839111 
 ----> 1.3#6.6#4.0#14.0#VAR 726 0 0.92707 0.0729302 
 ----> 1.3#6.6#4.0#14.0#VAR 727 0 0.922796 0.0772035 
 ----> 1.3#6.6#4.0#14.0#VAR 728 0 0.926646 0.0733543 
 ----> 1.3#6.6#4.0#14.0#VAR 729 0 0.913943 0.0860572 
 ----> 1.3#6.6#4.0#14.0#VAR 730 0 0.918073 0.0819267 
 ----> 1.3#6.6#4.0#14.0#VAR 731 0 0.918536 0.081464 
 ----> 1.3#6.6#4.0#14.0#VAR 732 0 0.918191 0.081809 
 ----> 1.3#6.6#4.0#14.0#VAR 733 1 0.921496 0.0785036 
 ----> 1.3#6.6#4.0#14.0#VAR 734 0 0.925576 0.0744241 
 ----> 1.3#6.6#4.0#14.0#VAR 735 0 0.921577 0.078423 
 ----> 1.3#6.6#4.0#14.0#VAR 736 1 0.910493 0.0895074 
 ----> 1.3#6.6#4.0#14.0#VAR 737 0 0.92085 0.0791504 
 ----> 1.3#6.6#4.0#14.0#VAR 738 0 0.918449 0.0815507 
 ----> 1.3#6.6#4.0#14.0#VAR 739 0 0.924616 0.0753837 
 ----> 1.3#6.6#4.0#14.0#VAR 740 0 0.927498 0.0725017 
 ----> 1.3#6.6#4.0#14.0#VAR 741 0 0.92931 0.07069 
 ----> 1.3#6.6#4.0#14.0#VAR 742 0 0.92413 0.0758701 
 ----> 1.3#6.6#4.0#14.0#VAR 743 0 0.926819 0.0731806 
 ----> 1.3#6.6#4.0#14.0#VAR 744 0 0.920028 0.0799716 
 ----> 1.3#6.6#4.0#14.0#VAR 745 0 0.917764 0.0822363 
 ----> 1.3#6.6#4.0#14.0#VAR 746 0 0.917614 0.0823856 
 ----> 1.3#6.6#4.0#14.0#VAR 747 0 0.924482 0.0755182 
 ----> 1.3#6.6#4.0#14.0#VAR 748 0 0.920671 0.0793292 
 ----> 1.3#6.6#4.0#14.0#VAR 749 0 0.926374 0.0736263 
 ----> 1.3#6.6#4.0#14.0#VAR 750 0 0.931619 0.0683807 
 ----> 1.3#6.6#4.0#14.0#VAR 751 0 0.921205 0.0787953 
 ----> 1.3#6.6#4.0#14.0#VAR 752 0 0.930448 0.0695523 
 ----> 1.3#6.6#4.0#14.0#VAR 753 0 0.923774 0.0762258 
 ----> 1.3#6.6#4.0#14.0#VAR 754 0 0.915711 0.0842886 
 ----> 1.3#6.6#4.0#14.0#VAR 755 0 0.92369 0.0763103 
 ----> 1.3#6.6#4.0#14.0#VAR 756 0 0.923566 0.0764336 
 ----> 1.3#6.6#4.0#14.0#VAR 757 0 0.923179 0.0768212 
 ----> 1.3#6.6#4.0#14.0#VAR 758 0 0.921245 0.0787551 
 ----> 1.3#6.6#4.0#14.0#VAR 759 0 0.92806 0.0719403 
 ----> 1.3#6.6#4.0#14.0#VAR 760 0 0.925888 0.0741123 
 ----> 1.3#6.6#4.0#14.0#VAR 761 0 0.921033 0.0789669 
 ----> 1.3#6.6#4.0#14.0#VAR 762 0 0.926259 0.0737409 
 ----> 1.3#6.6#4.0#14.0#VAR 763 0 0.919099 0.0809009 
 ----> 1.3#6.6#4.0#14.0#VAR 764 0 0.920938 0.0790624 
 ----> 1.3#6.6#4.0#14.0#VAR 765 0 0.926535 0.0734653 
 ----> 1.3#6.6#4.0#14.0#VAR 766 0 0.919174 0.0808257 
 ----> 1.3#6.6#4.0#14.0#VAR 767 0 0.925196 0.0748042 
 ----> 1.3#6.6#4.0#14.0#VAR 768 0 0.922177 0.077823 
 ----> 1.3#6.6#4.0#14.0#VAR 769 0 0.930383 0.069617 
 ----> 1.3#6.6#4.0#14.0#VAR 770 0 0.927984 0.0720162 
 ----> 1.3#6.6#4.0#14.0#VAR 771 1 0.918771 0.0812292 
 ----> 1.3#6.6#4.0#14.0#VAR 772 0 0.926432 0.0735678 
 ----> 1.3#6.6#4.0#14.0#VAR 773 0 0.926249 0.0737509 
 ----> 1.3#6.6#4.0#14.0#VAR 774 0 0.915956 0.0840441 
 ----> 1.3#6.6#4.0#14.0#VAR 775 0 0.932216 0.0677844 
 ----> 1.3#6.6#4.0#14.0#VAR 776 0 0.924965 0.0750354 
 ----> 1.3#6.6#4.0#14.0#VAR 777 1 0.916338 0.083662 
 ----> 1.3#6.6#4.0#14.0#VAR 778 0 0.925939 0.0740615 
 ----> 1.3#6.6#4.0#14.0#VAR 779 0 0.928089 0.0719113 
 ----> 1.3#6.6#4.0#14.0#VAR 780 0 0.921411 0.0785886 
 ----> 1.3#6.6#4.0#14.0#VAR 781 0 0.923743 0.0762569 
 ----> 1.3#6.6#4.0#14.0#VAR 782 0 0.921845 0.078155 
 ----> 1.3#6.6#4.0#14.0#VAR 783 0 0.916445 0.083555 
 ----> 1.3#6.6#4.0#14.0#VAR 784 0 0.919668 0.080332 
 ----> 1.3#6.6#4.0#14.0#VAR 785 0 0.924099 0.0759009 
 ----> 1.3#6.6#4.0#14.0#VAR 786 0 0.925995 0.074005 
 ----> 1.3#6.6#4.0#14.0#VAR 787 0 0.920006 0.079994 
 ----> 1.3#6.6#4.0#14.0#VAR 788 0 0.925086 0.0749142 
 ----> 1.3#6.6#4.0#14.0#VAR 789 0 0.920539 0.0794606 
 ----> 1.3#6.6#4.0#14.0#VAR 790 0 0.922999 0.0770011 
 ----> 1.3#6.6#4.0#14.0#VAR 791 1 0.914417 0.0855826 
 ----> 1.3#6.6#4.0#14.0#VAR 792 0 0.925621 0.0743788 
 ----> 1.3#6.6#4.0#14.0#VAR 793 0 0.921971 0.078029 
 ----> 1.3#6.6#4.0#14.0#VAR 794 0 0.923099 0.0769013 
 ----> 1.3#6.6#4.0#14.0#VAR 795 0 0.928154 0.0718457 
 ----> 1.3#6.6#4.0#14.0#VAR 796 0 0.914443 0.0855573 
 ----> 1.3#6.6#4.0#14.0#VAR 797 0 0.922423 0.0775768 
 ----> 1.3#6.6#4.0#14.0#VAR 798 1 0.921873 0.0781269 
 ----> 1.3#6.6#4.0#14.0#VAR 799 0 0.911384 0.0886161 
 ----> 1.3#6.6#4.0#14.0#VAR 800 0 0.910212 0.0897881 
 ----> 1.3#6.6#4.0#14.0#VAR 801 1 0.91329 0.0867099 
 ----> 1.3#6.6#4.0#14.0#VAR 802 0 0.918494 0.0815059 
 ----> 1.3#6.6#4.0#14.0#VAR 803 1 0.913056 0.0869442 
 ----> 1.3#6.6#4.0#14.0#VAR 804 0 0.926464 0.0735364 
 ----> 1.3#6.6#4.0#14.0#VAR 805 0 0.921674 0.078326 
 ----> 1.3#6.6#4.0#14.0#VAR 806 1 0.911924 0.0880759 
 ----> 1.3#6.6#4.0#14.0#VAR 807 0 0.919774 0.0802259 
 ----> 1.3#6.6#4.0#14.0#VAR 808 0 0.916221 0.083779 
 ----> 1.3#6.6#4.0#14.0#VAR 809 0 0.920154 0.0798462 
 ----> 1.3#6.6#4.0#14.0#VAR 810 0 0.928162 0.071838 
 ----> 1.3#6.6#4.0#14.0#VAR 811 1 0.912475 0.0875253 
 ----> 1.3#6.6#4.0#14.0#VAR 812 0 0.926585 0.0734148 
 ----> 1.3#6.6#4.0#14.0#VAR 813 0 0.926725 0.0732752 
 ----> 1.3#6.6#4.0#14.0#VAR 814 0 0.91745 0.0825497 
 ----> 1.3#6.6#4.0#14.0#VAR 815 0 0.918813 0.0811867 
 ----> 1.3#6.6#4.0#14.0#VAR 816 0 0.917444 0.0825557 
 ----> 1.3#6.6#4.0#14.0#VAR 817 1 0.90409 0.0959097 
 ----> 1.3#6.6#4.0#14.0#VAR 818 0 0.92393 0.0760695 
 ----> 1.3#6.6#4.0#14.0#VAR 819 0 0.924832 0.0751679 
 ----> 1.3#6.6#4.0#14.0#VAR 820 0 0.926845 0.073155 
 ----> 1.3#6.6#4.0#14.0#VAR 821 0 0.917212 0.0827881 
 ----> 1.3#6.6#4.0#14.0#VAR 822 0 0.920234 0.0797662 
 ----> 1.3#6.6#4.0#14.0#VAR 823 1 0.906558 0.0934417 
 ----> 1.3#6.6#4.0#14.0#VAR 824 0 0.915248 0.0847519 
 ----> 1.3#6.6#4.0#14.0#VAR 825 0 0.930572 0.0694277 
 ----> 1.3#6.6#4.0#14.0#VAR 826 0 0.920369 0.0796312 
 ----> 1.3#6.6#4.0#14.0#VAR 827 0 0.913453 0.0865469 
 ----> 1.3#6.6#4.0#14.0#VAR 828 0 0.924945 0.0750555 
 ----> 1.3#6.6#4.0#14.0#VAR 829 0 0.920129 0.0798708 
 ----> 1.3#6.6#4.0#14.0#VAR 830 0 0.915976 0.0840245 
 ----> 1.3#6.6#4.0#14.0#VAR 831 0 0.919951 0.0800488 
 ----> 1.3#6.6#4.0#14.0#VAR 832 0 0.919986 0.0800145 
 ----> 1.3#6.6#4.0#14.0#VAR 833 0 0.911884 0.0881165 
 ----> 1.3#6.6#4.0#14.0#VAR 834 0 0.926479 0.0735213 
 ----> 1.3#6.6#4.0#14.0#VAR 835 1 0.91495 0.0850495 
 ----> 1.3#6.6#4.0#14.0#VAR 836 1 0.905949 0.0940508 
 ----> 1.3#6.6#4.0#14.0#VAR 837 1 0.912196 0.0878043 
 ----> 1.3#6.6#4.0#14.0#VAR 838 1 0.905804 0.0941962 
 ----> 1.3#6.6#4.0#14.0#VAR 839 0 0.921079 0.0789208 
 ----> 1.3#6.6#4.0#14.0#VAR 840 0 0.925717 0.0742834 
 ----> 1.3#6.6#4.0#14.0#VAR 841 0 0.933811 0.0661892 
 ----> 1.3#6.6#4.0#14.0#VAR 842 0 0.923965 0.0760349 
 ----> 1.3#6.6#4.0#14.0#VAR 843 0 0.919316 0.080684 
 ----> 1.3#6.6#4.0#14.0#VAR 844 0 0.920053 0.0799471 
 ----> 1.3#6.6#4.0#14.0#VAR 845 0 0.927556 0.0724443 
 ----> 1.3#6.6#4.0#14.0#VAR 846 0 0.924168 0.0758322 
 ----> 1.3#6.6#4.0#14.0#VAR 847 0 0.92063 0.07937 
 ----> 1.3#6.6#4.0#14.0#VAR 848 0 0.916009 0.0839906 
 ----> 1.3#6.6#4.0#14.0#VAR 849 0 0.926529 0.0734706 
 ----> 1.3#6.6#4.0#14.0#VAR 850 0 0.923582 0.0764175 
 ----> 1.3#6.6#4.0#14.0#VAR 851 0 0.928239 0.0717612 
 ----> 1.3#6.6#4.0#14.0#VAR 852 0 0.918491 0.0815091 
 ----> 1.3#6.6#4.0#14.0#VAR 853 0 0.921466 0.0785338 
 ----> 1.3#6.6#4.0#14.0#VAR 854 0 0.918598 0.0814018 
 ----> 1.3#6.6#4.0#14.0#VAR 855 0 0.923206 0.0767938 
 ----> 1.3#6.6#4.0#14.0#VAR 856 0 0.920174 0.0798259 
 ----> 1.3#6.6#4.0#14.0#VAR 857 0 0.931706 0.0682942 
 ----> 1.3#6.6#4.0#14.0#VAR 858 1 0.913375 0.086625 
 ----> 1.3#6.6#4.0#14.0#VAR 859 0 0.926384 0.0736161 
 ----> 1.3#6.6#4.0#14.0#VAR 860 0 0.917761 0.0822389 
 ----> 1.3#6.6#4.0#14.0#VAR 861 0 0.919486 0.080514 
 ----> 1.3#6.6#4.0#14.0#VAR 862 0 0.917014 0.0829862 
 ----> 1.3#6.6#4.0#14.0#VAR 863 0 0.920797 0.0792029 
 ----> 1.3#6.6#4.0#14.0#VAR 864 0 0.921954 0.0780457 
 ----> 1.3#6.6#4.0#14.0#VAR 865 0 0.925198 0.0748016 
 ----> 1.3#6.6#4.0#14.0#VAR 866 0 0.914598 0.0854017 
 ----> 1.3#6.6#4.0#14.0#VAR 867 0 0.925145 0.074855 
 ----> 1.3#6.6#4.0#14.0#VAR 868 0 0.920473 0.0795265 
 ----> 1.3#6.6#4.0#14.0#VAR 869 1 0.917751 0.0822489 
 ----> 1.3#6.6#4.0#14.0#VAR 870 0 0.926319 0.0736814 
 ----> 1.3#6.6#4.0#14.0#VAR 871 0 0.919862 0.0801383 
 ----> 1.3#6.6#4.0#14.0#VAR 872 0 0.924115 0.0758851 
 ----> 1.3#6.6#4.0#14.0#VAR 873 0 0.922904 0.0770963 
 ----> 1.3#6.6#4.0#14.0#VAR 874 0 0.920714 0.0792865 
 ----> 1.3#6.6#4.0#14.0#VAR 875 0 0.926127 0.0738726 
 ----> 1.3#6.6#4.0#14.0#VAR 876 0 0.924017 0.0759833 
 ----> 1.3#6.6#4.0#14.0#VAR 877 0 0.913965 0.0860346 
 ----> 1.3#6.6#4.0#14.0#VAR 878 0 0.919318 0.0806823 
 ----> 1.3#6.6#4.0#14.0#VAR 879 0 0.919319 0.080681 
 ----> 1.3#6.6#4.0#14.0#VAR 880 0 0.924846 0.0751543 
 ----> 1.3#6.6#4.0#14.0#VAR 881 0 0.917745 0.0822545 
 ----> 1.3#6.6#4.0#14.0#VAR 882 0 0.919521 0.0804794 
 ----> 1.3#6.6#4.0#14.0#VAR 883 0 0.920607 0.0793931 
 ----> 1.3#6.6#4.0#14.0#VAR 884 0 0.92395 0.0760505 
 ----> 1.3#6.6#4.0#14.0#VAR 885 0 0.917941 0.0820591 
 ----> 1.3#6.6#4.0#14.0#VAR 886 1 0.9051 0.0949003 
 ----> 1.3#6.6#4.0#14.0#VAR 887 0 0.922327 0.0776725 
 ----> 1.3#6.6#4.0#14.0#VAR 888 0 0.92291 0.0770903 
 ----> 1.3#6.6#4.0#14.0#VAR 889 0 0.927557 0.0724433 
 ----> 1.3#6.6#4.0#14.0#VAR 890 0 0.921943 0.0780566 
 ----> 1.3#6.6#4.0#14.0#VAR 891 0 0.927188 0.0728122 
 ----> 1.3#6.6#4.0#14.0#VAR 892 0 0.920597 0.079403 
 ----> 1.3#6.6#4.0#14.0#VAR 893 0 0.918109 0.0818912 
 ----> 1.3#6.6#4.0#14.0#VAR 894 0 0.916023 0.0839774 
 ----> 1.3#6.6#4.0#14.0#VAR 895 0 0.925884 0.074116 
 ----> 1.3#6.6#4.0#14.0#VAR 896 1 0.915954 0.0840456 
 ----> 1.3#6.6#4.0#14.0#VAR 897 1 0.905429 0.0945706 
 ----> 1.3#6.6#4.0#14.0#VAR 898 0 0.925337 0.0746633 
 ----> 1.3#6.6#4.0#14.0#VAR 899 0 0.932191 0.0678089 
 ----> 1.3#6.6#4.0#14.0#VAR 900 0 0.922934 0.0770664 
 ----> 1.3#6.6#4.0#14.0#VAR 901 0 0.922262 0.0777382 
 ----> 1.3#6.6#4.0#14.0#VAR 902 0 0.925093 0.0749073 
 ----> 1.3#6.6#4.0#14.0#VAR 903 0 0.924332 0.075668 
 ----> 1.3#6.6#4.0#14.0#VAR 904 1 0.916341 0.0836586 
 ----> 1.3#6.6#4.0#14.0#VAR 905 0 0.927124 0.0728755 
 ----> 1.3#6.6#4.0#14.0#VAR 906 0 0.925444 0.074556 
 ----> 1.3#6.6#4.0#14.0#VAR 907 0 0.920097 0.0799032 
 ----> 1.3#6.6#4.0#14.0#VAR 908 0 0.922254 0.0777459 
 ----> 1.3#6.6#4.0#14.0#VAR 909 0 0.918412 0.0815878 
 ----> 1.3#6.6#4.0#14.0#VAR 910 0 0.922692 0.0773084 
 ----> 1.3#6.6#4.0#14.0#VAR 911 0 0.926354 0.0736463 
 ----> 1.3#6.6#4.0#14.0#VAR 912 0 0.927877 0.0721231 
 ----> 1.3#6.6#4.0#14.0#VAR 913 0 0.922385 0.0776147 
 ----> 1.3#6.6#4.0#14.0#VAR 914 0 0.915958 0.0840419 
 ----> 1.3#6.6#4.0#14.0#VAR 915 0 0.925919 0.0740813 
 ----> 1.3#6.6#4.0#14.0#VAR 916 0 0.921823 0.0781769 
 ----> 1.3#6.6#4.0#14.0#VAR 917 0 0.919729 0.0802709 
 ----> 1.3#6.6#4.0#14.0#VAR 918 0 0.913791 0.0862085 
 ----> 1.3#6.6#4.0#14.0#VAR 919 0 0.923299 0.0767014 
 ----> 1.3#6.6#4.0#14.0#VAR 920 0 0.920994 0.0790059 
 ----> 1.3#6.6#4.0#14.0#VAR 921 1 0.909967 0.0900327 
 ----> 1.3#6.6#4.0#14.0#VAR 922 0 0.919466 0.0805339 
 ----> 1.3#6.6#4.0#14.0#VAR 923 0 0.914446 0.0855539 
 ----> 1.3#6.6#4.0#14.0#VAR 924 0 0.916759 0.0832411 
 ----> 1.3#6.6#4.0#14.0#VAR 925 0 0.920632 0.0793676 
 ----> 1.3#6.6#4.0#14.0#VAR 926 0 0.914917 0.0850828 
 ----> 1.3#6.6#4.0#14.0#VAR 927 0 0.920092 0.0799077 
 ----> 1.3#6.6#4.0#14.0#VAR 928 0 0.919368 0.0806324 
 ----> 1.3#6.6#4.0#14.0#VAR 929 0 0.914299 0.0857009 
 ----> 1.3#6.6#4.0#14.0#VAR 930 1 0.913746 0.0862537 
 ----> 1.3#6.6#4.0#14.0#VAR 931 0 0.927338 0.0726621 
 ----> 1.3#6.6#4.0#14.0#VAR 932 0 0.918126 0.0818735 
 ----> 1.3#6.6#4.0#14.0#VAR 933 0 0.913953 0.0860468 
 ----> 1.3#6.6#4.0#14.0#VAR 934 0 0.925226 0.074774 
 ----> 1.3#6.6#4.0#14.0#VAR 935 0 0.916511 0.0834892 
 ----> 1.3#6.6#4.0#14.0#VAR 936 1 0.90515 0.0948502 
 ----> 1.3#6.6#4.0#14.0#VAR 937 0 0.924623 0.0753772 
 ----> 1.3#6.6#4.0#14.0#VAR 938 0 0.919794 0.080206 
 ----> 1.3#6.6#4.0#14.0#VAR 939 0 0.923116 0.0768841 
 ----> 1.3#6.6#4.0#14.0#VAR 940 0 0.920903 0.079097 
 ----> 1.3#6.6#4.0#14.0#VAR 941 0 0.926095 0.0739045 
 ----> 1.3#6.6#4.0#14.0#VAR 942 0 0.91801 0.0819899 
 ----> 1.3#6.6#4.0#14.0#VAR 943 0 0.919406 0.0805941 
 ----> 1.3#6.6#4.0#14.0#VAR 944 0 0.918636 0.0813638 
 ----> 1.3#6.6#4.0#14.0#VAR 945 0 0.918194 0.081806 
 ----> 1.3#6.6#4.0#14.0#VAR 946 0 0.915899 0.0841013 
 ----> 1.3#6.6#4.0#14.0#VAR 947 1 0.910034 0.0899663 
 ----> 1.3#6.6#4.0#14.0#VAR 948 0 0.925612 0.0743877 
 ----> 1.3#6.6#4.0#14.0#VAR 949 0 0.924529 0.0754711 
 ----> 1.3#6.6#4.0#14.0#VAR 950 0 0.925888 0.0741121 
 ----> 1.3#6.6#4.0#14.0#VAR 951 0 0.922017 0.0779835 
 ----> 1.3#6.6#4.0#14.0#VAR 952 0 0.919524 0.0804759 
 ----> 1.3#6.6#4.0#14.0#VAR 953 0 0.923131 0.0768689 
 ----> 1.3#6.6#4.0#14.0#VAR 954 0 0.923752 0.0762482 
 ----> 1.3#6.6#4.0#14.0#VAR 955 0 0.921736 0.0782642 
 ----> 1.3#6.6#4.0#14.0#VAR 956 0 0.917404 0.0825957 
 ----> 1.3#6.6#4.0#14.0#VAR 957 0 0.919902 0.0800976 
 ----> 1.3#6.6#4.0#14.0#VAR 958 0 0.919707 0.080293 
 ----> 1.3#6.6#4.0#14.0#VAR 959 0 0.914807 0.0851929 
 ----> 1.3#6.6#4.0#14.0#VAR 960 0 0.913051 0.0869485 
 ----> 1.3#6.6#4.0#14.0#VAR 961 0 0.926456 0.0735443 
 ----> 1.3#6.6#4.0#14.0#VAR 962 0 0.93043 0.0695696 
 ----> 1.3#6.6#4.0#14.0#VAR 963 0 0.915203 0.0847967 
 ----> 1.3#6.6#4.0#14.0#VAR 964 0 0.921733 0.0782672 
 ----> 1.3#6.6#4.0#14.0#VAR 965 0 0.920256 0.0797439 
 ----> 1.3#6.6#4.0#14.0#VAR 966 0 0.926751 0.0732488 
 ----> 1.3#6.6#4.0#14.0#VAR 967 0 0.920624 0.0793761 
 ----> 1.3#6.6#4.0#14.0#VAR 968 0 0.922623 0.0773769 
 ----> 1.3#6.6#4.0#14.0#VAR 969 0 0.929063 0.0709369 
 ----> 1.3#6.6#4.0#14.0#VAR 970 0 0.925731 0.074269 
 ----> 1.3#6.6#4.0#14.0#VAR 971 0 0.926365 0.0736346 
 ----> 1.3#6.6#4.0#14.0#VAR 972 0 0.925991 0.0740089 
 ----> 1.3#6.6#4.0#14.0#VAR 973 0 0.927609 0.0723907 
 ----> 1.3#6.6#4.0#14.0#VAR 974 0 0.927164 0.0728359 
 ----> 1.3#6.6#4.0#14.0#VAR 975 0 0.921201 0.0787992 
 ----> 1.3#6.6#4.0#14.0#VAR 976 1 0.914339 0.0856608 
 ----> 1.3#6.6#4.0#14.0#VAR 977 0 0.923272 0.076728 
 ----> 1.3#6.6#4.0#14.0#VAR 978 0 0.924685 0.0753153 
 ----> 1.3#6.6#4.0#14.0#VAR 979 0 0.929951 0.0700491 
 ----> 1.3#6.6#4.0#14.0#VAR 980 0 0.919965 0.0800346 
 ----> 1.3#6.6#4.0#14.0#VAR 981 0 0.910056 0.0899444 
 ----> 1.3#6.6#4.0#14.0#VAR 982 0 0.921039 0.0789612 
 ----> 1.3#6.6#4.0#14.0#VAR 983 0 0.921313 0.0786867 
 ----> 1.3#6.6#4.0#14.0#VAR 984 0 0.920955 0.0790451 
 ----> 1.3#6.6#4.0#14.0#VAR 985 0 0.919418 0.0805819 
 ----> 1.3#6.6#4.0#14.0#VAR 986 0 0.919554 0.0804457 
 ----> 1.3#6.6#4.0#14.0#VAR 987 0 0.921057 0.078943 
 ----> 1.3#6.6#4.0#14.0#VAR 988 0 0.925695 0.0743046 
 ----> 1.3#6.6#4.0#14.0#VAR 989 0 0.921639 0.0783613 
 ----> 1.3#6.6#4.0#14.0#VAR 990 0 0.919959 0.0800407 
 ----> 1.3#6.6#4.0#14.0#VAR 991 0 0.924308 0.075692 
 ----> 1.3#6.6#4.0#14.0#VAR 992 0 0.922914 0.0770862 
 ----> 1.3#6.6#4.0#14.0#VAR 993 0 0.927199 0.0728012 
 ----> 1.3#6.6#4.0#14.0#VAR 994 0 0.921413 0.078587 
 ----> 1.3#6.6#4.0#14.0#VAR 995 0 0.924377 0.0756234 
 ----> 1.3#6.6#4.0#14.0#VAR 996 0 0.910238 0.0897616 
 ----> 1.3#6.6#4.0#14.0#VAR 997 0 0.926609 0.0733912 
 ----> 1.3#6.6#4.0#14.0#VAR 998 0 0.918701 0.0812991 
 ----> 1.3#6.6#4.0#14.0#VAR 999 0 0.924621 0.0753795 
 ----> 1.3#6.6#4.0#14.0#VAR 1000 0 0.925166 0.0748342 
 ----> 1.3#6.6#4.0#14.0#VAR 1001 0 0.918556 0.0814444 
 ----> 1.3#6.6#4.0#14.0#VAR 1002 0 0.92046 0.0795405 
 ----> 1.3#6.6#4.0#14.0#VAR 1003 0 0.917823 0.0821769 
 ----> 1.3#6.6#4.0#14.0#VAR 1004 0 0.921356 0.0786436 
 ----> 1.3#6.6#4.0#14.0#VAR 1005 0 0.914088 0.0859125 
 ----> 1.3#6.6#4.0#14.0#VAR 1006 0 0.927095 0.072905 
 ----> 1.3#6.6#4.0#14.0#VAR 1007 0 0.927438 0.0725621 
 ----> 1.3#6.6#4.0#14.0#VAR 1008 0 0.91895 0.0810503 
 ----> 1.3#6.6#4.0#14.0#VAR 1009 0 0.920204 0.0797957 
 ----> 1.3#6.6#4.0#14.0#VAR 1010 0 0.918807 0.0811927 
 ----> 1.3#6.6#4.0#14.0#VAR 1011 0 0.916154 0.083846 
 ----> 1.3#6.6#4.0#14.0#VAR 1012 1 0.914687 0.0853126 
 ----> 1.3#6.6#4.0#14.0#VAR 1013 0 0.917855 0.0821446 
 ----> 1.3#6.6#4.0#14.0#VAR 1014 0 0.920154 0.079846 
 ----> 1.3#6.6#4.0#14.0#VAR 1015 1 0.91334 0.0866603 
 ----> 1.3#6.6#4.0#14.0#VAR 1016 0 0.924276 0.075724 
 ----> 1.3#6.6#4.0#14.0#VAR 1017 0 0.923125 0.0768746 
 ----> 1.3#6.6#4.0#14.0#VAR 1018 0 0.925246 0.0747541 
 ----> 1.3#6.6#4.0#14.0#VAR 1019 0 0.925286 0.0747136 
 ----> 1.3#6.6#4.0#14.0#VAR 1020 0 0.923929 0.0760711 
 ----> 1.3#6.6#4.0#14.0#VAR 1021 0 0.9187 0.0813 
 ----> 1.3#6.6#4.0#14.0#VAR 1022 1 0.91351 0.0864901 
 ----> 1.3#6.6#4.0#14.0#VAR 1023 0 0.918535 0.081465 
 ----> 1.3#6.6#4.0#14.0#VAR 1024 0 0.921202 0.0787984 
 ----> 1.3#6.6#4.0#14.0#VAR 1025 0 0.92928 0.0707204 
 ----> 1.3#6.6#4.0#14.0#VAR 1026 0 0.90907 0.0909297 
 ----> 1.3#6.6#4.0#14.0#VAR 1027 0 0.917925 0.0820745 
 ----> 1.3#6.6#4.0#14.0#VAR 1028 0 0.911459 0.0885415 
 ----> 1.3#6.6#4.0#14.0#VAR 1029 1 0.909635 0.0903648 
 ----> 1.3#6.6#4.0#14.0#VAR 1030 0 0.920946 0.0790543 
 ----> 1.3#6.6#4.0#14.0#VAR 1031 0 0.907311 0.0926888 
 ----> 1.3#6.6#4.0#14.0#VAR 1032 0 0.908694 0.0913055 
 ----> 1.3#6.6#4.0#14.0#VAR 1033 0 0.9192 0.0807995 
 ----> 1.3#6.6#4.0#14.0#VAR 1034 1 0.913982 0.0860182 
 ----> 1.3#6.6#4.0#14.0#VAR 1035 0 0.917701 0.0822993 
 ----> 1.3#6.6#4.0#14.0#VAR 1036 0 0.920149 0.0798511 
 ----> 1.3#6.6#4.0#14.0#VAR 1037 1 0.914135 0.0858653 
 ----> 1.3#6.6#4.0#14.0#VAR 1038 0 0.918618 0.0813819 
 ----> 1.3#6.6#4.0#14.0#VAR 1039 0 0.914778 0.0852221 
 ----> 1.3#6.6#4.0#14.0#VAR 1040 0 0.922311 0.0776892 
 ----> 1.3#6.6#4.0#14.0#VAR 1041 0 0.927236 0.0727644 
 ----> 1.3#6.6#4.0#14.0#VAR 1042 0 0.916695 0.0833054 
 ----> 1.3#6.6#4.0#14.0#VAR 1043 0 0.918186 0.0818138 
 ----> 1.3#6.6#4.0#14.0#VAR 1044 0 0.922699 0.0773009 
 ----> 1.3#6.6#4.0#14.0#VAR 1045 0 0.930243 0.0697566 
 ----> 1.3#6.6#4.0#14.0#VAR 1046 0 0.934379 0.0656208 
 ----> 1.3#6.6#4.0#14.0#VAR 1047 0 0.931716 0.0682843 
 ----> 1.3#6.6#4.0#14.0#VAR 1048 0 0.929156 0.0708443 
 ----> 1.3#6.6#4.0#14.0#VAR 1049 0 0.91059 0.0894098 
 ----> 1.3#6.6#4.0#14.0#VAR 1050 0 0.922356 0.0776437 
 ----> 1.3#6.6#4.0#14.0#VAR 1051 0 0.920722 0.079278 
 ----> 1.3#6.6#4.0#14.0#VAR 1052 0 0.926275 0.0737253 
 ----> 1.3#6.6#4.0#14.0#VAR 1053 0 0.926059 0.0739405 
 ----> 1.3#6.6#4.0#14.0#VAR 1054 0 0.921351 0.0786488 
 ----> 1.3#6.6#4.0#14.0#VAR 1055 0 0.929682 0.0703181 
 ----> 1.3#6.6#4.0#14.0#VAR 1056 0 0.911608 0.0883916 
 ----> 1.3#6.6#4.0#14.0#VAR 1057 0 0.922852 0.0771482 
 ----> 1.3#6.6#4.0#14.0#VAR 1058 0 0.921669 0.0783311 
 ----> 1.3#6.6#4.0#14.0#VAR 1059 0 0.920583 0.0794167 
 ----> 1.3#6.6#4.0#14.0#VAR 1060 0 0.928862 0.0711378 
 ----> 1.3#6.6#4.0#14.0#VAR 1061 0 0.932869 0.0671315 
 ----> 1.3#6.6#4.0#14.0#VAR 1062 0 0.919552 0.080448 
 ----> 1.3#6.6#4.0#14.0#VAR 1063 0 0.921708 0.0782917 
 ----> 1.3#6.6#4.0#14.0#VAR 1064 0 0.920227 0.0797727 
 ----> 1.3#6.6#4.0#14.0#VAR 1065 0 0.922342 0.0776583 
 ----> 1.3#6.6#4.0#14.0#VAR 1066 0 0.925583 0.0744167 
 ----> 1.3#6.6#4.0#14.0#VAR 1067 0 0.924242 0.0757576 
 ----> 1.3#6.6#4.0#14.0#VAR 1068 0 0.920921 0.079079 
 ----> 1.3#6.6#4.0#14.0#VAR 1069 0 0.926243 0.0737566 
 ----> 1.3#6.6#4.0#14.0#VAR 1070 0 0.918437 0.0815629 
 ----> 1.3#6.6#4.0#14.0#VAR 1071 0 0.92364 0.0763605 
 ----> 1.3#6.6#4.0#14.0#VAR 1072 0 0.916575 0.083425 
 ----> 1.3#6.6#4.0#14.0#VAR 1073 0 0.92343 0.0765698 
 ----> 1.3#6.6#4.0#14.0#VAR 1074 0 0.921842 0.078158 
 ----> 1.3#6.6#4.0#14.0#VAR 1075 0 0.923904 0.0760959 
 ----> 1.3#6.6#4.0#14.0#VAR 1076 0 0.911301 0.0886989 
 ----> 1.3#6.6#4.0#14.0#VAR 1077 0 0.916466 0.0835344 
 ----> 1.3#6.6#4.0#14.0#VAR 1078 0 0.92518 0.0748202 
 ----> 1.3#6.6#4.0#14.0#VAR 1079 0 0.917026 0.0829736 
 ----> 1.3#6.6#4.0#14.0#VAR 1080 0 0.916607 0.0833929 
 ----> 1.3#6.6#4.0#14.0#VAR 1081 0 0.922578 0.0774225 
 ----> 1.3#6.6#4.0#14.0#VAR 1082 0 0.924605 0.0753947 
 ----> 1.3#6.6#4.0#14.0#VAR 1083 0 0.922218 0.0777821 
 ----> 1.3#6.6#4.0#14.0#VAR 1084 0 0.925641 0.0743591 
 ----> 1.3#6.6#4.0#14.0#VAR 1085 0 0.915139 0.0848608 
 ----> 1.3#6.6#4.0#14.0#VAR 1086 0 0.919869 0.0801309 
 ----> 1.3#6.6#4.0#14.0#VAR 1087 0 0.927834 0.0721658 
 ----> 1.3#6.6#4.0#14.0#VAR 1088 0 0.928295 0.0717051 
 ----> 1.3#6.6#4.0#14.0#VAR 1089 0 0.923812 0.0761883 
 ----> 1.3#6.6#4.0#14.0#VAR 1090 0 0.922476 0.0775241 
 ----> 1.3#6.6#4.0#14.0#VAR 1091 0 0.924326 0.0756738 
 ----> 1.3#6.6#4.0#14.0#VAR 1092 0 0.920666 0.0793335 
 ----> 1.3#6.6#4.0#14.0#VAR 1093 0 0.917105 0.0828955 
 ----> 1.3#6.6#4.0#14.0#VAR 1094 0 0.921621 0.0783786 
 ----> 1.3#6.6#4.0#14.0#VAR 1095 0 0.922207 0.0777929 
 ----> 1.3#6.6#4.0#14.0#VAR 1096 0 0.918189 0.0818114 
 ----> 1.3#6.6#4.0#14.0#VAR 1097 0 0.929546 0.070454 
 ----> 1.3#6.6#4.0#14.0#VAR 1098 0 0.92511 0.0748903 
 ----> 1.3#6.6#4.0#14.0#VAR 1099 0 0.921731 0.0782687 
 ----> 1.3#6.6#4.0#14.0#VAR 1100 0 0.924995 0.0750052 
 ----> 1.3#6.6#4.0#14.0#VAR 1101 0 0.917468 0.0825319 
 ----> 1.3#6.6#4.0#14.0#VAR 1102 1 0.91441 0.0855901 
 ----> 1.3#6.6#4.0#14.0#VAR 1103 0 0.923003 0.0769973 
 ----> 1.3#6.6#4.0#14.0#VAR 1104 0 0.919108 0.0808917 
 ----> 1.3#6.6#4.0#14.0#VAR 1105 0 0.91338 0.0866199 
 ----> 1.3#6.6#4.0#14.0#VAR 1106 0 0.921839 0.0781609 
 ----> 1.3#6.6#4.0#14.0#VAR 1107 1 0.906175 0.0938254 
 ----> 1.3#6.6#4.0#14.0#VAR 1108 0 0.919338 0.0806622 
 ----> 1.3#6.6#4.0#14.0#VAR 1109 1 0.912709 0.0872913 
 ----> 1.3#6.6#4.0#14.0#VAR 1110 0 0.920399 0.0796011 
 ----> 1.3#6.6#4.0#14.0#VAR 1111 1 0.905961 0.0940385 
 ----> 1.3#6.6#4.0#14.0#VAR 1112 1 0.912384 0.0876164 
 ----> 1.3#6.6#4.0#14.0#VAR 1113 0 0.917804 0.0821956 
 ----> 1.3#6.6#4.0#14.0#VAR 1114 0 0.922373 0.0776268 
 ----> 1.3#6.6#4.0#14.0#VAR 1115 0 0.913529 0.0864714 
 ----> 1.3#6.6#4.0#14.0#VAR 1116 0 0.923102 0.0768982 
 ----> 1.3#6.6#4.0#14.0#VAR 1117 0 0.918311 0.0816894 
 ----> 1.3#6.6#4.0#14.0#VAR 1118 0 0.922635 0.0773649 
 ----> 1.3#6.6#4.0#14.0#VAR 1119 0 0.909862 0.0901377 
 ----> 1.3#6.6#4.0#14.0#VAR 1120 1 0.906919 0.0930807 
 ----> 1.3#6.6#4.0#14.0#VAR 1121 0 0.919423 0.0805774 
 ----> 1.3#6.6#4.0#14.0#VAR 1122 0 0.919884 0.0801159 
 ----> 1.3#6.6#4.0#14.0#VAR 1123 0 0.913246 0.0867539 
 ----> 1.3#6.6#4.0#14.0#VAR 1124 0 0.923718 0.0762818 
 ----> 1.3#6.6#4.0#14.0#VAR 1125 0 0.917303 0.0826968 
 ----> 1.3#6.6#4.0#14.0#VAR 1126 0 0.924366 0.0756339 
 ----> 1.3#6.6#4.0#14.0#VAR 1127 0 0.91198 0.0880201 
 ----> 1.3#6.6#4.0#14.0#VAR 1128 0 0.917898 0.0821021 
 ----> 1.3#6.6#4.0#14.0#VAR 1129 1 0.907093 0.092907 
 ----> 1.3#6.6#4.0#14.0#VAR 1130 0 0.92089 0.0791101 
 ----> 1.3#6.6#4.0#14.0#VAR 1131 0 0.923749 0.0762507 
 ----> 1.3#6.6#4.0#14.0#VAR 1132 1 0.911596 0.0884035 
 ----> 1.3#6.6#4.0#14.0#VAR 1133 0 0.92578 0.07422 
 ----> 1.3#6.6#4.0#14.0#VAR 1134 0 0.921743 0.0782566 
 ----> 1.3#6.6#4.0#14.0#VAR 1135 0 0.917771 0.082229 
 ----> 1.3#6.6#4.0#14.0#VAR 1136 0 0.918569 0.0814312 
 ----> 1.3#6.6#4.0#14.0#VAR 1137 0 0.9211 0.0789002 
 ----> 1.3#6.6#4.0#14.0#VAR 1138 0 0.924442 0.0755577 
 ----> 1.3#6.6#4.0#14.0#VAR 1139 0 0.919766 0.0802341 
 ----> 1.3#6.6#4.0#14.0#VAR 1140 0 0.914572 0.085428 
 ----> 1.3#6.6#4.0#14.0#VAR 1141 0 0.924512 0.0754883 
 ----> 1.3#6.6#4.0#14.0#VAR 1142 0 0.921053 0.0789467 
 ----> 1.3#6.6#4.0#14.0#VAR 1143 0 0.920881 0.0791192 
 ----> 1.3#6.6#4.0#14.0#VAR 1144 1 0.904364 0.095636 
 ----> 1.3#6.6#4.0#14.0#VAR 1145 0 0.922683 0.0773168 
 ----> 1.3#6.6#4.0#14.0#VAR 1146 0 0.916324 0.083676 
 ----> 1.3#6.6#4.0#14.0#VAR 1147 0 0.920167 0.0798332 
 ----> 1.3#6.6#4.0#14.0#VAR 1148 0 0.910521 0.0894787 
 ----> 1.3#6.6#4.0#14.0#VAR 1149 0 0.920238 0.0797618 
 ----> 1.3#6.6#4.0#14.0#VAR 1150 0 0.917213 0.0827865 
 ----> 1.3#6.6#4.0#14.0#VAR 1151 0 0.919743 0.0802573 
 ----> 1.3#6.6#4.0#14.0#VAR 1152 0 0.917748 0.0822522 
 ----> 1.3#6.6#4.0#14.0#VAR 1153 0 0.925736 0.0742639 
 ----> 1.3#6.6#4.0#14.0#VAR 1154 0 0.925905 0.0740953 
 ----> 1.3#6.6#4.0#14.0#VAR 1155 0 0.921268 0.0787316 
 ----> 1.3#6.6#4.0#14.0#VAR 1156 0 0.921163 0.0788366 
 ----> 1.3#6.6#4.0#14.0#VAR 1157 0 0.923271 0.0767291 
 ----> 1.3#6.6#4.0#14.0#VAR 1158 0 0.91579 0.0842099 
 ----> 1.3#6.6#4.0#14.0#VAR 1159 0 0.92095 0.0790504 
 ----> 1.3#6.6#4.0#14.0#VAR 1160 0 0.923567 0.0764332 
 ----> 1.3#6.6#4.0#14.0#VAR 1161 0 0.914536 0.0854639 
 ----> 1.3#6.6#4.0#14.0#VAR 1162 0 0.916724 0.0832765 
 ----> 1.3#6.6#4.0#14.0#VAR 1163 0 0.919867 0.080133 
 ----> 1.3#6.6#4.0#14.0#VAR 1164 0 0.916816 0.0831843 
 ----> 1.3#6.6#4.0#14.0#VAR 1165 0 0.916994 0.0830061 
 ----> 1.3#6.6#4.0#14.0#VAR 1166 1 0.913657 0.0863433 
 ----> 1.3#6.6#4.0#14.0#VAR 1167 0 0.922084 0.0779157 
 ----> 1.3#6.6#4.0#14.0#VAR 1168 0 0.925071 0.074929 
 ----> 1.3#6.6#4.0#14.0#VAR 1169 1 0.899335 0.100665 
 ----> 1.3#6.6#4.0#14.0#VAR 1170 0 0.916658 0.0833418 
 ----> 1.3#6.6#4.0#14.0#VAR 1171 0 0.910901 0.0890985 
 ----> 1.3#6.6#4.0#14.0#VAR 1172 0 0.91362 0.08638 
 ----> 1.3#6.6#4.0#14.0#VAR 1173 0 0.920444 0.0795559 
 ----> 1.3#6.6#4.0#14.0#VAR 1174 1 0.904334 0.0956656 
 ----> 1.3#6.6#4.0#14.0#VAR 1175 0 0.915828 0.0841717 
 ----> 1.3#6.6#4.0#14.0#VAR 1176 0 0.923824 0.0761764 
 ----> 1.3#6.6#4.0#14.0#VAR 1177 0 0.914269 0.0857305 
 ----> 1.3#6.6#4.0#14.0#VAR 1178 0 0.921457 0.0785432 
 ----> 1.3#6.6#4.0#14.0#VAR 1179 0 0.924545 0.0754548 
 ----> 1.3#6.6#4.0#14.0#VAR 1180 0 0.912591 0.0874087 
 ----> 1.3#6.6#4.0#14.0#VAR 1181 0 0.917772 0.0822277 
 ----> 1.3#6.6#4.0#14.0#VAR 1182 0 0.922638 0.0773622 
 ----> 1.3#6.6#4.0#14.0#VAR 1183 1 0.90681 0.0931896 
 ----> 1.3#6.6#4.0#14.0#VAR 1184 1 0.905503 0.0944974 
 ----> 1.3#6.6#4.0#14.0#VAR 1185 1 0.912857 0.0871431 
 ----> 1.3#6.6#4.0#14.0#VAR 1186 0 0.91766 0.0823404 
 ----> 1.3#6.6#4.0#14.0#VAR 1187 0 0.922709 0.0772911 
 ----> 1.3#6.6#4.0#14.0#VAR 1188 0 0.91843 0.0815703 
 ----> 1.3#6.6#4.0#14.0#VAR 1189 1 0.910182 0.0898176 
 ----> 1.3#6.6#4.0#14.0#VAR 1190 0 0.9261 0.0738996 
 ----> 1.3#6.6#4.0#14.0#VAR 1191 0 0.920956 0.0790437 
 ----> 1.3#6.6#4.0#14.0#VAR 1192 0 0.913831 0.0861692 
 ----> 1.3#6.6#4.0#14.0#VAR 1193 0 0.918229 0.0817708 
 ----> 1.3#6.6#4.0#14.0#VAR 1194 1 0.904314 0.0956864 
 ----> 1.3#6.6#4.0#14.0#VAR 1195 0 0.924877 0.0751232 
 ----> 1.3#6.6#4.0#14.0#VAR 1196 0 0.9248 0.0752004 
 ----> 1.3#6.6#4.0#14.0#VAR 1197 0 0.926264 0.0737362 
 ----> 1.3#6.6#4.0#14.0#VAR 1198 0 0.918585 0.0814149 
 ----> 1.3#6.6#4.0#14.0#VAR 1199 0 0.917961 0.0820388 
 ----> 1.3#6.6#4.0#14.0#VAR 1200 0 0.911827 0.0881726 
 ----> 1.3#6.6#4.0#14.0#VAR 1201 0 0.922616 0.0773839 
 ----> 1.3#6.6#4.0#14.0#VAR 1202 0 0.914683 0.0853175 
 ----> 1.3#6.6#4.0#14.0#VAR 1203 0 0.920549 0.0794509 
 ----> 1.3#6.6#4.0#14.0#VAR 1204 0 0.924325 0.0756753 
 ----> 1.3#6.6#4.0#14.0#VAR 1205 1 0.907376 0.0926239 
 ----> 1.3#6.6#4.0#14.0#VAR 1206 0 0.920857 0.0791427 
 ----> 1.3#6.6#4.0#14.0#VAR 1207 0 0.918964 0.0810359 
 ----> 1.3#6.6#4.0#14.0#VAR 1208 0 0.912125 0.087875 
 ----> 1.3#6.6#4.0#14.0#VAR 1209 0 0.925871 0.0741289 
 ----> 1.3#6.6#4.0#14.0#VAR 1210 0 0.924564 0.0754356 
 ----> 1.3#6.6#4.0#14.0#VAR 1211 0 0.916519 0.0834811 
 ----> 1.3#6.6#4.0#14.0#VAR 1212 0 0.921587 0.0784133 
 ----> 1.3#6.6#4.0#14.0#VAR 1213 0 0.919693 0.0803074 
 ----> 1.3#6.6#4.0#14.0#VAR 1214 0 0.916994 0.0830063 
 ----> 1.3#6.6#4.0#14.0#VAR 1215 0 0.91973 0.0802699 
 ----> 1.3#6.6#4.0#14.0#VAR 1216 0 0.918009 0.0819913 
 ----> 1.3#6.6#4.0#14.0#VAR 1217 0 0.916493 0.0835074 
 ----> 1.3#6.6#4.0#14.0#VAR 1218 0 0.919606 0.0803935 
 ----> 1.3#6.6#4.0#14.0#VAR 1219 0 0.914567 0.0854326 
 ----> 1.3#6.6#4.0#14.0#VAR 1220 0 0.921995 0.0780053 
 ----> 1.3#6.6#4.0#14.0#VAR 1221 0 0.923029 0.0769714 
 ----> 1.3#6.6#4.0#14.0#VAR 1222 0 0.913587 0.0864134 
 ----> 1.3#6.6#4.0#14.0#VAR 1223 0 0.920775 0.0792245 
 ----> 1.3#6.6#4.0#14.0#VAR 1224 0 0.920539 0.0794605 
 ----> 1.3#6.6#4.0#14.0#VAR 1225 0 0.930257 0.0697432 
 ----> 1.3#6.6#4.0#14.0#VAR 1226 0 0.927321 0.0726794 
 ----> 1.3#6.6#4.0#14.0#VAR 1227 0 0.919506 0.0804936 
 ----> 1.3#6.6#4.0#14.0#VAR 1228 0 0.918414 0.0815862 
 ----> 1.3#6.6#4.0#14.0#VAR 1229 0 0.912515 0.0874845 
 ----> 1.3#6.6#4.0#14.0#VAR 1230 0 0.92958 0.0704205 
 ----> 1.3#6.6#4.0#14.0#VAR 1231 0 0.924385 0.075615 
 ----> 1.3#6.6#4.0#14.0#VAR 1232 0 0.930473 0.0695267 
 ----> 1.3#6.6#4.0#14.0#VAR 1233 0 0.915304 0.0846961 
 ----> 1.3#6.6#4.0#14.0#VAR 1234 0 0.913443 0.0865566 
 ----> 1.3#6.6#4.0#14.0#VAR 1235 0 0.922853 0.0771469 
 ----> 1.3#6.6#4.0#14.0#VAR 1236 0 0.917277 0.0827235 
 ----> 1.3#6.6#4.0#14.0#VAR 1237 0 0.916648 0.0833522 
 ----> 1.3#6.6#4.0#14.0#VAR 1238 0 0.924968 0.0750316 
 ----> 1.3#6.6#4.0#14.0#VAR 1239 0 0.916384 0.0836159 
 ----> 1.3#6.6#4.0#14.0#VAR 1240 0 0.913213 0.0867873 
 ----> 1.3#6.6#4.0#14.0#VAR 1241 0 0.914451 0.0855493 
 ----> 1.3#6.6#4.0#14.0#VAR 1242 0 0.912996 0.0870045 
 ----> 1.3#6.6#4.0#14.0#VAR 1243 0 0.918333 0.0816673 
 ----> 1.3#6.6#4.0#14.0#VAR 1244 0 0.921814 0.0781856 
 ----> 1.3#6.6#4.0#14.0#VAR 1245 0 0.920678 0.0793217 
 ----> 1.3#6.6#4.0#14.0#VAR 1246 0 0.926775 0.0732248 
 ----> 1.3#6.6#4.0#14.0#VAR 1247 0 0.92229 0.0777101 
 ----> 1.3#6.6#4.0#14.0#VAR 1248 0 0.919689 0.0803111 
 ----> 1.3#6.6#4.0#14.0#VAR 1249 0 0.924699 0.0753006 
 ----> 1.3#6.6#4.0#14.0#VAR 1250 0 0.918716 0.0812838 
 ----> 1.3#6.6#4.0#14.0#VAR 1251 0 0.917551 0.0824487 
 ----> 1.3#6.6#4.0#14.0#VAR 1252 0 0.932481 0.0675185 
 ----> 1.3#6.6#4.0#14.0#VAR 1253 0 0.922652 0.0773481 
 ----> 1.3#6.6#4.0#14.0#VAR 1254 0 0.926575 0.0734253 
 ----> 1.3#6.6#4.0#14.0#VAR 1255 0 0.924968 0.0750318 
 ----> 1.3#6.6#4.0#14.0#VAR 1256 0 0.915236 0.0847641 
 ----> 1.3#6.6#4.0#14.0#VAR 1257 0 0.921201 0.0787989 
 ----> 1.3#6.6#4.0#14.0#VAR 1258 0 0.920287 0.0797125 
 ----> 1.3#6.6#4.0#14.0#VAR 1259 0 0.922975 0.0770247 
 ----> 1.3#6.6#4.0#14.0#VAR 1260 0 0.921812 0.0781877 
 ----> 1.3#6.6#4.0#14.0#VAR 1261 0 0.918987 0.0810126 
 ----> 1.3#6.6#4.0#14.0#VAR 1262 1 0.891208 0.108792 
 ----> 1.3#6.6#4.0#14.0#VAR 1263 0 0.919776 0.0802236 
 ----> 1.3#6.6#4.0#14.0#VAR 1264 0 0.915382 0.0846178 
 ----> 1.3#6.6#4.0#14.0#VAR 1265 0 0.913921 0.0860793 
 ----> 1.3#6.6#4.0#14.0#VAR 1266 0 0.913355 0.0866452 
 ----> 1.3#6.6#4.0#14.0#VAR 1267 0 0.919188 0.0808125 
 ----> 1.3#6.6#4.0#14.0#VAR 1268 0 0.923793 0.0762065 
 ----> 1.3#6.6#4.0#14.0#VAR 1269 0 0.924015 0.0759852 
 ----> 1.3#6.6#4.0#14.0#VAR 1270 0 0.932041 0.0679589 
 ----> 1.3#6.6#4.0#14.0#VAR 1271 0 0.919183 0.0808167 
 ----> 1.3#6.6#4.0#14.0#VAR 1272 0 0.918016 0.0819839 
 ----> 1.3#6.6#4.0#14.0#VAR 1273 0 0.926904 0.0730964 
 ----> 1.3#6.6#4.0#14.0#VAR 1274 0 0.923922 0.0760775 
 ----> 1.3#6.6#4.0#14.0#VAR 1275 0 0.920204 0.0797956 
 ----> 1.3#6.6#4.0#14.0#VAR 1276 1 0.906977 0.0930234 
 ----> 1.3#6.6#4.0#14.0#VAR 1277 0 0.918775 0.0812245 
 ----> 1.3#6.6#4.0#14.0#VAR 1278 0 0.930654 0.0693457 
 ----> 1.3#6.6#4.0#14.0#VAR 1279 0 0.916379 0.0836211 
 ----> 1.3#6.6#4.0#14.0#VAR 1280 0 0.922003 0.077997 
 ----> 1.3#6.6#4.0#14.0#VAR 1281 0 0.925665 0.0743353 
 ----> 1.3#6.6#4.0#14.0#VAR 1282 1 0.902525 0.0974751 
 ----> 1.3#6.6#4.0#14.0#VAR 1283 0 0.924318 0.0756817 
 ----> 1.3#6.6#4.0#14.0#VAR 1284 0 0.918809 0.0811907 
 ----> 1.3#6.6#4.0#14.0#VAR 1285 0 0.918887 0.0811132 
 ----> 1.3#6.6#4.0#14.0#VAR 1286 1 0.907723 0.092277 
 ----> 1.3#6.6#4.0#14.0#VAR 1287 0 0.919763 0.0802369 
 ----> 1.3#6.6#4.0#14.0#VAR 1288 0 0.919039 0.0809605 
 ----> 1.3#6.6#4.0#14.0#VAR 1289 0 0.91586 0.0841401 
 ----> 1.3#6.6#4.0#14.0#VAR 1290 0 0.924111 0.0758891 
 ----> 1.3#6.6#4.0#14.0#VAR 1291 0 0.920922 0.0790776 
 ----> 1.3#6.6#4.0#14.0#VAR 1292 0 0.919711 0.0802889 
 ----> 1.3#6.6#4.0#14.0#VAR 1293 0 0.92346 0.0765405 
 ----> 1.3#6.6#4.0#14.0#VAR 1294 0 0.924841 0.075159 
 ----> 1.3#6.6#4.0#14.0#VAR 1295 0 0.926974 0.0730257 
 ----> 1.3#6.6#4.0#14.0#VAR 1296 0 0.924834 0.0751664 
 ----> 1.3#6.6#4.0#14.0#VAR 1297 0 0.924094 0.0759058 
 ----> 1.3#6.6#4.0#14.0#VAR 1298 1 0.895782 0.104218 
 ----> 1.3#6.6#4.0#14.0#VAR 1299 0 0.914967 0.085033 
 ----> 1.3#6.6#4.0#14.0#VAR 1300 1 0.870691 0.129309 
 ----> 1.3#6.6#4.0#14.0#VAR 1301 0 0.918079 0.0819209 
 ----> 1.3#6.6#4.0#14.0#VAR 1302 0 0.927945 0.0720551 
 ----> 1.3#6.6#4.0#14.0#VAR 1303 0 0.927678 0.0723222 
 ----> 1.3#6.6#4.0#14.0#VAR 1304 0 0.92204 0.0779597 
 ----> 1.3#6.6#4.0#14.0#VAR 1305 0 0.919644 0.080356 
 ----> 1.3#6.6#4.0#14.0#VAR 1306 0 0.916089 0.0839109 
 ----> 1.3#6.6#4.0#14.0#VAR 1307 1 0.908065 0.0919347 
 ----> 1.3#6.6#4.0#14.0#VAR 1308 0 0.922314 0.0776855 
 ----> 1.3#6.6#4.0#14.0#VAR 1309 0 0.923653 0.0763471 
 ----> 1.3#6.6#4.0#14.0#VAR 1310 1 0.909261 0.0907392 
 ----> 1.3#6.6#4.0#14.0#VAR 1311 0 0.922232 0.0777675 
 ----> 1.3#6.6#4.0#14.0#VAR 1312 0 0.922541 0.0774594 
 ----> 1.3#6.6#4.0#14.0#VAR 1313 0 0.914771 0.0852294 
 ----> 1.3#6.6#4.0#14.0#VAR 1314 0 0.926135 0.0738649 
 ----> 1.3#6.6#4.0#14.0#VAR 1315 0 0.920446 0.0795545 
 ----> 1.3#6.6#4.0#14.0#VAR 1316 1 0.911374 0.0886262 
 ----> 1.3#6.6#4.0#14.0#VAR 1317 0 0.917267 0.0827333 
 ----> 1.3#6.6#4.0#14.0#VAR 1318 0 0.921881 0.0781186 
 ----> 1.3#6.6#4.0#14.0#VAR 1319 0 0.919469 0.0805315 
 ----> 1.3#6.6#4.0#14.0#VAR 1320 0 0.918735 0.0812652 
 ----> 1.3#6.6#4.0#14.0#VAR 1321 0 0.923135 0.0768653 
 ----> 1.3#6.6#4.0#14.0#VAR 1322 0 0.914221 0.0857794 
 ----> 1.3#6.6#4.0#14.0#VAR 1323 0 0.925107 0.0748935 
 ----> 1.3#6.6#4.0#14.0#VAR 1324 0 0.914632 0.0853679 
 ----> 1.3#6.6#4.0#14.0#VAR 1325 0 0.917681 0.0823191 
 ----> 1.3#6.6#4.0#14.0#VAR 1326 0 0.922853 0.0771465 
 ----> 1.3#6.6#4.0#14.0#VAR 1327 0 0.921707 0.0782932 
 ----> 1.3#6.6#4.0#14.0#VAR 1328 0 0.914737 0.0852629 
 ----> 1.3#6.6#4.0#14.0#VAR 1329 0 0.917879 0.0821206 
 ----> 1.3#6.6#4.0#14.0#VAR 1330 0 0.920729 0.0792708 
 ----> 1.3#6.6#4.0#14.0#VAR 1331 0 0.916196 0.0838037 
 ----> 1.3#6.6#4.0#14.0#VAR 1332 0 0.917076 0.0829244 
 ----> 1.3#6.6#4.0#14.0#VAR 1333 0 0.922612 0.0773881 
 ----> 1.3#6.6#4.0#14.0#VAR 1334 0 0.925735 0.0742651 
 ----> 1.3#6.6#4.0#14.0#VAR 1335 0 0.924654 0.0753461 
 ----> 1.3#6.6#4.0#14.0#VAR 1336 0 0.917655 0.0823447 
 ----> 1.3#6.6#4.0#14.0#VAR 1337 0 0.921926 0.0780744 
 ----> 1.3#6.6#4.0#14.0#VAR 1338 0 0.92132 0.0786803 
 ----> 1.3#6.6#4.0#14.0#VAR 1339 0 0.916384 0.0836161 
 ----> 1.3#6.6#4.0#14.0#VAR 1340 0 0.926252 0.0737481 
 ----> 1.3#6.6#4.0#14.0#VAR 1341 0 0.912133 0.0878674 
 ----> 1.3#6.6#4.0#14.0#VAR 1342 0 0.92202 0.07798 
 ----> 1.3#6.6#4.0#14.0#VAR 1343 0 0.914533 0.0854672 
 ----> 1.3#6.6#4.0#14.0#VAR 1344 0 0.915815 0.0841853 
 ----> 1.3#6.6#4.0#14.0#VAR 1345 0 0.927277 0.0727233 
 ----> 1.3#6.6#4.0#14.0#VAR 1346 0 0.928922 0.071078 
 ----> 1.3#6.6#4.0#14.0#VAR 1347 1 0.901527 0.0984734 
 ----> 1.3#6.6#4.0#14.0#VAR 1348 0 0.929641 0.0703594 
 ----> 1.3#6.6#4.0#14.0#VAR 1349 0 0.911334 0.0886665 
 ----> 1.3#6.6#4.0#14.0#VAR 1350 0 0.926901 0.0730986 
 ----> 1.3#6.6#4.0#14.0#VAR 1351 0 0.920877 0.0791227 
 ----> 1.3#6.6#4.0#14.0#VAR 1352 0 0.921359 0.0786411 
 ----> 1.3#6.6#4.0#14.0#VAR 1353 0 0.924806 0.0751938 
 ----> 1.3#6.6#4.0#14.0#VAR 1354 0 0.915851 0.084149 
 ----> 1.3#6.6#4.0#14.0#VAR 1355 0 0.927061 0.0729391 
 ----> 1.3#6.6#4.0#14.0#VAR 1356 0 0.920232 0.0797675 
 ----> 1.3#6.6#4.0#14.0#VAR 1357 0 0.921548 0.0784516 
 ----> 1.3#6.6#4.0#14.0#VAR 1358 0 0.92 0.08 
 ----> 1.3#6.6#4.0#14.0#VAR 1359 0 0.929273 0.070727 
 ----> 1.3#6.6#4.0#14.0#VAR 1360 1 0.881944 0.118056 
 ----> 1.3#6.6#4.0#14.0#VAR 1361 0 0.912314 0.0876861 
 ----> 1.3#6.6#4.0#14.0#VAR 1362 0 0.924202 0.0757983 
 ----> 1.3#6.6#4.0#14.0#VAR 1363 1 0.896824 0.103176 
 ----> 1.3#6.6#4.0#14.0#VAR 1364 0 0.925447 0.0745526 
 ----> 1.3#6.6#4.0#14.0#VAR 1365 0 0.928721 0.0712794 
 ----> 1.3#6.6#4.0#14.0#VAR 1366 0 0.91646 0.0835403 
 ----> 1.3#6.6#4.0#14.0#VAR 1367 0 0.923924 0.0760765 
 ----> 1.3#6.6#4.0#14.0#VAR 1368 0 0.924564 0.0754356 
 ----> 1.3#6.6#4.0#14.0#VAR 1369 0 0.928785 0.0712149 
 ----> 1.3#6.6#4.0#14.0#VAR 1370 0 0.919708 0.0802923 
 ----> 1.3#6.6#4.0#14.0#VAR 1371 0 0.913342 0.0866582 
 ----> 1.3#6.6#4.0#14.0#VAR 1372 0 0.921595 0.0784047 
 ----> 1.3#6.6#4.0#14.0#VAR 1373 0 0.919932 0.0800678 
 ----> 1.3#6.6#4.0#14.0#VAR 1374 0 0.914861 0.0851391 
 ----> 1.3#6.6#4.0#14.0#VAR 1375 0 0.919907 0.0800933 
 ----> 1.3#6.6#4.0#14.0#VAR 1376 0 0.921667 0.0783328 
 ----> 1.3#6.6#4.0#14.0#VAR 1377 0 0.929365 0.0706355 
 ----> 1.3#6.6#4.0#14.0#VAR 1378 1 0.913132 0.0868679 
 ----> 1.3#6.6#4.0#14.0#VAR 1379 0 0.913893 0.086107 
 ----> 1.3#6.6#4.0#14.0#VAR 1380 0 0.919695 0.0803046 
 ----> 1.3#6.6#4.0#14.0#VAR 1381 0 0.922019 0.0779808 
 ----> 1.3#6.6#4.0#14.0#VAR 1382 0 0.927048 0.0729522 
 ----> 1.3#6.6#4.0#14.0#VAR 1383 0 0.920147 0.0798533 
 ----> 1.3#6.6#4.0#14.0#VAR 1384 0 0.918531 0.0814686 
 ----> 1.3#6.6#4.0#14.0#VAR 1385 0 0.918827 0.081173 
 ----> 1.3#6.6#4.0#14.0#VAR 1386 0 0.91595 0.0840498 
 ----> 1.3#6.6#4.0#14.0#VAR 1387 0 0.924561 0.0754391 
 ----> 1.3#6.6#4.0#14.0#VAR 1388 0 0.930487 0.0695133 
 ----> 1.3#6.6#4.0#14.0#VAR 1389 0 0.919692 0.0803075 
 ----> 1.3#6.6#4.0#14.0#VAR 1390 1 0.908421 0.0915794 
 ----> 1.3#6.6#4.0#14.0#VAR 1391 1 0.915094 0.0849057 
 ----> 1.3#6.6#4.0#14.0#VAR 1392 0 0.920723 0.0792768 
 ----> 1.3#6.6#4.0#14.0#VAR 1393 0 0.922737 0.0772628 
 ----> 1.3#6.6#4.0#14.0#VAR 1394 0 0.921179 0.0788208 
 ----> 1.3#6.6#4.0#14.0#VAR 1395 0 0.921583 0.0784174 
 ----> 1.3#6.6#4.0#14.0#VAR 1396 0 0.922865 0.0771353 
 ----> 1.3#6.6#4.0#14.0#VAR 1397 0 0.919389 0.0806108 
 ----> 1.3#6.6#4.0#14.0#VAR 1398 0 0.919796 0.0802043 
 ----> 1.3#6.6#4.0#14.0#VAR 1399 0 0.93055 0.0694497 
 ----> 1.3#6.6#4.0#14.0#VAR 1400 1 0.911905 0.0880953 
 ----> 1.3#6.6#4.0#14.0#VAR 1401 0 0.91875 0.0812496 
 ----> 1.3#6.6#4.0#14.0#VAR 1402 0 0.919717 0.0802834 
 ----> 1.3#6.6#4.0#14.0#VAR 1403 0 0.925968 0.0740322 
 ----> 1.3#6.6#4.0#14.0#VAR 1404 0 0.926829 0.0731708 
 ----> 1.3#6.6#4.0#14.0#VAR 1405 0 0.922983 0.0770168 
 ----> 1.3#6.6#4.0#14.0#VAR 1406 0 0.922813 0.0771865 
 ----> 1.3#6.6#4.0#14.0#VAR 1407 0 0.924681 0.0753185 
 ----> 1.3#6.6#4.0#14.0#VAR 1408 0 0.929179 0.070821 
 ----> 1.3#6.6#4.0#14.0#VAR 1409 0 0.918058 0.0819418 
 ----> 1.3#6.6#4.0#14.0#VAR 1410 0 0.928853 0.0711472 
 ----> 1.3#6.6#4.0#14.0#VAR 1411 0 0.917302 0.0826979 
 ----> 1.3#6.6#4.0#14.0#VAR 1412 0 0.914514 0.0854856 
 ----> 1.3#6.6#4.0#14.0#VAR 1413 0 0.928128 0.0718723 
 ----> 1.3#6.6#4.0#14.0#VAR 1414 0 0.923006 0.0769942 
 ----> 1.3#6.6#4.0#14.0#VAR 1415 0 0.923814 0.0761855 
 ----> 1.3#6.6#4.0#14.0#VAR 1416 0 0.926516 0.0734842 
 ----> 1.3#6.6#4.0#14.0#VAR 1417 0 0.924314 0.0756862 
 ----> 1.3#6.6#4.0#14.0#VAR 1418 0 0.925476 0.0745242 
 ----> 1.3#6.6#4.0#14.0#VAR 1419 0 0.929971 0.070029 
 ----> 1.3#6.6#4.0#14.0#VAR 1420 0 0.921554 0.0784456 
 ----> 1.3#6.6#4.0#14.0#VAR 1421 0 0.923715 0.0762849 
 ----> 1.3#6.6#4.0#14.0#VAR 1422 0 0.927639 0.0723606 
 ----> 1.3#6.6#4.0#14.0#VAR 1423 0 0.925046 0.0749538 
 ----> 1.3#6.6#4.0#14.0#VAR 1424 0 0.926838 0.0731622 
 ----> 1.3#6.6#4.0#14.0#VAR 1425 0 0.922407 0.0775931 
 ----> 1.3#6.6#4.0#14.0#VAR 1426 0 0.9199 0.0801001 
 ----> 1.3#6.6#4.0#14.0#VAR 1427 0 0.918445 0.0815551 
 ----> 1.3#6.6#4.0#14.0#VAR 1428 0 0.924833 0.0751665 
 ----> 1.3#6.6#4.0#14.0#VAR 1429 0 0.920554 0.0794458 
 ----> 1.3#6.6#4.0#14.0#VAR 1430 0 0.923216 0.076784 
 ----> 1.3#6.6#4.0#14.0#VAR 1431 0 0.920128 0.0798723 
 ----> 1.3#6.6#4.0#14.0#VAR 1432 1 0.910988 0.0890121 
 ----> 1.3#6.6#4.0#14.0#VAR 1433 0 0.918168 0.081832 
 ----> 1.3#6.6#4.0#14.0#VAR 1434 0 0.923768 0.0762318 
 ----> 1.3#6.6#4.0#14.0#VAR 1435 0 0.910262 0.0897379 
 ----> 1.3#6.6#4.0#14.0#VAR 1436 0 0.924414 0.0755858 
 ----> 1.3#6.6#4.0#14.0#VAR 1437 0 0.93097 0.0690304 
 ----> 1.3#6.6#4.0#14.0#VAR 1438 0 0.924182 0.0758185 
 ----> 1.3#6.6#4.0#14.0#VAR 1439 0 0.922791 0.0772089 
 ----> 1.3#6.6#4.0#14.0#VAR 1440 0 0.915511 0.0844894 
 ----> 1.3#6.6#4.0#14.0#VAR 1441 0 0.913614 0.0863861 
 ----> 1.3#6.6#4.0#14.0#VAR 1442 0 0.91276 0.0872402 
 ----> 1.3#6.6#4.0#14.0#VAR 1443 0 0.924055 0.0759445 
 ----> 1.3#6.6#4.0#14.0#VAR 1444 0 0.923831 0.0761687 
 ----> 1.3#6.6#4.0#14.0#VAR 1445 0 0.924863 0.0751368 
 ----> 1.3#6.6#4.0#14.0#VAR 1446 0 0.923634 0.0763661 
 ----> 1.3#6.6#4.0#14.0#VAR 1447 0 0.916065 0.0839351 
 ----> 1.3#6.6#4.0#14.0#VAR 1448 0 0.916891 0.0831087 
 ----> 1.3#6.6#4.0#14.0#VAR 1449 0 0.927559 0.0724409 
 ----> 1.3#6.6#4.0#14.0#VAR 1450 0 0.919462 0.0805379 
 ----> 1.3#6.6#4.0#14.0#VAR 1451 0 0.925927 0.0740729 
 ----> 1.3#6.6#4.0#14.0#VAR 1452 1 0.914971 0.0850285 
 ----> 1.3#6.6#4.0#14.0#VAR 1453 0 0.925828 0.0741724 
 ----> 1.3#6.6#4.0#14.0#VAR 1454 0 0.928746 0.0712537 
 ----> 1.3#6.6#4.0#14.0#VAR 1455 0 0.924086 0.0759143 
 ----> 1.3#6.6#4.0#14.0#VAR 1456 0 0.925004 0.074996 
 ----> 1.3#6.6#4.0#14.0#VAR 1457 0 0.922781 0.0772186 
 ----> 1.3#6.6#4.0#14.0#VAR 1458 0 0.925768 0.0742325 
 ----> 1.3#6.6#4.0#14.0#VAR 1459 0 0.930838 0.0691621 
 ----> 1.3#6.6#4.0#14.0#VAR 1460 0 0.916143 0.0838567 
 ----> 1.3#6.6#4.0#14.0#VAR 1461 0 0.925275 0.0747247 
 ----> 1.3#6.6#4.0#14.0#VAR 1462 0 0.920456 0.079544 
 ----> 1.3#6.6#4.0#14.0#VAR 1463 0 0.928409 0.0715906 
 ----> 1.3#6.6#4.0#14.0#VAR 1464 0 0.927258 0.0727415 
 ----> 1.3#6.6#4.0#14.0#VAR 1465 0 0.929005 0.0709954 
 ----> 1.3#6.6#4.0#14.0#VAR 1466 0 0.925259 0.0747412 
 ----> 1.3#6.6#4.0#14.0#VAR 1467 0 0.926317 0.0736825 
 ----> 1.3#6.6#4.0#14.0#VAR 1468 0 0.924381 0.0756185 
 ----> 1.3#6.6#4.0#14.0#VAR 1469 0 0.919942 0.0800575 
 ----> 1.3#6.6#4.0#14.0#VAR 1470 0 0.92804 0.0719595 
 ----> 1.3#6.6#4.0#14.0#VAR 1471 0 0.912614 0.0873862 
 ----> 1.3#6.6#4.0#14.0#VAR 1472 0 0.923705 0.0762946 
 ----> 1.3#6.6#4.0#14.0#VAR 1473 0 0.924258 0.075742 
 ----> 1.3#6.6#4.0#14.0#VAR 1474 0 0.917622 0.0823785 
 ----> 1.3#6.6#4.0#14.0#VAR 1475 1 0.924109 0.0758913 
 ----> 1.3#6.6#4.0#14.0#VAR 1476 1 0.93015 0.0698498 
 ----> 1.3#6.6#4.0#14.0#VAR 1477 1 0.922255 0.0777452 
 ----> 1.3#6.6#4.0#14.0#VAR 1478 0 0.919482 0.0805185 
 ----> 1.3#6.6#4.0#14.0#VAR 1479 0 0.926418 0.0735817 
 ----> 1.3#6.6#4.0#14.0#VAR 1480 0 0.927413 0.0725869 
 ----> 1.3#6.6#4.0#14.0#VAR 1481 0 0.924091 0.0759091 
 ----> 1.3#6.6#4.0#14.0#VAR 1482 0 0.9198 0.0802003 
 ----> 1.3#6.6#4.0#14.0#VAR 1483 0 0.91637 0.0836299 
 ----> 1.3#6.6#4.0#14.0#VAR 1484 0 0.912453 0.0875475 
 ----> 1.3#6.6#4.0#14.0#VAR 1485 0 0.927618 0.0723818 
 ----> 1.3#6.6#4.0#14.0#VAR 1486 0 0.926076 0.0739236 
 ----> 1.3#6.6#4.0#14.0#VAR 1487 0 0.926024 0.0739764 
 ----> 1.3#6.6#4.0#14.0#VAR 1488 0 0.920564 0.0794355 
 ----> 1.3#6.6#4.0#14.0#VAR 1489 1 0.927428 0.0725724 
 ----> 1.3#6.6#4.0#14.0#VAR 1490 0 0.923314 0.0766856 
 ----> 1.3#6.6#4.0#14.0#VAR 1491 0 0.921039 0.0789609 
 ----> 1.3#6.6#4.0#14.0#VAR 1492 0 0.922559 0.0774411 
 ----> 1.3#6.6#4.0#14.0#VAR 1493 0 0.919615 0.0803847 
 ----> 1.3#6.6#4.0#14.0#VAR 1494 0 0.916447 0.0835533 
 ----> 1.3#6.6#4.0#14.0#VAR 1495 0 0.919185 0.080815 
 ----> 1.3#6.6#4.0#14.0#VAR 1496 0 0.916475 0.0835248 
 ----> 1.3#6.6#4.0#14.0#VAR 1497 0 0.923403 0.0765967 
 ----> 1.3#6.6#4.0#14.0#VAR 1498 0 0.92453 0.0754702 
 ----> 1.3#6.6#4.0#14.0#VAR 1499 1 0.918573 0.0814274 
 ----> 1.3#6.6#4.0#14.0#VAR 1500 0 0.921683 0.078317 
 ----> 1.3#6.6#4.0#14.0#VAR 1501 0 0.922554 0.0774461 
 ----> 1.3#6.6#4.0#14.0#VAR 1502 0 0.918187 0.0818132 
 ----> 1.3#6.6#4.0#14.0#VAR 1503 0 0.921171 0.0788288 
 ----> 1.3#6.6#4.0#14.0#VAR 1504 0 0.922117 0.0778833 
 ----> 1.3#6.6#4.0#14.0#VAR 1505 1 0.911771 0.0882288 
 ----> 1.3#6.6#4.0#14.0#VAR 1506 0 0.920935 0.0790646 
 ----> 1.3#6.6#4.0#14.0#VAR 1507 0 0.916605 0.0833947 
 ----> 1.3#6.6#4.0#14.0#VAR 1508 0 0.925713 0.0742868 
 ----> 1.3#6.6#4.0#14.0#VAR 1509 0 0.921676 0.0783239 
 ----> 1.3#6.6#4.0#14.0#VAR 1510 0 0.912256 0.0877435 
 ----> 1.3#6.6#4.0#14.0#VAR 1511 0 0.916734 0.0832658 
 ----> 1.3#6.6#4.0#14.0#VAR 1512 0 0.928848 0.0711515 
 ----> 1.3#6.6#4.0#14.0#VAR 1513 0 0.927054 0.0729461 
 ----> 1.3#6.6#4.0#14.0#VAR 1514 1 0.921758 0.0782416 
 ----> 1.3#6.6#4.0#14.0#VAR 1515 0 0.923013 0.0769874 
 ----> 1.3#6.6#4.0#14.0#VAR 1516 0 0.920261 0.0797395 
 ----> 1.3#6.6#4.0#14.0#VAR 1517 0 0.92257 0.07743 
 ----> 1.3#6.6#4.0#14.0#VAR 1518 0 0.920456 0.079544 
 ----> 1.3#6.6#4.0#14.0#VAR 1519 0 0.921681 0.0783185 
 ----> 1.3#6.6#4.0#14.0#VAR 1520 0 0.916101 0.083899 
 ----> 1.3#6.6#4.0#14.0#VAR 1521 0 0.929736 0.0702642 
 ----> 1.3#6.6#4.0#14.0#VAR 1522 1 0.913451 0.086549 
 ----> 1.3#6.6#4.0#14.0#VAR 1523 1 0.918845 0.0811552 
 ----> 1.3#6.6#4.0#14.0#VAR 1524 0 0.920913 0.0790866 
 ----> 1.3#6.6#4.0#14.0#VAR 1525 0 0.920809 0.0791911 
 ----> 1.3#6.6#4.0#14.0#VAR 1526 1 0.919192 0.0808077 
 ----> 1.3#6.6#4.0#14.0#VAR 1527 0 0.915514 0.0844857 
 ----> 1.3#6.6#4.0#14.0#VAR 1528 0 0.919761 0.0802385 
 ----> 1.3#6.6#4.0#14.0#VAR 1529 0 0.928627 0.0713733 
 ----> 1.3#6.6#4.0#14.0#VAR 1530 0 0.928033 0.0719666 
 ----> 1.3#6.6#4.0#14.0#VAR 1531 0 0.918182 0.0818182 
 ----> 1.3#6.6#4.0#14.0#VAR 1532 0 0.919433 0.0805665 
 ----> 1.3#6.6#4.0#14.0#VAR 1533 0 0.922603 0.0773972 
 ----> 1.3#6.6#4.0#14.0#VAR 1534 0 0.919622 0.0803782 
 ----> 1.3#6.6#4.0#14.0#VAR 1535 0 0.91524 0.0847601 
 ----> 1.3#6.6#4.0#14.0#VAR 1536 1 0.93398 0.0660202 
 ----> 1.3#6.6#4.0#14.0#VAR 1537 0 0.920258 0.0797418 
 ----> 1.3#6.6#4.0#14.0#VAR 1538 1 0.921765 0.078235 
 ----> 1.3#6.6#4.0#14.0#VAR 1539 1 0.917842 0.0821582 
 ----> 1.3#6.6#4.0#14.0#VAR 1540 1 0.916547 0.0834534 
 ----> 1.3#6.6#4.0#14.0#VAR 1541 0 0.931711 0.0682891 
 ----> 1.3#6.6#4.0#14.0#VAR 1542 0 0.920797 0.079203 
 ----> 1.3#6.6#4.0#14.0#VAR 1543 0 0.929619 0.0703812 
 ----> 1.3#6.6#4.0#14.0#VAR 1544 0 0.92563 0.0743698 
 ----> 1.3#6.6#4.0#14.0#VAR 1545 0 0.923383 0.0766167 
 ----> 1.3#6.6#4.0#14.0#VAR 1546 0 0.923109 0.0768915 
 ----> 1.3#6.6#4.0#14.0#VAR 1547 0 0.915594 0.0844058 
 ----> 1.3#6.6#4.0#14.0#VAR 1548 1 0.926622 0.0733781 
 ----> 1.3#6.6#4.0#14.0#VAR 1549 1 0.921148 0.0788518 
 ----> 1.3#6.6#4.0#14.0#VAR 1550 0 0.912434 0.0875658 
 ----> 1.3#6.6#4.0#14.0#VAR 1551 0 0.921392 0.0786075 
 ----> 1.3#6.6#4.0#14.0#VAR 1552 1 0.916274 0.0837255 
 ----> 1.3#6.6#4.0#14.0#VAR 1553 0 0.930813 0.0691867 
 ----> 1.3#6.6#4.0#14.0#VAR 1554 0 0.912351 0.0876485 
 ----> 1.3#6.6#4.0#14.0#VAR 1555 0 0.919543 0.0804569 
 ----> 1.3#6.6#4.0#14.0#VAR 1556 0 0.921705 0.0782953 
 ----> 1.3#6.6#4.0#14.0#VAR 1557 1 0.92477 0.0752303 
 ----> 1.3#6.6#4.0#14.0#VAR 1558 0 0.924808 0.0751923 
 ----> 1.3#6.6#4.0#14.0#VAR 1559 0 0.920781 0.0792189 
 ----> 1.3#6.6#4.0#14.0#VAR 1560 0 0.914172 0.085828 
 ----> 1.3#6.6#4.0#14.0#VAR 1561 1 0.91945 0.0805503 
 ----> 1.3#6.6#4.0#14.0#VAR 1562 0 0.923415 0.0765854 
 ----> 1.3#6.6#4.0#14.0#VAR 1563 0 0.92207 0.0779304 
 ----> 1.3#6.6#4.0#14.0#VAR 1564 0 0.925174 0.0748257 
 ----> 1.3#6.6#4.0#14.0#VAR 1565 0 0.922988 0.0770115 
 ----> 1.3#6.6#4.0#14.0#VAR 1566 0 0.925949 0.074051 
 ----> 1.3#6.6#4.0#14.0#VAR 1567 0 0.924519 0.0754811 
 ----> 1.3#6.6#4.0#14.0#VAR 1568 1 0.926403 0.0735972 
 ----> 1.3#6.6#4.0#14.0#VAR 1569 0 0.926555 0.0734445 
 ----> 1.3#6.6#4.0#14.0#VAR 1570 0 0.918134 0.0818658 
 ----> 1.3#6.6#4.0#14.0#VAR 1571 0 0.930809 0.0691913 
 ----> 1.3#6.6#4.0#14.0#VAR 1572 1 0.924241 0.0757595 
 ----> 1.3#6.6#4.0#14.0#VAR 1573 0 0.927007 0.0729933 
 ----> 1.3#6.6#4.0#14.0#VAR 1574 0 0.928876 0.0711243 
 ----> 1.3#6.6#4.0#14.0#VAR 1575 0 0.91866 0.0813405 
 ----> 1.3#6.6#4.0#14.0#VAR 1576 0 0.927059 0.0729406 
 ----> 1.3#6.6#4.0#14.0#VAR 1577 0 0.927141 0.0728594 
 ----> 1.3#6.6#4.0#14.0#VAR 1578 0 0.928132 0.0718682 
 ----> 1.3#6.6#4.0#14.0#VAR 1579 0 0.922919 0.0770808 
 ----> 1.3#6.6#4.0#14.0#VAR 1580 0 0.920238 0.0797616 
 ----> 1.3#6.6#4.0#14.0#VAR 1581 0 0.917242 0.0827584 
 ----> 1.3#6.6#4.0#14.0#VAR 1582 0 0.930177 0.0698228 
 ----> 1.3#6.6#4.0#14.0#VAR 1583 0 0.915957 0.084043 
 ----> 1.3#6.6#4.0#14.0#VAR 1584 0 0.931304 0.0686956 
 ----> 1.3#6.6#4.0#14.0#VAR 1585 1 0.928375 0.0716251 
 ----> 1.3#6.6#4.0#14.0#VAR 1586 1 0.916571 0.0834292 
 ----> 1.3#6.6#4.0#14.0#VAR 1587 1 0.928091 0.0719086 
 ----> 1.3#6.6#4.0#14.0#VAR 1588 0 0.926249 0.0737511 
 ----> 1.3#6.6#4.0#14.0#VAR 1589 0 0.929658 0.0703423 
 ----> 1.3#6.6#4.0#14.0#VAR 1590 0 0.912871 0.0871293 
 ----> 1.3#6.6#4.0#14.0#VAR 1591 1 0.933475 0.0665247 
 ----> 1.3#6.6#4.0#14.0#VAR 1592 1 0.931126 0.0688744 
 ----> 1.3#6.6#4.0#14.0#VAR 1593 0 0.927704 0.0722965 
 ----> 1.3#6.6#4.0#14.0#VAR 1594 0 0.921062 0.078938 
 ----> 1.3#6.6#4.0#14.0#VAR 1595 1 0.927058 0.0729415 
 ----> 1.3#6.6#4.0#14.0#VAR 1596 0 0.924177 0.0758233 
 ----> 1.3#6.6#4.0#14.0#VAR 1597 1 0.923877 0.076123 
 ----> 1.3#6.6#4.0#14.0#VAR 1598 1 0.914292 0.0857081 
 ----> 1.3#6.6#4.0#14.0#VAR 1599 1 0.917346 0.0826535 
 ----> 1.3#6.6#4.0#14.0#VAR 1600 0 0.927458 0.0725425 
 ----> 1.3#6.6#4.0#14.0#VAR 1601 0 0.921684 0.0783162 
 ----> 1.3#6.6#4.0#14.0#VAR 1602 1 0.916592 0.0834085 
 ----> 1.3#6.6#4.0#14.0#VAR 1603 0 0.925365 0.0746348 
 ----> 1.3#6.6#4.0#14.0#VAR 1604 1 0.915208 0.0847921 
 ----> 1.3#6.6#4.0#14.0#VAR 1605 0 0.929727 0.0702729 
 ----> 1.3#6.6#4.0#14.0#VAR 1606 0 0.929905 0.0700948 
 ----> 1.3#6.6#4.0#14.0#VAR 1607 1 0.926529 0.0734709 
 ----> 1.3#6.6#4.0#14.0#VAR 1608 1 0.925578 0.0744216 
 ----> 1.3#6.6#4.0#14.0#VAR 1609 0 0.921516 0.078484 
 ----> 1.3#6.6#4.0#14.0#VAR 1610 1 0.92175 0.0782496 
 ----> 1.3#6.6#4.0#14.0#VAR 1611 1 0.923823 0.0761768 
 ----> 1.3#6.6#4.0#14.0#VAR 1612 1 0.91846 0.0815396 
 ----> 1.3#6.6#4.0#14.0#VAR 1613 0 0.922261 0.0777387 
 ----> 1.3#6.6#4.0#14.0#VAR 1614 1 0.925656 0.0743439 
 ----> 1.3#6.6#4.0#14.0#VAR 1615 1 0.914463 0.0855372 
 ----> 1.3#6.6#4.0#14.0#VAR 1616 1 0.921657 0.0783425 
 ----> 1.3#6.6#4.0#14.0#VAR 1617 0 0.931852 0.0681485 
 ----> 1.3#6.6#4.0#14.0#VAR 1618 0 0.925278 0.0747217 
 ----> 1.3#6.6#4.0#14.0#VAR 1619 0 0.910171 0.0898288 
 ----> 1.3#6.6#4.0#14.0#VAR 1620 0 0.913904 0.0860964 
 ----> 1.3#6.6#4.0#14.0#VAR 1621 1 0.930732 0.0692684 
 ----> 1.3#6.6#4.0#14.0#VAR 1622 1 0.911829 0.0881707 
 ----> 1.3#6.6#4.0#14.0#VAR 1623 1 0.917891 0.0821085 
 ----> 1.3#6.6#4.0#14.0#VAR 1624 0 0.931842 0.0681583 
 ----> 1.3#6.6#4.0#14.0#VAR 1625 0 0.923899 0.0761009 
 ----> 1.3#6.6#4.0#14.0#VAR 1626 0 0.919354 0.0806458 
 ----> 1.3#6.6#4.0#14.0#VAR 1627 0 0.930218 0.0697822 
 ----> 1.3#6.6#4.0#14.0#VAR 1628 0 0.929614 0.0703863 
 ----> 1.3#6.6#4.0#14.0#VAR 1629 1 0.919916 0.0800836 
 ----> 1.3#6.6#4.0#14.0#VAR 1630 0 0.929662 0.0703385 
 ----> 1.3#6.6#4.0#14.0#VAR 1631 0 0.917969 0.0820306 
 ----> 1.3#6.6#4.0#14.0#VAR 1632 0 0.927284 0.0727161 
 ----> 1.3#6.6#4.0#14.0#VAR 1633 0 0.924179 0.0758215 
 ----> 1.3#6.6#4.0#14.0#VAR 1634 1 0.927059 0.0729409 
 ----> 1.3#6.6#4.0#14.0#VAR 1635 0 0.926194 0.0738058 
 ----> 1.3#6.6#4.0#14.0#VAR 1636 1 0.920898 0.0791015 
 ----> 1.3#6.6#4.0#14.0#VAR 1637 0 0.926933 0.0730668 
 ----> 1.3#6.6#4.0#14.0#VAR 1638 0 0.914388 0.0856121 
 ----> 1.3#6.6#4.0#14.0#VAR 1639 0 0.91756 0.0824395 
 ----> 1.3#6.6#4.0#14.0#VAR 1640 0 0.929538 0.0704621 
 ----> 1.3#6.6#4.0#14.0#VAR 1641 0 0.910551 0.0894489 
 ----> 1.3#6.6#4.0#14.0#VAR 1642 0 0.920374 0.0796257 
 ----> 1.3#6.6#4.0#14.0#VAR 1643 1 0.925532 0.0744685 
 ----> 1.3#6.6#4.0#14.0#VAR 1644 1 0.926574 0.0734261 
 ----> 1.3#6.6#4.0#14.0#VAR 1645 1 0.923246 0.0767538 
 ----> 1.3#6.6#4.0#14.0#VAR 1646 1 0.936183 0.0638167 
 ----> 1.3#6.6#4.0#14.0#VAR 1647 1 0.922501 0.0774988 
 ----> 1.3#6.6#4.0#14.0#VAR 1648 1 0.923114 0.0768857 
 ----> 1.3#6.6#4.0#14.0#VAR 1649 1 0.92376 0.0762396 
 ----> 1.3#6.6#4.0#14.0#VAR 1650 1 0.927565 0.0724345 
 ----> 1.3#6.6#4.0#14.0#VAR 1651 1 0.919908 0.0800919 
 ----> 1.3#6.6#4.0#14.0#VAR 1652 0 0.922483 0.0775167 
 ----> 1.3#6.6#4.0#14.0#VAR 1653 0 0.9279 0.0721004 
 ----> 1.3#6.6#4.0#14.0#VAR 1654 1 0.925145 0.0748552 
 ----> 1.3#6.6#4.0#14.0#VAR 1655 0 0.927269 0.0727314 
 ----> 1.3#6.6#4.0#14.0#VAR 1656 0 0.925049 0.0749509 
 ----> 1.3#6.6#4.0#14.0#VAR 1657 0 0.916042 0.0839582 
 ----> 1.3#6.6#4.0#14.0#VAR 1658 0 0.929303 0.0706972 
 ----> 1.3#6.6#4.0#14.0#VAR 1659 0 0.927443 0.0725567 
 ----> 1.3#6.6#4.0#14.0#VAR 1660 0 0.929322 0.0706777 
 ----> 1.3#6.6#4.0#14.0#VAR 1661 1 0.926402 0.0735975 
 ----> 1.3#6.6#4.0#14.0#VAR 1662 1 0.919575 0.0804253 
 ----> 1.3#6.6#4.0#14.0#VAR 1663 1 0.925202 0.0747981 
 ----> 1.3#6.6#4.0#14.0#VAR 1664 0 0.921671 0.0783294 
 ----> 1.3#6.6#4.0#14.0#VAR 1665 1 0.928297 0.0717029 
 ----> 1.3#6.6#4.0#14.0#VAR 1666 0 0.921922 0.0780779 
 ----> 1.3#6.6#4.0#14.0#VAR 1667 1 0.926954 0.073046 
 ----> 1.3#6.6#4.0#14.0#VAR 1668 0 0.927672 0.0723276 
 ----> 1.3#6.6#4.0#14.0#VAR 1669 0 0.915664 0.0843357 
 ----> 1.3#6.6#4.0#14.0#VAR 1670 0 0.920152 0.0798484 
 ----> 1.3#6.6#4.0#14.0#VAR 1671 0 0.915773 0.0842271 
 ----> 1.3#6.6#4.0#14.0#VAR 1672 0 0.923357 0.0766434 
 ----> 1.3#6.6#4.0#14.0#VAR 1673 0 0.92214 0.0778598 
 ----> 1.3#6.6#4.0#14.0#VAR 1674 1 0.919436 0.0805636 
 ----> 1.3#6.6#4.0#14.0#VAR 1675 0 0.929918 0.0700822 
 ----> 1.3#6.6#4.0#14.0#VAR 1676 0 0.924592 0.0754085 
 ----> 1.3#6.6#4.0#14.0#VAR 1677 0 0.917445 0.0825555 
 ----> 1.3#6.6#4.0#14.0#VAR 1678 1 0.919795 0.0802054 
 ----> 1.3#6.6#4.0#14.0#VAR 1679 0 0.927921 0.0720791 
 ----> 1.3#6.6#4.0#14.0#VAR 1680 0 0.929646 0.0703545 
 ----> 1.3#6.6#4.0#14.0#VAR 1681 0 0.925046 0.0749539 
 ----> 1.3#6.6#4.0#14.0#VAR 1682 1 0.922911 0.0770886 
 ----> 1.3#6.6#4.0#14.0#VAR 1683 0 0.921443 0.0785567 
 ----> 1.3#6.6#4.0#14.0#VAR 1684 1 0.922831 0.0771688 
 ----> 1.3#6.6#4.0#14.0#VAR 1685 0 0.923928 0.0760718 
 ----> 1.3#6.6#4.0#14.0#VAR 1686 0 0.915391 0.0846091 
 ----> 1.3#6.6#4.0#14.0#VAR 1687 0 0.927431 0.072569 
 ----> 1.3#6.6#4.0#14.0#VAR 1688 0 0.933637 0.0663627 
 ----> 1.3#6.6#4.0#14.0#VAR 1689 0 0.922294 0.0777057 
 ----> 1.3#6.6#4.0#14.0#VAR 1690 0 0.920737 0.079263 
 ----> 1.3#6.6#4.0#14.0#VAR 1691 0 0.931727 0.0682732 
 ----> 1.3#6.6#4.0#14.0#VAR 1692 1 0.919192 0.0808076 
 ----> 1.3#6.6#4.0#14.0#VAR 1693 1 0.927732 0.0722678 
 ----> 1.3#6.6#4.0#14.0#VAR 1694 1 0.923291 0.0767091 
 ----> 1.3#6.6#4.0#14.0#VAR 1695 0 0.9274 0.0725998 
 ----> 1.3#6.6#4.0#14.0#VAR 1696 0 0.925298 0.0747024 
 ----> 1.3#6.6#4.0#14.0#VAR 1697 0 0.927993 0.0720072 
 ----> 1.3#6.6#4.0#14.0#VAR 1698 0 0.904086 0.095914 
 ----> 1.3#6.6#4.0#14.0#VAR 1699 1 0.929461 0.070539 
 ----> 1.3#6.6#4.0#14.0#VAR 1700 1 0.923688 0.0763122 
 ----> 1.3#6.6#4.0#14.0#VAR 1701 0 0.923679 0.0763206 
 ----> 1.3#6.6#4.0#14.0#VAR 1702 0 0.929727 0.070273 
 ----> 1.3#6.6#4.0#14.0#VAR 1703 0 0.92888 0.0711197 
 ----> 1.3#6.6#4.0#14.0#VAR 1704 1 0.9177 0.0823004 
 ----> 1.3#6.6#4.0#14.0#VAR 1705 0 0.92665 0.0733501 
 ----> 1.3#6.6#4.0#14.0#VAR 1706 0 0.926984 0.0730162 
 ----> 1.3#6.6#4.0#14.0#VAR 1707 1 0.920009 0.0799907 
 ----> 1.3#6.6#4.0#14.0#VAR 1708 0 0.921091 0.0789092 
 ----> 1.3#6.6#4.0#14.0#VAR 1709 1 0.918279 0.0817213 
 ----> 1.3#6.6#4.0#14.0#VAR 1710 0 0.922183 0.0778169 
 ----> 1.3#6.6#4.0#14.0#VAR 1711 0 0.929064 0.0709363 
 ----> 1.3#6.6#4.0#14.0#VAR 1712 0 0.92204 0.0779601 
 ----> 1.3#6.6#4.0#14.0#VAR 1713 0 0.920522 0.0794776 
 ----> 1.3#6.6#4.0#14.0#VAR 1714 0 0.929327 0.0706729 
 ----> 1.3#6.6#4.0#14.0#VAR 1715 0 0.924179 0.0758214 
 ----> 1.3#6.6#4.0#14.0#VAR 1716 0 0.921214 0.0787861 
 ----> 1.3#6.6#4.0#14.0#VAR 1717 0 0.925339 0.0746606 
 ----> 1.3#6.6#4.0#14.0#VAR 1718 1 0.925297 0.0747025 
 ----> 1.3#6.6#4.0#14.0#VAR 1719 1 0.925247 0.0747534 
 ----> 1.3#6.6#4.0#14.0#VAR 1720 0 0.920392 0.0796082 
 ----> 1.3#6.6#4.0#14.0#VAR 1721 0 0.931905 0.0680951 
 ----> 1.3#6.6#4.0#14.0#VAR 1722 0 0.922747 0.0772534 
 ----> 1.3#6.6#4.0#14.0#VAR 1723 1 0.923389 0.0766113 
 ----> 1.3#6.6#4.0#14.0#VAR 1724 0 0.92378 0.0762195 
 ----> 1.3#6.6#4.0#14.0#VAR 1725 0 0.925669 0.0743313 
 ----> 1.3#6.6#4.0#14.0#VAR 1726 1 0.926277 0.0737227 
 ----> 1.3#6.6#4.0#14.0#VAR 1727 0 0.927909 0.0720906 
 ----> 1.3#6.6#4.0#14.0#VAR 1728 1 0.93073 0.0692698 
 ----> 1.3#6.6#4.0#14.0#VAR 1729 1 0.908946 0.0910538 
 ----> 1.3#6.6#4.0#14.0#VAR 1730 0 0.927568 0.0724315 
 ----> 1.3#6.6#4.0#14.0#VAR 1731 0 0.923435 0.0765647 
 ----> 1.3#6.6#4.0#14.0#VAR 1732 0 0.918025 0.0819751 
 ----> 1.3#6.6#4.0#14.0#VAR 1733 0 0.918192 0.0818075 
 ----> 1.3#6.6#4.0#14.0#VAR 1734 1 0.919193 0.080807 
 ----> 1.3#6.6#4.0#14.0#VAR 1735 1 0.905787 0.0942126 
 ----> 1.3#6.6#4.0#14.0#VAR 1736 0 0.922306 0.077694 
 ----> 1.3#6.6#4.0#14.0#VAR 1737 1 0.917777 0.082223 
 ----> 1.3#6.6#4.0#14.0#VAR 1738 1 0.91991 0.0800897 
 ----> 1.3#6.6#4.0#14.0#VAR 1739 0 0.921989 0.0780109 
 ----> 1.3#6.6#4.0#14.0#VAR 1740 0 0.917132 0.0828675 
 ----> 1.3#6.6#4.0#14.0#VAR 1741 0 0.922326 0.077674 
 ----> 1.3#6.6#4.0#14.0#VAR 1742 0 0.931984 0.0680162 
 ----> 1.3#6.6#4.0#14.0#VAR 1743 0 0.928382 0.0716178 
 ----> 1.3#6.6#4.0#14.0#VAR 1744 0 0.91623 0.0837701 
 ----> 1.3#6.6#4.0#14.0#VAR 1745 1 0.925313 0.0746865 
 ----> 1.3#6.6#4.0#14.0#VAR 1746 0 0.920868 0.0791324 
 ----> 1.3#6.6#4.0#14.0#VAR 1747 0 0.920511 0.0794889 
 ----> 1.3#6.6#4.0#14.0#VAR 1748 1 0.923181 0.0768185 
 ----> 1.3#6.6#4.0#14.0#VAR 1749 1 0.918027 0.081973 
 ----> 1.3#6.6#4.0#14.0#VAR 1750 1 0.920173 0.0798275 
 ----> 1.3#6.6#4.0#14.0#VAR 1751 0 0.922457 0.077543 
 ----> 1.3#6.6#4.0#14.0#VAR 1752 0 0.919693 0.0803071 
 ----> 1.3#6.6#4.0#14.0#VAR 1753 0 0.911197 0.0888033 
 ----> 1.3#6.6#4.0#14.0#VAR 1754 0 0.924801 0.0751987 
 ----> 1.3#6.6#4.0#14.0#VAR 1755 0 0.930171 0.0698289 
 ----> 1.3#6.6#4.0#14.0#VAR 1756 0 0.928592 0.0714076 
 ----> 1.3#6.6#4.0#14.0#VAR 1757 0 0.926618 0.073382 
 ----> 1.3#6.6#4.0#14.0#VAR 1758 0 0.924049 0.0759507 
 ----> 1.3#6.6#4.0#14.0#VAR 1759 0 0.922739 0.0772612 
 ----> 1.3#6.6#4.0#14.0#VAR 1760 1 0.925583 0.0744172 
 ----> 1.3#6.6#4.0#14.0#VAR 1761 0 0.926728 0.0732721 
 ----> 1.3#6.6#4.0#14.0#VAR 1762 0 0.923285 0.0767154 
 ----> 1.3#6.6#4.0#14.0#VAR 1763 1 0.928178 0.0718222 
 ----> 1.3#6.6#4.0#14.0#VAR 1764 1 0.923575 0.0764247 
 ----> 1.3#6.6#4.0#14.0#VAR 1765 0 0.918861 0.0811386 
 ----> 1.3#6.6#4.0#14.0#VAR 1766 1 0.932423 0.0675772 
 ----> 1.3#6.6#4.0#14.0#VAR 1767 0 0.927168 0.0728321 
 ----> 1.3#6.6#4.0#14.0#VAR 1768 1 0.92468 0.0753195 
 ----> 1.3#6.6#4.0#14.0#VAR 1769 0 0.919187 0.0808132 
 ----> 1.3#6.6#4.0#14.0#VAR 1770 0 0.920517 0.0794833 
 ----> 1.3#6.6#4.0#14.0#VAR 1771 0 0.927138 0.0728625 
 ----> 1.3#6.6#4.0#14.0#VAR 1772 1 0.926173 0.073827 
 ----> 1.3#6.6#4.0#14.0#VAR 1773 0 0.918443 0.0815565 
 ----> 1.3#6.6#4.0#14.0#VAR 1774 1 0.922227 0.0777733 
 ----> 1.3#6.6#4.0#14.0#VAR 1775 0 0.927459 0.0725413 
 ----> 1.3#6.6#4.0#14.0#VAR 1776 0 0.925603 0.0743966 
 ----> 1.3#6.6#4.0#14.0#VAR 1777 0 0.924791 0.0752087 
 ----> 1.3#6.6#4.0#14.0#VAR 1778 0 0.920055 0.0799452 
 ----> 1.3#6.6#4.0#14.0#VAR 1779 0 0.928414 0.0715859 
 ----> 1.3#6.6#4.0#14.0#VAR 1780 1 0.927422 0.0725778 
 ----> 1.3#6.6#4.0#14.0#VAR 1781 1 0.931866 0.0681341 
 ----> 1.3#6.6#4.0#14.0#VAR 1782 0 0.927882 0.0721178 
 ----> 1.3#6.6#4.0#14.0#VAR 1783 0 0.923311 0.0766892 
 ----> 1.3#6.6#4.0#14.0#VAR 1784 0 0.918976 0.0810239 
 ----> 1.3#6.6#4.0#14.0#VAR 1785 0 0.921552 0.0784478 
 ----> 1.3#6.6#4.0#14.0#VAR 1786 0 0.922473 0.0775265 
 ----> 1.3#6.6#4.0#14.0#VAR 1787 1 0.921776 0.0782238 
 ----> 1.3#6.6#4.0#14.0#VAR 1788 1 0.918491 0.0815088 
 ----> 1.3#6.6#4.0#14.0#VAR 1789 0 0.925994 0.0740056 
 ----> 1.3#6.6#4.0#14.0#VAR 1790 0 0.913799 0.0862008 
 ----> 1.3#6.6#4.0#14.0#VAR 1791 0 0.929197 0.0708034 
 ----> 1.3#6.6#4.0#14.0#VAR 1792 0 0.918179 0.0818208 
 ----> 1.3#6.6#4.0#14.0#VAR 1793 1 0.924243 0.0757567 
 ----> 1.3#6.6#4.0#14.0#VAR 1794 0 0.922106 0.0778941 
 ----> 1.3#6.6#4.0#14.0#VAR 1795 0 0.924261 0.0757392 
 ----> 1.3#6.6#4.0#14.0#VAR 1796 1 0.920754 0.0792463 
 ----> 1.3#6.6#4.0#14.0#VAR 1797 0 0.925103 0.0748968 
 ----> 1.3#6.6#4.0#14.0#VAR 1798 0 0.915896 0.0841038 
 ----> 1.3#6.6#4.0#14.0#VAR 1799 0 0.923923 0.0760771 
 ----> 1.3#6.6#4.0#14.0#VAR 1800 0 0.91649 0.0835102 
 ----> 1.3#6.6#4.0#14.0#VAR 1801 0 0.928763 0.0712375 
 ----> 1.3#6.6#4.0#14.0#VAR 1802 0 0.914386 0.0856144 
 ----> 1.3#6.6#4.0#14.0#VAR 1803 0 0.919938 0.0800622 
 ----> 1.3#6.6#4.0#14.0#VAR 1804 0 0.92946 0.0705405 
 ----> 1.3#6.6#4.0#14.0#VAR 1805 0 0.920027 0.0799735 
 ----> 1.3#6.6#4.0#14.0#VAR 1806 1 0.910147 0.0898534 
 ----> 1.3#6.6#4.0#14.0#VAR 1807 0 0.919688 0.0803121 
 ----> 1.3#6.6#4.0#14.0#VAR 1808 0 0.93075 0.0692504 
 ----> 1.3#6.6#4.0#14.0#VAR 1809 0 0.922021 0.0779788 
 ----> 1.3#6.6#4.0#14.0#VAR 1810 0 0.907027 0.0929732 
 ----> 1.3#6.6#4.0#14.0#VAR 1811 0 0.926326 0.0736738 
 ----> 1.3#6.6#4.0#14.0#VAR 1812 0 0.924052 0.0759479 
 ----> 1.3#6.6#4.0#14.0#VAR 1813 0 0.92267 0.0773295 
 ----> 1.3#6.6#4.0#14.0#VAR 1814 0 0.927739 0.0722607 
 ----> 1.3#6.6#4.0#14.0#VAR 1815 0 0.926323 0.0736767 
 ----> 1.3#6.6#4.0#14.0#VAR 1816 0 0.923141 0.0768591 
 ----> 1.3#6.6#4.0#14.0#VAR 1817 1 0.929452 0.0705476 
 ----> 1.3#6.6#4.0#14.0#VAR 1818 0 0.924351 0.0756485 
 ----> 1.3#6.6#4.0#14.0#VAR 1819 0 0.930798 0.0692019 
 ----> 1.3#6.6#4.0#14.0#VAR 1820 0 0.925686 0.0743144 
 ----> 1.3#6.6#4.0#14.0#VAR 1821 0 0.926089 0.0739106 
 ----> 1.3#6.6#4.0#14.0#VAR 1822 1 0.928118 0.0718815 
 ----> 1.3#6.6#4.0#14.0#VAR 1823 0 0.921639 0.0783614 
 ----> 1.3#6.6#4.0#14.0#VAR 1824 0 0.925283 0.0747171 
 ----> 1.3#6.6#4.0#14.0#VAR 1825 0 0.927872 0.0721285 
 ----> 1.3#6.6#4.0#14.0#VAR 1826 0 0.924756 0.0752441 
 ++++> 1.3#6.6#4.0#14.0#VAR 1827  0 0.918884 0.0811159 
