 ----> 1.3#6.6#4.0#14.0#VAR 7 0 0.935966 0.0640341 
 ----> 1.3#6.6#4.0#14.0#VAR 8 0 0.9219 0.0780995 
 ----> 1.3#6.6#4.0#14.0#VAR 9 0 0.927972 0.0720284 
 ----> 1.3#6.6#4.0#14.0#VAR 10 1 0.902687 0.0973135 
 ----> 1.3#6.6#4.0#14.0#VAR 11 1 0.927899 0.0721007 
 ----> 1.3#6.6#4.0#14.0#VAR 12 0 0.917498 0.0825018 
 ----> 1.3#6.6#4.0#14.0#VAR 13 0 0.923411 0.0765893 
 ----> 1.3#6.6#4.0#14.0#VAR 14 0 0.924178 0.0758217 
 ----> 1.3#6.6#4.0#14.0#VAR 15 0 0.922769 0.0772313 
 ----> 1.3#6.6#4.0#14.0#VAR 16 0 0.922516 0.0774838 
 ----> 1.3#6.6#4.0#14.0#VAR 17 0 0.917678 0.0823216 
 ----> 1.3#6.6#4.0#14.0#VAR 18 0 0.925748 0.0742521 
 ----> 1.3#6.6#4.0#14.0#VAR 19 0 0.92105 0.0789501 
 ----> 1.3#6.6#4.0#14.0#VAR 20 1 0.915162 0.0848382 
 ----> 1.3#6.6#4.0#14.0#VAR 21 0 0.924971 0.075029 
 ----> 1.3#6.6#4.0#14.0#VAR 22 0 0.909771 0.0902293 
 ----> 1.3#6.6#4.0#14.0#VAR 23 0 0.934472 0.0655276 
 ----> 1.3#6.6#4.0#14.0#VAR 24 0 0.914021 0.085979 
 ----> 1.3#6.6#4.0#14.0#VAR 25 0 0.920583 0.0794175 
 ----> 1.3#6.6#4.0#14.0#VAR 26 0 0.922709 0.0772914 
 ----> 1.3#6.6#4.0#14.0#VAR 27 0 0.924128 0.0758724 
 ----> 1.3#6.6#4.0#14.0#VAR 28 0 0.928533 0.0714671 
 ----> 1.3#6.6#4.0#14.0#VAR 29 1 0.905717 0.0942829 
 ----> 1.3#6.6#4.0#14.0#VAR 30 1 0.918704 0.0812958 
 ----> 1.3#6.6#4.0#14.0#VAR 31 0 0.924432 0.0755685 
 ----> 1.3#6.6#4.0#14.0#VAR 32 0 0.925981 0.0740188 
 ----> 1.3#6.6#4.0#14.0#VAR 33 0 0.915628 0.0843723 
 ----> 1.3#6.6#4.0#14.0#VAR 34 0 0.927577 0.0724234 
 ----> 1.3#6.6#4.0#14.0#VAR 35 1 0.919996 0.0800035 
 ----> 1.3#6.6#4.0#14.0#VAR 36 0 0.921262 0.0787377 
 ----> 1.3#6.6#4.0#14.0#VAR 37 0 0.923618 0.0763816 
 ----> 1.3#6.6#4.0#14.0#VAR 38 0 0.923845 0.0761547 
 ----> 1.3#6.6#4.0#14.0#VAR 39 0 0.912986 0.087014 
 ----> 1.3#6.6#4.0#14.0#VAR 40 0 0.928881 0.0711191 
 ----> 1.3#6.6#4.0#14.0#VAR 41 0 0.92385 0.0761498 
 ----> 1.3#6.6#4.0#14.0#VAR 42 0 0.924085 0.075915 
 ----> 1.3#6.6#4.0#14.0#VAR 43 0 0.924141 0.0758594 
 ----> 1.3#6.6#4.0#14.0#VAR 44 0 0.922768 0.0772322 
 ----> 1.3#6.6#4.0#14.0#VAR 45 0 0.925768 0.0742317 
 ----> 1.3#6.6#4.0#14.0#VAR 46 0 0.921168 0.0788324 
 ----> 1.3#6.6#4.0#14.0#VAR 47 0 0.924468 0.0755321 
 ----> 1.3#6.6#4.0#14.0#VAR 48 1 0.91472 0.0852804 
 ----> 1.3#6.6#4.0#14.0#VAR 49 0 0.918816 0.0811835 
 ----> 1.3#6.6#4.0#14.0#VAR 50 0 0.926579 0.0734214 
 ----> 1.3#6.6#4.0#14.0#VAR 51 0 0.918088 0.0819123 
 ----> 1.3#6.6#4.0#14.0#VAR 52 0 0.91904 0.0809599 
 ----> 1.3#6.6#4.0#14.0#VAR 53 0 0.934325 0.0656752 
 ----> 1.3#6.6#4.0#14.0#VAR 54 0 0.925739 0.0742606 
 ----> 1.3#6.6#4.0#14.0#VAR 55 0 0.911911 0.0880885 
 ----> 1.3#6.6#4.0#14.0#VAR 56 0 0.933507 0.0664932 
 ----> 1.3#6.6#4.0#14.0#VAR 57 0 0.921445 0.0785554 
 ----> 1.3#6.6#4.0#14.0#VAR 58 0 0.926511 0.0734891 
 ----> 1.3#6.6#4.0#14.0#VAR 59 0 0.923478 0.0765216 
 ----> 1.3#6.6#4.0#14.0#VAR 60 0 0.928054 0.071946 
 ----> 1.3#6.6#4.0#14.0#VAR 61 1 0.918068 0.0819324 
 ----> 1.3#6.6#4.0#14.0#VAR 62 0 0.916862 0.0831377 
 ----> 1.3#6.6#4.0#14.0#VAR 63 0 0.920742 0.0792576 
 ----> 1.3#6.6#4.0#14.0#VAR 64 0 0.926653 0.0733471 
 ----> 1.3#6.6#4.0#14.0#VAR 65 0 0.923647 0.0763533 
 ----> 1.3#6.6#4.0#14.0#VAR 66 0 0.925539 0.0744608 
 ----> 1.3#6.6#4.0#14.0#VAR 67 0 0.929185 0.0708147 
 ----> 1.3#6.6#4.0#14.0#VAR 68 0 0.921616 0.0783843 
 ----> 1.3#6.6#4.0#14.0#VAR 69 0 0.929943 0.0700568 
 ----> 1.3#6.6#4.0#14.0#VAR 70 0 0.922975 0.0770255 
 ----> 1.3#6.6#4.0#14.0#VAR 71 0 0.925777 0.074223 
 ----> 1.3#6.6#4.0#14.0#VAR 72 0 0.920721 0.079279 
 ----> 1.3#6.6#4.0#14.0#VAR 73 0 0.927935 0.0720646 
 ----> 1.3#6.6#4.0#14.0#VAR 74 0 0.924507 0.0754935 
 ----> 1.3#6.6#4.0#14.0#VAR 75 0 0.924681 0.0753187 
 ----> 1.3#6.6#4.0#14.0#VAR 76 0 0.92557 0.0744302 
 ----> 1.3#6.6#4.0#14.0#VAR 77 0 0.920936 0.0790637 
 ----> 1.3#6.6#4.0#14.0#VAR 78 0 0.926962 0.0730382 
 ----> 1.3#6.6#4.0#14.0#VAR 79 0 0.922785 0.0772151 
 ----> 1.3#6.6#4.0#14.0#VAR 80 0 0.91238 0.0876196 
 ----> 1.3#6.6#4.0#14.0#VAR 81 0 0.927333 0.072667 
 ----> 1.3#6.6#4.0#14.0#VAR 82 0 0.923796 0.0762043 
 ----> 1.3#6.6#4.0#14.0#VAR 83 0 0.925037 0.0749625 
 ----> 1.3#6.6#4.0#14.0#VAR 84 0 0.925393 0.0746069 
 ----> 1.3#6.6#4.0#14.0#VAR 85 0 0.921633 0.0783671 
 ----> 1.3#6.6#4.0#14.0#VAR 86 0 0.928994 0.0710062 
 ----> 1.3#6.6#4.0#14.0#VAR 87 0 0.924075 0.0759245 
 ----> 1.3#6.6#4.0#14.0#VAR 88 0 0.929777 0.0702234 
 ----> 1.3#6.6#4.0#14.0#VAR 89 0 0.926251 0.0737486 
 ----> 1.3#6.6#4.0#14.0#VAR 90 0 0.925823 0.0741772 
 ----> 1.3#6.6#4.0#14.0#VAR 91 0 0.92973 0.0702698 
 ----> 1.3#6.6#4.0#14.0#VAR 92 0 0.924655 0.0753448 
 ----> 1.3#6.6#4.0#14.0#VAR 93 0 0.931356 0.0686437 
 ----> 1.3#6.6#4.0#14.0#VAR 94 0 0.917912 0.0820882 
 ----> 1.3#6.6#4.0#14.0#VAR 95 1 0.918967 0.0810335 
 ----> 1.3#6.6#4.0#14.0#VAR 96 0 0.924099 0.0759007 
 ----> 1.3#6.6#4.0#14.0#VAR 97 0 0.937866 0.0621336 
 ----> 1.3#6.6#4.0#14.0#VAR 98 0 0.92656 0.0734395 
 ----> 1.3#6.6#4.0#14.0#VAR 99 0 0.929955 0.0700449 
 ----> 1.3#6.6#4.0#14.0#VAR 100 0 0.917439 0.0825607 
 ----> 1.3#6.6#4.0#14.0#VAR 101 0 0.919575 0.0804252 
 ----> 1.3#6.6#4.0#14.0#VAR 102 0 0.923639 0.0763609 
 ----> 1.3#6.6#4.0#14.0#VAR 103 0 0.934987 0.0650126 
 ----> 1.3#6.6#4.0#14.0#VAR 104 1 0.903316 0.096684 
 ----> 1.3#6.6#4.0#14.0#VAR 105 0 0.921 0.0790003 
 ----> 1.3#6.6#4.0#14.0#VAR 106 0 0.923562 0.0764379 
 ----> 1.3#6.6#4.0#14.0#VAR 107 0 0.919202 0.0807982 
 ----> 1.3#6.6#4.0#14.0#VAR 108 0 0.931032 0.0689684 
 ----> 1.3#6.6#4.0#14.0#VAR 109 0 0.921341 0.078659 
 ----> 1.3#6.6#4.0#14.0#VAR 110 0 0.919074 0.0809257 
 ----> 1.3#6.6#4.0#14.0#VAR 111 0 0.924639 0.0753612 
 ----> 1.3#6.6#4.0#14.0#VAR 112 0 0.930893 0.0691068 
 ----> 1.3#6.6#4.0#14.0#VAR 113 0 0.928113 0.0718874 
 ----> 1.3#6.6#4.0#14.0#VAR 114 0 0.928354 0.0716462 
 ----> 1.3#6.6#4.0#14.0#VAR 115 1 0.919469 0.0805306 
 ----> 1.3#6.6#4.0#14.0#VAR 116 0 0.923147 0.0768533 
 ----> 1.3#6.6#4.0#14.0#VAR 117 0 0.933402 0.066598 
 ----> 1.3#6.6#4.0#14.0#VAR 118 0 0.930157 0.0698425 
 ----> 1.3#6.6#4.0#14.0#VAR 119 0 0.932711 0.067289 
 ----> 1.3#6.6#4.0#14.0#VAR 120 0 0.920237 0.0797635 
 ----> 1.3#6.6#4.0#14.0#VAR 121 1 0.914958 0.0850424 
 ----> 1.3#6.6#4.0#14.0#VAR 122 0 0.934038 0.0659622 
 ----> 1.3#6.6#4.0#14.0#VAR 123 0 0.929619 0.0703808 
 ----> 1.3#6.6#4.0#14.0#VAR 124 0 0.924139 0.0758606 
 ----> 1.3#6.6#4.0#14.0#VAR 125 0 0.924309 0.075691 
 ----> 1.3#6.6#4.0#14.0#VAR 126 0 0.918035 0.0819651 
 ----> 1.3#6.6#4.0#14.0#VAR 127 0 0.920004 0.0799959 
 ----> 1.3#6.6#4.0#14.0#VAR 128 0 0.923497 0.0765028 
 ----> 1.3#6.6#4.0#14.0#VAR 129 0 0.924081 0.0759189 
 ----> 1.3#6.6#4.0#14.0#VAR 130 0 0.929987 0.0700127 
 ----> 1.3#6.6#4.0#14.0#VAR 131 0 0.926521 0.0734792 
 ----> 1.3#6.6#4.0#14.0#VAR 132 0 0.924336 0.0756639 
 ----> 1.3#6.6#4.0#14.0#VAR 133 0 0.919591 0.0804094 
 ----> 1.3#6.6#4.0#14.0#VAR 134 0 0.914238 0.0857619 
 ----> 1.3#6.6#4.0#14.0#VAR 135 0 0.933007 0.0669934 
 ----> 1.3#6.6#4.0#14.0#VAR 136 0 0.924883 0.0751167 
 ----> 1.3#6.6#4.0#14.0#VAR 137 0 0.92482 0.0751803 
 ----> 1.3#6.6#4.0#14.0#VAR 138 0 0.916022 0.0839778 
 ----> 1.3#6.6#4.0#14.0#VAR 139 0 0.91942 0.08058 
 ----> 1.3#6.6#4.0#14.0#VAR 140 0 0.929016 0.0709843 
 ----> 1.3#6.6#4.0#14.0#VAR 141 0 0.928911 0.0710894 
 ----> 1.3#6.6#4.0#14.0#VAR 142 0 0.923883 0.0761174 
 ----> 1.3#6.6#4.0#14.0#VAR 143 0 0.923895 0.0761054 
 ----> 1.3#6.6#4.0#14.0#VAR 144 0 0.920172 0.0798279 
 ----> 1.3#6.6#4.0#14.0#VAR 145 0 0.916822 0.0831781 
 ----> 1.3#6.6#4.0#14.0#VAR 146 0 0.929914 0.0700856 
 ----> 1.3#6.6#4.0#14.0#VAR 147 0 0.934408 0.0655923 
 ----> 1.3#6.6#4.0#14.0#VAR 148 1 0.918667 0.0813326 
 ----> 1.3#6.6#4.0#14.0#VAR 149 0 0.921047 0.0789528 
 ----> 1.3#6.6#4.0#14.0#VAR 150 0 0.929893 0.0701067 
 ----> 1.3#6.6#4.0#14.0#VAR 151 0 0.926221 0.073779 
 ----> 1.3#6.6#4.0#14.0#VAR 152 0 0.919403 0.0805972 
 ----> 1.3#6.6#4.0#14.0#VAR 153 0 0.923835 0.0761653 
 ----> 1.3#6.6#4.0#14.0#VAR 154 0 0.92736 0.0726397 
 ----> 1.3#6.6#4.0#14.0#VAR 155 0 0.920737 0.0792632 
 ----> 1.3#6.6#4.0#14.0#VAR 156 0 0.924554 0.0754456 
 ----> 1.3#6.6#4.0#14.0#VAR 157 0 0.920098 0.0799017 
 ----> 1.3#6.6#4.0#14.0#VAR 158 0 0.919463 0.0805369 
 ----> 1.3#6.6#4.0#14.0#VAR 159 0 0.925079 0.0749214 
 ----> 1.3#6.6#4.0#14.0#VAR 160 0 0.921012 0.0789878 
 ----> 1.3#6.6#4.0#14.0#VAR 161 0 0.934525 0.0654753 
 ----> 1.3#6.6#4.0#14.0#VAR 162 1 0.912746 0.0872535 
 ----> 1.3#6.6#4.0#14.0#VAR 163 0 0.930733 0.0692665 
 ----> 1.3#6.6#4.0#14.0#VAR 164 0 0.932627 0.0673725 
 ----> 1.3#6.6#4.0#14.0#VAR 165 0 0.928706 0.0712942 
 ----> 1.3#6.6#4.0#14.0#VAR 166 0 0.926846 0.0731543 
 ----> 1.3#6.6#4.0#14.0#VAR 167 0 0.923994 0.0760056 
 ----> 1.3#6.6#4.0#14.0#VAR 168 0 0.926532 0.0734677 
 ----> 1.3#6.6#4.0#14.0#VAR 169 0 0.926748 0.0732521 
 ----> 1.3#6.6#4.0#14.0#VAR 170 0 0.927275 0.0727246 
 ----> 1.3#6.6#4.0#14.0#VAR 171 0 0.924519 0.0754811 
 ----> 1.3#6.6#4.0#14.0#VAR 172 1 0.917979 0.082021 
 ----> 1.3#6.6#4.0#14.0#VAR 173 0 0.927442 0.0725583 
 ----> 1.3#6.6#4.0#14.0#VAR 174 0 0.926912 0.0730882 
 ----> 1.3#6.6#4.0#14.0#VAR 175 0 0.921153 0.0788466 
 ----> 1.3#6.6#4.0#14.0#VAR 176 0 0.932836 0.0671639 
 ----> 1.3#6.6#4.0#14.0#VAR 177 0 0.922795 0.0772046 
 ----> 1.3#6.6#4.0#14.0#VAR 178 0 0.931782 0.0682179 
 ----> 1.3#6.6#4.0#14.0#VAR 179 0 0.931867 0.0681333 
 ----> 1.3#6.6#4.0#14.0#VAR 180 0 0.920548 0.0794521 
 ----> 1.3#6.6#4.0#14.0#VAR 181 0 0.916456 0.0835441 
 ----> 1.3#6.6#4.0#14.0#VAR 182 0 0.93179 0.0682102 
 ----> 1.3#6.6#4.0#14.0#VAR 183 0 0.919015 0.0809845 
 ----> 1.3#6.6#4.0#14.0#VAR 184 0 0.923631 0.0763695 
 ----> 1.3#6.6#4.0#14.0#VAR 185 0 0.932763 0.0672366 
 ----> 1.3#6.6#4.0#14.0#VAR 186 0 0.929193 0.0708071 
 ----> 1.3#6.6#4.0#14.0#VAR 187 0 0.919901 0.0800988 
 ----> 1.3#6.6#4.0#14.0#VAR 188 1 0.906999 0.0930008 
 ----> 1.3#6.6#4.0#14.0#VAR 189 0 0.921492 0.0785081 
 ----> 1.3#6.6#4.0#14.0#VAR 190 0 0.924347 0.0756533 
 ----> 1.3#6.6#4.0#14.0#VAR 191 0 0.933069 0.0669306 
 ----> 1.3#6.6#4.0#14.0#VAR 192 0 0.932136 0.0678638 
 ----> 1.3#6.6#4.0#14.0#VAR 193 0 0.922386 0.0776144 
 ----> 1.3#6.6#4.0#14.0#VAR 194 0 0.91876 0.0812401 
 ----> 1.3#6.6#4.0#14.0#VAR 195 0 0.926581 0.0734193 
 ----> 1.3#6.6#4.0#14.0#VAR 196 0 0.911499 0.0885015 
 ----> 1.3#6.6#4.0#14.0#VAR 197 0 0.930162 0.0698376 
 ----> 1.3#6.6#4.0#14.0#VAR 198 0 0.923868 0.0761318 
 ----> 1.3#6.6#4.0#14.0#VAR 199 0 0.925917 0.0740829 
 ----> 1.3#6.6#4.0#14.0#VAR 200 0 0.921267 0.0787326 
 ----> 1.3#6.6#4.0#14.0#VAR 201 0 0.926173 0.0738274 
 ----> 1.3#6.6#4.0#14.0#VAR 202 0 0.933102 0.0668983 
 ----> 1.3#6.6#4.0#14.0#VAR 203 0 0.92856 0.0714401 
 ----> 1.3#6.6#4.0#14.0#VAR 204 0 0.923729 0.0762705 
 ----> 1.3#6.6#4.0#14.0#VAR 205 0 0.91245 0.0875499 
 ----> 1.3#6.6#4.0#14.0#VAR 206 0 0.925504 0.074496 
 ----> 1.3#6.6#4.0#14.0#VAR 207 0 0.927602 0.0723983 
 ----> 1.3#6.6#4.0#14.0#VAR 208 0 0.927259 0.0727405 
 ----> 1.3#6.6#4.0#14.0#VAR 209 0 0.933522 0.0664775 
 ----> 1.3#6.6#4.0#14.0#VAR 210 0 0.92538 0.0746198 
 ----> 1.3#6.6#4.0#14.0#VAR 211 0 0.925185 0.0748154 
 ----> 1.3#6.6#4.0#14.0#VAR 212 0 0.923586 0.0764136 
 ----> 1.3#6.6#4.0#14.0#VAR 213 0 0.927598 0.0724018 
 ----> 1.3#6.6#4.0#14.0#VAR 214 0 0.920482 0.0795181 
 ----> 1.3#6.6#4.0#14.0#VAR 215 0 0.92645 0.0735504 
 ----> 1.3#6.6#4.0#14.0#VAR 216 0 0.926788 0.0732115 
 ----> 1.3#6.6#4.0#14.0#VAR 217 0 0.924586 0.0754135 
 ----> 1.3#6.6#4.0#14.0#VAR 218 0 0.93116 0.0688396 
 ----> 1.3#6.6#4.0#14.0#VAR 219 0 0.936437 0.0635631 
 ----> 1.3#6.6#4.0#14.0#VAR 220 1 0.911845 0.0881555 
 ----> 1.3#6.6#4.0#14.0#VAR 221 0 0.915551 0.0844488 
 ----> 1.3#6.6#4.0#14.0#VAR 222 0 0.927549 0.0724512 
 ----> 1.3#6.6#4.0#14.0#VAR 223 0 0.929607 0.0703933 
 ----> 1.3#6.6#4.0#14.0#VAR 224 0 0.935806 0.0641939 
 ----> 1.3#6.6#4.0#14.0#VAR 225 0 0.92185 0.0781496 
 ----> 1.3#6.6#4.0#14.0#VAR 226 0 0.923666 0.0763336 
 ----> 1.3#6.6#4.0#14.0#VAR 227 0 0.932212 0.0677877 
 ----> 1.3#6.6#4.0#14.0#VAR 228 1 0.921472 0.0785276 
 ----> 1.3#6.6#4.0#14.0#VAR 229 0 0.930762 0.0692377 
 ----> 1.3#6.6#4.0#14.0#VAR 230 0 0.924218 0.0757822 
 ----> 1.3#6.6#4.0#14.0#VAR 231 0 0.915335 0.0846654 
 ----> 1.3#6.6#4.0#14.0#VAR 232 0 0.925545 0.0744552 
 ----> 1.3#6.6#4.0#14.0#VAR 233 0 0.932105 0.0678953 
 ----> 1.3#6.6#4.0#14.0#VAR 234 0 0.926833 0.0731668 
 ----> 1.3#6.6#4.0#14.0#VAR 235 0 0.924652 0.0753479 
 ----> 1.3#6.6#4.0#14.0#VAR 236 0 0.923233 0.0767665 
 ----> 1.3#6.6#4.0#14.0#VAR 237 0 0.920083 0.0799166 
 ----> 1.3#6.6#4.0#14.0#VAR 238 0 0.921471 0.0785286 
 ----> 1.3#6.6#4.0#14.0#VAR 239 0 0.928299 0.0717011 
 ----> 1.3#6.6#4.0#14.0#VAR 240 0 0.924931 0.0750686 
 ----> 1.3#6.6#4.0#14.0#VAR 241 0 0.928107 0.071893 
 ----> 1.3#6.6#4.0#14.0#VAR 242 0 0.916253 0.0837467 
 ----> 1.3#6.6#4.0#14.0#VAR 243 0 0.919946 0.0800537 
 ----> 1.3#6.6#4.0#14.0#VAR 244 0 0.930136 0.0698644 
 ----> 1.3#6.6#4.0#14.0#VAR 245 0 0.931638 0.0683621 
 ----> 1.3#6.6#4.0#14.0#VAR 246 0 0.924722 0.0752784 
 ----> 1.3#6.6#4.0#14.0#VAR 247 0 0.92474 0.0752596 
 ----> 1.3#6.6#4.0#14.0#VAR 248 0 0.925273 0.0747267 
 ----> 1.3#6.6#4.0#14.0#VAR 249 0 0.924427 0.0755727 
 ----> 1.3#6.6#4.0#14.0#VAR 250 0 0.935269 0.0647309 
 ----> 1.3#6.6#4.0#14.0#VAR 251 0 0.924191 0.0758086 
 ----> 1.3#6.6#4.0#14.0#VAR 252 0 0.923366 0.0766335 
 ----> 1.3#6.6#4.0#14.0#VAR 253 0 0.926057 0.0739429 
 ----> 1.3#6.6#4.0#14.0#VAR 254 0 0.929221 0.0707787 
 ----> 1.3#6.6#4.0#14.0#VAR 255 0 0.919374 0.0806258 
 ----> 1.3#6.6#4.0#14.0#VAR 256 0 0.929753 0.0702474 
 ----> 1.3#6.6#4.0#14.0#VAR 257 0 0.924639 0.0753612 
 ----> 1.3#6.6#4.0#14.0#VAR 258 0 0.926067 0.0739332 
 ----> 1.3#6.6#4.0#14.0#VAR 259 0 0.926506 0.0734937 
 ----> 1.3#6.6#4.0#14.0#VAR 260 0 0.917319 0.0826805 
 ----> 1.3#6.6#4.0#14.0#VAR 261 0 0.927461 0.0725392 
 ----> 1.3#6.6#4.0#14.0#VAR 262 0 0.926448 0.0735521 
 ----> 1.3#6.6#4.0#14.0#VAR 263 0 0.898256 0.101744 
 ----> 1.3#6.6#4.0#14.0#VAR 264 0 0.92259 0.0774104 
 ----> 1.3#6.6#4.0#14.0#VAR 265 0 0.930331 0.0696688 
 ----> 1.3#6.6#4.0#14.0#VAR 266 0 0.936399 0.0636009 
 ----> 1.3#6.6#4.0#14.0#VAR 267 0 0.916032 0.0839678 
 ----> 1.3#6.6#4.0#14.0#VAR 268 0 0.919426 0.0805737 
 ----> 1.3#6.6#4.0#14.0#VAR 269 0 0.917704 0.0822962 
 ----> 1.3#6.6#4.0#14.0#VAR 270 0 0.91425 0.0857503 
 ----> 1.3#6.6#4.0#14.0#VAR 271 1 0.898284 0.101716 
 ----> 1.3#6.6#4.0#14.0#VAR 272 0 0.922141 0.0778592 
 ----> 1.3#6.6#4.0#14.0#VAR 273 0 0.924015 0.0759853 
 ----> 1.3#6.6#4.0#14.0#VAR 274 1 0.89483 0.10517 
 ----> 1.3#6.6#4.0#14.0#VAR 275 0 0.92773 0.0722704 
 ----> 1.3#6.6#4.0#14.0#VAR 276 0 0.920578 0.079422 
 ----> 1.3#6.6#4.0#14.0#VAR 277 0 0.929099 0.0709013 
 ----> 1.3#6.6#4.0#14.0#VAR 278 0 0.934172 0.0658284 
 ----> 1.3#6.6#4.0#14.0#VAR 279 0 0.93024 0.0697596 
 ----> 1.3#6.6#4.0#14.0#VAR 280 0 0.919038 0.0809624 
 ----> 1.3#6.6#4.0#14.0#VAR 281 0 0.926567 0.0734326 
 ----> 1.3#6.6#4.0#14.0#VAR 282 0 0.920488 0.0795121 
 ----> 1.3#6.6#4.0#14.0#VAR 283 0 0.928277 0.0717234 
 ----> 1.3#6.6#4.0#14.0#VAR 284 0 0.929402 0.0705981 
 ----> 1.3#6.6#4.0#14.0#VAR 285 0 0.922571 0.0774294 
 ----> 1.3#6.6#4.0#14.0#VAR 286 0 0.922979 0.0770211 
 ----> 1.3#6.6#4.0#14.0#VAR 287 0 0.924473 0.0755268 
 ----> 1.3#6.6#4.0#14.0#VAR 288 0 0.927279 0.0727212 
 ----> 1.3#6.6#4.0#14.0#VAR 289 0 0.922501 0.0774992 
 ----> 1.3#6.6#4.0#14.0#VAR 290 0 0.920389 0.0796115 
 ----> 1.3#6.6#4.0#14.0#VAR 291 0 0.935738 0.064262 
 ----> 1.3#6.6#4.0#14.0#VAR 292 0 0.926616 0.0733841 
 ----> 1.3#6.6#4.0#14.0#VAR 293 0 0.92681 0.0731898 
 ----> 1.3#6.6#4.0#14.0#VAR 294 0 0.925074 0.0749263 
 ----> 1.3#6.6#4.0#14.0#VAR 295 0 0.931705 0.0682946 
 ----> 1.3#6.6#4.0#14.0#VAR 296 0 0.922118 0.0778823 
 ----> 1.3#6.6#4.0#14.0#VAR 297 0 0.923385 0.0766154 
 ----> 1.3#6.6#4.0#14.0#VAR 298 0 0.930941 0.0690594 
 ----> 1.3#6.6#4.0#14.0#VAR 299 0 0.929402 0.0705976 
 ----> 1.3#6.6#4.0#14.0#VAR 300 0 0.912059 0.087941 
 ----> 1.3#6.6#4.0#14.0#VAR 301 0 0.924071 0.0759291 
 ----> 1.3#6.6#4.0#14.0#VAR 302 0 0.92298 0.0770199 
 ----> 1.3#6.6#4.0#14.0#VAR 303 0 0.931936 0.0680644 
 ----> 1.3#6.6#4.0#14.0#VAR 304 0 0.923427 0.0765735 
 ----> 1.3#6.6#4.0#14.0#VAR 305 0 0.934062 0.0659376 
 ----> 1.3#6.6#4.0#14.0#VAR 306 0 0.920802 0.0791983 
 ----> 1.3#6.6#4.0#14.0#VAR 307 0 0.925908 0.0740916 
 ----> 1.3#6.6#4.0#14.0#VAR 308 0 0.926434 0.0735658 
 ----> 1.3#6.6#4.0#14.0#VAR 309 0 0.921212 0.0787876 
 ----> 1.3#6.6#4.0#14.0#VAR 310 0 0.919571 0.0804295 
 ----> 1.3#6.6#4.0#14.0#VAR 311 0 0.924687 0.0753132 
 ----> 1.3#6.6#4.0#14.0#VAR 312 0 0.927217 0.0727832 
 ----> 1.3#6.6#4.0#14.0#VAR 313 0 0.925369 0.0746306 
 ----> 1.3#6.6#4.0#14.0#VAR 314 0 0.923396 0.0766042 
 ----> 1.3#6.6#4.0#14.0#VAR 315 0 0.922786 0.0772144 
 ----> 1.3#6.6#4.0#14.0#VAR 316 0 0.922388 0.0776122 
 ----> 1.3#6.6#4.0#14.0#VAR 317 0 0.926994 0.0730063 
 ----> 1.3#6.6#4.0#14.0#VAR 318 0 0.921996 0.0780039 
 ----> 1.3#6.6#4.0#14.0#VAR 319 0 0.93196 0.0680404 
 ----> 1.3#6.6#4.0#14.0#VAR 320 0 0.933289 0.0667111 
 ----> 1.3#6.6#4.0#14.0#VAR 321 0 0.928986 0.0710135 
 ----> 1.3#6.6#4.0#14.0#VAR 322 0 0.925167 0.0748332 
 ----> 1.3#6.6#4.0#14.0#VAR 323 0 0.927516 0.0724842 
 ----> 1.3#6.6#4.0#14.0#VAR 324 0 0.929495 0.0705052 
 ----> 1.3#6.6#4.0#14.0#VAR 325 0 0.93319 0.0668101 
 ----> 1.3#6.6#4.0#14.0#VAR 326 0 0.926246 0.0737536 
 ----> 1.3#6.6#4.0#14.0#VAR 327 0 0.915429 0.0845713 
 ----> 1.3#6.6#4.0#14.0#VAR 328 0 0.934588 0.0654122 
 ----> 1.3#6.6#4.0#14.0#VAR 329 0 0.923542 0.076458 
 ----> 1.3#6.6#4.0#14.0#VAR 330 0 0.931464 0.0685356 
 ----> 1.3#6.6#4.0#14.0#VAR 331 0 0.925513 0.0744868 
 ----> 1.3#6.6#4.0#14.0#VAR 332 0 0.919658 0.0803422 
 ----> 1.3#6.6#4.0#14.0#VAR 333 0 0.924071 0.0759292 
 ----> 1.3#6.6#4.0#14.0#VAR 334 0 0.924204 0.0757965 
 ----> 1.3#6.6#4.0#14.0#VAR 335 0 0.925372 0.074628 
 ----> 1.3#6.6#4.0#14.0#VAR 336 0 0.924728 0.0752722 
 ----> 1.3#6.6#4.0#14.0#VAR 337 0 0.929241 0.0707593 
 ----> 1.3#6.6#4.0#14.0#VAR 338 0 0.920566 0.0794335 
 ----> 1.3#6.6#4.0#14.0#VAR 339 0 0.920813 0.0791875 
 ----> 1.3#6.6#4.0#14.0#VAR 340 0 0.928275 0.0717253 
 ----> 1.3#6.6#4.0#14.0#VAR 341 0 0.923625 0.0763753 
 ----> 1.3#6.6#4.0#14.0#VAR 342 0 0.918029 0.0819706 
 ----> 1.3#6.6#4.0#14.0#VAR 343 0 0.927334 0.0726656 
 ----> 1.3#6.6#4.0#14.0#VAR 344 1 0.914355 0.085645 
 ----> 1.3#6.6#4.0#14.0#VAR 345 0 0.920831 0.0791693 
 ----> 1.3#6.6#4.0#14.0#VAR 346 1 0.90228 0.0977203 
 ----> 1.3#6.6#4.0#14.0#VAR 347 0 0.922865 0.0771348 
 ----> 1.3#6.6#4.0#14.0#VAR 348 0 0.918381 0.0816193 
 ----> 1.3#6.6#4.0#14.0#VAR 349 0 0.931579 0.0684213 
 ----> 1.3#6.6#4.0#14.0#VAR 350 0 0.926613 0.0733868 
 ----> 1.3#6.6#4.0#14.0#VAR 351 0 0.921753 0.0782473 
 ----> 1.3#6.6#4.0#14.0#VAR 352 0 0.917793 0.0822068 
 ----> 1.3#6.6#4.0#14.0#VAR 353 0 0.934525 0.0654748 
 ----> 1.3#6.6#4.0#14.0#VAR 354 0 0.928448 0.0715518 
 ----> 1.3#6.6#4.0#14.0#VAR 355 0 0.920495 0.079505 
 ----> 1.3#6.6#4.0#14.0#VAR 356 0 0.922801 0.0771986 
 ----> 1.3#6.6#4.0#14.0#VAR 357 0 0.933047 0.0669528 
 ----> 1.3#6.6#4.0#14.0#VAR 358 0 0.924291 0.0757089 
 ----> 1.3#6.6#4.0#14.0#VAR 359 0 0.92354 0.0764596 
 ----> 1.3#6.6#4.0#14.0#VAR 360 0 0.920548 0.0794517 
 ----> 1.3#6.6#4.0#14.0#VAR 361 0 0.928111 0.0718894 
 ----> 1.3#6.6#4.0#14.0#VAR 362 0 0.922607 0.0773935 
 ----> 1.3#6.6#4.0#14.0#VAR 363 0 0.929409 0.0705909 
 ----> 1.3#6.6#4.0#14.0#VAR 364 0 0.917163 0.0828372 
 ----> 1.3#6.6#4.0#14.0#VAR 365 0 0.928471 0.0715288 
 ----> 1.3#6.6#4.0#14.0#VAR 366 0 0.916139 0.0838614 
 ----> 1.3#6.6#4.0#14.0#VAR 367 1 0.917104 0.0828964 
 ----> 1.3#6.6#4.0#14.0#VAR 368 0 0.922426 0.0775738 
 ----> 1.3#6.6#4.0#14.0#VAR 369 0 0.92026 0.07974 
 ----> 1.3#6.6#4.0#14.0#VAR 370 0 0.925416 0.0745839 
 ----> 1.3#6.6#4.0#14.0#VAR 371 0 0.931097 0.0689033 
 ----> 1.3#6.6#4.0#14.0#VAR 372 0 0.920819 0.0791812 
 ----> 1.3#6.6#4.0#14.0#VAR 373 0 0.92544 0.0745596 
 ----> 1.3#6.6#4.0#14.0#VAR 374 0 0.926927 0.0730726 
 ----> 1.3#6.6#4.0#14.0#VAR 375 0 0.922033 0.0779669 
 ----> 1.3#6.6#4.0#14.0#VAR 376 0 0.930945 0.0690552 
 ----> 1.3#6.6#4.0#14.0#VAR 377 1 0.91683 0.0831699 
 ----> 1.3#6.6#4.0#14.0#VAR 378 1 0.915452 0.0845476 
 ----> 1.3#6.6#4.0#14.0#VAR 379 0 0.922216 0.0777844 
 ----> 1.3#6.6#4.0#14.0#VAR 380 1 0.918081 0.0819194 
 ----> 1.3#6.6#4.0#14.0#VAR 381 0 0.918319 0.0816813 
 ----> 1.3#6.6#4.0#14.0#VAR 382 0 0.923022 0.0769784 
 ----> 1.3#6.6#4.0#14.0#VAR 383 0 0.925461 0.0745386 
 ----> 1.3#6.6#4.0#14.0#VAR 384 0 0.928405 0.0715953 
 ----> 1.3#6.6#4.0#14.0#VAR 385 1 0.905097 0.0949029 
 ----> 1.3#6.6#4.0#14.0#VAR 386 0 0.926348 0.0736517 
 ----> 1.3#6.6#4.0#14.0#VAR 387 0 0.927424 0.0725757 
 ----> 1.3#6.6#4.0#14.0#VAR 388 0 0.927593 0.0724073 
 ----> 1.3#6.6#4.0#14.0#VAR 389 0 0.924429 0.0755715 
 ----> 1.3#6.6#4.0#14.0#VAR 390 0 0.928274 0.0717265 
 ----> 1.3#6.6#4.0#14.0#VAR 391 0 0.923219 0.0767806 
 ----> 1.3#6.6#4.0#14.0#VAR 392 0 0.927406 0.0725944 
 ----> 1.3#6.6#4.0#14.0#VAR 393 0 0.922203 0.0777969 
 ----> 1.3#6.6#4.0#14.0#VAR 394 0 0.929131 0.0708692 
 ----> 1.3#6.6#4.0#14.0#VAR 395 0 0.925299 0.0747009 
 ----> 1.3#6.6#4.0#14.0#VAR 396 1 0.914786 0.0852135 
 ----> 1.3#6.6#4.0#14.0#VAR 397 0 0.926058 0.073942 
 ----> 1.3#6.6#4.0#14.0#VAR 398 0 0.933935 0.0660647 
 ----> 1.3#6.6#4.0#14.0#VAR 399 1 0.909783 0.0902166 
 ----> 1.3#6.6#4.0#14.0#VAR 400 0 0.920355 0.0796446 
 ----> 1.3#6.6#4.0#14.0#VAR 401 0 0.927699 0.0723013 
 ----> 1.3#6.6#4.0#14.0#VAR 402 1 0.911521 0.088479 
 ----> 1.3#6.6#4.0#14.0#VAR 403 0 0.928806 0.0711943 
 ----> 1.3#6.6#4.0#14.0#VAR 404 0 0.928638 0.0713619 
 ----> 1.3#6.6#4.0#14.0#VAR 405 0 0.916116 0.0838842 
 ----> 1.3#6.6#4.0#14.0#VAR 406 0 0.921895 0.0781046 
 ----> 1.3#6.6#4.0#14.0#VAR 407 0 0.925443 0.0745575 
 ----> 1.3#6.6#4.0#14.0#VAR 408 0 0.917287 0.0827133 
 ----> 1.3#6.6#4.0#14.0#VAR 409 0 0.922632 0.0773675 
 ----> 1.3#6.6#4.0#14.0#VAR 410 0 0.92115 0.0788496 
 ----> 1.3#6.6#4.0#14.0#VAR 411 0 0.918966 0.0810337 
 ----> 1.3#6.6#4.0#14.0#VAR 412 0 0.928013 0.0719867 
 ----> 1.3#6.6#4.0#14.0#VAR 413 0 0.925417 0.0745832 
 ----> 1.3#6.6#4.0#14.0#VAR 414 0 0.923213 0.076787 
 ----> 1.3#6.6#4.0#14.0#VAR 415 0 0.924215 0.0757851 
 ----> 1.3#6.6#4.0#14.0#VAR 416 0 0.922057 0.0779433 
 ----> 1.3#6.6#4.0#14.0#VAR 417 0 0.922283 0.077717 
 ----> 1.3#6.6#4.0#14.0#VAR 418 0 0.934935 0.065065 
 ----> 1.3#6.6#4.0#14.0#VAR 419 0 0.923264 0.076736 
 ----> 1.3#6.6#4.0#14.0#VAR 420 0 0.919364 0.0806355 
 ----> 1.3#6.6#4.0#14.0#VAR 421 0 0.925252 0.0747485 
 ----> 1.3#6.6#4.0#14.0#VAR 422 0 0.925446 0.0745536 
 ----> 1.3#6.6#4.0#14.0#VAR 423 0 0.924378 0.075622 
 ----> 1.3#6.6#4.0#14.0#VAR 424 0 0.926885 0.073115 
 ----> 1.3#6.6#4.0#14.0#VAR 425 0 0.922425 0.077575 
 ----> 1.3#6.6#4.0#14.0#VAR 426 0 0.92626 0.0737397 
 ----> 1.3#6.6#4.0#14.0#VAR 427 1 0.911988 0.0880116 
 ----> 1.3#6.6#4.0#14.0#VAR 428 0 0.932478 0.0675216 
 ----> 1.3#6.6#4.0#14.0#VAR 429 0 0.929479 0.0705212 
 ----> 1.3#6.6#4.0#14.0#VAR 430 0 0.92945 0.0705497 
 ----> 1.3#6.6#4.0#14.0#VAR 431 0 0.923679 0.0763208 
 ----> 1.3#6.6#4.0#14.0#VAR 432 0 0.92689 0.0731098 
 ----> 1.3#6.6#4.0#14.0#VAR 433 0 0.925792 0.074208 
 ----> 1.3#6.6#4.0#14.0#VAR 434 0 0.919957 0.0800428 
 ----> 1.3#6.6#4.0#14.0#VAR 435 0 0.92049 0.0795102 
 ----> 1.3#6.6#4.0#14.0#VAR 436 0 0.925587 0.0744132 
 ----> 1.3#6.6#4.0#14.0#VAR 437 0 0.929926 0.0700737 
 ----> 1.3#6.6#4.0#14.0#VAR 438 0 0.931282 0.068718 
 ----> 1.3#6.6#4.0#14.0#VAR 439 0 0.926406 0.0735935 
 ----> 1.3#6.6#4.0#14.0#VAR 440 0 0.926899 0.073101 
 ----> 1.3#6.6#4.0#14.0#VAR 441 0 0.931225 0.0687754 
 ----> 1.3#6.6#4.0#14.0#VAR 442 0 0.922087 0.0779125 
 ----> 1.3#6.6#4.0#14.0#VAR 443 0 0.923912 0.0760879 
 ----> 1.3#6.6#4.0#14.0#VAR 444 0 0.923799 0.0762008 
 ----> 1.3#6.6#4.0#14.0#VAR 445 1 0.910249 0.089751 
 ----> 1.3#6.6#4.0#14.0#VAR 446 0 0.928366 0.0716339 
 ----> 1.3#6.6#4.0#14.0#VAR 447 0 0.92963 0.0703696 
 ----> 1.3#6.6#4.0#14.0#VAR 448 0 0.914031 0.0859695 
 ----> 1.3#6.6#4.0#14.0#VAR 449 0 0.923596 0.0764042 
 ----> 1.3#6.6#4.0#14.0#VAR 450 0 0.924052 0.0759483 
 ----> 1.3#6.6#4.0#14.0#VAR 451 1 0.914415 0.0855852 
 ----> 1.3#6.6#4.0#14.0#VAR 452 0 0.924859 0.0751409 
 ----> 1.3#6.6#4.0#14.0#VAR 453 0 0.921775 0.0782253 
 ----> 1.3#6.6#4.0#14.0#VAR 454 0 0.927409 0.0725905 
 ----> 1.3#6.6#4.0#14.0#VAR 455 0 0.921099 0.0789006 
 ----> 1.3#6.6#4.0#14.0#VAR 456 0 0.931029 0.0689714 
 ----> 1.3#6.6#4.0#14.0#VAR 457 0 0.922867 0.0771325 
 ----> 1.3#6.6#4.0#14.0#VAR 458 0 0.921824 0.0781756 
 ----> 1.3#6.6#4.0#14.0#VAR 459 0 0.921713 0.0782875 
 ----> 1.3#6.6#4.0#14.0#VAR 460 0 0.923563 0.0764371 
 ----> 1.3#6.6#4.0#14.0#VAR 461 1 0.902255 0.0977455 
 ----> 1.3#6.6#4.0#14.0#VAR 462 0 0.912508 0.0874922 
 ----> 1.3#6.6#4.0#14.0#VAR 463 0 0.929867 0.0701331 
 ----> 1.3#6.6#4.0#14.0#VAR 464 0 0.936903 0.0630967 
 ----> 1.3#6.6#4.0#14.0#VAR 465 0 0.93538 0.0646198 
 ----> 1.3#6.6#4.0#14.0#VAR 466 0 0.922095 0.0779046 
 ----> 1.3#6.6#4.0#14.0#VAR 467 0 0.929139 0.0708609 
 ----> 1.3#6.6#4.0#14.0#VAR 468 0 0.930862 0.0691383 
 ----> 1.3#6.6#4.0#14.0#VAR 469 0 0.930587 0.0694131 
 ----> 1.3#6.6#4.0#14.0#VAR 470 0 0.934283 0.0657166 
 ----> 1.3#6.6#4.0#14.0#VAR 471 0 0.921966 0.0780343 
 ----> 1.3#6.6#4.0#14.0#VAR 472 0 0.918748 0.0812519 
 ----> 1.3#6.6#4.0#14.0#VAR 473 0 0.917115 0.0828852 
 ----> 1.3#6.6#4.0#14.0#VAR 474 0 0.926895 0.0731052 
 ----> 1.3#6.6#4.0#14.0#VAR 475 0 0.92466 0.07534 
 ----> 1.3#6.6#4.0#14.0#VAR 476 0 0.922935 0.0770645 
 ----> 1.3#6.6#4.0#14.0#VAR 477 0 0.925253 0.0747471 
 ----> 1.3#6.6#4.0#14.0#VAR 478 0 0.917289 0.0827114 
 ----> 1.3#6.6#4.0#14.0#VAR 479 0 0.928432 0.0715685 
 ----> 1.3#6.6#4.0#14.0#VAR 480 0 0.931037 0.0689633 
 ----> 1.3#6.6#4.0#14.0#VAR 481 0 0.91924 0.0807597 
 ----> 1.3#6.6#4.0#14.0#VAR 482 0 0.922009 0.0779909 
 ----> 1.3#6.6#4.0#14.0#VAR 483 0 0.920807 0.079193 
 ----> 1.3#6.6#4.0#14.0#VAR 484 0 0.925908 0.0740922 
 ----> 1.3#6.6#4.0#14.0#VAR 485 0 0.925895 0.0741046 
 ----> 1.3#6.6#4.0#14.0#VAR 486 0 0.924156 0.0758442 
 ----> 1.3#6.6#4.0#14.0#VAR 487 0 0.924893 0.0751074 
 ----> 1.3#6.6#4.0#14.0#VAR 488 0 0.924128 0.0758724 
 ----> 1.3#6.6#4.0#14.0#VAR 489 0 0.918841 0.0811586 
 ----> 1.3#6.6#4.0#14.0#VAR 490 0 0.932848 0.067152 
 ----> 1.3#6.6#4.0#14.0#VAR 491 0 0.928925 0.0710746 
 ----> 1.3#6.6#4.0#14.0#VAR 492 0 0.925502 0.0744975 
 ----> 1.3#6.6#4.0#14.0#VAR 493 0 0.924039 0.0759607 
 ----> 1.3#6.6#4.0#14.0#VAR 494 0 0.924586 0.0754139 
 ----> 1.3#6.6#4.0#14.0#VAR 495 0 0.928646 0.0713541 
 ----> 1.3#6.6#4.0#14.0#VAR 496 0 0.922463 0.0775369 
 ----> 1.3#6.6#4.0#14.0#VAR 497 0 0.929278 0.0707221 
 ----> 1.3#6.6#4.0#14.0#VAR 498 0 0.925664 0.0743355 
 ----> 1.3#6.6#4.0#14.0#VAR 499 0 0.925452 0.0745476 
 ----> 1.3#6.6#4.0#14.0#VAR 500 0 0.914674 0.0853261 
 ----> 1.3#6.6#4.0#14.0#VAR 501 0 0.930004 0.0699963 
 ----> 1.3#6.6#4.0#14.0#VAR 502 0 0.930889 0.0691113 
 ----> 1.3#6.6#4.0#14.0#VAR 503 0 0.9136 0.0864 
 ----> 1.3#6.6#4.0#14.0#VAR 504 0 0.915131 0.0848685 
 ----> 1.3#6.6#4.0#14.0#VAR 505 0 0.924654 0.0753463 
 ----> 1.3#6.6#4.0#14.0#VAR 506 0 0.927 0.0729999 
 ----> 1.3#6.6#4.0#14.0#VAR 507 0 0.921635 0.0783652 
 ----> 1.3#6.6#4.0#14.0#VAR 508 0 0.92679 0.0732099 
 ----> 1.3#6.6#4.0#14.0#VAR 509 0 0.928296 0.0717037 
 ----> 1.3#6.6#4.0#14.0#VAR 510 0 0.923879 0.0761206 
 ----> 1.3#6.6#4.0#14.0#VAR 511 0 0.924523 0.0754769 
 ----> 1.3#6.6#4.0#14.0#VAR 512 0 0.919079 0.0809208 
 ----> 1.3#6.6#4.0#14.0#VAR 513 0 0.925429 0.0745706 
 ----> 1.3#6.6#4.0#14.0#VAR 514 0 0.927193 0.072807 
 ----> 1.3#6.6#4.0#14.0#VAR 515 0 0.923986 0.0760137 
 ----> 1.3#6.6#4.0#14.0#VAR 516 0 0.919171 0.0808291 
 ----> 1.3#6.6#4.0#14.0#VAR 517 0 0.923716 0.0762843 
 ----> 1.3#6.6#4.0#14.0#VAR 518 0 0.937691 0.062309 
 ----> 1.3#6.6#4.0#14.0#VAR 519 0 0.926554 0.0734463 
 ----> 1.3#6.6#4.0#14.0#VAR 520 0 0.927021 0.0729794 
 ----> 1.3#6.6#4.0#14.0#VAR 521 0 0.933436 0.066564 
 ----> 1.3#6.6#4.0#14.0#VAR 522 0 0.926533 0.0734668 
 ----> 1.3#6.6#4.0#14.0#VAR 523 0 0.925102 0.0748979 
 ----> 1.3#6.6#4.0#14.0#VAR 524 0 0.92605 0.0739503 
 ----> 1.3#6.6#4.0#14.0#VAR 525 0 0.933415 0.0665853 
 ----> 1.3#6.6#4.0#14.0#VAR 526 0 0.924861 0.0751391 
 ----> 1.3#6.6#4.0#14.0#VAR 527 0 0.92978 0.0702201 
 ----> 1.3#6.6#4.0#14.0#VAR 528 0 0.925235 0.0747648 
 ----> 1.3#6.6#4.0#14.0#VAR 529 0 0.923986 0.0760137 
 ----> 1.3#6.6#4.0#14.0#VAR 530 0 0.926088 0.0739124 
 ----> 1.3#6.6#4.0#14.0#VAR 531 0 0.930127 0.0698728 
 ----> 1.3#6.6#4.0#14.0#VAR 532 0 0.931215 0.0687847 
 ----> 1.3#6.6#4.0#14.0#VAR 533 0 0.932463 0.0675367 
 ----> 1.3#6.6#4.0#14.0#VAR 534 0 0.918993 0.0810071 
 ----> 1.3#6.6#4.0#14.0#VAR 535 0 0.91729 0.0827098 
 ----> 1.3#6.6#4.0#14.0#VAR 536 0 0.933562 0.0664378 
 ----> 1.3#6.6#4.0#14.0#VAR 537 0 0.926801 0.0731987 
 ----> 1.3#6.6#4.0#14.0#VAR 538 0 0.912686 0.0873141 
 ----> 1.3#6.6#4.0#14.0#VAR 539 0 0.930669 0.0693315 
 ----> 1.3#6.6#4.0#14.0#VAR 540 0 0.924814 0.0751863 
 ----> 1.3#6.6#4.0#14.0#VAR 541 0 0.919855 0.0801455 
 ----> 1.3#6.6#4.0#14.0#VAR 542 0 0.932976 0.0670236 
 ----> 1.3#6.6#4.0#14.0#VAR 543 0 0.927851 0.0721494 
 ----> 1.3#6.6#4.0#14.0#VAR 544 0 0.923011 0.0769894 
 ----> 1.3#6.6#4.0#14.0#VAR 545 0 0.918204 0.0817957 
 ----> 1.3#6.6#4.0#14.0#VAR 546 1 0.91634 0.0836601 
 ----> 1.3#6.6#4.0#14.0#VAR 547 0 0.919022 0.0809776 
 ----> 1.3#6.6#4.0#14.0#VAR 548 0 0.921547 0.0784529 
 ----> 1.3#6.6#4.0#14.0#VAR 549 0 0.923924 0.0760764 
 ----> 1.3#6.6#4.0#14.0#VAR 550 0 0.924596 0.0754041 
 ----> 1.3#6.6#4.0#14.0#VAR 551 0 0.928107 0.0718932 
 ----> 1.3#6.6#4.0#14.0#VAR 552 0 0.919592 0.0804077 
 ----> 1.3#6.6#4.0#14.0#VAR 553 0 0.936104 0.0638957 
 ----> 1.3#6.6#4.0#14.0#VAR 554 0 0.930588 0.0694124 
 ----> 1.3#6.6#4.0#14.0#VAR 555 1 0.920545 0.0794548 
 ----> 1.3#6.6#4.0#14.0#VAR 556 0 0.92358 0.0764204 
 ----> 1.3#6.6#4.0#14.0#VAR 557 0 0.925959 0.0740415 
 ----> 1.3#6.6#4.0#14.0#VAR 558 0 0.925823 0.0741771 
 ----> 1.3#6.6#4.0#14.0#VAR 559 1 0.925421 0.0745786 
 ----> 1.3#6.6#4.0#14.0#VAR 560 0 0.933689 0.0663109 
 ----> 1.3#6.6#4.0#14.0#VAR 561 0 0.925041 0.0749594 
 ----> 1.3#6.6#4.0#14.0#VAR 562 0 0.929757 0.0702427 
 ----> 1.3#6.6#4.0#14.0#VAR 563 0 0.921363 0.078637 
 ----> 1.3#6.6#4.0#14.0#VAR 564 0 0.926714 0.0732864 
 ----> 1.3#6.6#4.0#14.0#VAR 565 0 0.93047 0.0695302 
 ----> 1.3#6.6#4.0#14.0#VAR 566 0 0.920648 0.0793523 
 ----> 1.3#6.6#4.0#14.0#VAR 567 0 0.924845 0.0751551 
 ----> 1.3#6.6#4.0#14.0#VAR 568 0 0.928661 0.0713387 
 ----> 1.3#6.6#4.0#14.0#VAR 569 0 0.924352 0.0756476 
 ----> 1.3#6.6#4.0#14.0#VAR 570 0 0.925731 0.0742694 
 ----> 1.3#6.6#4.0#14.0#VAR 571 0 0.929209 0.0707909 
 ----> 1.3#6.6#4.0#14.0#VAR 572 0 0.920205 0.079795 
 ----> 1.3#6.6#4.0#14.0#VAR 573 0 0.922981 0.0770189 
 ----> 1.3#6.6#4.0#14.0#VAR 574 0 0.923957 0.0760425 
 ----> 1.3#6.6#4.0#14.0#VAR 575 0 0.92618 0.0738197 
 ----> 1.3#6.6#4.0#14.0#VAR 576 0 0.935707 0.0642934 
 ----> 1.3#6.6#4.0#14.0#VAR 577 0 0.922648 0.0773522 
 ----> 1.3#6.6#4.0#14.0#VAR 578 1 0.915949 0.0840512 
 ----> 1.3#6.6#4.0#14.0#VAR 579 0 0.930954 0.0690463 
 ----> 1.3#6.6#4.0#14.0#VAR 580 0 0.92864 0.0713601 
 ----> 1.3#6.6#4.0#14.0#VAR 581 0 0.919034 0.080966 
 ----> 1.3#6.6#4.0#14.0#VAR 582 0 0.934459 0.065541 
 ----> 1.3#6.6#4.0#14.0#VAR 583 0 0.928124 0.071876 
 ----> 1.3#6.6#4.0#14.0#VAR 584 0 0.92584 0.0741599 
 ----> 1.3#6.6#4.0#14.0#VAR 585 0 0.924236 0.0757637 
 ----> 1.3#6.6#4.0#14.0#VAR 586 0 0.93052 0.0694801 
 ----> 1.3#6.6#4.0#14.0#VAR 587 0 0.921128 0.0788718 
 ----> 1.3#6.6#4.0#14.0#VAR 588 0 0.92872 0.07128 
 ----> 1.3#6.6#4.0#14.0#VAR 589 0 0.916877 0.0831233 
 ----> 1.3#6.6#4.0#14.0#VAR 590 0 0.923335 0.076665 
 ----> 1.3#6.6#4.0#14.0#VAR 591 0 0.931422 0.0685775 
 ----> 1.3#6.6#4.0#14.0#VAR 592 0 0.92578 0.0742202 
 ----> 1.3#6.6#4.0#14.0#VAR 593 0 0.918543 0.0814573 
 ----> 1.3#6.6#4.0#14.0#VAR 594 0 0.924948 0.0750516 
 ----> 1.3#6.6#4.0#14.0#VAR 595 0 0.919951 0.0800494 
 ----> 1.3#6.6#4.0#14.0#VAR 596 0 0.924382 0.0756183 
 ----> 1.3#6.6#4.0#14.0#VAR 597 0 0.9279 0.0721003 
 ----> 1.3#6.6#4.0#14.0#VAR 598 0 0.927657 0.0723434 
 ----> 1.3#6.6#4.0#14.0#VAR 599 0 0.909071 0.0909289 
 ----> 1.3#6.6#4.0#14.0#VAR 600 0 0.93096 0.0690397 
 ----> 1.3#6.6#4.0#14.0#VAR 601 0 0.920068 0.079932 
 ----> 1.3#6.6#4.0#14.0#VAR 602 0 0.921359 0.0786411 
 ----> 1.3#6.6#4.0#14.0#VAR 603 1 0.910787 0.0892126 
 ----> 1.3#6.6#4.0#14.0#VAR 604 0 0.917435 0.0825653 
 ----> 1.3#6.6#4.0#14.0#VAR 605 0 0.919622 0.0803777 
 ----> 1.3#6.6#4.0#14.0#VAR 606 0 0.928769 0.0712308 
 ----> 1.3#6.6#4.0#14.0#VAR 607 0 0.932817 0.0671826 
 ----> 1.3#6.6#4.0#14.0#VAR 608 0 0.926781 0.0732194 
 ----> 1.3#6.6#4.0#14.0#VAR 609 0 0.925877 0.074123 
 ----> 1.3#6.6#4.0#14.0#VAR 610 0 0.914173 0.0858271 
 ----> 1.3#6.6#4.0#14.0#VAR 611 0 0.910825 0.0891748 
 ----> 1.3#6.6#4.0#14.0#VAR 612 0 0.92434 0.0756599 
 ----> 1.3#6.6#4.0#14.0#VAR 613 0 0.928295 0.0717054 
 ----> 1.3#6.6#4.0#14.0#VAR 614 0 0.928245 0.0717546 
 ----> 1.3#6.6#4.0#14.0#VAR 615 0 0.923886 0.0761139 
 ----> 1.3#6.6#4.0#14.0#VAR 616 0 0.928724 0.0712757 
 ----> 1.3#6.6#4.0#14.0#VAR 617 0 0.917886 0.0821144 
 ----> 1.3#6.6#4.0#14.0#VAR 618 0 0.925621 0.0743789 
 ----> 1.3#6.6#4.0#14.0#VAR 619 0 0.921979 0.0780211 
 ----> 1.3#6.6#4.0#14.0#VAR 620 0 0.925224 0.0747759 
 ----> 1.3#6.6#4.0#14.0#VAR 621 0 0.928825 0.0711747 
 ----> 1.3#6.6#4.0#14.0#VAR 622 0 0.923713 0.076287 
 ----> 1.3#6.6#4.0#14.0#VAR 623 0 0.923466 0.0765343 
 ----> 1.3#6.6#4.0#14.0#VAR 624 0 0.926893 0.0731068 
 ----> 1.3#6.6#4.0#14.0#VAR 625 0 0.920837 0.0791631 
 ----> 1.3#6.6#4.0#14.0#VAR 626 0 0.918939 0.0810608 
 ----> 1.3#6.6#4.0#14.0#VAR 627 0 0.921695 0.0783047 
 ----> 1.3#6.6#4.0#14.0#VAR 628 0 0.926966 0.0730336 
 ----> 1.3#6.6#4.0#14.0#VAR 629 0 0.922116 0.0778837 
 ----> 1.3#6.6#4.0#14.0#VAR 630 0 0.921074 0.078926 
 ----> 1.3#6.6#4.0#14.0#VAR 631 0 0.928348 0.0716521 
 ----> 1.3#6.6#4.0#14.0#VAR 632 0 0.931437 0.0685626 
 ----> 1.3#6.6#4.0#14.0#VAR 633 0 0.925294 0.0747058 
 ----> 1.3#6.6#4.0#14.0#VAR 634 0 0.921937 0.078063 
 ----> 1.3#6.6#4.0#14.0#VAR 635 0 0.921264 0.0787361 
 ----> 1.3#6.6#4.0#14.0#VAR 636 0 0.921211 0.0787887 
 ----> 1.3#6.6#4.0#14.0#VAR 637 0 0.923805 0.0761952 
 ----> 1.3#6.6#4.0#14.0#VAR 638 0 0.931456 0.0685435 
 ----> 1.3#6.6#4.0#14.0#VAR 639 0 0.931693 0.0683067 
 ----> 1.3#6.6#4.0#14.0#VAR 640 0 0.932957 0.0670432 
 ----> 1.3#6.6#4.0#14.0#VAR 641 0 0.918638 0.0813625 
 ----> 1.3#6.6#4.0#14.0#VAR 642 0 0.924042 0.075958 
 ----> 1.3#6.6#4.0#14.0#VAR 643 0 0.923821 0.0761794 
 ----> 1.3#6.6#4.0#14.0#VAR 644 0 0.92473 0.0752698 
 ----> 1.3#6.6#4.0#14.0#VAR 645 0 0.922828 0.0771715 
 ----> 1.3#6.6#4.0#14.0#VAR 646 0 0.924191 0.0758094 
 ----> 1.3#6.6#4.0#14.0#VAR 647 0 0.928912 0.071088 
 ----> 1.3#6.6#4.0#14.0#VAR 648 0 0.925338 0.0746621 
 ----> 1.3#6.6#4.0#14.0#VAR 649 0 0.926196 0.0738044 
 ----> 1.3#6.6#4.0#14.0#VAR 650 1 0.913716 0.0862842 
 ----> 1.3#6.6#4.0#14.0#VAR 651 0 0.924762 0.0752378 
 ----> 1.3#6.6#4.0#14.0#VAR 652 0 0.92568 0.0743204 
 ----> 1.3#6.6#4.0#14.0#VAR 653 1 0.909432 0.0905684 
 ----> 1.3#6.6#4.0#14.0#VAR 654 0 0.92387 0.0761298 
 ----> 1.3#6.6#4.0#14.0#VAR 655 0 0.924965 0.0750348 
 ----> 1.3#6.6#4.0#14.0#VAR 656 0 0.922051 0.0779488 
 ----> 1.3#6.6#4.0#14.0#VAR 657 0 0.923579 0.0764207 
 ----> 1.3#6.6#4.0#14.0#VAR 658 0 0.923729 0.0762713 
 ----> 1.3#6.6#4.0#14.0#VAR 659 0 0.92443 0.0755702 
 ----> 1.3#6.6#4.0#14.0#VAR 660 0 0.917523 0.0824774 
 ----> 1.3#6.6#4.0#14.0#VAR 661 1 0.920961 0.079039 
 ----> 1.3#6.6#4.0#14.0#VAR 662 0 0.924894 0.075106 
 ----> 1.3#6.6#4.0#14.0#VAR 663 0 0.927203 0.072797 
 ----> 1.3#6.6#4.0#14.0#VAR 664 0 0.926705 0.0732947 
 ----> 1.3#6.6#4.0#14.0#VAR 665 0 0.916829 0.0831706 
 ----> 1.3#6.6#4.0#14.0#VAR 666 0 0.927273 0.0727268 
 ----> 1.3#6.6#4.0#14.0#VAR 667 0 0.930665 0.069335 
 ----> 1.3#6.6#4.0#14.0#VAR 668 0 0.926002 0.0739983 
 ----> 1.3#6.6#4.0#14.0#VAR 669 0 0.917211 0.0827894 
 ----> 1.3#6.6#4.0#14.0#VAR 670 0 0.924301 0.0756986 
 ----> 1.3#6.6#4.0#14.0#VAR 671 1 0.915728 0.0842722 
 ----> 1.3#6.6#4.0#14.0#VAR 672 0 0.929231 0.0707695 
 ----> 1.3#6.6#4.0#14.0#VAR 673 0 0.926591 0.0734092 
 ----> 1.3#6.6#4.0#14.0#VAR 674 0 0.924409 0.0755912 
 ----> 1.3#6.6#4.0#14.0#VAR 675 0 0.934592 0.0654079 
 ----> 1.3#6.6#4.0#14.0#VAR 676 0 0.930913 0.0690868 
 ----> 1.3#6.6#4.0#14.0#VAR 677 0 0.923939 0.0760613 
 ----> 1.3#6.6#4.0#14.0#VAR 678 0 0.927744 0.0722555 
 ----> 1.3#6.6#4.0#14.0#VAR 679 0 0.926272 0.0737285 
 ----> 1.3#6.6#4.0#14.0#VAR 680 0 0.925117 0.074883 
 ----> 1.3#6.6#4.0#14.0#VAR 681 0 0.92509 0.07491 
 ----> 1.3#6.6#4.0#14.0#VAR 682 0 0.929104 0.0708961 
 ----> 1.3#6.6#4.0#14.0#VAR 683 1 0.920481 0.0795188 
 ----> 1.3#6.6#4.0#14.0#VAR 684 0 0.925265 0.0747352 
 ----> 1.3#6.6#4.0#14.0#VAR 685 0 0.926252 0.0737477 
 ----> 1.3#6.6#4.0#14.0#VAR 686 0 0.923784 0.0762164 
 ----> 1.3#6.6#4.0#14.0#VAR 687 0 0.924788 0.0752116 
 ----> 1.3#6.6#4.0#14.0#VAR 688 0 0.923964 0.0760362 
 ----> 1.3#6.6#4.0#14.0#VAR 689 0 0.920517 0.0794833 
 ----> 1.3#6.6#4.0#14.0#VAR 690 0 0.929905 0.0700954 
 ----> 1.3#6.6#4.0#14.0#VAR 691 0 0.921053 0.0789468 
 ----> 1.3#6.6#4.0#14.0#VAR 692 0 0.918243 0.0817569 
 ----> 1.3#6.6#4.0#14.0#VAR 693 0 0.929849 0.0701514 
 ----> 1.3#6.6#4.0#14.0#VAR 694 0 0.930425 0.0695755 
 ----> 1.3#6.6#4.0#14.0#VAR 695 0 0.926666 0.0733343 
 ----> 1.3#6.6#4.0#14.0#VAR 696 0 0.922203 0.0777974 
 ----> 1.3#6.6#4.0#14.0#VAR 697 0 0.927922 0.0720784 
 ----> 1.3#6.6#4.0#14.0#VAR 698 0 0.931684 0.0683165 
 ----> 1.3#6.6#4.0#14.0#VAR 699 0 0.925689 0.0743106 
 ----> 1.3#6.6#4.0#14.0#VAR 700 0 0.91332 0.0866797 
 ----> 1.3#6.6#4.0#14.0#VAR 701 1 0.920424 0.0795762 
 ----> 1.3#6.6#4.0#14.0#VAR 702 0 0.924371 0.0756285 
 ----> 1.3#6.6#4.0#14.0#VAR 703 0 0.919471 0.0805291 
 ----> 1.3#6.6#4.0#14.0#VAR 704 0 0.924943 0.0750565 
 ----> 1.3#6.6#4.0#14.0#VAR 705 0 0.919755 0.0802448 
 ----> 1.3#6.6#4.0#14.0#VAR 706 0 0.932535 0.0674651 
 ----> 1.3#6.6#4.0#14.0#VAR 707 0 0.916857 0.0831425 
 ----> 1.3#6.6#4.0#14.0#VAR 708 0 0.921035 0.0789651 
 ----> 1.3#6.6#4.0#14.0#VAR 709 0 0.931325 0.0686752 
 ----> 1.3#6.6#4.0#14.0#VAR 710 0 0.921993 0.0780074 
 ----> 1.3#6.6#4.0#14.0#VAR 711 0 0.917231 0.0827687 
 ----> 1.3#6.6#4.0#14.0#VAR 712 0 0.924409 0.0755915 
 ----> 1.3#6.6#4.0#14.0#VAR 713 0 0.918816 0.0811838 
 ----> 1.3#6.6#4.0#14.0#VAR 714 0 0.934277 0.065723 
 ----> 1.3#6.6#4.0#14.0#VAR 715 0 0.933019 0.0669806 
 ----> 1.3#6.6#4.0#14.0#VAR 716 0 0.923767 0.0762331 
 ----> 1.3#6.6#4.0#14.0#VAR 717 1 0.910878 0.0891217 
 ----> 1.3#6.6#4.0#14.0#VAR 718 0 0.920918 0.0790818 
 ----> 1.3#6.6#4.0#14.0#VAR 719 0 0.915977 0.0840226 
 ----> 1.3#6.6#4.0#14.0#VAR 720 0 0.931225 0.0687747 
 ----> 1.3#6.6#4.0#14.0#VAR 721 0 0.909583 0.0904169 
 ----> 1.3#6.6#4.0#14.0#VAR 722 0 0.919945 0.0800546 
 ----> 1.3#6.6#4.0#14.0#VAR 723 0 0.916403 0.0835972 
 ----> 1.3#6.6#4.0#14.0#VAR 724 0 0.916143 0.0838574 
 ----> 1.3#6.6#4.0#14.0#VAR 725 0 0.916235 0.0837652 
 ----> 1.3#6.6#4.0#14.0#VAR 726 0 0.927596 0.0724041 
 ----> 1.3#6.6#4.0#14.0#VAR 727 0 0.92114 0.07886 
 ----> 1.3#6.6#4.0#14.0#VAR 728 0 0.932084 0.0679161 
 ----> 1.3#6.6#4.0#14.0#VAR 729 0 0.916281 0.0837192 
 ----> 1.3#6.6#4.0#14.0#VAR 730 0 0.926256 0.0737435 
 ----> 1.3#6.6#4.0#14.0#VAR 731 0 0.920547 0.0794534 
 ----> 1.3#6.6#4.0#14.0#VAR 732 0 0.918134 0.0818662 
 ----> 1.3#6.6#4.0#14.0#VAR 733 1 0.919518 0.0804816 
 ----> 1.3#6.6#4.0#14.0#VAR 734 0 0.924624 0.0753757 
 ----> 1.3#6.6#4.0#14.0#VAR 735 0 0.9267 0.0733001 
 ----> 1.3#6.6#4.0#14.0#VAR 736 1 0.914156 0.0858443 
 ----> 1.3#6.6#4.0#14.0#VAR 737 0 0.92714 0.0728601 
 ----> 1.3#6.6#4.0#14.0#VAR 738 0 0.92627 0.0737298 
 ----> 1.3#6.6#4.0#14.0#VAR 739 0 0.919241 0.0807586 
 ----> 1.3#6.6#4.0#14.0#VAR 740 0 0.91995 0.0800503 
 ----> 1.3#6.6#4.0#14.0#VAR 741 0 0.932302 0.0676976 
 ----> 1.3#6.6#4.0#14.0#VAR 742 0 0.926785 0.0732146 
 ----> 1.3#6.6#4.0#14.0#VAR 743 0 0.932316 0.0676843 
 ----> 1.3#6.6#4.0#14.0#VAR 744 0 0.923056 0.0769444 
 ----> 1.3#6.6#4.0#14.0#VAR 745 0 0.920601 0.0793991 
 ----> 1.3#6.6#4.0#14.0#VAR 746 0 0.926073 0.0739268 
 ----> 1.3#6.6#4.0#14.0#VAR 747 0 0.923192 0.0768083 
 ----> 1.3#6.6#4.0#14.0#VAR 748 0 0.922412 0.0775884 
 ----> 1.3#6.6#4.0#14.0#VAR 749 0 0.928339 0.0716608 
 ----> 1.3#6.6#4.0#14.0#VAR 750 0 0.931287 0.0687128 
 ----> 1.3#6.6#4.0#14.0#VAR 751 0 0.922478 0.0775222 
 ----> 1.3#6.6#4.0#14.0#VAR 752 0 0.932996 0.0670035 
 ----> 1.3#6.6#4.0#14.0#VAR 753 0 0.927072 0.0729278 
 ----> 1.3#6.6#4.0#14.0#VAR 754 0 0.926896 0.0731039 
 ----> 1.3#6.6#4.0#14.0#VAR 755 0 0.924107 0.0758931 
 ----> 1.3#6.6#4.0#14.0#VAR 756 0 0.927162 0.0728384 
 ----> 1.3#6.6#4.0#14.0#VAR 757 0 0.921972 0.0780275 
 ----> 1.3#6.6#4.0#14.0#VAR 758 0 0.924685 0.0753149 
 ----> 1.3#6.6#4.0#14.0#VAR 759 0 0.933558 0.0664421 
 ----> 1.3#6.6#4.0#14.0#VAR 760 0 0.928545 0.0714546 
 ----> 1.3#6.6#4.0#14.0#VAR 761 0 0.915373 0.0846268 
 ----> 1.3#6.6#4.0#14.0#VAR 762 0 0.923748 0.0762515 
 ----> 1.3#6.6#4.0#14.0#VAR 763 0 0.922697 0.0773029 
 ----> 1.3#6.6#4.0#14.0#VAR 764 0 0.919073 0.0809274 
 ----> 1.3#6.6#4.0#14.0#VAR 765 0 0.935239 0.0647613 
 ----> 1.3#6.6#4.0#14.0#VAR 766 0 0.92176 0.0782396 
 ----> 1.3#6.6#4.0#14.0#VAR 767 0 0.932756 0.0672439 
 ----> 1.3#6.6#4.0#14.0#VAR 768 0 0.929829 0.0701711 
 ----> 1.3#6.6#4.0#14.0#VAR 769 0 0.925711 0.074289 
 ----> 1.3#6.6#4.0#14.0#VAR 770 0 0.922227 0.0777726 
 ----> 1.3#6.6#4.0#14.0#VAR 771 1 0.907417 0.092583 
 ----> 1.3#6.6#4.0#14.0#VAR 772 0 0.93532 0.0646801 
 ----> 1.3#6.6#4.0#14.0#VAR 773 0 0.925309 0.0746906 
 ----> 1.3#6.6#4.0#14.0#VAR 774 0 0.921541 0.0784589 
 ----> 1.3#6.6#4.0#14.0#VAR 775 0 0.93412 0.0658803 
 ----> 1.3#6.6#4.0#14.0#VAR 776 0 0.928722 0.0712779 
 ----> 1.3#6.6#4.0#14.0#VAR 777 1 0.919939 0.0800613 
 ----> 1.3#6.6#4.0#14.0#VAR 778 0 0.925979 0.0740205 
 ----> 1.3#6.6#4.0#14.0#VAR 779 0 0.921221 0.078779 
 ----> 1.3#6.6#4.0#14.0#VAR 780 0 0.916283 0.0837168 
 ----> 1.3#6.6#4.0#14.0#VAR 781 0 0.928604 0.0713962 
 ----> 1.3#6.6#4.0#14.0#VAR 782 0 0.928819 0.071181 
 ----> 1.3#6.6#4.0#14.0#VAR 783 0 0.92271 0.07729 
 ----> 1.3#6.6#4.0#14.0#VAR 784 0 0.92381 0.0761904 
 ----> 1.3#6.6#4.0#14.0#VAR 785 0 0.922382 0.0776176 
 ----> 1.3#6.6#4.0#14.0#VAR 786 0 0.921567 0.078433 
 ----> 1.3#6.6#4.0#14.0#VAR 787 0 0.925165 0.0748346 
 ----> 1.3#6.6#4.0#14.0#VAR 788 0 0.925835 0.0741649 
 ----> 1.3#6.6#4.0#14.0#VAR 789 0 0.919707 0.0802934 
 ----> 1.3#6.6#4.0#14.0#VAR 790 0 0.921659 0.0783412 
 ----> 1.3#6.6#4.0#14.0#VAR 791 1 0.918353 0.0816467 
 ----> 1.3#6.6#4.0#14.0#VAR 792 0 0.913261 0.086739 
 ----> 1.3#6.6#4.0#14.0#VAR 793 0 0.923502 0.0764979 
 ----> 1.3#6.6#4.0#14.0#VAR 794 0 0.917556 0.0824438 
 ----> 1.3#6.6#4.0#14.0#VAR 795 0 0.924129 0.0758706 
 ----> 1.3#6.6#4.0#14.0#VAR 796 0 0.919239 0.0807613 
 ----> 1.3#6.6#4.0#14.0#VAR 797 0 0.916038 0.0839619 
 ----> 1.3#6.6#4.0#14.0#VAR 798 1 0.918169 0.0818314 
 ----> 1.3#6.6#4.0#14.0#VAR 799 0 0.916446 0.0835541 
 ----> 1.3#6.6#4.0#14.0#VAR 800 0 0.915869 0.0841306 
 ----> 1.3#6.6#4.0#14.0#VAR 801 1 0.897988 0.102012 
 ----> 1.3#6.6#4.0#14.0#VAR 802 0 0.917543 0.0824571 
 ----> 1.3#6.6#4.0#14.0#VAR 803 1 0.909418 0.0905823 
 ----> 1.3#6.6#4.0#14.0#VAR 804 0 0.924534 0.0754657 
 ----> 1.3#6.6#4.0#14.0#VAR 805 0 0.921129 0.0788708 
 ----> 1.3#6.6#4.0#14.0#VAR 806 1 0.905466 0.0945336 
 ----> 1.3#6.6#4.0#14.0#VAR 807 0 0.911774 0.0882257 
 ----> 1.3#6.6#4.0#14.0#VAR 808 0 0.918002 0.0819975 
 ----> 1.3#6.6#4.0#14.0#VAR 809 0 0.913047 0.0869531 
 ----> 1.3#6.6#4.0#14.0#VAR 810 0 0.919152 0.0808482 
 ----> 1.3#6.6#4.0#14.0#VAR 811 1 0.92115 0.0788504 
 ----> 1.3#6.6#4.0#14.0#VAR 812 0 0.934004 0.0659958 
 ----> 1.3#6.6#4.0#14.0#VAR 813 0 0.924612 0.0753877 
 ----> 1.3#6.6#4.0#14.0#VAR 814 0 0.927497 0.0725033 
 ----> 1.3#6.6#4.0#14.0#VAR 815 0 0.918543 0.0814569 
 ----> 1.3#6.6#4.0#14.0#VAR 816 0 0.915096 0.0849039 
 ----> 1.3#6.6#4.0#14.0#VAR 817 1 0.913799 0.0862012 
 ----> 1.3#6.6#4.0#14.0#VAR 818 0 0.92437 0.0756296 
 ----> 1.3#6.6#4.0#14.0#VAR 819 0 0.926476 0.073524 
 ----> 1.3#6.6#4.0#14.0#VAR 820 0 0.92557 0.0744299 
 ----> 1.3#6.6#4.0#14.0#VAR 821 0 0.918607 0.0813933 
 ----> 1.3#6.6#4.0#14.0#VAR 822 0 0.919317 0.080683 
 ----> 1.3#6.6#4.0#14.0#VAR 823 1 0.901053 0.0989469 
 ----> 1.3#6.6#4.0#14.0#VAR 824 0 0.918692 0.081308 
 ----> 1.3#6.6#4.0#14.0#VAR 825 0 0.935197 0.0648028 
 ----> 1.3#6.6#4.0#14.0#VAR 826 0 0.923733 0.0762673 
 ----> 1.3#6.6#4.0#14.0#VAR 827 0 0.910423 0.0895767 
 ----> 1.3#6.6#4.0#14.0#VAR 828 0 0.921175 0.0788254 
 ----> 1.3#6.6#4.0#14.0#VAR 829 0 0.917035 0.0829645 
 ----> 1.3#6.6#4.0#14.0#VAR 830 0 0.922638 0.0773619 
 ----> 1.3#6.6#4.0#14.0#VAR 831 0 0.926976 0.073024 
 ----> 1.3#6.6#4.0#14.0#VAR 832 0 0.911509 0.0884911 
 ----> 1.3#6.6#4.0#14.0#VAR 833 0 0.914201 0.0857992 
 ----> 1.3#6.6#4.0#14.0#VAR 834 0 0.925967 0.074033 
 ----> 1.3#6.6#4.0#14.0#VAR 835 1 0.893246 0.106754 
 ----> 1.3#6.6#4.0#14.0#VAR 836 1 0.907322 0.0926784 
 ----> 1.3#6.6#4.0#14.0#VAR 837 1 0.913184 0.0868158 
 ----> 1.3#6.6#4.0#14.0#VAR 838 1 0.914851 0.0851487 
 ----> 1.3#6.6#4.0#14.0#VAR 839 0 0.93186 0.0681402 
 ----> 1.3#6.6#4.0#14.0#VAR 840 0 0.928115 0.0718854 
 ----> 1.3#6.6#4.0#14.0#VAR 841 0 0.929562 0.0704375 
 ----> 1.3#6.6#4.0#14.0#VAR 842 0 0.928806 0.0711938 
 ----> 1.3#6.6#4.0#14.0#VAR 843 0 0.930969 0.0690307 
 ----> 1.3#6.6#4.0#14.0#VAR 844 0 0.9207 0.0793002 
 ----> 1.3#6.6#4.0#14.0#VAR 845 0 0.913692 0.0863079 
 ----> 1.3#6.6#4.0#14.0#VAR 846 0 0.921006 0.0789938 
 ----> 1.3#6.6#4.0#14.0#VAR 847 0 0.923697 0.0763029 
 ----> 1.3#6.6#4.0#14.0#VAR 848 0 0.921571 0.0784295 
 ----> 1.3#6.6#4.0#14.0#VAR 849 0 0.922753 0.0772473 
 ----> 1.3#6.6#4.0#14.0#VAR 850 0 0.920037 0.0799626 
 ----> 1.3#6.6#4.0#14.0#VAR 851 0 0.925605 0.0743951 
 ----> 1.3#6.6#4.0#14.0#VAR 852 0 0.926017 0.0739826 
 ----> 1.3#6.6#4.0#14.0#VAR 853 0 0.926035 0.0739646 
 ----> 1.3#6.6#4.0#14.0#VAR 854 0 0.924939 0.0750615 
 ----> 1.3#6.6#4.0#14.0#VAR 855 0 0.924568 0.0754315 
 ----> 1.3#6.6#4.0#14.0#VAR 856 0 0.918346 0.0816541 
 ----> 1.3#6.6#4.0#14.0#VAR 857 0 0.913131 0.0868691 
 ----> 1.3#6.6#4.0#14.0#VAR 858 1 0.901933 0.0980674 
 ----> 1.3#6.6#4.0#14.0#VAR 859 0 0.928939 0.0710613 
 ----> 1.3#6.6#4.0#14.0#VAR 860 0 0.913638 0.0863623 
 ----> 1.3#6.6#4.0#14.0#VAR 861 0 0.914089 0.0859114 
 ----> 1.3#6.6#4.0#14.0#VAR 862 0 0.92562 0.0743805 
 ----> 1.3#6.6#4.0#14.0#VAR 863 0 0.917795 0.0822053 
 ----> 1.3#6.6#4.0#14.0#VAR 864 0 0.917426 0.0825736 
 ----> 1.3#6.6#4.0#14.0#VAR 865 0 0.925489 0.0745108 
 ----> 1.3#6.6#4.0#14.0#VAR 866 0 0.916812 0.0831876 
 ----> 1.3#6.6#4.0#14.0#VAR 867 0 0.927219 0.0727807 
 ----> 1.3#6.6#4.0#14.0#VAR 868 0 0.920991 0.0790088 
 ----> 1.3#6.6#4.0#14.0#VAR 869 1 0.91645 0.0835497 
 ----> 1.3#6.6#4.0#14.0#VAR 870 0 0.924822 0.0751782 
 ----> 1.3#6.6#4.0#14.0#VAR 871 0 0.926914 0.073086 
 ----> 1.3#6.6#4.0#14.0#VAR 872 0 0.928422 0.0715775 
 ----> 1.3#6.6#4.0#14.0#VAR 873 0 0.917815 0.0821854 
 ----> 1.3#6.6#4.0#14.0#VAR 874 0 0.924368 0.0756316 
 ----> 1.3#6.6#4.0#14.0#VAR 875 0 0.922665 0.0773353 
 ----> 1.3#6.6#4.0#14.0#VAR 876 0 0.921822 0.0781776 
 ----> 1.3#6.6#4.0#14.0#VAR 877 0 0.914114 0.0858856 
 ----> 1.3#6.6#4.0#14.0#VAR 878 0 0.920834 0.0791659 
 ----> 1.3#6.6#4.0#14.0#VAR 879 0 0.917062 0.0829381 
 ----> 1.3#6.6#4.0#14.0#VAR 880 0 0.922173 0.0778271 
 ----> 1.3#6.6#4.0#14.0#VAR 881 0 0.926279 0.0737212 
 ----> 1.3#6.6#4.0#14.0#VAR 882 0 0.920241 0.0797594 
 ----> 1.3#6.6#4.0#14.0#VAR 883 0 0.924154 0.075846 
 ----> 1.3#6.6#4.0#14.0#VAR 884 0 0.922289 0.0777108 
 ----> 1.3#6.6#4.0#14.0#VAR 885 0 0.926431 0.0735691 
 ----> 1.3#6.6#4.0#14.0#VAR 886 1 0.900661 0.0993386 
 ----> 1.3#6.6#4.0#14.0#VAR 887 0 0.9166 0.0833998 
 ----> 1.3#6.6#4.0#14.0#VAR 888 0 0.919818 0.0801825 
 ----> 1.3#6.6#4.0#14.0#VAR 889 0 0.929326 0.0706741 
 ----> 1.3#6.6#4.0#14.0#VAR 890 0 0.923948 0.076052 
 ----> 1.3#6.6#4.0#14.0#VAR 891 0 0.926275 0.0737253 
 ----> 1.3#6.6#4.0#14.0#VAR 892 0 0.917484 0.0825165 
 ----> 1.3#6.6#4.0#14.0#VAR 893 0 0.917399 0.0826011 
 ----> 1.3#6.6#4.0#14.0#VAR 894 0 0.914732 0.0852677 
 ----> 1.3#6.6#4.0#14.0#VAR 895 0 0.919031 0.0809692 
 ----> 1.3#6.6#4.0#14.0#VAR 896 1 0.915243 0.084757 
 ----> 1.3#6.6#4.0#14.0#VAR 897 1 0.910164 0.0898364 
 ----> 1.3#6.6#4.0#14.0#VAR 898 0 0.919993 0.0800073 
 ----> 1.3#6.6#4.0#14.0#VAR 899 0 0.922629 0.0773713 
 ----> 1.3#6.6#4.0#14.0#VAR 900 0 0.925735 0.0742646 
 ----> 1.3#6.6#4.0#14.0#VAR 901 0 0.91479 0.0852104 
 ----> 1.3#6.6#4.0#14.0#VAR 902 0 0.92697 0.0730301 
 ----> 1.3#6.6#4.0#14.0#VAR 903 0 0.923768 0.0762321 
 ----> 1.3#6.6#4.0#14.0#VAR 904 1 0.91162 0.0883795 
 ----> 1.3#6.6#4.0#14.0#VAR 905 0 0.929198 0.0708017 
 ----> 1.3#6.6#4.0#14.0#VAR 906 0 0.922424 0.0775756 
 ----> 1.3#6.6#4.0#14.0#VAR 907 0 0.913218 0.0867818 
 ----> 1.3#6.6#4.0#14.0#VAR 908 0 0.916746 0.0832536 
 ----> 1.3#6.6#4.0#14.0#VAR 909 0 0.919834 0.0801659 
 ----> 1.3#6.6#4.0#14.0#VAR 910 0 0.920072 0.0799281 
 ----> 1.3#6.6#4.0#14.0#VAR 911 0 0.925684 0.0743157 
 ----> 1.3#6.6#4.0#14.0#VAR 912 0 0.926328 0.0736723 
 ----> 1.3#6.6#4.0#14.0#VAR 913 0 0.929366 0.0706339 
 ----> 1.3#6.6#4.0#14.0#VAR 914 0 0.922407 0.0775933 
 ----> 1.3#6.6#4.0#14.0#VAR 915 0 0.923716 0.0762842 
 ----> 1.3#6.6#4.0#14.0#VAR 916 0 0.913896 0.0861035 
 ----> 1.3#6.6#4.0#14.0#VAR 917 0 0.922901 0.0770993 
 ----> 1.3#6.6#4.0#14.0#VAR 918 0 0.918914 0.0810862 
 ----> 1.3#6.6#4.0#14.0#VAR 919 0 0.917693 0.0823068 
 ----> 1.3#6.6#4.0#14.0#VAR 920 0 0.906826 0.093174 
 ----> 1.3#6.6#4.0#14.0#VAR 921 1 0.906604 0.093396 
 ----> 1.3#6.6#4.0#14.0#VAR 922 0 0.918757 0.0812426 
 ----> 1.3#6.6#4.0#14.0#VAR 923 0 0.910182 0.0898179 
 ----> 1.3#6.6#4.0#14.0#VAR 924 0 0.923035 0.0769648 
 ----> 1.3#6.6#4.0#14.0#VAR 925 0 0.923149 0.0768506 
 ----> 1.3#6.6#4.0#14.0#VAR 926 0 0.926492 0.0735084 
 ----> 1.3#6.6#4.0#14.0#VAR 927 0 0.924926 0.0750744 
 ----> 1.3#6.6#4.0#14.0#VAR 928 0 0.919752 0.0802484 
 ----> 1.3#6.6#4.0#14.0#VAR 929 0 0.915008 0.0849917 
 ----> 1.3#6.6#4.0#14.0#VAR 930 1 0.908917 0.0910827 
 ----> 1.3#6.6#4.0#14.0#VAR 931 0 0.927386 0.072614 
 ----> 1.3#6.6#4.0#14.0#VAR 932 0 0.926492 0.0735082 
 ----> 1.3#6.6#4.0#14.0#VAR 933 0 0.912133 0.0878674 
 ----> 1.3#6.6#4.0#14.0#VAR 934 0 0.919855 0.0801453 
 ----> 1.3#6.6#4.0#14.0#VAR 935 0 0.923962 0.0760384 
 ----> 1.3#6.6#4.0#14.0#VAR 936 1 0.90938 0.0906198 
 ----> 1.3#6.6#4.0#14.0#VAR 937 0 0.926417 0.0735834 
 ----> 1.3#6.6#4.0#14.0#VAR 938 0 0.914649 0.0853509 
 ----> 1.3#6.6#4.0#14.0#VAR 939 0 0.91431 0.08569 
 ----> 1.3#6.6#4.0#14.0#VAR 940 0 0.918009 0.0819914 
 ----> 1.3#6.6#4.0#14.0#VAR 941 0 0.922686 0.0773139 
 ----> 1.3#6.6#4.0#14.0#VAR 942 0 0.918433 0.0815666 
 ----> 1.3#6.6#4.0#14.0#VAR 943 0 0.921785 0.0782154 
 ----> 1.3#6.6#4.0#14.0#VAR 944 0 0.919898 0.0801017 
 ----> 1.3#6.6#4.0#14.0#VAR 945 0 0.921137 0.0788625 
 ----> 1.3#6.6#4.0#14.0#VAR 946 0 0.912451 0.0875487 
 ----> 1.3#6.6#4.0#14.0#VAR 947 1 0.912388 0.0876125 
 ----> 1.3#6.6#4.0#14.0#VAR 948 0 0.920885 0.0791145 
 ----> 1.3#6.6#4.0#14.0#VAR 949 0 0.915605 0.0843947 
 ----> 1.3#6.6#4.0#14.0#VAR 950 0 0.924911 0.0750893 
 ----> 1.3#6.6#4.0#14.0#VAR 951 0 0.918363 0.0816368 
 ----> 1.3#6.6#4.0#14.0#VAR 952 0 0.91496 0.0850398 
 ----> 1.3#6.6#4.0#14.0#VAR 953 0 0.921208 0.0787919 
 ----> 1.3#6.6#4.0#14.0#VAR 954 0 0.926134 0.0738663 
 ----> 1.3#6.6#4.0#14.0#VAR 955 0 0.923018 0.0769824 
 ----> 1.3#6.6#4.0#14.0#VAR 956 0 0.921316 0.0786835 
 ----> 1.3#6.6#4.0#14.0#VAR 957 0 0.919971 0.080029 
 ----> 1.3#6.6#4.0#14.0#VAR 958 0 0.916365 0.0836348 
 ----> 1.3#6.6#4.0#14.0#VAR 959 0 0.906731 0.093269 
 ----> 1.3#6.6#4.0#14.0#VAR 960 0 0.92197 0.0780305 
 ----> 1.3#6.6#4.0#14.0#VAR 961 0 0.923575 0.0764252 
 ----> 1.3#6.6#4.0#14.0#VAR 962 0 0.916624 0.083376 
 ----> 1.3#6.6#4.0#14.0#VAR 963 0 0.92058 0.0794196 
 ----> 1.3#6.6#4.0#14.0#VAR 964 0 0.920464 0.0795364 
 ----> 1.3#6.6#4.0#14.0#VAR 965 0 0.919279 0.0807211 
 ----> 1.3#6.6#4.0#14.0#VAR 966 0 0.921076 0.0789242 
 ----> 1.3#6.6#4.0#14.0#VAR 967 0 0.927285 0.0727148 
 ----> 1.3#6.6#4.0#14.0#VAR 968 0 0.929386 0.0706144 
 ----> 1.3#6.6#4.0#14.0#VAR 969 0 0.920338 0.0796619 
 ----> 1.3#6.6#4.0#14.0#VAR 970 0 0.930335 0.0696654 
 ----> 1.3#6.6#4.0#14.0#VAR 971 0 0.924235 0.0757645 
 ----> 1.3#6.6#4.0#14.0#VAR 972 0 0.924566 0.075434 
 ----> 1.3#6.6#4.0#14.0#VAR 973 0 0.927038 0.0729618 
 ----> 1.3#6.6#4.0#14.0#VAR 974 0 0.925568 0.0744319 
 ----> 1.3#6.6#4.0#14.0#VAR 975 0 0.927301 0.0726986 
 ----> 1.3#6.6#4.0#14.0#VAR 976 1 0.914042 0.0859577 
 ----> 1.3#6.6#4.0#14.0#VAR 977 0 0.920825 0.0791748 
 ----> 1.3#6.6#4.0#14.0#VAR 978 0 0.918955 0.0810455 
 ----> 1.3#6.6#4.0#14.0#VAR 979 0 0.925298 0.0747022 
 ----> 1.3#6.6#4.0#14.0#VAR 980 0 0.922052 0.0779479 
 ----> 1.3#6.6#4.0#14.0#VAR 981 0 0.911414 0.0885863 
 ----> 1.3#6.6#4.0#14.0#VAR 982 0 0.928832 0.0711678 
 ----> 1.3#6.6#4.0#14.0#VAR 983 0 0.919375 0.0806247 
 ----> 1.3#6.6#4.0#14.0#VAR 984 0 0.928233 0.0717667 
 ----> 1.3#6.6#4.0#14.0#VAR 985 0 0.919843 0.0801574 
 ----> 1.3#6.6#4.0#14.0#VAR 986 0 0.914332 0.0856683 
 ----> 1.3#6.6#4.0#14.0#VAR 987 0 0.915443 0.0845569 
 ----> 1.3#6.6#4.0#14.0#VAR 988 0 0.927292 0.0727078 
 ----> 1.3#6.6#4.0#14.0#VAR 989 0 0.921271 0.0787292 
 ----> 1.3#6.6#4.0#14.0#VAR 990 0 0.925212 0.0747885 
 ----> 1.3#6.6#4.0#14.0#VAR 991 0 0.920692 0.0793084 
 ----> 1.3#6.6#4.0#14.0#VAR 992 0 0.918105 0.0818946 
 ----> 1.3#6.6#4.0#14.0#VAR 993 0 0.929253 0.0707468 
 ----> 1.3#6.6#4.0#14.0#VAR 994 0 0.925869 0.0741312 
 ----> 1.3#6.6#4.0#14.0#VAR 995 0 0.929531 0.0704688 
 ----> 1.3#6.6#4.0#14.0#VAR 996 0 0.91592 0.08408 
 ----> 1.3#6.6#4.0#14.0#VAR 997 0 0.923932 0.076068 
 ----> 1.3#6.6#4.0#14.0#VAR 998 0 0.929694 0.0703058 
 ----> 1.3#6.6#4.0#14.0#VAR 999 0 0.919204 0.0807958 
 ----> 1.3#6.6#4.0#14.0#VAR 1000 0 0.923174 0.0768263 
 ----> 1.3#6.6#4.0#14.0#VAR 1001 0 0.920063 0.0799369 
 ----> 1.3#6.6#4.0#14.0#VAR 1002 0 0.921342 0.0786579 
 ----> 1.3#6.6#4.0#14.0#VAR 1003 0 0.928985 0.0710149 
 ----> 1.3#6.6#4.0#14.0#VAR 1004 0 0.927994 0.072006 
 ----> 1.3#6.6#4.0#14.0#VAR 1005 0 0.916229 0.0837708 
 ----> 1.3#6.6#4.0#14.0#VAR 1006 0 0.923887 0.0761128 
 ----> 1.3#6.6#4.0#14.0#VAR 1007 0 0.928457 0.0715435 
 ----> 1.3#6.6#4.0#14.0#VAR 1008 0 0.919964 0.0800359 
 ----> 1.3#6.6#4.0#14.0#VAR 1009 0 0.914951 0.0850486 
 ----> 1.3#6.6#4.0#14.0#VAR 1010 0 0.912177 0.0878235 
 ----> 1.3#6.6#4.0#14.0#VAR 1011 0 0.917723 0.0822772 
 ----> 1.3#6.6#4.0#14.0#VAR 1012 1 0.905826 0.0941736 
 ----> 1.3#6.6#4.0#14.0#VAR 1013 0 0.901828 0.0981716 
 ----> 1.3#6.6#4.0#14.0#VAR 1014 0 0.920792 0.0792075 
 ----> 1.3#6.6#4.0#14.0#VAR 1015 1 0.91021 0.0897901 
 ----> 1.3#6.6#4.0#14.0#VAR 1016 0 0.931885 0.0681149 
 ----> 1.3#6.6#4.0#14.0#VAR 1017 0 0.921808 0.0781924 
 ----> 1.3#6.6#4.0#14.0#VAR 1018 0 0.920745 0.0792552 
 ----> 1.3#6.6#4.0#14.0#VAR 1019 0 0.928878 0.0711218 
 ----> 1.3#6.6#4.0#14.0#VAR 1020 0 0.92929 0.0707104 
 ----> 1.3#6.6#4.0#14.0#VAR 1021 0 0.919041 0.0809591 
 ----> 1.3#6.6#4.0#14.0#VAR 1022 1 0.911215 0.0887847 
 ----> 1.3#6.6#4.0#14.0#VAR 1023 0 0.91908 0.0809201 
 ----> 1.3#6.6#4.0#14.0#VAR 1024 0 0.923712 0.0762883 
 ----> 1.3#6.6#4.0#14.0#VAR 1025 0 0.927197 0.0728033 
 ----> 1.3#6.6#4.0#14.0#VAR 1026 0 0.917953 0.0820466 
 ----> 1.3#6.6#4.0#14.0#VAR 1027 0 0.920824 0.0791757 
 ----> 1.3#6.6#4.0#14.0#VAR 1028 0 0.912787 0.0872128 
 ----> 1.3#6.6#4.0#14.0#VAR 1029 1 0.90172 0.09828 
 ----> 1.3#6.6#4.0#14.0#VAR 1030 0 0.922062 0.0779379 
 ----> 1.3#6.6#4.0#14.0#VAR 1031 0 0.918282 0.0817183 
 ----> 1.3#6.6#4.0#14.0#VAR 1032 0 0.921294 0.0787055 
 ----> 1.3#6.6#4.0#14.0#VAR 1033 0 0.925481 0.0745185 
 ----> 1.3#6.6#4.0#14.0#VAR 1034 1 0.910907 0.0890931 
 ----> 1.3#6.6#4.0#14.0#VAR 1035 0 0.917404 0.0825958 
 ----> 1.3#6.6#4.0#14.0#VAR 1036 0 0.916708 0.0832922 
 ----> 1.3#6.6#4.0#14.0#VAR 1037 1 0.904666 0.0953337 
 ----> 1.3#6.6#4.0#14.0#VAR 1038 0 0.923832 0.0761683 
 ----> 1.3#6.6#4.0#14.0#VAR 1039 0 0.930884 0.069116 
 ----> 1.3#6.6#4.0#14.0#VAR 1040 0 0.927572 0.0724282 
 ----> 1.3#6.6#4.0#14.0#VAR 1041 0 0.924657 0.0753431 
 ----> 1.3#6.6#4.0#14.0#VAR 1042 0 0.925075 0.0749245 
 ----> 1.3#6.6#4.0#14.0#VAR 1043 0 0.919001 0.0809992 
 ----> 1.3#6.6#4.0#14.0#VAR 1044 0 0.914423 0.0855771 
 ----> 1.3#6.6#4.0#14.0#VAR 1045 0 0.926423 0.0735772 
 ----> 1.3#6.6#4.0#14.0#VAR 1046 0 0.926237 0.0737633 
 ----> 1.3#6.6#4.0#14.0#VAR 1047 0 0.934062 0.0659379 
 ----> 1.3#6.6#4.0#14.0#VAR 1048 0 0.928856 0.0711442 
 ----> 1.3#6.6#4.0#14.0#VAR 1049 0 0.925526 0.0744738 
 ----> 1.3#6.6#4.0#14.0#VAR 1050 0 0.926514 0.0734862 
 ----> 1.3#6.6#4.0#14.0#VAR 1051 0 0.923051 0.0769491 
 ----> 1.3#6.6#4.0#14.0#VAR 1052 0 0.91803 0.0819696 
 ----> 1.3#6.6#4.0#14.0#VAR 1053 0 0.914751 0.0852486 
 ----> 1.3#6.6#4.0#14.0#VAR 1054 0 0.926037 0.0739633 
 ----> 1.3#6.6#4.0#14.0#VAR 1055 0 0.931721 0.0682794 
 ----> 1.3#6.6#4.0#14.0#VAR 1056 0 0.916264 0.0837357 
 ----> 1.3#6.6#4.0#14.0#VAR 1057 0 0.922937 0.077063 
 ----> 1.3#6.6#4.0#14.0#VAR 1058 0 0.911332 0.0886682 
 ----> 1.3#6.6#4.0#14.0#VAR 1059 0 0.910271 0.0897291 
 ----> 1.3#6.6#4.0#14.0#VAR 1060 0 0.91423 0.08577 
 ----> 1.3#6.6#4.0#14.0#VAR 1061 0 0.923258 0.076742 
 ----> 1.3#6.6#4.0#14.0#VAR 1062 0 0.92243 0.0775696 
 ----> 1.3#6.6#4.0#14.0#VAR 1063 0 0.928533 0.0714672 
 ----> 1.3#6.6#4.0#14.0#VAR 1064 0 0.91683 0.0831697 
 ----> 1.3#6.6#4.0#14.0#VAR 1065 0 0.911884 0.0881157 
 ----> 1.3#6.6#4.0#14.0#VAR 1066 0 0.925757 0.0742427 
 ----> 1.3#6.6#4.0#14.0#VAR 1067 0 0.91688 0.0831195 
 ----> 1.3#6.6#4.0#14.0#VAR 1068 0 0.916844 0.0831564 
 ----> 1.3#6.6#4.0#14.0#VAR 1069 0 0.918521 0.0814787 
 ----> 1.3#6.6#4.0#14.0#VAR 1070 0 0.932851 0.0671492 
 ----> 1.3#6.6#4.0#14.0#VAR 1071 0 0.923515 0.0764855 
 ----> 1.3#6.6#4.0#14.0#VAR 1072 0 0.924016 0.0759843 
 ----> 1.3#6.6#4.0#14.0#VAR 1073 0 0.922986 0.0770135 
 ----> 1.3#6.6#4.0#14.0#VAR 1074 0 0.921178 0.0788216 
 ----> 1.3#6.6#4.0#14.0#VAR 1075 0 0.921165 0.0788352 
 ----> 1.3#6.6#4.0#14.0#VAR 1076 0 0.920228 0.0797715 
 ----> 1.3#6.6#4.0#14.0#VAR 1077 0 0.915841 0.0841589 
 ----> 1.3#6.6#4.0#14.0#VAR 1078 0 0.926848 0.0731522 
 ----> 1.3#6.6#4.0#14.0#VAR 1079 0 0.918574 0.0814259 
 ----> 1.3#6.6#4.0#14.0#VAR 1080 0 0.92295 0.0770495 
 ----> 1.3#6.6#4.0#14.0#VAR 1081 0 0.925246 0.0747538 
 ----> 1.3#6.6#4.0#14.0#VAR 1082 0 0.921459 0.0785412 
 ----> 1.3#6.6#4.0#14.0#VAR 1083 0 0.924801 0.0751994 
 ----> 1.3#6.6#4.0#14.0#VAR 1084 0 0.927233 0.0727673 
 ----> 1.3#6.6#4.0#14.0#VAR 1085 0 0.915505 0.0844947 
 ----> 1.3#6.6#4.0#14.0#VAR 1086 0 0.919414 0.0805857 
 ----> 1.3#6.6#4.0#14.0#VAR 1087 0 0.928705 0.0712947 
 ----> 1.3#6.6#4.0#14.0#VAR 1088 0 0.923893 0.0761067 
 ----> 1.3#6.6#4.0#14.0#VAR 1089 0 0.92796 0.0720399 
 ----> 1.3#6.6#4.0#14.0#VAR 1090 0 0.926236 0.0737643 
 ----> 1.3#6.6#4.0#14.0#VAR 1091 0 0.922313 0.0776875 
 ----> 1.3#6.6#4.0#14.0#VAR 1092 0 0.916809 0.0831914 
 ----> 1.3#6.6#4.0#14.0#VAR 1093 0 0.921008 0.0789921 
 ----> 1.3#6.6#4.0#14.0#VAR 1094 0 0.92412 0.0758799 
 ----> 1.3#6.6#4.0#14.0#VAR 1095 0 0.923343 0.0766566 
 ----> 1.3#6.6#4.0#14.0#VAR 1096 0 0.92721 0.0727898 
 ----> 1.3#6.6#4.0#14.0#VAR 1097 0 0.930652 0.0693482 
 ----> 1.3#6.6#4.0#14.0#VAR 1098 0 0.919251 0.0807495 
 ----> 1.3#6.6#4.0#14.0#VAR 1099 0 0.921521 0.0784793 
 ----> 1.3#6.6#4.0#14.0#VAR 1100 0 0.928271 0.071729 
 ----> 1.3#6.6#4.0#14.0#VAR 1101 0 0.918415 0.0815851 
 ----> 1.3#6.6#4.0#14.0#VAR 1102 1 0.917395 0.0826049 
 ----> 1.3#6.6#4.0#14.0#VAR 1103 0 0.925884 0.0741162 
 ----> 1.3#6.6#4.0#14.0#VAR 1104 0 0.92767 0.0723301 
 ----> 1.3#6.6#4.0#14.0#VAR 1105 0 0.917287 0.0827127 
 ----> 1.3#6.6#4.0#14.0#VAR 1106 0 0.918333 0.0816669 
 ----> 1.3#6.6#4.0#14.0#VAR 1107 1 0.901388 0.098612 
 ----> 1.3#6.6#4.0#14.0#VAR 1108 0 0.928844 0.0711557 
 ----> 1.3#6.6#4.0#14.0#VAR 1109 1 0.91109 0.0889098 
 ----> 1.3#6.6#4.0#14.0#VAR 1110 0 0.929281 0.0707189 
 ----> 1.3#6.6#4.0#14.0#VAR 1111 1 0.898934 0.101066 
 ----> 1.3#6.6#4.0#14.0#VAR 1112 1 0.905589 0.0944108 
 ----> 1.3#6.6#4.0#14.0#VAR 1113 0 0.926489 0.0735113 
 ----> 1.3#6.6#4.0#14.0#VAR 1114 0 0.919065 0.0809347 
 ----> 1.3#6.6#4.0#14.0#VAR 1115 0 0.915847 0.0841532 
 ----> 1.3#6.6#4.0#14.0#VAR 1116 0 0.923703 0.0762971 
 ----> 1.3#6.6#4.0#14.0#VAR 1117 0 0.919686 0.0803137 
 ----> 1.3#6.6#4.0#14.0#VAR 1118 0 0.922022 0.0779783 
 ----> 1.3#6.6#4.0#14.0#VAR 1119 0 0.9194 0.0806003 
 ----> 1.3#6.6#4.0#14.0#VAR 1120 1 0.913457 0.0865428 
 ----> 1.3#6.6#4.0#14.0#VAR 1121 0 0.923401 0.0765988 
 ----> 1.3#6.6#4.0#14.0#VAR 1122 0 0.91899 0.0810097 
 ----> 1.3#6.6#4.0#14.0#VAR 1123 0 0.917985 0.0820147 
 ----> 1.3#6.6#4.0#14.0#VAR 1124 0 0.922591 0.0774088 
 ----> 1.3#6.6#4.0#14.0#VAR 1125 0 0.912784 0.0872159 
 ----> 1.3#6.6#4.0#14.0#VAR 1126 0 0.924893 0.0751075 
 ----> 1.3#6.6#4.0#14.0#VAR 1127 0 0.912821 0.0871788 
 ----> 1.3#6.6#4.0#14.0#VAR 1128 0 0.929139 0.0708608 
 ----> 1.3#6.6#4.0#14.0#VAR 1129 1 0.874982 0.125018 
 ----> 1.3#6.6#4.0#14.0#VAR 1130 0 0.920085 0.0799155 
 ----> 1.3#6.6#4.0#14.0#VAR 1131 0 0.926531 0.0734687 
 ----> 1.3#6.6#4.0#14.0#VAR 1132 1 0.90961 0.0903903 
 ----> 1.3#6.6#4.0#14.0#VAR 1133 0 0.924361 0.0756395 
 ----> 1.3#6.6#4.0#14.0#VAR 1134 0 0.920874 0.0791262 
 ----> 1.3#6.6#4.0#14.0#VAR 1135 0 0.924784 0.0752162 
 ----> 1.3#6.6#4.0#14.0#VAR 1136 0 0.924204 0.0757957 
 ----> 1.3#6.6#4.0#14.0#VAR 1137 0 0.924039 0.0759608 
 ----> 1.3#6.6#4.0#14.0#VAR 1138 0 0.921605 0.078395 
 ----> 1.3#6.6#4.0#14.0#VAR 1139 0 0.913165 0.086835 
 ----> 1.3#6.6#4.0#14.0#VAR 1140 0 0.918724 0.0812757 
 ----> 1.3#6.6#4.0#14.0#VAR 1141 0 0.914541 0.0854589 
 ----> 1.3#6.6#4.0#14.0#VAR 1142 0 0.929449 0.0705507 
 ----> 1.3#6.6#4.0#14.0#VAR 1143 0 0.918594 0.0814063 
 ----> 1.3#6.6#4.0#14.0#VAR 1144 1 0.900665 0.0993348 
 ----> 1.3#6.6#4.0#14.0#VAR 1145 0 0.923673 0.0763271 
 ----> 1.3#6.6#4.0#14.0#VAR 1146 0 0.918846 0.0811541 
 ----> 1.3#6.6#4.0#14.0#VAR 1147 0 0.920756 0.0792436 
 ----> 1.3#6.6#4.0#14.0#VAR 1148 0 0.917993 0.082007 
 ----> 1.3#6.6#4.0#14.0#VAR 1149 0 0.924198 0.075802 
 ----> 1.3#6.6#4.0#14.0#VAR 1150 0 0.92173 0.0782705 
 ----> 1.3#6.6#4.0#14.0#VAR 1151 0 0.912598 0.0874021 
 ----> 1.3#6.6#4.0#14.0#VAR 1152 0 0.923258 0.0767417 
 ----> 1.3#6.6#4.0#14.0#VAR 1153 0 0.926421 0.0735794 
 ----> 1.3#6.6#4.0#14.0#VAR 1154 0 0.916876 0.0831238 
 ----> 1.3#6.6#4.0#14.0#VAR 1155 0 0.928191 0.0718091 
 ----> 1.3#6.6#4.0#14.0#VAR 1156 0 0.914747 0.085253 
 ----> 1.3#6.6#4.0#14.0#VAR 1157 0 0.922246 0.0777537 
 ----> 1.3#6.6#4.0#14.0#VAR 1158 0 0.927149 0.0728514 
 ----> 1.3#6.6#4.0#14.0#VAR 1159 0 0.917808 0.0821917 
 ----> 1.3#6.6#4.0#14.0#VAR 1160 0 0.926278 0.0737223 
 ----> 1.3#6.6#4.0#14.0#VAR 1161 0 0.917224 0.0827762 
 ----> 1.3#6.6#4.0#14.0#VAR 1162 0 0.913484 0.0865155 
 ----> 1.3#6.6#4.0#14.0#VAR 1163 0 0.924456 0.0755438 
 ----> 1.3#6.6#4.0#14.0#VAR 1164 0 0.92212 0.0778797 
 ----> 1.3#6.6#4.0#14.0#VAR 1165 0 0.894154 0.105846 
 ----> 1.3#6.6#4.0#14.0#VAR 1166 1 0.918382 0.0816183 
 ----> 1.3#6.6#4.0#14.0#VAR 1167 0 0.926124 0.0738764 
 ----> 1.3#6.6#4.0#14.0#VAR 1168 0 0.927206 0.0727937 
 ----> 1.3#6.6#4.0#14.0#VAR 1169 1 0.911095 0.0889047 
 ----> 1.3#6.6#4.0#14.0#VAR 1170 0 0.922001 0.0779987 
 ----> 1.3#6.6#4.0#14.0#VAR 1171 0 0.922546 0.0774541 
 ----> 1.3#6.6#4.0#14.0#VAR 1172 0 0.92236 0.0776403 
 ----> 1.3#6.6#4.0#14.0#VAR 1173 0 0.927416 0.0725844 
 ----> 1.3#6.6#4.0#14.0#VAR 1174 1 0.907467 0.0925332 
 ----> 1.3#6.6#4.0#14.0#VAR 1175 0 0.915312 0.0846879 
 ----> 1.3#6.6#4.0#14.0#VAR 1176 0 0.922548 0.0774524 
 ----> 1.3#6.6#4.0#14.0#VAR 1177 0 0.925928 0.0740717 
 ----> 1.3#6.6#4.0#14.0#VAR 1178 0 0.914086 0.0859144 
 ----> 1.3#6.6#4.0#14.0#VAR 1179 0 0.913631 0.0863694 
 ----> 1.3#6.6#4.0#14.0#VAR 1180 0 0.926555 0.0734449 
 ----> 1.3#6.6#4.0#14.0#VAR 1181 0 0.920029 0.0799708 
 ----> 1.3#6.6#4.0#14.0#VAR 1182 0 0.919828 0.0801722 
 ----> 1.3#6.6#4.0#14.0#VAR 1183 1 0.908751 0.0912491 
 ----> 1.3#6.6#4.0#14.0#VAR 1184 1 0.912634 0.0873656 
 ----> 1.3#6.6#4.0#14.0#VAR 1185 1 0.903711 0.0962888 
 ----> 1.3#6.6#4.0#14.0#VAR 1186 0 0.928517 0.0714834 
 ----> 1.3#6.6#4.0#14.0#VAR 1187 0 0.92059 0.0794099 
 ----> 1.3#6.6#4.0#14.0#VAR 1188 0 0.900258 0.0997418 
 ----> 1.3#6.6#4.0#14.0#VAR 1189 1 0.902228 0.0977725 
 ----> 1.3#6.6#4.0#14.0#VAR 1190 0 0.922045 0.0779547 
 ----> 1.3#6.6#4.0#14.0#VAR 1191 0 0.918257 0.0817429 
 ----> 1.3#6.6#4.0#14.0#VAR 1192 0 0.918006 0.0819944 
 ----> 1.3#6.6#4.0#14.0#VAR 1193 0 0.926471 0.0735286 
 ----> 1.3#6.6#4.0#14.0#VAR 1194 1 0.912444 0.0875556 
 ----> 1.3#6.6#4.0#14.0#VAR 1195 0 0.930384 0.0696163 
 ----> 1.3#6.6#4.0#14.0#VAR 1196 0 0.925028 0.0749717 
 ----> 1.3#6.6#4.0#14.0#VAR 1197 0 0.920814 0.0791865 
 ----> 1.3#6.6#4.0#14.0#VAR 1198 0 0.921731 0.0782695 
 ----> 1.3#6.6#4.0#14.0#VAR 1199 0 0.916543 0.0834569 
 ----> 1.3#6.6#4.0#14.0#VAR 1200 0 0.906753 0.0932468 
 ----> 1.3#6.6#4.0#14.0#VAR 1201 0 0.916243 0.0837572 
 ----> 1.3#6.6#4.0#14.0#VAR 1202 0 0.915335 0.0846645 
 ----> 1.3#6.6#4.0#14.0#VAR 1203 0 0.921711 0.0782892 
 ----> 1.3#6.6#4.0#14.0#VAR 1204 0 0.919843 0.0801567 
 ----> 1.3#6.6#4.0#14.0#VAR 1205 1 0.912392 0.0876079 
 ----> 1.3#6.6#4.0#14.0#VAR 1206 0 0.92041 0.0795899 
 ----> 1.3#6.6#4.0#14.0#VAR 1207 0 0.92061 0.0793899 
 ----> 1.3#6.6#4.0#14.0#VAR 1208 0 0.922063 0.0779373 
 ----> 1.3#6.6#4.0#14.0#VAR 1209 0 0.926326 0.0736742 
 ----> 1.3#6.6#4.0#14.0#VAR 1210 0 0.931902 0.0680976 
 ----> 1.3#6.6#4.0#14.0#VAR 1211 0 0.925971 0.0740293 
 ----> 1.3#6.6#4.0#14.0#VAR 1212 0 0.925939 0.0740607 
 ----> 1.3#6.6#4.0#14.0#VAR 1213 0 0.916707 0.083293 
 ----> 1.3#6.6#4.0#14.0#VAR 1214 0 0.921249 0.0787513 
 ----> 1.3#6.6#4.0#14.0#VAR 1215 0 0.922529 0.0774714 
 ----> 1.3#6.6#4.0#14.0#VAR 1216 0 0.919599 0.0804013 
 ----> 1.3#6.6#4.0#14.0#VAR 1217 0 0.92122 0.0787796 
 ----> 1.3#6.6#4.0#14.0#VAR 1218 0 0.922401 0.0775985 
 ----> 1.3#6.6#4.0#14.0#VAR 1219 0 0.919362 0.0806378 
 ----> 1.3#6.6#4.0#14.0#VAR 1220 0 0.923836 0.0761639 
 ----> 1.3#6.6#4.0#14.0#VAR 1221 0 0.921086 0.0789135 
 ----> 1.3#6.6#4.0#14.0#VAR 1222 0 0.922207 0.0777928 
 ----> 1.3#6.6#4.0#14.0#VAR 1223 0 0.925828 0.074172 
 ----> 1.3#6.6#4.0#14.0#VAR 1224 0 0.921842 0.0781576 
 ----> 1.3#6.6#4.0#14.0#VAR 1225 0 0.927711 0.0722894 
 ----> 1.3#6.6#4.0#14.0#VAR 1226 0 0.921525 0.0784749 
 ----> 1.3#6.6#4.0#14.0#VAR 1227 0 0.916823 0.0831766 
 ----> 1.3#6.6#4.0#14.0#VAR 1228 0 0.926333 0.0736672 
 ----> 1.3#6.6#4.0#14.0#VAR 1229 0 0.921516 0.0784845 
 ----> 1.3#6.6#4.0#14.0#VAR 1230 0 0.922666 0.0773337 
 ----> 1.3#6.6#4.0#14.0#VAR 1231 0 0.919164 0.0808359 
 ----> 1.3#6.6#4.0#14.0#VAR 1232 0 0.925861 0.0741386 
 ----> 1.3#6.6#4.0#14.0#VAR 1233 0 0.910547 0.0894532 
 ----> 1.3#6.6#4.0#14.0#VAR 1234 0 0.913184 0.0868158 
 ----> 1.3#6.6#4.0#14.0#VAR 1235 0 0.927391 0.0726093 
 ----> 1.3#6.6#4.0#14.0#VAR 1236 0 0.920479 0.079521 
 ----> 1.3#6.6#4.0#14.0#VAR 1237 0 0.921327 0.078673 
 ----> 1.3#6.6#4.0#14.0#VAR 1238 0 0.9209 0.0790998 
 ----> 1.3#6.6#4.0#14.0#VAR 1239 0 0.92139 0.0786098 
 ----> 1.3#6.6#4.0#14.0#VAR 1240 0 0.905939 0.0940611 
 ----> 1.3#6.6#4.0#14.0#VAR 1241 0 0.911275 0.0887253 
 ----> 1.3#6.6#4.0#14.0#VAR 1242 0 0.905737 0.0942632 
 ----> 1.3#6.6#4.0#14.0#VAR 1243 0 0.918892 0.0811078 
 ----> 1.3#6.6#4.0#14.0#VAR 1244 0 0.92167 0.07833 
 ----> 1.3#6.6#4.0#14.0#VAR 1245 0 0.925482 0.0745179 
 ----> 1.3#6.6#4.0#14.0#VAR 1246 0 0.928778 0.0712216 
 ----> 1.3#6.6#4.0#14.0#VAR 1247 0 0.926974 0.0730256 
 ----> 1.3#6.6#4.0#14.0#VAR 1248 0 0.923106 0.0768937 
 ----> 1.3#6.6#4.0#14.0#VAR 1249 0 0.918095 0.0819046 
 ----> 1.3#6.6#4.0#14.0#VAR 1250 0 0.921997 0.078003 
 ----> 1.3#6.6#4.0#14.0#VAR 1251 0 0.91609 0.0839098 
 ----> 1.3#6.6#4.0#14.0#VAR 1252 0 0.924231 0.0757687 
 ----> 1.3#6.6#4.0#14.0#VAR 1253 0 0.923466 0.0765335 
 ----> 1.3#6.6#4.0#14.0#VAR 1254 0 0.926773 0.0732267 
 ----> 1.3#6.6#4.0#14.0#VAR 1255 0 0.922155 0.0778447 
 ----> 1.3#6.6#4.0#14.0#VAR 1256 0 0.912807 0.0871933 
 ----> 1.3#6.6#4.0#14.0#VAR 1257 0 0.929213 0.0707865 
 ----> 1.3#6.6#4.0#14.0#VAR 1258 0 0.922224 0.0777758 
 ----> 1.3#6.6#4.0#14.0#VAR 1259 0 0.924997 0.0750033 
 ----> 1.3#6.6#4.0#14.0#VAR 1260 0 0.926092 0.0739075 
 ----> 1.3#6.6#4.0#14.0#VAR 1261 0 0.928111 0.0718889 
 ----> 1.3#6.6#4.0#14.0#VAR 1262 1 0.914172 0.0858284 
 ----> 1.3#6.6#4.0#14.0#VAR 1263 0 0.921011 0.0789888 
 ----> 1.3#6.6#4.0#14.0#VAR 1264 0 0.916933 0.0830666 
 ----> 1.3#6.6#4.0#14.0#VAR 1265 0 0.914585 0.0854149 
 ----> 1.3#6.6#4.0#14.0#VAR 1266 0 0.927199 0.0728015 
 ----> 1.3#6.6#4.0#14.0#VAR 1267 0 0.916193 0.0838066 
 ----> 1.3#6.6#4.0#14.0#VAR 1268 0 0.927746 0.0722542 
 ----> 1.3#6.6#4.0#14.0#VAR 1269 0 0.931762 0.0682376 
 ----> 1.3#6.6#4.0#14.0#VAR 1270 0 0.93381 0.0661897 
 ----> 1.3#6.6#4.0#14.0#VAR 1271 0 0.920526 0.0794736 
 ----> 1.3#6.6#4.0#14.0#VAR 1272 0 0.921276 0.0787243 
 ----> 1.3#6.6#4.0#14.0#VAR 1273 0 0.917431 0.0825693 
 ----> 1.3#6.6#4.0#14.0#VAR 1274 0 0.918287 0.0817131 
 ----> 1.3#6.6#4.0#14.0#VAR 1275 0 0.914513 0.0854866 
 ----> 1.3#6.6#4.0#14.0#VAR 1276 1 0.916852 0.0831481 
 ----> 1.3#6.6#4.0#14.0#VAR 1277 0 0.923378 0.0766225 
 ----> 1.3#6.6#4.0#14.0#VAR 1278 0 0.932118 0.0678819 
 ----> 1.3#6.6#4.0#14.0#VAR 1279 0 0.92086 0.07914 
 ----> 1.3#6.6#4.0#14.0#VAR 1280 0 0.927119 0.0728811 
 ----> 1.3#6.6#4.0#14.0#VAR 1281 0 0.933236 0.0667644 
 ----> 1.3#6.6#4.0#14.0#VAR 1282 1 0.910875 0.0891248 
 ----> 1.3#6.6#4.0#14.0#VAR 1283 0 0.926204 0.073796 
 ----> 1.3#6.6#4.0#14.0#VAR 1284 0 0.921174 0.0788265 
 ----> 1.3#6.6#4.0#14.0#VAR 1285 0 0.924881 0.0751191 
 ----> 1.3#6.6#4.0#14.0#VAR 1286 1 0.915074 0.0849263 
 ----> 1.3#6.6#4.0#14.0#VAR 1287 0 0.924572 0.0754285 
 ----> 1.3#6.6#4.0#14.0#VAR 1288 0 0.918057 0.0819432 
 ----> 1.3#6.6#4.0#14.0#VAR 1289 0 0.92276 0.07724 
 ----> 1.3#6.6#4.0#14.0#VAR 1290 0 0.926951 0.0730487 
 ----> 1.3#6.6#4.0#14.0#VAR 1291 0 0.92135 0.0786502 
 ----> 1.3#6.6#4.0#14.0#VAR 1292 0 0.91704 0.0829605 
 ----> 1.3#6.6#4.0#14.0#VAR 1293 0 0.925517 0.0744835 
 ----> 1.3#6.6#4.0#14.0#VAR 1294 0 0.928826 0.0711744 
 ----> 1.3#6.6#4.0#14.0#VAR 1295 0 0.923643 0.0763574 
 ----> 1.3#6.6#4.0#14.0#VAR 1296 0 0.921099 0.0789006 
 ----> 1.3#6.6#4.0#14.0#VAR 1297 0 0.919288 0.0807121 
 ----> 1.3#6.6#4.0#14.0#VAR 1298 1 0.903777 0.0962225 
 ----> 1.3#6.6#4.0#14.0#VAR 1299 0 0.922223 0.0777772 
 ----> 1.3#6.6#4.0#14.0#VAR 1300 1 0.875316 0.124684 
 ----> 1.3#6.6#4.0#14.0#VAR 1301 0 0.920741 0.0792592 
 ----> 1.3#6.6#4.0#14.0#VAR 1302 0 0.920895 0.0791055 
 ----> 1.3#6.6#4.0#14.0#VAR 1303 0 0.934128 0.0658715 
 ----> 1.3#6.6#4.0#14.0#VAR 1304 0 0.930698 0.0693023 
 ----> 1.3#6.6#4.0#14.0#VAR 1305 0 0.918981 0.0810193 
 ----> 1.3#6.6#4.0#14.0#VAR 1306 0 0.923494 0.0765058 
 ----> 1.3#6.6#4.0#14.0#VAR 1307 1 0.912806 0.0871936 
 ----> 1.3#6.6#4.0#14.0#VAR 1308 0 0.921726 0.0782739 
 ----> 1.3#6.6#4.0#14.0#VAR 1309 0 0.924162 0.0758383 
 ----> 1.3#6.6#4.0#14.0#VAR 1310 1 0.923434 0.0765662 
 ----> 1.3#6.6#4.0#14.0#VAR 1311 0 0.918389 0.081611 
 ----> 1.3#6.6#4.0#14.0#VAR 1312 0 0.926922 0.0730778 
 ----> 1.3#6.6#4.0#14.0#VAR 1313 0 0.9151 0.0849 
 ----> 1.3#6.6#4.0#14.0#VAR 1314 0 0.931582 0.0684181 
 ----> 1.3#6.6#4.0#14.0#VAR 1315 0 0.920236 0.079764 
 ----> 1.3#6.6#4.0#14.0#VAR 1316 1 0.917383 0.0826173 
 ----> 1.3#6.6#4.0#14.0#VAR 1317 0 0.916999 0.0830013 
 ----> 1.3#6.6#4.0#14.0#VAR 1318 0 0.924173 0.0758269 
 ----> 1.3#6.6#4.0#14.0#VAR 1319 0 0.916281 0.0837186 
 ----> 1.3#6.6#4.0#14.0#VAR 1320 0 0.921841 0.0781587 
 ----> 1.3#6.6#4.0#14.0#VAR 1321 0 0.925166 0.0748344 
 ----> 1.3#6.6#4.0#14.0#VAR 1322 0 0.91844 0.0815601 
 ----> 1.3#6.6#4.0#14.0#VAR 1323 0 0.926291 0.0737089 
 ----> 1.3#6.6#4.0#14.0#VAR 1324 0 0.916943 0.083057 
 ----> 1.3#6.6#4.0#14.0#VAR 1325 0 0.929589 0.0704112 
 ----> 1.3#6.6#4.0#14.0#VAR 1326 0 0.922947 0.0770527 
 ----> 1.3#6.6#4.0#14.0#VAR 1327 0 0.925684 0.0743161 
 ----> 1.3#6.6#4.0#14.0#VAR 1328 0 0.924604 0.0753955 
 ----> 1.3#6.6#4.0#14.0#VAR 1329 0 0.924084 0.0759159 
 ----> 1.3#6.6#4.0#14.0#VAR 1330 0 0.920011 0.079989 
 ----> 1.3#6.6#4.0#14.0#VAR 1331 0 0.916699 0.0833007 
 ----> 1.3#6.6#4.0#14.0#VAR 1332 0 0.921341 0.0786589 
 ----> 1.3#6.6#4.0#14.0#VAR 1333 0 0.925057 0.0749432 
 ----> 1.3#6.6#4.0#14.0#VAR 1334 0 0.923966 0.0760344 
 ----> 1.3#6.6#4.0#14.0#VAR 1335 0 0.924708 0.0752923 
 ----> 1.3#6.6#4.0#14.0#VAR 1336 0 0.932619 0.067381 
 ----> 1.3#6.6#4.0#14.0#VAR 1337 0 0.926479 0.0735213 
 ----> 1.3#6.6#4.0#14.0#VAR 1338 0 0.9255 0.0745003 
 ----> 1.3#6.6#4.0#14.0#VAR 1339 0 0.922039 0.0779609 
 ----> 1.3#6.6#4.0#14.0#VAR 1340 0 0.924534 0.0754658 
 ----> 1.3#6.6#4.0#14.0#VAR 1341 0 0.913324 0.0866755 
 ----> 1.3#6.6#4.0#14.0#VAR 1342 0 0.928426 0.071574 
 ----> 1.3#6.6#4.0#14.0#VAR 1343 0 0.923731 0.0762688 
 ----> 1.3#6.6#4.0#14.0#VAR 1344 0 0.922421 0.0775787 
 ----> 1.3#6.6#4.0#14.0#VAR 1345 0 0.921774 0.0782259 
 ----> 1.3#6.6#4.0#14.0#VAR 1346 0 0.921862 0.0781376 
 ----> 1.3#6.6#4.0#14.0#VAR 1347 1 0.901133 0.0988666 
 ----> 1.3#6.6#4.0#14.0#VAR 1348 0 0.934469 0.065531 
 ----> 1.3#6.6#4.0#14.0#VAR 1349 0 0.923784 0.0762159 
 ----> 1.3#6.6#4.0#14.0#VAR 1350 0 0.93461 0.0653902 
 ----> 1.3#6.6#4.0#14.0#VAR 1351 0 0.922265 0.077735 
 ----> 1.3#6.6#4.0#14.0#VAR 1352 0 0.926397 0.0736026 
 ----> 1.3#6.6#4.0#14.0#VAR 1353 0 0.925795 0.0742054 
 ----> 1.3#6.6#4.0#14.0#VAR 1354 0 0.924996 0.0750037 
 ----> 1.3#6.6#4.0#14.0#VAR 1355 0 0.930927 0.0690734 
 ----> 1.3#6.6#4.0#14.0#VAR 1356 0 0.926855 0.0731454 
 ----> 1.3#6.6#4.0#14.0#VAR 1357 0 0.92366 0.0763397 
 ----> 1.3#6.6#4.0#14.0#VAR 1358 0 0.924971 0.0750288 
 ----> 1.3#6.6#4.0#14.0#VAR 1359 0 0.925731 0.0742695 
 ----> 1.3#6.6#4.0#14.0#VAR 1360 1 0.903853 0.0961472 
 ----> 1.3#6.6#4.0#14.0#VAR 1361 0 0.927791 0.0722089 
 ----> 1.3#6.6#4.0#14.0#VAR 1362 0 0.930035 0.0699646 
 ----> 1.3#6.6#4.0#14.0#VAR 1363 1 0.888985 0.111015 
 ----> 1.3#6.6#4.0#14.0#VAR 1364 0 0.925889 0.074111 
 ----> 1.3#6.6#4.0#14.0#VAR 1365 0 0.925551 0.0744495 
 ----> 1.3#6.6#4.0#14.0#VAR 1366 0 0.917897 0.0821027 
 ----> 1.3#6.6#4.0#14.0#VAR 1367 0 0.930619 0.0693814 
 ----> 1.3#6.6#4.0#14.0#VAR 1368 0 0.929177 0.0708234 
 ----> 1.3#6.6#4.0#14.0#VAR 1369 0 0.92858 0.07142 
 ----> 1.3#6.6#4.0#14.0#VAR 1370 0 0.927135 0.0728648 
 ----> 1.3#6.6#4.0#14.0#VAR 1371 0 0.925151 0.074849 
 ----> 1.3#6.6#4.0#14.0#VAR 1372 0 0.927934 0.0720663 
 ----> 1.3#6.6#4.0#14.0#VAR 1373 0 0.925222 0.0747776 
 ----> 1.3#6.6#4.0#14.0#VAR 1374 0 0.936892 0.0631082 
 ----> 1.3#6.6#4.0#14.0#VAR 1375 0 0.936219 0.0637807 
 ----> 1.3#6.6#4.0#14.0#VAR 1376 0 0.917757 0.0822432 
 ----> 1.3#6.6#4.0#14.0#VAR 1377 0 0.925424 0.0745757 
 ----> 1.3#6.6#4.0#14.0#VAR 1378 1 0.907947 0.0920525 
 ----> 1.3#6.6#4.0#14.0#VAR 1379 0 0.921039 0.0789614 
 ----> 1.3#6.6#4.0#14.0#VAR 1380 0 0.915948 0.0840525 
 ----> 1.3#6.6#4.0#14.0#VAR 1381 0 0.910734 0.0892663 
 ----> 1.3#6.6#4.0#14.0#VAR 1382 0 0.922459 0.0775409 
 ----> 1.3#6.6#4.0#14.0#VAR 1383 0 0.917094 0.0829059 
 ----> 1.3#6.6#4.0#14.0#VAR 1384 0 0.921589 0.0784114 
 ----> 1.3#6.6#4.0#14.0#VAR 1385 0 0.932781 0.0672187 
 ----> 1.3#6.6#4.0#14.0#VAR 1386 0 0.921802 0.0781978 
 ----> 1.3#6.6#4.0#14.0#VAR 1387 0 0.934285 0.0657151 
 ----> 1.3#6.6#4.0#14.0#VAR 1388 0 0.922843 0.0771574 
 ----> 1.3#6.6#4.0#14.0#VAR 1389 0 0.926605 0.073395 
 ----> 1.3#6.6#4.0#14.0#VAR 1390 1 0.908396 0.0916043 
 ----> 1.3#6.6#4.0#14.0#VAR 1391 1 0.916596 0.0834043 
 ----> 1.3#6.6#4.0#14.0#VAR 1392 0 0.91545 0.0845504 
 ----> 1.3#6.6#4.0#14.0#VAR 1393 0 0.927786 0.0722138 
 ----> 1.3#6.6#4.0#14.0#VAR 1394 0 0.92514 0.0748602 
 ----> 1.3#6.6#4.0#14.0#VAR 1395 0 0.926651 0.073349 
 ----> 1.3#6.6#4.0#14.0#VAR 1396 0 0.929722 0.0702776 
 ----> 1.3#6.6#4.0#14.0#VAR 1397 0 0.922209 0.0777912 
 ----> 1.3#6.6#4.0#14.0#VAR 1398 0 0.926019 0.0739806 
 ----> 1.3#6.6#4.0#14.0#VAR 1399 0 0.928408 0.0715923 
 ----> 1.3#6.6#4.0#14.0#VAR 1400 1 0.919782 0.0802175 
 ----> 1.3#6.6#4.0#14.0#VAR 1401 0 0.922525 0.0774747 
 ----> 1.3#6.6#4.0#14.0#VAR 1402 0 0.923851 0.0761491 
 ----> 1.3#6.6#4.0#14.0#VAR 1403 0 0.91805 0.0819504 
 ----> 1.3#6.6#4.0#14.0#VAR 1404 0 0.932021 0.0679792 
 ----> 1.3#6.6#4.0#14.0#VAR 1405 0 0.924121 0.0758794 
 ----> 1.3#6.6#4.0#14.0#VAR 1406 0 0.921864 0.0781362 
 ----> 1.3#6.6#4.0#14.0#VAR 1407 0 0.920431 0.0795693 
 ----> 1.3#6.6#4.0#14.0#VAR 1408 0 0.92884 0.0711602 
 ----> 1.3#6.6#4.0#14.0#VAR 1409 0 0.922943 0.0770567 
 ----> 1.3#6.6#4.0#14.0#VAR 1410 0 0.927533 0.072467 
 ----> 1.3#6.6#4.0#14.0#VAR 1411 0 0.916839 0.0831607 
 ----> 1.3#6.6#4.0#14.0#VAR 1412 0 0.918622 0.0813782 
 ----> 1.3#6.6#4.0#14.0#VAR 1413 0 0.927865 0.072135 
 ----> 1.3#6.6#4.0#14.0#VAR 1414 0 0.928051 0.0719489 
 ----> 1.3#6.6#4.0#14.0#VAR 1415 0 0.924179 0.0758214 
 ----> 1.3#6.6#4.0#14.0#VAR 1416 0 0.92985 0.0701504 
 ----> 1.3#6.6#4.0#14.0#VAR 1417 0 0.926978 0.0730217 
 ----> 1.3#6.6#4.0#14.0#VAR 1418 0 0.935839 0.0641609 
 ----> 1.3#6.6#4.0#14.0#VAR 1419 0 0.924264 0.0757361 
 ----> 1.3#6.6#4.0#14.0#VAR 1420 0 0.932747 0.0672534 
 ----> 1.3#6.6#4.0#14.0#VAR 1421 0 0.922301 0.0776993 
 ----> 1.3#6.6#4.0#14.0#VAR 1422 0 0.933234 0.0667656 
 ----> 1.3#6.6#4.0#14.0#VAR 1423 0 0.926628 0.0733723 
 ----> 1.3#6.6#4.0#14.0#VAR 1424 0 0.925843 0.0741568 
 ----> 1.3#6.6#4.0#14.0#VAR 1425 0 0.925354 0.0746458 
 ----> 1.3#6.6#4.0#14.0#VAR 1426 0 0.925885 0.0741147 
 ----> 1.3#6.6#4.0#14.0#VAR 1427 0 0.92636 0.0736399 
 ----> 1.3#6.6#4.0#14.0#VAR 1428 0 0.925116 0.0748843 
 ----> 1.3#6.6#4.0#14.0#VAR 1429 0 0.925647 0.0743528 
 ----> 1.3#6.6#4.0#14.0#VAR 1430 0 0.922487 0.077513 
 ----> 1.3#6.6#4.0#14.0#VAR 1431 0 0.916169 0.0838308 
 ----> 1.3#6.6#4.0#14.0#VAR 1432 1 0.902405 0.097595 
 ----> 1.3#6.6#4.0#14.0#VAR 1433 0 0.929294 0.0707062 
 ----> 1.3#6.6#4.0#14.0#VAR 1434 0 0.929085 0.0709152 
 ----> 1.3#6.6#4.0#14.0#VAR 1435 0 0.913877 0.0861233 
 ----> 1.3#6.6#4.0#14.0#VAR 1436 0 0.925127 0.074873 
 ----> 1.3#6.6#4.0#14.0#VAR 1437 0 0.936526 0.0634742 
 ----> 1.3#6.6#4.0#14.0#VAR 1438 0 0.919317 0.0806831 
 ----> 1.3#6.6#4.0#14.0#VAR 1439 0 0.923419 0.0765814 
 ----> 1.3#6.6#4.0#14.0#VAR 1440 0 0.919422 0.080578 
 ----> 1.3#6.6#4.0#14.0#VAR 1441 0 0.917847 0.0821531 
 ----> 1.3#6.6#4.0#14.0#VAR 1442 0 0.920857 0.0791432 
 ----> 1.3#6.6#4.0#14.0#VAR 1443 0 0.920088 0.0799124 
 ----> 1.3#6.6#4.0#14.0#VAR 1444 0 0.927107 0.0728933 
 ----> 1.3#6.6#4.0#14.0#VAR 1445 0 0.926194 0.0738064 
 ----> 1.3#6.6#4.0#14.0#VAR 1446 0 0.927877 0.0721226 
 ----> 1.3#6.6#4.0#14.0#VAR 1447 0 0.91837 0.0816302 
 ----> 1.3#6.6#4.0#14.0#VAR 1448 0 0.925038 0.0749625 
 ----> 1.3#6.6#4.0#14.0#VAR 1449 0 0.927834 0.0721661 
 ----> 1.3#6.6#4.0#14.0#VAR 1450 0 0.921962 0.0780376 
 ----> 1.3#6.6#4.0#14.0#VAR 1451 0 0.917092 0.0829085 
 ----> 1.3#6.6#4.0#14.0#VAR 1452 1 0.92041 0.0795896 
 ----> 1.3#6.6#4.0#14.0#VAR 1453 0 0.91156 0.0884398 
 ----> 1.3#6.6#4.0#14.0#VAR 1454 0 0.918563 0.0814369 
 ----> 1.3#6.6#4.0#14.0#VAR 1455 0 0.922768 0.0772323 
 ----> 1.3#6.6#4.0#14.0#VAR 1456 0 0.924836 0.0751636 
 ----> 1.3#6.6#4.0#14.0#VAR 1457 0 0.927877 0.0721234 
 ----> 1.3#6.6#4.0#14.0#VAR 1458 0 0.920997 0.0790034 
 ----> 1.3#6.6#4.0#14.0#VAR 1459 0 0.926898 0.073102 
 ----> 1.3#6.6#4.0#14.0#VAR 1460 0 0.917917 0.0820833 
 ----> 1.3#6.6#4.0#14.0#VAR 1461 0 0.924308 0.0756917 
 ----> 1.3#6.6#4.0#14.0#VAR 1462 0 0.919154 0.0808458 
 ----> 1.3#6.6#4.0#14.0#VAR 1463 0 0.924248 0.0757523 
 ----> 1.3#6.6#4.0#14.0#VAR 1464 0 0.925217 0.0747835 
 ----> 1.3#6.6#4.0#14.0#VAR 1465 0 0.934121 0.0658789 
 ----> 1.3#6.6#4.0#14.0#VAR 1466 0 0.924695 0.0753052 
 ----> 1.3#6.6#4.0#14.0#VAR 1467 0 0.923135 0.0768653 
 ----> 1.3#6.6#4.0#14.0#VAR 1468 0 0.923495 0.0765049 
 ----> 1.3#6.6#4.0#14.0#VAR 1469 0 0.921823 0.0781774 
 ----> 1.3#6.6#4.0#14.0#VAR 1470 0 0.928308 0.0716922 
 ----> 1.3#6.6#4.0#14.0#VAR 1471 0 0.919496 0.0805041 
 ----> 1.3#6.6#4.0#14.0#VAR 1472 0 0.919848 0.0801519 
 ----> 1.3#6.6#4.0#14.0#VAR 1473 0 0.918079 0.0819207 
 ----> 1.3#6.6#4.0#14.0#VAR 1474 0 0.926759 0.0732409 
 ----> 1.3#6.6#4.0#14.0#VAR 1475 1 0.913212 0.086788 
 ----> 1.3#6.6#4.0#14.0#VAR 1476 1 0.932077 0.0679232 
 ----> 1.3#6.6#4.0#14.0#VAR 1477 1 0.926544 0.0734564 
 ----> 1.3#6.6#4.0#14.0#VAR 1478 0 0.922568 0.0774315 
 ----> 1.3#6.6#4.0#14.0#VAR 1479 0 0.930207 0.0697932 
 ----> 1.3#6.6#4.0#14.0#VAR 1480 0 0.926717 0.0732833 
 ----> 1.3#6.6#4.0#14.0#VAR 1481 0 0.925329 0.0746715 
 ----> 1.3#6.6#4.0#14.0#VAR 1482 0 0.914773 0.0852272 
 ----> 1.3#6.6#4.0#14.0#VAR 1483 0 0.915086 0.084914 
 ----> 1.3#6.6#4.0#14.0#VAR 1484 0 0.924541 0.0754592 
 ----> 1.3#6.6#4.0#14.0#VAR 1485 0 0.924829 0.0751706 
 ----> 1.3#6.6#4.0#14.0#VAR 1486 0 0.920925 0.079075 
 ----> 1.3#6.6#4.0#14.0#VAR 1487 0 0.927772 0.0722285 
 ----> 1.3#6.6#4.0#14.0#VAR 1488 0 0.927222 0.0727778 
 ----> 1.3#6.6#4.0#14.0#VAR 1489 1 0.927531 0.0724694 
 ----> 1.3#6.6#4.0#14.0#VAR 1490 0 0.92389 0.0761103 
 ----> 1.3#6.6#4.0#14.0#VAR 1491 0 0.921427 0.0785728 
 ----> 1.3#6.6#4.0#14.0#VAR 1492 0 0.922862 0.0771377 
 ----> 1.3#6.6#4.0#14.0#VAR 1493 0 0.930161 0.0698393 
 ----> 1.3#6.6#4.0#14.0#VAR 1494 0 0.92105 0.0789496 
 ----> 1.3#6.6#4.0#14.0#VAR 1495 0 0.925557 0.0744431 
 ----> 1.3#6.6#4.0#14.0#VAR 1496 0 0.925475 0.0745252 
 ----> 1.3#6.6#4.0#14.0#VAR 1497 0 0.920598 0.0794016 
 ----> 1.3#6.6#4.0#14.0#VAR 1498 0 0.934946 0.0650541 
 ----> 1.3#6.6#4.0#14.0#VAR 1499 1 0.915068 0.0849322 
 ----> 1.3#6.6#4.0#14.0#VAR 1500 0 0.92603 0.0739703 
 ----> 1.3#6.6#4.0#14.0#VAR 1501 0 0.920843 0.0791569 
 ----> 1.3#6.6#4.0#14.0#VAR 1502 0 0.915147 0.084853 
 ----> 1.3#6.6#4.0#14.0#VAR 1503 0 0.919072 0.0809281 
 ----> 1.3#6.6#4.0#14.0#VAR 1504 0 0.92127 0.0787298 
 ----> 1.3#6.6#4.0#14.0#VAR 1505 1 0.91336 0.0866399 
 ----> 1.3#6.6#4.0#14.0#VAR 1506 0 0.923219 0.0767812 
 ----> 1.3#6.6#4.0#14.0#VAR 1507 0 0.91732 0.0826797 
 ----> 1.3#6.6#4.0#14.0#VAR 1508 0 0.922831 0.0771686 
 ----> 1.3#6.6#4.0#14.0#VAR 1509 0 0.923327 0.0766734 
 ----> 1.3#6.6#4.0#14.0#VAR 1510 0 0.924033 0.0759668 
 ----> 1.3#6.6#4.0#14.0#VAR 1511 0 0.918535 0.0814651 
 ----> 1.3#6.6#4.0#14.0#VAR 1512 0 0.929259 0.0707411 
 ----> 1.3#6.6#4.0#14.0#VAR 1513 0 0.916889 0.0831113 
 ----> 1.3#6.6#4.0#14.0#VAR 1514 1 0.920626 0.0793741 
 ----> 1.3#6.6#4.0#14.0#VAR 1515 0 0.925911 0.0740893 
 ----> 1.3#6.6#4.0#14.0#VAR 1516 0 0.923933 0.0760673 
 ----> 1.3#6.6#4.0#14.0#VAR 1517 0 0.926011 0.0739888 
 ----> 1.3#6.6#4.0#14.0#VAR 1518 0 0.922686 0.0773139 
 ----> 1.3#6.6#4.0#14.0#VAR 1519 0 0.927886 0.072114 
 ----> 1.3#6.6#4.0#14.0#VAR 1520 0 0.927225 0.072775 
 ----> 1.3#6.6#4.0#14.0#VAR 1521 0 0.929128 0.0708723 
 ----> 1.3#6.6#4.0#14.0#VAR 1522 1 0.921094 0.0789059 
 ----> 1.3#6.6#4.0#14.0#VAR 1523 1 0.918899 0.081101 
 ----> 1.3#6.6#4.0#14.0#VAR 1524 0 0.927001 0.0729989 
 ----> 1.3#6.6#4.0#14.0#VAR 1525 0 0.924441 0.0755588 
 ----> 1.3#6.6#4.0#14.0#VAR 1526 1 0.923921 0.0760786 
 ----> 1.3#6.6#4.0#14.0#VAR 1527 0 0.927509 0.0724906 
 ----> 1.3#6.6#4.0#14.0#VAR 1528 0 0.919846 0.0801541 
 ----> 1.3#6.6#4.0#14.0#VAR 1529 0 0.923287 0.0767131 
 ----> 1.3#6.6#4.0#14.0#VAR 1530 0 0.927443 0.0725573 
 ----> 1.3#6.6#4.0#14.0#VAR 1531 0 0.922527 0.0774732 
 ----> 1.3#6.6#4.0#14.0#VAR 1532 0 0.9251 0.0748995 
 ----> 1.3#6.6#4.0#14.0#VAR 1533 0 0.927746 0.0722538 
 ----> 1.3#6.6#4.0#14.0#VAR 1534 0 0.928199 0.0718008 
 ----> 1.3#6.6#4.0#14.0#VAR 1535 0 0.922796 0.0772045 
 ----> 1.3#6.6#4.0#14.0#VAR 1536 1 0.928105 0.0718946 
 ----> 1.3#6.6#4.0#14.0#VAR 1537 0 0.922763 0.0772369 
 ----> 1.3#6.6#4.0#14.0#VAR 1538 1 0.922415 0.0775847 
 ----> 1.3#6.6#4.0#14.0#VAR 1539 1 0.919382 0.0806178 
 ----> 1.3#6.6#4.0#14.0#VAR 1540 1 0.927258 0.0727421 
 ----> 1.3#6.6#4.0#14.0#VAR 1541 0 0.932065 0.0679346 
 ----> 1.3#6.6#4.0#14.0#VAR 1542 0 0.919907 0.0800926 
 ----> 1.3#6.6#4.0#14.0#VAR 1543 0 0.927836 0.0721641 
 ----> 1.3#6.6#4.0#14.0#VAR 1544 0 0.923635 0.0763647 
 ----> 1.3#6.6#4.0#14.0#VAR 1545 0 0.919276 0.0807236 
 ----> 1.3#6.6#4.0#14.0#VAR 1546 0 0.917557 0.0824429 
 ----> 1.3#6.6#4.0#14.0#VAR 1547 0 0.924799 0.0752014 
 ----> 1.3#6.6#4.0#14.0#VAR 1548 1 0.923118 0.076882 
 ----> 1.3#6.6#4.0#14.0#VAR 1549 1 0.924218 0.0757819 
 ----> 1.3#6.6#4.0#14.0#VAR 1550 0 0.91633 0.0836704 
 ----> 1.3#6.6#4.0#14.0#VAR 1551 0 0.924645 0.0753553 
 ----> 1.3#6.6#4.0#14.0#VAR 1552 1 0.916832 0.0831684 
 ----> 1.3#6.6#4.0#14.0#VAR 1553 0 0.9264 0.0736004 
 ----> 1.3#6.6#4.0#14.0#VAR 1554 0 0.914785 0.0852153 
 ----> 1.3#6.6#4.0#14.0#VAR 1555 0 0.918278 0.081722 
 ----> 1.3#6.6#4.0#14.0#VAR 1556 0 0.919987 0.0800129 
 ----> 1.3#6.6#4.0#14.0#VAR 1557 1 0.920592 0.0794081 
 ----> 1.3#6.6#4.0#14.0#VAR 1558 0 0.924476 0.0755244 
 ----> 1.3#6.6#4.0#14.0#VAR 1559 0 0.920421 0.0795794 
 ----> 1.3#6.6#4.0#14.0#VAR 1560 0 0.920523 0.0794768 
 ----> 1.3#6.6#4.0#14.0#VAR 1561 1 0.929081 0.0709192 
 ----> 1.3#6.6#4.0#14.0#VAR 1562 0 0.925196 0.0748042 
 ----> 1.3#6.6#4.0#14.0#VAR 1563 0 0.920374 0.0796261 
 ----> 1.3#6.6#4.0#14.0#VAR 1564 0 0.927156 0.0728438 
 ----> 1.3#6.6#4.0#14.0#VAR 1565 0 0.930165 0.0698352 
 ----> 1.3#6.6#4.0#14.0#VAR 1566 0 0.920862 0.0791384 
 ----> 1.3#6.6#4.0#14.0#VAR 1567 0 0.928457 0.071543 
 ----> 1.3#6.6#4.0#14.0#VAR 1568 1 0.925329 0.0746706 
 ----> 1.3#6.6#4.0#14.0#VAR 1569 0 0.923336 0.0766644 
 ----> 1.3#6.6#4.0#14.0#VAR 1570 0 0.920538 0.0794619 
 ----> 1.3#6.6#4.0#14.0#VAR 1571 0 0.931829 0.0681706 
 ----> 1.3#6.6#4.0#14.0#VAR 1572 1 0.922501 0.0774994 
 ----> 1.3#6.6#4.0#14.0#VAR 1573 0 0.924866 0.0751342 
 ----> 1.3#6.6#4.0#14.0#VAR 1574 0 0.927555 0.0724448 
 ----> 1.3#6.6#4.0#14.0#VAR 1575 0 0.924231 0.0757693 
 ----> 1.3#6.6#4.0#14.0#VAR 1576 0 0.919443 0.0805571 
 ----> 1.3#6.6#4.0#14.0#VAR 1577 0 0.926608 0.0733919 
 ----> 1.3#6.6#4.0#14.0#VAR 1578 0 0.927209 0.0727908 
 ----> 1.3#6.6#4.0#14.0#VAR 1579 0 0.93417 0.0658305 
 ----> 1.3#6.6#4.0#14.0#VAR 1580 0 0.926403 0.073597 
 ----> 1.3#6.6#4.0#14.0#VAR 1581 0 0.913219 0.0867807 
 ----> 1.3#6.6#4.0#14.0#VAR 1582 0 0.927702 0.0722979 
 ----> 1.3#6.6#4.0#14.0#VAR 1583 0 0.922093 0.0779069 
 ----> 1.3#6.6#4.0#14.0#VAR 1584 0 0.922633 0.0773674 
 ----> 1.3#6.6#4.0#14.0#VAR 1585 1 0.921266 0.078734 
 ----> 1.3#6.6#4.0#14.0#VAR 1586 1 0.917993 0.0820069 
 ----> 1.3#6.6#4.0#14.0#VAR 1587 1 0.923808 0.0761919 
 ----> 1.3#6.6#4.0#14.0#VAR 1588 0 0.92259 0.0774096 
 ----> 1.3#6.6#4.0#14.0#VAR 1589 0 0.923311 0.0766888 
 ----> 1.3#6.6#4.0#14.0#VAR 1590 0 0.91728 0.08272 
 ----> 1.3#6.6#4.0#14.0#VAR 1591 1 0.932546 0.0674539 
 ----> 1.3#6.6#4.0#14.0#VAR 1592 1 0.935895 0.0641054 
 ----> 1.3#6.6#4.0#14.0#VAR 1593 0 0.926883 0.0731172 
 ----> 1.3#6.6#4.0#14.0#VAR 1594 0 0.926289 0.073711 
 ----> 1.3#6.6#4.0#14.0#VAR 1595 1 0.929015 0.0709853 
 ----> 1.3#6.6#4.0#14.0#VAR 1596 0 0.92465 0.0753496 
 ----> 1.3#6.6#4.0#14.0#VAR 1597 1 0.918378 0.0816218 
 ----> 1.3#6.6#4.0#14.0#VAR 1598 1 0.921532 0.0784679 
 ----> 1.3#6.6#4.0#14.0#VAR 1599 1 0.921708 0.0782925 
 ----> 1.3#6.6#4.0#14.0#VAR 1600 0 0.921895 0.078105 
 ----> 1.3#6.6#4.0#14.0#VAR 1601 0 0.921699 0.078301 
 ----> 1.3#6.6#4.0#14.0#VAR 1602 1 0.922086 0.0779135 
 ----> 1.3#6.6#4.0#14.0#VAR 1603 0 0.930327 0.0696727 
 ----> 1.3#6.6#4.0#14.0#VAR 1604 1 0.919232 0.0807675 
 ----> 1.3#6.6#4.0#14.0#VAR 1605 0 0.926429 0.0735712 
 ----> 1.3#6.6#4.0#14.0#VAR 1606 0 0.928211 0.0717887 
 ----> 1.3#6.6#4.0#14.0#VAR 1607 1 0.923766 0.0762337 
 ----> 1.3#6.6#4.0#14.0#VAR 1608 1 0.929847 0.0701527 
 ----> 1.3#6.6#4.0#14.0#VAR 1609 0 0.929372 0.070628 
 ----> 1.3#6.6#4.0#14.0#VAR 1610 1 0.922935 0.0770647 
 ----> 1.3#6.6#4.0#14.0#VAR 1611 1 0.927257 0.0727431 
 ----> 1.3#6.6#4.0#14.0#VAR 1612 1 0.923763 0.0762373 
 ----> 1.3#6.6#4.0#14.0#VAR 1613 0 0.919356 0.0806436 
 ----> 1.3#6.6#4.0#14.0#VAR 1614 1 0.929577 0.0704235 
 ----> 1.3#6.6#4.0#14.0#VAR 1615 1 0.921742 0.0782578 
 ----> 1.3#6.6#4.0#14.0#VAR 1616 1 0.926345 0.0736546 
 ----> 1.3#6.6#4.0#14.0#VAR 1617 0 0.929943 0.0700565 
 ----> 1.3#6.6#4.0#14.0#VAR 1618 0 0.927577 0.0724229 
 ----> 1.3#6.6#4.0#14.0#VAR 1619 0 0.914882 0.0851179 
 ----> 1.3#6.6#4.0#14.0#VAR 1620 0 0.924028 0.0759722 
 ----> 1.3#6.6#4.0#14.0#VAR 1621 1 0.926011 0.0739889 
 ----> 1.3#6.6#4.0#14.0#VAR 1622 1 0.924414 0.0755856 
 ----> 1.3#6.6#4.0#14.0#VAR 1623 1 0.920718 0.0792822 
 ----> 1.3#6.6#4.0#14.0#VAR 1624 0 0.919709 0.0802909 
 ----> 1.3#6.6#4.0#14.0#VAR 1625 0 0.919185 0.0808149 
 ----> 1.3#6.6#4.0#14.0#VAR 1626 0 0.927853 0.0721473 
 ----> 1.3#6.6#4.0#14.0#VAR 1627 0 0.930519 0.0694811 
 ----> 1.3#6.6#4.0#14.0#VAR 1628 0 0.926564 0.0734365 
 ----> 1.3#6.6#4.0#14.0#VAR 1629 1 0.918016 0.0819836 
 ----> 1.3#6.6#4.0#14.0#VAR 1630 0 0.926649 0.0733506 
 ----> 1.3#6.6#4.0#14.0#VAR 1631 0 0.925149 0.0748511 
 ----> 1.3#6.6#4.0#14.0#VAR 1632 0 0.921571 0.0784286 
 ----> 1.3#6.6#4.0#14.0#VAR 1633 0 0.924495 0.0755046 
 ----> 1.3#6.6#4.0#14.0#VAR 1634 1 0.919701 0.0802993 
 ----> 1.3#6.6#4.0#14.0#VAR 1635 0 0.935118 0.064882 
 ----> 1.3#6.6#4.0#14.0#VAR 1636 1 0.921691 0.0783094 
 ----> 1.3#6.6#4.0#14.0#VAR 1637 0 0.920684 0.0793159 
 ----> 1.3#6.6#4.0#14.0#VAR 1638 0 0.910861 0.0891385 
 ----> 1.3#6.6#4.0#14.0#VAR 1639 0 0.923902 0.0760977 
 ----> 1.3#6.6#4.0#14.0#VAR 1640 0 0.92459 0.07541 
 ----> 1.3#6.6#4.0#14.0#VAR 1641 0 0.91743 0.0825702 
 ----> 1.3#6.6#4.0#14.0#VAR 1642 0 0.925826 0.0741738 
 ----> 1.3#6.6#4.0#14.0#VAR 1643 1 0.930119 0.0698808 
 ----> 1.3#6.6#4.0#14.0#VAR 1644 1 0.925411 0.0745893 
 ----> 1.3#6.6#4.0#14.0#VAR 1645 1 0.92189 0.0781104 
 ----> 1.3#6.6#4.0#14.0#VAR 1646 1 0.932096 0.0679043 
 ----> 1.3#6.6#4.0#14.0#VAR 1647 1 0.925586 0.0744143 
 ----> 1.3#6.6#4.0#14.0#VAR 1648 1 0.923625 0.0763746 
 ----> 1.3#6.6#4.0#14.0#VAR 1649 1 0.925656 0.0743444 
 ----> 1.3#6.6#4.0#14.0#VAR 1650 1 0.927513 0.0724872 
 ----> 1.3#6.6#4.0#14.0#VAR 1651 1 0.921056 0.0789436 
 ----> 1.3#6.6#4.0#14.0#VAR 1652 0 0.924567 0.0754328 
 ----> 1.3#6.6#4.0#14.0#VAR 1653 0 0.925775 0.0742251 
 ----> 1.3#6.6#4.0#14.0#VAR 1654 1 0.929892 0.0701077 
 ----> 1.3#6.6#4.0#14.0#VAR 1655 0 0.929471 0.0705294 
 ----> 1.3#6.6#4.0#14.0#VAR 1656 0 0.927791 0.0722085 
 ----> 1.3#6.6#4.0#14.0#VAR 1657 0 0.920703 0.0792973 
 ----> 1.3#6.6#4.0#14.0#VAR 1658 0 0.929105 0.0708948 
 ----> 1.3#6.6#4.0#14.0#VAR 1659 0 0.927352 0.0726481 
 ----> 1.3#6.6#4.0#14.0#VAR 1660 0 0.930868 0.0691323 
 ----> 1.3#6.6#4.0#14.0#VAR 1661 1 0.923515 0.0764845 
 ----> 1.3#6.6#4.0#14.0#VAR 1662 1 0.919592 0.0804084 
 ----> 1.3#6.6#4.0#14.0#VAR 1663 1 0.935047 0.0649532 
 ----> 1.3#6.6#4.0#14.0#VAR 1664 0 0.929238 0.070762 
 ----> 1.3#6.6#4.0#14.0#VAR 1665 1 0.9336 0.0664001 
 ----> 1.3#6.6#4.0#14.0#VAR 1666 0 0.917218 0.0827823 
 ----> 1.3#6.6#4.0#14.0#VAR 1667 1 0.922287 0.0777128 
 ----> 1.3#6.6#4.0#14.0#VAR 1668 0 0.922514 0.0774858 
 ----> 1.3#6.6#4.0#14.0#VAR 1669 0 0.929564 0.0704364 
 ----> 1.3#6.6#4.0#14.0#VAR 1670 0 0.914349 0.0856512 
 ----> 1.3#6.6#4.0#14.0#VAR 1671 0 0.914287 0.0857131 
 ----> 1.3#6.6#4.0#14.0#VAR 1672 0 0.91774 0.0822596 
 ----> 1.3#6.6#4.0#14.0#VAR 1673 0 0.915727 0.0842729 
 ----> 1.3#6.6#4.0#14.0#VAR 1674 1 0.915349 0.0846506 
 ----> 1.3#6.6#4.0#14.0#VAR 1675 0 0.927621 0.0723786 
 ----> 1.3#6.6#4.0#14.0#VAR 1676 0 0.926312 0.073688 
 ----> 1.3#6.6#4.0#14.0#VAR 1677 0 0.928058 0.0719422 
 ----> 1.3#6.6#4.0#14.0#VAR 1678 1 0.923908 0.0760923 
 ----> 1.3#6.6#4.0#14.0#VAR 1679 0 0.925991 0.0740091 
 ----> 1.3#6.6#4.0#14.0#VAR 1680 0 0.928588 0.0714124 
 ----> 1.3#6.6#4.0#14.0#VAR 1681 0 0.92691 0.0730902 
 ----> 1.3#6.6#4.0#14.0#VAR 1682 1 0.914832 0.0851681 
 ----> 1.3#6.6#4.0#14.0#VAR 1683 0 0.922868 0.0771316 
 ----> 1.3#6.6#4.0#14.0#VAR 1684 1 0.928379 0.0716214 
 ----> 1.3#6.6#4.0#14.0#VAR 1685 0 0.919426 0.0805739 
 ----> 1.3#6.6#4.0#14.0#VAR 1686 0 0.922355 0.0776455 
 ----> 1.3#6.6#4.0#14.0#VAR 1687 0 0.929825 0.0701755 
 ----> 1.3#6.6#4.0#14.0#VAR 1688 0 0.933506 0.0664937 
 ----> 1.3#6.6#4.0#14.0#VAR 1689 0 0.923678 0.0763219 
 ----> 1.3#6.6#4.0#14.0#VAR 1690 0 0.915929 0.0840714 
 ----> 1.3#6.6#4.0#14.0#VAR 1691 0 0.918111 0.081889 
 ----> 1.3#6.6#4.0#14.0#VAR 1692 1 0.923062 0.0769384 
 ----> 1.3#6.6#4.0#14.0#VAR 1693 1 0.924836 0.0751643 
 ----> 1.3#6.6#4.0#14.0#VAR 1694 1 0.912512 0.0874882 
 ----> 1.3#6.6#4.0#14.0#VAR 1695 0 0.931188 0.0688121 
 ----> 1.3#6.6#4.0#14.0#VAR 1696 0 0.929422 0.0705778 
 ----> 1.3#6.6#4.0#14.0#VAR 1697 0 0.927749 0.0722515 
 ----> 1.3#6.6#4.0#14.0#VAR 1698 0 0.930136 0.0698643 
 ----> 1.3#6.6#4.0#14.0#VAR 1699 1 0.928649 0.0713513 
 ----> 1.3#6.6#4.0#14.0#VAR 1700 1 0.928363 0.0716367 
 ----> 1.3#6.6#4.0#14.0#VAR 1701 0 0.926379 0.0736205 
 ----> 1.3#6.6#4.0#14.0#VAR 1702 0 0.925681 0.0743193 
 ----> 1.3#6.6#4.0#14.0#VAR 1703 0 0.916949 0.0830507 
 ----> 1.3#6.6#4.0#14.0#VAR 1704 1 0.927443 0.0725568 
 ----> 1.3#6.6#4.0#14.0#VAR 1705 0 0.932118 0.067882 
 ----> 1.3#6.6#4.0#14.0#VAR 1706 0 0.924547 0.0754526 
 ----> 1.3#6.6#4.0#14.0#VAR 1707 1 0.925889 0.0741114 
 ----> 1.3#6.6#4.0#14.0#VAR 1708 0 0.919139 0.0808606 
 ----> 1.3#6.6#4.0#14.0#VAR 1709 1 0.918303 0.0816972 
 ----> 1.3#6.6#4.0#14.0#VAR 1710 0 0.923585 0.0764149 
 ----> 1.3#6.6#4.0#14.0#VAR 1711 0 0.931336 0.0686637 
 ----> 1.3#6.6#4.0#14.0#VAR 1712 0 0.921617 0.078383 
 ----> 1.3#6.6#4.0#14.0#VAR 1713 0 0.923201 0.0767995 
 ----> 1.3#6.6#4.0#14.0#VAR 1714 0 0.927492 0.072508 
 ----> 1.3#6.6#4.0#14.0#VAR 1715 0 0.92603 0.0739698 
 ----> 1.3#6.6#4.0#14.0#VAR 1716 0 0.934007 0.0659934 
 ----> 1.3#6.6#4.0#14.0#VAR 1717 0 0.92488 0.0751202 
 ----> 1.3#6.6#4.0#14.0#VAR 1718 1 0.916832 0.0831683 
 ----> 1.3#6.6#4.0#14.0#VAR 1719 1 0.927234 0.0727665 
 ----> 1.3#6.6#4.0#14.0#VAR 1720 0 0.925503 0.0744966 
 ----> 1.3#6.6#4.0#14.0#VAR 1721 0 0.924664 0.0753361 
 ----> 1.3#6.6#4.0#14.0#VAR 1722 0 0.929488 0.0705117 
 ----> 1.3#6.6#4.0#14.0#VAR 1723 1 0.927793 0.0722068 
 ----> 1.3#6.6#4.0#14.0#VAR 1724 0 0.926217 0.0737825 
 ----> 1.3#6.6#4.0#14.0#VAR 1725 0 0.926514 0.0734859 
 ----> 1.3#6.6#4.0#14.0#VAR 1726 1 0.926288 0.0737123 
 ----> 1.3#6.6#4.0#14.0#VAR 1727 0 0.926482 0.0735176 
 ----> 1.3#6.6#4.0#14.0#VAR 1728 1 0.924001 0.0759991 
 ----> 1.3#6.6#4.0#14.0#VAR 1729 1 0.926996 0.0730043 
 ----> 1.3#6.6#4.0#14.0#VAR 1730 0 0.927263 0.072737 
 ----> 1.3#6.6#4.0#14.0#VAR 1731 0 0.928109 0.0718913 
 ----> 1.3#6.6#4.0#14.0#VAR 1732 0 0.92276 0.0772397 
 ----> 1.3#6.6#4.0#14.0#VAR 1733 0 0.915761 0.0842392 
 ----> 1.3#6.6#4.0#14.0#VAR 1734 1 0.922877 0.0771235 
 ----> 1.3#6.6#4.0#14.0#VAR 1735 1 0.910765 0.0892355 
 ----> 1.3#6.6#4.0#14.0#VAR 1736 0 0.925865 0.0741355 
 ----> 1.3#6.6#4.0#14.0#VAR 1737 1 0.92036 0.0796396 
 ----> 1.3#6.6#4.0#14.0#VAR 1738 1 0.931743 0.0682574 
 ----> 1.3#6.6#4.0#14.0#VAR 1739 0 0.923525 0.0764753 
 ----> 1.3#6.6#4.0#14.0#VAR 1740 0 0.922897 0.077103 
 ----> 1.3#6.6#4.0#14.0#VAR 1741 0 0.910237 0.0897626 
 ----> 1.3#6.6#4.0#14.0#VAR 1742 0 0.928171 0.0718288 
 ----> 1.3#6.6#4.0#14.0#VAR 1743 0 0.920906 0.0790939 
 ----> 1.3#6.6#4.0#14.0#VAR 1744 0 0.923529 0.0764711 
 ----> 1.3#6.6#4.0#14.0#VAR 1745 1 0.927892 0.072108 
 ----> 1.3#6.6#4.0#14.0#VAR 1746 0 0.916988 0.0830123 
 ----> 1.3#6.6#4.0#14.0#VAR 1747 0 0.915206 0.0847942 
 ----> 1.3#6.6#4.0#14.0#VAR 1748 1 0.920671 0.0793287 
 ----> 1.3#6.6#4.0#14.0#VAR 1749 1 0.92381 0.0761904 
 ----> 1.3#6.6#4.0#14.0#VAR 1750 1 0.921988 0.0780119 
 ----> 1.3#6.6#4.0#14.0#VAR 1751 0 0.92497 0.0750297 
 ----> 1.3#6.6#4.0#14.0#VAR 1752 0 0.928008 0.0719918 
 ----> 1.3#6.6#4.0#14.0#VAR 1753 0 0.916328 0.0836717 
 ----> 1.3#6.6#4.0#14.0#VAR 1754 0 0.924916 0.0750835 
 ----> 1.3#6.6#4.0#14.0#VAR 1755 0 0.928878 0.0711218 
 ----> 1.3#6.6#4.0#14.0#VAR 1756 0 0.924138 0.0758616 
 ----> 1.3#6.6#4.0#14.0#VAR 1757 0 0.923589 0.0764107 
 ----> 1.3#6.6#4.0#14.0#VAR 1758 0 0.933802 0.0661982 
 ----> 1.3#6.6#4.0#14.0#VAR 1759 0 0.920553 0.079447 
 ----> 1.3#6.6#4.0#14.0#VAR 1760 1 0.925617 0.0743831 
 ----> 1.3#6.6#4.0#14.0#VAR 1761 0 0.924866 0.0751339 
 ----> 1.3#6.6#4.0#14.0#VAR 1762 0 0.913253 0.0867471 
 ----> 1.3#6.6#4.0#14.0#VAR 1763 1 0.923122 0.076878 
 ----> 1.3#6.6#4.0#14.0#VAR 1764 1 0.924598 0.0754018 
 ----> 1.3#6.6#4.0#14.0#VAR 1765 0 0.919099 0.0809006 
 ----> 1.3#6.6#4.0#14.0#VAR 1766 1 0.931746 0.0682542 
 ----> 1.3#6.6#4.0#14.0#VAR 1767 0 0.928272 0.0717281 
 ----> 1.3#6.6#4.0#14.0#VAR 1768 1 0.922885 0.077115 
 ----> 1.3#6.6#4.0#14.0#VAR 1769 0 0.924122 0.0758781 
 ----> 1.3#6.6#4.0#14.0#VAR 1770 0 0.924496 0.0755044 
 ----> 1.3#6.6#4.0#14.0#VAR 1771 0 0.91855 0.0814499 
 ----> 1.3#6.6#4.0#14.0#VAR 1772 1 0.927441 0.0725594 
 ----> 1.3#6.6#4.0#14.0#VAR 1773 0 0.924201 0.0757986 
 ----> 1.3#6.6#4.0#14.0#VAR 1774 1 0.926027 0.0739733 
 ----> 1.3#6.6#4.0#14.0#VAR 1775 0 0.933118 0.0668821 
 ----> 1.3#6.6#4.0#14.0#VAR 1776 0 0.918383 0.0816172 
 ----> 1.3#6.6#4.0#14.0#VAR 1777 0 0.927413 0.0725874 
 ----> 1.3#6.6#4.0#14.0#VAR 1778 0 0.914645 0.0853549 
 ----> 1.3#6.6#4.0#14.0#VAR 1779 0 0.929099 0.0709006 
 ----> 1.3#6.6#4.0#14.0#VAR 1780 1 0.92841 0.0715902 
 ----> 1.3#6.6#4.0#14.0#VAR 1781 1 0.940385 0.0596147 
 ----> 1.3#6.6#4.0#14.0#VAR 1782 0 0.927265 0.0727354 
 ----> 1.3#6.6#4.0#14.0#VAR 1783 0 0.923695 0.0763054 
 ----> 1.3#6.6#4.0#14.0#VAR 1784 0 0.926527 0.0734734 
 ----> 1.3#6.6#4.0#14.0#VAR 1785 0 0.91931 0.0806898 
 ----> 1.3#6.6#4.0#14.0#VAR 1786 0 0.911445 0.0885548 
 ----> 1.3#6.6#4.0#14.0#VAR 1787 1 0.926188 0.0738117 
 ----> 1.3#6.6#4.0#14.0#VAR 1788 1 0.921606 0.0783944 
 ----> 1.3#6.6#4.0#14.0#VAR 1789 0 0.929149 0.0708511 
 ----> 1.3#6.6#4.0#14.0#VAR 1790 0 0.916655 0.0833453 
 ----> 1.3#6.6#4.0#14.0#VAR 1791 0 0.921876 0.0781243 
 ----> 1.3#6.6#4.0#14.0#VAR 1792 0 0.92493 0.0750704 
 ----> 1.3#6.6#4.0#14.0#VAR 1793 1 0.921844 0.0781563 
 ----> 1.3#6.6#4.0#14.0#VAR 1794 0 0.91462 0.0853803 
 ----> 1.3#6.6#4.0#14.0#VAR 1795 0 0.926702 0.0732984 
 ----> 1.3#6.6#4.0#14.0#VAR 1796 1 0.92931 0.0706895 
 ----> 1.3#6.6#4.0#14.0#VAR 1797 0 0.927135 0.0728648 
 ----> 1.3#6.6#4.0#14.0#VAR 1798 0 0.930163 0.0698372 
 ----> 1.3#6.6#4.0#14.0#VAR 1799 0 0.917438 0.0825623 
 ----> 1.3#6.6#4.0#14.0#VAR 1800 0 0.916688 0.0833121 
 ----> 1.3#6.6#4.0#14.0#VAR 1801 0 0.928799 0.071201 
 ----> 1.3#6.6#4.0#14.0#VAR 1802 0 0.919718 0.0802823 
 ----> 1.3#6.6#4.0#14.0#VAR 1803 0 0.924402 0.0755976 
 ----> 1.3#6.6#4.0#14.0#VAR 1804 0 0.930341 0.0696586 
 ----> 1.3#6.6#4.0#14.0#VAR 1805 0 0.920284 0.0797161 
 ----> 1.3#6.6#4.0#14.0#VAR 1806 1 0.916709 0.083291 
 ----> 1.3#6.6#4.0#14.0#VAR 1807 0 0.917355 0.082645 
 ----> 1.3#6.6#4.0#14.0#VAR 1808 0 0.926226 0.073774 
 ----> 1.3#6.6#4.0#14.0#VAR 1809 0 0.929535 0.0704651 
 ----> 1.3#6.6#4.0#14.0#VAR 1810 0 0.927394 0.072606 
 ----> 1.3#6.6#4.0#14.0#VAR 1811 0 0.923565 0.0764349 
 ----> 1.3#6.6#4.0#14.0#VAR 1812 0 0.923718 0.0762816 
 ----> 1.3#6.6#4.0#14.0#VAR 1813 0 0.931177 0.0688226 
 ----> 1.3#6.6#4.0#14.0#VAR 1814 0 0.926572 0.0734283 
 ----> 1.3#6.6#4.0#14.0#VAR 1815 0 0.928758 0.0712422 
 ----> 1.3#6.6#4.0#14.0#VAR 1816 0 0.933525 0.0664747 
 ----> 1.3#6.6#4.0#14.0#VAR 1817 1 0.926632 0.0733677 
 ----> 1.3#6.6#4.0#14.0#VAR 1818 0 0.928854 0.0711458 
 ----> 1.3#6.6#4.0#14.0#VAR 1819 0 0.908809 0.0911906 
 ----> 1.3#6.6#4.0#14.0#VAR 1820 0 0.919675 0.0803254 
 ----> 1.3#6.6#4.0#14.0#VAR 1821 0 0.92001 0.0799898 
 ----> 1.3#6.6#4.0#14.0#VAR 1822 1 0.91588 0.0841197 
 ----> 1.3#6.6#4.0#14.0#VAR 1823 0 0.921386 0.0786143 
 ----> 1.3#6.6#4.0#14.0#VAR 1824 0 0.924805 0.0751951 
 ----> 1.3#6.6#4.0#14.0#VAR 1825 0 0.921978 0.0780219 
 ----> 1.3#6.6#4.0#14.0#VAR 1826 0 0.923228 0.0767724 
 ++++> 1.3#6.6#4.0#14.0#VAR 1827  0 0.916814 0.0831859 
