 ----> 1.3#6.6#34.0#44.0#VAR 7 0 0.849515 0.150485 
 ----> 1.3#6.6#34.0#44.0#VAR 8 0 0.842766 0.157234 
 ----> 1.3#6.6#34.0#44.0#VAR 9 0 0.830001 0.169999 
 ----> 1.3#6.6#34.0#44.0#VAR 10 0 0.804308 0.195692 
 ----> 1.3#6.6#34.0#44.0#VAR 11 0 0.807104 0.192896 
 ----> 1.3#6.6#34.0#44.0#VAR 12 0 0.812538 0.187462 
 ----> 1.3#6.6#34.0#44.0#VAR 13 0 0.807193 0.192807 
 ----> 1.3#6.6#34.0#44.0#VAR 14 0 0.814493 0.185507 
 ----> 1.3#6.6#34.0#44.0#VAR 15 1 0.809482 0.190518 
 ----> 1.3#6.6#34.0#44.0#VAR 16 1 0.811461 0.188539 
 ----> 1.3#6.6#34.0#44.0#VAR 17 1 0.822192 0.177808 
 ----> 1.3#6.6#34.0#44.0#VAR 18 0 0.814466 0.185534 
 ----> 1.3#6.6#34.0#44.0#VAR 19 0 0.803884 0.196116 
 ----> 1.3#6.6#34.0#44.0#VAR 20 0 0.814476 0.185524 
 ----> 1.3#6.6#34.0#44.0#VAR 21 0 0.813517 0.186483 
 ----> 1.3#6.6#34.0#44.0#VAR 22 0 0.820504 0.179496 
 ----> 1.3#6.6#34.0#44.0#VAR 23 0 0.815836 0.184164 
 ----> 1.3#6.6#34.0#44.0#VAR 24 0 0.805335 0.194665 
 ----> 1.3#6.6#34.0#44.0#VAR 25 0 0.807554 0.192446 
 ----> 1.3#6.6#34.0#44.0#VAR 26 0 0.806491 0.193509 
 ----> 1.3#6.6#34.0#44.0#VAR 27 0 0.808549 0.191451 
 ----> 1.3#6.6#34.0#44.0#VAR 28 0 0.810384 0.189616 
 ----> 1.3#6.6#34.0#44.0#VAR 29 0 0.807942 0.192058 
 ----> 1.3#6.6#34.0#44.0#VAR 30 0 0.819522 0.180478 
 ----> 1.3#6.6#34.0#44.0#VAR 31 0 0.810745 0.189255 
 ----> 1.3#6.6#34.0#44.0#VAR 32 0 0.813717 0.186283 
 ----> 1.3#6.6#34.0#44.0#VAR 33 0 0.812547 0.187453 
 ----> 1.3#6.6#34.0#44.0#VAR 34 0 0.803835 0.196165 
 ----> 1.3#6.6#34.0#44.0#VAR 35 1 0.814759 0.185241 
 ----> 1.3#6.6#34.0#44.0#VAR 36 0 0.818301 0.181699 
 ----> 1.3#6.6#34.0#44.0#VAR 37 0 0.813386 0.186614 
 ----> 1.3#6.6#34.0#44.0#VAR 38 0 0.811263 0.188737 
 ----> 1.3#6.6#34.0#44.0#VAR 39 0 0.815118 0.184882 
 ----> 1.3#6.6#34.0#44.0#VAR 40 0 0.815749 0.184251 
 ----> 1.3#6.6#34.0#44.0#VAR 41 0 0.811574 0.188426 
 ----> 1.3#6.6#34.0#44.0#VAR 42 0 0.819793 0.180207 
 ----> 1.3#6.6#34.0#44.0#VAR 43 0 0.819995 0.180005 
 ----> 1.3#6.6#34.0#44.0#VAR 44 0 0.823316 0.176684 
 ----> 1.3#6.6#34.0#44.0#VAR 45 0 0.813766 0.186234 
 ----> 1.3#6.6#34.0#44.0#VAR 46 0 0.817771 0.182229 
 ----> 1.3#6.6#34.0#44.0#VAR 47 0 0.814484 0.185516 
 ----> 1.3#6.6#34.0#44.0#VAR 48 0 0.820483 0.179517 
 ----> 1.3#6.6#34.0#44.0#VAR 49 0 0.812693 0.187307 
 ----> 1.3#6.6#34.0#44.0#VAR 50 0 0.821179 0.178821 
 ----> 1.3#6.6#34.0#44.0#VAR 51 0 0.816038 0.183962 
 ----> 1.3#6.6#34.0#44.0#VAR 52 1 0.813438 0.186562 
 ----> 1.3#6.6#34.0#44.0#VAR 53 0 0.822562 0.177438 
 ----> 1.3#6.6#34.0#44.0#VAR 54 0 0.821668 0.178332 
 ----> 1.3#6.6#34.0#44.0#VAR 55 0 0.804544 0.195456 
 ----> 1.3#6.6#34.0#44.0#VAR 56 0 0.817237 0.182763 
 ----> 1.3#6.6#34.0#44.0#VAR 57 0 0.817001 0.182999 
 ----> 1.3#6.6#34.0#44.0#VAR 58 0 0.81899 0.18101 
 ----> 1.3#6.6#34.0#44.0#VAR 59 1 0.810398 0.189602 
 ----> 1.3#6.6#34.0#44.0#VAR 60 1 0.802687 0.197313 
 ----> 1.3#6.6#34.0#44.0#VAR 61 0 0.811213 0.188787 
 ----> 1.3#6.6#34.0#44.0#VAR 62 0 0.817335 0.182665 
 ----> 1.3#6.6#34.0#44.0#VAR 63 0 0.816769 0.183231 
 ----> 1.3#6.6#34.0#44.0#VAR 64 0 0.819303 0.180697 
 ----> 1.3#6.6#34.0#44.0#VAR 65 0 0.815014 0.184986 
 ----> 1.3#6.6#34.0#44.0#VAR 66 0 0.81986 0.18014 
 ----> 1.3#6.6#34.0#44.0#VAR 67 0 0.819449 0.180551 
 ----> 1.3#6.6#34.0#44.0#VAR 68 0 0.808256 0.191744 
 ----> 1.3#6.6#34.0#44.0#VAR 69 0 0.809551 0.190449 
 ----> 1.3#6.6#34.0#44.0#VAR 70 1 0.826548 0.173452 
 ----> 1.3#6.6#34.0#44.0#VAR 71 0 0.818072 0.181928 
 ----> 1.3#6.6#34.0#44.0#VAR 72 1 0.809104 0.190896 
 ----> 1.3#6.6#34.0#44.0#VAR 73 0 0.828217 0.171783 
 ----> 1.3#6.6#34.0#44.0#VAR 74 0 0.82371 0.17629 
 ----> 1.3#6.6#34.0#44.0#VAR 75 0 0.816197 0.183803 
 ----> 1.3#6.6#34.0#44.0#VAR 76 0 0.814238 0.185762 
 ----> 1.3#6.6#34.0#44.0#VAR 77 0 0.818337 0.181663 
 ----> 1.3#6.6#34.0#44.0#VAR 78 0 0.808466 0.191534 
 ----> 1.3#6.6#34.0#44.0#VAR 79 0 0.820772 0.179228 
 ----> 1.3#6.6#34.0#44.0#VAR 80 0 0.813828 0.186172 
 ----> 1.3#6.6#34.0#44.0#VAR 81 0 0.822007 0.177993 
 ----> 1.3#6.6#34.0#44.0#VAR 82 0 0.828592 0.171408 
 ----> 1.3#6.6#34.0#44.0#VAR 83 1 0.79133 0.20867 
 ----> 1.3#6.6#34.0#44.0#VAR 84 0 0.825831 0.174169 
 ----> 1.3#6.6#34.0#44.0#VAR 85 0 0.822942 0.177058 
 ----> 1.3#6.6#34.0#44.0#VAR 86 0 0.817684 0.182316 
 ----> 1.3#6.6#34.0#44.0#VAR 87 0 0.826815 0.173185 
 ----> 1.3#6.6#34.0#44.0#VAR 88 1 0.81041 0.18959 
 ----> 1.3#6.6#34.0#44.0#VAR 89 1 0.798678 0.201322 
 ----> 1.3#6.6#34.0#44.0#VAR 90 0 0.829957 0.170043 
 ----> 1.3#6.6#34.0#44.0#VAR 91 0 0.815564 0.184436 
 ----> 1.3#6.6#34.0#44.0#VAR 92 1 0.808043 0.191957 
 ----> 1.3#6.6#34.0#44.0#VAR 93 0 0.808439 0.191561 
 ----> 1.3#6.6#34.0#44.0#VAR 94 1 0.815133 0.184867 
 ----> 1.3#6.6#34.0#44.0#VAR 95 0 0.813094 0.186906 
 ----> 1.3#6.6#34.0#44.0#VAR 96 0 0.808834 0.191166 
 ----> 1.3#6.6#34.0#44.0#VAR 97 0 0.839202 0.160798 
 ----> 1.3#6.6#34.0#44.0#VAR 98 0 0.819067 0.180933 
 ----> 1.3#6.6#34.0#44.0#VAR 99 0 0.822694 0.177306 
 ----> 1.3#6.6#34.0#44.0#VAR 100 1 0.812854 0.187146 
 ----> 1.3#6.6#34.0#44.0#VAR 101 0 0.820206 0.179794 
 ----> 1.3#6.6#34.0#44.0#VAR 102 0 0.826471 0.173529 
 ----> 1.3#6.6#34.0#44.0#VAR 103 0 0.813241 0.186759 
 ----> 1.3#6.6#34.0#44.0#VAR 104 0 0.818971 0.181029 
 ----> 1.3#6.6#34.0#44.0#VAR 105 0 0.801801 0.198199 
 ----> 1.3#6.6#34.0#44.0#VAR 106 0 0.82513 0.17487 
 ----> 1.3#6.6#34.0#44.0#VAR 107 1 0.811888 0.188112 
 ----> 1.3#6.6#34.0#44.0#VAR 108 1 0.809187 0.190813 
 ----> 1.3#6.6#34.0#44.0#VAR 109 0 0.829002 0.170998 
 ----> 1.3#6.6#34.0#44.0#VAR 110 1 0.806921 0.193079 
 ----> 1.3#6.6#34.0#44.0#VAR 111 0 0.820637 0.179363 
 ----> 1.3#6.6#34.0#44.0#VAR 112 0 0.818965 0.181035 
 ----> 1.3#6.6#34.0#44.0#VAR 113 0 0.817145 0.182855 
 ----> 1.3#6.6#34.0#44.0#VAR 114 0 0.810919 0.189081 
 ----> 1.3#6.6#34.0#44.0#VAR 115 0 0.821049 0.178951 
 ----> 1.3#6.6#34.0#44.0#VAR 116 0 0.821902 0.178098 
 ----> 1.3#6.6#34.0#44.0#VAR 117 0 0.812449 0.187551 
 ----> 1.3#6.6#34.0#44.0#VAR 118 0 0.816269 0.183731 
 ----> 1.3#6.6#34.0#44.0#VAR 119 0 0.818742 0.181258 
 ----> 1.3#6.6#34.0#44.0#VAR 120 0 0.821661 0.178339 
 ----> 1.3#6.6#34.0#44.0#VAR 121 0 0.822324 0.177676 
 ----> 1.3#6.6#34.0#44.0#VAR 122 0 0.821444 0.178556 
 ----> 1.3#6.6#34.0#44.0#VAR 123 0 0.820973 0.179027 
 ----> 1.3#6.6#34.0#44.0#VAR 124 0 0.819282 0.180718 
 ----> 1.3#6.6#34.0#44.0#VAR 125 0 0.821021 0.178979 
 ----> 1.3#6.6#34.0#44.0#VAR 126 0 0.818184 0.181816 
 ----> 1.3#6.6#34.0#44.0#VAR 127 0 0.818686 0.181314 
 ----> 1.3#6.6#34.0#44.0#VAR 128 0 0.82371 0.17629 
 ----> 1.3#6.6#34.0#44.0#VAR 129 0 0.829119 0.170881 
 ----> 1.3#6.6#34.0#44.0#VAR 130 1 0.796313 0.203687 
 ----> 1.3#6.6#34.0#44.0#VAR 131 0 0.813157 0.186843 
 ----> 1.3#6.6#34.0#44.0#VAR 132 0 0.818905 0.181095 
 ----> 1.3#6.6#34.0#44.0#VAR 133 0 0.815238 0.184762 
 ----> 1.3#6.6#34.0#44.0#VAR 134 0 0.812211 0.187789 
 ----> 1.3#6.6#34.0#44.0#VAR 135 0 0.806196 0.193804 
 ----> 1.3#6.6#34.0#44.0#VAR 136 1 0.816092 0.183908 
 ----> 1.3#6.6#34.0#44.0#VAR 137 0 0.802968 0.197032 
 ----> 1.3#6.6#34.0#44.0#VAR 138 0 0.826607 0.173393 
 ----> 1.3#6.6#34.0#44.0#VAR 139 0 0.811785 0.188215 
 ----> 1.3#6.6#34.0#44.0#VAR 140 0 0.812365 0.187635 
 ----> 1.3#6.6#34.0#44.0#VAR 141 0 0.808775 0.191225 
 ----> 1.3#6.6#34.0#44.0#VAR 142 1 0.819939 0.180061 
 ----> 1.3#6.6#34.0#44.0#VAR 143 0 0.815196 0.184804 
 ----> 1.3#6.6#34.0#44.0#VAR 144 0 0.822145 0.177855 
 ----> 1.3#6.6#34.0#44.0#VAR 145 0 0.798481 0.201519 
 ----> 1.3#6.6#34.0#44.0#VAR 146 0 0.82163 0.17837 
 ----> 1.3#6.6#34.0#44.0#VAR 147 1 0.806547 0.193453 
 ----> 1.3#6.6#34.0#44.0#VAR 148 0 0.816119 0.183881 
 ----> 1.3#6.6#34.0#44.0#VAR 149 0 0.817755 0.182245 
 ----> 1.3#6.6#34.0#44.0#VAR 150 0 0.823631 0.176369 
 ----> 1.3#6.6#34.0#44.0#VAR 151 1 0.801735 0.198265 
 ----> 1.3#6.6#34.0#44.0#VAR 152 0 0.816048 0.183952 
 ----> 1.3#6.6#34.0#44.0#VAR 153 0 0.838917 0.161083 
 ----> 1.3#6.6#34.0#44.0#VAR 154 0 0.822635 0.177365 
 ----> 1.3#6.6#34.0#44.0#VAR 155 1 0.775184 0.224816 
 ----> 1.3#6.6#34.0#44.0#VAR 156 0 0.827412 0.172588 
 ----> 1.3#6.6#34.0#44.0#VAR 157 0 0.809087 0.190913 
 ----> 1.3#6.6#34.0#44.0#VAR 158 0 0.82226 0.17774 
 ----> 1.3#6.6#34.0#44.0#VAR 159 1 0.798067 0.201933 
 ----> 1.3#6.6#34.0#44.0#VAR 160 0 0.811575 0.188425 
 ----> 1.3#6.6#34.0#44.0#VAR 161 0 0.816523 0.183477 
 ----> 1.3#6.6#34.0#44.0#VAR 162 0 0.821634 0.178366 
 ----> 1.3#6.6#34.0#44.0#VAR 163 0 0.820128 0.179872 
 ----> 1.3#6.6#34.0#44.0#VAR 164 0 0.809004 0.190996 
 ----> 1.3#6.6#34.0#44.0#VAR 165 0 0.825316 0.174684 
 ----> 1.3#6.6#34.0#44.0#VAR 166 0 0.831519 0.168481 
 ----> 1.3#6.6#34.0#44.0#VAR 167 0 0.808329 0.191671 
 ----> 1.3#6.6#34.0#44.0#VAR 168 0 0.833005 0.166995 
 ----> 1.3#6.6#34.0#44.0#VAR 169 1 0.798316 0.201684 
 ----> 1.3#6.6#34.0#44.0#VAR 170 0 0.812768 0.187232 
 ----> 1.3#6.6#34.0#44.0#VAR 171 0 0.825058 0.174942 
 ----> 1.3#6.6#34.0#44.0#VAR 172 0 0.825486 0.174514 
 ----> 1.3#6.6#34.0#44.0#VAR 173 1 0.801652 0.198348 
 ----> 1.3#6.6#34.0#44.0#VAR 174 1 0.815039 0.184961 
 ----> 1.3#6.6#34.0#44.0#VAR 175 1 0.817083 0.182917 
 ----> 1.3#6.6#34.0#44.0#VAR 176 0 0.812762 0.187238 
 ----> 1.3#6.6#34.0#44.0#VAR 177 0 0.822061 0.177939 
 ----> 1.3#6.6#34.0#44.0#VAR 178 0 0.825459 0.174541 
 ----> 1.3#6.6#34.0#44.0#VAR 179 1 0.821221 0.178779 
 ----> 1.3#6.6#34.0#44.0#VAR 180 0 0.821096 0.178904 
 ----> 1.3#6.6#34.0#44.0#VAR 181 1 0.82044 0.17956 
 ----> 1.3#6.6#34.0#44.0#VAR 182 0 0.824159 0.175841 
 ----> 1.3#6.6#34.0#44.0#VAR 183 0 0.819441 0.180559 
 ----> 1.3#6.6#34.0#44.0#VAR 184 1 0.809086 0.190914 
 ----> 1.3#6.6#34.0#44.0#VAR 185 0 0.817237 0.182763 
 ----> 1.3#6.6#34.0#44.0#VAR 186 0 0.82484 0.17516 
 ----> 1.3#6.6#34.0#44.0#VAR 187 1 0.808477 0.191523 
 ----> 1.3#6.6#34.0#44.0#VAR 188 0 0.817035 0.182965 
 ----> 1.3#6.6#34.0#44.0#VAR 189 0 0.806641 0.193359 
 ----> 1.3#6.6#34.0#44.0#VAR 190 0 0.816945 0.183055 
 ----> 1.3#6.6#34.0#44.0#VAR 191 1 0.810181 0.189819 
 ----> 1.3#6.6#34.0#44.0#VAR 192 0 0.818885 0.181115 
 ----> 1.3#6.6#34.0#44.0#VAR 193 0 0.824251 0.175749 
 ----> 1.3#6.6#34.0#44.0#VAR 194 1 0.799448 0.200552 
 ----> 1.3#6.6#34.0#44.0#VAR 195 0 0.838617 0.161383 
 ----> 1.3#6.6#34.0#44.0#VAR 196 0 0.820994 0.179006 
 ----> 1.3#6.6#34.0#44.0#VAR 197 1 0.773186 0.226814 
 ----> 1.3#6.6#34.0#44.0#VAR 198 0 0.839931 0.160069 
 ----> 1.3#6.6#34.0#44.0#VAR 199 0 0.822159 0.177841 
 ----> 1.3#6.6#34.0#44.0#VAR 200 1 0.808201 0.191799 
 ----> 1.3#6.6#34.0#44.0#VAR 201 0 0.820591 0.179409 
 ----> 1.3#6.6#34.0#44.0#VAR 202 0 0.818803 0.181197 
 ----> 1.3#6.6#34.0#44.0#VAR 203 0 0.827168 0.172832 
 ----> 1.3#6.6#34.0#44.0#VAR 204 1 0.811162 0.188838 
 ----> 1.3#6.6#34.0#44.0#VAR 205 0 0.823186 0.176814 
 ----> 1.3#6.6#34.0#44.0#VAR 206 0 0.817434 0.182566 
 ----> 1.3#6.6#34.0#44.0#VAR 207 0 0.828024 0.171976 
 ----> 1.3#6.6#34.0#44.0#VAR 208 0 0.797345 0.202655 
 ----> 1.3#6.6#34.0#44.0#VAR 209 1 0.764573 0.235427 
 ----> 1.3#6.6#34.0#44.0#VAR 210 1 0.767337 0.232663 
 ----> 1.3#6.6#34.0#44.0#VAR 211 1 0.765962 0.234038 
 ----> 1.3#6.6#34.0#44.0#VAR 212 0 0.818875 0.181125 
 ----> 1.3#6.6#34.0#44.0#VAR 213 0 0.816798 0.183202 
 ----> 1.3#6.6#34.0#44.0#VAR 214 0 0.821939 0.178061 
 ----> 1.3#6.6#34.0#44.0#VAR 215 0 0.816671 0.183329 
 ----> 1.3#6.6#34.0#44.0#VAR 216 0 0.816591 0.183409 
 ----> 1.3#6.6#34.0#44.0#VAR 217 1 0.798417 0.201583 
 ----> 1.3#6.6#34.0#44.0#VAR 218 0 0.809292 0.190708 
 ----> 1.3#6.6#34.0#44.0#VAR 219 0 0.811662 0.188338 
 ----> 1.3#6.6#34.0#44.0#VAR 220 0 0.821995 0.178005 
 ----> 1.3#6.6#34.0#44.0#VAR 221 0 0.825671 0.174329 
 ----> 1.3#6.6#34.0#44.0#VAR 222 0 0.810977 0.189023 
 ----> 1.3#6.6#34.0#44.0#VAR 223 0 0.828525 0.171475 
 ----> 1.3#6.6#34.0#44.0#VAR 224 0 0.824818 0.175182 
 ----> 1.3#6.6#34.0#44.0#VAR 225 0 0.816514 0.183486 
 ----> 1.3#6.6#34.0#44.0#VAR 226 0 0.823158 0.176842 
 ----> 1.3#6.6#34.0#44.0#VAR 227 0 0.820665 0.179335 
 ----> 1.3#6.6#34.0#44.0#VAR 228 0 0.834215 0.165785 
 ----> 1.3#6.6#34.0#44.0#VAR 229 0 0.819779 0.180221 
 ----> 1.3#6.6#34.0#44.0#VAR 230 0 0.815398 0.184602 
 ----> 1.3#6.6#34.0#44.0#VAR 231 0 0.822266 0.177734 
 ----> 1.3#6.6#34.0#44.0#VAR 232 0 0.817107 0.182893 
 ----> 1.3#6.6#34.0#44.0#VAR 233 0 0.821358 0.178642 
 ----> 1.3#6.6#34.0#44.0#VAR 234 0 0.822694 0.177306 
 ----> 1.3#6.6#34.0#44.0#VAR 235 0 0.800415 0.199585 
 ----> 1.3#6.6#34.0#44.0#VAR 236 0 0.801199 0.198801 
 ----> 1.3#6.6#34.0#44.0#VAR 237 0 0.816503 0.183497 
 ----> 1.3#6.6#34.0#44.0#VAR 238 0 0.822678 0.177322 
 ----> 1.3#6.6#34.0#44.0#VAR 239 0 0.823253 0.176747 
 ----> 1.3#6.6#34.0#44.0#VAR 240 0 0.811763 0.188237 
 ----> 1.3#6.6#34.0#44.0#VAR 241 0 0.818525 0.181475 
 ----> 1.3#6.6#34.0#44.0#VAR 242 0 0.805648 0.194352 
 ----> 1.3#6.6#34.0#44.0#VAR 243 0 0.820416 0.179584 
 ----> 1.3#6.6#34.0#44.0#VAR 244 0 0.815405 0.184595 
 ----> 1.3#6.6#34.0#44.0#VAR 245 0 0.819286 0.180714 
 ----> 1.3#6.6#34.0#44.0#VAR 246 0 0.816674 0.183326 
 ----> 1.3#6.6#34.0#44.0#VAR 247 0 0.817749 0.182251 
 ----> 1.3#6.6#34.0#44.0#VAR 248 1 0.815794 0.184206 
 ----> 1.3#6.6#34.0#44.0#VAR 249 0 0.818537 0.181463 
 ----> 1.3#6.6#34.0#44.0#VAR 250 1 0.808467 0.191533 
 ----> 1.3#6.6#34.0#44.0#VAR 251 0 0.825624 0.174376 
 ----> 1.3#6.6#34.0#44.0#VAR 252 0 0.816831 0.183169 
 ----> 1.3#6.6#34.0#44.0#VAR 253 0 0.802603 0.197397 
 ----> 1.3#6.6#34.0#44.0#VAR 254 0 0.810669 0.189331 
 ----> 1.3#6.6#34.0#44.0#VAR 255 0 0.820229 0.179771 
 ----> 1.3#6.6#34.0#44.0#VAR 256 0 0.817086 0.182914 
 ----> 1.3#6.6#34.0#44.0#VAR 257 0 0.811117 0.188883 
 ----> 1.3#6.6#34.0#44.0#VAR 258 0 0.818297 0.181703 
 ----> 1.3#6.6#34.0#44.0#VAR 259 1 0.819959 0.180041 
 ----> 1.3#6.6#34.0#44.0#VAR 260 0 0.814365 0.185635 
 ----> 1.3#6.6#34.0#44.0#VAR 261 0 0.816513 0.183487 
 ----> 1.3#6.6#34.0#44.0#VAR 262 0 0.821332 0.178668 
 ----> 1.3#6.6#34.0#44.0#VAR 263 0 0.823128 0.176872 
 ----> 1.3#6.6#34.0#44.0#VAR 264 0 0.825402 0.174598 
 ----> 1.3#6.6#34.0#44.0#VAR 265 0 0.81806 0.18194 
 ----> 1.3#6.6#34.0#44.0#VAR 266 0 0.823922 0.176078 
 ----> 1.3#6.6#34.0#44.0#VAR 267 0 0.816961 0.183039 
 ----> 1.3#6.6#34.0#44.0#VAR 268 0 0.810658 0.189342 
 ----> 1.3#6.6#34.0#44.0#VAR 269 0 0.815768 0.184232 
 ----> 1.3#6.6#34.0#44.0#VAR 270 0 0.822422 0.177578 
 ----> 1.3#6.6#34.0#44.0#VAR 271 0 0.812756 0.187244 
 ----> 1.3#6.6#34.0#44.0#VAR 272 0 0.81261 0.18739 
 ----> 1.3#6.6#34.0#44.0#VAR 273 0 0.814989 0.185011 
 ----> 1.3#6.6#34.0#44.0#VAR 274 1 0.811411 0.188589 
 ----> 1.3#6.6#34.0#44.0#VAR 275 0 0.815854 0.184146 
 ----> 1.3#6.6#34.0#44.0#VAR 276 0 0.831702 0.168298 
 ----> 1.3#6.6#34.0#44.0#VAR 277 0 0.825748 0.174252 
 ----> 1.3#6.6#34.0#44.0#VAR 278 0 0.822622 0.177378 
 ----> 1.3#6.6#34.0#44.0#VAR 279 0 0.822635 0.177365 
 ----> 1.3#6.6#34.0#44.0#VAR 280 0 0.80374 0.19626 
 ----> 1.3#6.6#34.0#44.0#VAR 281 0 0.818068 0.181932 
 ----> 1.3#6.6#34.0#44.0#VAR 282 0 0.820195 0.179805 
 ----> 1.3#6.6#34.0#44.0#VAR 283 0 0.826767 0.173233 
 ----> 1.3#6.6#34.0#44.0#VAR 284 0 0.827036 0.172964 
 ----> 1.3#6.6#34.0#44.0#VAR 285 0 0.821653 0.178347 
 ----> 1.3#6.6#34.0#44.0#VAR 286 1 0.777938 0.222062 
 ----> 1.3#6.6#34.0#44.0#VAR 287 1 0.814789 0.185211 
 ----> 1.3#6.6#34.0#44.0#VAR 288 0 0.818435 0.181565 
 ----> 1.3#6.6#34.0#44.0#VAR 289 0 0.816715 0.183285 
 ----> 1.3#6.6#34.0#44.0#VAR 290 0 0.802358 0.197642 
 ----> 1.3#6.6#34.0#44.0#VAR 291 0 0.822127 0.177873 
 ----> 1.3#6.6#34.0#44.0#VAR 292 0 0.817776 0.182224 
 ----> 1.3#6.6#34.0#44.0#VAR 293 0 0.812964 0.187036 
 ----> 1.3#6.6#34.0#44.0#VAR 294 0 0.816278 0.183722 
 ----> 1.3#6.6#34.0#44.0#VAR 295 0 0.822113 0.177887 
 ----> 1.3#6.6#34.0#44.0#VAR 296 0 0.814964 0.185036 
 ----> 1.3#6.6#34.0#44.0#VAR 297 0 0.82373 0.17627 
 ----> 1.3#6.6#34.0#44.0#VAR 298 0 0.812934 0.187066 
 ----> 1.3#6.6#34.0#44.0#VAR 299 0 0.816313 0.183687 
 ----> 1.3#6.6#34.0#44.0#VAR 300 0 0.811706 0.188294 
 ----> 1.3#6.6#34.0#44.0#VAR 301 0 0.815794 0.184206 
 ----> 1.3#6.6#34.0#44.0#VAR 302 0 0.819109 0.180891 
 ----> 1.3#6.6#34.0#44.0#VAR 303 0 0.820319 0.179681 
 ----> 1.3#6.6#34.0#44.0#VAR 304 0 0.820187 0.179813 
 ----> 1.3#6.6#34.0#44.0#VAR 305 0 0.812412 0.187588 
 ----> 1.3#6.6#34.0#44.0#VAR 306 0 0.818222 0.181778 
 ----> 1.3#6.6#34.0#44.0#VAR 307 0 0.819127 0.180873 
 ----> 1.3#6.6#34.0#44.0#VAR 308 0 0.810351 0.189649 
 ----> 1.3#6.6#34.0#44.0#VAR 309 0 0.823219 0.176781 
 ----> 1.3#6.6#34.0#44.0#VAR 310 0 0.817104 0.182896 
 ----> 1.3#6.6#34.0#44.0#VAR 311 0 0.818397 0.181603 
 ----> 1.3#6.6#34.0#44.0#VAR 312 0 0.823583 0.176417 
 ----> 1.3#6.6#34.0#44.0#VAR 313 0 0.81865 0.18135 
 ----> 1.3#6.6#34.0#44.0#VAR 314 0 0.82125 0.17875 
 ----> 1.3#6.6#34.0#44.0#VAR 315 0 0.828117 0.171883 
 ----> 1.3#6.6#34.0#44.0#VAR 316 0 0.819663 0.180337 
 ----> 1.3#6.6#34.0#44.0#VAR 317 1 0.812286 0.187714 
 ----> 1.3#6.6#34.0#44.0#VAR 318 0 0.824101 0.175899 
 ----> 1.3#6.6#34.0#44.0#VAR 319 0 0.812473 0.187527 
 ----> 1.3#6.6#34.0#44.0#VAR 320 0 0.823921 0.176079 
 ----> 1.3#6.6#34.0#44.0#VAR 321 0 0.823517 0.176483 
 ----> 1.3#6.6#34.0#44.0#VAR 322 0 0.820849 0.179151 
 ----> 1.3#6.6#34.0#44.0#VAR 323 0 0.819595 0.180405 
 ----> 1.3#6.6#34.0#44.0#VAR 324 0 0.81945 0.18055 
 ----> 1.3#6.6#34.0#44.0#VAR 325 0 0.822526 0.177474 
 ----> 1.3#6.6#34.0#44.0#VAR 326 0 0.827142 0.172858 
 ----> 1.3#6.6#34.0#44.0#VAR 327 0 0.823997 0.176003 
 ----> 1.3#6.6#34.0#44.0#VAR 328 0 0.80874 0.19126 
 ----> 1.3#6.6#34.0#44.0#VAR 329 0 0.817935 0.182065 
 ----> 1.3#6.6#34.0#44.0#VAR 330 0 0.823281 0.176719 
 ----> 1.3#6.6#34.0#44.0#VAR 331 0 0.804832 0.195168 
 ----> 1.3#6.6#34.0#44.0#VAR 332 1 0.796515 0.203485 
 ----> 1.3#6.6#34.0#44.0#VAR 333 0 0.831411 0.168589 
 ----> 1.3#6.6#34.0#44.0#VAR 334 0 0.833279 0.166721 
 ----> 1.3#6.6#34.0#44.0#VAR 335 0 0.808178 0.191822 
 ----> 1.3#6.6#34.0#44.0#VAR 336 0 0.800884 0.199116 
 ----> 1.3#6.6#34.0#44.0#VAR 337 0 0.821359 0.178641 
 ----> 1.3#6.6#34.0#44.0#VAR 338 0 0.816373 0.183627 
 ----> 1.3#6.6#34.0#44.0#VAR 339 0 0.820608 0.179392 
 ----> 1.3#6.6#34.0#44.0#VAR 340 0 0.818305 0.181695 
 ----> 1.3#6.6#34.0#44.0#VAR 341 0 0.815831 0.184169 
 ----> 1.3#6.6#34.0#44.0#VAR 342 0 0.824326 0.175674 
 ----> 1.3#6.6#34.0#44.0#VAR 343 0 0.828686 0.171314 
 ----> 1.3#6.6#34.0#44.0#VAR 344 0 0.817824 0.182176 
 ----> 1.3#6.6#34.0#44.0#VAR 345 0 0.814844 0.185156 
 ----> 1.3#6.6#34.0#44.0#VAR 346 0 0.825675 0.174325 
 ----> 1.3#6.6#34.0#44.0#VAR 347 0 0.809512 0.190488 
 ----> 1.3#6.6#34.0#44.0#VAR 348 0 0.821202 0.178798 
 ----> 1.3#6.6#34.0#44.0#VAR 349 0 0.81586 0.18414 
 ----> 1.3#6.6#34.0#44.0#VAR 350 0 0.818123 0.181877 
 ----> 1.3#6.6#34.0#44.0#VAR 351 0 0.819461 0.180539 
 ----> 1.3#6.6#34.0#44.0#VAR 352 0 0.818628 0.181372 
 ----> 1.3#6.6#34.0#44.0#VAR 353 0 0.823476 0.176524 
 ----> 1.3#6.6#34.0#44.0#VAR 354 0 0.819861 0.180139 
 ----> 1.3#6.6#34.0#44.0#VAR 355 0 0.835212 0.164788 
 ----> 1.3#6.6#34.0#44.0#VAR 356 0 0.824152 0.175848 
 ----> 1.3#6.6#34.0#44.0#VAR 357 0 0.821752 0.178248 
 ----> 1.3#6.6#34.0#44.0#VAR 358 0 0.804414 0.195586 
 ----> 1.3#6.6#34.0#44.0#VAR 359 1 0.808605 0.191395 
 ----> 1.3#6.6#34.0#44.0#VAR 360 0 0.816961 0.183039 
 ----> 1.3#6.6#34.0#44.0#VAR 361 1 0.816254 0.183746 
 ----> 1.3#6.6#34.0#44.0#VAR 362 0 0.819214 0.180786 
 ----> 1.3#6.6#34.0#44.0#VAR 363 0 0.823047 0.176953 
 ----> 1.3#6.6#34.0#44.0#VAR 364 0 0.827695 0.172305 
 ----> 1.3#6.6#34.0#44.0#VAR 365 0 0.820532 0.179468 
 ----> 1.3#6.6#34.0#44.0#VAR 366 0 0.821215 0.178785 
 ----> 1.3#6.6#34.0#44.0#VAR 367 0 0.812614 0.187386 
 ----> 1.3#6.6#34.0#44.0#VAR 368 0 0.811174 0.188826 
 ----> 1.3#6.6#34.0#44.0#VAR 369 0 0.823247 0.176753 
 ----> 1.3#6.6#34.0#44.0#VAR 370 0 0.819665 0.180335 
 ----> 1.3#6.6#34.0#44.0#VAR 371 1 0.805312 0.194688 
 ----> 1.3#6.6#34.0#44.0#VAR 372 0 0.819406 0.180594 
 ----> 1.3#6.6#34.0#44.0#VAR 373 0 0.812814 0.187186 
 ----> 1.3#6.6#34.0#44.0#VAR 374 0 0.81446 0.18554 
 ----> 1.3#6.6#34.0#44.0#VAR 375 1 0.822217 0.177783 
 ----> 1.3#6.6#34.0#44.0#VAR 376 0 0.821091 0.178909 
 ----> 1.3#6.6#34.0#44.0#VAR 377 0 0.826048 0.173952 
 ----> 1.3#6.6#34.0#44.0#VAR 378 0 0.826688 0.173312 
 ----> 1.3#6.6#34.0#44.0#VAR 379 0 0.814138 0.185862 
 ----> 1.3#6.6#34.0#44.0#VAR 380 0 0.818839 0.181161 
 ----> 1.3#6.6#34.0#44.0#VAR 381 0 0.818146 0.181854 
 ----> 1.3#6.6#34.0#44.0#VAR 382 0 0.817579 0.182421 
 ----> 1.3#6.6#34.0#44.0#VAR 383 0 0.823372 0.176628 
 ----> 1.3#6.6#34.0#44.0#VAR 384 0 0.810719 0.189281 
 ----> 1.3#6.6#34.0#44.0#VAR 385 0 0.817709 0.182291 
 ----> 1.3#6.6#34.0#44.0#VAR 386 0 0.812749 0.187251 
 ----> 1.3#6.6#34.0#44.0#VAR 387 0 0.826878 0.173122 
 ----> 1.3#6.6#34.0#44.0#VAR 388 1 0.797692 0.202308 
 ----> 1.3#6.6#34.0#44.0#VAR 389 0 0.821239 0.178761 
 ----> 1.3#6.6#34.0#44.0#VAR 390 0 0.818934 0.181066 
 ----> 1.3#6.6#34.0#44.0#VAR 391 1 0.80958 0.19042 
 ----> 1.3#6.6#34.0#44.0#VAR 392 0 0.828553 0.171447 
 ----> 1.3#6.6#34.0#44.0#VAR 393 0 0.813737 0.186263 
 ----> 1.3#6.6#34.0#44.0#VAR 394 0 0.80965 0.19035 
 ----> 1.3#6.6#34.0#44.0#VAR 395 1 0.813555 0.186445 
 ----> 1.3#6.6#34.0#44.0#VAR 396 0 0.826514 0.173486 
 ----> 1.3#6.6#34.0#44.0#VAR 397 0 0.819249 0.180751 
 ----> 1.3#6.6#34.0#44.0#VAR 398 0 0.825576 0.174424 
 ----> 1.3#6.6#34.0#44.0#VAR 399 1 0.812015 0.187985 
 ----> 1.3#6.6#34.0#44.0#VAR 400 0 0.821973 0.178027 
 ----> 1.3#6.6#34.0#44.0#VAR 401 0 0.816208 0.183792 
 ----> 1.3#6.6#34.0#44.0#VAR 402 1 0.807084 0.192916 
 ----> 1.3#6.6#34.0#44.0#VAR 403 1 0.817473 0.182527 
 ----> 1.3#6.6#34.0#44.0#VAR 404 0 0.82375 0.17625 
 ----> 1.3#6.6#34.0#44.0#VAR 405 0 0.821857 0.178143 
 ----> 1.3#6.6#34.0#44.0#VAR 406 0 0.815638 0.184362 
 ----> 1.3#6.6#34.0#44.0#VAR 407 0 0.818292 0.181708 
 ----> 1.3#6.6#34.0#44.0#VAR 408 0 0.805962 0.194038 
 ----> 1.3#6.6#34.0#44.0#VAR 409 1 0.791392 0.208608 
 ----> 1.3#6.6#34.0#44.0#VAR 410 0 0.834442 0.165558 
 ----> 1.3#6.6#34.0#44.0#VAR 411 0 0.817302 0.182698 
 ----> 1.3#6.6#34.0#44.0#VAR 412 0 0.815896 0.184104 
 ----> 1.3#6.6#34.0#44.0#VAR 413 0 0.820016 0.179984 
 ----> 1.3#6.6#34.0#44.0#VAR 414 0 0.819728 0.180272 
 ----> 1.3#6.6#34.0#44.0#VAR 415 0 0.819964 0.180036 
 ----> 1.3#6.6#34.0#44.0#VAR 416 0 0.816568 0.183432 
 ----> 1.3#6.6#34.0#44.0#VAR 417 0 0.822823 0.177177 
 ----> 1.3#6.6#34.0#44.0#VAR 418 0 0.828322 0.171678 
 ----> 1.3#6.6#34.0#44.0#VAR 419 0 0.820153 0.179847 
 ----> 1.3#6.6#34.0#44.0#VAR 420 0 0.815094 0.184906 
 ----> 1.3#6.6#34.0#44.0#VAR 421 0 0.813034 0.186966 
 ----> 1.3#6.6#34.0#44.0#VAR 422 0 0.824148 0.175852 
 ----> 1.3#6.6#34.0#44.0#VAR 423 1 0.797066 0.202934 
 ----> 1.3#6.6#34.0#44.0#VAR 424 0 0.805562 0.194438 
 ----> 1.3#6.6#34.0#44.0#VAR 425 0 0.828832 0.171168 
 ----> 1.3#6.6#34.0#44.0#VAR 426 0 0.820946 0.179054 
 ----> 1.3#6.6#34.0#44.0#VAR 427 0 0.817848 0.182152 
 ----> 1.3#6.6#34.0#44.0#VAR 428 0 0.821672 0.178328 
 ----> 1.3#6.6#34.0#44.0#VAR 429 1 0.811344 0.188656 
 ----> 1.3#6.6#34.0#44.0#VAR 430 1 0.813504 0.186496 
 ----> 1.3#6.6#34.0#44.0#VAR 431 1 0.808243 0.191757 
 ----> 1.3#6.6#34.0#44.0#VAR 432 0 0.81672 0.18328 
 ----> 1.3#6.6#34.0#44.0#VAR 433 0 0.821684 0.178316 
 ----> 1.3#6.6#34.0#44.0#VAR 434 0 0.820453 0.179547 
 ----> 1.3#6.6#34.0#44.0#VAR 435 0 0.812123 0.187877 
 ----> 1.3#6.6#34.0#44.0#VAR 436 0 0.817342 0.182658 
 ----> 1.3#6.6#34.0#44.0#VAR 437 0 0.819804 0.180196 
 ----> 1.3#6.6#34.0#44.0#VAR 438 0 0.811601 0.188399 
 ----> 1.3#6.6#34.0#44.0#VAR 439 1 0.815326 0.184674 
 ----> 1.3#6.6#34.0#44.0#VAR 440 0 0.827791 0.172209 
 ----> 1.3#6.6#34.0#44.0#VAR 441 0 0.8134 0.1866 
 ----> 1.3#6.6#34.0#44.0#VAR 442 0 0.819577 0.180423 
 ----> 1.3#6.6#34.0#44.0#VAR 443 1 0.808362 0.191638 
 ----> 1.3#6.6#34.0#44.0#VAR 444 1 0.808942 0.191058 
 ----> 1.3#6.6#34.0#44.0#VAR 445 0 0.810079 0.189921 
 ----> 1.3#6.6#34.0#44.0#VAR 446 0 0.816169 0.183831 
 ----> 1.3#6.6#34.0#44.0#VAR 447 0 0.826217 0.173783 
 ----> 1.3#6.6#34.0#44.0#VAR 448 0 0.809668 0.190332 
 ----> 1.3#6.6#34.0#44.0#VAR 449 0 0.828642 0.171358 
 ----> 1.3#6.6#34.0#44.0#VAR 450 0 0.832531 0.167469 
 ----> 1.3#6.6#34.0#44.0#VAR 451 0 0.811694 0.188306 
 ----> 1.3#6.6#34.0#44.0#VAR 452 0 0.823636 0.176364 
 ----> 1.3#6.6#34.0#44.0#VAR 453 0 0.816135 0.183865 
 ----> 1.3#6.6#34.0#44.0#VAR 454 0 0.817131 0.182869 
 ----> 1.3#6.6#34.0#44.0#VAR 455 0 0.820693 0.179307 
 ----> 1.3#6.6#34.0#44.0#VAR 456 0 0.80817 0.19183 
 ----> 1.3#6.6#34.0#44.0#VAR 457 0 0.826363 0.173637 
 ----> 1.3#6.6#34.0#44.0#VAR 458 0 0.819084 0.180916 
 ----> 1.3#6.6#34.0#44.0#VAR 459 0 0.826478 0.173522 
 ----> 1.3#6.6#34.0#44.0#VAR 460 0 0.817388 0.182612 
 ----> 1.3#6.6#34.0#44.0#VAR 461 0 0.823273 0.176727 
 ----> 1.3#6.6#34.0#44.0#VAR 462 0 0.819386 0.180614 
 ----> 1.3#6.6#34.0#44.0#VAR 463 0 0.819172 0.180828 
 ----> 1.3#6.6#34.0#44.0#VAR 464 0 0.806654 0.193346 
 ----> 1.3#6.6#34.0#44.0#VAR 465 0 0.818771 0.181229 
 ----> 1.3#6.6#34.0#44.0#VAR 466 0 0.804641 0.195359 
 ----> 1.3#6.6#34.0#44.0#VAR 467 0 0.826948 0.173052 
 ----> 1.3#6.6#34.0#44.0#VAR 468 0 0.813077 0.186923 
 ----> 1.3#6.6#34.0#44.0#VAR 469 0 0.816377 0.183623 
 ----> 1.3#6.6#34.0#44.0#VAR 470 0 0.816068 0.183932 
 ----> 1.3#6.6#34.0#44.0#VAR 471 0 0.81191 0.18809 
 ----> 1.3#6.6#34.0#44.0#VAR 472 0 0.823786 0.176214 
 ----> 1.3#6.6#34.0#44.0#VAR 473 0 0.827782 0.172218 
 ----> 1.3#6.6#34.0#44.0#VAR 474 0 0.820043 0.179957 
 ----> 1.3#6.6#34.0#44.0#VAR 475 0 0.821113 0.178887 
 ----> 1.3#6.6#34.0#44.0#VAR 476 0 0.812881 0.187119 
 ----> 1.3#6.6#34.0#44.0#VAR 477 0 0.824754 0.175246 
 ----> 1.3#6.6#34.0#44.0#VAR 478 0 0.814974 0.185026 
 ----> 1.3#6.6#34.0#44.0#VAR 479 0 0.823893 0.176107 
 ----> 1.3#6.6#34.0#44.0#VAR 480 0 0.809138 0.190862 
 ----> 1.3#6.6#34.0#44.0#VAR 481 0 0.811551 0.188449 
 ----> 1.3#6.6#34.0#44.0#VAR 482 0 0.823808 0.176192 
 ----> 1.3#6.6#34.0#44.0#VAR 483 1 0.805109 0.194891 
 ----> 1.3#6.6#34.0#44.0#VAR 484 0 0.820721 0.179279 
 ----> 1.3#6.6#34.0#44.0#VAR 485 0 0.82338 0.17662 
 ----> 1.3#6.6#34.0#44.0#VAR 486 0 0.819256 0.180744 
 ----> 1.3#6.6#34.0#44.0#VAR 487 0 0.822602 0.177398 
 ----> 1.3#6.6#34.0#44.0#VAR 488 0 0.816881 0.183119 
 ----> 1.3#6.6#34.0#44.0#VAR 489 0 0.825381 0.174619 
 ----> 1.3#6.6#34.0#44.0#VAR 490 0 0.815749 0.184251 
 ----> 1.3#6.6#34.0#44.0#VAR 491 0 0.833024 0.166976 
 ----> 1.3#6.6#34.0#44.0#VAR 492 0 0.826465 0.173535 
 ----> 1.3#6.6#34.0#44.0#VAR 493 1 0.808779 0.191221 
 ----> 1.3#6.6#34.0#44.0#VAR 494 0 0.815669 0.184331 
 ----> 1.3#6.6#34.0#44.0#VAR 495 0 0.811836 0.188164 
 ----> 1.3#6.6#34.0#44.0#VAR 496 0 0.817059 0.182941 
 ----> 1.3#6.6#34.0#44.0#VAR 497 1 0.816703 0.183297 
 ----> 1.3#6.6#34.0#44.0#VAR 498 0 0.812949 0.187051 
 ----> 1.3#6.6#34.0#44.0#VAR 499 1 0.802665 0.197335 
 ----> 1.3#6.6#34.0#44.0#VAR 500 0 0.816849 0.183151 
 ----> 1.3#6.6#34.0#44.0#VAR 501 0 0.818513 0.181487 
 ----> 1.3#6.6#34.0#44.0#VAR 502 1 0.815689 0.184311 
 ----> 1.3#6.6#34.0#44.0#VAR 503 0 0.825129 0.174871 
 ----> 1.3#6.6#34.0#44.0#VAR 504 1 0.809698 0.190302 
 ----> 1.3#6.6#34.0#44.0#VAR 505 0 0.82152 0.17848 
 ----> 1.3#6.6#34.0#44.0#VAR 506 0 0.815267 0.184733 
 ----> 1.3#6.6#34.0#44.0#VAR 507 0 0.822772 0.177228 
 ----> 1.3#6.6#34.0#44.0#VAR 508 0 0.811223 0.188777 
 ----> 1.3#6.6#34.0#44.0#VAR 509 0 0.817572 0.182428 
 ----> 1.3#6.6#34.0#44.0#VAR 510 0 0.81591 0.18409 
 ----> 1.3#6.6#34.0#44.0#VAR 511 1 0.803406 0.196594 
 ----> 1.3#6.6#34.0#44.0#VAR 512 0 0.816944 0.183056 
 ----> 1.3#6.6#34.0#44.0#VAR 513 0 0.820032 0.179968 
 ----> 1.3#6.6#34.0#44.0#VAR 514 0 0.819445 0.180555 
 ----> 1.3#6.6#34.0#44.0#VAR 515 0 0.819481 0.180519 
 ----> 1.3#6.6#34.0#44.0#VAR 516 1 0.793462 0.206538 
 ----> 1.3#6.6#34.0#44.0#VAR 517 0 0.824273 0.175727 
 ----> 1.3#6.6#34.0#44.0#VAR 518 0 0.812801 0.187199 
 ----> 1.3#6.6#34.0#44.0#VAR 519 0 0.822245 0.177755 
 ----> 1.3#6.6#34.0#44.0#VAR 520 0 0.808975 0.191025 
 ----> 1.3#6.6#34.0#44.0#VAR 521 0 0.821076 0.178924 
 ----> 1.3#6.6#34.0#44.0#VAR 522 0 0.813016 0.186984 
 ----> 1.3#6.6#34.0#44.0#VAR 523 0 0.826023 0.173977 
 ----> 1.3#6.6#34.0#44.0#VAR 524 0 0.815933 0.184067 
 ----> 1.3#6.6#34.0#44.0#VAR 525 0 0.814189 0.185811 
 ----> 1.3#6.6#34.0#44.0#VAR 526 0 0.828044 0.171956 
 ----> 1.3#6.6#34.0#44.0#VAR 527 1 0.800731 0.199269 
 ----> 1.3#6.6#34.0#44.0#VAR 528 1 0.801239 0.198761 
 ----> 1.3#6.6#34.0#44.0#VAR 529 0 0.821039 0.178961 
 ----> 1.3#6.6#34.0#44.0#VAR 530 0 0.816999 0.183001 
 ----> 1.3#6.6#34.0#44.0#VAR 531 0 0.812962 0.187038 
 ----> 1.3#6.6#34.0#44.0#VAR 532 0 0.807591 0.192409 
 ----> 1.3#6.6#34.0#44.0#VAR 533 0 0.814851 0.185149 
 ----> 1.3#6.6#34.0#44.0#VAR 534 0 0.817478 0.182522 
 ----> 1.3#6.6#34.0#44.0#VAR 535 0 0.817176 0.182824 
 ----> 1.3#6.6#34.0#44.0#VAR 536 0 0.824005 0.175995 
 ----> 1.3#6.6#34.0#44.0#VAR 537 0 0.817317 0.182683 
 ----> 1.3#6.6#34.0#44.0#VAR 538 0 0.814216 0.185784 
 ----> 1.3#6.6#34.0#44.0#VAR 539 1 0.802312 0.197688 
 ----> 1.3#6.6#34.0#44.0#VAR 540 1 0.797267 0.202733 
 ----> 1.3#6.6#34.0#44.0#VAR 541 1 0.815113 0.184887 
 ----> 1.3#6.6#34.0#44.0#VAR 542 1 0.806556 0.193444 
 ----> 1.3#6.6#34.0#44.0#VAR 543 0 0.816156 0.183844 
 ----> 1.3#6.6#34.0#44.0#VAR 544 0 0.818409 0.181591 
 ----> 1.3#6.6#34.0#44.0#VAR 545 0 0.82109 0.17891 
 ----> 1.3#6.6#34.0#44.0#VAR 546 0 0.813235 0.186765 
 ----> 1.3#6.6#34.0#44.0#VAR 547 0 0.813403 0.186597 
 ----> 1.3#6.6#34.0#44.0#VAR 548 0 0.819024 0.180976 
 ----> 1.3#6.6#34.0#44.0#VAR 549 1 0.8024 0.1976 
 ----> 1.3#6.6#34.0#44.0#VAR 550 0 0.805072 0.194928 
 ----> 1.3#6.6#34.0#44.0#VAR 551 0 0.816212 0.183788 
 ----> 1.3#6.6#34.0#44.0#VAR 552 0 0.813302 0.186698 
 ----> 1.3#6.6#34.0#44.0#VAR 553 0 0.811315 0.188685 
 ----> 1.3#6.6#34.0#44.0#VAR 554 0 0.811591 0.188409 
 ----> 1.3#6.6#34.0#44.0#VAR 555 0 0.808699 0.191301 
 ----> 1.3#6.6#34.0#44.0#VAR 556 0 0.81221 0.18779 
 ----> 1.3#6.6#34.0#44.0#VAR 557 1 0.815909 0.184091 
 ----> 1.3#6.6#34.0#44.0#VAR 558 0 0.81669 0.18331 
 ----> 1.3#6.6#34.0#44.0#VAR 559 0 0.818632 0.181368 
 ----> 1.3#6.6#34.0#44.0#VAR 560 0 0.814076 0.185924 
 ----> 1.3#6.6#34.0#44.0#VAR 561 0 0.812243 0.187757 
 ----> 1.3#6.6#34.0#44.0#VAR 562 0 0.807883 0.192117 
 ----> 1.3#6.6#34.0#44.0#VAR 563 0 0.806325 0.193675 
 ----> 1.3#6.6#34.0#44.0#VAR 564 0 0.814548 0.185452 
 ----> 1.3#6.6#34.0#44.0#VAR 565 1 0.796323 0.203677 
 ----> 1.3#6.6#34.0#44.0#VAR 566 0 0.813431 0.186569 
 ----> 1.3#6.6#34.0#44.0#VAR 567 0 0.810267 0.189733 
 ----> 1.3#6.6#34.0#44.0#VAR 568 0 0.816463 0.183537 
 ----> 1.3#6.6#34.0#44.0#VAR 569 0 0.820314 0.179686 
 ----> 1.3#6.6#34.0#44.0#VAR 570 0 0.802026 0.197974 
 ----> 1.3#6.6#34.0#44.0#VAR 571 0 0.817754 0.182246 
 ----> 1.3#6.6#34.0#44.0#VAR 572 0 0.808604 0.191396 
 ----> 1.3#6.6#34.0#44.0#VAR 573 0 0.811852 0.188148 
 ----> 1.3#6.6#34.0#44.0#VAR 574 1 0.80963 0.19037 
 ----> 1.3#6.6#34.0#44.0#VAR 575 0 0.814407 0.185593 
 ----> 1.3#6.6#34.0#44.0#VAR 576 1 0.807157 0.192843 
 ----> 1.3#6.6#34.0#44.0#VAR 577 0 0.803472 0.196528 
 ----> 1.3#6.6#34.0#44.0#VAR 578 0 0.821439 0.178561 
 ----> 1.3#6.6#34.0#44.0#VAR 579 0 0.804201 0.195799 
 ----> 1.3#6.6#34.0#44.0#VAR 580 0 0.809648 0.190352 
 ----> 1.3#6.6#34.0#44.0#VAR 581 0 0.800667 0.199333 
 ----> 1.3#6.6#34.0#44.0#VAR 582 0 0.811065 0.188935 
 ----> 1.3#6.6#34.0#44.0#VAR 583 0 0.810797 0.189203 
 ----> 1.3#6.6#34.0#44.0#VAR 584 1 0.801073 0.198927 
 ----> 1.3#6.6#34.0#44.0#VAR 585 0 0.803915 0.196085 
 ----> 1.3#6.6#34.0#44.0#VAR 586 0 0.820604 0.179396 
 ----> 1.3#6.6#34.0#44.0#VAR 587 0 0.809177 0.190823 
 ----> 1.3#6.6#34.0#44.0#VAR 588 0 0.814839 0.185161 
 ----> 1.3#6.6#34.0#44.0#VAR 589 0 0.816854 0.183146 
 ----> 1.3#6.6#34.0#44.0#VAR 590 0 0.819934 0.180066 
 ----> 1.3#6.6#34.0#44.0#VAR 591 0 0.810362 0.189638 
 ----> 1.3#6.6#34.0#44.0#VAR 592 0 0.805372 0.194628 
 ----> 1.3#6.6#34.0#44.0#VAR 593 0 0.806897 0.193103 
 ----> 1.3#6.6#34.0#44.0#VAR 594 0 0.810366 0.189634 
 ----> 1.3#6.6#34.0#44.0#VAR 595 0 0.812317 0.187683 
 ----> 1.3#6.6#34.0#44.0#VAR 596 0 0.810054 0.189946 
 ----> 1.3#6.6#34.0#44.0#VAR 597 0 0.807055 0.192945 
 ----> 1.3#6.6#34.0#44.0#VAR 598 0 0.815249 0.184751 
 ----> 1.3#6.6#34.0#44.0#VAR 599 0 0.80695 0.19305 
 ----> 1.3#6.6#34.0#44.0#VAR 600 0 0.809184 0.190816 
 ----> 1.3#6.6#34.0#44.0#VAR 601 0 0.818498 0.181502 
 ----> 1.3#6.6#34.0#44.0#VAR 602 0 0.808893 0.191107 
 ----> 1.3#6.6#34.0#44.0#VAR 603 0 0.809065 0.190935 
 ----> 1.3#6.6#34.0#44.0#VAR 604 1 0.79882 0.20118 
 ----> 1.3#6.6#34.0#44.0#VAR 605 0 0.804098 0.195902 
 ----> 1.3#6.6#34.0#44.0#VAR 606 0 0.80571 0.19429 
 ----> 1.3#6.6#34.0#44.0#VAR 607 0 0.809352 0.190648 
 ----> 1.3#6.6#34.0#44.0#VAR 608 0 0.798853 0.201147 
 ----> 1.3#6.6#34.0#44.0#VAR 609 0 0.817681 0.182319 
 ----> 1.3#6.6#34.0#44.0#VAR 610 0 0.80439 0.19561 
 ----> 1.3#6.6#34.0#44.0#VAR 611 0 0.802671 0.197329 
 ----> 1.3#6.6#34.0#44.0#VAR 612 1 0.793152 0.206848 
 ----> 1.3#6.6#34.0#44.0#VAR 613 0 0.803667 0.196333 
 ----> 1.3#6.6#34.0#44.0#VAR 614 0 0.807977 0.192023 
 ----> 1.3#6.6#34.0#44.0#VAR 615 0 0.80424 0.19576 
 ----> 1.3#6.6#34.0#44.0#VAR 616 1 0.797593 0.202407 
 ----> 1.3#6.6#34.0#44.0#VAR 617 0 0.813062 0.186938 
 ----> 1.3#6.6#34.0#44.0#VAR 618 0 0.805876 0.194124 
 ----> 1.3#6.6#34.0#44.0#VAR 619 0 0.822357 0.177643 
 ----> 1.3#6.6#34.0#44.0#VAR 620 0 0.808413 0.191587 
 ----> 1.3#6.6#34.0#44.0#VAR 621 0 0.814177 0.185823 
 ----> 1.3#6.6#34.0#44.0#VAR 622 0 0.815015 0.184985 
 ----> 1.3#6.6#34.0#44.0#VAR 623 1 0.789237 0.210763 
 ----> 1.3#6.6#34.0#44.0#VAR 624 0 0.805617 0.194383 
 ----> 1.3#6.6#34.0#44.0#VAR 625 0 0.813817 0.186183 
 ----> 1.3#6.6#34.0#44.0#VAR 626 0 0.821788 0.178212 
 ----> 1.3#6.6#34.0#44.0#VAR 627 0 0.806073 0.193927 
 ----> 1.3#6.6#34.0#44.0#VAR 628 0 0.815599 0.184401 
 ----> 1.3#6.6#34.0#44.0#VAR 629 0 0.809678 0.190322 
 ----> 1.3#6.6#34.0#44.0#VAR 630 0 0.811151 0.188849 
 ----> 1.3#6.6#34.0#44.0#VAR 631 0 0.807999 0.192001 
 ----> 1.3#6.6#34.0#44.0#VAR 632 0 0.806796 0.193204 
 ----> 1.3#6.6#34.0#44.0#VAR 633 0 0.802378 0.197622 
 ----> 1.3#6.6#34.0#44.0#VAR 634 1 0.80753 0.19247 
 ----> 1.3#6.6#34.0#44.0#VAR 635 1 0.780972 0.219028 
 ----> 1.3#6.6#34.0#44.0#VAR 636 0 0.817133 0.182867 
 ----> 1.3#6.6#34.0#44.0#VAR 637 0 0.811646 0.188354 
 ----> 1.3#6.6#34.0#44.0#VAR 638 0 0.811274 0.188726 
 ----> 1.3#6.6#34.0#44.0#VAR 639 0 0.805842 0.194158 
 ----> 1.3#6.6#34.0#44.0#VAR 640 0 0.805637 0.194363 
 ----> 1.3#6.6#34.0#44.0#VAR 641 0 0.814905 0.185095 
 ----> 1.3#6.6#34.0#44.0#VAR 642 0 0.82124 0.17876 
 ----> 1.3#6.6#34.0#44.0#VAR 643 0 0.805215 0.194785 
 ----> 1.3#6.6#34.0#44.0#VAR 644 0 0.807911 0.192089 
 ----> 1.3#6.6#34.0#44.0#VAR 645 0 0.808641 0.191359 
 ----> 1.3#6.6#34.0#44.0#VAR 646 1 0.801673 0.198327 
 ----> 1.3#6.6#34.0#44.0#VAR 647 0 0.806519 0.193481 
 ----> 1.3#6.6#34.0#44.0#VAR 648 0 0.807545 0.192455 
 ----> 1.3#6.6#34.0#44.0#VAR 649 1 0.797005 0.202995 
 ----> 1.3#6.6#34.0#44.0#VAR 650 0 0.803719 0.196281 
 ----> 1.3#6.6#34.0#44.0#VAR 651 0 0.806972 0.193028 
 ----> 1.3#6.6#34.0#44.0#VAR 652 0 0.806016 0.193984 
 ----> 1.3#6.6#34.0#44.0#VAR 653 0 0.811209 0.188791 
 ----> 1.3#6.6#34.0#44.0#VAR 654 0 0.810949 0.189051 
 ----> 1.3#6.6#34.0#44.0#VAR 655 0 0.822824 0.177176 
 ----> 1.3#6.6#34.0#44.0#VAR 656 0 0.817465 0.182535 
 ----> 1.3#6.6#34.0#44.0#VAR 657 0 0.820292 0.179708 
 ----> 1.3#6.6#34.0#44.0#VAR 658 0 0.824633 0.175367 
 ----> 1.3#6.6#34.0#44.0#VAR 659 0 0.81308 0.18692 
 ----> 1.3#6.6#34.0#44.0#VAR 660 0 0.802333 0.197667 
 ----> 1.3#6.6#34.0#44.0#VAR 661 0 0.804754 0.195246 
 ----> 1.3#6.6#34.0#44.0#VAR 662 1 0.805156 0.194844 
 ----> 1.3#6.6#34.0#44.0#VAR 663 0 0.816595 0.183405 
 ----> 1.3#6.6#34.0#44.0#VAR 664 0 0.819646 0.180354 
 ----> 1.3#6.6#34.0#44.0#VAR 665 0 0.809948 0.190052 
 ----> 1.3#6.6#34.0#44.0#VAR 666 0 0.819342 0.180658 
 ----> 1.3#6.6#34.0#44.0#VAR 667 0 0.813545 0.186455 
 ----> 1.3#6.6#34.0#44.0#VAR 668 0 0.81753 0.18247 
 ----> 1.3#6.6#34.0#44.0#VAR 669 0 0.801762 0.198238 
 ----> 1.3#6.6#34.0#44.0#VAR 670 0 0.810329 0.189671 
 ----> 1.3#6.6#34.0#44.0#VAR 671 0 0.809351 0.190649 
 ----> 1.3#6.6#34.0#44.0#VAR 672 0 0.810971 0.189029 
 ----> 1.3#6.6#34.0#44.0#VAR 673 0 0.806099 0.193901 
 ----> 1.3#6.6#34.0#44.0#VAR 674 0 0.801981 0.198019 
 ----> 1.3#6.6#34.0#44.0#VAR 675 0 0.81087 0.18913 
 ----> 1.3#6.6#34.0#44.0#VAR 676 0 0.802732 0.197268 
 ----> 1.3#6.6#34.0#44.0#VAR 677 0 0.808341 0.191659 
 ----> 1.3#6.6#34.0#44.0#VAR 678 0 0.809763 0.190237 
 ----> 1.3#6.6#34.0#44.0#VAR 679 0 0.815496 0.184504 
 ----> 1.3#6.6#34.0#44.0#VAR 680 0 0.813673 0.186327 
 ----> 1.3#6.6#34.0#44.0#VAR 681 0 0.806647 0.193353 
 ----> 1.3#6.6#34.0#44.0#VAR 682 0 0.802277 0.197723 
 ----> 1.3#6.6#34.0#44.0#VAR 683 0 0.806452 0.193548 
 ----> 1.3#6.6#34.0#44.0#VAR 684 0 0.80614 0.19386 
 ----> 1.3#6.6#34.0#44.0#VAR 685 0 0.807467 0.192533 
 ----> 1.3#6.6#34.0#44.0#VAR 686 0 0.810508 0.189492 
 ----> 1.3#6.6#34.0#44.0#VAR 687 0 0.808156 0.191844 
 ----> 1.3#6.6#34.0#44.0#VAR 688 1 0.801342 0.198658 
 ----> 1.3#6.6#34.0#44.0#VAR 689 0 0.81335 0.18665 
 ----> 1.3#6.6#34.0#44.0#VAR 690 0 0.801973 0.198027 
 ----> 1.3#6.6#34.0#44.0#VAR 691 0 0.797883 0.202117 
 ----> 1.3#6.6#34.0#44.0#VAR 692 0 0.817026 0.182974 
 ----> 1.3#6.6#34.0#44.0#VAR 693 0 0.807777 0.192223 
 ----> 1.3#6.6#34.0#44.0#VAR 694 0 0.80975 0.19025 
 ----> 1.3#6.6#34.0#44.0#VAR 695 0 0.802772 0.197228 
 ----> 1.3#6.6#34.0#44.0#VAR 696 0 0.819106 0.180894 
 ----> 1.3#6.6#34.0#44.0#VAR 697 0 0.814758 0.185242 
 ----> 1.3#6.6#34.0#44.0#VAR 698 0 0.819581 0.180419 
 ----> 1.3#6.6#34.0#44.0#VAR 699 0 0.817904 0.182096 
 ----> 1.3#6.6#34.0#44.0#VAR 700 0 0.812301 0.187699 
 ----> 1.3#6.6#34.0#44.0#VAR 701 1 0.793822 0.206178 
 ----> 1.3#6.6#34.0#44.0#VAR 702 1 0.80929 0.19071 
 ----> 1.3#6.6#34.0#44.0#VAR 703 1 0.792773 0.207227 
 ----> 1.3#6.6#34.0#44.0#VAR 704 0 0.809943 0.190057 
 ----> 1.3#6.6#34.0#44.0#VAR 705 0 0.80844 0.19156 
 ----> 1.3#6.6#34.0#44.0#VAR 706 0 0.788124 0.211876 
 ----> 1.3#6.6#34.0#44.0#VAR 707 0 0.814741 0.185259 
 ----> 1.3#6.6#34.0#44.0#VAR 708 0 0.801915 0.198085 
 ----> 1.3#6.6#34.0#44.0#VAR 709 0 0.804569 0.195431 
 ----> 1.3#6.6#34.0#44.0#VAR 710 0 0.812112 0.187888 
 ----> 1.3#6.6#34.0#44.0#VAR 711 0 0.804295 0.195705 
 ----> 1.3#6.6#34.0#44.0#VAR 712 0 0.802943 0.197057 
 ----> 1.3#6.6#34.0#44.0#VAR 713 1 0.808292 0.191708 
 ----> 1.3#6.6#34.0#44.0#VAR 714 0 0.808588 0.191412 
 ----> 1.3#6.6#34.0#44.0#VAR 715 0 0.818706 0.181294 
 ----> 1.3#6.6#34.0#44.0#VAR 716 0 0.809774 0.190226 
 ----> 1.3#6.6#34.0#44.0#VAR 717 1 0.80024 0.19976 
 ----> 1.3#6.6#34.0#44.0#VAR 718 1 0.799975 0.200025 
 ----> 1.3#6.6#34.0#44.0#VAR 719 0 0.811488 0.188512 
 ----> 1.3#6.6#34.0#44.0#VAR 720 0 0.800804 0.199196 
 ----> 1.3#6.6#34.0#44.0#VAR 721 0 0.800713 0.199287 
 ----> 1.3#6.6#34.0#44.0#VAR 722 0 0.806517 0.193483 
 ----> 1.3#6.6#34.0#44.0#VAR 723 0 0.809838 0.190162 
 ----> 1.3#6.6#34.0#44.0#VAR 724 1 0.801606 0.198394 
 ----> 1.3#6.6#34.0#44.0#VAR 725 0 0.810701 0.189299 
 ----> 1.3#6.6#34.0#44.0#VAR 726 0 0.796894 0.203106 
 ----> 1.3#6.6#34.0#44.0#VAR 727 0 0.807467 0.192533 
 ----> 1.3#6.6#34.0#44.0#VAR 728 0 0.80789 0.19211 
 ----> 1.3#6.6#34.0#44.0#VAR 729 1 0.790547 0.209453 
 ----> 1.3#6.6#34.0#44.0#VAR 730 0 0.799397 0.200603 
 ----> 1.3#6.6#34.0#44.0#VAR 731 0 0.805939 0.194061 
 ----> 1.3#6.6#34.0#44.0#VAR 732 0 0.800514 0.199486 
 ----> 1.3#6.6#34.0#44.0#VAR 733 1 0.78705 0.21295 
 ----> 1.3#6.6#34.0#44.0#VAR 734 0 0.794782 0.205218 
 ----> 1.3#6.6#34.0#44.0#VAR 735 0 0.802477 0.197523 
 ----> 1.3#6.6#34.0#44.0#VAR 736 0 0.798679 0.201321 
 ----> 1.3#6.6#34.0#44.0#VAR 737 0 0.815778 0.184222 
 ----> 1.3#6.6#34.0#44.0#VAR 738 1 0.797637 0.202363 
 ----> 1.3#6.6#34.0#44.0#VAR 739 0 0.810426 0.189574 
 ----> 1.3#6.6#34.0#44.0#VAR 740 0 0.793431 0.206569 
 ----> 1.3#6.6#34.0#44.0#VAR 741 0 0.813818 0.186182 
 ----> 1.3#6.6#34.0#44.0#VAR 742 0 0.808213 0.191787 
 ----> 1.3#6.6#34.0#44.0#VAR 743 1 0.803101 0.196899 
 ----> 1.3#6.6#34.0#44.0#VAR 744 1 0.790565 0.209435 
 ----> 1.3#6.6#34.0#44.0#VAR 745 0 0.80918 0.19082 
 ----> 1.3#6.6#34.0#44.0#VAR 746 0 0.800828 0.199172 
 ----> 1.3#6.6#34.0#44.0#VAR 747 0 0.808504 0.191496 
 ----> 1.3#6.6#34.0#44.0#VAR 748 0 0.794711 0.205289 
 ----> 1.3#6.6#34.0#44.0#VAR 749 0 0.801594 0.198406 
 ----> 1.3#6.6#34.0#44.0#VAR 750 0 0.80145 0.19855 
 ----> 1.3#6.6#34.0#44.0#VAR 751 0 0.812813 0.187187 
 ----> 1.3#6.6#34.0#44.0#VAR 752 1 0.789743 0.210257 
 ----> 1.3#6.6#34.0#44.0#VAR 753 0 0.810245 0.189755 
 ----> 1.3#6.6#34.0#44.0#VAR 754 1 0.80056 0.19944 
 ----> 1.3#6.6#34.0#44.0#VAR 755 0 0.811735 0.188265 
 ----> 1.3#6.6#34.0#44.0#VAR 756 1 0.802034 0.197966 
 ----> 1.3#6.6#34.0#44.0#VAR 757 0 0.811708 0.188292 
 ----> 1.3#6.6#34.0#44.0#VAR 758 0 0.795766 0.204234 
 ----> 1.3#6.6#34.0#44.0#VAR 759 0 0.810714 0.189286 
 ----> 1.3#6.6#34.0#44.0#VAR 760 0 0.800431 0.199569 
 ----> 1.3#6.6#34.0#44.0#VAR 761 0 0.81802 0.18198 
 ----> 1.3#6.6#34.0#44.0#VAR 762 0 0.806523 0.193477 
 ----> 1.3#6.6#34.0#44.0#VAR 763 0 0.806799 0.193201 
 ----> 1.3#6.6#34.0#44.0#VAR 764 1 0.7845 0.2155 
 ----> 1.3#6.6#34.0#44.0#VAR 765 0 0.818838 0.181162 
 ----> 1.3#6.6#34.0#44.0#VAR 766 1 0.793738 0.206262 
 ----> 1.3#6.6#34.0#44.0#VAR 767 0 0.799439 0.200561 
 ----> 1.3#6.6#34.0#44.0#VAR 768 0 0.803561 0.196439 
 ----> 1.3#6.6#34.0#44.0#VAR 769 0 0.809664 0.190336 
 ----> 1.3#6.6#34.0#44.0#VAR 770 0 0.806157 0.193843 
 ----> 1.3#6.6#34.0#44.0#VAR 771 0 0.81032 0.18968 
 ----> 1.3#6.6#34.0#44.0#VAR 772 0 0.797755 0.202245 
 ----> 1.3#6.6#34.0#44.0#VAR 773 0 0.810993 0.189007 
 ----> 1.3#6.6#34.0#44.0#VAR 774 0 0.806669 0.193331 
 ----> 1.3#6.6#34.0#44.0#VAR 775 0 0.805097 0.194903 
 ----> 1.3#6.6#34.0#44.0#VAR 776 0 0.793438 0.206562 
 ----> 1.3#6.6#34.0#44.0#VAR 777 0 0.807856 0.192144 
 ----> 1.3#6.6#34.0#44.0#VAR 778 1 0.784689 0.215311 
 ----> 1.3#6.6#34.0#44.0#VAR 779 1 0.746435 0.253565 
 ----> 1.3#6.6#34.0#44.0#VAR 780 0 0.822001 0.177999 
 ----> 1.3#6.6#34.0#44.0#VAR 781 0 0.80739 0.19261 
 ----> 1.3#6.6#34.0#44.0#VAR 782 0 0.812585 0.187415 
 ----> 1.3#6.6#34.0#44.0#VAR 783 0 0.810668 0.189332 
 ----> 1.3#6.6#34.0#44.0#VAR 784 0 0.801094 0.198906 
 ----> 1.3#6.6#34.0#44.0#VAR 785 0 0.811175 0.188825 
 ----> 1.3#6.6#34.0#44.0#VAR 786 1 0.792359 0.207641 
 ----> 1.3#6.6#34.0#44.0#VAR 787 0 0.806377 0.193623 
 ----> 1.3#6.6#34.0#44.0#VAR 788 0 0.794702 0.205298 
 ----> 1.3#6.6#34.0#44.0#VAR 789 0 0.813345 0.186655 
 ----> 1.3#6.6#34.0#44.0#VAR 790 0 0.807845 0.192155 
 ----> 1.3#6.6#34.0#44.0#VAR 791 0 0.809869 0.190131 
 ----> 1.3#6.6#34.0#44.0#VAR 792 0 0.813006 0.186994 
 ----> 1.3#6.6#34.0#44.0#VAR 793 0 0.805321 0.194679 
 ----> 1.3#6.6#34.0#44.0#VAR 794 0 0.802518 0.197482 
 ----> 1.3#6.6#34.0#44.0#VAR 795 0 0.803757 0.196243 
 ----> 1.3#6.6#34.0#44.0#VAR 796 1 0.784371 0.215629 
 ----> 1.3#6.6#34.0#44.0#VAR 797 0 0.817473 0.182527 
 ----> 1.3#6.6#34.0#44.0#VAR 798 0 0.80408 0.19592 
 ----> 1.3#6.6#34.0#44.0#VAR 799 0 0.814458 0.185542 
 ----> 1.3#6.6#34.0#44.0#VAR 800 0 0.813154 0.186846 
 ----> 1.3#6.6#34.0#44.0#VAR 801 0 0.796225 0.203775 
 ----> 1.3#6.6#34.0#44.0#VAR 802 0 0.803719 0.196281 
 ----> 1.3#6.6#34.0#44.0#VAR 803 0 0.815156 0.184844 
 ----> 1.3#6.6#34.0#44.0#VAR 804 0 0.802498 0.197502 
 ----> 1.3#6.6#34.0#44.0#VAR 805 0 0.800767 0.199233 
 ----> 1.3#6.6#34.0#44.0#VAR 806 0 0.805638 0.194362 
 ----> 1.3#6.6#34.0#44.0#VAR 807 1 0.800425 0.199575 
 ----> 1.3#6.6#34.0#44.0#VAR 808 0 0.787348 0.212652 
 ----> 1.3#6.6#34.0#44.0#VAR 809 0 0.813147 0.186853 
 ----> 1.3#6.6#34.0#44.0#VAR 810 0 0.794456 0.205544 
 ----> 1.3#6.6#34.0#44.0#VAR 811 1 0.775394 0.224606 
 ----> 1.3#6.6#34.0#44.0#VAR 812 1 0.758271 0.241729 
 ----> 1.3#6.6#34.0#44.0#VAR 813 0 0.803284 0.196716 
 ----> 1.3#6.6#34.0#44.0#VAR 814 0 0.799074 0.200926 
 ----> 1.3#6.6#34.0#44.0#VAR 815 1 0.796749 0.203251 
 ----> 1.3#6.6#34.0#44.0#VAR 816 0 0.798061 0.201939 
 ----> 1.3#6.6#34.0#44.0#VAR 817 1 0.775616 0.224384 
 ----> 1.3#6.6#34.0#44.0#VAR 818 0 0.792753 0.207247 
 ----> 1.3#6.6#34.0#44.0#VAR 819 0 0.792987 0.207013 
 ----> 1.3#6.6#34.0#44.0#VAR 820 0 0.802994 0.197006 
 ----> 1.3#6.6#34.0#44.0#VAR 821 0 0.806973 0.193027 
 ----> 1.3#6.6#34.0#44.0#VAR 822 0 0.800465 0.199535 
 ----> 1.3#6.6#34.0#44.0#VAR 823 0 0.804822 0.195178 
 ----> 1.3#6.6#34.0#44.0#VAR 824 0 0.814637 0.185363 
 ----> 1.3#6.6#34.0#44.0#VAR 825 0 0.811907 0.188093 
 ----> 1.3#6.6#34.0#44.0#VAR 826 1 0.796345 0.203655 
 ----> 1.3#6.6#34.0#44.0#VAR 827 1 0.789328 0.210672 
 ----> 1.3#6.6#34.0#44.0#VAR 828 0 0.810205 0.189795 
 ----> 1.3#6.6#34.0#44.0#VAR 829 1 0.76794 0.23206 
 ----> 1.3#6.6#34.0#44.0#VAR 830 0 0.79852 0.20148 
 ----> 1.3#6.6#34.0#44.0#VAR 831 0 0.81656 0.18344 
 ----> 1.3#6.6#34.0#44.0#VAR 832 0 0.798313 0.201687 
 ----> 1.3#6.6#34.0#44.0#VAR 833 0 0.794371 0.205629 
 ----> 1.3#6.6#34.0#44.0#VAR 834 1 0.79315 0.20685 
 ----> 1.3#6.6#34.0#44.0#VAR 835 1 0.794474 0.205526 
 ----> 1.3#6.6#34.0#44.0#VAR 836 1 0.797345 0.202655 
 ----> 1.3#6.6#34.0#44.0#VAR 837 0 0.79957 0.20043 
 ----> 1.3#6.6#34.0#44.0#VAR 838 1 0.799188 0.200812 
 ----> 1.3#6.6#34.0#44.0#VAR 839 0 0.791456 0.208544 
 ----> 1.3#6.6#34.0#44.0#VAR 840 0 0.799975 0.200025 
 ----> 1.3#6.6#34.0#44.0#VAR 841 0 0.79338 0.20662 
 ----> 1.3#6.6#34.0#44.0#VAR 842 1 0.792088 0.207912 
 ----> 1.3#6.6#34.0#44.0#VAR 843 0 0.816679 0.183321 
 ----> 1.3#6.6#34.0#44.0#VAR 844 0 0.799061 0.200939 
 ----> 1.3#6.6#34.0#44.0#VAR 845 0 0.787654 0.212346 
 ----> 1.3#6.6#34.0#44.0#VAR 846 0 0.79737 0.20263 
 ----> 1.3#6.6#34.0#44.0#VAR 847 1 0.780534 0.219466 
 ----> 1.3#6.6#34.0#44.0#VAR 848 0 0.812891 0.187109 
 ----> 1.3#6.6#34.0#44.0#VAR 849 0 0.782741 0.217259 
 ----> 1.3#6.6#34.0#44.0#VAR 850 1 0.798516 0.201484 
 ----> 1.3#6.6#34.0#44.0#VAR 851 0 0.799471 0.200529 
 ----> 1.3#6.6#34.0#44.0#VAR 852 1 0.804875 0.195125 
 ----> 1.3#6.6#34.0#44.0#VAR 853 1 0.797274 0.202726 
 ----> 1.3#6.6#34.0#44.0#VAR 854 0 0.809114 0.190886 
 ----> 1.3#6.6#34.0#44.0#VAR 855 0 0.803228 0.196772 
 ----> 1.3#6.6#34.0#44.0#VAR 856 0 0.805539 0.194461 
 ----> 1.3#6.6#34.0#44.0#VAR 857 0 0.807703 0.192297 
 ----> 1.3#6.6#34.0#44.0#VAR 858 0 0.791037 0.208963 
 ----> 1.3#6.6#34.0#44.0#VAR 859 0 0.786837 0.213163 
 ----> 1.3#6.6#34.0#44.0#VAR 860 0 0.805973 0.194027 
 ----> 1.3#6.6#34.0#44.0#VAR 861 1 0.785422 0.214578 
 ----> 1.3#6.6#34.0#44.0#VAR 862 1 0.788201 0.211799 
 ----> 1.3#6.6#34.0#44.0#VAR 863 1 0.774461 0.225539 
 ----> 1.3#6.6#34.0#44.0#VAR 864 0 0.800996 0.199004 
 ----> 1.3#6.6#34.0#44.0#VAR 865 0 0.809436 0.190564 
 ----> 1.3#6.6#34.0#44.0#VAR 866 0 0.800258 0.199742 
 ----> 1.3#6.6#34.0#44.0#VAR 867 1 0.791496 0.208504 
 ----> 1.3#6.6#34.0#44.0#VAR 868 0 0.79186 0.20814 
 ----> 1.3#6.6#34.0#44.0#VAR 869 0 0.794358 0.205642 
 ----> 1.3#6.6#34.0#44.0#VAR 870 1 0.801723 0.198277 
 ----> 1.3#6.6#34.0#44.0#VAR 871 1 0.79884 0.20116 
 ----> 1.3#6.6#34.0#44.0#VAR 872 0 0.804612 0.195388 
 ----> 1.3#6.6#34.0#44.0#VAR 873 0 0.807129 0.192871 
 ----> 1.3#6.6#34.0#44.0#VAR 874 0 0.805224 0.194776 
 ----> 1.3#6.6#34.0#44.0#VAR 875 0 0.802054 0.197946 
 ----> 1.3#6.6#34.0#44.0#VAR 876 0 0.81232 0.18768 
 ----> 1.3#6.6#34.0#44.0#VAR 877 0 0.80373 0.19627 
 ----> 1.3#6.6#34.0#44.0#VAR 878 1 0.787453 0.212547 
 ----> 1.3#6.6#34.0#44.0#VAR 879 1 0.802389 0.197611 
 ----> 1.3#6.6#34.0#44.0#VAR 880 0 0.790514 0.209486 
 ----> 1.3#6.6#34.0#44.0#VAR 881 0 0.812489 0.187511 
 ----> 1.3#6.6#34.0#44.0#VAR 882 1 0.783487 0.216513 
 ----> 1.3#6.6#34.0#44.0#VAR 883 0 0.801861 0.198139 
 ----> 1.3#6.6#34.0#44.0#VAR 884 0 0.803333 0.196667 
 ----> 1.3#6.6#34.0#44.0#VAR 885 0 0.797967 0.202033 
 ----> 1.3#6.6#34.0#44.0#VAR 886 0 0.793392 0.206608 
 ----> 1.3#6.6#34.0#44.0#VAR 887 0 0.807508 0.192492 
 ----> 1.3#6.6#34.0#44.0#VAR 888 1 0.783127 0.216873 
 ----> 1.3#6.6#34.0#44.0#VAR 889 0 0.801607 0.198393 
 ----> 1.3#6.6#34.0#44.0#VAR 890 0 0.795483 0.204517 
 ----> 1.3#6.6#34.0#44.0#VAR 891 1 0.735311 0.264689 
 ----> 1.3#6.6#34.0#44.0#VAR 892 0 0.80925 0.19075 
 ----> 1.3#6.6#34.0#44.0#VAR 893 0 0.805854 0.194146 
 ----> 1.3#6.6#34.0#44.0#VAR 894 0 0.788939 0.211061 
 ----> 1.3#6.6#34.0#44.0#VAR 895 1 0.784239 0.215761 
 ----> 1.3#6.6#34.0#44.0#VAR 896 1 0.791772 0.208228 
 ----> 1.3#6.6#34.0#44.0#VAR 897 0 0.806188 0.193812 
 ----> 1.3#6.6#34.0#44.0#VAR 898 0 0.796646 0.203354 
 ----> 1.3#6.6#34.0#44.0#VAR 899 0 0.798975 0.201025 
 ----> 1.3#6.6#34.0#44.0#VAR 900 0 0.796402 0.203598 
 ----> 1.3#6.6#34.0#44.0#VAR 901 0 0.79612 0.20388 
 ----> 1.3#6.6#34.0#44.0#VAR 902 1 0.768349 0.231651 
 ----> 1.3#6.6#34.0#44.0#VAR 903 0 0.784489 0.215511 
 ----> 1.3#6.6#34.0#44.0#VAR 904 0 0.793732 0.206268 
 ----> 1.3#6.6#34.0#44.0#VAR 905 0 0.788703 0.211297 
 ----> 1.3#6.6#34.0#44.0#VAR 906 0 0.790526 0.209474 
 ----> 1.3#6.6#34.0#44.0#VAR 907 1 0.79576 0.20424 
 ----> 1.3#6.6#34.0#44.0#VAR 908 0 0.795314 0.204686 
 ----> 1.3#6.6#34.0#44.0#VAR 909 0 0.801246 0.198754 
 ----> 1.3#6.6#34.0#44.0#VAR 910 0 0.796628 0.203372 
 ----> 1.3#6.6#34.0#44.0#VAR 911 0 0.792346 0.207654 
 ----> 1.3#6.6#34.0#44.0#VAR 912 0 0.801425 0.198575 
 ----> 1.3#6.6#34.0#44.0#VAR 913 0 0.801826 0.198174 
 ----> 1.3#6.6#34.0#44.0#VAR 914 1 0.786651 0.213349 
 ----> 1.3#6.6#34.0#44.0#VAR 915 0 0.7939 0.2061 
 ----> 1.3#6.6#34.0#44.0#VAR 916 0 0.78767 0.21233 
 ----> 1.3#6.6#34.0#44.0#VAR 917 0 0.788689 0.211311 
 ----> 1.3#6.6#34.0#44.0#VAR 918 1 0.78456 0.21544 
 ----> 1.3#6.6#34.0#44.0#VAR 919 1 0.767083 0.232917 
 ----> 1.3#6.6#34.0#44.0#VAR 920 1 0.771513 0.228487 
 ----> 1.3#6.6#34.0#44.0#VAR 921 0 0.802819 0.197181 
 ----> 1.3#6.6#34.0#44.0#VAR 922 1 0.75661 0.24339 
 ----> 1.3#6.6#34.0#44.0#VAR 923 0 0.782877 0.217123 
 ----> 1.3#6.6#34.0#44.0#VAR 924 0 0.794326 0.205674 
 ----> 1.3#6.6#34.0#44.0#VAR 925 0 0.796106 0.203894 
 ----> 1.3#6.6#34.0#44.0#VAR 926 0 0.810686 0.189314 
 ----> 1.3#6.6#34.0#44.0#VAR 927 0 0.799123 0.200877 
 ----> 1.3#6.6#34.0#44.0#VAR 928 0 0.819197 0.180803 
 ----> 1.3#6.6#34.0#44.0#VAR 929 0 0.777241 0.222759 
 ----> 1.3#6.6#34.0#44.0#VAR 930 1 0.777539 0.222461 
 ----> 1.3#6.6#34.0#44.0#VAR 931 1 0.781602 0.218398 
 ----> 1.3#6.6#34.0#44.0#VAR 932 0 0.795567 0.204433 
 ----> 1.3#6.6#34.0#44.0#VAR 933 1 0.785992 0.214008 
 ----> 1.3#6.6#34.0#44.0#VAR 934 1 0.768591 0.231409 
 ----> 1.3#6.6#34.0#44.0#VAR 935 1 0.789738 0.210262 
 ----> 1.3#6.6#34.0#44.0#VAR 936 0 0.785126 0.214874 
 ----> 1.3#6.6#34.0#44.0#VAR 937 1 0.753572 0.246428 
 ----> 1.3#6.6#34.0#44.0#VAR 938 0 0.809011 0.190989 
 ----> 1.3#6.6#34.0#44.0#VAR 939 0 0.777136 0.222864 
 ----> 1.3#6.6#34.0#44.0#VAR 940 0 0.806979 0.193021 
 ----> 1.3#6.6#34.0#44.0#VAR 941 1 0.774575 0.225425 
 ----> 1.3#6.6#34.0#44.0#VAR 942 1 0.787632 0.212368 
 ----> 1.3#6.6#34.0#44.0#VAR 943 0 0.798644 0.201356 
 ----> 1.3#6.6#34.0#44.0#VAR 944 0 0.795631 0.204369 
 ----> 1.3#6.6#34.0#44.0#VAR 945 0 0.785136 0.214864 
 ----> 1.3#6.6#34.0#44.0#VAR 946 0 0.799084 0.200916 
 ----> 1.3#6.6#34.0#44.0#VAR 947 1 0.778156 0.221844 
 ----> 1.3#6.6#34.0#44.0#VAR 948 0 0.785489 0.214511 
 ----> 1.3#6.6#34.0#44.0#VAR 949 0 0.801377 0.198623 
 ----> 1.3#6.6#34.0#44.0#VAR 950 1 0.787077 0.212923 
 ----> 1.3#6.6#34.0#44.0#VAR 951 1 0.769667 0.230333 
 ----> 1.3#6.6#34.0#44.0#VAR 952 0 0.804228 0.195772 
 ----> 1.3#6.6#34.0#44.0#VAR 953 0 0.80236 0.19764 
 ----> 1.3#6.6#34.0#44.0#VAR 954 0 0.798146 0.201854 
 ----> 1.3#6.6#34.0#44.0#VAR 955 0 0.801464 0.198536 
 ----> 1.3#6.6#34.0#44.0#VAR 956 1 0.798044 0.201956 
 ----> 1.3#6.6#34.0#44.0#VAR 957 0 0.788884 0.211116 
 ----> 1.3#6.6#34.0#44.0#VAR 958 0 0.796341 0.203659 
 ----> 1.3#6.6#34.0#44.0#VAR 959 0 0.797063 0.202937 
 ----> 1.3#6.6#34.0#44.0#VAR 960 1 0.793012 0.206988 
 ----> 1.3#6.6#34.0#44.0#VAR 961 0 0.800161 0.199839 
 ----> 1.3#6.6#34.0#44.0#VAR 962 0 0.788723 0.211277 
 ----> 1.3#6.6#34.0#44.0#VAR 963 0 0.804736 0.195264 
 ----> 1.3#6.6#34.0#44.0#VAR 964 1 0.764525 0.235475 
 ----> 1.3#6.6#34.0#44.0#VAR 965 0 0.795755 0.204245 
 ----> 1.3#6.6#34.0#44.0#VAR 966 0 0.773122 0.226878 
 ----> 1.3#6.6#34.0#44.0#VAR 967 1 0.792545 0.207455 
 ----> 1.3#6.6#34.0#44.0#VAR 968 1 0.787593 0.212407 
 ----> 1.3#6.6#34.0#44.0#VAR 969 0 0.801297 0.198703 
 ----> 1.3#6.6#34.0#44.0#VAR 970 0 0.801125 0.198875 
 ----> 1.3#6.6#34.0#44.0#VAR 971 0 0.805996 0.194004 
 ----> 1.3#6.6#34.0#44.0#VAR 972 0 0.808785 0.191215 
 ----> 1.3#6.6#34.0#44.0#VAR 973 0 0.809986 0.190014 
 ----> 1.3#6.6#34.0#44.0#VAR 974 1 0.79279 0.20721 
 ----> 1.3#6.6#34.0#44.0#VAR 975 0 0.761894 0.238106 
 ----> 1.3#6.6#34.0#44.0#VAR 976 0 0.789482 0.210518 
 ----> 1.3#6.6#34.0#44.0#VAR 977 0 0.79783 0.20217 
 ----> 1.3#6.6#34.0#44.0#VAR 978 0 0.784927 0.215073 
 ----> 1.3#6.6#34.0#44.0#VAR 979 0 0.798751 0.201249 
 ----> 1.3#6.6#34.0#44.0#VAR 980 0 0.813928 0.186072 
 ----> 1.3#6.6#34.0#44.0#VAR 981 1 0.80544 0.19456 
 ----> 1.3#6.6#34.0#44.0#VAR 982 0 0.808492 0.191508 
 ----> 1.3#6.6#34.0#44.0#VAR 983 0 0.807099 0.192901 
 ----> 1.3#6.6#34.0#44.0#VAR 984 0 0.801425 0.198575 
 ----> 1.3#6.6#34.0#44.0#VAR 985 0 0.7782 0.2218 
 ----> 1.3#6.6#34.0#44.0#VAR 986 0 0.786468 0.213532 
 ----> 1.3#6.6#34.0#44.0#VAR 987 0 0.812411 0.187589 
 ----> 1.3#6.6#34.0#44.0#VAR 988 1 0.771849 0.228151 
 ----> 1.3#6.6#34.0#44.0#VAR 989 1 0.795271 0.204729 
 ----> 1.3#6.6#34.0#44.0#VAR 990 0 0.783115 0.216885 
 ----> 1.3#6.6#34.0#44.0#VAR 991 1 0.767321 0.232679 
 ----> 1.3#6.6#34.0#44.0#VAR 992 1 0.776394 0.223606 
 ----> 1.3#6.6#34.0#44.0#VAR 993 0 0.816473 0.183527 
 ----> 1.3#6.6#34.0#44.0#VAR 994 0 0.778902 0.221098 
 ----> 1.3#6.6#34.0#44.0#VAR 995 0 0.812384 0.187616 
 ----> 1.3#6.6#34.0#44.0#VAR 996 1 0.792381 0.207619 
 ----> 1.3#6.6#34.0#44.0#VAR 997 0 0.807403 0.192597 
 ----> 1.3#6.6#34.0#44.0#VAR 998 0 0.78523 0.21477 
 ----> 1.3#6.6#34.0#44.0#VAR 999 0 0.795004 0.204996 
 ----> 1.3#6.6#34.0#44.0#VAR 1000 0 0.781628 0.218372 
 ----> 1.3#6.6#34.0#44.0#VAR 1001 0 0.800714 0.199286 
 ----> 1.3#6.6#34.0#44.0#VAR 1002 1 0.765635 0.234365 
 ----> 1.3#6.6#34.0#44.0#VAR 1003 0 0.797726 0.202274 
 ----> 1.3#6.6#34.0#44.0#VAR 1004 0 0.811768 0.188232 
 ----> 1.3#6.6#34.0#44.0#VAR 1005 0 0.806811 0.193189 
 ----> 1.3#6.6#34.0#44.0#VAR 1006 0 0.808931 0.191069 
 ----> 1.3#6.6#34.0#44.0#VAR 1007 0 0.788217 0.211783 
 ----> 1.3#6.6#34.0#44.0#VAR 1008 0 0.809127 0.190873 
 ----> 1.3#6.6#34.0#44.0#VAR 1009 0 0.777393 0.222607 
 ----> 1.3#6.6#34.0#44.0#VAR 1010 0 0.807027 0.192973 
 ----> 1.3#6.6#34.0#44.0#VAR 1011 0 0.810924 0.189076 
 ----> 1.3#6.6#34.0#44.0#VAR 1012 0 0.819171 0.180829 
 ----> 1.3#6.6#34.0#44.0#VAR 1013 0 0.802946 0.197054 
 ----> 1.3#6.6#34.0#44.0#VAR 1014 0 0.798901 0.201099 
 ----> 1.3#6.6#34.0#44.0#VAR 1015 0 0.802817 0.197183 
 ----> 1.3#6.6#34.0#44.0#VAR 1016 0 0.791257 0.208743 
 ----> 1.3#6.6#34.0#44.0#VAR 1017 0 0.800626 0.199374 
 ----> 1.3#6.6#34.0#44.0#VAR 1018 0 0.801186 0.198814 
 ----> 1.3#6.6#34.0#44.0#VAR 1019 1 0.766592 0.233408 
 ----> 1.3#6.6#34.0#44.0#VAR 1020 0 0.809866 0.190134 
 ----> 1.3#6.6#34.0#44.0#VAR 1021 1 0.7907 0.2093 
 ----> 1.3#6.6#34.0#44.0#VAR 1022 0 0.790692 0.209308 
 ----> 1.3#6.6#34.0#44.0#VAR 1023 1 0.785251 0.214749 
 ----> 1.3#6.6#34.0#44.0#VAR 1024 0 0.796308 0.203692 
 ----> 1.3#6.6#34.0#44.0#VAR 1025 0 0.805297 0.194703 
 ----> 1.3#6.6#34.0#44.0#VAR 1026 0 0.797452 0.202548 
 ----> 1.3#6.6#34.0#44.0#VAR 1027 0 0.802316 0.197684 
 ----> 1.3#6.6#34.0#44.0#VAR 1028 0 0.801816 0.198184 
 ----> 1.3#6.6#34.0#44.0#VAR 1029 0 0.803858 0.196142 
 ----> 1.3#6.6#34.0#44.0#VAR 1030 0 0.797049 0.202951 
 ----> 1.3#6.6#34.0#44.0#VAR 1031 0 0.80496 0.19504 
 ----> 1.3#6.6#34.0#44.0#VAR 1032 1 0.775435 0.224565 
 ----> 1.3#6.6#34.0#44.0#VAR 1033 0 0.786397 0.213603 
 ----> 1.3#6.6#34.0#44.0#VAR 1034 1 0.788492 0.211508 
 ----> 1.3#6.6#34.0#44.0#VAR 1035 0 0.803566 0.196434 
 ----> 1.3#6.6#34.0#44.0#VAR 1036 0 0.802704 0.197296 
 ----> 1.3#6.6#34.0#44.0#VAR 1037 0 0.803726 0.196274 
 ----> 1.3#6.6#34.0#44.0#VAR 1038 0 0.784652 0.215348 
 ----> 1.3#6.6#34.0#44.0#VAR 1039 0 0.785931 0.214069 
 ----> 1.3#6.6#34.0#44.0#VAR 1040 1 0.773401 0.226599 
 ----> 1.3#6.6#34.0#44.0#VAR 1041 0 0.807201 0.192799 
 ----> 1.3#6.6#34.0#44.0#VAR 1042 0 0.792545 0.207455 
 ----> 1.3#6.6#34.0#44.0#VAR 1043 0 0.801247 0.198753 
 ----> 1.3#6.6#34.0#44.0#VAR 1044 0 0.812348 0.187652 
 ----> 1.3#6.6#34.0#44.0#VAR 1045 0 0.793765 0.206235 
 ----> 1.3#6.6#34.0#44.0#VAR 1046 0 0.793848 0.206152 
 ----> 1.3#6.6#34.0#44.0#VAR 1047 1 0.773684 0.226316 
 ----> 1.3#6.6#34.0#44.0#VAR 1048 0 0.805142 0.194858 
 ----> 1.3#6.6#34.0#44.0#VAR 1049 0 0.787538 0.212462 
 ----> 1.3#6.6#34.0#44.0#VAR 1050 0 0.807034 0.192966 
 ----> 1.3#6.6#34.0#44.0#VAR 1051 0 0.801515 0.198485 
 ----> 1.3#6.6#34.0#44.0#VAR 1052 0 0.808481 0.191519 
 ----> 1.3#6.6#34.0#44.0#VAR 1053 0 0.815766 0.184234 
 ----> 1.3#6.6#34.0#44.0#VAR 1054 0 0.796737 0.203263 
 ----> 1.3#6.6#34.0#44.0#VAR 1055 0 0.802387 0.197613 
 ----> 1.3#6.6#34.0#44.0#VAR 1056 0 0.830915 0.169085 
 ----> 1.3#6.6#34.0#44.0#VAR 1057 1 0.789064 0.210936 
 ----> 1.3#6.6#34.0#44.0#VAR 1058 0 0.800849 0.199151 
 ----> 1.3#6.6#34.0#44.0#VAR 1059 0 0.79036 0.20964 
 ----> 1.3#6.6#34.0#44.0#VAR 1060 0 0.798835 0.201165 
 ----> 1.3#6.6#34.0#44.0#VAR 1061 0 0.804544 0.195456 
 ----> 1.3#6.6#34.0#44.0#VAR 1062 0 0.789314 0.210686 
 ----> 1.3#6.6#34.0#44.0#VAR 1063 0 0.786998 0.213002 
 ----> 1.3#6.6#34.0#44.0#VAR 1064 0 0.793871 0.206129 
 ----> 1.3#6.6#34.0#44.0#VAR 1065 1 0.77433 0.22567 
 ----> 1.3#6.6#34.0#44.0#VAR 1066 1 0.789186 0.210814 
 ----> 1.3#6.6#34.0#44.0#VAR 1067 1 0.804384 0.195616 
 ----> 1.3#6.6#34.0#44.0#VAR 1068 0 0.811343 0.188657 
 ----> 1.3#6.6#34.0#44.0#VAR 1069 0 0.794668 0.205332 
 ----> 1.3#6.6#34.0#44.0#VAR 1070 1 0.802129 0.197871 
 ----> 1.3#6.6#34.0#44.0#VAR 1071 0 0.793226 0.206774 
 ----> 1.3#6.6#34.0#44.0#VAR 1072 0 0.807053 0.192947 
 ----> 1.3#6.6#34.0#44.0#VAR 1073 1 0.760439 0.239561 
 ----> 1.3#6.6#34.0#44.0#VAR 1074 0 0.799645 0.200355 
 ----> 1.3#6.6#34.0#44.0#VAR 1075 0 0.792061 0.207939 
 ----> 1.3#6.6#34.0#44.0#VAR 1076 0 0.79452 0.20548 
 ----> 1.3#6.6#34.0#44.0#VAR 1077 0 0.797958 0.202042 
 ----> 1.3#6.6#34.0#44.0#VAR 1078 0 0.807301 0.192699 
 ----> 1.3#6.6#34.0#44.0#VAR 1079 0 0.814289 0.185711 
 ----> 1.3#6.6#34.0#44.0#VAR 1080 0 0.818177 0.181823 
 ----> 1.3#6.6#34.0#44.0#VAR 1081 1 0.778838 0.221162 
 ----> 1.3#6.6#34.0#44.0#VAR 1082 0 0.81019 0.18981 
 ----> 1.3#6.6#34.0#44.0#VAR 1083 0 0.816107 0.183893 
 ----> 1.3#6.6#34.0#44.0#VAR 1084 0 0.801119 0.198881 
 ----> 1.3#6.6#34.0#44.0#VAR 1085 0 0.815571 0.184429 
 ----> 1.3#6.6#34.0#44.0#VAR 1086 0 0.793114 0.206886 
 ----> 1.3#6.6#34.0#44.0#VAR 1087 1 0.784563 0.215437 
 ----> 1.3#6.6#34.0#44.0#VAR 1088 1 0.783884 0.216116 
 ----> 1.3#6.6#34.0#44.0#VAR 1089 0 0.813115 0.186885 
 ----> 1.3#6.6#34.0#44.0#VAR 1090 0 0.802603 0.197397 
 ----> 1.3#6.6#34.0#44.0#VAR 1091 0 0.810978 0.189022 
 ----> 1.3#6.6#34.0#44.0#VAR 1092 1 0.777522 0.222478 
 ----> 1.3#6.6#34.0#44.0#VAR 1093 0 0.792558 0.207442 
 ----> 1.3#6.6#34.0#44.0#VAR 1094 0 0.809795 0.190205 
 ----> 1.3#6.6#34.0#44.0#VAR 1095 1 0.780192 0.219808 
 ----> 1.3#6.6#34.0#44.0#VAR 1096 0 0.786989 0.213011 
 ----> 1.3#6.6#34.0#44.0#VAR 1097 0 0.810042 0.189958 
 ----> 1.3#6.6#34.0#44.0#VAR 1098 1 0.762133 0.237867 
 ----> 1.3#6.6#34.0#44.0#VAR 1099 0 0.805242 0.194758 
 ----> 1.3#6.6#34.0#44.0#VAR 1100 1 0.790147 0.209853 
 ----> 1.3#6.6#34.0#44.0#VAR 1101 0 0.810862 0.189138 
 ----> 1.3#6.6#34.0#44.0#VAR 1102 1 0.768213 0.231787 
 ----> 1.3#6.6#34.0#44.0#VAR 1103 1 0.794507 0.205493 
 ----> 1.3#6.6#34.0#44.0#VAR 1104 0 0.803525 0.196475 
 ----> 1.3#6.6#34.0#44.0#VAR 1105 0 0.784986 0.215014 
 ----> 1.3#6.6#34.0#44.0#VAR 1106 0 0.801042 0.198958 
 ----> 1.3#6.6#34.0#44.0#VAR 1107 0 0.82036 0.17964 
 ----> 1.3#6.6#34.0#44.0#VAR 1108 0 0.798816 0.201184 
 ----> 1.3#6.6#34.0#44.0#VAR 1109 0 0.802762 0.197238 
 ----> 1.3#6.6#34.0#44.0#VAR 1110 0 0.792802 0.207198 
 ----> 1.3#6.6#34.0#44.0#VAR 1111 0 0.805411 0.194589 
 ----> 1.3#6.6#34.0#44.0#VAR 1112 0 0.806677 0.193323 
 ----> 1.3#6.6#34.0#44.0#VAR 1113 1 0.794097 0.205903 
 ----> 1.3#6.6#34.0#44.0#VAR 1114 0 0.804287 0.195713 
 ----> 1.3#6.6#34.0#44.0#VAR 1115 0 0.792333 0.207667 
 ----> 1.3#6.6#34.0#44.0#VAR 1116 0 0.802081 0.197919 
 ----> 1.3#6.6#34.0#44.0#VAR 1117 0 0.784479 0.215521 
 ----> 1.3#6.6#34.0#44.0#VAR 1118 0 0.815629 0.184371 
 ----> 1.3#6.6#34.0#44.0#VAR 1119 0 0.815458 0.184542 
 ----> 1.3#6.6#34.0#44.0#VAR 1120 0 0.799105 0.200895 
 ----> 1.3#6.6#34.0#44.0#VAR 1121 0 0.802525 0.197475 
 ----> 1.3#6.6#34.0#44.0#VAR 1122 0 0.788845 0.211155 
 ----> 1.3#6.6#34.0#44.0#VAR 1123 0 0.814681 0.185319 
 ----> 1.3#6.6#34.0#44.0#VAR 1124 0 0.803417 0.196583 
 ----> 1.3#6.6#34.0#44.0#VAR 1125 0 0.810879 0.189121 
 ----> 1.3#6.6#34.0#44.0#VAR 1126 0 0.814897 0.185103 
 ----> 1.3#6.6#34.0#44.0#VAR 1127 0 0.807109 0.192891 
 ----> 1.3#6.6#34.0#44.0#VAR 1128 0 0.816199 0.183801 
 ----> 1.3#6.6#34.0#44.0#VAR 1129 0 0.80612 0.19388 
 ----> 1.3#6.6#34.0#44.0#VAR 1130 1 0.790505 0.209495 
 ----> 1.3#6.6#34.0#44.0#VAR 1131 0 0.800486 0.199514 
 ----> 1.3#6.6#34.0#44.0#VAR 1132 1 0.796595 0.203405 
 ----> 1.3#6.6#34.0#44.0#VAR 1133 0 0.812933 0.187067 
 ----> 1.3#6.6#34.0#44.0#VAR 1134 1 0.75228 0.24772 
 ----> 1.3#6.6#34.0#44.0#VAR 1135 0 0.799358 0.200642 
 ----> 1.3#6.6#34.0#44.0#VAR 1136 0 0.807776 0.192224 
 ----> 1.3#6.6#34.0#44.0#VAR 1137 0 0.800369 0.199631 
 ----> 1.3#6.6#34.0#44.0#VAR 1138 0 0.80306 0.19694 
 ----> 1.3#6.6#34.0#44.0#VAR 1139 0 0.788176 0.211824 
 ----> 1.3#6.6#34.0#44.0#VAR 1140 1 0.780787 0.219213 
 ----> 1.3#6.6#34.0#44.0#VAR 1141 0 0.813501 0.186499 
 ----> 1.3#6.6#34.0#44.0#VAR 1142 1 0.779609 0.220391 
 ----> 1.3#6.6#34.0#44.0#VAR 1143 0 0.819968 0.180032 
 ----> 1.3#6.6#34.0#44.0#VAR 1144 0 0.781277 0.218723 
 ----> 1.3#6.6#34.0#44.0#VAR 1145 0 0.805664 0.194336 
 ----> 1.3#6.6#34.0#44.0#VAR 1146 0 0.799057 0.200943 
 ----> 1.3#6.6#34.0#44.0#VAR 1147 0 0.801669 0.198331 
 ----> 1.3#6.6#34.0#44.0#VAR 1148 0 0.798588 0.201412 
 ----> 1.3#6.6#34.0#44.0#VAR 1149 0 0.788846 0.211154 
 ----> 1.3#6.6#34.0#44.0#VAR 1150 0 0.789123 0.210877 
 ----> 1.3#6.6#34.0#44.0#VAR 1151 1 0.781602 0.218398 
 ----> 1.3#6.6#34.0#44.0#VAR 1152 1 0.784446 0.215554 
 ----> 1.3#6.6#34.0#44.0#VAR 1153 0 0.797941 0.202059 
 ----> 1.3#6.6#34.0#44.0#VAR 1154 0 0.800343 0.199657 
 ----> 1.3#6.6#34.0#44.0#VAR 1155 1 0.793201 0.206799 
 ----> 1.3#6.6#34.0#44.0#VAR 1156 0 0.790246 0.209754 
 ----> 1.3#6.6#34.0#44.0#VAR 1157 0 0.808906 0.191094 
 ----> 1.3#6.6#34.0#44.0#VAR 1158 0 0.78411 0.21589 
 ----> 1.3#6.6#34.0#44.0#VAR 1159 0 0.772114 0.227886 
 ----> 1.3#6.6#34.0#44.0#VAR 1160 0 0.79914 0.20086 
 ----> 1.3#6.6#34.0#44.0#VAR 1161 0 0.808936 0.191064 
 ----> 1.3#6.6#34.0#44.0#VAR 1162 0 0.784872 0.215128 
 ----> 1.3#6.6#34.0#44.0#VAR 1163 0 0.812261 0.187739 
 ----> 1.3#6.6#34.0#44.0#VAR 1164 0 0.787725 0.212275 
 ----> 1.3#6.6#34.0#44.0#VAR 1165 1 0.802112 0.197888 
 ----> 1.3#6.6#34.0#44.0#VAR 1166 0 0.785641 0.214359 
 ----> 1.3#6.6#34.0#44.0#VAR 1167 1 0.801882 0.198118 
 ----> 1.3#6.6#34.0#44.0#VAR 1168 1 0.767676 0.232324 
 ----> 1.3#6.6#34.0#44.0#VAR 1169 0 0.784904 0.215096 
 ----> 1.3#6.6#34.0#44.0#VAR 1170 1 0.769859 0.230141 
 ----> 1.3#6.6#34.0#44.0#VAR 1171 0 0.795291 0.204709 
 ----> 1.3#6.6#34.0#44.0#VAR 1172 1 0.754746 0.245254 
 ----> 1.3#6.6#34.0#44.0#VAR 1173 0 0.800329 0.199671 
 ----> 1.3#6.6#34.0#44.0#VAR 1174 0 0.800736 0.199264 
 ----> 1.3#6.6#34.0#44.0#VAR 1175 0 0.788607 0.211393 
 ----> 1.3#6.6#34.0#44.0#VAR 1176 0 0.820715 0.179285 
 ----> 1.3#6.6#34.0#44.0#VAR 1177 0 0.797393 0.202607 
 ----> 1.3#6.6#34.0#44.0#VAR 1178 0 0.798756 0.201244 
 ----> 1.3#6.6#34.0#44.0#VAR 1179 0 0.803083 0.196917 
 ----> 1.3#6.6#34.0#44.0#VAR 1180 0 0.804749 0.195251 
 ----> 1.3#6.6#34.0#44.0#VAR 1181 0 0.798291 0.201709 
 ----> 1.3#6.6#34.0#44.0#VAR 1182 0 0.792891 0.207109 
 ----> 1.3#6.6#34.0#44.0#VAR 1183 0 0.790484 0.209516 
 ----> 1.3#6.6#34.0#44.0#VAR 1184 0 0.814002 0.185998 
 ----> 1.3#6.6#34.0#44.0#VAR 1185 0 0.774112 0.225888 
 ----> 1.3#6.6#34.0#44.0#VAR 1186 0 0.812197 0.187803 
 ----> 1.3#6.6#34.0#44.0#VAR 1187 0 0.783886 0.216114 
 ----> 1.3#6.6#34.0#44.0#VAR 1188 0 0.814825 0.185175 
 ----> 1.3#6.6#34.0#44.0#VAR 1189 0 0.797477 0.202523 
 ----> 1.3#6.6#34.0#44.0#VAR 1190 0 0.818854 0.181146 
 ----> 1.3#6.6#34.0#44.0#VAR 1191 0 0.816482 0.183518 
 ----> 1.3#6.6#34.0#44.0#VAR 1192 0 0.812737 0.187263 
 ----> 1.3#6.6#34.0#44.0#VAR 1193 0 0.792089 0.207911 
 ----> 1.3#6.6#34.0#44.0#VAR 1194 0 0.791724 0.208276 
 ----> 1.3#6.6#34.0#44.0#VAR 1195 0 0.800996 0.199004 
 ----> 1.3#6.6#34.0#44.0#VAR 1196 0 0.7985 0.2015 
 ----> 1.3#6.6#34.0#44.0#VAR 1197 0 0.796443 0.203557 
 ----> 1.3#6.6#34.0#44.0#VAR 1198 0 0.80782 0.19218 
 ----> 1.3#6.6#34.0#44.0#VAR 1199 0 0.794996 0.205004 
 ----> 1.3#6.6#34.0#44.0#VAR 1200 0 0.811664 0.188336 
 ----> 1.3#6.6#34.0#44.0#VAR 1201 0 0.790943 0.209057 
 ----> 1.3#6.6#34.0#44.0#VAR 1202 1 0.778822 0.221178 
 ----> 1.3#6.6#34.0#44.0#VAR 1203 0 0.80008 0.19992 
 ----> 1.3#6.6#34.0#44.0#VAR 1204 0 0.801376 0.198624 
 ----> 1.3#6.6#34.0#44.0#VAR 1205 0 0.798321 0.201679 
 ----> 1.3#6.6#34.0#44.0#VAR 1206 0 0.812257 0.187743 
 ----> 1.3#6.6#34.0#44.0#VAR 1207 0 0.815843 0.184157 
 ----> 1.3#6.6#34.0#44.0#VAR 1208 0 0.817057 0.182943 
 ----> 1.3#6.6#34.0#44.0#VAR 1209 1 0.790434 0.209566 
 ----> 1.3#6.6#34.0#44.0#VAR 1210 1 0.764265 0.235735 
 ----> 1.3#6.6#34.0#44.0#VAR 1211 0 0.802237 0.197763 
 ----> 1.3#6.6#34.0#44.0#VAR 1212 0 0.785982 0.214018 
 ----> 1.3#6.6#34.0#44.0#VAR 1213 0 0.794442 0.205558 
 ----> 1.3#6.6#34.0#44.0#VAR 1214 1 0.763989 0.236011 
 ----> 1.3#6.6#34.0#44.0#VAR 1215 1 0.794999 0.205001 
 ----> 1.3#6.6#34.0#44.0#VAR 1216 0 0.782382 0.217618 
 ----> 1.3#6.6#34.0#44.0#VAR 1217 0 0.810937 0.189063 
 ----> 1.3#6.6#34.0#44.0#VAR 1218 0 0.797321 0.202679 
 ----> 1.3#6.6#34.0#44.0#VAR 1219 1 0.774407 0.225593 
 ----> 1.3#6.6#34.0#44.0#VAR 1220 1 0.772314 0.227686 
 ----> 1.3#6.6#34.0#44.0#VAR 1221 0 0.81372 0.18628 
 ----> 1.3#6.6#34.0#44.0#VAR 1222 0 0.79649 0.20351 
 ----> 1.3#6.6#34.0#44.0#VAR 1223 0 0.801666 0.198334 
 ----> 1.3#6.6#34.0#44.0#VAR 1224 0 0.787014 0.212986 
 ----> 1.3#6.6#34.0#44.0#VAR 1225 1 0.774646 0.225354 
 ----> 1.3#6.6#34.0#44.0#VAR 1226 1 0.76954 0.23046 
 ----> 1.3#6.6#34.0#44.0#VAR 1227 0 0.800227 0.199773 
 ----> 1.3#6.6#34.0#44.0#VAR 1228 0 0.818027 0.181973 
 ----> 1.3#6.6#34.0#44.0#VAR 1229 0 0.819169 0.180831 
 ----> 1.3#6.6#34.0#44.0#VAR 1230 0 0.811311 0.188689 
 ----> 1.3#6.6#34.0#44.0#VAR 1231 0 0.802287 0.197713 
 ----> 1.3#6.6#34.0#44.0#VAR 1232 0 0.795197 0.204803 
 ----> 1.3#6.6#34.0#44.0#VAR 1233 0 0.802158 0.197842 
 ----> 1.3#6.6#34.0#44.0#VAR 1234 0 0.813772 0.186228 
 ----> 1.3#6.6#34.0#44.0#VAR 1235 0 0.810417 0.189583 
 ----> 1.3#6.6#34.0#44.0#VAR 1236 0 0.793364 0.206636 
 ----> 1.3#6.6#34.0#44.0#VAR 1237 0 0.796518 0.203482 
 ----> 1.3#6.6#34.0#44.0#VAR 1238 0 0.790226 0.209774 
 ----> 1.3#6.6#34.0#44.0#VAR 1239 0 0.786837 0.213163 
 ----> 1.3#6.6#34.0#44.0#VAR 1240 0 0.795853 0.204147 
 ----> 1.3#6.6#34.0#44.0#VAR 1241 0 0.802933 0.197067 
 ----> 1.3#6.6#34.0#44.0#VAR 1242 1 0.792823 0.207177 
 ----> 1.3#6.6#34.0#44.0#VAR 1243 0 0.812674 0.187326 
 ----> 1.3#6.6#34.0#44.0#VAR 1244 0 0.804729 0.195271 
 ----> 1.3#6.6#34.0#44.0#VAR 1245 1 0.780027 0.219973 
 ----> 1.3#6.6#34.0#44.0#VAR 1246 0 0.806629 0.193371 
 ----> 1.3#6.6#34.0#44.0#VAR 1247 0 0.810545 0.189455 
 ----> 1.3#6.6#34.0#44.0#VAR 1248 0 0.80403 0.19597 
 ----> 1.3#6.6#34.0#44.0#VAR 1249 1 0.793465 0.206535 
 ----> 1.3#6.6#34.0#44.0#VAR 1250 0 0.809147 0.190853 
 ----> 1.3#6.6#34.0#44.0#VAR 1251 0 0.799121 0.200879 
 ----> 1.3#6.6#34.0#44.0#VAR 1252 0 0.811183 0.188817 
 ----> 1.3#6.6#34.0#44.0#VAR 1253 1 0.776954 0.223046 
 ----> 1.3#6.6#34.0#44.0#VAR 1254 1 0.772853 0.227147 
 ----> 1.3#6.6#34.0#44.0#VAR 1255 0 0.783801 0.216199 
 ----> 1.3#6.6#34.0#44.0#VAR 1256 0 0.810175 0.189825 
 ----> 1.3#6.6#34.0#44.0#VAR 1257 0 0.805295 0.194705 
 ----> 1.3#6.6#34.0#44.0#VAR 1258 0 0.806785 0.193215 
 ----> 1.3#6.6#34.0#44.0#VAR 1259 0 0.814583 0.185417 
 ----> 1.3#6.6#34.0#44.0#VAR 1260 0 0.795849 0.204151 
 ----> 1.3#6.6#34.0#44.0#VAR 1261 0 0.811566 0.188434 
 ----> 1.3#6.6#34.0#44.0#VAR 1262 0 0.798974 0.201026 
 ----> 1.3#6.6#34.0#44.0#VAR 1263 0 0.794824 0.205176 
 ----> 1.3#6.6#34.0#44.0#VAR 1264 0 0.778273 0.221727 
 ----> 1.3#6.6#34.0#44.0#VAR 1265 1 0.767049 0.232951 
 ----> 1.3#6.6#34.0#44.0#VAR 1266 0 0.81806 0.18194 
 ----> 1.3#6.6#34.0#44.0#VAR 1267 1 0.744512 0.255488 
 ----> 1.3#6.6#34.0#44.0#VAR 1268 1 0.795193 0.204807 
 ----> 1.3#6.6#34.0#44.0#VAR 1269 0 0.795356 0.204644 
 ----> 1.3#6.6#34.0#44.0#VAR 1270 0 0.795441 0.204559 
 ----> 1.3#6.6#34.0#44.0#VAR 1271 1 0.798696 0.201304 
 ----> 1.3#6.6#34.0#44.0#VAR 1272 1 0.780599 0.219401 
 ----> 1.3#6.6#34.0#44.0#VAR 1273 0 0.797694 0.202306 
 ----> 1.3#6.6#34.0#44.0#VAR 1274 0 0.793147 0.206853 
 ----> 1.3#6.6#34.0#44.0#VAR 1275 0 0.807489 0.192511 
 ----> 1.3#6.6#34.0#44.0#VAR 1276 0 0.80478 0.19522 
 ----> 1.3#6.6#34.0#44.0#VAR 1277 0 0.814474 0.185526 
 ----> 1.3#6.6#34.0#44.0#VAR 1278 0 0.81781 0.18219 
 ----> 1.3#6.6#34.0#44.0#VAR 1279 1 0.78778 0.21222 
 ----> 1.3#6.6#34.0#44.0#VAR 1280 0 0.790841 0.209159 
 ----> 1.3#6.6#34.0#44.0#VAR 1281 0 0.806289 0.193711 
 ----> 1.3#6.6#34.0#44.0#VAR 1282 0 0.774693 0.225307 
 ----> 1.3#6.6#34.0#44.0#VAR 1283 0 0.823626 0.176374 
 ----> 1.3#6.6#34.0#44.0#VAR 1284 1 0.744643 0.255357 
 ----> 1.3#6.6#34.0#44.0#VAR 1285 0 0.810523 0.189477 
 ----> 1.3#6.6#34.0#44.0#VAR 1286 0 0.819991 0.180009 
 ----> 1.3#6.6#34.0#44.0#VAR 1287 0 0.817538 0.182462 
 ----> 1.3#6.6#34.0#44.0#VAR 1288 1 0.742889 0.257111 
 ----> 1.3#6.6#34.0#44.0#VAR 1289 0 0.792887 0.207113 
 ----> 1.3#6.6#34.0#44.0#VAR 1290 0 0.800119 0.199881 
 ----> 1.3#6.6#34.0#44.0#VAR 1291 1 0.767936 0.232064 
 ----> 1.3#6.6#34.0#44.0#VAR 1292 0 0.7937 0.2063 
 ----> 1.3#6.6#34.0#44.0#VAR 1293 0 0.804901 0.195099 
 ----> 1.3#6.6#34.0#44.0#VAR 1294 0 0.795388 0.204612 
 ----> 1.3#6.6#34.0#44.0#VAR 1295 0 0.799279 0.200721 
 ----> 1.3#6.6#34.0#44.0#VAR 1296 1 0.761525 0.238475 
 ----> 1.3#6.6#34.0#44.0#VAR 1297 1 0.779529 0.220471 
 ----> 1.3#6.6#34.0#44.0#VAR 1298 1 0.789152 0.210848 
 ----> 1.3#6.6#34.0#44.0#VAR 1299 1 0.750728 0.249272 
 ----> 1.3#6.6#34.0#44.0#VAR 1300 0 0.797664 0.202336 
 ----> 1.3#6.6#34.0#44.0#VAR 1301 1 0.766663 0.233337 
 ----> 1.3#6.6#34.0#44.0#VAR 1302 0 0.809404 0.190596 
 ----> 1.3#6.6#34.0#44.0#VAR 1303 0 0.804831 0.195169 
 ----> 1.3#6.6#34.0#44.0#VAR 1304 1 0.787652 0.212348 
 ----> 1.3#6.6#34.0#44.0#VAR 1305 0 0.803296 0.196704 
 ----> 1.3#6.6#34.0#44.0#VAR 1306 0 0.791052 0.208948 
 ----> 1.3#6.6#34.0#44.0#VAR 1307 0 0.803722 0.196278 
 ----> 1.3#6.6#34.0#44.0#VAR 1308 0 0.78974 0.21026 
 ----> 1.3#6.6#34.0#44.0#VAR 1309 0 0.799584 0.200416 
 ----> 1.3#6.6#34.0#44.0#VAR 1310 0 0.780114 0.219886 
 ----> 1.3#6.6#34.0#44.0#VAR 1311 0 0.808325 0.191675 
 ----> 1.3#6.6#34.0#44.0#VAR 1312 0 0.808507 0.191493 
 ----> 1.3#6.6#34.0#44.0#VAR 1313 0 0.803736 0.196264 
 ----> 1.3#6.6#34.0#44.0#VAR 1314 0 0.806605 0.193395 
 ----> 1.3#6.6#34.0#44.0#VAR 1315 0 0.813202 0.186798 
 ----> 1.3#6.6#34.0#44.0#VAR 1316 0 0.796006 0.203994 
 ----> 1.3#6.6#34.0#44.0#VAR 1317 1 0.765646 0.234354 
 ----> 1.3#6.6#34.0#44.0#VAR 1318 0 0.817526 0.182474 
 ----> 1.3#6.6#34.0#44.0#VAR 1319 0 0.774245 0.225755 
 ----> 1.3#6.6#34.0#44.0#VAR 1320 0 0.821726 0.178274 
 ----> 1.3#6.6#34.0#44.0#VAR 1321 0 0.80436 0.19564 
 ----> 1.3#6.6#34.0#44.0#VAR 1322 0 0.811706 0.188294 
 ----> 1.3#6.6#34.0#44.0#VAR 1323 1 0.783953 0.216047 
 ----> 1.3#6.6#34.0#44.0#VAR 1324 0 0.80009 0.19991 
 ----> 1.3#6.6#34.0#44.0#VAR 1325 0 0.80933 0.19067 
 ----> 1.3#6.6#34.0#44.0#VAR 1326 0 0.806543 0.193457 
 ----> 1.3#6.6#34.0#44.0#VAR 1327 0 0.801705 0.198295 
 ----> 1.3#6.6#34.0#44.0#VAR 1328 0 0.798961 0.201039 
 ----> 1.3#6.6#34.0#44.0#VAR 1329 1 0.784557 0.215443 
 ----> 1.3#6.6#34.0#44.0#VAR 1330 0 0.789593 0.210407 
 ----> 1.3#6.6#34.0#44.0#VAR 1331 0 0.805221 0.194779 
 ----> 1.3#6.6#34.0#44.0#VAR 1332 0 0.785774 0.214226 
 ----> 1.3#6.6#34.0#44.0#VAR 1333 0 0.813003 0.186997 
 ----> 1.3#6.6#34.0#44.0#VAR 1334 1 0.773168 0.226832 
 ----> 1.3#6.6#34.0#44.0#VAR 1335 0 0.792411 0.207589 
 ----> 1.3#6.6#34.0#44.0#VAR 1336 1 0.773479 0.226521 
 ----> 1.3#6.6#34.0#44.0#VAR 1337 0 0.799433 0.200567 
 ----> 1.3#6.6#34.0#44.0#VAR 1338 0 0.810049 0.189951 
 ----> 1.3#6.6#34.0#44.0#VAR 1339 0 0.789431 0.210569 
 ----> 1.3#6.6#34.0#44.0#VAR 1340 0 0.815936 0.184064 
 ----> 1.3#6.6#34.0#44.0#VAR 1341 0 0.798617 0.201383 
 ----> 1.3#6.6#34.0#44.0#VAR 1342 0 0.803951 0.196049 
 ----> 1.3#6.6#34.0#44.0#VAR 1343 1 0.780699 0.219301 
 ----> 1.3#6.6#34.0#44.0#VAR 1344 1 0.771713 0.228287 
 ----> 1.3#6.6#34.0#44.0#VAR 1345 0 0.810328 0.189672 
 ----> 1.3#6.6#34.0#44.0#VAR 1346 0 0.795412 0.204588 
 ----> 1.3#6.6#34.0#44.0#VAR 1347 0 0.787343 0.212657 
 ----> 1.3#6.6#34.0#44.0#VAR 1348 0 0.81703 0.18297 
 ----> 1.3#6.6#34.0#44.0#VAR 1349 0 0.801325 0.198675 
 ----> 1.3#6.6#34.0#44.0#VAR 1350 0 0.791405 0.208595 
 ----> 1.3#6.6#34.0#44.0#VAR 1351 0 0.798346 0.201654 
 ----> 1.3#6.6#34.0#44.0#VAR 1352 0 0.797751 0.202249 
 ----> 1.3#6.6#34.0#44.0#VAR 1353 0 0.806292 0.193708 
 ----> 1.3#6.6#34.0#44.0#VAR 1354 1 0.80966 0.19034 
 ----> 1.3#6.6#34.0#44.0#VAR 1355 0 0.802026 0.197974 
 ----> 1.3#6.6#34.0#44.0#VAR 1356 0 0.80738 0.19262 
 ----> 1.3#6.6#34.0#44.0#VAR 1357 0 0.800116 0.199884 
 ----> 1.3#6.6#34.0#44.0#VAR 1358 1 0.789662 0.210338 
 ----> 1.3#6.6#34.0#44.0#VAR 1359 0 0.796743 0.203257 
 ----> 1.3#6.6#34.0#44.0#VAR 1360 0 0.803948 0.196052 
 ----> 1.3#6.6#34.0#44.0#VAR 1361 1 0.765166 0.234834 
 ----> 1.3#6.6#34.0#44.0#VAR 1362 0 0.793345 0.206655 
 ----> 1.3#6.6#34.0#44.0#VAR 1363 0 0.803385 0.196615 
 ----> 1.3#6.6#34.0#44.0#VAR 1364 0 0.798581 0.201419 
 ----> 1.3#6.6#34.0#44.0#VAR 1365 0 0.819372 0.180628 
 ----> 1.3#6.6#34.0#44.0#VAR 1366 0 0.800974 0.199026 
 ----> 1.3#6.6#34.0#44.0#VAR 1367 0 0.787401 0.212599 
 ----> 1.3#6.6#34.0#44.0#VAR 1368 1 0.77616 0.22384 
 ----> 1.3#6.6#34.0#44.0#VAR 1369 0 0.800761 0.199239 
 ----> 1.3#6.6#34.0#44.0#VAR 1370 0 0.805496 0.194504 
 ----> 1.3#6.6#34.0#44.0#VAR 1371 0 0.803533 0.196467 
 ----> 1.3#6.6#34.0#44.0#VAR 1372 0 0.789683 0.210317 
 ----> 1.3#6.6#34.0#44.0#VAR 1373 0 0.796999 0.203001 
 ----> 1.3#6.6#34.0#44.0#VAR 1374 0 0.811696 0.188304 
 ----> 1.3#6.6#34.0#44.0#VAR 1375 0 0.802562 0.197438 
 ----> 1.3#6.6#34.0#44.0#VAR 1376 0 0.785737 0.214263 
 ----> 1.3#6.6#34.0#44.0#VAR 1377 1 0.785266 0.214734 
 ----> 1.3#6.6#34.0#44.0#VAR 1378 0 0.801013 0.198987 
 ----> 1.3#6.6#34.0#44.0#VAR 1379 0 0.79735 0.20265 
 ----> 1.3#6.6#34.0#44.0#VAR 1380 1 0.778621 0.221379 
 ----> 1.3#6.6#34.0#44.0#VAR 1381 0 0.803995 0.196005 
 ----> 1.3#6.6#34.0#44.0#VAR 1382 0 0.782823 0.217177 
 ----> 1.3#6.6#34.0#44.0#VAR 1383 0 0.796077 0.203923 
 ----> 1.3#6.6#34.0#44.0#VAR 1384 0 0.786786 0.213214 
 ----> 1.3#6.6#34.0#44.0#VAR 1385 0 0.785564 0.214436 
 ----> 1.3#6.6#34.0#44.0#VAR 1386 1 0.787578 0.212422 
 ----> 1.3#6.6#34.0#44.0#VAR 1387 1 0.780534 0.219466 
 ----> 1.3#6.6#34.0#44.0#VAR 1388 0 0.797971 0.202029 
 ----> 1.3#6.6#34.0#44.0#VAR 1389 0 0.784456 0.215544 
 ----> 1.3#6.6#34.0#44.0#VAR 1390 0 0.796534 0.203466 
 ----> 1.3#6.6#34.0#44.0#VAR 1391 0 0.80808 0.19192 
 ----> 1.3#6.6#34.0#44.0#VAR 1392 0 0.795741 0.204259 
 ----> 1.3#6.6#34.0#44.0#VAR 1393 0 0.809942 0.190058 
 ----> 1.3#6.6#34.0#44.0#VAR 1394 1 0.781843 0.218157 
 ----> 1.3#6.6#34.0#44.0#VAR 1395 0 0.802394 0.197606 
 ----> 1.3#6.6#34.0#44.0#VAR 1396 0 0.782972 0.217028 
 ----> 1.3#6.6#34.0#44.0#VAR 1397 0 0.810922 0.189078 
 ----> 1.3#6.6#34.0#44.0#VAR 1398 1 0.7901 0.2099 
 ----> 1.3#6.6#34.0#44.0#VAR 1399 0 0.798342 0.201658 
 ----> 1.3#6.6#34.0#44.0#VAR 1400 1 0.796324 0.203676 
 ----> 1.3#6.6#34.0#44.0#VAR 1401 0 0.800868 0.199132 
 ----> 1.3#6.6#34.0#44.0#VAR 1402 1 0.785322 0.214678 
 ----> 1.3#6.6#34.0#44.0#VAR 1403 0 0.800484 0.199516 
 ----> 1.3#6.6#34.0#44.0#VAR 1404 0 0.800085 0.199915 
 ----> 1.3#6.6#34.0#44.0#VAR 1405 1 0.785788 0.214212 
 ----> 1.3#6.6#34.0#44.0#VAR 1406 0 0.786027 0.213973 
 ----> 1.3#6.6#34.0#44.0#VAR 1407 0 0.797702 0.202298 
 ----> 1.3#6.6#34.0#44.0#VAR 1408 0 0.808472 0.191528 
 ----> 1.3#6.6#34.0#44.0#VAR 1409 0 0.802908 0.197092 
 ----> 1.3#6.6#34.0#44.0#VAR 1410 0 0.79245 0.20755 
 ----> 1.3#6.6#34.0#44.0#VAR 1411 0 0.787612 0.212388 
 ----> 1.3#6.6#34.0#44.0#VAR 1412 1 0.772701 0.227299 
 ----> 1.3#6.6#34.0#44.0#VAR 1413 0 0.789704 0.210296 
 ----> 1.3#6.6#34.0#44.0#VAR 1414 0 0.787888 0.212112 
 ----> 1.3#6.6#34.0#44.0#VAR 1415 0 0.775198 0.224802 
 ----> 1.3#6.6#34.0#44.0#VAR 1416 0 0.807316 0.192684 
 ----> 1.3#6.6#34.0#44.0#VAR 1417 0 0.806698 0.193302 
 ----> 1.3#6.6#34.0#44.0#VAR 1418 1 0.799188 0.200812 
 ----> 1.3#6.6#34.0#44.0#VAR 1419 0 0.798725 0.201275 
 ----> 1.3#6.6#34.0#44.0#VAR 1420 0 0.794503 0.205497 
 ----> 1.3#6.6#34.0#44.0#VAR 1421 0 0.804659 0.195341 
 ----> 1.3#6.6#34.0#44.0#VAR 1422 1 0.786312 0.213688 
 ----> 1.3#6.6#34.0#44.0#VAR 1423 0 0.794932 0.205068 
 ----> 1.3#6.6#34.0#44.0#VAR 1424 1 0.779895 0.220105 
 ----> 1.3#6.6#34.0#44.0#VAR 1425 0 0.812743 0.187257 
 ----> 1.3#6.6#34.0#44.0#VAR 1426 1 0.7923 0.2077 
 ----> 1.3#6.6#34.0#44.0#VAR 1427 1 0.794714 0.205286 
 ----> 1.3#6.6#34.0#44.0#VAR 1428 0 0.793805 0.206195 
 ----> 1.3#6.6#34.0#44.0#VAR 1429 0 0.798391 0.201609 
 ----> 1.3#6.6#34.0#44.0#VAR 1430 0 0.821653 0.178347 
 ----> 1.3#6.6#34.0#44.0#VAR 1431 0 0.795554 0.204446 
 ----> 1.3#6.6#34.0#44.0#VAR 1432 0 0.791532 0.208468 
 ----> 1.3#6.6#34.0#44.0#VAR 1433 0 0.790476 0.209524 
 ----> 1.3#6.6#34.0#44.0#VAR 1434 0 0.80853 0.19147 
 ----> 1.3#6.6#34.0#44.0#VAR 1435 0 0.789777 0.210223 
 ----> 1.3#6.6#34.0#44.0#VAR 1436 0 0.799348 0.200652 
 ----> 1.3#6.6#34.0#44.0#VAR 1437 0 0.814249 0.185751 
 ----> 1.3#6.6#34.0#44.0#VAR 1438 0 0.823294 0.176706 
 ----> 1.3#6.6#34.0#44.0#VAR 1439 0 0.792797 0.207203 
 ----> 1.3#6.6#34.0#44.0#VAR 1440 1 0.779552 0.220448 
 ----> 1.3#6.6#34.0#44.0#VAR 1441 1 0.767878 0.232122 
 ----> 1.3#6.6#34.0#44.0#VAR 1442 0 0.787841 0.212159 
 ----> 1.3#6.6#34.0#44.0#VAR 1443 1 0.7776 0.2224 
 ----> 1.3#6.6#34.0#44.0#VAR 1444 1 0.791748 0.208252 
 ----> 1.3#6.6#34.0#44.0#VAR 1445 1 0.785287 0.214713 
 ----> 1.3#6.6#34.0#44.0#VAR 1446 0 0.821989 0.178011 
 ----> 1.3#6.6#34.0#44.0#VAR 1447 0 0.799413 0.200587 
 ----> 1.3#6.6#34.0#44.0#VAR 1448 0 0.811081 0.188919 
 ----> 1.3#6.6#34.0#44.0#VAR 1449 0 0.799482 0.200518 
 ----> 1.3#6.6#34.0#44.0#VAR 1450 0 0.804542 0.195458 
 ----> 1.3#6.6#34.0#44.0#VAR 1451 1 0.793814 0.206186 
 ----> 1.3#6.6#34.0#44.0#VAR 1452 0 0.807238 0.192762 
 ----> 1.3#6.6#34.0#44.0#VAR 1453 0 0.791977 0.208023 
 ----> 1.3#6.6#34.0#44.0#VAR 1454 0 0.799198 0.200802 
 ----> 1.3#6.6#34.0#44.0#VAR 1455 0 0.806912 0.193088 
 ----> 1.3#6.6#34.0#44.0#VAR 1456 1 0.785637 0.214363 
 ----> 1.3#6.6#34.0#44.0#VAR 1457 1 0.7997 0.2003 
 ----> 1.3#6.6#34.0#44.0#VAR 1458 1 0.792177 0.207823 
 ----> 1.3#6.6#34.0#44.0#VAR 1459 1 0.795002 0.204998 
 ----> 1.3#6.6#34.0#44.0#VAR 1460 0 0.79107 0.20893 
 ----> 1.3#6.6#34.0#44.0#VAR 1461 1 0.775282 0.224718 
 ----> 1.3#6.6#34.0#44.0#VAR 1462 0 0.814581 0.185419 
 ----> 1.3#6.6#34.0#44.0#VAR 1463 0 0.773757 0.226243 
 ----> 1.3#6.6#34.0#44.0#VAR 1464 0 0.802333 0.197667 
 ----> 1.3#6.6#34.0#44.0#VAR 1465 0 0.810347 0.189653 
 ----> 1.3#6.6#34.0#44.0#VAR 1466 0 0.807425 0.192575 
 ----> 1.3#6.6#34.0#44.0#VAR 1467 1 0.805523 0.194477 
 ----> 1.3#6.6#34.0#44.0#VAR 1468 1 0.797886 0.202114 
 ----> 1.3#6.6#34.0#44.0#VAR 1469 0 0.798554 0.201446 
 ----> 1.3#6.6#34.0#44.0#VAR 1470 0 0.797264 0.202736 
 ----> 1.3#6.6#34.0#44.0#VAR 1471 0 0.784013 0.215987 
 ----> 1.3#6.6#34.0#44.0#VAR 1472 0 0.787028 0.212972 
 ----> 1.3#6.6#34.0#44.0#VAR 1473 0 0.799289 0.200711 
 ----> 1.3#6.6#34.0#44.0#VAR 1474 0 0.812743 0.187257 
 ----> 1.3#6.6#34.0#44.0#VAR 1475 0 0.817019 0.182981 
 ----> 1.3#6.6#34.0#44.0#VAR 1476 1 0.793905 0.206095 
 ----> 1.3#6.6#34.0#44.0#VAR 1477 0 0.814378 0.185622 
 ----> 1.3#6.6#34.0#44.0#VAR 1478 0 0.812863 0.187137 
 ----> 1.3#6.6#34.0#44.0#VAR 1479 1 0.789705 0.210295 
 ----> 1.3#6.6#34.0#44.0#VAR 1480 0 0.799145 0.200855 
 ----> 1.3#6.6#34.0#44.0#VAR 1481 0 0.806589 0.193411 
 ----> 1.3#6.6#34.0#44.0#VAR 1482 0 0.80458 0.19542 
 ----> 1.3#6.6#34.0#44.0#VAR 1483 0 0.792025 0.207975 
 ----> 1.3#6.6#34.0#44.0#VAR 1484 0 0.805138 0.194862 
 ----> 1.3#6.6#34.0#44.0#VAR 1485 0 0.795261 0.204739 
 ----> 1.3#6.6#34.0#44.0#VAR 1486 0 0.799559 0.200441 
 ----> 1.3#6.6#34.0#44.0#VAR 1487 1 0.800177 0.199823 
 ----> 1.3#6.6#34.0#44.0#VAR 1488 1 0.791275 0.208725 
 ----> 1.3#6.6#34.0#44.0#VAR 1489 0 0.796154 0.203846 
 ----> 1.3#6.6#34.0#44.0#VAR 1490 0 0.807276 0.192724 
 ----> 1.3#6.6#34.0#44.0#VAR 1491 1 0.800908 0.199092 
 ----> 1.3#6.6#34.0#44.0#VAR 1492 0 0.811025 0.188975 
 ----> 1.3#6.6#34.0#44.0#VAR 1493 0 0.792407 0.207593 
 ----> 1.3#6.6#34.0#44.0#VAR 1494 0 0.800789 0.199211 
 ----> 1.3#6.6#34.0#44.0#VAR 1495 0 0.813603 0.186397 
 ----> 1.3#6.6#34.0#44.0#VAR 1496 0 0.804934 0.195066 
 ----> 1.3#6.6#34.0#44.0#VAR 1497 0 0.797145 0.202855 
 ----> 1.3#6.6#34.0#44.0#VAR 1498 0 0.790631 0.209369 
 ----> 1.3#6.6#34.0#44.0#VAR 1499 1 0.812229 0.187771 
 ----> 1.3#6.6#34.0#44.0#VAR 1500 0 0.784679 0.215321 
 ----> 1.3#6.6#34.0#44.0#VAR 1501 0 0.801151 0.198849 
 ----> 1.3#6.6#34.0#44.0#VAR 1502 0 0.780791 0.219209 
 ----> 1.3#6.6#34.0#44.0#VAR 1503 0 0.809478 0.190522 
 ----> 1.3#6.6#34.0#44.0#VAR 1504 0 0.810317 0.189683 
 ----> 1.3#6.6#34.0#44.0#VAR 1505 0 0.806672 0.193328 
 ----> 1.3#6.6#34.0#44.0#VAR 1506 0 0.794458 0.205542 
 ----> 1.3#6.6#34.0#44.0#VAR 1507 0 0.798789 0.201211 
 ----> 1.3#6.6#34.0#44.0#VAR 1508 0 0.780408 0.219592 
 ----> 1.3#6.6#34.0#44.0#VAR 1509 0 0.806045 0.193955 
 ----> 1.3#6.6#34.0#44.0#VAR 1510 0 0.781249 0.218751 
 ----> 1.3#6.6#34.0#44.0#VAR 1511 0 0.808303 0.191697 
 ----> 1.3#6.6#34.0#44.0#VAR 1512 0 0.806405 0.193595 
 ----> 1.3#6.6#34.0#44.0#VAR 1513 0 0.808897 0.191103 
 ----> 1.3#6.6#34.0#44.0#VAR 1514 0 0.811799 0.188201 
 ----> 1.3#6.6#34.0#44.0#VAR 1515 0 0.809714 0.190286 
 ----> 1.3#6.6#34.0#44.0#VAR 1516 0 0.790602 0.209398 
 ----> 1.3#6.6#34.0#44.0#VAR 1517 0 0.815625 0.184375 
 ----> 1.3#6.6#34.0#44.0#VAR 1518 0 0.806613 0.193387 
 ----> 1.3#6.6#34.0#44.0#VAR 1519 0 0.799119 0.200881 
 ----> 1.3#6.6#34.0#44.0#VAR 1520 1 0.797088 0.202912 
 ----> 1.3#6.6#34.0#44.0#VAR 1521 0 0.798611 0.201389 
 ----> 1.3#6.6#34.0#44.0#VAR 1522 0 0.799733 0.200267 
 ----> 1.3#6.6#34.0#44.0#VAR 1523 0 0.802856 0.197144 
 ----> 1.3#6.6#34.0#44.0#VAR 1524 0 0.789309 0.210691 
 ----> 1.3#6.6#34.0#44.0#VAR 1525 0 0.801378 0.198622 
 ----> 1.3#6.6#34.0#44.0#VAR 1526 1 0.807152 0.192848 
 ----> 1.3#6.6#34.0#44.0#VAR 1527 0 0.797996 0.202004 
 ----> 1.3#6.6#34.0#44.0#VAR 1528 0 0.809783 0.190217 
 ----> 1.3#6.6#34.0#44.0#VAR 1529 0 0.803183 0.196817 
 ----> 1.3#6.6#34.0#44.0#VAR 1530 0 0.798426 0.201574 
 ----> 1.3#6.6#34.0#44.0#VAR 1531 1 0.813221 0.186779 
 ----> 1.3#6.6#34.0#44.0#VAR 1532 0 0.806766 0.193234 
 ----> 1.3#6.6#34.0#44.0#VAR 1533 1 0.806575 0.193425 
 ----> 1.3#6.6#34.0#44.0#VAR 1534 0 0.801402 0.198598 
 ----> 1.3#6.6#34.0#44.0#VAR 1535 0 0.792696 0.207304 
 ----> 1.3#6.6#34.0#44.0#VAR 1536 1 0.801289 0.198711 
 ----> 1.3#6.6#34.0#44.0#VAR 1537 0 0.785071 0.214929 
 ----> 1.3#6.6#34.0#44.0#VAR 1538 0 0.812621 0.187379 
 ----> 1.3#6.6#34.0#44.0#VAR 1539 0 0.803673 0.196327 
 ----> 1.3#6.6#34.0#44.0#VAR 1540 0 0.794736 0.205264 
 ----> 1.3#6.6#34.0#44.0#VAR 1541 1 0.807455 0.192545 
 ----> 1.3#6.6#34.0#44.0#VAR 1542 0 0.79894 0.20106 
 ----> 1.3#6.6#34.0#44.0#VAR 1543 0 0.8104 0.1896 
 ----> 1.3#6.6#34.0#44.0#VAR 1544 0 0.803264 0.196736 
 ----> 1.3#6.6#34.0#44.0#VAR 1545 0 0.806518 0.193482 
 ----> 1.3#6.6#34.0#44.0#VAR 1546 0 0.807248 0.192752 
 ----> 1.3#6.6#34.0#44.0#VAR 1547 0 0.817536 0.182464 
 ----> 1.3#6.6#34.0#44.0#VAR 1548 0 0.819077 0.180923 
 ----> 1.3#6.6#34.0#44.0#VAR 1549 0 0.803186 0.196814 
 ----> 1.3#6.6#34.0#44.0#VAR 1550 0 0.787858 0.212142 
 ----> 1.3#6.6#34.0#44.0#VAR 1551 1 0.795142 0.204858 
 ----> 1.3#6.6#34.0#44.0#VAR 1552 0 0.798375 0.201625 
 ----> 1.3#6.6#34.0#44.0#VAR 1553 0 0.801142 0.198858 
 ----> 1.3#6.6#34.0#44.0#VAR 1554 1 0.790424 0.209576 
 ----> 1.3#6.6#34.0#44.0#VAR 1555 0 0.814992 0.185008 
 ----> 1.3#6.6#34.0#44.0#VAR 1556 0 0.805893 0.194107 
 ----> 1.3#6.6#34.0#44.0#VAR 1557 0 0.816502 0.183498 
 ----> 1.3#6.6#34.0#44.0#VAR 1558 0 0.803724 0.196276 
 ----> 1.3#6.6#34.0#44.0#VAR 1559 0 0.808119 0.191881 
 ----> 1.3#6.6#34.0#44.0#VAR 1560 0 0.801934 0.198066 
 ----> 1.3#6.6#34.0#44.0#VAR 1561 0 0.803421 0.196579 
 ----> 1.3#6.6#34.0#44.0#VAR 1562 0 0.810406 0.189594 
 ----> 1.3#6.6#34.0#44.0#VAR 1563 0 0.813792 0.186208 
 ----> 1.3#6.6#34.0#44.0#VAR 1564 1 0.794618 0.205382 
 ----> 1.3#6.6#34.0#44.0#VAR 1565 0 0.801972 0.198028 
 ----> 1.3#6.6#34.0#44.0#VAR 1566 1 0.809104 0.190896 
 ----> 1.3#6.6#34.0#44.0#VAR 1567 0 0.799084 0.200916 
 ----> 1.3#6.6#34.0#44.0#VAR 1568 0 0.790098 0.209902 
 ----> 1.3#6.6#34.0#44.0#VAR 1569 0 0.79367 0.20633 
 ----> 1.3#6.6#34.0#44.0#VAR 1570 0 0.797982 0.202018 
 ----> 1.3#6.6#34.0#44.0#VAR 1571 0 0.783974 0.216026 
 ----> 1.3#6.6#34.0#44.0#VAR 1572 0 0.790621 0.209379 
 ----> 1.3#6.6#34.0#44.0#VAR 1573 1 0.787868 0.212132 
 ----> 1.3#6.6#34.0#44.0#VAR 1574 0 0.795161 0.204839 
 ----> 1.3#6.6#34.0#44.0#VAR 1575 0 0.800934 0.199066 
 ----> 1.3#6.6#34.0#44.0#VAR 1576 0 0.79869 0.20131 
 ----> 1.3#6.6#34.0#44.0#VAR 1577 0 0.796907 0.203093 
 ----> 1.3#6.6#34.0#44.0#VAR 1578 1 0.791951 0.208049 
 ----> 1.3#6.6#34.0#44.0#VAR 1579 0 0.805166 0.194834 
 ----> 1.3#6.6#34.0#44.0#VAR 1580 0 0.792654 0.207346 
 ----> 1.3#6.6#34.0#44.0#VAR 1581 0 0.817903 0.182097 
 ----> 1.3#6.6#34.0#44.0#VAR 1582 0 0.810624 0.189376 
 ----> 1.3#6.6#34.0#44.0#VAR 1583 0 0.805175 0.194825 
 ----> 1.3#6.6#34.0#44.0#VAR 1584 0 0.80393 0.19607 
 ----> 1.3#6.6#34.0#44.0#VAR 1585 0 0.797204 0.202796 
 ----> 1.3#6.6#34.0#44.0#VAR 1586 0 0.79722 0.20278 
 ----> 1.3#6.6#34.0#44.0#VAR 1587 0 0.804374 0.195626 
 ----> 1.3#6.6#34.0#44.0#VAR 1588 1 0.80367 0.19633 
 ----> 1.3#6.6#34.0#44.0#VAR 1589 0 0.811379 0.188621 
 ----> 1.3#6.6#34.0#44.0#VAR 1590 0 0.792625 0.207375 
 ----> 1.3#6.6#34.0#44.0#VAR 1591 0 0.793057 0.206943 
 ----> 1.3#6.6#34.0#44.0#VAR 1592 0 0.788536 0.211464 
 ----> 1.3#6.6#34.0#44.0#VAR 1593 0 0.792917 0.207083 
 ----> 1.3#6.6#34.0#44.0#VAR 1594 0 0.793098 0.206902 
 ----> 1.3#6.6#34.0#44.0#VAR 1595 0 0.798764 0.201236 
 ----> 1.3#6.6#34.0#44.0#VAR 1596 0 0.792146 0.207854 
 ----> 1.3#6.6#34.0#44.0#VAR 1597 0 0.795058 0.204942 
 ----> 1.3#6.6#34.0#44.0#VAR 1598 1 0.797636 0.202364 
 ----> 1.3#6.6#34.0#44.0#VAR 1599 0 0.783973 0.216027 
 ----> 1.3#6.6#34.0#44.0#VAR 1600 0 0.804797 0.195203 
 ----> 1.3#6.6#34.0#44.0#VAR 1601 0 0.784637 0.215363 
 ----> 1.3#6.6#34.0#44.0#VAR 1602 0 0.772895 0.227105 
 ----> 1.3#6.6#34.0#44.0#VAR 1603 0 0.789607 0.210393 
 ----> 1.3#6.6#34.0#44.0#VAR 1604 0 0.796535 0.203465 
 ----> 1.3#6.6#34.0#44.0#VAR 1605 0 0.784658 0.215342 
 ----> 1.3#6.6#34.0#44.0#VAR 1606 1 0.791956 0.208044 
 ----> 1.3#6.6#34.0#44.0#VAR 1607 1 0.794331 0.205669 
 ----> 1.3#6.6#34.0#44.0#VAR 1608 1 0.791239 0.208761 
 ----> 1.3#6.6#34.0#44.0#VAR 1609 0 0.800098 0.199902 
 ----> 1.3#6.6#34.0#44.0#VAR 1610 0 0.790566 0.209434 
 ----> 1.3#6.6#34.0#44.0#VAR 1611 0 0.792764 0.207236 
 ----> 1.3#6.6#34.0#44.0#VAR 1612 0 0.800556 0.199444 
 ----> 1.3#6.6#34.0#44.0#VAR 1613 0 0.815078 0.184922 
 ----> 1.3#6.6#34.0#44.0#VAR 1614 0 0.79417 0.20583 
 ----> 1.3#6.6#34.0#44.0#VAR 1615 0 0.799806 0.200194 
 ----> 1.3#6.6#34.0#44.0#VAR 1616 1 0.798702 0.201298 
 ----> 1.3#6.6#34.0#44.0#VAR 1617 1 0.808033 0.191967 
 ----> 1.3#6.6#34.0#44.0#VAR 1618 0 0.798232 0.201768 
 ----> 1.3#6.6#34.0#44.0#VAR 1619 0 0.80182 0.19818 
 ----> 1.3#6.6#34.0#44.0#VAR 1620 0 0.794273 0.205727 
 ----> 1.3#6.6#34.0#44.0#VAR 1621 0 0.808407 0.191593 
 ----> 1.3#6.6#34.0#44.0#VAR 1622 0 0.78774 0.21226 
 ----> 1.3#6.6#34.0#44.0#VAR 1623 1 0.806734 0.193266 
 ----> 1.3#6.6#34.0#44.0#VAR 1624 1 0.805096 0.194904 
 ----> 1.3#6.6#34.0#44.0#VAR 1625 1 0.803385 0.196615 
 ----> 1.3#6.6#34.0#44.0#VAR 1626 0 0.791987 0.208013 
 ----> 1.3#6.6#34.0#44.0#VAR 1627 0 0.806791 0.193209 
 ----> 1.3#6.6#34.0#44.0#VAR 1628 0 0.80469 0.19531 
 ----> 1.3#6.6#34.0#44.0#VAR 1629 0 0.779744 0.220256 
 ----> 1.3#6.6#34.0#44.0#VAR 1630 0 0.806208 0.193792 
 ----> 1.3#6.6#34.0#44.0#VAR 1631 0 0.806666 0.193334 
 ----> 1.3#6.6#34.0#44.0#VAR 1632 0 0.798623 0.201377 
 ----> 1.3#6.6#34.0#44.0#VAR 1633 1 0.809308 0.190692 
 ----> 1.3#6.6#34.0#44.0#VAR 1634 0 0.796941 0.203059 
 ----> 1.3#6.6#34.0#44.0#VAR 1635 0 0.793558 0.206442 
 ----> 1.3#6.6#34.0#44.0#VAR 1636 0 0.808058 0.191942 
 ----> 1.3#6.6#34.0#44.0#VAR 1637 1 0.785186 0.214814 
 ----> 1.3#6.6#34.0#44.0#VAR 1638 1 0.801858 0.198142 
 ----> 1.3#6.6#34.0#44.0#VAR 1639 1 0.799093 0.200907 
 ----> 1.3#6.6#34.0#44.0#VAR 1640 0 0.803732 0.196268 
 ----> 1.3#6.6#34.0#44.0#VAR 1641 0 0.803598 0.196402 
 ----> 1.3#6.6#34.0#44.0#VAR 1642 0 0.80216 0.19784 
 ----> 1.3#6.6#34.0#44.0#VAR 1643 0 0.786434 0.213566 
 ----> 1.3#6.6#34.0#44.0#VAR 1644 1 0.820014 0.179986 
 ----> 1.3#6.6#34.0#44.0#VAR 1645 0 0.793044 0.206956 
 ----> 1.3#6.6#34.0#44.0#VAR 1646 0 0.809326 0.190674 
 ----> 1.3#6.6#34.0#44.0#VAR 1647 1 0.80026 0.19974 
 ----> 1.3#6.6#34.0#44.0#VAR 1648 0 0.805153 0.194847 
 ----> 1.3#6.6#34.0#44.0#VAR 1649 0 0.816102 0.183898 
 ----> 1.3#6.6#34.0#44.0#VAR 1650 0 0.798226 0.201774 
 ----> 1.3#6.6#34.0#44.0#VAR 1651 0 0.807642 0.192358 
 ----> 1.3#6.6#34.0#44.0#VAR 1652 1 0.802649 0.197351 
 ----> 1.3#6.6#34.0#44.0#VAR 1653 0 0.819676 0.180324 
 ----> 1.3#6.6#34.0#44.0#VAR 1654 0 0.811749 0.188251 
 ----> 1.3#6.6#34.0#44.0#VAR 1655 1 0.804588 0.195412 
 ----> 1.3#6.6#34.0#44.0#VAR 1656 0 0.785047 0.214953 
 ----> 1.3#6.6#34.0#44.0#VAR 1657 0 0.797684 0.202316 
 ----> 1.3#6.6#34.0#44.0#VAR 1658 1 0.797798 0.202202 
 ----> 1.3#6.6#34.0#44.0#VAR 1659 0 0.813695 0.186305 
 ----> 1.3#6.6#34.0#44.0#VAR 1660 0 0.801389 0.198611 
 ----> 1.3#6.6#34.0#44.0#VAR 1661 0 0.814084 0.185916 
 ----> 1.3#6.6#34.0#44.0#VAR 1662 0 0.807643 0.192357 
 ----> 1.3#6.6#34.0#44.0#VAR 1663 0 0.790338 0.209662 
 ----> 1.3#6.6#34.0#44.0#VAR 1664 0 0.798251 0.201749 
 ----> 1.3#6.6#34.0#44.0#VAR 1665 0 0.802165 0.197835 
 ----> 1.3#6.6#34.0#44.0#VAR 1666 0 0.807463 0.192537 
 ----> 1.3#6.6#34.0#44.0#VAR 1667 0 0.814695 0.185305 
 ----> 1.3#6.6#34.0#44.0#VAR 1668 1 0.799323 0.200677 
 ----> 1.3#6.6#34.0#44.0#VAR 1669 0 0.813416 0.186584 
 ----> 1.3#6.6#34.0#44.0#VAR 1670 1 0.810473 0.189527 
 ----> 1.3#6.6#34.0#44.0#VAR 1671 1 0.805584 0.194416 
 ----> 1.3#6.6#34.0#44.0#VAR 1672 0 0.813686 0.186314 
 ----> 1.3#6.6#34.0#44.0#VAR 1673 0 0.809806 0.190194 
 ----> 1.3#6.6#34.0#44.0#VAR 1674 0 0.810003 0.189997 
 ----> 1.3#6.6#34.0#44.0#VAR 1675 1 0.807963 0.192037 
 ----> 1.3#6.6#34.0#44.0#VAR 1676 0 0.808868 0.191132 
 ----> 1.3#6.6#34.0#44.0#VAR 1677 0 0.802967 0.197033 
 ----> 1.3#6.6#34.0#44.0#VAR 1678 0 0.814281 0.185719 
 ----> 1.3#6.6#34.0#44.0#VAR 1679 0 0.799978 0.200022 
 ----> 1.3#6.6#34.0#44.0#VAR 1680 1 0.81218 0.18782 
 ----> 1.3#6.6#34.0#44.0#VAR 1681 0 0.811133 0.188867 
 ----> 1.3#6.6#34.0#44.0#VAR 1682 0 0.812191 0.187809 
 ----> 1.3#6.6#34.0#44.0#VAR 1683 0 0.808388 0.191612 
 ----> 1.3#6.6#34.0#44.0#VAR 1684 0 0.807273 0.192727 
 ----> 1.3#6.6#34.0#44.0#VAR 1685 1 0.810319 0.189681 
 ----> 1.3#6.6#34.0#44.0#VAR 1686 0 0.812479 0.187521 
 ----> 1.3#6.6#34.0#44.0#VAR 1687 1 0.806122 0.193878 
 ----> 1.3#6.6#34.0#44.0#VAR 1688 0 0.817637 0.182363 
 ----> 1.3#6.6#34.0#44.0#VAR 1689 0 0.811468 0.188532 
 ----> 1.3#6.6#34.0#44.0#VAR 1690 0 0.808535 0.191465 
 ----> 1.3#6.6#34.0#44.0#VAR 1691 1 0.818227 0.181773 
 ----> 1.3#6.6#34.0#44.0#VAR 1692 0 0.808796 0.191204 
 ----> 1.3#6.6#34.0#44.0#VAR 1693 0 0.809163 0.190837 
 ----> 1.3#6.6#34.0#44.0#VAR 1694 1 0.801315 0.198685 
 ----> 1.3#6.6#34.0#44.0#VAR 1695 0 0.80559 0.19441 
 ----> 1.3#6.6#34.0#44.0#VAR 1696 1 0.809541 0.190459 
 ----> 1.3#6.6#34.0#44.0#VAR 1697 0 0.806926 0.193074 
 ----> 1.3#6.6#34.0#44.0#VAR 1698 0 0.805126 0.194874 
 ----> 1.3#6.6#34.0#44.0#VAR 1699 1 0.803496 0.196504 
 ----> 1.3#6.6#34.0#44.0#VAR 1700 0 0.797616 0.202384 
 ----> 1.3#6.6#34.0#44.0#VAR 1701 0 0.811706 0.188294 
 ----> 1.3#6.6#34.0#44.0#VAR 1702 1 0.808138 0.191862 
 ----> 1.3#6.6#34.0#44.0#VAR 1703 0 0.80677 0.19323 
 ----> 1.3#6.6#34.0#44.0#VAR 1704 0 0.803144 0.196856 
 ----> 1.3#6.6#34.0#44.0#VAR 1705 0 0.802327 0.197673 
 ----> 1.3#6.6#34.0#44.0#VAR 1706 0 0.800905 0.199095 
 ----> 1.3#6.6#34.0#44.0#VAR 1707 0 0.806944 0.193056 
 ----> 1.3#6.6#34.0#44.0#VAR 1708 0 0.810363 0.189637 
 ----> 1.3#6.6#34.0#44.0#VAR 1709 1 0.808136 0.191864 
 ----> 1.3#6.6#34.0#44.0#VAR 1710 0 0.810331 0.189669 
 ----> 1.3#6.6#34.0#44.0#VAR 1711 0 0.802256 0.197744 
 ----> 1.3#6.6#34.0#44.0#VAR 1712 0 0.811402 0.188598 
 ----> 1.3#6.6#34.0#44.0#VAR 1713 0 0.806781 0.193219 
 ----> 1.3#6.6#34.0#44.0#VAR 1714 1 0.802256 0.197744 
 ----> 1.3#6.6#34.0#44.0#VAR 1715 0 0.817001 0.182999 
 ----> 1.3#6.6#34.0#44.0#VAR 1716 0 0.803025 0.196975 
 ----> 1.3#6.6#34.0#44.0#VAR 1717 0 0.810846 0.189154 
 ----> 1.3#6.6#34.0#44.0#VAR 1718 0 0.811005 0.188995 
 ----> 1.3#6.6#34.0#44.0#VAR 1719 0 0.809299 0.190701 
 ----> 1.3#6.6#34.0#44.0#VAR 1720 1 0.806682 0.193318 
 ----> 1.3#6.6#34.0#44.0#VAR 1721 1 0.808161 0.191839 
 ----> 1.3#6.6#34.0#44.0#VAR 1722 0 0.80712 0.19288 
 ----> 1.3#6.6#34.0#44.0#VAR 1723 0 0.803602 0.196398 
 ----> 1.3#6.6#34.0#44.0#VAR 1724 0 0.795579 0.204421 
 ----> 1.3#6.6#34.0#44.0#VAR 1725 0 0.804448 0.195552 
 ----> 1.3#6.6#34.0#44.0#VAR 1726 0 0.810034 0.189966 
 ----> 1.3#6.6#34.0#44.0#VAR 1727 0 0.807031 0.192969 
 ----> 1.3#6.6#34.0#44.0#VAR 1728 0 0.799452 0.200548 
 ----> 1.3#6.6#34.0#44.0#VAR 1729 0 0.799925 0.200075 
 ----> 1.3#6.6#34.0#44.0#VAR 1730 0 0.799889 0.200111 
 ----> 1.3#6.6#34.0#44.0#VAR 1731 0 0.796879 0.203121 
 ----> 1.3#6.6#34.0#44.0#VAR 1732 0 0.795661 0.204339 
 ----> 1.3#6.6#34.0#44.0#VAR 1733 0 0.776352 0.223648 
 ----> 1.3#6.6#34.0#44.0#VAR 1734 0 0.800258 0.199742 
 ----> 1.3#6.6#34.0#44.0#VAR 1735 0 0.797172 0.202828 
 ----> 1.3#6.6#34.0#44.0#VAR 1736 1 0.803042 0.196958 
 ----> 1.3#6.6#34.0#44.0#VAR 1737 0 0.798608 0.201392 
 ----> 1.3#6.6#34.0#44.0#VAR 1738 0 0.808968 0.191032 
 ----> 1.3#6.6#34.0#44.0#VAR 1739 0 0.781805 0.218195 
 ----> 1.3#6.6#34.0#44.0#VAR 1740 1 0.804414 0.195586 
 ----> 1.3#6.6#34.0#44.0#VAR 1741 1 0.795937 0.204063 
 ----> 1.3#6.6#34.0#44.0#VAR 1742 0 0.79303 0.20697 
 ----> 1.3#6.6#34.0#44.0#VAR 1743 0 0.79681 0.20319 
 ----> 1.3#6.6#34.0#44.0#VAR 1744 0 0.812775 0.187225 
 ----> 1.3#6.6#34.0#44.0#VAR 1745 0 0.814746 0.185254 
 ----> 1.3#6.6#34.0#44.0#VAR 1746 0 0.804425 0.195575 
 ----> 1.3#6.6#34.0#44.0#VAR 1747 0 0.797727 0.202273 
 ----> 1.3#6.6#34.0#44.0#VAR 1748 1 0.797166 0.202834 
 ----> 1.3#6.6#34.0#44.0#VAR 1749 0 0.794634 0.205366 
 ----> 1.3#6.6#34.0#44.0#VAR 1750 0 0.79997 0.20003 
 ----> 1.3#6.6#34.0#44.0#VAR 1751 1 0.799905 0.200095 
 ----> 1.3#6.6#34.0#44.0#VAR 1752 1 0.798278 0.201722 
 ----> 1.3#6.6#34.0#44.0#VAR 1753 0 0.812679 0.187321 
 ----> 1.3#6.6#34.0#44.0#VAR 1754 0 0.808776 0.191224 
 ----> 1.3#6.6#34.0#44.0#VAR 1755 0 0.802904 0.197096 
 ----> 1.3#6.6#34.0#44.0#VAR 1756 1 0.80469 0.19531 
 ----> 1.3#6.6#34.0#44.0#VAR 1757 0 0.799646 0.200354 
 ----> 1.3#6.6#34.0#44.0#VAR 1758 0 0.814422 0.185578 
 ----> 1.3#6.6#34.0#44.0#VAR 1759 0 0.81713 0.18287 
 ----> 1.3#6.6#34.0#44.0#VAR 1760 1 0.814685 0.185315 
 ----> 1.3#6.6#34.0#44.0#VAR 1761 0 0.812888 0.187112 
 ----> 1.3#6.6#34.0#44.0#VAR 1762 0 0.812311 0.187689 
 ----> 1.3#6.6#34.0#44.0#VAR 1763 1 0.81399 0.18601 
 ----> 1.3#6.6#34.0#44.0#VAR 1764 0 0.808042 0.191958 
 ----> 1.3#6.6#34.0#44.0#VAR 1765 1 0.817975 0.182025 
 ----> 1.3#6.6#34.0#44.0#VAR 1766 0 0.808283 0.191717 
 ----> 1.3#6.6#34.0#44.0#VAR 1767 0 0.810302 0.189698 
 ----> 1.3#6.6#34.0#44.0#VAR 1768 1 0.810561 0.189439 
 ----> 1.3#6.6#34.0#44.0#VAR 1769 0 0.78836 0.21164 
 ----> 1.3#6.6#34.0#44.0#VAR 1770 0 0.813618 0.186382 
 ----> 1.3#6.6#34.0#44.0#VAR 1771 0 0.80046 0.19954 
 ----> 1.3#6.6#34.0#44.0#VAR 1772 0 0.805319 0.194681 
 ----> 1.3#6.6#34.0#44.0#VAR 1773 0 0.792336 0.207664 
 ----> 1.3#6.6#34.0#44.0#VAR 1774 0 0.813101 0.186899 
 ----> 1.3#6.6#34.0#44.0#VAR 1775 0 0.804566 0.195434 
 ----> 1.3#6.6#34.0#44.0#VAR 1776 0 0.802629 0.197371 
 ----> 1.3#6.6#34.0#44.0#VAR 1777 0 0.81509 0.18491 
 ----> 1.3#6.6#34.0#44.0#VAR 1778 0 0.812597 0.187403 
 ----> 1.3#6.6#34.0#44.0#VAR 1779 0 0.812295 0.187705 
 ----> 1.3#6.6#34.0#44.0#VAR 1780 0 0.802945 0.197055 
 ----> 1.3#6.6#34.0#44.0#VAR 1781 0 0.803541 0.196459 
 ----> 1.3#6.6#34.0#44.0#VAR 1782 0 0.802888 0.197112 
 ----> 1.3#6.6#34.0#44.0#VAR 1783 0 0.82641 0.17359 
 ----> 1.3#6.6#34.0#44.0#VAR 1784 0 0.802645 0.197355 
 ----> 1.3#6.6#34.0#44.0#VAR 1785 0 0.801517 0.198483 
 ----> 1.3#6.6#34.0#44.0#VAR 1786 0 0.795111 0.204889 
 ----> 1.3#6.6#34.0#44.0#VAR 1787 0 0.797397 0.202603 
 ----> 1.3#6.6#34.0#44.0#VAR 1788 1 0.805244 0.194756 
 ----> 1.3#6.6#34.0#44.0#VAR 1789 0 0.804844 0.195156 
 ----> 1.3#6.6#34.0#44.0#VAR 1790 0 0.800471 0.199529 
 ----> 1.3#6.6#34.0#44.0#VAR 1791 0 0.805515 0.194485 
 ----> 1.3#6.6#34.0#44.0#VAR 1792 0 0.808321 0.191679 
 ----> 1.3#6.6#34.0#44.0#VAR 1793 0 0.801633 0.198367 
 ----> 1.3#6.6#34.0#44.0#VAR 1794 0 0.817059 0.182941 
 ----> 1.3#6.6#34.0#44.0#VAR 1795 1 0.813702 0.186298 
 ----> 1.3#6.6#34.0#44.0#VAR 1796 0 0.808768 0.191232 
 ----> 1.3#6.6#34.0#44.0#VAR 1797 1 0.803982 0.196018 
 ----> 1.3#6.6#34.0#44.0#VAR 1798 1 0.803265 0.196735 
 ----> 1.3#6.6#34.0#44.0#VAR 1799 1 0.804015 0.195985 
 ----> 1.3#6.6#34.0#44.0#VAR 1800 0 0.80623 0.19377 
 ----> 1.3#6.6#34.0#44.0#VAR 1801 0 0.811328 0.188672 
 ----> 1.3#6.6#34.0#44.0#VAR 1802 0 0.799657 0.200343 
 ----> 1.3#6.6#34.0#44.0#VAR 1803 0 0.812765 0.187235 
 ----> 1.3#6.6#34.0#44.0#VAR 1804 1 0.798861 0.201139 
 ----> 1.3#6.6#34.0#44.0#VAR 1805 0 0.80905 0.19095 
 ----> 1.3#6.6#34.0#44.0#VAR 1806 0 0.811008 0.188992 
 ----> 1.3#6.6#34.0#44.0#VAR 1807 1 0.80435 0.19565 
 ----> 1.3#6.6#34.0#44.0#VAR 1808 1 0.803582 0.196418 
 ----> 1.3#6.6#34.0#44.0#VAR 1809 0 0.808807 0.191193 
 ----> 1.3#6.6#34.0#44.0#VAR 1810 0 0.80869 0.19131 
 ----> 1.3#6.6#34.0#44.0#VAR 1811 0 0.80808 0.19192 
 ----> 1.3#6.6#34.0#44.0#VAR 1812 0 0.819042 0.180958 
 ----> 1.3#6.6#34.0#44.0#VAR 1813 0 0.802979 0.197021 
 ----> 1.3#6.6#34.0#44.0#VAR 1814 1 0.811252 0.188748 
 ----> 1.3#6.6#34.0#44.0#VAR 1815 0 0.820471 0.179529 
 ----> 1.3#6.6#34.0#44.0#VAR 1816 0 0.812616 0.187384 
 ----> 1.3#6.6#34.0#44.0#VAR 1817 0 0.812555 0.187445 
 ----> 1.3#6.6#34.0#44.0#VAR 1818 0 0.805614 0.194386 
 ----> 1.3#6.6#34.0#44.0#VAR 1819 1 0.802031 0.197969 
 ----> 1.3#6.6#34.0#44.0#VAR 1820 0 0.811128 0.188872 
 ----> 1.3#6.6#34.0#44.0#VAR 1821 1 0.819051 0.180949 
 ----> 1.3#6.6#34.0#44.0#VAR 1822 0 0.811863 0.188137 
 ----> 1.3#6.6#34.0#44.0#VAR 1823 0 0.810019 0.189981 
 ----> 1.3#6.6#34.0#44.0#VAR 1824 0 0.814258 0.185742 
 ----> 1.3#6.6#34.0#44.0#VAR 1825 0 0.816108 0.183892 
 ----> 1.3#6.6#34.0#44.0#VAR 1826 1 0.805596 0.194404 
 ++++> 1.3#6.6#34.0#44.0#VAR 1827  0 0.792603 0.207397 
