 ----> 1.3#6.6#34.0#44.0#VAR 7 0 0.761001 0.238999 
 ----> 1.3#6.6#34.0#44.0#VAR 8 0 0.80987 0.19013 
 ----> 1.3#6.6#34.0#44.0#VAR 9 0 0.821418 0.178582 
 ----> 1.3#6.6#34.0#44.0#VAR 10 0 0.814836 0.185164 
 ----> 1.3#6.6#34.0#44.0#VAR 11 0 0.81178 0.18822 
 ----> 1.3#6.6#34.0#44.0#VAR 12 0 0.818229 0.181771 
 ----> 1.3#6.6#34.0#44.0#VAR 13 0 0.812445 0.187555 
 ----> 1.3#6.6#34.0#44.0#VAR 14 0 0.808998 0.191002 
 ----> 1.3#6.6#34.0#44.0#VAR 15 1 0.805982 0.194018 
 ----> 1.3#6.6#34.0#44.0#VAR 16 1 0.806136 0.193864 
 ----> 1.3#6.6#34.0#44.0#VAR 17 1 0.802157 0.197843 
 ----> 1.3#6.6#34.0#44.0#VAR 18 0 0.798654 0.201346 
 ----> 1.3#6.6#34.0#44.0#VAR 19 0 0.812644 0.187356 
 ----> 1.3#6.6#34.0#44.0#VAR 20 0 0.806778 0.193222 
 ----> 1.3#6.6#34.0#44.0#VAR 21 0 0.809597 0.190403 
 ----> 1.3#6.6#34.0#44.0#VAR 22 0 0.806934 0.193066 
 ----> 1.3#6.6#34.0#44.0#VAR 23 0 0.812451 0.187549 
 ----> 1.3#6.6#34.0#44.0#VAR 24 0 0.811477 0.188523 
 ----> 1.3#6.6#34.0#44.0#VAR 25 0 0.798566 0.201434 
 ----> 1.3#6.6#34.0#44.0#VAR 26 0 0.818562 0.181438 
 ----> 1.3#6.6#34.0#44.0#VAR 27 0 0.811591 0.188409 
 ----> 1.3#6.6#34.0#44.0#VAR 28 0 0.808958 0.191042 
 ----> 1.3#6.6#34.0#44.0#VAR 29 0 0.810842 0.189158 
 ----> 1.3#6.6#34.0#44.0#VAR 30 0 0.803497 0.196503 
 ----> 1.3#6.6#34.0#44.0#VAR 31 0 0.811859 0.188141 
 ----> 1.3#6.6#34.0#44.0#VAR 32 0 0.807842 0.192158 
 ----> 1.3#6.6#34.0#44.0#VAR 33 0 0.813523 0.186477 
 ----> 1.3#6.6#34.0#44.0#VAR 34 0 0.794365 0.205635 
 ----> 1.3#6.6#34.0#44.0#VAR 35 1 0.811417 0.188583 
 ----> 1.3#6.6#34.0#44.0#VAR 36 0 0.817692 0.182308 
 ----> 1.3#6.6#34.0#44.0#VAR 37 0 0.801884 0.198116 
 ----> 1.3#6.6#34.0#44.0#VAR 38 0 0.796128 0.203872 
 ----> 1.3#6.6#34.0#44.0#VAR 39 0 0.810915 0.189085 
 ----> 1.3#6.6#34.0#44.0#VAR 40 0 0.811903 0.188097 
 ----> 1.3#6.6#34.0#44.0#VAR 41 0 0.805184 0.194816 
 ----> 1.3#6.6#34.0#44.0#VAR 42 0 0.83042 0.16958 
 ----> 1.3#6.6#34.0#44.0#VAR 43 0 0.821357 0.178643 
 ----> 1.3#6.6#34.0#44.0#VAR 44 0 0.807803 0.192197 
 ----> 1.3#6.6#34.0#44.0#VAR 45 0 0.818012 0.181988 
 ----> 1.3#6.6#34.0#44.0#VAR 46 0 0.805862 0.194138 
 ----> 1.3#6.6#34.0#44.0#VAR 47 0 0.810867 0.189133 
 ----> 1.3#6.6#34.0#44.0#VAR 48 0 0.815949 0.184051 
 ----> 1.3#6.6#34.0#44.0#VAR 49 0 0.800236 0.199764 
 ----> 1.3#6.6#34.0#44.0#VAR 50 0 0.80599 0.19401 
 ----> 1.3#6.6#34.0#44.0#VAR 51 0 0.813486 0.186514 
 ----> 1.3#6.6#34.0#44.0#VAR 52 1 0.811694 0.188306 
 ----> 1.3#6.6#34.0#44.0#VAR 53 0 0.809713 0.190287 
 ----> 1.3#6.6#34.0#44.0#VAR 54 0 0.797692 0.202308 
 ----> 1.3#6.6#34.0#44.0#VAR 55 0 0.816377 0.183623 
 ----> 1.3#6.6#34.0#44.0#VAR 56 0 0.809561 0.190439 
 ----> 1.3#6.6#34.0#44.0#VAR 57 0 0.819432 0.180568 
 ----> 1.3#6.6#34.0#44.0#VAR 58 0 0.808829 0.191171 
 ----> 1.3#6.6#34.0#44.0#VAR 59 1 0.805988 0.194012 
 ----> 1.3#6.6#34.0#44.0#VAR 60 1 0.81168 0.18832 
 ----> 1.3#6.6#34.0#44.0#VAR 61 0 0.805107 0.194893 
 ----> 1.3#6.6#34.0#44.0#VAR 62 0 0.810563 0.189437 
 ----> 1.3#6.6#34.0#44.0#VAR 63 0 0.817307 0.182693 
 ----> 1.3#6.6#34.0#44.0#VAR 64 0 0.81796 0.18204 
 ----> 1.3#6.6#34.0#44.0#VAR 65 0 0.808838 0.191162 
 ----> 1.3#6.6#34.0#44.0#VAR 66 0 0.809226 0.190774 
 ----> 1.3#6.6#34.0#44.0#VAR 67 0 0.817621 0.182379 
 ----> 1.3#6.6#34.0#44.0#VAR 68 0 0.805647 0.194353 
 ----> 1.3#6.6#34.0#44.0#VAR 69 0 0.810749 0.189251 
 ----> 1.3#6.6#34.0#44.0#VAR 70 1 0.791555 0.208445 
 ----> 1.3#6.6#34.0#44.0#VAR 71 0 0.816515 0.183485 
 ----> 1.3#6.6#34.0#44.0#VAR 72 1 0.800598 0.199402 
 ----> 1.3#6.6#34.0#44.0#VAR 73 0 0.81904 0.18096 
 ----> 1.3#6.6#34.0#44.0#VAR 74 0 0.812766 0.187234 
 ----> 1.3#6.6#34.0#44.0#VAR 75 0 0.816726 0.183274 
 ----> 1.3#6.6#34.0#44.0#VAR 76 0 0.807466 0.192534 
 ----> 1.3#6.6#34.0#44.0#VAR 77 0 0.815437 0.184563 
 ----> 1.3#6.6#34.0#44.0#VAR 78 0 0.812649 0.187351 
 ----> 1.3#6.6#34.0#44.0#VAR 79 0 0.81882 0.18118 
 ----> 1.3#6.6#34.0#44.0#VAR 80 0 0.805622 0.194378 
 ----> 1.3#6.6#34.0#44.0#VAR 81 0 0.810865 0.189135 
 ----> 1.3#6.6#34.0#44.0#VAR 82 0 0.827081 0.172919 
 ----> 1.3#6.6#34.0#44.0#VAR 83 1 0.792285 0.207715 
 ----> 1.3#6.6#34.0#44.0#VAR 84 0 0.807497 0.192503 
 ----> 1.3#6.6#34.0#44.0#VAR 85 0 0.804895 0.195105 
 ----> 1.3#6.6#34.0#44.0#VAR 86 0 0.808219 0.191781 
 ----> 1.3#6.6#34.0#44.0#VAR 87 0 0.809652 0.190348 
 ----> 1.3#6.6#34.0#44.0#VAR 88 1 0.809857 0.190143 
 ----> 1.3#6.6#34.0#44.0#VAR 89 1 0.805203 0.194797 
 ----> 1.3#6.6#34.0#44.0#VAR 90 0 0.800155 0.199845 
 ----> 1.3#6.6#34.0#44.0#VAR 91 0 0.813597 0.186403 
 ----> 1.3#6.6#34.0#44.0#VAR 92 1 0.809191 0.190809 
 ----> 1.3#6.6#34.0#44.0#VAR 93 0 0.812337 0.187663 
 ----> 1.3#6.6#34.0#44.0#VAR 94 1 0.79175 0.20825 
 ----> 1.3#6.6#34.0#44.0#VAR 95 0 0.818706 0.181294 
 ----> 1.3#6.6#34.0#44.0#VAR 96 0 0.817488 0.182512 
 ----> 1.3#6.6#34.0#44.0#VAR 97 0 0.812074 0.187926 
 ----> 1.3#6.6#34.0#44.0#VAR 98 0 0.819237 0.180763 
 ----> 1.3#6.6#34.0#44.0#VAR 99 0 0.806792 0.193208 
 ----> 1.3#6.6#34.0#44.0#VAR 100 1 0.788569 0.211431 
 ----> 1.3#6.6#34.0#44.0#VAR 101 0 0.819988 0.180012 
 ----> 1.3#6.6#34.0#44.0#VAR 102 0 0.814089 0.185911 
 ----> 1.3#6.6#34.0#44.0#VAR 103 0 0.804681 0.195319 
 ----> 1.3#6.6#34.0#44.0#VAR 104 0 0.811122 0.188878 
 ----> 1.3#6.6#34.0#44.0#VAR 105 0 0.829656 0.170344 
 ----> 1.3#6.6#34.0#44.0#VAR 106 0 0.806557 0.193443 
 ----> 1.3#6.6#34.0#44.0#VAR 107 1 0.791153 0.208847 
 ----> 1.3#6.6#34.0#44.0#VAR 108 1 0.813353 0.186647 
 ----> 1.3#6.6#34.0#44.0#VAR 109 0 0.819283 0.180717 
 ----> 1.3#6.6#34.0#44.0#VAR 110 1 0.812371 0.187629 
 ----> 1.3#6.6#34.0#44.0#VAR 111 0 0.822196 0.177804 
 ----> 1.3#6.6#34.0#44.0#VAR 112 0 0.813559 0.186441 
 ----> 1.3#6.6#34.0#44.0#VAR 113 0 0.828472 0.171528 
 ----> 1.3#6.6#34.0#44.0#VAR 114 0 0.813698 0.186302 
 ----> 1.3#6.6#34.0#44.0#VAR 115 0 0.7926 0.2074 
 ----> 1.3#6.6#34.0#44.0#VAR 116 0 0.808368 0.191632 
 ----> 1.3#6.6#34.0#44.0#VAR 117 0 0.830841 0.169159 
 ----> 1.3#6.6#34.0#44.0#VAR 118 0 0.826449 0.173551 
 ----> 1.3#6.6#34.0#44.0#VAR 119 0 0.813812 0.186188 
 ----> 1.3#6.6#34.0#44.0#VAR 120 0 0.818926 0.181074 
 ----> 1.3#6.6#34.0#44.0#VAR 121 0 0.814088 0.185912 
 ----> 1.3#6.6#34.0#44.0#VAR 122 0 0.81431 0.18569 
 ----> 1.3#6.6#34.0#44.0#VAR 123 0 0.820904 0.179096 
 ----> 1.3#6.6#34.0#44.0#VAR 124 0 0.81737 0.18263 
 ----> 1.3#6.6#34.0#44.0#VAR 125 0 0.812311 0.187689 
 ----> 1.3#6.6#34.0#44.0#VAR 126 0 0.813884 0.186116 
 ----> 1.3#6.6#34.0#44.0#VAR 127 0 0.820843 0.179157 
 ----> 1.3#6.6#34.0#44.0#VAR 128 0 0.804324 0.195676 
 ----> 1.3#6.6#34.0#44.0#VAR 129 0 0.81347 0.18653 
 ----> 1.3#6.6#34.0#44.0#VAR 130 1 0.806015 0.193985 
 ----> 1.3#6.6#34.0#44.0#VAR 131 0 0.809447 0.190553 
 ----> 1.3#6.6#34.0#44.0#VAR 132 0 0.811756 0.188244 
 ----> 1.3#6.6#34.0#44.0#VAR 133 0 0.819961 0.180039 
 ----> 1.3#6.6#34.0#44.0#VAR 134 0 0.808627 0.191373 
 ----> 1.3#6.6#34.0#44.0#VAR 135 0 0.803735 0.196265 
 ----> 1.3#6.6#34.0#44.0#VAR 136 1 0.799844 0.200156 
 ----> 1.3#6.6#34.0#44.0#VAR 137 0 0.817637 0.182363 
 ----> 1.3#6.6#34.0#44.0#VAR 138 0 0.810295 0.189705 
 ----> 1.3#6.6#34.0#44.0#VAR 139 0 0.816014 0.183986 
 ----> 1.3#6.6#34.0#44.0#VAR 140 0 0.818234 0.181766 
 ----> 1.3#6.6#34.0#44.0#VAR 141 0 0.818232 0.181768 
 ----> 1.3#6.6#34.0#44.0#VAR 142 1 0.786587 0.213413 
 ----> 1.3#6.6#34.0#44.0#VAR 143 0 0.812474 0.187526 
 ----> 1.3#6.6#34.0#44.0#VAR 144 0 0.809803 0.190197 
 ----> 1.3#6.6#34.0#44.0#VAR 145 0 0.811288 0.188712 
 ----> 1.3#6.6#34.0#44.0#VAR 146 0 0.785811 0.214189 
 ----> 1.3#6.6#34.0#44.0#VAR 147 1 0.803079 0.196921 
 ----> 1.3#6.6#34.0#44.0#VAR 148 0 0.80477 0.19523 
 ----> 1.3#6.6#34.0#44.0#VAR 149 0 0.808276 0.191724 
 ----> 1.3#6.6#34.0#44.0#VAR 150 0 0.811618 0.188382 
 ----> 1.3#6.6#34.0#44.0#VAR 151 1 0.778968 0.221032 
 ----> 1.3#6.6#34.0#44.0#VAR 152 0 0.815225 0.184775 
 ----> 1.3#6.6#34.0#44.0#VAR 153 0 0.823586 0.176414 
 ----> 1.3#6.6#34.0#44.0#VAR 154 0 0.81168 0.18832 
 ----> 1.3#6.6#34.0#44.0#VAR 155 1 0.788049 0.211951 
 ----> 1.3#6.6#34.0#44.0#VAR 156 0 0.828021 0.171979 
 ----> 1.3#6.6#34.0#44.0#VAR 157 0 0.826623 0.173377 
 ----> 1.3#6.6#34.0#44.0#VAR 158 0 0.825177 0.174823 
 ----> 1.3#6.6#34.0#44.0#VAR 159 1 0.804387 0.195613 
 ----> 1.3#6.6#34.0#44.0#VAR 160 0 0.822617 0.177383 
 ----> 1.3#6.6#34.0#44.0#VAR 161 0 0.814306 0.185694 
 ----> 1.3#6.6#34.0#44.0#VAR 162 0 0.811961 0.188039 
 ----> 1.3#6.6#34.0#44.0#VAR 163 0 0.823467 0.176533 
 ----> 1.3#6.6#34.0#44.0#VAR 164 0 0.815923 0.184077 
 ----> 1.3#6.6#34.0#44.0#VAR 165 0 0.81064 0.18936 
 ----> 1.3#6.6#34.0#44.0#VAR 166 0 0.821633 0.178367 
 ----> 1.3#6.6#34.0#44.0#VAR 167 0 0.821445 0.178555 
 ----> 1.3#6.6#34.0#44.0#VAR 168 0 0.813459 0.186541 
 ----> 1.3#6.6#34.0#44.0#VAR 169 1 0.796855 0.203145 
 ----> 1.3#6.6#34.0#44.0#VAR 170 0 0.807314 0.192686 
 ----> 1.3#6.6#34.0#44.0#VAR 171 0 0.811732 0.188268 
 ----> 1.3#6.6#34.0#44.0#VAR 172 0 0.8124 0.1876 
 ----> 1.3#6.6#34.0#44.0#VAR 173 1 0.797341 0.202659 
 ----> 1.3#6.6#34.0#44.0#VAR 174 1 0.788539 0.211461 
 ----> 1.3#6.6#34.0#44.0#VAR 175 1 0.791762 0.208238 
 ----> 1.3#6.6#34.0#44.0#VAR 176 0 0.814642 0.185358 
 ----> 1.3#6.6#34.0#44.0#VAR 177 0 0.808822 0.191178 
 ----> 1.3#6.6#34.0#44.0#VAR 178 0 0.820346 0.179654 
 ----> 1.3#6.6#34.0#44.0#VAR 179 1 0.802703 0.197297 
 ----> 1.3#6.6#34.0#44.0#VAR 180 0 0.81685 0.18315 
 ----> 1.3#6.6#34.0#44.0#VAR 181 1 0.794844 0.205156 
 ----> 1.3#6.6#34.0#44.0#VAR 182 0 0.813572 0.186428 
 ----> 1.3#6.6#34.0#44.0#VAR 183 0 0.823761 0.176239 
 ----> 1.3#6.6#34.0#44.0#VAR 184 1 0.784756 0.215244 
 ----> 1.3#6.6#34.0#44.0#VAR 185 0 0.804534 0.195466 
 ----> 1.3#6.6#34.0#44.0#VAR 186 0 0.821729 0.178271 
 ----> 1.3#6.6#34.0#44.0#VAR 187 1 0.784798 0.215202 
 ----> 1.3#6.6#34.0#44.0#VAR 188 0 0.802221 0.197779 
 ----> 1.3#6.6#34.0#44.0#VAR 189 0 0.809367 0.190633 
 ----> 1.3#6.6#34.0#44.0#VAR 190 0 0.822844 0.177156 
 ----> 1.3#6.6#34.0#44.0#VAR 191 1 0.799767 0.200233 
 ----> 1.3#6.6#34.0#44.0#VAR 192 0 0.815152 0.184848 
 ----> 1.3#6.6#34.0#44.0#VAR 193 0 0.816408 0.183592 
 ----> 1.3#6.6#34.0#44.0#VAR 194 1 0.796636 0.203364 
 ----> 1.3#6.6#34.0#44.0#VAR 195 0 0.799848 0.200152 
 ----> 1.3#6.6#34.0#44.0#VAR 196 0 0.814986 0.185014 
 ----> 1.3#6.6#34.0#44.0#VAR 197 1 0.794651 0.205349 
 ----> 1.3#6.6#34.0#44.0#VAR 198 0 0.831589 0.168411 
 ----> 1.3#6.6#34.0#44.0#VAR 199 0 0.800647 0.199353 
 ----> 1.3#6.6#34.0#44.0#VAR 200 1 0.80552 0.19448 
 ----> 1.3#6.6#34.0#44.0#VAR 201 0 0.815465 0.184535 
 ----> 1.3#6.6#34.0#44.0#VAR 202 0 0.826201 0.173799 
 ----> 1.3#6.6#34.0#44.0#VAR 203 0 0.815763 0.184237 
 ----> 1.3#6.6#34.0#44.0#VAR 204 1 0.804585 0.195415 
 ----> 1.3#6.6#34.0#44.0#VAR 205 0 0.801625 0.198375 
 ----> 1.3#6.6#34.0#44.0#VAR 206 0 0.813732 0.186268 
 ----> 1.3#6.6#34.0#44.0#VAR 207 0 0.807321 0.192679 
 ----> 1.3#6.6#34.0#44.0#VAR 208 0 0.818639 0.181361 
 ----> 1.3#6.6#34.0#44.0#VAR 209 1 0.797036 0.202964 
 ----> 1.3#6.6#34.0#44.0#VAR 210 1 0.802751 0.197249 
 ----> 1.3#6.6#34.0#44.0#VAR 211 1 0.784831 0.215169 
 ----> 1.3#6.6#34.0#44.0#VAR 212 0 0.803201 0.196799 
 ----> 1.3#6.6#34.0#44.0#VAR 213 0 0.806545 0.193455 
 ----> 1.3#6.6#34.0#44.0#VAR 214 0 0.824521 0.175479 
 ----> 1.3#6.6#34.0#44.0#VAR 215 0 0.806643 0.193357 
 ----> 1.3#6.6#34.0#44.0#VAR 216 0 0.814364 0.185636 
 ----> 1.3#6.6#34.0#44.0#VAR 217 1 0.806431 0.193569 
 ----> 1.3#6.6#34.0#44.0#VAR 218 0 0.816269 0.183731 
 ----> 1.3#6.6#34.0#44.0#VAR 219 0 0.804666 0.195334 
 ----> 1.3#6.6#34.0#44.0#VAR 220 0 0.817722 0.182278 
 ----> 1.3#6.6#34.0#44.0#VAR 221 0 0.796607 0.203393 
 ----> 1.3#6.6#34.0#44.0#VAR 222 0 0.802644 0.197356 
 ----> 1.3#6.6#34.0#44.0#VAR 223 0 0.812026 0.187974 
 ----> 1.3#6.6#34.0#44.0#VAR 224 0 0.825999 0.174001 
 ----> 1.3#6.6#34.0#44.0#VAR 225 0 0.821223 0.178777 
 ----> 1.3#6.6#34.0#44.0#VAR 226 0 0.805208 0.194792 
 ----> 1.3#6.6#34.0#44.0#VAR 227 0 0.818814 0.181186 
 ----> 1.3#6.6#34.0#44.0#VAR 228 0 0.826974 0.173026 
 ----> 1.3#6.6#34.0#44.0#VAR 229 0 0.810691 0.189309 
 ----> 1.3#6.6#34.0#44.0#VAR 230 0 0.810021 0.189979 
 ----> 1.3#6.6#34.0#44.0#VAR 231 0 0.796669 0.203331 
 ----> 1.3#6.6#34.0#44.0#VAR 232 0 0.826432 0.173568 
 ----> 1.3#6.6#34.0#44.0#VAR 233 0 0.805179 0.194821 
 ----> 1.3#6.6#34.0#44.0#VAR 234 0 0.813896 0.186104 
 ----> 1.3#6.6#34.0#44.0#VAR 235 0 0.817352 0.182648 
 ----> 1.3#6.6#34.0#44.0#VAR 236 0 0.812562 0.187438 
 ----> 1.3#6.6#34.0#44.0#VAR 237 0 0.81721 0.18279 
 ----> 1.3#6.6#34.0#44.0#VAR 238 0 0.816573 0.183427 
 ----> 1.3#6.6#34.0#44.0#VAR 239 0 0.788247 0.211753 
 ----> 1.3#6.6#34.0#44.0#VAR 240 0 0.81542 0.18458 
 ----> 1.3#6.6#34.0#44.0#VAR 241 0 0.815915 0.184085 
 ----> 1.3#6.6#34.0#44.0#VAR 242 0 0.800528 0.199472 
 ----> 1.3#6.6#34.0#44.0#VAR 243 0 0.797237 0.202763 
 ----> 1.3#6.6#34.0#44.0#VAR 244 0 0.823864 0.176136 
 ----> 1.3#6.6#34.0#44.0#VAR 245 0 0.820475 0.179525 
 ----> 1.3#6.6#34.0#44.0#VAR 246 0 0.81474 0.18526 
 ----> 1.3#6.6#34.0#44.0#VAR 247 0 0.810838 0.189162 
 ----> 1.3#6.6#34.0#44.0#VAR 248 1 0.778765 0.221235 
 ----> 1.3#6.6#34.0#44.0#VAR 249 0 0.80557 0.19443 
 ----> 1.3#6.6#34.0#44.0#VAR 250 1 0.795791 0.204209 
 ----> 1.3#6.6#34.0#44.0#VAR 251 0 0.816374 0.183626 
 ----> 1.3#6.6#34.0#44.0#VAR 252 0 0.806154 0.193846 
 ----> 1.3#6.6#34.0#44.0#VAR 253 0 0.812519 0.187481 
 ----> 1.3#6.6#34.0#44.0#VAR 254 0 0.806652 0.193348 
 ----> 1.3#6.6#34.0#44.0#VAR 255 0 0.806661 0.193339 
 ----> 1.3#6.6#34.0#44.0#VAR 256 0 0.821177 0.178823 
 ----> 1.3#6.6#34.0#44.0#VAR 257 0 0.820897 0.179103 
 ----> 1.3#6.6#34.0#44.0#VAR 258 0 0.829819 0.170181 
 ----> 1.3#6.6#34.0#44.0#VAR 259 1 0.817277 0.182723 
 ----> 1.3#6.6#34.0#44.0#VAR 260 0 0.808637 0.191363 
 ----> 1.3#6.6#34.0#44.0#VAR 261 0 0.80398 0.19602 
 ----> 1.3#6.6#34.0#44.0#VAR 262 0 0.818912 0.181088 
 ----> 1.3#6.6#34.0#44.0#VAR 263 0 0.806113 0.193887 
 ----> 1.3#6.6#34.0#44.0#VAR 264 0 0.824612 0.175388 
 ----> 1.3#6.6#34.0#44.0#VAR 265 0 0.829791 0.170209 
 ----> 1.3#6.6#34.0#44.0#VAR 266 0 0.813931 0.186069 
 ----> 1.3#6.6#34.0#44.0#VAR 267 0 0.825182 0.174818 
 ----> 1.3#6.6#34.0#44.0#VAR 268 0 0.820806 0.179194 
 ----> 1.3#6.6#34.0#44.0#VAR 269 0 0.798698 0.201302 
 ----> 1.3#6.6#34.0#44.0#VAR 270 0 0.821391 0.178609 
 ----> 1.3#6.6#34.0#44.0#VAR 271 0 0.803683 0.196317 
 ----> 1.3#6.6#34.0#44.0#VAR 272 0 0.820359 0.179641 
 ----> 1.3#6.6#34.0#44.0#VAR 273 0 0.816464 0.183536 
 ----> 1.3#6.6#34.0#44.0#VAR 274 1 0.801134 0.198866 
 ----> 1.3#6.6#34.0#44.0#VAR 275 0 0.815992 0.184008 
 ----> 1.3#6.6#34.0#44.0#VAR 276 0 0.813609 0.186391 
 ----> 1.3#6.6#34.0#44.0#VAR 277 0 0.811203 0.188797 
 ----> 1.3#6.6#34.0#44.0#VAR 278 0 0.808396 0.191604 
 ----> 1.3#6.6#34.0#44.0#VAR 279 0 0.812581 0.187419 
 ----> 1.3#6.6#34.0#44.0#VAR 280 0 0.817951 0.182049 
 ----> 1.3#6.6#34.0#44.0#VAR 281 0 0.819829 0.180171 
 ----> 1.3#6.6#34.0#44.0#VAR 282 0 0.809995 0.190005 
 ----> 1.3#6.6#34.0#44.0#VAR 283 0 0.816004 0.183996 
 ----> 1.3#6.6#34.0#44.0#VAR 284 0 0.82284 0.17716 
 ----> 1.3#6.6#34.0#44.0#VAR 285 0 0.811129 0.188871 
 ----> 1.3#6.6#34.0#44.0#VAR 286 1 0.81148 0.18852 
 ----> 1.3#6.6#34.0#44.0#VAR 287 1 0.793927 0.206073 
 ----> 1.3#6.6#34.0#44.0#VAR 288 0 0.818403 0.181597 
 ----> 1.3#6.6#34.0#44.0#VAR 289 0 0.816405 0.183595 
 ----> 1.3#6.6#34.0#44.0#VAR 290 0 0.805977 0.194023 
 ----> 1.3#6.6#34.0#44.0#VAR 291 0 0.81276 0.18724 
 ----> 1.3#6.6#34.0#44.0#VAR 292 0 0.81133 0.18867 
 ----> 1.3#6.6#34.0#44.0#VAR 293 0 0.818812 0.181188 
 ----> 1.3#6.6#34.0#44.0#VAR 294 0 0.827447 0.172553 
 ----> 1.3#6.6#34.0#44.0#VAR 295 0 0.798799 0.201201 
 ----> 1.3#6.6#34.0#44.0#VAR 296 0 0.804589 0.195411 
 ----> 1.3#6.6#34.0#44.0#VAR 297 0 0.818873 0.181127 
 ----> 1.3#6.6#34.0#44.0#VAR 298 0 0.815115 0.184885 
 ----> 1.3#6.6#34.0#44.0#VAR 299 0 0.818647 0.181353 
 ----> 1.3#6.6#34.0#44.0#VAR 300 0 0.831154 0.168846 
 ----> 1.3#6.6#34.0#44.0#VAR 301 0 0.815871 0.184129 
 ----> 1.3#6.6#34.0#44.0#VAR 302 0 0.80521 0.19479 
 ----> 1.3#6.6#34.0#44.0#VAR 303 0 0.815723 0.184277 
 ----> 1.3#6.6#34.0#44.0#VAR 304 0 0.810313 0.189687 
 ----> 1.3#6.6#34.0#44.0#VAR 305 0 0.819205 0.180795 
 ----> 1.3#6.6#34.0#44.0#VAR 306 0 0.805977 0.194023 
 ----> 1.3#6.6#34.0#44.0#VAR 307 0 0.817076 0.182924 
 ----> 1.3#6.6#34.0#44.0#VAR 308 0 0.817271 0.182729 
 ----> 1.3#6.6#34.0#44.0#VAR 309 0 0.821973 0.178027 
 ----> 1.3#6.6#34.0#44.0#VAR 310 0 0.823873 0.176127 
 ----> 1.3#6.6#34.0#44.0#VAR 311 0 0.805293 0.194707 
 ----> 1.3#6.6#34.0#44.0#VAR 312 0 0.815649 0.184351 
 ----> 1.3#6.6#34.0#44.0#VAR 313 0 0.811469 0.188531 
 ----> 1.3#6.6#34.0#44.0#VAR 314 0 0.810164 0.189836 
 ----> 1.3#6.6#34.0#44.0#VAR 315 0 0.81142 0.18858 
 ----> 1.3#6.6#34.0#44.0#VAR 316 0 0.819133 0.180867 
 ----> 1.3#6.6#34.0#44.0#VAR 317 1 0.757386 0.242614 
 ----> 1.3#6.6#34.0#44.0#VAR 318 0 0.806047 0.193953 
 ----> 1.3#6.6#34.0#44.0#VAR 319 0 0.813707 0.186293 
 ----> 1.3#6.6#34.0#44.0#VAR 320 0 0.809697 0.190303 
 ----> 1.3#6.6#34.0#44.0#VAR 321 0 0.80132 0.19868 
 ----> 1.3#6.6#34.0#44.0#VAR 322 0 0.812686 0.187314 
 ----> 1.3#6.6#34.0#44.0#VAR 323 0 0.816403 0.183597 
 ----> 1.3#6.6#34.0#44.0#VAR 324 0 0.808007 0.191993 
 ----> 1.3#6.6#34.0#44.0#VAR 325 0 0.817498 0.182502 
 ----> 1.3#6.6#34.0#44.0#VAR 326 0 0.820088 0.179912 
 ----> 1.3#6.6#34.0#44.0#VAR 327 0 0.806012 0.193988 
 ----> 1.3#6.6#34.0#44.0#VAR 328 0 0.815251 0.184749 
 ----> 1.3#6.6#34.0#44.0#VAR 329 0 0.826912 0.173088 
 ----> 1.3#6.6#34.0#44.0#VAR 330 0 0.813984 0.186016 
 ----> 1.3#6.6#34.0#44.0#VAR 331 0 0.806031 0.193969 
 ----> 1.3#6.6#34.0#44.0#VAR 332 1 0.811446 0.188554 
 ----> 1.3#6.6#34.0#44.0#VAR 333 0 0.818657 0.181343 
 ----> 1.3#6.6#34.0#44.0#VAR 334 0 0.81827 0.18173 
 ----> 1.3#6.6#34.0#44.0#VAR 335 0 0.813916 0.186084 
 ----> 1.3#6.6#34.0#44.0#VAR 336 0 0.821155 0.178845 
 ----> 1.3#6.6#34.0#44.0#VAR 337 0 0.819114 0.180886 
 ----> 1.3#6.6#34.0#44.0#VAR 338 0 0.825381 0.174619 
 ----> 1.3#6.6#34.0#44.0#VAR 339 0 0.809484 0.190516 
 ----> 1.3#6.6#34.0#44.0#VAR 340 0 0.820638 0.179362 
 ----> 1.3#6.6#34.0#44.0#VAR 341 0 0.813711 0.186289 
 ----> 1.3#6.6#34.0#44.0#VAR 342 0 0.815502 0.184498 
 ----> 1.3#6.6#34.0#44.0#VAR 343 0 0.813848 0.186152 
 ----> 1.3#6.6#34.0#44.0#VAR 344 0 0.825638 0.174362 
 ----> 1.3#6.6#34.0#44.0#VAR 345 0 0.809779 0.190221 
 ----> 1.3#6.6#34.0#44.0#VAR 346 0 0.797048 0.202952 
 ----> 1.3#6.6#34.0#44.0#VAR 347 0 0.81681 0.18319 
 ----> 1.3#6.6#34.0#44.0#VAR 348 0 0.802037 0.197963 
 ----> 1.3#6.6#34.0#44.0#VAR 349 0 0.812214 0.187786 
 ----> 1.3#6.6#34.0#44.0#VAR 350 0 0.822326 0.177674 
 ----> 1.3#6.6#34.0#44.0#VAR 351 0 0.81523 0.18477 
 ----> 1.3#6.6#34.0#44.0#VAR 352 0 0.810462 0.189538 
 ----> 1.3#6.6#34.0#44.0#VAR 353 0 0.816642 0.183358 
 ----> 1.3#6.6#34.0#44.0#VAR 354 0 0.810296 0.189704 
 ----> 1.3#6.6#34.0#44.0#VAR 355 0 0.803739 0.196261 
 ----> 1.3#6.6#34.0#44.0#VAR 356 0 0.799575 0.200425 
 ----> 1.3#6.6#34.0#44.0#VAR 357 0 0.800436 0.199564 
 ----> 1.3#6.6#34.0#44.0#VAR 358 0 0.821259 0.178741 
 ----> 1.3#6.6#34.0#44.0#VAR 359 1 0.805242 0.194758 
 ----> 1.3#6.6#34.0#44.0#VAR 360 0 0.811759 0.188241 
 ----> 1.3#6.6#34.0#44.0#VAR 361 1 0.80026 0.19974 
 ----> 1.3#6.6#34.0#44.0#VAR 362 0 0.815386 0.184614 
 ----> 1.3#6.6#34.0#44.0#VAR 363 0 0.799505 0.200495 
 ----> 1.3#6.6#34.0#44.0#VAR 364 0 0.819243 0.180757 
 ----> 1.3#6.6#34.0#44.0#VAR 365 0 0.816281 0.183719 
 ----> 1.3#6.6#34.0#44.0#VAR 366 0 0.823032 0.176968 
 ----> 1.3#6.6#34.0#44.0#VAR 367 0 0.823004 0.176996 
 ----> 1.3#6.6#34.0#44.0#VAR 368 0 0.80612 0.19388 
 ----> 1.3#6.6#34.0#44.0#VAR 369 0 0.801289 0.198711 
 ----> 1.3#6.6#34.0#44.0#VAR 370 0 0.813077 0.186923 
 ----> 1.3#6.6#34.0#44.0#VAR 371 1 0.79735 0.20265 
 ----> 1.3#6.6#34.0#44.0#VAR 372 0 0.819921 0.180079 
 ----> 1.3#6.6#34.0#44.0#VAR 373 0 0.814783 0.185217 
 ----> 1.3#6.6#34.0#44.0#VAR 374 0 0.81631 0.18369 
 ----> 1.3#6.6#34.0#44.0#VAR 375 1 0.804357 0.195643 
 ----> 1.3#6.6#34.0#44.0#VAR 376 0 0.819924 0.180076 
 ----> 1.3#6.6#34.0#44.0#VAR 377 0 0.815047 0.184953 
 ----> 1.3#6.6#34.0#44.0#VAR 378 0 0.817382 0.182618 
 ----> 1.3#6.6#34.0#44.0#VAR 379 0 0.795361 0.204639 
 ----> 1.3#6.6#34.0#44.0#VAR 380 0 0.82343 0.17657 
 ----> 1.3#6.6#34.0#44.0#VAR 381 0 0.822831 0.177169 
 ----> 1.3#6.6#34.0#44.0#VAR 382 0 0.821796 0.178204 
 ----> 1.3#6.6#34.0#44.0#VAR 383 0 0.814429 0.185571 
 ----> 1.3#6.6#34.0#44.0#VAR 384 0 0.817062 0.182938 
 ----> 1.3#6.6#34.0#44.0#VAR 385 0 0.804885 0.195115 
 ----> 1.3#6.6#34.0#44.0#VAR 386 0 0.818772 0.181228 
 ----> 1.3#6.6#34.0#44.0#VAR 387 0 0.807034 0.192966 
 ----> 1.3#6.6#34.0#44.0#VAR 388 1 0.80725 0.19275 
 ----> 1.3#6.6#34.0#44.0#VAR 389 0 0.811981 0.188019 
 ----> 1.3#6.6#34.0#44.0#VAR 390 0 0.802573 0.197427 
 ----> 1.3#6.6#34.0#44.0#VAR 391 1 0.803015 0.196985 
 ----> 1.3#6.6#34.0#44.0#VAR 392 0 0.8165 0.1835 
 ----> 1.3#6.6#34.0#44.0#VAR 393 0 0.812094 0.187906 
 ----> 1.3#6.6#34.0#44.0#VAR 394 0 0.82022 0.17978 
 ----> 1.3#6.6#34.0#44.0#VAR 395 1 0.796047 0.203953 
 ----> 1.3#6.6#34.0#44.0#VAR 396 0 0.820969 0.179031 
 ----> 1.3#6.6#34.0#44.0#VAR 397 0 0.809602 0.190398 
 ----> 1.3#6.6#34.0#44.0#VAR 398 0 0.822941 0.177059 
 ----> 1.3#6.6#34.0#44.0#VAR 399 1 0.78665 0.21335 
 ----> 1.3#6.6#34.0#44.0#VAR 400 0 0.807044 0.192956 
 ----> 1.3#6.6#34.0#44.0#VAR 401 0 0.796763 0.203237 
 ----> 1.3#6.6#34.0#44.0#VAR 402 1 0.801809 0.198191 
 ----> 1.3#6.6#34.0#44.0#VAR 403 1 0.798435 0.201565 
 ----> 1.3#6.6#34.0#44.0#VAR 404 0 0.806302 0.193698 
 ----> 1.3#6.6#34.0#44.0#VAR 405 0 0.804609 0.195391 
 ----> 1.3#6.6#34.0#44.0#VAR 406 0 0.826848 0.173152 
 ----> 1.3#6.6#34.0#44.0#VAR 407 0 0.803452 0.196548 
 ----> 1.3#6.6#34.0#44.0#VAR 408 0 0.825214 0.174786 
 ----> 1.3#6.6#34.0#44.0#VAR 409 1 0.804416 0.195584 
 ----> 1.3#6.6#34.0#44.0#VAR 410 0 0.80797 0.19203 
 ----> 1.3#6.6#34.0#44.0#VAR 411 0 0.799176 0.200824 
 ----> 1.3#6.6#34.0#44.0#VAR 412 0 0.800631 0.199369 
 ----> 1.3#6.6#34.0#44.0#VAR 413 0 0.81901 0.18099 
 ----> 1.3#6.6#34.0#44.0#VAR 414 0 0.809688 0.190312 
 ----> 1.3#6.6#34.0#44.0#VAR 415 0 0.822056 0.177944 
 ----> 1.3#6.6#34.0#44.0#VAR 416 0 0.815414 0.184586 
 ----> 1.3#6.6#34.0#44.0#VAR 417 0 0.815144 0.184856 
 ----> 1.3#6.6#34.0#44.0#VAR 418 0 0.810773 0.189227 
 ----> 1.3#6.6#34.0#44.0#VAR 419 0 0.811377 0.188623 
 ----> 1.3#6.6#34.0#44.0#VAR 420 0 0.809428 0.190572 
 ----> 1.3#6.6#34.0#44.0#VAR 421 0 0.817021 0.182979 
 ----> 1.3#6.6#34.0#44.0#VAR 422 0 0.822871 0.177129 
 ----> 1.3#6.6#34.0#44.0#VAR 423 1 0.773585 0.226415 
 ----> 1.3#6.6#34.0#44.0#VAR 424 0 0.818794 0.181206 
 ----> 1.3#6.6#34.0#44.0#VAR 425 0 0.81233 0.18767 
 ----> 1.3#6.6#34.0#44.0#VAR 426 0 0.814919 0.185081 
 ----> 1.3#6.6#34.0#44.0#VAR 427 0 0.813869 0.186131 
 ----> 1.3#6.6#34.0#44.0#VAR 428 0 0.80722 0.19278 
 ----> 1.3#6.6#34.0#44.0#VAR 429 1 0.799207 0.200793 
 ----> 1.3#6.6#34.0#44.0#VAR 430 1 0.802043 0.197957 
 ----> 1.3#6.6#34.0#44.0#VAR 431 1 0.788939 0.211061 
 ----> 1.3#6.6#34.0#44.0#VAR 432 0 0.822685 0.177315 
 ----> 1.3#6.6#34.0#44.0#VAR 433 0 0.823003 0.176997 
 ----> 1.3#6.6#34.0#44.0#VAR 434 0 0.822101 0.177899 
 ----> 1.3#6.6#34.0#44.0#VAR 435 0 0.806441 0.193559 
 ----> 1.3#6.6#34.0#44.0#VAR 436 0 0.820329 0.179671 
 ----> 1.3#6.6#34.0#44.0#VAR 437 0 0.798246 0.201754 
 ----> 1.3#6.6#34.0#44.0#VAR 438 0 0.810759 0.189241 
 ----> 1.3#6.6#34.0#44.0#VAR 439 1 0.796276 0.203724 
 ----> 1.3#6.6#34.0#44.0#VAR 440 0 0.824838 0.175162 
 ----> 1.3#6.6#34.0#44.0#VAR 441 0 0.797008 0.202992 
 ----> 1.3#6.6#34.0#44.0#VAR 442 0 0.814158 0.185842 
 ----> 1.3#6.6#34.0#44.0#VAR 443 1 0.812802 0.187198 
 ----> 1.3#6.6#34.0#44.0#VAR 444 1 0.789017 0.210983 
 ----> 1.3#6.6#34.0#44.0#VAR 445 0 0.821158 0.178842 
 ----> 1.3#6.6#34.0#44.0#VAR 446 0 0.821291 0.178709 
 ----> 1.3#6.6#34.0#44.0#VAR 447 0 0.825432 0.174568 
 ----> 1.3#6.6#34.0#44.0#VAR 448 0 0.817512 0.182488 
 ----> 1.3#6.6#34.0#44.0#VAR 449 0 0.802696 0.197304 
 ----> 1.3#6.6#34.0#44.0#VAR 450 0 0.816481 0.183519 
 ----> 1.3#6.6#34.0#44.0#VAR 451 0 0.819635 0.180365 
 ----> 1.3#6.6#34.0#44.0#VAR 452 0 0.814965 0.185035 
 ----> 1.3#6.6#34.0#44.0#VAR 453 0 0.826664 0.173336 
 ----> 1.3#6.6#34.0#44.0#VAR 454 0 0.824556 0.175444 
 ----> 1.3#6.6#34.0#44.0#VAR 455 0 0.805934 0.194066 
 ----> 1.3#6.6#34.0#44.0#VAR 456 0 0.815659 0.184341 
 ----> 1.3#6.6#34.0#44.0#VAR 457 0 0.809946 0.190054 
 ----> 1.3#6.6#34.0#44.0#VAR 458 0 0.814889 0.185111 
 ----> 1.3#6.6#34.0#44.0#VAR 459 0 0.806316 0.193684 
 ----> 1.3#6.6#34.0#44.0#VAR 460 0 0.817603 0.182397 
 ----> 1.3#6.6#34.0#44.0#VAR 461 0 0.818466 0.181534 
 ----> 1.3#6.6#34.0#44.0#VAR 462 0 0.817639 0.182361 
 ----> 1.3#6.6#34.0#44.0#VAR 463 0 0.808598 0.191402 
 ----> 1.3#6.6#34.0#44.0#VAR 464 0 0.795942 0.204058 
 ----> 1.3#6.6#34.0#44.0#VAR 465 0 0.802995 0.197005 
 ----> 1.3#6.6#34.0#44.0#VAR 466 0 0.825182 0.174818 
 ----> 1.3#6.6#34.0#44.0#VAR 467 0 0.804383 0.195617 
 ----> 1.3#6.6#34.0#44.0#VAR 468 0 0.816646 0.183354 
 ----> 1.3#6.6#34.0#44.0#VAR 469 0 0.816302 0.183698 
 ----> 1.3#6.6#34.0#44.0#VAR 470 0 0.798831 0.201169 
 ----> 1.3#6.6#34.0#44.0#VAR 471 0 0.811314 0.188686 
 ----> 1.3#6.6#34.0#44.0#VAR 472 0 0.815592 0.184408 
 ----> 1.3#6.6#34.0#44.0#VAR 473 0 0.812718 0.187282 
 ----> 1.3#6.6#34.0#44.0#VAR 474 0 0.81911 0.18089 
 ----> 1.3#6.6#34.0#44.0#VAR 475 0 0.812205 0.187795 
 ----> 1.3#6.6#34.0#44.0#VAR 476 0 0.814664 0.185336 
 ----> 1.3#6.6#34.0#44.0#VAR 477 0 0.807387 0.192613 
 ----> 1.3#6.6#34.0#44.0#VAR 478 0 0.808577 0.191423 
 ----> 1.3#6.6#34.0#44.0#VAR 479 0 0.812548 0.187452 
 ----> 1.3#6.6#34.0#44.0#VAR 480 0 0.811798 0.188202 
 ----> 1.3#6.6#34.0#44.0#VAR 481 0 0.818138 0.181862 
 ----> 1.3#6.6#34.0#44.0#VAR 482 0 0.827397 0.172603 
 ----> 1.3#6.6#34.0#44.0#VAR 483 1 0.8009 0.1991 
 ----> 1.3#6.6#34.0#44.0#VAR 484 0 0.825988 0.174012 
 ----> 1.3#6.6#34.0#44.0#VAR 485 0 0.823246 0.176754 
 ----> 1.3#6.6#34.0#44.0#VAR 486 0 0.799897 0.200103 
 ----> 1.3#6.6#34.0#44.0#VAR 487 0 0.803856 0.196144 
 ----> 1.3#6.6#34.0#44.0#VAR 488 0 0.808743 0.191257 
 ----> 1.3#6.6#34.0#44.0#VAR 489 0 0.816884 0.183116 
 ----> 1.3#6.6#34.0#44.0#VAR 490 0 0.819229 0.180771 
 ----> 1.3#6.6#34.0#44.0#VAR 491 0 0.802384 0.197616 
 ----> 1.3#6.6#34.0#44.0#VAR 492 0 0.81064 0.18936 
 ----> 1.3#6.6#34.0#44.0#VAR 493 1 0.815526 0.184474 
 ----> 1.3#6.6#34.0#44.0#VAR 494 0 0.815035 0.184965 
 ----> 1.3#6.6#34.0#44.0#VAR 495 0 0.812213 0.187787 
 ----> 1.3#6.6#34.0#44.0#VAR 496 0 0.815092 0.184908 
 ----> 1.3#6.6#34.0#44.0#VAR 497 1 0.783696 0.216304 
 ----> 1.3#6.6#34.0#44.0#VAR 498 0 0.815796 0.184204 
 ----> 1.3#6.6#34.0#44.0#VAR 499 1 0.80741 0.19259 
 ----> 1.3#6.6#34.0#44.0#VAR 500 0 0.819553 0.180447 
 ----> 1.3#6.6#34.0#44.0#VAR 501 0 0.80158 0.19842 
 ----> 1.3#6.6#34.0#44.0#VAR 502 1 0.81803 0.18197 
 ----> 1.3#6.6#34.0#44.0#VAR 503 0 0.829832 0.170168 
 ----> 1.3#6.6#34.0#44.0#VAR 504 1 0.781992 0.218008 
 ----> 1.3#6.6#34.0#44.0#VAR 505 0 0.815628 0.184372 
 ----> 1.3#6.6#34.0#44.0#VAR 506 0 0.811096 0.188904 
 ----> 1.3#6.6#34.0#44.0#VAR 507 0 0.808775 0.191225 
 ----> 1.3#6.6#34.0#44.0#VAR 508 0 0.801191 0.198809 
 ----> 1.3#6.6#34.0#44.0#VAR 509 0 0.817336 0.182664 
 ----> 1.3#6.6#34.0#44.0#VAR 510 0 0.810458 0.189542 
 ----> 1.3#6.6#34.0#44.0#VAR 511 1 0.803088 0.196912 
 ----> 1.3#6.6#34.0#44.0#VAR 512 0 0.814514 0.185486 
 ----> 1.3#6.6#34.0#44.0#VAR 513 0 0.811299 0.188701 
 ----> 1.3#6.6#34.0#44.0#VAR 514 0 0.801871 0.198129 
 ----> 1.3#6.6#34.0#44.0#VAR 515 0 0.806742 0.193258 
 ----> 1.3#6.6#34.0#44.0#VAR 516 1 0.808942 0.191058 
 ----> 1.3#6.6#34.0#44.0#VAR 517 0 0.807493 0.192507 
 ----> 1.3#6.6#34.0#44.0#VAR 518 0 0.80343 0.19657 
 ----> 1.3#6.6#34.0#44.0#VAR 519 0 0.827597 0.172403 
 ----> 1.3#6.6#34.0#44.0#VAR 520 0 0.81358 0.18642 
 ----> 1.3#6.6#34.0#44.0#VAR 521 0 0.817567 0.182433 
 ----> 1.3#6.6#34.0#44.0#VAR 522 0 0.796983 0.203017 
 ----> 1.3#6.6#34.0#44.0#VAR 523 0 0.817626 0.182374 
 ----> 1.3#6.6#34.0#44.0#VAR 524 0 0.8042 0.1958 
 ----> 1.3#6.6#34.0#44.0#VAR 525 0 0.815336 0.184664 
 ----> 1.3#6.6#34.0#44.0#VAR 526 0 0.812955 0.187045 
 ----> 1.3#6.6#34.0#44.0#VAR 527 1 0.797048 0.202952 
 ----> 1.3#6.6#34.0#44.0#VAR 528 1 0.786129 0.213871 
 ----> 1.3#6.6#34.0#44.0#VAR 529 0 0.80008 0.19992 
 ----> 1.3#6.6#34.0#44.0#VAR 530 0 0.797517 0.202483 
 ----> 1.3#6.6#34.0#44.0#VAR 531 0 0.814683 0.185317 
 ----> 1.3#6.6#34.0#44.0#VAR 532 0 0.812928 0.187072 
 ----> 1.3#6.6#34.0#44.0#VAR 533 0 0.799228 0.200772 
 ----> 1.3#6.6#34.0#44.0#VAR 534 0 0.808411 0.191589 
 ----> 1.3#6.6#34.0#44.0#VAR 535 0 0.811238 0.188762 
 ----> 1.3#6.6#34.0#44.0#VAR 536 0 0.805169 0.194831 
 ----> 1.3#6.6#34.0#44.0#VAR 537 0 0.828406 0.171594 
 ----> 1.3#6.6#34.0#44.0#VAR 538 0 0.827806 0.172194 
 ----> 1.3#6.6#34.0#44.0#VAR 539 1 0.789135 0.210865 
 ----> 1.3#6.6#34.0#44.0#VAR 540 1 0.78191 0.21809 
 ----> 1.3#6.6#34.0#44.0#VAR 541 1 0.785203 0.214797 
 ----> 1.3#6.6#34.0#44.0#VAR 542 1 0.779078 0.220922 
 ----> 1.3#6.6#34.0#44.0#VAR 543 0 0.812134 0.187866 
 ----> 1.3#6.6#34.0#44.0#VAR 544 0 0.804723 0.195277 
 ----> 1.3#6.6#34.0#44.0#VAR 545 0 0.818838 0.181162 
 ----> 1.3#6.6#34.0#44.0#VAR 546 0 0.810244 0.189756 
 ----> 1.3#6.6#34.0#44.0#VAR 547 0 0.809929 0.190071 
 ----> 1.3#6.6#34.0#44.0#VAR 548 0 0.808954 0.191046 
 ----> 1.3#6.6#34.0#44.0#VAR 549 1 0.800383 0.199617 
 ----> 1.3#6.6#34.0#44.0#VAR 550 0 0.803632 0.196368 
 ----> 1.3#6.6#34.0#44.0#VAR 551 0 0.815082 0.184918 
 ----> 1.3#6.6#34.0#44.0#VAR 552 0 0.803157 0.196843 
 ----> 1.3#6.6#34.0#44.0#VAR 553 0 0.823214 0.176786 
 ----> 1.3#6.6#34.0#44.0#VAR 554 0 0.822548 0.177452 
 ----> 1.3#6.6#34.0#44.0#VAR 555 0 0.798869 0.201131 
 ----> 1.3#6.6#34.0#44.0#VAR 556 0 0.806963 0.193037 
 ----> 1.3#6.6#34.0#44.0#VAR 557 1 0.811336 0.188664 
 ----> 1.3#6.6#34.0#44.0#VAR 558 0 0.814106 0.185894 
 ----> 1.3#6.6#34.0#44.0#VAR 559 0 0.814609 0.185391 
 ----> 1.3#6.6#34.0#44.0#VAR 560 0 0.800183 0.199817 
 ----> 1.3#6.6#34.0#44.0#VAR 561 0 0.810257 0.189743 
 ----> 1.3#6.6#34.0#44.0#VAR 562 0 0.808632 0.191368 
 ----> 1.3#6.6#34.0#44.0#VAR 563 0 0.805523 0.194477 
 ----> 1.3#6.6#34.0#44.0#VAR 564 0 0.812776 0.187224 
 ----> 1.3#6.6#34.0#44.0#VAR 565 1 0.802205 0.197795 
 ----> 1.3#6.6#34.0#44.0#VAR 566 0 0.803799 0.196201 
 ----> 1.3#6.6#34.0#44.0#VAR 567 0 0.81358 0.18642 
 ----> 1.3#6.6#34.0#44.0#VAR 568 0 0.809001 0.190999 
 ----> 1.3#6.6#34.0#44.0#VAR 569 0 0.812802 0.187198 
 ----> 1.3#6.6#34.0#44.0#VAR 570 0 0.811092 0.188908 
 ----> 1.3#6.6#34.0#44.0#VAR 571 0 0.799661 0.200339 
 ----> 1.3#6.6#34.0#44.0#VAR 572 0 0.806198 0.193802 
 ----> 1.3#6.6#34.0#44.0#VAR 573 0 0.807374 0.192626 
 ----> 1.3#6.6#34.0#44.0#VAR 574 1 0.804055 0.195945 
 ----> 1.3#6.6#34.0#44.0#VAR 575 0 0.813843 0.186157 
 ----> 1.3#6.6#34.0#44.0#VAR 576 1 0.779813 0.220187 
 ----> 1.3#6.6#34.0#44.0#VAR 577 0 0.805454 0.194546 
 ----> 1.3#6.6#34.0#44.0#VAR 578 0 0.798025 0.201975 
 ----> 1.3#6.6#34.0#44.0#VAR 579 0 0.80377 0.19623 
 ----> 1.3#6.6#34.0#44.0#VAR 580 0 0.789431 0.210569 
 ----> 1.3#6.6#34.0#44.0#VAR 581 0 0.788229 0.211771 
 ----> 1.3#6.6#34.0#44.0#VAR 582 0 0.810451 0.189549 
 ----> 1.3#6.6#34.0#44.0#VAR 583 0 0.803938 0.196062 
 ----> 1.3#6.6#34.0#44.0#VAR 584 1 0.79714 0.20286 
 ----> 1.3#6.6#34.0#44.0#VAR 585 0 0.812481 0.187519 
 ----> 1.3#6.6#34.0#44.0#VAR 586 0 0.808789 0.191211 
 ----> 1.3#6.6#34.0#44.0#VAR 587 0 0.80612 0.19388 
 ----> 1.3#6.6#34.0#44.0#VAR 588 0 0.798674 0.201326 
 ----> 1.3#6.6#34.0#44.0#VAR 589 0 0.813712 0.186288 
 ----> 1.3#6.6#34.0#44.0#VAR 590 0 0.799566 0.200434 
 ----> 1.3#6.6#34.0#44.0#VAR 591 0 0.818222 0.181778 
 ----> 1.3#6.6#34.0#44.0#VAR 592 0 0.811448 0.188552 
 ----> 1.3#6.6#34.0#44.0#VAR 593 0 0.813871 0.186129 
 ----> 1.3#6.6#34.0#44.0#VAR 594 0 0.817329 0.182671 
 ----> 1.3#6.6#34.0#44.0#VAR 595 0 0.814681 0.185319 
 ----> 1.3#6.6#34.0#44.0#VAR 596 0 0.804084 0.195916 
 ----> 1.3#6.6#34.0#44.0#VAR 597 0 0.805178 0.194822 
 ----> 1.3#6.6#34.0#44.0#VAR 598 0 0.817198 0.182802 
 ----> 1.3#6.6#34.0#44.0#VAR 599 0 0.80429 0.19571 
 ----> 1.3#6.6#34.0#44.0#VAR 600 0 0.808179 0.191821 
 ----> 1.3#6.6#34.0#44.0#VAR 601 0 0.809061 0.190939 
 ----> 1.3#6.6#34.0#44.0#VAR 602 0 0.800437 0.199563 
 ----> 1.3#6.6#34.0#44.0#VAR 603 0 0.818172 0.181828 
 ----> 1.3#6.6#34.0#44.0#VAR 604 1 0.796287 0.203713 
 ----> 1.3#6.6#34.0#44.0#VAR 605 0 0.799526 0.200474 
 ----> 1.3#6.6#34.0#44.0#VAR 606 0 0.804654 0.195346 
 ----> 1.3#6.6#34.0#44.0#VAR 607 0 0.802312 0.197688 
 ----> 1.3#6.6#34.0#44.0#VAR 608 0 0.818235 0.181765 
 ----> 1.3#6.6#34.0#44.0#VAR 609 0 0.80356 0.19644 
 ----> 1.3#6.6#34.0#44.0#VAR 610 0 0.79881 0.20119 
 ----> 1.3#6.6#34.0#44.0#VAR 611 0 0.805409 0.194591 
 ----> 1.3#6.6#34.0#44.0#VAR 612 1 0.798857 0.201143 
 ----> 1.3#6.6#34.0#44.0#VAR 613 0 0.807829 0.192171 
 ----> 1.3#6.6#34.0#44.0#VAR 614 0 0.808471 0.191529 
 ----> 1.3#6.6#34.0#44.0#VAR 615 0 0.815564 0.184436 
 ----> 1.3#6.6#34.0#44.0#VAR 616 1 0.810351 0.189649 
 ----> 1.3#6.6#34.0#44.0#VAR 617 0 0.813472 0.186528 
 ----> 1.3#6.6#34.0#44.0#VAR 618 0 0.797134 0.202866 
 ----> 1.3#6.6#34.0#44.0#VAR 619 0 0.802727 0.197273 
 ----> 1.3#6.6#34.0#44.0#VAR 620 0 0.801658 0.198342 
 ----> 1.3#6.6#34.0#44.0#VAR 621 0 0.802307 0.197693 
 ----> 1.3#6.6#34.0#44.0#VAR 622 0 0.823039 0.176961 
 ----> 1.3#6.6#34.0#44.0#VAR 623 1 0.802542 0.197458 
 ----> 1.3#6.6#34.0#44.0#VAR 624 0 0.812488 0.187512 
 ----> 1.3#6.6#34.0#44.0#VAR 625 0 0.810196 0.189804 
 ----> 1.3#6.6#34.0#44.0#VAR 626 0 0.814051 0.185949 
 ----> 1.3#6.6#34.0#44.0#VAR 627 0 0.80964 0.19036 
 ----> 1.3#6.6#34.0#44.0#VAR 628 0 0.814917 0.185083 
 ----> 1.3#6.6#34.0#44.0#VAR 629 0 0.810506 0.189494 
 ----> 1.3#6.6#34.0#44.0#VAR 630 0 0.797246 0.202754 
 ----> 1.3#6.6#34.0#44.0#VAR 631 0 0.815376 0.184624 
 ----> 1.3#6.6#34.0#44.0#VAR 632 0 0.792913 0.207087 
 ----> 1.3#6.6#34.0#44.0#VAR 633 0 0.797655 0.202345 
 ----> 1.3#6.6#34.0#44.0#VAR 634 1 0.7817 0.2183 
 ----> 1.3#6.6#34.0#44.0#VAR 635 1 0.790292 0.209708 
 ----> 1.3#6.6#34.0#44.0#VAR 636 0 0.808823 0.191177 
 ----> 1.3#6.6#34.0#44.0#VAR 637 0 0.802437 0.197563 
 ----> 1.3#6.6#34.0#44.0#VAR 638 0 0.80476 0.19524 
 ----> 1.3#6.6#34.0#44.0#VAR 639 0 0.815285 0.184715 
 ----> 1.3#6.6#34.0#44.0#VAR 640 0 0.821699 0.178301 
 ----> 1.3#6.6#34.0#44.0#VAR 641 0 0.812048 0.187952 
 ----> 1.3#6.6#34.0#44.0#VAR 642 0 0.799091 0.200909 
 ----> 1.3#6.6#34.0#44.0#VAR 643 0 0.813683 0.186317 
 ----> 1.3#6.6#34.0#44.0#VAR 644 0 0.798932 0.201068 
 ----> 1.3#6.6#34.0#44.0#VAR 645 0 0.814198 0.185802 
 ----> 1.3#6.6#34.0#44.0#VAR 646 1 0.793634 0.206366 
 ----> 1.3#6.6#34.0#44.0#VAR 647 0 0.802541 0.197459 
 ----> 1.3#6.6#34.0#44.0#VAR 648 0 0.812948 0.187052 
 ----> 1.3#6.6#34.0#44.0#VAR 649 1 0.782274 0.217726 
 ----> 1.3#6.6#34.0#44.0#VAR 650 0 0.818547 0.181453 
 ----> 1.3#6.6#34.0#44.0#VAR 651 0 0.813684 0.186316 
 ----> 1.3#6.6#34.0#44.0#VAR 652 0 0.823016 0.176984 
 ----> 1.3#6.6#34.0#44.0#VAR 653 0 0.816808 0.183192 
 ----> 1.3#6.6#34.0#44.0#VAR 654 0 0.803094 0.196906 
 ----> 1.3#6.6#34.0#44.0#VAR 655 0 0.820055 0.179945 
 ----> 1.3#6.6#34.0#44.0#VAR 656 0 0.808094 0.191906 
 ----> 1.3#6.6#34.0#44.0#VAR 657 0 0.811312 0.188688 
 ----> 1.3#6.6#34.0#44.0#VAR 658 0 0.809554 0.190446 
 ----> 1.3#6.6#34.0#44.0#VAR 659 0 0.816417 0.183583 
 ----> 1.3#6.6#34.0#44.0#VAR 660 0 0.799075 0.200925 
 ----> 1.3#6.6#34.0#44.0#VAR 661 0 0.80658 0.19342 
 ----> 1.3#6.6#34.0#44.0#VAR 662 1 0.792336 0.207664 
 ----> 1.3#6.6#34.0#44.0#VAR 663 0 0.808851 0.191149 
 ----> 1.3#6.6#34.0#44.0#VAR 664 0 0.814659 0.185341 
 ----> 1.3#6.6#34.0#44.0#VAR 665 0 0.823585 0.176415 
 ----> 1.3#6.6#34.0#44.0#VAR 666 0 0.813506 0.186494 
 ----> 1.3#6.6#34.0#44.0#VAR 667 0 0.812673 0.187327 
 ----> 1.3#6.6#34.0#44.0#VAR 668 0 0.795075 0.204925 
 ----> 1.3#6.6#34.0#44.0#VAR 669 0 0.811731 0.188269 
 ----> 1.3#6.6#34.0#44.0#VAR 670 0 0.807482 0.192518 
 ----> 1.3#6.6#34.0#44.0#VAR 671 0 0.82503 0.17497 
 ----> 1.3#6.6#34.0#44.0#VAR 672 0 0.808216 0.191784 
 ----> 1.3#6.6#34.0#44.0#VAR 673 0 0.813095 0.186905 
 ----> 1.3#6.6#34.0#44.0#VAR 674 0 0.821996 0.178004 
 ----> 1.3#6.6#34.0#44.0#VAR 675 0 0.797108 0.202892 
 ----> 1.3#6.6#34.0#44.0#VAR 676 0 0.793272 0.206728 
 ----> 1.3#6.6#34.0#44.0#VAR 677 0 0.81023 0.18977 
 ----> 1.3#6.6#34.0#44.0#VAR 678 0 0.801695 0.198305 
 ----> 1.3#6.6#34.0#44.0#VAR 679 0 0.813742 0.186258 
 ----> 1.3#6.6#34.0#44.0#VAR 680 0 0.811259 0.188741 
 ----> 1.3#6.6#34.0#44.0#VAR 681 0 0.818014 0.181986 
 ----> 1.3#6.6#34.0#44.0#VAR 682 0 0.796172 0.203828 
 ----> 1.3#6.6#34.0#44.0#VAR 683 0 0.80956 0.19044 
 ----> 1.3#6.6#34.0#44.0#VAR 684 0 0.800356 0.199644 
 ----> 1.3#6.6#34.0#44.0#VAR 685 0 0.813605 0.186395 
 ----> 1.3#6.6#34.0#44.0#VAR 686 0 0.807383 0.192617 
 ----> 1.3#6.6#34.0#44.0#VAR 687 0 0.816499 0.183501 
 ----> 1.3#6.6#34.0#44.0#VAR 688 1 0.795866 0.204134 
 ----> 1.3#6.6#34.0#44.0#VAR 689 0 0.818367 0.181633 
 ----> 1.3#6.6#34.0#44.0#VAR 690 0 0.81334 0.18666 
 ----> 1.3#6.6#34.0#44.0#VAR 691 0 0.804686 0.195314 
 ----> 1.3#6.6#34.0#44.0#VAR 692 0 0.815504 0.184496 
 ----> 1.3#6.6#34.0#44.0#VAR 693 0 0.80797 0.19203 
 ----> 1.3#6.6#34.0#44.0#VAR 694 0 0.811862 0.188138 
 ----> 1.3#6.6#34.0#44.0#VAR 695 0 0.813799 0.186201 
 ----> 1.3#6.6#34.0#44.0#VAR 696 0 0.816949 0.183051 
 ----> 1.3#6.6#34.0#44.0#VAR 697 0 0.818659 0.181341 
 ----> 1.3#6.6#34.0#44.0#VAR 698 0 0.81881 0.18119 
 ----> 1.3#6.6#34.0#44.0#VAR 699 0 0.817513 0.182487 
 ----> 1.3#6.6#34.0#44.0#VAR 700 0 0.812021 0.187979 
 ----> 1.3#6.6#34.0#44.0#VAR 701 1 0.803197 0.196803 
 ----> 1.3#6.6#34.0#44.0#VAR 702 1 0.787918 0.212082 
 ----> 1.3#6.6#34.0#44.0#VAR 703 1 0.800677 0.199323 
 ----> 1.3#6.6#34.0#44.0#VAR 704 0 0.820681 0.179319 
 ----> 1.3#6.6#34.0#44.0#VAR 705 0 0.806355 0.193645 
 ----> 1.3#6.6#34.0#44.0#VAR 706 0 0.808913 0.191087 
 ----> 1.3#6.6#34.0#44.0#VAR 707 0 0.823374 0.176626 
 ----> 1.3#6.6#34.0#44.0#VAR 708 0 0.816471 0.183529 
 ----> 1.3#6.6#34.0#44.0#VAR 709 0 0.808979 0.191021 
 ----> 1.3#6.6#34.0#44.0#VAR 710 0 0.812001 0.187999 
 ----> 1.3#6.6#34.0#44.0#VAR 711 0 0.82012 0.17988 
 ----> 1.3#6.6#34.0#44.0#VAR 712 0 0.797772 0.202228 
 ----> 1.3#6.6#34.0#44.0#VAR 713 1 0.79263 0.20737 
 ----> 1.3#6.6#34.0#44.0#VAR 714 0 0.822371 0.177629 
 ----> 1.3#6.6#34.0#44.0#VAR 715 0 0.815312 0.184688 
 ----> 1.3#6.6#34.0#44.0#VAR 716 0 0.815074 0.184926 
 ----> 1.3#6.6#34.0#44.0#VAR 717 1 0.778232 0.221768 
 ----> 1.3#6.6#34.0#44.0#VAR 718 1 0.781486 0.218514 
 ----> 1.3#6.6#34.0#44.0#VAR 719 0 0.82227 0.17773 
 ----> 1.3#6.6#34.0#44.0#VAR 720 0 0.811453 0.188547 
 ----> 1.3#6.6#34.0#44.0#VAR 721 0 0.809467 0.190533 
 ----> 1.3#6.6#34.0#44.0#VAR 722 0 0.817396 0.182604 
 ----> 1.3#6.6#34.0#44.0#VAR 723 0 0.815398 0.184602 
 ----> 1.3#6.6#34.0#44.0#VAR 724 1 0.793169 0.206831 
 ----> 1.3#6.6#34.0#44.0#VAR 725 0 0.807445 0.192555 
 ----> 1.3#6.6#34.0#44.0#VAR 726 0 0.802285 0.197715 
 ----> 1.3#6.6#34.0#44.0#VAR 727 0 0.822076 0.177924 
 ----> 1.3#6.6#34.0#44.0#VAR 728 0 0.802715 0.197285 
 ----> 1.3#6.6#34.0#44.0#VAR 729 1 0.806974 0.193026 
 ----> 1.3#6.6#34.0#44.0#VAR 730 0 0.806799 0.193201 
 ----> 1.3#6.6#34.0#44.0#VAR 731 0 0.790801 0.209199 
 ----> 1.3#6.6#34.0#44.0#VAR 732 0 0.810466 0.189534 
 ----> 1.3#6.6#34.0#44.0#VAR 733 1 0.791794 0.208206 
 ----> 1.3#6.6#34.0#44.0#VAR 734 0 0.809759 0.190241 
 ----> 1.3#6.6#34.0#44.0#VAR 735 0 0.807857 0.192143 
 ----> 1.3#6.6#34.0#44.0#VAR 736 0 0.802066 0.197934 
 ----> 1.3#6.6#34.0#44.0#VAR 737 0 0.791598 0.208402 
 ----> 1.3#6.6#34.0#44.0#VAR 738 1 0.795289 0.204711 
 ----> 1.3#6.6#34.0#44.0#VAR 739 0 0.811683 0.188317 
 ----> 1.3#6.6#34.0#44.0#VAR 740 0 0.803721 0.196279 
 ----> 1.3#6.6#34.0#44.0#VAR 741 0 0.807575 0.192425 
 ----> 1.3#6.6#34.0#44.0#VAR 742 0 0.798668 0.201332 
 ----> 1.3#6.6#34.0#44.0#VAR 743 1 0.79328 0.20672 
 ----> 1.3#6.6#34.0#44.0#VAR 744 1 0.78893 0.21107 
 ----> 1.3#6.6#34.0#44.0#VAR 745 0 0.798718 0.201282 
 ----> 1.3#6.6#34.0#44.0#VAR 746 0 0.805342 0.194658 
 ----> 1.3#6.6#34.0#44.0#VAR 747 0 0.808643 0.191357 
 ----> 1.3#6.6#34.0#44.0#VAR 748 0 0.807328 0.192672 
 ----> 1.3#6.6#34.0#44.0#VAR 749 0 0.811818 0.188182 
 ----> 1.3#6.6#34.0#44.0#VAR 750 0 0.798137 0.201863 
 ----> 1.3#6.6#34.0#44.0#VAR 751 0 0.811855 0.188145 
 ----> 1.3#6.6#34.0#44.0#VAR 752 1 0.780694 0.219306 
 ----> 1.3#6.6#34.0#44.0#VAR 753 0 0.797156 0.202844 
 ----> 1.3#6.6#34.0#44.0#VAR 754 1 0.817047 0.182953 
 ----> 1.3#6.6#34.0#44.0#VAR 755 0 0.817758 0.182242 
 ----> 1.3#6.6#34.0#44.0#VAR 756 1 0.797167 0.202833 
 ----> 1.3#6.6#34.0#44.0#VAR 757 0 0.820457 0.179543 
 ----> 1.3#6.6#34.0#44.0#VAR 758 0 0.798066 0.201934 
 ----> 1.3#6.6#34.0#44.0#VAR 759 0 0.823923 0.176077 
 ----> 1.3#6.6#34.0#44.0#VAR 760 0 0.814967 0.185033 
 ----> 1.3#6.6#34.0#44.0#VAR 761 0 0.810914 0.189086 
 ----> 1.3#6.6#34.0#44.0#VAR 762 0 0.800013 0.199987 
 ----> 1.3#6.6#34.0#44.0#VAR 763 0 0.797965 0.202035 
 ----> 1.3#6.6#34.0#44.0#VAR 764 1 0.798385 0.201615 
 ----> 1.3#6.6#34.0#44.0#VAR 765 0 0.809611 0.190389 
 ----> 1.3#6.6#34.0#44.0#VAR 766 1 0.800656 0.199344 
 ----> 1.3#6.6#34.0#44.0#VAR 767 0 0.82041 0.17959 
 ----> 1.3#6.6#34.0#44.0#VAR 768 0 0.801959 0.198041 
 ----> 1.3#6.6#34.0#44.0#VAR 769 0 0.811531 0.188469 
 ----> 1.3#6.6#34.0#44.0#VAR 770 0 0.805397 0.194603 
 ----> 1.3#6.6#34.0#44.0#VAR 771 0 0.806196 0.193804 
 ----> 1.3#6.6#34.0#44.0#VAR 772 0 0.808602 0.191398 
 ----> 1.3#6.6#34.0#44.0#VAR 773 0 0.81397 0.18603 
 ----> 1.3#6.6#34.0#44.0#VAR 774 0 0.803945 0.196055 
 ----> 1.3#6.6#34.0#44.0#VAR 775 0 0.80508 0.19492 
 ----> 1.3#6.6#34.0#44.0#VAR 776 0 0.80989 0.19011 
 ----> 1.3#6.6#34.0#44.0#VAR 777 0 0.801815 0.198185 
 ----> 1.3#6.6#34.0#44.0#VAR 778 1 0.784173 0.215827 
 ----> 1.3#6.6#34.0#44.0#VAR 779 1 0.796831 0.203169 
 ----> 1.3#6.6#34.0#44.0#VAR 780 0 0.801608 0.198392 
 ----> 1.3#6.6#34.0#44.0#VAR 781 0 0.802885 0.197115 
 ----> 1.3#6.6#34.0#44.0#VAR 782 0 0.803837 0.196163 
 ----> 1.3#6.6#34.0#44.0#VAR 783 0 0.81479 0.18521 
 ----> 1.3#6.6#34.0#44.0#VAR 784 0 0.811719 0.188281 
 ----> 1.3#6.6#34.0#44.0#VAR 785 0 0.801855 0.198145 
 ----> 1.3#6.6#34.0#44.0#VAR 786 1 0.802467 0.197533 
 ----> 1.3#6.6#34.0#44.0#VAR 787 0 0.806567 0.193433 
 ----> 1.3#6.6#34.0#44.0#VAR 788 0 0.808613 0.191387 
 ----> 1.3#6.6#34.0#44.0#VAR 789 0 0.818329 0.181671 
 ----> 1.3#6.6#34.0#44.0#VAR 790 0 0.818566 0.181434 
 ----> 1.3#6.6#34.0#44.0#VAR 791 0 0.808023 0.191977 
 ----> 1.3#6.6#34.0#44.0#VAR 792 0 0.806239 0.193761 
 ----> 1.3#6.6#34.0#44.0#VAR 793 0 0.803145 0.196855 
 ----> 1.3#6.6#34.0#44.0#VAR 794 0 0.805019 0.194981 
 ----> 1.3#6.6#34.0#44.0#VAR 795 0 0.8195 0.1805 
 ----> 1.3#6.6#34.0#44.0#VAR 796 1 0.789373 0.210627 
 ----> 1.3#6.6#34.0#44.0#VAR 797 0 0.801552 0.198448 
 ----> 1.3#6.6#34.0#44.0#VAR 798 0 0.805803 0.194197 
 ----> 1.3#6.6#34.0#44.0#VAR 799 0 0.79253 0.20747 
 ----> 1.3#6.6#34.0#44.0#VAR 800 0 0.797703 0.202297 
 ----> 1.3#6.6#34.0#44.0#VAR 801 0 0.800225 0.199775 
 ----> 1.3#6.6#34.0#44.0#VAR 802 0 0.807593 0.192407 
 ----> 1.3#6.6#34.0#44.0#VAR 803 0 0.797926 0.202074 
 ----> 1.3#6.6#34.0#44.0#VAR 804 0 0.803608 0.196392 
 ----> 1.3#6.6#34.0#44.0#VAR 805 0 0.791697 0.208303 
 ----> 1.3#6.6#34.0#44.0#VAR 806 0 0.806474 0.193526 
 ----> 1.3#6.6#34.0#44.0#VAR 807 1 0.784477 0.215523 
 ----> 1.3#6.6#34.0#44.0#VAR 808 0 0.806025 0.193975 
 ----> 1.3#6.6#34.0#44.0#VAR 809 0 0.806041 0.193959 
 ----> 1.3#6.6#34.0#44.0#VAR 810 0 0.808813 0.191187 
 ----> 1.3#6.6#34.0#44.0#VAR 811 1 0.795629 0.204371 
 ----> 1.3#6.6#34.0#44.0#VAR 812 1 0.788097 0.211903 
 ----> 1.3#6.6#34.0#44.0#VAR 813 0 0.800737 0.199263 
 ----> 1.3#6.6#34.0#44.0#VAR 814 0 0.813916 0.186084 
 ----> 1.3#6.6#34.0#44.0#VAR 815 1 0.782766 0.217234 
 ----> 1.3#6.6#34.0#44.0#VAR 816 0 0.814462 0.185538 
 ----> 1.3#6.6#34.0#44.0#VAR 817 1 0.780889 0.219111 
 ----> 1.3#6.6#34.0#44.0#VAR 818 0 0.814699 0.185301 
 ----> 1.3#6.6#34.0#44.0#VAR 819 0 0.805909 0.194091 
 ----> 1.3#6.6#34.0#44.0#VAR 820 0 0.807842 0.192158 
 ----> 1.3#6.6#34.0#44.0#VAR 821 0 0.800947 0.199053 
 ----> 1.3#6.6#34.0#44.0#VAR 822 0 0.804301 0.195699 
 ----> 1.3#6.6#34.0#44.0#VAR 823 0 0.804295 0.195705 
 ----> 1.3#6.6#34.0#44.0#VAR 824 0 0.797008 0.202992 
 ----> 1.3#6.6#34.0#44.0#VAR 825 0 0.792569 0.207431 
 ----> 1.3#6.6#34.0#44.0#VAR 826 1 0.795777 0.204223 
 ----> 1.3#6.6#34.0#44.0#VAR 827 1 0.765327 0.234673 
 ----> 1.3#6.6#34.0#44.0#VAR 828 0 0.806851 0.193149 
 ----> 1.3#6.6#34.0#44.0#VAR 829 1 0.771335 0.228665 
 ----> 1.3#6.6#34.0#44.0#VAR 830 0 0.799448 0.200552 
 ----> 1.3#6.6#34.0#44.0#VAR 831 0 0.79488 0.20512 
 ----> 1.3#6.6#34.0#44.0#VAR 832 0 0.808757 0.191243 
 ----> 1.3#6.6#34.0#44.0#VAR 833 0 0.789385 0.210615 
 ----> 1.3#6.6#34.0#44.0#VAR 834 1 0.788744 0.211256 
 ----> 1.3#6.6#34.0#44.0#VAR 835 1 0.792743 0.207257 
 ----> 1.3#6.6#34.0#44.0#VAR 836 1 0.799951 0.200049 
 ----> 1.3#6.6#34.0#44.0#VAR 837 0 0.798421 0.201579 
 ----> 1.3#6.6#34.0#44.0#VAR 838 1 0.795519 0.204481 
 ----> 1.3#6.6#34.0#44.0#VAR 839 0 0.801442 0.198558 
 ----> 1.3#6.6#34.0#44.0#VAR 840 0 0.801139 0.198861 
 ----> 1.3#6.6#34.0#44.0#VAR 841 0 0.802324 0.197676 
 ----> 1.3#6.6#34.0#44.0#VAR 842 1 0.784396 0.215604 
 ----> 1.3#6.6#34.0#44.0#VAR 843 0 0.786748 0.213252 
 ----> 1.3#6.6#34.0#44.0#VAR 844 0 0.812817 0.187183 
 ----> 1.3#6.6#34.0#44.0#VAR 845 0 0.823109 0.176891 
 ----> 1.3#6.6#34.0#44.0#VAR 846 0 0.789364 0.210636 
 ----> 1.3#6.6#34.0#44.0#VAR 847 1 0.79011 0.20989 
 ----> 1.3#6.6#34.0#44.0#VAR 848 0 0.797766 0.202234 
 ----> 1.3#6.6#34.0#44.0#VAR 849 0 0.793711 0.206289 
 ----> 1.3#6.6#34.0#44.0#VAR 850 1 0.784263 0.215737 
 ----> 1.3#6.6#34.0#44.0#VAR 851 0 0.811827 0.188173 
 ----> 1.3#6.6#34.0#44.0#VAR 852 1 0.800152 0.199848 
 ----> 1.3#6.6#34.0#44.0#VAR 853 1 0.798409 0.201591 
 ----> 1.3#6.6#34.0#44.0#VAR 854 0 0.801954 0.198046 
 ----> 1.3#6.6#34.0#44.0#VAR 855 0 0.803291 0.196709 
 ----> 1.3#6.6#34.0#44.0#VAR 856 0 0.800421 0.199579 
 ----> 1.3#6.6#34.0#44.0#VAR 857 0 0.799305 0.200695 
 ----> 1.3#6.6#34.0#44.0#VAR 858 0 0.786009 0.213991 
 ----> 1.3#6.6#34.0#44.0#VAR 859 0 0.810401 0.189599 
 ----> 1.3#6.6#34.0#44.0#VAR 860 0 0.805178 0.194822 
 ----> 1.3#6.6#34.0#44.0#VAR 861 1 0.792928 0.207072 
 ----> 1.3#6.6#34.0#44.0#VAR 862 1 0.775882 0.224118 
 ----> 1.3#6.6#34.0#44.0#VAR 863 1 0.799665 0.200335 
 ----> 1.3#6.6#34.0#44.0#VAR 864 0 0.800014 0.199986 
 ----> 1.3#6.6#34.0#44.0#VAR 865 0 0.785701 0.214299 
 ----> 1.3#6.6#34.0#44.0#VAR 866 0 0.814567 0.185433 
 ----> 1.3#6.6#34.0#44.0#VAR 867 1 0.79225 0.20775 
 ----> 1.3#6.6#34.0#44.0#VAR 868 0 0.794452 0.205548 
 ----> 1.3#6.6#34.0#44.0#VAR 869 0 0.808477 0.191523 
 ----> 1.3#6.6#34.0#44.0#VAR 870 1 0.777689 0.222311 
 ----> 1.3#6.6#34.0#44.0#VAR 871 1 0.774162 0.225838 
 ----> 1.3#6.6#34.0#44.0#VAR 872 0 0.813389 0.186611 
 ----> 1.3#6.6#34.0#44.0#VAR 873 0 0.79943 0.20057 
 ----> 1.3#6.6#34.0#44.0#VAR 874 0 0.79876 0.20124 
 ----> 1.3#6.6#34.0#44.0#VAR 875 0 0.80452 0.19548 
 ----> 1.3#6.6#34.0#44.0#VAR 876 0 0.803184 0.196816 
 ----> 1.3#6.6#34.0#44.0#VAR 877 0 0.806064 0.193936 
 ----> 1.3#6.6#34.0#44.0#VAR 878 1 0.781512 0.218488 
 ----> 1.3#6.6#34.0#44.0#VAR 879 1 0.792652 0.207348 
 ----> 1.3#6.6#34.0#44.0#VAR 880 0 0.783565 0.216435 
 ----> 1.3#6.6#34.0#44.0#VAR 881 0 0.796788 0.203212 
 ----> 1.3#6.6#34.0#44.0#VAR 882 1 0.783881 0.216119 
 ----> 1.3#6.6#34.0#44.0#VAR 883 0 0.803838 0.196162 
 ----> 1.3#6.6#34.0#44.0#VAR 884 0 0.80238 0.19762 
 ----> 1.3#6.6#34.0#44.0#VAR 885 0 0.783684 0.216316 
 ----> 1.3#6.6#34.0#44.0#VAR 886 0 0.795168 0.204832 
 ----> 1.3#6.6#34.0#44.0#VAR 887 0 0.788176 0.211824 
 ----> 1.3#6.6#34.0#44.0#VAR 888 1 0.766957 0.233043 
 ----> 1.3#6.6#34.0#44.0#VAR 889 0 0.787679 0.212321 
 ----> 1.3#6.6#34.0#44.0#VAR 890 0 0.796229 0.203771 
 ----> 1.3#6.6#34.0#44.0#VAR 891 1 0.774125 0.225875 
 ----> 1.3#6.6#34.0#44.0#VAR 892 0 0.801305 0.198695 
 ----> 1.3#6.6#34.0#44.0#VAR 893 0 0.813398 0.186602 
 ----> 1.3#6.6#34.0#44.0#VAR 894 0 0.792404 0.207596 
 ----> 1.3#6.6#34.0#44.0#VAR 895 1 0.789725 0.210275 
 ----> 1.3#6.6#34.0#44.0#VAR 896 1 0.762421 0.237579 
 ----> 1.3#6.6#34.0#44.0#VAR 897 0 0.800293 0.199707 
 ----> 1.3#6.6#34.0#44.0#VAR 898 0 0.800959 0.199041 
 ----> 1.3#6.6#34.0#44.0#VAR 899 0 0.795902 0.204098 
 ----> 1.3#6.6#34.0#44.0#VAR 900 0 0.782881 0.217119 
 ----> 1.3#6.6#34.0#44.0#VAR 901 0 0.808252 0.191748 
 ----> 1.3#6.6#34.0#44.0#VAR 902 1 0.770075 0.229925 
 ----> 1.3#6.6#34.0#44.0#VAR 903 0 0.802887 0.197113 
 ----> 1.3#6.6#34.0#44.0#VAR 904 0 0.784121 0.215879 
 ----> 1.3#6.6#34.0#44.0#VAR 905 0 0.809151 0.190849 
 ----> 1.3#6.6#34.0#44.0#VAR 906 0 0.795205 0.204795 
 ----> 1.3#6.6#34.0#44.0#VAR 907 1 0.787982 0.212018 
 ----> 1.3#6.6#34.0#44.0#VAR 908 0 0.793973 0.206027 
 ----> 1.3#6.6#34.0#44.0#VAR 909 0 0.794422 0.205578 
 ----> 1.3#6.6#34.0#44.0#VAR 910 0 0.798152 0.201848 
 ----> 1.3#6.6#34.0#44.0#VAR 911 0 0.807592 0.192408 
 ----> 1.3#6.6#34.0#44.0#VAR 912 0 0.819481 0.180519 
 ----> 1.3#6.6#34.0#44.0#VAR 913 0 0.797413 0.202587 
 ----> 1.3#6.6#34.0#44.0#VAR 914 1 0.785786 0.214214 
 ----> 1.3#6.6#34.0#44.0#VAR 915 0 0.796635 0.203365 
 ----> 1.3#6.6#34.0#44.0#VAR 916 0 0.801405 0.198595 
 ----> 1.3#6.6#34.0#44.0#VAR 917 0 0.804559 0.195441 
 ----> 1.3#6.6#34.0#44.0#VAR 918 1 0.782865 0.217135 
 ----> 1.3#6.6#34.0#44.0#VAR 919 1 0.774576 0.225424 
 ----> 1.3#6.6#34.0#44.0#VAR 920 1 0.780578 0.219422 
 ----> 1.3#6.6#34.0#44.0#VAR 921 0 0.793351 0.206649 
 ----> 1.3#6.6#34.0#44.0#VAR 922 1 0.768362 0.231638 
 ----> 1.3#6.6#34.0#44.0#VAR 923 0 0.799752 0.200248 
 ----> 1.3#6.6#34.0#44.0#VAR 924 0 0.794668 0.205332 
 ----> 1.3#6.6#34.0#44.0#VAR 925 0 0.808302 0.191698 
 ----> 1.3#6.6#34.0#44.0#VAR 926 0 0.808135 0.191865 
 ----> 1.3#6.6#34.0#44.0#VAR 927 0 0.792469 0.207531 
 ----> 1.3#6.6#34.0#44.0#VAR 928 0 0.786518 0.213482 
 ----> 1.3#6.6#34.0#44.0#VAR 929 0 0.798473 0.201527 
 ----> 1.3#6.6#34.0#44.0#VAR 930 1 0.782931 0.217069 
 ----> 1.3#6.6#34.0#44.0#VAR 931 1 0.766844 0.233156 
 ----> 1.3#6.6#34.0#44.0#VAR 932 0 0.798047 0.201953 
 ----> 1.3#6.6#34.0#44.0#VAR 933 1 0.776007 0.223993 
 ----> 1.3#6.6#34.0#44.0#VAR 934 1 0.784639 0.215361 
 ----> 1.3#6.6#34.0#44.0#VAR 935 1 0.765733 0.234267 
 ----> 1.3#6.6#34.0#44.0#VAR 936 0 0.803608 0.196392 
 ----> 1.3#6.6#34.0#44.0#VAR 937 1 0.786829 0.213171 
 ----> 1.3#6.6#34.0#44.0#VAR 938 0 0.801622 0.198378 
 ----> 1.3#6.6#34.0#44.0#VAR 939 0 0.795944 0.204056 
 ----> 1.3#6.6#34.0#44.0#VAR 940 0 0.801444 0.198556 
 ----> 1.3#6.6#34.0#44.0#VAR 941 1 0.774776 0.225224 
 ----> 1.3#6.6#34.0#44.0#VAR 942 1 0.779448 0.220552 
 ----> 1.3#6.6#34.0#44.0#VAR 943 0 0.816566 0.183434 
 ----> 1.3#6.6#34.0#44.0#VAR 944 0 0.808532 0.191468 
 ----> 1.3#6.6#34.0#44.0#VAR 945 0 0.796274 0.203726 
 ----> 1.3#6.6#34.0#44.0#VAR 946 0 0.818852 0.181148 
 ----> 1.3#6.6#34.0#44.0#VAR 947 1 0.78482 0.21518 
 ----> 1.3#6.6#34.0#44.0#VAR 948 0 0.801386 0.198614 
 ----> 1.3#6.6#34.0#44.0#VAR 949 0 0.814415 0.185585 
 ----> 1.3#6.6#34.0#44.0#VAR 950 1 0.775019 0.224981 
 ----> 1.3#6.6#34.0#44.0#VAR 951 1 0.786054 0.213946 
 ----> 1.3#6.6#34.0#44.0#VAR 952 0 0.803634 0.196366 
 ----> 1.3#6.6#34.0#44.0#VAR 953 0 0.789994 0.210006 
 ----> 1.3#6.6#34.0#44.0#VAR 954 0 0.80227 0.19773 
 ----> 1.3#6.6#34.0#44.0#VAR 955 0 0.792722 0.207278 
 ----> 1.3#6.6#34.0#44.0#VAR 956 1 0.775219 0.224781 
 ----> 1.3#6.6#34.0#44.0#VAR 957 0 0.795889 0.204111 
 ----> 1.3#6.6#34.0#44.0#VAR 958 0 0.793525 0.206475 
 ----> 1.3#6.6#34.0#44.0#VAR 959 0 0.789348 0.210652 
 ----> 1.3#6.6#34.0#44.0#VAR 960 1 0.771057 0.228943 
 ----> 1.3#6.6#34.0#44.0#VAR 961 0 0.796429 0.203571 
 ----> 1.3#6.6#34.0#44.0#VAR 962 0 0.791545 0.208455 
 ----> 1.3#6.6#34.0#44.0#VAR 963 0 0.809257 0.190743 
 ----> 1.3#6.6#34.0#44.0#VAR 964 1 0.788904 0.211096 
 ----> 1.3#6.6#34.0#44.0#VAR 965 0 0.802483 0.197517 
 ----> 1.3#6.6#34.0#44.0#VAR 966 0 0.790855 0.209145 
 ----> 1.3#6.6#34.0#44.0#VAR 967 1 0.803902 0.196098 
 ----> 1.3#6.6#34.0#44.0#VAR 968 1 0.760571 0.239429 
 ----> 1.3#6.6#34.0#44.0#VAR 969 0 0.812838 0.187162 
 ----> 1.3#6.6#34.0#44.0#VAR 970 0 0.802509 0.197491 
 ----> 1.3#6.6#34.0#44.0#VAR 971 0 0.781563 0.218437 
 ----> 1.3#6.6#34.0#44.0#VAR 972 0 0.791976 0.208024 
 ----> 1.3#6.6#34.0#44.0#VAR 973 0 0.788359 0.211641 
 ----> 1.3#6.6#34.0#44.0#VAR 974 1 0.771779 0.228221 
 ----> 1.3#6.6#34.0#44.0#VAR 975 0 0.79455 0.20545 
 ----> 1.3#6.6#34.0#44.0#VAR 976 0 0.790625 0.209375 
 ----> 1.3#6.6#34.0#44.0#VAR 977 0 0.802869 0.197131 
 ----> 1.3#6.6#34.0#44.0#VAR 978 0 0.796148 0.203852 
 ----> 1.3#6.6#34.0#44.0#VAR 979 0 0.80103 0.19897 
 ----> 1.3#6.6#34.0#44.0#VAR 980 0 0.816974 0.183026 
 ----> 1.3#6.6#34.0#44.0#VAR 981 1 0.786839 0.213161 
 ----> 1.3#6.6#34.0#44.0#VAR 982 0 0.816903 0.183097 
 ----> 1.3#6.6#34.0#44.0#VAR 983 0 0.80861 0.19139 
 ----> 1.3#6.6#34.0#44.0#VAR 984 0 0.783671 0.216329 
 ----> 1.3#6.6#34.0#44.0#VAR 985 0 0.783044 0.216956 
 ----> 1.3#6.6#34.0#44.0#VAR 986 0 0.799459 0.200541 
 ----> 1.3#6.6#34.0#44.0#VAR 987 0 0.809273 0.190727 
 ----> 1.3#6.6#34.0#44.0#VAR 988 1 0.767051 0.232949 
 ----> 1.3#6.6#34.0#44.0#VAR 989 1 0.789474 0.210526 
 ----> 1.3#6.6#34.0#44.0#VAR 990 0 0.798625 0.201375 
 ----> 1.3#6.6#34.0#44.0#VAR 991 1 0.777209 0.222791 
 ----> 1.3#6.6#34.0#44.0#VAR 992 1 0.799364 0.200636 
 ----> 1.3#6.6#34.0#44.0#VAR 993 0 0.811389 0.188611 
 ----> 1.3#6.6#34.0#44.0#VAR 994 0 0.802204 0.197796 
 ----> 1.3#6.6#34.0#44.0#VAR 995 0 0.800684 0.199316 
 ----> 1.3#6.6#34.0#44.0#VAR 996 1 0.781669 0.218331 
 ----> 1.3#6.6#34.0#44.0#VAR 997 0 0.802485 0.197515 
 ----> 1.3#6.6#34.0#44.0#VAR 998 0 0.816159 0.183841 
 ----> 1.3#6.6#34.0#44.0#VAR 999 0 0.798322 0.201678 
 ----> 1.3#6.6#34.0#44.0#VAR 1000 0 0.806033 0.193967 
 ----> 1.3#6.6#34.0#44.0#VAR 1001 0 0.805592 0.194408 
 ----> 1.3#6.6#34.0#44.0#VAR 1002 1 0.776406 0.223594 
 ----> 1.3#6.6#34.0#44.0#VAR 1003 0 0.805917 0.194083 
 ----> 1.3#6.6#34.0#44.0#VAR 1004 0 0.795944 0.204056 
 ----> 1.3#6.6#34.0#44.0#VAR 1005 0 0.803535 0.196465 
 ----> 1.3#6.6#34.0#44.0#VAR 1006 0 0.794601 0.205399 
 ----> 1.3#6.6#34.0#44.0#VAR 1007 0 0.78714 0.21286 
 ----> 1.3#6.6#34.0#44.0#VAR 1008 0 0.793873 0.206127 
 ----> 1.3#6.6#34.0#44.0#VAR 1009 0 0.790497 0.209503 
 ----> 1.3#6.6#34.0#44.0#VAR 1010 0 0.790118 0.209882 
 ----> 1.3#6.6#34.0#44.0#VAR 1011 0 0.798105 0.201895 
 ----> 1.3#6.6#34.0#44.0#VAR 1012 0 0.811012 0.188988 
 ----> 1.3#6.6#34.0#44.0#VAR 1013 0 0.797938 0.202062 
 ----> 1.3#6.6#34.0#44.0#VAR 1014 0 0.816817 0.183183 
 ----> 1.3#6.6#34.0#44.0#VAR 1015 0 0.80005 0.19995 
 ----> 1.3#6.6#34.0#44.0#VAR 1016 0 0.80131 0.19869 
 ----> 1.3#6.6#34.0#44.0#VAR 1017 0 0.794407 0.205593 
 ----> 1.3#6.6#34.0#44.0#VAR 1018 0 0.806837 0.193163 
 ----> 1.3#6.6#34.0#44.0#VAR 1019 1 0.794927 0.205073 
 ----> 1.3#6.6#34.0#44.0#VAR 1020 0 0.810416 0.189584 
 ----> 1.3#6.6#34.0#44.0#VAR 1021 1 0.792963 0.207037 
 ----> 1.3#6.6#34.0#44.0#VAR 1022 0 0.789174 0.210826 
 ----> 1.3#6.6#34.0#44.0#VAR 1023 1 0.795012 0.204988 
 ----> 1.3#6.6#34.0#44.0#VAR 1024 0 0.818903 0.181097 
 ----> 1.3#6.6#34.0#44.0#VAR 1025 0 0.807427 0.192573 
 ----> 1.3#6.6#34.0#44.0#VAR 1026 0 0.779501 0.220499 
 ----> 1.3#6.6#34.0#44.0#VAR 1027 0 0.807203 0.192797 
 ----> 1.3#6.6#34.0#44.0#VAR 1028 0 0.813532 0.186468 
 ----> 1.3#6.6#34.0#44.0#VAR 1029 0 0.81925 0.18075 
 ----> 1.3#6.6#34.0#44.0#VAR 1030 0 0.796973 0.203027 
 ----> 1.3#6.6#34.0#44.0#VAR 1031 0 0.821336 0.178664 
 ----> 1.3#6.6#34.0#44.0#VAR 1032 1 0.77372 0.22628 
 ----> 1.3#6.6#34.0#44.0#VAR 1033 0 0.792987 0.207013 
 ----> 1.3#6.6#34.0#44.0#VAR 1034 1 0.760456 0.239544 
 ----> 1.3#6.6#34.0#44.0#VAR 1035 0 0.800488 0.199512 
 ----> 1.3#6.6#34.0#44.0#VAR 1036 0 0.809178 0.190822 
 ----> 1.3#6.6#34.0#44.0#VAR 1037 0 0.792481 0.207519 
 ----> 1.3#6.6#34.0#44.0#VAR 1038 0 0.8215 0.1785 
 ----> 1.3#6.6#34.0#44.0#VAR 1039 0 0.811583 0.188417 
 ----> 1.3#6.6#34.0#44.0#VAR 1040 1 0.790441 0.209559 
 ----> 1.3#6.6#34.0#44.0#VAR 1041 0 0.801505 0.198495 
 ----> 1.3#6.6#34.0#44.0#VAR 1042 0 0.808654 0.191346 
 ----> 1.3#6.6#34.0#44.0#VAR 1043 0 0.806684 0.193316 
 ----> 1.3#6.6#34.0#44.0#VAR 1044 0 0.813056 0.186944 
 ----> 1.3#6.6#34.0#44.0#VAR 1045 0 0.787221 0.212779 
 ----> 1.3#6.6#34.0#44.0#VAR 1046 0 0.805508 0.194492 
 ----> 1.3#6.6#34.0#44.0#VAR 1047 1 0.792866 0.207134 
 ----> 1.3#6.6#34.0#44.0#VAR 1048 0 0.786884 0.213116 
 ----> 1.3#6.6#34.0#44.0#VAR 1049 0 0.814802 0.185198 
 ----> 1.3#6.6#34.0#44.0#VAR 1050 0 0.814065 0.185935 
 ----> 1.3#6.6#34.0#44.0#VAR 1051 0 0.812213 0.187787 
 ----> 1.3#6.6#34.0#44.0#VAR 1052 0 0.78953 0.21047 
 ----> 1.3#6.6#34.0#44.0#VAR 1053 0 0.796945 0.203055 
 ----> 1.3#6.6#34.0#44.0#VAR 1054 0 0.793117 0.206883 
 ----> 1.3#6.6#34.0#44.0#VAR 1055 0 0.810882 0.189118 
 ----> 1.3#6.6#34.0#44.0#VAR 1056 0 0.808554 0.191446 
 ----> 1.3#6.6#34.0#44.0#VAR 1057 1 0.786744 0.213256 
 ----> 1.3#6.6#34.0#44.0#VAR 1058 0 0.818549 0.181451 
 ----> 1.3#6.6#34.0#44.0#VAR 1059 0 0.79644 0.20356 
 ----> 1.3#6.6#34.0#44.0#VAR 1060 0 0.812118 0.187882 
 ----> 1.3#6.6#34.0#44.0#VAR 1061 0 0.808356 0.191644 
 ----> 1.3#6.6#34.0#44.0#VAR 1062 0 0.796918 0.203082 
 ----> 1.3#6.6#34.0#44.0#VAR 1063 0 0.825721 0.174279 
 ----> 1.3#6.6#34.0#44.0#VAR 1064 0 0.803963 0.196037 
 ----> 1.3#6.6#34.0#44.0#VAR 1065 1 0.786017 0.213983 
 ----> 1.3#6.6#34.0#44.0#VAR 1066 1 0.766123 0.233877 
 ----> 1.3#6.6#34.0#44.0#VAR 1067 1 0.780542 0.219458 
 ----> 1.3#6.6#34.0#44.0#VAR 1068 0 0.808916 0.191084 
 ----> 1.3#6.6#34.0#44.0#VAR 1069 0 0.806347 0.193653 
 ----> 1.3#6.6#34.0#44.0#VAR 1070 1 0.788489 0.211511 
 ----> 1.3#6.6#34.0#44.0#VAR 1071 0 0.812547 0.187453 
 ----> 1.3#6.6#34.0#44.0#VAR 1072 0 0.815651 0.184349 
 ----> 1.3#6.6#34.0#44.0#VAR 1073 1 0.780806 0.219194 
 ----> 1.3#6.6#34.0#44.0#VAR 1074 0 0.800422 0.199578 
 ----> 1.3#6.6#34.0#44.0#VAR 1075 0 0.792956 0.207044 
 ----> 1.3#6.6#34.0#44.0#VAR 1076 0 0.80952 0.19048 
 ----> 1.3#6.6#34.0#44.0#VAR 1077 0 0.80218 0.19782 
 ----> 1.3#6.6#34.0#44.0#VAR 1078 0 0.818264 0.181736 
 ----> 1.3#6.6#34.0#44.0#VAR 1079 0 0.81079 0.18921 
 ----> 1.3#6.6#34.0#44.0#VAR 1080 0 0.796915 0.203085 
 ----> 1.3#6.6#34.0#44.0#VAR 1081 1 0.783707 0.216293 
 ----> 1.3#6.6#34.0#44.0#VAR 1082 0 0.824642 0.175358 
 ----> 1.3#6.6#34.0#44.0#VAR 1083 0 0.798982 0.201018 
 ----> 1.3#6.6#34.0#44.0#VAR 1084 0 0.806124 0.193876 
 ----> 1.3#6.6#34.0#44.0#VAR 1085 0 0.797668 0.202332 
 ----> 1.3#6.6#34.0#44.0#VAR 1086 0 0.826524 0.173476 
 ----> 1.3#6.6#34.0#44.0#VAR 1087 1 0.776644 0.223356 
 ----> 1.3#6.6#34.0#44.0#VAR 1088 1 0.792779 0.207221 
 ----> 1.3#6.6#34.0#44.0#VAR 1089 0 0.796073 0.203927 
 ----> 1.3#6.6#34.0#44.0#VAR 1090 0 0.8045 0.1955 
 ----> 1.3#6.6#34.0#44.0#VAR 1091 0 0.80611 0.19389 
 ----> 1.3#6.6#34.0#44.0#VAR 1092 1 0.779977 0.220023 
 ----> 1.3#6.6#34.0#44.0#VAR 1093 0 0.794092 0.205908 
 ----> 1.3#6.6#34.0#44.0#VAR 1094 0 0.832873 0.167127 
 ----> 1.3#6.6#34.0#44.0#VAR 1095 1 0.7806 0.2194 
 ----> 1.3#6.6#34.0#44.0#VAR 1096 0 0.795452 0.204548 
 ----> 1.3#6.6#34.0#44.0#VAR 1097 0 0.816569 0.183431 
 ----> 1.3#6.6#34.0#44.0#VAR 1098 1 0.804365 0.195635 
 ----> 1.3#6.6#34.0#44.0#VAR 1099 0 0.807402 0.192598 
 ----> 1.3#6.6#34.0#44.0#VAR 1100 1 0.782158 0.217842 
 ----> 1.3#6.6#34.0#44.0#VAR 1101 0 0.811258 0.188742 
 ----> 1.3#6.6#34.0#44.0#VAR 1102 1 0.782872 0.217128 
 ----> 1.3#6.6#34.0#44.0#VAR 1103 1 0.791777 0.208223 
 ----> 1.3#6.6#34.0#44.0#VAR 1104 0 0.81469 0.18531 
 ----> 1.3#6.6#34.0#44.0#VAR 1105 0 0.794946 0.205054 
 ----> 1.3#6.6#34.0#44.0#VAR 1106 0 0.806299 0.193701 
 ----> 1.3#6.6#34.0#44.0#VAR 1107 0 0.800902 0.199098 
 ----> 1.3#6.6#34.0#44.0#VAR 1108 0 0.803006 0.196994 
 ----> 1.3#6.6#34.0#44.0#VAR 1109 0 0.799875 0.200125 
 ----> 1.3#6.6#34.0#44.0#VAR 1110 0 0.822232 0.177768 
 ----> 1.3#6.6#34.0#44.0#VAR 1111 0 0.80485 0.19515 
 ----> 1.3#6.6#34.0#44.0#VAR 1112 0 0.814171 0.185829 
 ----> 1.3#6.6#34.0#44.0#VAR 1113 1 0.800927 0.199073 
 ----> 1.3#6.6#34.0#44.0#VAR 1114 0 0.817751 0.182249 
 ----> 1.3#6.6#34.0#44.0#VAR 1115 0 0.801407 0.198593 
 ----> 1.3#6.6#34.0#44.0#VAR 1116 0 0.821245 0.178755 
 ----> 1.3#6.6#34.0#44.0#VAR 1117 0 0.801385 0.198615 
 ----> 1.3#6.6#34.0#44.0#VAR 1118 0 0.808245 0.191755 
 ----> 1.3#6.6#34.0#44.0#VAR 1119 0 0.813707 0.186293 
 ----> 1.3#6.6#34.0#44.0#VAR 1120 0 0.795328 0.204672 
 ----> 1.3#6.6#34.0#44.0#VAR 1121 0 0.808554 0.191446 
 ----> 1.3#6.6#34.0#44.0#VAR 1122 0 0.793414 0.206586 
 ----> 1.3#6.6#34.0#44.0#VAR 1123 0 0.787834 0.212166 
 ----> 1.3#6.6#34.0#44.0#VAR 1124 0 0.786707 0.213293 
 ----> 1.3#6.6#34.0#44.0#VAR 1125 0 0.795144 0.204856 
 ----> 1.3#6.6#34.0#44.0#VAR 1126 0 0.817364 0.182636 
 ----> 1.3#6.6#34.0#44.0#VAR 1127 0 0.803709 0.196291 
 ----> 1.3#6.6#34.0#44.0#VAR 1128 0 0.812243 0.187757 
 ----> 1.3#6.6#34.0#44.0#VAR 1129 0 0.807237 0.192763 
 ----> 1.3#6.6#34.0#44.0#VAR 1130 1 0.78557 0.21443 
 ----> 1.3#6.6#34.0#44.0#VAR 1131 0 0.802491 0.197509 
 ----> 1.3#6.6#34.0#44.0#VAR 1132 1 0.796642 0.203358 
 ----> 1.3#6.6#34.0#44.0#VAR 1133 0 0.819643 0.180357 
 ----> 1.3#6.6#34.0#44.0#VAR 1134 1 0.805554 0.194446 
 ----> 1.3#6.6#34.0#44.0#VAR 1135 0 0.800808 0.199192 
 ----> 1.3#6.6#34.0#44.0#VAR 1136 0 0.798247 0.201753 
 ----> 1.3#6.6#34.0#44.0#VAR 1137 0 0.800661 0.199339 
 ----> 1.3#6.6#34.0#44.0#VAR 1138 0 0.807297 0.192703 
 ----> 1.3#6.6#34.0#44.0#VAR 1139 0 0.801756 0.198244 
 ----> 1.3#6.6#34.0#44.0#VAR 1140 1 0.77978 0.22022 
 ----> 1.3#6.6#34.0#44.0#VAR 1141 0 0.806376 0.193624 
 ----> 1.3#6.6#34.0#44.0#VAR 1142 1 0.778041 0.221959 
 ----> 1.3#6.6#34.0#44.0#VAR 1143 0 0.812443 0.187557 
 ----> 1.3#6.6#34.0#44.0#VAR 1144 0 0.811056 0.188944 
 ----> 1.3#6.6#34.0#44.0#VAR 1145 0 0.80956 0.19044 
 ----> 1.3#6.6#34.0#44.0#VAR 1146 0 0.802321 0.197679 
 ----> 1.3#6.6#34.0#44.0#VAR 1147 0 0.814911 0.185089 
 ----> 1.3#6.6#34.0#44.0#VAR 1148 0 0.809175 0.190825 
 ----> 1.3#6.6#34.0#44.0#VAR 1149 0 0.804923 0.195077 
 ----> 1.3#6.6#34.0#44.0#VAR 1150 0 0.806966 0.193034 
 ----> 1.3#6.6#34.0#44.0#VAR 1151 1 0.780007 0.219993 
 ----> 1.3#6.6#34.0#44.0#VAR 1152 1 0.796344 0.203656 
 ----> 1.3#6.6#34.0#44.0#VAR 1153 0 0.821516 0.178484 
 ----> 1.3#6.6#34.0#44.0#VAR 1154 0 0.79272 0.20728 
 ----> 1.3#6.6#34.0#44.0#VAR 1155 1 0.796567 0.203433 
 ----> 1.3#6.6#34.0#44.0#VAR 1156 0 0.821051 0.178949 
 ----> 1.3#6.6#34.0#44.0#VAR 1157 0 0.809009 0.190991 
 ----> 1.3#6.6#34.0#44.0#VAR 1158 0 0.796006 0.203994 
 ----> 1.3#6.6#34.0#44.0#VAR 1159 0 0.797007 0.202993 
 ----> 1.3#6.6#34.0#44.0#VAR 1160 0 0.810527 0.189473 
 ----> 1.3#6.6#34.0#44.0#VAR 1161 0 0.808437 0.191563 
 ----> 1.3#6.6#34.0#44.0#VAR 1162 0 0.80783 0.19217 
 ----> 1.3#6.6#34.0#44.0#VAR 1163 0 0.797322 0.202678 
 ----> 1.3#6.6#34.0#44.0#VAR 1164 0 0.803918 0.196082 
 ----> 1.3#6.6#34.0#44.0#VAR 1165 1 0.800288 0.199712 
 ----> 1.3#6.6#34.0#44.0#VAR 1166 0 0.80683 0.19317 
 ----> 1.3#6.6#34.0#44.0#VAR 1167 1 0.790289 0.209711 
 ----> 1.3#6.6#34.0#44.0#VAR 1168 1 0.778101 0.221899 
 ----> 1.3#6.6#34.0#44.0#VAR 1169 0 0.806944 0.193056 
 ----> 1.3#6.6#34.0#44.0#VAR 1170 1 0.785144 0.214856 
 ----> 1.3#6.6#34.0#44.0#VAR 1171 0 0.815161 0.184839 
 ----> 1.3#6.6#34.0#44.0#VAR 1172 1 0.783116 0.216884 
 ----> 1.3#6.6#34.0#44.0#VAR 1173 0 0.805708 0.194292 
 ----> 1.3#6.6#34.0#44.0#VAR 1174 0 0.809439 0.190561 
 ----> 1.3#6.6#34.0#44.0#VAR 1175 0 0.798708 0.201292 
 ----> 1.3#6.6#34.0#44.0#VAR 1176 0 0.812253 0.187747 
 ----> 1.3#6.6#34.0#44.0#VAR 1177 0 0.807868 0.192132 
 ----> 1.3#6.6#34.0#44.0#VAR 1178 0 0.802744 0.197256 
 ----> 1.3#6.6#34.0#44.0#VAR 1179 0 0.812873 0.187127 
 ----> 1.3#6.6#34.0#44.0#VAR 1180 0 0.80711 0.19289 
 ----> 1.3#6.6#34.0#44.0#VAR 1181 0 0.817725 0.182275 
 ----> 1.3#6.6#34.0#44.0#VAR 1182 0 0.807069 0.192931 
 ----> 1.3#6.6#34.0#44.0#VAR 1183 0 0.808511 0.191489 
 ----> 1.3#6.6#34.0#44.0#VAR 1184 0 0.799185 0.200815 
 ----> 1.3#6.6#34.0#44.0#VAR 1185 0 0.799594 0.200406 
 ----> 1.3#6.6#34.0#44.0#VAR 1186 0 0.796671 0.203329 
 ----> 1.3#6.6#34.0#44.0#VAR 1187 0 0.789425 0.210575 
 ----> 1.3#6.6#34.0#44.0#VAR 1188 0 0.811991 0.188009 
 ----> 1.3#6.6#34.0#44.0#VAR 1189 0 0.809733 0.190267 
 ----> 1.3#6.6#34.0#44.0#VAR 1190 0 0.801033 0.198967 
 ----> 1.3#6.6#34.0#44.0#VAR 1191 0 0.810613 0.189387 
 ----> 1.3#6.6#34.0#44.0#VAR 1192 0 0.812598 0.187402 
 ----> 1.3#6.6#34.0#44.0#VAR 1193 0 0.801449 0.198551 
 ----> 1.3#6.6#34.0#44.0#VAR 1194 0 0.799073 0.200927 
 ----> 1.3#6.6#34.0#44.0#VAR 1195 0 0.805917 0.194083 
 ----> 1.3#6.6#34.0#44.0#VAR 1196 0 0.807127 0.192873 
 ----> 1.3#6.6#34.0#44.0#VAR 1197 0 0.811876 0.188124 
 ----> 1.3#6.6#34.0#44.0#VAR 1198 0 0.802611 0.197389 
 ----> 1.3#6.6#34.0#44.0#VAR 1199 0 0.805456 0.194544 
 ----> 1.3#6.6#34.0#44.0#VAR 1200 0 0.811246 0.188754 
 ----> 1.3#6.6#34.0#44.0#VAR 1201 0 0.80298 0.19702 
 ----> 1.3#6.6#34.0#44.0#VAR 1202 1 0.775737 0.224263 
 ----> 1.3#6.6#34.0#44.0#VAR 1203 0 0.791963 0.208037 
 ----> 1.3#6.6#34.0#44.0#VAR 1204 0 0.811069 0.188931 
 ----> 1.3#6.6#34.0#44.0#VAR 1205 0 0.812572 0.187428 
 ----> 1.3#6.6#34.0#44.0#VAR 1206 0 0.821612 0.178388 
 ----> 1.3#6.6#34.0#44.0#VAR 1207 0 0.802027 0.197973 
 ----> 1.3#6.6#34.0#44.0#VAR 1208 0 0.809974 0.190026 
 ----> 1.3#6.6#34.0#44.0#VAR 1209 1 0.785582 0.214418 
 ----> 1.3#6.6#34.0#44.0#VAR 1210 1 0.791681 0.208319 
 ----> 1.3#6.6#34.0#44.0#VAR 1211 0 0.806437 0.193563 
 ----> 1.3#6.6#34.0#44.0#VAR 1212 0 0.812084 0.187916 
 ----> 1.3#6.6#34.0#44.0#VAR 1213 0 0.799234 0.200766 
 ----> 1.3#6.6#34.0#44.0#VAR 1214 1 0.773922 0.226078 
 ----> 1.3#6.6#34.0#44.0#VAR 1215 1 0.772708 0.227292 
 ----> 1.3#6.6#34.0#44.0#VAR 1216 0 0.80948 0.19052 
 ----> 1.3#6.6#34.0#44.0#VAR 1217 0 0.806292 0.193708 
 ----> 1.3#6.6#34.0#44.0#VAR 1218 0 0.799468 0.200532 
 ----> 1.3#6.6#34.0#44.0#VAR 1219 1 0.782801 0.217199 
 ----> 1.3#6.6#34.0#44.0#VAR 1220 1 0.783327 0.216673 
 ----> 1.3#6.6#34.0#44.0#VAR 1221 0 0.792628 0.207372 
 ----> 1.3#6.6#34.0#44.0#VAR 1222 0 0.78193 0.21807 
 ----> 1.3#6.6#34.0#44.0#VAR 1223 0 0.812925 0.187075 
 ----> 1.3#6.6#34.0#44.0#VAR 1224 0 0.807409 0.192591 
 ----> 1.3#6.6#34.0#44.0#VAR 1225 1 0.793903 0.206097 
 ----> 1.3#6.6#34.0#44.0#VAR 1226 1 0.79514 0.20486 
 ----> 1.3#6.6#34.0#44.0#VAR 1227 0 0.810107 0.189893 
 ----> 1.3#6.6#34.0#44.0#VAR 1228 0 0.805402 0.194598 
 ----> 1.3#6.6#34.0#44.0#VAR 1229 0 0.805117 0.194883 
 ----> 1.3#6.6#34.0#44.0#VAR 1230 0 0.798043 0.201957 
 ----> 1.3#6.6#34.0#44.0#VAR 1231 0 0.807567 0.192433 
 ----> 1.3#6.6#34.0#44.0#VAR 1232 0 0.795443 0.204557 
 ----> 1.3#6.6#34.0#44.0#VAR 1233 0 0.807749 0.192251 
 ----> 1.3#6.6#34.0#44.0#VAR 1234 0 0.807383 0.192617 
 ----> 1.3#6.6#34.0#44.0#VAR 1235 0 0.806828 0.193172 
 ----> 1.3#6.6#34.0#44.0#VAR 1236 0 0.805525 0.194475 
 ----> 1.3#6.6#34.0#44.0#VAR 1237 0 0.804857 0.195143 
 ----> 1.3#6.6#34.0#44.0#VAR 1238 0 0.794917 0.205083 
 ----> 1.3#6.6#34.0#44.0#VAR 1239 0 0.817265 0.182735 
 ----> 1.3#6.6#34.0#44.0#VAR 1240 0 0.809741 0.190259 
 ----> 1.3#6.6#34.0#44.0#VAR 1241 0 0.808758 0.191242 
 ----> 1.3#6.6#34.0#44.0#VAR 1242 1 0.796887 0.203113 
 ----> 1.3#6.6#34.0#44.0#VAR 1243 0 0.815469 0.184531 
 ----> 1.3#6.6#34.0#44.0#VAR 1244 0 0.809016 0.190984 
 ----> 1.3#6.6#34.0#44.0#VAR 1245 1 0.78839 0.21161 
 ----> 1.3#6.6#34.0#44.0#VAR 1246 0 0.80033 0.19967 
 ----> 1.3#6.6#34.0#44.0#VAR 1247 0 0.803803 0.196197 
 ----> 1.3#6.6#34.0#44.0#VAR 1248 0 0.799293 0.200707 
 ----> 1.3#6.6#34.0#44.0#VAR 1249 1 0.781463 0.218537 
 ----> 1.3#6.6#34.0#44.0#VAR 1250 0 0.810438 0.189562 
 ----> 1.3#6.6#34.0#44.0#VAR 1251 0 0.80949 0.19051 
 ----> 1.3#6.6#34.0#44.0#VAR 1252 0 0.813578 0.186422 
 ----> 1.3#6.6#34.0#44.0#VAR 1253 1 0.793909 0.206091 
 ----> 1.3#6.6#34.0#44.0#VAR 1254 1 0.79037 0.20963 
 ----> 1.3#6.6#34.0#44.0#VAR 1255 0 0.792144 0.207856 
 ----> 1.3#6.6#34.0#44.0#VAR 1256 0 0.801738 0.198262 
 ----> 1.3#6.6#34.0#44.0#VAR 1257 0 0.807711 0.192289 
 ----> 1.3#6.6#34.0#44.0#VAR 1258 0 0.81467 0.18533 
 ----> 1.3#6.6#34.0#44.0#VAR 1259 0 0.810824 0.189176 
 ----> 1.3#6.6#34.0#44.0#VAR 1260 0 0.830697 0.169303 
 ----> 1.3#6.6#34.0#44.0#VAR 1261 0 0.793322 0.206678 
 ----> 1.3#6.6#34.0#44.0#VAR 1262 0 0.832733 0.167267 
 ----> 1.3#6.6#34.0#44.0#VAR 1263 0 0.80991 0.19009 
 ----> 1.3#6.6#34.0#44.0#VAR 1264 0 0.80344 0.19656 
 ----> 1.3#6.6#34.0#44.0#VAR 1265 1 0.78625 0.21375 
 ----> 1.3#6.6#34.0#44.0#VAR 1266 0 0.794972 0.205028 
 ----> 1.3#6.6#34.0#44.0#VAR 1267 1 0.791911 0.208089 
 ----> 1.3#6.6#34.0#44.0#VAR 1268 1 0.772266 0.227734 
 ----> 1.3#6.6#34.0#44.0#VAR 1269 0 0.813628 0.186372 
 ----> 1.3#6.6#34.0#44.0#VAR 1270 0 0.813115 0.186885 
 ----> 1.3#6.6#34.0#44.0#VAR 1271 1 0.760151 0.239849 
 ----> 1.3#6.6#34.0#44.0#VAR 1272 1 0.781151 0.218849 
 ----> 1.3#6.6#34.0#44.0#VAR 1273 0 0.824396 0.175604 
 ----> 1.3#6.6#34.0#44.0#VAR 1274 0 0.823044 0.176956 
 ----> 1.3#6.6#34.0#44.0#VAR 1275 0 0.806919 0.193081 
 ----> 1.3#6.6#34.0#44.0#VAR 1276 0 0.809262 0.190738 
 ----> 1.3#6.6#34.0#44.0#VAR 1277 0 0.800835 0.199165 
 ----> 1.3#6.6#34.0#44.0#VAR 1278 0 0.808105 0.191895 
 ----> 1.3#6.6#34.0#44.0#VAR 1279 1 0.785669 0.214331 
 ----> 1.3#6.6#34.0#44.0#VAR 1280 0 0.81082 0.18918 
 ----> 1.3#6.6#34.0#44.0#VAR 1281 0 0.802355 0.197645 
 ----> 1.3#6.6#34.0#44.0#VAR 1282 0 0.797125 0.202875 
 ----> 1.3#6.6#34.0#44.0#VAR 1283 0 0.815984 0.184016 
 ----> 1.3#6.6#34.0#44.0#VAR 1284 1 0.780028 0.219972 
 ----> 1.3#6.6#34.0#44.0#VAR 1285 0 0.811409 0.188591 
 ----> 1.3#6.6#34.0#44.0#VAR 1286 0 0.808867 0.191133 
 ----> 1.3#6.6#34.0#44.0#VAR 1287 0 0.818788 0.181212 
 ----> 1.3#6.6#34.0#44.0#VAR 1288 1 0.800188 0.199812 
 ----> 1.3#6.6#34.0#44.0#VAR 1289 0 0.815144 0.184856 
 ----> 1.3#6.6#34.0#44.0#VAR 1290 0 0.79175 0.20825 
 ----> 1.3#6.6#34.0#44.0#VAR 1291 1 0.785151 0.214849 
 ----> 1.3#6.6#34.0#44.0#VAR 1292 0 0.790761 0.209239 
 ----> 1.3#6.6#34.0#44.0#VAR 1293 0 0.792156 0.207844 
 ----> 1.3#6.6#34.0#44.0#VAR 1294 0 0.803743 0.196257 
 ----> 1.3#6.6#34.0#44.0#VAR 1295 0 0.803535 0.196465 
 ----> 1.3#6.6#34.0#44.0#VAR 1296 1 0.808676 0.191324 
 ----> 1.3#6.6#34.0#44.0#VAR 1297 1 0.803648 0.196352 
 ----> 1.3#6.6#34.0#44.0#VAR 1298 1 0.788584 0.211416 
 ----> 1.3#6.6#34.0#44.0#VAR 1299 1 0.785308 0.214692 
 ----> 1.3#6.6#34.0#44.0#VAR 1300 0 0.796234 0.203766 
 ----> 1.3#6.6#34.0#44.0#VAR 1301 1 0.79234 0.20766 
 ----> 1.3#6.6#34.0#44.0#VAR 1302 0 0.81307 0.18693 
 ----> 1.3#6.6#34.0#44.0#VAR 1303 0 0.810023 0.189977 
 ----> 1.3#6.6#34.0#44.0#VAR 1304 1 0.799821 0.200179 
 ----> 1.3#6.6#34.0#44.0#VAR 1305 0 0.828564 0.171436 
 ----> 1.3#6.6#34.0#44.0#VAR 1306 0 0.799309 0.200691 
 ----> 1.3#6.6#34.0#44.0#VAR 1307 0 0.811936 0.188064 
 ----> 1.3#6.6#34.0#44.0#VAR 1308 0 0.809032 0.190968 
 ----> 1.3#6.6#34.0#44.0#VAR 1309 0 0.802475 0.197525 
 ----> 1.3#6.6#34.0#44.0#VAR 1310 0 0.802909 0.197091 
 ----> 1.3#6.6#34.0#44.0#VAR 1311 0 0.785423 0.214577 
 ----> 1.3#6.6#34.0#44.0#VAR 1312 0 0.812701 0.187299 
 ----> 1.3#6.6#34.0#44.0#VAR 1313 0 0.80352 0.19648 
 ----> 1.3#6.6#34.0#44.0#VAR 1314 0 0.815064 0.184936 
 ----> 1.3#6.6#34.0#44.0#VAR 1315 0 0.808748 0.191252 
 ----> 1.3#6.6#34.0#44.0#VAR 1316 0 0.818118 0.181882 
 ----> 1.3#6.6#34.0#44.0#VAR 1317 1 0.789731 0.210269 
 ----> 1.3#6.6#34.0#44.0#VAR 1318 0 0.79773 0.20227 
 ----> 1.3#6.6#34.0#44.0#VAR 1319 0 0.811629 0.188371 
 ----> 1.3#6.6#34.0#44.0#VAR 1320 0 0.822147 0.177853 
 ----> 1.3#6.6#34.0#44.0#VAR 1321 0 0.8091 0.1909 
 ----> 1.3#6.6#34.0#44.0#VAR 1322 0 0.816538 0.183462 
 ----> 1.3#6.6#34.0#44.0#VAR 1323 1 0.796466 0.203534 
 ----> 1.3#6.6#34.0#44.0#VAR 1324 0 0.811282 0.188718 
 ----> 1.3#6.6#34.0#44.0#VAR 1325 0 0.805516 0.194484 
 ----> 1.3#6.6#34.0#44.0#VAR 1326 0 0.808086 0.191914 
 ----> 1.3#6.6#34.0#44.0#VAR 1327 0 0.813228 0.186772 
 ----> 1.3#6.6#34.0#44.0#VAR 1328 0 0.814313 0.185687 
 ----> 1.3#6.6#34.0#44.0#VAR 1329 1 0.796693 0.203307 
 ----> 1.3#6.6#34.0#44.0#VAR 1330 0 0.806893 0.193107 
 ----> 1.3#6.6#34.0#44.0#VAR 1331 0 0.809132 0.190868 
 ----> 1.3#6.6#34.0#44.0#VAR 1332 0 0.804843 0.195157 
 ----> 1.3#6.6#34.0#44.0#VAR 1333 0 0.80558 0.19442 
 ----> 1.3#6.6#34.0#44.0#VAR 1334 1 0.794051 0.205949 
 ----> 1.3#6.6#34.0#44.0#VAR 1335 0 0.785402 0.214598 
 ----> 1.3#6.6#34.0#44.0#VAR 1336 1 0.784084 0.215916 
 ----> 1.3#6.6#34.0#44.0#VAR 1337 0 0.805945 0.194055 
 ----> 1.3#6.6#34.0#44.0#VAR 1338 0 0.802629 0.197371 
 ----> 1.3#6.6#34.0#44.0#VAR 1339 0 0.805881 0.194119 
 ----> 1.3#6.6#34.0#44.0#VAR 1340 0 0.812527 0.187473 
 ----> 1.3#6.6#34.0#44.0#VAR 1341 0 0.810718 0.189282 
 ----> 1.3#6.6#34.0#44.0#VAR 1342 0 0.804789 0.195211 
 ----> 1.3#6.6#34.0#44.0#VAR 1343 1 0.801129 0.198871 
 ----> 1.3#6.6#34.0#44.0#VAR 1344 1 0.795403 0.204597 
 ----> 1.3#6.6#34.0#44.0#VAR 1345 0 0.808473 0.191527 
 ----> 1.3#6.6#34.0#44.0#VAR 1346 0 0.826647 0.173353 
 ----> 1.3#6.6#34.0#44.0#VAR 1347 0 0.792798 0.207202 
 ----> 1.3#6.6#34.0#44.0#VAR 1348 0 0.808791 0.191209 
 ----> 1.3#6.6#34.0#44.0#VAR 1349 0 0.804004 0.195996 
 ----> 1.3#6.6#34.0#44.0#VAR 1350 0 0.802825 0.197175 
 ----> 1.3#6.6#34.0#44.0#VAR 1351 0 0.795632 0.204368 
 ----> 1.3#6.6#34.0#44.0#VAR 1352 0 0.804034 0.195966 
 ----> 1.3#6.6#34.0#44.0#VAR 1353 0 0.799859 0.200141 
 ----> 1.3#6.6#34.0#44.0#VAR 1354 1 0.804227 0.195773 
 ----> 1.3#6.6#34.0#44.0#VAR 1355 0 0.809926 0.190074 
 ----> 1.3#6.6#34.0#44.0#VAR 1356 0 0.799927 0.200073 
 ----> 1.3#6.6#34.0#44.0#VAR 1357 0 0.808641 0.191359 
 ----> 1.3#6.6#34.0#44.0#VAR 1358 1 0.778051 0.221949 
 ----> 1.3#6.6#34.0#44.0#VAR 1359 0 0.802605 0.197395 
 ----> 1.3#6.6#34.0#44.0#VAR 1360 0 0.800871 0.199129 
 ----> 1.3#6.6#34.0#44.0#VAR 1361 1 0.784497 0.215503 
 ----> 1.3#6.6#34.0#44.0#VAR 1362 0 0.809231 0.190769 
 ----> 1.3#6.6#34.0#44.0#VAR 1363 0 0.807194 0.192806 
 ----> 1.3#6.6#34.0#44.0#VAR 1364 0 0.81434 0.18566 
 ----> 1.3#6.6#34.0#44.0#VAR 1365 0 0.807646 0.192354 
 ----> 1.3#6.6#34.0#44.0#VAR 1366 0 0.817903 0.182097 
 ----> 1.3#6.6#34.0#44.0#VAR 1367 0 0.81847 0.18153 
 ----> 1.3#6.6#34.0#44.0#VAR 1368 1 0.784893 0.215107 
 ----> 1.3#6.6#34.0#44.0#VAR 1369 0 0.803395 0.196605 
 ----> 1.3#6.6#34.0#44.0#VAR 1370 0 0.817688 0.182312 
 ----> 1.3#6.6#34.0#44.0#VAR 1371 0 0.827188 0.172812 
 ----> 1.3#6.6#34.0#44.0#VAR 1372 0 0.803447 0.196553 
 ----> 1.3#6.6#34.0#44.0#VAR 1373 0 0.818417 0.181583 
 ----> 1.3#6.6#34.0#44.0#VAR 1374 0 0.809965 0.190035 
 ----> 1.3#6.6#34.0#44.0#VAR 1375 0 0.82066 0.17934 
 ----> 1.3#6.6#34.0#44.0#VAR 1376 0 0.806769 0.193231 
 ----> 1.3#6.6#34.0#44.0#VAR 1377 1 0.803492 0.196508 
 ----> 1.3#6.6#34.0#44.0#VAR 1378 0 0.827418 0.172582 
 ----> 1.3#6.6#34.0#44.0#VAR 1379 0 0.815988 0.184012 
 ----> 1.3#6.6#34.0#44.0#VAR 1380 1 0.791137 0.208863 
 ----> 1.3#6.6#34.0#44.0#VAR 1381 0 0.79929 0.20071 
 ----> 1.3#6.6#34.0#44.0#VAR 1382 0 0.815591 0.184409 
 ----> 1.3#6.6#34.0#44.0#VAR 1383 0 0.798889 0.201111 
 ----> 1.3#6.6#34.0#44.0#VAR 1384 0 0.809231 0.190769 
 ----> 1.3#6.6#34.0#44.0#VAR 1385 0 0.825056 0.174944 
 ----> 1.3#6.6#34.0#44.0#VAR 1386 1 0.789467 0.210533 
 ----> 1.3#6.6#34.0#44.0#VAR 1387 1 0.792798 0.207202 
 ----> 1.3#6.6#34.0#44.0#VAR 1388 0 0.813738 0.186262 
 ----> 1.3#6.6#34.0#44.0#VAR 1389 0 0.809813 0.190187 
 ----> 1.3#6.6#34.0#44.0#VAR 1390 0 0.82044 0.17956 
 ----> 1.3#6.6#34.0#44.0#VAR 1391 0 0.831363 0.168637 
 ----> 1.3#6.6#34.0#44.0#VAR 1392 0 0.810987 0.189013 
 ----> 1.3#6.6#34.0#44.0#VAR 1393 0 0.829157 0.170843 
 ----> 1.3#6.6#34.0#44.0#VAR 1394 1 0.781728 0.218272 
 ----> 1.3#6.6#34.0#44.0#VAR 1395 0 0.82276 0.17724 
 ----> 1.3#6.6#34.0#44.0#VAR 1396 0 0.814729 0.185271 
 ----> 1.3#6.6#34.0#44.0#VAR 1397 0 0.822777 0.177223 
 ----> 1.3#6.6#34.0#44.0#VAR 1398 1 0.800651 0.199349 
 ----> 1.3#6.6#34.0#44.0#VAR 1399 0 0.817968 0.182032 
 ----> 1.3#6.6#34.0#44.0#VAR 1400 1 0.794776 0.205224 
 ----> 1.3#6.6#34.0#44.0#VAR 1401 0 0.797248 0.202752 
 ----> 1.3#6.6#34.0#44.0#VAR 1402 1 0.766191 0.233809 
 ----> 1.3#6.6#34.0#44.0#VAR 1403 0 0.802967 0.197033 
 ----> 1.3#6.6#34.0#44.0#VAR 1404 0 0.80391 0.19609 
 ----> 1.3#6.6#34.0#44.0#VAR 1405 1 0.769927 0.230073 
 ----> 1.3#6.6#34.0#44.0#VAR 1406 0 0.804591 0.195409 
 ----> 1.3#6.6#34.0#44.0#VAR 1407 0 0.802356 0.197644 
 ----> 1.3#6.6#34.0#44.0#VAR 1408 0 0.800368 0.199632 
 ----> 1.3#6.6#34.0#44.0#VAR 1409 0 0.805259 0.194741 
 ----> 1.3#6.6#34.0#44.0#VAR 1410 0 0.799241 0.200759 
 ----> 1.3#6.6#34.0#44.0#VAR 1411 0 0.812872 0.187128 
 ----> 1.3#6.6#34.0#44.0#VAR 1412 1 0.788508 0.211492 
 ----> 1.3#6.6#34.0#44.0#VAR 1413 0 0.806408 0.193592 
 ----> 1.3#6.6#34.0#44.0#VAR 1414 0 0.79695 0.20305 
 ----> 1.3#6.6#34.0#44.0#VAR 1415 0 0.795991 0.204009 
 ----> 1.3#6.6#34.0#44.0#VAR 1416 0 0.802909 0.197091 
 ----> 1.3#6.6#34.0#44.0#VAR 1417 0 0.817671 0.182329 
 ----> 1.3#6.6#34.0#44.0#VAR 1418 1 0.795974 0.204026 
 ----> 1.3#6.6#34.0#44.0#VAR 1419 0 0.803002 0.196998 
 ----> 1.3#6.6#34.0#44.0#VAR 1420 0 0.795004 0.204996 
 ----> 1.3#6.6#34.0#44.0#VAR 1421 0 0.811557 0.188443 
 ----> 1.3#6.6#34.0#44.0#VAR 1422 1 0.796474 0.203526 
 ----> 1.3#6.6#34.0#44.0#VAR 1423 0 0.809626 0.190374 
 ----> 1.3#6.6#34.0#44.0#VAR 1424 1 0.788357 0.211643 
 ----> 1.3#6.6#34.0#44.0#VAR 1425 0 0.822839 0.177161 
 ----> 1.3#6.6#34.0#44.0#VAR 1426 1 0.800938 0.199062 
 ----> 1.3#6.6#34.0#44.0#VAR 1427 1 0.801261 0.198739 
 ----> 1.3#6.6#34.0#44.0#VAR 1428 0 0.811638 0.188362 
 ----> 1.3#6.6#34.0#44.0#VAR 1429 0 0.804589 0.195411 
 ----> 1.3#6.6#34.0#44.0#VAR 1430 0 0.807138 0.192862 
 ----> 1.3#6.6#34.0#44.0#VAR 1431 0 0.808102 0.191898 
 ----> 1.3#6.6#34.0#44.0#VAR 1432 0 0.805318 0.194682 
 ----> 1.3#6.6#34.0#44.0#VAR 1433 0 0.799737 0.200263 
 ----> 1.3#6.6#34.0#44.0#VAR 1434 0 0.813951 0.186049 
 ----> 1.3#6.6#34.0#44.0#VAR 1435 0 0.801324 0.198676 
 ----> 1.3#6.6#34.0#44.0#VAR 1436 0 0.817145 0.182855 
 ----> 1.3#6.6#34.0#44.0#VAR 1437 0 0.791566 0.208434 
 ----> 1.3#6.6#34.0#44.0#VAR 1438 0 0.808016 0.191984 
 ----> 1.3#6.6#34.0#44.0#VAR 1439 0 0.8094 0.1906 
 ----> 1.3#6.6#34.0#44.0#VAR 1440 1 0.79631 0.20369 
 ----> 1.3#6.6#34.0#44.0#VAR 1441 1 0.787372 0.212628 
 ----> 1.3#6.6#34.0#44.0#VAR 1442 0 0.817411 0.182589 
 ----> 1.3#6.6#34.0#44.0#VAR 1443 1 0.767714 0.232286 
 ----> 1.3#6.6#34.0#44.0#VAR 1444 1 0.779447 0.220553 
 ----> 1.3#6.6#34.0#44.0#VAR 1445 1 0.801782 0.198218 
 ----> 1.3#6.6#34.0#44.0#VAR 1446 0 0.799299 0.200701 
 ----> 1.3#6.6#34.0#44.0#VAR 1447 0 0.804587 0.195413 
 ----> 1.3#6.6#34.0#44.0#VAR 1448 0 0.798339 0.201661 
 ----> 1.3#6.6#34.0#44.0#VAR 1449 0 0.804025 0.195975 
 ----> 1.3#6.6#34.0#44.0#VAR 1450 0 0.77869 0.22131 
 ----> 1.3#6.6#34.0#44.0#VAR 1451 1 0.776339 0.223661 
 ----> 1.3#6.6#34.0#44.0#VAR 1452 0 0.807478 0.192522 
 ----> 1.3#6.6#34.0#44.0#VAR 1453 0 0.816469 0.183531 
 ----> 1.3#6.6#34.0#44.0#VAR 1454 0 0.79683 0.20317 
 ----> 1.3#6.6#34.0#44.0#VAR 1455 0 0.819729 0.180271 
 ----> 1.3#6.6#34.0#44.0#VAR 1456 1 0.807854 0.192146 
 ----> 1.3#6.6#34.0#44.0#VAR 1457 1 0.79541 0.20459 
 ----> 1.3#6.6#34.0#44.0#VAR 1458 1 0.796325 0.203675 
 ----> 1.3#6.6#34.0#44.0#VAR 1459 1 0.799445 0.200555 
 ----> 1.3#6.6#34.0#44.0#VAR 1460 0 0.817014 0.182986 
 ----> 1.3#6.6#34.0#44.0#VAR 1461 1 0.803086 0.196914 
 ----> 1.3#6.6#34.0#44.0#VAR 1462 0 0.788399 0.211601 
 ----> 1.3#6.6#34.0#44.0#VAR 1463 0 0.809397 0.190603 
 ----> 1.3#6.6#34.0#44.0#VAR 1464 0 0.80413 0.19587 
 ----> 1.3#6.6#34.0#44.0#VAR 1465 0 0.811524 0.188476 
 ----> 1.3#6.6#34.0#44.0#VAR 1466 0 0.815239 0.184761 
 ----> 1.3#6.6#34.0#44.0#VAR 1467 1 0.802414 0.197586 
 ----> 1.3#6.6#34.0#44.0#VAR 1468 1 0.824682 0.175318 
 ----> 1.3#6.6#34.0#44.0#VAR 1469 0 0.792124 0.207876 
 ----> 1.3#6.6#34.0#44.0#VAR 1470 0 0.808483 0.191517 
 ----> 1.3#6.6#34.0#44.0#VAR 1471 0 0.805998 0.194002 
 ----> 1.3#6.6#34.0#44.0#VAR 1472 0 0.807035 0.192965 
 ----> 1.3#6.6#34.0#44.0#VAR 1473 0 0.812348 0.187652 
 ----> 1.3#6.6#34.0#44.0#VAR 1474 0 0.823431 0.176569 
 ----> 1.3#6.6#34.0#44.0#VAR 1475 0 0.788008 0.211992 
 ----> 1.3#6.6#34.0#44.0#VAR 1476 1 0.816934 0.183066 
 ----> 1.3#6.6#34.0#44.0#VAR 1477 0 0.813221 0.186779 
 ----> 1.3#6.6#34.0#44.0#VAR 1478 0 0.807279 0.192721 
 ----> 1.3#6.6#34.0#44.0#VAR 1479 1 0.797175 0.202825 
 ----> 1.3#6.6#34.0#44.0#VAR 1480 0 0.807872 0.192128 
 ----> 1.3#6.6#34.0#44.0#VAR 1481 0 0.79586 0.20414 
 ----> 1.3#6.6#34.0#44.0#VAR 1482 0 0.806767 0.193233 
 ----> 1.3#6.6#34.0#44.0#VAR 1483 0 0.806713 0.193287 
 ----> 1.3#6.6#34.0#44.0#VAR 1484 0 0.816796 0.183204 
 ----> 1.3#6.6#34.0#44.0#VAR 1485 0 0.819742 0.180258 
 ----> 1.3#6.6#34.0#44.0#VAR 1486 0 0.79137 0.20863 
 ----> 1.3#6.6#34.0#44.0#VAR 1487 1 0.801472 0.198528 
 ----> 1.3#6.6#34.0#44.0#VAR 1488 1 0.794799 0.205201 
 ----> 1.3#6.6#34.0#44.0#VAR 1489 0 0.816909 0.183091 
 ----> 1.3#6.6#34.0#44.0#VAR 1490 0 0.809479 0.190521 
 ----> 1.3#6.6#34.0#44.0#VAR 1491 1 0.80093 0.19907 
 ----> 1.3#6.6#34.0#44.0#VAR 1492 0 0.814519 0.185481 
 ----> 1.3#6.6#34.0#44.0#VAR 1493 0 0.814059 0.185941 
 ----> 1.3#6.6#34.0#44.0#VAR 1494 0 0.807043 0.192957 
 ----> 1.3#6.6#34.0#44.0#VAR 1495 0 0.807719 0.192281 
 ----> 1.3#6.6#34.0#44.0#VAR 1496 0 0.811559 0.188441 
 ----> 1.3#6.6#34.0#44.0#VAR 1497 0 0.803395 0.196605 
 ----> 1.3#6.6#34.0#44.0#VAR 1498 0 0.796925 0.203075 
 ----> 1.3#6.6#34.0#44.0#VAR 1499 1 0.790495 0.209505 
 ----> 1.3#6.6#34.0#44.0#VAR 1500 0 0.812851 0.187149 
 ----> 1.3#6.6#34.0#44.0#VAR 1501 0 0.803752 0.196248 
 ----> 1.3#6.6#34.0#44.0#VAR 1502 0 0.794477 0.205523 
 ----> 1.3#6.6#34.0#44.0#VAR 1503 0 0.788487 0.211513 
 ----> 1.3#6.6#34.0#44.0#VAR 1504 0 0.797193 0.202807 
 ----> 1.3#6.6#34.0#44.0#VAR 1505 0 0.800446 0.199554 
 ----> 1.3#6.6#34.0#44.0#VAR 1506 0 0.808586 0.191414 
 ----> 1.3#6.6#34.0#44.0#VAR 1507 0 0.791925 0.208075 
 ----> 1.3#6.6#34.0#44.0#VAR 1508 0 0.804283 0.195717 
 ----> 1.3#6.6#34.0#44.0#VAR 1509 0 0.818423 0.181577 
 ----> 1.3#6.6#34.0#44.0#VAR 1510 0 0.819308 0.180692 
 ----> 1.3#6.6#34.0#44.0#VAR 1511 0 0.792404 0.207596 
 ----> 1.3#6.6#34.0#44.0#VAR 1512 0 0.792338 0.207662 
 ----> 1.3#6.6#34.0#44.0#VAR 1513 0 0.795009 0.204991 
 ----> 1.3#6.6#34.0#44.0#VAR 1514 0 0.79851 0.20149 
 ----> 1.3#6.6#34.0#44.0#VAR 1515 0 0.8124 0.1876 
 ----> 1.3#6.6#34.0#44.0#VAR 1516 0 0.811772 0.188228 
 ----> 1.3#6.6#34.0#44.0#VAR 1517 0 0.789924 0.210076 
 ----> 1.3#6.6#34.0#44.0#VAR 1518 0 0.831667 0.168333 
 ----> 1.3#6.6#34.0#44.0#VAR 1519 0 0.819922 0.180078 
 ----> 1.3#6.6#34.0#44.0#VAR 1520 1 0.812445 0.187555 
 ----> 1.3#6.6#34.0#44.0#VAR 1521 0 0.780773 0.219227 
 ----> 1.3#6.6#34.0#44.0#VAR 1522 0 0.817857 0.182143 
 ----> 1.3#6.6#34.0#44.0#VAR 1523 0 0.807429 0.192571 
 ----> 1.3#6.6#34.0#44.0#VAR 1524 0 0.80387 0.19613 
 ----> 1.3#6.6#34.0#44.0#VAR 1525 0 0.810583 0.189417 
 ----> 1.3#6.6#34.0#44.0#VAR 1526 1 0.787942 0.212058 
 ----> 1.3#6.6#34.0#44.0#VAR 1527 0 0.794254 0.205746 
 ----> 1.3#6.6#34.0#44.0#VAR 1528 0 0.801733 0.198267 
 ----> 1.3#6.6#34.0#44.0#VAR 1529 0 0.804608 0.195392 
 ----> 1.3#6.6#34.0#44.0#VAR 1530 0 0.811342 0.188658 
 ----> 1.3#6.6#34.0#44.0#VAR 1531 1 0.79713 0.20287 
 ----> 1.3#6.6#34.0#44.0#VAR 1532 0 0.810594 0.189406 
 ----> 1.3#6.6#34.0#44.0#VAR 1533 1 0.793171 0.206829 
 ----> 1.3#6.6#34.0#44.0#VAR 1534 0 0.815347 0.184653 
 ----> 1.3#6.6#34.0#44.0#VAR 1535 0 0.799479 0.200521 
 ----> 1.3#6.6#34.0#44.0#VAR 1536 1 0.80354 0.19646 
 ----> 1.3#6.6#34.0#44.0#VAR 1537 0 0.80319 0.19681 
 ----> 1.3#6.6#34.0#44.0#VAR 1538 0 0.811609 0.188391 
 ----> 1.3#6.6#34.0#44.0#VAR 1539 0 0.80764 0.19236 
 ----> 1.3#6.6#34.0#44.0#VAR 1540 0 0.817155 0.182845 
 ----> 1.3#6.6#34.0#44.0#VAR 1541 1 0.798196 0.201804 
 ----> 1.3#6.6#34.0#44.0#VAR 1542 0 0.817848 0.182152 
 ----> 1.3#6.6#34.0#44.0#VAR 1543 0 0.81129 0.18871 
 ----> 1.3#6.6#34.0#44.0#VAR 1544 0 0.824536 0.175464 
 ----> 1.3#6.6#34.0#44.0#VAR 1545 0 0.819701 0.180299 
 ----> 1.3#6.6#34.0#44.0#VAR 1546 0 0.820592 0.179408 
 ----> 1.3#6.6#34.0#44.0#VAR 1547 0 0.805576 0.194424 
 ----> 1.3#6.6#34.0#44.0#VAR 1548 0 0.801211 0.198789 
 ----> 1.3#6.6#34.0#44.0#VAR 1549 0 0.806625 0.193375 
 ----> 1.3#6.6#34.0#44.0#VAR 1550 0 0.811723 0.188277 
 ----> 1.3#6.6#34.0#44.0#VAR 1551 1 0.813256 0.186744 
 ----> 1.3#6.6#34.0#44.0#VAR 1552 0 0.80804 0.19196 
 ----> 1.3#6.6#34.0#44.0#VAR 1553 0 0.813638 0.186362 
 ----> 1.3#6.6#34.0#44.0#VAR 1554 1 0.797214 0.202786 
 ----> 1.3#6.6#34.0#44.0#VAR 1555 0 0.800021 0.199979 
 ----> 1.3#6.6#34.0#44.0#VAR 1556 0 0.803511 0.196489 
 ----> 1.3#6.6#34.0#44.0#VAR 1557 0 0.806921 0.193079 
 ----> 1.3#6.6#34.0#44.0#VAR 1558 0 0.80857 0.19143 
 ----> 1.3#6.6#34.0#44.0#VAR 1559 0 0.798032 0.201968 
 ----> 1.3#6.6#34.0#44.0#VAR 1560 0 0.807956 0.192044 
 ----> 1.3#6.6#34.0#44.0#VAR 1561 0 0.811895 0.188105 
 ----> 1.3#6.6#34.0#44.0#VAR 1562 0 0.779594 0.220406 
 ----> 1.3#6.6#34.0#44.0#VAR 1563 0 0.811201 0.188799 
 ----> 1.3#6.6#34.0#44.0#VAR 1564 1 0.816303 0.183697 
 ----> 1.3#6.6#34.0#44.0#VAR 1565 0 0.806234 0.193766 
 ----> 1.3#6.6#34.0#44.0#VAR 1566 1 0.814336 0.185664 
 ----> 1.3#6.6#34.0#44.0#VAR 1567 0 0.804565 0.195435 
 ----> 1.3#6.6#34.0#44.0#VAR 1568 0 0.779012 0.220988 
 ----> 1.3#6.6#34.0#44.0#VAR 1569 0 0.791817 0.208183 
 ----> 1.3#6.6#34.0#44.0#VAR 1570 0 0.79821 0.20179 
 ----> 1.3#6.6#34.0#44.0#VAR 1571 0 0.789694 0.210306 
 ----> 1.3#6.6#34.0#44.0#VAR 1572 0 0.804101 0.195899 
 ----> 1.3#6.6#34.0#44.0#VAR 1573 1 0.804479 0.195521 
 ----> 1.3#6.6#34.0#44.0#VAR 1574 0 0.807804 0.192196 
 ----> 1.3#6.6#34.0#44.0#VAR 1575 0 0.809844 0.190156 
 ----> 1.3#6.6#34.0#44.0#VAR 1576 0 0.804028 0.195972 
 ----> 1.3#6.6#34.0#44.0#VAR 1577 0 0.801692 0.198308 
 ----> 1.3#6.6#34.0#44.0#VAR 1578 1 0.802677 0.197323 
 ----> 1.3#6.6#34.0#44.0#VAR 1579 0 0.813468 0.186532 
 ----> 1.3#6.6#34.0#44.0#VAR 1580 0 0.808021 0.191979 
 ----> 1.3#6.6#34.0#44.0#VAR 1581 0 0.802398 0.197602 
 ----> 1.3#6.6#34.0#44.0#VAR 1582 0 0.815384 0.184616 
 ----> 1.3#6.6#34.0#44.0#VAR 1583 0 0.809047 0.190953 
 ----> 1.3#6.6#34.0#44.0#VAR 1584 0 0.813389 0.186611 
 ----> 1.3#6.6#34.0#44.0#VAR 1585 0 0.804896 0.195104 
 ----> 1.3#6.6#34.0#44.0#VAR 1586 0 0.798979 0.201021 
 ----> 1.3#6.6#34.0#44.0#VAR 1587 0 0.806136 0.193864 
 ----> 1.3#6.6#34.0#44.0#VAR 1588 1 0.800411 0.199589 
 ----> 1.3#6.6#34.0#44.0#VAR 1589 0 0.798653 0.201347 
 ----> 1.3#6.6#34.0#44.0#VAR 1590 0 0.809054 0.190946 
 ----> 1.3#6.6#34.0#44.0#VAR 1591 0 0.794964 0.205036 
 ----> 1.3#6.6#34.0#44.0#VAR 1592 0 0.796577 0.203423 
 ----> 1.3#6.6#34.0#44.0#VAR 1593 0 0.829045 0.170955 
 ----> 1.3#6.6#34.0#44.0#VAR 1594 0 0.825043 0.174957 
 ----> 1.3#6.6#34.0#44.0#VAR 1595 0 0.811427 0.188573 
 ----> 1.3#6.6#34.0#44.0#VAR 1596 0 0.81326 0.18674 
 ----> 1.3#6.6#34.0#44.0#VAR 1597 0 0.809716 0.190284 
 ----> 1.3#6.6#34.0#44.0#VAR 1598 1 0.813618 0.186382 
 ----> 1.3#6.6#34.0#44.0#VAR 1599 0 0.804317 0.195683 
 ----> 1.3#6.6#34.0#44.0#VAR 1600 0 0.812284 0.187716 
 ----> 1.3#6.6#34.0#44.0#VAR 1601 0 0.794582 0.205418 
 ----> 1.3#6.6#34.0#44.0#VAR 1602 0 0.815368 0.184632 
 ----> 1.3#6.6#34.0#44.0#VAR 1603 0 0.815289 0.184711 
 ----> 1.3#6.6#34.0#44.0#VAR 1604 0 0.80796 0.19204 
 ----> 1.3#6.6#34.0#44.0#VAR 1605 0 0.803773 0.196227 
 ----> 1.3#6.6#34.0#44.0#VAR 1606 1 0.795227 0.204773 
 ----> 1.3#6.6#34.0#44.0#VAR 1607 1 0.811406 0.188594 
 ----> 1.3#6.6#34.0#44.0#VAR 1608 1 0.78715 0.21285 
 ----> 1.3#6.6#34.0#44.0#VAR 1609 0 0.805611 0.194389 
 ----> 1.3#6.6#34.0#44.0#VAR 1610 0 0.814051 0.185949 
 ----> 1.3#6.6#34.0#44.0#VAR 1611 0 0.810368 0.189632 
 ----> 1.3#6.6#34.0#44.0#VAR 1612 0 0.810731 0.189269 
 ----> 1.3#6.6#34.0#44.0#VAR 1613 0 0.804812 0.195188 
 ----> 1.3#6.6#34.0#44.0#VAR 1614 0 0.810818 0.189182 
 ----> 1.3#6.6#34.0#44.0#VAR 1615 0 0.793487 0.206513 
 ----> 1.3#6.6#34.0#44.0#VAR 1616 1 0.822871 0.177129 
 ----> 1.3#6.6#34.0#44.0#VAR 1617 1 0.805178 0.194822 
 ----> 1.3#6.6#34.0#44.0#VAR 1618 0 0.814869 0.185131 
 ----> 1.3#6.6#34.0#44.0#VAR 1619 0 0.799187 0.200813 
 ----> 1.3#6.6#34.0#44.0#VAR 1620 0 0.804019 0.195981 
 ----> 1.3#6.6#34.0#44.0#VAR 1621 0 0.815615 0.184385 
 ----> 1.3#6.6#34.0#44.0#VAR 1622 0 0.821921 0.178079 
 ----> 1.3#6.6#34.0#44.0#VAR 1623 1 0.820631 0.179369 
 ----> 1.3#6.6#34.0#44.0#VAR 1624 1 0.809019 0.190981 
 ----> 1.3#6.6#34.0#44.0#VAR 1625 1 0.797934 0.202066 
 ----> 1.3#6.6#34.0#44.0#VAR 1626 0 0.799751 0.200249 
 ----> 1.3#6.6#34.0#44.0#VAR 1627 0 0.807369 0.192631 
 ----> 1.3#6.6#34.0#44.0#VAR 1628 0 0.804602 0.195398 
 ----> 1.3#6.6#34.0#44.0#VAR 1629 0 0.798405 0.201595 
 ----> 1.3#6.6#34.0#44.0#VAR 1630 0 0.813765 0.186235 
 ----> 1.3#6.6#34.0#44.0#VAR 1631 0 0.803376 0.196624 
 ----> 1.3#6.6#34.0#44.0#VAR 1632 0 0.805161 0.194839 
 ----> 1.3#6.6#34.0#44.0#VAR 1633 1 0.812167 0.187833 
 ----> 1.3#6.6#34.0#44.0#VAR 1634 0 0.801062 0.198938 
 ----> 1.3#6.6#34.0#44.0#VAR 1635 0 0.80978 0.19022 
 ----> 1.3#6.6#34.0#44.0#VAR 1636 0 0.80132 0.19868 
 ----> 1.3#6.6#34.0#44.0#VAR 1637 1 0.815277 0.184723 
 ----> 1.3#6.6#34.0#44.0#VAR 1638 1 0.805875 0.194125 
 ----> 1.3#6.6#34.0#44.0#VAR 1639 1 0.807675 0.192325 
 ----> 1.3#6.6#34.0#44.0#VAR 1640 0 0.810658 0.189342 
 ----> 1.3#6.6#34.0#44.0#VAR 1641 0 0.797064 0.202936 
 ----> 1.3#6.6#34.0#44.0#VAR 1642 0 0.793716 0.206284 
 ----> 1.3#6.6#34.0#44.0#VAR 1643 0 0.81846 0.18154 
 ----> 1.3#6.6#34.0#44.0#VAR 1644 1 0.79606 0.20394 
 ----> 1.3#6.6#34.0#44.0#VAR 1645 0 0.807668 0.192332 
 ----> 1.3#6.6#34.0#44.0#VAR 1646 0 0.804652 0.195348 
 ----> 1.3#6.6#34.0#44.0#VAR 1647 1 0.796829 0.203171 
 ----> 1.3#6.6#34.0#44.0#VAR 1648 0 0.78112 0.21888 
 ----> 1.3#6.6#34.0#44.0#VAR 1649 0 0.800517 0.199483 
 ----> 1.3#6.6#34.0#44.0#VAR 1650 0 0.80017 0.19983 
 ----> 1.3#6.6#34.0#44.0#VAR 1651 0 0.805102 0.194898 
 ----> 1.3#6.6#34.0#44.0#VAR 1652 1 0.809323 0.190677 
 ----> 1.3#6.6#34.0#44.0#VAR 1653 0 0.806309 0.193691 
 ----> 1.3#6.6#34.0#44.0#VAR 1654 0 0.81313 0.18687 
 ----> 1.3#6.6#34.0#44.0#VAR 1655 1 0.792849 0.207151 
 ----> 1.3#6.6#34.0#44.0#VAR 1656 0 0.809178 0.190822 
 ----> 1.3#6.6#34.0#44.0#VAR 1657 0 0.816487 0.183513 
 ----> 1.3#6.6#34.0#44.0#VAR 1658 1 0.815665 0.184335 
 ----> 1.3#6.6#34.0#44.0#VAR 1659 0 0.806396 0.193604 
 ----> 1.3#6.6#34.0#44.0#VAR 1660 0 0.810981 0.189019 
 ----> 1.3#6.6#34.0#44.0#VAR 1661 0 0.806405 0.193595 
 ----> 1.3#6.6#34.0#44.0#VAR 1662 0 0.807779 0.192221 
 ----> 1.3#6.6#34.0#44.0#VAR 1663 0 0.812363 0.187637 
 ----> 1.3#6.6#34.0#44.0#VAR 1664 0 0.804279 0.195721 
 ----> 1.3#6.6#34.0#44.0#VAR 1665 0 0.805647 0.194353 
 ----> 1.3#6.6#34.0#44.0#VAR 1666 0 0.825541 0.174459 
 ----> 1.3#6.6#34.0#44.0#VAR 1667 0 0.810545 0.189455 
 ----> 1.3#6.6#34.0#44.0#VAR 1668 1 0.804776 0.195224 
 ----> 1.3#6.6#34.0#44.0#VAR 1669 0 0.807596 0.192404 
 ----> 1.3#6.6#34.0#44.0#VAR 1670 1 0.81491 0.18509 
 ----> 1.3#6.6#34.0#44.0#VAR 1671 1 0.823986 0.176014 
 ----> 1.3#6.6#34.0#44.0#VAR 1672 0 0.809042 0.190958 
 ----> 1.3#6.6#34.0#44.0#VAR 1673 0 0.788535 0.211465 
 ----> 1.3#6.6#34.0#44.0#VAR 1674 0 0.805992 0.194008 
 ----> 1.3#6.6#34.0#44.0#VAR 1675 1 0.808812 0.191188 
 ----> 1.3#6.6#34.0#44.0#VAR 1676 0 0.817779 0.182221 
 ----> 1.3#6.6#34.0#44.0#VAR 1677 0 0.807763 0.192237 
 ----> 1.3#6.6#34.0#44.0#VAR 1678 0 0.821031 0.178969 
 ----> 1.3#6.6#34.0#44.0#VAR 1679 0 0.803374 0.196626 
 ----> 1.3#6.6#34.0#44.0#VAR 1680 1 0.8037 0.1963 
 ----> 1.3#6.6#34.0#44.0#VAR 1681 0 0.798271 0.201729 
 ----> 1.3#6.6#34.0#44.0#VAR 1682 0 0.806765 0.193235 
 ----> 1.3#6.6#34.0#44.0#VAR 1683 0 0.808642 0.191358 
 ----> 1.3#6.6#34.0#44.0#VAR 1684 0 0.807494 0.192506 
 ----> 1.3#6.6#34.0#44.0#VAR 1685 1 0.821429 0.178571 
 ----> 1.3#6.6#34.0#44.0#VAR 1686 0 0.820389 0.179611 
 ----> 1.3#6.6#34.0#44.0#VAR 1687 1 0.781242 0.218758 
 ----> 1.3#6.6#34.0#44.0#VAR 1688 0 0.790253 0.209747 
 ----> 1.3#6.6#34.0#44.0#VAR 1689 0 0.800491 0.199509 
 ----> 1.3#6.6#34.0#44.0#VAR 1690 0 0.815783 0.184217 
 ----> 1.3#6.6#34.0#44.0#VAR 1691 1 0.803289 0.196711 
 ----> 1.3#6.6#34.0#44.0#VAR 1692 0 0.801877 0.198123 
 ----> 1.3#6.6#34.0#44.0#VAR 1693 0 0.804602 0.195398 
 ----> 1.3#6.6#34.0#44.0#VAR 1694 1 0.815516 0.184484 
 ----> 1.3#6.6#34.0#44.0#VAR 1695 0 0.809254 0.190746 
 ----> 1.3#6.6#34.0#44.0#VAR 1696 1 0.806175 0.193825 
 ----> 1.3#6.6#34.0#44.0#VAR 1697 0 0.802659 0.197341 
 ----> 1.3#6.6#34.0#44.0#VAR 1698 0 0.812777 0.187223 
 ----> 1.3#6.6#34.0#44.0#VAR 1699 1 0.80897 0.19103 
 ----> 1.3#6.6#34.0#44.0#VAR 1700 0 0.810895 0.189105 
 ----> 1.3#6.6#34.0#44.0#VAR 1701 0 0.794309 0.205691 
 ----> 1.3#6.6#34.0#44.0#VAR 1702 1 0.795801 0.204199 
 ----> 1.3#6.6#34.0#44.0#VAR 1703 0 0.797716 0.202284 
 ----> 1.3#6.6#34.0#44.0#VAR 1704 0 0.814227 0.185773 
 ----> 1.3#6.6#34.0#44.0#VAR 1705 0 0.823373 0.176627 
 ----> 1.3#6.6#34.0#44.0#VAR 1706 0 0.782636 0.217364 
 ----> 1.3#6.6#34.0#44.0#VAR 1707 0 0.809862 0.190138 
 ----> 1.3#6.6#34.0#44.0#VAR 1708 0 0.809063 0.190937 
 ----> 1.3#6.6#34.0#44.0#VAR 1709 1 0.814869 0.185131 
 ----> 1.3#6.6#34.0#44.0#VAR 1710 0 0.816064 0.183936 
 ----> 1.3#6.6#34.0#44.0#VAR 1711 0 0.816279 0.183721 
 ----> 1.3#6.6#34.0#44.0#VAR 1712 0 0.812811 0.187189 
 ----> 1.3#6.6#34.0#44.0#VAR 1713 0 0.816186 0.183814 
 ----> 1.3#6.6#34.0#44.0#VAR 1714 1 0.804275 0.195725 
 ----> 1.3#6.6#34.0#44.0#VAR 1715 0 0.796946 0.203054 
 ----> 1.3#6.6#34.0#44.0#VAR 1716 0 0.799685 0.200315 
 ----> 1.3#6.6#34.0#44.0#VAR 1717 0 0.805572 0.194428 
 ----> 1.3#6.6#34.0#44.0#VAR 1718 0 0.802271 0.197729 
 ----> 1.3#6.6#34.0#44.0#VAR 1719 0 0.804559 0.195441 
 ----> 1.3#6.6#34.0#44.0#VAR 1720 1 0.801465 0.198535 
 ----> 1.3#6.6#34.0#44.0#VAR 1721 1 0.795963 0.204037 
 ----> 1.3#6.6#34.0#44.0#VAR 1722 0 0.812785 0.187215 
 ----> 1.3#6.6#34.0#44.0#VAR 1723 0 0.818414 0.181586 
 ----> 1.3#6.6#34.0#44.0#VAR 1724 0 0.80498 0.19502 
 ----> 1.3#6.6#34.0#44.0#VAR 1725 0 0.806875 0.193125 
 ----> 1.3#6.6#34.0#44.0#VAR 1726 0 0.801039 0.198961 
 ----> 1.3#6.6#34.0#44.0#VAR 1727 0 0.806684 0.193316 
 ----> 1.3#6.6#34.0#44.0#VAR 1728 0 0.806581 0.193419 
 ----> 1.3#6.6#34.0#44.0#VAR 1729 0 0.797491 0.202509 
 ----> 1.3#6.6#34.0#44.0#VAR 1730 0 0.812731 0.187269 
 ----> 1.3#6.6#34.0#44.0#VAR 1731 0 0.811087 0.188913 
 ----> 1.3#6.6#34.0#44.0#VAR 1732 0 0.824682 0.175318 
 ----> 1.3#6.6#34.0#44.0#VAR 1733 0 0.809854 0.190146 
 ----> 1.3#6.6#34.0#44.0#VAR 1734 0 0.788464 0.211536 
 ----> 1.3#6.6#34.0#44.0#VAR 1735 0 0.812392 0.187608 
 ----> 1.3#6.6#34.0#44.0#VAR 1736 1 0.809511 0.190489 
 ----> 1.3#6.6#34.0#44.0#VAR 1737 0 0.8101 0.1899 
 ----> 1.3#6.6#34.0#44.0#VAR 1738 0 0.810609 0.189391 
 ----> 1.3#6.6#34.0#44.0#VAR 1739 0 0.797737 0.202263 
 ----> 1.3#6.6#34.0#44.0#VAR 1740 1 0.805901 0.194099 
 ----> 1.3#6.6#34.0#44.0#VAR 1741 1 0.827696 0.172304 
 ----> 1.3#6.6#34.0#44.0#VAR 1742 0 0.809147 0.190853 
 ----> 1.3#6.6#34.0#44.0#VAR 1743 0 0.806949 0.193051 
 ----> 1.3#6.6#34.0#44.0#VAR 1744 0 0.805138 0.194862 
 ----> 1.3#6.6#34.0#44.0#VAR 1745 0 0.812514 0.187486 
 ----> 1.3#6.6#34.0#44.0#VAR 1746 0 0.819902 0.180098 
 ----> 1.3#6.6#34.0#44.0#VAR 1747 0 0.806707 0.193293 
 ----> 1.3#6.6#34.0#44.0#VAR 1748 1 0.811178 0.188822 
 ----> 1.3#6.6#34.0#44.0#VAR 1749 0 0.811134 0.188866 
 ----> 1.3#6.6#34.0#44.0#VAR 1750 0 0.818382 0.181618 
 ----> 1.3#6.6#34.0#44.0#VAR 1751 1 0.802757 0.197243 
 ----> 1.3#6.6#34.0#44.0#VAR 1752 1 0.791478 0.208522 
 ----> 1.3#6.6#34.0#44.0#VAR 1753 0 0.811228 0.188772 
 ----> 1.3#6.6#34.0#44.0#VAR 1754 0 0.805436 0.194564 
 ----> 1.3#6.6#34.0#44.0#VAR 1755 0 0.813466 0.186534 
 ----> 1.3#6.6#34.0#44.0#VAR 1756 1 0.824683 0.175317 
 ----> 1.3#6.6#34.0#44.0#VAR 1757 0 0.809236 0.190764 
 ----> 1.3#6.6#34.0#44.0#VAR 1758 0 0.787317 0.212683 
 ----> 1.3#6.6#34.0#44.0#VAR 1759 0 0.822615 0.177385 
 ----> 1.3#6.6#34.0#44.0#VAR 1760 1 0.811045 0.188955 
 ----> 1.3#6.6#34.0#44.0#VAR 1761 0 0.804678 0.195322 
 ----> 1.3#6.6#34.0#44.0#VAR 1762 0 0.793848 0.206152 
 ----> 1.3#6.6#34.0#44.0#VAR 1763 1 0.796348 0.203652 
 ----> 1.3#6.6#34.0#44.0#VAR 1764 0 0.8166 0.1834 
 ----> 1.3#6.6#34.0#44.0#VAR 1765 1 0.80733 0.19267 
 ----> 1.3#6.6#34.0#44.0#VAR 1766 0 0.813366 0.186634 
 ----> 1.3#6.6#34.0#44.0#VAR 1767 0 0.793561 0.206439 
 ----> 1.3#6.6#34.0#44.0#VAR 1768 1 0.807659 0.192341 
 ----> 1.3#6.6#34.0#44.0#VAR 1769 0 0.806142 0.193858 
 ----> 1.3#6.6#34.0#44.0#VAR 1770 0 0.804746 0.195254 
 ----> 1.3#6.6#34.0#44.0#VAR 1771 0 0.796669 0.203331 
 ----> 1.3#6.6#34.0#44.0#VAR 1772 0 0.811555 0.188445 
 ----> 1.3#6.6#34.0#44.0#VAR 1773 0 0.803757 0.196243 
 ----> 1.3#6.6#34.0#44.0#VAR 1774 0 0.817743 0.182257 
 ----> 1.3#6.6#34.0#44.0#VAR 1775 0 0.811633 0.188367 
 ----> 1.3#6.6#34.0#44.0#VAR 1776 0 0.811305 0.188695 
 ----> 1.3#6.6#34.0#44.0#VAR 1777 0 0.815589 0.184411 
 ----> 1.3#6.6#34.0#44.0#VAR 1778 0 0.797263 0.202737 
 ----> 1.3#6.6#34.0#44.0#VAR 1779 0 0.810612 0.189388 
 ----> 1.3#6.6#34.0#44.0#VAR 1780 0 0.823521 0.176479 
 ----> 1.3#6.6#34.0#44.0#VAR 1781 0 0.812381 0.187619 
 ----> 1.3#6.6#34.0#44.0#VAR 1782 0 0.817517 0.182483 
 ----> 1.3#6.6#34.0#44.0#VAR 1783 0 0.817616 0.182384 
 ----> 1.3#6.6#34.0#44.0#VAR 1784 0 0.814217 0.185783 
 ----> 1.3#6.6#34.0#44.0#VAR 1785 0 0.801353 0.198647 
 ----> 1.3#6.6#34.0#44.0#VAR 1786 0 0.805589 0.194411 
 ----> 1.3#6.6#34.0#44.0#VAR 1787 0 0.804633 0.195367 
 ----> 1.3#6.6#34.0#44.0#VAR 1788 1 0.81227 0.18773 
 ----> 1.3#6.6#34.0#44.0#VAR 1789 0 0.80267 0.19733 
 ----> 1.3#6.6#34.0#44.0#VAR 1790 0 0.819636 0.180364 
 ----> 1.3#6.6#34.0#44.0#VAR 1791 0 0.795619 0.204381 
 ----> 1.3#6.6#34.0#44.0#VAR 1792 0 0.797167 0.202833 
 ----> 1.3#6.6#34.0#44.0#VAR 1793 0 0.797615 0.202385 
 ----> 1.3#6.6#34.0#44.0#VAR 1794 0 0.82073 0.17927 
 ----> 1.3#6.6#34.0#44.0#VAR 1795 1 0.807112 0.192888 
 ----> 1.3#6.6#34.0#44.0#VAR 1796 0 0.803454 0.196546 
 ----> 1.3#6.6#34.0#44.0#VAR 1797 1 0.801771 0.198229 
 ----> 1.3#6.6#34.0#44.0#VAR 1798 1 0.802979 0.197021 
 ----> 1.3#6.6#34.0#44.0#VAR 1799 1 0.800258 0.199742 
 ----> 1.3#6.6#34.0#44.0#VAR 1800 0 0.809305 0.190695 
 ----> 1.3#6.6#34.0#44.0#VAR 1801 0 0.797384 0.202616 
 ----> 1.3#6.6#34.0#44.0#VAR 1802 0 0.802631 0.197369 
 ----> 1.3#6.6#34.0#44.0#VAR 1803 0 0.799407 0.200593 
 ----> 1.3#6.6#34.0#44.0#VAR 1804 1 0.793008 0.206992 
 ----> 1.3#6.6#34.0#44.0#VAR 1805 0 0.805528 0.194472 
 ----> 1.3#6.6#34.0#44.0#VAR 1806 0 0.791178 0.208822 
 ----> 1.3#6.6#34.0#44.0#VAR 1807 1 0.810492 0.189508 
 ----> 1.3#6.6#34.0#44.0#VAR 1808 1 0.816981 0.183019 
 ----> 1.3#6.6#34.0#44.0#VAR 1809 0 0.796393 0.203607 
 ----> 1.3#6.6#34.0#44.0#VAR 1810 0 0.817793 0.182207 
 ----> 1.3#6.6#34.0#44.0#VAR 1811 0 0.798421 0.201579 
 ----> 1.3#6.6#34.0#44.0#VAR 1812 0 0.812267 0.187733 
 ----> 1.3#6.6#34.0#44.0#VAR 1813 0 0.813593 0.186407 
 ----> 1.3#6.6#34.0#44.0#VAR 1814 1 0.803447 0.196553 
 ----> 1.3#6.6#34.0#44.0#VAR 1815 0 0.804479 0.195521 
 ----> 1.3#6.6#34.0#44.0#VAR 1816 0 0.810163 0.189837 
 ----> 1.3#6.6#34.0#44.0#VAR 1817 0 0.791238 0.208762 
 ----> 1.3#6.6#34.0#44.0#VAR 1818 0 0.816104 0.183896 
 ----> 1.3#6.6#34.0#44.0#VAR 1819 1 0.804405 0.195595 
 ----> 1.3#6.6#34.0#44.0#VAR 1820 0 0.797018 0.202982 
 ----> 1.3#6.6#34.0#44.0#VAR 1821 1 0.807379 0.192621 
 ----> 1.3#6.6#34.0#44.0#VAR 1822 0 0.808014 0.191986 
 ----> 1.3#6.6#34.0#44.0#VAR 1823 0 0.796713 0.203287 
 ----> 1.3#6.6#34.0#44.0#VAR 1824 0 0.797344 0.202656 
 ----> 1.3#6.6#34.0#44.0#VAR 1825 0 0.815717 0.184283 
 ----> 1.3#6.6#34.0#44.0#VAR 1826 1 0.817533 0.182467 
 ++++> 1.3#6.6#34.0#44.0#VAR 1827  0 0.788577 0.211423 
