 ----> 1.3#6.6#34.0#44.0#VAR 7 0 0.761001 0.238999 
 ----> 1.3#6.6#34.0#44.0#VAR 8 0 0.812309 0.187691 
 ----> 1.3#6.6#34.0#44.0#VAR 9 0 0.839382 0.160618 
 ----> 1.3#6.6#34.0#44.0#VAR 10 0 0.781101 0.218899 
 ----> 1.3#6.6#34.0#44.0#VAR 11 0 0.793196 0.206804 
 ----> 1.3#6.6#34.0#44.0#VAR 12 0 0.808949 0.191051 
 ----> 1.3#6.6#34.0#44.0#VAR 13 0 0.7949 0.2051 
 ----> 1.3#6.6#34.0#44.0#VAR 14 0 0.825749 0.174251 
 ----> 1.3#6.6#34.0#44.0#VAR 15 1 0.827427 0.172573 
 ----> 1.3#6.6#34.0#44.0#VAR 16 1 0.78712 0.21288 
 ----> 1.3#6.6#34.0#44.0#VAR 17 1 0.793963 0.206037 
 ----> 1.3#6.6#34.0#44.0#VAR 18 0 0.821473 0.178527 
 ----> 1.3#6.6#34.0#44.0#VAR 19 0 0.806689 0.193311 
 ----> 1.3#6.6#34.0#44.0#VAR 20 0 0.819157 0.180843 
 ----> 1.3#6.6#34.0#44.0#VAR 21 0 0.804291 0.195709 
 ----> 1.3#6.6#34.0#44.0#VAR 22 0 0.793967 0.206033 
 ----> 1.3#6.6#34.0#44.0#VAR 23 0 0.803299 0.196701 
 ----> 1.3#6.6#34.0#44.0#VAR 24 0 0.806766 0.193234 
 ----> 1.3#6.6#34.0#44.0#VAR 25 0 0.801372 0.198628 
 ----> 1.3#6.6#34.0#44.0#VAR 26 0 0.815889 0.184111 
 ----> 1.3#6.6#34.0#44.0#VAR 27 0 0.827474 0.172526 
 ----> 1.3#6.6#34.0#44.0#VAR 28 0 0.809319 0.190681 
 ----> 1.3#6.6#34.0#44.0#VAR 29 0 0.812304 0.187696 
 ----> 1.3#6.6#34.0#44.0#VAR 30 0 0.813498 0.186502 
 ----> 1.3#6.6#34.0#44.0#VAR 31 0 0.818097 0.181903 
 ----> 1.3#6.6#34.0#44.0#VAR 32 0 0.819882 0.180118 
 ----> 1.3#6.6#34.0#44.0#VAR 33 0 0.827595 0.172405 
 ----> 1.3#6.6#34.0#44.0#VAR 34 0 0.801798 0.198202 
 ----> 1.3#6.6#34.0#44.0#VAR 35 1 0.81745 0.18255 
 ----> 1.3#6.6#34.0#44.0#VAR 36 0 0.822957 0.177043 
 ----> 1.3#6.6#34.0#44.0#VAR 37 0 0.812479 0.187521 
 ----> 1.3#6.6#34.0#44.0#VAR 38 0 0.809102 0.190898 
 ----> 1.3#6.6#34.0#44.0#VAR 39 0 0.82762 0.17238 
 ----> 1.3#6.6#34.0#44.0#VAR 40 0 0.816625 0.183375 
 ----> 1.3#6.6#34.0#44.0#VAR 41 0 0.820574 0.179426 
 ----> 1.3#6.6#34.0#44.0#VAR 42 0 0.818949 0.181051 
 ----> 1.3#6.6#34.0#44.0#VAR 43 0 0.822239 0.177761 
 ----> 1.3#6.6#34.0#44.0#VAR 44 0 0.830735 0.169265 
 ----> 1.3#6.6#34.0#44.0#VAR 45 0 0.819341 0.180659 
 ----> 1.3#6.6#34.0#44.0#VAR 46 0 0.824509 0.175491 
 ----> 1.3#6.6#34.0#44.0#VAR 47 0 0.81445 0.18555 
 ----> 1.3#6.6#34.0#44.0#VAR 48 0 0.826776 0.173224 
 ----> 1.3#6.6#34.0#44.0#VAR 49 0 0.824934 0.175066 
 ----> 1.3#6.6#34.0#44.0#VAR 50 0 0.829757 0.170243 
 ----> 1.3#6.6#34.0#44.0#VAR 51 0 0.817748 0.182252 
 ----> 1.3#6.6#34.0#44.0#VAR 52 1 0.819234 0.180766 
 ----> 1.3#6.6#34.0#44.0#VAR 53 0 0.830682 0.169318 
 ----> 1.3#6.6#34.0#44.0#VAR 54 0 0.826806 0.173194 
 ----> 1.3#6.6#34.0#44.0#VAR 55 0 0.8098 0.1902 
 ----> 1.3#6.6#34.0#44.0#VAR 56 0 0.819734 0.180266 
 ----> 1.3#6.6#34.0#44.0#VAR 57 0 0.828283 0.171717 
 ----> 1.3#6.6#34.0#44.0#VAR 58 0 0.822084 0.177916 
 ----> 1.3#6.6#34.0#44.0#VAR 59 1 0.820903 0.179097 
 ----> 1.3#6.6#34.0#44.0#VAR 60 1 0.815383 0.184617 
 ----> 1.3#6.6#34.0#44.0#VAR 61 0 0.824616 0.175384 
 ----> 1.3#6.6#34.0#44.0#VAR 62 0 0.823668 0.176332 
 ----> 1.3#6.6#34.0#44.0#VAR 63 0 0.816798 0.183202 
 ----> 1.3#6.6#34.0#44.0#VAR 64 0 0.819663 0.180337 
 ----> 1.3#6.6#34.0#44.0#VAR 65 0 0.818453 0.181547 
 ----> 1.3#6.6#34.0#44.0#VAR 66 0 0.833495 0.166505 
 ----> 1.3#6.6#34.0#44.0#VAR 67 0 0.818757 0.181243 
 ----> 1.3#6.6#34.0#44.0#VAR 68 0 0.814274 0.185726 
 ----> 1.3#6.6#34.0#44.0#VAR 69 0 0.812686 0.187314 
 ----> 1.3#6.6#34.0#44.0#VAR 70 1 0.818817 0.181183 
 ----> 1.3#6.6#34.0#44.0#VAR 71 0 0.817193 0.182807 
 ----> 1.3#6.6#34.0#44.0#VAR 72 1 0.811331 0.188669 
 ----> 1.3#6.6#34.0#44.0#VAR 73 0 0.831215 0.168785 
 ----> 1.3#6.6#34.0#44.0#VAR 74 0 0.832264 0.167736 
 ----> 1.3#6.6#34.0#44.0#VAR 75 0 0.830974 0.169026 
 ----> 1.3#6.6#34.0#44.0#VAR 76 0 0.814418 0.185582 
 ----> 1.3#6.6#34.0#44.0#VAR 77 0 0.817045 0.182955 
 ----> 1.3#6.6#34.0#44.0#VAR 78 0 0.818991 0.181009 
 ----> 1.3#6.6#34.0#44.0#VAR 79 0 0.824973 0.175027 
 ----> 1.3#6.6#34.0#44.0#VAR 80 0 0.813924 0.186076 
 ----> 1.3#6.6#34.0#44.0#VAR 81 0 0.841965 0.158035 
 ----> 1.3#6.6#34.0#44.0#VAR 82 0 0.827147 0.172853 
 ----> 1.3#6.6#34.0#44.0#VAR 83 1 0.807033 0.192967 
 ----> 1.3#6.6#34.0#44.0#VAR 84 0 0.825564 0.174436 
 ----> 1.3#6.6#34.0#44.0#VAR 85 0 0.821433 0.178567 
 ----> 1.3#6.6#34.0#44.0#VAR 86 0 0.820662 0.179338 
 ----> 1.3#6.6#34.0#44.0#VAR 87 0 0.82883 0.17117 
 ----> 1.3#6.6#34.0#44.0#VAR 88 1 0.818023 0.181977 
 ----> 1.3#6.6#34.0#44.0#VAR 89 1 0.799522 0.200478 
 ----> 1.3#6.6#34.0#44.0#VAR 90 0 0.827032 0.172968 
 ----> 1.3#6.6#34.0#44.0#VAR 91 0 0.808524 0.191476 
 ----> 1.3#6.6#34.0#44.0#VAR 92 1 0.819543 0.180457 
 ----> 1.3#6.6#34.0#44.0#VAR 93 0 0.817867 0.182133 
 ----> 1.3#6.6#34.0#44.0#VAR 94 1 0.819598 0.180402 
 ----> 1.3#6.6#34.0#44.0#VAR 95 0 0.822309 0.177691 
 ----> 1.3#6.6#34.0#44.0#VAR 96 0 0.82005 0.17995 
 ----> 1.3#6.6#34.0#44.0#VAR 97 0 0.841447 0.158553 
 ----> 1.3#6.6#34.0#44.0#VAR 98 0 0.813427 0.186573 
 ----> 1.3#6.6#34.0#44.0#VAR 99 0 0.816718 0.183282 
 ----> 1.3#6.6#34.0#44.0#VAR 100 1 0.827855 0.172145 
 ----> 1.3#6.6#34.0#44.0#VAR 101 0 0.826956 0.173044 
 ----> 1.3#6.6#34.0#44.0#VAR 102 0 0.821272 0.178728 
 ----> 1.3#6.6#34.0#44.0#VAR 103 0 0.827575 0.172425 
 ----> 1.3#6.6#34.0#44.0#VAR 104 0 0.822448 0.177552 
 ----> 1.3#6.6#34.0#44.0#VAR 105 0 0.80197 0.19803 
 ----> 1.3#6.6#34.0#44.0#VAR 106 0 0.809527 0.190473 
 ----> 1.3#6.6#34.0#44.0#VAR 107 1 0.824905 0.175095 
 ----> 1.3#6.6#34.0#44.0#VAR 108 1 0.824942 0.175058 
 ----> 1.3#6.6#34.0#44.0#VAR 109 0 0.82424 0.17576 
 ----> 1.3#6.6#34.0#44.0#VAR 110 1 0.802324 0.197676 
 ----> 1.3#6.6#34.0#44.0#VAR 111 0 0.817057 0.182943 
 ----> 1.3#6.6#34.0#44.0#VAR 112 0 0.819658 0.180342 
 ----> 1.3#6.6#34.0#44.0#VAR 113 0 0.824647 0.175353 
 ----> 1.3#6.6#34.0#44.0#VAR 114 0 0.820914 0.179086 
 ----> 1.3#6.6#34.0#44.0#VAR 115 0 0.820608 0.179392 
 ----> 1.3#6.6#34.0#44.0#VAR 116 0 0.81402 0.18598 
 ----> 1.3#6.6#34.0#44.0#VAR 117 0 0.83334 0.16666 
 ----> 1.3#6.6#34.0#44.0#VAR 118 0 0.805118 0.194882 
 ----> 1.3#6.6#34.0#44.0#VAR 119 0 0.816727 0.183273 
 ----> 1.3#6.6#34.0#44.0#VAR 120 0 0.815511 0.184489 
 ----> 1.3#6.6#34.0#44.0#VAR 121 0 0.827214 0.172786 
 ----> 1.3#6.6#34.0#44.0#VAR 122 0 0.802434 0.197566 
 ----> 1.3#6.6#34.0#44.0#VAR 123 0 0.825697 0.174303 
 ----> 1.3#6.6#34.0#44.0#VAR 124 0 0.826818 0.173182 
 ----> 1.3#6.6#34.0#44.0#VAR 125 0 0.8205 0.1795 
 ----> 1.3#6.6#34.0#44.0#VAR 126 0 0.831333 0.168667 
 ----> 1.3#6.6#34.0#44.0#VAR 127 0 0.82618 0.17382 
 ----> 1.3#6.6#34.0#44.0#VAR 128 0 0.832419 0.167581 
 ----> 1.3#6.6#34.0#44.0#VAR 129 0 0.834549 0.165451 
 ----> 1.3#6.6#34.0#44.0#VAR 130 1 0.816771 0.183229 
 ----> 1.3#6.6#34.0#44.0#VAR 131 0 0.823202 0.176798 
 ----> 1.3#6.6#34.0#44.0#VAR 132 0 0.830846 0.169154 
 ----> 1.3#6.6#34.0#44.0#VAR 133 0 0.830909 0.169091 
 ----> 1.3#6.6#34.0#44.0#VAR 134 0 0.815356 0.184644 
 ----> 1.3#6.6#34.0#44.0#VAR 135 0 0.804796 0.195204 
 ----> 1.3#6.6#34.0#44.0#VAR 136 1 0.822589 0.177411 
 ----> 1.3#6.6#34.0#44.0#VAR 137 0 0.804993 0.195007 
 ----> 1.3#6.6#34.0#44.0#VAR 138 0 0.808836 0.191164 
 ----> 1.3#6.6#34.0#44.0#VAR 139 0 0.814294 0.185706 
 ----> 1.3#6.6#34.0#44.0#VAR 140 0 0.840316 0.159684 
 ----> 1.3#6.6#34.0#44.0#VAR 141 0 0.798305 0.201695 
 ----> 1.3#6.6#34.0#44.0#VAR 142 1 0.817371 0.182629 
 ----> 1.3#6.6#34.0#44.0#VAR 143 0 0.819138 0.180862 
 ----> 1.3#6.6#34.0#44.0#VAR 144 0 0.803151 0.196849 
 ----> 1.3#6.6#34.0#44.0#VAR 145 0 0.791989 0.208011 
 ----> 1.3#6.6#34.0#44.0#VAR 146 0 0.823264 0.176736 
 ----> 1.3#6.6#34.0#44.0#VAR 147 1 0.819321 0.180679 
 ----> 1.3#6.6#34.0#44.0#VAR 148 0 0.825783 0.174217 
 ----> 1.3#6.6#34.0#44.0#VAR 149 0 0.830707 0.169293 
 ----> 1.3#6.6#34.0#44.0#VAR 150 0 0.831065 0.168935 
 ----> 1.3#6.6#34.0#44.0#VAR 151 1 0.811577 0.188423 
 ----> 1.3#6.6#34.0#44.0#VAR 152 0 0.818546 0.181454 
 ----> 1.3#6.6#34.0#44.0#VAR 153 0 0.824725 0.175275 
 ----> 1.3#6.6#34.0#44.0#VAR 154 0 0.815299 0.184701 
 ----> 1.3#6.6#34.0#44.0#VAR 155 1 0.783046 0.216954 
 ----> 1.3#6.6#34.0#44.0#VAR 156 0 0.822272 0.177728 
 ----> 1.3#6.6#34.0#44.0#VAR 157 0 0.818847 0.181153 
 ----> 1.3#6.6#34.0#44.0#VAR 158 0 0.831858 0.168142 
 ----> 1.3#6.6#34.0#44.0#VAR 159 1 0.795385 0.204615 
 ----> 1.3#6.6#34.0#44.0#VAR 160 0 0.82359 0.17641 
 ----> 1.3#6.6#34.0#44.0#VAR 161 0 0.816648 0.183352 
 ----> 1.3#6.6#34.0#44.0#VAR 162 0 0.835149 0.164851 
 ----> 1.3#6.6#34.0#44.0#VAR 163 0 0.820199 0.179801 
 ----> 1.3#6.6#34.0#44.0#VAR 164 0 0.803664 0.196336 
 ----> 1.3#6.6#34.0#44.0#VAR 165 0 0.832958 0.167042 
 ----> 1.3#6.6#34.0#44.0#VAR 166 0 0.844075 0.155925 
 ----> 1.3#6.6#34.0#44.0#VAR 167 0 0.808921 0.191079 
 ----> 1.3#6.6#34.0#44.0#VAR 168 0 0.844173 0.155827 
 ----> 1.3#6.6#34.0#44.0#VAR 169 1 0.799373 0.200627 
 ----> 1.3#6.6#34.0#44.0#VAR 170 0 0.824343 0.175657 
 ----> 1.3#6.6#34.0#44.0#VAR 171 0 0.81367 0.18633 
 ----> 1.3#6.6#34.0#44.0#VAR 172 0 0.82399 0.17601 
 ----> 1.3#6.6#34.0#44.0#VAR 173 1 0.802378 0.197622 
 ----> 1.3#6.6#34.0#44.0#VAR 174 1 0.807882 0.192118 
 ----> 1.3#6.6#34.0#44.0#VAR 175 1 0.81766 0.18234 
 ----> 1.3#6.6#34.0#44.0#VAR 176 0 0.816448 0.183552 
 ----> 1.3#6.6#34.0#44.0#VAR 177 0 0.803049 0.196951 
 ----> 1.3#6.6#34.0#44.0#VAR 178 0 0.835462 0.164538 
 ----> 1.3#6.6#34.0#44.0#VAR 179 1 0.818463 0.181537 
 ----> 1.3#6.6#34.0#44.0#VAR 180 0 0.819204 0.180796 
 ----> 1.3#6.6#34.0#44.0#VAR 181 1 0.826007 0.173993 
 ----> 1.3#6.6#34.0#44.0#VAR 182 0 0.813348 0.186652 
 ----> 1.3#6.6#34.0#44.0#VAR 183 0 0.818863 0.181137 
 ----> 1.3#6.6#34.0#44.0#VAR 184 1 0.817278 0.182722 
 ----> 1.3#6.6#34.0#44.0#VAR 185 0 0.807683 0.192317 
 ----> 1.3#6.6#34.0#44.0#VAR 186 0 0.82193 0.17807 
 ----> 1.3#6.6#34.0#44.0#VAR 187 1 0.816911 0.183089 
 ----> 1.3#6.6#34.0#44.0#VAR 188 0 0.813558 0.186442 
 ----> 1.3#6.6#34.0#44.0#VAR 189 0 0.813487 0.186513 
 ----> 1.3#6.6#34.0#44.0#VAR 190 0 0.80757 0.19243 
 ----> 1.3#6.6#34.0#44.0#VAR 191 1 0.790767 0.209233 
 ----> 1.3#6.6#34.0#44.0#VAR 192 0 0.826665 0.173335 
 ----> 1.3#6.6#34.0#44.0#VAR 193 0 0.819094 0.180906 
 ----> 1.3#6.6#34.0#44.0#VAR 194 1 0.813363 0.186637 
 ----> 1.3#6.6#34.0#44.0#VAR 195 0 0.811098 0.188902 
 ----> 1.3#6.6#34.0#44.0#VAR 196 0 0.809596 0.190404 
 ----> 1.3#6.6#34.0#44.0#VAR 197 1 0.789582 0.210418 
 ----> 1.3#6.6#34.0#44.0#VAR 198 0 0.831509 0.168491 
 ----> 1.3#6.6#34.0#44.0#VAR 199 0 0.845349 0.154651 
 ----> 1.3#6.6#34.0#44.0#VAR 200 1 0.806982 0.193018 
 ----> 1.3#6.6#34.0#44.0#VAR 201 0 0.829259 0.170741 
 ----> 1.3#6.6#34.0#44.0#VAR 202 0 0.812138 0.187862 
 ----> 1.3#6.6#34.0#44.0#VAR 203 0 0.814946 0.185054 
 ----> 1.3#6.6#34.0#44.0#VAR 204 1 0.816929 0.183071 
 ----> 1.3#6.6#34.0#44.0#VAR 205 0 0.826683 0.173317 
 ----> 1.3#6.6#34.0#44.0#VAR 206 0 0.819642 0.180358 
 ----> 1.3#6.6#34.0#44.0#VAR 207 0 0.842665 0.157335 
 ----> 1.3#6.6#34.0#44.0#VAR 208 0 0.785219 0.214781 
 ----> 1.3#6.6#34.0#44.0#VAR 209 1 0.753507 0.246493 
 ----> 1.3#6.6#34.0#44.0#VAR 210 1 0.759608 0.240392 
 ----> 1.3#6.6#34.0#44.0#VAR 211 1 0.752384 0.247616 
 ----> 1.3#6.6#34.0#44.0#VAR 212 0 0.828114 0.171886 
 ----> 1.3#6.6#34.0#44.0#VAR 213 0 0.814876 0.185124 
 ----> 1.3#6.6#34.0#44.0#VAR 214 0 0.817257 0.182743 
 ----> 1.3#6.6#34.0#44.0#VAR 215 0 0.82569 0.17431 
 ----> 1.3#6.6#34.0#44.0#VAR 216 0 0.834177 0.165823 
 ----> 1.3#6.6#34.0#44.0#VAR 217 1 0.813828 0.186172 
 ----> 1.3#6.6#34.0#44.0#VAR 218 0 0.822594 0.177406 
 ----> 1.3#6.6#34.0#44.0#VAR 219 0 0.817865 0.182135 
 ----> 1.3#6.6#34.0#44.0#VAR 220 0 0.826062 0.173938 
 ----> 1.3#6.6#34.0#44.0#VAR 221 0 0.817077 0.182923 
 ----> 1.3#6.6#34.0#44.0#VAR 222 0 0.830987 0.169013 
 ----> 1.3#6.6#34.0#44.0#VAR 223 0 0.83881 0.16119 
 ----> 1.3#6.6#34.0#44.0#VAR 224 0 0.824139 0.175861 
 ----> 1.3#6.6#34.0#44.0#VAR 225 0 0.828842 0.171158 
 ----> 1.3#6.6#34.0#44.0#VAR 226 0 0.823258 0.176742 
 ----> 1.3#6.6#34.0#44.0#VAR 227 0 0.815851 0.184149 
 ----> 1.3#6.6#34.0#44.0#VAR 228 0 0.837024 0.162976 
 ----> 1.3#6.6#34.0#44.0#VAR 229 0 0.828882 0.171118 
 ----> 1.3#6.6#34.0#44.0#VAR 230 0 0.828106 0.171894 
 ----> 1.3#6.6#34.0#44.0#VAR 231 0 0.809692 0.190308 
 ----> 1.3#6.6#34.0#44.0#VAR 232 0 0.824734 0.175266 
 ----> 1.3#6.6#34.0#44.0#VAR 233 0 0.810302 0.189698 
 ----> 1.3#6.6#34.0#44.0#VAR 234 0 0.832616 0.167384 
 ----> 1.3#6.6#34.0#44.0#VAR 235 0 0.816747 0.183253 
 ----> 1.3#6.6#34.0#44.0#VAR 236 0 0.7881 0.2119 
 ----> 1.3#6.6#34.0#44.0#VAR 237 0 0.820363 0.179637 
 ----> 1.3#6.6#34.0#44.0#VAR 238 0 0.819326 0.180674 
 ----> 1.3#6.6#34.0#44.0#VAR 239 0 0.825024 0.174976 
 ----> 1.3#6.6#34.0#44.0#VAR 240 0 0.821676 0.178324 
 ----> 1.3#6.6#34.0#44.0#VAR 241 0 0.8198 0.1802 
 ----> 1.3#6.6#34.0#44.0#VAR 242 0 0.805705 0.194295 
 ----> 1.3#6.6#34.0#44.0#VAR 243 0 0.828877 0.171123 
 ----> 1.3#6.6#34.0#44.0#VAR 244 0 0.824941 0.175059 
 ----> 1.3#6.6#34.0#44.0#VAR 245 0 0.806742 0.193258 
 ----> 1.3#6.6#34.0#44.0#VAR 246 0 0.822395 0.177605 
 ----> 1.3#6.6#34.0#44.0#VAR 247 0 0.829725 0.170275 
 ----> 1.3#6.6#34.0#44.0#VAR 248 1 0.804311 0.195689 
 ----> 1.3#6.6#34.0#44.0#VAR 249 0 0.806672 0.193328 
 ----> 1.3#6.6#34.0#44.0#VAR 250 1 0.803707 0.196293 
 ----> 1.3#6.6#34.0#44.0#VAR 251 0 0.828984 0.171016 
 ----> 1.3#6.6#34.0#44.0#VAR 252 0 0.827816 0.172184 
 ----> 1.3#6.6#34.0#44.0#VAR 253 0 0.799748 0.200252 
 ----> 1.3#6.6#34.0#44.0#VAR 254 0 0.79456 0.20544 
 ----> 1.3#6.6#34.0#44.0#VAR 255 0 0.815256 0.184744 
 ----> 1.3#6.6#34.0#44.0#VAR 256 0 0.822515 0.177485 
 ----> 1.3#6.6#34.0#44.0#VAR 257 0 0.812923 0.187077 
 ----> 1.3#6.6#34.0#44.0#VAR 258 0 0.830551 0.169449 
 ----> 1.3#6.6#34.0#44.0#VAR 259 1 0.8254 0.1746 
 ----> 1.3#6.6#34.0#44.0#VAR 260 0 0.834349 0.165651 
 ----> 1.3#6.6#34.0#44.0#VAR 261 0 0.825335 0.174665 
 ----> 1.3#6.6#34.0#44.0#VAR 262 0 0.819112 0.180888 
 ----> 1.3#6.6#34.0#44.0#VAR 263 0 0.82069 0.17931 
 ----> 1.3#6.6#34.0#44.0#VAR 264 0 0.824706 0.175294 
 ----> 1.3#6.6#34.0#44.0#VAR 265 0 0.834651 0.165349 
 ----> 1.3#6.6#34.0#44.0#VAR 266 0 0.821853 0.178147 
 ----> 1.3#6.6#34.0#44.0#VAR 267 0 0.828342 0.171658 
 ----> 1.3#6.6#34.0#44.0#VAR 268 0 0.80838 0.19162 
 ----> 1.3#6.6#34.0#44.0#VAR 269 0 0.821101 0.178899 
 ----> 1.3#6.6#34.0#44.0#VAR 270 0 0.825756 0.174244 
 ----> 1.3#6.6#34.0#44.0#VAR 271 0 0.826942 0.173058 
 ----> 1.3#6.6#34.0#44.0#VAR 272 0 0.811315 0.188685 
 ----> 1.3#6.6#34.0#44.0#VAR 273 0 0.813777 0.186223 
 ----> 1.3#6.6#34.0#44.0#VAR 274 1 0.820238 0.179762 
 ----> 1.3#6.6#34.0#44.0#VAR 275 0 0.821285 0.178715 
 ----> 1.3#6.6#34.0#44.0#VAR 276 0 0.801144 0.198856 
 ----> 1.3#6.6#34.0#44.0#VAR 277 0 0.826681 0.173319 
 ----> 1.3#6.6#34.0#44.0#VAR 278 0 0.817619 0.182381 
 ----> 1.3#6.6#34.0#44.0#VAR 279 0 0.832203 0.167797 
 ----> 1.3#6.6#34.0#44.0#VAR 280 0 0.807632 0.192368 
 ----> 1.3#6.6#34.0#44.0#VAR 281 0 0.819565 0.180435 
 ----> 1.3#6.6#34.0#44.0#VAR 282 0 0.824758 0.175242 
 ----> 1.3#6.6#34.0#44.0#VAR 283 0 0.839913 0.160087 
 ----> 1.3#6.6#34.0#44.0#VAR 284 0 0.828744 0.171256 
 ----> 1.3#6.6#34.0#44.0#VAR 285 0 0.821206 0.178794 
 ----> 1.3#6.6#34.0#44.0#VAR 286 1 0.783038 0.216962 
 ----> 1.3#6.6#34.0#44.0#VAR 287 1 0.818088 0.181912 
 ----> 1.3#6.6#34.0#44.0#VAR 288 0 0.823625 0.176375 
 ----> 1.3#6.6#34.0#44.0#VAR 289 0 0.824194 0.175806 
 ----> 1.3#6.6#34.0#44.0#VAR 290 0 0.817927 0.182073 
 ----> 1.3#6.6#34.0#44.0#VAR 291 0 0.821795 0.178205 
 ----> 1.3#6.6#34.0#44.0#VAR 292 0 0.824519 0.175481 
 ----> 1.3#6.6#34.0#44.0#VAR 293 0 0.812638 0.187362 
 ----> 1.3#6.6#34.0#44.0#VAR 294 0 0.827188 0.172812 
 ----> 1.3#6.6#34.0#44.0#VAR 295 0 0.816956 0.183044 
 ----> 1.3#6.6#34.0#44.0#VAR 296 0 0.823374 0.176626 
 ----> 1.3#6.6#34.0#44.0#VAR 297 0 0.823437 0.176563 
 ----> 1.3#6.6#34.0#44.0#VAR 298 0 0.821518 0.178482 
 ----> 1.3#6.6#34.0#44.0#VAR 299 0 0.818248 0.181752 
 ----> 1.3#6.6#34.0#44.0#VAR 300 0 0.827353 0.172647 
 ----> 1.3#6.6#34.0#44.0#VAR 301 0 0.824303 0.175697 
 ----> 1.3#6.6#34.0#44.0#VAR 302 0 0.823417 0.176583 
 ----> 1.3#6.6#34.0#44.0#VAR 303 0 0.818271 0.181729 
 ----> 1.3#6.6#34.0#44.0#VAR 304 0 0.825475 0.174525 
 ----> 1.3#6.6#34.0#44.0#VAR 305 0 0.803174 0.196826 
 ----> 1.3#6.6#34.0#44.0#VAR 306 0 0.827553 0.172447 
 ----> 1.3#6.6#34.0#44.0#VAR 307 0 0.830007 0.169993 
 ----> 1.3#6.6#34.0#44.0#VAR 308 0 0.817498 0.182502 
 ----> 1.3#6.6#34.0#44.0#VAR 309 0 0.822279 0.177721 
 ----> 1.3#6.6#34.0#44.0#VAR 310 0 0.812387 0.187613 
 ----> 1.3#6.6#34.0#44.0#VAR 311 0 0.826258 0.173742 
 ----> 1.3#6.6#34.0#44.0#VAR 312 0 0.832792 0.167208 
 ----> 1.3#6.6#34.0#44.0#VAR 313 0 0.823877 0.176123 
 ----> 1.3#6.6#34.0#44.0#VAR 314 0 0.825451 0.174549 
 ----> 1.3#6.6#34.0#44.0#VAR 315 0 0.821207 0.178793 
 ----> 1.3#6.6#34.0#44.0#VAR 316 0 0.821415 0.178585 
 ----> 1.3#6.6#34.0#44.0#VAR 317 1 0.803482 0.196518 
 ----> 1.3#6.6#34.0#44.0#VAR 318 0 0.818361 0.181639 
 ----> 1.3#6.6#34.0#44.0#VAR 319 0 0.825245 0.174755 
 ----> 1.3#6.6#34.0#44.0#VAR 320 0 0.826232 0.173768 
 ----> 1.3#6.6#34.0#44.0#VAR 321 0 0.817074 0.182926 
 ----> 1.3#6.6#34.0#44.0#VAR 322 0 0.81854 0.18146 
 ----> 1.3#6.6#34.0#44.0#VAR 323 0 0.820023 0.179977 
 ----> 1.3#6.6#34.0#44.0#VAR 324 0 0.816842 0.183158 
 ----> 1.3#6.6#34.0#44.0#VAR 325 0 0.822118 0.177882 
 ----> 1.3#6.6#34.0#44.0#VAR 326 0 0.83268 0.16732 
 ----> 1.3#6.6#34.0#44.0#VAR 327 0 0.807821 0.192179 
 ----> 1.3#6.6#34.0#44.0#VAR 328 0 0.824765 0.175235 
 ----> 1.3#6.6#34.0#44.0#VAR 329 0 0.834869 0.165131 
 ----> 1.3#6.6#34.0#44.0#VAR 330 0 0.820042 0.179958 
 ----> 1.3#6.6#34.0#44.0#VAR 331 0 0.800027 0.199973 
 ----> 1.3#6.6#34.0#44.0#VAR 332 1 0.800795 0.199205 
 ----> 1.3#6.6#34.0#44.0#VAR 333 0 0.817294 0.182706 
 ----> 1.3#6.6#34.0#44.0#VAR 334 0 0.814283 0.185717 
 ----> 1.3#6.6#34.0#44.0#VAR 335 0 0.806778 0.193222 
 ----> 1.3#6.6#34.0#44.0#VAR 336 0 0.823296 0.176704 
 ----> 1.3#6.6#34.0#44.0#VAR 337 0 0.824756 0.175244 
 ----> 1.3#6.6#34.0#44.0#VAR 338 0 0.834152 0.165848 
 ----> 1.3#6.6#34.0#44.0#VAR 339 0 0.816804 0.183196 
 ----> 1.3#6.6#34.0#44.0#VAR 340 0 0.825297 0.174703 
 ----> 1.3#6.6#34.0#44.0#VAR 341 0 0.837098 0.162902 
 ----> 1.3#6.6#34.0#44.0#VAR 342 0 0.821732 0.178268 
 ----> 1.3#6.6#34.0#44.0#VAR 343 0 0.811935 0.188065 
 ----> 1.3#6.6#34.0#44.0#VAR 344 0 0.815962 0.184038 
 ----> 1.3#6.6#34.0#44.0#VAR 345 0 0.806532 0.193468 
 ----> 1.3#6.6#34.0#44.0#VAR 346 0 0.826376 0.173624 
 ----> 1.3#6.6#34.0#44.0#VAR 347 0 0.808461 0.191539 
 ----> 1.3#6.6#34.0#44.0#VAR 348 0 0.829888 0.170112 
 ----> 1.3#6.6#34.0#44.0#VAR 349 0 0.822192 0.177808 
 ----> 1.3#6.6#34.0#44.0#VAR 350 0 0.830692 0.169308 
 ----> 1.3#6.6#34.0#44.0#VAR 351 0 0.821972 0.178028 
 ----> 1.3#6.6#34.0#44.0#VAR 352 0 0.822836 0.177164 
 ----> 1.3#6.6#34.0#44.0#VAR 353 0 0.822279 0.177721 
 ----> 1.3#6.6#34.0#44.0#VAR 354 0 0.821875 0.178125 
 ----> 1.3#6.6#34.0#44.0#VAR 355 0 0.848337 0.151663 
 ----> 1.3#6.6#34.0#44.0#VAR 356 0 0.832292 0.167708 
 ----> 1.3#6.6#34.0#44.0#VAR 357 0 0.823101 0.176899 
 ----> 1.3#6.6#34.0#44.0#VAR 358 0 0.827106 0.172894 
 ----> 1.3#6.6#34.0#44.0#VAR 359 1 0.79565 0.20435 
 ----> 1.3#6.6#34.0#44.0#VAR 360 0 0.821703 0.178297 
 ----> 1.3#6.6#34.0#44.0#VAR 361 1 0.821983 0.178017 
 ----> 1.3#6.6#34.0#44.0#VAR 362 0 0.815051 0.184949 
 ----> 1.3#6.6#34.0#44.0#VAR 363 0 0.821574 0.178426 
 ----> 1.3#6.6#34.0#44.0#VAR 364 0 0.820919 0.179081 
 ----> 1.3#6.6#34.0#44.0#VAR 365 0 0.825137 0.174863 
 ----> 1.3#6.6#34.0#44.0#VAR 366 0 0.834297 0.165703 
 ----> 1.3#6.6#34.0#44.0#VAR 367 0 0.83833 0.16167 
 ----> 1.3#6.6#34.0#44.0#VAR 368 0 0.814556 0.185444 
 ----> 1.3#6.6#34.0#44.0#VAR 369 0 0.824524 0.175476 
 ----> 1.3#6.6#34.0#44.0#VAR 370 0 0.825202 0.174798 
 ----> 1.3#6.6#34.0#44.0#VAR 371 1 0.819909 0.180091 
 ----> 1.3#6.6#34.0#44.0#VAR 372 0 0.817122 0.182878 
 ----> 1.3#6.6#34.0#44.0#VAR 373 0 0.818283 0.181717 
 ----> 1.3#6.6#34.0#44.0#VAR 374 0 0.826581 0.173419 
 ----> 1.3#6.6#34.0#44.0#VAR 375 1 0.818298 0.181702 
 ----> 1.3#6.6#34.0#44.0#VAR 376 0 0.817748 0.182252 
 ----> 1.3#6.6#34.0#44.0#VAR 377 0 0.818963 0.181037 
 ----> 1.3#6.6#34.0#44.0#VAR 378 0 0.83066 0.16934 
 ----> 1.3#6.6#34.0#44.0#VAR 379 0 0.814696 0.185304 
 ----> 1.3#6.6#34.0#44.0#VAR 380 0 0.829068 0.170932 
 ----> 1.3#6.6#34.0#44.0#VAR 381 0 0.82596 0.17404 
 ----> 1.3#6.6#34.0#44.0#VAR 382 0 0.828302 0.171698 
 ----> 1.3#6.6#34.0#44.0#VAR 383 0 0.82547 0.17453 
 ----> 1.3#6.6#34.0#44.0#VAR 384 0 0.813159 0.186841 
 ----> 1.3#6.6#34.0#44.0#VAR 385 0 0.826306 0.173694 
 ----> 1.3#6.6#34.0#44.0#VAR 386 0 0.821634 0.178366 
 ----> 1.3#6.6#34.0#44.0#VAR 387 0 0.805632 0.194368 
 ----> 1.3#6.6#34.0#44.0#VAR 388 1 0.787875 0.212125 
 ----> 1.3#6.6#34.0#44.0#VAR 389 0 0.823391 0.176609 
 ----> 1.3#6.6#34.0#44.0#VAR 390 0 0.818976 0.181024 
 ----> 1.3#6.6#34.0#44.0#VAR 391 1 0.812499 0.187501 
 ----> 1.3#6.6#34.0#44.0#VAR 392 0 0.808385 0.191615 
 ----> 1.3#6.6#34.0#44.0#VAR 393 0 0.811653 0.188347 
 ----> 1.3#6.6#34.0#44.0#VAR 394 0 0.813346 0.186654 
 ----> 1.3#6.6#34.0#44.0#VAR 395 1 0.817666 0.182334 
 ----> 1.3#6.6#34.0#44.0#VAR 396 0 0.829639 0.170361 
 ----> 1.3#6.6#34.0#44.0#VAR 397 0 0.824988 0.175012 
 ----> 1.3#6.6#34.0#44.0#VAR 398 0 0.819292 0.180708 
 ----> 1.3#6.6#34.0#44.0#VAR 399 1 0.811979 0.188021 
 ----> 1.3#6.6#34.0#44.0#VAR 400 0 0.820831 0.179169 
 ----> 1.3#6.6#34.0#44.0#VAR 401 0 0.818537 0.181463 
 ----> 1.3#6.6#34.0#44.0#VAR 402 1 0.811966 0.188034 
 ----> 1.3#6.6#34.0#44.0#VAR 403 1 0.801848 0.198152 
 ----> 1.3#6.6#34.0#44.0#VAR 404 0 0.820679 0.179321 
 ----> 1.3#6.6#34.0#44.0#VAR 405 0 0.807466 0.192534 
 ----> 1.3#6.6#34.0#44.0#VAR 406 0 0.822869 0.177131 
 ----> 1.3#6.6#34.0#44.0#VAR 407 0 0.822724 0.177276 
 ----> 1.3#6.6#34.0#44.0#VAR 408 0 0.817582 0.182418 
 ----> 1.3#6.6#34.0#44.0#VAR 409 1 0.825031 0.174969 
 ----> 1.3#6.6#34.0#44.0#VAR 410 0 0.833888 0.166112 
 ----> 1.3#6.6#34.0#44.0#VAR 411 0 0.806538 0.193462 
 ----> 1.3#6.6#34.0#44.0#VAR 412 0 0.814616 0.185384 
 ----> 1.3#6.6#34.0#44.0#VAR 413 0 0.828903 0.171097 
 ----> 1.3#6.6#34.0#44.0#VAR 414 0 0.828684 0.171316 
 ----> 1.3#6.6#34.0#44.0#VAR 415 0 0.819744 0.180256 
 ----> 1.3#6.6#34.0#44.0#VAR 416 0 0.835695 0.164305 
 ----> 1.3#6.6#34.0#44.0#VAR 417 0 0.819968 0.180032 
 ----> 1.3#6.6#34.0#44.0#VAR 418 0 0.819773 0.180227 
 ----> 1.3#6.6#34.0#44.0#VAR 419 0 0.824499 0.175501 
 ----> 1.3#6.6#34.0#44.0#VAR 420 0 0.824643 0.175357 
 ----> 1.3#6.6#34.0#44.0#VAR 421 0 0.814123 0.185877 
 ----> 1.3#6.6#34.0#44.0#VAR 422 0 0.839636 0.160364 
 ----> 1.3#6.6#34.0#44.0#VAR 423 1 0.801904 0.198096 
 ----> 1.3#6.6#34.0#44.0#VAR 424 0 0.799777 0.200223 
 ----> 1.3#6.6#34.0#44.0#VAR 425 0 0.837861 0.162139 
 ----> 1.3#6.6#34.0#44.0#VAR 426 0 0.816207 0.183793 
 ----> 1.3#6.6#34.0#44.0#VAR 427 0 0.828216 0.171784 
 ----> 1.3#6.6#34.0#44.0#VAR 428 0 0.82211 0.17789 
 ----> 1.3#6.6#34.0#44.0#VAR 429 1 0.823498 0.176502 
 ----> 1.3#6.6#34.0#44.0#VAR 430 1 0.817405 0.182595 
 ----> 1.3#6.6#34.0#44.0#VAR 431 1 0.815295 0.184705 
 ----> 1.3#6.6#34.0#44.0#VAR 432 0 0.826646 0.173354 
 ----> 1.3#6.6#34.0#44.0#VAR 433 0 0.822106 0.177894 
 ----> 1.3#6.6#34.0#44.0#VAR 434 0 0.830855 0.169145 
 ----> 1.3#6.6#34.0#44.0#VAR 435 0 0.825964 0.174036 
 ----> 1.3#6.6#34.0#44.0#VAR 436 0 0.794786 0.205214 
 ----> 1.3#6.6#34.0#44.0#VAR 437 0 0.806973 0.193027 
 ----> 1.3#6.6#34.0#44.0#VAR 438 0 0.808563 0.191437 
 ----> 1.3#6.6#34.0#44.0#VAR 439 1 0.814064 0.185936 
 ----> 1.3#6.6#34.0#44.0#VAR 440 0 0.805816 0.194184 
 ----> 1.3#6.6#34.0#44.0#VAR 441 0 0.821153 0.178847 
 ----> 1.3#6.6#34.0#44.0#VAR 442 0 0.834962 0.165038 
 ----> 1.3#6.6#34.0#44.0#VAR 443 1 0.83259 0.16741 
 ----> 1.3#6.6#34.0#44.0#VAR 444 1 0.805487 0.194513 
 ----> 1.3#6.6#34.0#44.0#VAR 445 0 0.803606 0.196394 
 ----> 1.3#6.6#34.0#44.0#VAR 446 0 0.830067 0.169933 
 ----> 1.3#6.6#34.0#44.0#VAR 447 0 0.820728 0.179272 
 ----> 1.3#6.6#34.0#44.0#VAR 448 0 0.824834 0.175166 
 ----> 1.3#6.6#34.0#44.0#VAR 449 0 0.839165 0.160835 
 ----> 1.3#6.6#34.0#44.0#VAR 450 0 0.831663 0.168337 
 ----> 1.3#6.6#34.0#44.0#VAR 451 0 0.815866 0.184134 
 ----> 1.3#6.6#34.0#44.0#VAR 452 0 0.841121 0.158879 
 ----> 1.3#6.6#34.0#44.0#VAR 453 0 0.827109 0.172891 
 ----> 1.3#6.6#34.0#44.0#VAR 454 0 0.826589 0.173411 
 ----> 1.3#6.6#34.0#44.0#VAR 455 0 0.82466 0.17534 
 ----> 1.3#6.6#34.0#44.0#VAR 456 0 0.826128 0.173872 
 ----> 1.3#6.6#34.0#44.0#VAR 457 0 0.823898 0.176102 
 ----> 1.3#6.6#34.0#44.0#VAR 458 0 0.824903 0.175097 
 ----> 1.3#6.6#34.0#44.0#VAR 459 0 0.842889 0.157111 
 ----> 1.3#6.6#34.0#44.0#VAR 460 0 0.821871 0.178129 
 ----> 1.3#6.6#34.0#44.0#VAR 461 0 0.815764 0.184236 
 ----> 1.3#6.6#34.0#44.0#VAR 462 0 0.826279 0.173721 
 ----> 1.3#6.6#34.0#44.0#VAR 463 0 0.812403 0.187597 
 ----> 1.3#6.6#34.0#44.0#VAR 464 0 0.819078 0.180922 
 ----> 1.3#6.6#34.0#44.0#VAR 465 0 0.829334 0.170666 
 ----> 1.3#6.6#34.0#44.0#VAR 466 0 0.818451 0.181549 
 ----> 1.3#6.6#34.0#44.0#VAR 467 0 0.828357 0.171643 
 ----> 1.3#6.6#34.0#44.0#VAR 468 0 0.834315 0.165685 
 ----> 1.3#6.6#34.0#44.0#VAR 469 0 0.820387 0.179613 
 ----> 1.3#6.6#34.0#44.0#VAR 470 0 0.82785 0.17215 
 ----> 1.3#6.6#34.0#44.0#VAR 471 0 0.813835 0.186165 
 ----> 1.3#6.6#34.0#44.0#VAR 472 0 0.842346 0.157654 
 ----> 1.3#6.6#34.0#44.0#VAR 473 0 0.824889 0.175111 
 ----> 1.3#6.6#34.0#44.0#VAR 474 0 0.815463 0.184537 
 ----> 1.3#6.6#34.0#44.0#VAR 475 0 0.827174 0.172826 
 ----> 1.3#6.6#34.0#44.0#VAR 476 0 0.820573 0.179427 
 ----> 1.3#6.6#34.0#44.0#VAR 477 0 0.804988 0.195012 
 ----> 1.3#6.6#34.0#44.0#VAR 478 0 0.821504 0.178496 
 ----> 1.3#6.6#34.0#44.0#VAR 479 0 0.841674 0.158326 
 ----> 1.3#6.6#34.0#44.0#VAR 480 0 0.818623 0.181377 
 ----> 1.3#6.6#34.0#44.0#VAR 481 0 0.8048 0.1952 
 ----> 1.3#6.6#34.0#44.0#VAR 482 0 0.830753 0.169247 
 ----> 1.3#6.6#34.0#44.0#VAR 483 1 0.801738 0.198262 
 ----> 1.3#6.6#34.0#44.0#VAR 484 0 0.833143 0.166857 
 ----> 1.3#6.6#34.0#44.0#VAR 485 0 0.826661 0.173339 
 ----> 1.3#6.6#34.0#44.0#VAR 486 0 0.824467 0.175533 
 ----> 1.3#6.6#34.0#44.0#VAR 487 0 0.833014 0.166986 
 ----> 1.3#6.6#34.0#44.0#VAR 488 0 0.823932 0.176068 
 ----> 1.3#6.6#34.0#44.0#VAR 489 0 0.822562 0.177438 
 ----> 1.3#6.6#34.0#44.0#VAR 490 0 0.815421 0.184579 
 ----> 1.3#6.6#34.0#44.0#VAR 491 0 0.829321 0.170679 
 ----> 1.3#6.6#34.0#44.0#VAR 492 0 0.827328 0.172672 
 ----> 1.3#6.6#34.0#44.0#VAR 493 1 0.827849 0.172151 
 ----> 1.3#6.6#34.0#44.0#VAR 494 0 0.826714 0.173286 
 ----> 1.3#6.6#34.0#44.0#VAR 495 0 0.823354 0.176646 
 ----> 1.3#6.6#34.0#44.0#VAR 496 0 0.819905 0.180095 
 ----> 1.3#6.6#34.0#44.0#VAR 497 1 0.811437 0.188563 
 ----> 1.3#6.6#34.0#44.0#VAR 498 0 0.824962 0.175038 
 ----> 1.3#6.6#34.0#44.0#VAR 499 1 0.821867 0.178133 
 ----> 1.3#6.6#34.0#44.0#VAR 500 0 0.820953 0.179047 
 ----> 1.3#6.6#34.0#44.0#VAR 501 0 0.819319 0.180681 
 ----> 1.3#6.6#34.0#44.0#VAR 502 1 0.810841 0.189159 
 ----> 1.3#6.6#34.0#44.0#VAR 503 0 0.825311 0.174689 
 ----> 1.3#6.6#34.0#44.0#VAR 504 1 0.813382 0.186618 
 ----> 1.3#6.6#34.0#44.0#VAR 505 0 0.822382 0.177618 
 ----> 1.3#6.6#34.0#44.0#VAR 506 0 0.825916 0.174084 
 ----> 1.3#6.6#34.0#44.0#VAR 507 0 0.822867 0.177133 
 ----> 1.3#6.6#34.0#44.0#VAR 508 0 0.822978 0.177022 
 ----> 1.3#6.6#34.0#44.0#VAR 509 0 0.823638 0.176362 
 ----> 1.3#6.6#34.0#44.0#VAR 510 0 0.824267 0.175733 
 ----> 1.3#6.6#34.0#44.0#VAR 511 1 0.825235 0.174765 
 ----> 1.3#6.6#34.0#44.0#VAR 512 0 0.825092 0.174908 
 ----> 1.3#6.6#34.0#44.0#VAR 513 0 0.823829 0.176171 
 ----> 1.3#6.6#34.0#44.0#VAR 514 0 0.829595 0.170405 
 ----> 1.3#6.6#34.0#44.0#VAR 515 0 0.821228 0.178772 
 ----> 1.3#6.6#34.0#44.0#VAR 516 1 0.80339 0.19661 
 ----> 1.3#6.6#34.0#44.0#VAR 517 0 0.824986 0.175014 
 ----> 1.3#6.6#34.0#44.0#VAR 518 0 0.826672 0.173328 
 ----> 1.3#6.6#34.0#44.0#VAR 519 0 0.829481 0.170519 
 ----> 1.3#6.6#34.0#44.0#VAR 520 0 0.821462 0.178538 
 ----> 1.3#6.6#34.0#44.0#VAR 521 0 0.825383 0.174617 
 ----> 1.3#6.6#34.0#44.0#VAR 522 0 0.815119 0.184881 
 ----> 1.3#6.6#34.0#44.0#VAR 523 0 0.831888 0.168112 
 ----> 1.3#6.6#34.0#44.0#VAR 524 0 0.81591 0.18409 
 ----> 1.3#6.6#34.0#44.0#VAR 525 0 0.825694 0.174306 
 ----> 1.3#6.6#34.0#44.0#VAR 526 0 0.828205 0.171795 
 ----> 1.3#6.6#34.0#44.0#VAR 527 1 0.794507 0.205493 
 ----> 1.3#6.6#34.0#44.0#VAR 528 1 0.828491 0.171509 
 ----> 1.3#6.6#34.0#44.0#VAR 529 0 0.82 0.18 
 ----> 1.3#6.6#34.0#44.0#VAR 530 0 0.827789 0.172211 
 ----> 1.3#6.6#34.0#44.0#VAR 531 0 0.827624 0.172376 
 ----> 1.3#6.6#34.0#44.0#VAR 532 0 0.818005 0.181995 
 ----> 1.3#6.6#34.0#44.0#VAR 533 0 0.837602 0.162398 
 ----> 1.3#6.6#34.0#44.0#VAR 534 0 0.818106 0.181894 
 ----> 1.3#6.6#34.0#44.0#VAR 535 0 0.815657 0.184343 
 ----> 1.3#6.6#34.0#44.0#VAR 536 0 0.81684 0.18316 
 ----> 1.3#6.6#34.0#44.0#VAR 537 0 0.827534 0.172466 
 ----> 1.3#6.6#34.0#44.0#VAR 538 0 0.81998 0.18002 
 ----> 1.3#6.6#34.0#44.0#VAR 539 1 0.818507 0.181493 
 ----> 1.3#6.6#34.0#44.0#VAR 540 1 0.824368 0.175632 
 ----> 1.3#6.6#34.0#44.0#VAR 541 1 0.824244 0.175756 
 ----> 1.3#6.6#34.0#44.0#VAR 542 1 0.827037 0.172963 
 ----> 1.3#6.6#34.0#44.0#VAR 543 0 0.823741 0.176259 
 ----> 1.3#6.6#34.0#44.0#VAR 544 0 0.805812 0.194188 
 ----> 1.3#6.6#34.0#44.0#VAR 545 0 0.81536 0.18464 
 ----> 1.3#6.6#34.0#44.0#VAR 546 0 0.80903 0.19097 
 ----> 1.3#6.6#34.0#44.0#VAR 547 0 0.817976 0.182024 
 ----> 1.3#6.6#34.0#44.0#VAR 548 0 0.80808 0.19192 
 ----> 1.3#6.6#34.0#44.0#VAR 549 1 0.827477 0.172523 
 ----> 1.3#6.6#34.0#44.0#VAR 550 0 0.818291 0.181709 
 ----> 1.3#6.6#34.0#44.0#VAR 551 0 0.825401 0.174599 
 ----> 1.3#6.6#34.0#44.0#VAR 552 0 0.807049 0.192951 
 ----> 1.3#6.6#34.0#44.0#VAR 553 0 0.822041 0.177959 
 ----> 1.3#6.6#34.0#44.0#VAR 554 0 0.819913 0.180087 
 ----> 1.3#6.6#34.0#44.0#VAR 555 0 0.811285 0.188715 
 ----> 1.3#6.6#34.0#44.0#VAR 556 0 0.813177 0.186823 
 ----> 1.3#6.6#34.0#44.0#VAR 557 1 0.812521 0.187479 
 ----> 1.3#6.6#34.0#44.0#VAR 558 0 0.816326 0.183674 
 ----> 1.3#6.6#34.0#44.0#VAR 559 0 0.815533 0.184467 
 ----> 1.3#6.6#34.0#44.0#VAR 560 0 0.822597 0.177403 
 ----> 1.3#6.6#34.0#44.0#VAR 561 0 0.819221 0.180779 
 ----> 1.3#6.6#34.0#44.0#VAR 562 0 0.79836 0.20164 
 ----> 1.3#6.6#34.0#44.0#VAR 563 0 0.819681 0.180319 
 ----> 1.3#6.6#34.0#44.0#VAR 564 0 0.821147 0.178853 
 ----> 1.3#6.6#34.0#44.0#VAR 565 1 0.812022 0.187978 
 ----> 1.3#6.6#34.0#44.0#VAR 566 0 0.811026 0.188974 
 ----> 1.3#6.6#34.0#44.0#VAR 567 0 0.816596 0.183404 
 ----> 1.3#6.6#34.0#44.0#VAR 568 0 0.824754 0.175246 
 ----> 1.3#6.6#34.0#44.0#VAR 569 0 0.830185 0.169815 
 ----> 1.3#6.6#34.0#44.0#VAR 570 0 0.795378 0.204622 
 ----> 1.3#6.6#34.0#44.0#VAR 571 0 0.8258 0.1742 
 ----> 1.3#6.6#34.0#44.0#VAR 572 0 0.826113 0.173887 
 ----> 1.3#6.6#34.0#44.0#VAR 573 0 0.809883 0.190117 
 ----> 1.3#6.6#34.0#44.0#VAR 574 1 0.815224 0.184776 
 ----> 1.3#6.6#34.0#44.0#VAR 575 0 0.821193 0.178807 
 ----> 1.3#6.6#34.0#44.0#VAR 576 1 0.811508 0.188492 
 ----> 1.3#6.6#34.0#44.0#VAR 577 0 0.82508 0.17492 
 ----> 1.3#6.6#34.0#44.0#VAR 578 0 0.820747 0.179253 
 ----> 1.3#6.6#34.0#44.0#VAR 579 0 0.818091 0.181909 
 ----> 1.3#6.6#34.0#44.0#VAR 580 0 0.823629 0.176371 
 ----> 1.3#6.6#34.0#44.0#VAR 581 0 0.816857 0.183143 
 ----> 1.3#6.6#34.0#44.0#VAR 582 0 0.820743 0.179257 
 ----> 1.3#6.6#34.0#44.0#VAR 583 0 0.826388 0.173612 
 ----> 1.3#6.6#34.0#44.0#VAR 584 1 0.822146 0.177854 
 ----> 1.3#6.6#34.0#44.0#VAR 585 0 0.827708 0.172292 
 ----> 1.3#6.6#34.0#44.0#VAR 586 0 0.822698 0.177302 
 ----> 1.3#6.6#34.0#44.0#VAR 587 0 0.811263 0.188737 
 ----> 1.3#6.6#34.0#44.0#VAR 588 0 0.813206 0.186794 
 ----> 1.3#6.6#34.0#44.0#VAR 589 0 0.819948 0.180052 
 ----> 1.3#6.6#34.0#44.0#VAR 590 0 0.839385 0.160615 
 ----> 1.3#6.6#34.0#44.0#VAR 591 0 0.831934 0.168066 
 ----> 1.3#6.6#34.0#44.0#VAR 592 0 0.816842 0.183158 
 ----> 1.3#6.6#34.0#44.0#VAR 593 0 0.818631 0.181369 
 ----> 1.3#6.6#34.0#44.0#VAR 594 0 0.809963 0.190037 
 ----> 1.3#6.6#34.0#44.0#VAR 595 0 0.81547 0.18453 
 ----> 1.3#6.6#34.0#44.0#VAR 596 0 0.824249 0.175751 
 ----> 1.3#6.6#34.0#44.0#VAR 597 0 0.822241 0.177759 
 ----> 1.3#6.6#34.0#44.0#VAR 598 0 0.819181 0.180819 
 ----> 1.3#6.6#34.0#44.0#VAR 599 0 0.823452 0.176548 
 ----> 1.3#6.6#34.0#44.0#VAR 600 0 0.808762 0.191238 
 ----> 1.3#6.6#34.0#44.0#VAR 601 0 0.824107 0.175893 
 ----> 1.3#6.6#34.0#44.0#VAR 602 0 0.803369 0.196631 
 ----> 1.3#6.6#34.0#44.0#VAR 603 0 0.820281 0.179719 
 ----> 1.3#6.6#34.0#44.0#VAR 604 1 0.81728 0.18272 
 ----> 1.3#6.6#34.0#44.0#VAR 605 0 0.824548 0.175452 
 ----> 1.3#6.6#34.0#44.0#VAR 606 0 0.81913 0.18087 
 ----> 1.3#6.6#34.0#44.0#VAR 607 0 0.825888 0.174112 
 ----> 1.3#6.6#34.0#44.0#VAR 608 0 0.808345 0.191655 
 ----> 1.3#6.6#34.0#44.0#VAR 609 0 0.823472 0.176528 
 ----> 1.3#6.6#34.0#44.0#VAR 610 0 0.830173 0.169827 
 ----> 1.3#6.6#34.0#44.0#VAR 611 0 0.819798 0.180202 
 ----> 1.3#6.6#34.0#44.0#VAR 612 1 0.825181 0.174819 
 ----> 1.3#6.6#34.0#44.0#VAR 613 0 0.822674 0.177326 
 ----> 1.3#6.6#34.0#44.0#VAR 614 0 0.828519 0.171481 
 ----> 1.3#6.6#34.0#44.0#VAR 615 0 0.824859 0.175141 
 ----> 1.3#6.6#34.0#44.0#VAR 616 1 0.816848 0.183152 
 ----> 1.3#6.6#34.0#44.0#VAR 617 0 0.824104 0.175896 
 ----> 1.3#6.6#34.0#44.0#VAR 618 0 0.801622 0.198378 
 ----> 1.3#6.6#34.0#44.0#VAR 619 0 0.831604 0.168396 
 ----> 1.3#6.6#34.0#44.0#VAR 620 0 0.814391 0.185609 
 ----> 1.3#6.6#34.0#44.0#VAR 621 0 0.816531 0.183469 
 ----> 1.3#6.6#34.0#44.0#VAR 622 0 0.81855 0.18145 
 ----> 1.3#6.6#34.0#44.0#VAR 623 1 0.824825 0.175175 
 ----> 1.3#6.6#34.0#44.0#VAR 624 0 0.819539 0.180461 
 ----> 1.3#6.6#34.0#44.0#VAR 625 0 0.832994 0.167006 
 ----> 1.3#6.6#34.0#44.0#VAR 626 0 0.81692 0.18308 
 ----> 1.3#6.6#34.0#44.0#VAR 627 0 0.824606 0.175394 
 ----> 1.3#6.6#34.0#44.0#VAR 628 0 0.835945 0.164055 
 ----> 1.3#6.6#34.0#44.0#VAR 629 0 0.824205 0.175795 
 ----> 1.3#6.6#34.0#44.0#VAR 630 0 0.810991 0.189009 
 ----> 1.3#6.6#34.0#44.0#VAR 631 0 0.832217 0.167783 
 ----> 1.3#6.6#34.0#44.0#VAR 632 0 0.807378 0.192622 
 ----> 1.3#6.6#34.0#44.0#VAR 633 0 0.824944 0.175056 
 ----> 1.3#6.6#34.0#44.0#VAR 634 1 0.812768 0.187232 
 ----> 1.3#6.6#34.0#44.0#VAR 635 1 0.821165 0.178835 
 ----> 1.3#6.6#34.0#44.0#VAR 636 0 0.820475 0.179525 
 ----> 1.3#6.6#34.0#44.0#VAR 637 0 0.821391 0.178609 
 ----> 1.3#6.6#34.0#44.0#VAR 638 0 0.834433 0.165567 
 ----> 1.3#6.6#34.0#44.0#VAR 639 0 0.823991 0.176009 
 ----> 1.3#6.6#34.0#44.0#VAR 640 0 0.82244 0.17756 
 ----> 1.3#6.6#34.0#44.0#VAR 641 0 0.830508 0.169492 
 ----> 1.3#6.6#34.0#44.0#VAR 642 0 0.809768 0.190232 
 ----> 1.3#6.6#34.0#44.0#VAR 643 0 0.826096 0.173904 
 ----> 1.3#6.6#34.0#44.0#VAR 644 0 0.808753 0.191247 
 ----> 1.3#6.6#34.0#44.0#VAR 645 0 0.822882 0.177118 
 ----> 1.3#6.6#34.0#44.0#VAR 646 1 0.800687 0.199313 
 ----> 1.3#6.6#34.0#44.0#VAR 647 0 0.819226 0.180774 
 ----> 1.3#6.6#34.0#44.0#VAR 648 0 0.818988 0.181012 
 ----> 1.3#6.6#34.0#44.0#VAR 649 1 0.815711 0.184289 
 ----> 1.3#6.6#34.0#44.0#VAR 650 0 0.829741 0.170259 
 ----> 1.3#6.6#34.0#44.0#VAR 651 0 0.826694 0.173306 
 ----> 1.3#6.6#34.0#44.0#VAR 652 0 0.81744 0.18256 
 ----> 1.3#6.6#34.0#44.0#VAR 653 0 0.819871 0.180129 
 ----> 1.3#6.6#34.0#44.0#VAR 654 0 0.822314 0.177686 
 ----> 1.3#6.6#34.0#44.0#VAR 655 0 0.82112 0.17888 
 ----> 1.3#6.6#34.0#44.0#VAR 656 0 0.812856 0.187144 
 ----> 1.3#6.6#34.0#44.0#VAR 657 0 0.828959 0.171041 
 ----> 1.3#6.6#34.0#44.0#VAR 658 0 0.819412 0.180588 
 ----> 1.3#6.6#34.0#44.0#VAR 659 0 0.815144 0.184856 
 ----> 1.3#6.6#34.0#44.0#VAR 660 0 0.812597 0.187403 
 ----> 1.3#6.6#34.0#44.0#VAR 661 0 0.813897 0.186103 
 ----> 1.3#6.6#34.0#44.0#VAR 662 1 0.800884 0.199116 
 ----> 1.3#6.6#34.0#44.0#VAR 663 0 0.811478 0.188522 
 ----> 1.3#6.6#34.0#44.0#VAR 664 0 0.831195 0.168805 
 ----> 1.3#6.6#34.0#44.0#VAR 665 0 0.819712 0.180288 
 ----> 1.3#6.6#34.0#44.0#VAR 666 0 0.814425 0.185575 
 ----> 1.3#6.6#34.0#44.0#VAR 667 0 0.825249 0.174751 
 ----> 1.3#6.6#34.0#44.0#VAR 668 0 0.814142 0.185858 
 ----> 1.3#6.6#34.0#44.0#VAR 669 0 0.825663 0.174337 
 ----> 1.3#6.6#34.0#44.0#VAR 670 0 0.806067 0.193933 
 ----> 1.3#6.6#34.0#44.0#VAR 671 0 0.822423 0.177577 
 ----> 1.3#6.6#34.0#44.0#VAR 672 0 0.823044 0.176956 
 ----> 1.3#6.6#34.0#44.0#VAR 673 0 0.826722 0.173278 
 ----> 1.3#6.6#34.0#44.0#VAR 674 0 0.808851 0.191149 
 ----> 1.3#6.6#34.0#44.0#VAR 675 0 0.816688 0.183312 
 ----> 1.3#6.6#34.0#44.0#VAR 676 0 0.812493 0.187507 
 ----> 1.3#6.6#34.0#44.0#VAR 677 0 0.817746 0.182254 
 ----> 1.3#6.6#34.0#44.0#VAR 678 0 0.812638 0.187362 
 ----> 1.3#6.6#34.0#44.0#VAR 679 0 0.811961 0.188039 
 ----> 1.3#6.6#34.0#44.0#VAR 680 0 0.805755 0.194245 
 ----> 1.3#6.6#34.0#44.0#VAR 681 0 0.821545 0.178455 
 ----> 1.3#6.6#34.0#44.0#VAR 682 0 0.801522 0.198478 
 ----> 1.3#6.6#34.0#44.0#VAR 683 0 0.814911 0.185089 
 ----> 1.3#6.6#34.0#44.0#VAR 684 0 0.82176 0.17824 
 ----> 1.3#6.6#34.0#44.0#VAR 685 0 0.829258 0.170742 
 ----> 1.3#6.6#34.0#44.0#VAR 686 0 0.827438 0.172562 
 ----> 1.3#6.6#34.0#44.0#VAR 687 0 0.811546 0.188454 
 ----> 1.3#6.6#34.0#44.0#VAR 688 1 0.800903 0.199097 
 ----> 1.3#6.6#34.0#44.0#VAR 689 0 0.819831 0.180169 
 ----> 1.3#6.6#34.0#44.0#VAR 690 0 0.810875 0.189125 
 ----> 1.3#6.6#34.0#44.0#VAR 691 0 0.801642 0.198358 
 ----> 1.3#6.6#34.0#44.0#VAR 692 0 0.817397 0.182603 
 ----> 1.3#6.6#34.0#44.0#VAR 693 0 0.817082 0.182918 
 ----> 1.3#6.6#34.0#44.0#VAR 694 0 0.837362 0.162638 
 ----> 1.3#6.6#34.0#44.0#VAR 695 0 0.828487 0.171513 
 ----> 1.3#6.6#34.0#44.0#VAR 696 0 0.833185 0.166815 
 ----> 1.3#6.6#34.0#44.0#VAR 697 0 0.826169 0.173831 
 ----> 1.3#6.6#34.0#44.0#VAR 698 0 0.817694 0.182306 
 ----> 1.3#6.6#34.0#44.0#VAR 699 0 0.82919 0.17081 
 ----> 1.3#6.6#34.0#44.0#VAR 700 0 0.800424 0.199576 
 ----> 1.3#6.6#34.0#44.0#VAR 701 1 0.802611 0.197389 
 ----> 1.3#6.6#34.0#44.0#VAR 702 1 0.810789 0.189211 
 ----> 1.3#6.6#34.0#44.0#VAR 703 1 0.796733 0.203267 
 ----> 1.3#6.6#34.0#44.0#VAR 704 0 0.814608 0.185392 
 ----> 1.3#6.6#34.0#44.0#VAR 705 0 0.81285 0.18715 
 ----> 1.3#6.6#34.0#44.0#VAR 706 0 0.824552 0.175448 
 ----> 1.3#6.6#34.0#44.0#VAR 707 0 0.815945 0.184055 
 ----> 1.3#6.6#34.0#44.0#VAR 708 0 0.81541 0.18459 
 ----> 1.3#6.6#34.0#44.0#VAR 709 0 0.803417 0.196583 
 ----> 1.3#6.6#34.0#44.0#VAR 710 0 0.816215 0.183785 
 ----> 1.3#6.6#34.0#44.0#VAR 711 0 0.806571 0.193429 
 ----> 1.3#6.6#34.0#44.0#VAR 712 0 0.814291 0.185709 
 ----> 1.3#6.6#34.0#44.0#VAR 713 1 0.804386 0.195614 
 ----> 1.3#6.6#34.0#44.0#VAR 714 0 0.820522 0.179478 
 ----> 1.3#6.6#34.0#44.0#VAR 715 0 0.81653 0.18347 
 ----> 1.3#6.6#34.0#44.0#VAR 716 0 0.813643 0.186357 
 ----> 1.3#6.6#34.0#44.0#VAR 717 1 0.815094 0.184906 
 ----> 1.3#6.6#34.0#44.0#VAR 718 1 0.791339 0.208661 
 ----> 1.3#6.6#34.0#44.0#VAR 719 0 0.825528 0.174472 
 ----> 1.3#6.6#34.0#44.0#VAR 720 0 0.805287 0.194713 
 ----> 1.3#6.6#34.0#44.0#VAR 721 0 0.809514 0.190486 
 ----> 1.3#6.6#34.0#44.0#VAR 722 0 0.812665 0.187335 
 ----> 1.3#6.6#34.0#44.0#VAR 723 0 0.815478 0.184522 
 ----> 1.3#6.6#34.0#44.0#VAR 724 1 0.813008 0.186992 
 ----> 1.3#6.6#34.0#44.0#VAR 725 0 0.830865 0.169135 
 ----> 1.3#6.6#34.0#44.0#VAR 726 0 0.797449 0.202551 
 ----> 1.3#6.6#34.0#44.0#VAR 727 0 0.821803 0.178197 
 ----> 1.3#6.6#34.0#44.0#VAR 728 0 0.821404 0.178596 
 ----> 1.3#6.6#34.0#44.0#VAR 729 1 0.821354 0.178646 
 ----> 1.3#6.6#34.0#44.0#VAR 730 0 0.812042 0.187958 
 ----> 1.3#6.6#34.0#44.0#VAR 731 0 0.811493 0.188507 
 ----> 1.3#6.6#34.0#44.0#VAR 732 0 0.815948 0.184052 
 ----> 1.3#6.6#34.0#44.0#VAR 733 1 0.814044 0.185956 
 ----> 1.3#6.6#34.0#44.0#VAR 734 0 0.830521 0.169479 
 ----> 1.3#6.6#34.0#44.0#VAR 735 0 0.815573 0.184427 
 ----> 1.3#6.6#34.0#44.0#VAR 736 0 0.802103 0.197897 
 ----> 1.3#6.6#34.0#44.0#VAR 737 0 0.829985 0.170015 
 ----> 1.3#6.6#34.0#44.0#VAR 738 1 0.80045 0.19955 
 ----> 1.3#6.6#34.0#44.0#VAR 739 0 0.817664 0.182336 
 ----> 1.3#6.6#34.0#44.0#VAR 740 0 0.823339 0.176661 
 ----> 1.3#6.6#34.0#44.0#VAR 741 0 0.823524 0.176476 
 ----> 1.3#6.6#34.0#44.0#VAR 742 0 0.816995 0.183005 
 ----> 1.3#6.6#34.0#44.0#VAR 743 1 0.796735 0.203265 
 ----> 1.3#6.6#34.0#44.0#VAR 744 1 0.786716 0.213284 
 ----> 1.3#6.6#34.0#44.0#VAR 745 0 0.807239 0.192761 
 ----> 1.3#6.6#34.0#44.0#VAR 746 0 0.82724 0.17276 
 ----> 1.3#6.6#34.0#44.0#VAR 747 0 0.821006 0.178994 
 ----> 1.3#6.6#34.0#44.0#VAR 748 0 0.826117 0.173883 
 ----> 1.3#6.6#34.0#44.0#VAR 749 0 0.820706 0.179294 
 ----> 1.3#6.6#34.0#44.0#VAR 750 0 0.810655 0.189345 
 ----> 1.3#6.6#34.0#44.0#VAR 751 0 0.800046 0.199954 
 ----> 1.3#6.6#34.0#44.0#VAR 752 1 0.789727 0.210273 
 ----> 1.3#6.6#34.0#44.0#VAR 753 0 0.819935 0.180065 
 ----> 1.3#6.6#34.0#44.0#VAR 754 1 0.794387 0.205613 
 ----> 1.3#6.6#34.0#44.0#VAR 755 0 0.802497 0.197503 
 ----> 1.3#6.6#34.0#44.0#VAR 756 1 0.81192 0.18808 
 ----> 1.3#6.6#34.0#44.0#VAR 757 0 0.821754 0.178246 
 ----> 1.3#6.6#34.0#44.0#VAR 758 0 0.811414 0.188586 
 ----> 1.3#6.6#34.0#44.0#VAR 759 0 0.818413 0.181587 
 ----> 1.3#6.6#34.0#44.0#VAR 760 0 0.807238 0.192762 
 ----> 1.3#6.6#34.0#44.0#VAR 761 0 0.827371 0.172629 
 ----> 1.3#6.6#34.0#44.0#VAR 762 0 0.807589 0.192411 
 ----> 1.3#6.6#34.0#44.0#VAR 763 0 0.800456 0.199544 
 ----> 1.3#6.6#34.0#44.0#VAR 764 1 0.780012 0.219988 
 ----> 1.3#6.6#34.0#44.0#VAR 765 0 0.826845 0.173155 
 ----> 1.3#6.6#34.0#44.0#VAR 766 1 0.788571 0.211429 
 ----> 1.3#6.6#34.0#44.0#VAR 767 0 0.802902 0.197098 
 ----> 1.3#6.6#34.0#44.0#VAR 768 0 0.814809 0.185191 
 ----> 1.3#6.6#34.0#44.0#VAR 769 0 0.817075 0.182925 
 ----> 1.3#6.6#34.0#44.0#VAR 770 0 0.817 0.183 
 ----> 1.3#6.6#34.0#44.0#VAR 771 0 0.8248 0.1752 
 ----> 1.3#6.6#34.0#44.0#VAR 772 0 0.802426 0.197574 
 ----> 1.3#6.6#34.0#44.0#VAR 773 0 0.817975 0.182025 
 ----> 1.3#6.6#34.0#44.0#VAR 774 0 0.810644 0.189356 
 ----> 1.3#6.6#34.0#44.0#VAR 775 0 0.817371 0.182629 
 ----> 1.3#6.6#34.0#44.0#VAR 776 0 0.768973 0.231027 
 ----> 1.3#6.6#34.0#44.0#VAR 777 0 0.830171 0.169829 
 ----> 1.3#6.6#34.0#44.0#VAR 778 1 0.786548 0.213452 
 ----> 1.3#6.6#34.0#44.0#VAR 779 1 0.747653 0.252347 
 ----> 1.3#6.6#34.0#44.0#VAR 780 0 0.822913 0.177087 
 ----> 1.3#6.6#34.0#44.0#VAR 781 0 0.815396 0.184604 
 ----> 1.3#6.6#34.0#44.0#VAR 782 0 0.824373 0.175627 
 ----> 1.3#6.6#34.0#44.0#VAR 783 0 0.814096 0.185904 
 ----> 1.3#6.6#34.0#44.0#VAR 784 0 0.814167 0.185833 
 ----> 1.3#6.6#34.0#44.0#VAR 785 0 0.802257 0.197743 
 ----> 1.3#6.6#34.0#44.0#VAR 786 1 0.798692 0.201308 
 ----> 1.3#6.6#34.0#44.0#VAR 787 0 0.814566 0.185434 
 ----> 1.3#6.6#34.0#44.0#VAR 788 0 0.811654 0.188346 
 ----> 1.3#6.6#34.0#44.0#VAR 789 0 0.807059 0.192941 
 ----> 1.3#6.6#34.0#44.0#VAR 790 0 0.780439 0.219561 
 ----> 1.3#6.6#34.0#44.0#VAR 791 0 0.817488 0.182512 
 ----> 1.3#6.6#34.0#44.0#VAR 792 0 0.831655 0.168345 
 ----> 1.3#6.6#34.0#44.0#VAR 793 0 0.796545 0.203455 
 ----> 1.3#6.6#34.0#44.0#VAR 794 0 0.783175 0.216825 
 ----> 1.3#6.6#34.0#44.0#VAR 795 0 0.793455 0.206545 
 ----> 1.3#6.6#34.0#44.0#VAR 796 1 0.790858 0.209142 
 ----> 1.3#6.6#34.0#44.0#VAR 797 0 0.820427 0.179573 
 ----> 1.3#6.6#34.0#44.0#VAR 798 0 0.811694 0.188306 
 ----> 1.3#6.6#34.0#44.0#VAR 799 0 0.823317 0.176683 
 ----> 1.3#6.6#34.0#44.0#VAR 800 0 0.81708 0.18292 
 ----> 1.3#6.6#34.0#44.0#VAR 801 0 0.803976 0.196024 
 ----> 1.3#6.6#34.0#44.0#VAR 802 0 0.815248 0.184752 
 ----> 1.3#6.6#34.0#44.0#VAR 803 0 0.798169 0.201831 
 ----> 1.3#6.6#34.0#44.0#VAR 804 0 0.808984 0.191016 
 ----> 1.3#6.6#34.0#44.0#VAR 805 0 0.798363 0.201637 
 ----> 1.3#6.6#34.0#44.0#VAR 806 0 0.80869 0.19131 
 ----> 1.3#6.6#34.0#44.0#VAR 807 1 0.805957 0.194043 
 ----> 1.3#6.6#34.0#44.0#VAR 808 0 0.784211 0.215789 
 ----> 1.3#6.6#34.0#44.0#VAR 809 0 0.816895 0.183105 
 ----> 1.3#6.6#34.0#44.0#VAR 810 0 0.804833 0.195167 
 ----> 1.3#6.6#34.0#44.0#VAR 811 1 0.782245 0.217755 
 ----> 1.3#6.6#34.0#44.0#VAR 812 1 0.78917 0.21083 
 ----> 1.3#6.6#34.0#44.0#VAR 813 0 0.799012 0.200988 
 ----> 1.3#6.6#34.0#44.0#VAR 814 0 0.776329 0.223671 
 ----> 1.3#6.6#34.0#44.0#VAR 815 1 0.781359 0.218641 
 ----> 1.3#6.6#34.0#44.0#VAR 816 0 0.812909 0.187091 
 ----> 1.3#6.6#34.0#44.0#VAR 817 1 0.773454 0.226546 
 ----> 1.3#6.6#34.0#44.0#VAR 818 0 0.800372 0.199628 
 ----> 1.3#6.6#34.0#44.0#VAR 819 0 0.827577 0.172423 
 ----> 1.3#6.6#34.0#44.0#VAR 820 0 0.806325 0.193675 
 ----> 1.3#6.6#34.0#44.0#VAR 821 0 0.807288 0.192712 
 ----> 1.3#6.6#34.0#44.0#VAR 822 0 0.816572 0.183428 
 ----> 1.3#6.6#34.0#44.0#VAR 823 0 0.812462 0.187538 
 ----> 1.3#6.6#34.0#44.0#VAR 824 0 0.809155 0.190845 
 ----> 1.3#6.6#34.0#44.0#VAR 825 0 0.832309 0.167691 
 ----> 1.3#6.6#34.0#44.0#VAR 826 1 0.790077 0.209923 
 ----> 1.3#6.6#34.0#44.0#VAR 827 1 0.793588 0.206412 
 ----> 1.3#6.6#34.0#44.0#VAR 828 0 0.812251 0.187749 
 ----> 1.3#6.6#34.0#44.0#VAR 829 1 0.772277 0.227723 
 ----> 1.3#6.6#34.0#44.0#VAR 830 0 0.816941 0.183059 
 ----> 1.3#6.6#34.0#44.0#VAR 831 0 0.847365 0.152635 
 ----> 1.3#6.6#34.0#44.0#VAR 832 0 0.797116 0.202884 
 ----> 1.3#6.6#34.0#44.0#VAR 833 0 0.810774 0.189226 
 ----> 1.3#6.6#34.0#44.0#VAR 834 1 0.765896 0.234104 
 ----> 1.3#6.6#34.0#44.0#VAR 835 1 0.80163 0.19837 
 ----> 1.3#6.6#34.0#44.0#VAR 836 1 0.780326 0.219674 
 ----> 1.3#6.6#34.0#44.0#VAR 837 0 0.815 0.185 
 ----> 1.3#6.6#34.0#44.0#VAR 838 1 0.792064 0.207936 
 ----> 1.3#6.6#34.0#44.0#VAR 839 0 0.828675 0.171325 
 ----> 1.3#6.6#34.0#44.0#VAR 840 0 0.818263 0.181737 
 ----> 1.3#6.6#34.0#44.0#VAR 841 0 0.795569 0.204431 
 ----> 1.3#6.6#34.0#44.0#VAR 842 1 0.799433 0.200567 
 ----> 1.3#6.6#34.0#44.0#VAR 843 0 0.810548 0.189452 
 ----> 1.3#6.6#34.0#44.0#VAR 844 0 0.804153 0.195847 
 ----> 1.3#6.6#34.0#44.0#VAR 845 0 0.809805 0.190195 
 ----> 1.3#6.6#34.0#44.0#VAR 846 0 0.800101 0.199899 
 ----> 1.3#6.6#34.0#44.0#VAR 847 1 0.793318 0.206682 
 ----> 1.3#6.6#34.0#44.0#VAR 848 0 0.800421 0.199579 
 ----> 1.3#6.6#34.0#44.0#VAR 849 0 0.798772 0.201228 
 ----> 1.3#6.6#34.0#44.0#VAR 850 1 0.779989 0.220011 
 ----> 1.3#6.6#34.0#44.0#VAR 851 0 0.823604 0.176396 
 ----> 1.3#6.6#34.0#44.0#VAR 852 1 0.790786 0.209214 
 ----> 1.3#6.6#34.0#44.0#VAR 853 1 0.787409 0.212591 
 ----> 1.3#6.6#34.0#44.0#VAR 854 0 0.793181 0.206819 
 ----> 1.3#6.6#34.0#44.0#VAR 855 0 0.798427 0.201573 
 ----> 1.3#6.6#34.0#44.0#VAR 856 0 0.812848 0.187152 
 ----> 1.3#6.6#34.0#44.0#VAR 857 0 0.790935 0.209065 
 ----> 1.3#6.6#34.0#44.0#VAR 858 0 0.801146 0.198854 
 ----> 1.3#6.6#34.0#44.0#VAR 859 0 0.792236 0.207764 
 ----> 1.3#6.6#34.0#44.0#VAR 860 0 0.808864 0.191136 
 ----> 1.3#6.6#34.0#44.0#VAR 861 1 0.794618 0.205382 
 ----> 1.3#6.6#34.0#44.0#VAR 862 1 0.759868 0.240132 
 ----> 1.3#6.6#34.0#44.0#VAR 863 1 0.770093 0.229907 
 ----> 1.3#6.6#34.0#44.0#VAR 864 0 0.819191 0.180809 
 ----> 1.3#6.6#34.0#44.0#VAR 865 0 0.793717 0.206283 
 ----> 1.3#6.6#34.0#44.0#VAR 866 0 0.811104 0.188896 
 ----> 1.3#6.6#34.0#44.0#VAR 867 1 0.773896 0.226104 
 ----> 1.3#6.6#34.0#44.0#VAR 868 0 0.777938 0.222062 
 ----> 1.3#6.6#34.0#44.0#VAR 869 0 0.802322 0.197678 
 ----> 1.3#6.6#34.0#44.0#VAR 870 1 0.784948 0.215052 
 ----> 1.3#6.6#34.0#44.0#VAR 871 1 0.755033 0.244967 
 ----> 1.3#6.6#34.0#44.0#VAR 872 0 0.781669 0.218331 
 ----> 1.3#6.6#34.0#44.0#VAR 873 0 0.840615 0.159385 
 ----> 1.3#6.6#34.0#44.0#VAR 874 0 0.786051 0.213949 
 ----> 1.3#6.6#34.0#44.0#VAR 875 0 0.79896 0.20104 
 ----> 1.3#6.6#34.0#44.0#VAR 876 0 0.810393 0.189607 
 ----> 1.3#6.6#34.0#44.0#VAR 877 0 0.782383 0.217617 
 ----> 1.3#6.6#34.0#44.0#VAR 878 1 0.749054 0.250946 
 ----> 1.3#6.6#34.0#44.0#VAR 879 1 0.744086 0.255914 
 ----> 1.3#6.6#34.0#44.0#VAR 880 0 0.77983 0.22017 
 ----> 1.3#6.6#34.0#44.0#VAR 881 0 0.770641 0.229359 
 ----> 1.3#6.6#34.0#44.0#VAR 882 1 0.745438 0.254562 
 ----> 1.3#6.6#34.0#44.0#VAR 883 0 0.811476 0.188524 
 ----> 1.3#6.6#34.0#44.0#VAR 884 0 0.811305 0.188695 
 ----> 1.3#6.6#34.0#44.0#VAR 885 0 0.79543 0.20457 
 ----> 1.3#6.6#34.0#44.0#VAR 886 0 0.779264 0.220736 
 ----> 1.3#6.6#34.0#44.0#VAR 887 0 0.804013 0.195987 
 ----> 1.3#6.6#34.0#44.0#VAR 888 1 0.749192 0.250808 
 ----> 1.3#6.6#34.0#44.0#VAR 889 0 0.779292 0.220708 
 ----> 1.3#6.6#34.0#44.0#VAR 890 0 0.806647 0.193353 
 ----> 1.3#6.6#34.0#44.0#VAR 891 1 0.717327 0.282673 
 ----> 1.3#6.6#34.0#44.0#VAR 892 0 0.799524 0.200476 
 ----> 1.3#6.6#34.0#44.0#VAR 893 0 0.817253 0.182747 
 ----> 1.3#6.6#34.0#44.0#VAR 894 0 0.799314 0.200686 
 ----> 1.3#6.6#34.0#44.0#VAR 895 1 0.768612 0.231388 
 ----> 1.3#6.6#34.0#44.0#VAR 896 1 0.782275 0.217725 
 ----> 1.3#6.6#34.0#44.0#VAR 897 0 0.778271 0.221729 
 ----> 1.3#6.6#34.0#44.0#VAR 898 0 0.792455 0.207545 
 ----> 1.3#6.6#34.0#44.0#VAR 899 0 0.776471 0.223529 
 ----> 1.3#6.6#34.0#44.0#VAR 900 0 0.771105 0.228895 
 ----> 1.3#6.6#34.0#44.0#VAR 901 0 0.782648 0.217352 
 ----> 1.3#6.6#34.0#44.0#VAR 902 1 0.774341 0.225659 
 ----> 1.3#6.6#34.0#44.0#VAR 903 0 0.797992 0.202008 
 ----> 1.3#6.6#34.0#44.0#VAR 904 0 0.750829 0.249171 
 ----> 1.3#6.6#34.0#44.0#VAR 905 0 0.806428 0.193572 
 ----> 1.3#6.6#34.0#44.0#VAR 906 0 0.770036 0.229964 
 ----> 1.3#6.6#34.0#44.0#VAR 907 1 0.781007 0.218993 
 ----> 1.3#6.6#34.0#44.0#VAR 908 0 0.801396 0.198604 
 ----> 1.3#6.6#34.0#44.0#VAR 909 0 0.795699 0.204301 
 ----> 1.3#6.6#34.0#44.0#VAR 910 0 0.773111 0.226889 
 ----> 1.3#6.6#34.0#44.0#VAR 911 0 0.805169 0.194831 
 ----> 1.3#6.6#34.0#44.0#VAR 912 0 0.809818 0.190182 
 ----> 1.3#6.6#34.0#44.0#VAR 913 0 0.769902 0.230098 
 ----> 1.3#6.6#34.0#44.0#VAR 914 1 0.756184 0.243816 
 ----> 1.3#6.6#34.0#44.0#VAR 915 0 0.795713 0.204287 
 ----> 1.3#6.6#34.0#44.0#VAR 916 0 0.789128 0.210872 
 ----> 1.3#6.6#34.0#44.0#VAR 917 0 0.784787 0.215213 
 ----> 1.3#6.6#34.0#44.0#VAR 918 1 0.772554 0.227446 
 ----> 1.3#6.6#34.0#44.0#VAR 919 1 0.789142 0.210858 
 ----> 1.3#6.6#34.0#44.0#VAR 920 1 0.743309 0.256691 
 ----> 1.3#6.6#34.0#44.0#VAR 921 0 0.814732 0.185268 
 ----> 1.3#6.6#34.0#44.0#VAR 922 1 0.720856 0.279144 
 ----> 1.3#6.6#34.0#44.0#VAR 923 0 0.796805 0.203195 
 ----> 1.3#6.6#34.0#44.0#VAR 924 0 0.787821 0.212179 
 ----> 1.3#6.6#34.0#44.0#VAR 925 0 0.819713 0.180287 
 ----> 1.3#6.6#34.0#44.0#VAR 926 0 0.791309 0.208691 
 ----> 1.3#6.6#34.0#44.0#VAR 927 0 0.788758 0.211242 
 ----> 1.3#6.6#34.0#44.0#VAR 928 0 0.827841 0.172159 
 ----> 1.3#6.6#34.0#44.0#VAR 929 0 0.765728 0.234272 
 ----> 1.3#6.6#34.0#44.0#VAR 930 1 0.744954 0.255046 
 ----> 1.3#6.6#34.0#44.0#VAR 931 1 0.766273 0.233727 
 ----> 1.3#6.6#34.0#44.0#VAR 932 0 0.767857 0.232143 
 ----> 1.3#6.6#34.0#44.0#VAR 933 1 0.752934 0.247066 
 ----> 1.3#6.6#34.0#44.0#VAR 934 1 0.715729 0.284271 
 ----> 1.3#6.6#34.0#44.0#VAR 935 1 0.772557 0.227443 
 ----> 1.3#6.6#34.0#44.0#VAR 936 0 0.781275 0.218725 
 ----> 1.3#6.6#34.0#44.0#VAR 937 1 0.738528 0.261472 
 ----> 1.3#6.6#34.0#44.0#VAR 938 0 0.829931 0.170069 
 ----> 1.3#6.6#34.0#44.0#VAR 939 0 0.783006 0.216994 
 ----> 1.3#6.6#34.0#44.0#VAR 940 0 0.775459 0.224541 
 ----> 1.3#6.6#34.0#44.0#VAR 941 1 0.766391 0.233609 
 ----> 1.3#6.6#34.0#44.0#VAR 942 1 0.784629 0.215371 
 ----> 1.3#6.6#34.0#44.0#VAR 943 0 0.804156 0.195844 
 ----> 1.3#6.6#34.0#44.0#VAR 944 0 0.774251 0.225749 
 ----> 1.3#6.6#34.0#44.0#VAR 945 0 0.775474 0.224526 
 ----> 1.3#6.6#34.0#44.0#VAR 946 0 0.819658 0.180342 
 ----> 1.3#6.6#34.0#44.0#VAR 947 1 0.780379 0.219621 
 ----> 1.3#6.6#34.0#44.0#VAR 948 0 0.774176 0.225824 
 ----> 1.3#6.6#34.0#44.0#VAR 949 0 0.80495 0.19505 
 ----> 1.3#6.6#34.0#44.0#VAR 950 1 0.752849 0.247151 
 ----> 1.3#6.6#34.0#44.0#VAR 951 1 0.713281 0.286719 
 ----> 1.3#6.6#34.0#44.0#VAR 952 0 0.793938 0.206062 
 ----> 1.3#6.6#34.0#44.0#VAR 953 0 0.826957 0.173043 
 ----> 1.3#6.6#34.0#44.0#VAR 954 0 0.803045 0.196955 
 ----> 1.3#6.6#34.0#44.0#VAR 955 0 0.793152 0.206848 
 ----> 1.3#6.6#34.0#44.0#VAR 956 1 0.791116 0.208884 
 ----> 1.3#6.6#34.0#44.0#VAR 957 0 0.748614 0.251386 
 ----> 1.3#6.6#34.0#44.0#VAR 958 0 0.790706 0.209294 
 ----> 1.3#6.6#34.0#44.0#VAR 959 0 0.80343 0.19657 
 ----> 1.3#6.6#34.0#44.0#VAR 960 1 0.762657 0.237343 
 ----> 1.3#6.6#34.0#44.0#VAR 961 0 0.785743 0.214257 
 ----> 1.3#6.6#34.0#44.0#VAR 962 0 0.794157 0.205843 
 ----> 1.3#6.6#34.0#44.0#VAR 963 0 0.793589 0.206411 
 ----> 1.3#6.6#34.0#44.0#VAR 964 1 0.741521 0.258479 
 ----> 1.3#6.6#34.0#44.0#VAR 965 0 0.803754 0.196246 
 ----> 1.3#6.6#34.0#44.0#VAR 966 0 0.764517 0.235483 
 ----> 1.3#6.6#34.0#44.0#VAR 967 1 0.724414 0.275586 
 ----> 1.3#6.6#34.0#44.0#VAR 968 1 0.771753 0.228247 
 ----> 1.3#6.6#34.0#44.0#VAR 969 0 0.78568 0.21432 
 ----> 1.3#6.6#34.0#44.0#VAR 970 0 0.784268 0.215732 
 ----> 1.3#6.6#34.0#44.0#VAR 971 0 0.788238 0.211762 
 ----> 1.3#6.6#34.0#44.0#VAR 972 0 0.776329 0.223671 
 ----> 1.3#6.6#34.0#44.0#VAR 973 0 0.776306 0.223694 
 ----> 1.3#6.6#34.0#44.0#VAR 974 1 0.776678 0.223322 
 ----> 1.3#6.6#34.0#44.0#VAR 975 0 0.755511 0.244489 
 ----> 1.3#6.6#34.0#44.0#VAR 976 0 0.758975 0.241025 
 ----> 1.3#6.6#34.0#44.0#VAR 977 0 0.783958 0.216042 
 ----> 1.3#6.6#34.0#44.0#VAR 978 0 0.810865 0.189135 
 ----> 1.3#6.6#34.0#44.0#VAR 979 0 0.776902 0.223098 
 ----> 1.3#6.6#34.0#44.0#VAR 980 0 0.786258 0.213742 
 ----> 1.3#6.6#34.0#44.0#VAR 981 1 0.785876 0.214124 
 ----> 1.3#6.6#34.0#44.0#VAR 982 0 0.786815 0.213185 
 ----> 1.3#6.6#34.0#44.0#VAR 983 0 0.784496 0.215504 
 ----> 1.3#6.6#34.0#44.0#VAR 984 0 0.792496 0.207504 
 ----> 1.3#6.6#34.0#44.0#VAR 985 0 0.776629 0.223371 
 ----> 1.3#6.6#34.0#44.0#VAR 986 0 0.809721 0.190279 
 ----> 1.3#6.6#34.0#44.0#VAR 987 0 0.77686 0.22314 
 ----> 1.3#6.6#34.0#44.0#VAR 988 1 0.741068 0.258932 
 ----> 1.3#6.6#34.0#44.0#VAR 989 1 0.785564 0.214436 
 ----> 1.3#6.6#34.0#44.0#VAR 990 0 0.779512 0.220488 
 ----> 1.3#6.6#34.0#44.0#VAR 991 1 0.730529 0.269471 
 ----> 1.3#6.6#34.0#44.0#VAR 992 1 0.753332 0.246668 
 ----> 1.3#6.6#34.0#44.0#VAR 993 0 0.814563 0.185437 
 ----> 1.3#6.6#34.0#44.0#VAR 994 0 0.756856 0.243144 
 ----> 1.3#6.6#34.0#44.0#VAR 995 0 0.801744 0.198256 
 ----> 1.3#6.6#34.0#44.0#VAR 996 1 0.779546 0.220454 
 ----> 1.3#6.6#34.0#44.0#VAR 997 0 0.808574 0.191426 
 ----> 1.3#6.6#34.0#44.0#VAR 998 0 0.779046 0.220954 
 ----> 1.3#6.6#34.0#44.0#VAR 999 0 0.794556 0.205444 
 ----> 1.3#6.6#34.0#44.0#VAR 1000 0 0.781827 0.218173 
 ----> 1.3#6.6#34.0#44.0#VAR 1001 0 0.78149 0.21851 
 ----> 1.3#6.6#34.0#44.0#VAR 1002 1 0.750035 0.249965 
 ----> 1.3#6.6#34.0#44.0#VAR 1003 0 0.775193 0.224807 
 ----> 1.3#6.6#34.0#44.0#VAR 1004 0 0.801568 0.198432 
 ----> 1.3#6.6#34.0#44.0#VAR 1005 0 0.792503 0.207497 
 ----> 1.3#6.6#34.0#44.0#VAR 1006 0 0.805971 0.194029 
 ----> 1.3#6.6#34.0#44.0#VAR 1007 0 0.786504 0.213496 
 ----> 1.3#6.6#34.0#44.0#VAR 1008 0 0.796384 0.203616 
 ----> 1.3#6.6#34.0#44.0#VAR 1009 0 0.772235 0.227765 
 ----> 1.3#6.6#34.0#44.0#VAR 1010 0 0.79317 0.20683 
 ----> 1.3#6.6#34.0#44.0#VAR 1011 0 0.80892 0.19108 
 ----> 1.3#6.6#34.0#44.0#VAR 1012 0 0.820801 0.179199 
 ----> 1.3#6.6#34.0#44.0#VAR 1013 0 0.790065 0.209935 
 ----> 1.3#6.6#34.0#44.0#VAR 1014 0 0.811772 0.188228 
 ----> 1.3#6.6#34.0#44.0#VAR 1015 0 0.817264 0.182736 
 ----> 1.3#6.6#34.0#44.0#VAR 1016 0 0.797928 0.202072 
 ----> 1.3#6.6#34.0#44.0#VAR 1017 0 0.804333 0.195667 
 ----> 1.3#6.6#34.0#44.0#VAR 1018 0 0.788557 0.211443 
 ----> 1.3#6.6#34.0#44.0#VAR 1019 1 0.762812 0.237188 
 ----> 1.3#6.6#34.0#44.0#VAR 1020 0 0.792065 0.207935 
 ----> 1.3#6.6#34.0#44.0#VAR 1021 1 0.791646 0.208354 
 ----> 1.3#6.6#34.0#44.0#VAR 1022 0 0.763969 0.236031 
 ----> 1.3#6.6#34.0#44.0#VAR 1023 1 0.7758 0.2242 
 ----> 1.3#6.6#34.0#44.0#VAR 1024 0 0.78044 0.21956 
 ----> 1.3#6.6#34.0#44.0#VAR 1025 0 0.797698 0.202302 
 ----> 1.3#6.6#34.0#44.0#VAR 1026 0 0.798904 0.201096 
 ----> 1.3#6.6#34.0#44.0#VAR 1027 0 0.776761 0.223239 
 ----> 1.3#6.6#34.0#44.0#VAR 1028 0 0.787073 0.212927 
 ----> 1.3#6.6#34.0#44.0#VAR 1029 0 0.780728 0.219272 
 ----> 1.3#6.6#34.0#44.0#VAR 1030 0 0.775604 0.224396 
 ----> 1.3#6.6#34.0#44.0#VAR 1031 0 0.793405 0.206595 
 ----> 1.3#6.6#34.0#44.0#VAR 1032 1 0.765994 0.234006 
 ----> 1.3#6.6#34.0#44.0#VAR 1033 0 0.768388 0.231612 
 ----> 1.3#6.6#34.0#44.0#VAR 1034 1 0.775756 0.224244 
 ----> 1.3#6.6#34.0#44.0#VAR 1035 0 0.781082 0.218918 
 ----> 1.3#6.6#34.0#44.0#VAR 1036 0 0.778658 0.221342 
 ----> 1.3#6.6#34.0#44.0#VAR 1037 0 0.80174 0.19826 
 ----> 1.3#6.6#34.0#44.0#VAR 1038 0 0.789398 0.210602 
 ----> 1.3#6.6#34.0#44.0#VAR 1039 0 0.764826 0.235174 
 ----> 1.3#6.6#34.0#44.0#VAR 1040 1 0.750497 0.249503 
 ----> 1.3#6.6#34.0#44.0#VAR 1041 0 0.79087 0.20913 
 ----> 1.3#6.6#34.0#44.0#VAR 1042 0 0.801386 0.198614 
 ----> 1.3#6.6#34.0#44.0#VAR 1043 0 0.799829 0.200171 
 ----> 1.3#6.6#34.0#44.0#VAR 1044 0 0.799396 0.200604 
 ----> 1.3#6.6#34.0#44.0#VAR 1045 0 0.782407 0.217593 
 ----> 1.3#6.6#34.0#44.0#VAR 1046 0 0.780608 0.219392 
 ----> 1.3#6.6#34.0#44.0#VAR 1047 1 0.731659 0.268341 
 ----> 1.3#6.6#34.0#44.0#VAR 1048 0 0.808312 0.191688 
 ----> 1.3#6.6#34.0#44.0#VAR 1049 0 0.771257 0.228743 
 ----> 1.3#6.6#34.0#44.0#VAR 1050 0 0.807056 0.192944 
 ----> 1.3#6.6#34.0#44.0#VAR 1051 0 0.779798 0.220202 
 ----> 1.3#6.6#34.0#44.0#VAR 1052 0 0.808292 0.191708 
 ----> 1.3#6.6#34.0#44.0#VAR 1053 0 0.817563 0.182437 
 ----> 1.3#6.6#34.0#44.0#VAR 1054 0 0.782378 0.217622 
 ----> 1.3#6.6#34.0#44.0#VAR 1055 0 0.785339 0.214661 
 ----> 1.3#6.6#34.0#44.0#VAR 1056 0 0.819051 0.180949 
 ----> 1.3#6.6#34.0#44.0#VAR 1057 1 0.770137 0.229863 
 ----> 1.3#6.6#34.0#44.0#VAR 1058 0 0.785669 0.214331 
 ----> 1.3#6.6#34.0#44.0#VAR 1059 0 0.780825 0.219175 
 ----> 1.3#6.6#34.0#44.0#VAR 1060 0 0.76775 0.23225 
 ----> 1.3#6.6#34.0#44.0#VAR 1061 0 0.804924 0.195076 
 ----> 1.3#6.6#34.0#44.0#VAR 1062 0 0.779692 0.220308 
 ----> 1.3#6.6#34.0#44.0#VAR 1063 0 0.76835 0.23165 
 ----> 1.3#6.6#34.0#44.0#VAR 1064 0 0.808173 0.191827 
 ----> 1.3#6.6#34.0#44.0#VAR 1065 1 0.7558 0.2442 
 ----> 1.3#6.6#34.0#44.0#VAR 1066 1 0.772195 0.227805 
 ----> 1.3#6.6#34.0#44.0#VAR 1067 1 0.753377 0.246623 
 ----> 1.3#6.6#34.0#44.0#VAR 1068 0 0.77897 0.22103 
 ----> 1.3#6.6#34.0#44.0#VAR 1069 0 0.765458 0.234542 
 ----> 1.3#6.6#34.0#44.0#VAR 1070 1 0.781374 0.218626 
 ----> 1.3#6.6#34.0#44.0#VAR 1071 0 0.779996 0.220004 
 ----> 1.3#6.6#34.0#44.0#VAR 1072 0 0.805698 0.194302 
 ----> 1.3#6.6#34.0#44.0#VAR 1073 1 0.743819 0.256181 
 ----> 1.3#6.6#34.0#44.0#VAR 1074 0 0.814061 0.185939 
 ----> 1.3#6.6#34.0#44.0#VAR 1075 0 0.805405 0.194595 
 ----> 1.3#6.6#34.0#44.0#VAR 1076 0 0.796719 0.203281 
 ----> 1.3#6.6#34.0#44.0#VAR 1077 0 0.783804 0.216196 
 ----> 1.3#6.6#34.0#44.0#VAR 1078 0 0.812989 0.187011 
 ----> 1.3#6.6#34.0#44.0#VAR 1079 0 0.81106 0.18894 
 ----> 1.3#6.6#34.0#44.0#VAR 1080 0 0.812217 0.187783 
 ----> 1.3#6.6#34.0#44.0#VAR 1081 1 0.765657 0.234343 
 ----> 1.3#6.6#34.0#44.0#VAR 1082 0 0.80845 0.19155 
 ----> 1.3#6.6#34.0#44.0#VAR 1083 0 0.816821 0.183179 
 ----> 1.3#6.6#34.0#44.0#VAR 1084 0 0.796296 0.203704 
 ----> 1.3#6.6#34.0#44.0#VAR 1085 0 0.803587 0.196413 
 ----> 1.3#6.6#34.0#44.0#VAR 1086 0 0.781313 0.218687 
 ----> 1.3#6.6#34.0#44.0#VAR 1087 1 0.743087 0.256913 
 ----> 1.3#6.6#34.0#44.0#VAR 1088 1 0.780856 0.219144 
 ----> 1.3#6.6#34.0#44.0#VAR 1089 0 0.831407 0.168593 
 ----> 1.3#6.6#34.0#44.0#VAR 1090 0 0.761717 0.238283 
 ----> 1.3#6.6#34.0#44.0#VAR 1091 0 0.797943 0.202057 
 ----> 1.3#6.6#34.0#44.0#VAR 1092 1 0.704687 0.295313 
 ----> 1.3#6.6#34.0#44.0#VAR 1093 0 0.766049 0.233951 
 ----> 1.3#6.6#34.0#44.0#VAR 1094 0 0.823679 0.176321 
 ----> 1.3#6.6#34.0#44.0#VAR 1095 1 0.742546 0.257454 
 ----> 1.3#6.6#34.0#44.0#VAR 1096 0 0.747119 0.252881 
 ----> 1.3#6.6#34.0#44.0#VAR 1097 0 0.831343 0.168657 
 ----> 1.3#6.6#34.0#44.0#VAR 1098 1 0.752005 0.247995 
 ----> 1.3#6.6#34.0#44.0#VAR 1099 0 0.792275 0.207725 
 ----> 1.3#6.6#34.0#44.0#VAR 1100 1 0.791615 0.208385 
 ----> 1.3#6.6#34.0#44.0#VAR 1101 0 0.814127 0.185873 
 ----> 1.3#6.6#34.0#44.0#VAR 1102 1 0.756137 0.243863 
 ----> 1.3#6.6#34.0#44.0#VAR 1103 1 0.777912 0.222088 
 ----> 1.3#6.6#34.0#44.0#VAR 1104 0 0.778727 0.221273 
 ----> 1.3#6.6#34.0#44.0#VAR 1105 0 0.76184 0.23816 
 ----> 1.3#6.6#34.0#44.0#VAR 1106 0 0.756765 0.243235 
 ----> 1.3#6.6#34.0#44.0#VAR 1107 0 0.826565 0.173435 
 ----> 1.3#6.6#34.0#44.0#VAR 1108 0 0.7734 0.2266 
 ----> 1.3#6.6#34.0#44.0#VAR 1109 0 0.78739 0.21261 
 ----> 1.3#6.6#34.0#44.0#VAR 1110 0 0.776745 0.223255 
 ----> 1.3#6.6#34.0#44.0#VAR 1111 0 0.810203 0.189797 
 ----> 1.3#6.6#34.0#44.0#VAR 1112 0 0.787929 0.212071 
 ----> 1.3#6.6#34.0#44.0#VAR 1113 1 0.788637 0.211363 
 ----> 1.3#6.6#34.0#44.0#VAR 1114 0 0.788468 0.211532 
 ----> 1.3#6.6#34.0#44.0#VAR 1115 0 0.771399 0.228601 
 ----> 1.3#6.6#34.0#44.0#VAR 1116 0 0.79385 0.20615 
 ----> 1.3#6.6#34.0#44.0#VAR 1117 0 0.767832 0.232168 
 ----> 1.3#6.6#34.0#44.0#VAR 1118 0 0.821627 0.178373 
 ----> 1.3#6.6#34.0#44.0#VAR 1119 0 0.825044 0.174956 
 ----> 1.3#6.6#34.0#44.0#VAR 1120 0 0.805898 0.194102 
 ----> 1.3#6.6#34.0#44.0#VAR 1121 0 0.811372 0.188628 
 ----> 1.3#6.6#34.0#44.0#VAR 1122 0 0.777613 0.222387 
 ----> 1.3#6.6#34.0#44.0#VAR 1123 0 0.753332 0.246668 
 ----> 1.3#6.6#34.0#44.0#VAR 1124 0 0.79016 0.20984 
 ----> 1.3#6.6#34.0#44.0#VAR 1125 0 0.787726 0.212274 
 ----> 1.3#6.6#34.0#44.0#VAR 1126 0 0.803631 0.196369 
 ----> 1.3#6.6#34.0#44.0#VAR 1127 0 0.813706 0.186294 
 ----> 1.3#6.6#34.0#44.0#VAR 1128 0 0.829046 0.170954 
 ----> 1.3#6.6#34.0#44.0#VAR 1129 0 0.817281 0.182719 
 ----> 1.3#6.6#34.0#44.0#VAR 1130 1 0.780845 0.219155 
 ----> 1.3#6.6#34.0#44.0#VAR 1131 0 0.795206 0.204794 
 ----> 1.3#6.6#34.0#44.0#VAR 1132 1 0.757966 0.242034 
 ----> 1.3#6.6#34.0#44.0#VAR 1133 0 0.795155 0.204845 
 ----> 1.3#6.6#34.0#44.0#VAR 1134 1 0.69483 0.30517 
 ----> 1.3#6.6#34.0#44.0#VAR 1135 0 0.814636 0.185364 
 ----> 1.3#6.6#34.0#44.0#VAR 1136 0 0.811949 0.188051 
 ----> 1.3#6.6#34.0#44.0#VAR 1137 0 0.796184 0.203816 
 ----> 1.3#6.6#34.0#44.0#VAR 1138 0 0.812526 0.187474 
 ----> 1.3#6.6#34.0#44.0#VAR 1139 0 0.777314 0.222686 
 ----> 1.3#6.6#34.0#44.0#VAR 1140 1 0.788706 0.211294 
 ----> 1.3#6.6#34.0#44.0#VAR 1141 0 0.830651 0.169349 
 ----> 1.3#6.6#34.0#44.0#VAR 1142 1 0.748562 0.251438 
 ----> 1.3#6.6#34.0#44.0#VAR 1143 0 0.818569 0.181431 
 ----> 1.3#6.6#34.0#44.0#VAR 1144 0 0.766748 0.233252 
 ----> 1.3#6.6#34.0#44.0#VAR 1145 0 0.795105 0.204895 
 ----> 1.3#6.6#34.0#44.0#VAR 1146 0 0.789551 0.210449 
 ----> 1.3#6.6#34.0#44.0#VAR 1147 0 0.801691 0.198309 
 ----> 1.3#6.6#34.0#44.0#VAR 1148 0 0.813785 0.186215 
 ----> 1.3#6.6#34.0#44.0#VAR 1149 0 0.795238 0.204762 
 ----> 1.3#6.6#34.0#44.0#VAR 1150 0 0.790475 0.209525 
 ----> 1.3#6.6#34.0#44.0#VAR 1151 1 0.778925 0.221075 
 ----> 1.3#6.6#34.0#44.0#VAR 1152 1 0.797188 0.202812 
 ----> 1.3#6.6#34.0#44.0#VAR 1153 0 0.793346 0.206654 
 ----> 1.3#6.6#34.0#44.0#VAR 1154 0 0.784738 0.215262 
 ----> 1.3#6.6#34.0#44.0#VAR 1155 1 0.803772 0.196228 
 ----> 1.3#6.6#34.0#44.0#VAR 1156 0 0.800035 0.199965 
 ----> 1.3#6.6#34.0#44.0#VAR 1157 0 0.797459 0.202541 
 ----> 1.3#6.6#34.0#44.0#VAR 1158 0 0.78935 0.21065 
 ----> 1.3#6.6#34.0#44.0#VAR 1159 0 0.803006 0.196994 
 ----> 1.3#6.6#34.0#44.0#VAR 1160 0 0.763383 0.236617 
 ----> 1.3#6.6#34.0#44.0#VAR 1161 0 0.828393 0.171607 
 ----> 1.3#6.6#34.0#44.0#VAR 1162 0 0.757095 0.242905 
 ----> 1.3#6.6#34.0#44.0#VAR 1163 0 0.784783 0.215217 
 ----> 1.3#6.6#34.0#44.0#VAR 1164 0 0.765078 0.234922 
 ----> 1.3#6.6#34.0#44.0#VAR 1165 1 0.762789 0.237211 
 ----> 1.3#6.6#34.0#44.0#VAR 1166 0 0.789447 0.210553 
 ----> 1.3#6.6#34.0#44.0#VAR 1167 1 0.806235 0.193765 
 ----> 1.3#6.6#34.0#44.0#VAR 1168 1 0.786146 0.213854 
 ----> 1.3#6.6#34.0#44.0#VAR 1169 0 0.755481 0.244519 
 ----> 1.3#6.6#34.0#44.0#VAR 1170 1 0.745381 0.254619 
 ----> 1.3#6.6#34.0#44.0#VAR 1171 0 0.803428 0.196572 
 ----> 1.3#6.6#34.0#44.0#VAR 1172 1 0.741412 0.258588 
 ----> 1.3#6.6#34.0#44.0#VAR 1173 0 0.793913 0.206087 
 ----> 1.3#6.6#34.0#44.0#VAR 1174 0 0.780715 0.219285 
 ----> 1.3#6.6#34.0#44.0#VAR 1175 0 0.778352 0.221648 
 ----> 1.3#6.6#34.0#44.0#VAR 1176 0 0.806506 0.193494 
 ----> 1.3#6.6#34.0#44.0#VAR 1177 0 0.797512 0.202488 
 ----> 1.3#6.6#34.0#44.0#VAR 1178 0 0.775039 0.224961 
 ----> 1.3#6.6#34.0#44.0#VAR 1179 0 0.781848 0.218152 
 ----> 1.3#6.6#34.0#44.0#VAR 1180 0 0.780863 0.219137 
 ----> 1.3#6.6#34.0#44.0#VAR 1181 0 0.793031 0.206969 
 ----> 1.3#6.6#34.0#44.0#VAR 1182 0 0.770987 0.229013 
 ----> 1.3#6.6#34.0#44.0#VAR 1183 0 0.773421 0.226579 
 ----> 1.3#6.6#34.0#44.0#VAR 1184 0 0.807608 0.192392 
 ----> 1.3#6.6#34.0#44.0#VAR 1185 0 0.790734 0.209266 
 ----> 1.3#6.6#34.0#44.0#VAR 1186 0 0.804046 0.195954 
 ----> 1.3#6.6#34.0#44.0#VAR 1187 0 0.798245 0.201755 
 ----> 1.3#6.6#34.0#44.0#VAR 1188 0 0.835405 0.164595 
 ----> 1.3#6.6#34.0#44.0#VAR 1189 0 0.797269 0.202731 
 ----> 1.3#6.6#34.0#44.0#VAR 1190 0 0.803337 0.196663 
 ----> 1.3#6.6#34.0#44.0#VAR 1191 0 0.802692 0.197308 
 ----> 1.3#6.6#34.0#44.0#VAR 1192 0 0.798194 0.201806 
 ----> 1.3#6.6#34.0#44.0#VAR 1193 0 0.807983 0.192017 
 ----> 1.3#6.6#34.0#44.0#VAR 1194 0 0.79684 0.20316 
 ----> 1.3#6.6#34.0#44.0#VAR 1195 0 0.787987 0.212013 
 ----> 1.3#6.6#34.0#44.0#VAR 1196 0 0.803273 0.196727 
 ----> 1.3#6.6#34.0#44.0#VAR 1197 0 0.788488 0.211512 
 ----> 1.3#6.6#34.0#44.0#VAR 1198 0 0.80592 0.19408 
 ----> 1.3#6.6#34.0#44.0#VAR 1199 0 0.80591 0.19409 
 ----> 1.3#6.6#34.0#44.0#VAR 1200 0 0.808082 0.191918 
 ----> 1.3#6.6#34.0#44.0#VAR 1201 0 0.79982 0.20018 
 ----> 1.3#6.6#34.0#44.0#VAR 1202 1 0.768012 0.231988 
 ----> 1.3#6.6#34.0#44.0#VAR 1203 0 0.789112 0.210888 
 ----> 1.3#6.6#34.0#44.0#VAR 1204 0 0.793799 0.206201 
 ----> 1.3#6.6#34.0#44.0#VAR 1205 0 0.789014 0.210986 
 ----> 1.3#6.6#34.0#44.0#VAR 1206 0 0.80857 0.19143 
 ----> 1.3#6.6#34.0#44.0#VAR 1207 0 0.797875 0.202125 
 ----> 1.3#6.6#34.0#44.0#VAR 1208 0 0.808729 0.191271 
 ----> 1.3#6.6#34.0#44.0#VAR 1209 1 0.743967 0.256033 
 ----> 1.3#6.6#34.0#44.0#VAR 1210 1 0.766898 0.233102 
 ----> 1.3#6.6#34.0#44.0#VAR 1211 0 0.757613 0.242387 
 ----> 1.3#6.6#34.0#44.0#VAR 1212 0 0.774009 0.225991 
 ----> 1.3#6.6#34.0#44.0#VAR 1213 0 0.786025 0.213975 
 ----> 1.3#6.6#34.0#44.0#VAR 1214 1 0.745491 0.254509 
 ----> 1.3#6.6#34.0#44.0#VAR 1215 1 0.756009 0.243991 
 ----> 1.3#6.6#34.0#44.0#VAR 1216 0 0.765517 0.234483 
 ----> 1.3#6.6#34.0#44.0#VAR 1217 0 0.822139 0.177861 
 ----> 1.3#6.6#34.0#44.0#VAR 1218 0 0.766813 0.233187 
 ----> 1.3#6.6#34.0#44.0#VAR 1219 1 0.734108 0.265892 
 ----> 1.3#6.6#34.0#44.0#VAR 1220 1 0.759359 0.240641 
 ----> 1.3#6.6#34.0#44.0#VAR 1221 0 0.793557 0.206443 
 ----> 1.3#6.6#34.0#44.0#VAR 1222 0 0.800986 0.199014 
 ----> 1.3#6.6#34.0#44.0#VAR 1223 0 0.80209 0.19791 
 ----> 1.3#6.6#34.0#44.0#VAR 1224 0 0.820401 0.179599 
 ----> 1.3#6.6#34.0#44.0#VAR 1225 1 0.777416 0.222584 
 ----> 1.3#6.6#34.0#44.0#VAR 1226 1 0.733765 0.266235 
 ----> 1.3#6.6#34.0#44.0#VAR 1227 0 0.809421 0.190579 
 ----> 1.3#6.6#34.0#44.0#VAR 1228 0 0.826118 0.173882 
 ----> 1.3#6.6#34.0#44.0#VAR 1229 0 0.781275 0.218725 
 ----> 1.3#6.6#34.0#44.0#VAR 1230 0 0.83453 0.16547 
 ----> 1.3#6.6#34.0#44.0#VAR 1231 0 0.787241 0.212759 
 ----> 1.3#6.6#34.0#44.0#VAR 1232 0 0.793311 0.206689 
 ----> 1.3#6.6#34.0#44.0#VAR 1233 0 0.810919 0.189081 
 ----> 1.3#6.6#34.0#44.0#VAR 1234 0 0.810956 0.189044 
 ----> 1.3#6.6#34.0#44.0#VAR 1235 0 0.798031 0.201969 
 ----> 1.3#6.6#34.0#44.0#VAR 1236 0 0.805481 0.194519 
 ----> 1.3#6.6#34.0#44.0#VAR 1237 0 0.795873 0.204127 
 ----> 1.3#6.6#34.0#44.0#VAR 1238 0 0.785306 0.214694 
 ----> 1.3#6.6#34.0#44.0#VAR 1239 0 0.792582 0.207418 
 ----> 1.3#6.6#34.0#44.0#VAR 1240 0 0.792551 0.207449 
 ----> 1.3#6.6#34.0#44.0#VAR 1241 0 0.796452 0.203548 
 ----> 1.3#6.6#34.0#44.0#VAR 1242 1 0.788006 0.211994 
 ----> 1.3#6.6#34.0#44.0#VAR 1243 0 0.798082 0.201918 
 ----> 1.3#6.6#34.0#44.0#VAR 1244 0 0.782864 0.217136 
 ----> 1.3#6.6#34.0#44.0#VAR 1245 1 0.777559 0.222441 
 ----> 1.3#6.6#34.0#44.0#VAR 1246 0 0.771224 0.228776 
 ----> 1.3#6.6#34.0#44.0#VAR 1247 0 0.769112 0.230888 
 ----> 1.3#6.6#34.0#44.0#VAR 1248 0 0.816938 0.183062 
 ----> 1.3#6.6#34.0#44.0#VAR 1249 1 0.760556 0.239444 
 ----> 1.3#6.6#34.0#44.0#VAR 1250 0 0.780956 0.219044 
 ----> 1.3#6.6#34.0#44.0#VAR 1251 0 0.769016 0.230984 
 ----> 1.3#6.6#34.0#44.0#VAR 1252 0 0.798015 0.201985 
 ----> 1.3#6.6#34.0#44.0#VAR 1253 1 0.767383 0.232617 
 ----> 1.3#6.6#34.0#44.0#VAR 1254 1 0.74644 0.25356 
 ----> 1.3#6.6#34.0#44.0#VAR 1255 0 0.780553 0.219447 
 ----> 1.3#6.6#34.0#44.0#VAR 1256 0 0.802865 0.197135 
 ----> 1.3#6.6#34.0#44.0#VAR 1257 0 0.787044 0.212956 
 ----> 1.3#6.6#34.0#44.0#VAR 1258 0 0.794824 0.205176 
 ----> 1.3#6.6#34.0#44.0#VAR 1259 0 0.813266 0.186734 
 ----> 1.3#6.6#34.0#44.0#VAR 1260 0 0.789185 0.210815 
 ----> 1.3#6.6#34.0#44.0#VAR 1261 0 0.781898 0.218102 
 ----> 1.3#6.6#34.0#44.0#VAR 1262 0 0.78718 0.21282 
 ----> 1.3#6.6#34.0#44.0#VAR 1263 0 0.787372 0.212628 
 ----> 1.3#6.6#34.0#44.0#VAR 1264 0 0.74973 0.25027 
 ----> 1.3#6.6#34.0#44.0#VAR 1265 1 0.778036 0.221964 
 ----> 1.3#6.6#34.0#44.0#VAR 1266 0 0.803681 0.196319 
 ----> 1.3#6.6#34.0#44.0#VAR 1267 1 0.694792 0.305208 
 ----> 1.3#6.6#34.0#44.0#VAR 1268 1 0.77868 0.22132 
 ----> 1.3#6.6#34.0#44.0#VAR 1269 0 0.78785 0.21215 
 ----> 1.3#6.6#34.0#44.0#VAR 1270 0 0.807562 0.192438 
 ----> 1.3#6.6#34.0#44.0#VAR 1271 1 0.773503 0.226497 
 ----> 1.3#6.6#34.0#44.0#VAR 1272 1 0.746607 0.253393 
 ----> 1.3#6.6#34.0#44.0#VAR 1273 0 0.794445 0.205555 
 ----> 1.3#6.6#34.0#44.0#VAR 1274 0 0.779605 0.220395 
 ----> 1.3#6.6#34.0#44.0#VAR 1275 0 0.788526 0.211474 
 ----> 1.3#6.6#34.0#44.0#VAR 1276 0 0.798679 0.201321 
 ----> 1.3#6.6#34.0#44.0#VAR 1277 0 0.798121 0.201879 
 ----> 1.3#6.6#34.0#44.0#VAR 1278 0 0.801851 0.198149 
 ----> 1.3#6.6#34.0#44.0#VAR 1279 1 0.747165 0.252835 
 ----> 1.3#6.6#34.0#44.0#VAR 1280 0 0.794572 0.205428 
 ----> 1.3#6.6#34.0#44.0#VAR 1281 0 0.792876 0.207124 
 ----> 1.3#6.6#34.0#44.0#VAR 1282 0 0.768425 0.231575 
 ----> 1.3#6.6#34.0#44.0#VAR 1283 0 0.828398 0.171602 
 ----> 1.3#6.6#34.0#44.0#VAR 1284 1 0.696717 0.303283 
 ----> 1.3#6.6#34.0#44.0#VAR 1285 0 0.813369 0.186631 
 ----> 1.3#6.6#34.0#44.0#VAR 1286 0 0.826763 0.173237 
 ----> 1.3#6.6#34.0#44.0#VAR 1287 0 0.826856 0.173144 
 ----> 1.3#6.6#34.0#44.0#VAR 1288 1 0.713084 0.286916 
 ----> 1.3#6.6#34.0#44.0#VAR 1289 0 0.773966 0.226034 
 ----> 1.3#6.6#34.0#44.0#VAR 1290 0 0.800385 0.199615 
 ----> 1.3#6.6#34.0#44.0#VAR 1291 1 0.762405 0.237595 
 ----> 1.3#6.6#34.0#44.0#VAR 1292 0 0.809727 0.190273 
 ----> 1.3#6.6#34.0#44.0#VAR 1293 0 0.831268 0.168732 
 ----> 1.3#6.6#34.0#44.0#VAR 1294 0 0.806737 0.193263 
 ----> 1.3#6.6#34.0#44.0#VAR 1295 0 0.823766 0.176234 
 ----> 1.3#6.6#34.0#44.0#VAR 1296 1 0.746116 0.253884 
 ----> 1.3#6.6#34.0#44.0#VAR 1297 1 0.769557 0.230443 
 ----> 1.3#6.6#34.0#44.0#VAR 1298 1 0.790811 0.209189 
 ----> 1.3#6.6#34.0#44.0#VAR 1299 1 0.799473 0.200527 
 ----> 1.3#6.6#34.0#44.0#VAR 1300 0 0.79835 0.20165 
 ----> 1.3#6.6#34.0#44.0#VAR 1301 1 0.785154 0.214846 
 ----> 1.3#6.6#34.0#44.0#VAR 1302 0 0.812912 0.187088 
 ----> 1.3#6.6#34.0#44.0#VAR 1303 0 0.780259 0.219741 
 ----> 1.3#6.6#34.0#44.0#VAR 1304 1 0.790848 0.209152 
 ----> 1.3#6.6#34.0#44.0#VAR 1305 0 0.826226 0.173774 
 ----> 1.3#6.6#34.0#44.0#VAR 1306 0 0.786963 0.213037 
 ----> 1.3#6.6#34.0#44.0#VAR 1307 0 0.796809 0.203191 
 ----> 1.3#6.6#34.0#44.0#VAR 1308 0 0.80185 0.19815 
 ----> 1.3#6.6#34.0#44.0#VAR 1309 0 0.813112 0.186888 
 ----> 1.3#6.6#34.0#44.0#VAR 1310 0 0.799971 0.200029 
 ----> 1.3#6.6#34.0#44.0#VAR 1311 0 0.815909 0.184091 
 ----> 1.3#6.6#34.0#44.0#VAR 1312 0 0.823402 0.176598 
 ----> 1.3#6.6#34.0#44.0#VAR 1313 0 0.756024 0.243976 
 ----> 1.3#6.6#34.0#44.0#VAR 1314 0 0.786545 0.213455 
 ----> 1.3#6.6#34.0#44.0#VAR 1315 0 0.820745 0.179255 
 ----> 1.3#6.6#34.0#44.0#VAR 1316 0 0.814711 0.185289 
 ----> 1.3#6.6#34.0#44.0#VAR 1317 1 0.77783 0.22217 
 ----> 1.3#6.6#34.0#44.0#VAR 1318 0 0.82712 0.17288 
 ----> 1.3#6.6#34.0#44.0#VAR 1319 0 0.765782 0.234218 
 ----> 1.3#6.6#34.0#44.0#VAR 1320 0 0.83363 0.16637 
 ----> 1.3#6.6#34.0#44.0#VAR 1321 0 0.833628 0.166372 
 ----> 1.3#6.6#34.0#44.0#VAR 1322 0 0.825201 0.174799 
 ----> 1.3#6.6#34.0#44.0#VAR 1323 1 0.781206 0.218794 
 ----> 1.3#6.6#34.0#44.0#VAR 1324 0 0.792501 0.207499 
 ----> 1.3#6.6#34.0#44.0#VAR 1325 0 0.81127 0.18873 
 ----> 1.3#6.6#34.0#44.0#VAR 1326 0 0.785509 0.214491 
 ----> 1.3#6.6#34.0#44.0#VAR 1327 0 0.768378 0.231622 
 ----> 1.3#6.6#34.0#44.0#VAR 1328 0 0.778813 0.221187 
 ----> 1.3#6.6#34.0#44.0#VAR 1329 1 0.787799 0.212201 
 ----> 1.3#6.6#34.0#44.0#VAR 1330 0 0.7977 0.2023 
 ----> 1.3#6.6#34.0#44.0#VAR 1331 0 0.810614 0.189386 
 ----> 1.3#6.6#34.0#44.0#VAR 1332 0 0.784673 0.215327 
 ----> 1.3#6.6#34.0#44.0#VAR 1333 0 0.819857 0.180143 
 ----> 1.3#6.6#34.0#44.0#VAR 1334 1 0.746709 0.253291 
 ----> 1.3#6.6#34.0#44.0#VAR 1335 0 0.781735 0.218265 
 ----> 1.3#6.6#34.0#44.0#VAR 1336 1 0.763793 0.236207 
 ----> 1.3#6.6#34.0#44.0#VAR 1337 0 0.80769 0.19231 
 ----> 1.3#6.6#34.0#44.0#VAR 1338 0 0.816232 0.183768 
 ----> 1.3#6.6#34.0#44.0#VAR 1339 0 0.815068 0.184932 
 ----> 1.3#6.6#34.0#44.0#VAR 1340 0 0.821677 0.178323 
 ----> 1.3#6.6#34.0#44.0#VAR 1341 0 0.804895 0.195105 
 ----> 1.3#6.6#34.0#44.0#VAR 1342 0 0.822437 0.177563 
 ----> 1.3#6.6#34.0#44.0#VAR 1343 1 0.759755 0.240245 
 ----> 1.3#6.6#34.0#44.0#VAR 1344 1 0.782622 0.217378 
 ----> 1.3#6.6#34.0#44.0#VAR 1345 0 0.831368 0.168632 
 ----> 1.3#6.6#34.0#44.0#VAR 1346 0 0.808696 0.191304 
 ----> 1.3#6.6#34.0#44.0#VAR 1347 0 0.790635 0.209365 
 ----> 1.3#6.6#34.0#44.0#VAR 1348 0 0.821789 0.178211 
 ----> 1.3#6.6#34.0#44.0#VAR 1349 0 0.816067 0.183933 
 ----> 1.3#6.6#34.0#44.0#VAR 1350 0 0.813152 0.186848 
 ----> 1.3#6.6#34.0#44.0#VAR 1351 0 0.823322 0.176678 
 ----> 1.3#6.6#34.0#44.0#VAR 1352 0 0.79043 0.20957 
 ----> 1.3#6.6#34.0#44.0#VAR 1353 0 0.83026 0.16974 
 ----> 1.3#6.6#34.0#44.0#VAR 1354 1 0.773695 0.226305 
 ----> 1.3#6.6#34.0#44.0#VAR 1355 0 0.803685 0.196315 
 ----> 1.3#6.6#34.0#44.0#VAR 1356 0 0.811604 0.188396 
 ----> 1.3#6.6#34.0#44.0#VAR 1357 0 0.787251 0.212749 
 ----> 1.3#6.6#34.0#44.0#VAR 1358 1 0.773151 0.226849 
 ----> 1.3#6.6#34.0#44.0#VAR 1359 0 0.7806 0.2194 
 ----> 1.3#6.6#34.0#44.0#VAR 1360 0 0.823982 0.176018 
 ----> 1.3#6.6#34.0#44.0#VAR 1361 1 0.749908 0.250092 
 ----> 1.3#6.6#34.0#44.0#VAR 1362 0 0.786487 0.213513 
 ----> 1.3#6.6#34.0#44.0#VAR 1363 0 0.836406 0.163594 
 ----> 1.3#6.6#34.0#44.0#VAR 1364 0 0.797497 0.202503 
 ----> 1.3#6.6#34.0#44.0#VAR 1365 0 0.828514 0.171486 
 ----> 1.3#6.6#34.0#44.0#VAR 1366 0 0.807115 0.192885 
 ----> 1.3#6.6#34.0#44.0#VAR 1367 0 0.803362 0.196638 
 ----> 1.3#6.6#34.0#44.0#VAR 1368 1 0.77234 0.22766 
 ----> 1.3#6.6#34.0#44.0#VAR 1369 0 0.829716 0.170284 
 ----> 1.3#6.6#34.0#44.0#VAR 1370 0 0.811657 0.188343 
 ----> 1.3#6.6#34.0#44.0#VAR 1371 0 0.814449 0.185551 
 ----> 1.3#6.6#34.0#44.0#VAR 1372 0 0.773187 0.226813 
 ----> 1.3#6.6#34.0#44.0#VAR 1373 0 0.803268 0.196732 
 ----> 1.3#6.6#34.0#44.0#VAR 1374 0 0.831861 0.168139 
 ----> 1.3#6.6#34.0#44.0#VAR 1375 0 0.831278 0.168722 
 ----> 1.3#6.6#34.0#44.0#VAR 1376 0 0.796649 0.203351 
 ----> 1.3#6.6#34.0#44.0#VAR 1377 1 0.77676 0.22324 
 ----> 1.3#6.6#34.0#44.0#VAR 1378 0 0.801841 0.198159 
 ----> 1.3#6.6#34.0#44.0#VAR 1379 0 0.796085 0.203915 
 ----> 1.3#6.6#34.0#44.0#VAR 1380 1 0.767237 0.232763 
 ----> 1.3#6.6#34.0#44.0#VAR 1381 0 0.825887 0.174113 
 ----> 1.3#6.6#34.0#44.0#VAR 1382 0 0.805668 0.194332 
 ----> 1.3#6.6#34.0#44.0#VAR 1383 0 0.82153 0.17847 
 ----> 1.3#6.6#34.0#44.0#VAR 1384 0 0.795686 0.204314 
 ----> 1.3#6.6#34.0#44.0#VAR 1385 0 0.782749 0.217251 
 ----> 1.3#6.6#34.0#44.0#VAR 1386 1 0.784677 0.215323 
 ----> 1.3#6.6#34.0#44.0#VAR 1387 1 0.765074 0.234926 
 ----> 1.3#6.6#34.0#44.0#VAR 1388 0 0.796879 0.203121 
 ----> 1.3#6.6#34.0#44.0#VAR 1389 0 0.779548 0.220452 
 ----> 1.3#6.6#34.0#44.0#VAR 1390 0 0.799358 0.200642 
 ----> 1.3#6.6#34.0#44.0#VAR 1391 0 0.824164 0.175836 
 ----> 1.3#6.6#34.0#44.0#VAR 1392 0 0.823681 0.176319 
 ----> 1.3#6.6#34.0#44.0#VAR 1393 0 0.819301 0.180699 
 ----> 1.3#6.6#34.0#44.0#VAR 1394 1 0.801893 0.198107 
 ----> 1.3#6.6#34.0#44.0#VAR 1395 0 0.805132 0.194868 
 ----> 1.3#6.6#34.0#44.0#VAR 1396 0 0.775634 0.224366 
 ----> 1.3#6.6#34.0#44.0#VAR 1397 0 0.822084 0.177916 
 ----> 1.3#6.6#34.0#44.0#VAR 1398 1 0.7805 0.2195 
 ----> 1.3#6.6#34.0#44.0#VAR 1399 0 0.791657 0.208343 
 ----> 1.3#6.6#34.0#44.0#VAR 1400 1 0.778518 0.221482 
 ----> 1.3#6.6#34.0#44.0#VAR 1401 0 0.799061 0.200939 
 ----> 1.3#6.6#34.0#44.0#VAR 1402 1 0.781752 0.218248 
 ----> 1.3#6.6#34.0#44.0#VAR 1403 0 0.806708 0.193292 
 ----> 1.3#6.6#34.0#44.0#VAR 1404 0 0.812547 0.187453 
 ----> 1.3#6.6#34.0#44.0#VAR 1405 1 0.778733 0.221267 
 ----> 1.3#6.6#34.0#44.0#VAR 1406 0 0.788448 0.211552 
 ----> 1.3#6.6#34.0#44.0#VAR 1407 0 0.800315 0.199685 
 ----> 1.3#6.6#34.0#44.0#VAR 1408 0 0.79832 0.20168 
 ----> 1.3#6.6#34.0#44.0#VAR 1409 0 0.77893 0.22107 
 ----> 1.3#6.6#34.0#44.0#VAR 1410 0 0.799696 0.200304 
 ----> 1.3#6.6#34.0#44.0#VAR 1411 0 0.774037 0.225963 
 ----> 1.3#6.6#34.0#44.0#VAR 1412 1 0.755173 0.244827 
 ----> 1.3#6.6#34.0#44.0#VAR 1413 0 0.808233 0.191767 
 ----> 1.3#6.6#34.0#44.0#VAR 1414 0 0.787142 0.212858 
 ----> 1.3#6.6#34.0#44.0#VAR 1415 0 0.772726 0.227274 
 ----> 1.3#6.6#34.0#44.0#VAR 1416 0 0.81097 0.18903 
 ----> 1.3#6.6#34.0#44.0#VAR 1417 0 0.800583 0.199417 
 ----> 1.3#6.6#34.0#44.0#VAR 1418 1 0.79651 0.20349 
 ----> 1.3#6.6#34.0#44.0#VAR 1419 0 0.787416 0.212584 
 ----> 1.3#6.6#34.0#44.0#VAR 1420 0 0.776957 0.223043 
 ----> 1.3#6.6#34.0#44.0#VAR 1421 0 0.813674 0.186326 
 ----> 1.3#6.6#34.0#44.0#VAR 1422 1 0.786552 0.213448 
 ----> 1.3#6.6#34.0#44.0#VAR 1423 0 0.81091 0.18909 
 ----> 1.3#6.6#34.0#44.0#VAR 1424 1 0.76958 0.23042 
 ----> 1.3#6.6#34.0#44.0#VAR 1425 0 0.812427 0.187573 
 ----> 1.3#6.6#34.0#44.0#VAR 1426 1 0.786836 0.213164 
 ----> 1.3#6.6#34.0#44.0#VAR 1427 1 0.786665 0.213335 
 ----> 1.3#6.6#34.0#44.0#VAR 1428 0 0.81 0.19 
 ----> 1.3#6.6#34.0#44.0#VAR 1429 0 0.781147 0.218853 
 ----> 1.3#6.6#34.0#44.0#VAR 1430 0 0.783038 0.216962 
 ----> 1.3#6.6#34.0#44.0#VAR 1431 0 0.78628 0.21372 
 ----> 1.3#6.6#34.0#44.0#VAR 1432 0 0.78672 0.21328 
 ----> 1.3#6.6#34.0#44.0#VAR 1433 0 0.786533 0.213467 
 ----> 1.3#6.6#34.0#44.0#VAR 1434 0 0.81604 0.18396 
 ----> 1.3#6.6#34.0#44.0#VAR 1435 0 0.789979 0.210021 
 ----> 1.3#6.6#34.0#44.0#VAR 1436 0 0.79096 0.20904 
 ----> 1.3#6.6#34.0#44.0#VAR 1437 0 0.800115 0.199885 
 ----> 1.3#6.6#34.0#44.0#VAR 1438 0 0.825646 0.174354 
 ----> 1.3#6.6#34.0#44.0#VAR 1439 0 0.785245 0.214755 
 ----> 1.3#6.6#34.0#44.0#VAR 1440 1 0.767328 0.232672 
 ----> 1.3#6.6#34.0#44.0#VAR 1441 1 0.778978 0.221022 
 ----> 1.3#6.6#34.0#44.0#VAR 1442 0 0.761403 0.238597 
 ----> 1.3#6.6#34.0#44.0#VAR 1443 1 0.761272 0.238728 
 ----> 1.3#6.6#34.0#44.0#VAR 1444 1 0.80276 0.19724 
 ----> 1.3#6.6#34.0#44.0#VAR 1445 1 0.793063 0.206937 
 ----> 1.3#6.6#34.0#44.0#VAR 1446 0 0.807914 0.192086 
 ----> 1.3#6.6#34.0#44.0#VAR 1447 0 0.809287 0.190713 
 ----> 1.3#6.6#34.0#44.0#VAR 1448 0 0.832456 0.167544 
 ----> 1.3#6.6#34.0#44.0#VAR 1449 0 0.812275 0.187725 
 ----> 1.3#6.6#34.0#44.0#VAR 1450 0 0.805452 0.194548 
 ----> 1.3#6.6#34.0#44.0#VAR 1451 1 0.773796 0.226204 
 ----> 1.3#6.6#34.0#44.0#VAR 1452 0 0.793688 0.206312 
 ----> 1.3#6.6#34.0#44.0#VAR 1453 0 0.789934 0.210066 
 ----> 1.3#6.6#34.0#44.0#VAR 1454 0 0.796839 0.203161 
 ----> 1.3#6.6#34.0#44.0#VAR 1455 0 0.808037 0.191963 
 ----> 1.3#6.6#34.0#44.0#VAR 1456 1 0.77599 0.22401 
 ----> 1.3#6.6#34.0#44.0#VAR 1457 1 0.761279 0.238721 
 ----> 1.3#6.6#34.0#44.0#VAR 1458 1 0.768941 0.231059 
 ----> 1.3#6.6#34.0#44.0#VAR 1459 1 0.794502 0.205498 
 ----> 1.3#6.6#34.0#44.0#VAR 1460 0 0.795512 0.204488 
 ----> 1.3#6.6#34.0#44.0#VAR 1461 1 0.762446 0.237554 
 ----> 1.3#6.6#34.0#44.0#VAR 1462 0 0.822785 0.177215 
 ----> 1.3#6.6#34.0#44.0#VAR 1463 0 0.777455 0.222545 
 ----> 1.3#6.6#34.0#44.0#VAR 1464 0 0.805709 0.194291 
 ----> 1.3#6.6#34.0#44.0#VAR 1465 0 0.821666 0.178334 
 ----> 1.3#6.6#34.0#44.0#VAR 1466 0 0.81876 0.18124 
 ----> 1.3#6.6#34.0#44.0#VAR 1467 1 0.804436 0.195564 
 ----> 1.3#6.6#34.0#44.0#VAR 1468 1 0.815802 0.184198 
 ----> 1.3#6.6#34.0#44.0#VAR 1469 0 0.806299 0.193701 
 ----> 1.3#6.6#34.0#44.0#VAR 1470 0 0.809854 0.190146 
 ----> 1.3#6.6#34.0#44.0#VAR 1471 0 0.778884 0.221116 
 ----> 1.3#6.6#34.0#44.0#VAR 1472 0 0.789512 0.210488 
 ----> 1.3#6.6#34.0#44.0#VAR 1473 0 0.786016 0.213984 
 ----> 1.3#6.6#34.0#44.0#VAR 1474 0 0.823107 0.176893 
 ----> 1.3#6.6#34.0#44.0#VAR 1475 0 0.795734 0.204266 
 ----> 1.3#6.6#34.0#44.0#VAR 1476 1 0.802643 0.197357 
 ----> 1.3#6.6#34.0#44.0#VAR 1477 0 0.779884 0.220116 
 ----> 1.3#6.6#34.0#44.0#VAR 1478 0 0.813866 0.186134 
 ----> 1.3#6.6#34.0#44.0#VAR 1479 1 0.788361 0.211639 
 ----> 1.3#6.6#34.0#44.0#VAR 1480 0 0.78547 0.21453 
 ----> 1.3#6.6#34.0#44.0#VAR 1481 0 0.801976 0.198024 
 ----> 1.3#6.6#34.0#44.0#VAR 1482 0 0.814 0.186 
 ----> 1.3#6.6#34.0#44.0#VAR 1483 0 0.817967 0.182033 
 ----> 1.3#6.6#34.0#44.0#VAR 1484 0 0.830134 0.169866 
 ----> 1.3#6.6#34.0#44.0#VAR 1485 0 0.79772 0.20228 
 ----> 1.3#6.6#34.0#44.0#VAR 1486 0 0.8015 0.1985 
 ----> 1.3#6.6#34.0#44.0#VAR 1487 1 0.799772 0.200228 
 ----> 1.3#6.6#34.0#44.0#VAR 1488 1 0.792253 0.207747 
 ----> 1.3#6.6#34.0#44.0#VAR 1489 0 0.80217 0.19783 
 ----> 1.3#6.6#34.0#44.0#VAR 1490 0 0.785392 0.214608 
 ----> 1.3#6.6#34.0#44.0#VAR 1491 1 0.810232 0.189768 
 ----> 1.3#6.6#34.0#44.0#VAR 1492 0 0.821093 0.178907 
 ----> 1.3#6.6#34.0#44.0#VAR 1493 0 0.778923 0.221077 
 ----> 1.3#6.6#34.0#44.0#VAR 1494 0 0.791537 0.208463 
 ----> 1.3#6.6#34.0#44.0#VAR 1495 0 0.826009 0.173991 
 ----> 1.3#6.6#34.0#44.0#VAR 1496 0 0.796676 0.203324 
 ----> 1.3#6.6#34.0#44.0#VAR 1497 0 0.798038 0.201962 
 ----> 1.3#6.6#34.0#44.0#VAR 1498 0 0.773233 0.226767 
 ----> 1.3#6.6#34.0#44.0#VAR 1499 1 0.814582 0.185418 
 ----> 1.3#6.6#34.0#44.0#VAR 1500 0 0.782301 0.217699 
 ----> 1.3#6.6#34.0#44.0#VAR 1501 0 0.817058 0.182942 
 ----> 1.3#6.6#34.0#44.0#VAR 1502 0 0.789352 0.210648 
 ----> 1.3#6.6#34.0#44.0#VAR 1503 0 0.802948 0.197052 
 ----> 1.3#6.6#34.0#44.0#VAR 1504 0 0.797891 0.202109 
 ----> 1.3#6.6#34.0#44.0#VAR 1505 0 0.815658 0.184342 
 ----> 1.3#6.6#34.0#44.0#VAR 1506 0 0.794516 0.205484 
 ----> 1.3#6.6#34.0#44.0#VAR 1507 0 0.798975 0.201025 
 ----> 1.3#6.6#34.0#44.0#VAR 1508 0 0.77575 0.22425 
 ----> 1.3#6.6#34.0#44.0#VAR 1509 0 0.804826 0.195174 
 ----> 1.3#6.6#34.0#44.0#VAR 1510 0 0.800434 0.199566 
 ----> 1.3#6.6#34.0#44.0#VAR 1511 0 0.786718 0.213282 
 ----> 1.3#6.6#34.0#44.0#VAR 1512 0 0.798204 0.201796 
 ----> 1.3#6.6#34.0#44.0#VAR 1513 0 0.782638 0.217362 
 ----> 1.3#6.6#34.0#44.0#VAR 1514 0 0.798522 0.201478 
 ----> 1.3#6.6#34.0#44.0#VAR 1515 0 0.801285 0.198715 
 ----> 1.3#6.6#34.0#44.0#VAR 1516 0 0.756658 0.243342 
 ----> 1.3#6.6#34.0#44.0#VAR 1517 0 0.826169 0.173831 
 ----> 1.3#6.6#34.0#44.0#VAR 1518 0 0.809062 0.190938 
 ----> 1.3#6.6#34.0#44.0#VAR 1519 0 0.817293 0.182707 
 ----> 1.3#6.6#34.0#44.0#VAR 1520 1 0.811903 0.188097 
 ----> 1.3#6.6#34.0#44.0#VAR 1521 0 0.818077 0.181923 
 ----> 1.3#6.6#34.0#44.0#VAR 1522 0 0.800445 0.199555 
 ----> 1.3#6.6#34.0#44.0#VAR 1523 0 0.811961 0.188039 
 ----> 1.3#6.6#34.0#44.0#VAR 1524 0 0.789567 0.210433 
 ----> 1.3#6.6#34.0#44.0#VAR 1525 0 0.806856 0.193144 
 ----> 1.3#6.6#34.0#44.0#VAR 1526 1 0.795564 0.204436 
 ----> 1.3#6.6#34.0#44.0#VAR 1527 0 0.789184 0.210816 
 ----> 1.3#6.6#34.0#44.0#VAR 1528 0 0.802739 0.197261 
 ----> 1.3#6.6#34.0#44.0#VAR 1529 0 0.806811 0.193189 
 ----> 1.3#6.6#34.0#44.0#VAR 1530 0 0.813878 0.186122 
 ----> 1.3#6.6#34.0#44.0#VAR 1531 1 0.792505 0.207495 
 ----> 1.3#6.6#34.0#44.0#VAR 1532 0 0.812112 0.187888 
 ----> 1.3#6.6#34.0#44.0#VAR 1533 1 0.802816 0.197184 
 ----> 1.3#6.6#34.0#44.0#VAR 1534 0 0.827647 0.172353 
 ----> 1.3#6.6#34.0#44.0#VAR 1535 0 0.785636 0.214364 
 ----> 1.3#6.6#34.0#44.0#VAR 1536 1 0.800498 0.199502 
 ----> 1.3#6.6#34.0#44.0#VAR 1537 0 0.802359 0.197641 
 ----> 1.3#6.6#34.0#44.0#VAR 1538 0 0.813483 0.186517 
 ----> 1.3#6.6#34.0#44.0#VAR 1539 0 0.817846 0.182154 
 ----> 1.3#6.6#34.0#44.0#VAR 1540 0 0.791196 0.208804 
 ----> 1.3#6.6#34.0#44.0#VAR 1541 1 0.811204 0.188796 
 ----> 1.3#6.6#34.0#44.0#VAR 1542 0 0.803057 0.196943 
 ----> 1.3#6.6#34.0#44.0#VAR 1543 0 0.812145 0.187855 
 ----> 1.3#6.6#34.0#44.0#VAR 1544 0 0.787339 0.212661 
 ----> 1.3#6.6#34.0#44.0#VAR 1545 0 0.810003 0.189997 
 ----> 1.3#6.6#34.0#44.0#VAR 1546 0 0.809125 0.190875 
 ----> 1.3#6.6#34.0#44.0#VAR 1547 0 0.818477 0.181523 
 ----> 1.3#6.6#34.0#44.0#VAR 1548 0 0.823079 0.176921 
 ----> 1.3#6.6#34.0#44.0#VAR 1549 0 0.800759 0.199241 
 ----> 1.3#6.6#34.0#44.0#VAR 1550 0 0.820938 0.179062 
 ----> 1.3#6.6#34.0#44.0#VAR 1551 1 0.787232 0.212768 
 ----> 1.3#6.6#34.0#44.0#VAR 1552 0 0.815179 0.184821 
 ----> 1.3#6.6#34.0#44.0#VAR 1553 0 0.81321 0.18679 
 ----> 1.3#6.6#34.0#44.0#VAR 1554 1 0.81659 0.18341 
 ----> 1.3#6.6#34.0#44.0#VAR 1555 0 0.807342 0.192658 
 ----> 1.3#6.6#34.0#44.0#VAR 1556 0 0.807861 0.192139 
 ----> 1.3#6.6#34.0#44.0#VAR 1557 0 0.819113 0.180887 
 ----> 1.3#6.6#34.0#44.0#VAR 1558 0 0.804519 0.195481 
 ----> 1.3#6.6#34.0#44.0#VAR 1559 0 0.808469 0.191531 
 ----> 1.3#6.6#34.0#44.0#VAR 1560 0 0.826254 0.173746 
 ----> 1.3#6.6#34.0#44.0#VAR 1561 0 0.793436 0.206564 
 ----> 1.3#6.6#34.0#44.0#VAR 1562 0 0.82983 0.17017 
 ----> 1.3#6.6#34.0#44.0#VAR 1563 0 0.838085 0.161915 
 ----> 1.3#6.6#34.0#44.0#VAR 1564 1 0.807655 0.192345 
 ----> 1.3#6.6#34.0#44.0#VAR 1565 0 0.818006 0.181994 
 ----> 1.3#6.6#34.0#44.0#VAR 1566 1 0.805461 0.194539 
 ----> 1.3#6.6#34.0#44.0#VAR 1567 0 0.807963 0.192037 
 ----> 1.3#6.6#34.0#44.0#VAR 1568 0 0.810254 0.189746 
 ----> 1.3#6.6#34.0#44.0#VAR 1569 0 0.812541 0.187459 
 ----> 1.3#6.6#34.0#44.0#VAR 1570 0 0.77997 0.22003 
 ----> 1.3#6.6#34.0#44.0#VAR 1571 0 0.806737 0.193263 
 ----> 1.3#6.6#34.0#44.0#VAR 1572 0 0.813202 0.186798 
 ----> 1.3#6.6#34.0#44.0#VAR 1573 1 0.824659 0.175341 
 ----> 1.3#6.6#34.0#44.0#VAR 1574 0 0.822462 0.177538 
 ----> 1.3#6.6#34.0#44.0#VAR 1575 0 0.819172 0.180828 
 ----> 1.3#6.6#34.0#44.0#VAR 1576 0 0.809168 0.190832 
 ----> 1.3#6.6#34.0#44.0#VAR 1577 0 0.812716 0.187284 
 ----> 1.3#6.6#34.0#44.0#VAR 1578 1 0.8129 0.1871 
 ----> 1.3#6.6#34.0#44.0#VAR 1579 0 0.810863 0.189137 
 ----> 1.3#6.6#34.0#44.0#VAR 1580 0 0.789285 0.210715 
 ----> 1.3#6.6#34.0#44.0#VAR 1581 0 0.817802 0.182198 
 ----> 1.3#6.6#34.0#44.0#VAR 1582 0 0.807591 0.192409 
 ----> 1.3#6.6#34.0#44.0#VAR 1583 0 0.82836 0.17164 
 ----> 1.3#6.6#34.0#44.0#VAR 1584 0 0.817085 0.182915 
 ----> 1.3#6.6#34.0#44.0#VAR 1585 0 0.796105 0.203895 
 ----> 1.3#6.6#34.0#44.0#VAR 1586 0 0.820774 0.179226 
 ----> 1.3#6.6#34.0#44.0#VAR 1587 0 0.810636 0.189364 
 ----> 1.3#6.6#34.0#44.0#VAR 1588 1 0.822388 0.177612 
 ----> 1.3#6.6#34.0#44.0#VAR 1589 0 0.799257 0.200743 
 ----> 1.3#6.6#34.0#44.0#VAR 1590 0 0.829515 0.170485 
 ----> 1.3#6.6#34.0#44.0#VAR 1591 0 0.809251 0.190749 
 ----> 1.3#6.6#34.0#44.0#VAR 1592 0 0.805372 0.194628 
 ----> 1.3#6.6#34.0#44.0#VAR 1593 0 0.809954 0.190046 
 ----> 1.3#6.6#34.0#44.0#VAR 1594 0 0.794866 0.205134 
 ----> 1.3#6.6#34.0#44.0#VAR 1595 0 0.809036 0.190964 
 ----> 1.3#6.6#34.0#44.0#VAR 1596 0 0.784935 0.215065 
 ----> 1.3#6.6#34.0#44.0#VAR 1597 0 0.803636 0.196364 
 ----> 1.3#6.6#34.0#44.0#VAR 1598 1 0.804159 0.195841 
 ----> 1.3#6.6#34.0#44.0#VAR 1599 0 0.805217 0.194783 
 ----> 1.3#6.6#34.0#44.0#VAR 1600 0 0.808733 0.191267 
 ----> 1.3#6.6#34.0#44.0#VAR 1601 0 0.798349 0.201651 
 ----> 1.3#6.6#34.0#44.0#VAR 1602 0 0.785077 0.214923 
 ----> 1.3#6.6#34.0#44.0#VAR 1603 0 0.771565 0.228435 
 ----> 1.3#6.6#34.0#44.0#VAR 1604 0 0.77729 0.22271 
 ----> 1.3#6.6#34.0#44.0#VAR 1605 0 0.820068 0.179932 
 ----> 1.3#6.6#34.0#44.0#VAR 1606 1 0.817259 0.182741 
 ----> 1.3#6.6#34.0#44.0#VAR 1607 1 0.820942 0.179058 
 ----> 1.3#6.6#34.0#44.0#VAR 1608 1 0.813138 0.186862 
 ----> 1.3#6.6#34.0#44.0#VAR 1609 0 0.817999 0.182001 
 ----> 1.3#6.6#34.0#44.0#VAR 1610 0 0.821954 0.178046 
 ----> 1.3#6.6#34.0#44.0#VAR 1611 0 0.794228 0.205772 
 ----> 1.3#6.6#34.0#44.0#VAR 1612 0 0.781138 0.218862 
 ----> 1.3#6.6#34.0#44.0#VAR 1613 0 0.791626 0.208374 
 ----> 1.3#6.6#34.0#44.0#VAR 1614 0 0.796746 0.203254 
 ----> 1.3#6.6#34.0#44.0#VAR 1615 0 0.830052 0.169948 
 ----> 1.3#6.6#34.0#44.0#VAR 1616 1 0.788891 0.211109 
 ----> 1.3#6.6#34.0#44.0#VAR 1617 1 0.79518 0.20482 
 ----> 1.3#6.6#34.0#44.0#VAR 1618 0 0.804577 0.195423 
 ----> 1.3#6.6#34.0#44.0#VAR 1619 0 0.797539 0.202461 
 ----> 1.3#6.6#34.0#44.0#VAR 1620 0 0.813845 0.186155 
 ----> 1.3#6.6#34.0#44.0#VAR 1621 0 0.810139 0.189861 
 ----> 1.3#6.6#34.0#44.0#VAR 1622 0 0.792455 0.207545 
 ----> 1.3#6.6#34.0#44.0#VAR 1623 1 0.822164 0.177836 
 ----> 1.3#6.6#34.0#44.0#VAR 1624 1 0.805008 0.194992 
 ----> 1.3#6.6#34.0#44.0#VAR 1625 1 0.822074 0.177926 
 ----> 1.3#6.6#34.0#44.0#VAR 1626 0 0.795336 0.204664 
 ----> 1.3#6.6#34.0#44.0#VAR 1627 0 0.812589 0.187411 
 ----> 1.3#6.6#34.0#44.0#VAR 1628 0 0.82373 0.17627 
 ----> 1.3#6.6#34.0#44.0#VAR 1629 0 0.805422 0.194578 
 ----> 1.3#6.6#34.0#44.0#VAR 1630 0 0.83989 0.16011 
 ----> 1.3#6.6#34.0#44.0#VAR 1631 0 0.821094 0.178906 
 ----> 1.3#6.6#34.0#44.0#VAR 1632 0 0.817945 0.182055 
 ----> 1.3#6.6#34.0#44.0#VAR 1633 1 0.820468 0.179532 
 ----> 1.3#6.6#34.0#44.0#VAR 1634 0 0.816098 0.183902 
 ----> 1.3#6.6#34.0#44.0#VAR 1635 0 0.816772 0.183228 
 ----> 1.3#6.6#34.0#44.0#VAR 1636 0 0.819894 0.180106 
 ----> 1.3#6.6#34.0#44.0#VAR 1637 1 0.80411 0.19589 
 ----> 1.3#6.6#34.0#44.0#VAR 1638 1 0.813022 0.186978 
 ----> 1.3#6.6#34.0#44.0#VAR 1639 1 0.811561 0.188439 
 ----> 1.3#6.6#34.0#44.0#VAR 1640 0 0.806508 0.193492 
 ----> 1.3#6.6#34.0#44.0#VAR 1641 0 0.805036 0.194964 
 ----> 1.3#6.6#34.0#44.0#VAR 1642 0 0.827302 0.172698 
 ----> 1.3#6.6#34.0#44.0#VAR 1643 0 0.813745 0.186255 
 ----> 1.3#6.6#34.0#44.0#VAR 1644 1 0.833419 0.166581 
 ----> 1.3#6.6#34.0#44.0#VAR 1645 0 0.807658 0.192342 
 ----> 1.3#6.6#34.0#44.0#VAR 1646 0 0.827258 0.172742 
 ----> 1.3#6.6#34.0#44.0#VAR 1647 1 0.829795 0.170205 
 ----> 1.3#6.6#34.0#44.0#VAR 1648 0 0.814806 0.185194 
 ----> 1.3#6.6#34.0#44.0#VAR 1649 0 0.834247 0.165753 
 ----> 1.3#6.6#34.0#44.0#VAR 1650 0 0.796033 0.203967 
 ----> 1.3#6.6#34.0#44.0#VAR 1651 0 0.820282 0.179718 
 ----> 1.3#6.6#34.0#44.0#VAR 1652 1 0.812673 0.187327 
 ----> 1.3#6.6#34.0#44.0#VAR 1653 0 0.832441 0.167559 
 ----> 1.3#6.6#34.0#44.0#VAR 1654 0 0.841051 0.158949 
 ----> 1.3#6.6#34.0#44.0#VAR 1655 1 0.820763 0.179237 
 ----> 1.3#6.6#34.0#44.0#VAR 1656 0 0.788017 0.211983 
 ----> 1.3#6.6#34.0#44.0#VAR 1657 0 0.824857 0.175143 
 ----> 1.3#6.6#34.0#44.0#VAR 1658 1 0.828861 0.171139 
 ----> 1.3#6.6#34.0#44.0#VAR 1659 0 0.830362 0.169638 
 ----> 1.3#6.6#34.0#44.0#VAR 1660 0 0.803831 0.196169 
 ----> 1.3#6.6#34.0#44.0#VAR 1661 0 0.824928 0.175072 
 ----> 1.3#6.6#34.0#44.0#VAR 1662 0 0.826609 0.173391 
 ----> 1.3#6.6#34.0#44.0#VAR 1663 0 0.80909 0.19091 
 ----> 1.3#6.6#34.0#44.0#VAR 1664 0 0.811817 0.188183 
 ----> 1.3#6.6#34.0#44.0#VAR 1665 0 0.820569 0.179431 
 ----> 1.3#6.6#34.0#44.0#VAR 1666 0 0.816404 0.183596 
 ----> 1.3#6.6#34.0#44.0#VAR 1667 0 0.813061 0.186939 
 ----> 1.3#6.6#34.0#44.0#VAR 1668 1 0.829957 0.170043 
 ----> 1.3#6.6#34.0#44.0#VAR 1669 0 0.84164 0.15836 
 ----> 1.3#6.6#34.0#44.0#VAR 1670 1 0.833958 0.166042 
 ----> 1.3#6.6#34.0#44.0#VAR 1671 1 0.828965 0.171035 
 ----> 1.3#6.6#34.0#44.0#VAR 1672 0 0.82613 0.17387 
 ----> 1.3#6.6#34.0#44.0#VAR 1673 0 0.81624 0.18376 
 ----> 1.3#6.6#34.0#44.0#VAR 1674 0 0.832465 0.167535 
 ----> 1.3#6.6#34.0#44.0#VAR 1675 1 0.830796 0.169204 
 ----> 1.3#6.6#34.0#44.0#VAR 1676 0 0.805985 0.194015 
 ----> 1.3#6.6#34.0#44.0#VAR 1677 0 0.820524 0.179476 
 ----> 1.3#6.6#34.0#44.0#VAR 1678 0 0.824977 0.175023 
 ----> 1.3#6.6#34.0#44.0#VAR 1679 0 0.797307 0.202693 
 ----> 1.3#6.6#34.0#44.0#VAR 1680 1 0.835267 0.164733 
 ----> 1.3#6.6#34.0#44.0#VAR 1681 0 0.8199 0.1801 
 ----> 1.3#6.6#34.0#44.0#VAR 1682 0 0.826281 0.173719 
 ----> 1.3#6.6#34.0#44.0#VAR 1683 0 0.819271 0.180729 
 ----> 1.3#6.6#34.0#44.0#VAR 1684 0 0.831852 0.168148 
 ----> 1.3#6.6#34.0#44.0#VAR 1685 1 0.823419 0.176581 
 ----> 1.3#6.6#34.0#44.0#VAR 1686 0 0.833431 0.166569 
 ----> 1.3#6.6#34.0#44.0#VAR 1687 1 0.808058 0.191942 
 ----> 1.3#6.6#34.0#44.0#VAR 1688 0 0.815349 0.184651 
 ----> 1.3#6.6#34.0#44.0#VAR 1689 0 0.822957 0.177043 
 ----> 1.3#6.6#34.0#44.0#VAR 1690 0 0.82359 0.17641 
 ----> 1.3#6.6#34.0#44.0#VAR 1691 1 0.826934 0.173066 
 ----> 1.3#6.6#34.0#44.0#VAR 1692 0 0.820065 0.179935 
 ----> 1.3#6.6#34.0#44.0#VAR 1693 0 0.811988 0.188012 
 ----> 1.3#6.6#34.0#44.0#VAR 1694 1 0.81189 0.18811 
 ----> 1.3#6.6#34.0#44.0#VAR 1695 0 0.813144 0.186856 
 ----> 1.3#6.6#34.0#44.0#VAR 1696 1 0.796065 0.203935 
 ----> 1.3#6.6#34.0#44.0#VAR 1697 0 0.784575 0.215425 
 ----> 1.3#6.6#34.0#44.0#VAR 1698 0 0.809698 0.190302 
 ----> 1.3#6.6#34.0#44.0#VAR 1699 1 0.815028 0.184972 
 ----> 1.3#6.6#34.0#44.0#VAR 1700 0 0.806723 0.193277 
 ----> 1.3#6.6#34.0#44.0#VAR 1701 0 0.804255 0.195745 
 ----> 1.3#6.6#34.0#44.0#VAR 1702 1 0.823629 0.176371 
 ----> 1.3#6.6#34.0#44.0#VAR 1703 0 0.828017 0.171983 
 ----> 1.3#6.6#34.0#44.0#VAR 1704 0 0.827921 0.172079 
 ----> 1.3#6.6#34.0#44.0#VAR 1705 0 0.829395 0.170605 
 ----> 1.3#6.6#34.0#44.0#VAR 1706 0 0.815926 0.184074 
 ----> 1.3#6.6#34.0#44.0#VAR 1707 0 0.822613 0.177387 
 ----> 1.3#6.6#34.0#44.0#VAR 1708 0 0.815505 0.184495 
 ----> 1.3#6.6#34.0#44.0#VAR 1709 1 0.81079 0.18921 
 ----> 1.3#6.6#34.0#44.0#VAR 1710 0 0.83479 0.16521 
 ----> 1.3#6.6#34.0#44.0#VAR 1711 0 0.832709 0.167291 
 ----> 1.3#6.6#34.0#44.0#VAR 1712 0 0.815841 0.184159 
 ----> 1.3#6.6#34.0#44.0#VAR 1713 0 0.820614 0.179386 
 ----> 1.3#6.6#34.0#44.0#VAR 1714 1 0.81362 0.18638 
 ----> 1.3#6.6#34.0#44.0#VAR 1715 0 0.816458 0.183542 
 ----> 1.3#6.6#34.0#44.0#VAR 1716 0 0.814186 0.185814 
 ----> 1.3#6.6#34.0#44.0#VAR 1717 0 0.80609 0.19391 
 ----> 1.3#6.6#34.0#44.0#VAR 1718 0 0.836905 0.163095 
 ----> 1.3#6.6#34.0#44.0#VAR 1719 0 0.777833 0.222167 
 ----> 1.3#6.6#34.0#44.0#VAR 1720 1 0.813526 0.186474 
 ----> 1.3#6.6#34.0#44.0#VAR 1721 1 0.801742 0.198258 
 ----> 1.3#6.6#34.0#44.0#VAR 1722 0 0.820572 0.179428 
 ----> 1.3#6.6#34.0#44.0#VAR 1723 0 0.799565 0.200435 
 ----> 1.3#6.6#34.0#44.0#VAR 1724 0 0.796935 0.203065 
 ----> 1.3#6.6#34.0#44.0#VAR 1725 0 0.804456 0.195544 
 ----> 1.3#6.6#34.0#44.0#VAR 1726 0 0.81959 0.18041 
 ----> 1.3#6.6#34.0#44.0#VAR 1727 0 0.815029 0.184971 
 ----> 1.3#6.6#34.0#44.0#VAR 1728 0 0.815258 0.184742 
 ----> 1.3#6.6#34.0#44.0#VAR 1729 0 0.812691 0.187309 
 ----> 1.3#6.6#34.0#44.0#VAR 1730 0 0.806204 0.193796 
 ----> 1.3#6.6#34.0#44.0#VAR 1731 0 0.795817 0.204183 
 ----> 1.3#6.6#34.0#44.0#VAR 1732 0 0.817258 0.182742 
 ----> 1.3#6.6#34.0#44.0#VAR 1733 0 0.813278 0.186722 
 ----> 1.3#6.6#34.0#44.0#VAR 1734 0 0.811104 0.188896 
 ----> 1.3#6.6#34.0#44.0#VAR 1735 0 0.802128 0.197872 
 ----> 1.3#6.6#34.0#44.0#VAR 1736 1 0.809503 0.190497 
 ----> 1.3#6.6#34.0#44.0#VAR 1737 0 0.794563 0.205437 
 ----> 1.3#6.6#34.0#44.0#VAR 1738 0 0.81189 0.18811 
 ----> 1.3#6.6#34.0#44.0#VAR 1739 0 0.793427 0.206573 
 ----> 1.3#6.6#34.0#44.0#VAR 1740 1 0.834504 0.165496 
 ----> 1.3#6.6#34.0#44.0#VAR 1741 1 0.813047 0.186953 
 ----> 1.3#6.6#34.0#44.0#VAR 1742 0 0.818692 0.181308 
 ----> 1.3#6.6#34.0#44.0#VAR 1743 0 0.809134 0.190866 
 ----> 1.3#6.6#34.0#44.0#VAR 1744 0 0.833925 0.166075 
 ----> 1.3#6.6#34.0#44.0#VAR 1745 0 0.801305 0.198695 
 ----> 1.3#6.6#34.0#44.0#VAR 1746 0 0.809592 0.190408 
 ----> 1.3#6.6#34.0#44.0#VAR 1747 0 0.80763 0.19237 
 ----> 1.3#6.6#34.0#44.0#VAR 1748 1 0.825327 0.174673 
 ----> 1.3#6.6#34.0#44.0#VAR 1749 0 0.806518 0.193482 
 ----> 1.3#6.6#34.0#44.0#VAR 1750 0 0.804137 0.195863 
 ----> 1.3#6.6#34.0#44.0#VAR 1751 1 0.791584 0.208416 
 ----> 1.3#6.6#34.0#44.0#VAR 1752 1 0.81775 0.18225 
 ----> 1.3#6.6#34.0#44.0#VAR 1753 0 0.818239 0.181761 
 ----> 1.3#6.6#34.0#44.0#VAR 1754 0 0.825905 0.174095 
 ----> 1.3#6.6#34.0#44.0#VAR 1755 0 0.834558 0.165442 
 ----> 1.3#6.6#34.0#44.0#VAR 1756 1 0.818905 0.181095 
 ----> 1.3#6.6#34.0#44.0#VAR 1757 0 0.816964 0.183036 
 ----> 1.3#6.6#34.0#44.0#VAR 1758 0 0.788402 0.211598 
 ----> 1.3#6.6#34.0#44.0#VAR 1759 0 0.80461 0.19539 
 ----> 1.3#6.6#34.0#44.0#VAR 1760 1 0.802851 0.197149 
 ----> 1.3#6.6#34.0#44.0#VAR 1761 0 0.817896 0.182104 
 ----> 1.3#6.6#34.0#44.0#VAR 1762 0 0.823647 0.176353 
 ----> 1.3#6.6#34.0#44.0#VAR 1763 1 0.82409 0.17591 
 ----> 1.3#6.6#34.0#44.0#VAR 1764 0 0.828804 0.171196 
 ----> 1.3#6.6#34.0#44.0#VAR 1765 1 0.832518 0.167482 
 ----> 1.3#6.6#34.0#44.0#VAR 1766 0 0.828478 0.171522 
 ----> 1.3#6.6#34.0#44.0#VAR 1767 0 0.822081 0.177919 
 ----> 1.3#6.6#34.0#44.0#VAR 1768 1 0.816066 0.183934 
 ----> 1.3#6.6#34.0#44.0#VAR 1769 0 0.793407 0.206593 
 ----> 1.3#6.6#34.0#44.0#VAR 1770 0 0.808836 0.191164 
 ----> 1.3#6.6#34.0#44.0#VAR 1771 0 0.805919 0.194081 
 ----> 1.3#6.6#34.0#44.0#VAR 1772 0 0.798896 0.201104 
 ----> 1.3#6.6#34.0#44.0#VAR 1773 0 0.817641 0.182359 
 ----> 1.3#6.6#34.0#44.0#VAR 1774 0 0.820896 0.179104 
 ----> 1.3#6.6#34.0#44.0#VAR 1775 0 0.783468 0.216532 
 ----> 1.3#6.6#34.0#44.0#VAR 1776 0 0.815675 0.184325 
 ----> 1.3#6.6#34.0#44.0#VAR 1777 0 0.807602 0.192398 
 ----> 1.3#6.6#34.0#44.0#VAR 1778 0 0.809118 0.190882 
 ----> 1.3#6.6#34.0#44.0#VAR 1779 0 0.833229 0.166771 
 ----> 1.3#6.6#34.0#44.0#VAR 1780 0 0.787036 0.212964 
 ----> 1.3#6.6#34.0#44.0#VAR 1781 0 0.816546 0.183454 
 ----> 1.3#6.6#34.0#44.0#VAR 1782 0 0.811558 0.188442 
 ----> 1.3#6.6#34.0#44.0#VAR 1783 0 0.843907 0.156093 
 ----> 1.3#6.6#34.0#44.0#VAR 1784 0 0.746819 0.253181 
 ----> 1.3#6.6#34.0#44.0#VAR 1785 0 0.78164 0.21836 
 ----> 1.3#6.6#34.0#44.0#VAR 1786 0 0.777561 0.222439 
 ----> 1.3#6.6#34.0#44.0#VAR 1787 0 0.805555 0.194445 
 ----> 1.3#6.6#34.0#44.0#VAR 1788 1 0.790417 0.209583 
 ----> 1.3#6.6#34.0#44.0#VAR 1789 0 0.840768 0.159232 
 ----> 1.3#6.6#34.0#44.0#VAR 1790 0 0.82865 0.17135 
 ----> 1.3#6.6#34.0#44.0#VAR 1791 0 0.802653 0.197347 
 ----> 1.3#6.6#34.0#44.0#VAR 1792 0 0.812939 0.187061 
 ----> 1.3#6.6#34.0#44.0#VAR 1793 0 0.804557 0.195443 
 ----> 1.3#6.6#34.0#44.0#VAR 1794 0 0.82346 0.17654 
 ----> 1.3#6.6#34.0#44.0#VAR 1795 1 0.794068 0.205932 
 ----> 1.3#6.6#34.0#44.0#VAR 1796 0 0.813897 0.186103 
 ----> 1.3#6.6#34.0#44.0#VAR 1797 1 0.787991 0.212009 
 ----> 1.3#6.6#34.0#44.0#VAR 1798 1 0.811893 0.188107 
 ----> 1.3#6.6#34.0#44.0#VAR 1799 1 0.787347 0.212653 
 ----> 1.3#6.6#34.0#44.0#VAR 1800 0 0.820754 0.179246 
 ----> 1.3#6.6#34.0#44.0#VAR 1801 0 0.796129 0.203871 
 ----> 1.3#6.6#34.0#44.0#VAR 1802 0 0.774807 0.225193 
 ----> 1.3#6.6#34.0#44.0#VAR 1803 0 0.81225 0.18775 
 ----> 1.3#6.6#34.0#44.0#VAR 1804 1 0.816635 0.183365 
 ----> 1.3#6.6#34.0#44.0#VAR 1805 0 0.753491 0.246509 
 ----> 1.3#6.6#34.0#44.0#VAR 1806 0 0.81704 0.18296 
 ----> 1.3#6.6#34.0#44.0#VAR 1807 1 0.826725 0.173275 
 ----> 1.3#6.6#34.0#44.0#VAR 1808 1 0.802219 0.197781 
 ----> 1.3#6.6#34.0#44.0#VAR 1809 0 0.802408 0.197592 
 ----> 1.3#6.6#34.0#44.0#VAR 1810 0 0.821877 0.178123 
 ----> 1.3#6.6#34.0#44.0#VAR 1811 0 0.80965 0.19035 
 ----> 1.3#6.6#34.0#44.0#VAR 1812 0 0.835441 0.164559 
 ----> 1.3#6.6#34.0#44.0#VAR 1813 0 0.788665 0.211335 
 ----> 1.3#6.6#34.0#44.0#VAR 1814 1 0.813035 0.186965 
 ----> 1.3#6.6#34.0#44.0#VAR 1815 0 0.826131 0.173869 
 ----> 1.3#6.6#34.0#44.0#VAR 1816 0 0.808365 0.191635 
 ----> 1.3#6.6#34.0#44.0#VAR 1817 0 0.824379 0.175621 
 ----> 1.3#6.6#34.0#44.0#VAR 1818 0 0.796492 0.203508 
 ----> 1.3#6.6#34.0#44.0#VAR 1819 1 0.792308 0.207692 
 ----> 1.3#6.6#34.0#44.0#VAR 1820 0 0.822441 0.177559 
 ----> 1.3#6.6#34.0#44.0#VAR 1821 1 0.804328 0.195672 
 ----> 1.3#6.6#34.0#44.0#VAR 1822 0 0.810734 0.189266 
 ----> 1.3#6.6#34.0#44.0#VAR 1823 0 0.809291 0.190709 
 ----> 1.3#6.6#34.0#44.0#VAR 1824 0 0.809981 0.190019 
 ----> 1.3#6.6#34.0#44.0#VAR 1825 0 0.819419 0.180581 
 ----> 1.3#6.6#34.0#44.0#VAR 1826 1 0.812531 0.187469 
 ++++> 1.3#6.6#34.0#44.0#VAR 1827  0 0.817875 0.182125 
