 ----> 1.3#6.6#34.0#44.0#VAR 7 0 0.796392 0.203608 
 ----> 1.3#6.6#34.0#44.0#VAR 8 0 0.789297 0.210703 
 ----> 1.3#6.6#34.0#44.0#VAR 9 0 0.808563 0.191437 
 ----> 1.3#6.6#34.0#44.0#VAR 10 0 0.773423 0.226577 
 ----> 1.3#6.6#34.0#44.0#VAR 11 0 0.782398 0.217602 
 ----> 1.3#6.6#34.0#44.0#VAR 12 0 0.809748 0.190252 
 ----> 1.3#6.6#34.0#44.0#VAR 13 0 0.791982 0.208018 
 ----> 1.3#6.6#34.0#44.0#VAR 14 0 0.829342 0.170658 
 ----> 1.3#6.6#34.0#44.0#VAR 15 1 0.790087 0.209913 
 ----> 1.3#6.6#34.0#44.0#VAR 16 1 0.800086 0.199914 
 ----> 1.3#6.6#34.0#44.0#VAR 17 1 0.809322 0.190678 
 ----> 1.3#6.6#34.0#44.0#VAR 18 0 0.817938 0.182062 
 ----> 1.3#6.6#34.0#44.0#VAR 19 0 0.826971 0.173029 
 ----> 1.3#6.6#34.0#44.0#VAR 20 0 0.798067 0.201933 
 ----> 1.3#6.6#34.0#44.0#VAR 21 0 0.789065 0.210935 
 ----> 1.3#6.6#34.0#44.0#VAR 22 0 0.80645 0.19355 
 ----> 1.3#6.6#34.0#44.0#VAR 23 0 0.797203 0.202797 
 ----> 1.3#6.6#34.0#44.0#VAR 24 0 0.800522 0.199478 
 ----> 1.3#6.6#34.0#44.0#VAR 25 0 0.81442 0.18558 
 ----> 1.3#6.6#34.0#44.0#VAR 26 0 0.810574 0.189426 
 ----> 1.3#6.6#34.0#44.0#VAR 27 0 0.823468 0.176532 
 ----> 1.3#6.6#34.0#44.0#VAR 28 0 0.814003 0.185997 
 ----> 1.3#6.6#34.0#44.0#VAR 29 0 0.818968 0.181032 
 ----> 1.3#6.6#34.0#44.0#VAR 30 0 0.809959 0.190041 
 ----> 1.3#6.6#34.0#44.0#VAR 31 0 0.821996 0.178004 
 ----> 1.3#6.6#34.0#44.0#VAR 32 0 0.82829 0.17171 
 ----> 1.3#6.6#34.0#44.0#VAR 33 0 0.824601 0.175399 
 ----> 1.3#6.6#34.0#44.0#VAR 34 0 0.815872 0.184128 
 ----> 1.3#6.6#34.0#44.0#VAR 35 1 0.821894 0.178106 
 ----> 1.3#6.6#34.0#44.0#VAR 36 0 0.819235 0.180765 
 ----> 1.3#6.6#34.0#44.0#VAR 37 0 0.823429 0.176571 
 ----> 1.3#6.6#34.0#44.0#VAR 38 0 0.814589 0.185411 
 ----> 1.3#6.6#34.0#44.0#VAR 39 0 0.823123 0.176877 
 ----> 1.3#6.6#34.0#44.0#VAR 40 0 0.820179 0.179821 
 ----> 1.3#6.6#34.0#44.0#VAR 41 0 0.813665 0.186335 
 ----> 1.3#6.6#34.0#44.0#VAR 42 0 0.817293 0.182707 
 ----> 1.3#6.6#34.0#44.0#VAR 43 0 0.805386 0.194614 
 ----> 1.3#6.6#34.0#44.0#VAR 44 0 0.827937 0.172063 
 ----> 1.3#6.6#34.0#44.0#VAR 45 0 0.818428 0.181572 
 ----> 1.3#6.6#34.0#44.0#VAR 46 0 0.822877 0.177123 
 ----> 1.3#6.6#34.0#44.0#VAR 47 0 0.819957 0.180043 
 ----> 1.3#6.6#34.0#44.0#VAR 48 0 0.825835 0.174165 
 ----> 1.3#6.6#34.0#44.0#VAR 49 0 0.817593 0.182407 
 ----> 1.3#6.6#34.0#44.0#VAR 50 0 0.820829 0.179171 
 ----> 1.3#6.6#34.0#44.0#VAR 51 0 0.823714 0.176286 
 ----> 1.3#6.6#34.0#44.0#VAR 52 1 0.81631 0.18369 
 ----> 1.3#6.6#34.0#44.0#VAR 53 0 0.82044 0.17956 
 ----> 1.3#6.6#34.0#44.0#VAR 54 0 0.810249 0.189751 
 ----> 1.3#6.6#34.0#44.0#VAR 55 0 0.816041 0.183959 
 ----> 1.3#6.6#34.0#44.0#VAR 56 0 0.81334 0.18666 
 ----> 1.3#6.6#34.0#44.0#VAR 57 0 0.82612 0.17388 
 ----> 1.3#6.6#34.0#44.0#VAR 58 0 0.811491 0.188509 
 ----> 1.3#6.6#34.0#44.0#VAR 59 1 0.818643 0.181357 
 ----> 1.3#6.6#34.0#44.0#VAR 60 1 0.819393 0.180607 
 ----> 1.3#6.6#34.0#44.0#VAR 61 0 0.820507 0.179493 
 ----> 1.3#6.6#34.0#44.0#VAR 62 0 0.825367 0.174633 
 ----> 1.3#6.6#34.0#44.0#VAR 63 0 0.803962 0.196038 
 ----> 1.3#6.6#34.0#44.0#VAR 64 0 0.806007 0.193993 
 ----> 1.3#6.6#34.0#44.0#VAR 65 0 0.810725 0.189275 
 ----> 1.3#6.6#34.0#44.0#VAR 66 0 0.819164 0.180836 
 ----> 1.3#6.6#34.0#44.0#VAR 67 0 0.819047 0.180953 
 ----> 1.3#6.6#34.0#44.0#VAR 68 0 0.813213 0.186787 
 ----> 1.3#6.6#34.0#44.0#VAR 69 0 0.804878 0.195122 
 ----> 1.3#6.6#34.0#44.0#VAR 70 1 0.803763 0.196237 
 ----> 1.3#6.6#34.0#44.0#VAR 71 0 0.816664 0.183336 
 ----> 1.3#6.6#34.0#44.0#VAR 72 1 0.819646 0.180354 
 ----> 1.3#6.6#34.0#44.0#VAR 73 0 0.809941 0.190059 
 ----> 1.3#6.6#34.0#44.0#VAR 74 0 0.827518 0.172482 
 ----> 1.3#6.6#34.0#44.0#VAR 75 0 0.824378 0.175622 
 ----> 1.3#6.6#34.0#44.0#VAR 76 0 0.815938 0.184062 
 ----> 1.3#6.6#34.0#44.0#VAR 77 0 0.819375 0.180625 
 ----> 1.3#6.6#34.0#44.0#VAR 78 0 0.817397 0.182603 
 ----> 1.3#6.6#34.0#44.0#VAR 79 0 0.82495 0.17505 
 ----> 1.3#6.6#34.0#44.0#VAR 80 0 0.816076 0.183924 
 ----> 1.3#6.6#34.0#44.0#VAR 81 0 0.829525 0.170475 
 ----> 1.3#6.6#34.0#44.0#VAR 82 0 0.814212 0.185788 
 ----> 1.3#6.6#34.0#44.0#VAR 83 1 0.805328 0.194672 
 ----> 1.3#6.6#34.0#44.0#VAR 84 0 0.816226 0.183774 
 ----> 1.3#6.6#34.0#44.0#VAR 85 0 0.821055 0.178945 
 ----> 1.3#6.6#34.0#44.0#VAR 86 0 0.829575 0.170425 
 ----> 1.3#6.6#34.0#44.0#VAR 87 0 0.818424 0.181576 
 ----> 1.3#6.6#34.0#44.0#VAR 88 1 0.797391 0.202609 
 ----> 1.3#6.6#34.0#44.0#VAR 89 1 0.824799 0.175201 
 ----> 1.3#6.6#34.0#44.0#VAR 90 0 0.824308 0.175692 
 ----> 1.3#6.6#34.0#44.0#VAR 91 0 0.820876 0.179124 
 ----> 1.3#6.6#34.0#44.0#VAR 92 1 0.818471 0.181529 
 ----> 1.3#6.6#34.0#44.0#VAR 93 0 0.815504 0.184496 
 ----> 1.3#6.6#34.0#44.0#VAR 94 1 0.81233 0.18767 
 ----> 1.3#6.6#34.0#44.0#VAR 95 0 0.817581 0.182419 
 ----> 1.3#6.6#34.0#44.0#VAR 96 0 0.831325 0.168675 
 ----> 1.3#6.6#34.0#44.0#VAR 97 0 0.819515 0.180485 
 ----> 1.3#6.6#34.0#44.0#VAR 98 0 0.823792 0.176208 
 ----> 1.3#6.6#34.0#44.0#VAR 99 0 0.824828 0.175172 
 ----> 1.3#6.6#34.0#44.0#VAR 100 1 0.829867 0.170133 
 ----> 1.3#6.6#34.0#44.0#VAR 101 0 0.824766 0.175234 
 ----> 1.3#6.6#34.0#44.0#VAR 102 0 0.810779 0.189221 
 ----> 1.3#6.6#34.0#44.0#VAR 103 0 0.838122 0.161878 
 ----> 1.3#6.6#34.0#44.0#VAR 104 0 0.823765 0.176235 
 ----> 1.3#6.6#34.0#44.0#VAR 105 0 0.820056 0.179944 
 ----> 1.3#6.6#34.0#44.0#VAR 106 0 0.81803 0.18197 
 ----> 1.3#6.6#34.0#44.0#VAR 107 1 0.828026 0.171974 
 ----> 1.3#6.6#34.0#44.0#VAR 108 1 0.817564 0.182436 
 ----> 1.3#6.6#34.0#44.0#VAR 109 0 0.824749 0.175251 
 ----> 1.3#6.6#34.0#44.0#VAR 110 1 0.81085 0.18915 
 ----> 1.3#6.6#34.0#44.0#VAR 111 0 0.809561 0.190439 
 ----> 1.3#6.6#34.0#44.0#VAR 112 0 0.811323 0.188677 
 ----> 1.3#6.6#34.0#44.0#VAR 113 0 0.792104 0.207896 
 ----> 1.3#6.6#34.0#44.0#VAR 114 0 0.821149 0.178851 
 ----> 1.3#6.6#34.0#44.0#VAR 115 0 0.829758 0.170242 
 ----> 1.3#6.6#34.0#44.0#VAR 116 0 0.81968 0.18032 
 ----> 1.3#6.6#34.0#44.0#VAR 117 0 0.827205 0.172795 
 ----> 1.3#6.6#34.0#44.0#VAR 118 0 0.825829 0.174171 
 ----> 1.3#6.6#34.0#44.0#VAR 119 0 0.819227 0.180773 
 ----> 1.3#6.6#34.0#44.0#VAR 120 0 0.821 0.179 
 ----> 1.3#6.6#34.0#44.0#VAR 121 0 0.816241 0.183759 
 ----> 1.3#6.6#34.0#44.0#VAR 122 0 0.819106 0.180894 
 ----> 1.3#6.6#34.0#44.0#VAR 123 0 0.808188 0.191812 
 ----> 1.3#6.6#34.0#44.0#VAR 124 0 0.813725 0.186275 
 ----> 1.3#6.6#34.0#44.0#VAR 125 0 0.816162 0.183838 
 ----> 1.3#6.6#34.0#44.0#VAR 126 0 0.829648 0.170352 
 ----> 1.3#6.6#34.0#44.0#VAR 127 0 0.830372 0.169628 
 ----> 1.3#6.6#34.0#44.0#VAR 128 0 0.821003 0.178997 
 ----> 1.3#6.6#34.0#44.0#VAR 129 0 0.812793 0.187207 
 ----> 1.3#6.6#34.0#44.0#VAR 130 1 0.813823 0.186177 
 ----> 1.3#6.6#34.0#44.0#VAR 131 0 0.831177 0.168823 
 ----> 1.3#6.6#34.0#44.0#VAR 132 0 0.832377 0.167623 
 ----> 1.3#6.6#34.0#44.0#VAR 133 0 0.837677 0.162323 
 ----> 1.3#6.6#34.0#44.0#VAR 134 0 0.822327 0.177673 
 ----> 1.3#6.6#34.0#44.0#VAR 135 0 0.819611 0.180389 
 ----> 1.3#6.6#34.0#44.0#VAR 136 1 0.808767 0.191233 
 ----> 1.3#6.6#34.0#44.0#VAR 137 0 0.804805 0.195195 
 ----> 1.3#6.6#34.0#44.0#VAR 138 0 0.803157 0.196843 
 ----> 1.3#6.6#34.0#44.0#VAR 139 0 0.822194 0.177806 
 ----> 1.3#6.6#34.0#44.0#VAR 140 0 0.844022 0.155978 
 ----> 1.3#6.6#34.0#44.0#VAR 141 0 0.785965 0.214035 
 ----> 1.3#6.6#34.0#44.0#VAR 142 1 0.796189 0.203811 
 ----> 1.3#6.6#34.0#44.0#VAR 143 0 0.812063 0.187937 
 ----> 1.3#6.6#34.0#44.0#VAR 144 0 0.811549 0.188451 
 ----> 1.3#6.6#34.0#44.0#VAR 145 0 0.827741 0.172259 
 ----> 1.3#6.6#34.0#44.0#VAR 146 0 0.822018 0.177982 
 ----> 1.3#6.6#34.0#44.0#VAR 147 1 0.811486 0.188514 
 ----> 1.3#6.6#34.0#44.0#VAR 148 0 0.811282 0.188718 
 ----> 1.3#6.6#34.0#44.0#VAR 149 0 0.831891 0.168109 
 ----> 1.3#6.6#34.0#44.0#VAR 150 0 0.828862 0.171138 
 ----> 1.3#6.6#34.0#44.0#VAR 151 1 0.783483 0.216517 
 ----> 1.3#6.6#34.0#44.0#VAR 152 0 0.815549 0.184451 
 ----> 1.3#6.6#34.0#44.0#VAR 153 0 0.810247 0.189753 
 ----> 1.3#6.6#34.0#44.0#VAR 154 0 0.808844 0.191156 
 ----> 1.3#6.6#34.0#44.0#VAR 155 1 0.801739 0.198261 
 ----> 1.3#6.6#34.0#44.0#VAR 156 0 0.841097 0.158903 
 ----> 1.3#6.6#34.0#44.0#VAR 157 0 0.827343 0.172657 
 ----> 1.3#6.6#34.0#44.0#VAR 158 0 0.829168 0.170832 
 ----> 1.3#6.6#34.0#44.0#VAR 159 1 0.754687 0.245313 
 ----> 1.3#6.6#34.0#44.0#VAR 160 0 0.819775 0.180225 
 ----> 1.3#6.6#34.0#44.0#VAR 161 0 0.826672 0.173328 
 ----> 1.3#6.6#34.0#44.0#VAR 162 0 0.817438 0.182562 
 ----> 1.3#6.6#34.0#44.0#VAR 163 0 0.789527 0.210473 
 ----> 1.3#6.6#34.0#44.0#VAR 164 0 0.827446 0.172554 
 ----> 1.3#6.6#34.0#44.0#VAR 165 0 0.82853 0.17147 
 ----> 1.3#6.6#34.0#44.0#VAR 166 0 0.819164 0.180836 
 ----> 1.3#6.6#34.0#44.0#VAR 167 0 0.818838 0.181162 
 ----> 1.3#6.6#34.0#44.0#VAR 168 0 0.839103 0.160897 
 ----> 1.3#6.6#34.0#44.0#VAR 169 1 0.801553 0.198447 
 ----> 1.3#6.6#34.0#44.0#VAR 170 0 0.836116 0.163884 
 ----> 1.3#6.6#34.0#44.0#VAR 171 0 0.81605 0.18395 
 ----> 1.3#6.6#34.0#44.0#VAR 172 0 0.826706 0.173294 
 ----> 1.3#6.6#34.0#44.0#VAR 173 1 0.821059 0.178941 
 ----> 1.3#6.6#34.0#44.0#VAR 174 1 0.800788 0.199212 
 ----> 1.3#6.6#34.0#44.0#VAR 175 1 0.814187 0.185813 
 ----> 1.3#6.6#34.0#44.0#VAR 176 0 0.818975 0.181025 
 ----> 1.3#6.6#34.0#44.0#VAR 177 0 0.801055 0.198945 
 ----> 1.3#6.6#34.0#44.0#VAR 178 0 0.8221 0.1779 
 ----> 1.3#6.6#34.0#44.0#VAR 179 1 0.798793 0.201207 
 ----> 1.3#6.6#34.0#44.0#VAR 180 0 0.835954 0.164046 
 ----> 1.3#6.6#34.0#44.0#VAR 181 1 0.807559 0.192441 
 ----> 1.3#6.6#34.0#44.0#VAR 182 0 0.834324 0.165676 
 ----> 1.3#6.6#34.0#44.0#VAR 183 0 0.82836 0.17164 
 ----> 1.3#6.6#34.0#44.0#VAR 184 1 0.810588 0.189412 
 ----> 1.3#6.6#34.0#44.0#VAR 185 0 0.821137 0.178863 
 ----> 1.3#6.6#34.0#44.0#VAR 186 0 0.817187 0.182813 
 ----> 1.3#6.6#34.0#44.0#VAR 187 1 0.784593 0.215407 
 ----> 1.3#6.6#34.0#44.0#VAR 188 0 0.810115 0.189885 
 ----> 1.3#6.6#34.0#44.0#VAR 189 0 0.822752 0.177248 
 ----> 1.3#6.6#34.0#44.0#VAR 190 0 0.808845 0.191155 
 ----> 1.3#6.6#34.0#44.0#VAR 191 1 0.799577 0.200423 
 ----> 1.3#6.6#34.0#44.0#VAR 192 0 0.828631 0.171369 
 ----> 1.3#6.6#34.0#44.0#VAR 193 0 0.819696 0.180304 
 ----> 1.3#6.6#34.0#44.0#VAR 194 1 0.780254 0.219746 
 ----> 1.3#6.6#34.0#44.0#VAR 195 0 0.797459 0.202541 
 ----> 1.3#6.6#34.0#44.0#VAR 196 0 0.817702 0.182298 
 ----> 1.3#6.6#34.0#44.0#VAR 197 1 0.788484 0.211516 
 ----> 1.3#6.6#34.0#44.0#VAR 198 0 0.824805 0.175195 
 ----> 1.3#6.6#34.0#44.0#VAR 199 0 0.822373 0.177627 
 ----> 1.3#6.6#34.0#44.0#VAR 200 1 0.821481 0.178519 
 ----> 1.3#6.6#34.0#44.0#VAR 201 0 0.837217 0.162783 
 ----> 1.3#6.6#34.0#44.0#VAR 202 0 0.814887 0.185113 
 ----> 1.3#6.6#34.0#44.0#VAR 203 0 0.817851 0.182149 
 ----> 1.3#6.6#34.0#44.0#VAR 204 1 0.80802 0.19198 
 ----> 1.3#6.6#34.0#44.0#VAR 205 0 0.827527 0.172473 
 ----> 1.3#6.6#34.0#44.0#VAR 206 0 0.8202 0.1798 
 ----> 1.3#6.6#34.0#44.0#VAR 207 0 0.832628 0.167372 
 ----> 1.3#6.6#34.0#44.0#VAR 208 0 0.832104 0.167896 
 ----> 1.3#6.6#34.0#44.0#VAR 209 1 0.801344 0.198656 
 ----> 1.3#6.6#34.0#44.0#VAR 210 1 0.799079 0.200921 
 ----> 1.3#6.6#34.0#44.0#VAR 211 1 0.789336 0.210664 
 ----> 1.3#6.6#34.0#44.0#VAR 212 0 0.834402 0.165598 
 ----> 1.3#6.6#34.0#44.0#VAR 213 0 0.800094 0.199906 
 ----> 1.3#6.6#34.0#44.0#VAR 214 0 0.802649 0.197351 
 ----> 1.3#6.6#34.0#44.0#VAR 215 0 0.831678 0.168322 
 ----> 1.3#6.6#34.0#44.0#VAR 216 0 0.814992 0.185008 
 ----> 1.3#6.6#34.0#44.0#VAR 217 1 0.799651 0.200349 
 ----> 1.3#6.6#34.0#44.0#VAR 218 0 0.809805 0.190195 
 ----> 1.3#6.6#34.0#44.0#VAR 219 0 0.816744 0.183256 
 ----> 1.3#6.6#34.0#44.0#VAR 220 0 0.819085 0.180915 
 ----> 1.3#6.6#34.0#44.0#VAR 221 0 0.826753 0.173247 
 ----> 1.3#6.6#34.0#44.0#VAR 222 0 0.838317 0.161683 
 ----> 1.3#6.6#34.0#44.0#VAR 223 0 0.814374 0.185626 
 ----> 1.3#6.6#34.0#44.0#VAR 224 0 0.81744 0.18256 
 ----> 1.3#6.6#34.0#44.0#VAR 225 0 0.821926 0.178074 
 ----> 1.3#6.6#34.0#44.0#VAR 226 0 0.822776 0.177224 
 ----> 1.3#6.6#34.0#44.0#VAR 227 0 0.834314 0.165686 
 ----> 1.3#6.6#34.0#44.0#VAR 228 0 0.8166 0.1834 
 ----> 1.3#6.6#34.0#44.0#VAR 229 0 0.829021 0.170979 
 ----> 1.3#6.6#34.0#44.0#VAR 230 0 0.838172 0.161828 
 ----> 1.3#6.6#34.0#44.0#VAR 231 0 0.800453 0.199547 
 ----> 1.3#6.6#34.0#44.0#VAR 232 0 0.819748 0.180252 
 ----> 1.3#6.6#34.0#44.0#VAR 233 0 0.809614 0.190386 
 ----> 1.3#6.6#34.0#44.0#VAR 234 0 0.839288 0.160712 
 ----> 1.3#6.6#34.0#44.0#VAR 235 0 0.814811 0.185189 
 ----> 1.3#6.6#34.0#44.0#VAR 236 0 0.817007 0.182993 
 ----> 1.3#6.6#34.0#44.0#VAR 237 0 0.792733 0.207267 
 ----> 1.3#6.6#34.0#44.0#VAR 238 0 0.824148 0.175852 
 ----> 1.3#6.6#34.0#44.0#VAR 239 0 0.823073 0.176927 
 ----> 1.3#6.6#34.0#44.0#VAR 240 0 0.817012 0.182988 
 ----> 1.3#6.6#34.0#44.0#VAR 241 0 0.800887 0.199113 
 ----> 1.3#6.6#34.0#44.0#VAR 242 0 0.831503 0.168497 
 ----> 1.3#6.6#34.0#44.0#VAR 243 0 0.817173 0.182827 
 ----> 1.3#6.6#34.0#44.0#VAR 244 0 0.838033 0.161967 
 ----> 1.3#6.6#34.0#44.0#VAR 245 0 0.809047 0.190953 
 ----> 1.3#6.6#34.0#44.0#VAR 246 0 0.82551 0.17449 
 ----> 1.3#6.6#34.0#44.0#VAR 247 0 0.822961 0.177039 
 ----> 1.3#6.6#34.0#44.0#VAR 248 1 0.78803 0.21197 
 ----> 1.3#6.6#34.0#44.0#VAR 249 0 0.7956 0.2044 
 ----> 1.3#6.6#34.0#44.0#VAR 250 1 0.793543 0.206457 
 ----> 1.3#6.6#34.0#44.0#VAR 251 0 0.807154 0.192846 
 ----> 1.3#6.6#34.0#44.0#VAR 252 0 0.815665 0.184335 
 ----> 1.3#6.6#34.0#44.0#VAR 253 0 0.807068 0.192932 
 ----> 1.3#6.6#34.0#44.0#VAR 254 0 0.801326 0.198674 
 ----> 1.3#6.6#34.0#44.0#VAR 255 0 0.799856 0.200144 
 ----> 1.3#6.6#34.0#44.0#VAR 256 0 0.819841 0.180159 
 ----> 1.3#6.6#34.0#44.0#VAR 257 0 0.823768 0.176232 
 ----> 1.3#6.6#34.0#44.0#VAR 258 0 0.815498 0.184502 
 ----> 1.3#6.6#34.0#44.0#VAR 259 1 0.81212 0.18788 
 ----> 1.3#6.6#34.0#44.0#VAR 260 0 0.814866 0.185134 
 ----> 1.3#6.6#34.0#44.0#VAR 261 0 0.813796 0.186204 
 ----> 1.3#6.6#34.0#44.0#VAR 262 0 0.812471 0.187529 
 ----> 1.3#6.6#34.0#44.0#VAR 263 0 0.823536 0.176464 
 ----> 1.3#6.6#34.0#44.0#VAR 264 0 0.829814 0.170186 
 ----> 1.3#6.6#34.0#44.0#VAR 265 0 0.808319 0.191681 
 ----> 1.3#6.6#34.0#44.0#VAR 266 0 0.82503 0.17497 
 ----> 1.3#6.6#34.0#44.0#VAR 267 0 0.8352 0.1648 
 ----> 1.3#6.6#34.0#44.0#VAR 268 0 0.814733 0.185267 
 ----> 1.3#6.6#34.0#44.0#VAR 269 0 0.806386 0.193614 
 ----> 1.3#6.6#34.0#44.0#VAR 270 0 0.825034 0.174966 
 ----> 1.3#6.6#34.0#44.0#VAR 271 0 0.81709 0.18291 
 ----> 1.3#6.6#34.0#44.0#VAR 272 0 0.83382 0.16618 
 ----> 1.3#6.6#34.0#44.0#VAR 273 0 0.812734 0.187266 
 ----> 1.3#6.6#34.0#44.0#VAR 274 1 0.80685 0.19315 
 ----> 1.3#6.6#34.0#44.0#VAR 275 0 0.815255 0.184745 
 ----> 1.3#6.6#34.0#44.0#VAR 276 0 0.808024 0.191976 
 ----> 1.3#6.6#34.0#44.0#VAR 277 0 0.827587 0.172413 
 ----> 1.3#6.6#34.0#44.0#VAR 278 0 0.832381 0.167619 
 ----> 1.3#6.6#34.0#44.0#VAR 279 0 0.815432 0.184568 
 ----> 1.3#6.6#34.0#44.0#VAR 280 0 0.817702 0.182298 
 ----> 1.3#6.6#34.0#44.0#VAR 281 0 0.811237 0.188763 
 ----> 1.3#6.6#34.0#44.0#VAR 282 0 0.824805 0.175195 
 ----> 1.3#6.6#34.0#44.0#VAR 283 0 0.817265 0.182735 
 ----> 1.3#6.6#34.0#44.0#VAR 284 0 0.829308 0.170692 
 ----> 1.3#6.6#34.0#44.0#VAR 285 0 0.816871 0.183129 
 ----> 1.3#6.6#34.0#44.0#VAR 286 1 0.789993 0.210007 
 ----> 1.3#6.6#34.0#44.0#VAR 287 1 0.81732 0.18268 
 ----> 1.3#6.6#34.0#44.0#VAR 288 0 0.829733 0.170267 
 ----> 1.3#6.6#34.0#44.0#VAR 289 0 0.824472 0.175528 
 ----> 1.3#6.6#34.0#44.0#VAR 290 0 0.827161 0.172839 
 ----> 1.3#6.6#34.0#44.0#VAR 291 0 0.792342 0.207658 
 ----> 1.3#6.6#34.0#44.0#VAR 292 0 0.818272 0.181728 
 ----> 1.3#6.6#34.0#44.0#VAR 293 0 0.818035 0.181965 
 ----> 1.3#6.6#34.0#44.0#VAR 294 0 0.819299 0.180701 
 ----> 1.3#6.6#34.0#44.0#VAR 295 0 0.841403 0.158597 
 ----> 1.3#6.6#34.0#44.0#VAR 296 0 0.831388 0.168612 
 ----> 1.3#6.6#34.0#44.0#VAR 297 0 0.819645 0.180355 
 ----> 1.3#6.6#34.0#44.0#VAR 298 0 0.801289 0.198711 
 ----> 1.3#6.6#34.0#44.0#VAR 299 0 0.82093 0.17907 
 ----> 1.3#6.6#34.0#44.0#VAR 300 0 0.817904 0.182096 
 ----> 1.3#6.6#34.0#44.0#VAR 301 0 0.823497 0.176503 
 ----> 1.3#6.6#34.0#44.0#VAR 302 0 0.822967 0.177033 
 ----> 1.3#6.6#34.0#44.0#VAR 303 0 0.821036 0.178964 
 ----> 1.3#6.6#34.0#44.0#VAR 304 0 0.821222 0.178778 
 ----> 1.3#6.6#34.0#44.0#VAR 305 0 0.822656 0.177344 
 ----> 1.3#6.6#34.0#44.0#VAR 306 0 0.820083 0.179917 
 ----> 1.3#6.6#34.0#44.0#VAR 307 0 0.837551 0.162449 
 ----> 1.3#6.6#34.0#44.0#VAR 308 0 0.828375 0.171625 
 ----> 1.3#6.6#34.0#44.0#VAR 309 0 0.815491 0.184509 
 ----> 1.3#6.6#34.0#44.0#VAR 310 0 0.806275 0.193725 
 ----> 1.3#6.6#34.0#44.0#VAR 311 0 0.824358 0.175642 
 ----> 1.3#6.6#34.0#44.0#VAR 312 0 0.837727 0.162273 
 ----> 1.3#6.6#34.0#44.0#VAR 313 0 0.826574 0.173426 
 ----> 1.3#6.6#34.0#44.0#VAR 314 0 0.81552 0.18448 
 ----> 1.3#6.6#34.0#44.0#VAR 315 0 0.820559 0.179441 
 ----> 1.3#6.6#34.0#44.0#VAR 316 0 0.820648 0.179352 
 ----> 1.3#6.6#34.0#44.0#VAR 317 1 0.801691 0.198309 
 ----> 1.3#6.6#34.0#44.0#VAR 318 0 0.82005 0.17995 
 ----> 1.3#6.6#34.0#44.0#VAR 319 0 0.800488 0.199512 
 ----> 1.3#6.6#34.0#44.0#VAR 320 0 0.81805 0.18195 
 ----> 1.3#6.6#34.0#44.0#VAR 321 0 0.803322 0.196678 
 ----> 1.3#6.6#34.0#44.0#VAR 322 0 0.832604 0.167396 
 ----> 1.3#6.6#34.0#44.0#VAR 323 0 0.811478 0.188522 
 ----> 1.3#6.6#34.0#44.0#VAR 324 0 0.821765 0.178235 
 ----> 1.3#6.6#34.0#44.0#VAR 325 0 0.815552 0.184448 
 ----> 1.3#6.6#34.0#44.0#VAR 326 0 0.82519 0.17481 
 ----> 1.3#6.6#34.0#44.0#VAR 327 0 0.812856 0.187144 
 ----> 1.3#6.6#34.0#44.0#VAR 328 0 0.812213 0.187787 
 ----> 1.3#6.6#34.0#44.0#VAR 329 0 0.831768 0.168232 
 ----> 1.3#6.6#34.0#44.0#VAR 330 0 0.78924 0.21076 
 ----> 1.3#6.6#34.0#44.0#VAR 331 0 0.808378 0.191622 
 ----> 1.3#6.6#34.0#44.0#VAR 332 1 0.787996 0.212004 
 ----> 1.3#6.6#34.0#44.0#VAR 333 0 0.798495 0.201505 
 ----> 1.3#6.6#34.0#44.0#VAR 334 0 0.810879 0.189121 
 ----> 1.3#6.6#34.0#44.0#VAR 335 0 0.809533 0.190467 
 ----> 1.3#6.6#34.0#44.0#VAR 336 0 0.81728 0.18272 
 ----> 1.3#6.6#34.0#44.0#VAR 337 0 0.821501 0.178499 
 ----> 1.3#6.6#34.0#44.0#VAR 338 0 0.827202 0.172798 
 ----> 1.3#6.6#34.0#44.0#VAR 339 0 0.812142 0.187858 
 ----> 1.3#6.6#34.0#44.0#VAR 340 0 0.835056 0.164944 
 ----> 1.3#6.6#34.0#44.0#VAR 341 0 0.826956 0.173044 
 ----> 1.3#6.6#34.0#44.0#VAR 342 0 0.808633 0.191367 
 ----> 1.3#6.6#34.0#44.0#VAR 343 0 0.79904 0.20096 
 ----> 1.3#6.6#34.0#44.0#VAR 344 0 0.805588 0.194412 
 ----> 1.3#6.6#34.0#44.0#VAR 345 0 0.80648 0.19352 
 ----> 1.3#6.6#34.0#44.0#VAR 346 0 0.824117 0.175883 
 ----> 1.3#6.6#34.0#44.0#VAR 347 0 0.828255 0.171745 
 ----> 1.3#6.6#34.0#44.0#VAR 348 0 0.820102 0.179898 
 ----> 1.3#6.6#34.0#44.0#VAR 349 0 0.821404 0.178596 
 ----> 1.3#6.6#34.0#44.0#VAR 350 0 0.825903 0.174097 
 ----> 1.3#6.6#34.0#44.0#VAR 351 0 0.812667 0.187333 
 ----> 1.3#6.6#34.0#44.0#VAR 352 0 0.812295 0.187705 
 ----> 1.3#6.6#34.0#44.0#VAR 353 0 0.819694 0.180306 
 ----> 1.3#6.6#34.0#44.0#VAR 354 0 0.835485 0.164515 
 ----> 1.3#6.6#34.0#44.0#VAR 355 0 0.839492 0.160508 
 ----> 1.3#6.6#34.0#44.0#VAR 356 0 0.832793 0.167207 
 ----> 1.3#6.6#34.0#44.0#VAR 357 0 0.831856 0.168144 
 ----> 1.3#6.6#34.0#44.0#VAR 358 0 0.831205 0.168795 
 ----> 1.3#6.6#34.0#44.0#VAR 359 1 0.791032 0.208968 
 ----> 1.3#6.6#34.0#44.0#VAR 360 0 0.818592 0.181408 
 ----> 1.3#6.6#34.0#44.0#VAR 361 1 0.794482 0.205518 
 ----> 1.3#6.6#34.0#44.0#VAR 362 0 0.81533 0.18467 
 ----> 1.3#6.6#34.0#44.0#VAR 363 0 0.832542 0.167458 
 ----> 1.3#6.6#34.0#44.0#VAR 364 0 0.838353 0.161647 
 ----> 1.3#6.6#34.0#44.0#VAR 365 0 0.822005 0.177995 
 ----> 1.3#6.6#34.0#44.0#VAR 366 0 0.826179 0.173821 
 ----> 1.3#6.6#34.0#44.0#VAR 367 0 0.835682 0.164318 
 ----> 1.3#6.6#34.0#44.0#VAR 368 0 0.820493 0.179507 
 ----> 1.3#6.6#34.0#44.0#VAR 369 0 0.824511 0.175489 
 ----> 1.3#6.6#34.0#44.0#VAR 370 0 0.837578 0.162422 
 ----> 1.3#6.6#34.0#44.0#VAR 371 1 0.805444 0.194556 
 ----> 1.3#6.6#34.0#44.0#VAR 372 0 0.823245 0.176755 
 ----> 1.3#6.6#34.0#44.0#VAR 373 0 0.829634 0.170366 
 ----> 1.3#6.6#34.0#44.0#VAR 374 0 0.832164 0.167836 
 ----> 1.3#6.6#34.0#44.0#VAR 375 1 0.830534 0.169466 
 ----> 1.3#6.6#34.0#44.0#VAR 376 0 0.823514 0.176486 
 ----> 1.3#6.6#34.0#44.0#VAR 377 0 0.809927 0.190073 
 ----> 1.3#6.6#34.0#44.0#VAR 378 0 0.829001 0.170999 
 ----> 1.3#6.6#34.0#44.0#VAR 379 0 0.835468 0.164532 
 ----> 1.3#6.6#34.0#44.0#VAR 380 0 0.828638 0.171362 
 ----> 1.3#6.6#34.0#44.0#VAR 381 0 0.820761 0.179239 
 ----> 1.3#6.6#34.0#44.0#VAR 382 0 0.806184 0.193816 
 ----> 1.3#6.6#34.0#44.0#VAR 383 0 0.825106 0.174894 
 ----> 1.3#6.6#34.0#44.0#VAR 384 0 0.815351 0.184649 
 ----> 1.3#6.6#34.0#44.0#VAR 385 0 0.824073 0.175927 
 ----> 1.3#6.6#34.0#44.0#VAR 386 0 0.826992 0.173008 
 ----> 1.3#6.6#34.0#44.0#VAR 387 0 0.814461 0.185539 
 ----> 1.3#6.6#34.0#44.0#VAR 388 1 0.807167 0.192833 
 ----> 1.3#6.6#34.0#44.0#VAR 389 0 0.824217 0.175783 
 ----> 1.3#6.6#34.0#44.0#VAR 390 0 0.826614 0.173386 
 ----> 1.3#6.6#34.0#44.0#VAR 391 1 0.786349 0.213651 
 ----> 1.3#6.6#34.0#44.0#VAR 392 0 0.804109 0.195891 
 ----> 1.3#6.6#34.0#44.0#VAR 393 0 0.824108 0.175892 
 ----> 1.3#6.6#34.0#44.0#VAR 394 0 0.824236 0.175764 
 ----> 1.3#6.6#34.0#44.0#VAR 395 1 0.81105 0.18895 
 ----> 1.3#6.6#34.0#44.0#VAR 396 0 0.836696 0.163304 
 ----> 1.3#6.6#34.0#44.0#VAR 397 0 0.830172 0.169828 
 ----> 1.3#6.6#34.0#44.0#VAR 398 0 0.812066 0.187934 
 ----> 1.3#6.6#34.0#44.0#VAR 399 1 0.803306 0.196694 
 ----> 1.3#6.6#34.0#44.0#VAR 400 0 0.825661 0.174339 
 ----> 1.3#6.6#34.0#44.0#VAR 401 0 0.812697 0.187303 
 ----> 1.3#6.6#34.0#44.0#VAR 402 1 0.803598 0.196402 
 ----> 1.3#6.6#34.0#44.0#VAR 403 1 0.779706 0.220294 
 ----> 1.3#6.6#34.0#44.0#VAR 404 0 0.801078 0.198922 
 ----> 1.3#6.6#34.0#44.0#VAR 405 0 0.798746 0.201254 
 ----> 1.3#6.6#34.0#44.0#VAR 406 0 0.829134 0.170866 
 ----> 1.3#6.6#34.0#44.0#VAR 407 0 0.800126 0.199874 
 ----> 1.3#6.6#34.0#44.0#VAR 408 0 0.802447 0.197553 
 ----> 1.3#6.6#34.0#44.0#VAR 409 1 0.822129 0.177871 
 ----> 1.3#6.6#34.0#44.0#VAR 410 0 0.824062 0.175938 
 ----> 1.3#6.6#34.0#44.0#VAR 411 0 0.80666 0.19334 
 ----> 1.3#6.6#34.0#44.0#VAR 412 0 0.812074 0.187926 
 ----> 1.3#6.6#34.0#44.0#VAR 413 0 0.821858 0.178142 
 ----> 1.3#6.6#34.0#44.0#VAR 414 0 0.819698 0.180302 
 ----> 1.3#6.6#34.0#44.0#VAR 415 0 0.814955 0.185045 
 ----> 1.3#6.6#34.0#44.0#VAR 416 0 0.81313 0.18687 
 ----> 1.3#6.6#34.0#44.0#VAR 417 0 0.831667 0.168333 
 ----> 1.3#6.6#34.0#44.0#VAR 418 0 0.845918 0.154082 
 ----> 1.3#6.6#34.0#44.0#VAR 419 0 0.83172 0.16828 
 ----> 1.3#6.6#34.0#44.0#VAR 420 0 0.826647 0.173353 
 ----> 1.3#6.6#34.0#44.0#VAR 421 0 0.825653 0.174347 
 ----> 1.3#6.6#34.0#44.0#VAR 422 0 0.825519 0.174481 
 ----> 1.3#6.6#34.0#44.0#VAR 423 1 0.80383 0.19617 
 ----> 1.3#6.6#34.0#44.0#VAR 424 0 0.819847 0.180153 
 ----> 1.3#6.6#34.0#44.0#VAR 425 0 0.813489 0.186511 
 ----> 1.3#6.6#34.0#44.0#VAR 426 0 0.824467 0.175533 
 ----> 1.3#6.6#34.0#44.0#VAR 427 0 0.827458 0.172542 
 ----> 1.3#6.6#34.0#44.0#VAR 428 0 0.83604 0.16396 
 ----> 1.3#6.6#34.0#44.0#VAR 429 1 0.793671 0.206329 
 ----> 1.3#6.6#34.0#44.0#VAR 430 1 0.809578 0.190422 
 ----> 1.3#6.6#34.0#44.0#VAR 431 1 0.813689 0.186311 
 ----> 1.3#6.6#34.0#44.0#VAR 432 0 0.836217 0.163783 
 ----> 1.3#6.6#34.0#44.0#VAR 433 0 0.836105 0.163895 
 ----> 1.3#6.6#34.0#44.0#VAR 434 0 0.827063 0.172937 
 ----> 1.3#6.6#34.0#44.0#VAR 435 0 0.825346 0.174654 
 ----> 1.3#6.6#34.0#44.0#VAR 436 0 0.785293 0.214707 
 ----> 1.3#6.6#34.0#44.0#VAR 437 0 0.813297 0.186703 
 ----> 1.3#6.6#34.0#44.0#VAR 438 0 0.812715 0.187285 
 ----> 1.3#6.6#34.0#44.0#VAR 439 1 0.798081 0.201919 
 ----> 1.3#6.6#34.0#44.0#VAR 440 0 0.805776 0.194224 
 ----> 1.3#6.6#34.0#44.0#VAR 441 0 0.814253 0.185747 
 ----> 1.3#6.6#34.0#44.0#VAR 442 0 0.82269 0.17731 
 ----> 1.3#6.6#34.0#44.0#VAR 443 1 0.821086 0.178914 
 ----> 1.3#6.6#34.0#44.0#VAR 444 1 0.793175 0.206825 
 ----> 1.3#6.6#34.0#44.0#VAR 445 0 0.794257 0.205743 
 ----> 1.3#6.6#34.0#44.0#VAR 446 0 0.831483 0.168517 
 ----> 1.3#6.6#34.0#44.0#VAR 447 0 0.822036 0.177964 
 ----> 1.3#6.6#34.0#44.0#VAR 448 0 0.820427 0.179573 
 ----> 1.3#6.6#34.0#44.0#VAR 449 0 0.821841 0.178159 
 ----> 1.3#6.6#34.0#44.0#VAR 450 0 0.812352 0.187648 
 ----> 1.3#6.6#34.0#44.0#VAR 451 0 0.817473 0.182527 
 ----> 1.3#6.6#34.0#44.0#VAR 452 0 0.826827 0.173173 
 ----> 1.3#6.6#34.0#44.0#VAR 453 0 0.828801 0.171199 
 ----> 1.3#6.6#34.0#44.0#VAR 454 0 0.825884 0.174116 
 ----> 1.3#6.6#34.0#44.0#VAR 455 0 0.833036 0.166964 
 ----> 1.3#6.6#34.0#44.0#VAR 456 0 0.825257 0.174743 
 ----> 1.3#6.6#34.0#44.0#VAR 457 0 0.825249 0.174751 
 ----> 1.3#6.6#34.0#44.0#VAR 458 0 0.833394 0.166606 
 ----> 1.3#6.6#34.0#44.0#VAR 459 0 0.822949 0.177051 
 ----> 1.3#6.6#34.0#44.0#VAR 460 0 0.819689 0.180311 
 ----> 1.3#6.6#34.0#44.0#VAR 461 0 0.813313 0.186687 
 ----> 1.3#6.6#34.0#44.0#VAR 462 0 0.81634 0.18366 
 ----> 1.3#6.6#34.0#44.0#VAR 463 0 0.813626 0.186374 
 ----> 1.3#6.6#34.0#44.0#VAR 464 0 0.8218 0.1782 
 ----> 1.3#6.6#34.0#44.0#VAR 465 0 0.819087 0.180913 
 ----> 1.3#6.6#34.0#44.0#VAR 466 0 0.827611 0.172389 
 ----> 1.3#6.6#34.0#44.0#VAR 467 0 0.839124 0.160876 
 ----> 1.3#6.6#34.0#44.0#VAR 468 0 0.813858 0.186142 
 ----> 1.3#6.6#34.0#44.0#VAR 469 0 0.820035 0.179965 
 ----> 1.3#6.6#34.0#44.0#VAR 470 0 0.821845 0.178155 
 ----> 1.3#6.6#34.0#44.0#VAR 471 0 0.829241 0.170759 
 ----> 1.3#6.6#34.0#44.0#VAR 472 0 0.839711 0.160289 
 ----> 1.3#6.6#34.0#44.0#VAR 473 0 0.824909 0.175091 
 ----> 1.3#6.6#34.0#44.0#VAR 474 0 0.815322 0.184678 
 ----> 1.3#6.6#34.0#44.0#VAR 475 0 0.818252 0.181748 
 ----> 1.3#6.6#34.0#44.0#VAR 476 0 0.82814 0.17186 
 ----> 1.3#6.6#34.0#44.0#VAR 477 0 0.804738 0.195262 
 ----> 1.3#6.6#34.0#44.0#VAR 478 0 0.819955 0.180045 
 ----> 1.3#6.6#34.0#44.0#VAR 479 0 0.823446 0.176554 
 ----> 1.3#6.6#34.0#44.0#VAR 480 0 0.804423 0.195577 
 ----> 1.3#6.6#34.0#44.0#VAR 481 0 0.802281 0.197719 
 ----> 1.3#6.6#34.0#44.0#VAR 482 0 0.826122 0.173878 
 ----> 1.3#6.6#34.0#44.0#VAR 483 1 0.794696 0.205304 
 ----> 1.3#6.6#34.0#44.0#VAR 484 0 0.825457 0.174543 
 ----> 1.3#6.6#34.0#44.0#VAR 485 0 0.829229 0.170771 
 ----> 1.3#6.6#34.0#44.0#VAR 486 0 0.812897 0.187103 
 ----> 1.3#6.6#34.0#44.0#VAR 487 0 0.823908 0.176092 
 ----> 1.3#6.6#34.0#44.0#VAR 488 0 0.819667 0.180333 
 ----> 1.3#6.6#34.0#44.0#VAR 489 0 0.821148 0.178852 
 ----> 1.3#6.6#34.0#44.0#VAR 490 0 0.818598 0.181402 
 ----> 1.3#6.6#34.0#44.0#VAR 491 0 0.825212 0.174788 
 ----> 1.3#6.6#34.0#44.0#VAR 492 0 0.842901 0.157099 
 ----> 1.3#6.6#34.0#44.0#VAR 493 1 0.795848 0.204152 
 ----> 1.3#6.6#34.0#44.0#VAR 494 0 0.817584 0.182416 
 ----> 1.3#6.6#34.0#44.0#VAR 495 0 0.826715 0.173285 
 ----> 1.3#6.6#34.0#44.0#VAR 496 0 0.828645 0.171355 
 ----> 1.3#6.6#34.0#44.0#VAR 497 1 0.815137 0.184863 
 ----> 1.3#6.6#34.0#44.0#VAR 498 0 0.814727 0.185273 
 ----> 1.3#6.6#34.0#44.0#VAR 499 1 0.810448 0.189552 
 ----> 1.3#6.6#34.0#44.0#VAR 500 0 0.791741 0.208259 
 ----> 1.3#6.6#34.0#44.0#VAR 501 0 0.820381 0.179619 
 ----> 1.3#6.6#34.0#44.0#VAR 502 1 0.796738 0.203262 
 ----> 1.3#6.6#34.0#44.0#VAR 503 0 0.828838 0.171162 
 ----> 1.3#6.6#34.0#44.0#VAR 504 1 0.813808 0.186192 
 ----> 1.3#6.6#34.0#44.0#VAR 505 0 0.809437 0.190563 
 ----> 1.3#6.6#34.0#44.0#VAR 506 0 0.832869 0.167131 
 ----> 1.3#6.6#34.0#44.0#VAR 507 0 0.816425 0.183575 
 ----> 1.3#6.6#34.0#44.0#VAR 508 0 0.812304 0.187696 
 ----> 1.3#6.6#34.0#44.0#VAR 509 0 0.81579 0.18421 
 ----> 1.3#6.6#34.0#44.0#VAR 510 0 0.818284 0.181716 
 ----> 1.3#6.6#34.0#44.0#VAR 511 1 0.804582 0.195418 
 ----> 1.3#6.6#34.0#44.0#VAR 512 0 0.825854 0.174146 
 ----> 1.3#6.6#34.0#44.0#VAR 513 0 0.818289 0.181711 
 ----> 1.3#6.6#34.0#44.0#VAR 514 0 0.835832 0.164168 
 ----> 1.3#6.6#34.0#44.0#VAR 515 0 0.82614 0.17386 
 ----> 1.3#6.6#34.0#44.0#VAR 516 1 0.814348 0.185652 
 ----> 1.3#6.6#34.0#44.0#VAR 517 0 0.833696 0.166304 
 ----> 1.3#6.6#34.0#44.0#VAR 518 0 0.825812 0.174188 
 ----> 1.3#6.6#34.0#44.0#VAR 519 0 0.840592 0.159408 
 ----> 1.3#6.6#34.0#44.0#VAR 520 0 0.82351 0.17649 
 ----> 1.3#6.6#34.0#44.0#VAR 521 0 0.821194 0.178806 
 ----> 1.3#6.6#34.0#44.0#VAR 522 0 0.817777 0.182223 
 ----> 1.3#6.6#34.0#44.0#VAR 523 0 0.822374 0.177626 
 ----> 1.3#6.6#34.0#44.0#VAR 524 0 0.807215 0.192785 
 ----> 1.3#6.6#34.0#44.0#VAR 525 0 0.832285 0.167715 
 ----> 1.3#6.6#34.0#44.0#VAR 526 0 0.819978 0.180022 
 ----> 1.3#6.6#34.0#44.0#VAR 527 1 0.822131 0.177869 
 ----> 1.3#6.6#34.0#44.0#VAR 528 1 0.823116 0.176884 
 ----> 1.3#6.6#34.0#44.0#VAR 529 0 0.826377 0.173623 
 ----> 1.3#6.6#34.0#44.0#VAR 530 0 0.810036 0.189964 
 ----> 1.3#6.6#34.0#44.0#VAR 531 0 0.831848 0.168152 
 ----> 1.3#6.6#34.0#44.0#VAR 532 0 0.821286 0.178714 
 ----> 1.3#6.6#34.0#44.0#VAR 533 0 0.797512 0.202488 
 ----> 1.3#6.6#34.0#44.0#VAR 534 0 0.800103 0.199897 
 ----> 1.3#6.6#34.0#44.0#VAR 535 0 0.831351 0.168649 
 ----> 1.3#6.6#34.0#44.0#VAR 536 0 0.797294 0.202706 
 ----> 1.3#6.6#34.0#44.0#VAR 537 0 0.814899 0.185101 
 ----> 1.3#6.6#34.0#44.0#VAR 538 0 0.808119 0.191881 
 ----> 1.3#6.6#34.0#44.0#VAR 539 1 0.803298 0.196702 
 ----> 1.3#6.6#34.0#44.0#VAR 540 1 0.802883 0.197117 
 ----> 1.3#6.6#34.0#44.0#VAR 541 1 0.809595 0.190405 
 ----> 1.3#6.6#34.0#44.0#VAR 542 1 0.805316 0.194684 
 ----> 1.3#6.6#34.0#44.0#VAR 543 0 0.808631 0.191369 
 ----> 1.3#6.6#34.0#44.0#VAR 544 0 0.806477 0.193523 
 ----> 1.3#6.6#34.0#44.0#VAR 545 0 0.822517 0.177483 
 ----> 1.3#6.6#34.0#44.0#VAR 546 0 0.817548 0.182452 
 ----> 1.3#6.6#34.0#44.0#VAR 547 0 0.825416 0.174584 
 ----> 1.3#6.6#34.0#44.0#VAR 548 0 0.802421 0.197579 
 ----> 1.3#6.6#34.0#44.0#VAR 549 1 0.815116 0.184884 
 ----> 1.3#6.6#34.0#44.0#VAR 550 0 0.831247 0.168753 
 ----> 1.3#6.6#34.0#44.0#VAR 551 0 0.821843 0.178157 
 ----> 1.3#6.6#34.0#44.0#VAR 552 0 0.8013 0.1987 
 ----> 1.3#6.6#34.0#44.0#VAR 553 0 0.821501 0.178499 
 ----> 1.3#6.6#34.0#44.0#VAR 554 0 0.819133 0.180867 
 ----> 1.3#6.6#34.0#44.0#VAR 555 0 0.820846 0.179154 
 ----> 1.3#6.6#34.0#44.0#VAR 556 0 0.825979 0.174021 
 ----> 1.3#6.6#34.0#44.0#VAR 557 1 0.819309 0.180691 
 ----> 1.3#6.6#34.0#44.0#VAR 558 0 0.799309 0.200691 
 ----> 1.3#6.6#34.0#44.0#VAR 559 0 0.81688 0.18312 
 ----> 1.3#6.6#34.0#44.0#VAR 560 0 0.822523 0.177477 
 ----> 1.3#6.6#34.0#44.0#VAR 561 0 0.807279 0.192721 
 ----> 1.3#6.6#34.0#44.0#VAR 562 0 0.81214 0.18786 
 ----> 1.3#6.6#34.0#44.0#VAR 563 0 0.814319 0.185681 
 ----> 1.3#6.6#34.0#44.0#VAR 564 0 0.823374 0.176626 
 ----> 1.3#6.6#34.0#44.0#VAR 565 1 0.79945 0.20055 
 ----> 1.3#6.6#34.0#44.0#VAR 566 0 0.817209 0.182791 
 ----> 1.3#6.6#34.0#44.0#VAR 567 0 0.831826 0.168174 
 ----> 1.3#6.6#34.0#44.0#VAR 568 0 0.808699 0.191301 
 ----> 1.3#6.6#34.0#44.0#VAR 569 0 0.805667 0.194333 
 ----> 1.3#6.6#34.0#44.0#VAR 570 0 0.803237 0.196763 
 ----> 1.3#6.6#34.0#44.0#VAR 571 0 0.826861 0.173139 
 ----> 1.3#6.6#34.0#44.0#VAR 572 0 0.818786 0.181214 
 ----> 1.3#6.6#34.0#44.0#VAR 573 0 0.807697 0.192303 
 ----> 1.3#6.6#34.0#44.0#VAR 574 1 0.81282 0.18718 
 ----> 1.3#6.6#34.0#44.0#VAR 575 0 0.808162 0.191838 
 ----> 1.3#6.6#34.0#44.0#VAR 576 1 0.812106 0.187894 
 ----> 1.3#6.6#34.0#44.0#VAR 577 0 0.828101 0.171899 
 ----> 1.3#6.6#34.0#44.0#VAR 578 0 0.819029 0.180971 
 ----> 1.3#6.6#34.0#44.0#VAR 579 0 0.809734 0.190266 
 ----> 1.3#6.6#34.0#44.0#VAR 580 0 0.822041 0.177959 
 ----> 1.3#6.6#34.0#44.0#VAR 581 0 0.803811 0.196189 
 ----> 1.3#6.6#34.0#44.0#VAR 582 0 0.83073 0.16927 
 ----> 1.3#6.6#34.0#44.0#VAR 583 0 0.824415 0.175585 
 ----> 1.3#6.6#34.0#44.0#VAR 584 1 0.811364 0.188636 
 ----> 1.3#6.6#34.0#44.0#VAR 585 0 0.828407 0.171593 
 ----> 1.3#6.6#34.0#44.0#VAR 586 0 0.818575 0.181425 
 ----> 1.3#6.6#34.0#44.0#VAR 587 0 0.825089 0.174911 
 ----> 1.3#6.6#34.0#44.0#VAR 588 0 0.803944 0.196056 
 ----> 1.3#6.6#34.0#44.0#VAR 589 0 0.810381 0.189619 
 ----> 1.3#6.6#34.0#44.0#VAR 590 0 0.83278 0.16722 
 ----> 1.3#6.6#34.0#44.0#VAR 591 0 0.84795 0.15205 
 ----> 1.3#6.6#34.0#44.0#VAR 592 0 0.802559 0.197441 
 ----> 1.3#6.6#34.0#44.0#VAR 593 0 0.819304 0.180696 
 ----> 1.3#6.6#34.0#44.0#VAR 594 0 0.816918 0.183082 
 ----> 1.3#6.6#34.0#44.0#VAR 595 0 0.796516 0.203484 
 ----> 1.3#6.6#34.0#44.0#VAR 596 0 0.815273 0.184727 
 ----> 1.3#6.6#34.0#44.0#VAR 597 0 0.829855 0.170145 
 ----> 1.3#6.6#34.0#44.0#VAR 598 0 0.820158 0.179842 
 ----> 1.3#6.6#34.0#44.0#VAR 599 0 0.831575 0.168425 
 ----> 1.3#6.6#34.0#44.0#VAR 600 0 0.811675 0.188325 
 ----> 1.3#6.6#34.0#44.0#VAR 601 0 0.811536 0.188464 
 ----> 1.3#6.6#34.0#44.0#VAR 602 0 0.809793 0.190207 
 ----> 1.3#6.6#34.0#44.0#VAR 603 0 0.821578 0.178422 
 ----> 1.3#6.6#34.0#44.0#VAR 604 1 0.80592 0.19408 
 ----> 1.3#6.6#34.0#44.0#VAR 605 0 0.810203 0.189797 
 ----> 1.3#6.6#34.0#44.0#VAR 606 0 0.833686 0.166314 
 ----> 1.3#6.6#34.0#44.0#VAR 607 0 0.82628 0.17372 
 ----> 1.3#6.6#34.0#44.0#VAR 608 0 0.82333 0.17667 
 ----> 1.3#6.6#34.0#44.0#VAR 609 0 0.808558 0.191442 
 ----> 1.3#6.6#34.0#44.0#VAR 610 0 0.843601 0.156399 
 ----> 1.3#6.6#34.0#44.0#VAR 611 0 0.828217 0.171783 
 ----> 1.3#6.6#34.0#44.0#VAR 612 1 0.808846 0.191154 
 ----> 1.3#6.6#34.0#44.0#VAR 613 0 0.803519 0.196481 
 ----> 1.3#6.6#34.0#44.0#VAR 614 0 0.816355 0.183645 
 ----> 1.3#6.6#34.0#44.0#VAR 615 0 0.842068 0.157932 
 ----> 1.3#6.6#34.0#44.0#VAR 616 1 0.805982 0.194018 
 ----> 1.3#6.6#34.0#44.0#VAR 617 0 0.825148 0.174852 
 ----> 1.3#6.6#34.0#44.0#VAR 618 0 0.801772 0.198228 
 ----> 1.3#6.6#34.0#44.0#VAR 619 0 0.81828 0.18172 
 ----> 1.3#6.6#34.0#44.0#VAR 620 0 0.812968 0.187032 
 ----> 1.3#6.6#34.0#44.0#VAR 621 0 0.826478 0.173522 
 ----> 1.3#6.6#34.0#44.0#VAR 622 0 0.822484 0.177516 
 ----> 1.3#6.6#34.0#44.0#VAR 623 1 0.790005 0.209995 
 ----> 1.3#6.6#34.0#44.0#VAR 624 0 0.813821 0.186179 
 ----> 1.3#6.6#34.0#44.0#VAR 625 0 0.832755 0.167245 
 ----> 1.3#6.6#34.0#44.0#VAR 626 0 0.787992 0.212008 
 ----> 1.3#6.6#34.0#44.0#VAR 627 0 0.82781 0.17219 
 ----> 1.3#6.6#34.0#44.0#VAR 628 0 0.831811 0.168189 
 ----> 1.3#6.6#34.0#44.0#VAR 629 0 0.813702 0.186298 
 ----> 1.3#6.6#34.0#44.0#VAR 630 0 0.807201 0.192799 
 ----> 1.3#6.6#34.0#44.0#VAR 631 0 0.817553 0.182447 
 ----> 1.3#6.6#34.0#44.0#VAR 632 0 0.823484 0.176516 
 ----> 1.3#6.6#34.0#44.0#VAR 633 0 0.829292 0.170708 
 ----> 1.3#6.6#34.0#44.0#VAR 634 1 0.788206 0.211794 
 ----> 1.3#6.6#34.0#44.0#VAR 635 1 0.794289 0.205711 
 ----> 1.3#6.6#34.0#44.0#VAR 636 0 0.812199 0.187801 
 ----> 1.3#6.6#34.0#44.0#VAR 637 0 0.808863 0.191137 
 ----> 1.3#6.6#34.0#44.0#VAR 638 0 0.836732 0.163268 
 ----> 1.3#6.6#34.0#44.0#VAR 639 0 0.818758 0.181242 
 ----> 1.3#6.6#34.0#44.0#VAR 640 0 0.827454 0.172546 
 ----> 1.3#6.6#34.0#44.0#VAR 641 0 0.813006 0.186994 
 ----> 1.3#6.6#34.0#44.0#VAR 642 0 0.81502 0.18498 
 ----> 1.3#6.6#34.0#44.0#VAR 643 0 0.822437 0.177563 
 ----> 1.3#6.6#34.0#44.0#VAR 644 0 0.808328 0.191672 
 ----> 1.3#6.6#34.0#44.0#VAR 645 0 0.812994 0.187006 
 ----> 1.3#6.6#34.0#44.0#VAR 646 1 0.774653 0.225347 
 ----> 1.3#6.6#34.0#44.0#VAR 647 0 0.831242 0.168758 
 ----> 1.3#6.6#34.0#44.0#VAR 648 0 0.821881 0.178119 
 ----> 1.3#6.6#34.0#44.0#VAR 649 1 0.791795 0.208205 
 ----> 1.3#6.6#34.0#44.0#VAR 650 0 0.821527 0.178473 
 ----> 1.3#6.6#34.0#44.0#VAR 651 0 0.83061 0.16939 
 ----> 1.3#6.6#34.0#44.0#VAR 652 0 0.830104 0.169896 
 ----> 1.3#6.6#34.0#44.0#VAR 653 0 0.799938 0.200062 
 ----> 1.3#6.6#34.0#44.0#VAR 654 0 0.82169 0.17831 
 ----> 1.3#6.6#34.0#44.0#VAR 655 0 0.827649 0.172351 
 ----> 1.3#6.6#34.0#44.0#VAR 656 0 0.810159 0.189841 
 ----> 1.3#6.6#34.0#44.0#VAR 657 0 0.812114 0.187886 
 ----> 1.3#6.6#34.0#44.0#VAR 658 0 0.816562 0.183438 
 ----> 1.3#6.6#34.0#44.0#VAR 659 0 0.797767 0.202233 
 ----> 1.3#6.6#34.0#44.0#VAR 660 0 0.827892 0.172108 
 ----> 1.3#6.6#34.0#44.0#VAR 661 0 0.809263 0.190737 
 ----> 1.3#6.6#34.0#44.0#VAR 662 1 0.796502 0.203498 
 ----> 1.3#6.6#34.0#44.0#VAR 663 0 0.82405 0.17595 
 ----> 1.3#6.6#34.0#44.0#VAR 664 0 0.81491 0.18509 
 ----> 1.3#6.6#34.0#44.0#VAR 665 0 0.793581 0.206419 
 ----> 1.3#6.6#34.0#44.0#VAR 666 0 0.832541 0.167459 
 ----> 1.3#6.6#34.0#44.0#VAR 667 0 0.833633 0.166367 
 ----> 1.3#6.6#34.0#44.0#VAR 668 0 0.800542 0.199458 
 ----> 1.3#6.6#34.0#44.0#VAR 669 0 0.828053 0.171947 
 ----> 1.3#6.6#34.0#44.0#VAR 670 0 0.801376 0.198624 
 ----> 1.3#6.6#34.0#44.0#VAR 671 0 0.813301 0.186699 
 ----> 1.3#6.6#34.0#44.0#VAR 672 0 0.835649 0.164351 
 ----> 1.3#6.6#34.0#44.0#VAR 673 0 0.831123 0.168877 
 ----> 1.3#6.6#34.0#44.0#VAR 674 0 0.827103 0.172897 
 ----> 1.3#6.6#34.0#44.0#VAR 675 0 0.805049 0.194951 
 ----> 1.3#6.6#34.0#44.0#VAR 676 0 0.814571 0.185429 
 ----> 1.3#6.6#34.0#44.0#VAR 677 0 0.82384 0.17616 
 ----> 1.3#6.6#34.0#44.0#VAR 678 0 0.809323 0.190677 
 ----> 1.3#6.6#34.0#44.0#VAR 679 0 0.813153 0.186847 
 ----> 1.3#6.6#34.0#44.0#VAR 680 0 0.792096 0.207904 
 ----> 1.3#6.6#34.0#44.0#VAR 681 0 0.824616 0.175384 
 ----> 1.3#6.6#34.0#44.0#VAR 682 0 0.806133 0.193867 
 ----> 1.3#6.6#34.0#44.0#VAR 683 0 0.817759 0.182241 
 ----> 1.3#6.6#34.0#44.0#VAR 684 0 0.826516 0.173484 
 ----> 1.3#6.6#34.0#44.0#VAR 685 0 0.822718 0.177282 
 ----> 1.3#6.6#34.0#44.0#VAR 686 0 0.822973 0.177027 
 ----> 1.3#6.6#34.0#44.0#VAR 687 0 0.817327 0.182673 
 ----> 1.3#6.6#34.0#44.0#VAR 688 1 0.797859 0.202141 
 ----> 1.3#6.6#34.0#44.0#VAR 689 0 0.816223 0.183777 
 ----> 1.3#6.6#34.0#44.0#VAR 690 0 0.818855 0.181145 
 ----> 1.3#6.6#34.0#44.0#VAR 691 0 0.811619 0.188381 
 ----> 1.3#6.6#34.0#44.0#VAR 692 0 0.820306 0.179694 
 ----> 1.3#6.6#34.0#44.0#VAR 693 0 0.800488 0.199512 
 ----> 1.3#6.6#34.0#44.0#VAR 694 0 0.817105 0.182895 
 ----> 1.3#6.6#34.0#44.0#VAR 695 0 0.817354 0.182646 
 ----> 1.3#6.6#34.0#44.0#VAR 696 0 0.801415 0.198585 
 ----> 1.3#6.6#34.0#44.0#VAR 697 0 0.821078 0.178922 
 ----> 1.3#6.6#34.0#44.0#VAR 698 0 0.827337 0.172663 
 ----> 1.3#6.6#34.0#44.0#VAR 699 0 0.831175 0.168825 
 ----> 1.3#6.6#34.0#44.0#VAR 700 0 0.794072 0.205928 
 ----> 1.3#6.6#34.0#44.0#VAR 701 1 0.807782 0.192218 
 ----> 1.3#6.6#34.0#44.0#VAR 702 1 0.802597 0.197403 
 ----> 1.3#6.6#34.0#44.0#VAR 703 1 0.814774 0.185226 
 ----> 1.3#6.6#34.0#44.0#VAR 704 0 0.812222 0.187778 
 ----> 1.3#6.6#34.0#44.0#VAR 705 0 0.820381 0.179619 
 ----> 1.3#6.6#34.0#44.0#VAR 706 0 0.819697 0.180303 
 ----> 1.3#6.6#34.0#44.0#VAR 707 0 0.795418 0.204582 
 ----> 1.3#6.6#34.0#44.0#VAR 708 0 0.815302 0.184698 
 ----> 1.3#6.6#34.0#44.0#VAR 709 0 0.788421 0.211579 
 ----> 1.3#6.6#34.0#44.0#VAR 710 0 0.805962 0.194038 
 ----> 1.3#6.6#34.0#44.0#VAR 711 0 0.804842 0.195158 
 ----> 1.3#6.6#34.0#44.0#VAR 712 0 0.824261 0.175739 
 ----> 1.3#6.6#34.0#44.0#VAR 713 1 0.79024 0.20976 
 ----> 1.3#6.6#34.0#44.0#VAR 714 0 0.824754 0.175246 
 ----> 1.3#6.6#34.0#44.0#VAR 715 0 0.809246 0.190754 
 ----> 1.3#6.6#34.0#44.0#VAR 716 0 0.810251 0.189749 
 ----> 1.3#6.6#34.0#44.0#VAR 717 1 0.820148 0.179852 
 ----> 1.3#6.6#34.0#44.0#VAR 718 1 0.789053 0.210947 
 ----> 1.3#6.6#34.0#44.0#VAR 719 0 0.804817 0.195183 
 ----> 1.3#6.6#34.0#44.0#VAR 720 0 0.80743 0.19257 
 ----> 1.3#6.6#34.0#44.0#VAR 721 0 0.809609 0.190391 
 ----> 1.3#6.6#34.0#44.0#VAR 722 0 0.823762 0.176238 
 ----> 1.3#6.6#34.0#44.0#VAR 723 0 0.815965 0.184035 
 ----> 1.3#6.6#34.0#44.0#VAR 724 1 0.803226 0.196774 
 ----> 1.3#6.6#34.0#44.0#VAR 725 0 0.817559 0.182441 
 ----> 1.3#6.6#34.0#44.0#VAR 726 0 0.822196 0.177804 
 ----> 1.3#6.6#34.0#44.0#VAR 727 0 0.818104 0.181896 
 ----> 1.3#6.6#34.0#44.0#VAR 728 0 0.827072 0.172928 
 ----> 1.3#6.6#34.0#44.0#VAR 729 1 0.805684 0.194316 
 ----> 1.3#6.6#34.0#44.0#VAR 730 0 0.795599 0.204401 
 ----> 1.3#6.6#34.0#44.0#VAR 731 0 0.834547 0.165453 
 ----> 1.3#6.6#34.0#44.0#VAR 732 0 0.809089 0.190911 
 ----> 1.3#6.6#34.0#44.0#VAR 733 1 0.812005 0.187995 
 ----> 1.3#6.6#34.0#44.0#VAR 734 0 0.830394 0.169606 
 ----> 1.3#6.6#34.0#44.0#VAR 735 0 0.823838 0.176162 
 ----> 1.3#6.6#34.0#44.0#VAR 736 0 0.80075 0.19925 
 ----> 1.3#6.6#34.0#44.0#VAR 737 0 0.816357 0.183643 
 ----> 1.3#6.6#34.0#44.0#VAR 738 1 0.785603 0.214397 
 ----> 1.3#6.6#34.0#44.0#VAR 739 0 0.837176 0.162824 
 ----> 1.3#6.6#34.0#44.0#VAR 740 0 0.846536 0.153464 
 ----> 1.3#6.6#34.0#44.0#VAR 741 0 0.820794 0.179206 
 ----> 1.3#6.6#34.0#44.0#VAR 742 0 0.816266 0.183734 
 ----> 1.3#6.6#34.0#44.0#VAR 743 1 0.78232 0.21768 
 ----> 1.3#6.6#34.0#44.0#VAR 744 1 0.774302 0.225698 
 ----> 1.3#6.6#34.0#44.0#VAR 745 0 0.821634 0.178366 
 ----> 1.3#6.6#34.0#44.0#VAR 746 0 0.828758 0.171242 
 ----> 1.3#6.6#34.0#44.0#VAR 747 0 0.812586 0.187414 
 ----> 1.3#6.6#34.0#44.0#VAR 748 0 0.833783 0.166217 
 ----> 1.3#6.6#34.0#44.0#VAR 749 0 0.8069 0.1931 
 ----> 1.3#6.6#34.0#44.0#VAR 750 0 0.809516 0.190484 
 ----> 1.3#6.6#34.0#44.0#VAR 751 0 0.792038 0.207962 
 ----> 1.3#6.6#34.0#44.0#VAR 752 1 0.796495 0.203505 
 ----> 1.3#6.6#34.0#44.0#VAR 753 0 0.811801 0.188199 
 ----> 1.3#6.6#34.0#44.0#VAR 754 1 0.749647 0.250353 
 ----> 1.3#6.6#34.0#44.0#VAR 755 0 0.798322 0.201678 
 ----> 1.3#6.6#34.0#44.0#VAR 756 1 0.807971 0.192029 
 ----> 1.3#6.6#34.0#44.0#VAR 757 0 0.817379 0.182621 
 ----> 1.3#6.6#34.0#44.0#VAR 758 0 0.815477 0.184523 
 ----> 1.3#6.6#34.0#44.0#VAR 759 0 0.814634 0.185366 
 ----> 1.3#6.6#34.0#44.0#VAR 760 0 0.814981 0.185019 
 ----> 1.3#6.6#34.0#44.0#VAR 761 0 0.814649 0.185351 
 ----> 1.3#6.6#34.0#44.0#VAR 762 0 0.79854 0.20146 
 ----> 1.3#6.6#34.0#44.0#VAR 763 0 0.779516 0.220484 
 ----> 1.3#6.6#34.0#44.0#VAR 764 1 0.778477 0.221523 
 ----> 1.3#6.6#34.0#44.0#VAR 765 0 0.815164 0.184836 
 ----> 1.3#6.6#34.0#44.0#VAR 766 1 0.794097 0.205903 
 ----> 1.3#6.6#34.0#44.0#VAR 767 0 0.806081 0.193919 
 ----> 1.3#6.6#34.0#44.0#VAR 768 0 0.822451 0.177549 
 ----> 1.3#6.6#34.0#44.0#VAR 769 0 0.818057 0.181943 
 ----> 1.3#6.6#34.0#44.0#VAR 770 0 0.820095 0.179905 
 ----> 1.3#6.6#34.0#44.0#VAR 771 0 0.822448 0.177552 
 ----> 1.3#6.6#34.0#44.0#VAR 772 0 0.798548 0.201452 
 ----> 1.3#6.6#34.0#44.0#VAR 773 0 0.814109 0.185891 
 ----> 1.3#6.6#34.0#44.0#VAR 774 0 0.82238 0.17762 
 ----> 1.3#6.6#34.0#44.0#VAR 775 0 0.819377 0.180623 
 ----> 1.3#6.6#34.0#44.0#VAR 776 0 0.775839 0.224161 
 ----> 1.3#6.6#34.0#44.0#VAR 777 0 0.838727 0.161273 
 ----> 1.3#6.6#34.0#44.0#VAR 778 1 0.79369 0.20631 
 ----> 1.3#6.6#34.0#44.0#VAR 779 1 0.814331 0.185669 
 ----> 1.3#6.6#34.0#44.0#VAR 780 0 0.806013 0.193987 
 ----> 1.3#6.6#34.0#44.0#VAR 781 0 0.828256 0.171744 
 ----> 1.3#6.6#34.0#44.0#VAR 782 0 0.827378 0.172622 
 ----> 1.3#6.6#34.0#44.0#VAR 783 0 0.812219 0.187781 
 ----> 1.3#6.6#34.0#44.0#VAR 784 0 0.822026 0.177974 
 ----> 1.3#6.6#34.0#44.0#VAR 785 0 0.805803 0.194197 
 ----> 1.3#6.6#34.0#44.0#VAR 786 1 0.817485 0.182515 
 ----> 1.3#6.6#34.0#44.0#VAR 787 0 0.810349 0.189651 
 ----> 1.3#6.6#34.0#44.0#VAR 788 0 0.820339 0.179661 
 ----> 1.3#6.6#34.0#44.0#VAR 789 0 0.814437 0.185563 
 ----> 1.3#6.6#34.0#44.0#VAR 790 0 0.781335 0.218665 
 ----> 1.3#6.6#34.0#44.0#VAR 791 0 0.801561 0.198439 
 ----> 1.3#6.6#34.0#44.0#VAR 792 0 0.825144 0.174856 
 ----> 1.3#6.6#34.0#44.0#VAR 793 0 0.805069 0.194931 
 ----> 1.3#6.6#34.0#44.0#VAR 794 0 0.789962 0.210038 
 ----> 1.3#6.6#34.0#44.0#VAR 795 0 0.805544 0.194456 
 ----> 1.3#6.6#34.0#44.0#VAR 796 1 0.801747 0.198253 
 ----> 1.3#6.6#34.0#44.0#VAR 797 0 0.823831 0.176169 
 ----> 1.3#6.6#34.0#44.0#VAR 798 0 0.816102 0.183898 
 ----> 1.3#6.6#34.0#44.0#VAR 799 0 0.817173 0.182827 
 ----> 1.3#6.6#34.0#44.0#VAR 800 0 0.803841 0.196159 
 ----> 1.3#6.6#34.0#44.0#VAR 801 0 0.818474 0.181526 
 ----> 1.3#6.6#34.0#44.0#VAR 802 0 0.832038 0.167962 
 ----> 1.3#6.6#34.0#44.0#VAR 803 0 0.808908 0.191092 
 ----> 1.3#6.6#34.0#44.0#VAR 804 0 0.79413 0.20587 
 ----> 1.3#6.6#34.0#44.0#VAR 805 0 0.798574 0.201426 
 ----> 1.3#6.6#34.0#44.0#VAR 806 0 0.801298 0.198702 
 ----> 1.3#6.6#34.0#44.0#VAR 807 1 0.787084 0.212916 
 ----> 1.3#6.6#34.0#44.0#VAR 808 0 0.78945 0.21055 
 ----> 1.3#6.6#34.0#44.0#VAR 809 0 0.814383 0.185617 
 ----> 1.3#6.6#34.0#44.0#VAR 810 0 0.819078 0.180922 
 ----> 1.3#6.6#34.0#44.0#VAR 811 1 0.789805 0.210195 
 ----> 1.3#6.6#34.0#44.0#VAR 812 1 0.80712 0.19288 
 ----> 1.3#6.6#34.0#44.0#VAR 813 0 0.798903 0.201097 
 ----> 1.3#6.6#34.0#44.0#VAR 814 0 0.780666 0.219334 
 ----> 1.3#6.6#34.0#44.0#VAR 815 1 0.783538 0.216462 
 ----> 1.3#6.6#34.0#44.0#VAR 816 0 0.812011 0.187989 
 ----> 1.3#6.6#34.0#44.0#VAR 817 1 0.770658 0.229342 
 ----> 1.3#6.6#34.0#44.0#VAR 818 0 0.767323 0.232677 
 ----> 1.3#6.6#34.0#44.0#VAR 819 0 0.836419 0.163581 
 ----> 1.3#6.6#34.0#44.0#VAR 820 0 0.791587 0.208413 
 ----> 1.3#6.6#34.0#44.0#VAR 821 0 0.784407 0.215593 
 ----> 1.3#6.6#34.0#44.0#VAR 822 0 0.817591 0.182409 
 ----> 1.3#6.6#34.0#44.0#VAR 823 0 0.803143 0.196857 
 ----> 1.3#6.6#34.0#44.0#VAR 824 0 0.809221 0.190779 
 ----> 1.3#6.6#34.0#44.0#VAR 825 0 0.819054 0.180946 
 ----> 1.3#6.6#34.0#44.0#VAR 826 1 0.777743 0.222257 
 ----> 1.3#6.6#34.0#44.0#VAR 827 1 0.806498 0.193502 
 ----> 1.3#6.6#34.0#44.0#VAR 828 0 0.817986 0.182014 
 ----> 1.3#6.6#34.0#44.0#VAR 829 1 0.77534 0.22466 
 ----> 1.3#6.6#34.0#44.0#VAR 830 0 0.829321 0.170679 
 ----> 1.3#6.6#34.0#44.0#VAR 831 0 0.827572 0.172428 
 ----> 1.3#6.6#34.0#44.0#VAR 832 0 0.788397 0.211603 
 ----> 1.3#6.6#34.0#44.0#VAR 833 0 0.834066 0.165934 
 ----> 1.3#6.6#34.0#44.0#VAR 834 1 0.776364 0.223636 
 ----> 1.3#6.6#34.0#44.0#VAR 835 1 0.779616 0.220384 
 ----> 1.3#6.6#34.0#44.0#VAR 836 1 0.764551 0.235449 
 ----> 1.3#6.6#34.0#44.0#VAR 837 0 0.793764 0.206236 
 ----> 1.3#6.6#34.0#44.0#VAR 838 1 0.769463 0.230537 
 ----> 1.3#6.6#34.0#44.0#VAR 839 0 0.837388 0.162612 
 ----> 1.3#6.6#34.0#44.0#VAR 840 0 0.817075 0.182925 
 ----> 1.3#6.6#34.0#44.0#VAR 841 0 0.808645 0.191355 
 ----> 1.3#6.6#34.0#44.0#VAR 842 1 0.806231 0.193769 
 ----> 1.3#6.6#34.0#44.0#VAR 843 0 0.818989 0.181011 
 ----> 1.3#6.6#34.0#44.0#VAR 844 0 0.798528 0.201472 
 ----> 1.3#6.6#34.0#44.0#VAR 845 0 0.813585 0.186415 
 ----> 1.3#6.6#34.0#44.0#VAR 846 0 0.813354 0.186646 
 ----> 1.3#6.6#34.0#44.0#VAR 847 1 0.791937 0.208063 
 ----> 1.3#6.6#34.0#44.0#VAR 848 0 0.808826 0.191174 
 ----> 1.3#6.6#34.0#44.0#VAR 849 0 0.819203 0.180797 
 ----> 1.3#6.6#34.0#44.0#VAR 850 1 0.776849 0.223151 
 ----> 1.3#6.6#34.0#44.0#VAR 851 0 0.823259 0.176741 
 ----> 1.3#6.6#34.0#44.0#VAR 852 1 0.780276 0.219724 
 ----> 1.3#6.6#34.0#44.0#VAR 853 1 0.76937 0.23063 
 ----> 1.3#6.6#34.0#44.0#VAR 854 0 0.794967 0.205033 
 ----> 1.3#6.6#34.0#44.0#VAR 855 0 0.801572 0.198428 
 ----> 1.3#6.6#34.0#44.0#VAR 856 0 0.812373 0.187627 
 ----> 1.3#6.6#34.0#44.0#VAR 857 0 0.792321 0.207679 
 ----> 1.3#6.6#34.0#44.0#VAR 858 0 0.801104 0.198896 
 ----> 1.3#6.6#34.0#44.0#VAR 859 0 0.804045 0.195955 
 ----> 1.3#6.6#34.0#44.0#VAR 860 0 0.802834 0.197166 
 ----> 1.3#6.6#34.0#44.0#VAR 861 1 0.796928 0.203072 
 ----> 1.3#6.6#34.0#44.0#VAR 862 1 0.78093 0.21907 
 ----> 1.3#6.6#34.0#44.0#VAR 863 1 0.768904 0.231096 
 ----> 1.3#6.6#34.0#44.0#VAR 864 0 0.835359 0.164641 
 ----> 1.3#6.6#34.0#44.0#VAR 865 0 0.798777 0.201223 
 ----> 1.3#6.6#34.0#44.0#VAR 866 0 0.804157 0.195843 
 ----> 1.3#6.6#34.0#44.0#VAR 867 1 0.773679 0.226321 
 ----> 1.3#6.6#34.0#44.0#VAR 868 0 0.789634 0.210366 
 ----> 1.3#6.6#34.0#44.0#VAR 869 0 0.812926 0.187074 
 ----> 1.3#6.6#34.0#44.0#VAR 870 1 0.796941 0.203059 
 ----> 1.3#6.6#34.0#44.0#VAR 871 1 0.749095 0.250905 
 ----> 1.3#6.6#34.0#44.0#VAR 872 0 0.768189 0.231811 
 ----> 1.3#6.6#34.0#44.0#VAR 873 0 0.830101 0.169899 
 ----> 1.3#6.6#34.0#44.0#VAR 874 0 0.791207 0.208793 
 ----> 1.3#6.6#34.0#44.0#VAR 875 0 0.805435 0.194565 
 ----> 1.3#6.6#34.0#44.0#VAR 876 0 0.793406 0.206594 
 ----> 1.3#6.6#34.0#44.0#VAR 877 0 0.790843 0.209157 
 ----> 1.3#6.6#34.0#44.0#VAR 878 1 0.748358 0.251642 
 ----> 1.3#6.6#34.0#44.0#VAR 879 1 0.748502 0.251498 
 ----> 1.3#6.6#34.0#44.0#VAR 880 0 0.78793 0.21207 
 ----> 1.3#6.6#34.0#44.0#VAR 881 0 0.777292 0.222708 
 ----> 1.3#6.6#34.0#44.0#VAR 882 1 0.760617 0.239383 
 ----> 1.3#6.6#34.0#44.0#VAR 883 0 0.822534 0.177466 
 ----> 1.3#6.6#34.0#44.0#VAR 884 0 0.81121 0.18879 
 ----> 1.3#6.6#34.0#44.0#VAR 885 0 0.80264 0.19736 
 ----> 1.3#6.6#34.0#44.0#VAR 886 0 0.787686 0.212314 
 ----> 1.3#6.6#34.0#44.0#VAR 887 0 0.813084 0.186916 
 ----> 1.3#6.6#34.0#44.0#VAR 888 1 0.732165 0.267835 
 ----> 1.3#6.6#34.0#44.0#VAR 889 0 0.79095 0.20905 
 ----> 1.3#6.6#34.0#44.0#VAR 890 0 0.802215 0.197785 
 ----> 1.3#6.6#34.0#44.0#VAR 891 1 0.781279 0.218721 
 ----> 1.3#6.6#34.0#44.0#VAR 892 0 0.808667 0.191333 
 ----> 1.3#6.6#34.0#44.0#VAR 893 0 0.809752 0.190248 
 ----> 1.3#6.6#34.0#44.0#VAR 894 0 0.80466 0.19534 
 ----> 1.3#6.6#34.0#44.0#VAR 895 1 0.786165 0.213835 
 ----> 1.3#6.6#34.0#44.0#VAR 896 1 0.793603 0.206397 
 ----> 1.3#6.6#34.0#44.0#VAR 897 0 0.784314 0.215686 
 ----> 1.3#6.6#34.0#44.0#VAR 898 0 0.794092 0.205908 
 ----> 1.3#6.6#34.0#44.0#VAR 899 0 0.778479 0.221521 
 ----> 1.3#6.6#34.0#44.0#VAR 900 0 0.790814 0.209186 
 ----> 1.3#6.6#34.0#44.0#VAR 901 0 0.788621 0.211379 
 ----> 1.3#6.6#34.0#44.0#VAR 902 1 0.786019 0.213981 
 ----> 1.3#6.6#34.0#44.0#VAR 903 0 0.813343 0.186657 
 ----> 1.3#6.6#34.0#44.0#VAR 904 0 0.775731 0.224269 
 ----> 1.3#6.6#34.0#44.0#VAR 905 0 0.789764 0.210236 
 ----> 1.3#6.6#34.0#44.0#VAR 906 0 0.794974 0.205026 
 ----> 1.3#6.6#34.0#44.0#VAR 907 1 0.799495 0.200505 
 ----> 1.3#6.6#34.0#44.0#VAR 908 0 0.79557 0.20443 
 ----> 1.3#6.6#34.0#44.0#VAR 909 0 0.780467 0.219533 
 ----> 1.3#6.6#34.0#44.0#VAR 910 0 0.783546 0.216454 
 ----> 1.3#6.6#34.0#44.0#VAR 911 0 0.802852 0.197148 
 ----> 1.3#6.6#34.0#44.0#VAR 912 0 0.800259 0.199741 
 ----> 1.3#6.6#34.0#44.0#VAR 913 0 0.771159 0.228841 
 ----> 1.3#6.6#34.0#44.0#VAR 914 1 0.767297 0.232703 
 ----> 1.3#6.6#34.0#44.0#VAR 915 0 0.810679 0.189321 
 ----> 1.3#6.6#34.0#44.0#VAR 916 0 0.792248 0.207752 
 ----> 1.3#6.6#34.0#44.0#VAR 917 0 0.79385 0.20615 
 ----> 1.3#6.6#34.0#44.0#VAR 918 1 0.780073 0.219927 
 ----> 1.3#6.6#34.0#44.0#VAR 919 1 0.792463 0.207537 
 ----> 1.3#6.6#34.0#44.0#VAR 920 1 0.774412 0.225588 
 ----> 1.3#6.6#34.0#44.0#VAR 921 0 0.792596 0.207404 
 ----> 1.3#6.6#34.0#44.0#VAR 922 1 0.775965 0.224035 
 ----> 1.3#6.6#34.0#44.0#VAR 923 0 0.800835 0.199165 
 ----> 1.3#6.6#34.0#44.0#VAR 924 0 0.776226 0.223774 
 ----> 1.3#6.6#34.0#44.0#VAR 925 0 0.811202 0.188798 
 ----> 1.3#6.6#34.0#44.0#VAR 926 0 0.778817 0.221183 
 ----> 1.3#6.6#34.0#44.0#VAR 927 0 0.795048 0.204952 
 ----> 1.3#6.6#34.0#44.0#VAR 928 0 0.803224 0.196776 
 ----> 1.3#6.6#34.0#44.0#VAR 929 0 0.791696 0.208304 
 ----> 1.3#6.6#34.0#44.0#VAR 930 1 0.758419 0.241581 
 ----> 1.3#6.6#34.0#44.0#VAR 931 1 0.763842 0.236158 
 ----> 1.3#6.6#34.0#44.0#VAR 932 0 0.765495 0.234505 
 ----> 1.3#6.6#34.0#44.0#VAR 933 1 0.745977 0.254023 
 ----> 1.3#6.6#34.0#44.0#VAR 934 1 0.73393 0.26607 
 ----> 1.3#6.6#34.0#44.0#VAR 935 1 0.770005 0.229995 
 ----> 1.3#6.6#34.0#44.0#VAR 936 0 0.803175 0.196825 
 ----> 1.3#6.6#34.0#44.0#VAR 937 1 0.761563 0.238437 
 ----> 1.3#6.6#34.0#44.0#VAR 938 0 0.810891 0.189109 
 ----> 1.3#6.6#34.0#44.0#VAR 939 0 0.794491 0.205509 
 ----> 1.3#6.6#34.0#44.0#VAR 940 0 0.778793 0.221207 
 ----> 1.3#6.6#34.0#44.0#VAR 941 1 0.764435 0.235565 
 ----> 1.3#6.6#34.0#44.0#VAR 942 1 0.754934 0.245066 
 ----> 1.3#6.6#34.0#44.0#VAR 943 0 0.79749 0.20251 
 ----> 1.3#6.6#34.0#44.0#VAR 944 0 0.784089 0.215911 
 ----> 1.3#6.6#34.0#44.0#VAR 945 0 0.775273 0.224727 
 ----> 1.3#6.6#34.0#44.0#VAR 946 0 0.799387 0.200613 
 ----> 1.3#6.6#34.0#44.0#VAR 947 1 0.784795 0.215205 
 ----> 1.3#6.6#34.0#44.0#VAR 948 0 0.782658 0.217342 
 ----> 1.3#6.6#34.0#44.0#VAR 949 0 0.803044 0.196956 
 ----> 1.3#6.6#34.0#44.0#VAR 950 1 0.761019 0.238981 
 ----> 1.3#6.6#34.0#44.0#VAR 951 1 0.746333 0.253667 
 ----> 1.3#6.6#34.0#44.0#VAR 952 0 0.798874 0.201126 
 ----> 1.3#6.6#34.0#44.0#VAR 953 0 0.808994 0.191006 
 ----> 1.3#6.6#34.0#44.0#VAR 954 0 0.806331 0.193669 
 ----> 1.3#6.6#34.0#44.0#VAR 955 0 0.794428 0.205572 
 ----> 1.3#6.6#34.0#44.0#VAR 956 1 0.777511 0.222489 
 ----> 1.3#6.6#34.0#44.0#VAR 957 0 0.781236 0.218764 
 ----> 1.3#6.6#34.0#44.0#VAR 958 0 0.789692 0.210308 
 ----> 1.3#6.6#34.0#44.0#VAR 959 0 0.791292 0.208708 
 ----> 1.3#6.6#34.0#44.0#VAR 960 1 0.730539 0.269461 
 ----> 1.3#6.6#34.0#44.0#VAR 961 0 0.766047 0.233953 
 ----> 1.3#6.6#34.0#44.0#VAR 962 0 0.802559 0.197441 
 ----> 1.3#6.6#34.0#44.0#VAR 963 0 0.796156 0.203844 
 ----> 1.3#6.6#34.0#44.0#VAR 964 1 0.763195 0.236805 
 ----> 1.3#6.6#34.0#44.0#VAR 965 0 0.788902 0.211098 
 ----> 1.3#6.6#34.0#44.0#VAR 966 0 0.791332 0.208668 
 ----> 1.3#6.6#34.0#44.0#VAR 967 1 0.728663 0.271337 
 ----> 1.3#6.6#34.0#44.0#VAR 968 1 0.760011 0.239989 
 ----> 1.3#6.6#34.0#44.0#VAR 969 0 0.79196 0.20804 
 ----> 1.3#6.6#34.0#44.0#VAR 970 0 0.776353 0.223647 
 ----> 1.3#6.6#34.0#44.0#VAR 971 0 0.808726 0.191274 
 ----> 1.3#6.6#34.0#44.0#VAR 972 0 0.782797 0.217203 
 ----> 1.3#6.6#34.0#44.0#VAR 973 0 0.782959 0.217041 
 ----> 1.3#6.6#34.0#44.0#VAR 974 1 0.770458 0.229542 
 ----> 1.3#6.6#34.0#44.0#VAR 975 0 0.766109 0.233891 
 ----> 1.3#6.6#34.0#44.0#VAR 976 0 0.791827 0.208173 
 ----> 1.3#6.6#34.0#44.0#VAR 977 0 0.816465 0.183535 
 ----> 1.3#6.6#34.0#44.0#VAR 978 0 0.794122 0.205878 
 ----> 1.3#6.6#34.0#44.0#VAR 979 0 0.803388 0.196612 
 ----> 1.3#6.6#34.0#44.0#VAR 980 0 0.790437 0.209563 
 ----> 1.3#6.6#34.0#44.0#VAR 981 1 0.790236 0.209764 
 ----> 1.3#6.6#34.0#44.0#VAR 982 0 0.782972 0.217028 
 ----> 1.3#6.6#34.0#44.0#VAR 983 0 0.777192 0.222808 
 ----> 1.3#6.6#34.0#44.0#VAR 984 0 0.794933 0.205067 
 ----> 1.3#6.6#34.0#44.0#VAR 985 0 0.783005 0.216995 
 ----> 1.3#6.6#34.0#44.0#VAR 986 0 0.815786 0.184214 
 ----> 1.3#6.6#34.0#44.0#VAR 987 0 0.782982 0.217018 
 ----> 1.3#6.6#34.0#44.0#VAR 988 1 0.758785 0.241215 
 ----> 1.3#6.6#34.0#44.0#VAR 989 1 0.79069 0.20931 
 ----> 1.3#6.6#34.0#44.0#VAR 990 0 0.804827 0.195173 
 ----> 1.3#6.6#34.0#44.0#VAR 991 1 0.778899 0.221101 
 ----> 1.3#6.6#34.0#44.0#VAR 992 1 0.75785 0.24215 
 ----> 1.3#6.6#34.0#44.0#VAR 993 0 0.791243 0.208757 
 ----> 1.3#6.6#34.0#44.0#VAR 994 0 0.76712 0.23288 
 ----> 1.3#6.6#34.0#44.0#VAR 995 0 0.802023 0.197977 
 ----> 1.3#6.6#34.0#44.0#VAR 996 1 0.778577 0.221423 
 ----> 1.3#6.6#34.0#44.0#VAR 997 0 0.807097 0.192903 
 ----> 1.3#6.6#34.0#44.0#VAR 998 0 0.79907 0.20093 
 ----> 1.3#6.6#34.0#44.0#VAR 999 0 0.795278 0.204722 
 ----> 1.3#6.6#34.0#44.0#VAR 1000 0 0.794792 0.205208 
 ----> 1.3#6.6#34.0#44.0#VAR 1001 0 0.809659 0.190341 
 ----> 1.3#6.6#34.0#44.0#VAR 1002 1 0.721671 0.278329 
 ----> 1.3#6.6#34.0#44.0#VAR 1003 0 0.809887 0.190113 
 ----> 1.3#6.6#34.0#44.0#VAR 1004 0 0.795477 0.204523 
 ----> 1.3#6.6#34.0#44.0#VAR 1005 0 0.814147 0.185853 
 ----> 1.3#6.6#34.0#44.0#VAR 1006 0 0.797539 0.202461 
 ----> 1.3#6.6#34.0#44.0#VAR 1007 0 0.812084 0.187916 
 ----> 1.3#6.6#34.0#44.0#VAR 1008 0 0.802716 0.197284 
 ----> 1.3#6.6#34.0#44.0#VAR 1009 0 0.782455 0.217545 
 ----> 1.3#6.6#34.0#44.0#VAR 1010 0 0.808018 0.191982 
 ----> 1.3#6.6#34.0#44.0#VAR 1011 0 0.810194 0.189806 
 ----> 1.3#6.6#34.0#44.0#VAR 1012 0 0.800831 0.199169 
 ----> 1.3#6.6#34.0#44.0#VAR 1013 0 0.791401 0.208599 
 ----> 1.3#6.6#34.0#44.0#VAR 1014 0 0.818294 0.181706 
 ----> 1.3#6.6#34.0#44.0#VAR 1015 0 0.797529 0.202471 
 ----> 1.3#6.6#34.0#44.0#VAR 1016 0 0.803532 0.196468 
 ----> 1.3#6.6#34.0#44.0#VAR 1017 0 0.789698 0.210302 
 ----> 1.3#6.6#34.0#44.0#VAR 1018 0 0.777374 0.222626 
 ----> 1.3#6.6#34.0#44.0#VAR 1019 1 0.784757 0.215243 
 ----> 1.3#6.6#34.0#44.0#VAR 1020 0 0.795408 0.204592 
 ----> 1.3#6.6#34.0#44.0#VAR 1021 1 0.778213 0.221787 
 ----> 1.3#6.6#34.0#44.0#VAR 1022 0 0.790219 0.209781 
 ----> 1.3#6.6#34.0#44.0#VAR 1023 1 0.781243 0.218757 
 ----> 1.3#6.6#34.0#44.0#VAR 1024 0 0.793377 0.206623 
 ----> 1.3#6.6#34.0#44.0#VAR 1025 0 0.789504 0.210496 
 ----> 1.3#6.6#34.0#44.0#VAR 1026 0 0.790092 0.209908 
 ----> 1.3#6.6#34.0#44.0#VAR 1027 0 0.797954 0.202046 
 ----> 1.3#6.6#34.0#44.0#VAR 1028 0 0.810091 0.189909 
 ----> 1.3#6.6#34.0#44.0#VAR 1029 0 0.779579 0.220421 
 ----> 1.3#6.6#34.0#44.0#VAR 1030 0 0.787461 0.212539 
 ----> 1.3#6.6#34.0#44.0#VAR 1031 0 0.781232 0.218768 
 ----> 1.3#6.6#34.0#44.0#VAR 1032 1 0.769689 0.230311 
 ----> 1.3#6.6#34.0#44.0#VAR 1033 0 0.798469 0.201531 
 ----> 1.3#6.6#34.0#44.0#VAR 1034 1 0.778301 0.221699 
 ----> 1.3#6.6#34.0#44.0#VAR 1035 0 0.788174 0.211826 
 ----> 1.3#6.6#34.0#44.0#VAR 1036 0 0.740337 0.259663 
 ----> 1.3#6.6#34.0#44.0#VAR 1037 0 0.785688 0.214312 
 ----> 1.3#6.6#34.0#44.0#VAR 1038 0 0.774934 0.225066 
 ----> 1.3#6.6#34.0#44.0#VAR 1039 0 0.792071 0.207929 
 ----> 1.3#6.6#34.0#44.0#VAR 1040 1 0.750376 0.249624 
 ----> 1.3#6.6#34.0#44.0#VAR 1041 0 0.803233 0.196767 
 ----> 1.3#6.6#34.0#44.0#VAR 1042 0 0.818569 0.181431 
 ----> 1.3#6.6#34.0#44.0#VAR 1043 0 0.798 0.202 
 ----> 1.3#6.6#34.0#44.0#VAR 1044 0 0.790951 0.209049 
 ----> 1.3#6.6#34.0#44.0#VAR 1045 0 0.821766 0.178234 
 ----> 1.3#6.6#34.0#44.0#VAR 1046 0 0.800802 0.199198 
 ----> 1.3#6.6#34.0#44.0#VAR 1047 1 0.746032 0.253968 
 ----> 1.3#6.6#34.0#44.0#VAR 1048 0 0.808574 0.191426 
 ----> 1.3#6.6#34.0#44.0#VAR 1049 0 0.778392 0.221608 
 ----> 1.3#6.6#34.0#44.0#VAR 1050 0 0.789663 0.210337 
 ----> 1.3#6.6#34.0#44.0#VAR 1051 0 0.784475 0.215525 
 ----> 1.3#6.6#34.0#44.0#VAR 1052 0 0.806707 0.193293 
 ----> 1.3#6.6#34.0#44.0#VAR 1053 0 0.827867 0.172133 
 ----> 1.3#6.6#34.0#44.0#VAR 1054 0 0.795059 0.204941 
 ----> 1.3#6.6#34.0#44.0#VAR 1055 0 0.797699 0.202301 
 ----> 1.3#6.6#34.0#44.0#VAR 1056 0 0.806876 0.193124 
 ----> 1.3#6.6#34.0#44.0#VAR 1057 1 0.789832 0.210168 
 ----> 1.3#6.6#34.0#44.0#VAR 1058 0 0.783655 0.216345 
 ----> 1.3#6.6#34.0#44.0#VAR 1059 0 0.785108 0.214892 
 ----> 1.3#6.6#34.0#44.0#VAR 1060 0 0.782714 0.217286 
 ----> 1.3#6.6#34.0#44.0#VAR 1061 0 0.800139 0.199861 
 ----> 1.3#6.6#34.0#44.0#VAR 1062 0 0.787443 0.212557 
 ----> 1.3#6.6#34.0#44.0#VAR 1063 0 0.76879 0.23121 
 ----> 1.3#6.6#34.0#44.0#VAR 1064 0 0.813491 0.186509 
 ----> 1.3#6.6#34.0#44.0#VAR 1065 1 0.787993 0.212007 
 ----> 1.3#6.6#34.0#44.0#VAR 1066 1 0.795268 0.204732 
 ----> 1.3#6.6#34.0#44.0#VAR 1067 1 0.769813 0.230187 
 ----> 1.3#6.6#34.0#44.0#VAR 1068 0 0.798542 0.201458 
 ----> 1.3#6.6#34.0#44.0#VAR 1069 0 0.804448 0.195552 
 ----> 1.3#6.6#34.0#44.0#VAR 1070 1 0.779412 0.220588 
 ----> 1.3#6.6#34.0#44.0#VAR 1071 0 0.784419 0.215581 
 ----> 1.3#6.6#34.0#44.0#VAR 1072 0 0.804911 0.195089 
 ----> 1.3#6.6#34.0#44.0#VAR 1073 1 0.786773 0.213227 
 ----> 1.3#6.6#34.0#44.0#VAR 1074 0 0.83009 0.16991 
 ----> 1.3#6.6#34.0#44.0#VAR 1075 0 0.792941 0.207059 
 ----> 1.3#6.6#34.0#44.0#VAR 1076 0 0.798776 0.201224 
 ----> 1.3#6.6#34.0#44.0#VAR 1077 0 0.793037 0.206963 
 ----> 1.3#6.6#34.0#44.0#VAR 1078 0 0.781823 0.218177 
 ----> 1.3#6.6#34.0#44.0#VAR 1079 0 0.795298 0.204702 
 ----> 1.3#6.6#34.0#44.0#VAR 1080 0 0.790808 0.209192 
 ----> 1.3#6.6#34.0#44.0#VAR 1081 1 0.764052 0.235948 
 ----> 1.3#6.6#34.0#44.0#VAR 1082 0 0.764198 0.235802 
 ----> 1.3#6.6#34.0#44.0#VAR 1083 0 0.798588 0.201412 
 ----> 1.3#6.6#34.0#44.0#VAR 1084 0 0.799799 0.200201 
 ----> 1.3#6.6#34.0#44.0#VAR 1085 0 0.791022 0.208978 
 ----> 1.3#6.6#34.0#44.0#VAR 1086 0 0.767613 0.232387 
 ----> 1.3#6.6#34.0#44.0#VAR 1087 1 0.75385 0.24615 
 ----> 1.3#6.6#34.0#44.0#VAR 1088 1 0.782541 0.217459 
 ----> 1.3#6.6#34.0#44.0#VAR 1089 0 0.815587 0.184413 
 ----> 1.3#6.6#34.0#44.0#VAR 1090 0 0.764276 0.235724 
 ----> 1.3#6.6#34.0#44.0#VAR 1091 0 0.787465 0.212535 
 ----> 1.3#6.6#34.0#44.0#VAR 1092 1 0.729399 0.270601 
 ----> 1.3#6.6#34.0#44.0#VAR 1093 0 0.793173 0.206827 
 ----> 1.3#6.6#34.0#44.0#VAR 1094 0 0.823752 0.176248 
 ----> 1.3#6.6#34.0#44.0#VAR 1095 1 0.778244 0.221756 
 ----> 1.3#6.6#34.0#44.0#VAR 1096 0 0.793503 0.206497 
 ----> 1.3#6.6#34.0#44.0#VAR 1097 0 0.811094 0.188906 
 ----> 1.3#6.6#34.0#44.0#VAR 1098 1 0.771231 0.228769 
 ----> 1.3#6.6#34.0#44.0#VAR 1099 0 0.793151 0.206849 
 ----> 1.3#6.6#34.0#44.0#VAR 1100 1 0.782166 0.217834 
 ----> 1.3#6.6#34.0#44.0#VAR 1101 0 0.805775 0.194225 
 ----> 1.3#6.6#34.0#44.0#VAR 1102 1 0.781969 0.218031 
 ----> 1.3#6.6#34.0#44.0#VAR 1103 1 0.764065 0.235935 
 ----> 1.3#6.6#34.0#44.0#VAR 1104 0 0.779923 0.220077 
 ----> 1.3#6.6#34.0#44.0#VAR 1105 0 0.783736 0.216264 
 ----> 1.3#6.6#34.0#44.0#VAR 1106 0 0.773891 0.226109 
 ----> 1.3#6.6#34.0#44.0#VAR 1107 0 0.795235 0.204765 
 ----> 1.3#6.6#34.0#44.0#VAR 1108 0 0.79029 0.20971 
 ----> 1.3#6.6#34.0#44.0#VAR 1109 0 0.765062 0.234938 
 ----> 1.3#6.6#34.0#44.0#VAR 1110 0 0.767071 0.232929 
 ----> 1.3#6.6#34.0#44.0#VAR 1111 0 0.812007 0.187993 
 ----> 1.3#6.6#34.0#44.0#VAR 1112 0 0.808986 0.191014 
 ----> 1.3#6.6#34.0#44.0#VAR 1113 1 0.771376 0.228624 
 ----> 1.3#6.6#34.0#44.0#VAR 1114 0 0.789118 0.210882 
 ----> 1.3#6.6#34.0#44.0#VAR 1115 0 0.810727 0.189273 
 ----> 1.3#6.6#34.0#44.0#VAR 1116 0 0.784737 0.215263 
 ----> 1.3#6.6#34.0#44.0#VAR 1117 0 0.79783 0.20217 
 ----> 1.3#6.6#34.0#44.0#VAR 1118 0 0.814535 0.185465 
 ----> 1.3#6.6#34.0#44.0#VAR 1119 0 0.807902 0.192098 
 ----> 1.3#6.6#34.0#44.0#VAR 1120 0 0.806618 0.193382 
 ----> 1.3#6.6#34.0#44.0#VAR 1121 0 0.7952 0.2048 
 ----> 1.3#6.6#34.0#44.0#VAR 1122 0 0.802927 0.197073 
 ----> 1.3#6.6#34.0#44.0#VAR 1123 0 0.771504 0.228496 
 ----> 1.3#6.6#34.0#44.0#VAR 1124 0 0.810915 0.189085 
 ----> 1.3#6.6#34.0#44.0#VAR 1125 0 0.799176 0.200824 
 ----> 1.3#6.6#34.0#44.0#VAR 1126 0 0.804467 0.195533 
 ----> 1.3#6.6#34.0#44.0#VAR 1127 0 0.797609 0.202391 
 ----> 1.3#6.6#34.0#44.0#VAR 1128 0 0.827988 0.172012 
 ----> 1.3#6.6#34.0#44.0#VAR 1129 0 0.811146 0.188854 
 ----> 1.3#6.6#34.0#44.0#VAR 1130 1 0.789962 0.210038 
 ----> 1.3#6.6#34.0#44.0#VAR 1131 0 0.797876 0.202124 
 ----> 1.3#6.6#34.0#44.0#VAR 1132 1 0.730416 0.269584 
 ----> 1.3#6.6#34.0#44.0#VAR 1133 0 0.789669 0.210331 
 ----> 1.3#6.6#34.0#44.0#VAR 1134 1 0.742968 0.257032 
 ----> 1.3#6.6#34.0#44.0#VAR 1135 0 0.804188 0.195812 
 ----> 1.3#6.6#34.0#44.0#VAR 1136 0 0.797214 0.202786 
 ----> 1.3#6.6#34.0#44.0#VAR 1137 0 0.798031 0.201969 
 ----> 1.3#6.6#34.0#44.0#VAR 1138 0 0.785381 0.214619 
 ----> 1.3#6.6#34.0#44.0#VAR 1139 0 0.791214 0.208786 
 ----> 1.3#6.6#34.0#44.0#VAR 1140 1 0.800199 0.199801 
 ----> 1.3#6.6#34.0#44.0#VAR 1141 0 0.816423 0.183577 
 ----> 1.3#6.6#34.0#44.0#VAR 1142 1 0.779227 0.220773 
 ----> 1.3#6.6#34.0#44.0#VAR 1143 0 0.775193 0.224807 
 ----> 1.3#6.6#34.0#44.0#VAR 1144 0 0.77425 0.22575 
 ----> 1.3#6.6#34.0#44.0#VAR 1145 0 0.779926 0.220074 
 ----> 1.3#6.6#34.0#44.0#VAR 1146 0 0.761641 0.238359 
 ----> 1.3#6.6#34.0#44.0#VAR 1147 0 0.797422 0.202578 
 ----> 1.3#6.6#34.0#44.0#VAR 1148 0 0.799433 0.200567 
 ----> 1.3#6.6#34.0#44.0#VAR 1149 0 0.79692 0.20308 
 ----> 1.3#6.6#34.0#44.0#VAR 1150 0 0.791682 0.208318 
 ----> 1.3#6.6#34.0#44.0#VAR 1151 1 0.803526 0.196474 
 ----> 1.3#6.6#34.0#44.0#VAR 1152 1 0.792019 0.207981 
 ----> 1.3#6.6#34.0#44.0#VAR 1153 0 0.80589 0.19411 
 ----> 1.3#6.6#34.0#44.0#VAR 1154 0 0.792608 0.207392 
 ----> 1.3#6.6#34.0#44.0#VAR 1155 1 0.794443 0.205557 
 ----> 1.3#6.6#34.0#44.0#VAR 1156 0 0.806109 0.193891 
 ----> 1.3#6.6#34.0#44.0#VAR 1157 0 0.788104 0.211896 
 ----> 1.3#6.6#34.0#44.0#VAR 1158 0 0.793281 0.206719 
 ----> 1.3#6.6#34.0#44.0#VAR 1159 0 0.800999 0.199001 
 ----> 1.3#6.6#34.0#44.0#VAR 1160 0 0.757483 0.242517 
 ----> 1.3#6.6#34.0#44.0#VAR 1161 0 0.794152 0.205848 
 ----> 1.3#6.6#34.0#44.0#VAR 1162 0 0.765098 0.234902 
 ----> 1.3#6.6#34.0#44.0#VAR 1163 0 0.787094 0.212906 
 ----> 1.3#6.6#34.0#44.0#VAR 1164 0 0.778927 0.221073 
 ----> 1.3#6.6#34.0#44.0#VAR 1165 1 0.759131 0.240869 
 ----> 1.3#6.6#34.0#44.0#VAR 1166 0 0.783816 0.216184 
 ----> 1.3#6.6#34.0#44.0#VAR 1167 1 0.797096 0.202904 
 ----> 1.3#6.6#34.0#44.0#VAR 1168 1 0.761097 0.238903 
 ----> 1.3#6.6#34.0#44.0#VAR 1169 0 0.802026 0.197974 
 ----> 1.3#6.6#34.0#44.0#VAR 1170 1 0.748814 0.251186 
 ----> 1.3#6.6#34.0#44.0#VAR 1171 0 0.784874 0.215126 
 ----> 1.3#6.6#34.0#44.0#VAR 1172 1 0.773236 0.226764 
 ----> 1.3#6.6#34.0#44.0#VAR 1173 0 0.805261 0.194739 
 ----> 1.3#6.6#34.0#44.0#VAR 1174 0 0.786416 0.213584 
 ----> 1.3#6.6#34.0#44.0#VAR 1175 0 0.793709 0.206291 
 ----> 1.3#6.6#34.0#44.0#VAR 1176 0 0.77851 0.22149 
 ----> 1.3#6.6#34.0#44.0#VAR 1177 0 0.815265 0.184735 
 ----> 1.3#6.6#34.0#44.0#VAR 1178 0 0.783141 0.216859 
 ----> 1.3#6.6#34.0#44.0#VAR 1179 0 0.789245 0.210755 
 ----> 1.3#6.6#34.0#44.0#VAR 1180 0 0.788493 0.211507 
 ----> 1.3#6.6#34.0#44.0#VAR 1181 0 0.779791 0.220209 
 ----> 1.3#6.6#34.0#44.0#VAR 1182 0 0.780933 0.219067 
 ----> 1.3#6.6#34.0#44.0#VAR 1183 0 0.783302 0.216698 
 ----> 1.3#6.6#34.0#44.0#VAR 1184 0 0.808384 0.191616 
 ----> 1.3#6.6#34.0#44.0#VAR 1185 0 0.788426 0.211574 
 ----> 1.3#6.6#34.0#44.0#VAR 1186 0 0.783743 0.216257 
 ----> 1.3#6.6#34.0#44.0#VAR 1187 0 0.80308 0.19692 
 ----> 1.3#6.6#34.0#44.0#VAR 1188 0 0.805051 0.194949 
 ----> 1.3#6.6#34.0#44.0#VAR 1189 0 0.782774 0.217226 
 ----> 1.3#6.6#34.0#44.0#VAR 1190 0 0.779309 0.220691 
 ----> 1.3#6.6#34.0#44.0#VAR 1191 0 0.806527 0.193473 
 ----> 1.3#6.6#34.0#44.0#VAR 1192 0 0.784871 0.215129 
 ----> 1.3#6.6#34.0#44.0#VAR 1193 0 0.829539 0.170461 
 ----> 1.3#6.6#34.0#44.0#VAR 1194 0 0.798855 0.201145 
 ----> 1.3#6.6#34.0#44.0#VAR 1195 0 0.783655 0.216345 
 ----> 1.3#6.6#34.0#44.0#VAR 1196 0 0.797879 0.202121 
 ----> 1.3#6.6#34.0#44.0#VAR 1197 0 0.795258 0.204742 
 ----> 1.3#6.6#34.0#44.0#VAR 1198 0 0.791396 0.208604 
 ----> 1.3#6.6#34.0#44.0#VAR 1199 0 0.801671 0.198329 
 ----> 1.3#6.6#34.0#44.0#VAR 1200 0 0.788653 0.211347 
 ----> 1.3#6.6#34.0#44.0#VAR 1201 0 0.77651 0.22349 
 ----> 1.3#6.6#34.0#44.0#VAR 1202 1 0.790484 0.209516 
 ----> 1.3#6.6#34.0#44.0#VAR 1203 0 0.808887 0.191113 
 ----> 1.3#6.6#34.0#44.0#VAR 1204 0 0.775933 0.224067 
 ----> 1.3#6.6#34.0#44.0#VAR 1205 0 0.809796 0.190204 
 ----> 1.3#6.6#34.0#44.0#VAR 1206 0 0.792206 0.207794 
 ----> 1.3#6.6#34.0#44.0#VAR 1207 0 0.771767 0.228233 
 ----> 1.3#6.6#34.0#44.0#VAR 1208 0 0.803909 0.196091 
 ----> 1.3#6.6#34.0#44.0#VAR 1209 1 0.74302 0.25698 
 ----> 1.3#6.6#34.0#44.0#VAR 1210 1 0.779663 0.220337 
 ----> 1.3#6.6#34.0#44.0#VAR 1211 0 0.773109 0.226891 
 ----> 1.3#6.6#34.0#44.0#VAR 1212 0 0.791767 0.208233 
 ----> 1.3#6.6#34.0#44.0#VAR 1213 0 0.80424 0.19576 
 ----> 1.3#6.6#34.0#44.0#VAR 1214 1 0.769044 0.230956 
 ----> 1.3#6.6#34.0#44.0#VAR 1215 1 0.765706 0.234294 
 ----> 1.3#6.6#34.0#44.0#VAR 1216 0 0.785166 0.214834 
 ----> 1.3#6.6#34.0#44.0#VAR 1217 0 0.817356 0.182644 
 ----> 1.3#6.6#34.0#44.0#VAR 1218 0 0.774859 0.225141 
 ----> 1.3#6.6#34.0#44.0#VAR 1219 1 0.781472 0.218528 
 ----> 1.3#6.6#34.0#44.0#VAR 1220 1 0.784487 0.215513 
 ----> 1.3#6.6#34.0#44.0#VAR 1221 0 0.781431 0.218569 
 ----> 1.3#6.6#34.0#44.0#VAR 1222 0 0.808082 0.191918 
 ----> 1.3#6.6#34.0#44.0#VAR 1223 0 0.799913 0.200087 
 ----> 1.3#6.6#34.0#44.0#VAR 1224 0 0.814409 0.185591 
 ----> 1.3#6.6#34.0#44.0#VAR 1225 1 0.780051 0.219949 
 ----> 1.3#6.6#34.0#44.0#VAR 1226 1 0.768776 0.231224 
 ----> 1.3#6.6#34.0#44.0#VAR 1227 0 0.807375 0.192625 
 ----> 1.3#6.6#34.0#44.0#VAR 1228 0 0.819533 0.180467 
 ----> 1.3#6.6#34.0#44.0#VAR 1229 0 0.759497 0.240503 
 ----> 1.3#6.6#34.0#44.0#VAR 1230 0 0.820633 0.179367 
 ----> 1.3#6.6#34.0#44.0#VAR 1231 0 0.802959 0.197041 
 ----> 1.3#6.6#34.0#44.0#VAR 1232 0 0.80372 0.19628 
 ----> 1.3#6.6#34.0#44.0#VAR 1233 0 0.817478 0.182522 
 ----> 1.3#6.6#34.0#44.0#VAR 1234 0 0.818346 0.181654 
 ----> 1.3#6.6#34.0#44.0#VAR 1235 0 0.802468 0.197532 
 ----> 1.3#6.6#34.0#44.0#VAR 1236 0 0.803228 0.196772 
 ----> 1.3#6.6#34.0#44.0#VAR 1237 0 0.806887 0.193113 
 ----> 1.3#6.6#34.0#44.0#VAR 1238 0 0.792843 0.207157 
 ----> 1.3#6.6#34.0#44.0#VAR 1239 0 0.799965 0.200035 
 ----> 1.3#6.6#34.0#44.0#VAR 1240 0 0.802203 0.197797 
 ----> 1.3#6.6#34.0#44.0#VAR 1241 0 0.801 0.199 
 ----> 1.3#6.6#34.0#44.0#VAR 1242 1 0.796181 0.203819 
 ----> 1.3#6.6#34.0#44.0#VAR 1243 0 0.797323 0.202677 
 ----> 1.3#6.6#34.0#44.0#VAR 1244 0 0.798768 0.201232 
 ----> 1.3#6.6#34.0#44.0#VAR 1245 1 0.77046 0.22954 
 ----> 1.3#6.6#34.0#44.0#VAR 1246 0 0.806929 0.193071 
 ----> 1.3#6.6#34.0#44.0#VAR 1247 0 0.76677 0.23323 
 ----> 1.3#6.6#34.0#44.0#VAR 1248 0 0.816384 0.183616 
 ----> 1.3#6.6#34.0#44.0#VAR 1249 1 0.76399 0.23601 
 ----> 1.3#6.6#34.0#44.0#VAR 1250 0 0.807874 0.192126 
 ----> 1.3#6.6#34.0#44.0#VAR 1251 0 0.795943 0.204057 
 ----> 1.3#6.6#34.0#44.0#VAR 1252 0 0.778435 0.221565 
 ----> 1.3#6.6#34.0#44.0#VAR 1253 1 0.763633 0.236367 
 ----> 1.3#6.6#34.0#44.0#VAR 1254 1 0.771313 0.228687 
 ----> 1.3#6.6#34.0#44.0#VAR 1255 0 0.811362 0.188638 
 ----> 1.3#6.6#34.0#44.0#VAR 1256 0 0.797923 0.202077 
 ----> 1.3#6.6#34.0#44.0#VAR 1257 0 0.791648 0.208352 
 ----> 1.3#6.6#34.0#44.0#VAR 1258 0 0.807321 0.192679 
 ----> 1.3#6.6#34.0#44.0#VAR 1259 0 0.810001 0.189999 
 ----> 1.3#6.6#34.0#44.0#VAR 1260 0 0.793651 0.206349 
 ----> 1.3#6.6#34.0#44.0#VAR 1261 0 0.777164 0.222836 
 ----> 1.3#6.6#34.0#44.0#VAR 1262 0 0.798123 0.201877 
 ----> 1.3#6.6#34.0#44.0#VAR 1263 0 0.797007 0.202993 
 ----> 1.3#6.6#34.0#44.0#VAR 1264 0 0.779133 0.220867 
 ----> 1.3#6.6#34.0#44.0#VAR 1265 1 0.780152 0.219848 
 ----> 1.3#6.6#34.0#44.0#VAR 1266 0 0.786554 0.213446 
 ----> 1.3#6.6#34.0#44.0#VAR 1267 1 0.766291 0.233709 
 ----> 1.3#6.6#34.0#44.0#VAR 1268 1 0.777959 0.222041 
 ----> 1.3#6.6#34.0#44.0#VAR 1269 0 0.78967 0.21033 
 ----> 1.3#6.6#34.0#44.0#VAR 1270 0 0.813216 0.186784 
 ----> 1.3#6.6#34.0#44.0#VAR 1271 1 0.756406 0.243594 
 ----> 1.3#6.6#34.0#44.0#VAR 1272 1 0.758906 0.241094 
 ----> 1.3#6.6#34.0#44.0#VAR 1273 0 0.791734 0.208266 
 ----> 1.3#6.6#34.0#44.0#VAR 1274 0 0.770075 0.229925 
 ----> 1.3#6.6#34.0#44.0#VAR 1275 0 0.774891 0.225109 
 ----> 1.3#6.6#34.0#44.0#VAR 1276 0 0.802616 0.197384 
 ----> 1.3#6.6#34.0#44.0#VAR 1277 0 0.794039 0.205961 
 ----> 1.3#6.6#34.0#44.0#VAR 1278 0 0.778219 0.221781 
 ----> 1.3#6.6#34.0#44.0#VAR 1279 1 0.764389 0.235611 
 ----> 1.3#6.6#34.0#44.0#VAR 1280 0 0.783035 0.216965 
 ----> 1.3#6.6#34.0#44.0#VAR 1281 0 0.778195 0.221805 
 ----> 1.3#6.6#34.0#44.0#VAR 1282 0 0.800591 0.199409 
 ----> 1.3#6.6#34.0#44.0#VAR 1283 0 0.801835 0.198165 
 ----> 1.3#6.6#34.0#44.0#VAR 1284 1 0.789527 0.210473 
 ----> 1.3#6.6#34.0#44.0#VAR 1285 0 0.776909 0.223091 
 ----> 1.3#6.6#34.0#44.0#VAR 1286 0 0.816157 0.183843 
 ----> 1.3#6.6#34.0#44.0#VAR 1287 0 0.805445 0.194555 
 ----> 1.3#6.6#34.0#44.0#VAR 1288 1 0.787318 0.212682 
 ----> 1.3#6.6#34.0#44.0#VAR 1289 0 0.771711 0.228289 
 ----> 1.3#6.6#34.0#44.0#VAR 1290 0 0.787877 0.212123 
 ----> 1.3#6.6#34.0#44.0#VAR 1291 1 0.794022 0.205978 
 ----> 1.3#6.6#34.0#44.0#VAR 1292 0 0.805346 0.194654 
 ----> 1.3#6.6#34.0#44.0#VAR 1293 0 0.808078 0.191922 
 ----> 1.3#6.6#34.0#44.0#VAR 1294 0 0.803531 0.196469 
 ----> 1.3#6.6#34.0#44.0#VAR 1295 0 0.78862 0.21138 
 ----> 1.3#6.6#34.0#44.0#VAR 1296 1 0.751327 0.248673 
 ----> 1.3#6.6#34.0#44.0#VAR 1297 1 0.789279 0.210721 
 ----> 1.3#6.6#34.0#44.0#VAR 1298 1 0.782948 0.217052 
 ----> 1.3#6.6#34.0#44.0#VAR 1299 1 0.805566 0.194434 
 ----> 1.3#6.6#34.0#44.0#VAR 1300 0 0.795244 0.204756 
 ----> 1.3#6.6#34.0#44.0#VAR 1301 1 0.797171 0.202829 
 ----> 1.3#6.6#34.0#44.0#VAR 1302 0 0.814188 0.185812 
 ----> 1.3#6.6#34.0#44.0#VAR 1303 0 0.790637 0.209363 
 ----> 1.3#6.6#34.0#44.0#VAR 1304 1 0.789544 0.210456 
 ----> 1.3#6.6#34.0#44.0#VAR 1305 0 0.828895 0.171105 
 ----> 1.3#6.6#34.0#44.0#VAR 1306 0 0.807263 0.192737 
 ----> 1.3#6.6#34.0#44.0#VAR 1307 0 0.799094 0.200906 
 ----> 1.3#6.6#34.0#44.0#VAR 1308 0 0.818778 0.181222 
 ----> 1.3#6.6#34.0#44.0#VAR 1309 0 0.815564 0.184436 
 ----> 1.3#6.6#34.0#44.0#VAR 1310 0 0.821754 0.178246 
 ----> 1.3#6.6#34.0#44.0#VAR 1311 0 0.820344 0.179656 
 ----> 1.3#6.6#34.0#44.0#VAR 1312 0 0.824515 0.175485 
 ----> 1.3#6.6#34.0#44.0#VAR 1313 0 0.770521 0.229479 
 ----> 1.3#6.6#34.0#44.0#VAR 1314 0 0.799962 0.200038 
 ----> 1.3#6.6#34.0#44.0#VAR 1315 0 0.83767 0.16233 
 ----> 1.3#6.6#34.0#44.0#VAR 1316 0 0.808547 0.191453 
 ----> 1.3#6.6#34.0#44.0#VAR 1317 1 0.790806 0.209194 
 ----> 1.3#6.6#34.0#44.0#VAR 1318 0 0.807527 0.192473 
 ----> 1.3#6.6#34.0#44.0#VAR 1319 0 0.808747 0.191253 
 ----> 1.3#6.6#34.0#44.0#VAR 1320 0 0.823285 0.176715 
 ----> 1.3#6.6#34.0#44.0#VAR 1321 0 0.826992 0.173008 
 ----> 1.3#6.6#34.0#44.0#VAR 1322 0 0.81508 0.18492 
 ----> 1.3#6.6#34.0#44.0#VAR 1323 1 0.779966 0.220034 
 ----> 1.3#6.6#34.0#44.0#VAR 1324 0 0.790761 0.209239 
 ----> 1.3#6.6#34.0#44.0#VAR 1325 0 0.800101 0.199899 
 ----> 1.3#6.6#34.0#44.0#VAR 1326 0 0.781831 0.218169 
 ----> 1.3#6.6#34.0#44.0#VAR 1327 0 0.789184 0.210816 
 ----> 1.3#6.6#34.0#44.0#VAR 1328 0 0.787812 0.212188 
 ----> 1.3#6.6#34.0#44.0#VAR 1329 1 0.792322 0.207678 
 ----> 1.3#6.6#34.0#44.0#VAR 1330 0 0.79133 0.20867 
 ----> 1.3#6.6#34.0#44.0#VAR 1331 0 0.795238 0.204762 
 ----> 1.3#6.6#34.0#44.0#VAR 1332 0 0.806418 0.193582 
 ----> 1.3#6.6#34.0#44.0#VAR 1333 0 0.828179 0.171821 
 ----> 1.3#6.6#34.0#44.0#VAR 1334 1 0.752338 0.247662 
 ----> 1.3#6.6#34.0#44.0#VAR 1335 0 0.816959 0.183041 
 ----> 1.3#6.6#34.0#44.0#VAR 1336 1 0.767081 0.232919 
 ----> 1.3#6.6#34.0#44.0#VAR 1337 0 0.779497 0.220503 
 ----> 1.3#6.6#34.0#44.0#VAR 1338 0 0.813236 0.186764 
 ----> 1.3#6.6#34.0#44.0#VAR 1339 0 0.797585 0.202415 
 ----> 1.3#6.6#34.0#44.0#VAR 1340 0 0.808249 0.191751 
 ----> 1.3#6.6#34.0#44.0#VAR 1341 0 0.798744 0.201256 
 ----> 1.3#6.6#34.0#44.0#VAR 1342 0 0.809665 0.190335 
 ----> 1.3#6.6#34.0#44.0#VAR 1343 1 0.739108 0.260892 
 ----> 1.3#6.6#34.0#44.0#VAR 1344 1 0.805927 0.194073 
 ----> 1.3#6.6#34.0#44.0#VAR 1345 0 0.796745 0.203255 
 ----> 1.3#6.6#34.0#44.0#VAR 1346 0 0.819989 0.180011 
 ----> 1.3#6.6#34.0#44.0#VAR 1347 0 0.795257 0.204743 
 ----> 1.3#6.6#34.0#44.0#VAR 1348 0 0.797003 0.202997 
 ----> 1.3#6.6#34.0#44.0#VAR 1349 0 0.795419 0.204581 
 ----> 1.3#6.6#34.0#44.0#VAR 1350 0 0.806498 0.193502 
 ----> 1.3#6.6#34.0#44.0#VAR 1351 0 0.808829 0.191171 
 ----> 1.3#6.6#34.0#44.0#VAR 1352 0 0.7994 0.2006 
 ----> 1.3#6.6#34.0#44.0#VAR 1353 0 0.819353 0.180647 
 ----> 1.3#6.6#34.0#44.0#VAR 1354 1 0.747463 0.252537 
 ----> 1.3#6.6#34.0#44.0#VAR 1355 0 0.789101 0.210899 
 ----> 1.3#6.6#34.0#44.0#VAR 1356 0 0.808245 0.191755 
 ----> 1.3#6.6#34.0#44.0#VAR 1357 0 0.792885 0.207115 
 ----> 1.3#6.6#34.0#44.0#VAR 1358 1 0.773213 0.226787 
 ----> 1.3#6.6#34.0#44.0#VAR 1359 0 0.791641 0.208359 
 ----> 1.3#6.6#34.0#44.0#VAR 1360 0 0.813788 0.186212 
 ----> 1.3#6.6#34.0#44.0#VAR 1361 1 0.798185 0.201815 
 ----> 1.3#6.6#34.0#44.0#VAR 1362 0 0.804809 0.195191 
 ----> 1.3#6.6#34.0#44.0#VAR 1363 0 0.813401 0.186599 
 ----> 1.3#6.6#34.0#44.0#VAR 1364 0 0.779008 0.220992 
 ----> 1.3#6.6#34.0#44.0#VAR 1365 0 0.78301 0.21699 
 ----> 1.3#6.6#34.0#44.0#VAR 1366 0 0.783959 0.216041 
 ----> 1.3#6.6#34.0#44.0#VAR 1367 0 0.811823 0.188177 
 ----> 1.3#6.6#34.0#44.0#VAR 1368 1 0.769237 0.230763 
 ----> 1.3#6.6#34.0#44.0#VAR 1369 0 0.802846 0.197154 
 ----> 1.3#6.6#34.0#44.0#VAR 1370 0 0.793802 0.206198 
 ----> 1.3#6.6#34.0#44.0#VAR 1371 0 0.819068 0.180932 
 ----> 1.3#6.6#34.0#44.0#VAR 1372 0 0.779544 0.220456 
 ----> 1.3#6.6#34.0#44.0#VAR 1373 0 0.812277 0.187723 
 ----> 1.3#6.6#34.0#44.0#VAR 1374 0 0.812475 0.187525 
 ----> 1.3#6.6#34.0#44.0#VAR 1375 0 0.818342 0.181658 
 ----> 1.3#6.6#34.0#44.0#VAR 1376 0 0.792406 0.207594 
 ----> 1.3#6.6#34.0#44.0#VAR 1377 1 0.756957 0.243043 
 ----> 1.3#6.6#34.0#44.0#VAR 1378 0 0.781788 0.218212 
 ----> 1.3#6.6#34.0#44.0#VAR 1379 0 0.78439 0.21561 
 ----> 1.3#6.6#34.0#44.0#VAR 1380 1 0.774638 0.225362 
 ----> 1.3#6.6#34.0#44.0#VAR 1381 0 0.824819 0.175181 
 ----> 1.3#6.6#34.0#44.0#VAR 1382 0 0.826 0.174 
 ----> 1.3#6.6#34.0#44.0#VAR 1383 0 0.820438 0.179562 
 ----> 1.3#6.6#34.0#44.0#VAR 1384 0 0.81632 0.18368 
 ----> 1.3#6.6#34.0#44.0#VAR 1385 0 0.799821 0.200179 
 ----> 1.3#6.6#34.0#44.0#VAR 1386 1 0.793322 0.206678 
 ----> 1.3#6.6#34.0#44.0#VAR 1387 1 0.763748 0.236252 
 ----> 1.3#6.6#34.0#44.0#VAR 1388 0 0.799278 0.200722 
 ----> 1.3#6.6#34.0#44.0#VAR 1389 0 0.805365 0.194635 
 ----> 1.3#6.6#34.0#44.0#VAR 1390 0 0.82153 0.17847 
 ----> 1.3#6.6#34.0#44.0#VAR 1391 0 0.830652 0.169348 
 ----> 1.3#6.6#34.0#44.0#VAR 1392 0 0.830422 0.169578 
 ----> 1.3#6.6#34.0#44.0#VAR 1393 0 0.834836 0.165164 
 ----> 1.3#6.6#34.0#44.0#VAR 1394 1 0.784521 0.215479 
 ----> 1.3#6.6#34.0#44.0#VAR 1395 0 0.804979 0.195021 
 ----> 1.3#6.6#34.0#44.0#VAR 1396 0 0.791628 0.208372 
 ----> 1.3#6.6#34.0#44.0#VAR 1397 0 0.810406 0.189594 
 ----> 1.3#6.6#34.0#44.0#VAR 1398 1 0.758369 0.241631 
 ----> 1.3#6.6#34.0#44.0#VAR 1399 0 0.801161 0.198839 
 ----> 1.3#6.6#34.0#44.0#VAR 1400 1 0.761669 0.238331 
 ----> 1.3#6.6#34.0#44.0#VAR 1401 0 0.801784 0.198216 
 ----> 1.3#6.6#34.0#44.0#VAR 1402 1 0.785165 0.214835 
 ----> 1.3#6.6#34.0#44.0#VAR 1403 0 0.817873 0.182127 
 ----> 1.3#6.6#34.0#44.0#VAR 1404 0 0.804667 0.195333 
 ----> 1.3#6.6#34.0#44.0#VAR 1405 1 0.771349 0.228651 
 ----> 1.3#6.6#34.0#44.0#VAR 1406 0 0.795557 0.204443 
 ----> 1.3#6.6#34.0#44.0#VAR 1407 0 0.799076 0.200924 
 ----> 1.3#6.6#34.0#44.0#VAR 1408 0 0.776195 0.223805 
 ----> 1.3#6.6#34.0#44.0#VAR 1409 0 0.774091 0.225909 
 ----> 1.3#6.6#34.0#44.0#VAR 1410 0 0.785782 0.214218 
 ----> 1.3#6.6#34.0#44.0#VAR 1411 0 0.777766 0.222234 
 ----> 1.3#6.6#34.0#44.0#VAR 1412 1 0.773359 0.226641 
 ----> 1.3#6.6#34.0#44.0#VAR 1413 0 0.788633 0.211367 
 ----> 1.3#6.6#34.0#44.0#VAR 1414 0 0.795418 0.204582 
 ----> 1.3#6.6#34.0#44.0#VAR 1415 0 0.800444 0.199556 
 ----> 1.3#6.6#34.0#44.0#VAR 1416 0 0.811458 0.188542 
 ----> 1.3#6.6#34.0#44.0#VAR 1417 0 0.779941 0.220059 
 ----> 1.3#6.6#34.0#44.0#VAR 1418 1 0.779139 0.220861 
 ----> 1.3#6.6#34.0#44.0#VAR 1419 0 0.783182 0.216818 
 ----> 1.3#6.6#34.0#44.0#VAR 1420 0 0.794613 0.205387 
 ----> 1.3#6.6#34.0#44.0#VAR 1421 0 0.790881 0.209119 
 ----> 1.3#6.6#34.0#44.0#VAR 1422 1 0.763768 0.236232 
 ----> 1.3#6.6#34.0#44.0#VAR 1423 0 0.796612 0.203388 
 ----> 1.3#6.6#34.0#44.0#VAR 1424 1 0.779139 0.220861 
 ----> 1.3#6.6#34.0#44.0#VAR 1425 0 0.79589 0.20411 
 ----> 1.3#6.6#34.0#44.0#VAR 1426 1 0.781779 0.218221 
 ----> 1.3#6.6#34.0#44.0#VAR 1427 1 0.782194 0.217806 
 ----> 1.3#6.6#34.0#44.0#VAR 1428 0 0.794557 0.205443 
 ----> 1.3#6.6#34.0#44.0#VAR 1429 0 0.770735 0.229265 
 ----> 1.3#6.6#34.0#44.0#VAR 1430 0 0.781173 0.218827 
 ----> 1.3#6.6#34.0#44.0#VAR 1431 0 0.793711 0.206289 
 ----> 1.3#6.6#34.0#44.0#VAR 1432 0 0.776818 0.223182 
 ----> 1.3#6.6#34.0#44.0#VAR 1433 0 0.795465 0.204535 
 ----> 1.3#6.6#34.0#44.0#VAR 1434 0 0.833383 0.166617 
 ----> 1.3#6.6#34.0#44.0#VAR 1435 0 0.795418 0.204582 
 ----> 1.3#6.6#34.0#44.0#VAR 1436 0 0.803363 0.196637 
 ----> 1.3#6.6#34.0#44.0#VAR 1437 0 0.788853 0.211147 
 ----> 1.3#6.6#34.0#44.0#VAR 1438 0 0.793619 0.206381 
 ----> 1.3#6.6#34.0#44.0#VAR 1439 0 0.780772 0.219228 
 ----> 1.3#6.6#34.0#44.0#VAR 1440 1 0.756074 0.243926 
 ----> 1.3#6.6#34.0#44.0#VAR 1441 1 0.770522 0.229478 
 ----> 1.3#6.6#34.0#44.0#VAR 1442 0 0.771717 0.228283 
 ----> 1.3#6.6#34.0#44.0#VAR 1443 1 0.776384 0.223616 
 ----> 1.3#6.6#34.0#44.0#VAR 1444 1 0.791754 0.208246 
 ----> 1.3#6.6#34.0#44.0#VAR 1445 1 0.785467 0.214533 
 ----> 1.3#6.6#34.0#44.0#VAR 1446 0 0.796547 0.203453 
 ----> 1.3#6.6#34.0#44.0#VAR 1447 0 0.811909 0.188091 
 ----> 1.3#6.6#34.0#44.0#VAR 1448 0 0.822936 0.177064 
 ----> 1.3#6.6#34.0#44.0#VAR 1449 0 0.79752 0.20248 
 ----> 1.3#6.6#34.0#44.0#VAR 1450 0 0.789894 0.210106 
 ----> 1.3#6.6#34.0#44.0#VAR 1451 1 0.774464 0.225536 
 ----> 1.3#6.6#34.0#44.0#VAR 1452 0 0.79359 0.20641 
 ----> 1.3#6.6#34.0#44.0#VAR 1453 0 0.778413 0.221587 
 ----> 1.3#6.6#34.0#44.0#VAR 1454 0 0.810016 0.189984 
 ----> 1.3#6.6#34.0#44.0#VAR 1455 0 0.785118 0.214882 
 ----> 1.3#6.6#34.0#44.0#VAR 1456 1 0.76443 0.23557 
 ----> 1.3#6.6#34.0#44.0#VAR 1457 1 0.752673 0.247327 
 ----> 1.3#6.6#34.0#44.0#VAR 1458 1 0.761825 0.238175 
 ----> 1.3#6.6#34.0#44.0#VAR 1459 1 0.769953 0.230047 
 ----> 1.3#6.6#34.0#44.0#VAR 1460 0 0.802171 0.197829 
 ----> 1.3#6.6#34.0#44.0#VAR 1461 1 0.78236 0.21764 
 ----> 1.3#6.6#34.0#44.0#VAR 1462 0 0.810152 0.189848 
 ----> 1.3#6.6#34.0#44.0#VAR 1463 0 0.81159 0.18841 
 ----> 1.3#6.6#34.0#44.0#VAR 1464 0 0.792117 0.207883 
 ----> 1.3#6.6#34.0#44.0#VAR 1465 0 0.811267 0.188733 
 ----> 1.3#6.6#34.0#44.0#VAR 1466 0 0.79626 0.20374 
 ----> 1.3#6.6#34.0#44.0#VAR 1467 1 0.796847 0.203153 
 ----> 1.3#6.6#34.0#44.0#VAR 1468 1 0.797854 0.202146 
 ----> 1.3#6.6#34.0#44.0#VAR 1469 0 0.811876 0.188124 
 ----> 1.3#6.6#34.0#44.0#VAR 1470 0 0.809276 0.190724 
 ----> 1.3#6.6#34.0#44.0#VAR 1471 0 0.812539 0.187461 
 ----> 1.3#6.6#34.0#44.0#VAR 1472 0 0.789666 0.210334 
 ----> 1.3#6.6#34.0#44.0#VAR 1473 0 0.800091 0.199909 
 ----> 1.3#6.6#34.0#44.0#VAR 1474 0 0.8153 0.1847 
 ----> 1.3#6.6#34.0#44.0#VAR 1475 0 0.792557 0.207443 
 ----> 1.3#6.6#34.0#44.0#VAR 1476 1 0.785824 0.214176 
 ----> 1.3#6.6#34.0#44.0#VAR 1477 0 0.78925 0.21075 
 ----> 1.3#6.6#34.0#44.0#VAR 1478 0 0.806155 0.193845 
 ----> 1.3#6.6#34.0#44.0#VAR 1479 1 0.794816 0.205184 
 ----> 1.3#6.6#34.0#44.0#VAR 1480 0 0.792344 0.207656 
 ----> 1.3#6.6#34.0#44.0#VAR 1481 0 0.793839 0.206161 
 ----> 1.3#6.6#34.0#44.0#VAR 1482 0 0.807994 0.192006 
 ----> 1.3#6.6#34.0#44.0#VAR 1483 0 0.800641 0.199359 
 ----> 1.3#6.6#34.0#44.0#VAR 1484 0 0.821326 0.178674 
 ----> 1.3#6.6#34.0#44.0#VAR 1485 0 0.793272 0.206728 
 ----> 1.3#6.6#34.0#44.0#VAR 1486 0 0.81739 0.18261 
 ----> 1.3#6.6#34.0#44.0#VAR 1487 1 0.799277 0.200723 
 ----> 1.3#6.6#34.0#44.0#VAR 1488 1 0.771326 0.228674 
 ----> 1.3#6.6#34.0#44.0#VAR 1489 0 0.812568 0.187432 
 ----> 1.3#6.6#34.0#44.0#VAR 1490 0 0.77058 0.22942 
 ----> 1.3#6.6#34.0#44.0#VAR 1491 1 0.787778 0.212222 
 ----> 1.3#6.6#34.0#44.0#VAR 1492 0 0.804018 0.195982 
 ----> 1.3#6.6#34.0#44.0#VAR 1493 0 0.792648 0.207352 
 ----> 1.3#6.6#34.0#44.0#VAR 1494 0 0.796022 0.203978 
 ----> 1.3#6.6#34.0#44.0#VAR 1495 0 0.80058 0.19942 
 ----> 1.3#6.6#34.0#44.0#VAR 1496 0 0.788575 0.211425 
 ----> 1.3#6.6#34.0#44.0#VAR 1497 0 0.800127 0.199873 
 ----> 1.3#6.6#34.0#44.0#VAR 1498 0 0.795755 0.204245 
 ----> 1.3#6.6#34.0#44.0#VAR 1499 1 0.824783 0.175217 
 ----> 1.3#6.6#34.0#44.0#VAR 1500 0 0.79572 0.20428 
 ----> 1.3#6.6#34.0#44.0#VAR 1501 0 0.813131 0.186869 
 ----> 1.3#6.6#34.0#44.0#VAR 1502 0 0.787774 0.212226 
 ----> 1.3#6.6#34.0#44.0#VAR 1503 0 0.79865 0.20135 
 ----> 1.3#6.6#34.0#44.0#VAR 1504 0 0.789928 0.210072 
 ----> 1.3#6.6#34.0#44.0#VAR 1505 0 0.81101 0.18899 
 ----> 1.3#6.6#34.0#44.0#VAR 1506 0 0.793774 0.206226 
 ----> 1.3#6.6#34.0#44.0#VAR 1507 0 0.794241 0.205759 
 ----> 1.3#6.6#34.0#44.0#VAR 1508 0 0.787543 0.212457 
 ----> 1.3#6.6#34.0#44.0#VAR 1509 0 0.791739 0.208261 
 ----> 1.3#6.6#34.0#44.0#VAR 1510 0 0.812911 0.187089 
 ----> 1.3#6.6#34.0#44.0#VAR 1511 0 0.798287 0.201713 
 ----> 1.3#6.6#34.0#44.0#VAR 1512 0 0.780153 0.219847 
 ----> 1.3#6.6#34.0#44.0#VAR 1513 0 0.76374 0.23626 
 ----> 1.3#6.6#34.0#44.0#VAR 1514 0 0.781434 0.218566 
 ----> 1.3#6.6#34.0#44.0#VAR 1515 0 0.786495 0.213505 
 ----> 1.3#6.6#34.0#44.0#VAR 1516 0 0.789886 0.210114 
 ----> 1.3#6.6#34.0#44.0#VAR 1517 0 0.80403 0.19597 
 ----> 1.3#6.6#34.0#44.0#VAR 1518 0 0.800884 0.199116 
 ----> 1.3#6.6#34.0#44.0#VAR 1519 0 0.814004 0.185996 
 ----> 1.3#6.6#34.0#44.0#VAR 1520 1 0.799506 0.200494 
 ----> 1.3#6.6#34.0#44.0#VAR 1521 0 0.815965 0.184035 
 ----> 1.3#6.6#34.0#44.0#VAR 1522 0 0.794295 0.205705 
 ----> 1.3#6.6#34.0#44.0#VAR 1523 0 0.821863 0.178137 
 ----> 1.3#6.6#34.0#44.0#VAR 1524 0 0.785379 0.214621 
 ----> 1.3#6.6#34.0#44.0#VAR 1525 0 0.788363 0.211637 
 ----> 1.3#6.6#34.0#44.0#VAR 1526 1 0.794432 0.205568 
 ----> 1.3#6.6#34.0#44.0#VAR 1527 0 0.778473 0.221527 
 ----> 1.3#6.6#34.0#44.0#VAR 1528 0 0.793658 0.206342 
 ----> 1.3#6.6#34.0#44.0#VAR 1529 0 0.792655 0.207345 
 ----> 1.3#6.6#34.0#44.0#VAR 1530 0 0.81089 0.18911 
 ----> 1.3#6.6#34.0#44.0#VAR 1531 1 0.790026 0.209974 
 ----> 1.3#6.6#34.0#44.0#VAR 1532 0 0.812258 0.187742 
 ----> 1.3#6.6#34.0#44.0#VAR 1533 1 0.791426 0.208574 
 ----> 1.3#6.6#34.0#44.0#VAR 1534 0 0.814569 0.185431 
 ----> 1.3#6.6#34.0#44.0#VAR 1535 0 0.796208 0.203792 
 ----> 1.3#6.6#34.0#44.0#VAR 1536 1 0.79618 0.20382 
 ----> 1.3#6.6#34.0#44.0#VAR 1537 0 0.82059 0.17941 
 ----> 1.3#6.6#34.0#44.0#VAR 1538 0 0.795227 0.204773 
 ----> 1.3#6.6#34.0#44.0#VAR 1539 0 0.814646 0.185354 
 ----> 1.3#6.6#34.0#44.0#VAR 1540 0 0.815549 0.184451 
 ----> 1.3#6.6#34.0#44.0#VAR 1541 1 0.812949 0.187051 
 ----> 1.3#6.6#34.0#44.0#VAR 1542 0 0.78275 0.21725 
 ----> 1.3#6.6#34.0#44.0#VAR 1543 0 0.804916 0.195084 
 ----> 1.3#6.6#34.0#44.0#VAR 1544 0 0.781577 0.218423 
 ----> 1.3#6.6#34.0#44.0#VAR 1545 0 0.808645 0.191355 
 ----> 1.3#6.6#34.0#44.0#VAR 1546 0 0.80674 0.19326 
 ----> 1.3#6.6#34.0#44.0#VAR 1547 0 0.806802 0.193198 
 ----> 1.3#6.6#34.0#44.0#VAR 1548 0 0.798213 0.201787 
 ----> 1.3#6.6#34.0#44.0#VAR 1549 0 0.798125 0.201875 
 ----> 1.3#6.6#34.0#44.0#VAR 1550 0 0.820997 0.179003 
 ----> 1.3#6.6#34.0#44.0#VAR 1551 1 0.794142 0.205858 
 ----> 1.3#6.6#34.0#44.0#VAR 1552 0 0.824089 0.175911 
 ----> 1.3#6.6#34.0#44.0#VAR 1553 0 0.805938 0.194062 
 ----> 1.3#6.6#34.0#44.0#VAR 1554 1 0.815053 0.184947 
 ----> 1.3#6.6#34.0#44.0#VAR 1555 0 0.809839 0.190161 
 ----> 1.3#6.6#34.0#44.0#VAR 1556 0 0.791316 0.208684 
 ----> 1.3#6.6#34.0#44.0#VAR 1557 0 0.803424 0.196576 
 ----> 1.3#6.6#34.0#44.0#VAR 1558 0 0.796612 0.203388 
 ----> 1.3#6.6#34.0#44.0#VAR 1559 0 0.821632 0.178368 
 ----> 1.3#6.6#34.0#44.0#VAR 1560 0 0.81491 0.18509 
 ----> 1.3#6.6#34.0#44.0#VAR 1561 0 0.789453 0.210547 
 ----> 1.3#6.6#34.0#44.0#VAR 1562 0 0.815453 0.184547 
 ----> 1.3#6.6#34.0#44.0#VAR 1563 0 0.803455 0.196545 
 ----> 1.3#6.6#34.0#44.0#VAR 1564 1 0.777883 0.222117 
 ----> 1.3#6.6#34.0#44.0#VAR 1565 0 0.799202 0.200798 
 ----> 1.3#6.6#34.0#44.0#VAR 1566 1 0.796874 0.203126 
 ----> 1.3#6.6#34.0#44.0#VAR 1567 0 0.817713 0.182287 
 ----> 1.3#6.6#34.0#44.0#VAR 1568 0 0.830974 0.169026 
 ----> 1.3#6.6#34.0#44.0#VAR 1569 0 0.817519 0.182481 
 ----> 1.3#6.6#34.0#44.0#VAR 1570 0 0.806976 0.193024 
 ----> 1.3#6.6#34.0#44.0#VAR 1571 0 0.812858 0.187142 
 ----> 1.3#6.6#34.0#44.0#VAR 1572 0 0.802445 0.197555 
 ----> 1.3#6.6#34.0#44.0#VAR 1573 1 0.822438 0.177562 
 ----> 1.3#6.6#34.0#44.0#VAR 1574 0 0.818642 0.181358 
 ----> 1.3#6.6#34.0#44.0#VAR 1575 0 0.799861 0.200139 
 ----> 1.3#6.6#34.0#44.0#VAR 1576 0 0.809072 0.190928 
 ----> 1.3#6.6#34.0#44.0#VAR 1577 0 0.808623 0.191377 
 ----> 1.3#6.6#34.0#44.0#VAR 1578 1 0.818124 0.181876 
 ----> 1.3#6.6#34.0#44.0#VAR 1579 0 0.805711 0.194289 
 ----> 1.3#6.6#34.0#44.0#VAR 1580 0 0.817509 0.182491 
 ----> 1.3#6.6#34.0#44.0#VAR 1581 0 0.800502 0.199498 
 ----> 1.3#6.6#34.0#44.0#VAR 1582 0 0.785641 0.214359 
 ----> 1.3#6.6#34.0#44.0#VAR 1583 0 0.822625 0.177375 
 ----> 1.3#6.6#34.0#44.0#VAR 1584 0 0.782669 0.217331 
 ----> 1.3#6.6#34.0#44.0#VAR 1585 0 0.746117 0.253883 
 ----> 1.3#6.6#34.0#44.0#VAR 1586 0 0.819008 0.180992 
 ----> 1.3#6.6#34.0#44.0#VAR 1587 0 0.803709 0.196291 
 ----> 1.3#6.6#34.0#44.0#VAR 1588 1 0.829143 0.170857 
 ----> 1.3#6.6#34.0#44.0#VAR 1589 0 0.78997 0.21003 
 ----> 1.3#6.6#34.0#44.0#VAR 1590 0 0.829542 0.170458 
 ----> 1.3#6.6#34.0#44.0#VAR 1591 0 0.816968 0.183032 
 ----> 1.3#6.6#34.0#44.0#VAR 1592 0 0.798522 0.201478 
 ----> 1.3#6.6#34.0#44.0#VAR 1593 0 0.802888 0.197112 
 ----> 1.3#6.6#34.0#44.0#VAR 1594 0 0.789627 0.210373 
 ----> 1.3#6.6#34.0#44.0#VAR 1595 0 0.806713 0.193287 
 ----> 1.3#6.6#34.0#44.0#VAR 1596 0 0.789849 0.210151 
 ----> 1.3#6.6#34.0#44.0#VAR 1597 0 0.78475 0.21525 
 ----> 1.3#6.6#34.0#44.0#VAR 1598 1 0.792348 0.207652 
 ----> 1.3#6.6#34.0#44.0#VAR 1599 0 0.810582 0.189418 
 ----> 1.3#6.6#34.0#44.0#VAR 1600 0 0.788819 0.211181 
 ----> 1.3#6.6#34.0#44.0#VAR 1601 0 0.787956 0.212044 
 ----> 1.3#6.6#34.0#44.0#VAR 1602 0 0.805408 0.194592 
 ----> 1.3#6.6#34.0#44.0#VAR 1603 0 0.790357 0.209643 
 ----> 1.3#6.6#34.0#44.0#VAR 1604 0 0.770761 0.229239 
 ----> 1.3#6.6#34.0#44.0#VAR 1605 0 0.816237 0.183763 
 ----> 1.3#6.6#34.0#44.0#VAR 1606 1 0.80701 0.19299 
 ----> 1.3#6.6#34.0#44.0#VAR 1607 1 0.814819 0.185181 
 ----> 1.3#6.6#34.0#44.0#VAR 1608 1 0.818427 0.181573 
 ----> 1.3#6.6#34.0#44.0#VAR 1609 0 0.818837 0.181163 
 ----> 1.3#6.6#34.0#44.0#VAR 1610 0 0.812716 0.187284 
 ----> 1.3#6.6#34.0#44.0#VAR 1611 0 0.809855 0.190145 
 ----> 1.3#6.6#34.0#44.0#VAR 1612 0 0.768539 0.231461 
 ----> 1.3#6.6#34.0#44.0#VAR 1613 0 0.788588 0.211412 
 ----> 1.3#6.6#34.0#44.0#VAR 1614 0 0.78354 0.21646 
 ----> 1.3#6.6#34.0#44.0#VAR 1615 0 0.816233 0.183767 
 ----> 1.3#6.6#34.0#44.0#VAR 1616 1 0.79654 0.20346 
 ----> 1.3#6.6#34.0#44.0#VAR 1617 1 0.785635 0.214365 
 ----> 1.3#6.6#34.0#44.0#VAR 1618 0 0.807207 0.192793 
 ----> 1.3#6.6#34.0#44.0#VAR 1619 0 0.786738 0.213262 
 ----> 1.3#6.6#34.0#44.0#VAR 1620 0 0.811162 0.188838 
 ----> 1.3#6.6#34.0#44.0#VAR 1621 0 0.800717 0.199283 
 ----> 1.3#6.6#34.0#44.0#VAR 1622 0 0.791848 0.208152 
 ----> 1.3#6.6#34.0#44.0#VAR 1623 1 0.793375 0.206625 
 ----> 1.3#6.6#34.0#44.0#VAR 1624 1 0.802651 0.197349 
 ----> 1.3#6.6#34.0#44.0#VAR 1625 1 0.820025 0.179975 
 ----> 1.3#6.6#34.0#44.0#VAR 1626 0 0.812633 0.187367 
 ----> 1.3#6.6#34.0#44.0#VAR 1627 0 0.815304 0.184696 
 ----> 1.3#6.6#34.0#44.0#VAR 1628 0 0.809573 0.190427 
 ----> 1.3#6.6#34.0#44.0#VAR 1629 0 0.808727 0.191273 
 ----> 1.3#6.6#34.0#44.0#VAR 1630 0 0.813347 0.186653 
 ----> 1.3#6.6#34.0#44.0#VAR 1631 0 0.801904 0.198096 
 ----> 1.3#6.6#34.0#44.0#VAR 1632 0 0.814638 0.185362 
 ----> 1.3#6.6#34.0#44.0#VAR 1633 1 0.81361 0.18639 
 ----> 1.3#6.6#34.0#44.0#VAR 1634 0 0.80991 0.19009 
 ----> 1.3#6.6#34.0#44.0#VAR 1635 0 0.800896 0.199104 
 ----> 1.3#6.6#34.0#44.0#VAR 1636 0 0.820326 0.179674 
 ----> 1.3#6.6#34.0#44.0#VAR 1637 1 0.818825 0.181175 
 ----> 1.3#6.6#34.0#44.0#VAR 1638 1 0.805443 0.194557 
 ----> 1.3#6.6#34.0#44.0#VAR 1639 1 0.813117 0.186883 
 ----> 1.3#6.6#34.0#44.0#VAR 1640 0 0.805997 0.194003 
 ----> 1.3#6.6#34.0#44.0#VAR 1641 0 0.790015 0.209985 
 ----> 1.3#6.6#34.0#44.0#VAR 1642 0 0.823812 0.176188 
 ----> 1.3#6.6#34.0#44.0#VAR 1643 0 0.808755 0.191245 
 ----> 1.3#6.6#34.0#44.0#VAR 1644 1 0.819097 0.180903 
 ----> 1.3#6.6#34.0#44.0#VAR 1645 0 0.814923 0.185077 
 ----> 1.3#6.6#34.0#44.0#VAR 1646 0 0.815995 0.184005 
 ----> 1.3#6.6#34.0#44.0#VAR 1647 1 0.823034 0.176966 
 ----> 1.3#6.6#34.0#44.0#VAR 1648 0 0.808036 0.191964 
 ----> 1.3#6.6#34.0#44.0#VAR 1649 0 0.811755 0.188245 
 ----> 1.3#6.6#34.0#44.0#VAR 1650 0 0.79162 0.20838 
 ----> 1.3#6.6#34.0#44.0#VAR 1651 0 0.803589 0.196411 
 ----> 1.3#6.6#34.0#44.0#VAR 1652 1 0.788494 0.211506 
 ----> 1.3#6.6#34.0#44.0#VAR 1653 0 0.804235 0.195765 
 ----> 1.3#6.6#34.0#44.0#VAR 1654 0 0.816938 0.183062 
 ----> 1.3#6.6#34.0#44.0#VAR 1655 1 0.810519 0.189481 
 ----> 1.3#6.6#34.0#44.0#VAR 1656 0 0.811913 0.188087 
 ----> 1.3#6.6#34.0#44.0#VAR 1657 0 0.83129 0.16871 
 ----> 1.3#6.6#34.0#44.0#VAR 1658 1 0.815597 0.184403 
 ----> 1.3#6.6#34.0#44.0#VAR 1659 0 0.809557 0.190443 
 ----> 1.3#6.6#34.0#44.0#VAR 1660 0 0.789334 0.210666 
 ----> 1.3#6.6#34.0#44.0#VAR 1661 0 0.824026 0.175974 
 ----> 1.3#6.6#34.0#44.0#VAR 1662 0 0.803131 0.196869 
 ----> 1.3#6.6#34.0#44.0#VAR 1663 0 0.817244 0.182756 
 ----> 1.3#6.6#34.0#44.0#VAR 1664 0 0.797945 0.202055 
 ----> 1.3#6.6#34.0#44.0#VAR 1665 0 0.81509 0.18491 
 ----> 1.3#6.6#34.0#44.0#VAR 1666 0 0.8126 0.1874 
 ----> 1.3#6.6#34.0#44.0#VAR 1667 0 0.79982 0.20018 
 ----> 1.3#6.6#34.0#44.0#VAR 1668 1 0.82215 0.17785 
 ----> 1.3#6.6#34.0#44.0#VAR 1669 0 0.837578 0.162422 
 ----> 1.3#6.6#34.0#44.0#VAR 1670 1 0.839868 0.160132 
 ----> 1.3#6.6#34.0#44.0#VAR 1671 1 0.823878 0.176122 
 ----> 1.3#6.6#34.0#44.0#VAR 1672 0 0.81778 0.18222 
 ----> 1.3#6.6#34.0#44.0#VAR 1673 0 0.813134 0.186866 
 ----> 1.3#6.6#34.0#44.0#VAR 1674 0 0.828822 0.171178 
 ----> 1.3#6.6#34.0#44.0#VAR 1675 1 0.816328 0.183672 
 ----> 1.3#6.6#34.0#44.0#VAR 1676 0 0.798717 0.201283 
 ----> 1.3#6.6#34.0#44.0#VAR 1677 0 0.798406 0.201594 
 ----> 1.3#6.6#34.0#44.0#VAR 1678 0 0.820409 0.179591 
 ----> 1.3#6.6#34.0#44.0#VAR 1679 0 0.813563 0.186437 
 ----> 1.3#6.6#34.0#44.0#VAR 1680 1 0.833017 0.166983 
 ----> 1.3#6.6#34.0#44.0#VAR 1681 0 0.808594 0.191406 
 ----> 1.3#6.6#34.0#44.0#VAR 1682 0 0.823373 0.176627 
 ----> 1.3#6.6#34.0#44.0#VAR 1683 0 0.813262 0.186738 
 ----> 1.3#6.6#34.0#44.0#VAR 1684 0 0.788834 0.211166 
 ----> 1.3#6.6#34.0#44.0#VAR 1685 1 0.810969 0.189031 
 ----> 1.3#6.6#34.0#44.0#VAR 1686 0 0.807036 0.192964 
 ----> 1.3#6.6#34.0#44.0#VAR 1687 1 0.80946 0.19054 
 ----> 1.3#6.6#34.0#44.0#VAR 1688 0 0.809785 0.190215 
 ----> 1.3#6.6#34.0#44.0#VAR 1689 0 0.797487 0.202513 
 ----> 1.3#6.6#34.0#44.0#VAR 1690 0 0.817413 0.182587 
 ----> 1.3#6.6#34.0#44.0#VAR 1691 1 0.814396 0.185604 
 ----> 1.3#6.6#34.0#44.0#VAR 1692 0 0.805492 0.194508 
 ----> 1.3#6.6#34.0#44.0#VAR 1693 0 0.793246 0.206754 
 ----> 1.3#6.6#34.0#44.0#VAR 1694 1 0.807465 0.192535 
 ----> 1.3#6.6#34.0#44.0#VAR 1695 0 0.802401 0.197599 
 ----> 1.3#6.6#34.0#44.0#VAR 1696 1 0.78266 0.21734 
 ----> 1.3#6.6#34.0#44.0#VAR 1697 0 0.792641 0.207359 
 ----> 1.3#6.6#34.0#44.0#VAR 1698 0 0.796572 0.203428 
 ----> 1.3#6.6#34.0#44.0#VAR 1699 1 0.804873 0.195127 
 ----> 1.3#6.6#34.0#44.0#VAR 1700 0 0.828639 0.171361 
 ----> 1.3#6.6#34.0#44.0#VAR 1701 0 0.788527 0.211473 
 ----> 1.3#6.6#34.0#44.0#VAR 1702 1 0.827331 0.172669 
 ----> 1.3#6.6#34.0#44.0#VAR 1703 0 0.828201 0.171799 
 ----> 1.3#6.6#34.0#44.0#VAR 1704 0 0.827191 0.172809 
 ----> 1.3#6.6#34.0#44.0#VAR 1705 0 0.811439 0.188561 
 ----> 1.3#6.6#34.0#44.0#VAR 1706 0 0.822614 0.177386 
 ----> 1.3#6.6#34.0#44.0#VAR 1707 0 0.799389 0.200611 
 ----> 1.3#6.6#34.0#44.0#VAR 1708 0 0.813286 0.186714 
 ----> 1.3#6.6#34.0#44.0#VAR 1709 1 0.794543 0.205457 
 ----> 1.3#6.6#34.0#44.0#VAR 1710 0 0.825244 0.174756 
 ----> 1.3#6.6#34.0#44.0#VAR 1711 0 0.824792 0.175208 
 ----> 1.3#6.6#34.0#44.0#VAR 1712 0 0.808572 0.191428 
 ----> 1.3#6.6#34.0#44.0#VAR 1713 0 0.812045 0.187955 
 ----> 1.3#6.6#34.0#44.0#VAR 1714 1 0.821469 0.178531 
 ----> 1.3#6.6#34.0#44.0#VAR 1715 0 0.8123 0.1877 
 ----> 1.3#6.6#34.0#44.0#VAR 1716 0 0.815373 0.184627 
 ----> 1.3#6.6#34.0#44.0#VAR 1717 0 0.795941 0.204059 
 ----> 1.3#6.6#34.0#44.0#VAR 1718 0 0.834539 0.165461 
 ----> 1.3#6.6#34.0#44.0#VAR 1719 0 0.784181 0.215819 
 ----> 1.3#6.6#34.0#44.0#VAR 1720 1 0.812424 0.187576 
 ----> 1.3#6.6#34.0#44.0#VAR 1721 1 0.797062 0.202938 
 ----> 1.3#6.6#34.0#44.0#VAR 1722 0 0.810284 0.189716 
 ----> 1.3#6.6#34.0#44.0#VAR 1723 0 0.80945 0.19055 
 ----> 1.3#6.6#34.0#44.0#VAR 1724 0 0.790221 0.209779 
 ----> 1.3#6.6#34.0#44.0#VAR 1725 0 0.812476 0.187524 
 ----> 1.3#6.6#34.0#44.0#VAR 1726 0 0.81192 0.18808 
 ----> 1.3#6.6#34.0#44.0#VAR 1727 0 0.813152 0.186848 
 ----> 1.3#6.6#34.0#44.0#VAR 1728 0 0.80306 0.19694 
 ----> 1.3#6.6#34.0#44.0#VAR 1729 0 0.810142 0.189858 
 ----> 1.3#6.6#34.0#44.0#VAR 1730 0 0.801525 0.198475 
 ----> 1.3#6.6#34.0#44.0#VAR 1731 0 0.770147 0.229853 
 ----> 1.3#6.6#34.0#44.0#VAR 1732 0 0.790041 0.209959 
 ----> 1.3#6.6#34.0#44.0#VAR 1733 0 0.834864 0.165136 
 ----> 1.3#6.6#34.0#44.0#VAR 1734 0 0.80873 0.19127 
 ----> 1.3#6.6#34.0#44.0#VAR 1735 0 0.790343 0.209657 
 ----> 1.3#6.6#34.0#44.0#VAR 1736 1 0.801031 0.198969 
 ----> 1.3#6.6#34.0#44.0#VAR 1737 0 0.768089 0.231911 
 ----> 1.3#6.6#34.0#44.0#VAR 1738 0 0.814687 0.185313 
 ----> 1.3#6.6#34.0#44.0#VAR 1739 0 0.768726 0.231274 
 ----> 1.3#6.6#34.0#44.0#VAR 1740 1 0.828173 0.171827 
 ----> 1.3#6.6#34.0#44.0#VAR 1741 1 0.808283 0.191717 
 ----> 1.3#6.6#34.0#44.0#VAR 1742 0 0.829534 0.170466 
 ----> 1.3#6.6#34.0#44.0#VAR 1743 0 0.796163 0.203837 
 ----> 1.3#6.6#34.0#44.0#VAR 1744 0 0.814374 0.185626 
 ----> 1.3#6.6#34.0#44.0#VAR 1745 0 0.814491 0.185509 
 ----> 1.3#6.6#34.0#44.0#VAR 1746 0 0.813193 0.186807 
 ----> 1.3#6.6#34.0#44.0#VAR 1747 0 0.817455 0.182545 
 ----> 1.3#6.6#34.0#44.0#VAR 1748 1 0.818121 0.181879 
 ----> 1.3#6.6#34.0#44.0#VAR 1749 0 0.805627 0.194373 
 ----> 1.3#6.6#34.0#44.0#VAR 1750 0 0.800737 0.199263 
 ----> 1.3#6.6#34.0#44.0#VAR 1751 1 0.801163 0.198837 
 ----> 1.3#6.6#34.0#44.0#VAR 1752 1 0.829575 0.170425 
 ----> 1.3#6.6#34.0#44.0#VAR 1753 0 0.799751 0.200249 
 ----> 1.3#6.6#34.0#44.0#VAR 1754 0 0.83585 0.16415 
 ----> 1.3#6.6#34.0#44.0#VAR 1755 0 0.825394 0.174606 
 ----> 1.3#6.6#34.0#44.0#VAR 1756 1 0.831649 0.168351 
 ----> 1.3#6.6#34.0#44.0#VAR 1757 0 0.827858 0.172142 
 ----> 1.3#6.6#34.0#44.0#VAR 1758 0 0.781797 0.218203 
 ----> 1.3#6.6#34.0#44.0#VAR 1759 0 0.78335 0.21665 
 ----> 1.3#6.6#34.0#44.0#VAR 1760 1 0.803148 0.196852 
 ----> 1.3#6.6#34.0#44.0#VAR 1761 0 0.8004 0.1996 
 ----> 1.3#6.6#34.0#44.0#VAR 1762 0 0.820185 0.179815 
 ----> 1.3#6.6#34.0#44.0#VAR 1763 1 0.826617 0.173383 
 ----> 1.3#6.6#34.0#44.0#VAR 1764 0 0.830081 0.169919 
 ----> 1.3#6.6#34.0#44.0#VAR 1765 1 0.823076 0.176924 
 ----> 1.3#6.6#34.0#44.0#VAR 1766 0 0.813776 0.186224 
 ----> 1.3#6.6#34.0#44.0#VAR 1767 0 0.808528 0.191472 
 ----> 1.3#6.6#34.0#44.0#VAR 1768 1 0.813683 0.186317 
 ----> 1.3#6.6#34.0#44.0#VAR 1769 0 0.802171 0.197829 
 ----> 1.3#6.6#34.0#44.0#VAR 1770 0 0.803524 0.196476 
 ----> 1.3#6.6#34.0#44.0#VAR 1771 0 0.797435 0.202565 
 ----> 1.3#6.6#34.0#44.0#VAR 1772 0 0.793471 0.206529 
 ----> 1.3#6.6#34.0#44.0#VAR 1773 0 0.785481 0.214519 
 ----> 1.3#6.6#34.0#44.0#VAR 1774 0 0.810502 0.189498 
 ----> 1.3#6.6#34.0#44.0#VAR 1775 0 0.787602 0.212398 
 ----> 1.3#6.6#34.0#44.0#VAR 1776 0 0.813467 0.186533 
 ----> 1.3#6.6#34.0#44.0#VAR 1777 0 0.812571 0.187429 
 ----> 1.3#6.6#34.0#44.0#VAR 1778 0 0.801784 0.198216 
 ----> 1.3#6.6#34.0#44.0#VAR 1779 0 0.806698 0.193302 
 ----> 1.3#6.6#34.0#44.0#VAR 1780 0 0.798794 0.201206 
 ----> 1.3#6.6#34.0#44.0#VAR 1781 0 0.805031 0.194969 
 ----> 1.3#6.6#34.0#44.0#VAR 1782 0 0.807684 0.192316 
 ----> 1.3#6.6#34.0#44.0#VAR 1783 0 0.826853 0.173147 
 ----> 1.3#6.6#34.0#44.0#VAR 1784 0 0.757725 0.242275 
 ----> 1.3#6.6#34.0#44.0#VAR 1785 0 0.767502 0.232498 
 ----> 1.3#6.6#34.0#44.0#VAR 1786 0 0.745775 0.254225 
 ----> 1.3#6.6#34.0#44.0#VAR 1787 0 0.793912 0.206088 
 ----> 1.3#6.6#34.0#44.0#VAR 1788 1 0.782661 0.217339 
 ----> 1.3#6.6#34.0#44.0#VAR 1789 0 0.84134 0.15866 
 ----> 1.3#6.6#34.0#44.0#VAR 1790 0 0.839006 0.160994 
 ----> 1.3#6.6#34.0#44.0#VAR 1791 0 0.79285 0.20715 
 ----> 1.3#6.6#34.0#44.0#VAR 1792 0 0.810809 0.189191 
 ----> 1.3#6.6#34.0#44.0#VAR 1793 0 0.801833 0.198167 
 ----> 1.3#6.6#34.0#44.0#VAR 1794 0 0.822397 0.177603 
 ----> 1.3#6.6#34.0#44.0#VAR 1795 1 0.801511 0.198489 
 ----> 1.3#6.6#34.0#44.0#VAR 1796 0 0.812078 0.187922 
 ----> 1.3#6.6#34.0#44.0#VAR 1797 1 0.792847 0.207153 
 ----> 1.3#6.6#34.0#44.0#VAR 1798 1 0.804701 0.195299 
 ----> 1.3#6.6#34.0#44.0#VAR 1799 1 0.797572 0.202428 
 ----> 1.3#6.6#34.0#44.0#VAR 1800 0 0.837393 0.162607 
 ----> 1.3#6.6#34.0#44.0#VAR 1801 0 0.786331 0.213669 
 ----> 1.3#6.6#34.0#44.0#VAR 1802 0 0.795228 0.204772 
 ----> 1.3#6.6#34.0#44.0#VAR 1803 0 0.805149 0.194851 
 ----> 1.3#6.6#34.0#44.0#VAR 1804 1 0.809738 0.190262 
 ----> 1.3#6.6#34.0#44.0#VAR 1805 0 0.765208 0.234792 
 ----> 1.3#6.6#34.0#44.0#VAR 1806 0 0.81364 0.18636 
 ----> 1.3#6.6#34.0#44.0#VAR 1807 1 0.82478 0.17522 
 ----> 1.3#6.6#34.0#44.0#VAR 1808 1 0.81803 0.18197 
 ----> 1.3#6.6#34.0#44.0#VAR 1809 0 0.806399 0.193601 
 ----> 1.3#6.6#34.0#44.0#VAR 1810 0 0.823376 0.176624 
 ----> 1.3#6.6#34.0#44.0#VAR 1811 0 0.808363 0.191637 
 ----> 1.3#6.6#34.0#44.0#VAR 1812 0 0.822074 0.177926 
 ----> 1.3#6.6#34.0#44.0#VAR 1813 0 0.78071 0.21929 
 ----> 1.3#6.6#34.0#44.0#VAR 1814 1 0.801465 0.198535 
 ----> 1.3#6.6#34.0#44.0#VAR 1815 0 0.800689 0.199311 
 ----> 1.3#6.6#34.0#44.0#VAR 1816 0 0.794408 0.205592 
 ----> 1.3#6.6#34.0#44.0#VAR 1817 0 0.823568 0.176432 
 ----> 1.3#6.6#34.0#44.0#VAR 1818 0 0.804153 0.195847 
 ----> 1.3#6.6#34.0#44.0#VAR 1819 1 0.793021 0.206979 
 ----> 1.3#6.6#34.0#44.0#VAR 1820 0 0.816089 0.183911 
 ----> 1.3#6.6#34.0#44.0#VAR 1821 1 0.811503 0.188497 
 ----> 1.3#6.6#34.0#44.0#VAR 1822 0 0.80971 0.19029 
 ----> 1.3#6.6#34.0#44.0#VAR 1823 0 0.814302 0.185698 
 ----> 1.3#6.6#34.0#44.0#VAR 1824 0 0.809316 0.190684 
 ----> 1.3#6.6#34.0#44.0#VAR 1825 0 0.816241 0.183759 
 ----> 1.3#6.6#34.0#44.0#VAR 1826 1 0.799069 0.200931 
 ++++> 1.3#6.6#34.0#44.0#VAR 1827  0 0.82133 0.17867 
