 ----> 1.3#6.6#34.0#44.0#VAR 7 0 0.761001 0.238999 
 ----> 1.3#6.6#34.0#44.0#VAR 8 0 0.80987 0.19013 
 ----> 1.3#6.6#34.0#44.0#VAR 9 0 0.826697 0.173303 
 ----> 1.3#6.6#34.0#44.0#VAR 10 0 0.805771 0.194229 
 ----> 1.3#6.6#34.0#44.0#VAR 11 0 0.823464 0.176536 
 ----> 1.3#6.6#34.0#44.0#VAR 12 0 0.830921 0.169079 
 ----> 1.3#6.6#34.0#44.0#VAR 13 0 0.805773 0.194227 
 ----> 1.3#6.6#34.0#44.0#VAR 14 0 0.816066 0.183934 
 ----> 1.3#6.6#34.0#44.0#VAR 15 1 0.813924 0.186076 
 ----> 1.3#6.6#34.0#44.0#VAR 16 1 0.802133 0.197867 
 ----> 1.3#6.6#34.0#44.0#VAR 17 1 0.796537 0.203463 
 ----> 1.3#6.6#34.0#44.0#VAR 18 0 0.804192 0.195808 
 ----> 1.3#6.6#34.0#44.0#VAR 19 0 0.809871 0.190129 
 ----> 1.3#6.6#34.0#44.0#VAR 20 0 0.809531 0.190469 
 ----> 1.3#6.6#34.0#44.0#VAR 21 0 0.808231 0.191769 
 ----> 1.3#6.6#34.0#44.0#VAR 22 0 0.806755 0.193245 
 ----> 1.3#6.6#34.0#44.0#VAR 23 0 0.826052 0.173948 
 ----> 1.3#6.6#34.0#44.0#VAR 24 0 0.810447 0.189553 
 ----> 1.3#6.6#34.0#44.0#VAR 25 0 0.79613 0.20387 
 ----> 1.3#6.6#34.0#44.0#VAR 26 0 0.823643 0.176357 
 ----> 1.3#6.6#34.0#44.0#VAR 27 0 0.809585 0.190415 
 ----> 1.3#6.6#34.0#44.0#VAR 28 0 0.810544 0.189456 
 ----> 1.3#6.6#34.0#44.0#VAR 29 0 0.814686 0.185314 
 ----> 1.3#6.6#34.0#44.0#VAR 30 0 0.810176 0.189824 
 ----> 1.3#6.6#34.0#44.0#VAR 31 0 0.81308 0.18692 
 ----> 1.3#6.6#34.0#44.0#VAR 32 0 0.803701 0.196299 
 ----> 1.3#6.6#34.0#44.0#VAR 33 0 0.819908 0.180092 
 ----> 1.3#6.6#34.0#44.0#VAR 34 0 0.786406 0.213594 
 ----> 1.3#6.6#34.0#44.0#VAR 35 1 0.81717 0.18283 
 ----> 1.3#6.6#34.0#44.0#VAR 36 0 0.822548 0.177452 
 ----> 1.3#6.6#34.0#44.0#VAR 37 0 0.803696 0.196304 
 ----> 1.3#6.6#34.0#44.0#VAR 38 0 0.796449 0.203551 
 ----> 1.3#6.6#34.0#44.0#VAR 39 0 0.812428 0.187572 
 ----> 1.3#6.6#34.0#44.0#VAR 40 0 0.816467 0.183533 
 ----> 1.3#6.6#34.0#44.0#VAR 41 0 0.807053 0.192947 
 ----> 1.3#6.6#34.0#44.0#VAR 42 0 0.843962 0.156038 
 ----> 1.3#6.6#34.0#44.0#VAR 43 0 0.835943 0.164057 
 ----> 1.3#6.6#34.0#44.0#VAR 44 0 0.814039 0.185961 
 ----> 1.3#6.6#34.0#44.0#VAR 45 0 0.81733 0.18267 
 ----> 1.3#6.6#34.0#44.0#VAR 46 0 0.812346 0.187654 
 ----> 1.3#6.6#34.0#44.0#VAR 47 0 0.807616 0.192384 
 ----> 1.3#6.6#34.0#44.0#VAR 48 0 0.822274 0.177726 
 ----> 1.3#6.6#34.0#44.0#VAR 49 0 0.795072 0.204928 
 ----> 1.3#6.6#34.0#44.0#VAR 50 0 0.803342 0.196658 
 ----> 1.3#6.6#34.0#44.0#VAR 51 0 0.80511 0.19489 
 ----> 1.3#6.6#34.0#44.0#VAR 52 1 0.813164 0.186836 
 ----> 1.3#6.6#34.0#44.0#VAR 53 0 0.805184 0.194816 
 ----> 1.3#6.6#34.0#44.0#VAR 54 0 0.798824 0.201176 
 ----> 1.3#6.6#34.0#44.0#VAR 55 0 0.817589 0.182411 
 ----> 1.3#6.6#34.0#44.0#VAR 56 0 0.809086 0.190914 
 ----> 1.3#6.6#34.0#44.0#VAR 57 0 0.827041 0.172959 
 ----> 1.3#6.6#34.0#44.0#VAR 58 0 0.809155 0.190845 
 ----> 1.3#6.6#34.0#44.0#VAR 59 1 0.811087 0.188913 
 ----> 1.3#6.6#34.0#44.0#VAR 60 1 0.825589 0.174411 
 ----> 1.3#6.6#34.0#44.0#VAR 61 0 0.80413 0.19587 
 ----> 1.3#6.6#34.0#44.0#VAR 62 0 0.813394 0.186606 
 ----> 1.3#6.6#34.0#44.0#VAR 63 0 0.829976 0.170024 
 ----> 1.3#6.6#34.0#44.0#VAR 64 0 0.820668 0.179332 
 ----> 1.3#6.6#34.0#44.0#VAR 65 0 0.807548 0.192452 
 ----> 1.3#6.6#34.0#44.0#VAR 66 0 0.805954 0.194046 
 ----> 1.3#6.6#34.0#44.0#VAR 67 0 0.827072 0.172928 
 ----> 1.3#6.6#34.0#44.0#VAR 68 0 0.802189 0.197811 
 ----> 1.3#6.6#34.0#44.0#VAR 69 0 0.808847 0.191153 
 ----> 1.3#6.6#34.0#44.0#VAR 70 1 0.787521 0.212479 
 ----> 1.3#6.6#34.0#44.0#VAR 71 0 0.818639 0.181361 
 ----> 1.3#6.6#34.0#44.0#VAR 72 1 0.804001 0.195999 
 ----> 1.3#6.6#34.0#44.0#VAR 73 0 0.830645 0.169355 
 ----> 1.3#6.6#34.0#44.0#VAR 74 0 0.815572 0.184428 
 ----> 1.3#6.6#34.0#44.0#VAR 75 0 0.815275 0.184725 
 ----> 1.3#6.6#34.0#44.0#VAR 76 0 0.812965 0.187035 
 ----> 1.3#6.6#34.0#44.0#VAR 77 0 0.821194 0.178806 
 ----> 1.3#6.6#34.0#44.0#VAR 78 0 0.819384 0.180616 
 ----> 1.3#6.6#34.0#44.0#VAR 79 0 0.820026 0.179974 
 ----> 1.3#6.6#34.0#44.0#VAR 80 0 0.799025 0.200975 
 ----> 1.3#6.6#34.0#44.0#VAR 81 0 0.811312 0.188688 
 ----> 1.3#6.6#34.0#44.0#VAR 82 0 0.838844 0.161156 
 ----> 1.3#6.6#34.0#44.0#VAR 83 1 0.781571 0.218429 
 ----> 1.3#6.6#34.0#44.0#VAR 84 0 0.808954 0.191046 
 ----> 1.3#6.6#34.0#44.0#VAR 85 0 0.801127 0.198873 
 ----> 1.3#6.6#34.0#44.0#VAR 86 0 0.810787 0.189213 
 ----> 1.3#6.6#34.0#44.0#VAR 87 0 0.808756 0.191244 
 ----> 1.3#6.6#34.0#44.0#VAR 88 1 0.812128 0.187872 
 ----> 1.3#6.6#34.0#44.0#VAR 89 1 0.803016 0.196984 
 ----> 1.3#6.6#34.0#44.0#VAR 90 0 0.789752 0.210248 
 ----> 1.3#6.6#34.0#44.0#VAR 91 0 0.824237 0.175763 
 ----> 1.3#6.6#34.0#44.0#VAR 92 1 0.813407 0.186593 
 ----> 1.3#6.6#34.0#44.0#VAR 93 0 0.809671 0.190329 
 ----> 1.3#6.6#34.0#44.0#VAR 94 1 0.780477 0.219523 
 ----> 1.3#6.6#34.0#44.0#VAR 95 0 0.815221 0.184779 
 ----> 1.3#6.6#34.0#44.0#VAR 96 0 0.829792 0.170208 
 ----> 1.3#6.6#34.0#44.0#VAR 97 0 0.814259 0.185741 
 ----> 1.3#6.6#34.0#44.0#VAR 98 0 0.818231 0.181769 
 ----> 1.3#6.6#34.0#44.0#VAR 99 0 0.806522 0.193478 
 ----> 1.3#6.6#34.0#44.0#VAR 100 1 0.772892 0.227108 
 ----> 1.3#6.6#34.0#44.0#VAR 101 0 0.827632 0.172368 
 ----> 1.3#6.6#34.0#44.0#VAR 102 0 0.81424 0.18576 
 ----> 1.3#6.6#34.0#44.0#VAR 103 0 0.800573 0.199427 
 ----> 1.3#6.6#34.0#44.0#VAR 104 0 0.821365 0.178635 
 ----> 1.3#6.6#34.0#44.0#VAR 105 0 0.841458 0.158542 
 ----> 1.3#6.6#34.0#44.0#VAR 106 0 0.805739 0.194261 
 ----> 1.3#6.6#34.0#44.0#VAR 107 1 0.779528 0.220472 
 ----> 1.3#6.6#34.0#44.0#VAR 108 1 0.826869 0.173131 
 ----> 1.3#6.6#34.0#44.0#VAR 109 0 0.824873 0.175127 
 ----> 1.3#6.6#34.0#44.0#VAR 110 1 0.818566 0.181434 
 ----> 1.3#6.6#34.0#44.0#VAR 111 0 0.825451 0.174549 
 ----> 1.3#6.6#34.0#44.0#VAR 112 0 0.81617 0.18383 
 ----> 1.3#6.6#34.0#44.0#VAR 113 0 0.838454 0.161546 
 ----> 1.3#6.6#34.0#44.0#VAR 114 0 0.820212 0.179788 
 ----> 1.3#6.6#34.0#44.0#VAR 115 0 0.787927 0.212073 
 ----> 1.3#6.6#34.0#44.0#VAR 116 0 0.80657 0.19343 
 ----> 1.3#6.6#34.0#44.0#VAR 117 0 0.837229 0.162771 
 ----> 1.3#6.6#34.0#44.0#VAR 118 0 0.839306 0.160694 
 ----> 1.3#6.6#34.0#44.0#VAR 119 0 0.808339 0.191661 
 ----> 1.3#6.6#34.0#44.0#VAR 120 0 0.824095 0.175905 
 ----> 1.3#6.6#34.0#44.0#VAR 121 0 0.820072 0.179928 
 ----> 1.3#6.6#34.0#44.0#VAR 122 0 0.815509 0.184491 
 ----> 1.3#6.6#34.0#44.0#VAR 123 0 0.830217 0.169783 
 ----> 1.3#6.6#34.0#44.0#VAR 124 0 0.820009 0.179991 
 ----> 1.3#6.6#34.0#44.0#VAR 125 0 0.813571 0.186429 
 ----> 1.3#6.6#34.0#44.0#VAR 126 0 0.81588 0.18412 
 ----> 1.3#6.6#34.0#44.0#VAR 127 0 0.823478 0.176522 
 ----> 1.3#6.6#34.0#44.0#VAR 128 0 0.800794 0.199206 
 ----> 1.3#6.6#34.0#44.0#VAR 129 0 0.811026 0.188974 
 ----> 1.3#6.6#34.0#44.0#VAR 130 1 0.815178 0.184822 
 ----> 1.3#6.6#34.0#44.0#VAR 131 0 0.80985 0.19015 
 ----> 1.3#6.6#34.0#44.0#VAR 132 0 0.806268 0.193732 
 ----> 1.3#6.6#34.0#44.0#VAR 133 0 0.826285 0.173715 
 ----> 1.3#6.6#34.0#44.0#VAR 134 0 0.804856 0.195144 
 ----> 1.3#6.6#34.0#44.0#VAR 135 0 0.799265 0.200735 
 ----> 1.3#6.6#34.0#44.0#VAR 136 1 0.794254 0.205746 
 ----> 1.3#6.6#34.0#44.0#VAR 137 0 0.813896 0.186104 
 ----> 1.3#6.6#34.0#44.0#VAR 138 0 0.818069 0.181931 
 ----> 1.3#6.6#34.0#44.0#VAR 139 0 0.823256 0.176744 
 ----> 1.3#6.6#34.0#44.0#VAR 140 0 0.822306 0.177694 
 ----> 1.3#6.6#34.0#44.0#VAR 141 0 0.831069 0.168931 
 ----> 1.3#6.6#34.0#44.0#VAR 142 1 0.77465 0.22535 
 ----> 1.3#6.6#34.0#44.0#VAR 143 0 0.818674 0.181326 
 ----> 1.3#6.6#34.0#44.0#VAR 144 0 0.80699 0.19301 
 ----> 1.3#6.6#34.0#44.0#VAR 145 0 0.802307 0.197693 
 ----> 1.3#6.6#34.0#44.0#VAR 146 0 0.774447 0.225553 
 ----> 1.3#6.6#34.0#44.0#VAR 147 1 0.805868 0.194132 
 ----> 1.3#6.6#34.0#44.0#VAR 148 0 0.802748 0.197252 
 ----> 1.3#6.6#34.0#44.0#VAR 149 0 0.805823 0.194177 
 ----> 1.3#6.6#34.0#44.0#VAR 150 0 0.815735 0.184265 
 ----> 1.3#6.6#34.0#44.0#VAR 151 1 0.774815 0.225185 
 ----> 1.3#6.6#34.0#44.0#VAR 152 0 0.812762 0.187238 
 ----> 1.3#6.6#34.0#44.0#VAR 153 0 0.835363 0.164637 
 ----> 1.3#6.6#34.0#44.0#VAR 154 0 0.811616 0.188384 
 ----> 1.3#6.6#34.0#44.0#VAR 155 1 0.787376 0.212624 
 ----> 1.3#6.6#34.0#44.0#VAR 156 0 0.840109 0.159891 
 ----> 1.3#6.6#34.0#44.0#VAR 157 0 0.840931 0.159069 
 ----> 1.3#6.6#34.0#44.0#VAR 158 0 0.83375 0.16625 
 ----> 1.3#6.6#34.0#44.0#VAR 159 1 0.811157 0.188843 
 ----> 1.3#6.6#34.0#44.0#VAR 160 0 0.824615 0.175385 
 ----> 1.3#6.6#34.0#44.0#VAR 161 0 0.816027 0.183973 
 ----> 1.3#6.6#34.0#44.0#VAR 162 0 0.811711 0.188289 
 ----> 1.3#6.6#34.0#44.0#VAR 163 0 0.825655 0.174345 
 ----> 1.3#6.6#34.0#44.0#VAR 164 0 0.823008 0.176992 
 ----> 1.3#6.6#34.0#44.0#VAR 165 0 0.812291 0.187709 
 ----> 1.3#6.6#34.0#44.0#VAR 166 0 0.826948 0.173052 
 ----> 1.3#6.6#34.0#44.0#VAR 167 0 0.835471 0.164529 
 ----> 1.3#6.6#34.0#44.0#VAR 168 0 0.810988 0.189012 
 ----> 1.3#6.6#34.0#44.0#VAR 169 1 0.788023 0.211977 
 ----> 1.3#6.6#34.0#44.0#VAR 170 0 0.81126 0.18874 
 ----> 1.3#6.6#34.0#44.0#VAR 171 0 0.820572 0.179428 
 ----> 1.3#6.6#34.0#44.0#VAR 172 0 0.810258 0.189742 
 ----> 1.3#6.6#34.0#44.0#VAR 173 1 0.790193 0.209807 
 ----> 1.3#6.6#34.0#44.0#VAR 174 1 0.778191 0.221809 
 ----> 1.3#6.6#34.0#44.0#VAR 175 1 0.790474 0.209526 
 ----> 1.3#6.6#34.0#44.0#VAR 176 0 0.81409 0.18591 
 ----> 1.3#6.6#34.0#44.0#VAR 177 0 0.804234 0.195766 
 ----> 1.3#6.6#34.0#44.0#VAR 178 0 0.805565 0.194435 
 ----> 1.3#6.6#34.0#44.0#VAR 179 1 0.802396 0.197604 
 ----> 1.3#6.6#34.0#44.0#VAR 180 0 0.817409 0.182591 
 ----> 1.3#6.6#34.0#44.0#VAR 181 1 0.78555 0.21445 
 ----> 1.3#6.6#34.0#44.0#VAR 182 0 0.820432 0.179568 
 ----> 1.3#6.6#34.0#44.0#VAR 183 0 0.838951 0.161049 
 ----> 1.3#6.6#34.0#44.0#VAR 184 1 0.771478 0.228522 
 ----> 1.3#6.6#34.0#44.0#VAR 185 0 0.798913 0.201087 
 ----> 1.3#6.6#34.0#44.0#VAR 186 0 0.829402 0.170598 
 ----> 1.3#6.6#34.0#44.0#VAR 187 1 0.776989 0.223011 
 ----> 1.3#6.6#34.0#44.0#VAR 188 0 0.803888 0.196112 
 ----> 1.3#6.6#34.0#44.0#VAR 189 0 0.809102 0.190898 
 ----> 1.3#6.6#34.0#44.0#VAR 190 0 0.829062 0.170938 
 ----> 1.3#6.6#34.0#44.0#VAR 191 1 0.79561 0.20439 
 ----> 1.3#6.6#34.0#44.0#VAR 192 0 0.823381 0.176619 
 ----> 1.3#6.6#34.0#44.0#VAR 193 0 0.824801 0.175199 
 ----> 1.3#6.6#34.0#44.0#VAR 194 1 0.785714 0.214286 
 ----> 1.3#6.6#34.0#44.0#VAR 195 0 0.789787 0.210213 
 ----> 1.3#6.6#34.0#44.0#VAR 196 0 0.812473 0.187527 
 ----> 1.3#6.6#34.0#44.0#VAR 197 1 0.798014 0.201986 
 ----> 1.3#6.6#34.0#44.0#VAR 198 0 0.842069 0.157931 
 ----> 1.3#6.6#34.0#44.0#VAR 199 0 0.793428 0.206572 
 ----> 1.3#6.6#34.0#44.0#VAR 200 1 0.802303 0.197697 
 ----> 1.3#6.6#34.0#44.0#VAR 201 0 0.823466 0.176534 
 ----> 1.3#6.6#34.0#44.0#VAR 202 0 0.838256 0.161744 
 ----> 1.3#6.6#34.0#44.0#VAR 203 0 0.810331 0.189669 
 ----> 1.3#6.6#34.0#44.0#VAR 204 1 0.804774 0.195226 
 ----> 1.3#6.6#34.0#44.0#VAR 205 0 0.795504 0.204496 
 ----> 1.3#6.6#34.0#44.0#VAR 206 0 0.817112 0.182888 
 ----> 1.3#6.6#34.0#44.0#VAR 207 0 0.803734 0.196266 
 ----> 1.3#6.6#34.0#44.0#VAR 208 0 0.820212 0.179788 
 ----> 1.3#6.6#34.0#44.0#VAR 209 1 0.798887 0.201113 
 ----> 1.3#6.6#34.0#44.0#VAR 210 1 0.799106 0.200894 
 ----> 1.3#6.6#34.0#44.0#VAR 211 1 0.765934 0.234066 
 ----> 1.3#6.6#34.0#44.0#VAR 212 0 0.791288 0.208712 
 ----> 1.3#6.6#34.0#44.0#VAR 213 0 0.804595 0.195405 
 ----> 1.3#6.6#34.0#44.0#VAR 214 0 0.829776 0.170224 
 ----> 1.3#6.6#34.0#44.0#VAR 215 0 0.803595 0.196405 
 ----> 1.3#6.6#34.0#44.0#VAR 216 0 0.818461 0.181539 
 ----> 1.3#6.6#34.0#44.0#VAR 217 1 0.801618 0.198382 
 ----> 1.3#6.6#34.0#44.0#VAR 218 0 0.821869 0.178131 
 ----> 1.3#6.6#34.0#44.0#VAR 219 0 0.805317 0.194683 
 ----> 1.3#6.6#34.0#44.0#VAR 220 0 0.814581 0.185419 
 ----> 1.3#6.6#34.0#44.0#VAR 221 0 0.791841 0.208159 
 ----> 1.3#6.6#34.0#44.0#VAR 222 0 0.791002 0.208998 
 ----> 1.3#6.6#34.0#44.0#VAR 223 0 0.820817 0.179183 
 ----> 1.3#6.6#34.0#44.0#VAR 224 0 0.838444 0.161556 
 ----> 1.3#6.6#34.0#44.0#VAR 225 0 0.830973 0.169027 
 ----> 1.3#6.6#34.0#44.0#VAR 226 0 0.802582 0.197418 
 ----> 1.3#6.6#34.0#44.0#VAR 227 0 0.828811 0.171189 
 ----> 1.3#6.6#34.0#44.0#VAR 228 0 0.838331 0.161669 
 ----> 1.3#6.6#34.0#44.0#VAR 229 0 0.813559 0.186441 
 ----> 1.3#6.6#34.0#44.0#VAR 230 0 0.810414 0.189586 
 ----> 1.3#6.6#34.0#44.0#VAR 231 0 0.796915 0.203085 
 ----> 1.3#6.6#34.0#44.0#VAR 232 0 0.834378 0.165622 
 ----> 1.3#6.6#34.0#44.0#VAR 233 0 0.79741 0.20259 
 ----> 1.3#6.6#34.0#44.0#VAR 234 0 0.814914 0.185086 
 ----> 1.3#6.6#34.0#44.0#VAR 235 0 0.832 0.168 
 ----> 1.3#6.6#34.0#44.0#VAR 236 0 0.813084 0.186916 
 ----> 1.3#6.6#34.0#44.0#VAR 237 0 0.822903 0.177097 
 ----> 1.3#6.6#34.0#44.0#VAR 238 0 0.808068 0.191932 
 ----> 1.3#6.6#34.0#44.0#VAR 239 0 0.788821 0.211179 
 ----> 1.3#6.6#34.0#44.0#VAR 240 0 0.810501 0.189499 
 ----> 1.3#6.6#34.0#44.0#VAR 241 0 0.818744 0.181256 
 ----> 1.3#6.6#34.0#44.0#VAR 242 0 0.793531 0.206469 
 ----> 1.3#6.6#34.0#44.0#VAR 243 0 0.785894 0.214106 
 ----> 1.3#6.6#34.0#44.0#VAR 244 0 0.827113 0.172887 
 ----> 1.3#6.6#34.0#44.0#VAR 245 0 0.824382 0.175618 
 ----> 1.3#6.6#34.0#44.0#VAR 246 0 0.815634 0.184366 
 ----> 1.3#6.6#34.0#44.0#VAR 247 0 0.814489 0.185511 
 ----> 1.3#6.6#34.0#44.0#VAR 248 1 0.749295 0.250705 
 ----> 1.3#6.6#34.0#44.0#VAR 249 0 0.81235 0.18765 
 ----> 1.3#6.6#34.0#44.0#VAR 250 1 0.789782 0.210218 
 ----> 1.3#6.6#34.0#44.0#VAR 251 0 0.824335 0.175665 
 ----> 1.3#6.6#34.0#44.0#VAR 252 0 0.805751 0.194249 
 ----> 1.3#6.6#34.0#44.0#VAR 253 0 0.816735 0.183265 
 ----> 1.3#6.6#34.0#44.0#VAR 254 0 0.804929 0.195071 
 ----> 1.3#6.6#34.0#44.0#VAR 255 0 0.809928 0.190072 
 ----> 1.3#6.6#34.0#44.0#VAR 256 0 0.822591 0.177409 
 ----> 1.3#6.6#34.0#44.0#VAR 257 0 0.826887 0.173113 
 ----> 1.3#6.6#34.0#44.0#VAR 258 0 0.840149 0.159851 
 ----> 1.3#6.6#34.0#44.0#VAR 259 1 0.823696 0.176304 
 ----> 1.3#6.6#34.0#44.0#VAR 260 0 0.796437 0.203563 
 ----> 1.3#6.6#34.0#44.0#VAR 261 0 0.805324 0.194676 
 ----> 1.3#6.6#34.0#44.0#VAR 262 0 0.817017 0.182983 
 ----> 1.3#6.6#34.0#44.0#VAR 263 0 0.806845 0.193155 
 ----> 1.3#6.6#34.0#44.0#VAR 264 0 0.825786 0.174214 
 ----> 1.3#6.6#34.0#44.0#VAR 265 0 0.831956 0.168044 
 ----> 1.3#6.6#34.0#44.0#VAR 266 0 0.826259 0.173741 
 ----> 1.3#6.6#34.0#44.0#VAR 267 0 0.831463 0.168537 
 ----> 1.3#6.6#34.0#44.0#VAR 268 0 0.827834 0.172166 
 ----> 1.3#6.6#34.0#44.0#VAR 269 0 0.800209 0.199791 
 ----> 1.3#6.6#34.0#44.0#VAR 270 0 0.820958 0.179042 
 ----> 1.3#6.6#34.0#44.0#VAR 271 0 0.800079 0.199921 
 ----> 1.3#6.6#34.0#44.0#VAR 272 0 0.830393 0.169607 
 ----> 1.3#6.6#34.0#44.0#VAR 273 0 0.819513 0.180487 
 ----> 1.3#6.6#34.0#44.0#VAR 274 1 0.800471 0.199529 
 ----> 1.3#6.6#34.0#44.0#VAR 275 0 0.822313 0.177687 
 ----> 1.3#6.6#34.0#44.0#VAR 276 0 0.811278 0.188722 
 ----> 1.3#6.6#34.0#44.0#VAR 277 0 0.822986 0.177014 
 ----> 1.3#6.6#34.0#44.0#VAR 278 0 0.797972 0.202028 
 ----> 1.3#6.6#34.0#44.0#VAR 279 0 0.815184 0.184816 
 ----> 1.3#6.6#34.0#44.0#VAR 280 0 0.821991 0.178009 
 ----> 1.3#6.6#34.0#44.0#VAR 281 0 0.817897 0.182103 
 ----> 1.3#6.6#34.0#44.0#VAR 282 0 0.816116 0.183884 
 ----> 1.3#6.6#34.0#44.0#VAR 283 0 0.821715 0.178285 
 ----> 1.3#6.6#34.0#44.0#VAR 284 0 0.822177 0.177823 
 ----> 1.3#6.6#34.0#44.0#VAR 285 0 0.812991 0.187009 
 ----> 1.3#6.6#34.0#44.0#VAR 286 1 0.816526 0.183474 
 ----> 1.3#6.6#34.0#44.0#VAR 287 1 0.78761 0.21239 
 ----> 1.3#6.6#34.0#44.0#VAR 288 0 0.82665 0.17335 
 ----> 1.3#6.6#34.0#44.0#VAR 289 0 0.815364 0.184636 
 ----> 1.3#6.6#34.0#44.0#VAR 290 0 0.8052 0.1948 
 ----> 1.3#6.6#34.0#44.0#VAR 291 0 0.810756 0.189244 
 ----> 1.3#6.6#34.0#44.0#VAR 292 0 0.810198 0.189802 
 ----> 1.3#6.6#34.0#44.0#VAR 293 0 0.827034 0.172966 
 ----> 1.3#6.6#34.0#44.0#VAR 294 0 0.836891 0.163109 
 ----> 1.3#6.6#34.0#44.0#VAR 295 0 0.801225 0.198775 
 ----> 1.3#6.6#34.0#44.0#VAR 296 0 0.796804 0.203196 
 ----> 1.3#6.6#34.0#44.0#VAR 297 0 0.821507 0.178493 
 ----> 1.3#6.6#34.0#44.0#VAR 298 0 0.812264 0.187736 
 ----> 1.3#6.6#34.0#44.0#VAR 299 0 0.823522 0.176478 
 ----> 1.3#6.6#34.0#44.0#VAR 300 0 0.842434 0.157566 
 ----> 1.3#6.6#34.0#44.0#VAR 301 0 0.822682 0.177318 
 ----> 1.3#6.6#34.0#44.0#VAR 302 0 0.799279 0.200721 
 ----> 1.3#6.6#34.0#44.0#VAR 303 0 0.823038 0.176962 
 ----> 1.3#6.6#34.0#44.0#VAR 304 0 0.810734 0.189266 
 ----> 1.3#6.6#34.0#44.0#VAR 305 0 0.82515 0.17485 
 ----> 1.3#6.6#34.0#44.0#VAR 306 0 0.801797 0.198203 
 ----> 1.3#6.6#34.0#44.0#VAR 307 0 0.820727 0.179273 
 ----> 1.3#6.6#34.0#44.0#VAR 308 0 0.817812 0.182188 
 ----> 1.3#6.6#34.0#44.0#VAR 309 0 0.827568 0.172432 
 ----> 1.3#6.6#34.0#44.0#VAR 310 0 0.831396 0.168604 
 ----> 1.3#6.6#34.0#44.0#VAR 311 0 0.798181 0.201819 
 ----> 1.3#6.6#34.0#44.0#VAR 312 0 0.816418 0.183582 
 ----> 1.3#6.6#34.0#44.0#VAR 313 0 0.806128 0.193872 
 ----> 1.3#6.6#34.0#44.0#VAR 314 0 0.812009 0.187991 
 ----> 1.3#6.6#34.0#44.0#VAR 315 0 0.812693 0.187307 
 ----> 1.3#6.6#34.0#44.0#VAR 316 0 0.812988 0.187012 
 ----> 1.3#6.6#34.0#44.0#VAR 317 1 0.732686 0.267314 
 ----> 1.3#6.6#34.0#44.0#VAR 318 0 0.806659 0.193341 
 ----> 1.3#6.6#34.0#44.0#VAR 319 0 0.815259 0.184741 
 ----> 1.3#6.6#34.0#44.0#VAR 320 0 0.806559 0.193441 
 ----> 1.3#6.6#34.0#44.0#VAR 321 0 0.797427 0.202573 
 ----> 1.3#6.6#34.0#44.0#VAR 322 0 0.817111 0.182889 
 ----> 1.3#6.6#34.0#44.0#VAR 323 0 0.821892 0.178108 
 ----> 1.3#6.6#34.0#44.0#VAR 324 0 0.805264 0.194736 
 ----> 1.3#6.6#34.0#44.0#VAR 325 0 0.819496 0.180504 
 ----> 1.3#6.6#34.0#44.0#VAR 326 0 0.824657 0.175343 
 ----> 1.3#6.6#34.0#44.0#VAR 327 0 0.811718 0.188282 
 ----> 1.3#6.6#34.0#44.0#VAR 328 0 0.811854 0.188146 
 ----> 1.3#6.6#34.0#44.0#VAR 329 0 0.83811 0.16189 
 ----> 1.3#6.6#34.0#44.0#VAR 330 0 0.815984 0.184016 
 ----> 1.3#6.6#34.0#44.0#VAR 331 0 0.795968 0.204032 
 ----> 1.3#6.6#34.0#44.0#VAR 332 1 0.812703 0.187297 
 ----> 1.3#6.6#34.0#44.0#VAR 333 0 0.827507 0.172493 
 ----> 1.3#6.6#34.0#44.0#VAR 334 0 0.823234 0.176766 
 ----> 1.3#6.6#34.0#44.0#VAR 335 0 0.822802 0.177198 
 ----> 1.3#6.6#34.0#44.0#VAR 336 0 0.826561 0.173439 
 ----> 1.3#6.6#34.0#44.0#VAR 337 0 0.826998 0.173002 
 ----> 1.3#6.6#34.0#44.0#VAR 338 0 0.835913 0.164087 
 ----> 1.3#6.6#34.0#44.0#VAR 339 0 0.807435 0.192565 
 ----> 1.3#6.6#34.0#44.0#VAR 340 0 0.824221 0.175779 
 ----> 1.3#6.6#34.0#44.0#VAR 341 0 0.818607 0.181393 
 ----> 1.3#6.6#34.0#44.0#VAR 342 0 0.812118 0.187882 
 ----> 1.3#6.6#34.0#44.0#VAR 343 0 0.818554 0.181446 
 ----> 1.3#6.6#34.0#44.0#VAR 344 0 0.836663 0.163337 
 ----> 1.3#6.6#34.0#44.0#VAR 345 0 0.813935 0.186065 
 ----> 1.3#6.6#34.0#44.0#VAR 346 0 0.788855 0.211145 
 ----> 1.3#6.6#34.0#44.0#VAR 347 0 0.821185 0.178815 
 ----> 1.3#6.6#34.0#44.0#VAR 348 0 0.794571 0.205429 
 ----> 1.3#6.6#34.0#44.0#VAR 349 0 0.813058 0.186942 
 ----> 1.3#6.6#34.0#44.0#VAR 350 0 0.819897 0.180103 
 ----> 1.3#6.6#34.0#44.0#VAR 351 0 0.82523 0.17477 
 ----> 1.3#6.6#34.0#44.0#VAR 352 0 0.817685 0.182315 
 ----> 1.3#6.6#34.0#44.0#VAR 353 0 0.819087 0.180913 
 ----> 1.3#6.6#34.0#44.0#VAR 354 0 0.803197 0.196803 
 ----> 1.3#6.6#34.0#44.0#VAR 355 0 0.811838 0.188162 
 ----> 1.3#6.6#34.0#44.0#VAR 356 0 0.793095 0.206905 
 ----> 1.3#6.6#34.0#44.0#VAR 357 0 0.799447 0.200553 
 ----> 1.3#6.6#34.0#44.0#VAR 358 0 0.830021 0.169979 
 ----> 1.3#6.6#34.0#44.0#VAR 359 1 0.807367 0.192633 
 ----> 1.3#6.6#34.0#44.0#VAR 360 0 0.810867 0.189133 
 ----> 1.3#6.6#34.0#44.0#VAR 361 1 0.798857 0.201143 
 ----> 1.3#6.6#34.0#44.0#VAR 362 0 0.816131 0.183869 
 ----> 1.3#6.6#34.0#44.0#VAR 363 0 0.797982 0.202018 
 ----> 1.3#6.6#34.0#44.0#VAR 364 0 0.824216 0.175784 
 ----> 1.3#6.6#34.0#44.0#VAR 365 0 0.821273 0.178727 
 ----> 1.3#6.6#34.0#44.0#VAR 366 0 0.832273 0.167727 
 ----> 1.3#6.6#34.0#44.0#VAR 367 0 0.8345 0.1655 
 ----> 1.3#6.6#34.0#44.0#VAR 368 0 0.802975 0.197025 
 ----> 1.3#6.6#34.0#44.0#VAR 369 0 0.788555 0.211445 
 ----> 1.3#6.6#34.0#44.0#VAR 370 0 0.816767 0.183233 
 ----> 1.3#6.6#34.0#44.0#VAR 371 1 0.788094 0.211906 
 ----> 1.3#6.6#34.0#44.0#VAR 372 0 0.819882 0.180118 
 ----> 1.3#6.6#34.0#44.0#VAR 373 0 0.8213 0.1787 
 ----> 1.3#6.6#34.0#44.0#VAR 374 0 0.814186 0.185814 
 ----> 1.3#6.6#34.0#44.0#VAR 375 1 0.808868 0.191132 
 ----> 1.3#6.6#34.0#44.0#VAR 376 0 0.827692 0.172308 
 ----> 1.3#6.6#34.0#44.0#VAR 377 0 0.826127 0.173873 
 ----> 1.3#6.6#34.0#44.0#VAR 378 0 0.819991 0.180009 
 ----> 1.3#6.6#34.0#44.0#VAR 379 0 0.788651 0.211349 
 ----> 1.3#6.6#34.0#44.0#VAR 380 0 0.833353 0.166647 
 ----> 1.3#6.6#34.0#44.0#VAR 381 0 0.832065 0.167935 
 ----> 1.3#6.6#34.0#44.0#VAR 382 0 0.827461 0.172539 
 ----> 1.3#6.6#34.0#44.0#VAR 383 0 0.82048 0.17952 
 ----> 1.3#6.6#34.0#44.0#VAR 384 0 0.820292 0.179708 
 ----> 1.3#6.6#34.0#44.0#VAR 385 0 0.808238 0.191762 
 ----> 1.3#6.6#34.0#44.0#VAR 386 0 0.827929 0.172071 
 ----> 1.3#6.6#34.0#44.0#VAR 387 0 0.802577 0.197423 
 ----> 1.3#6.6#34.0#44.0#VAR 388 1 0.803592 0.196408 
 ----> 1.3#6.6#34.0#44.0#VAR 389 0 0.810181 0.189819 
 ----> 1.3#6.6#34.0#44.0#VAR 390 0 0.789229 0.210771 
 ----> 1.3#6.6#34.0#44.0#VAR 391 1 0.80478 0.19522 
 ----> 1.3#6.6#34.0#44.0#VAR 392 0 0.828256 0.171744 
 ----> 1.3#6.6#34.0#44.0#VAR 393 0 0.816281 0.183719 
 ----> 1.3#6.6#34.0#44.0#VAR 394 0 0.821433 0.178567 
 ----> 1.3#6.6#34.0#44.0#VAR 395 1 0.795831 0.204169 
 ----> 1.3#6.6#34.0#44.0#VAR 396 0 0.822373 0.177627 
 ----> 1.3#6.6#34.0#44.0#VAR 397 0 0.810952 0.189048 
 ----> 1.3#6.6#34.0#44.0#VAR 398 0 0.819672 0.180328 
 ----> 1.3#6.6#34.0#44.0#VAR 399 1 0.777427 0.222573 
 ----> 1.3#6.6#34.0#44.0#VAR 400 0 0.797165 0.202835 
 ----> 1.3#6.6#34.0#44.0#VAR 401 0 0.796076 0.203924 
 ----> 1.3#6.6#34.0#44.0#VAR 402 1 0.796901 0.203099 
 ----> 1.3#6.6#34.0#44.0#VAR 403 1 0.792472 0.207528 
 ----> 1.3#6.6#34.0#44.0#VAR 404 0 0.809151 0.190849 
 ----> 1.3#6.6#34.0#44.0#VAR 405 0 0.795416 0.204584 
 ----> 1.3#6.6#34.0#44.0#VAR 406 0 0.83211 0.16789 
 ----> 1.3#6.6#34.0#44.0#VAR 407 0 0.808044 0.191956 
 ----> 1.3#6.6#34.0#44.0#VAR 408 0 0.831627 0.168373 
 ----> 1.3#6.6#34.0#44.0#VAR 409 1 0.812336 0.187664 
 ----> 1.3#6.6#34.0#44.0#VAR 410 0 0.809877 0.190123 
 ----> 1.3#6.6#34.0#44.0#VAR 411 0 0.79665 0.20335 
 ----> 1.3#6.6#34.0#44.0#VAR 412 0 0.8078 0.1922 
 ----> 1.3#6.6#34.0#44.0#VAR 413 0 0.817442 0.182558 
 ----> 1.3#6.6#34.0#44.0#VAR 414 0 0.810045 0.189955 
 ----> 1.3#6.6#34.0#44.0#VAR 415 0 0.823446 0.176554 
 ----> 1.3#6.6#34.0#44.0#VAR 416 0 0.824212 0.175788 
 ----> 1.3#6.6#34.0#44.0#VAR 417 0 0.826249 0.173751 
 ----> 1.3#6.6#34.0#44.0#VAR 418 0 0.806049 0.193951 
 ----> 1.3#6.6#34.0#44.0#VAR 419 0 0.812878 0.187122 
 ----> 1.3#6.6#34.0#44.0#VAR 420 0 0.809853 0.190147 
 ----> 1.3#6.6#34.0#44.0#VAR 421 0 0.81915 0.18085 
 ----> 1.3#6.6#34.0#44.0#VAR 422 0 0.830687 0.169313 
 ----> 1.3#6.6#34.0#44.0#VAR 423 1 0.755377 0.244623 
 ----> 1.3#6.6#34.0#44.0#VAR 424 0 0.822035 0.177965 
 ----> 1.3#6.6#34.0#44.0#VAR 425 0 0.818938 0.181062 
 ----> 1.3#6.6#34.0#44.0#VAR 426 0 0.815203 0.184797 
 ----> 1.3#6.6#34.0#44.0#VAR 427 0 0.814784 0.185216 
 ----> 1.3#6.6#34.0#44.0#VAR 428 0 0.807607 0.192393 
 ----> 1.3#6.6#34.0#44.0#VAR 429 1 0.797241 0.202759 
 ----> 1.3#6.6#34.0#44.0#VAR 430 1 0.799875 0.200125 
 ----> 1.3#6.6#34.0#44.0#VAR 431 1 0.778026 0.221974 
 ----> 1.3#6.6#34.0#44.0#VAR 432 0 0.824539 0.175461 
 ----> 1.3#6.6#34.0#44.0#VAR 433 0 0.836077 0.163923 
 ----> 1.3#6.6#34.0#44.0#VAR 434 0 0.817269 0.182731 
 ----> 1.3#6.6#34.0#44.0#VAR 435 0 0.801644 0.198356 
 ----> 1.3#6.6#34.0#44.0#VAR 436 0 0.829131 0.170869 
 ----> 1.3#6.6#34.0#44.0#VAR 437 0 0.798079 0.201921 
 ----> 1.3#6.6#34.0#44.0#VAR 438 0 0.808718 0.191282 
 ----> 1.3#6.6#34.0#44.0#VAR 439 1 0.790042 0.209958 
 ----> 1.3#6.6#34.0#44.0#VAR 440 0 0.837083 0.162917 
 ----> 1.3#6.6#34.0#44.0#VAR 441 0 0.785128 0.214872 
 ----> 1.3#6.6#34.0#44.0#VAR 442 0 0.81644 0.18356 
 ----> 1.3#6.6#34.0#44.0#VAR 443 1 0.821593 0.178407 
 ----> 1.3#6.6#34.0#44.0#VAR 444 1 0.775862 0.224138 
 ----> 1.3#6.6#34.0#44.0#VAR 445 0 0.829707 0.170293 
 ----> 1.3#6.6#34.0#44.0#VAR 446 0 0.823712 0.176288 
 ----> 1.3#6.6#34.0#44.0#VAR 447 0 0.839246 0.160754 
 ----> 1.3#6.6#34.0#44.0#VAR 448 0 0.819826 0.180174 
 ----> 1.3#6.6#34.0#44.0#VAR 449 0 0.801734 0.198266 
 ----> 1.3#6.6#34.0#44.0#VAR 450 0 0.814018 0.185982 
 ----> 1.3#6.6#34.0#44.0#VAR 451 0 0.828074 0.171926 
 ----> 1.3#6.6#34.0#44.0#VAR 452 0 0.825294 0.174706 
 ----> 1.3#6.6#34.0#44.0#VAR 453 0 0.842907 0.157093 
 ----> 1.3#6.6#34.0#44.0#VAR 454 0 0.827503 0.172497 
 ----> 1.3#6.6#34.0#44.0#VAR 455 0 0.809844 0.190156 
 ----> 1.3#6.6#34.0#44.0#VAR 456 0 0.810769 0.189231 
 ----> 1.3#6.6#34.0#44.0#VAR 457 0 0.816685 0.183315 
 ----> 1.3#6.6#34.0#44.0#VAR 458 0 0.812914 0.187086 
 ----> 1.3#6.6#34.0#44.0#VAR 459 0 0.804325 0.195675 
 ----> 1.3#6.6#34.0#44.0#VAR 460 0 0.826451 0.173549 
 ----> 1.3#6.6#34.0#44.0#VAR 461 0 0.812171 0.187829 
 ----> 1.3#6.6#34.0#44.0#VAR 462 0 0.814427 0.185573 
 ----> 1.3#6.6#34.0#44.0#VAR 463 0 0.809273 0.190727 
 ----> 1.3#6.6#34.0#44.0#VAR 464 0 0.784983 0.215017 
 ----> 1.3#6.6#34.0#44.0#VAR 465 0 0.801065 0.198935 
 ----> 1.3#6.6#34.0#44.0#VAR 466 0 0.836259 0.163741 
 ----> 1.3#6.6#34.0#44.0#VAR 467 0 0.793419 0.206581 
 ----> 1.3#6.6#34.0#44.0#VAR 468 0 0.815509 0.184491 
 ----> 1.3#6.6#34.0#44.0#VAR 469 0 0.821339 0.178661 
 ----> 1.3#6.6#34.0#44.0#VAR 470 0 0.795574 0.204426 
 ----> 1.3#6.6#34.0#44.0#VAR 471 0 0.814211 0.185789 
 ----> 1.3#6.6#34.0#44.0#VAR 472 0 0.820191 0.179809 
 ----> 1.3#6.6#34.0#44.0#VAR 473 0 0.810474 0.189526 
 ----> 1.3#6.6#34.0#44.0#VAR 474 0 0.817304 0.182696 
 ----> 1.3#6.6#34.0#44.0#VAR 475 0 0.821887 0.178113 
 ----> 1.3#6.6#34.0#44.0#VAR 476 0 0.818271 0.181729 
 ----> 1.3#6.6#34.0#44.0#VAR 477 0 0.808268 0.191732 
 ----> 1.3#6.6#34.0#44.0#VAR 478 0 0.800679 0.199321 
 ----> 1.3#6.6#34.0#44.0#VAR 479 0 0.812409 0.187591 
 ----> 1.3#6.6#34.0#44.0#VAR 480 0 0.827454 0.172546 
 ----> 1.3#6.6#34.0#44.0#VAR 481 0 0.828065 0.171935 
 ----> 1.3#6.6#34.0#44.0#VAR 482 0 0.833296 0.166704 
 ----> 1.3#6.6#34.0#44.0#VAR 483 1 0.798849 0.201151 
 ----> 1.3#6.6#34.0#44.0#VAR 484 0 0.839739 0.160261 
 ----> 1.3#6.6#34.0#44.0#VAR 485 0 0.83486 0.16514 
 ----> 1.3#6.6#34.0#44.0#VAR 486 0 0.795169 0.204831 
 ----> 1.3#6.6#34.0#44.0#VAR 487 0 0.79621 0.20379 
 ----> 1.3#6.6#34.0#44.0#VAR 488 0 0.807161 0.192839 
 ----> 1.3#6.6#34.0#44.0#VAR 489 0 0.824164 0.175836 
 ----> 1.3#6.6#34.0#44.0#VAR 490 0 0.821906 0.178094 
 ----> 1.3#6.6#34.0#44.0#VAR 491 0 0.800754 0.199246 
 ----> 1.3#6.6#34.0#44.0#VAR 492 0 0.813315 0.186685 
 ----> 1.3#6.6#34.0#44.0#VAR 493 1 0.82353 0.17647 
 ----> 1.3#6.6#34.0#44.0#VAR 494 0 0.824687 0.175313 
 ----> 1.3#6.6#34.0#44.0#VAR 495 0 0.810523 0.189477 
 ----> 1.3#6.6#34.0#44.0#VAR 496 0 0.828483 0.171517 
 ----> 1.3#6.6#34.0#44.0#VAR 497 1 0.778464 0.221536 
 ----> 1.3#6.6#34.0#44.0#VAR 498 0 0.815802 0.184198 
 ----> 1.3#6.6#34.0#44.0#VAR 499 1 0.805371 0.194629 
 ----> 1.3#6.6#34.0#44.0#VAR 500 0 0.833149 0.166851 
 ----> 1.3#6.6#34.0#44.0#VAR 501 0 0.794066 0.205934 
 ----> 1.3#6.6#34.0#44.0#VAR 502 1 0.822224 0.177776 
 ----> 1.3#6.6#34.0#44.0#VAR 503 0 0.846227 0.153773 
 ----> 1.3#6.6#34.0#44.0#VAR 504 1 0.769666 0.230334 
 ----> 1.3#6.6#34.0#44.0#VAR 505 0 0.813753 0.186247 
 ----> 1.3#6.6#34.0#44.0#VAR 506 0 0.811015 0.188985 
 ----> 1.3#6.6#34.0#44.0#VAR 507 0 0.79867 0.20133 
 ----> 1.3#6.6#34.0#44.0#VAR 508 0 0.794096 0.205904 
 ----> 1.3#6.6#34.0#44.0#VAR 509 0 0.809265 0.190735 
 ----> 1.3#6.6#34.0#44.0#VAR 510 0 0.810133 0.189867 
 ----> 1.3#6.6#34.0#44.0#VAR 511 1 0.806613 0.193387 
 ----> 1.3#6.6#34.0#44.0#VAR 512 0 0.823338 0.176662 
 ----> 1.3#6.6#34.0#44.0#VAR 513 0 0.80684 0.19316 
 ----> 1.3#6.6#34.0#44.0#VAR 514 0 0.79676 0.20324 
 ----> 1.3#6.6#34.0#44.0#VAR 515 0 0.800268 0.199732 
 ----> 1.3#6.6#34.0#44.0#VAR 516 1 0.816931 0.183069 
 ----> 1.3#6.6#34.0#44.0#VAR 517 0 0.803762 0.196238 
 ----> 1.3#6.6#34.0#44.0#VAR 518 0 0.802001 0.197999 
 ----> 1.3#6.6#34.0#44.0#VAR 519 0 0.838804 0.161196 
 ----> 1.3#6.6#34.0#44.0#VAR 520 0 0.81652 0.18348 
 ----> 1.3#6.6#34.0#44.0#VAR 521 0 0.815343 0.184657 
 ----> 1.3#6.6#34.0#44.0#VAR 522 0 0.791315 0.208685 
 ----> 1.3#6.6#34.0#44.0#VAR 523 0 0.817706 0.182294 
 ----> 1.3#6.6#34.0#44.0#VAR 524 0 0.810447 0.189553 
 ----> 1.3#6.6#34.0#44.0#VAR 525 0 0.816178 0.183822 
 ----> 1.3#6.6#34.0#44.0#VAR 526 0 0.820845 0.179155 
 ----> 1.3#6.6#34.0#44.0#VAR 527 1 0.78934 0.21066 
 ----> 1.3#6.6#34.0#44.0#VAR 528 1 0.782553 0.217447 
 ----> 1.3#6.6#34.0#44.0#VAR 529 0 0.78951 0.21049 
 ----> 1.3#6.6#34.0#44.0#VAR 530 0 0.790847 0.209153 
 ----> 1.3#6.6#34.0#44.0#VAR 531 0 0.820572 0.179428 
 ----> 1.3#6.6#34.0#44.0#VAR 532 0 0.817735 0.182265 
 ----> 1.3#6.6#34.0#44.0#VAR 533 0 0.799338 0.200662 
 ----> 1.3#6.6#34.0#44.0#VAR 534 0 0.816073 0.183927 
 ----> 1.3#6.6#34.0#44.0#VAR 535 0 0.810041 0.189959 
 ----> 1.3#6.6#34.0#44.0#VAR 536 0 0.808039 0.191961 
 ----> 1.3#6.6#34.0#44.0#VAR 537 0 0.837806 0.162194 
 ----> 1.3#6.6#34.0#44.0#VAR 538 0 0.828822 0.171178 
 ----> 1.3#6.6#34.0#44.0#VAR 539 1 0.784804 0.215196 
 ----> 1.3#6.6#34.0#44.0#VAR 540 1 0.775626 0.224374 
 ----> 1.3#6.6#34.0#44.0#VAR 541 1 0.773493 0.226507 
 ----> 1.3#6.6#34.0#44.0#VAR 542 1 0.764148 0.235852 
 ----> 1.3#6.6#34.0#44.0#VAR 543 0 0.80608 0.19392 
 ----> 1.3#6.6#34.0#44.0#VAR 544 0 0.804964 0.195036 
 ----> 1.3#6.6#34.0#44.0#VAR 545 0 0.824307 0.175693 
 ----> 1.3#6.6#34.0#44.0#VAR 546 0 0.810311 0.189689 
 ----> 1.3#6.6#34.0#44.0#VAR 547 0 0.809267 0.190733 
 ----> 1.3#6.6#34.0#44.0#VAR 548 0 0.808357 0.191643 
 ----> 1.3#6.6#34.0#44.0#VAR 549 1 0.801256 0.198744 
 ----> 1.3#6.6#34.0#44.0#VAR 550 0 0.806027 0.193973 
 ----> 1.3#6.6#34.0#44.0#VAR 551 0 0.812976 0.187024 
 ----> 1.3#6.6#34.0#44.0#VAR 552 0 0.804801 0.195199 
 ----> 1.3#6.6#34.0#44.0#VAR 553 0 0.831612 0.168388 
 ----> 1.3#6.6#34.0#44.0#VAR 554 0 0.830187 0.169813 
 ----> 1.3#6.6#34.0#44.0#VAR 555 0 0.796759 0.203241 
 ----> 1.3#6.6#34.0#44.0#VAR 556 0 0.806101 0.193899 
 ----> 1.3#6.6#34.0#44.0#VAR 557 1 0.812076 0.187924 
 ----> 1.3#6.6#34.0#44.0#VAR 558 0 0.821512 0.178488 
 ----> 1.3#6.6#34.0#44.0#VAR 559 0 0.820703 0.179297 
 ----> 1.3#6.6#34.0#44.0#VAR 560 0 0.802155 0.197845 
 ----> 1.3#6.6#34.0#44.0#VAR 561 0 0.813864 0.186136 
 ----> 1.3#6.6#34.0#44.0#VAR 562 0 0.805355 0.194645 
 ----> 1.3#6.6#34.0#44.0#VAR 563 0 0.803986 0.196014 
 ----> 1.3#6.6#34.0#44.0#VAR 564 0 0.817085 0.182915 
 ----> 1.3#6.6#34.0#44.0#VAR 565 1 0.799867 0.200133 
 ----> 1.3#6.6#34.0#44.0#VAR 566 0 0.795733 0.204267 
 ----> 1.3#6.6#34.0#44.0#VAR 567 0 0.812457 0.187543 
 ----> 1.3#6.6#34.0#44.0#VAR 568 0 0.811706 0.188294 
 ----> 1.3#6.6#34.0#44.0#VAR 569 0 0.817039 0.182961 
 ----> 1.3#6.6#34.0#44.0#VAR 570 0 0.817571 0.182429 
 ----> 1.3#6.6#34.0#44.0#VAR 571 0 0.798137 0.201863 
 ----> 1.3#6.6#34.0#44.0#VAR 572 0 0.797079 0.202921 
 ----> 1.3#6.6#34.0#44.0#VAR 573 0 0.807568 0.192432 
 ----> 1.3#6.6#34.0#44.0#VAR 574 1 0.805347 0.194653 
 ----> 1.3#6.6#34.0#44.0#VAR 575 0 0.815169 0.184831 
 ----> 1.3#6.6#34.0#44.0#VAR 576 1 0.774544 0.225456 
 ----> 1.3#6.6#34.0#44.0#VAR 577 0 0.798675 0.201325 
 ----> 1.3#6.6#34.0#44.0#VAR 578 0 0.785815 0.214185 
 ----> 1.3#6.6#34.0#44.0#VAR 579 0 0.792123 0.207877 
 ----> 1.3#6.6#34.0#44.0#VAR 580 0 0.778075 0.221925 
 ----> 1.3#6.6#34.0#44.0#VAR 581 0 0.774597 0.225403 
 ----> 1.3#6.6#34.0#44.0#VAR 582 0 0.808827 0.191173 
 ----> 1.3#6.6#34.0#44.0#VAR 583 0 0.803902 0.196098 
 ----> 1.3#6.6#34.0#44.0#VAR 584 1 0.803999 0.196001 
 ----> 1.3#6.6#34.0#44.0#VAR 585 0 0.815001 0.184999 
 ----> 1.3#6.6#34.0#44.0#VAR 586 0 0.81366 0.18634 
 ----> 1.3#6.6#34.0#44.0#VAR 587 0 0.801152 0.198848 
 ----> 1.3#6.6#34.0#44.0#VAR 588 0 0.805498 0.194502 
 ----> 1.3#6.6#34.0#44.0#VAR 589 0 0.818119 0.181881 
 ----> 1.3#6.6#34.0#44.0#VAR 590 0 0.78999 0.21001 
 ----> 1.3#6.6#34.0#44.0#VAR 591 0 0.823977 0.176023 
 ----> 1.3#6.6#34.0#44.0#VAR 592 0 0.816041 0.183959 
 ----> 1.3#6.6#34.0#44.0#VAR 593 0 0.810847 0.189153 
 ----> 1.3#6.6#34.0#44.0#VAR 594 0 0.819943 0.180057 
 ----> 1.3#6.6#34.0#44.0#VAR 595 0 0.8148 0.1852 
 ----> 1.3#6.6#34.0#44.0#VAR 596 0 0.809945 0.190055 
 ----> 1.3#6.6#34.0#44.0#VAR 597 0 0.802585 0.197415 
 ----> 1.3#6.6#34.0#44.0#VAR 598 0 0.822293 0.177707 
 ----> 1.3#6.6#34.0#44.0#VAR 599 0 0.804269 0.195731 
 ----> 1.3#6.6#34.0#44.0#VAR 600 0 0.810103 0.189897 
 ----> 1.3#6.6#34.0#44.0#VAR 601 0 0.807911 0.192089 
 ----> 1.3#6.6#34.0#44.0#VAR 602 0 0.796078 0.203922 
 ----> 1.3#6.6#34.0#44.0#VAR 603 0 0.824085 0.175915 
 ----> 1.3#6.6#34.0#44.0#VAR 604 1 0.799104 0.200896 
 ----> 1.3#6.6#34.0#44.0#VAR 605 0 0.790444 0.209556 
 ----> 1.3#6.6#34.0#44.0#VAR 606 0 0.799984 0.200016 
 ----> 1.3#6.6#34.0#44.0#VAR 607 0 0.79847 0.20153 
 ----> 1.3#6.6#34.0#44.0#VAR 608 0 0.825231 0.174769 
 ----> 1.3#6.6#34.0#44.0#VAR 609 0 0.807428 0.192572 
 ----> 1.3#6.6#34.0#44.0#VAR 610 0 0.796453 0.203547 
 ----> 1.3#6.6#34.0#44.0#VAR 611 0 0.809886 0.190114 
 ----> 1.3#6.6#34.0#44.0#VAR 612 1 0.787757 0.212243 
 ----> 1.3#6.6#34.0#44.0#VAR 613 0 0.805418 0.194582 
 ----> 1.3#6.6#34.0#44.0#VAR 614 0 0.807273 0.192727 
 ----> 1.3#6.6#34.0#44.0#VAR 615 0 0.813604 0.186396 
 ----> 1.3#6.6#34.0#44.0#VAR 616 1 0.818025 0.181975 
 ----> 1.3#6.6#34.0#44.0#VAR 617 0 0.822131 0.177869 
 ----> 1.3#6.6#34.0#44.0#VAR 618 0 0.791446 0.208554 
 ----> 1.3#6.6#34.0#44.0#VAR 619 0 0.79447 0.20553 
 ----> 1.3#6.6#34.0#44.0#VAR 620 0 0.79718 0.20282 
 ----> 1.3#6.6#34.0#44.0#VAR 621 0 0.79528 0.20472 
 ----> 1.3#6.6#34.0#44.0#VAR 622 0 0.827291 0.172709 
 ----> 1.3#6.6#34.0#44.0#VAR 623 1 0.798896 0.201104 
 ----> 1.3#6.6#34.0#44.0#VAR 624 0 0.81066 0.18934 
 ----> 1.3#6.6#34.0#44.0#VAR 625 0 0.813788 0.186212 
 ----> 1.3#6.6#34.0#44.0#VAR 626 0 0.814962 0.185038 
 ----> 1.3#6.6#34.0#44.0#VAR 627 0 0.808011 0.191989 
 ----> 1.3#6.6#34.0#44.0#VAR 628 0 0.818591 0.181409 
 ----> 1.3#6.6#34.0#44.0#VAR 629 0 0.807389 0.192611 
 ----> 1.3#6.6#34.0#44.0#VAR 630 0 0.798779 0.201221 
 ----> 1.3#6.6#34.0#44.0#VAR 631 0 0.805773 0.194227 
 ----> 1.3#6.6#34.0#44.0#VAR 632 0 0.777786 0.222214 
 ----> 1.3#6.6#34.0#44.0#VAR 633 0 0.78335 0.21665 
 ----> 1.3#6.6#34.0#44.0#VAR 634 1 0.772008 0.227992 
 ----> 1.3#6.6#34.0#44.0#VAR 635 1 0.773559 0.226441 
 ----> 1.3#6.6#34.0#44.0#VAR 636 0 0.818956 0.181044 
 ----> 1.3#6.6#34.0#44.0#VAR 637 0 0.798429 0.201571 
 ----> 1.3#6.6#34.0#44.0#VAR 638 0 0.809431 0.190569 
 ----> 1.3#6.6#34.0#44.0#VAR 639 0 0.819944 0.180056 
 ----> 1.3#6.6#34.0#44.0#VAR 640 0 0.828124 0.171876 
 ----> 1.3#6.6#34.0#44.0#VAR 641 0 0.812064 0.187936 
 ----> 1.3#6.6#34.0#44.0#VAR 642 0 0.795043 0.204957 
 ----> 1.3#6.6#34.0#44.0#VAR 643 0 0.807086 0.192914 
 ----> 1.3#6.6#34.0#44.0#VAR 644 0 0.790225 0.209775 
 ----> 1.3#6.6#34.0#44.0#VAR 645 0 0.810777 0.189223 
 ----> 1.3#6.6#34.0#44.0#VAR 646 1 0.789842 0.210158 
 ----> 1.3#6.6#34.0#44.0#VAR 647 0 0.785677 0.214323 
 ----> 1.3#6.6#34.0#44.0#VAR 648 0 0.803885 0.196115 
 ----> 1.3#6.6#34.0#44.0#VAR 649 1 0.774968 0.225032 
 ----> 1.3#6.6#34.0#44.0#VAR 650 0 0.81938 0.18062 
 ----> 1.3#6.6#34.0#44.0#VAR 651 0 0.810947 0.189053 
 ----> 1.3#6.6#34.0#44.0#VAR 652 0 0.83952 0.16048 
 ----> 1.3#6.6#34.0#44.0#VAR 653 0 0.812242 0.187758 
 ----> 1.3#6.6#34.0#44.0#VAR 654 0 0.796557 0.203443 
 ----> 1.3#6.6#34.0#44.0#VAR 655 0 0.827048 0.172952 
 ----> 1.3#6.6#34.0#44.0#VAR 656 0 0.803086 0.196914 
 ----> 1.3#6.6#34.0#44.0#VAR 657 0 0.818154 0.181846 
 ----> 1.3#6.6#34.0#44.0#VAR 658 0 0.811382 0.188618 
 ----> 1.3#6.6#34.0#44.0#VAR 659 0 0.823829 0.176171 
 ----> 1.3#6.6#34.0#44.0#VAR 660 0 0.797109 0.202891 
 ----> 1.3#6.6#34.0#44.0#VAR 661 0 0.802821 0.197179 
 ----> 1.3#6.6#34.0#44.0#VAR 662 1 0.78526 0.21474 
 ----> 1.3#6.6#34.0#44.0#VAR 663 0 0.80551 0.19449 
 ----> 1.3#6.6#34.0#44.0#VAR 664 0 0.818668 0.181332 
 ----> 1.3#6.6#34.0#44.0#VAR 665 0 0.828019 0.171981 
 ----> 1.3#6.6#34.0#44.0#VAR 666 0 0.810302 0.189698 
 ----> 1.3#6.6#34.0#44.0#VAR 667 0 0.805218 0.194782 
 ----> 1.3#6.6#34.0#44.0#VAR 668 0 0.791859 0.208141 
 ----> 1.3#6.6#34.0#44.0#VAR 669 0 0.815443 0.184557 
 ----> 1.3#6.6#34.0#44.0#VAR 670 0 0.815926 0.184074 
 ----> 1.3#6.6#34.0#44.0#VAR 671 0 0.828693 0.171307 
 ----> 1.3#6.6#34.0#44.0#VAR 672 0 0.805385 0.194615 
 ----> 1.3#6.6#34.0#44.0#VAR 673 0 0.810861 0.189139 
 ----> 1.3#6.6#34.0#44.0#VAR 674 0 0.830693 0.169307 
 ----> 1.3#6.6#34.0#44.0#VAR 675 0 0.783721 0.216279 
 ----> 1.3#6.6#34.0#44.0#VAR 676 0 0.790436 0.209564 
 ----> 1.3#6.6#34.0#44.0#VAR 677 0 0.814205 0.185795 
 ----> 1.3#6.6#34.0#44.0#VAR 678 0 0.80276 0.19724 
 ----> 1.3#6.6#34.0#44.0#VAR 679 0 0.818383 0.181617 
 ----> 1.3#6.6#34.0#44.0#VAR 680 0 0.809042 0.190958 
 ----> 1.3#6.6#34.0#44.0#VAR 681 0 0.82415 0.17585 
 ----> 1.3#6.6#34.0#44.0#VAR 682 0 0.788485 0.211515 
 ----> 1.3#6.6#34.0#44.0#VAR 683 0 0.808028 0.191972 
 ----> 1.3#6.6#34.0#44.0#VAR 684 0 0.798118 0.201882 
 ----> 1.3#6.6#34.0#44.0#VAR 685 0 0.818148 0.181852 
 ----> 1.3#6.6#34.0#44.0#VAR 686 0 0.807426 0.192574 
 ----> 1.3#6.6#34.0#44.0#VAR 687 0 0.811981 0.188019 
 ----> 1.3#6.6#34.0#44.0#VAR 688 1 0.786124 0.213876 
 ----> 1.3#6.6#34.0#44.0#VAR 689 0 0.830221 0.169779 
 ----> 1.3#6.6#34.0#44.0#VAR 690 0 0.823819 0.176181 
 ----> 1.3#6.6#34.0#44.0#VAR 691 0 0.807561 0.192439 
 ----> 1.3#6.6#34.0#44.0#VAR 692 0 0.829962 0.170038 
 ----> 1.3#6.6#34.0#44.0#VAR 693 0 0.809154 0.190846 
 ----> 1.3#6.6#34.0#44.0#VAR 694 0 0.814092 0.185908 
 ----> 1.3#6.6#34.0#44.0#VAR 695 0 0.805979 0.194021 
 ----> 1.3#6.6#34.0#44.0#VAR 696 0 0.81513 0.18487 
 ----> 1.3#6.6#34.0#44.0#VAR 697 0 0.822598 0.177402 
 ----> 1.3#6.6#34.0#44.0#VAR 698 0 0.816923 0.183077 
 ----> 1.3#6.6#34.0#44.0#VAR 699 0 0.818446 0.181554 
 ----> 1.3#6.6#34.0#44.0#VAR 700 0 0.811074 0.188926 
 ----> 1.3#6.6#34.0#44.0#VAR 701 1 0.796803 0.203197 
 ----> 1.3#6.6#34.0#44.0#VAR 702 1 0.775831 0.224169 
 ----> 1.3#6.6#34.0#44.0#VAR 703 1 0.793483 0.206517 
 ----> 1.3#6.6#34.0#44.0#VAR 704 0 0.828175 0.171825 
 ----> 1.3#6.6#34.0#44.0#VAR 705 0 0.816153 0.183847 
 ----> 1.3#6.6#34.0#44.0#VAR 706 0 0.807101 0.192899 
 ----> 1.3#6.6#34.0#44.0#VAR 707 0 0.829343 0.170657 
 ----> 1.3#6.6#34.0#44.0#VAR 708 0 0.822425 0.177575 
 ----> 1.3#6.6#34.0#44.0#VAR 709 0 0.809152 0.190848 
 ----> 1.3#6.6#34.0#44.0#VAR 710 0 0.801172 0.198828 
 ----> 1.3#6.6#34.0#44.0#VAR 711 0 0.823229 0.176771 
 ----> 1.3#6.6#34.0#44.0#VAR 712 0 0.791395 0.208605 
 ----> 1.3#6.6#34.0#44.0#VAR 713 1 0.790387 0.209613 
 ----> 1.3#6.6#34.0#44.0#VAR 714 0 0.832864 0.167136 
 ----> 1.3#6.6#34.0#44.0#VAR 715 0 0.816113 0.183887 
 ----> 1.3#6.6#34.0#44.0#VAR 716 0 0.815141 0.184859 
 ----> 1.3#6.6#34.0#44.0#VAR 717 1 0.771054 0.228946 
 ----> 1.3#6.6#34.0#44.0#VAR 718 1 0.773857 0.226143 
 ----> 1.3#6.6#34.0#44.0#VAR 719 0 0.829219 0.170781 
 ----> 1.3#6.6#34.0#44.0#VAR 720 0 0.811023 0.188977 
 ----> 1.3#6.6#34.0#44.0#VAR 721 0 0.816587 0.183413 
 ----> 1.3#6.6#34.0#44.0#VAR 722 0 0.818611 0.181389 
 ----> 1.3#6.6#34.0#44.0#VAR 723 0 0.813145 0.186855 
 ----> 1.3#6.6#34.0#44.0#VAR 724 1 0.784216 0.215784 
 ----> 1.3#6.6#34.0#44.0#VAR 725 0 0.804644 0.195356 
 ----> 1.3#6.6#34.0#44.0#VAR 726 0 0.800494 0.199506 
 ----> 1.3#6.6#34.0#44.0#VAR 727 0 0.821074 0.178926 
 ----> 1.3#6.6#34.0#44.0#VAR 728 0 0.799641 0.200359 
 ----> 1.3#6.6#34.0#44.0#VAR 729 1 0.805083 0.194917 
 ----> 1.3#6.6#34.0#44.0#VAR 730 0 0.800775 0.199225 
 ----> 1.3#6.6#34.0#44.0#VAR 731 0 0.776706 0.223294 
 ----> 1.3#6.6#34.0#44.0#VAR 732 0 0.812191 0.187809 
 ----> 1.3#6.6#34.0#44.0#VAR 733 1 0.780482 0.219518 
 ----> 1.3#6.6#34.0#44.0#VAR 734 0 0.812992 0.187008 
 ----> 1.3#6.6#34.0#44.0#VAR 735 0 0.79831 0.20169 
 ----> 1.3#6.6#34.0#44.0#VAR 736 0 0.79739 0.20261 
 ----> 1.3#6.6#34.0#44.0#VAR 737 0 0.782755 0.217245 
 ----> 1.3#6.6#34.0#44.0#VAR 738 1 0.786398 0.213602 
 ----> 1.3#6.6#34.0#44.0#VAR 739 0 0.810907 0.189093 
 ----> 1.3#6.6#34.0#44.0#VAR 740 0 0.79999 0.20001 
 ----> 1.3#6.6#34.0#44.0#VAR 741 0 0.801298 0.198702 
 ----> 1.3#6.6#34.0#44.0#VAR 742 0 0.798362 0.201638 
 ----> 1.3#6.6#34.0#44.0#VAR 743 1 0.784639 0.215361 
 ----> 1.3#6.6#34.0#44.0#VAR 744 1 0.788432 0.211568 
 ----> 1.3#6.6#34.0#44.0#VAR 745 0 0.796091 0.203909 
 ----> 1.3#6.6#34.0#44.0#VAR 746 0 0.799766 0.200234 
 ----> 1.3#6.6#34.0#44.0#VAR 747 0 0.807128 0.192872 
 ----> 1.3#6.6#34.0#44.0#VAR 748 0 0.807566 0.192434 
 ----> 1.3#6.6#34.0#44.0#VAR 749 0 0.803581 0.196419 
 ----> 1.3#6.6#34.0#44.0#VAR 750 0 0.792285 0.207715 
 ----> 1.3#6.6#34.0#44.0#VAR 751 0 0.803345 0.196655 
 ----> 1.3#6.6#34.0#44.0#VAR 752 1 0.767179 0.232821 
 ----> 1.3#6.6#34.0#44.0#VAR 753 0 0.785577 0.214423 
 ----> 1.3#6.6#34.0#44.0#VAR 754 1 0.82302 0.17698 
 ----> 1.3#6.6#34.0#44.0#VAR 755 0 0.818819 0.181181 
 ----> 1.3#6.6#34.0#44.0#VAR 756 1 0.794318 0.205682 
 ----> 1.3#6.6#34.0#44.0#VAR 757 0 0.824985 0.175015 
 ----> 1.3#6.6#34.0#44.0#VAR 758 0 0.79383 0.20617 
 ----> 1.3#6.6#34.0#44.0#VAR 759 0 0.83006 0.16994 
 ----> 1.3#6.6#34.0#44.0#VAR 760 0 0.819051 0.180949 
 ----> 1.3#6.6#34.0#44.0#VAR 761 0 0.81194 0.18806 
 ----> 1.3#6.6#34.0#44.0#VAR 762 0 0.796208 0.203792 
 ----> 1.3#6.6#34.0#44.0#VAR 763 0 0.794086 0.205914 
 ----> 1.3#6.6#34.0#44.0#VAR 764 1 0.795762 0.204238 
 ----> 1.3#6.6#34.0#44.0#VAR 765 0 0.800504 0.199496 
 ----> 1.3#6.6#34.0#44.0#VAR 766 1 0.795497 0.204503 
 ----> 1.3#6.6#34.0#44.0#VAR 767 0 0.816987 0.183013 
 ----> 1.3#6.6#34.0#44.0#VAR 768 0 0.803181 0.196819 
 ----> 1.3#6.6#34.0#44.0#VAR 769 0 0.808095 0.191905 
 ----> 1.3#6.6#34.0#44.0#VAR 770 0 0.802815 0.197185 
 ----> 1.3#6.6#34.0#44.0#VAR 771 0 0.801329 0.198671 
 ----> 1.3#6.6#34.0#44.0#VAR 772 0 0.805887 0.194113 
 ----> 1.3#6.6#34.0#44.0#VAR 773 0 0.820856 0.179144 
 ----> 1.3#6.6#34.0#44.0#VAR 774 0 0.810796 0.189204 
 ----> 1.3#6.6#34.0#44.0#VAR 775 0 0.800085 0.199915 
 ----> 1.3#6.6#34.0#44.0#VAR 776 0 0.817647 0.182353 
 ----> 1.3#6.6#34.0#44.0#VAR 777 0 0.793376 0.206624 
 ----> 1.3#6.6#34.0#44.0#VAR 778 1 0.770621 0.229379 
 ----> 1.3#6.6#34.0#44.0#VAR 779 1 0.795115 0.204885 
 ----> 1.3#6.6#34.0#44.0#VAR 780 0 0.798368 0.201632 
 ----> 1.3#6.6#34.0#44.0#VAR 781 0 0.7971 0.2029 
 ----> 1.3#6.6#34.0#44.0#VAR 782 0 0.800414 0.199586 
 ----> 1.3#6.6#34.0#44.0#VAR 783 0 0.81204 0.18796 
 ----> 1.3#6.6#34.0#44.0#VAR 784 0 0.810098 0.189902 
 ----> 1.3#6.6#34.0#44.0#VAR 785 0 0.800699 0.199301 
 ----> 1.3#6.6#34.0#44.0#VAR 786 1 0.800306 0.199694 
 ----> 1.3#6.6#34.0#44.0#VAR 787 0 0.81041 0.18959 
 ----> 1.3#6.6#34.0#44.0#VAR 788 0 0.802744 0.197256 
 ----> 1.3#6.6#34.0#44.0#VAR 789 0 0.824377 0.175623 
 ----> 1.3#6.6#34.0#44.0#VAR 790 0 0.827413 0.172587 
 ----> 1.3#6.6#34.0#44.0#VAR 791 0 0.817497 0.182503 
 ----> 1.3#6.6#34.0#44.0#VAR 792 0 0.808003 0.191997 
 ----> 1.3#6.6#34.0#44.0#VAR 793 0 0.792641 0.207359 
 ----> 1.3#6.6#34.0#44.0#VAR 794 0 0.799521 0.200479 
 ----> 1.3#6.6#34.0#44.0#VAR 795 0 0.827785 0.172215 
 ----> 1.3#6.6#34.0#44.0#VAR 796 1 0.790125 0.209875 
 ----> 1.3#6.6#34.0#44.0#VAR 797 0 0.798164 0.201836 
 ----> 1.3#6.6#34.0#44.0#VAR 798 0 0.803545 0.196455 
 ----> 1.3#6.6#34.0#44.0#VAR 799 0 0.785387 0.214613 
 ----> 1.3#6.6#34.0#44.0#VAR 800 0 0.783505 0.216495 
 ----> 1.3#6.6#34.0#44.0#VAR 801 0 0.802026 0.197974 
 ----> 1.3#6.6#34.0#44.0#VAR 802 0 0.796982 0.203018 
 ----> 1.3#6.6#34.0#44.0#VAR 803 0 0.784977 0.215023 
 ----> 1.3#6.6#34.0#44.0#VAR 804 0 0.80069 0.19931 
 ----> 1.3#6.6#34.0#44.0#VAR 805 0 0.782577 0.217423 
 ----> 1.3#6.6#34.0#44.0#VAR 806 0 0.796674 0.203326 
 ----> 1.3#6.6#34.0#44.0#VAR 807 1 0.77713 0.22287 
 ----> 1.3#6.6#34.0#44.0#VAR 808 0 0.800406 0.199594 
 ----> 1.3#6.6#34.0#44.0#VAR 809 0 0.79711 0.20289 
 ----> 1.3#6.6#34.0#44.0#VAR 810 0 0.805593 0.194407 
 ----> 1.3#6.6#34.0#44.0#VAR 811 1 0.783868 0.216132 
 ----> 1.3#6.6#34.0#44.0#VAR 812 1 0.775248 0.224752 
 ----> 1.3#6.6#34.0#44.0#VAR 813 0 0.802848 0.197152 
 ----> 1.3#6.6#34.0#44.0#VAR 814 0 0.819889 0.180111 
 ----> 1.3#6.6#34.0#44.0#VAR 815 1 0.770942 0.229058 
 ----> 1.3#6.6#34.0#44.0#VAR 816 0 0.818248 0.181752 
 ----> 1.3#6.6#34.0#44.0#VAR 817 1 0.785195 0.214805 
 ----> 1.3#6.6#34.0#44.0#VAR 818 0 0.833087 0.166913 
 ----> 1.3#6.6#34.0#44.0#VAR 819 0 0.802884 0.197116 
 ----> 1.3#6.6#34.0#44.0#VAR 820 0 0.805134 0.194866 
 ----> 1.3#6.6#34.0#44.0#VAR 821 0 0.790127 0.209873 
 ----> 1.3#6.6#34.0#44.0#VAR 822 0 0.803109 0.196891 
 ----> 1.3#6.6#34.0#44.0#VAR 823 0 0.799343 0.200657 
 ----> 1.3#6.6#34.0#44.0#VAR 824 0 0.788247 0.211753 
 ----> 1.3#6.6#34.0#44.0#VAR 825 0 0.793599 0.206401 
 ----> 1.3#6.6#34.0#44.0#VAR 826 1 0.782169 0.217831 
 ----> 1.3#6.6#34.0#44.0#VAR 827 1 0.740528 0.259472 
 ----> 1.3#6.6#34.0#44.0#VAR 828 0 0.810052 0.189948 
 ----> 1.3#6.6#34.0#44.0#VAR 829 1 0.763749 0.236251 
 ----> 1.3#6.6#34.0#44.0#VAR 830 0 0.792699 0.207301 
 ----> 1.3#6.6#34.0#44.0#VAR 831 0 0.78642 0.21358 
 ----> 1.3#6.6#34.0#44.0#VAR 832 0 0.80904 0.19096 
 ----> 1.3#6.6#34.0#44.0#VAR 833 0 0.77533 0.22467 
 ----> 1.3#6.6#34.0#44.0#VAR 834 1 0.78407 0.21593 
 ----> 1.3#6.6#34.0#44.0#VAR 835 1 0.78107 0.21893 
 ----> 1.3#6.6#34.0#44.0#VAR 836 1 0.795042 0.204958 
 ----> 1.3#6.6#34.0#44.0#VAR 837 0 0.798235 0.201765 
 ----> 1.3#6.6#34.0#44.0#VAR 838 1 0.800109 0.199891 
 ----> 1.3#6.6#34.0#44.0#VAR 839 0 0.801653 0.198347 
 ----> 1.3#6.6#34.0#44.0#VAR 840 0 0.784942 0.215058 
 ----> 1.3#6.6#34.0#44.0#VAR 841 0 0.793901 0.206099 
 ----> 1.3#6.6#34.0#44.0#VAR 842 1 0.774203 0.225797 
 ----> 1.3#6.6#34.0#44.0#VAR 843 0 0.769813 0.230187 
 ----> 1.3#6.6#34.0#44.0#VAR 844 0 0.807683 0.192317 
 ----> 1.3#6.6#34.0#44.0#VAR 845 0 0.832474 0.167526 
 ----> 1.3#6.6#34.0#44.0#VAR 846 0 0.777002 0.222998 
 ----> 1.3#6.6#34.0#44.0#VAR 847 1 0.785482 0.214518 
 ----> 1.3#6.6#34.0#44.0#VAR 848 0 0.78234 0.21766 
 ----> 1.3#6.6#34.0#44.0#VAR 849 0 0.793004 0.206996 
 ----> 1.3#6.6#34.0#44.0#VAR 850 1 0.768986 0.231014 
 ----> 1.3#6.6#34.0#44.0#VAR 851 0 0.815836 0.184164 
 ----> 1.3#6.6#34.0#44.0#VAR 852 1 0.794517 0.205483 
 ----> 1.3#6.6#34.0#44.0#VAR 853 1 0.791822 0.208178 
 ----> 1.3#6.6#34.0#44.0#VAR 854 0 0.796828 0.203172 
 ----> 1.3#6.6#34.0#44.0#VAR 855 0 0.799904 0.200096 
 ----> 1.3#6.6#34.0#44.0#VAR 856 0 0.79112 0.20888 
 ----> 1.3#6.6#34.0#44.0#VAR 857 0 0.797365 0.202635 
 ----> 1.3#6.6#34.0#44.0#VAR 858 0 0.777376 0.222624 
 ----> 1.3#6.6#34.0#44.0#VAR 859 0 0.802711 0.197289 
 ----> 1.3#6.6#34.0#44.0#VAR 860 0 0.805915 0.194085 
 ----> 1.3#6.6#34.0#44.0#VAR 861 1 0.788508 0.211492 
 ----> 1.3#6.6#34.0#44.0#VAR 862 1 0.769877 0.230123 
 ----> 1.3#6.6#34.0#44.0#VAR 863 1 0.801999 0.198001 
 ----> 1.3#6.6#34.0#44.0#VAR 864 0 0.794835 0.205165 
 ----> 1.3#6.6#34.0#44.0#VAR 865 0 0.770805 0.229195 
 ----> 1.3#6.6#34.0#44.0#VAR 866 0 0.816403 0.183597 
 ----> 1.3#6.6#34.0#44.0#VAR 867 1 0.786934 0.213066 
 ----> 1.3#6.6#34.0#44.0#VAR 868 0 0.79837 0.20163 
 ----> 1.3#6.6#34.0#44.0#VAR 869 0 0.810239 0.189761 
 ----> 1.3#6.6#34.0#44.0#VAR 870 1 0.769581 0.230419 
 ----> 1.3#6.6#34.0#44.0#VAR 871 1 0.774407 0.225593 
 ----> 1.3#6.6#34.0#44.0#VAR 872 0 0.813629 0.186371 
 ----> 1.3#6.6#34.0#44.0#VAR 873 0 0.790812 0.209188 
 ----> 1.3#6.6#34.0#44.0#VAR 874 0 0.798094 0.201906 
 ----> 1.3#6.6#34.0#44.0#VAR 875 0 0.802895 0.197105 
 ----> 1.3#6.6#34.0#44.0#VAR 876 0 0.815281 0.184719 
 ----> 1.3#6.6#34.0#44.0#VAR 877 0 0.810053 0.189947 
 ----> 1.3#6.6#34.0#44.0#VAR 878 1 0.783883 0.216117 
 ----> 1.3#6.6#34.0#44.0#VAR 879 1 0.786723 0.213277 
 ----> 1.3#6.6#34.0#44.0#VAR 880 0 0.787479 0.212521 
 ----> 1.3#6.6#34.0#44.0#VAR 881 0 0.805955 0.194045 
 ----> 1.3#6.6#34.0#44.0#VAR 882 1 0.784625 0.215375 
 ----> 1.3#6.6#34.0#44.0#VAR 883 0 0.805679 0.194321 
 ----> 1.3#6.6#34.0#44.0#VAR 884 0 0.809728 0.190272 
 ----> 1.3#6.6#34.0#44.0#VAR 885 0 0.781111 0.218889 
 ----> 1.3#6.6#34.0#44.0#VAR 886 0 0.787705 0.212295 
 ----> 1.3#6.6#34.0#44.0#VAR 887 0 0.788519 0.211481 
 ----> 1.3#6.6#34.0#44.0#VAR 888 1 0.769933 0.230067 
 ----> 1.3#6.6#34.0#44.0#VAR 889 0 0.782236 0.217764 
 ----> 1.3#6.6#34.0#44.0#VAR 890 0 0.797223 0.202777 
 ----> 1.3#6.6#34.0#44.0#VAR 891 1 0.756472 0.243528 
 ----> 1.3#6.6#34.0#44.0#VAR 892 0 0.80803 0.19197 
 ----> 1.3#6.6#34.0#44.0#VAR 893 0 0.828662 0.171338 
 ----> 1.3#6.6#34.0#44.0#VAR 894 0 0.799365 0.200635 
 ----> 1.3#6.6#34.0#44.0#VAR 895 1 0.789097 0.210903 
 ----> 1.3#6.6#34.0#44.0#VAR 896 1 0.751346 0.248654 
 ----> 1.3#6.6#34.0#44.0#VAR 897 0 0.803198 0.196802 
 ----> 1.3#6.6#34.0#44.0#VAR 898 0 0.807564 0.192436 
 ----> 1.3#6.6#34.0#44.0#VAR 899 0 0.799224 0.200776 
 ----> 1.3#6.6#34.0#44.0#VAR 900 0 0.772893 0.227107 
 ----> 1.3#6.6#34.0#44.0#VAR 901 0 0.81857 0.18143 
 ----> 1.3#6.6#34.0#44.0#VAR 902 1 0.763445 0.236555 
 ----> 1.3#6.6#34.0#44.0#VAR 903 0 0.812169 0.187831 
 ----> 1.3#6.6#34.0#44.0#VAR 904 0 0.778238 0.221762 
 ----> 1.3#6.6#34.0#44.0#VAR 905 0 0.819533 0.180467 
 ----> 1.3#6.6#34.0#44.0#VAR 906 0 0.78935 0.21065 
 ----> 1.3#6.6#34.0#44.0#VAR 907 1 0.784393 0.215607 
 ----> 1.3#6.6#34.0#44.0#VAR 908 0 0.7972 0.2028 
 ----> 1.3#6.6#34.0#44.0#VAR 909 0 0.789225 0.210775 
 ----> 1.3#6.6#34.0#44.0#VAR 910 0 0.797624 0.202376 
 ----> 1.3#6.6#34.0#44.0#VAR 911 0 0.823034 0.176966 
 ----> 1.3#6.6#34.0#44.0#VAR 912 0 0.829597 0.170403 
 ----> 1.3#6.6#34.0#44.0#VAR 913 0 0.804785 0.195215 
 ----> 1.3#6.6#34.0#44.0#VAR 914 1 0.783733 0.216267 
 ----> 1.3#6.6#34.0#44.0#VAR 915 0 0.796156 0.203844 
 ----> 1.3#6.6#34.0#44.0#VAR 916 0 0.798377 0.201623 
 ----> 1.3#6.6#34.0#44.0#VAR 917 0 0.802426 0.197574 
 ----> 1.3#6.6#34.0#44.0#VAR 918 1 0.785033 0.214967 
 ----> 1.3#6.6#34.0#44.0#VAR 919 1 0.776686 0.223314 
 ----> 1.3#6.6#34.0#44.0#VAR 920 1 0.763811 0.236189 
 ----> 1.3#6.6#34.0#44.0#VAR 921 0 0.797332 0.202668 
 ----> 1.3#6.6#34.0#44.0#VAR 922 1 0.756102 0.243898 
 ----> 1.3#6.6#34.0#44.0#VAR 923 0 0.802546 0.197454 
 ----> 1.3#6.6#34.0#44.0#VAR 924 0 0.795335 0.204665 
 ----> 1.3#6.6#34.0#44.0#VAR 925 0 0.815034 0.184966 
 ----> 1.3#6.6#34.0#44.0#VAR 926 0 0.823217 0.176783 
 ----> 1.3#6.6#34.0#44.0#VAR 927 0 0.791539 0.208461 
 ----> 1.3#6.6#34.0#44.0#VAR 928 0 0.780162 0.219838 
 ----> 1.3#6.6#34.0#44.0#VAR 929 0 0.813411 0.186589 
 ----> 1.3#6.6#34.0#44.0#VAR 930 1 0.792024 0.207976 
 ----> 1.3#6.6#34.0#44.0#VAR 931 1 0.762487 0.237513 
 ----> 1.3#6.6#34.0#44.0#VAR 932 0 0.806123 0.193877 
 ----> 1.3#6.6#34.0#44.0#VAR 933 1 0.786897 0.213103 
 ----> 1.3#6.6#34.0#44.0#VAR 934 1 0.777752 0.222248 
 ----> 1.3#6.6#34.0#44.0#VAR 935 1 0.759369 0.240631 
 ----> 1.3#6.6#34.0#44.0#VAR 936 0 0.801633 0.198367 
 ----> 1.3#6.6#34.0#44.0#VAR 937 1 0.784315 0.215685 
 ----> 1.3#6.6#34.0#44.0#VAR 938 0 0.802744 0.197256 
 ----> 1.3#6.6#34.0#44.0#VAR 939 0 0.808773 0.191227 
 ----> 1.3#6.6#34.0#44.0#VAR 940 0 0.807825 0.192175 
 ----> 1.3#6.6#34.0#44.0#VAR 941 1 0.766684 0.233316 
 ----> 1.3#6.6#34.0#44.0#VAR 942 1 0.774278 0.225722 
 ----> 1.3#6.6#34.0#44.0#VAR 943 0 0.82645 0.17355 
 ----> 1.3#6.6#34.0#44.0#VAR 944 0 0.810246 0.189754 
 ----> 1.3#6.6#34.0#44.0#VAR 945 0 0.797417 0.202583 
 ----> 1.3#6.6#34.0#44.0#VAR 946 0 0.843473 0.156527 
 ----> 1.3#6.6#34.0#44.0#VAR 947 1 0.786031 0.213969 
 ----> 1.3#6.6#34.0#44.0#VAR 948 0 0.800166 0.199834 
 ----> 1.3#6.6#34.0#44.0#VAR 949 0 0.823911 0.176089 
 ----> 1.3#6.6#34.0#44.0#VAR 950 1 0.77085 0.22915 
 ----> 1.3#6.6#34.0#44.0#VAR 951 1 0.790679 0.209321 
 ----> 1.3#6.6#34.0#44.0#VAR 952 0 0.817778 0.182222 
 ----> 1.3#6.6#34.0#44.0#VAR 953 0 0.785474 0.214526 
 ----> 1.3#6.6#34.0#44.0#VAR 954 0 0.808351 0.191649 
 ----> 1.3#6.6#34.0#44.0#VAR 955 0 0.79554 0.20446 
 ----> 1.3#6.6#34.0#44.0#VAR 956 1 0.772065 0.227935 
 ----> 1.3#6.6#34.0#44.0#VAR 957 0 0.786583 0.213417 
 ----> 1.3#6.6#34.0#44.0#VAR 958 0 0.792924 0.207076 
 ----> 1.3#6.6#34.0#44.0#VAR 959 0 0.786507 0.213493 
 ----> 1.3#6.6#34.0#44.0#VAR 960 1 0.776464 0.223536 
 ----> 1.3#6.6#34.0#44.0#VAR 961 0 0.805038 0.194962 
 ----> 1.3#6.6#34.0#44.0#VAR 962 0 0.787968 0.212032 
 ----> 1.3#6.6#34.0#44.0#VAR 963 0 0.817974 0.182026 
 ----> 1.3#6.6#34.0#44.0#VAR 964 1 0.799352 0.200648 
 ----> 1.3#6.6#34.0#44.0#VAR 965 0 0.80936 0.19064 
 ----> 1.3#6.6#34.0#44.0#VAR 966 0 0.78698 0.21302 
 ----> 1.3#6.6#34.0#44.0#VAR 967 1 0.811918 0.188082 
 ----> 1.3#6.6#34.0#44.0#VAR 968 1 0.763414 0.236586 
 ----> 1.3#6.6#34.0#44.0#VAR 969 0 0.813435 0.186565 
 ----> 1.3#6.6#34.0#44.0#VAR 970 0 0.812166 0.187834 
 ----> 1.3#6.6#34.0#44.0#VAR 971 0 0.773152 0.226848 
 ----> 1.3#6.6#34.0#44.0#VAR 972 0 0.789913 0.210087 
 ----> 1.3#6.6#34.0#44.0#VAR 973 0 0.783113 0.216887 
 ----> 1.3#6.6#34.0#44.0#VAR 974 1 0.777049 0.222951 
 ----> 1.3#6.6#34.0#44.0#VAR 975 0 0.788647 0.211353 
 ----> 1.3#6.6#34.0#44.0#VAR 976 0 0.79462 0.20538 
 ----> 1.3#6.6#34.0#44.0#VAR 977 0 0.800314 0.199686 
 ----> 1.3#6.6#34.0#44.0#VAR 978 0 0.799213 0.200787 
 ----> 1.3#6.6#34.0#44.0#VAR 979 0 0.801212 0.198788 
 ----> 1.3#6.6#34.0#44.0#VAR 980 0 0.824569 0.175431 
 ----> 1.3#6.6#34.0#44.0#VAR 981 1 0.789985 0.210015 
 ----> 1.3#6.6#34.0#44.0#VAR 982 0 0.821829 0.178171 
 ----> 1.3#6.6#34.0#44.0#VAR 983 0 0.81823 0.18177 
 ----> 1.3#6.6#34.0#44.0#VAR 984 0 0.783323 0.216677 
 ----> 1.3#6.6#34.0#44.0#VAR 985 0 0.801826 0.198174 
 ----> 1.3#6.6#34.0#44.0#VAR 986 0 0.815267 0.184733 
 ----> 1.3#6.6#34.0#44.0#VAR 987 0 0.80571 0.19429 
 ----> 1.3#6.6#34.0#44.0#VAR 988 1 0.775229 0.224771 
 ----> 1.3#6.6#34.0#44.0#VAR 989 1 0.781122 0.218878 
 ----> 1.3#6.6#34.0#44.0#VAR 990 0 0.792567 0.207433 
 ----> 1.3#6.6#34.0#44.0#VAR 991 1 0.762621 0.237379 
 ----> 1.3#6.6#34.0#44.0#VAR 992 1 0.801729 0.198271 
 ----> 1.3#6.6#34.0#44.0#VAR 993 0 0.816799 0.183201 
 ----> 1.3#6.6#34.0#44.0#VAR 994 0 0.795627 0.204373 
 ----> 1.3#6.6#34.0#44.0#VAR 995 0 0.8009 0.1991 
 ----> 1.3#6.6#34.0#44.0#VAR 996 1 0.772977 0.227023 
 ----> 1.3#6.6#34.0#44.0#VAR 997 0 0.800938 0.199062 
 ----> 1.3#6.6#34.0#44.0#VAR 998 0 0.815385 0.184615 
 ----> 1.3#6.6#34.0#44.0#VAR 999 0 0.792527 0.207473 
 ----> 1.3#6.6#34.0#44.0#VAR 1000 0 0.808292 0.191708 
 ----> 1.3#6.6#34.0#44.0#VAR 1001 0 0.802976 0.197024 
 ----> 1.3#6.6#34.0#44.0#VAR 1002 1 0.774429 0.225571 
 ----> 1.3#6.6#34.0#44.0#VAR 1003 0 0.811487 0.188513 
 ----> 1.3#6.6#34.0#44.0#VAR 1004 0 0.792601 0.207399 
 ----> 1.3#6.6#34.0#44.0#VAR 1005 0 0.808999 0.191001 
 ----> 1.3#6.6#34.0#44.0#VAR 1006 0 0.784408 0.215592 
 ----> 1.3#6.6#34.0#44.0#VAR 1007 0 0.788366 0.211634 
 ----> 1.3#6.6#34.0#44.0#VAR 1008 0 0.798561 0.201439 
 ----> 1.3#6.6#34.0#44.0#VAR 1009 0 0.792561 0.207439 
 ----> 1.3#6.6#34.0#44.0#VAR 1010 0 0.773045 0.226955 
 ----> 1.3#6.6#34.0#44.0#VAR 1011 0 0.815093 0.184907 
 ----> 1.3#6.6#34.0#44.0#VAR 1012 0 0.815061 0.184939 
 ----> 1.3#6.6#34.0#44.0#VAR 1013 0 0.786133 0.213867 
 ----> 1.3#6.6#34.0#44.0#VAR 1014 0 0.817328 0.182672 
 ----> 1.3#6.6#34.0#44.0#VAR 1015 0 0.804013 0.195987 
 ----> 1.3#6.6#34.0#44.0#VAR 1016 0 0.797695 0.202305 
 ----> 1.3#6.6#34.0#44.0#VAR 1017 0 0.795848 0.204152 
 ----> 1.3#6.6#34.0#44.0#VAR 1018 0 0.80479 0.19521 
 ----> 1.3#6.6#34.0#44.0#VAR 1019 1 0.785444 0.214556 
 ----> 1.3#6.6#34.0#44.0#VAR 1020 0 0.806811 0.193189 
 ----> 1.3#6.6#34.0#44.0#VAR 1021 1 0.784936 0.215064 
 ----> 1.3#6.6#34.0#44.0#VAR 1022 0 0.787924 0.212076 
 ----> 1.3#6.6#34.0#44.0#VAR 1023 1 0.804639 0.195361 
 ----> 1.3#6.6#34.0#44.0#VAR 1024 0 0.827049 0.172951 
 ----> 1.3#6.6#34.0#44.0#VAR 1025 0 0.81819 0.18181 
 ----> 1.3#6.6#34.0#44.0#VAR 1026 0 0.76549 0.23451 
 ----> 1.3#6.6#34.0#44.0#VAR 1027 0 0.820029 0.179971 
 ----> 1.3#6.6#34.0#44.0#VAR 1028 0 0.817486 0.182514 
 ----> 1.3#6.6#34.0#44.0#VAR 1029 0 0.83227 0.16773 
 ----> 1.3#6.6#34.0#44.0#VAR 1030 0 0.793639 0.206361 
 ----> 1.3#6.6#34.0#44.0#VAR 1031 0 0.825876 0.174124 
 ----> 1.3#6.6#34.0#44.0#VAR 1032 1 0.781801 0.218199 
 ----> 1.3#6.6#34.0#44.0#VAR 1033 0 0.785541 0.214459 
 ----> 1.3#6.6#34.0#44.0#VAR 1034 1 0.763704 0.236296 
 ----> 1.3#6.6#34.0#44.0#VAR 1035 0 0.804037 0.195963 
 ----> 1.3#6.6#34.0#44.0#VAR 1036 0 0.802595 0.197405 
 ----> 1.3#6.6#34.0#44.0#VAR 1037 0 0.794648 0.205352 
 ----> 1.3#6.6#34.0#44.0#VAR 1038 0 0.828638 0.171362 
 ----> 1.3#6.6#34.0#44.0#VAR 1039 0 0.805458 0.194542 
 ----> 1.3#6.6#34.0#44.0#VAR 1040 1 0.78504 0.21496 
 ----> 1.3#6.6#34.0#44.0#VAR 1041 0 0.800641 0.199359 
 ----> 1.3#6.6#34.0#44.0#VAR 1042 0 0.809714 0.190286 
 ----> 1.3#6.6#34.0#44.0#VAR 1043 0 0.809185 0.190815 
 ----> 1.3#6.6#34.0#44.0#VAR 1044 0 0.815675 0.184325 
 ----> 1.3#6.6#34.0#44.0#VAR 1045 0 0.776136 0.223864 
 ----> 1.3#6.6#34.0#44.0#VAR 1046 0 0.812823 0.187177 
 ----> 1.3#6.6#34.0#44.0#VAR 1047 1 0.789708 0.210292 
 ----> 1.3#6.6#34.0#44.0#VAR 1048 0 0.779659 0.220341 
 ----> 1.3#6.6#34.0#44.0#VAR 1049 0 0.824032 0.175968 
 ----> 1.3#6.6#34.0#44.0#VAR 1050 0 0.824418 0.175582 
 ----> 1.3#6.6#34.0#44.0#VAR 1051 0 0.815656 0.184344 
 ----> 1.3#6.6#34.0#44.0#VAR 1052 0 0.77964 0.22036 
 ----> 1.3#6.6#34.0#44.0#VAR 1053 0 0.792258 0.207742 
 ----> 1.3#6.6#34.0#44.0#VAR 1054 0 0.797415 0.202585 
 ----> 1.3#6.6#34.0#44.0#VAR 1055 0 0.818025 0.181975 
 ----> 1.3#6.6#34.0#44.0#VAR 1056 0 0.810257 0.189743 
 ----> 1.3#6.6#34.0#44.0#VAR 1057 1 0.790935 0.209065 
 ----> 1.3#6.6#34.0#44.0#VAR 1058 0 0.816348 0.183652 
 ----> 1.3#6.6#34.0#44.0#VAR 1059 0 0.78682 0.21318 
 ----> 1.3#6.6#34.0#44.0#VAR 1060 0 0.818117 0.181883 
 ----> 1.3#6.6#34.0#44.0#VAR 1061 0 0.8207 0.1793 
 ----> 1.3#6.6#34.0#44.0#VAR 1062 0 0.804129 0.195871 
 ----> 1.3#6.6#34.0#44.0#VAR 1063 0 0.837374 0.162626 
 ----> 1.3#6.6#34.0#44.0#VAR 1064 0 0.800012 0.199988 
 ----> 1.3#6.6#34.0#44.0#VAR 1065 1 0.796189 0.203811 
 ----> 1.3#6.6#34.0#44.0#VAR 1066 1 0.747807 0.252193 
 ----> 1.3#6.6#34.0#44.0#VAR 1067 1 0.779276 0.220724 
 ----> 1.3#6.6#34.0#44.0#VAR 1068 0 0.817446 0.182554 
 ----> 1.3#6.6#34.0#44.0#VAR 1069 0 0.800276 0.199724 
 ----> 1.3#6.6#34.0#44.0#VAR 1070 1 0.787705 0.212295 
 ----> 1.3#6.6#34.0#44.0#VAR 1071 0 0.816451 0.183549 
 ----> 1.3#6.6#34.0#44.0#VAR 1072 0 0.814671 0.185329 
 ----> 1.3#6.6#34.0#44.0#VAR 1073 1 0.773124 0.226876 
 ----> 1.3#6.6#34.0#44.0#VAR 1074 0 0.794182 0.205818 
 ----> 1.3#6.6#34.0#44.0#VAR 1075 0 0.798186 0.201814 
 ----> 1.3#6.6#34.0#44.0#VAR 1076 0 0.809707 0.190293 
 ----> 1.3#6.6#34.0#44.0#VAR 1077 0 0.811815 0.188185 
 ----> 1.3#6.6#34.0#44.0#VAR 1078 0 0.82693 0.17307 
 ----> 1.3#6.6#34.0#44.0#VAR 1079 0 0.81175 0.18825 
 ----> 1.3#6.6#34.0#44.0#VAR 1080 0 0.793482 0.206518 
 ----> 1.3#6.6#34.0#44.0#VAR 1081 1 0.783096 0.216904 
 ----> 1.3#6.6#34.0#44.0#VAR 1082 0 0.836291 0.163709 
 ----> 1.3#6.6#34.0#44.0#VAR 1083 0 0.806006 0.193994 
 ----> 1.3#6.6#34.0#44.0#VAR 1084 0 0.80394 0.19606 
 ----> 1.3#6.6#34.0#44.0#VAR 1085 0 0.808204 0.191796 
 ----> 1.3#6.6#34.0#44.0#VAR 1086 0 0.850354 0.149646 
 ----> 1.3#6.6#34.0#44.0#VAR 1087 1 0.770473 0.229527 
 ----> 1.3#6.6#34.0#44.0#VAR 1088 1 0.788211 0.211789 
 ----> 1.3#6.6#34.0#44.0#VAR 1089 0 0.799037 0.200963 
 ----> 1.3#6.6#34.0#44.0#VAR 1090 0 0.800844 0.199156 
 ----> 1.3#6.6#34.0#44.0#VAR 1091 0 0.806086 0.193914 
 ----> 1.3#6.6#34.0#44.0#VAR 1092 1 0.778451 0.221549 
 ----> 1.3#6.6#34.0#44.0#VAR 1093 0 0.796518 0.203482 
 ----> 1.3#6.6#34.0#44.0#VAR 1094 0 0.847935 0.152065 
 ----> 1.3#6.6#34.0#44.0#VAR 1095 1 0.790065 0.209935 
 ----> 1.3#6.6#34.0#44.0#VAR 1096 0 0.783548 0.216452 
 ----> 1.3#6.6#34.0#44.0#VAR 1097 0 0.828605 0.171395 
 ----> 1.3#6.6#34.0#44.0#VAR 1098 1 0.808483 0.191517 
 ----> 1.3#6.6#34.0#44.0#VAR 1099 0 0.806908 0.193092 
 ----> 1.3#6.6#34.0#44.0#VAR 1100 1 0.781828 0.218172 
 ----> 1.3#6.6#34.0#44.0#VAR 1101 0 0.814284 0.185716 
 ----> 1.3#6.6#34.0#44.0#VAR 1102 1 0.771858 0.228142 
 ----> 1.3#6.6#34.0#44.0#VAR 1103 1 0.792882 0.207118 
 ----> 1.3#6.6#34.0#44.0#VAR 1104 0 0.820604 0.179396 
 ----> 1.3#6.6#34.0#44.0#VAR 1105 0 0.801573 0.198427 
 ----> 1.3#6.6#34.0#44.0#VAR 1106 0 0.818035 0.181965 
 ----> 1.3#6.6#34.0#44.0#VAR 1107 0 0.819759 0.180241 
 ----> 1.3#6.6#34.0#44.0#VAR 1108 0 0.808796 0.191204 
 ----> 1.3#6.6#34.0#44.0#VAR 1109 0 0.805135 0.194865 
 ----> 1.3#6.6#34.0#44.0#VAR 1110 0 0.84302 0.15698 
 ----> 1.3#6.6#34.0#44.0#VAR 1111 0 0.804197 0.195803 
 ----> 1.3#6.6#34.0#44.0#VAR 1112 0 0.823519 0.176481 
 ----> 1.3#6.6#34.0#44.0#VAR 1113 1 0.811836 0.188164 
 ----> 1.3#6.6#34.0#44.0#VAR 1114 0 0.830182 0.169818 
 ----> 1.3#6.6#34.0#44.0#VAR 1115 0 0.819188 0.180812 
 ----> 1.3#6.6#34.0#44.0#VAR 1116 0 0.829491 0.170509 
 ----> 1.3#6.6#34.0#44.0#VAR 1117 0 0.797781 0.202219 
 ----> 1.3#6.6#34.0#44.0#VAR 1118 0 0.80906 0.19094 
 ----> 1.3#6.6#34.0#44.0#VAR 1119 0 0.815082 0.184918 
 ----> 1.3#6.6#34.0#44.0#VAR 1120 0 0.788597 0.211403 
 ----> 1.3#6.6#34.0#44.0#VAR 1121 0 0.815702 0.184298 
 ----> 1.3#6.6#34.0#44.0#VAR 1122 0 0.788205 0.211795 
 ----> 1.3#6.6#34.0#44.0#VAR 1123 0 0.77155 0.22845 
 ----> 1.3#6.6#34.0#44.0#VAR 1124 0 0.771729 0.228271 
 ----> 1.3#6.6#34.0#44.0#VAR 1125 0 0.783205 0.216795 
 ----> 1.3#6.6#34.0#44.0#VAR 1126 0 0.834541 0.165459 
 ----> 1.3#6.6#34.0#44.0#VAR 1127 0 0.805459 0.194541 
 ----> 1.3#6.6#34.0#44.0#VAR 1128 0 0.821949 0.178051 
 ----> 1.3#6.6#34.0#44.0#VAR 1129 0 0.829091 0.170909 
 ----> 1.3#6.6#34.0#44.0#VAR 1130 1 0.778032 0.221968 
 ----> 1.3#6.6#34.0#44.0#VAR 1131 0 0.812186 0.187814 
 ----> 1.3#6.6#34.0#44.0#VAR 1132 1 0.809026 0.190974 
 ----> 1.3#6.6#34.0#44.0#VAR 1133 0 0.828698 0.171302 
 ----> 1.3#6.6#34.0#44.0#VAR 1134 1 0.803464 0.196536 
 ----> 1.3#6.6#34.0#44.0#VAR 1135 0 0.796749 0.203251 
 ----> 1.3#6.6#34.0#44.0#VAR 1136 0 0.788093 0.211907 
 ----> 1.3#6.6#34.0#44.0#VAR 1137 0 0.803842 0.196158 
 ----> 1.3#6.6#34.0#44.0#VAR 1138 0 0.816407 0.183593 
 ----> 1.3#6.6#34.0#44.0#VAR 1139 0 0.795827 0.204173 
 ----> 1.3#6.6#34.0#44.0#VAR 1140 1 0.771634 0.228366 
 ----> 1.3#6.6#34.0#44.0#VAR 1141 0 0.812859 0.187141 
 ----> 1.3#6.6#34.0#44.0#VAR 1142 1 0.762997 0.237003 
 ----> 1.3#6.6#34.0#44.0#VAR 1143 0 0.810575 0.189425 
 ----> 1.3#6.6#34.0#44.0#VAR 1144 0 0.81993 0.18007 
 ----> 1.3#6.6#34.0#44.0#VAR 1145 0 0.80364 0.19636 
 ----> 1.3#6.6#34.0#44.0#VAR 1146 0 0.803273 0.196727 
 ----> 1.3#6.6#34.0#44.0#VAR 1147 0 0.827721 0.172279 
 ----> 1.3#6.6#34.0#44.0#VAR 1148 0 0.815774 0.184226 
 ----> 1.3#6.6#34.0#44.0#VAR 1149 0 0.804177 0.195823 
 ----> 1.3#6.6#34.0#44.0#VAR 1150 0 0.809995 0.190005 
 ----> 1.3#6.6#34.0#44.0#VAR 1151 1 0.768778 0.231222 
 ----> 1.3#6.6#34.0#44.0#VAR 1152 1 0.790305 0.209695 
 ----> 1.3#6.6#34.0#44.0#VAR 1153 0 0.828309 0.171691 
 ----> 1.3#6.6#34.0#44.0#VAR 1154 0 0.804652 0.195348 
 ----> 1.3#6.6#34.0#44.0#VAR 1155 1 0.798579 0.201421 
 ----> 1.3#6.6#34.0#44.0#VAR 1156 0 0.831509 0.168491 
 ----> 1.3#6.6#34.0#44.0#VAR 1157 0 0.807082 0.192918 
 ----> 1.3#6.6#34.0#44.0#VAR 1158 0 0.805066 0.194934 
 ----> 1.3#6.6#34.0#44.0#VAR 1159 0 0.794742 0.205258 
 ----> 1.3#6.6#34.0#44.0#VAR 1160 0 0.811596 0.188404 
 ----> 1.3#6.6#34.0#44.0#VAR 1161 0 0.806633 0.193367 
 ----> 1.3#6.6#34.0#44.0#VAR 1162 0 0.806893 0.193107 
 ----> 1.3#6.6#34.0#44.0#VAR 1163 0 0.799652 0.200348 
 ----> 1.3#6.6#34.0#44.0#VAR 1164 0 0.80633 0.19367 
 ----> 1.3#6.6#34.0#44.0#VAR 1165 1 0.80383 0.19617 
 ----> 1.3#6.6#34.0#44.0#VAR 1166 0 0.811279 0.188721 
 ----> 1.3#6.6#34.0#44.0#VAR 1167 1 0.783612 0.216388 
 ----> 1.3#6.6#34.0#44.0#VAR 1168 1 0.762751 0.237249 
 ----> 1.3#6.6#34.0#44.0#VAR 1169 0 0.796438 0.203562 
 ----> 1.3#6.6#34.0#44.0#VAR 1170 1 0.772007 0.227993 
 ----> 1.3#6.6#34.0#44.0#VAR 1171 0 0.823134 0.176866 
 ----> 1.3#6.6#34.0#44.0#VAR 1172 1 0.779317 0.220683 
 ----> 1.3#6.6#34.0#44.0#VAR 1173 0 0.811976 0.188024 
 ----> 1.3#6.6#34.0#44.0#VAR 1174 0 0.821501 0.178499 
 ----> 1.3#6.6#34.0#44.0#VAR 1175 0 0.809838 0.190162 
 ----> 1.3#6.6#34.0#44.0#VAR 1176 0 0.805012 0.194988 
 ----> 1.3#6.6#34.0#44.0#VAR 1177 0 0.803036 0.196964 
 ----> 1.3#6.6#34.0#44.0#VAR 1178 0 0.801839 0.198161 
 ----> 1.3#6.6#34.0#44.0#VAR 1179 0 0.817213 0.182787 
 ----> 1.3#6.6#34.0#44.0#VAR 1180 0 0.802335 0.197665 
 ----> 1.3#6.6#34.0#44.0#VAR 1181 0 0.825026 0.174974 
 ----> 1.3#6.6#34.0#44.0#VAR 1182 0 0.807134 0.192866 
 ----> 1.3#6.6#34.0#44.0#VAR 1183 0 0.804518 0.195482 
 ----> 1.3#6.6#34.0#44.0#VAR 1184 0 0.802522 0.197478 
 ----> 1.3#6.6#34.0#44.0#VAR 1185 0 0.799532 0.200468 
 ----> 1.3#6.6#34.0#44.0#VAR 1186 0 0.803427 0.196573 
 ----> 1.3#6.6#34.0#44.0#VAR 1187 0 0.782396 0.217604 
 ----> 1.3#6.6#34.0#44.0#VAR 1188 0 0.812509 0.187491 
 ----> 1.3#6.6#34.0#44.0#VAR 1189 0 0.824069 0.175931 
 ----> 1.3#6.6#34.0#44.0#VAR 1190 0 0.800752 0.199248 
 ----> 1.3#6.6#34.0#44.0#VAR 1191 0 0.809936 0.190064 
 ----> 1.3#6.6#34.0#44.0#VAR 1192 0 0.814852 0.185148 
 ----> 1.3#6.6#34.0#44.0#VAR 1193 0 0.813295 0.186705 
 ----> 1.3#6.6#34.0#44.0#VAR 1194 0 0.791424 0.208576 
 ----> 1.3#6.6#34.0#44.0#VAR 1195 0 0.804884 0.195116 
 ----> 1.3#6.6#34.0#44.0#VAR 1196 0 0.799986 0.200014 
 ----> 1.3#6.6#34.0#44.0#VAR 1197 0 0.809743 0.190257 
 ----> 1.3#6.6#34.0#44.0#VAR 1198 0 0.806223 0.193777 
 ----> 1.3#6.6#34.0#44.0#VAR 1199 0 0.810602 0.189398 
 ----> 1.3#6.6#34.0#44.0#VAR 1200 0 0.818498 0.181502 
 ----> 1.3#6.6#34.0#44.0#VAR 1201 0 0.816379 0.183621 
 ----> 1.3#6.6#34.0#44.0#VAR 1202 1 0.772676 0.227324 
 ----> 1.3#6.6#34.0#44.0#VAR 1203 0 0.795049 0.204951 
 ----> 1.3#6.6#34.0#44.0#VAR 1204 0 0.81387 0.18613 
 ----> 1.3#6.6#34.0#44.0#VAR 1205 0 0.819369 0.180631 
 ----> 1.3#6.6#34.0#44.0#VAR 1206 0 0.839484 0.160516 
 ----> 1.3#6.6#34.0#44.0#VAR 1207 0 0.798873 0.201127 
 ----> 1.3#6.6#34.0#44.0#VAR 1208 0 0.818539 0.181461 
 ----> 1.3#6.6#34.0#44.0#VAR 1209 1 0.782948 0.217052 
 ----> 1.3#6.6#34.0#44.0#VAR 1210 1 0.784061 0.215939 
 ----> 1.3#6.6#34.0#44.0#VAR 1211 0 0.802239 0.197761 
 ----> 1.3#6.6#34.0#44.0#VAR 1212 0 0.808072 0.191928 
 ----> 1.3#6.6#34.0#44.0#VAR 1213 0 0.800688 0.199312 
 ----> 1.3#6.6#34.0#44.0#VAR 1214 1 0.770302 0.229698 
 ----> 1.3#6.6#34.0#44.0#VAR 1215 1 0.763188 0.236812 
 ----> 1.3#6.6#34.0#44.0#VAR 1216 0 0.821469 0.178531 
 ----> 1.3#6.6#34.0#44.0#VAR 1217 0 0.805293 0.194707 
 ----> 1.3#6.6#34.0#44.0#VAR 1218 0 0.796549 0.203451 
 ----> 1.3#6.6#34.0#44.0#VAR 1219 1 0.785269 0.214731 
 ----> 1.3#6.6#34.0#44.0#VAR 1220 1 0.792528 0.207472 
 ----> 1.3#6.6#34.0#44.0#VAR 1221 0 0.78199 0.21801 
 ----> 1.3#6.6#34.0#44.0#VAR 1222 0 0.776246 0.223754 
 ----> 1.3#6.6#34.0#44.0#VAR 1223 0 0.814107 0.185893 
 ----> 1.3#6.6#34.0#44.0#VAR 1224 0 0.810093 0.189907 
 ----> 1.3#6.6#34.0#44.0#VAR 1225 1 0.796897 0.203103 
 ----> 1.3#6.6#34.0#44.0#VAR 1226 1 0.81701 0.18299 
 ----> 1.3#6.6#34.0#44.0#VAR 1227 0 0.815191 0.184809 
 ----> 1.3#6.6#34.0#44.0#VAR 1228 0 0.803958 0.196042 
 ----> 1.3#6.6#34.0#44.0#VAR 1229 0 0.802606 0.197394 
 ----> 1.3#6.6#34.0#44.0#VAR 1230 0 0.791865 0.208135 
 ----> 1.3#6.6#34.0#44.0#VAR 1231 0 0.81514 0.18486 
 ----> 1.3#6.6#34.0#44.0#VAR 1232 0 0.808429 0.191571 
 ----> 1.3#6.6#34.0#44.0#VAR 1233 0 0.82025 0.17975 
 ----> 1.3#6.6#34.0#44.0#VAR 1234 0 0.816839 0.183161 
 ----> 1.3#6.6#34.0#44.0#VAR 1235 0 0.793999 0.206001 
 ----> 1.3#6.6#34.0#44.0#VAR 1236 0 0.811038 0.188962 
 ----> 1.3#6.6#34.0#44.0#VAR 1237 0 0.80615 0.19385 
 ----> 1.3#6.6#34.0#44.0#VAR 1238 0 0.783796 0.216204 
 ----> 1.3#6.6#34.0#44.0#VAR 1239 0 0.812296 0.187704 
 ----> 1.3#6.6#34.0#44.0#VAR 1240 0 0.814003 0.185997 
 ----> 1.3#6.6#34.0#44.0#VAR 1241 0 0.825416 0.174584 
 ----> 1.3#6.6#34.0#44.0#VAR 1242 1 0.801149 0.198851 
 ----> 1.3#6.6#34.0#44.0#VAR 1243 0 0.820555 0.179445 
 ----> 1.3#6.6#34.0#44.0#VAR 1244 0 0.816797 0.183203 
 ----> 1.3#6.6#34.0#44.0#VAR 1245 1 0.784258 0.215742 
 ----> 1.3#6.6#34.0#44.0#VAR 1246 0 0.786161 0.213839 
 ----> 1.3#6.6#34.0#44.0#VAR 1247 0 0.80522 0.19478 
 ----> 1.3#6.6#34.0#44.0#VAR 1248 0 0.808122 0.191878 
 ----> 1.3#6.6#34.0#44.0#VAR 1249 1 0.783748 0.216252 
 ----> 1.3#6.6#34.0#44.0#VAR 1250 0 0.816385 0.183615 
 ----> 1.3#6.6#34.0#44.0#VAR 1251 0 0.817923 0.182077 
 ----> 1.3#6.6#34.0#44.0#VAR 1252 0 0.824228 0.175772 
 ----> 1.3#6.6#34.0#44.0#VAR 1253 1 0.792863 0.207137 
 ----> 1.3#6.6#34.0#44.0#VAR 1254 1 0.795313 0.204687 
 ----> 1.3#6.6#34.0#44.0#VAR 1255 0 0.792278 0.207722 
 ----> 1.3#6.6#34.0#44.0#VAR 1256 0 0.795473 0.204527 
 ----> 1.3#6.6#34.0#44.0#VAR 1257 0 0.818763 0.181237 
 ----> 1.3#6.6#34.0#44.0#VAR 1258 0 0.832661 0.167339 
 ----> 1.3#6.6#34.0#44.0#VAR 1259 0 0.824081 0.175919 
 ----> 1.3#6.6#34.0#44.0#VAR 1260 0 0.852459 0.147541 
 ----> 1.3#6.6#34.0#44.0#VAR 1261 0 0.795523 0.204477 
 ----> 1.3#6.6#34.0#44.0#VAR 1262 0 0.851734 0.148266 
 ----> 1.3#6.6#34.0#44.0#VAR 1263 0 0.809791 0.190209 
 ----> 1.3#6.6#34.0#44.0#VAR 1264 0 0.789828 0.210172 
 ----> 1.3#6.6#34.0#44.0#VAR 1265 1 0.791959 0.208041 
 ----> 1.3#6.6#34.0#44.0#VAR 1266 0 0.78227 0.21773 
 ----> 1.3#6.6#34.0#44.0#VAR 1267 1 0.786815 0.213185 
 ----> 1.3#6.6#34.0#44.0#VAR 1268 1 0.76937 0.23063 
 ----> 1.3#6.6#34.0#44.0#VAR 1269 0 0.822171 0.177829 
 ----> 1.3#6.6#34.0#44.0#VAR 1270 0 0.822468 0.177532 
 ----> 1.3#6.6#34.0#44.0#VAR 1271 1 0.734267 0.265733 
 ----> 1.3#6.6#34.0#44.0#VAR 1272 1 0.756809 0.243191 
 ----> 1.3#6.6#34.0#44.0#VAR 1273 0 0.837638 0.162362 
 ----> 1.3#6.6#34.0#44.0#VAR 1274 0 0.834818 0.165182 
 ----> 1.3#6.6#34.0#44.0#VAR 1275 0 0.809919 0.190081 
 ----> 1.3#6.6#34.0#44.0#VAR 1276 0 0.820019 0.179981 
 ----> 1.3#6.6#34.0#44.0#VAR 1277 0 0.797893 0.202107 
 ----> 1.3#6.6#34.0#44.0#VAR 1278 0 0.815949 0.184051 
 ----> 1.3#6.6#34.0#44.0#VAR 1279 1 0.789795 0.210205 
 ----> 1.3#6.6#34.0#44.0#VAR 1280 0 0.816558 0.183442 
 ----> 1.3#6.6#34.0#44.0#VAR 1281 0 0.808542 0.191458 
 ----> 1.3#6.6#34.0#44.0#VAR 1282 0 0.802208 0.197792 
 ----> 1.3#6.6#34.0#44.0#VAR 1283 0 0.818958 0.181042 
 ----> 1.3#6.6#34.0#44.0#VAR 1284 1 0.771896 0.228104 
 ----> 1.3#6.6#34.0#44.0#VAR 1285 0 0.81882 0.18118 
 ----> 1.3#6.6#34.0#44.0#VAR 1286 0 0.811363 0.188637 
 ----> 1.3#6.6#34.0#44.0#VAR 1287 0 0.820128 0.179872 
 ----> 1.3#6.6#34.0#44.0#VAR 1288 1 0.814894 0.185106 
 ----> 1.3#6.6#34.0#44.0#VAR 1289 0 0.821017 0.178983 
 ----> 1.3#6.6#34.0#44.0#VAR 1290 0 0.783594 0.216406 
 ----> 1.3#6.6#34.0#44.0#VAR 1291 1 0.782088 0.217912 
 ----> 1.3#6.6#34.0#44.0#VAR 1292 0 0.784615 0.215385 
 ----> 1.3#6.6#34.0#44.0#VAR 1293 0 0.780733 0.219267 
 ----> 1.3#6.6#34.0#44.0#VAR 1294 0 0.819725 0.180275 
 ----> 1.3#6.6#34.0#44.0#VAR 1295 0 0.804946 0.195054 
 ----> 1.3#6.6#34.0#44.0#VAR 1296 1 0.819258 0.180742 
 ----> 1.3#6.6#34.0#44.0#VAR 1297 1 0.812304 0.187696 
 ----> 1.3#6.6#34.0#44.0#VAR 1298 1 0.795971 0.204029 
 ----> 1.3#6.6#34.0#44.0#VAR 1299 1 0.784785 0.215215 
 ----> 1.3#6.6#34.0#44.0#VAR 1300 0 0.808552 0.191448 
 ----> 1.3#6.6#34.0#44.0#VAR 1301 1 0.79781 0.20219 
 ----> 1.3#6.6#34.0#44.0#VAR 1302 0 0.822963 0.177037 
 ----> 1.3#6.6#34.0#44.0#VAR 1303 0 0.808478 0.191522 
 ----> 1.3#6.6#34.0#44.0#VAR 1304 1 0.799985 0.200015 
 ----> 1.3#6.6#34.0#44.0#VAR 1305 0 0.843267 0.156733 
 ----> 1.3#6.6#34.0#44.0#VAR 1306 0 0.799871 0.200129 
 ----> 1.3#6.6#34.0#44.0#VAR 1307 0 0.813851 0.186149 
 ----> 1.3#6.6#34.0#44.0#VAR 1308 0 0.82292 0.17708 
 ----> 1.3#6.6#34.0#44.0#VAR 1309 0 0.793663 0.206337 
 ----> 1.3#6.6#34.0#44.0#VAR 1310 0 0.803034 0.196966 
 ----> 1.3#6.6#34.0#44.0#VAR 1311 0 0.779937 0.220063 
 ----> 1.3#6.6#34.0#44.0#VAR 1312 0 0.813505 0.186495 
 ----> 1.3#6.6#34.0#44.0#VAR 1313 0 0.797982 0.202018 
 ----> 1.3#6.6#34.0#44.0#VAR 1314 0 0.823473 0.176527 
 ----> 1.3#6.6#34.0#44.0#VAR 1315 0 0.810982 0.189018 
 ----> 1.3#6.6#34.0#44.0#VAR 1316 0 0.826254 0.173746 
 ----> 1.3#6.6#34.0#44.0#VAR 1317 1 0.781002 0.218998 
 ----> 1.3#6.6#34.0#44.0#VAR 1318 0 0.792651 0.207349 
 ----> 1.3#6.6#34.0#44.0#VAR 1319 0 0.817278 0.182722 
 ----> 1.3#6.6#34.0#44.0#VAR 1320 0 0.823167 0.176833 
 ----> 1.3#6.6#34.0#44.0#VAR 1321 0 0.816259 0.183741 
 ----> 1.3#6.6#34.0#44.0#VAR 1322 0 0.818276 0.181724 
 ----> 1.3#6.6#34.0#44.0#VAR 1323 1 0.787467 0.212533 
 ----> 1.3#6.6#34.0#44.0#VAR 1324 0 0.80506 0.19494 
 ----> 1.3#6.6#34.0#44.0#VAR 1325 0 0.801301 0.198699 
 ----> 1.3#6.6#34.0#44.0#VAR 1326 0 0.812753 0.187247 
 ----> 1.3#6.6#34.0#44.0#VAR 1327 0 0.816492 0.183508 
 ----> 1.3#6.6#34.0#44.0#VAR 1328 0 0.809927 0.190073 
 ----> 1.3#6.6#34.0#44.0#VAR 1329 1 0.792348 0.207652 
 ----> 1.3#6.6#34.0#44.0#VAR 1330 0 0.80469 0.19531 
 ----> 1.3#6.6#34.0#44.0#VAR 1331 0 0.813191 0.186809 
 ----> 1.3#6.6#34.0#44.0#VAR 1332 0 0.8045 0.1955 
 ----> 1.3#6.6#34.0#44.0#VAR 1333 0 0.799249 0.200751 
 ----> 1.3#6.6#34.0#44.0#VAR 1334 1 0.795342 0.204658 
 ----> 1.3#6.6#34.0#44.0#VAR 1335 0 0.776434 0.223566 
 ----> 1.3#6.6#34.0#44.0#VAR 1336 1 0.764219 0.235781 
 ----> 1.3#6.6#34.0#44.0#VAR 1337 0 0.80164 0.19836 
 ----> 1.3#6.6#34.0#44.0#VAR 1338 0 0.806253 0.193747 
 ----> 1.3#6.6#34.0#44.0#VAR 1339 0 0.803118 0.196882 
 ----> 1.3#6.6#34.0#44.0#VAR 1340 0 0.811493 0.188507 
 ----> 1.3#6.6#34.0#44.0#VAR 1341 0 0.806142 0.193858 
 ----> 1.3#6.6#34.0#44.0#VAR 1342 0 0.811647 0.188353 
 ----> 1.3#6.6#34.0#44.0#VAR 1343 1 0.800848 0.199152 
 ----> 1.3#6.6#34.0#44.0#VAR 1344 1 0.7935 0.2065 
 ----> 1.3#6.6#34.0#44.0#VAR 1345 0 0.813606 0.186394 
 ----> 1.3#6.6#34.0#44.0#VAR 1346 0 0.835296 0.164704 
 ----> 1.3#6.6#34.0#44.0#VAR 1347 0 0.78487 0.21513 
 ----> 1.3#6.6#34.0#44.0#VAR 1348 0 0.80763 0.19237 
 ----> 1.3#6.6#34.0#44.0#VAR 1349 0 0.797473 0.202527 
 ----> 1.3#6.6#34.0#44.0#VAR 1350 0 0.797841 0.202159 
 ----> 1.3#6.6#34.0#44.0#VAR 1351 0 0.793458 0.206542 
 ----> 1.3#6.6#34.0#44.0#VAR 1352 0 0.812392 0.187608 
 ----> 1.3#6.6#34.0#44.0#VAR 1353 0 0.79661 0.20339 
 ----> 1.3#6.6#34.0#44.0#VAR 1354 1 0.801003 0.198997 
 ----> 1.3#6.6#34.0#44.0#VAR 1355 0 0.817369 0.182631 
 ----> 1.3#6.6#34.0#44.0#VAR 1356 0 0.79807 0.20193 
 ----> 1.3#6.6#34.0#44.0#VAR 1357 0 0.811769 0.188231 
 ----> 1.3#6.6#34.0#44.0#VAR 1358 1 0.768974 0.231026 
 ----> 1.3#6.6#34.0#44.0#VAR 1359 0 0.796728 0.203272 
 ----> 1.3#6.6#34.0#44.0#VAR 1360 0 0.796931 0.203069 
 ----> 1.3#6.6#34.0#44.0#VAR 1361 1 0.772981 0.227019 
 ----> 1.3#6.6#34.0#44.0#VAR 1362 0 0.812862 0.187138 
 ----> 1.3#6.6#34.0#44.0#VAR 1363 0 0.804614 0.195386 
 ----> 1.3#6.6#34.0#44.0#VAR 1364 0 0.814786 0.185214 
 ----> 1.3#6.6#34.0#44.0#VAR 1365 0 0.810591 0.189409 
 ----> 1.3#6.6#34.0#44.0#VAR 1366 0 0.820729 0.179271 
 ----> 1.3#6.6#34.0#44.0#VAR 1367 0 0.828152 0.171848 
 ----> 1.3#6.6#34.0#44.0#VAR 1368 1 0.777177 0.222823 
 ----> 1.3#6.6#34.0#44.0#VAR 1369 0 0.795894 0.204106 
 ----> 1.3#6.6#34.0#44.0#VAR 1370 0 0.808753 0.191247 
 ----> 1.3#6.6#34.0#44.0#VAR 1371 0 0.837352 0.162648 
 ----> 1.3#6.6#34.0#44.0#VAR 1372 0 0.809888 0.190112 
 ----> 1.3#6.6#34.0#44.0#VAR 1373 0 0.825775 0.174225 
 ----> 1.3#6.6#34.0#44.0#VAR 1374 0 0.806905 0.193095 
 ----> 1.3#6.6#34.0#44.0#VAR 1375 0 0.82919 0.17081 
 ----> 1.3#6.6#34.0#44.0#VAR 1376 0 0.811544 0.188456 
 ----> 1.3#6.6#34.0#44.0#VAR 1377 1 0.810298 0.189702 
 ----> 1.3#6.6#34.0#44.0#VAR 1378 0 0.816842 0.183158 
 ----> 1.3#6.6#34.0#44.0#VAR 1379 0 0.821735 0.178265 
 ----> 1.3#6.6#34.0#44.0#VAR 1380 1 0.793369 0.206631 
 ----> 1.3#6.6#34.0#44.0#VAR 1381 0 0.80061 0.19939 
 ----> 1.3#6.6#34.0#44.0#VAR 1382 0 0.80946 0.19054 
 ----> 1.3#6.6#34.0#44.0#VAR 1383 0 0.787223 0.212777 
 ----> 1.3#6.6#34.0#44.0#VAR 1384 0 0.816181 0.183819 
 ----> 1.3#6.6#34.0#44.0#VAR 1385 0 0.833453 0.166547 
 ----> 1.3#6.6#34.0#44.0#VAR 1386 1 0.787863 0.212137 
 ----> 1.3#6.6#34.0#44.0#VAR 1387 1 0.79666 0.20334 
 ----> 1.3#6.6#34.0#44.0#VAR 1388 0 0.815718 0.184282 
 ----> 1.3#6.6#34.0#44.0#VAR 1389 0 0.814958 0.185042 
 ----> 1.3#6.6#34.0#44.0#VAR 1390 0 0.832969 0.167031 
 ----> 1.3#6.6#34.0#44.0#VAR 1391 0 0.837086 0.162914 
 ----> 1.3#6.6#34.0#44.0#VAR 1392 0 0.817293 0.182707 
 ----> 1.3#6.6#34.0#44.0#VAR 1393 0 0.844005 0.155995 
 ----> 1.3#6.6#34.0#44.0#VAR 1394 1 0.780724 0.219276 
 ----> 1.3#6.6#34.0#44.0#VAR 1395 0 0.826754 0.173246 
 ----> 1.3#6.6#34.0#44.0#VAR 1396 0 0.815448 0.184552 
 ----> 1.3#6.6#34.0#44.0#VAR 1397 0 0.825807 0.174193 
 ----> 1.3#6.6#34.0#44.0#VAR 1398 1 0.810604 0.189396 
 ----> 1.3#6.6#34.0#44.0#VAR 1399 0 0.819964 0.180036 
 ----> 1.3#6.6#34.0#44.0#VAR 1400 1 0.793613 0.206387 
 ----> 1.3#6.6#34.0#44.0#VAR 1401 0 0.79789 0.20211 
 ----> 1.3#6.6#34.0#44.0#VAR 1402 1 0.73776 0.26224 
 ----> 1.3#6.6#34.0#44.0#VAR 1403 0 0.796584 0.203416 
 ----> 1.3#6.6#34.0#44.0#VAR 1404 0 0.809069 0.190931 
 ----> 1.3#6.6#34.0#44.0#VAR 1405 1 0.741837 0.258163 
 ----> 1.3#6.6#34.0#44.0#VAR 1406 0 0.806431 0.193569 
 ----> 1.3#6.6#34.0#44.0#VAR 1407 0 0.797167 0.202833 
 ----> 1.3#6.6#34.0#44.0#VAR 1408 0 0.800263 0.199737 
 ----> 1.3#6.6#34.0#44.0#VAR 1409 0 0.804006 0.195994 
 ----> 1.3#6.6#34.0#44.0#VAR 1410 0 0.792729 0.207271 
 ----> 1.3#6.6#34.0#44.0#VAR 1411 0 0.818085 0.181915 
 ----> 1.3#6.6#34.0#44.0#VAR 1412 1 0.779801 0.220199 
 ----> 1.3#6.6#34.0#44.0#VAR 1413 0 0.801357 0.198643 
 ----> 1.3#6.6#34.0#44.0#VAR 1414 0 0.791725 0.208275 
 ----> 1.3#6.6#34.0#44.0#VAR 1415 0 0.789138 0.210862 
 ----> 1.3#6.6#34.0#44.0#VAR 1416 0 0.799146 0.200854 
 ----> 1.3#6.6#34.0#44.0#VAR 1417 0 0.820265 0.179735 
 ----> 1.3#6.6#34.0#44.0#VAR 1418 1 0.798949 0.201051 
 ----> 1.3#6.6#34.0#44.0#VAR 1419 0 0.801669 0.198331 
 ----> 1.3#6.6#34.0#44.0#VAR 1420 0 0.793117 0.206883 
 ----> 1.3#6.6#34.0#44.0#VAR 1421 0 0.811803 0.188197 
 ----> 1.3#6.6#34.0#44.0#VAR 1422 1 0.801366 0.198634 
 ----> 1.3#6.6#34.0#44.0#VAR 1423 0 0.801091 0.198909 
 ----> 1.3#6.6#34.0#44.0#VAR 1424 1 0.790752 0.209248 
 ----> 1.3#6.6#34.0#44.0#VAR 1425 0 0.821009 0.178991 
 ----> 1.3#6.6#34.0#44.0#VAR 1426 1 0.798538 0.201462 
 ----> 1.3#6.6#34.0#44.0#VAR 1427 1 0.798338 0.201662 
 ----> 1.3#6.6#34.0#44.0#VAR 1428 0 0.811817 0.188183 
 ----> 1.3#6.6#34.0#44.0#VAR 1429 0 0.802 0.198 
 ----> 1.3#6.6#34.0#44.0#VAR 1430 0 0.810304 0.189696 
 ----> 1.3#6.6#34.0#44.0#VAR 1431 0 0.803934 0.196066 
 ----> 1.3#6.6#34.0#44.0#VAR 1432 0 0.801896 0.198104 
 ----> 1.3#6.6#34.0#44.0#VAR 1433 0 0.796575 0.203425 
 ----> 1.3#6.6#34.0#44.0#VAR 1434 0 0.811903 0.188097 
 ----> 1.3#6.6#34.0#44.0#VAR 1435 0 0.799545 0.200455 
 ----> 1.3#6.6#34.0#44.0#VAR 1436 0 0.8306 0.1694 
 ----> 1.3#6.6#34.0#44.0#VAR 1437 0 0.782959 0.217041 
 ----> 1.3#6.6#34.0#44.0#VAR 1438 0 0.808485 0.191515 
 ----> 1.3#6.6#34.0#44.0#VAR 1439 0 0.81278 0.18722 
 ----> 1.3#6.6#34.0#44.0#VAR 1440 1 0.80294 0.19706 
 ----> 1.3#6.6#34.0#44.0#VAR 1441 1 0.779791 0.220209 
 ----> 1.3#6.6#34.0#44.0#VAR 1442 0 0.819916 0.180084 
 ----> 1.3#6.6#34.0#44.0#VAR 1443 1 0.757688 0.242312 
 ----> 1.3#6.6#34.0#44.0#VAR 1444 1 0.763165 0.236835 
 ----> 1.3#6.6#34.0#44.0#VAR 1445 1 0.805239 0.194761 
 ----> 1.3#6.6#34.0#44.0#VAR 1446 0 0.802932 0.197068 
 ----> 1.3#6.6#34.0#44.0#VAR 1447 0 0.804022 0.195978 
 ----> 1.3#6.6#34.0#44.0#VAR 1448 0 0.802516 0.197484 
 ----> 1.3#6.6#34.0#44.0#VAR 1449 0 0.814272 0.185728 
 ----> 1.3#6.6#34.0#44.0#VAR 1450 0 0.767967 0.232033 
 ----> 1.3#6.6#34.0#44.0#VAR 1451 1 0.764664 0.235336 
 ----> 1.3#6.6#34.0#44.0#VAR 1452 0 0.812671 0.187329 
 ----> 1.3#6.6#34.0#44.0#VAR 1453 0 0.82138 0.17862 
 ----> 1.3#6.6#34.0#44.0#VAR 1454 0 0.789683 0.210317 
 ----> 1.3#6.6#34.0#44.0#VAR 1455 0 0.836462 0.163538 
 ----> 1.3#6.6#34.0#44.0#VAR 1456 1 0.821891 0.178109 
 ----> 1.3#6.6#34.0#44.0#VAR 1457 1 0.788467 0.211533 
 ----> 1.3#6.6#34.0#44.0#VAR 1458 1 0.790198 0.209802 
 ----> 1.3#6.6#34.0#44.0#VAR 1459 1 0.805078 0.194922 
 ----> 1.3#6.6#34.0#44.0#VAR 1460 0 0.834804 0.165196 
 ----> 1.3#6.6#34.0#44.0#VAR 1461 1 0.807842 0.192158 
 ----> 1.3#6.6#34.0#44.0#VAR 1462 0 0.779765 0.220235 
 ----> 1.3#6.6#34.0#44.0#VAR 1463 0 0.818143 0.181857 
 ----> 1.3#6.6#34.0#44.0#VAR 1464 0 0.811591 0.188409 
 ----> 1.3#6.6#34.0#44.0#VAR 1465 0 0.816255 0.183745 
 ----> 1.3#6.6#34.0#44.0#VAR 1466 0 0.807787 0.192213 
 ----> 1.3#6.6#34.0#44.0#VAR 1467 1 0.804053 0.195947 
 ----> 1.3#6.6#34.0#44.0#VAR 1468 1 0.83471 0.16529 
 ----> 1.3#6.6#34.0#44.0#VAR 1469 0 0.79313 0.20687 
 ----> 1.3#6.6#34.0#44.0#VAR 1470 0 0.808258 0.191742 
 ----> 1.3#6.6#34.0#44.0#VAR 1471 0 0.806796 0.193204 
 ----> 1.3#6.6#34.0#44.0#VAR 1472 0 0.807348 0.192652 
 ----> 1.3#6.6#34.0#44.0#VAR 1473 0 0.819487 0.180513 
 ----> 1.3#6.6#34.0#44.0#VAR 1474 0 0.823718 0.176282 
 ----> 1.3#6.6#34.0#44.0#VAR 1475 0 0.779129 0.220871 
 ----> 1.3#6.6#34.0#44.0#VAR 1476 1 0.828793 0.171207 
 ----> 1.3#6.6#34.0#44.0#VAR 1477 0 0.813479 0.186521 
 ----> 1.3#6.6#34.0#44.0#VAR 1478 0 0.810196 0.189804 
 ----> 1.3#6.6#34.0#44.0#VAR 1479 1 0.79482 0.20518 
 ----> 1.3#6.6#34.0#44.0#VAR 1480 0 0.80082 0.19918 
 ----> 1.3#6.6#34.0#44.0#VAR 1481 0 0.78424 0.21576 
 ----> 1.3#6.6#34.0#44.0#VAR 1482 0 0.804837 0.195163 
 ----> 1.3#6.6#34.0#44.0#VAR 1483 0 0.809061 0.190939 
 ----> 1.3#6.6#34.0#44.0#VAR 1484 0 0.815958 0.184042 
 ----> 1.3#6.6#34.0#44.0#VAR 1485 0 0.822995 0.177005 
 ----> 1.3#6.6#34.0#44.0#VAR 1486 0 0.79241 0.20759 
 ----> 1.3#6.6#34.0#44.0#VAR 1487 1 0.787871 0.212129 
 ----> 1.3#6.6#34.0#44.0#VAR 1488 1 0.788344 0.211656 
 ----> 1.3#6.6#34.0#44.0#VAR 1489 0 0.824496 0.175504 
 ----> 1.3#6.6#34.0#44.0#VAR 1490 0 0.812149 0.187851 
 ----> 1.3#6.6#34.0#44.0#VAR 1491 1 0.801106 0.198894 
 ----> 1.3#6.6#34.0#44.0#VAR 1492 0 0.816929 0.183071 
 ----> 1.3#6.6#34.0#44.0#VAR 1493 0 0.815068 0.184932 
 ----> 1.3#6.6#34.0#44.0#VAR 1494 0 0.805138 0.194862 
 ----> 1.3#6.6#34.0#44.0#VAR 1495 0 0.79705 0.20295 
 ----> 1.3#6.6#34.0#44.0#VAR 1496 0 0.806922 0.193078 
 ----> 1.3#6.6#34.0#44.0#VAR 1497 0 0.807259 0.192741 
 ----> 1.3#6.6#34.0#44.0#VAR 1498 0 0.791886 0.208114 
 ----> 1.3#6.6#34.0#44.0#VAR 1499 1 0.78368 0.21632 
 ----> 1.3#6.6#34.0#44.0#VAR 1500 0 0.809407 0.190593 
 ----> 1.3#6.6#34.0#44.0#VAR 1501 0 0.799878 0.200122 
 ----> 1.3#6.6#34.0#44.0#VAR 1502 0 0.77847 0.22153 
 ----> 1.3#6.6#34.0#44.0#VAR 1503 0 0.776715 0.223285 
 ----> 1.3#6.6#34.0#44.0#VAR 1504 0 0.786582 0.213418 
 ----> 1.3#6.6#34.0#44.0#VAR 1505 0 0.797659 0.202341 
 ----> 1.3#6.6#34.0#44.0#VAR 1506 0 0.818577 0.181423 
 ----> 1.3#6.6#34.0#44.0#VAR 1507 0 0.798463 0.201537 
 ----> 1.3#6.6#34.0#44.0#VAR 1508 0 0.793318 0.206682 
 ----> 1.3#6.6#34.0#44.0#VAR 1509 0 0.823268 0.176732 
 ----> 1.3#6.6#34.0#44.0#VAR 1510 0 0.821556 0.178444 
 ----> 1.3#6.6#34.0#44.0#VAR 1511 0 0.782641 0.217359 
 ----> 1.3#6.6#34.0#44.0#VAR 1512 0 0.78416 0.21584 
 ----> 1.3#6.6#34.0#44.0#VAR 1513 0 0.784298 0.215702 
 ----> 1.3#6.6#34.0#44.0#VAR 1514 0 0.794843 0.205157 
 ----> 1.3#6.6#34.0#44.0#VAR 1515 0 0.825149 0.174851 
 ----> 1.3#6.6#34.0#44.0#VAR 1516 0 0.813773 0.186227 
 ----> 1.3#6.6#34.0#44.0#VAR 1517 0 0.781166 0.218834 
 ----> 1.3#6.6#34.0#44.0#VAR 1518 0 0.846115 0.153885 
 ----> 1.3#6.6#34.0#44.0#VAR 1519 0 0.833559 0.166441 
 ----> 1.3#6.6#34.0#44.0#VAR 1520 1 0.816879 0.183121 
 ----> 1.3#6.6#34.0#44.0#VAR 1521 0 0.777779 0.222221 
 ----> 1.3#6.6#34.0#44.0#VAR 1522 0 0.817444 0.182556 
 ----> 1.3#6.6#34.0#44.0#VAR 1523 0 0.805191 0.194809 
 ----> 1.3#6.6#34.0#44.0#VAR 1524 0 0.798471 0.201529 
 ----> 1.3#6.6#34.0#44.0#VAR 1525 0 0.824934 0.175066 
 ----> 1.3#6.6#34.0#44.0#VAR 1526 1 0.78279 0.21721 
 ----> 1.3#6.6#34.0#44.0#VAR 1527 0 0.783555 0.216445 
 ----> 1.3#6.6#34.0#44.0#VAR 1528 0 0.80781 0.19219 
 ----> 1.3#6.6#34.0#44.0#VAR 1529 0 0.793952 0.206048 
 ----> 1.3#6.6#34.0#44.0#VAR 1530 0 0.810468 0.189532 
 ----> 1.3#6.6#34.0#44.0#VAR 1531 1 0.787294 0.212706 
 ----> 1.3#6.6#34.0#44.0#VAR 1532 0 0.805226 0.194774 
 ----> 1.3#6.6#34.0#44.0#VAR 1533 1 0.793811 0.206189 
 ----> 1.3#6.6#34.0#44.0#VAR 1534 0 0.821831 0.178169 
 ----> 1.3#6.6#34.0#44.0#VAR 1535 0 0.793281 0.206719 
 ----> 1.3#6.6#34.0#44.0#VAR 1536 1 0.814921 0.185079 
 ----> 1.3#6.6#34.0#44.0#VAR 1537 0 0.795904 0.204096 
 ----> 1.3#6.6#34.0#44.0#VAR 1538 0 0.814122 0.185878 
 ----> 1.3#6.6#34.0#44.0#VAR 1539 0 0.813353 0.186647 
 ----> 1.3#6.6#34.0#44.0#VAR 1540 0 0.82687 0.17313 
 ----> 1.3#6.6#34.0#44.0#VAR 1541 1 0.807811 0.192189 
 ----> 1.3#6.6#34.0#44.0#VAR 1542 0 0.825142 0.174858 
 ----> 1.3#6.6#34.0#44.0#VAR 1543 0 0.803982 0.196018 
 ----> 1.3#6.6#34.0#44.0#VAR 1544 0 0.836611 0.163389 
 ----> 1.3#6.6#34.0#44.0#VAR 1545 0 0.833111 0.166889 
 ----> 1.3#6.6#34.0#44.0#VAR 1546 0 0.830194 0.169806 
 ----> 1.3#6.6#34.0#44.0#VAR 1547 0 0.814714 0.185286 
 ----> 1.3#6.6#34.0#44.0#VAR 1548 0 0.807123 0.192877 
 ----> 1.3#6.6#34.0#44.0#VAR 1549 0 0.805003 0.194997 
 ----> 1.3#6.6#34.0#44.0#VAR 1550 0 0.814791 0.185209 
 ----> 1.3#6.6#34.0#44.0#VAR 1551 1 0.81786 0.18214 
 ----> 1.3#6.6#34.0#44.0#VAR 1552 0 0.809171 0.190829 
 ----> 1.3#6.6#34.0#44.0#VAR 1553 0 0.82296 0.17704 
 ----> 1.3#6.6#34.0#44.0#VAR 1554 1 0.795124 0.204876 
 ----> 1.3#6.6#34.0#44.0#VAR 1555 0 0.809907 0.190093 
 ----> 1.3#6.6#34.0#44.0#VAR 1556 0 0.799171 0.200829 
 ----> 1.3#6.6#34.0#44.0#VAR 1557 0 0.809104 0.190896 
 ----> 1.3#6.6#34.0#44.0#VAR 1558 0 0.830611 0.169389 
 ----> 1.3#6.6#34.0#44.0#VAR 1559 0 0.81647 0.18353 
 ----> 1.3#6.6#34.0#44.0#VAR 1560 0 0.808928 0.191072 
 ----> 1.3#6.6#34.0#44.0#VAR 1561 0 0.827138 0.172862 
 ----> 1.3#6.6#34.0#44.0#VAR 1562 0 0.76473 0.23527 
 ----> 1.3#6.6#34.0#44.0#VAR 1563 0 0.817616 0.182384 
 ----> 1.3#6.6#34.0#44.0#VAR 1564 1 0.818461 0.181539 
 ----> 1.3#6.6#34.0#44.0#VAR 1565 0 0.812214 0.187786 
 ----> 1.3#6.6#34.0#44.0#VAR 1566 1 0.811028 0.188972 
 ----> 1.3#6.6#34.0#44.0#VAR 1567 0 0.795072 0.204928 
 ----> 1.3#6.6#34.0#44.0#VAR 1568 0 0.763676 0.236324 
 ----> 1.3#6.6#34.0#44.0#VAR 1569 0 0.777606 0.222394 
 ----> 1.3#6.6#34.0#44.0#VAR 1570 0 0.795275 0.204725 
 ----> 1.3#6.6#34.0#44.0#VAR 1571 0 0.777076 0.222924 
 ----> 1.3#6.6#34.0#44.0#VAR 1572 0 0.811489 0.188511 
 ----> 1.3#6.6#34.0#44.0#VAR 1573 1 0.805909 0.194091 
 ----> 1.3#6.6#34.0#44.0#VAR 1574 0 0.810055 0.189945 
 ----> 1.3#6.6#34.0#44.0#VAR 1575 0 0.810733 0.189267 
 ----> 1.3#6.6#34.0#44.0#VAR 1576 0 0.798723 0.201277 
 ----> 1.3#6.6#34.0#44.0#VAR 1577 0 0.801844 0.198156 
 ----> 1.3#6.6#34.0#44.0#VAR 1578 1 0.80042 0.19958 
 ----> 1.3#6.6#34.0#44.0#VAR 1579 0 0.818132 0.181868 
 ----> 1.3#6.6#34.0#44.0#VAR 1580 0 0.800167 0.199833 
 ----> 1.3#6.6#34.0#44.0#VAR 1581 0 0.812313 0.187687 
 ----> 1.3#6.6#34.0#44.0#VAR 1582 0 0.814866 0.185134 
 ----> 1.3#6.6#34.0#44.0#VAR 1583 0 0.812788 0.187212 
 ----> 1.3#6.6#34.0#44.0#VAR 1584 0 0.821985 0.178015 
 ----> 1.3#6.6#34.0#44.0#VAR 1585 0 0.813811 0.186189 
 ----> 1.3#6.6#34.0#44.0#VAR 1586 0 0.788695 0.211305 
 ----> 1.3#6.6#34.0#44.0#VAR 1587 0 0.806514 0.193486 
 ----> 1.3#6.6#34.0#44.0#VAR 1588 1 0.792387 0.207613 
 ----> 1.3#6.6#34.0#44.0#VAR 1589 0 0.804313 0.195687 
 ----> 1.3#6.6#34.0#44.0#VAR 1590 0 0.812092 0.187908 
 ----> 1.3#6.6#34.0#44.0#VAR 1591 0 0.794071 0.205929 
 ----> 1.3#6.6#34.0#44.0#VAR 1592 0 0.787675 0.212325 
 ----> 1.3#6.6#34.0#44.0#VAR 1593 0 0.839496 0.160504 
 ----> 1.3#6.6#34.0#44.0#VAR 1594 0 0.835142 0.164858 
 ----> 1.3#6.6#34.0#44.0#VAR 1595 0 0.820154 0.179846 
 ----> 1.3#6.6#34.0#44.0#VAR 1596 0 0.817376 0.182624 
 ----> 1.3#6.6#34.0#44.0#VAR 1597 0 0.810819 0.189181 
 ----> 1.3#6.6#34.0#44.0#VAR 1598 1 0.816016 0.183984 
 ----> 1.3#6.6#34.0#44.0#VAR 1599 0 0.800768 0.199232 
 ----> 1.3#6.6#34.0#44.0#VAR 1600 0 0.813748 0.186252 
 ----> 1.3#6.6#34.0#44.0#VAR 1601 0 0.795774 0.204226 
 ----> 1.3#6.6#34.0#44.0#VAR 1602 0 0.813603 0.186397 
 ----> 1.3#6.6#34.0#44.0#VAR 1603 0 0.817009 0.182991 
 ----> 1.3#6.6#34.0#44.0#VAR 1604 0 0.817857 0.182143 
 ----> 1.3#6.6#34.0#44.0#VAR 1605 0 0.81081 0.18919 
 ----> 1.3#6.6#34.0#44.0#VAR 1606 1 0.794202 0.205798 
 ----> 1.3#6.6#34.0#44.0#VAR 1607 1 0.809247 0.190753 
 ----> 1.3#6.6#34.0#44.0#VAR 1608 1 0.773643 0.226357 
 ----> 1.3#6.6#34.0#44.0#VAR 1609 0 0.808845 0.191155 
 ----> 1.3#6.6#34.0#44.0#VAR 1610 0 0.819803 0.180197 
 ----> 1.3#6.6#34.0#44.0#VAR 1611 0 0.813362 0.186638 
 ----> 1.3#6.6#34.0#44.0#VAR 1612 0 0.817018 0.182982 
 ----> 1.3#6.6#34.0#44.0#VAR 1613 0 0.81345 0.18655 
 ----> 1.3#6.6#34.0#44.0#VAR 1614 0 0.800252 0.199748 
 ----> 1.3#6.6#34.0#44.0#VAR 1615 0 0.780962 0.219038 
 ----> 1.3#6.6#34.0#44.0#VAR 1616 1 0.830104 0.169896 
 ----> 1.3#6.6#34.0#44.0#VAR 1617 1 0.804569 0.195431 
 ----> 1.3#6.6#34.0#44.0#VAR 1618 0 0.818457 0.181543 
 ----> 1.3#6.6#34.0#44.0#VAR 1619 0 0.789577 0.210423 
 ----> 1.3#6.6#34.0#44.0#VAR 1620 0 0.799064 0.200936 
 ----> 1.3#6.6#34.0#44.0#VAR 1621 0 0.819257 0.180743 
 ----> 1.3#6.6#34.0#44.0#VAR 1622 0 0.823299 0.176701 
 ----> 1.3#6.6#34.0#44.0#VAR 1623 1 0.825823 0.174177 
 ----> 1.3#6.6#34.0#44.0#VAR 1624 1 0.807123 0.192877 
 ----> 1.3#6.6#34.0#44.0#VAR 1625 1 0.811117 0.188883 
 ----> 1.3#6.6#34.0#44.0#VAR 1626 0 0.802646 0.197354 
 ----> 1.3#6.6#34.0#44.0#VAR 1627 0 0.809664 0.190336 
 ----> 1.3#6.6#34.0#44.0#VAR 1628 0 0.805482 0.194518 
 ----> 1.3#6.6#34.0#44.0#VAR 1629 0 0.80153 0.19847 
 ----> 1.3#6.6#34.0#44.0#VAR 1630 0 0.82473 0.17527 
 ----> 1.3#6.6#34.0#44.0#VAR 1631 0 0.803085 0.196915 
 ----> 1.3#6.6#34.0#44.0#VAR 1632 0 0.800307 0.199693 
 ----> 1.3#6.6#34.0#44.0#VAR 1633 1 0.824553 0.175447 
 ----> 1.3#6.6#34.0#44.0#VAR 1634 0 0.791669 0.208331 
 ----> 1.3#6.6#34.0#44.0#VAR 1635 0 0.808517 0.191483 
 ----> 1.3#6.6#34.0#44.0#VAR 1636 0 0.805291 0.194709 
 ----> 1.3#6.6#34.0#44.0#VAR 1637 1 0.816191 0.183809 
 ----> 1.3#6.6#34.0#44.0#VAR 1638 1 0.798008 0.201992 
 ----> 1.3#6.6#34.0#44.0#VAR 1639 1 0.80907 0.19093 
 ----> 1.3#6.6#34.0#44.0#VAR 1640 0 0.80427 0.19573 
 ----> 1.3#6.6#34.0#44.0#VAR 1641 0 0.794906 0.205094 
 ----> 1.3#6.6#34.0#44.0#VAR 1642 0 0.804216 0.195784 
 ----> 1.3#6.6#34.0#44.0#VAR 1643 0 0.816127 0.183873 
 ----> 1.3#6.6#34.0#44.0#VAR 1644 1 0.786856 0.213144 
 ----> 1.3#6.6#34.0#44.0#VAR 1645 0 0.812307 0.187693 
 ----> 1.3#6.6#34.0#44.0#VAR 1646 0 0.820541 0.179459 
 ----> 1.3#6.6#34.0#44.0#VAR 1647 1 0.791061 0.208939 
 ----> 1.3#6.6#34.0#44.0#VAR 1648 0 0.781965 0.218035 
 ----> 1.3#6.6#34.0#44.0#VAR 1649 0 0.800953 0.199047 
 ----> 1.3#6.6#34.0#44.0#VAR 1650 0 0.800533 0.199467 
 ----> 1.3#6.6#34.0#44.0#VAR 1651 0 0.804474 0.195526 
 ----> 1.3#6.6#34.0#44.0#VAR 1652 1 0.810971 0.189029 
 ----> 1.3#6.6#34.0#44.0#VAR 1653 0 0.809054 0.190946 
 ----> 1.3#6.6#34.0#44.0#VAR 1654 0 0.808904 0.191096 
 ----> 1.3#6.6#34.0#44.0#VAR 1655 1 0.784664 0.215336 
 ----> 1.3#6.6#34.0#44.0#VAR 1656 0 0.810593 0.189407 
 ----> 1.3#6.6#34.0#44.0#VAR 1657 0 0.821255 0.178745 
 ----> 1.3#6.6#34.0#44.0#VAR 1658 1 0.810452 0.189548 
 ----> 1.3#6.6#34.0#44.0#VAR 1659 0 0.809669 0.190331 
 ----> 1.3#6.6#34.0#44.0#VAR 1660 0 0.811509 0.188491 
 ----> 1.3#6.6#34.0#44.0#VAR 1661 0 0.821481 0.178519 
 ----> 1.3#6.6#34.0#44.0#VAR 1662 0 0.834696 0.165304 
 ----> 1.3#6.6#34.0#44.0#VAR 1663 0 0.813594 0.186406 
 ----> 1.3#6.6#34.0#44.0#VAR 1664 0 0.808237 0.191763 
 ----> 1.3#6.6#34.0#44.0#VAR 1665 0 0.810845 0.189155 
 ----> 1.3#6.6#34.0#44.0#VAR 1666 0 0.825404 0.174596 
 ----> 1.3#6.6#34.0#44.0#VAR 1667 0 0.813431 0.186569 
 ----> 1.3#6.6#34.0#44.0#VAR 1668 1 0.808994 0.191006 
 ----> 1.3#6.6#34.0#44.0#VAR 1669 0 0.808321 0.191679 
 ----> 1.3#6.6#34.0#44.0#VAR 1670 1 0.818049 0.181951 
 ----> 1.3#6.6#34.0#44.0#VAR 1671 1 0.825138 0.174862 
 ----> 1.3#6.6#34.0#44.0#VAR 1672 0 0.815014 0.184986 
 ----> 1.3#6.6#34.0#44.0#VAR 1673 0 0.781736 0.218264 
 ----> 1.3#6.6#34.0#44.0#VAR 1674 0 0.810671 0.189329 
 ----> 1.3#6.6#34.0#44.0#VAR 1675 1 0.807911 0.192089 
 ----> 1.3#6.6#34.0#44.0#VAR 1676 0 0.825717 0.174283 
 ----> 1.3#6.6#34.0#44.0#VAR 1677 0 0.811206 0.188794 
 ----> 1.3#6.6#34.0#44.0#VAR 1678 0 0.824604 0.175396 
 ----> 1.3#6.6#34.0#44.0#VAR 1679 0 0.79654 0.20346 
 ----> 1.3#6.6#34.0#44.0#VAR 1680 1 0.796124 0.203876 
 ----> 1.3#6.6#34.0#44.0#VAR 1681 0 0.790151 0.209849 
 ----> 1.3#6.6#34.0#44.0#VAR 1682 0 0.806272 0.193728 
 ----> 1.3#6.6#34.0#44.0#VAR 1683 0 0.816966 0.183034 
 ----> 1.3#6.6#34.0#44.0#VAR 1684 0 0.808453 0.191547 
 ----> 1.3#6.6#34.0#44.0#VAR 1685 1 0.834258 0.165742 
 ----> 1.3#6.6#34.0#44.0#VAR 1686 0 0.827769 0.172231 
 ----> 1.3#6.6#34.0#44.0#VAR 1687 1 0.766832 0.233168 
 ----> 1.3#6.6#34.0#44.0#VAR 1688 0 0.784921 0.215079 
 ----> 1.3#6.6#34.0#44.0#VAR 1689 0 0.792842 0.207158 
 ----> 1.3#6.6#34.0#44.0#VAR 1690 0 0.816543 0.183457 
 ----> 1.3#6.6#34.0#44.0#VAR 1691 1 0.812719 0.187281 
 ----> 1.3#6.6#34.0#44.0#VAR 1692 0 0.80055 0.19945 
 ----> 1.3#6.6#34.0#44.0#VAR 1693 0 0.803249 0.196751 
 ----> 1.3#6.6#34.0#44.0#VAR 1694 1 0.821276 0.178724 
 ----> 1.3#6.6#34.0#44.0#VAR 1695 0 0.809236 0.190764 
 ----> 1.3#6.6#34.0#44.0#VAR 1696 1 0.803819 0.196181 
 ----> 1.3#6.6#34.0#44.0#VAR 1697 0 0.802792 0.197208 
 ----> 1.3#6.6#34.0#44.0#VAR 1698 0 0.810534 0.189466 
 ----> 1.3#6.6#34.0#44.0#VAR 1699 1 0.812866 0.187134 
 ----> 1.3#6.6#34.0#44.0#VAR 1700 0 0.808732 0.191268 
 ----> 1.3#6.6#34.0#44.0#VAR 1701 0 0.797392 0.202608 
 ----> 1.3#6.6#34.0#44.0#VAR 1702 1 0.790174 0.209826 
 ----> 1.3#6.6#34.0#44.0#VAR 1703 0 0.78804 0.21196 
 ----> 1.3#6.6#34.0#44.0#VAR 1704 0 0.812725 0.187275 
 ----> 1.3#6.6#34.0#44.0#VAR 1705 0 0.837438 0.162562 
 ----> 1.3#6.6#34.0#44.0#VAR 1706 0 0.765196 0.234804 
 ----> 1.3#6.6#34.0#44.0#VAR 1707 0 0.820109 0.179891 
 ----> 1.3#6.6#34.0#44.0#VAR 1708 0 0.81198 0.18802 
 ----> 1.3#6.6#34.0#44.0#VAR 1709 1 0.83335 0.16665 
 ----> 1.3#6.6#34.0#44.0#VAR 1710 0 0.81273 0.18727 
 ----> 1.3#6.6#34.0#44.0#VAR 1711 0 0.821122 0.178878 
 ----> 1.3#6.6#34.0#44.0#VAR 1712 0 0.818699 0.181301 
 ----> 1.3#6.6#34.0#44.0#VAR 1713 0 0.820399 0.179601 
 ----> 1.3#6.6#34.0#44.0#VAR 1714 1 0.798247 0.201753 
 ----> 1.3#6.6#34.0#44.0#VAR 1715 0 0.802944 0.197056 
 ----> 1.3#6.6#34.0#44.0#VAR 1716 0 0.788706 0.211294 
 ----> 1.3#6.6#34.0#44.0#VAR 1717 0 0.819109 0.180891 
 ----> 1.3#6.6#34.0#44.0#VAR 1718 0 0.805644 0.194356 
 ----> 1.3#6.6#34.0#44.0#VAR 1719 0 0.805348 0.194652 
 ----> 1.3#6.6#34.0#44.0#VAR 1720 1 0.798536 0.201464 
 ----> 1.3#6.6#34.0#44.0#VAR 1721 1 0.795717 0.204283 
 ----> 1.3#6.6#34.0#44.0#VAR 1722 0 0.8162 0.1838 
 ----> 1.3#6.6#34.0#44.0#VAR 1723 0 0.828456 0.171544 
 ----> 1.3#6.6#34.0#44.0#VAR 1724 0 0.810074 0.189926 
 ----> 1.3#6.6#34.0#44.0#VAR 1725 0 0.813018 0.186982 
 ----> 1.3#6.6#34.0#44.0#VAR 1726 0 0.789584 0.210416 
 ----> 1.3#6.6#34.0#44.0#VAR 1727 0 0.826228 0.173772 
 ----> 1.3#6.6#34.0#44.0#VAR 1728 0 0.823252 0.176748 
 ----> 1.3#6.6#34.0#44.0#VAR 1729 0 0.800307 0.199693 
 ----> 1.3#6.6#34.0#44.0#VAR 1730 0 0.815706 0.184294 
 ----> 1.3#6.6#34.0#44.0#VAR 1731 0 0.822009 0.177991 
 ----> 1.3#6.6#34.0#44.0#VAR 1732 0 0.837733 0.162267 
 ----> 1.3#6.6#34.0#44.0#VAR 1733 0 0.817049 0.182951 
 ----> 1.3#6.6#34.0#44.0#VAR 1734 0 0.795123 0.204877 
 ----> 1.3#6.6#34.0#44.0#VAR 1735 0 0.829812 0.170188 
 ----> 1.3#6.6#34.0#44.0#VAR 1736 1 0.813332 0.186668 
 ----> 1.3#6.6#34.0#44.0#VAR 1737 0 0.814742 0.185258 
 ----> 1.3#6.6#34.0#44.0#VAR 1738 0 0.807796 0.192204 
 ----> 1.3#6.6#34.0#44.0#VAR 1739 0 0.803336 0.196664 
 ----> 1.3#6.6#34.0#44.0#VAR 1740 1 0.815671 0.184329 
 ----> 1.3#6.6#34.0#44.0#VAR 1741 1 0.836871 0.163129 
 ----> 1.3#6.6#34.0#44.0#VAR 1742 0 0.813689 0.186311 
 ----> 1.3#6.6#34.0#44.0#VAR 1743 0 0.811125 0.188875 
 ----> 1.3#6.6#34.0#44.0#VAR 1744 0 0.806299 0.193701 
 ----> 1.3#6.6#34.0#44.0#VAR 1745 0 0.815963 0.184037 
 ----> 1.3#6.6#34.0#44.0#VAR 1746 0 0.818409 0.181591 
 ----> 1.3#6.6#34.0#44.0#VAR 1747 0 0.823834 0.176166 
 ----> 1.3#6.6#34.0#44.0#VAR 1748 1 0.818943 0.181057 
 ----> 1.3#6.6#34.0#44.0#VAR 1749 0 0.815936 0.184064 
 ----> 1.3#6.6#34.0#44.0#VAR 1750 0 0.822652 0.177348 
 ----> 1.3#6.6#34.0#44.0#VAR 1751 1 0.802835 0.197165 
 ----> 1.3#6.6#34.0#44.0#VAR 1752 1 0.782731 0.217269 
 ----> 1.3#6.6#34.0#44.0#VAR 1753 0 0.812652 0.187348 
 ----> 1.3#6.6#34.0#44.0#VAR 1754 0 0.814353 0.185647 
 ----> 1.3#6.6#34.0#44.0#VAR 1755 0 0.816952 0.183048 
 ----> 1.3#6.6#34.0#44.0#VAR 1756 1 0.832787 0.167213 
 ----> 1.3#6.6#34.0#44.0#VAR 1757 0 0.803526 0.196474 
 ----> 1.3#6.6#34.0#44.0#VAR 1758 0 0.783134 0.216866 
 ----> 1.3#6.6#34.0#44.0#VAR 1759 0 0.834867 0.165133 
 ----> 1.3#6.6#34.0#44.0#VAR 1760 1 0.812513 0.187487 
 ----> 1.3#6.6#34.0#44.0#VAR 1761 0 0.799173 0.200827 
 ----> 1.3#6.6#34.0#44.0#VAR 1762 0 0.790794 0.209206 
 ----> 1.3#6.6#34.0#44.0#VAR 1763 1 0.798275 0.201725 
 ----> 1.3#6.6#34.0#44.0#VAR 1764 0 0.81361 0.18639 
 ----> 1.3#6.6#34.0#44.0#VAR 1765 1 0.80932 0.19068 
 ----> 1.3#6.6#34.0#44.0#VAR 1766 0 0.82186 0.17814 
 ----> 1.3#6.6#34.0#44.0#VAR 1767 0 0.787831 0.212169 
 ----> 1.3#6.6#34.0#44.0#VAR 1768 1 0.813665 0.186335 
 ----> 1.3#6.6#34.0#44.0#VAR 1769 0 0.807143 0.192857 
 ----> 1.3#6.6#34.0#44.0#VAR 1770 0 0.800124 0.199876 
 ----> 1.3#6.6#34.0#44.0#VAR 1771 0 0.794398 0.205602 
 ----> 1.3#6.6#34.0#44.0#VAR 1772 0 0.813189 0.186811 
 ----> 1.3#6.6#34.0#44.0#VAR 1773 0 0.796282 0.203718 
 ----> 1.3#6.6#34.0#44.0#VAR 1774 0 0.822777 0.177223 
 ----> 1.3#6.6#34.0#44.0#VAR 1775 0 0.814037 0.185963 
 ----> 1.3#6.6#34.0#44.0#VAR 1776 0 0.816094 0.183906 
 ----> 1.3#6.6#34.0#44.0#VAR 1777 0 0.818773 0.181227 
 ----> 1.3#6.6#34.0#44.0#VAR 1778 0 0.787977 0.212023 
 ----> 1.3#6.6#34.0#44.0#VAR 1779 0 0.815798 0.184202 
 ----> 1.3#6.6#34.0#44.0#VAR 1780 0 0.83769 0.16231 
 ----> 1.3#6.6#34.0#44.0#VAR 1781 0 0.819462 0.180538 
 ----> 1.3#6.6#34.0#44.0#VAR 1782 0 0.806393 0.193607 
 ----> 1.3#6.6#34.0#44.0#VAR 1783 0 0.830595 0.169405 
 ----> 1.3#6.6#34.0#44.0#VAR 1784 0 0.819571 0.180429 
 ----> 1.3#6.6#34.0#44.0#VAR 1785 0 0.804377 0.195623 
 ----> 1.3#6.6#34.0#44.0#VAR 1786 0 0.794779 0.205221 
 ----> 1.3#6.6#34.0#44.0#VAR 1787 0 0.800981 0.199019 
 ----> 1.3#6.6#34.0#44.0#VAR 1788 1 0.821537 0.178463 
 ----> 1.3#6.6#34.0#44.0#VAR 1789 0 0.809736 0.190264 
 ----> 1.3#6.6#34.0#44.0#VAR 1790 0 0.829124 0.170876 
 ----> 1.3#6.6#34.0#44.0#VAR 1791 0 0.793636 0.206364 
 ----> 1.3#6.6#34.0#44.0#VAR 1792 0 0.788847 0.211153 
 ----> 1.3#6.6#34.0#44.0#VAR 1793 0 0.804794 0.195206 
 ----> 1.3#6.6#34.0#44.0#VAR 1794 0 0.817455 0.182545 
 ----> 1.3#6.6#34.0#44.0#VAR 1795 1 0.802291 0.197709 
 ----> 1.3#6.6#34.0#44.0#VAR 1796 0 0.790927 0.209073 
 ----> 1.3#6.6#34.0#44.0#VAR 1797 1 0.792502 0.207498 
 ----> 1.3#6.6#34.0#44.0#VAR 1798 1 0.807317 0.192683 
 ----> 1.3#6.6#34.0#44.0#VAR 1799 1 0.800534 0.199466 
 ----> 1.3#6.6#34.0#44.0#VAR 1800 0 0.805107 0.194893 
 ----> 1.3#6.6#34.0#44.0#VAR 1801 0 0.789377 0.210623 
 ----> 1.3#6.6#34.0#44.0#VAR 1802 0 0.802855 0.197145 
 ----> 1.3#6.6#34.0#44.0#VAR 1803 0 0.79787 0.20213 
 ----> 1.3#6.6#34.0#44.0#VAR 1804 1 0.789671 0.210329 
 ----> 1.3#6.6#34.0#44.0#VAR 1805 0 0.813687 0.186313 
 ----> 1.3#6.6#34.0#44.0#VAR 1806 0 0.791942 0.208058 
 ----> 1.3#6.6#34.0#44.0#VAR 1807 1 0.809459 0.190541 
 ----> 1.3#6.6#34.0#44.0#VAR 1808 1 0.82117 0.17883 
 ----> 1.3#6.6#34.0#44.0#VAR 1809 0 0.807447 0.192553 
 ----> 1.3#6.6#34.0#44.0#VAR 1810 0 0.808677 0.191323 
 ----> 1.3#6.6#34.0#44.0#VAR 1811 0 0.794783 0.205217 
 ----> 1.3#6.6#34.0#44.0#VAR 1812 0 0.813168 0.186832 
 ----> 1.3#6.6#34.0#44.0#VAR 1813 0 0.819066 0.180934 
 ----> 1.3#6.6#34.0#44.0#VAR 1814 1 0.80661 0.19339 
 ----> 1.3#6.6#34.0#44.0#VAR 1815 0 0.80002 0.19998 
 ----> 1.3#6.6#34.0#44.0#VAR 1816 0 0.807989 0.192011 
 ----> 1.3#6.6#34.0#44.0#VAR 1817 0 0.783089 0.216911 
 ----> 1.3#6.6#34.0#44.0#VAR 1818 0 0.81959 0.18041 
 ----> 1.3#6.6#34.0#44.0#VAR 1819 1 0.805383 0.194617 
 ----> 1.3#6.6#34.0#44.0#VAR 1820 0 0.802164 0.197836 
 ----> 1.3#6.6#34.0#44.0#VAR 1821 1 0.810182 0.189818 
 ----> 1.3#6.6#34.0#44.0#VAR 1822 0 0.804567 0.195433 
 ----> 1.3#6.6#34.0#44.0#VAR 1823 0 0.787001 0.212999 
 ----> 1.3#6.6#34.0#44.0#VAR 1824 0 0.801732 0.198268 
 ----> 1.3#6.6#34.0#44.0#VAR 1825 0 0.826409 0.173591 
 ----> 1.3#6.6#34.0#44.0#VAR 1826 1 0.817515 0.182485 
 ++++> 1.3#6.6#34.0#44.0#VAR 1827  0 0.79112 0.20888 
