 ----> 1.3#6.6#34.0#44.0#VAR 7 0 0.849515 0.150485 
 ----> 1.3#6.6#34.0#44.0#VAR 8 0 0.842766 0.157234 
 ----> 1.3#6.6#34.0#44.0#VAR 9 0 0.840804 0.159196 
 ----> 1.3#6.6#34.0#44.0#VAR 10 0 0.802947 0.197053 
 ----> 1.3#6.6#34.0#44.0#VAR 11 0 0.810808 0.189192 
 ----> 1.3#6.6#34.0#44.0#VAR 12 0 0.816356 0.183644 
 ----> 1.3#6.6#34.0#44.0#VAR 13 0 0.81064 0.18936 
 ----> 1.3#6.6#34.0#44.0#VAR 14 0 0.812757 0.187243 
 ----> 1.3#6.6#34.0#44.0#VAR 15 1 0.813082 0.186918 
 ----> 1.3#6.6#34.0#44.0#VAR 16 1 0.807061 0.192939 
 ----> 1.3#6.6#34.0#44.0#VAR 17 1 0.837976 0.162024 
 ----> 1.3#6.6#34.0#44.0#VAR 18 0 0.81683 0.18317 
 ----> 1.3#6.6#34.0#44.0#VAR 19 0 0.795808 0.204192 
 ----> 1.3#6.6#34.0#44.0#VAR 20 0 0.812661 0.187339 
 ----> 1.3#6.6#34.0#44.0#VAR 21 0 0.807278 0.192722 
 ----> 1.3#6.6#34.0#44.0#VAR 22 0 0.820828 0.179172 
 ----> 1.3#6.6#34.0#44.0#VAR 23 0 0.815817 0.184183 
 ----> 1.3#6.6#34.0#44.0#VAR 24 0 0.793476 0.206524 
 ----> 1.3#6.6#34.0#44.0#VAR 25 0 0.795024 0.204976 
 ----> 1.3#6.6#34.0#44.0#VAR 26 0 0.801324 0.198676 
 ----> 1.3#6.6#34.0#44.0#VAR 27 0 0.799928 0.200072 
 ----> 1.3#6.6#34.0#44.0#VAR 28 0 0.811098 0.188902 
 ----> 1.3#6.6#34.0#44.0#VAR 29 0 0.810742 0.189258 
 ----> 1.3#6.6#34.0#44.0#VAR 30 0 0.828536 0.171464 
 ----> 1.3#6.6#34.0#44.0#VAR 31 0 0.807494 0.192506 
 ----> 1.3#6.6#34.0#44.0#VAR 32 0 0.819667 0.180333 
 ----> 1.3#6.6#34.0#44.0#VAR 33 0 0.816462 0.183538 
 ----> 1.3#6.6#34.0#44.0#VAR 34 0 0.801975 0.198025 
 ----> 1.3#6.6#34.0#44.0#VAR 35 1 0.817887 0.182113 
 ----> 1.3#6.6#34.0#44.0#VAR 36 0 0.822492 0.177508 
 ----> 1.3#6.6#34.0#44.0#VAR 37 0 0.811829 0.188171 
 ----> 1.3#6.6#34.0#44.0#VAR 38 0 0.811632 0.188368 
 ----> 1.3#6.6#34.0#44.0#VAR 39 0 0.814945 0.185055 
 ----> 1.3#6.6#34.0#44.0#VAR 40 0 0.816302 0.183698 
 ----> 1.3#6.6#34.0#44.0#VAR 41 0 0.818738 0.181262 
 ----> 1.3#6.6#34.0#44.0#VAR 42 0 0.827066 0.172934 
 ----> 1.3#6.6#34.0#44.0#VAR 43 0 0.825508 0.174492 
 ----> 1.3#6.6#34.0#44.0#VAR 44 0 0.82685 0.17315 
 ----> 1.3#6.6#34.0#44.0#VAR 45 0 0.818862 0.181138 
 ----> 1.3#6.6#34.0#44.0#VAR 46 0 0.818269 0.181731 
 ----> 1.3#6.6#34.0#44.0#VAR 47 0 0.818359 0.181641 
 ----> 1.3#6.6#34.0#44.0#VAR 48 0 0.820746 0.179254 
 ----> 1.3#6.6#34.0#44.0#VAR 49 0 0.813038 0.186962 
 ----> 1.3#6.6#34.0#44.0#VAR 50 0 0.831333 0.168667 
 ----> 1.3#6.6#34.0#44.0#VAR 51 0 0.816691 0.183309 
 ----> 1.3#6.6#34.0#44.0#VAR 52 1 0.821932 0.178068 
 ----> 1.3#6.6#34.0#44.0#VAR 53 0 0.824981 0.175019 
 ----> 1.3#6.6#34.0#44.0#VAR 54 0 0.829609 0.170391 
 ----> 1.3#6.6#34.0#44.0#VAR 55 0 0.800156 0.199844 
 ----> 1.3#6.6#34.0#44.0#VAR 56 0 0.823655 0.176345 
 ----> 1.3#6.6#34.0#44.0#VAR 57 0 0.817927 0.182073 
 ----> 1.3#6.6#34.0#44.0#VAR 58 0 0.824611 0.175389 
 ----> 1.3#6.6#34.0#44.0#VAR 59 1 0.812327 0.187673 
 ----> 1.3#6.6#34.0#44.0#VAR 60 1 0.801836 0.198164 
 ----> 1.3#6.6#34.0#44.0#VAR 61 0 0.820017 0.179983 
 ----> 1.3#6.6#34.0#44.0#VAR 62 0 0.827021 0.172979 
 ----> 1.3#6.6#34.0#44.0#VAR 63 0 0.823568 0.176432 
 ----> 1.3#6.6#34.0#44.0#VAR 64 0 0.82771 0.17229 
 ----> 1.3#6.6#34.0#44.0#VAR 65 0 0.821852 0.178148 
 ----> 1.3#6.6#34.0#44.0#VAR 66 0 0.823734 0.176266 
 ----> 1.3#6.6#34.0#44.0#VAR 67 0 0.815348 0.184652 
 ----> 1.3#6.6#34.0#44.0#VAR 68 0 0.816568 0.183432 
 ----> 1.3#6.6#34.0#44.0#VAR 69 0 0.81431 0.18569 
 ----> 1.3#6.6#34.0#44.0#VAR 70 1 0.840367 0.159633 
 ----> 1.3#6.6#34.0#44.0#VAR 71 0 0.822334 0.177666 
 ----> 1.3#6.6#34.0#44.0#VAR 72 1 0.807412 0.192588 
 ----> 1.3#6.6#34.0#44.0#VAR 73 0 0.83644 0.16356 
 ----> 1.3#6.6#34.0#44.0#VAR 74 0 0.832677 0.167323 
 ----> 1.3#6.6#34.0#44.0#VAR 75 0 0.82628 0.17372 
 ----> 1.3#6.6#34.0#44.0#VAR 76 0 0.814687 0.185313 
 ----> 1.3#6.6#34.0#44.0#VAR 77 0 0.826306 0.173694 
 ----> 1.3#6.6#34.0#44.0#VAR 78 0 0.811221 0.188779 
 ----> 1.3#6.6#34.0#44.0#VAR 79 0 0.826976 0.173024 
 ----> 1.3#6.6#34.0#44.0#VAR 80 0 0.803781 0.196219 
 ----> 1.3#6.6#34.0#44.0#VAR 81 0 0.826977 0.173023 
 ----> 1.3#6.6#34.0#44.0#VAR 82 0 0.840819 0.159181 
 ----> 1.3#6.6#34.0#44.0#VAR 83 1 0.780024 0.219976 
 ----> 1.3#6.6#34.0#44.0#VAR 84 0 0.831675 0.168325 
 ----> 1.3#6.6#34.0#44.0#VAR 85 0 0.83233 0.16767 
 ----> 1.3#6.6#34.0#44.0#VAR 86 0 0.82193 0.17807 
 ----> 1.3#6.6#34.0#44.0#VAR 87 0 0.835303 0.164697 
 ----> 1.3#6.6#34.0#44.0#VAR 88 1 0.806776 0.193224 
 ----> 1.3#6.6#34.0#44.0#VAR 89 1 0.790455 0.209545 
 ----> 1.3#6.6#34.0#44.0#VAR 90 0 0.829351 0.170649 
 ----> 1.3#6.6#34.0#44.0#VAR 91 0 0.819945 0.180055 
 ----> 1.3#6.6#34.0#44.0#VAR 92 1 0.815809 0.184191 
 ----> 1.3#6.6#34.0#44.0#VAR 93 0 0.807872 0.192128 
 ----> 1.3#6.6#34.0#44.0#VAR 94 1 0.815029 0.184971 
 ----> 1.3#6.6#34.0#44.0#VAR 95 0 0.813055 0.186945 
 ----> 1.3#6.6#34.0#44.0#VAR 96 0 0.803601 0.196399 
 ----> 1.3#6.6#34.0#44.0#VAR 97 0 0.849054 0.150946 
 ----> 1.3#6.6#34.0#44.0#VAR 98 0 0.81659 0.18341 
 ----> 1.3#6.6#34.0#44.0#VAR 99 0 0.825788 0.174212 
 ----> 1.3#6.6#34.0#44.0#VAR 100 1 0.81637 0.18363 
 ----> 1.3#6.6#34.0#44.0#VAR 101 0 0.820794 0.179206 
 ----> 1.3#6.6#34.0#44.0#VAR 102 0 0.832038 0.167962 
 ----> 1.3#6.6#34.0#44.0#VAR 103 0 0.816624 0.183376 
 ----> 1.3#6.6#34.0#44.0#VAR 104 0 0.821712 0.178288 
 ----> 1.3#6.6#34.0#44.0#VAR 105 0 0.794758 0.205242 
 ----> 1.3#6.6#34.0#44.0#VAR 106 0 0.836763 0.163237 
 ----> 1.3#6.6#34.0#44.0#VAR 107 1 0.813846 0.186154 
 ----> 1.3#6.6#34.0#44.0#VAR 108 1 0.812464 0.187536 
 ----> 1.3#6.6#34.0#44.0#VAR 109 0 0.833286 0.166714 
 ----> 1.3#6.6#34.0#44.0#VAR 110 1 0.798837 0.201163 
 ----> 1.3#6.6#34.0#44.0#VAR 111 0 0.82737 0.17263 
 ----> 1.3#6.6#34.0#44.0#VAR 112 0 0.817494 0.182506 
 ----> 1.3#6.6#34.0#44.0#VAR 113 0 0.822091 0.177909 
 ----> 1.3#6.6#34.0#44.0#VAR 114 0 0.814628 0.185372 
 ----> 1.3#6.6#34.0#44.0#VAR 115 0 0.82509 0.17491 
 ----> 1.3#6.6#34.0#44.0#VAR 116 0 0.830173 0.169827 
 ----> 1.3#6.6#34.0#44.0#VAR 117 0 0.814328 0.185672 
 ----> 1.3#6.6#34.0#44.0#VAR 118 0 0.818383 0.181617 
 ----> 1.3#6.6#34.0#44.0#VAR 119 0 0.824195 0.175805 
 ----> 1.3#6.6#34.0#44.0#VAR 120 0 0.825793 0.174207 
 ----> 1.3#6.6#34.0#44.0#VAR 121 0 0.825015 0.174985 
 ----> 1.3#6.6#34.0#44.0#VAR 122 0 0.814454 0.185546 
 ----> 1.3#6.6#34.0#44.0#VAR 123 0 0.82649 0.17351 
 ----> 1.3#6.6#34.0#44.0#VAR 124 0 0.817435 0.182565 
 ----> 1.3#6.6#34.0#44.0#VAR 125 0 0.828401 0.171599 
 ----> 1.3#6.6#34.0#44.0#VAR 126 0 0.819079 0.180921 
 ----> 1.3#6.6#34.0#44.0#VAR 127 0 0.826588 0.173412 
 ----> 1.3#6.6#34.0#44.0#VAR 128 0 0.822255 0.177745 
 ----> 1.3#6.6#34.0#44.0#VAR 129 0 0.836589 0.163411 
 ----> 1.3#6.6#34.0#44.0#VAR 130 1 0.79197 0.20803 
 ----> 1.3#6.6#34.0#44.0#VAR 131 0 0.809959 0.190041 
 ----> 1.3#6.6#34.0#44.0#VAR 132 0 0.822834 0.177166 
 ----> 1.3#6.6#34.0#44.0#VAR 133 0 0.813443 0.186557 
 ----> 1.3#6.6#34.0#44.0#VAR 134 0 0.808456 0.191544 
 ----> 1.3#6.6#34.0#44.0#VAR 135 0 0.807506 0.192494 
 ----> 1.3#6.6#34.0#44.0#VAR 136 1 0.817498 0.182502 
 ----> 1.3#6.6#34.0#44.0#VAR 137 0 0.796716 0.203284 
 ----> 1.3#6.6#34.0#44.0#VAR 138 0 0.829201 0.170799 
 ----> 1.3#6.6#34.0#44.0#VAR 139 0 0.815586 0.184414 
 ----> 1.3#6.6#34.0#44.0#VAR 140 0 0.811857 0.188143 
 ----> 1.3#6.6#34.0#44.0#VAR 141 0 0.802688 0.197312 
 ----> 1.3#6.6#34.0#44.0#VAR 142 1 0.827869 0.172131 
 ----> 1.3#6.6#34.0#44.0#VAR 143 0 0.815446 0.184554 
 ----> 1.3#6.6#34.0#44.0#VAR 144 0 0.829344 0.170656 
 ----> 1.3#6.6#34.0#44.0#VAR 145 0 0.790117 0.209883 
 ----> 1.3#6.6#34.0#44.0#VAR 146 0 0.820381 0.179619 
 ----> 1.3#6.6#34.0#44.0#VAR 147 1 0.804476 0.195524 
 ----> 1.3#6.6#34.0#44.0#VAR 148 0 0.827246 0.172754 
 ----> 1.3#6.6#34.0#44.0#VAR 149 0 0.817514 0.182486 
 ----> 1.3#6.6#34.0#44.0#VAR 150 0 0.825328 0.174672 
 ----> 1.3#6.6#34.0#44.0#VAR 151 1 0.802427 0.197573 
 ----> 1.3#6.6#34.0#44.0#VAR 152 0 0.812403 0.187597 
 ----> 1.3#6.6#34.0#44.0#VAR 153 0 0.846563 0.153437 
 ----> 1.3#6.6#34.0#44.0#VAR 154 0 0.824778 0.175222 
 ----> 1.3#6.6#34.0#44.0#VAR 155 1 0.755724 0.244276 
 ----> 1.3#6.6#34.0#44.0#VAR 156 0 0.830204 0.169796 
 ----> 1.3#6.6#34.0#44.0#VAR 157 0 0.81149 0.18851 
 ----> 1.3#6.6#34.0#44.0#VAR 158 0 0.8246 0.1754 
 ----> 1.3#6.6#34.0#44.0#VAR 159 1 0.798144 0.201856 
 ----> 1.3#6.6#34.0#44.0#VAR 160 0 0.806578 0.193422 
 ----> 1.3#6.6#34.0#44.0#VAR 161 0 0.814562 0.185438 
 ----> 1.3#6.6#34.0#44.0#VAR 162 0 0.816079 0.183921 
 ----> 1.3#6.6#34.0#44.0#VAR 163 0 0.822153 0.177847 
 ----> 1.3#6.6#34.0#44.0#VAR 164 0 0.806197 0.193803 
 ----> 1.3#6.6#34.0#44.0#VAR 165 0 0.835178 0.164822 
 ----> 1.3#6.6#34.0#44.0#VAR 166 0 0.83891 0.16109 
 ----> 1.3#6.6#34.0#44.0#VAR 167 0 0.809684 0.190316 
 ----> 1.3#6.6#34.0#44.0#VAR 168 0 0.838269 0.161731 
 ----> 1.3#6.6#34.0#44.0#VAR 169 1 0.793735 0.206265 
 ----> 1.3#6.6#34.0#44.0#VAR 170 0 0.81774 0.18226 
 ----> 1.3#6.6#34.0#44.0#VAR 171 0 0.827332 0.172668 
 ----> 1.3#6.6#34.0#44.0#VAR 172 0 0.831091 0.168909 
 ----> 1.3#6.6#34.0#44.0#VAR 173 1 0.795827 0.204173 
 ----> 1.3#6.6#34.0#44.0#VAR 174 1 0.816581 0.183419 
 ----> 1.3#6.6#34.0#44.0#VAR 175 1 0.82382 0.17618 
 ----> 1.3#6.6#34.0#44.0#VAR 176 0 0.810724 0.189276 
 ----> 1.3#6.6#34.0#44.0#VAR 177 0 0.835242 0.164758 
 ----> 1.3#6.6#34.0#44.0#VAR 178 0 0.833548 0.166452 
 ----> 1.3#6.6#34.0#44.0#VAR 179 1 0.832545 0.167455 
 ----> 1.3#6.6#34.0#44.0#VAR 180 0 0.823786 0.176214 
 ----> 1.3#6.6#34.0#44.0#VAR 181 1 0.823827 0.176173 
 ----> 1.3#6.6#34.0#44.0#VAR 182 0 0.82991 0.17009 
 ----> 1.3#6.6#34.0#44.0#VAR 183 0 0.823445 0.176555 
 ----> 1.3#6.6#34.0#44.0#VAR 184 1 0.807277 0.192723 
 ----> 1.3#6.6#34.0#44.0#VAR 185 0 0.83123 0.16877 
 ----> 1.3#6.6#34.0#44.0#VAR 186 0 0.82584 0.17416 
 ----> 1.3#6.6#34.0#44.0#VAR 187 1 0.807861 0.192139 
 ----> 1.3#6.6#34.0#44.0#VAR 188 0 0.820021 0.179979 
 ----> 1.3#6.6#34.0#44.0#VAR 189 0 0.803513 0.196487 
 ----> 1.3#6.6#34.0#44.0#VAR 190 0 0.809981 0.190019 
 ----> 1.3#6.6#34.0#44.0#VAR 191 1 0.813973 0.186027 
 ----> 1.3#6.6#34.0#44.0#VAR 192 0 0.820448 0.179552 
 ----> 1.3#6.6#34.0#44.0#VAR 193 0 0.831209 0.168791 
 ----> 1.3#6.6#34.0#44.0#VAR 194 1 0.788434 0.211566 
 ----> 1.3#6.6#34.0#44.0#VAR 195 0 0.84514 0.15486 
 ----> 1.3#6.6#34.0#44.0#VAR 196 0 0.816016 0.183984 
 ----> 1.3#6.6#34.0#44.0#VAR 197 1 0.750199 0.249801 
 ----> 1.3#6.6#34.0#44.0#VAR 198 0 0.853954 0.146046 
 ----> 1.3#6.6#34.0#44.0#VAR 199 0 0.826857 0.173143 
 ----> 1.3#6.6#34.0#44.0#VAR 200 1 0.808883 0.191117 
 ----> 1.3#6.6#34.0#44.0#VAR 201 0 0.832989 0.167011 
 ----> 1.3#6.6#34.0#44.0#VAR 202 0 0.815957 0.184043 
 ----> 1.3#6.6#34.0#44.0#VAR 203 0 0.826596 0.173404 
 ----> 1.3#6.6#34.0#44.0#VAR 204 1 0.811607 0.188393 
 ----> 1.3#6.6#34.0#44.0#VAR 205 0 0.832111 0.167889 
 ----> 1.3#6.6#34.0#44.0#VAR 206 0 0.822927 0.177073 
 ----> 1.3#6.6#34.0#44.0#VAR 207 0 0.835644 0.164356 
 ----> 1.3#6.6#34.0#44.0#VAR 208 0 0.785403 0.214597 
 ----> 1.3#6.6#34.0#44.0#VAR 209 1 0.740916 0.259084 
 ----> 1.3#6.6#34.0#44.0#VAR 210 1 0.747218 0.252782 
 ----> 1.3#6.6#34.0#44.0#VAR 211 1 0.735911 0.264089 
 ----> 1.3#6.6#34.0#44.0#VAR 212 0 0.821337 0.178663 
 ----> 1.3#6.6#34.0#44.0#VAR 213 0 0.815669 0.184331 
 ----> 1.3#6.6#34.0#44.0#VAR 214 0 0.820673 0.179327 
 ----> 1.3#6.6#34.0#44.0#VAR 215 0 0.824098 0.175902 
 ----> 1.3#6.6#34.0#44.0#VAR 216 0 0.823271 0.176729 
 ----> 1.3#6.6#34.0#44.0#VAR 217 1 0.79505 0.20495 
 ----> 1.3#6.6#34.0#44.0#VAR 218 0 0.808612 0.191388 
 ----> 1.3#6.6#34.0#44.0#VAR 219 0 0.815238 0.184762 
 ----> 1.3#6.6#34.0#44.0#VAR 220 0 0.823934 0.176066 
 ----> 1.3#6.6#34.0#44.0#VAR 221 0 0.833787 0.166213 
 ----> 1.3#6.6#34.0#44.0#VAR 222 0 0.808898 0.191102 
 ----> 1.3#6.6#34.0#44.0#VAR 223 0 0.837492 0.162508 
 ----> 1.3#6.6#34.0#44.0#VAR 224 0 0.824814 0.175186 
 ----> 1.3#6.6#34.0#44.0#VAR 225 0 0.830694 0.169306 
 ----> 1.3#6.6#34.0#44.0#VAR 226 0 0.829234 0.170766 
 ----> 1.3#6.6#34.0#44.0#VAR 227 0 0.82239 0.17761 
 ----> 1.3#6.6#34.0#44.0#VAR 228 0 0.841367 0.158633 
 ----> 1.3#6.6#34.0#44.0#VAR 229 0 0.827688 0.172312 
 ----> 1.3#6.6#34.0#44.0#VAR 230 0 0.815145 0.184855 
 ----> 1.3#6.6#34.0#44.0#VAR 231 0 0.826598 0.173402 
 ----> 1.3#6.6#34.0#44.0#VAR 232 0 0.820707 0.179293 
 ----> 1.3#6.6#34.0#44.0#VAR 233 0 0.827445 0.172555 
 ----> 1.3#6.6#34.0#44.0#VAR 234 0 0.832051 0.167949 
 ----> 1.3#6.6#34.0#44.0#VAR 235 0 0.786623 0.213377 
 ----> 1.3#6.6#34.0#44.0#VAR 236 0 0.789771 0.210229 
 ----> 1.3#6.6#34.0#44.0#VAR 237 0 0.812428 0.187572 
 ----> 1.3#6.6#34.0#44.0#VAR 238 0 0.821435 0.178565 
 ----> 1.3#6.6#34.0#44.0#VAR 239 0 0.825777 0.174223 
 ----> 1.3#6.6#34.0#44.0#VAR 240 0 0.806221 0.193779 
 ----> 1.3#6.6#34.0#44.0#VAR 241 0 0.826569 0.173431 
 ----> 1.3#6.6#34.0#44.0#VAR 242 0 0.808712 0.191288 
 ----> 1.3#6.6#34.0#44.0#VAR 243 0 0.828341 0.171659 
 ----> 1.3#6.6#34.0#44.0#VAR 244 0 0.819562 0.180438 
 ----> 1.3#6.6#34.0#44.0#VAR 245 0 0.828657 0.171343 
 ----> 1.3#6.6#34.0#44.0#VAR 246 0 0.816214 0.183786 
 ----> 1.3#6.6#34.0#44.0#VAR 247 0 0.822506 0.177494 
 ----> 1.3#6.6#34.0#44.0#VAR 248 1 0.820535 0.179465 
 ----> 1.3#6.6#34.0#44.0#VAR 249 0 0.827244 0.172756 
 ----> 1.3#6.6#34.0#44.0#VAR 250 1 0.800817 0.199183 
 ----> 1.3#6.6#34.0#44.0#VAR 251 0 0.835179 0.164821 
 ----> 1.3#6.6#34.0#44.0#VAR 252 0 0.818591 0.181409 
 ----> 1.3#6.6#34.0#44.0#VAR 253 0 0.804807 0.195193 
 ----> 1.3#6.6#34.0#44.0#VAR 254 0 0.812807 0.187193 
 ----> 1.3#6.6#34.0#44.0#VAR 255 0 0.821147 0.178853 
 ----> 1.3#6.6#34.0#44.0#VAR 256 0 0.821376 0.178624 
 ----> 1.3#6.6#34.0#44.0#VAR 257 0 0.809161 0.190839 
 ----> 1.3#6.6#34.0#44.0#VAR 258 0 0.818227 0.181773 
 ----> 1.3#6.6#34.0#44.0#VAR 259 1 0.830122 0.169878 
 ----> 1.3#6.6#34.0#44.0#VAR 260 0 0.820833 0.179167 
 ----> 1.3#6.6#34.0#44.0#VAR 261 0 0.825066 0.174934 
 ----> 1.3#6.6#34.0#44.0#VAR 262 0 0.819142 0.180858 
 ----> 1.3#6.6#34.0#44.0#VAR 263 0 0.8286 0.1714 
 ----> 1.3#6.6#34.0#44.0#VAR 264 0 0.828908 0.171092 
 ----> 1.3#6.6#34.0#44.0#VAR 265 0 0.82426 0.17574 
 ----> 1.3#6.6#34.0#44.0#VAR 266 0 0.833401 0.166599 
 ----> 1.3#6.6#34.0#44.0#VAR 267 0 0.82091 0.17909 
 ----> 1.3#6.6#34.0#44.0#VAR 268 0 0.802651 0.197349 
 ----> 1.3#6.6#34.0#44.0#VAR 269 0 0.821792 0.178208 
 ----> 1.3#6.6#34.0#44.0#VAR 270 0 0.825749 0.174251 
 ----> 1.3#6.6#34.0#44.0#VAR 271 0 0.823259 0.176741 
 ----> 1.3#6.6#34.0#44.0#VAR 272 0 0.804447 0.195553 
 ----> 1.3#6.6#34.0#44.0#VAR 273 0 0.820452 0.179548 
 ----> 1.3#6.6#34.0#44.0#VAR 274 1 0.806337 0.193663 
 ----> 1.3#6.6#34.0#44.0#VAR 275 0 0.817359 0.182641 
 ----> 1.3#6.6#34.0#44.0#VAR 276 0 0.833684 0.166316 
 ----> 1.3#6.6#34.0#44.0#VAR 277 0 0.833929 0.166071 
 ----> 1.3#6.6#34.0#44.0#VAR 278 0 0.823489 0.176511 
 ----> 1.3#6.6#34.0#44.0#VAR 279 0 0.827409 0.172591 
 ----> 1.3#6.6#34.0#44.0#VAR 280 0 0.792961 0.207039 
 ----> 1.3#6.6#34.0#44.0#VAR 281 0 0.824285 0.175715 
 ----> 1.3#6.6#34.0#44.0#VAR 282 0 0.818197 0.181803 
 ----> 1.3#6.6#34.0#44.0#VAR 283 0 0.83347 0.16653 
 ----> 1.3#6.6#34.0#44.0#VAR 284 0 0.832054 0.167946 
 ----> 1.3#6.6#34.0#44.0#VAR 285 0 0.831107 0.168893 
 ----> 1.3#6.6#34.0#44.0#VAR 286 1 0.760799 0.239201 
 ----> 1.3#6.6#34.0#44.0#VAR 287 1 0.815828 0.184172 
 ----> 1.3#6.6#34.0#44.0#VAR 288 0 0.8104 0.1896 
 ----> 1.3#6.6#34.0#44.0#VAR 289 0 0.820884 0.179116 
 ----> 1.3#6.6#34.0#44.0#VAR 290 0 0.799304 0.200696 
 ----> 1.3#6.6#34.0#44.0#VAR 291 0 0.823806 0.176194 
 ----> 1.3#6.6#34.0#44.0#VAR 292 0 0.820866 0.179134 
 ----> 1.3#6.6#34.0#44.0#VAR 293 0 0.813587 0.186413 
 ----> 1.3#6.6#34.0#44.0#VAR 294 0 0.818318 0.181682 
 ----> 1.3#6.6#34.0#44.0#VAR 295 0 0.835163 0.164837 
 ----> 1.3#6.6#34.0#44.0#VAR 296 0 0.815304 0.184696 
 ----> 1.3#6.6#34.0#44.0#VAR 297 0 0.835238 0.164762 
 ----> 1.3#6.6#34.0#44.0#VAR 298 0 0.813868 0.186132 
 ----> 1.3#6.6#34.0#44.0#VAR 299 0 0.818571 0.181429 
 ----> 1.3#6.6#34.0#44.0#VAR 300 0 0.807251 0.192749 
 ----> 1.3#6.6#34.0#44.0#VAR 301 0 0.816808 0.183192 
 ----> 1.3#6.6#34.0#44.0#VAR 302 0 0.823625 0.176375 
 ----> 1.3#6.6#34.0#44.0#VAR 303 0 0.830156 0.169844 
 ----> 1.3#6.6#34.0#44.0#VAR 304 0 0.821808 0.178192 
 ----> 1.3#6.6#34.0#44.0#VAR 305 0 0.808006 0.191994 
 ----> 1.3#6.6#34.0#44.0#VAR 306 0 0.81733 0.18267 
 ----> 1.3#6.6#34.0#44.0#VAR 307 0 0.822465 0.177535 
 ----> 1.3#6.6#34.0#44.0#VAR 308 0 0.804355 0.195645 
 ----> 1.3#6.6#34.0#44.0#VAR 309 0 0.827708 0.172292 
 ----> 1.3#6.6#34.0#44.0#VAR 310 0 0.815362 0.184638 
 ----> 1.3#6.6#34.0#44.0#VAR 311 0 0.826945 0.173055 
 ----> 1.3#6.6#34.0#44.0#VAR 312 0 0.824204 0.175796 
 ----> 1.3#6.6#34.0#44.0#VAR 313 0 0.822693 0.177307 
 ----> 1.3#6.6#34.0#44.0#VAR 314 0 0.819973 0.180027 
 ----> 1.3#6.6#34.0#44.0#VAR 315 0 0.831489 0.168511 
 ----> 1.3#6.6#34.0#44.0#VAR 316 0 0.824141 0.175859 
 ----> 1.3#6.6#34.0#44.0#VAR 317 1 0.81113 0.18887 
 ----> 1.3#6.6#34.0#44.0#VAR 318 0 0.824454 0.175546 
 ----> 1.3#6.6#34.0#44.0#VAR 319 0 0.818924 0.181076 
 ----> 1.3#6.6#34.0#44.0#VAR 320 0 0.832216 0.167784 
 ----> 1.3#6.6#34.0#44.0#VAR 321 0 0.82456 0.17544 
 ----> 1.3#6.6#34.0#44.0#VAR 322 0 0.818133 0.181867 
 ----> 1.3#6.6#34.0#44.0#VAR 323 0 0.82505 0.17495 
 ----> 1.3#6.6#34.0#44.0#VAR 324 0 0.817875 0.182125 
 ----> 1.3#6.6#34.0#44.0#VAR 325 0 0.830911 0.169089 
 ----> 1.3#6.6#34.0#44.0#VAR 326 0 0.83433 0.16567 
 ----> 1.3#6.6#34.0#44.0#VAR 327 0 0.82963 0.17037 
 ----> 1.3#6.6#34.0#44.0#VAR 328 0 0.805202 0.194798 
 ----> 1.3#6.6#34.0#44.0#VAR 329 0 0.819566 0.180434 
 ----> 1.3#6.6#34.0#44.0#VAR 330 0 0.822926 0.177074 
 ----> 1.3#6.6#34.0#44.0#VAR 331 0 0.804175 0.195825 
 ----> 1.3#6.6#34.0#44.0#VAR 332 1 0.792054 0.207946 
 ----> 1.3#6.6#34.0#44.0#VAR 333 0 0.83995 0.16005 
 ----> 1.3#6.6#34.0#44.0#VAR 334 0 0.846601 0.153399 
 ----> 1.3#6.6#34.0#44.0#VAR 335 0 0.808108 0.191892 
 ----> 1.3#6.6#34.0#44.0#VAR 336 0 0.797988 0.202012 
 ----> 1.3#6.6#34.0#44.0#VAR 337 0 0.8294 0.1706 
 ----> 1.3#6.6#34.0#44.0#VAR 338 0 0.818018 0.181982 
 ----> 1.3#6.6#34.0#44.0#VAR 339 0 0.825814 0.174186 
 ----> 1.3#6.6#34.0#44.0#VAR 340 0 0.81778 0.18222 
 ----> 1.3#6.6#34.0#44.0#VAR 341 0 0.821738 0.178262 
 ----> 1.3#6.6#34.0#44.0#VAR 342 0 0.826191 0.173809 
 ----> 1.3#6.6#34.0#44.0#VAR 343 0 0.833665 0.166335 
 ----> 1.3#6.6#34.0#44.0#VAR 344 0 0.816279 0.183721 
 ----> 1.3#6.6#34.0#44.0#VAR 345 0 0.8133 0.1867 
 ----> 1.3#6.6#34.0#44.0#VAR 346 0 0.825373 0.174627 
 ----> 1.3#6.6#34.0#44.0#VAR 347 0 0.807045 0.192955 
 ----> 1.3#6.6#34.0#44.0#VAR 348 0 0.831976 0.168024 
 ----> 1.3#6.6#34.0#44.0#VAR 349 0 0.81657 0.18343 
 ----> 1.3#6.6#34.0#44.0#VAR 350 0 0.815565 0.184435 
 ----> 1.3#6.6#34.0#44.0#VAR 351 0 0.831627 0.168373 
 ----> 1.3#6.6#34.0#44.0#VAR 352 0 0.82085 0.17915 
 ----> 1.3#6.6#34.0#44.0#VAR 353 0 0.823461 0.176539 
 ----> 1.3#6.6#34.0#44.0#VAR 354 0 0.818929 0.181071 
 ----> 1.3#6.6#34.0#44.0#VAR 355 0 0.846646 0.153354 
 ----> 1.3#6.6#34.0#44.0#VAR 356 0 0.825693 0.174307 
 ----> 1.3#6.6#34.0#44.0#VAR 357 0 0.822774 0.177226 
 ----> 1.3#6.6#34.0#44.0#VAR 358 0 0.803068 0.196932 
 ----> 1.3#6.6#34.0#44.0#VAR 359 1 0.812268 0.187732 
 ----> 1.3#6.6#34.0#44.0#VAR 360 0 0.820409 0.179591 
 ----> 1.3#6.6#34.0#44.0#VAR 361 1 0.817533 0.182467 
 ----> 1.3#6.6#34.0#44.0#VAR 362 0 0.81883 0.18117 
 ----> 1.3#6.6#34.0#44.0#VAR 363 0 0.830894 0.169106 
 ----> 1.3#6.6#34.0#44.0#VAR 364 0 0.823538 0.176462 
 ----> 1.3#6.6#34.0#44.0#VAR 365 0 0.825909 0.174091 
 ----> 1.3#6.6#34.0#44.0#VAR 366 0 0.822677 0.177323 
 ----> 1.3#6.6#34.0#44.0#VAR 367 0 0.821249 0.178751 
 ----> 1.3#6.6#34.0#44.0#VAR 368 0 0.813663 0.186337 
 ----> 1.3#6.6#34.0#44.0#VAR 369 0 0.83222 0.16778 
 ----> 1.3#6.6#34.0#44.0#VAR 370 0 0.816704 0.183296 
 ----> 1.3#6.6#34.0#44.0#VAR 371 1 0.8068 0.1932 
 ----> 1.3#6.6#34.0#44.0#VAR 372 0 0.825501 0.174499 
 ----> 1.3#6.6#34.0#44.0#VAR 373 0 0.806967 0.193033 
 ----> 1.3#6.6#34.0#44.0#VAR 374 0 0.817442 0.182558 
 ----> 1.3#6.6#34.0#44.0#VAR 375 1 0.827719 0.172281 
 ----> 1.3#6.6#34.0#44.0#VAR 376 0 0.819672 0.180328 
 ----> 1.3#6.6#34.0#44.0#VAR 377 0 0.829387 0.170613 
 ----> 1.3#6.6#34.0#44.0#VAR 378 0 0.828638 0.171362 
 ----> 1.3#6.6#34.0#44.0#VAR 379 0 0.813784 0.186216 
 ----> 1.3#6.6#34.0#44.0#VAR 380 0 0.82294 0.17706 
 ----> 1.3#6.6#34.0#44.0#VAR 381 0 0.824354 0.175646 
 ----> 1.3#6.6#34.0#44.0#VAR 382 0 0.813363 0.186637 
 ----> 1.3#6.6#34.0#44.0#VAR 383 0 0.83557 0.16443 
 ----> 1.3#6.6#34.0#44.0#VAR 384 0 0.806342 0.193658 
 ----> 1.3#6.6#34.0#44.0#VAR 385 0 0.82393 0.17607 
 ----> 1.3#6.6#34.0#44.0#VAR 386 0 0.810886 0.189114 
 ----> 1.3#6.6#34.0#44.0#VAR 387 0 0.82834 0.17166 
 ----> 1.3#6.6#34.0#44.0#VAR 388 1 0.78844 0.21156 
 ----> 1.3#6.6#34.0#44.0#VAR 389 0 0.829724 0.170276 
 ----> 1.3#6.6#34.0#44.0#VAR 390 0 0.816455 0.183545 
 ----> 1.3#6.6#34.0#44.0#VAR 391 1 0.810183 0.189817 
 ----> 1.3#6.6#34.0#44.0#VAR 392 0 0.829063 0.170937 
 ----> 1.3#6.6#34.0#44.0#VAR 393 0 0.817508 0.182492 
 ----> 1.3#6.6#34.0#44.0#VAR 394 0 0.807464 0.192536 
 ----> 1.3#6.6#34.0#44.0#VAR 395 1 0.821383 0.178617 
 ----> 1.3#6.6#34.0#44.0#VAR 396 0 0.819344 0.180656 
 ----> 1.3#6.6#34.0#44.0#VAR 397 0 0.818895 0.181105 
 ----> 1.3#6.6#34.0#44.0#VAR 398 0 0.831853 0.168147 
 ----> 1.3#6.6#34.0#44.0#VAR 399 1 0.818953 0.181047 
 ----> 1.3#6.6#34.0#44.0#VAR 400 0 0.826376 0.173624 
 ----> 1.3#6.6#34.0#44.0#VAR 401 0 0.824494 0.175506 
 ----> 1.3#6.6#34.0#44.0#VAR 402 1 0.809227 0.190773 
 ----> 1.3#6.6#34.0#44.0#VAR 403 1 0.820365 0.179635 
 ----> 1.3#6.6#34.0#44.0#VAR 404 0 0.827082 0.172918 
 ----> 1.3#6.6#34.0#44.0#VAR 405 0 0.828085 0.171915 
 ----> 1.3#6.6#34.0#44.0#VAR 406 0 0.823769 0.176231 
 ----> 1.3#6.6#34.0#44.0#VAR 407 0 0.828495 0.171505 
 ----> 1.3#6.6#34.0#44.0#VAR 408 0 0.806059 0.193941 
 ----> 1.3#6.6#34.0#44.0#VAR 409 1 0.78352 0.21648 
 ----> 1.3#6.6#34.0#44.0#VAR 410 0 0.84047 0.15953 
 ----> 1.3#6.6#34.0#44.0#VAR 411 0 0.829044 0.170956 
 ----> 1.3#6.6#34.0#44.0#VAR 412 0 0.816543 0.183457 
 ----> 1.3#6.6#34.0#44.0#VAR 413 0 0.816645 0.183355 
 ----> 1.3#6.6#34.0#44.0#VAR 414 0 0.825361 0.174639 
 ----> 1.3#6.6#34.0#44.0#VAR 415 0 0.82382 0.17618 
 ----> 1.3#6.6#34.0#44.0#VAR 416 0 0.823942 0.176058 
 ----> 1.3#6.6#34.0#44.0#VAR 417 0 0.827611 0.172389 
 ----> 1.3#6.6#34.0#44.0#VAR 418 0 0.840577 0.159423 
 ----> 1.3#6.6#34.0#44.0#VAR 419 0 0.821769 0.178231 
 ----> 1.3#6.6#34.0#44.0#VAR 420 0 0.814416 0.185584 
 ----> 1.3#6.6#34.0#44.0#VAR 421 0 0.809616 0.190384 
 ----> 1.3#6.6#34.0#44.0#VAR 422 0 0.825245 0.174755 
 ----> 1.3#6.6#34.0#44.0#VAR 423 1 0.7927 0.2073 
 ----> 1.3#6.6#34.0#44.0#VAR 424 0 0.799786 0.200214 
 ----> 1.3#6.6#34.0#44.0#VAR 425 0 0.837042 0.162958 
 ----> 1.3#6.6#34.0#44.0#VAR 426 0 0.823572 0.176428 
 ----> 1.3#6.6#34.0#44.0#VAR 427 0 0.818966 0.181034 
 ----> 1.3#6.6#34.0#44.0#VAR 428 0 0.819903 0.180097 
 ----> 1.3#6.6#34.0#44.0#VAR 429 1 0.816254 0.183746 
 ----> 1.3#6.6#34.0#44.0#VAR 430 1 0.816481 0.183519 
 ----> 1.3#6.6#34.0#44.0#VAR 431 1 0.801984 0.198016 
 ----> 1.3#6.6#34.0#44.0#VAR 432 0 0.811943 0.188057 
 ----> 1.3#6.6#34.0#44.0#VAR 433 0 0.827926 0.172074 
 ----> 1.3#6.6#34.0#44.0#VAR 434 0 0.822568 0.177432 
 ----> 1.3#6.6#34.0#44.0#VAR 435 0 0.813217 0.186783 
 ----> 1.3#6.6#34.0#44.0#VAR 436 0 0.820173 0.179827 
 ----> 1.3#6.6#34.0#44.0#VAR 437 0 0.82083 0.17917 
 ----> 1.3#6.6#34.0#44.0#VAR 438 0 0.808641 0.191359 
 ----> 1.3#6.6#34.0#44.0#VAR 439 1 0.819998 0.180002 
 ----> 1.3#6.6#34.0#44.0#VAR 440 0 0.8369 0.1631 
 ----> 1.3#6.6#34.0#44.0#VAR 441 0 0.812178 0.187822 
 ----> 1.3#6.6#34.0#44.0#VAR 442 0 0.826002 0.173998 
 ----> 1.3#6.6#34.0#44.0#VAR 443 1 0.810432 0.189568 
 ----> 1.3#6.6#34.0#44.0#VAR 444 1 0.815481 0.184519 
 ----> 1.3#6.6#34.0#44.0#VAR 445 0 0.810129 0.189871 
 ----> 1.3#6.6#34.0#44.0#VAR 446 0 0.819343 0.180657 
 ----> 1.3#6.6#34.0#44.0#VAR 447 0 0.829617 0.170383 
 ----> 1.3#6.6#34.0#44.0#VAR 448 0 0.810381 0.189619 
 ----> 1.3#6.6#34.0#44.0#VAR 449 0 0.83665 0.16335 
 ----> 1.3#6.6#34.0#44.0#VAR 450 0 0.836976 0.163024 
 ----> 1.3#6.6#34.0#44.0#VAR 451 0 0.814206 0.185794 
 ----> 1.3#6.6#34.0#44.0#VAR 452 0 0.831355 0.168645 
 ----> 1.3#6.6#34.0#44.0#VAR 453 0 0.815237 0.184763 
 ----> 1.3#6.6#34.0#44.0#VAR 454 0 0.813927 0.186073 
 ----> 1.3#6.6#34.0#44.0#VAR 455 0 0.829647 0.170353 
 ----> 1.3#6.6#34.0#44.0#VAR 456 0 0.808024 0.191976 
 ----> 1.3#6.6#34.0#44.0#VAR 457 0 0.835621 0.164379 
 ----> 1.3#6.6#34.0#44.0#VAR 458 0 0.819301 0.180699 
 ----> 1.3#6.6#34.0#44.0#VAR 459 0 0.838081 0.161919 
 ----> 1.3#6.6#34.0#44.0#VAR 460 0 0.824851 0.175149 
 ----> 1.3#6.6#34.0#44.0#VAR 461 0 0.82444 0.17556 
 ----> 1.3#6.6#34.0#44.0#VAR 462 0 0.820901 0.179099 
 ----> 1.3#6.6#34.0#44.0#VAR 463 0 0.827299 0.172701 
 ----> 1.3#6.6#34.0#44.0#VAR 464 0 0.809506 0.190494 
 ----> 1.3#6.6#34.0#44.0#VAR 465 0 0.828919 0.171081 
 ----> 1.3#6.6#34.0#44.0#VAR 466 0 0.79999 0.20001 
 ----> 1.3#6.6#34.0#44.0#VAR 467 0 0.83962 0.16038 
 ----> 1.3#6.6#34.0#44.0#VAR 468 0 0.814932 0.185068 
 ----> 1.3#6.6#34.0#44.0#VAR 469 0 0.817879 0.182121 
 ----> 1.3#6.6#34.0#44.0#VAR 470 0 0.824578 0.175422 
 ----> 1.3#6.6#34.0#44.0#VAR 471 0 0.812162 0.187838 
 ----> 1.3#6.6#34.0#44.0#VAR 472 0 0.829154 0.170846 
 ----> 1.3#6.6#34.0#44.0#VAR 473 0 0.840319 0.159681 
 ----> 1.3#6.6#34.0#44.0#VAR 474 0 0.81709 0.18291 
 ----> 1.3#6.6#34.0#44.0#VAR 475 0 0.825681 0.174319 
 ----> 1.3#6.6#34.0#44.0#VAR 476 0 0.813428 0.186572 
 ----> 1.3#6.6#34.0#44.0#VAR 477 0 0.83487 0.16513 
 ----> 1.3#6.6#34.0#44.0#VAR 478 0 0.822384 0.177616 
 ----> 1.3#6.6#34.0#44.0#VAR 479 0 0.824797 0.175203 
 ----> 1.3#6.6#34.0#44.0#VAR 480 0 0.802355 0.197645 
 ----> 1.3#6.6#34.0#44.0#VAR 481 0 0.818377 0.181623 
 ----> 1.3#6.6#34.0#44.0#VAR 482 0 0.822544 0.177456 
 ----> 1.3#6.6#34.0#44.0#VAR 483 1 0.802773 0.197227 
 ----> 1.3#6.6#34.0#44.0#VAR 484 0 0.815396 0.184604 
 ----> 1.3#6.6#34.0#44.0#VAR 485 0 0.823957 0.176043 
 ----> 1.3#6.6#34.0#44.0#VAR 486 0 0.816583 0.183417 
 ----> 1.3#6.6#34.0#44.0#VAR 487 0 0.827978 0.172022 
 ----> 1.3#6.6#34.0#44.0#VAR 488 0 0.822504 0.177496 
 ----> 1.3#6.6#34.0#44.0#VAR 489 0 0.830909 0.169091 
 ----> 1.3#6.6#34.0#44.0#VAR 490 0 0.804439 0.195561 
 ----> 1.3#6.6#34.0#44.0#VAR 491 0 0.846616 0.153384 
 ----> 1.3#6.6#34.0#44.0#VAR 492 0 0.826051 0.173949 
 ----> 1.3#6.6#34.0#44.0#VAR 493 1 0.810926 0.189074 
 ----> 1.3#6.6#34.0#44.0#VAR 494 0 0.819575 0.180425 
 ----> 1.3#6.6#34.0#44.0#VAR 495 0 0.812735 0.187265 
 ----> 1.3#6.6#34.0#44.0#VAR 496 0 0.819589 0.180411 
 ----> 1.3#6.6#34.0#44.0#VAR 497 1 0.823759 0.176241 
 ----> 1.3#6.6#34.0#44.0#VAR 498 0 0.809123 0.190877 
 ----> 1.3#6.6#34.0#44.0#VAR 499 1 0.799505 0.200495 
 ----> 1.3#6.6#34.0#44.0#VAR 500 0 0.824279 0.175721 
 ----> 1.3#6.6#34.0#44.0#VAR 501 0 0.827998 0.172002 
 ----> 1.3#6.6#34.0#44.0#VAR 502 1 0.821843 0.178157 
 ----> 1.3#6.6#34.0#44.0#VAR 503 0 0.828739 0.171261 
 ----> 1.3#6.6#34.0#44.0#VAR 504 1 0.810428 0.189572 
 ----> 1.3#6.6#34.0#44.0#VAR 505 0 0.826167 0.173833 
 ----> 1.3#6.6#34.0#44.0#VAR 506 0 0.811046 0.188954 
 ----> 1.3#6.6#34.0#44.0#VAR 507 0 0.820676 0.179324 
 ----> 1.3#6.6#34.0#44.0#VAR 508 0 0.808496 0.191504 
 ----> 1.3#6.6#34.0#44.0#VAR 509 0 0.822128 0.177872 
 ----> 1.3#6.6#34.0#44.0#VAR 510 0 0.814227 0.185773 
 ----> 1.3#6.6#34.0#44.0#VAR 511 1 0.804692 0.195308 
 ----> 1.3#6.6#34.0#44.0#VAR 512 0 0.820026 0.179974 
 ----> 1.3#6.6#34.0#44.0#VAR 513 0 0.815721 0.184279 
 ----> 1.3#6.6#34.0#44.0#VAR 514 0 0.813445 0.186555 
 ----> 1.3#6.6#34.0#44.0#VAR 515 0 0.822475 0.177525 
 ----> 1.3#6.6#34.0#44.0#VAR 516 1 0.783472 0.216528 
 ----> 1.3#6.6#34.0#44.0#VAR 517 0 0.822243 0.177757 
 ----> 1.3#6.6#34.0#44.0#VAR 518 0 0.810588 0.189412 
 ----> 1.3#6.6#34.0#44.0#VAR 519 0 0.829103 0.170897 
 ----> 1.3#6.6#34.0#44.0#VAR 520 0 0.808509 0.191491 
 ----> 1.3#6.6#34.0#44.0#VAR 521 0 0.826452 0.173548 
 ----> 1.3#6.6#34.0#44.0#VAR 522 0 0.815807 0.184193 
 ----> 1.3#6.6#34.0#44.0#VAR 523 0 0.830641 0.169359 
 ----> 1.3#6.6#34.0#44.0#VAR 524 0 0.820866 0.179134 
 ----> 1.3#6.6#34.0#44.0#VAR 525 0 0.814171 0.185829 
 ----> 1.3#6.6#34.0#44.0#VAR 526 0 0.836378 0.163622 
 ----> 1.3#6.6#34.0#44.0#VAR 527 1 0.805908 0.194092 
 ----> 1.3#6.6#34.0#44.0#VAR 528 1 0.801705 0.198295 
 ----> 1.3#6.6#34.0#44.0#VAR 529 0 0.817584 0.182416 
 ----> 1.3#6.6#34.0#44.0#VAR 530 0 0.817214 0.182786 
 ----> 1.3#6.6#34.0#44.0#VAR 531 0 0.820757 0.179243 
 ----> 1.3#6.6#34.0#44.0#VAR 532 0 0.805706 0.194294 
 ----> 1.3#6.6#34.0#44.0#VAR 533 0 0.81414 0.18586 
 ----> 1.3#6.6#34.0#44.0#VAR 534 0 0.819978 0.180022 
 ----> 1.3#6.6#34.0#44.0#VAR 535 0 0.814946 0.185054 
 ----> 1.3#6.6#34.0#44.0#VAR 536 0 0.829626 0.170374 
 ----> 1.3#6.6#34.0#44.0#VAR 537 0 0.822469 0.177531 
 ----> 1.3#6.6#34.0#44.0#VAR 538 0 0.806275 0.193725 
 ----> 1.3#6.6#34.0#44.0#VAR 539 1 0.803127 0.196873 
 ----> 1.3#6.6#34.0#44.0#VAR 540 1 0.800721 0.199279 
 ----> 1.3#6.6#34.0#44.0#VAR 541 1 0.816016 0.183984 
 ----> 1.3#6.6#34.0#44.0#VAR 542 1 0.803786 0.196214 
 ----> 1.3#6.6#34.0#44.0#VAR 543 0 0.818279 0.181721 
 ----> 1.3#6.6#34.0#44.0#VAR 544 0 0.813363 0.186637 
 ----> 1.3#6.6#34.0#44.0#VAR 545 0 0.817008 0.182992 
 ----> 1.3#6.6#34.0#44.0#VAR 546 0 0.813535 0.186465 
 ----> 1.3#6.6#34.0#44.0#VAR 547 0 0.812787 0.187213 
 ----> 1.3#6.6#34.0#44.0#VAR 548 0 0.820134 0.179866 
 ----> 1.3#6.6#34.0#44.0#VAR 549 1 0.808336 0.191664 
 ----> 1.3#6.6#34.0#44.0#VAR 550 0 0.799681 0.200319 
 ----> 1.3#6.6#34.0#44.0#VAR 551 0 0.817889 0.182111 
 ----> 1.3#6.6#34.0#44.0#VAR 552 0 0.81291 0.18709 
 ----> 1.3#6.6#34.0#44.0#VAR 553 0 0.809584 0.190416 
 ----> 1.3#6.6#34.0#44.0#VAR 554 0 0.813119 0.186881 
 ----> 1.3#6.6#34.0#44.0#VAR 555 0 0.804641 0.195359 
 ----> 1.3#6.6#34.0#44.0#VAR 556 0 0.815463 0.184537 
 ----> 1.3#6.6#34.0#44.0#VAR 557 1 0.815214 0.184786 
 ----> 1.3#6.6#34.0#44.0#VAR 558 0 0.81898 0.18102 
 ----> 1.3#6.6#34.0#44.0#VAR 559 0 0.820563 0.179437 
 ----> 1.3#6.6#34.0#44.0#VAR 560 0 0.817904 0.182096 
 ----> 1.3#6.6#34.0#44.0#VAR 561 0 0.818746 0.181254 
 ----> 1.3#6.6#34.0#44.0#VAR 562 0 0.809978 0.190022 
 ----> 1.3#6.6#34.0#44.0#VAR 563 0 0.800868 0.199132 
 ----> 1.3#6.6#34.0#44.0#VAR 564 0 0.808699 0.191301 
 ----> 1.3#6.6#34.0#44.0#VAR 565 1 0.794752 0.205248 
 ----> 1.3#6.6#34.0#44.0#VAR 566 0 0.812513 0.187487 
 ----> 1.3#6.6#34.0#44.0#VAR 567 0 0.806564 0.193436 
 ----> 1.3#6.6#34.0#44.0#VAR 568 0 0.815891 0.184109 
 ----> 1.3#6.6#34.0#44.0#VAR 569 0 0.826539 0.173461 
 ----> 1.3#6.6#34.0#44.0#VAR 570 0 0.794053 0.205947 
 ----> 1.3#6.6#34.0#44.0#VAR 571 0 0.807052 0.192948 
 ----> 1.3#6.6#34.0#44.0#VAR 572 0 0.79982 0.20018 
 ----> 1.3#6.6#34.0#44.0#VAR 573 0 0.810843 0.189157 
 ----> 1.3#6.6#34.0#44.0#VAR 574 1 0.807846 0.192154 
 ----> 1.3#6.6#34.0#44.0#VAR 575 0 0.811684 0.188316 
 ----> 1.3#6.6#34.0#44.0#VAR 576 1 0.808998 0.191002 
 ----> 1.3#6.6#34.0#44.0#VAR 577 0 0.79985 0.20015 
 ----> 1.3#6.6#34.0#44.0#VAR 578 0 0.827299 0.172701 
 ----> 1.3#6.6#34.0#44.0#VAR 579 0 0.805025 0.194975 
 ----> 1.3#6.6#34.0#44.0#VAR 580 0 0.816694 0.183306 
 ----> 1.3#6.6#34.0#44.0#VAR 581 0 0.801833 0.198167 
 ----> 1.3#6.6#34.0#44.0#VAR 582 0 0.812506 0.187494 
 ----> 1.3#6.6#34.0#44.0#VAR 583 0 0.814784 0.185216 
 ----> 1.3#6.6#34.0#44.0#VAR 584 1 0.803081 0.196919 
 ----> 1.3#6.6#34.0#44.0#VAR 585 0 0.80721 0.19279 
 ----> 1.3#6.6#34.0#44.0#VAR 586 0 0.81802 0.18198 
 ----> 1.3#6.6#34.0#44.0#VAR 587 0 0.802381 0.197619 
 ----> 1.3#6.6#34.0#44.0#VAR 588 0 0.816572 0.183428 
 ----> 1.3#6.6#34.0#44.0#VAR 589 0 0.823201 0.176799 
 ----> 1.3#6.6#34.0#44.0#VAR 590 0 0.817159 0.182841 
 ----> 1.3#6.6#34.0#44.0#VAR 591 0 0.812034 0.187966 
 ----> 1.3#6.6#34.0#44.0#VAR 592 0 0.799729 0.200271 
 ----> 1.3#6.6#34.0#44.0#VAR 593 0 0.805982 0.194018 
 ----> 1.3#6.6#34.0#44.0#VAR 594 0 0.807647 0.192353 
 ----> 1.3#6.6#34.0#44.0#VAR 595 0 0.81285 0.18715 
 ----> 1.3#6.6#34.0#44.0#VAR 596 0 0.815739 0.184261 
 ----> 1.3#6.6#34.0#44.0#VAR 597 0 0.799152 0.200848 
 ----> 1.3#6.6#34.0#44.0#VAR 598 0 0.809038 0.190962 
 ----> 1.3#6.6#34.0#44.0#VAR 599 0 0.80571 0.19429 
 ----> 1.3#6.6#34.0#44.0#VAR 600 0 0.805531 0.194469 
 ----> 1.3#6.6#34.0#44.0#VAR 601 0 0.819587 0.180413 
 ----> 1.3#6.6#34.0#44.0#VAR 602 0 0.809954 0.190046 
 ----> 1.3#6.6#34.0#44.0#VAR 603 0 0.808493 0.191507 
 ----> 1.3#6.6#34.0#44.0#VAR 604 1 0.795767 0.204233 
 ----> 1.3#6.6#34.0#44.0#VAR 605 0 0.806445 0.193555 
 ----> 1.3#6.6#34.0#44.0#VAR 606 0 0.798226 0.201774 
 ----> 1.3#6.6#34.0#44.0#VAR 607 0 0.816796 0.183204 
 ----> 1.3#6.6#34.0#44.0#VAR 608 0 0.793515 0.206485 
 ----> 1.3#6.6#34.0#44.0#VAR 609 0 0.820212 0.179788 
 ----> 1.3#6.6#34.0#44.0#VAR 610 0 0.799962 0.200038 
 ----> 1.3#6.6#34.0#44.0#VAR 611 0 0.802067 0.197933 
 ----> 1.3#6.6#34.0#44.0#VAR 612 1 0.78013 0.21987 
 ----> 1.3#6.6#34.0#44.0#VAR 613 0 0.798737 0.201263 
 ----> 1.3#6.6#34.0#44.0#VAR 614 0 0.815318 0.184682 
 ----> 1.3#6.6#34.0#44.0#VAR 615 0 0.799046 0.200954 
 ----> 1.3#6.6#34.0#44.0#VAR 616 1 0.789994 0.210006 
 ----> 1.3#6.6#34.0#44.0#VAR 617 0 0.817909 0.182091 
 ----> 1.3#6.6#34.0#44.0#VAR 618 0 0.803542 0.196458 
 ----> 1.3#6.6#34.0#44.0#VAR 619 0 0.828461 0.171539 
 ----> 1.3#6.6#34.0#44.0#VAR 620 0 0.808825 0.191175 
 ----> 1.3#6.6#34.0#44.0#VAR 621 0 0.820514 0.179486 
 ----> 1.3#6.6#34.0#44.0#VAR 622 0 0.816028 0.183972 
 ----> 1.3#6.6#34.0#44.0#VAR 623 1 0.77844 0.22156 
 ----> 1.3#6.6#34.0#44.0#VAR 624 0 0.807064 0.192936 
 ----> 1.3#6.6#34.0#44.0#VAR 625 0 0.814812 0.185188 
 ----> 1.3#6.6#34.0#44.0#VAR 626 0 0.81895 0.18105 
 ----> 1.3#6.6#34.0#44.0#VAR 627 0 0.802472 0.197528 
 ----> 1.3#6.6#34.0#44.0#VAR 628 0 0.816807 0.183193 
 ----> 1.3#6.6#34.0#44.0#VAR 629 0 0.811206 0.188794 
 ----> 1.3#6.6#34.0#44.0#VAR 630 0 0.812811 0.187189 
 ----> 1.3#6.6#34.0#44.0#VAR 631 0 0.808052 0.191948 
 ----> 1.3#6.6#34.0#44.0#VAR 632 0 0.811933 0.188067 
 ----> 1.3#6.6#34.0#44.0#VAR 633 0 0.793121 0.206879 
 ----> 1.3#6.6#34.0#44.0#VAR 634 1 0.812018 0.187982 
 ----> 1.3#6.6#34.0#44.0#VAR 635 1 0.770121 0.229879 
 ----> 1.3#6.6#34.0#44.0#VAR 636 0 0.825492 0.174508 
 ----> 1.3#6.6#34.0#44.0#VAR 637 0 0.817975 0.182025 
 ----> 1.3#6.6#34.0#44.0#VAR 638 0 0.811297 0.188703 
 ----> 1.3#6.6#34.0#44.0#VAR 639 0 0.798259 0.201741 
 ----> 1.3#6.6#34.0#44.0#VAR 640 0 0.804858 0.195142 
 ----> 1.3#6.6#34.0#44.0#VAR 641 0 0.819406 0.180594 
 ----> 1.3#6.6#34.0#44.0#VAR 642 0 0.828659 0.171341 
 ----> 1.3#6.6#34.0#44.0#VAR 643 0 0.804477 0.195523 
 ----> 1.3#6.6#34.0#44.0#VAR 644 0 0.806263 0.193737 
 ----> 1.3#6.6#34.0#44.0#VAR 645 0 0.80357 0.19643 
 ----> 1.3#6.6#34.0#44.0#VAR 646 1 0.80074 0.19926 
 ----> 1.3#6.6#34.0#44.0#VAR 647 0 0.807541 0.192459 
 ----> 1.3#6.6#34.0#44.0#VAR 648 0 0.804914 0.195086 
 ----> 1.3#6.6#34.0#44.0#VAR 649 1 0.798477 0.201523 
 ----> 1.3#6.6#34.0#44.0#VAR 650 0 0.804436 0.195564 
 ----> 1.3#6.6#34.0#44.0#VAR 651 0 0.805708 0.194292 
 ----> 1.3#6.6#34.0#44.0#VAR 652 0 0.797557 0.202443 
 ----> 1.3#6.6#34.0#44.0#VAR 653 0 0.810289 0.189711 
 ----> 1.3#6.6#34.0#44.0#VAR 654 0 0.812601 0.187399 
 ----> 1.3#6.6#34.0#44.0#VAR 655 0 0.83077 0.16923 
 ----> 1.3#6.6#34.0#44.0#VAR 656 0 0.824053 0.175947 
 ----> 1.3#6.6#34.0#44.0#VAR 657 0 0.816196 0.183804 
 ----> 1.3#6.6#34.0#44.0#VAR 658 0 0.829974 0.170026 
 ----> 1.3#6.6#34.0#44.0#VAR 659 0 0.818784 0.181216 
 ----> 1.3#6.6#34.0#44.0#VAR 660 0 0.794365 0.205635 
 ----> 1.3#6.6#34.0#44.0#VAR 661 0 0.811183 0.188817 
 ----> 1.3#6.6#34.0#44.0#VAR 662 1 0.812556 0.187444 
 ----> 1.3#6.6#34.0#44.0#VAR 663 0 0.812299 0.187701 
 ----> 1.3#6.6#34.0#44.0#VAR 664 0 0.820261 0.179739 
 ----> 1.3#6.6#34.0#44.0#VAR 665 0 0.818297 0.181703 
 ----> 1.3#6.6#34.0#44.0#VAR 666 0 0.825131 0.174869 
 ----> 1.3#6.6#34.0#44.0#VAR 667 0 0.815889 0.184111 
 ----> 1.3#6.6#34.0#44.0#VAR 668 0 0.824266 0.175734 
 ----> 1.3#6.6#34.0#44.0#VAR 669 0 0.793621 0.206379 
 ----> 1.3#6.6#34.0#44.0#VAR 670 0 0.820025 0.179975 
 ----> 1.3#6.6#34.0#44.0#VAR 671 0 0.809055 0.190945 
 ----> 1.3#6.6#34.0#44.0#VAR 672 0 0.810509 0.189491 
 ----> 1.3#6.6#34.0#44.0#VAR 673 0 0.805253 0.194747 
 ----> 1.3#6.6#34.0#44.0#VAR 674 0 0.799228 0.200772 
 ----> 1.3#6.6#34.0#44.0#VAR 675 0 0.812942 0.187058 
 ----> 1.3#6.6#34.0#44.0#VAR 676 0 0.806807 0.193193 
 ----> 1.3#6.6#34.0#44.0#VAR 677 0 0.816057 0.183943 
 ----> 1.3#6.6#34.0#44.0#VAR 678 0 0.808949 0.191051 
 ----> 1.3#6.6#34.0#44.0#VAR 679 0 0.818804 0.181196 
 ----> 1.3#6.6#34.0#44.0#VAR 680 0 0.82174 0.17826 
 ----> 1.3#6.6#34.0#44.0#VAR 681 0 0.804518 0.195482 
 ----> 1.3#6.6#34.0#44.0#VAR 682 0 0.796827 0.203173 
 ----> 1.3#6.6#34.0#44.0#VAR 683 0 0.803958 0.196042 
 ----> 1.3#6.6#34.0#44.0#VAR 684 0 0.8067 0.1933 
 ----> 1.3#6.6#34.0#44.0#VAR 685 0 0.810681 0.189319 
 ----> 1.3#6.6#34.0#44.0#VAR 686 0 0.805617 0.194383 
 ----> 1.3#6.6#34.0#44.0#VAR 687 0 0.804191 0.195809 
 ----> 1.3#6.6#34.0#44.0#VAR 688 1 0.798326 0.201674 
 ----> 1.3#6.6#34.0#44.0#VAR 689 0 0.817411 0.182589 
 ----> 1.3#6.6#34.0#44.0#VAR 690 0 0.796657 0.203343 
 ----> 1.3#6.6#34.0#44.0#VAR 691 0 0.78962 0.21038 
 ----> 1.3#6.6#34.0#44.0#VAR 692 0 0.809362 0.190638 
 ----> 1.3#6.6#34.0#44.0#VAR 693 0 0.81045 0.18955 
 ----> 1.3#6.6#34.0#44.0#VAR 694 0 0.81475 0.18525 
 ----> 1.3#6.6#34.0#44.0#VAR 695 0 0.804338 0.195662 
 ----> 1.3#6.6#34.0#44.0#VAR 696 0 0.831054 0.168946 
 ----> 1.3#6.6#34.0#44.0#VAR 697 0 0.81941 0.18059 
 ----> 1.3#6.6#34.0#44.0#VAR 698 0 0.823979 0.176021 
 ----> 1.3#6.6#34.0#44.0#VAR 699 0 0.816223 0.183777 
 ----> 1.3#6.6#34.0#44.0#VAR 700 0 0.811774 0.188226 
 ----> 1.3#6.6#34.0#44.0#VAR 701 1 0.79357 0.20643 
 ----> 1.3#6.6#34.0#44.0#VAR 702 1 0.817348 0.182652 
 ----> 1.3#6.6#34.0#44.0#VAR 703 1 0.787708 0.212292 
 ----> 1.3#6.6#34.0#44.0#VAR 704 0 0.807152 0.192848 
 ----> 1.3#6.6#34.0#44.0#VAR 705 0 0.795418 0.204582 
 ----> 1.3#6.6#34.0#44.0#VAR 706 0 0.776773 0.223227 
 ----> 1.3#6.6#34.0#44.0#VAR 707 0 0.81804 0.18196 
 ----> 1.3#6.6#34.0#44.0#VAR 708 0 0.803364 0.196636 
 ----> 1.3#6.6#34.0#44.0#VAR 709 0 0.804029 0.195971 
 ----> 1.3#6.6#34.0#44.0#VAR 710 0 0.816488 0.183512 
 ----> 1.3#6.6#34.0#44.0#VAR 711 0 0.808036 0.191964 
 ----> 1.3#6.6#34.0#44.0#VAR 712 0 0.80881 0.19119 
 ----> 1.3#6.6#34.0#44.0#VAR 713 1 0.807108 0.192892 
 ----> 1.3#6.6#34.0#44.0#VAR 714 0 0.803178 0.196822 
 ----> 1.3#6.6#34.0#44.0#VAR 715 0 0.825131 0.174869 
 ----> 1.3#6.6#34.0#44.0#VAR 716 0 0.810358 0.189642 
 ----> 1.3#6.6#34.0#44.0#VAR 717 1 0.800021 0.199979 
 ----> 1.3#6.6#34.0#44.0#VAR 718 1 0.804862 0.195138 
 ----> 1.3#6.6#34.0#44.0#VAR 719 0 0.813402 0.186598 
 ----> 1.3#6.6#34.0#44.0#VAR 720 0 0.801878 0.198122 
 ----> 1.3#6.6#34.0#44.0#VAR 721 0 0.795578 0.204422 
 ----> 1.3#6.6#34.0#44.0#VAR 722 0 0.804591 0.195409 
 ----> 1.3#6.6#34.0#44.0#VAR 723 0 0.819005 0.180995 
 ----> 1.3#6.6#34.0#44.0#VAR 724 1 0.804839 0.195161 
 ----> 1.3#6.6#34.0#44.0#VAR 725 0 0.810458 0.189542 
 ----> 1.3#6.6#34.0#44.0#VAR 726 0 0.795111 0.204889 
 ----> 1.3#6.6#34.0#44.0#VAR 727 0 0.812777 0.187223 
 ----> 1.3#6.6#34.0#44.0#VAR 728 0 0.809654 0.190346 
 ----> 1.3#6.6#34.0#44.0#VAR 729 1 0.787466 0.212534 
 ----> 1.3#6.6#34.0#44.0#VAR 730 0 0.797563 0.202437 
 ----> 1.3#6.6#34.0#44.0#VAR 731 0 0.797425 0.202575 
 ----> 1.3#6.6#34.0#44.0#VAR 732 0 0.8069 0.1931 
 ----> 1.3#6.6#34.0#44.0#VAR 733 1 0.777099 0.222901 
 ----> 1.3#6.6#34.0#44.0#VAR 734 0 0.794135 0.205865 
 ----> 1.3#6.6#34.0#44.0#VAR 735 0 0.80219 0.19781 
 ----> 1.3#6.6#34.0#44.0#VAR 736 0 0.791714 0.208286 
 ----> 1.3#6.6#34.0#44.0#VAR 737 0 0.818872 0.181128 
 ----> 1.3#6.6#34.0#44.0#VAR 738 1 0.789972 0.210028 
 ----> 1.3#6.6#34.0#44.0#VAR 739 0 0.809673 0.190327 
 ----> 1.3#6.6#34.0#44.0#VAR 740 0 0.789041 0.210959 
 ----> 1.3#6.6#34.0#44.0#VAR 741 0 0.815106 0.184894 
 ----> 1.3#6.6#34.0#44.0#VAR 742 0 0.808689 0.191311 
 ----> 1.3#6.6#34.0#44.0#VAR 743 1 0.811297 0.188703 
 ----> 1.3#6.6#34.0#44.0#VAR 744 1 0.782322 0.217678 
 ----> 1.3#6.6#34.0#44.0#VAR 745 0 0.819054 0.180946 
 ----> 1.3#6.6#34.0#44.0#VAR 746 0 0.802071 0.197929 
 ----> 1.3#6.6#34.0#44.0#VAR 747 0 0.808764 0.191236 
 ----> 1.3#6.6#34.0#44.0#VAR 748 0 0.793077 0.206923 
 ----> 1.3#6.6#34.0#44.0#VAR 749 0 0.802688 0.197312 
 ----> 1.3#6.6#34.0#44.0#VAR 750 0 0.807385 0.192615 
 ----> 1.3#6.6#34.0#44.0#VAR 751 0 0.8184 0.1816 
 ----> 1.3#6.6#34.0#44.0#VAR 752 1 0.783103 0.216897 
 ----> 1.3#6.6#34.0#44.0#VAR 753 0 0.816311 0.183689 
 ----> 1.3#6.6#34.0#44.0#VAR 754 1 0.803961 0.196039 
 ----> 1.3#6.6#34.0#44.0#VAR 755 0 0.81289 0.18711 
 ----> 1.3#6.6#34.0#44.0#VAR 756 1 0.803605 0.196395 
 ----> 1.3#6.6#34.0#44.0#VAR 757 0 0.816182 0.183818 
 ----> 1.3#6.6#34.0#44.0#VAR 758 0 0.797182 0.202818 
 ----> 1.3#6.6#34.0#44.0#VAR 759 0 0.814537 0.185463 
 ----> 1.3#6.6#34.0#44.0#VAR 760 0 0.802601 0.197399 
 ----> 1.3#6.6#34.0#44.0#VAR 761 0 0.818099 0.181901 
 ----> 1.3#6.6#34.0#44.0#VAR 762 0 0.808104 0.191896 
 ----> 1.3#6.6#34.0#44.0#VAR 763 0 0.796567 0.203433 
 ----> 1.3#6.6#34.0#44.0#VAR 764 1 0.782453 0.217547 
 ----> 1.3#6.6#34.0#44.0#VAR 765 0 0.816177 0.183823 
 ----> 1.3#6.6#34.0#44.0#VAR 766 1 0.791211 0.208789 
 ----> 1.3#6.6#34.0#44.0#VAR 767 0 0.793989 0.206011 
 ----> 1.3#6.6#34.0#44.0#VAR 768 0 0.798803 0.201197 
 ----> 1.3#6.6#34.0#44.0#VAR 769 0 0.805352 0.194648 
 ----> 1.3#6.6#34.0#44.0#VAR 770 0 0.805104 0.194896 
 ----> 1.3#6.6#34.0#44.0#VAR 771 0 0.814273 0.185727 
 ----> 1.3#6.6#34.0#44.0#VAR 772 0 0.789798 0.210202 
 ----> 1.3#6.6#34.0#44.0#VAR 773 0 0.805546 0.194454 
 ----> 1.3#6.6#34.0#44.0#VAR 774 0 0.806577 0.193423 
 ----> 1.3#6.6#34.0#44.0#VAR 775 0 0.801459 0.198541 
 ----> 1.3#6.6#34.0#44.0#VAR 776 0 0.775028 0.224972 
 ----> 1.3#6.6#34.0#44.0#VAR 777 0 0.802024 0.197976 
 ----> 1.3#6.6#34.0#44.0#VAR 778 1 0.774253 0.225747 
 ----> 1.3#6.6#34.0#44.0#VAR 779 1 0.707383 0.292617 
 ----> 1.3#6.6#34.0#44.0#VAR 780 0 0.827935 0.172065 
 ----> 1.3#6.6#34.0#44.0#VAR 781 0 0.801078 0.198922 
 ----> 1.3#6.6#34.0#44.0#VAR 782 0 0.810223 0.189777 
 ----> 1.3#6.6#34.0#44.0#VAR 783 0 0.813842 0.186158 
 ----> 1.3#6.6#34.0#44.0#VAR 784 0 0.79018 0.20982 
 ----> 1.3#6.6#34.0#44.0#VAR 785 0 0.805925 0.194075 
 ----> 1.3#6.6#34.0#44.0#VAR 786 1 0.794661 0.205339 
 ----> 1.3#6.6#34.0#44.0#VAR 787 0 0.800131 0.199869 
 ----> 1.3#6.6#34.0#44.0#VAR 788 0 0.787383 0.212617 
 ----> 1.3#6.6#34.0#44.0#VAR 789 0 0.811112 0.188888 
 ----> 1.3#6.6#34.0#44.0#VAR 790 0 0.803142 0.196858 
 ----> 1.3#6.6#34.0#44.0#VAR 791 0 0.818387 0.181613 
 ----> 1.3#6.6#34.0#44.0#VAR 792 0 0.813813 0.186187 
 ----> 1.3#6.6#34.0#44.0#VAR 793 0 0.807899 0.192101 
 ----> 1.3#6.6#34.0#44.0#VAR 794 0 0.805384 0.194616 
 ----> 1.3#6.6#34.0#44.0#VAR 795 0 0.79764 0.20236 
 ----> 1.3#6.6#34.0#44.0#VAR 796 1 0.773867 0.226133 
 ----> 1.3#6.6#34.0#44.0#VAR 797 0 0.821887 0.178113 
 ----> 1.3#6.6#34.0#44.0#VAR 798 0 0.807183 0.192817 
 ----> 1.3#6.6#34.0#44.0#VAR 799 0 0.822716 0.177284 
 ----> 1.3#6.6#34.0#44.0#VAR 800 0 0.814665 0.185335 
 ----> 1.3#6.6#34.0#44.0#VAR 801 0 0.791442 0.208558 
 ----> 1.3#6.6#34.0#44.0#VAR 802 0 0.800551 0.199449 
 ----> 1.3#6.6#34.0#44.0#VAR 803 0 0.819269 0.180731 
 ----> 1.3#6.6#34.0#44.0#VAR 804 0 0.799574 0.200426 
 ----> 1.3#6.6#34.0#44.0#VAR 805 0 0.801912 0.198088 
 ----> 1.3#6.6#34.0#44.0#VAR 806 0 0.806841 0.193159 
 ----> 1.3#6.6#34.0#44.0#VAR 807 1 0.802488 0.197512 
 ----> 1.3#6.6#34.0#44.0#VAR 808 0 0.776662 0.223338 
 ----> 1.3#6.6#34.0#44.0#VAR 809 0 0.816063 0.183937 
 ----> 1.3#6.6#34.0#44.0#VAR 810 0 0.775933 0.224067 
 ----> 1.3#6.6#34.0#44.0#VAR 811 1 0.758652 0.241348 
 ----> 1.3#6.6#34.0#44.0#VAR 812 1 0.729298 0.270702 
 ----> 1.3#6.6#34.0#44.0#VAR 813 0 0.79986 0.20014 
 ----> 1.3#6.6#34.0#44.0#VAR 814 0 0.798387 0.201613 
 ----> 1.3#6.6#34.0#44.0#VAR 815 1 0.800831 0.199169 
 ----> 1.3#6.6#34.0#44.0#VAR 816 0 0.786994 0.213006 
 ----> 1.3#6.6#34.0#44.0#VAR 817 1 0.757311 0.242689 
 ----> 1.3#6.6#34.0#44.0#VAR 818 0 0.782491 0.217509 
 ----> 1.3#6.6#34.0#44.0#VAR 819 0 0.792158 0.207842 
 ----> 1.3#6.6#34.0#44.0#VAR 820 0 0.803734 0.196266 
 ----> 1.3#6.6#34.0#44.0#VAR 821 0 0.809169 0.190831 
 ----> 1.3#6.6#34.0#44.0#VAR 822 0 0.795766 0.204234 
 ----> 1.3#6.6#34.0#44.0#VAR 823 0 0.807091 0.192909 
 ----> 1.3#6.6#34.0#44.0#VAR 824 0 0.817995 0.182005 
 ----> 1.3#6.6#34.0#44.0#VAR 825 0 0.818457 0.181543 
 ----> 1.3#6.6#34.0#44.0#VAR 826 1 0.795285 0.204715 
 ----> 1.3#6.6#34.0#44.0#VAR 827 1 0.789266 0.210734 
 ----> 1.3#6.6#34.0#44.0#VAR 828 0 0.809576 0.190424 
 ----> 1.3#6.6#34.0#44.0#VAR 829 1 0.74862 0.25138 
 ----> 1.3#6.6#34.0#44.0#VAR 830 0 0.799634 0.200366 
 ----> 1.3#6.6#34.0#44.0#VAR 831 0 0.814505 0.185495 
 ----> 1.3#6.6#34.0#44.0#VAR 832 0 0.791496 0.208504 
 ----> 1.3#6.6#34.0#44.0#VAR 833 0 0.789702 0.210298 
 ----> 1.3#6.6#34.0#44.0#VAR 834 1 0.778303 0.221697 
 ----> 1.3#6.6#34.0#44.0#VAR 835 1 0.787259 0.212741 
 ----> 1.3#6.6#34.0#44.0#VAR 836 1 0.794247 0.205753 
 ----> 1.3#6.6#34.0#44.0#VAR 837 0 0.805724 0.194276 
 ----> 1.3#6.6#34.0#44.0#VAR 838 1 0.795158 0.204842 
 ----> 1.3#6.6#34.0#44.0#VAR 839 0 0.785985 0.214015 
 ----> 1.3#6.6#34.0#44.0#VAR 840 0 0.794182 0.205818 
 ----> 1.3#6.6#34.0#44.0#VAR 841 0 0.788862 0.211138 
 ----> 1.3#6.6#34.0#44.0#VAR 842 1 0.783145 0.216855 
 ----> 1.3#6.6#34.0#44.0#VAR 843 0 0.821358 0.178642 
 ----> 1.3#6.6#34.0#44.0#VAR 844 0 0.795143 0.204857 
 ----> 1.3#6.6#34.0#44.0#VAR 845 0 0.775486 0.224514 
 ----> 1.3#6.6#34.0#44.0#VAR 846 0 0.795485 0.204515 
 ----> 1.3#6.6#34.0#44.0#VAR 847 1 0.768677 0.231323 
 ----> 1.3#6.6#34.0#44.0#VAR 848 0 0.816644 0.183356 
 ----> 1.3#6.6#34.0#44.0#VAR 849 0 0.765661 0.234339 
 ----> 1.3#6.6#34.0#44.0#VAR 850 1 0.792588 0.207412 
 ----> 1.3#6.6#34.0#44.0#VAR 851 0 0.801181 0.198819 
 ----> 1.3#6.6#34.0#44.0#VAR 852 1 0.801398 0.198602 
 ----> 1.3#6.6#34.0#44.0#VAR 853 1 0.796385 0.203615 
 ----> 1.3#6.6#34.0#44.0#VAR 854 0 0.809876 0.190124 
 ----> 1.3#6.6#34.0#44.0#VAR 855 0 0.79795 0.20205 
 ----> 1.3#6.6#34.0#44.0#VAR 856 0 0.805315 0.194685 
 ----> 1.3#6.6#34.0#44.0#VAR 857 0 0.812814 0.187186 
 ----> 1.3#6.6#34.0#44.0#VAR 858 0 0.78173 0.21827 
 ----> 1.3#6.6#34.0#44.0#VAR 859 0 0.786054 0.213946 
 ----> 1.3#6.6#34.0#44.0#VAR 860 0 0.805463 0.194537 
 ----> 1.3#6.6#34.0#44.0#VAR 861 1 0.783489 0.216511 
 ----> 1.3#6.6#34.0#44.0#VAR 862 1 0.781197 0.218803 
 ----> 1.3#6.6#34.0#44.0#VAR 863 1 0.782653 0.217347 
 ----> 1.3#6.6#34.0#44.0#VAR 864 0 0.802115 0.197885 
 ----> 1.3#6.6#34.0#44.0#VAR 865 0 0.811965 0.188035 
 ----> 1.3#6.6#34.0#44.0#VAR 866 0 0.799018 0.200982 
 ----> 1.3#6.6#34.0#44.0#VAR 867 1 0.796848 0.203152 
 ----> 1.3#6.6#34.0#44.0#VAR 868 0 0.788921 0.211079 
 ----> 1.3#6.6#34.0#44.0#VAR 869 0 0.795442 0.204558 
 ----> 1.3#6.6#34.0#44.0#VAR 870 1 0.792156 0.207844 
 ----> 1.3#6.6#34.0#44.0#VAR 871 1 0.795821 0.204179 
 ----> 1.3#6.6#34.0#44.0#VAR 872 0 0.80684 0.19316 
 ----> 1.3#6.6#34.0#44.0#VAR 873 0 0.813788 0.186212 
 ----> 1.3#6.6#34.0#44.0#VAR 874 0 0.808072 0.191928 
 ----> 1.3#6.6#34.0#44.0#VAR 875 0 0.806657 0.193343 
 ----> 1.3#6.6#34.0#44.0#VAR 876 0 0.817827 0.182173 
 ----> 1.3#6.6#34.0#44.0#VAR 877 0 0.792556 0.207444 
 ----> 1.3#6.6#34.0#44.0#VAR 878 1 0.801323 0.198677 
 ----> 1.3#6.6#34.0#44.0#VAR 879 1 0.802292 0.197708 
 ----> 1.3#6.6#34.0#44.0#VAR 880 0 0.783842 0.216158 
 ----> 1.3#6.6#34.0#44.0#VAR 881 0 0.821376 0.178624 
 ----> 1.3#6.6#34.0#44.0#VAR 882 1 0.784605 0.215395 
 ----> 1.3#6.6#34.0#44.0#VAR 883 0 0.806806 0.193194 
 ----> 1.3#6.6#34.0#44.0#VAR 884 0 0.801935 0.198065 
 ----> 1.3#6.6#34.0#44.0#VAR 885 0 0.799345 0.200655 
 ----> 1.3#6.6#34.0#44.0#VAR 886 0 0.790372 0.209628 
 ----> 1.3#6.6#34.0#44.0#VAR 887 0 0.815141 0.184859 
 ----> 1.3#6.6#34.0#44.0#VAR 888 1 0.785995 0.214005 
 ----> 1.3#6.6#34.0#44.0#VAR 889 0 0.809785 0.190215 
 ----> 1.3#6.6#34.0#44.0#VAR 890 0 0.806602 0.193398 
 ----> 1.3#6.6#34.0#44.0#VAR 891 1 0.728668 0.271332 
 ----> 1.3#6.6#34.0#44.0#VAR 892 0 0.823978 0.176022 
 ----> 1.3#6.6#34.0#44.0#VAR 893 0 0.809298 0.190702 
 ----> 1.3#6.6#34.0#44.0#VAR 894 0 0.795791 0.204209 
 ----> 1.3#6.6#34.0#44.0#VAR 895 1 0.766364 0.233636 
 ----> 1.3#6.6#34.0#44.0#VAR 896 1 0.790472 0.209528 
 ----> 1.3#6.6#34.0#44.0#VAR 897 0 0.806485 0.193515 
 ----> 1.3#6.6#34.0#44.0#VAR 898 0 0.795408 0.204592 
 ----> 1.3#6.6#34.0#44.0#VAR 899 0 0.80196 0.19804 
 ----> 1.3#6.6#34.0#44.0#VAR 900 0 0.797364 0.202636 
 ----> 1.3#6.6#34.0#44.0#VAR 901 0 0.793553 0.206447 
 ----> 1.3#6.6#34.0#44.0#VAR 902 1 0.765266 0.234734 
 ----> 1.3#6.6#34.0#44.0#VAR 903 0 0.777509 0.222491 
 ----> 1.3#6.6#34.0#44.0#VAR 904 0 0.789485 0.210515 
 ----> 1.3#6.6#34.0#44.0#VAR 905 0 0.798181 0.201819 
 ----> 1.3#6.6#34.0#44.0#VAR 906 0 0.776949 0.223051 
 ----> 1.3#6.6#34.0#44.0#VAR 907 1 0.792168 0.207832 
 ----> 1.3#6.6#34.0#44.0#VAR 908 0 0.795663 0.204337 
 ----> 1.3#6.6#34.0#44.0#VAR 909 0 0.805084 0.194916 
 ----> 1.3#6.6#34.0#44.0#VAR 910 0 0.795823 0.204177 
 ----> 1.3#6.6#34.0#44.0#VAR 911 0 0.793675 0.206325 
 ----> 1.3#6.6#34.0#44.0#VAR 912 0 0.804879 0.195121 
 ----> 1.3#6.6#34.0#44.0#VAR 913 0 0.796754 0.203246 
 ----> 1.3#6.6#34.0#44.0#VAR 914 1 0.77248 0.22752 
 ----> 1.3#6.6#34.0#44.0#VAR 915 0 0.786558 0.213442 
 ----> 1.3#6.6#34.0#44.0#VAR 916 0 0.778673 0.221327 
 ----> 1.3#6.6#34.0#44.0#VAR 917 0 0.777429 0.222571 
 ----> 1.3#6.6#34.0#44.0#VAR 918 1 0.780804 0.219196 
 ----> 1.3#6.6#34.0#44.0#VAR 919 1 0.754888 0.245112 
 ----> 1.3#6.6#34.0#44.0#VAR 920 1 0.752638 0.247362 
 ----> 1.3#6.6#34.0#44.0#VAR 921 0 0.814403 0.185597 
 ----> 1.3#6.6#34.0#44.0#VAR 922 1 0.738018 0.261982 
 ----> 1.3#6.6#34.0#44.0#VAR 923 0 0.778103 0.221897 
 ----> 1.3#6.6#34.0#44.0#VAR 924 0 0.795101 0.204899 
 ----> 1.3#6.6#34.0#44.0#VAR 925 0 0.795832 0.204168 
 ----> 1.3#6.6#34.0#44.0#VAR 926 0 0.816817 0.183183 
 ----> 1.3#6.6#34.0#44.0#VAR 927 0 0.797129 0.202871 
 ----> 1.3#6.6#34.0#44.0#VAR 928 0 0.83883 0.16117 
 ----> 1.3#6.6#34.0#44.0#VAR 929 0 0.763771 0.236229 
 ----> 1.3#6.6#34.0#44.0#VAR 930 1 0.777729 0.222271 
 ----> 1.3#6.6#34.0#44.0#VAR 931 1 0.793616 0.206384 
 ----> 1.3#6.6#34.0#44.0#VAR 932 0 0.795125 0.204875 
 ----> 1.3#6.6#34.0#44.0#VAR 933 1 0.785203 0.214797 
 ----> 1.3#6.6#34.0#44.0#VAR 934 1 0.756514 0.243486 
 ----> 1.3#6.6#34.0#44.0#VAR 935 1 0.790528 0.209472 
 ----> 1.3#6.6#34.0#44.0#VAR 936 0 0.766858 0.233142 
 ----> 1.3#6.6#34.0#44.0#VAR 937 1 0.731881 0.268119 
 ----> 1.3#6.6#34.0#44.0#VAR 938 0 0.819721 0.180279 
 ----> 1.3#6.6#34.0#44.0#VAR 939 0 0.775616 0.224384 
 ----> 1.3#6.6#34.0#44.0#VAR 940 0 0.811812 0.188188 
 ----> 1.3#6.6#34.0#44.0#VAR 941 1 0.768268 0.231732 
 ----> 1.3#6.6#34.0#44.0#VAR 942 1 0.779521 0.220479 
 ----> 1.3#6.6#34.0#44.0#VAR 943 0 0.814651 0.185349 
 ----> 1.3#6.6#34.0#44.0#VAR 944 0 0.799994 0.200006 
 ----> 1.3#6.6#34.0#44.0#VAR 945 0 0.782573 0.217427 
 ----> 1.3#6.6#34.0#44.0#VAR 946 0 0.800978 0.199022 
 ----> 1.3#6.6#34.0#44.0#VAR 947 1 0.768702 0.231298 
 ----> 1.3#6.6#34.0#44.0#VAR 948 0 0.781238 0.218762 
 ----> 1.3#6.6#34.0#44.0#VAR 949 0 0.806223 0.193777 
 ----> 1.3#6.6#34.0#44.0#VAR 950 1 0.779822 0.220178 
 ----> 1.3#6.6#34.0#44.0#VAR 951 1 0.763465 0.236535 
 ----> 1.3#6.6#34.0#44.0#VAR 952 0 0.798821 0.201179 
 ----> 1.3#6.6#34.0#44.0#VAR 953 0 0.809868 0.190132 
 ----> 1.3#6.6#34.0#44.0#VAR 954 0 0.797819 0.202181 
 ----> 1.3#6.6#34.0#44.0#VAR 955 0 0.803327 0.196673 
 ----> 1.3#6.6#34.0#44.0#VAR 956 1 0.806393 0.193607 
 ----> 1.3#6.6#34.0#44.0#VAR 957 0 0.784175 0.215825 
 ----> 1.3#6.6#34.0#44.0#VAR 958 0 0.801199 0.198801 
 ----> 1.3#6.6#34.0#44.0#VAR 959 0 0.80733 0.19267 
 ----> 1.3#6.6#34.0#44.0#VAR 960 1 0.796028 0.203972 
 ----> 1.3#6.6#34.0#44.0#VAR 961 0 0.79953 0.20047 
 ----> 1.3#6.6#34.0#44.0#VAR 962 0 0.78618 0.21382 
 ----> 1.3#6.6#34.0#44.0#VAR 963 0 0.809374 0.190626 
 ----> 1.3#6.6#34.0#44.0#VAR 964 1 0.746568 0.253432 
 ----> 1.3#6.6#34.0#44.0#VAR 965 0 0.798086 0.201914 
 ----> 1.3#6.6#34.0#44.0#VAR 966 0 0.764906 0.235094 
 ----> 1.3#6.6#34.0#44.0#VAR 967 1 0.791815 0.208185 
 ----> 1.3#6.6#34.0#44.0#VAR 968 1 0.787682 0.212318 
 ----> 1.3#6.6#34.0#44.0#VAR 969 0 0.808439 0.191561 
 ----> 1.3#6.6#34.0#44.0#VAR 970 0 0.795081 0.204919 
 ----> 1.3#6.6#34.0#44.0#VAR 971 0 0.808521 0.191479 
 ----> 1.3#6.6#34.0#44.0#VAR 972 0 0.824179 0.175821 
 ----> 1.3#6.6#34.0#44.0#VAR 973 0 0.816261 0.183739 
 ----> 1.3#6.6#34.0#44.0#VAR 974 1 0.796876 0.203124 
 ----> 1.3#6.6#34.0#44.0#VAR 975 0 0.73328 0.26672 
 ----> 1.3#6.6#34.0#44.0#VAR 976 0 0.795807 0.204193 
 ----> 1.3#6.6#34.0#44.0#VAR 977 0 0.791155 0.208845 
 ----> 1.3#6.6#34.0#44.0#VAR 978 0 0.783742 0.216258 
 ----> 1.3#6.6#34.0#44.0#VAR 979 0 0.787322 0.212678 
 ----> 1.3#6.6#34.0#44.0#VAR 980 0 0.826686 0.173314 
 ----> 1.3#6.6#34.0#44.0#VAR 981 1 0.817341 0.182659 
 ----> 1.3#6.6#34.0#44.0#VAR 982 0 0.817113 0.182887 
 ----> 1.3#6.6#34.0#44.0#VAR 983 0 0.813608 0.186392 
 ----> 1.3#6.6#34.0#44.0#VAR 984 0 0.801672 0.198328 
 ----> 1.3#6.6#34.0#44.0#VAR 985 0 0.762182 0.237818 
 ----> 1.3#6.6#34.0#44.0#VAR 986 0 0.789156 0.210844 
 ----> 1.3#6.6#34.0#44.0#VAR 987 0 0.813083 0.186917 
 ----> 1.3#6.6#34.0#44.0#VAR 988 1 0.767485 0.232515 
 ----> 1.3#6.6#34.0#44.0#VAR 989 1 0.796415 0.203585 
 ----> 1.3#6.6#34.0#44.0#VAR 990 0 0.774428 0.225572 
 ----> 1.3#6.6#34.0#44.0#VAR 991 1 0.745218 0.254782 
 ----> 1.3#6.6#34.0#44.0#VAR 992 1 0.77012 0.22988 
 ----> 1.3#6.6#34.0#44.0#VAR 993 0 0.827397 0.172603 
 ----> 1.3#6.6#34.0#44.0#VAR 994 0 0.774724 0.225276 
 ----> 1.3#6.6#34.0#44.0#VAR 995 0 0.816056 0.183944 
 ----> 1.3#6.6#34.0#44.0#VAR 996 1 0.80481 0.19519 
 ----> 1.3#6.6#34.0#44.0#VAR 997 0 0.81073 0.18927 
 ----> 1.3#6.6#34.0#44.0#VAR 998 0 0.768903 0.231097 
 ----> 1.3#6.6#34.0#44.0#VAR 999 0 0.799878 0.200122 
 ----> 1.3#6.6#34.0#44.0#VAR 1000 0 0.780909 0.219091 
 ----> 1.3#6.6#34.0#44.0#VAR 1001 0 0.804762 0.195238 
 ----> 1.3#6.6#34.0#44.0#VAR 1002 1 0.745244 0.254756 
 ----> 1.3#6.6#34.0#44.0#VAR 1003 0 0.790487 0.209513 
 ----> 1.3#6.6#34.0#44.0#VAR 1004 0 0.813576 0.186424 
 ----> 1.3#6.6#34.0#44.0#VAR 1005 0 0.80852 0.19148 
 ----> 1.3#6.6#34.0#44.0#VAR 1006 0 0.809653 0.190347 
 ----> 1.3#6.6#34.0#44.0#VAR 1007 0 0.779777 0.220223 
 ----> 1.3#6.6#34.0#44.0#VAR 1008 0 0.818155 0.181845 
 ----> 1.3#6.6#34.0#44.0#VAR 1009 0 0.773274 0.226726 
 ----> 1.3#6.6#34.0#44.0#VAR 1010 0 0.805227 0.194773 
 ----> 1.3#6.6#34.0#44.0#VAR 1011 0 0.804542 0.195458 
 ----> 1.3#6.6#34.0#44.0#VAR 1012 0 0.838527 0.161473 
 ----> 1.3#6.6#34.0#44.0#VAR 1013 0 0.807511 0.192489 
 ----> 1.3#6.6#34.0#44.0#VAR 1014 0 0.792009 0.207991 
 ----> 1.3#6.6#34.0#44.0#VAR 1015 0 0.813033 0.186967 
 ----> 1.3#6.6#34.0#44.0#VAR 1016 0 0.79538 0.20462 
 ----> 1.3#6.6#34.0#44.0#VAR 1017 0 0.808955 0.191045 
 ----> 1.3#6.6#34.0#44.0#VAR 1018 0 0.79562 0.20438 
 ----> 1.3#6.6#34.0#44.0#VAR 1019 1 0.749054 0.250946 
 ----> 1.3#6.6#34.0#44.0#VAR 1020 0 0.818503 0.181497 
 ----> 1.3#6.6#34.0#44.0#VAR 1021 1 0.790051 0.209949 
 ----> 1.3#6.6#34.0#44.0#VAR 1022 0 0.790841 0.209159 
 ----> 1.3#6.6#34.0#44.0#VAR 1023 1 0.781509 0.218491 
 ----> 1.3#6.6#34.0#44.0#VAR 1024 0 0.78752 0.21248 
 ----> 1.3#6.6#34.0#44.0#VAR 1025 0 0.819391 0.180609 
 ----> 1.3#6.6#34.0#44.0#VAR 1026 0 0.805276 0.194724 
 ----> 1.3#6.6#34.0#44.0#VAR 1027 0 0.797709 0.202291 
 ----> 1.3#6.6#34.0#44.0#VAR 1028 0 0.797146 0.202854 
 ----> 1.3#6.6#34.0#44.0#VAR 1029 0 0.799485 0.200515 
 ----> 1.3#6.6#34.0#44.0#VAR 1030 0 0.793649 0.206351 
 ----> 1.3#6.6#34.0#44.0#VAR 1031 0 0.816343 0.183657 
 ----> 1.3#6.6#34.0#44.0#VAR 1032 1 0.770788 0.229212 
 ----> 1.3#6.6#34.0#44.0#VAR 1033 0 0.778863 0.221137 
 ----> 1.3#6.6#34.0#44.0#VAR 1034 1 0.777792 0.222208 
 ----> 1.3#6.6#34.0#44.0#VAR 1035 0 0.794074 0.205926 
 ----> 1.3#6.6#34.0#44.0#VAR 1036 0 0.792077 0.207923 
 ----> 1.3#6.6#34.0#44.0#VAR 1037 0 0.806738 0.193262 
 ----> 1.3#6.6#34.0#44.0#VAR 1038 0 0.77782 0.22218 
 ----> 1.3#6.6#34.0#44.0#VAR 1039 0 0.780456 0.219544 
 ----> 1.3#6.6#34.0#44.0#VAR 1040 1 0.765784 0.234216 
 ----> 1.3#6.6#34.0#44.0#VAR 1041 0 0.815746 0.184254 
 ----> 1.3#6.6#34.0#44.0#VAR 1042 0 0.793761 0.206239 
 ----> 1.3#6.6#34.0#44.0#VAR 1043 0 0.799994 0.200006 
 ----> 1.3#6.6#34.0#44.0#VAR 1044 0 0.818543 0.181457 
 ----> 1.3#6.6#34.0#44.0#VAR 1045 0 0.800978 0.199022 
 ----> 1.3#6.6#34.0#44.0#VAR 1046 0 0.793608 0.206392 
 ----> 1.3#6.6#34.0#44.0#VAR 1047 1 0.769437 0.230563 
 ----> 1.3#6.6#34.0#44.0#VAR 1048 0 0.81544 0.18456 
 ----> 1.3#6.6#34.0#44.0#VAR 1049 0 0.786968 0.213032 
 ----> 1.3#6.6#34.0#44.0#VAR 1050 0 0.827256 0.172744 
 ----> 1.3#6.6#34.0#44.0#VAR 1051 0 0.805707 0.194293 
 ----> 1.3#6.6#34.0#44.0#VAR 1052 0 0.811808 0.188192 
 ----> 1.3#6.6#34.0#44.0#VAR 1053 0 0.816327 0.183673 
 ----> 1.3#6.6#34.0#44.0#VAR 1054 0 0.798181 0.201819 
 ----> 1.3#6.6#34.0#44.0#VAR 1055 0 0.805321 0.194679 
 ----> 1.3#6.6#34.0#44.0#VAR 1056 0 0.851024 0.148976 
 ----> 1.3#6.6#34.0#44.0#VAR 1057 1 0.7914 0.2086 
 ----> 1.3#6.6#34.0#44.0#VAR 1058 0 0.796197 0.203803 
 ----> 1.3#6.6#34.0#44.0#VAR 1059 0 0.787835 0.212165 
 ----> 1.3#6.6#34.0#44.0#VAR 1060 0 0.792965 0.207035 
 ----> 1.3#6.6#34.0#44.0#VAR 1061 0 0.814952 0.185048 
 ----> 1.3#6.6#34.0#44.0#VAR 1062 0 0.784129 0.215871 
 ----> 1.3#6.6#34.0#44.0#VAR 1063 0 0.793378 0.206622 
 ----> 1.3#6.6#34.0#44.0#VAR 1064 0 0.788601 0.211399 
 ----> 1.3#6.6#34.0#44.0#VAR 1065 1 0.770148 0.229852 
 ----> 1.3#6.6#34.0#44.0#VAR 1066 1 0.782115 0.217885 
 ----> 1.3#6.6#34.0#44.0#VAR 1067 1 0.806299 0.193701 
 ----> 1.3#6.6#34.0#44.0#VAR 1068 0 0.817349 0.182651 
 ----> 1.3#6.6#34.0#44.0#VAR 1069 0 0.798024 0.201976 
 ----> 1.3#6.6#34.0#44.0#VAR 1070 1 0.805935 0.194065 
 ----> 1.3#6.6#34.0#44.0#VAR 1071 0 0.796192 0.203808 
 ----> 1.3#6.6#34.0#44.0#VAR 1072 0 0.816095 0.183905 
 ----> 1.3#6.6#34.0#44.0#VAR 1073 1 0.739546 0.260454 
 ----> 1.3#6.6#34.0#44.0#VAR 1074 0 0.807131 0.192869 
 ----> 1.3#6.6#34.0#44.0#VAR 1075 0 0.784116 0.215884 
 ----> 1.3#6.6#34.0#44.0#VAR 1076 0 0.790351 0.209649 
 ----> 1.3#6.6#34.0#44.0#VAR 1077 0 0.805279 0.194721 
 ----> 1.3#6.6#34.0#44.0#VAR 1078 0 0.82033 0.17967 
 ----> 1.3#6.6#34.0#44.0#VAR 1079 0 0.82482 0.17518 
 ----> 1.3#6.6#34.0#44.0#VAR 1080 0 0.828366 0.171634 
 ----> 1.3#6.6#34.0#44.0#VAR 1081 1 0.764871 0.235129 
 ----> 1.3#6.6#34.0#44.0#VAR 1082 0 0.83487 0.16513 
 ----> 1.3#6.6#34.0#44.0#VAR 1083 0 0.827821 0.172179 
 ----> 1.3#6.6#34.0#44.0#VAR 1084 0 0.800221 0.199779 
 ----> 1.3#6.6#34.0#44.0#VAR 1085 0 0.825877 0.174123 
 ----> 1.3#6.6#34.0#44.0#VAR 1086 0 0.793261 0.206739 
 ----> 1.3#6.6#34.0#44.0#VAR 1087 1 0.790194 0.209806 
 ----> 1.3#6.6#34.0#44.0#VAR 1088 1 0.778172 0.221828 
 ----> 1.3#6.6#34.0#44.0#VAR 1089 0 0.82845 0.17155 
 ----> 1.3#6.6#34.0#44.0#VAR 1090 0 0.800061 0.199939 
 ----> 1.3#6.6#34.0#44.0#VAR 1091 0 0.820979 0.179021 
 ----> 1.3#6.6#34.0#44.0#VAR 1092 1 0.766705 0.233295 
 ----> 1.3#6.6#34.0#44.0#VAR 1093 0 0.789364 0.210636 
 ----> 1.3#6.6#34.0#44.0#VAR 1094 0 0.813649 0.186351 
 ----> 1.3#6.6#34.0#44.0#VAR 1095 1 0.763794 0.236206 
 ----> 1.3#6.6#34.0#44.0#VAR 1096 0 0.776859 0.223141 
 ----> 1.3#6.6#34.0#44.0#VAR 1097 0 0.813445 0.186555 
 ----> 1.3#6.6#34.0#44.0#VAR 1098 1 0.742096 0.257904 
 ----> 1.3#6.6#34.0#44.0#VAR 1099 0 0.801038 0.198962 
 ----> 1.3#6.6#34.0#44.0#VAR 1100 1 0.790851 0.209149 
 ----> 1.3#6.6#34.0#44.0#VAR 1101 0 0.816681 0.183319 
 ----> 1.3#6.6#34.0#44.0#VAR 1102 1 0.753261 0.246739 
 ----> 1.3#6.6#34.0#44.0#VAR 1103 1 0.792238 0.207762 
 ----> 1.3#6.6#34.0#44.0#VAR 1104 0 0.805079 0.194921 
 ----> 1.3#6.6#34.0#44.0#VAR 1105 0 0.771258 0.228742 
 ----> 1.3#6.6#34.0#44.0#VAR 1106 0 0.80059 0.19941 
 ----> 1.3#6.6#34.0#44.0#VAR 1107 0 0.831517 0.168483 
 ----> 1.3#6.6#34.0#44.0#VAR 1108 0 0.80263 0.19737 
 ----> 1.3#6.6#34.0#44.0#VAR 1109 0 0.80466 0.19534 
 ----> 1.3#6.6#34.0#44.0#VAR 1110 0 0.795103 0.204897 
 ----> 1.3#6.6#34.0#44.0#VAR 1111 0 0.81059 0.18941 
 ----> 1.3#6.6#34.0#44.0#VAR 1112 0 0.808085 0.191915 
 ----> 1.3#6.6#34.0#44.0#VAR 1113 1 0.792327 0.207673 
 ----> 1.3#6.6#34.0#44.0#VAR 1114 0 0.805411 0.194589 
 ----> 1.3#6.6#34.0#44.0#VAR 1115 0 0.782818 0.217182 
 ----> 1.3#6.6#34.0#44.0#VAR 1116 0 0.80343 0.19657 
 ----> 1.3#6.6#34.0#44.0#VAR 1117 0 0.759893 0.240107 
 ----> 1.3#6.6#34.0#44.0#VAR 1118 0 0.820571 0.179429 
 ----> 1.3#6.6#34.0#44.0#VAR 1119 0 0.820144 0.179856 
 ----> 1.3#6.6#34.0#44.0#VAR 1120 0 0.796862 0.203138 
 ----> 1.3#6.6#34.0#44.0#VAR 1121 0 0.801871 0.198129 
 ----> 1.3#6.6#34.0#44.0#VAR 1122 0 0.789131 0.210869 
 ----> 1.3#6.6#34.0#44.0#VAR 1123 0 0.815596 0.184404 
 ----> 1.3#6.6#34.0#44.0#VAR 1124 0 0.800366 0.199634 
 ----> 1.3#6.6#34.0#44.0#VAR 1125 0 0.819486 0.180514 
 ----> 1.3#6.6#34.0#44.0#VAR 1126 0 0.821243 0.178757 
 ----> 1.3#6.6#34.0#44.0#VAR 1127 0 0.818924 0.181076 
 ----> 1.3#6.6#34.0#44.0#VAR 1128 0 0.821685 0.178315 
 ----> 1.3#6.6#34.0#44.0#VAR 1129 0 0.801104 0.198896 
 ----> 1.3#6.6#34.0#44.0#VAR 1130 1 0.78046 0.21954 
 ----> 1.3#6.6#34.0#44.0#VAR 1131 0 0.790738 0.209262 
 ----> 1.3#6.6#34.0#44.0#VAR 1132 1 0.796711 0.203289 
 ----> 1.3#6.6#34.0#44.0#VAR 1133 0 0.809437 0.190563 
 ----> 1.3#6.6#34.0#44.0#VAR 1134 1 0.733446 0.266554 
 ----> 1.3#6.6#34.0#44.0#VAR 1135 0 0.802507 0.197493 
 ----> 1.3#6.6#34.0#44.0#VAR 1136 0 0.810272 0.189728 
 ----> 1.3#6.6#34.0#44.0#VAR 1137 0 0.812357 0.187643 
 ----> 1.3#6.6#34.0#44.0#VAR 1138 0 0.806532 0.193468 
 ----> 1.3#6.6#34.0#44.0#VAR 1139 0 0.781793 0.218207 
 ----> 1.3#6.6#34.0#44.0#VAR 1140 1 0.766982 0.233018 
 ----> 1.3#6.6#34.0#44.0#VAR 1141 0 0.827286 0.172714 
 ----> 1.3#6.6#34.0#44.0#VAR 1142 1 0.768475 0.231525 
 ----> 1.3#6.6#34.0#44.0#VAR 1143 0 0.826033 0.173967 
 ----> 1.3#6.6#34.0#44.0#VAR 1144 0 0.782117 0.217883 
 ----> 1.3#6.6#34.0#44.0#VAR 1145 0 0.816985 0.183015 
 ----> 1.3#6.6#34.0#44.0#VAR 1146 0 0.806091 0.193909 
 ----> 1.3#6.6#34.0#44.0#VAR 1147 0 0.804851 0.195149 
 ----> 1.3#6.6#34.0#44.0#VAR 1148 0 0.802328 0.197672 
 ----> 1.3#6.6#34.0#44.0#VAR 1149 0 0.785452 0.214548 
 ----> 1.3#6.6#34.0#44.0#VAR 1150 0 0.790668 0.209332 
 ----> 1.3#6.6#34.0#44.0#VAR 1151 1 0.775787 0.224213 
 ----> 1.3#6.6#34.0#44.0#VAR 1152 1 0.791819 0.208181 
 ----> 1.3#6.6#34.0#44.0#VAR 1153 0 0.796821 0.203179 
 ----> 1.3#6.6#34.0#44.0#VAR 1154 0 0.798774 0.201226 
 ----> 1.3#6.6#34.0#44.0#VAR 1155 1 0.797938 0.202062 
 ----> 1.3#6.6#34.0#44.0#VAR 1156 0 0.790905 0.209095 
 ----> 1.3#6.6#34.0#44.0#VAR 1157 0 0.815903 0.184097 
 ----> 1.3#6.6#34.0#44.0#VAR 1158 0 0.774278 0.225722 
 ----> 1.3#6.6#34.0#44.0#VAR 1159 0 0.752383 0.247617 
 ----> 1.3#6.6#34.0#44.0#VAR 1160 0 0.793006 0.206994 
 ----> 1.3#6.6#34.0#44.0#VAR 1161 0 0.815221 0.184779 
 ----> 1.3#6.6#34.0#44.0#VAR 1162 0 0.781124 0.218876 
 ----> 1.3#6.6#34.0#44.0#VAR 1163 0 0.810382 0.189618 
 ----> 1.3#6.6#34.0#44.0#VAR 1164 0 0.799 0.201 
 ----> 1.3#6.6#34.0#44.0#VAR 1165 1 0.806349 0.193651 
 ----> 1.3#6.6#34.0#44.0#VAR 1166 0 0.781177 0.218823 
 ----> 1.3#6.6#34.0#44.0#VAR 1167 1 0.814326 0.185674 
 ----> 1.3#6.6#34.0#44.0#VAR 1168 1 0.769748 0.230252 
 ----> 1.3#6.6#34.0#44.0#VAR 1169 0 0.773704 0.226296 
 ----> 1.3#6.6#34.0#44.0#VAR 1170 1 0.765296 0.234704 
 ----> 1.3#6.6#34.0#44.0#VAR 1171 0 0.794316 0.205684 
 ----> 1.3#6.6#34.0#44.0#VAR 1172 1 0.723755 0.276245 
 ----> 1.3#6.6#34.0#44.0#VAR 1173 0 0.796253 0.203747 
 ----> 1.3#6.6#34.0#44.0#VAR 1174 0 0.803042 0.196958 
 ----> 1.3#6.6#34.0#44.0#VAR 1175 0 0.790634 0.209366 
 ----> 1.3#6.6#34.0#44.0#VAR 1176 0 0.836405 0.163595 
 ----> 1.3#6.6#34.0#44.0#VAR 1177 0 0.794571 0.205429 
 ----> 1.3#6.6#34.0#44.0#VAR 1178 0 0.801976 0.198024 
 ----> 1.3#6.6#34.0#44.0#VAR 1179 0 0.806907 0.193093 
 ----> 1.3#6.6#34.0#44.0#VAR 1180 0 0.816465 0.183535 
 ----> 1.3#6.6#34.0#44.0#VAR 1181 0 0.801119 0.198881 
 ----> 1.3#6.6#34.0#44.0#VAR 1182 0 0.788458 0.211542 
 ----> 1.3#6.6#34.0#44.0#VAR 1183 0 0.790963 0.209037 
 ----> 1.3#6.6#34.0#44.0#VAR 1184 0 0.817778 0.182222 
 ----> 1.3#6.6#34.0#44.0#VAR 1185 0 0.758848 0.241152 
 ----> 1.3#6.6#34.0#44.0#VAR 1186 0 0.822349 0.177651 
 ----> 1.3#6.6#34.0#44.0#VAR 1187 0 0.772723 0.227277 
 ----> 1.3#6.6#34.0#44.0#VAR 1188 0 0.829551 0.170449 
 ----> 1.3#6.6#34.0#44.0#VAR 1189 0 0.799359 0.200641 
 ----> 1.3#6.6#34.0#44.0#VAR 1190 0 0.825474 0.174526 
 ----> 1.3#6.6#34.0#44.0#VAR 1191 0 0.825448 0.174552 
 ----> 1.3#6.6#34.0#44.0#VAR 1192 0 0.818409 0.181591 
 ----> 1.3#6.6#34.0#44.0#VAR 1193 0 0.785359 0.214641 
 ----> 1.3#6.6#34.0#44.0#VAR 1194 0 0.784978 0.215022 
 ----> 1.3#6.6#34.0#44.0#VAR 1195 0 0.79668 0.20332 
 ----> 1.3#6.6#34.0#44.0#VAR 1196 0 0.807429 0.192571 
 ----> 1.3#6.6#34.0#44.0#VAR 1197 0 0.797255 0.202745 
 ----> 1.3#6.6#34.0#44.0#VAR 1198 0 0.817682 0.182318 
 ----> 1.3#6.6#34.0#44.0#VAR 1199 0 0.788699 0.211301 
 ----> 1.3#6.6#34.0#44.0#VAR 1200 0 0.819395 0.180605 
 ----> 1.3#6.6#34.0#44.0#VAR 1201 0 0.78684 0.21316 
 ----> 1.3#6.6#34.0#44.0#VAR 1202 1 0.775979 0.224021 
 ----> 1.3#6.6#34.0#44.0#VAR 1203 0 0.811606 0.188394 
 ----> 1.3#6.6#34.0#44.0#VAR 1204 0 0.810674 0.189326 
 ----> 1.3#6.6#34.0#44.0#VAR 1205 0 0.793532 0.206468 
 ----> 1.3#6.6#34.0#44.0#VAR 1206 0 0.818985 0.181015 
 ----> 1.3#6.6#34.0#44.0#VAR 1207 0 0.820626 0.179374 
 ----> 1.3#6.6#34.0#44.0#VAR 1208 0 0.817353 0.182647 
 ----> 1.3#6.6#34.0#44.0#VAR 1209 1 0.789806 0.210194 
 ----> 1.3#6.6#34.0#44.0#VAR 1210 1 0.758476 0.241524 
 ----> 1.3#6.6#34.0#44.0#VAR 1211 0 0.806276 0.193724 
 ----> 1.3#6.6#34.0#44.0#VAR 1212 0 0.772104 0.227896 
 ----> 1.3#6.6#34.0#44.0#VAR 1213 0 0.799289 0.200711 
 ----> 1.3#6.6#34.0#44.0#VAR 1214 1 0.740624 0.259376 
 ----> 1.3#6.6#34.0#44.0#VAR 1215 1 0.794941 0.205059 
 ----> 1.3#6.6#34.0#44.0#VAR 1216 0 0.773399 0.226601 
 ----> 1.3#6.6#34.0#44.0#VAR 1217 0 0.815231 0.184769 
 ----> 1.3#6.6#34.0#44.0#VAR 1218 0 0.801659 0.198341 
 ----> 1.3#6.6#34.0#44.0#VAR 1219 1 0.761109 0.238891 
 ----> 1.3#6.6#34.0#44.0#VAR 1220 1 0.751037 0.248963 
 ----> 1.3#6.6#34.0#44.0#VAR 1221 0 0.819156 0.180844 
 ----> 1.3#6.6#34.0#44.0#VAR 1222 0 0.794755 0.205245 
 ----> 1.3#6.6#34.0#44.0#VAR 1223 0 0.800631 0.199369 
 ----> 1.3#6.6#34.0#44.0#VAR 1224 0 0.783899 0.216101 
 ----> 1.3#6.6#34.0#44.0#VAR 1225 1 0.759415 0.240585 
 ----> 1.3#6.6#34.0#44.0#VAR 1226 1 0.75943 0.24057 
 ----> 1.3#6.6#34.0#44.0#VAR 1227 0 0.799627 0.200373 
 ----> 1.3#6.6#34.0#44.0#VAR 1228 0 0.817546 0.182454 
 ----> 1.3#6.6#34.0#44.0#VAR 1229 0 0.830678 0.169322 
 ----> 1.3#6.6#34.0#44.0#VAR 1230 0 0.809219 0.190781 
 ----> 1.3#6.6#34.0#44.0#VAR 1231 0 0.797519 0.202481 
 ----> 1.3#6.6#34.0#44.0#VAR 1232 0 0.786968 0.213032 
 ----> 1.3#6.6#34.0#44.0#VAR 1233 0 0.80723 0.19277 
 ----> 1.3#6.6#34.0#44.0#VAR 1234 0 0.814931 0.185069 
 ----> 1.3#6.6#34.0#44.0#VAR 1235 0 0.819633 0.180367 
 ----> 1.3#6.6#34.0#44.0#VAR 1236 0 0.80429 0.19571 
 ----> 1.3#6.6#34.0#44.0#VAR 1237 0 0.799912 0.200088 
 ----> 1.3#6.6#34.0#44.0#VAR 1238 0 0.79101 0.20899 
 ----> 1.3#6.6#34.0#44.0#VAR 1239 0 0.784786 0.215214 
 ----> 1.3#6.6#34.0#44.0#VAR 1240 0 0.79355 0.20645 
 ----> 1.3#6.6#34.0#44.0#VAR 1241 0 0.808893 0.191107 
 ----> 1.3#6.6#34.0#44.0#VAR 1242 1 0.783423 0.216577 
 ----> 1.3#6.6#34.0#44.0#VAR 1243 0 0.825032 0.174968 
 ----> 1.3#6.6#34.0#44.0#VAR 1244 0 0.798084 0.201916 
 ----> 1.3#6.6#34.0#44.0#VAR 1245 1 0.771382 0.228618 
 ----> 1.3#6.6#34.0#44.0#VAR 1246 0 0.809389 0.190611 
 ----> 1.3#6.6#34.0#44.0#VAR 1247 0 0.809181 0.190819 
 ----> 1.3#6.6#34.0#44.0#VAR 1248 0 0.801778 0.198222 
 ----> 1.3#6.6#34.0#44.0#VAR 1249 1 0.783141 0.216859 
 ----> 1.3#6.6#34.0#44.0#VAR 1250 0 0.810037 0.189963 
 ----> 1.3#6.6#34.0#44.0#VAR 1251 0 0.799357 0.200643 
 ----> 1.3#6.6#34.0#44.0#VAR 1252 0 0.813585 0.186415 
 ----> 1.3#6.6#34.0#44.0#VAR 1253 1 0.769373 0.230627 
 ----> 1.3#6.6#34.0#44.0#VAR 1254 1 0.752128 0.247872 
 ----> 1.3#6.6#34.0#44.0#VAR 1255 0 0.777137 0.222863 
 ----> 1.3#6.6#34.0#44.0#VAR 1256 0 0.817255 0.182745 
 ----> 1.3#6.6#34.0#44.0#VAR 1257 0 0.81519 0.18481 
 ----> 1.3#6.6#34.0#44.0#VAR 1258 0 0.808788 0.191212 
 ----> 1.3#6.6#34.0#44.0#VAR 1259 0 0.818544 0.181456 
 ----> 1.3#6.6#34.0#44.0#VAR 1260 0 0.787441 0.212559 
 ----> 1.3#6.6#34.0#44.0#VAR 1261 0 0.814214 0.185786 
 ----> 1.3#6.6#34.0#44.0#VAR 1262 0 0.791041 0.208959 
 ----> 1.3#6.6#34.0#44.0#VAR 1263 0 0.789608 0.210392 
 ----> 1.3#6.6#34.0#44.0#VAR 1264 0 0.758741 0.241259 
 ----> 1.3#6.6#34.0#44.0#VAR 1265 1 0.755051 0.244949 
 ----> 1.3#6.6#34.0#44.0#VAR 1266 0 0.828575 0.171425 
 ----> 1.3#6.6#34.0#44.0#VAR 1267 1 0.707621 0.292379 
 ----> 1.3#6.6#34.0#44.0#VAR 1268 1 0.790271 0.209729 
 ----> 1.3#6.6#34.0#44.0#VAR 1269 0 0.788191 0.211809 
 ----> 1.3#6.6#34.0#44.0#VAR 1270 0 0.790846 0.209154 
 ----> 1.3#6.6#34.0#44.0#VAR 1271 1 0.801517 0.198483 
 ----> 1.3#6.6#34.0#44.0#VAR 1272 1 0.786777 0.213223 
 ----> 1.3#6.6#34.0#44.0#VAR 1273 0 0.793106 0.206894 
 ----> 1.3#6.6#34.0#44.0#VAR 1274 0 0.794158 0.205842 
 ----> 1.3#6.6#34.0#44.0#VAR 1275 0 0.805097 0.194903 
 ----> 1.3#6.6#34.0#44.0#VAR 1276 0 0.800027 0.199973 
 ----> 1.3#6.6#34.0#44.0#VAR 1277 0 0.809887 0.190113 
 ----> 1.3#6.6#34.0#44.0#VAR 1278 0 0.830805 0.169195 
 ----> 1.3#6.6#34.0#44.0#VAR 1279 1 0.789984 0.210016 
 ----> 1.3#6.6#34.0#44.0#VAR 1280 0 0.795345 0.204655 
 ----> 1.3#6.6#34.0#44.0#VAR 1281 0 0.808801 0.191199 
 ----> 1.3#6.6#34.0#44.0#VAR 1282 0 0.756358 0.243642 
 ----> 1.3#6.6#34.0#44.0#VAR 1283 0 0.839299 0.160701 
 ----> 1.3#6.6#34.0#44.0#VAR 1284 1 0.710575 0.289425 
 ----> 1.3#6.6#34.0#44.0#VAR 1285 0 0.826333 0.173667 
 ----> 1.3#6.6#34.0#44.0#VAR 1286 0 0.829025 0.170975 
 ----> 1.3#6.6#34.0#44.0#VAR 1287 0 0.834504 0.165496 
 ----> 1.3#6.6#34.0#44.0#VAR 1288 1 0.716053 0.283947 
 ----> 1.3#6.6#34.0#44.0#VAR 1289 0 0.788017 0.211983 
 ----> 1.3#6.6#34.0#44.0#VAR 1290 0 0.800299 0.199701 
 ----> 1.3#6.6#34.0#44.0#VAR 1291 1 0.757331 0.242669 
 ----> 1.3#6.6#34.0#44.0#VAR 1292 0 0.79283 0.20717 
 ----> 1.3#6.6#34.0#44.0#VAR 1293 0 0.810776 0.189224 
 ----> 1.3#6.6#34.0#44.0#VAR 1294 0 0.794548 0.205452 
 ----> 1.3#6.6#34.0#44.0#VAR 1295 0 0.803754 0.196246 
 ----> 1.3#6.6#34.0#44.0#VAR 1296 1 0.762635 0.237365 
 ----> 1.3#6.6#34.0#44.0#VAR 1297 1 0.774095 0.225905 
 ----> 1.3#6.6#34.0#44.0#VAR 1298 1 0.792411 0.207589 
 ----> 1.3#6.6#34.0#44.0#VAR 1299 1 0.754446 0.245554 
 ----> 1.3#6.6#34.0#44.0#VAR 1300 0 0.799765 0.200235 
 ----> 1.3#6.6#34.0#44.0#VAR 1301 1 0.751195 0.248805 
 ----> 1.3#6.6#34.0#44.0#VAR 1302 0 0.810276 0.189724 
 ----> 1.3#6.6#34.0#44.0#VAR 1303 0 0.804533 0.195467 
 ----> 1.3#6.6#34.0#44.0#VAR 1304 1 0.783366 0.216634 
 ----> 1.3#6.6#34.0#44.0#VAR 1305 0 0.801622 0.198378 
 ----> 1.3#6.6#34.0#44.0#VAR 1306 0 0.785337 0.214663 
 ----> 1.3#6.6#34.0#44.0#VAR 1307 0 0.798221 0.201779 
 ----> 1.3#6.6#34.0#44.0#VAR 1308 0 0.780885 0.219115 
 ----> 1.3#6.6#34.0#44.0#VAR 1309 0 0.798243 0.201757 
 ----> 1.3#6.6#34.0#44.0#VAR 1310 0 0.762741 0.237259 
 ----> 1.3#6.6#34.0#44.0#VAR 1311 0 0.821302 0.178698 
 ----> 1.3#6.6#34.0#44.0#VAR 1312 0 0.816164 0.183836 
 ----> 1.3#6.6#34.0#44.0#VAR 1313 0 0.805809 0.194191 
 ----> 1.3#6.6#34.0#44.0#VAR 1314 0 0.799836 0.200164 
 ----> 1.3#6.6#34.0#44.0#VAR 1315 0 0.81091 0.18909 
 ----> 1.3#6.6#34.0#44.0#VAR 1316 0 0.789903 0.210097 
 ----> 1.3#6.6#34.0#44.0#VAR 1317 1 0.748364 0.251636 
 ----> 1.3#6.6#34.0#44.0#VAR 1318 0 0.827432 0.172568 
 ----> 1.3#6.6#34.0#44.0#VAR 1319 0 0.754862 0.245138 
 ----> 1.3#6.6#34.0#44.0#VAR 1320 0 0.832066 0.167934 
 ----> 1.3#6.6#34.0#44.0#VAR 1321 0 0.811814 0.188186 
 ----> 1.3#6.6#34.0#44.0#VAR 1322 0 0.82123 0.17877 
 ----> 1.3#6.6#34.0#44.0#VAR 1323 1 0.776854 0.223146 
 ----> 1.3#6.6#34.0#44.0#VAR 1324 0 0.793398 0.206602 
 ----> 1.3#6.6#34.0#44.0#VAR 1325 0 0.808683 0.191317 
 ----> 1.3#6.6#34.0#44.0#VAR 1326 0 0.805211 0.194789 
 ----> 1.3#6.6#34.0#44.0#VAR 1327 0 0.798408 0.201592 
 ----> 1.3#6.6#34.0#44.0#VAR 1328 0 0.809565 0.190435 
 ----> 1.3#6.6#34.0#44.0#VAR 1329 1 0.786617 0.213383 
 ----> 1.3#6.6#34.0#44.0#VAR 1330 0 0.785439 0.214561 
 ----> 1.3#6.6#34.0#44.0#VAR 1331 0 0.818379 0.181621 
 ----> 1.3#6.6#34.0#44.0#VAR 1332 0 0.768972 0.231028 
 ----> 1.3#6.6#34.0#44.0#VAR 1333 0 0.812391 0.187609 
 ----> 1.3#6.6#34.0#44.0#VAR 1334 1 0.76485 0.23515 
 ----> 1.3#6.6#34.0#44.0#VAR 1335 0 0.791799 0.208201 
 ----> 1.3#6.6#34.0#44.0#VAR 1336 1 0.757507 0.242493 
 ----> 1.3#6.6#34.0#44.0#VAR 1337 0 0.809886 0.190114 
 ----> 1.3#6.6#34.0#44.0#VAR 1338 0 0.819829 0.180171 
 ----> 1.3#6.6#34.0#44.0#VAR 1339 0 0.776532 0.223468 
 ----> 1.3#6.6#34.0#44.0#VAR 1340 0 0.827763 0.172237 
 ----> 1.3#6.6#34.0#44.0#VAR 1341 0 0.799439 0.200561 
 ----> 1.3#6.6#34.0#44.0#VAR 1342 0 0.807908 0.192092 
 ----> 1.3#6.6#34.0#44.0#VAR 1343 1 0.780286 0.219714 
 ----> 1.3#6.6#34.0#44.0#VAR 1344 1 0.765716 0.234284 
 ----> 1.3#6.6#34.0#44.0#VAR 1345 0 0.813161 0.186839 
 ----> 1.3#6.6#34.0#44.0#VAR 1346 0 0.792652 0.207348 
 ----> 1.3#6.6#34.0#44.0#VAR 1347 0 0.780695 0.219305 
 ----> 1.3#6.6#34.0#44.0#VAR 1348 0 0.826124 0.173876 
 ----> 1.3#6.6#34.0#44.0#VAR 1349 0 0.806285 0.193715 
 ----> 1.3#6.6#34.0#44.0#VAR 1350 0 0.797666 0.202334 
 ----> 1.3#6.6#34.0#44.0#VAR 1351 0 0.808561 0.191439 
 ----> 1.3#6.6#34.0#44.0#VAR 1352 0 0.785254 0.214746 
 ----> 1.3#6.6#34.0#44.0#VAR 1353 0 0.813525 0.186475 
 ----> 1.3#6.6#34.0#44.0#VAR 1354 1 0.807277 0.192723 
 ----> 1.3#6.6#34.0#44.0#VAR 1355 0 0.807235 0.192765 
 ----> 1.3#6.6#34.0#44.0#VAR 1356 0 0.813298 0.186702 
 ----> 1.3#6.6#34.0#44.0#VAR 1357 0 0.804054 0.195946 
 ----> 1.3#6.6#34.0#44.0#VAR 1358 1 0.796368 0.203632 
 ----> 1.3#6.6#34.0#44.0#VAR 1359 0 0.793173 0.206827 
 ----> 1.3#6.6#34.0#44.0#VAR 1360 0 0.802264 0.197736 
 ----> 1.3#6.6#34.0#44.0#VAR 1361 1 0.760713 0.239287 
 ----> 1.3#6.6#34.0#44.0#VAR 1362 0 0.785161 0.214839 
 ----> 1.3#6.6#34.0#44.0#VAR 1363 0 0.810142 0.189858 
 ----> 1.3#6.6#34.0#44.0#VAR 1364 0 0.797737 0.202263 
 ----> 1.3#6.6#34.0#44.0#VAR 1365 0 0.823488 0.176512 
 ----> 1.3#6.6#34.0#44.0#VAR 1366 0 0.806984 0.193016 
 ----> 1.3#6.6#34.0#44.0#VAR 1367 0 0.794478 0.205522 
 ----> 1.3#6.6#34.0#44.0#VAR 1368 1 0.77511 0.22489 
 ----> 1.3#6.6#34.0#44.0#VAR 1369 0 0.807205 0.192795 
 ----> 1.3#6.6#34.0#44.0#VAR 1370 0 0.816199 0.183801 
 ----> 1.3#6.6#34.0#44.0#VAR 1371 0 0.808623 0.191377 
 ----> 1.3#6.6#34.0#44.0#VAR 1372 0 0.780734 0.219266 
 ----> 1.3#6.6#34.0#44.0#VAR 1373 0 0.796061 0.203939 
 ----> 1.3#6.6#34.0#44.0#VAR 1374 0 0.815979 0.184021 
 ----> 1.3#6.6#34.0#44.0#VAR 1375 0 0.802434 0.197566 
 ----> 1.3#6.6#34.0#44.0#VAR 1376 0 0.776204 0.223796 
 ----> 1.3#6.6#34.0#44.0#VAR 1377 1 0.777416 0.222584 
 ----> 1.3#6.6#34.0#44.0#VAR 1378 0 0.797478 0.202522 
 ----> 1.3#6.6#34.0#44.0#VAR 1379 0 0.795301 0.204699 
 ----> 1.3#6.6#34.0#44.0#VAR 1380 1 0.769418 0.230582 
 ----> 1.3#6.6#34.0#44.0#VAR 1381 0 0.801668 0.198332 
 ----> 1.3#6.6#34.0#44.0#VAR 1382 0 0.77245 0.22755 
 ----> 1.3#6.6#34.0#44.0#VAR 1383 0 0.799525 0.200475 
 ----> 1.3#6.6#34.0#44.0#VAR 1384 0 0.774018 0.225982 
 ----> 1.3#6.6#34.0#44.0#VAR 1385 0 0.777661 0.222339 
 ----> 1.3#6.6#34.0#44.0#VAR 1386 1 0.782926 0.217074 
 ----> 1.3#6.6#34.0#44.0#VAR 1387 1 0.772154 0.227846 
 ----> 1.3#6.6#34.0#44.0#VAR 1388 0 0.798786 0.201214 
 ----> 1.3#6.6#34.0#44.0#VAR 1389 0 0.770352 0.229648 
 ----> 1.3#6.6#34.0#44.0#VAR 1390 0 0.787625 0.212375 
 ----> 1.3#6.6#34.0#44.0#VAR 1391 0 0.806688 0.193312 
 ----> 1.3#6.6#34.0#44.0#VAR 1392 0 0.794414 0.205586 
 ----> 1.3#6.6#34.0#44.0#VAR 1393 0 0.813963 0.186037 
 ----> 1.3#6.6#34.0#44.0#VAR 1394 1 0.7845 0.2155 
 ----> 1.3#6.6#34.0#44.0#VAR 1395 0 0.791663 0.208337 
 ----> 1.3#6.6#34.0#44.0#VAR 1396 0 0.770334 0.229666 
 ----> 1.3#6.6#34.0#44.0#VAR 1397 0 0.81481 0.18519 
 ----> 1.3#6.6#34.0#44.0#VAR 1398 1 0.785902 0.214098 
 ----> 1.3#6.6#34.0#44.0#VAR 1399 0 0.795073 0.204927 
 ----> 1.3#6.6#34.0#44.0#VAR 1400 1 0.790271 0.209729 
 ----> 1.3#6.6#34.0#44.0#VAR 1401 0 0.800954 0.199046 
 ----> 1.3#6.6#34.0#44.0#VAR 1402 1 0.783463 0.216537 
 ----> 1.3#6.6#34.0#44.0#VAR 1403 0 0.797847 0.202153 
 ----> 1.3#6.6#34.0#44.0#VAR 1404 0 0.798301 0.201699 
 ----> 1.3#6.6#34.0#44.0#VAR 1405 1 0.771437 0.228563 
 ----> 1.3#6.6#34.0#44.0#VAR 1406 0 0.774526 0.225474 
 ----> 1.3#6.6#34.0#44.0#VAR 1407 0 0.802661 0.197339 
 ----> 1.3#6.6#34.0#44.0#VAR 1408 0 0.812491 0.187509 
 ----> 1.3#6.6#34.0#44.0#VAR 1409 0 0.810167 0.189833 
 ----> 1.3#6.6#34.0#44.0#VAR 1410 0 0.788994 0.211006 
 ----> 1.3#6.6#34.0#44.0#VAR 1411 0 0.784176 0.215824 
 ----> 1.3#6.6#34.0#44.0#VAR 1412 1 0.763315 0.236685 
 ----> 1.3#6.6#34.0#44.0#VAR 1413 0 0.792127 0.207873 
 ----> 1.3#6.6#34.0#44.0#VAR 1414 0 0.787623 0.212377 
 ----> 1.3#6.6#34.0#44.0#VAR 1415 0 0.76411 0.23589 
 ----> 1.3#6.6#34.0#44.0#VAR 1416 0 0.805227 0.194773 
 ----> 1.3#6.6#34.0#44.0#VAR 1417 0 0.816073 0.183927 
 ----> 1.3#6.6#34.0#44.0#VAR 1418 1 0.801596 0.198404 
 ----> 1.3#6.6#34.0#44.0#VAR 1419 0 0.797266 0.202734 
 ----> 1.3#6.6#34.0#44.0#VAR 1420 0 0.787972 0.212028 
 ----> 1.3#6.6#34.0#44.0#VAR 1421 0 0.816934 0.183066 
 ----> 1.3#6.6#34.0#44.0#VAR 1422 1 0.786687 0.213313 
 ----> 1.3#6.6#34.0#44.0#VAR 1423 0 0.791468 0.208532 
 ----> 1.3#6.6#34.0#44.0#VAR 1424 1 0.766495 0.233505 
 ----> 1.3#6.6#34.0#44.0#VAR 1425 0 0.821626 0.178374 
 ----> 1.3#6.6#34.0#44.0#VAR 1426 1 0.785531 0.214469 
 ----> 1.3#6.6#34.0#44.0#VAR 1427 1 0.79119 0.20881 
 ----> 1.3#6.6#34.0#44.0#VAR 1428 0 0.795697 0.204303 
 ----> 1.3#6.6#34.0#44.0#VAR 1429 0 0.799441 0.200559 
 ----> 1.3#6.6#34.0#44.0#VAR 1430 0 0.831686 0.168314 
 ----> 1.3#6.6#34.0#44.0#VAR 1431 0 0.793333 0.206667 
 ----> 1.3#6.6#34.0#44.0#VAR 1432 0 0.784695 0.215305 
 ----> 1.3#6.6#34.0#44.0#VAR 1433 0 0.779769 0.220231 
 ----> 1.3#6.6#34.0#44.0#VAR 1434 0 0.808234 0.191766 
 ----> 1.3#6.6#34.0#44.0#VAR 1435 0 0.787564 0.212436 
 ----> 1.3#6.6#34.0#44.0#VAR 1436 0 0.793693 0.206307 
 ----> 1.3#6.6#34.0#44.0#VAR 1437 0 0.829016 0.170984 
 ----> 1.3#6.6#34.0#44.0#VAR 1438 0 0.83639 0.16361 
 ----> 1.3#6.6#34.0#44.0#VAR 1439 0 0.78592 0.21408 
 ----> 1.3#6.6#34.0#44.0#VAR 1440 1 0.774017 0.225983 
 ----> 1.3#6.6#34.0#44.0#VAR 1441 1 0.757409 0.242591 
 ----> 1.3#6.6#34.0#44.0#VAR 1442 0 0.774523 0.225477 
 ----> 1.3#6.6#34.0#44.0#VAR 1443 1 0.766424 0.233576 
 ----> 1.3#6.6#34.0#44.0#VAR 1444 1 0.780131 0.219869 
 ----> 1.3#6.6#34.0#44.0#VAR 1445 1 0.791535 0.208465 
 ----> 1.3#6.6#34.0#44.0#VAR 1446 0 0.819884 0.180116 
 ----> 1.3#6.6#34.0#44.0#VAR 1447 0 0.794477 0.205523 
 ----> 1.3#6.6#34.0#44.0#VAR 1448 0 0.81671 0.18329 
 ----> 1.3#6.6#34.0#44.0#VAR 1449 0 0.807117 0.192883 
 ----> 1.3#6.6#34.0#44.0#VAR 1450 0 0.801587 0.198413 
 ----> 1.3#6.6#34.0#44.0#VAR 1451 1 0.793526 0.206474 
 ----> 1.3#6.6#34.0#44.0#VAR 1452 0 0.80667 0.19333 
 ----> 1.3#6.6#34.0#44.0#VAR 1453 0 0.789672 0.210328 
 ----> 1.3#6.6#34.0#44.0#VAR 1454 0 0.794938 0.205062 
 ----> 1.3#6.6#34.0#44.0#VAR 1455 0 0.811804 0.188196 
 ----> 1.3#6.6#34.0#44.0#VAR 1456 1 0.783531 0.216469 
 ----> 1.3#6.6#34.0#44.0#VAR 1457 1 0.797708 0.202292 
 ----> 1.3#6.6#34.0#44.0#VAR 1458 1 0.794067 0.205933 
 ----> 1.3#6.6#34.0#44.0#VAR 1459 1 0.798843 0.201157 
 ----> 1.3#6.6#34.0#44.0#VAR 1460 0 0.79314 0.20686 
 ----> 1.3#6.6#34.0#44.0#VAR 1461 1 0.750937 0.249063 
 ----> 1.3#6.6#34.0#44.0#VAR 1462 0 0.81723 0.18277 
 ----> 1.3#6.6#34.0#44.0#VAR 1463 0 0.770901 0.229099 
 ----> 1.3#6.6#34.0#44.0#VAR 1464 0 0.804731 0.195269 
 ----> 1.3#6.6#34.0#44.0#VAR 1465 0 0.806534 0.193466 
 ----> 1.3#6.6#34.0#44.0#VAR 1466 0 0.806215 0.193785 
 ----> 1.3#6.6#34.0#44.0#VAR 1467 1 0.822491 0.177509 
 ----> 1.3#6.6#34.0#44.0#VAR 1468 1 0.808698 0.191302 
 ----> 1.3#6.6#34.0#44.0#VAR 1469 0 0.793001 0.206999 
 ----> 1.3#6.6#34.0#44.0#VAR 1470 0 0.795757 0.204243 
 ----> 1.3#6.6#34.0#44.0#VAR 1471 0 0.765356 0.234644 
 ----> 1.3#6.6#34.0#44.0#VAR 1472 0 0.780659 0.219341 
 ----> 1.3#6.6#34.0#44.0#VAR 1473 0 0.797251 0.202749 
 ----> 1.3#6.6#34.0#44.0#VAR 1474 0 0.823956 0.176044 
 ----> 1.3#6.6#34.0#44.0#VAR 1475 0 0.824614 0.175386 
 ----> 1.3#6.6#34.0#44.0#VAR 1476 1 0.788071 0.211929 
 ----> 1.3#6.6#34.0#44.0#VAR 1477 0 0.815954 0.184046 
 ----> 1.3#6.6#34.0#44.0#VAR 1478 0 0.816159 0.183841 
 ----> 1.3#6.6#34.0#44.0#VAR 1479 1 0.789786 0.210214 
 ----> 1.3#6.6#34.0#44.0#VAR 1480 0 0.801101 0.198899 
 ----> 1.3#6.6#34.0#44.0#VAR 1481 0 0.803263 0.196737 
 ----> 1.3#6.6#34.0#44.0#VAR 1482 0 0.799005 0.200995 
 ----> 1.3#6.6#34.0#44.0#VAR 1483 0 0.786289 0.213711 
 ----> 1.3#6.6#34.0#44.0#VAR 1484 0 0.804158 0.195842 
 ----> 1.3#6.6#34.0#44.0#VAR 1485 0 0.787085 0.212915 
 ----> 1.3#6.6#34.0#44.0#VAR 1486 0 0.802203 0.197797 
 ----> 1.3#6.6#34.0#44.0#VAR 1487 1 0.796475 0.203525 
 ----> 1.3#6.6#34.0#44.0#VAR 1488 1 0.784008 0.215992 
 ----> 1.3#6.6#34.0#44.0#VAR 1489 0 0.789776 0.210224 
 ----> 1.3#6.6#34.0#44.0#VAR 1490 0 0.806328 0.193672 
 ----> 1.3#6.6#34.0#44.0#VAR 1491 1 0.801864 0.198136 
 ----> 1.3#6.6#34.0#44.0#VAR 1492 0 0.821693 0.178307 
 ----> 1.3#6.6#34.0#44.0#VAR 1493 0 0.78265 0.21735 
 ----> 1.3#6.6#34.0#44.0#VAR 1494 0 0.795901 0.204099 
 ----> 1.3#6.6#34.0#44.0#VAR 1495 0 0.816901 0.183099 
 ----> 1.3#6.6#34.0#44.0#VAR 1496 0 0.807338 0.192662 
 ----> 1.3#6.6#34.0#44.0#VAR 1497 0 0.784538 0.215462 
 ----> 1.3#6.6#34.0#44.0#VAR 1498 0 0.787205 0.212795 
 ----> 1.3#6.6#34.0#44.0#VAR 1499 1 0.818385 0.181615 
 ----> 1.3#6.6#34.0#44.0#VAR 1500 0 0.775546 0.224454 
 ----> 1.3#6.6#34.0#44.0#VAR 1501 0 0.800198 0.199802 
 ----> 1.3#6.6#34.0#44.0#VAR 1502 0 0.770668 0.229332 
 ----> 1.3#6.6#34.0#44.0#VAR 1503 0 0.814433 0.185567 
 ----> 1.3#6.6#34.0#44.0#VAR 1504 0 0.815933 0.184067 
 ----> 1.3#6.6#34.0#44.0#VAR 1505 0 0.801101 0.198899 
 ----> 1.3#6.6#34.0#44.0#VAR 1506 0 0.790702 0.209298 
 ----> 1.3#6.6#34.0#44.0#VAR 1507 0 0.802075 0.197925 
 ----> 1.3#6.6#34.0#44.0#VAR 1508 0 0.778197 0.221803 
 ----> 1.3#6.6#34.0#44.0#VAR 1509 0 0.80904 0.19096 
 ----> 1.3#6.6#34.0#44.0#VAR 1510 0 0.773993 0.226007 
 ----> 1.3#6.6#34.0#44.0#VAR 1511 0 0.801204 0.198796 
 ----> 1.3#6.6#34.0#44.0#VAR 1512 0 0.80865 0.19135 
 ----> 1.3#6.6#34.0#44.0#VAR 1513 0 0.805742 0.194258 
 ----> 1.3#6.6#34.0#44.0#VAR 1514 0 0.813298 0.186702 
 ----> 1.3#6.6#34.0#44.0#VAR 1515 0 0.811071 0.188929 
 ----> 1.3#6.6#34.0#44.0#VAR 1516 0 0.778105 0.221895 
 ----> 1.3#6.6#34.0#44.0#VAR 1517 0 0.82408 0.17592 
 ----> 1.3#6.6#34.0#44.0#VAR 1518 0 0.814766 0.185234 
 ----> 1.3#6.6#34.0#44.0#VAR 1519 0 0.795298 0.204702 
 ----> 1.3#6.6#34.0#44.0#VAR 1520 1 0.791809 0.208191 
 ----> 1.3#6.6#34.0#44.0#VAR 1521 0 0.796259 0.203741 
 ----> 1.3#6.6#34.0#44.0#VAR 1522 0 0.79728 0.20272 
 ----> 1.3#6.6#34.0#44.0#VAR 1523 0 0.795893 0.204107 
 ----> 1.3#6.6#34.0#44.0#VAR 1524 0 0.78247 0.21753 
 ----> 1.3#6.6#34.0#44.0#VAR 1525 0 0.808281 0.191719 
 ----> 1.3#6.6#34.0#44.0#VAR 1526 1 0.817669 0.182331 
 ----> 1.3#6.6#34.0#44.0#VAR 1527 0 0.795156 0.204844 
 ----> 1.3#6.6#34.0#44.0#VAR 1528 0 0.809939 0.190061 
 ----> 1.3#6.6#34.0#44.0#VAR 1529 0 0.800356 0.199644 
 ----> 1.3#6.6#34.0#44.0#VAR 1530 0 0.796466 0.203534 
 ----> 1.3#6.6#34.0#44.0#VAR 1531 1 0.806309 0.193691 
 ----> 1.3#6.6#34.0#44.0#VAR 1532 0 0.805342 0.194658 
 ----> 1.3#6.6#34.0#44.0#VAR 1533 1 0.810327 0.189673 
 ----> 1.3#6.6#34.0#44.0#VAR 1534 0 0.797759 0.202241 
 ----> 1.3#6.6#34.0#44.0#VAR 1535 0 0.790267 0.209733 
 ----> 1.3#6.6#34.0#44.0#VAR 1536 1 0.797614 0.202386 
 ----> 1.3#6.6#34.0#44.0#VAR 1537 0 0.772559 0.227441 
 ----> 1.3#6.6#34.0#44.0#VAR 1538 0 0.814903 0.185097 
 ----> 1.3#6.6#34.0#44.0#VAR 1539 0 0.803262 0.196738 
 ----> 1.3#6.6#34.0#44.0#VAR 1540 0 0.787987 0.212013 
 ----> 1.3#6.6#34.0#44.0#VAR 1541 1 0.816026 0.183974 
 ----> 1.3#6.6#34.0#44.0#VAR 1542 0 0.79951 0.20049 
 ----> 1.3#6.6#34.0#44.0#VAR 1543 0 0.81109 0.18891 
 ----> 1.3#6.6#34.0#44.0#VAR 1544 0 0.809664 0.190336 
 ----> 1.3#6.6#34.0#44.0#VAR 1545 0 0.80329 0.19671 
 ----> 1.3#6.6#34.0#44.0#VAR 1546 0 0.810445 0.189555 
 ----> 1.3#6.6#34.0#44.0#VAR 1547 0 0.8289 0.1711 
 ----> 1.3#6.6#34.0#44.0#VAR 1548 0 0.827959 0.172041 
 ----> 1.3#6.6#34.0#44.0#VAR 1549 0 0.804933 0.195067 
 ----> 1.3#6.6#34.0#44.0#VAR 1550 0 0.802065 0.197935 
 ----> 1.3#6.6#34.0#44.0#VAR 1551 1 0.787458 0.212542 
 ----> 1.3#6.6#34.0#44.0#VAR 1552 0 0.788171 0.211829 
 ----> 1.3#6.6#34.0#44.0#VAR 1553 0 0.800736 0.199264 
 ----> 1.3#6.6#34.0#44.0#VAR 1554 1 0.793687 0.206313 
 ----> 1.3#6.6#34.0#44.0#VAR 1555 0 0.810793 0.189207 
 ----> 1.3#6.6#34.0#44.0#VAR 1556 0 0.809733 0.190267 
 ----> 1.3#6.6#34.0#44.0#VAR 1557 0 0.822513 0.177487 
 ----> 1.3#6.6#34.0#44.0#VAR 1558 0 0.796564 0.203436 
 ----> 1.3#6.6#34.0#44.0#VAR 1559 0 0.815462 0.184538 
 ----> 1.3#6.6#34.0#44.0#VAR 1560 0 0.801959 0.198041 
 ----> 1.3#6.6#34.0#44.0#VAR 1561 0 0.805577 0.194423 
 ----> 1.3#6.6#34.0#44.0#VAR 1562 0 0.809535 0.190465 
 ----> 1.3#6.6#34.0#44.0#VAR 1563 0 0.811255 0.188745 
 ----> 1.3#6.6#34.0#44.0#VAR 1564 1 0.797405 0.202595 
 ----> 1.3#6.6#34.0#44.0#VAR 1565 0 0.801815 0.198185 
 ----> 1.3#6.6#34.0#44.0#VAR 1566 1 0.806854 0.193146 
 ----> 1.3#6.6#34.0#44.0#VAR 1567 0 0.783808 0.216192 
 ----> 1.3#6.6#34.0#44.0#VAR 1568 0 0.783249 0.216751 
 ----> 1.3#6.6#34.0#44.0#VAR 1569 0 0.792242 0.207758 
 ----> 1.3#6.6#34.0#44.0#VAR 1570 0 0.78874 0.21126 
 ----> 1.3#6.6#34.0#44.0#VAR 1571 0 0.765378 0.234622 
 ----> 1.3#6.6#34.0#44.0#VAR 1572 0 0.788642 0.211358 
 ----> 1.3#6.6#34.0#44.0#VAR 1573 1 0.776925 0.223075 
 ----> 1.3#6.6#34.0#44.0#VAR 1574 0 0.789346 0.210654 
 ----> 1.3#6.6#34.0#44.0#VAR 1575 0 0.800436 0.199564 
 ----> 1.3#6.6#34.0#44.0#VAR 1576 0 0.794739 0.205261 
 ----> 1.3#6.6#34.0#44.0#VAR 1577 0 0.791247 0.208753 
 ----> 1.3#6.6#34.0#44.0#VAR 1578 1 0.78843 0.21157 
 ----> 1.3#6.6#34.0#44.0#VAR 1579 0 0.807663 0.192337 
 ----> 1.3#6.6#34.0#44.0#VAR 1580 0 0.781692 0.218308 
 ----> 1.3#6.6#34.0#44.0#VAR 1581 0 0.824375 0.175625 
 ----> 1.3#6.6#34.0#44.0#VAR 1582 0 0.819949 0.180051 
 ----> 1.3#6.6#34.0#44.0#VAR 1583 0 0.801352 0.198648 
 ----> 1.3#6.6#34.0#44.0#VAR 1584 0 0.80454 0.19546 
 ----> 1.3#6.6#34.0#44.0#VAR 1585 0 0.790141 0.209859 
 ----> 1.3#6.6#34.0#44.0#VAR 1586 0 0.792972 0.207028 
 ----> 1.3#6.6#34.0#44.0#VAR 1587 0 0.800229 0.199771 
 ----> 1.3#6.6#34.0#44.0#VAR 1588 1 0.792238 0.207762 
 ----> 1.3#6.6#34.0#44.0#VAR 1589 0 0.812421 0.187579 
 ----> 1.3#6.6#34.0#44.0#VAR 1590 0 0.792071 0.207929 
 ----> 1.3#6.6#34.0#44.0#VAR 1591 0 0.794238 0.205762 
 ----> 1.3#6.6#34.0#44.0#VAR 1592 0 0.774544 0.225456 
 ----> 1.3#6.6#34.0#44.0#VAR 1593 0 0.789042 0.210958 
 ----> 1.3#6.6#34.0#44.0#VAR 1594 0 0.775149 0.224851 
 ----> 1.3#6.6#34.0#44.0#VAR 1595 0 0.800295 0.199705 
 ----> 1.3#6.6#34.0#44.0#VAR 1596 0 0.783973 0.216027 
 ----> 1.3#6.6#34.0#44.0#VAR 1597 0 0.783106 0.216894 
 ----> 1.3#6.6#34.0#44.0#VAR 1598 1 0.79729 0.20271 
 ----> 1.3#6.6#34.0#44.0#VAR 1599 0 0.763085 0.236915 
 ----> 1.3#6.6#34.0#44.0#VAR 1600 0 0.802923 0.197077 
 ----> 1.3#6.6#34.0#44.0#VAR 1601 0 0.774734 0.225266 
 ----> 1.3#6.6#34.0#44.0#VAR 1602 0 0.759916 0.240084 
 ----> 1.3#6.6#34.0#44.0#VAR 1603 0 0.775442 0.224558 
 ----> 1.3#6.6#34.0#44.0#VAR 1604 0 0.792224 0.207776 
 ----> 1.3#6.6#34.0#44.0#VAR 1605 0 0.776726 0.223274 
 ----> 1.3#6.6#34.0#44.0#VAR 1606 1 0.790265 0.209735 
 ----> 1.3#6.6#34.0#44.0#VAR 1607 1 0.79194 0.20806 
 ----> 1.3#6.6#34.0#44.0#VAR 1608 1 0.789302 0.210698 
 ----> 1.3#6.6#34.0#44.0#VAR 1609 0 0.808969 0.191031 
 ----> 1.3#6.6#34.0#44.0#VAR 1610 0 0.791966 0.208034 
 ----> 1.3#6.6#34.0#44.0#VAR 1611 0 0.792357 0.207643 
 ----> 1.3#6.6#34.0#44.0#VAR 1612 0 0.80742 0.19258 
 ----> 1.3#6.6#34.0#44.0#VAR 1613 0 0.812011 0.187989 
 ----> 1.3#6.6#34.0#44.0#VAR 1614 0 0.797648 0.202352 
 ----> 1.3#6.6#34.0#44.0#VAR 1615 0 0.80079 0.19921 
 ----> 1.3#6.6#34.0#44.0#VAR 1616 1 0.789215 0.210785 
 ----> 1.3#6.6#34.0#44.0#VAR 1617 1 0.81059 0.18941 
 ----> 1.3#6.6#34.0#44.0#VAR 1618 0 0.799016 0.200984 
 ----> 1.3#6.6#34.0#44.0#VAR 1619 0 0.806152 0.193848 
 ----> 1.3#6.6#34.0#44.0#VAR 1620 0 0.793622 0.206378 
 ----> 1.3#6.6#34.0#44.0#VAR 1621 0 0.813908 0.186092 
 ----> 1.3#6.6#34.0#44.0#VAR 1622 0 0.784643 0.215357 
 ----> 1.3#6.6#34.0#44.0#VAR 1623 1 0.809192 0.190808 
 ----> 1.3#6.6#34.0#44.0#VAR 1624 1 0.802987 0.197013 
 ----> 1.3#6.6#34.0#44.0#VAR 1625 1 0.806469 0.193531 
 ----> 1.3#6.6#34.0#44.0#VAR 1626 0 0.784089 0.215911 
 ----> 1.3#6.6#34.0#44.0#VAR 1627 0 0.805409 0.194591 
 ----> 1.3#6.6#34.0#44.0#VAR 1628 0 0.810881 0.189119 
 ----> 1.3#6.6#34.0#44.0#VAR 1629 0 0.776264 0.223736 
 ----> 1.3#6.6#34.0#44.0#VAR 1630 0 0.807585 0.192415 
 ----> 1.3#6.6#34.0#44.0#VAR 1631 0 0.79981 0.20019 
 ----> 1.3#6.6#34.0#44.0#VAR 1632 0 0.791439 0.208561 
 ----> 1.3#6.6#34.0#44.0#VAR 1633 1 0.808638 0.191362 
 ----> 1.3#6.6#34.0#44.0#VAR 1634 0 0.789977 0.210023 
 ----> 1.3#6.6#34.0#44.0#VAR 1635 0 0.783043 0.216957 
 ----> 1.3#6.6#34.0#44.0#VAR 1636 0 0.804781 0.195219 
 ----> 1.3#6.6#34.0#44.0#VAR 1637 1 0.779438 0.220562 
 ----> 1.3#6.6#34.0#44.0#VAR 1638 1 0.802107 0.197893 
 ----> 1.3#6.6#34.0#44.0#VAR 1639 1 0.79837 0.20163 
 ----> 1.3#6.6#34.0#44.0#VAR 1640 0 0.795498 0.204502 
 ----> 1.3#6.6#34.0#44.0#VAR 1641 0 0.803301 0.196699 
 ----> 1.3#6.6#34.0#44.0#VAR 1642 0 0.798642 0.201358 
 ----> 1.3#6.6#34.0#44.0#VAR 1643 0 0.777056 0.222944 
 ----> 1.3#6.6#34.0#44.0#VAR 1644 1 0.823151 0.176849 
 ----> 1.3#6.6#34.0#44.0#VAR 1645 0 0.784152 0.215848 
 ----> 1.3#6.6#34.0#44.0#VAR 1646 0 0.813929 0.186071 
 ----> 1.3#6.6#34.0#44.0#VAR 1647 1 0.796757 0.203243 
 ----> 1.3#6.6#34.0#44.0#VAR 1648 0 0.801259 0.198741 
 ----> 1.3#6.6#34.0#44.0#VAR 1649 0 0.819551 0.180449 
 ----> 1.3#6.6#34.0#44.0#VAR 1650 0 0.795516 0.204484 
 ----> 1.3#6.6#34.0#44.0#VAR 1651 0 0.810899 0.189101 
 ----> 1.3#6.6#34.0#44.0#VAR 1652 1 0.81246 0.18754 
 ----> 1.3#6.6#34.0#44.0#VAR 1653 0 0.83069 0.16931 
 ----> 1.3#6.6#34.0#44.0#VAR 1654 0 0.815433 0.184567 
 ----> 1.3#6.6#34.0#44.0#VAR 1655 1 0.802708 0.197292 
 ----> 1.3#6.6#34.0#44.0#VAR 1656 0 0.776663 0.223337 
 ----> 1.3#6.6#34.0#44.0#VAR 1657 0 0.793303 0.206697 
 ----> 1.3#6.6#34.0#44.0#VAR 1658 1 0.786419 0.213581 
 ----> 1.3#6.6#34.0#44.0#VAR 1659 0 0.82389 0.17611 
 ----> 1.3#6.6#34.0#44.0#VAR 1660 0 0.804487 0.195513 
 ----> 1.3#6.6#34.0#44.0#VAR 1661 0 0.816697 0.183303 
 ----> 1.3#6.6#34.0#44.0#VAR 1662 0 0.809012 0.190988 
 ----> 1.3#6.6#34.0#44.0#VAR 1663 0 0.776029 0.223971 
 ----> 1.3#6.6#34.0#44.0#VAR 1664 0 0.800781 0.199219 
 ----> 1.3#6.6#34.0#44.0#VAR 1665 0 0.805916 0.194084 
 ----> 1.3#6.6#34.0#44.0#VAR 1666 0 0.80782 0.19218 
 ----> 1.3#6.6#34.0#44.0#VAR 1667 0 0.81743 0.18257 
 ----> 1.3#6.6#34.0#44.0#VAR 1668 1 0.797597 0.202403 
 ----> 1.3#6.6#34.0#44.0#VAR 1669 0 0.81622 0.18378 
 ----> 1.3#6.6#34.0#44.0#VAR 1670 1 0.808358 0.191642 
 ----> 1.3#6.6#34.0#44.0#VAR 1671 1 0.806544 0.193456 
 ----> 1.3#6.6#34.0#44.0#VAR 1672 0 0.811787 0.188213 
 ----> 1.3#6.6#34.0#44.0#VAR 1673 0 0.813134 0.186866 
 ----> 1.3#6.6#34.0#44.0#VAR 1674 0 0.812353 0.187647 
 ----> 1.3#6.6#34.0#44.0#VAR 1675 1 0.812331 0.187669 
 ----> 1.3#6.6#34.0#44.0#VAR 1676 0 0.81393 0.18607 
 ----> 1.3#6.6#34.0#44.0#VAR 1677 0 0.809918 0.190082 
 ----> 1.3#6.6#34.0#44.0#VAR 1678 0 0.822641 0.177359 
 ----> 1.3#6.6#34.0#44.0#VAR 1679 0 0.798033 0.201967 
 ----> 1.3#6.6#34.0#44.0#VAR 1680 1 0.81704 0.18296 
 ----> 1.3#6.6#34.0#44.0#VAR 1681 0 0.815263 0.184737 
 ----> 1.3#6.6#34.0#44.0#VAR 1682 0 0.814096 0.185904 
 ----> 1.3#6.6#34.0#44.0#VAR 1683 0 0.817078 0.182922 
 ----> 1.3#6.6#34.0#44.0#VAR 1684 0 0.816086 0.183914 
 ----> 1.3#6.6#34.0#44.0#VAR 1685 1 0.805978 0.194022 
 ----> 1.3#6.6#34.0#44.0#VAR 1686 0 0.810194 0.189806 
 ----> 1.3#6.6#34.0#44.0#VAR 1687 1 0.809782 0.190218 
 ----> 1.3#6.6#34.0#44.0#VAR 1688 0 0.821388 0.178612 
 ----> 1.3#6.6#34.0#44.0#VAR 1689 0 0.818096 0.181904 
 ----> 1.3#6.6#34.0#44.0#VAR 1690 0 0.806656 0.193344 
 ----> 1.3#6.6#34.0#44.0#VAR 1691 1 0.823469 0.176531 
 ----> 1.3#6.6#34.0#44.0#VAR 1692 0 0.810575 0.189425 
 ----> 1.3#6.6#34.0#44.0#VAR 1693 0 0.813699 0.186301 
 ----> 1.3#6.6#34.0#44.0#VAR 1694 1 0.803345 0.196655 
 ----> 1.3#6.6#34.0#44.0#VAR 1695 0 0.811858 0.188142 
 ----> 1.3#6.6#34.0#44.0#VAR 1696 1 0.816865 0.183135 
 ----> 1.3#6.6#34.0#44.0#VAR 1697 0 0.806404 0.193596 
 ----> 1.3#6.6#34.0#44.0#VAR 1698 0 0.8069 0.1931 
 ----> 1.3#6.6#34.0#44.0#VAR 1699 1 0.809623 0.190377 
 ----> 1.3#6.6#34.0#44.0#VAR 1700 0 0.79347 0.20653 
 ----> 1.3#6.6#34.0#44.0#VAR 1701 0 0.817192 0.182808 
 ----> 1.3#6.6#34.0#44.0#VAR 1702 1 0.819071 0.180929 
 ----> 1.3#6.6#34.0#44.0#VAR 1703 0 0.810848 0.189152 
 ----> 1.3#6.6#34.0#44.0#VAR 1704 0 0.79913 0.20087 
 ----> 1.3#6.6#34.0#44.0#VAR 1705 0 0.796955 0.203045 
 ----> 1.3#6.6#34.0#44.0#VAR 1706 0 0.811034 0.188966 
 ----> 1.3#6.6#34.0#44.0#VAR 1707 0 0.807872 0.192128 
 ----> 1.3#6.6#34.0#44.0#VAR 1708 0 0.806968 0.193032 
 ----> 1.3#6.6#34.0#44.0#VAR 1709 1 0.808405 0.191595 
 ----> 1.3#6.6#34.0#44.0#VAR 1710 0 0.813599 0.186401 
 ----> 1.3#6.6#34.0#44.0#VAR 1711 0 0.802615 0.197385 
 ----> 1.3#6.6#34.0#44.0#VAR 1712 0 0.807439 0.192561 
 ----> 1.3#6.6#34.0#44.0#VAR 1713 0 0.814913 0.185087 
 ----> 1.3#6.6#34.0#44.0#VAR 1714 1 0.797399 0.202601 
 ----> 1.3#6.6#34.0#44.0#VAR 1715 0 0.824744 0.175256 
 ----> 1.3#6.6#34.0#44.0#VAR 1716 0 0.804113 0.195887 
 ----> 1.3#6.6#34.0#44.0#VAR 1717 0 0.81523 0.18477 
 ----> 1.3#6.6#34.0#44.0#VAR 1718 0 0.816065 0.183935 
 ----> 1.3#6.6#34.0#44.0#VAR 1719 0 0.811664 0.188336 
 ----> 1.3#6.6#34.0#44.0#VAR 1720 1 0.81462 0.18538 
 ----> 1.3#6.6#34.0#44.0#VAR 1721 1 0.81024 0.18976 
 ----> 1.3#6.6#34.0#44.0#VAR 1722 0 0.808667 0.191333 
 ----> 1.3#6.6#34.0#44.0#VAR 1723 0 0.807553 0.192447 
 ----> 1.3#6.6#34.0#44.0#VAR 1724 0 0.793889 0.206111 
 ----> 1.3#6.6#34.0#44.0#VAR 1725 0 0.804927 0.195073 
 ----> 1.3#6.6#34.0#44.0#VAR 1726 0 0.81269 0.18731 
 ----> 1.3#6.6#34.0#44.0#VAR 1727 0 0.802931 0.197069 
 ----> 1.3#6.6#34.0#44.0#VAR 1728 0 0.797124 0.202876 
 ----> 1.3#6.6#34.0#44.0#VAR 1729 0 0.798442 0.201558 
 ----> 1.3#6.6#34.0#44.0#VAR 1730 0 0.795527 0.204473 
 ----> 1.3#6.6#34.0#44.0#VAR 1731 0 0.79343 0.20657 
 ----> 1.3#6.6#34.0#44.0#VAR 1732 0 0.789573 0.210427 
 ----> 1.3#6.6#34.0#44.0#VAR 1733 0 0.758076 0.241924 
 ----> 1.3#6.6#34.0#44.0#VAR 1734 0 0.792209 0.207791 
 ----> 1.3#6.6#34.0#44.0#VAR 1735 0 0.786835 0.213165 
 ----> 1.3#6.6#34.0#44.0#VAR 1736 1 0.800975 0.199025 
 ----> 1.3#6.6#34.0#44.0#VAR 1737 0 0.787753 0.212247 
 ----> 1.3#6.6#34.0#44.0#VAR 1738 0 0.801785 0.198215 
 ----> 1.3#6.6#34.0#44.0#VAR 1739 0 0.778836 0.221164 
 ----> 1.3#6.6#34.0#44.0#VAR 1740 1 0.810286 0.189714 
 ----> 1.3#6.6#34.0#44.0#VAR 1741 1 0.794005 0.205995 
 ----> 1.3#6.6#34.0#44.0#VAR 1742 0 0.789062 0.210938 
 ----> 1.3#6.6#34.0#44.0#VAR 1743 0 0.783267 0.216733 
 ----> 1.3#6.6#34.0#44.0#VAR 1744 0 0.815109 0.184891 
 ----> 1.3#6.6#34.0#44.0#VAR 1745 0 0.812722 0.187278 
 ----> 1.3#6.6#34.0#44.0#VAR 1746 0 0.803533 0.196467 
 ----> 1.3#6.6#34.0#44.0#VAR 1747 0 0.803325 0.196675 
 ----> 1.3#6.6#34.0#44.0#VAR 1748 1 0.799816 0.200184 
 ----> 1.3#6.6#34.0#44.0#VAR 1749 0 0.78998 0.21002 
 ----> 1.3#6.6#34.0#44.0#VAR 1750 0 0.798397 0.201603 
 ----> 1.3#6.6#34.0#44.0#VAR 1751 1 0.791593 0.208407 
 ----> 1.3#6.6#34.0#44.0#VAR 1752 1 0.793293 0.206707 
 ----> 1.3#6.6#34.0#44.0#VAR 1753 0 0.813884 0.186116 
 ----> 1.3#6.6#34.0#44.0#VAR 1754 0 0.812388 0.187612 
 ----> 1.3#6.6#34.0#44.0#VAR 1755 0 0.798577 0.201423 
 ----> 1.3#6.6#34.0#44.0#VAR 1756 1 0.806594 0.193406 
 ----> 1.3#6.6#34.0#44.0#VAR 1757 0 0.798771 0.201229 
 ----> 1.3#6.6#34.0#44.0#VAR 1758 0 0.811564 0.188436 
 ----> 1.3#6.6#34.0#44.0#VAR 1759 0 0.823116 0.176884 
 ----> 1.3#6.6#34.0#44.0#VAR 1760 1 0.821602 0.178398 
 ----> 1.3#6.6#34.0#44.0#VAR 1761 0 0.818226 0.181774 
 ----> 1.3#6.6#34.0#44.0#VAR 1762 0 0.825829 0.174171 
 ----> 1.3#6.6#34.0#44.0#VAR 1763 1 0.817328 0.182672 
 ----> 1.3#6.6#34.0#44.0#VAR 1764 0 0.814669 0.185331 
 ----> 1.3#6.6#34.0#44.0#VAR 1765 1 0.8247 0.1753 
 ----> 1.3#6.6#34.0#44.0#VAR 1766 0 0.810664 0.189336 
 ----> 1.3#6.6#34.0#44.0#VAR 1767 0 0.807906 0.192094 
 ----> 1.3#6.6#34.0#44.0#VAR 1768 1 0.810882 0.189118 
 ----> 1.3#6.6#34.0#44.0#VAR 1769 0 0.77166 0.22834 
 ----> 1.3#6.6#34.0#44.0#VAR 1770 0 0.814975 0.185025 
 ----> 1.3#6.6#34.0#44.0#VAR 1771 0 0.803247 0.196753 
 ----> 1.3#6.6#34.0#44.0#VAR 1772 0 0.805832 0.194168 
 ----> 1.3#6.6#34.0#44.0#VAR 1773 0 0.781148 0.218852 
 ----> 1.3#6.6#34.0#44.0#VAR 1774 0 0.811145 0.188855 
 ----> 1.3#6.6#34.0#44.0#VAR 1775 0 0.811109 0.188891 
 ----> 1.3#6.6#34.0#44.0#VAR 1776 0 0.803426 0.196574 
 ----> 1.3#6.6#34.0#44.0#VAR 1777 0 0.815874 0.184126 
 ----> 1.3#6.6#34.0#44.0#VAR 1778 0 0.804054 0.195946 
 ----> 1.3#6.6#34.0#44.0#VAR 1779 0 0.816254 0.183746 
 ----> 1.3#6.6#34.0#44.0#VAR 1780 0 0.800917 0.199083 
 ----> 1.3#6.6#34.0#44.0#VAR 1781 0 0.805984 0.194016 
 ----> 1.3#6.6#34.0#44.0#VAR 1782 0 0.806807 0.193193 
 ----> 1.3#6.6#34.0#44.0#VAR 1783 0 0.825576 0.174424 
 ----> 1.3#6.6#34.0#44.0#VAR 1784 0 0.793124 0.206876 
 ----> 1.3#6.6#34.0#44.0#VAR 1785 0 0.796567 0.203433 
 ----> 1.3#6.6#34.0#44.0#VAR 1786 0 0.793404 0.206596 
 ----> 1.3#6.6#34.0#44.0#VAR 1787 0 0.789335 0.210665 
 ----> 1.3#6.6#34.0#44.0#VAR 1788 1 0.803139 0.196861 
 ----> 1.3#6.6#34.0#44.0#VAR 1789 0 0.811537 0.188463 
 ----> 1.3#6.6#34.0#44.0#VAR 1790 0 0.794612 0.205388 
 ----> 1.3#6.6#34.0#44.0#VAR 1791 0 0.794624 0.205376 
 ----> 1.3#6.6#34.0#44.0#VAR 1792 0 0.808379 0.191621 
 ----> 1.3#6.6#34.0#44.0#VAR 1793 0 0.798296 0.201704 
 ----> 1.3#6.6#34.0#44.0#VAR 1794 0 0.823282 0.176718 
 ----> 1.3#6.6#34.0#44.0#VAR 1795 1 0.817298 0.182702 
 ----> 1.3#6.6#34.0#44.0#VAR 1796 0 0.811661 0.188339 
 ----> 1.3#6.6#34.0#44.0#VAR 1797 1 0.80389 0.19611 
 ----> 1.3#6.6#34.0#44.0#VAR 1798 1 0.801523 0.198477 
 ----> 1.3#6.6#34.0#44.0#VAR 1799 1 0.79945 0.20055 
 ----> 1.3#6.6#34.0#44.0#VAR 1800 0 0.813165 0.186835 
 ----> 1.3#6.6#34.0#44.0#VAR 1801 0 0.802828 0.197172 
 ----> 1.3#6.6#34.0#44.0#VAR 1802 0 0.788452 0.211548 
 ----> 1.3#6.6#34.0#44.0#VAR 1803 0 0.823065 0.176935 
 ----> 1.3#6.6#34.0#44.0#VAR 1804 1 0.801131 0.198869 
 ----> 1.3#6.6#34.0#44.0#VAR 1805 0 0.808258 0.191742 
 ----> 1.3#6.6#34.0#44.0#VAR 1806 0 0.816009 0.183991 
 ----> 1.3#6.6#34.0#44.0#VAR 1807 1 0.797954 0.202046 
 ----> 1.3#6.6#34.0#44.0#VAR 1808 1 0.800881 0.199119 
 ----> 1.3#6.6#34.0#44.0#VAR 1809 0 0.805306 0.194694 
 ----> 1.3#6.6#34.0#44.0#VAR 1810 0 0.811491 0.188509 
 ----> 1.3#6.6#34.0#44.0#VAR 1811 0 0.810051 0.189949 
 ----> 1.3#6.6#34.0#44.0#VAR 1812 0 0.820559 0.179441 
 ----> 1.3#6.6#34.0#44.0#VAR 1813 0 0.803078 0.196922 
 ----> 1.3#6.6#34.0#44.0#VAR 1814 1 0.809312 0.190688 
 ----> 1.3#6.6#34.0#44.0#VAR 1815 0 0.829404 0.170596 
 ----> 1.3#6.6#34.0#44.0#VAR 1816 0 0.820052 0.179948 
 ----> 1.3#6.6#34.0#44.0#VAR 1817 0 0.812223 0.187777 
 ----> 1.3#6.6#34.0#44.0#VAR 1818 0 0.799602 0.200398 
 ----> 1.3#6.6#34.0#44.0#VAR 1819 1 0.805036 0.194964 
 ----> 1.3#6.6#34.0#44.0#VAR 1820 0 0.811673 0.188327 
 ----> 1.3#6.6#34.0#44.0#VAR 1821 1 0.827398 0.172602 
 ----> 1.3#6.6#34.0#44.0#VAR 1822 0 0.817367 0.182633 
 ----> 1.3#6.6#34.0#44.0#VAR 1823 0 0.809257 0.190743 
 ----> 1.3#6.6#34.0#44.0#VAR 1824 0 0.821531 0.178469 
 ----> 1.3#6.6#34.0#44.0#VAR 1825 0 0.821165 0.178835 
 ----> 1.3#6.6#34.0#44.0#VAR 1826 1 0.81614 0.18386 
 ++++> 1.3#6.6#34.0#44.0#VAR 1827  0 0.797618 0.202382 
