 ----> 1.3#6.6#34.0#44.0#VAR 7 0 0.796392 0.203608 
 ----> 1.3#6.6#34.0#44.0#VAR 8 0 0.804645 0.195355 
 ----> 1.3#6.6#34.0#44.0#VAR 9 0 0.810176 0.189824 
 ----> 1.3#6.6#34.0#44.0#VAR 10 0 0.79092 0.20908 
 ----> 1.3#6.6#34.0#44.0#VAR 11 0 0.796898 0.203102 
 ----> 1.3#6.6#34.0#44.0#VAR 12 0 0.812711 0.187289 
 ----> 1.3#6.6#34.0#44.0#VAR 13 0 0.804219 0.195781 
 ----> 1.3#6.6#34.0#44.0#VAR 14 0 0.821857 0.178143 
 ----> 1.3#6.6#34.0#44.0#VAR 15 1 0.802221 0.197779 
 ----> 1.3#6.6#34.0#44.0#VAR 16 1 0.805147 0.194853 
 ----> 1.3#6.6#34.0#44.0#VAR 17 1 0.808251 0.191749 
 ----> 1.3#6.6#34.0#44.0#VAR 18 0 0.818403 0.181597 
 ----> 1.3#6.6#34.0#44.0#VAR 19 0 0.823191 0.176809 
 ----> 1.3#6.6#34.0#44.0#VAR 20 0 0.802562 0.197438 
 ----> 1.3#6.6#34.0#44.0#VAR 21 0 0.799783 0.200217 
 ----> 1.3#6.6#34.0#44.0#VAR 22 0 0.809629 0.190371 
 ----> 1.3#6.6#34.0#44.0#VAR 23 0 0.804165 0.195835 
 ----> 1.3#6.6#34.0#44.0#VAR 24 0 0.804716 0.195284 
 ----> 1.3#6.6#34.0#44.0#VAR 25 0 0.811292 0.188708 
 ----> 1.3#6.6#34.0#44.0#VAR 26 0 0.808007 0.191993 
 ----> 1.3#6.6#34.0#44.0#VAR 27 0 0.821418 0.178582 
 ----> 1.3#6.6#34.0#44.0#VAR 28 0 0.814688 0.185312 
 ----> 1.3#6.6#34.0#44.0#VAR 29 0 0.816297 0.183703 
 ----> 1.3#6.6#34.0#44.0#VAR 30 0 0.8143 0.1857 
 ----> 1.3#6.6#34.0#44.0#VAR 31 0 0.814778 0.185222 
 ----> 1.3#6.6#34.0#44.0#VAR 32 0 0.820778 0.179222 
 ----> 1.3#6.6#34.0#44.0#VAR 33 0 0.816133 0.183867 
 ----> 1.3#6.6#34.0#44.0#VAR 34 0 0.812547 0.187453 
 ----> 1.3#6.6#34.0#44.0#VAR 35 1 0.817315 0.182685 
 ----> 1.3#6.6#34.0#44.0#VAR 36 0 0.815633 0.184367 
 ----> 1.3#6.6#34.0#44.0#VAR 37 0 0.817525 0.182475 
 ----> 1.3#6.6#34.0#44.0#VAR 38 0 0.814182 0.185818 
 ----> 1.3#6.6#34.0#44.0#VAR 39 0 0.817089 0.182911 
 ----> 1.3#6.6#34.0#44.0#VAR 40 0 0.815981 0.184019 
 ----> 1.3#6.6#34.0#44.0#VAR 41 0 0.81515 0.18485 
 ----> 1.3#6.6#34.0#44.0#VAR 42 0 0.818117 0.181883 
 ----> 1.3#6.6#34.0#44.0#VAR 43 0 0.810713 0.189287 
 ----> 1.3#6.6#34.0#44.0#VAR 44 0 0.819173 0.180827 
 ----> 1.3#6.6#34.0#44.0#VAR 45 0 0.814759 0.185241 
 ----> 1.3#6.6#34.0#44.0#VAR 46 0 0.818057 0.181943 
 ----> 1.3#6.6#34.0#44.0#VAR 47 0 0.822058 0.177942 
 ----> 1.3#6.6#34.0#44.0#VAR 48 0 0.82108 0.17892 
 ----> 1.3#6.6#34.0#44.0#VAR 49 0 0.813164 0.186836 
 ----> 1.3#6.6#34.0#44.0#VAR 50 0 0.818203 0.181797 
 ----> 1.3#6.6#34.0#44.0#VAR 51 0 0.81969 0.18031 
 ----> 1.3#6.6#34.0#44.0#VAR 52 1 0.80955 0.19045 
 ----> 1.3#6.6#34.0#44.0#VAR 53 0 0.816885 0.183115 
 ----> 1.3#6.6#34.0#44.0#VAR 54 0 0.811362 0.188638 
 ----> 1.3#6.6#34.0#44.0#VAR 55 0 0.814303 0.185697 
 ----> 1.3#6.6#34.0#44.0#VAR 56 0 0.810708 0.189292 
 ----> 1.3#6.6#34.0#44.0#VAR 57 0 0.817757 0.182243 
 ----> 1.3#6.6#34.0#44.0#VAR 58 0 0.811642 0.188358 
 ----> 1.3#6.6#34.0#44.0#VAR 59 1 0.815339 0.184661 
 ----> 1.3#6.6#34.0#44.0#VAR 60 1 0.816231 0.183769 
 ----> 1.3#6.6#34.0#44.0#VAR 61 0 0.817756 0.182244 
 ----> 1.3#6.6#34.0#44.0#VAR 62 0 0.820207 0.179793 
 ----> 1.3#6.6#34.0#44.0#VAR 63 0 0.807605 0.192395 
 ----> 1.3#6.6#34.0#44.0#VAR 64 0 0.807104 0.192896 
 ----> 1.3#6.6#34.0#44.0#VAR 65 0 0.809513 0.190487 
 ----> 1.3#6.6#34.0#44.0#VAR 66 0 0.817559 0.182441 
 ----> 1.3#6.6#34.0#44.0#VAR 67 0 0.816199 0.183801 
 ----> 1.3#6.6#34.0#44.0#VAR 68 0 0.812117 0.187883 
 ----> 1.3#6.6#34.0#44.0#VAR 69 0 0.807556 0.192444 
 ----> 1.3#6.6#34.0#44.0#VAR 70 1 0.806811 0.193189 
 ----> 1.3#6.6#34.0#44.0#VAR 71 0 0.811946 0.188054 
 ----> 1.3#6.6#34.0#44.0#VAR 72 1 0.811455 0.188545 
 ----> 1.3#6.6#34.0#44.0#VAR 73 0 0.811128 0.188872 
 ----> 1.3#6.6#34.0#44.0#VAR 74 0 0.821553 0.178447 
 ----> 1.3#6.6#34.0#44.0#VAR 75 0 0.819713 0.180287 
 ----> 1.3#6.6#34.0#44.0#VAR 76 0 0.817846 0.182154 
 ----> 1.3#6.6#34.0#44.0#VAR 77 0 0.817927 0.182073 
 ----> 1.3#6.6#34.0#44.0#VAR 78 0 0.817473 0.182527 
 ----> 1.3#6.6#34.0#44.0#VAR 79 0 0.816745 0.183255 
 ----> 1.3#6.6#34.0#44.0#VAR 80 0 0.815754 0.184246 
 ----> 1.3#6.6#34.0#44.0#VAR 81 0 0.815629 0.184371 
 ----> 1.3#6.6#34.0#44.0#VAR 82 0 0.810715 0.189285 
 ----> 1.3#6.6#34.0#44.0#VAR 83 1 0.806227 0.193773 
 ----> 1.3#6.6#34.0#44.0#VAR 84 0 0.813036 0.186964 
 ----> 1.3#6.6#34.0#44.0#VAR 85 0 0.814394 0.185606 
 ----> 1.3#6.6#34.0#44.0#VAR 86 0 0.820572 0.179428 
 ----> 1.3#6.6#34.0#44.0#VAR 87 0 0.814608 0.185392 
 ----> 1.3#6.6#34.0#44.0#VAR 88 1 0.801712 0.198288 
 ----> 1.3#6.6#34.0#44.0#VAR 89 1 0.816462 0.183538 
 ----> 1.3#6.6#34.0#44.0#VAR 90 0 0.821633 0.178367 
 ----> 1.3#6.6#34.0#44.0#VAR 91 0 0.818102 0.181898 
 ----> 1.3#6.6#34.0#44.0#VAR 92 1 0.815769 0.184231 
 ----> 1.3#6.6#34.0#44.0#VAR 93 0 0.813732 0.186268 
 ----> 1.3#6.6#34.0#44.0#VAR 94 1 0.807957 0.192043 
 ----> 1.3#6.6#34.0#44.0#VAR 95 0 0.812528 0.187472 
 ----> 1.3#6.6#34.0#44.0#VAR 96 0 0.823599 0.176401 
 ----> 1.3#6.6#34.0#44.0#VAR 97 0 0.81431 0.18569 
 ----> 1.3#6.6#34.0#44.0#VAR 98 0 0.820172 0.179828 
 ----> 1.3#6.6#34.0#44.0#VAR 99 0 0.819444 0.180556 
 ----> 1.3#6.6#34.0#44.0#VAR 100 1 0.818128 0.181872 
 ----> 1.3#6.6#34.0#44.0#VAR 101 0 0.819053 0.180947 
 ----> 1.3#6.6#34.0#44.0#VAR 102 0 0.813694 0.186306 
 ----> 1.3#6.6#34.0#44.0#VAR 103 0 0.82765 0.17235 
 ----> 1.3#6.6#34.0#44.0#VAR 104 0 0.821221 0.178779 
 ----> 1.3#6.6#34.0#44.0#VAR 105 0 0.822802 0.177198 
 ----> 1.3#6.6#34.0#44.0#VAR 106 0 0.816997 0.183003 
 ----> 1.3#6.6#34.0#44.0#VAR 107 1 0.81652 0.18348 
 ----> 1.3#6.6#34.0#44.0#VAR 108 1 0.814507 0.185493 
 ----> 1.3#6.6#34.0#44.0#VAR 109 0 0.821 0.179 
 ----> 1.3#6.6#34.0#44.0#VAR 110 1 0.805224 0.194776 
 ----> 1.3#6.6#34.0#44.0#VAR 111 0 0.810146 0.189854 
 ----> 1.3#6.6#34.0#44.0#VAR 112 0 0.813033 0.186967 
 ----> 1.3#6.6#34.0#44.0#VAR 113 0 0.802278 0.197722 
 ----> 1.3#6.6#34.0#44.0#VAR 114 0 0.816361 0.183639 
 ----> 1.3#6.6#34.0#44.0#VAR 115 0 0.820908 0.179092 
 ----> 1.3#6.6#34.0#44.0#VAR 116 0 0.815957 0.184043 
 ----> 1.3#6.6#34.0#44.0#VAR 117 0 0.822117 0.177883 
 ----> 1.3#6.6#34.0#44.0#VAR 118 0 0.818453 0.181547 
 ----> 1.3#6.6#34.0#44.0#VAR 119 0 0.816974 0.183026 
 ----> 1.3#6.6#34.0#44.0#VAR 120 0 0.815795 0.184205 
 ----> 1.3#6.6#34.0#44.0#VAR 121 0 0.815195 0.184805 
 ----> 1.3#6.6#34.0#44.0#VAR 122 0 0.816897 0.183103 
 ----> 1.3#6.6#34.0#44.0#VAR 123 0 0.811386 0.188614 
 ----> 1.3#6.6#34.0#44.0#VAR 124 0 0.809543 0.190457 
 ----> 1.3#6.6#34.0#44.0#VAR 125 0 0.812127 0.187873 
 ----> 1.3#6.6#34.0#44.0#VAR 126 0 0.821362 0.178638 
 ----> 1.3#6.6#34.0#44.0#VAR 127 0 0.827855 0.172145 
 ----> 1.3#6.6#34.0#44.0#VAR 128 0 0.815284 0.184716 
 ----> 1.3#6.6#34.0#44.0#VAR 129 0 0.811933 0.188067 
 ----> 1.3#6.6#34.0#44.0#VAR 130 1 0.809958 0.190042 
 ----> 1.3#6.6#34.0#44.0#VAR 131 0 0.823041 0.176959 
 ----> 1.3#6.6#34.0#44.0#VAR 132 0 0.821593 0.178407 
 ----> 1.3#6.6#34.0#44.0#VAR 133 0 0.825467 0.174533 
 ----> 1.3#6.6#34.0#44.0#VAR 134 0 0.817823 0.182177 
 ----> 1.3#6.6#34.0#44.0#VAR 135 0 0.817089 0.182911 
 ----> 1.3#6.6#34.0#44.0#VAR 136 1 0.802548 0.197452 
 ----> 1.3#6.6#34.0#44.0#VAR 137 0 0.802144 0.197856 
 ----> 1.3#6.6#34.0#44.0#VAR 138 0 0.809676 0.190324 
 ----> 1.3#6.6#34.0#44.0#VAR 139 0 0.814434 0.185566 
 ----> 1.3#6.6#34.0#44.0#VAR 140 0 0.830355 0.169645 
 ----> 1.3#6.6#34.0#44.0#VAR 141 0 0.795292 0.204708 
 ----> 1.3#6.6#34.0#44.0#VAR 142 1 0.802024 0.197976 
 ----> 1.3#6.6#34.0#44.0#VAR 143 0 0.809756 0.190244 
 ----> 1.3#6.6#34.0#44.0#VAR 144 0 0.813686 0.186314 
 ----> 1.3#6.6#34.0#44.0#VAR 145 0 0.825105 0.174895 
 ----> 1.3#6.6#34.0#44.0#VAR 146 0 0.81506 0.18494 
 ----> 1.3#6.6#34.0#44.0#VAR 147 1 0.813546 0.186454 
 ----> 1.3#6.6#34.0#44.0#VAR 148 0 0.813281 0.186719 
 ----> 1.3#6.6#34.0#44.0#VAR 149 0 0.823752 0.176248 
 ----> 1.3#6.6#34.0#44.0#VAR 150 0 0.823703 0.176297 
 ----> 1.3#6.6#34.0#44.0#VAR 151 1 0.798807 0.201193 
 ----> 1.3#6.6#34.0#44.0#VAR 152 0 0.815615 0.184385 
 ----> 1.3#6.6#34.0#44.0#VAR 153 0 0.81091 0.18909 
 ----> 1.3#6.6#34.0#44.0#VAR 154 0 0.813867 0.186133 
 ----> 1.3#6.6#34.0#44.0#VAR 155 1 0.800158 0.199842 
 ----> 1.3#6.6#34.0#44.0#VAR 156 0 0.82778 0.17222 
 ----> 1.3#6.6#34.0#44.0#VAR 157 0 0.821195 0.178805 
 ----> 1.3#6.6#34.0#44.0#VAR 158 0 0.822638 0.177362 
 ----> 1.3#6.6#34.0#44.0#VAR 159 1 0.777764 0.222236 
 ----> 1.3#6.6#34.0#44.0#VAR 160 0 0.818042 0.181958 
 ----> 1.3#6.6#34.0#44.0#VAR 161 0 0.820836 0.179164 
 ----> 1.3#6.6#34.0#44.0#VAR 162 0 0.815031 0.184969 
 ----> 1.3#6.6#34.0#44.0#VAR 163 0 0.798347 0.201653 
 ----> 1.3#6.6#34.0#44.0#VAR 164 0 0.822263 0.177737 
 ----> 1.3#6.6#34.0#44.0#VAR 165 0 0.822589 0.177411 
 ----> 1.3#6.6#34.0#44.0#VAR 166 0 0.814289 0.185711 
 ----> 1.3#6.6#34.0#44.0#VAR 167 0 0.817389 0.182611 
 ----> 1.3#6.6#34.0#44.0#VAR 168 0 0.825743 0.174257 
 ----> 1.3#6.6#34.0#44.0#VAR 169 1 0.800565 0.199435 
 ----> 1.3#6.6#34.0#44.0#VAR 170 0 0.830205 0.169795 
 ----> 1.3#6.6#34.0#44.0#VAR 171 0 0.815469 0.184531 
 ----> 1.3#6.6#34.0#44.0#VAR 172 0 0.816518 0.183482 
 ----> 1.3#6.6#34.0#44.0#VAR 173 1 0.818993 0.181007 
 ----> 1.3#6.6#34.0#44.0#VAR 174 1 0.801645 0.198355 
 ----> 1.3#6.6#34.0#44.0#VAR 175 1 0.809102 0.190898 
 ----> 1.3#6.6#34.0#44.0#VAR 176 0 0.817444 0.182556 
 ----> 1.3#6.6#34.0#44.0#VAR 177 0 0.807813 0.192187 
 ----> 1.3#6.6#34.0#44.0#VAR 178 0 0.820818 0.179182 
 ----> 1.3#6.6#34.0#44.0#VAR 179 1 0.804464 0.195536 
 ----> 1.3#6.6#34.0#44.0#VAR 180 0 0.823161 0.176839 
 ----> 1.3#6.6#34.0#44.0#VAR 181 1 0.807532 0.192468 
 ----> 1.3#6.6#34.0#44.0#VAR 182 0 0.826375 0.173625 
 ----> 1.3#6.6#34.0#44.0#VAR 183 0 0.817856 0.182144 
 ----> 1.3#6.6#34.0#44.0#VAR 184 1 0.812423 0.187577 
 ----> 1.3#6.6#34.0#44.0#VAR 185 0 0.817263 0.182737 
 ----> 1.3#6.6#34.0#44.0#VAR 186 0 0.818312 0.181688 
 ----> 1.3#6.6#34.0#44.0#VAR 187 1 0.796085 0.203915 
 ----> 1.3#6.6#34.0#44.0#VAR 188 0 0.807714 0.192286 
 ----> 1.3#6.6#34.0#44.0#VAR 189 0 0.819294 0.180706 
 ----> 1.3#6.6#34.0#44.0#VAR 190 0 0.807649 0.192351 
 ----> 1.3#6.6#34.0#44.0#VAR 191 1 0.802861 0.197139 
 ----> 1.3#6.6#34.0#44.0#VAR 192 0 0.819307 0.180693 
 ----> 1.3#6.6#34.0#44.0#VAR 193 0 0.815043 0.184957 
 ----> 1.3#6.6#34.0#44.0#VAR 194 1 0.789598 0.210402 
 ----> 1.3#6.6#34.0#44.0#VAR 195 0 0.803926 0.196074 
 ----> 1.3#6.6#34.0#44.0#VAR 196 0 0.815831 0.184169 
 ----> 1.3#6.6#34.0#44.0#VAR 197 1 0.796915 0.203085 
 ----> 1.3#6.6#34.0#44.0#VAR 198 0 0.814684 0.185316 
 ----> 1.3#6.6#34.0#44.0#VAR 199 0 0.819228 0.180772 
 ----> 1.3#6.6#34.0#44.0#VAR 200 1 0.816764 0.183236 
 ----> 1.3#6.6#34.0#44.0#VAR 201 0 0.827887 0.172113 
 ----> 1.3#6.6#34.0#44.0#VAR 202 0 0.812392 0.187608 
 ----> 1.3#6.6#34.0#44.0#VAR 203 0 0.81601 0.18399 
 ----> 1.3#6.6#34.0#44.0#VAR 204 1 0.805644 0.194356 
 ----> 1.3#6.6#34.0#44.0#VAR 205 0 0.825774 0.174226 
 ----> 1.3#6.6#34.0#44.0#VAR 206 0 0.813062 0.186938 
 ----> 1.3#6.6#34.0#44.0#VAR 207 0 0.824076 0.175924 
 ----> 1.3#6.6#34.0#44.0#VAR 208 0 0.827622 0.172378 
 ----> 1.3#6.6#34.0#44.0#VAR 209 1 0.799629 0.200371 
 ----> 1.3#6.6#34.0#44.0#VAR 210 1 0.797532 0.202468 
 ----> 1.3#6.6#34.0#44.0#VAR 211 1 0.797431 0.202569 
 ----> 1.3#6.6#34.0#44.0#VAR 212 0 0.820253 0.179747 
 ----> 1.3#6.6#34.0#44.0#VAR 213 0 0.803589 0.196411 
 ----> 1.3#6.6#34.0#44.0#VAR 214 0 0.805939 0.194061 
 ----> 1.3#6.6#34.0#44.0#VAR 215 0 0.818194 0.181806 
 ----> 1.3#6.6#34.0#44.0#VAR 216 0 0.814939 0.185061 
 ----> 1.3#6.6#34.0#44.0#VAR 217 1 0.79968 0.20032 
 ----> 1.3#6.6#34.0#44.0#VAR 218 0 0.812457 0.187543 
 ----> 1.3#6.6#34.0#44.0#VAR 219 0 0.813095 0.186905 
 ----> 1.3#6.6#34.0#44.0#VAR 220 0 0.812791 0.187209 
 ----> 1.3#6.6#34.0#44.0#VAR 221 0 0.825048 0.174952 
 ----> 1.3#6.6#34.0#44.0#VAR 222 0 0.824842 0.175158 
 ----> 1.3#6.6#34.0#44.0#VAR 223 0 0.811162 0.188838 
 ----> 1.3#6.6#34.0#44.0#VAR 224 0 0.815034 0.184966 
 ----> 1.3#6.6#34.0#44.0#VAR 225 0 0.816911 0.183089 
 ----> 1.3#6.6#34.0#44.0#VAR 226 0 0.817987 0.182013 
 ----> 1.3#6.6#34.0#44.0#VAR 227 0 0.826141 0.173859 
 ----> 1.3#6.6#34.0#44.0#VAR 228 0 0.81506 0.18494 
 ----> 1.3#6.6#34.0#44.0#VAR 229 0 0.821396 0.178604 
 ----> 1.3#6.6#34.0#44.0#VAR 230 0 0.82612 0.17388 
 ----> 1.3#6.6#34.0#44.0#VAR 231 0 0.808425 0.191575 
 ----> 1.3#6.6#34.0#44.0#VAR 232 0 0.812345 0.187655 
 ----> 1.3#6.6#34.0#44.0#VAR 233 0 0.808378 0.191622 
 ----> 1.3#6.6#34.0#44.0#VAR 234 0 0.825584 0.174416 
 ----> 1.3#6.6#34.0#44.0#VAR 235 0 0.814269 0.185731 
 ----> 1.3#6.6#34.0#44.0#VAR 236 0 0.812563 0.187437 
 ----> 1.3#6.6#34.0#44.0#VAR 237 0 0.804154 0.195846 
 ----> 1.3#6.6#34.0#44.0#VAR 238 0 0.816457 0.183543 
 ----> 1.3#6.6#34.0#44.0#VAR 239 0 0.817594 0.182406 
 ----> 1.3#6.6#34.0#44.0#VAR 240 0 0.815885 0.184115 
 ----> 1.3#6.6#34.0#44.0#VAR 241 0 0.80509 0.19491 
 ----> 1.3#6.6#34.0#44.0#VAR 242 0 0.820857 0.179143 
 ----> 1.3#6.6#34.0#44.0#VAR 243 0 0.815396 0.184604 
 ----> 1.3#6.6#34.0#44.0#VAR 244 0 0.826232 0.173768 
 ----> 1.3#6.6#34.0#44.0#VAR 245 0 0.810155 0.189845 
 ----> 1.3#6.6#34.0#44.0#VAR 246 0 0.821305 0.178695 
 ----> 1.3#6.6#34.0#44.0#VAR 247 0 0.820762 0.179238 
 ----> 1.3#6.6#34.0#44.0#VAR 248 1 0.794242 0.205758 
 ----> 1.3#6.6#34.0#44.0#VAR 249 0 0.802176 0.197824 
 ----> 1.3#6.6#34.0#44.0#VAR 250 1 0.798151 0.201849 
 ----> 1.3#6.6#34.0#44.0#VAR 251 0 0.807024 0.192976 
 ----> 1.3#6.6#34.0#44.0#VAR 252 0 0.808805 0.191195 
 ----> 1.3#6.6#34.0#44.0#VAR 253 0 0.810212 0.189788 
 ----> 1.3#6.6#34.0#44.0#VAR 254 0 0.807552 0.192448 
 ----> 1.3#6.6#34.0#44.0#VAR 255 0 0.804854 0.195146 
 ----> 1.3#6.6#34.0#44.0#VAR 256 0 0.817233 0.182767 
 ----> 1.3#6.6#34.0#44.0#VAR 257 0 0.822061 0.177939 
 ----> 1.3#6.6#34.0#44.0#VAR 258 0 0.816633 0.183367 
 ----> 1.3#6.6#34.0#44.0#VAR 259 1 0.81033 0.18967 
 ----> 1.3#6.6#34.0#44.0#VAR 260 0 0.811046 0.188954 
 ----> 1.3#6.6#34.0#44.0#VAR 261 0 0.812367 0.187633 
 ----> 1.3#6.6#34.0#44.0#VAR 262 0 0.812282 0.187718 
 ----> 1.3#6.6#34.0#44.0#VAR 263 0 0.818891 0.181109 
 ----> 1.3#6.6#34.0#44.0#VAR 264 0 0.819339 0.180661 
 ----> 1.3#6.6#34.0#44.0#VAR 265 0 0.813142 0.186858 
 ----> 1.3#6.6#34.0#44.0#VAR 266 0 0.822144 0.177856 
 ----> 1.3#6.6#34.0#44.0#VAR 267 0 0.823125 0.176875 
 ----> 1.3#6.6#34.0#44.0#VAR 268 0 0.808232 0.191768 
 ----> 1.3#6.6#34.0#44.0#VAR 269 0 0.815193 0.184807 
 ----> 1.3#6.6#34.0#44.0#VAR 270 0 0.820914 0.179086 
 ----> 1.3#6.6#34.0#44.0#VAR 271 0 0.810708 0.189292 
 ----> 1.3#6.6#34.0#44.0#VAR 272 0 0.823503 0.176497 
 ----> 1.3#6.6#34.0#44.0#VAR 273 0 0.814283 0.185717 
 ----> 1.3#6.6#34.0#44.0#VAR 274 1 0.80736 0.19264 
 ----> 1.3#6.6#34.0#44.0#VAR 275 0 0.819034 0.180966 
 ----> 1.3#6.6#34.0#44.0#VAR 276 0 0.813005 0.186995 
 ----> 1.3#6.6#34.0#44.0#VAR 277 0 0.82054 0.17946 
 ----> 1.3#6.6#34.0#44.0#VAR 278 0 0.822096 0.177904 
 ----> 1.3#6.6#34.0#44.0#VAR 279 0 0.814117 0.185883 
 ----> 1.3#6.6#34.0#44.0#VAR 280 0 0.814277 0.185723 
 ----> 1.3#6.6#34.0#44.0#VAR 281 0 0.812644 0.187356 
 ----> 1.3#6.6#34.0#44.0#VAR 282 0 0.817925 0.182075 
 ----> 1.3#6.6#34.0#44.0#VAR 283 0 0.81535 0.18465 
 ----> 1.3#6.6#34.0#44.0#VAR 284 0 0.820599 0.179401 
 ----> 1.3#6.6#34.0#44.0#VAR 285 0 0.815215 0.184785 
 ----> 1.3#6.6#34.0#44.0#VAR 286 1 0.799292 0.200708 
 ----> 1.3#6.6#34.0#44.0#VAR 287 1 0.810988 0.189012 
 ----> 1.3#6.6#34.0#44.0#VAR 288 0 0.824279 0.175721 
 ----> 1.3#6.6#34.0#44.0#VAR 289 0 0.815645 0.184355 
 ----> 1.3#6.6#34.0#44.0#VAR 290 0 0.8211 0.1789 
 ----> 1.3#6.6#34.0#44.0#VAR 291 0 0.801801 0.198199 
 ----> 1.3#6.6#34.0#44.0#VAR 292 0 0.816016 0.183984 
 ----> 1.3#6.6#34.0#44.0#VAR 293 0 0.812035 0.187965 
 ----> 1.3#6.6#34.0#44.0#VAR 294 0 0.819055 0.180945 
 ----> 1.3#6.6#34.0#44.0#VAR 295 0 0.827073 0.172927 
 ----> 1.3#6.6#34.0#44.0#VAR 296 0 0.821743 0.178257 
 ----> 1.3#6.6#34.0#44.0#VAR 297 0 0.813199 0.186801 
 ----> 1.3#6.6#34.0#44.0#VAR 298 0 0.810569 0.189431 
 ----> 1.3#6.6#34.0#44.0#VAR 299 0 0.814845 0.185155 
 ----> 1.3#6.6#34.0#44.0#VAR 300 0 0.815502 0.184498 
 ----> 1.3#6.6#34.0#44.0#VAR 301 0 0.817276 0.182724 
 ----> 1.3#6.6#34.0#44.0#VAR 302 0 0.81644 0.18356 
 ----> 1.3#6.6#34.0#44.0#VAR 303 0 0.816092 0.183908 
 ----> 1.3#6.6#34.0#44.0#VAR 304 0 0.819257 0.180743 
 ----> 1.3#6.6#34.0#44.0#VAR 305 0 0.819229 0.180771 
 ----> 1.3#6.6#34.0#44.0#VAR 306 0 0.815728 0.184272 
 ----> 1.3#6.6#34.0#44.0#VAR 307 0 0.827165 0.172835 
 ----> 1.3#6.6#34.0#44.0#VAR 308 0 0.818228 0.181772 
 ----> 1.3#6.6#34.0#44.0#VAR 309 0 0.813344 0.186656 
 ----> 1.3#6.6#34.0#44.0#VAR 310 0 0.811624 0.188376 
 ----> 1.3#6.6#34.0#44.0#VAR 311 0 0.817304 0.182696 
 ----> 1.3#6.6#34.0#44.0#VAR 312 0 0.830344 0.169656 
 ----> 1.3#6.6#34.0#44.0#VAR 313 0 0.823346 0.176654 
 ----> 1.3#6.6#34.0#44.0#VAR 314 0 0.819334 0.180666 
 ----> 1.3#6.6#34.0#44.0#VAR 315 0 0.817227 0.182773 
 ----> 1.3#6.6#34.0#44.0#VAR 316 0 0.817217 0.182783 
 ----> 1.3#6.6#34.0#44.0#VAR 317 1 0.804648 0.195352 
 ----> 1.3#6.6#34.0#44.0#VAR 318 0 0.819259 0.180741 
 ----> 1.3#6.6#34.0#44.0#VAR 319 0 0.804483 0.195517 
 ----> 1.3#6.6#34.0#44.0#VAR 320 0 0.815919 0.184081 
 ----> 1.3#6.6#34.0#44.0#VAR 321 0 0.806974 0.193026 
 ----> 1.3#6.6#34.0#44.0#VAR 322 0 0.822527 0.177473 
 ----> 1.3#6.6#34.0#44.0#VAR 323 0 0.810742 0.189258 
 ----> 1.3#6.6#34.0#44.0#VAR 324 0 0.817868 0.182132 
 ----> 1.3#6.6#34.0#44.0#VAR 325 0 0.81958 0.18042 
 ----> 1.3#6.6#34.0#44.0#VAR 326 0 0.819432 0.180568 
 ----> 1.3#6.6#34.0#44.0#VAR 327 0 0.815983 0.184017 
 ----> 1.3#6.6#34.0#44.0#VAR 328 0 0.813788 0.186212 
 ----> 1.3#6.6#34.0#44.0#VAR 329 0 0.824078 0.175922 
 ----> 1.3#6.6#34.0#44.0#VAR 330 0 0.800303 0.199697 
 ----> 1.3#6.6#34.0#44.0#VAR 331 0 0.810769 0.189231 
 ----> 1.3#6.6#34.0#44.0#VAR 332 1 0.792428 0.207572 
 ----> 1.3#6.6#34.0#44.0#VAR 333 0 0.808925 0.191075 
 ----> 1.3#6.6#34.0#44.0#VAR 334 0 0.811766 0.188234 
 ----> 1.3#6.6#34.0#44.0#VAR 335 0 0.807165 0.192835 
 ----> 1.3#6.6#34.0#44.0#VAR 336 0 0.812027 0.187973 
 ----> 1.3#6.6#34.0#44.0#VAR 337 0 0.81558 0.18442 
 ----> 1.3#6.6#34.0#44.0#VAR 338 0 0.817449 0.182551 
 ----> 1.3#6.6#34.0#44.0#VAR 339 0 0.813789 0.186211 
 ----> 1.3#6.6#34.0#44.0#VAR 340 0 0.82983 0.17017 
 ----> 1.3#6.6#34.0#44.0#VAR 341 0 0.818551 0.181449 
 ----> 1.3#6.6#34.0#44.0#VAR 342 0 0.813017 0.186983 
 ----> 1.3#6.6#34.0#44.0#VAR 343 0 0.80588 0.19412 
 ----> 1.3#6.6#34.0#44.0#VAR 344 0 0.813456 0.186544 
 ----> 1.3#6.6#34.0#44.0#VAR 345 0 0.813996 0.186004 
 ----> 1.3#6.6#34.0#44.0#VAR 346 0 0.821879 0.178121 
 ----> 1.3#6.6#34.0#44.0#VAR 347 0 0.826094 0.173906 
 ----> 1.3#6.6#34.0#44.0#VAR 348 0 0.815827 0.184173 
 ----> 1.3#6.6#34.0#44.0#VAR 349 0 0.817938 0.182062 
 ----> 1.3#6.6#34.0#44.0#VAR 350 0 0.819155 0.180845 
 ----> 1.3#6.6#34.0#44.0#VAR 351 0 0.808921 0.191079 
 ----> 1.3#6.6#34.0#44.0#VAR 352 0 0.812767 0.187233 
 ----> 1.3#6.6#34.0#44.0#VAR 353 0 0.820546 0.179454 
 ----> 1.3#6.6#34.0#44.0#VAR 354 0 0.822296 0.177704 
 ----> 1.3#6.6#34.0#44.0#VAR 355 0 0.827977 0.172023 
 ----> 1.3#6.6#34.0#44.0#VAR 356 0 0.824155 0.175845 
 ----> 1.3#6.6#34.0#44.0#VAR 357 0 0.821894 0.178106 
 ----> 1.3#6.6#34.0#44.0#VAR 358 0 0.824791 0.175209 
 ----> 1.3#6.6#34.0#44.0#VAR 359 1 0.795728 0.204272 
 ----> 1.3#6.6#34.0#44.0#VAR 360 0 0.817197 0.182803 
 ----> 1.3#6.6#34.0#44.0#VAR 361 1 0.802637 0.197363 
 ----> 1.3#6.6#34.0#44.0#VAR 362 0 0.812898 0.187102 
 ----> 1.3#6.6#34.0#44.0#VAR 363 0 0.827996 0.172004 
 ----> 1.3#6.6#34.0#44.0#VAR 364 0 0.828052 0.171948 
 ----> 1.3#6.6#34.0#44.0#VAR 365 0 0.816942 0.183058 
 ----> 1.3#6.6#34.0#44.0#VAR 366 0 0.822173 0.177827 
 ----> 1.3#6.6#34.0#44.0#VAR 367 0 0.826298 0.173702 
 ----> 1.3#6.6#34.0#44.0#VAR 368 0 0.815192 0.184808 
 ----> 1.3#6.6#34.0#44.0#VAR 369 0 0.823429 0.176571 
 ----> 1.3#6.6#34.0#44.0#VAR 370 0 0.824807 0.175193 
 ----> 1.3#6.6#34.0#44.0#VAR 371 1 0.807175 0.192825 
 ----> 1.3#6.6#34.0#44.0#VAR 372 0 0.817391 0.182609 
 ----> 1.3#6.6#34.0#44.0#VAR 373 0 0.826304 0.173696 
 ----> 1.3#6.6#34.0#44.0#VAR 374 0 0.828134 0.171866 
 ----> 1.3#6.6#34.0#44.0#VAR 375 1 0.818438 0.181562 
 ----> 1.3#6.6#34.0#44.0#VAR 376 0 0.819455 0.180545 
 ----> 1.3#6.6#34.0#44.0#VAR 377 0 0.810084 0.189916 
 ----> 1.3#6.6#34.0#44.0#VAR 378 0 0.821213 0.178787 
 ----> 1.3#6.6#34.0#44.0#VAR 379 0 0.824724 0.175276 
 ----> 1.3#6.6#34.0#44.0#VAR 380 0 0.822684 0.177316 
 ----> 1.3#6.6#34.0#44.0#VAR 381 0 0.818208 0.181792 
 ----> 1.3#6.6#34.0#44.0#VAR 382 0 0.808936 0.191064 
 ----> 1.3#6.6#34.0#44.0#VAR 383 0 0.819498 0.180502 
 ----> 1.3#6.6#34.0#44.0#VAR 384 0 0.811744 0.188256 
 ----> 1.3#6.6#34.0#44.0#VAR 385 0 0.818666 0.181334 
 ----> 1.3#6.6#34.0#44.0#VAR 386 0 0.818862 0.181138 
 ----> 1.3#6.6#34.0#44.0#VAR 387 0 0.814094 0.185906 
 ----> 1.3#6.6#34.0#44.0#VAR 388 1 0.806312 0.193688 
 ----> 1.3#6.6#34.0#44.0#VAR 389 0 0.820597 0.179403 
 ----> 1.3#6.6#34.0#44.0#VAR 390 0 0.820544 0.179456 
 ----> 1.3#6.6#34.0#44.0#VAR 391 1 0.794273 0.205727 
 ----> 1.3#6.6#34.0#44.0#VAR 392 0 0.806457 0.193543 
 ----> 1.3#6.6#34.0#44.0#VAR 393 0 0.816917 0.183083 
 ----> 1.3#6.6#34.0#44.0#VAR 394 0 0.81435 0.18565 
 ----> 1.3#6.6#34.0#44.0#VAR 395 1 0.809106 0.190894 
 ----> 1.3#6.6#34.0#44.0#VAR 396 0 0.824789 0.175211 
 ----> 1.3#6.6#34.0#44.0#VAR 397 0 0.819787 0.180213 
 ----> 1.3#6.6#34.0#44.0#VAR 398 0 0.807554 0.192446 
 ----> 1.3#6.6#34.0#44.0#VAR 399 1 0.801721 0.198279 
 ----> 1.3#6.6#34.0#44.0#VAR 400 0 0.819624 0.180376 
 ----> 1.3#6.6#34.0#44.0#VAR 401 0 0.811886 0.188114 
 ----> 1.3#6.6#34.0#44.0#VAR 402 1 0.806603 0.193397 
 ----> 1.3#6.6#34.0#44.0#VAR 403 1 0.792128 0.207872 
 ----> 1.3#6.6#34.0#44.0#VAR 404 0 0.807605 0.192395 
 ----> 1.3#6.6#34.0#44.0#VAR 405 0 0.804169 0.195831 
 ----> 1.3#6.6#34.0#44.0#VAR 406 0 0.821017 0.178983 
 ----> 1.3#6.6#34.0#44.0#VAR 407 0 0.803304 0.196696 
 ----> 1.3#6.6#34.0#44.0#VAR 408 0 0.805479 0.194521 
 ----> 1.3#6.6#34.0#44.0#VAR 409 1 0.819631 0.180369 
 ----> 1.3#6.6#34.0#44.0#VAR 410 0 0.818804 0.181196 
 ----> 1.3#6.6#34.0#44.0#VAR 411 0 0.808666 0.191334 
 ----> 1.3#6.6#34.0#44.0#VAR 412 0 0.81027 0.18973 
 ----> 1.3#6.6#34.0#44.0#VAR 413 0 0.819042 0.180958 
 ----> 1.3#6.6#34.0#44.0#VAR 414 0 0.809626 0.190374 
 ----> 1.3#6.6#34.0#44.0#VAR 415 0 0.812271 0.187729 
 ----> 1.3#6.6#34.0#44.0#VAR 416 0 0.813397 0.186603 
 ----> 1.3#6.6#34.0#44.0#VAR 417 0 0.822913 0.177087 
 ----> 1.3#6.6#34.0#44.0#VAR 418 0 0.836623 0.163377 
 ----> 1.3#6.6#34.0#44.0#VAR 419 0 0.826631 0.173369 
 ----> 1.3#6.6#34.0#44.0#VAR 420 0 0.82237 0.17763 
 ----> 1.3#6.6#34.0#44.0#VAR 421 0 0.820871 0.179129 
 ----> 1.3#6.6#34.0#44.0#VAR 422 0 0.817208 0.182792 
 ----> 1.3#6.6#34.0#44.0#VAR 423 1 0.805493 0.194507 
 ----> 1.3#6.6#34.0#44.0#VAR 424 0 0.817323 0.182677 
 ----> 1.3#6.6#34.0#44.0#VAR 425 0 0.817341 0.182659 
 ----> 1.3#6.6#34.0#44.0#VAR 426 0 0.816076 0.183924 
 ----> 1.3#6.6#34.0#44.0#VAR 427 0 0.8234 0.1766 
 ----> 1.3#6.6#34.0#44.0#VAR 428 0 0.825193 0.174807 
 ----> 1.3#6.6#34.0#44.0#VAR 429 1 0.802388 0.197612 
 ----> 1.3#6.6#34.0#44.0#VAR 430 1 0.812286 0.187714 
 ----> 1.3#6.6#34.0#44.0#VAR 431 1 0.813132 0.186868 
 ----> 1.3#6.6#34.0#44.0#VAR 432 0 0.830307 0.169693 
 ----> 1.3#6.6#34.0#44.0#VAR 433 0 0.829832 0.170168 
 ----> 1.3#6.6#34.0#44.0#VAR 434 0 0.822844 0.177156 
 ----> 1.3#6.6#34.0#44.0#VAR 435 0 0.820372 0.179628 
 ----> 1.3#6.6#34.0#44.0#VAR 436 0 0.798482 0.201518 
 ----> 1.3#6.6#34.0#44.0#VAR 437 0 0.813332 0.186668 
 ----> 1.3#6.6#34.0#44.0#VAR 438 0 0.809589 0.190411 
 ----> 1.3#6.6#34.0#44.0#VAR 439 1 0.801851 0.198149 
 ----> 1.3#6.6#34.0#44.0#VAR 440 0 0.806861 0.193139 
 ----> 1.3#6.6#34.0#44.0#VAR 441 0 0.80706 0.19294 
 ----> 1.3#6.6#34.0#44.0#VAR 442 0 0.820964 0.179036 
 ----> 1.3#6.6#34.0#44.0#VAR 443 1 0.814979 0.185021 
 ----> 1.3#6.6#34.0#44.0#VAR 444 1 0.800842 0.199158 
 ----> 1.3#6.6#34.0#44.0#VAR 445 0 0.801973 0.198027 
 ----> 1.3#6.6#34.0#44.0#VAR 446 0 0.819775 0.180225 
 ----> 1.3#6.6#34.0#44.0#VAR 447 0 0.81828 0.18172 
 ----> 1.3#6.6#34.0#44.0#VAR 448 0 0.81875 0.18125 
 ----> 1.3#6.6#34.0#44.0#VAR 449 0 0.817397 0.182603 
 ----> 1.3#6.6#34.0#44.0#VAR 450 0 0.813343 0.186657 
 ----> 1.3#6.6#34.0#44.0#VAR 451 0 0.814919 0.185081 
 ----> 1.3#6.6#34.0#44.0#VAR 452 0 0.8162 0.1838 
 ----> 1.3#6.6#34.0#44.0#VAR 453 0 0.824016 0.175984 
 ----> 1.3#6.6#34.0#44.0#VAR 454 0 0.824464 0.175536 
 ----> 1.3#6.6#34.0#44.0#VAR 455 0 0.821096 0.178904 
 ----> 1.3#6.6#34.0#44.0#VAR 456 0 0.818748 0.181252 
 ----> 1.3#6.6#34.0#44.0#VAR 457 0 0.82122 0.17878 
 ----> 1.3#6.6#34.0#44.0#VAR 458 0 0.826729 0.173271 
 ----> 1.3#6.6#34.0#44.0#VAR 459 0 0.815471 0.184529 
 ----> 1.3#6.6#34.0#44.0#VAR 460 0 0.816808 0.183192 
 ----> 1.3#6.6#34.0#44.0#VAR 461 0 0.813747 0.186253 
 ----> 1.3#6.6#34.0#44.0#VAR 462 0 0.815658 0.184342 
 ----> 1.3#6.6#34.0#44.0#VAR 463 0 0.808461 0.191539 
 ----> 1.3#6.6#34.0#44.0#VAR 464 0 0.816473 0.183527 
 ----> 1.3#6.6#34.0#44.0#VAR 465 0 0.818235 0.181765 
 ----> 1.3#6.6#34.0#44.0#VAR 466 0 0.819824 0.180176 
 ----> 1.3#6.6#34.0#44.0#VAR 467 0 0.827499 0.172501 
 ----> 1.3#6.6#34.0#44.0#VAR 468 0 0.814309 0.185691 
 ----> 1.3#6.6#34.0#44.0#VAR 469 0 0.818523 0.181477 
 ----> 1.3#6.6#34.0#44.0#VAR 470 0 0.818419 0.181581 
 ----> 1.3#6.6#34.0#44.0#VAR 471 0 0.824629 0.175371 
 ----> 1.3#6.6#34.0#44.0#VAR 472 0 0.825379 0.174621 
 ----> 1.3#6.6#34.0#44.0#VAR 473 0 0.818865 0.181135 
 ----> 1.3#6.6#34.0#44.0#VAR 474 0 0.815955 0.184045 
 ----> 1.3#6.6#34.0#44.0#VAR 475 0 0.818604 0.181396 
 ----> 1.3#6.6#34.0#44.0#VAR 476 0 0.823457 0.176543 
 ----> 1.3#6.6#34.0#44.0#VAR 477 0 0.807388 0.192612 
 ----> 1.3#6.6#34.0#44.0#VAR 478 0 0.817337 0.182663 
 ----> 1.3#6.6#34.0#44.0#VAR 479 0 0.817212 0.182788 
 ----> 1.3#6.6#34.0#44.0#VAR 480 0 0.80854 0.19146 
 ----> 1.3#6.6#34.0#44.0#VAR 481 0 0.812674 0.187326 
 ----> 1.3#6.6#34.0#44.0#VAR 482 0 0.821622 0.178378 
 ----> 1.3#6.6#34.0#44.0#VAR 483 1 0.798526 0.201474 
 ----> 1.3#6.6#34.0#44.0#VAR 484 0 0.820142 0.179858 
 ----> 1.3#6.6#34.0#44.0#VAR 485 0 0.819048 0.180952 
 ----> 1.3#6.6#34.0#44.0#VAR 486 0 0.811906 0.188094 
 ----> 1.3#6.6#34.0#44.0#VAR 487 0 0.819135 0.180865 
 ----> 1.3#6.6#34.0#44.0#VAR 488 0 0.817861 0.182139 
 ----> 1.3#6.6#34.0#44.0#VAR 489 0 0.817994 0.182006 
 ----> 1.3#6.6#34.0#44.0#VAR 490 0 0.81464 0.18536 
 ----> 1.3#6.6#34.0#44.0#VAR 491 0 0.81814 0.18186 
 ----> 1.3#6.6#34.0#44.0#VAR 492 0 0.831525 0.168475 
 ----> 1.3#6.6#34.0#44.0#VAR 493 1 0.801119 0.198881 
 ----> 1.3#6.6#34.0#44.0#VAR 494 0 0.817645 0.182355 
 ----> 1.3#6.6#34.0#44.0#VAR 495 0 0.821031 0.178969 
 ----> 1.3#6.6#34.0#44.0#VAR 496 0 0.821444 0.178556 
 ----> 1.3#6.6#34.0#44.0#VAR 497 1 0.810115 0.189885 
 ----> 1.3#6.6#34.0#44.0#VAR 498 0 0.816801 0.183199 
 ----> 1.3#6.6#34.0#44.0#VAR 499 1 0.809993 0.190007 
 ----> 1.3#6.6#34.0#44.0#VAR 500 0 0.802395 0.197605 
 ----> 1.3#6.6#34.0#44.0#VAR 501 0 0.813622 0.186378 
 ----> 1.3#6.6#34.0#44.0#VAR 502 1 0.800922 0.199078 
 ----> 1.3#6.6#34.0#44.0#VAR 503 0 0.820993 0.179007 
 ----> 1.3#6.6#34.0#44.0#VAR 504 1 0.813629 0.186371 
 ----> 1.3#6.6#34.0#44.0#VAR 505 0 0.810165 0.189835 
 ----> 1.3#6.6#34.0#44.0#VAR 506 0 0.827118 0.172882 
 ----> 1.3#6.6#34.0#44.0#VAR 507 0 0.812232 0.187768 
 ----> 1.3#6.6#34.0#44.0#VAR 508 0 0.812645 0.187355 
 ----> 1.3#6.6#34.0#44.0#VAR 509 0 0.814846 0.185154 
 ----> 1.3#6.6#34.0#44.0#VAR 510 0 0.816285 0.183715 
 ----> 1.3#6.6#34.0#44.0#VAR 511 1 0.807423 0.192577 
 ----> 1.3#6.6#34.0#44.0#VAR 512 0 0.81844 0.18156 
 ----> 1.3#6.6#34.0#44.0#VAR 513 0 0.811704 0.188296 
 ----> 1.3#6.6#34.0#44.0#VAR 514 0 0.827707 0.172293 
 ----> 1.3#6.6#34.0#44.0#VAR 515 0 0.81844 0.18156 
 ----> 1.3#6.6#34.0#44.0#VAR 516 1 0.814533 0.185467 
 ----> 1.3#6.6#34.0#44.0#VAR 517 0 0.822479 0.177521 
 ----> 1.3#6.6#34.0#44.0#VAR 518 0 0.821319 0.178681 
 ----> 1.3#6.6#34.0#44.0#VAR 519 0 0.826613 0.173387 
 ----> 1.3#6.6#34.0#44.0#VAR 520 0 0.817631 0.182369 
 ----> 1.3#6.6#34.0#44.0#VAR 521 0 0.815905 0.184095 
 ----> 1.3#6.6#34.0#44.0#VAR 522 0 0.817569 0.182431 
 ----> 1.3#6.6#34.0#44.0#VAR 523 0 0.818595 0.181405 
 ----> 1.3#6.6#34.0#44.0#VAR 524 0 0.808275 0.191725 
 ----> 1.3#6.6#34.0#44.0#VAR 525 0 0.823731 0.176269 
 ----> 1.3#6.6#34.0#44.0#VAR 526 0 0.813183 0.186817 
 ----> 1.3#6.6#34.0#44.0#VAR 527 1 0.819525 0.180475 
 ----> 1.3#6.6#34.0#44.0#VAR 528 1 0.814247 0.185753 
 ----> 1.3#6.6#34.0#44.0#VAR 529 0 0.819001 0.180999 
 ----> 1.3#6.6#34.0#44.0#VAR 530 0 0.811593 0.188407 
 ----> 1.3#6.6#34.0#44.0#VAR 531 0 0.826942 0.173058 
 ----> 1.3#6.6#34.0#44.0#VAR 532 0 0.818566 0.181434 
 ----> 1.3#6.6#34.0#44.0#VAR 533 0 0.80086 0.19914 
 ----> 1.3#6.6#34.0#44.0#VAR 534 0 0.800615 0.199385 
 ----> 1.3#6.6#34.0#44.0#VAR 535 0 0.823619 0.176381 
 ----> 1.3#6.6#34.0#44.0#VAR 536 0 0.807144 0.192856 
 ----> 1.3#6.6#34.0#44.0#VAR 537 0 0.811286 0.188714 
 ----> 1.3#6.6#34.0#44.0#VAR 538 0 0.809513 0.190487 
 ----> 1.3#6.6#34.0#44.0#VAR 539 1 0.804349 0.195651 
 ----> 1.3#6.6#34.0#44.0#VAR 540 1 0.806477 0.193523 
 ----> 1.3#6.6#34.0#44.0#VAR 541 1 0.808451 0.191549 
 ----> 1.3#6.6#34.0#44.0#VAR 542 1 0.805191 0.194809 
 ----> 1.3#6.6#34.0#44.0#VAR 543 0 0.811569 0.188431 
 ----> 1.3#6.6#34.0#44.0#VAR 544 0 0.811531 0.188469 
 ----> 1.3#6.6#34.0#44.0#VAR 545 0 0.817678 0.182322 
 ----> 1.3#6.6#34.0#44.0#VAR 546 0 0.814215 0.185785 
 ----> 1.3#6.6#34.0#44.0#VAR 547 0 0.815108 0.184892 
 ----> 1.3#6.6#34.0#44.0#VAR 548 0 0.80093 0.19907 
 ----> 1.3#6.6#34.0#44.0#VAR 549 1 0.810324 0.189676 
 ----> 1.3#6.6#34.0#44.0#VAR 550 0 0.822438 0.177562 
 ----> 1.3#6.6#34.0#44.0#VAR 551 0 0.824072 0.175928 
 ----> 1.3#6.6#34.0#44.0#VAR 552 0 0.80805 0.19195 
 ----> 1.3#6.6#34.0#44.0#VAR 553 0 0.819271 0.180729 
 ----> 1.3#6.6#34.0#44.0#VAR 554 0 0.81658 0.18342 
 ----> 1.3#6.6#34.0#44.0#VAR 555 0 0.816621 0.183379 
 ----> 1.3#6.6#34.0#44.0#VAR 556 0 0.823807 0.176193 
 ----> 1.3#6.6#34.0#44.0#VAR 557 1 0.815889 0.184111 
 ----> 1.3#6.6#34.0#44.0#VAR 558 0 0.805428 0.194572 
 ----> 1.3#6.6#34.0#44.0#VAR 559 0 0.813064 0.186936 
 ----> 1.3#6.6#34.0#44.0#VAR 560 0 0.818893 0.181107 
 ----> 1.3#6.6#34.0#44.0#VAR 561 0 0.809406 0.190594 
 ----> 1.3#6.6#34.0#44.0#VAR 562 0 0.811505 0.188495 
 ----> 1.3#6.6#34.0#44.0#VAR 563 0 0.811676 0.188324 
 ----> 1.3#6.6#34.0#44.0#VAR 564 0 0.822374 0.177626 
 ----> 1.3#6.6#34.0#44.0#VAR 565 1 0.804035 0.195965 
 ----> 1.3#6.6#34.0#44.0#VAR 566 0 0.815852 0.184148 
 ----> 1.3#6.6#34.0#44.0#VAR 567 0 0.822148 0.177852 
 ----> 1.3#6.6#34.0#44.0#VAR 568 0 0.808243 0.191757 
 ----> 1.3#6.6#34.0#44.0#VAR 569 0 0.808638 0.191362 
 ----> 1.3#6.6#34.0#44.0#VAR 570 0 0.804338 0.195662 
 ----> 1.3#6.6#34.0#44.0#VAR 571 0 0.821732 0.178268 
 ----> 1.3#6.6#34.0#44.0#VAR 572 0 0.819163 0.180837 
 ----> 1.3#6.6#34.0#44.0#VAR 573 0 0.807361 0.192639 
 ----> 1.3#6.6#34.0#44.0#VAR 574 1 0.810132 0.189868 
 ----> 1.3#6.6#34.0#44.0#VAR 575 0 0.810393 0.189607 
 ----> 1.3#6.6#34.0#44.0#VAR 576 1 0.808957 0.191043 
 ----> 1.3#6.6#34.0#44.0#VAR 577 0 0.820679 0.179321 
 ----> 1.3#6.6#34.0#44.0#VAR 578 0 0.813749 0.186251 
 ----> 1.3#6.6#34.0#44.0#VAR 579 0 0.808988 0.191012 
 ----> 1.3#6.6#34.0#44.0#VAR 580 0 0.815605 0.184395 
 ----> 1.3#6.6#34.0#44.0#VAR 581 0 0.805701 0.194299 
 ----> 1.3#6.6#34.0#44.0#VAR 582 0 0.821433 0.178567 
 ----> 1.3#6.6#34.0#44.0#VAR 583 0 0.819395 0.180605 
 ----> 1.3#6.6#34.0#44.0#VAR 584 1 0.805985 0.194015 
 ----> 1.3#6.6#34.0#44.0#VAR 585 0 0.820743 0.179257 
 ----> 1.3#6.6#34.0#44.0#VAR 586 0 0.812318 0.187682 
 ----> 1.3#6.6#34.0#44.0#VAR 587 0 0.820503 0.179497 
 ----> 1.3#6.6#34.0#44.0#VAR 588 0 0.808877 0.191123 
 ----> 1.3#6.6#34.0#44.0#VAR 589 0 0.810061 0.189939 
 ----> 1.3#6.6#34.0#44.0#VAR 590 0 0.821682 0.178318 
 ----> 1.3#6.6#34.0#44.0#VAR 591 0 0.832816 0.167184 
 ----> 1.3#6.6#34.0#44.0#VAR 592 0 0.808703 0.191297 
 ----> 1.3#6.6#34.0#44.0#VAR 593 0 0.819333 0.180667 
 ----> 1.3#6.6#34.0#44.0#VAR 594 0 0.816243 0.183757 
 ----> 1.3#6.6#34.0#44.0#VAR 595 0 0.80315 0.19685 
 ----> 1.3#6.6#34.0#44.0#VAR 596 0 0.81077 0.18923 
 ----> 1.3#6.6#34.0#44.0#VAR 597 0 0.82 0.18 
 ----> 1.3#6.6#34.0#44.0#VAR 598 0 0.819455 0.180545 
 ----> 1.3#6.6#34.0#44.0#VAR 599 0 0.823436 0.176564 
 ----> 1.3#6.6#34.0#44.0#VAR 600 0 0.814948 0.185052 
 ----> 1.3#6.6#34.0#44.0#VAR 601 0 0.81038 0.18962 
 ----> 1.3#6.6#34.0#44.0#VAR 602 0 0.812889 0.187111 
 ----> 1.3#6.6#34.0#44.0#VAR 603 0 0.818768 0.181232 
 ----> 1.3#6.6#34.0#44.0#VAR 604 1 0.806512 0.193488 
 ----> 1.3#6.6#34.0#44.0#VAR 605 0 0.811379 0.188621 
 ----> 1.3#6.6#34.0#44.0#VAR 606 0 0.822905 0.177095 
 ----> 1.3#6.6#34.0#44.0#VAR 607 0 0.820333 0.179667 
 ----> 1.3#6.6#34.0#44.0#VAR 608 0 0.81843 0.18157 
 ----> 1.3#6.6#34.0#44.0#VAR 609 0 0.810373 0.189627 
 ----> 1.3#6.6#34.0#44.0#VAR 610 0 0.830384 0.169616 
 ----> 1.3#6.6#34.0#44.0#VAR 611 0 0.822346 0.177654 
 ----> 1.3#6.6#34.0#44.0#VAR 612 1 0.807779 0.192221 
 ----> 1.3#6.6#34.0#44.0#VAR 613 0 0.809033 0.190967 
 ----> 1.3#6.6#34.0#44.0#VAR 614 0 0.815153 0.184847 
 ----> 1.3#6.6#34.0#44.0#VAR 615 0 0.83426 0.16574 
 ----> 1.3#6.6#34.0#44.0#VAR 616 1 0.80402 0.19598 
 ----> 1.3#6.6#34.0#44.0#VAR 617 0 0.820714 0.179286 
 ----> 1.3#6.6#34.0#44.0#VAR 618 0 0.805455 0.194545 
 ----> 1.3#6.6#34.0#44.0#VAR 619 0 0.811594 0.188406 
 ----> 1.3#6.6#34.0#44.0#VAR 620 0 0.812797 0.187203 
 ----> 1.3#6.6#34.0#44.0#VAR 621 0 0.815806 0.184194 
 ----> 1.3#6.6#34.0#44.0#VAR 622 0 0.814813 0.185187 
 ----> 1.3#6.6#34.0#44.0#VAR 623 1 0.80146 0.19854 
 ----> 1.3#6.6#34.0#44.0#VAR 624 0 0.813929 0.186071 
 ----> 1.3#6.6#34.0#44.0#VAR 625 0 0.825999 0.174001 
 ----> 1.3#6.6#34.0#44.0#VAR 626 0 0.80052 0.19948 
 ----> 1.3#6.6#34.0#44.0#VAR 627 0 0.821563 0.178437 
 ----> 1.3#6.6#34.0#44.0#VAR 628 0 0.824157 0.175843 
 ----> 1.3#6.6#34.0#44.0#VAR 629 0 0.818091 0.181909 
 ----> 1.3#6.6#34.0#44.0#VAR 630 0 0.809949 0.190051 
 ----> 1.3#6.6#34.0#44.0#VAR 631 0 0.816732 0.183268 
 ----> 1.3#6.6#34.0#44.0#VAR 632 0 0.817973 0.182027 
 ----> 1.3#6.6#34.0#44.0#VAR 633 0 0.826186 0.173814 
 ----> 1.3#6.6#34.0#44.0#VAR 634 1 0.795184 0.204816 
 ----> 1.3#6.6#34.0#44.0#VAR 635 1 0.801376 0.198624 
 ----> 1.3#6.6#34.0#44.0#VAR 636 0 0.814843 0.185157 
 ----> 1.3#6.6#34.0#44.0#VAR 637 0 0.808081 0.191919 
 ----> 1.3#6.6#34.0#44.0#VAR 638 0 0.826372 0.173628 
 ----> 1.3#6.6#34.0#44.0#VAR 639 0 0.811335 0.188665 
 ----> 1.3#6.6#34.0#44.0#VAR 640 0 0.821208 0.178792 
 ----> 1.3#6.6#34.0#44.0#VAR 641 0 0.810935 0.189065 
 ----> 1.3#6.6#34.0#44.0#VAR 642 0 0.812048 0.187952 
 ----> 1.3#6.6#34.0#44.0#VAR 643 0 0.819507 0.180493 
 ----> 1.3#6.6#34.0#44.0#VAR 644 0 0.814477 0.185523 
 ----> 1.3#6.6#34.0#44.0#VAR 645 0 0.812847 0.187153 
 ----> 1.3#6.6#34.0#44.0#VAR 646 1 0.788385 0.211615 
 ----> 1.3#6.6#34.0#44.0#VAR 647 0 0.827292 0.172708 
 ----> 1.3#6.6#34.0#44.0#VAR 648 0 0.81994 0.18006 
 ----> 1.3#6.6#34.0#44.0#VAR 649 1 0.8011 0.1989 
 ----> 1.3#6.6#34.0#44.0#VAR 650 0 0.819603 0.180397 
 ----> 1.3#6.6#34.0#44.0#VAR 651 0 0.824251 0.175749 
 ----> 1.3#6.6#34.0#44.0#VAR 652 0 0.822626 0.177374 
 ----> 1.3#6.6#34.0#44.0#VAR 653 0 0.804803 0.195197 
 ----> 1.3#6.6#34.0#44.0#VAR 654 0 0.817355 0.182645 
 ----> 1.3#6.6#34.0#44.0#VAR 655 0 0.821973 0.178027 
 ----> 1.3#6.6#34.0#44.0#VAR 656 0 0.813944 0.186056 
 ----> 1.3#6.6#34.0#44.0#VAR 657 0 0.815173 0.184827 
 ----> 1.3#6.6#34.0#44.0#VAR 658 0 0.813165 0.186835 
 ----> 1.3#6.6#34.0#44.0#VAR 659 0 0.804196 0.195804 
 ----> 1.3#6.6#34.0#44.0#VAR 660 0 0.823016 0.176984 
 ----> 1.3#6.6#34.0#44.0#VAR 661 0 0.811101 0.188899 
 ----> 1.3#6.6#34.0#44.0#VAR 662 1 0.80056 0.19944 
 ----> 1.3#6.6#34.0#44.0#VAR 663 0 0.81689 0.18311 
 ----> 1.3#6.6#34.0#44.0#VAR 664 0 0.812566 0.187434 
 ----> 1.3#6.6#34.0#44.0#VAR 665 0 0.801385 0.198615 
 ----> 1.3#6.6#34.0#44.0#VAR 666 0 0.82114 0.17886 
 ----> 1.3#6.6#34.0#44.0#VAR 667 0 0.825033 0.174967 
 ----> 1.3#6.6#34.0#44.0#VAR 668 0 0.807473 0.192527 
 ----> 1.3#6.6#34.0#44.0#VAR 669 0 0.822089 0.177911 
 ----> 1.3#6.6#34.0#44.0#VAR 670 0 0.805149 0.194851 
 ----> 1.3#6.6#34.0#44.0#VAR 671 0 0.816453 0.183547 
 ----> 1.3#6.6#34.0#44.0#VAR 672 0 0.823468 0.176532 
 ----> 1.3#6.6#34.0#44.0#VAR 673 0 0.824431 0.175569 
 ----> 1.3#6.6#34.0#44.0#VAR 674 0 0.817195 0.182805 
 ----> 1.3#6.6#34.0#44.0#VAR 675 0 0.810034 0.189966 
 ----> 1.3#6.6#34.0#44.0#VAR 676 0 0.816506 0.183494 
 ----> 1.3#6.6#34.0#44.0#VAR 677 0 0.820202 0.179798 
 ----> 1.3#6.6#34.0#44.0#VAR 678 0 0.805825 0.194175 
 ----> 1.3#6.6#34.0#44.0#VAR 679 0 0.81332 0.18668 
 ----> 1.3#6.6#34.0#44.0#VAR 680 0 0.796643 0.203357 
 ----> 1.3#6.6#34.0#44.0#VAR 681 0 0.81492 0.18508 
 ----> 1.3#6.6#34.0#44.0#VAR 682 0 0.80388 0.19612 
 ----> 1.3#6.6#34.0#44.0#VAR 683 0 0.814033 0.185967 
 ----> 1.3#6.6#34.0#44.0#VAR 684 0 0.817278 0.182722 
 ----> 1.3#6.6#34.0#44.0#VAR 685 0 0.815344 0.184656 
 ----> 1.3#6.6#34.0#44.0#VAR 686 0 0.819342 0.180658 
 ----> 1.3#6.6#34.0#44.0#VAR 687 0 0.817735 0.182265 
 ----> 1.3#6.6#34.0#44.0#VAR 688 1 0.803346 0.196654 
 ----> 1.3#6.6#34.0#44.0#VAR 689 0 0.811366 0.188634 
 ----> 1.3#6.6#34.0#44.0#VAR 690 0 0.815408 0.184592 
 ----> 1.3#6.6#34.0#44.0#VAR 691 0 0.810271 0.189729 
 ----> 1.3#6.6#34.0#44.0#VAR 692 0 0.810426 0.189574 
 ----> 1.3#6.6#34.0#44.0#VAR 693 0 0.808214 0.191786 
 ----> 1.3#6.6#34.0#44.0#VAR 694 0 0.813855 0.186145 
 ----> 1.3#6.6#34.0#44.0#VAR 695 0 0.814542 0.185458 
 ----> 1.3#6.6#34.0#44.0#VAR 696 0 0.806975 0.193025 
 ----> 1.3#6.6#34.0#44.0#VAR 697 0 0.817174 0.182826 
 ----> 1.3#6.6#34.0#44.0#VAR 698 0 0.820811 0.179189 
 ----> 1.3#6.6#34.0#44.0#VAR 699 0 0.824125 0.175875 
 ----> 1.3#6.6#34.0#44.0#VAR 700 0 0.80426 0.19574 
 ----> 1.3#6.6#34.0#44.0#VAR 701 1 0.804311 0.195689 
 ----> 1.3#6.6#34.0#44.0#VAR 702 1 0.804661 0.195339 
 ----> 1.3#6.6#34.0#44.0#VAR 703 1 0.812886 0.187114 
 ----> 1.3#6.6#34.0#44.0#VAR 704 0 0.80942 0.19058 
 ----> 1.3#6.6#34.0#44.0#VAR 705 0 0.813881 0.186119 
 ----> 1.3#6.6#34.0#44.0#VAR 706 0 0.816436 0.183564 
 ----> 1.3#6.6#34.0#44.0#VAR 707 0 0.804472 0.195528 
 ----> 1.3#6.6#34.0#44.0#VAR 708 0 0.812614 0.187386 
 ----> 1.3#6.6#34.0#44.0#VAR 709 0 0.796882 0.203118 
 ----> 1.3#6.6#34.0#44.0#VAR 710 0 0.807223 0.192777 
 ----> 1.3#6.6#34.0#44.0#VAR 711 0 0.807558 0.192442 
 ----> 1.3#6.6#34.0#44.0#VAR 712 0 0.817389 0.182611 
 ----> 1.3#6.6#34.0#44.0#VAR 713 1 0.798994 0.201006 
 ----> 1.3#6.6#34.0#44.0#VAR 714 0 0.820862 0.179138 
 ----> 1.3#6.6#34.0#44.0#VAR 715 0 0.808677 0.191323 
 ----> 1.3#6.6#34.0#44.0#VAR 716 0 0.813697 0.186303 
 ----> 1.3#6.6#34.0#44.0#VAR 717 1 0.815674 0.184326 
 ----> 1.3#6.6#34.0#44.0#VAR 718 1 0.800371 0.199629 
 ----> 1.3#6.6#34.0#44.0#VAR 719 0 0.80892 0.19108 
 ----> 1.3#6.6#34.0#44.0#VAR 720 0 0.811084 0.188916 
 ----> 1.3#6.6#34.0#44.0#VAR 721 0 0.809232 0.190768 
 ----> 1.3#6.6#34.0#44.0#VAR 722 0 0.819184 0.180816 
 ----> 1.3#6.6#34.0#44.0#VAR 723 0 0.812196 0.187804 
 ----> 1.3#6.6#34.0#44.0#VAR 724 1 0.806206 0.193794 
 ----> 1.3#6.6#34.0#44.0#VAR 725 0 0.817059 0.182941 
 ----> 1.3#6.6#34.0#44.0#VAR 726 0 0.818256 0.181744 
 ----> 1.3#6.6#34.0#44.0#VAR 727 0 0.818402 0.181598 
 ----> 1.3#6.6#34.0#44.0#VAR 728 0 0.822697 0.177303 
 ----> 1.3#6.6#34.0#44.0#VAR 729 1 0.808258 0.191742 
 ----> 1.3#6.6#34.0#44.0#VAR 730 0 0.797273 0.202727 
 ----> 1.3#6.6#34.0#44.0#VAR 731 0 0.821991 0.178009 
 ----> 1.3#6.6#34.0#44.0#VAR 732 0 0.812712 0.187288 
 ----> 1.3#6.6#34.0#44.0#VAR 733 1 0.808278 0.191722 
 ----> 1.3#6.6#34.0#44.0#VAR 734 0 0.822144 0.177856 
 ----> 1.3#6.6#34.0#44.0#VAR 735 0 0.817724 0.182276 
 ----> 1.3#6.6#34.0#44.0#VAR 736 0 0.80538 0.19462 
 ----> 1.3#6.6#34.0#44.0#VAR 737 0 0.816428 0.183572 
 ----> 1.3#6.6#34.0#44.0#VAR 738 1 0.792666 0.207334 
 ----> 1.3#6.6#34.0#44.0#VAR 739 0 0.823933 0.176067 
 ----> 1.3#6.6#34.0#44.0#VAR 740 0 0.832401 0.167599 
 ----> 1.3#6.6#34.0#44.0#VAR 741 0 0.819735 0.180265 
 ----> 1.3#6.6#34.0#44.0#VAR 742 0 0.817068 0.182932 
 ----> 1.3#6.6#34.0#44.0#VAR 743 1 0.796641 0.203359 
 ----> 1.3#6.6#34.0#44.0#VAR 744 1 0.79276 0.20724 
 ----> 1.3#6.6#34.0#44.0#VAR 745 0 0.818507 0.181493 
 ----> 1.3#6.6#34.0#44.0#VAR 746 0 0.824221 0.175779 
 ----> 1.3#6.6#34.0#44.0#VAR 747 0 0.814267 0.185733 
 ----> 1.3#6.6#34.0#44.0#VAR 748 0 0.828213 0.171787 
 ----> 1.3#6.6#34.0#44.0#VAR 749 0 0.80564 0.19436 
 ----> 1.3#6.6#34.0#44.0#VAR 750 0 0.814842 0.185158 
 ----> 1.3#6.6#34.0#44.0#VAR 751 0 0.800991 0.199009 
 ----> 1.3#6.6#34.0#44.0#VAR 752 1 0.795287 0.204713 
 ----> 1.3#6.6#34.0#44.0#VAR 753 0 0.810636 0.189364 
 ----> 1.3#6.6#34.0#44.0#VAR 754 1 0.771743 0.228257 
 ----> 1.3#6.6#34.0#44.0#VAR 755 0 0.800103 0.199897 
 ----> 1.3#6.6#34.0#44.0#VAR 756 1 0.808626 0.191374 
 ----> 1.3#6.6#34.0#44.0#VAR 757 0 0.818739 0.181261 
 ----> 1.3#6.6#34.0#44.0#VAR 758 0 0.811632 0.188368 
 ----> 1.3#6.6#34.0#44.0#VAR 759 0 0.816169 0.183831 
 ----> 1.3#6.6#34.0#44.0#VAR 760 0 0.812997 0.187003 
 ----> 1.3#6.6#34.0#44.0#VAR 761 0 0.806697 0.193303 
 ----> 1.3#6.6#34.0#44.0#VAR 762 0 0.806498 0.193502 
 ----> 1.3#6.6#34.0#44.0#VAR 763 0 0.791201 0.208799 
 ----> 1.3#6.6#34.0#44.0#VAR 764 1 0.789036 0.210964 
 ----> 1.3#6.6#34.0#44.0#VAR 765 0 0.811288 0.188712 
 ----> 1.3#6.6#34.0#44.0#VAR 766 1 0.796575 0.203425 
 ----> 1.3#6.6#34.0#44.0#VAR 767 0 0.807518 0.192482 
 ----> 1.3#6.6#34.0#44.0#VAR 768 0 0.818356 0.181644 
 ----> 1.3#6.6#34.0#44.0#VAR 769 0 0.8133 0.1867 
 ----> 1.3#6.6#34.0#44.0#VAR 770 0 0.81512 0.18488 
 ----> 1.3#6.6#34.0#44.0#VAR 771 0 0.817079 0.182921 
 ----> 1.3#6.6#34.0#44.0#VAR 772 0 0.801713 0.198287 
 ----> 1.3#6.6#34.0#44.0#VAR 773 0 0.81262 0.18738 
 ----> 1.3#6.6#34.0#44.0#VAR 774 0 0.819237 0.180763 
 ----> 1.3#6.6#34.0#44.0#VAR 775 0 0.818379 0.181621 
 ----> 1.3#6.6#34.0#44.0#VAR 776 0 0.790223 0.209777 
 ----> 1.3#6.6#34.0#44.0#VAR 777 0 0.825961 0.174039 
 ----> 1.3#6.6#34.0#44.0#VAR 778 1 0.801832 0.198168 
 ----> 1.3#6.6#34.0#44.0#VAR 779 1 0.812032 0.187968 
 ----> 1.3#6.6#34.0#44.0#VAR 780 0 0.807457 0.192543 
 ----> 1.3#6.6#34.0#44.0#VAR 781 0 0.81811 0.18189 
 ----> 1.3#6.6#34.0#44.0#VAR 782 0 0.819727 0.180273 
 ----> 1.3#6.6#34.0#44.0#VAR 783 0 0.817198 0.182802 
 ----> 1.3#6.6#34.0#44.0#VAR 784 0 0.818275 0.181725 
 ----> 1.3#6.6#34.0#44.0#VAR 785 0 0.805637 0.194363 
 ----> 1.3#6.6#34.0#44.0#VAR 786 1 0.812946 0.187054 
 ----> 1.3#6.6#34.0#44.0#VAR 787 0 0.81232 0.18768 
 ----> 1.3#6.6#34.0#44.0#VAR 788 0 0.812943 0.187057 
 ----> 1.3#6.6#34.0#44.0#VAR 789 0 0.813084 0.186916 
 ----> 1.3#6.6#34.0#44.0#VAR 790 0 0.790933 0.209067 
 ----> 1.3#6.6#34.0#44.0#VAR 791 0 0.807171 0.192829 
 ----> 1.3#6.6#34.0#44.0#VAR 792 0 0.818603 0.181397 
 ----> 1.3#6.6#34.0#44.0#VAR 793 0 0.806709 0.193291 
 ----> 1.3#6.6#34.0#44.0#VAR 794 0 0.803936 0.196064 
 ----> 1.3#6.6#34.0#44.0#VAR 795 0 0.807213 0.192787 
 ----> 1.3#6.6#34.0#44.0#VAR 796 1 0.803321 0.196679 
 ----> 1.3#6.6#34.0#44.0#VAR 797 0 0.820736 0.179264 
 ----> 1.3#6.6#34.0#44.0#VAR 798 0 0.816384 0.183616 
 ----> 1.3#6.6#34.0#44.0#VAR 799 0 0.810125 0.189875 
 ----> 1.3#6.6#34.0#44.0#VAR 800 0 0.808065 0.191935 
 ----> 1.3#6.6#34.0#44.0#VAR 801 0 0.819015 0.180985 
 ----> 1.3#6.6#34.0#44.0#VAR 802 0 0.826784 0.173216 
 ----> 1.3#6.6#34.0#44.0#VAR 803 0 0.810018 0.189982 
 ----> 1.3#6.6#34.0#44.0#VAR 804 0 0.801011 0.198989 
 ----> 1.3#6.6#34.0#44.0#VAR 805 0 0.807079 0.192921 
 ----> 1.3#6.6#34.0#44.0#VAR 806 0 0.803858 0.196142 
 ----> 1.3#6.6#34.0#44.0#VAR 807 1 0.797355 0.202645 
 ----> 1.3#6.6#34.0#44.0#VAR 808 0 0.79779 0.20221 
 ----> 1.3#6.6#34.0#44.0#VAR 809 0 0.811411 0.188589 
 ----> 1.3#6.6#34.0#44.0#VAR 810 0 0.81633 0.18367 
 ----> 1.3#6.6#34.0#44.0#VAR 811 1 0.794758 0.205242 
 ----> 1.3#6.6#34.0#44.0#VAR 812 1 0.810168 0.189832 
 ----> 1.3#6.6#34.0#44.0#VAR 813 0 0.798372 0.201628 
 ----> 1.3#6.6#34.0#44.0#VAR 814 0 0.791615 0.208385 
 ----> 1.3#6.6#34.0#44.0#VAR 815 1 0.791257 0.208743 
 ----> 1.3#6.6#34.0#44.0#VAR 816 0 0.807476 0.192524 
 ----> 1.3#6.6#34.0#44.0#VAR 817 1 0.786839 0.213161 
 ----> 1.3#6.6#34.0#44.0#VAR 818 0 0.785912 0.214088 
 ----> 1.3#6.6#34.0#44.0#VAR 819 0 0.824944 0.175056 
 ----> 1.3#6.6#34.0#44.0#VAR 820 0 0.798352 0.201648 
 ----> 1.3#6.6#34.0#44.0#VAR 821 0 0.794994 0.205006 
 ----> 1.3#6.6#34.0#44.0#VAR 822 0 0.81154 0.18846 
 ----> 1.3#6.6#34.0#44.0#VAR 823 0 0.804297 0.195703 
 ----> 1.3#6.6#34.0#44.0#VAR 824 0 0.810722 0.189278 
 ----> 1.3#6.6#34.0#44.0#VAR 825 0 0.81613 0.18387 
 ----> 1.3#6.6#34.0#44.0#VAR 826 1 0.790653 0.209347 
 ----> 1.3#6.6#34.0#44.0#VAR 827 1 0.805028 0.194972 
 ----> 1.3#6.6#34.0#44.0#VAR 828 0 0.815108 0.184892 
 ----> 1.3#6.6#34.0#44.0#VAR 829 1 0.790523 0.209477 
 ----> 1.3#6.6#34.0#44.0#VAR 830 0 0.820819 0.179181 
 ----> 1.3#6.6#34.0#44.0#VAR 831 0 0.822172 0.177828 
 ----> 1.3#6.6#34.0#44.0#VAR 832 0 0.79081 0.20919 
 ----> 1.3#6.6#34.0#44.0#VAR 833 0 0.825127 0.174873 
 ----> 1.3#6.6#34.0#44.0#VAR 834 1 0.785392 0.214608 
 ----> 1.3#6.6#34.0#44.0#VAR 835 1 0.789698 0.210302 
 ----> 1.3#6.6#34.0#44.0#VAR 836 1 0.781149 0.218851 
 ----> 1.3#6.6#34.0#44.0#VAR 837 0 0.801714 0.198286 
 ----> 1.3#6.6#34.0#44.0#VAR 838 1 0.785632 0.214368 
 ----> 1.3#6.6#34.0#44.0#VAR 839 0 0.821518 0.178482 
 ----> 1.3#6.6#34.0#44.0#VAR 840 0 0.813139 0.186861 
 ----> 1.3#6.6#34.0#44.0#VAR 841 0 0.80979 0.19021 
 ----> 1.3#6.6#34.0#44.0#VAR 842 1 0.808812 0.191188 
 ----> 1.3#6.6#34.0#44.0#VAR 843 0 0.811088 0.188912 
 ----> 1.3#6.6#34.0#44.0#VAR 844 0 0.797904 0.202096 
 ----> 1.3#6.6#34.0#44.0#VAR 845 0 0.81205 0.18795 
 ----> 1.3#6.6#34.0#44.0#VAR 846 0 0.812515 0.187485 
 ----> 1.3#6.6#34.0#44.0#VAR 847 1 0.791702 0.208298 
 ----> 1.3#6.6#34.0#44.0#VAR 848 0 0.806814 0.193186 
 ----> 1.3#6.6#34.0#44.0#VAR 849 0 0.815607 0.184393 
 ----> 1.3#6.6#34.0#44.0#VAR 850 1 0.791633 0.208367 
 ----> 1.3#6.6#34.0#44.0#VAR 851 0 0.815022 0.184978 
 ----> 1.3#6.6#34.0#44.0#VAR 852 1 0.792214 0.207786 
 ----> 1.3#6.6#34.0#44.0#VAR 853 1 0.783283 0.216717 
 ----> 1.3#6.6#34.0#44.0#VAR 854 0 0.799106 0.200894 
 ----> 1.3#6.6#34.0#44.0#VAR 855 0 0.804555 0.195445 
 ----> 1.3#6.6#34.0#44.0#VAR 856 0 0.805585 0.194415 
 ----> 1.3#6.6#34.0#44.0#VAR 857 0 0.79037 0.20963 
 ----> 1.3#6.6#34.0#44.0#VAR 858 0 0.804389 0.195611 
 ----> 1.3#6.6#34.0#44.0#VAR 859 0 0.805443 0.194557 
 ----> 1.3#6.6#34.0#44.0#VAR 860 0 0.801068 0.198932 
 ----> 1.3#6.6#34.0#44.0#VAR 861 1 0.799464 0.200536 
 ----> 1.3#6.6#34.0#44.0#VAR 862 1 0.787917 0.212083 
 ----> 1.3#6.6#34.0#44.0#VAR 863 1 0.784308 0.215692 
 ----> 1.3#6.6#34.0#44.0#VAR 864 0 0.8214 0.1786 
 ----> 1.3#6.6#34.0#44.0#VAR 865 0 0.799168 0.200832 
 ----> 1.3#6.6#34.0#44.0#VAR 866 0 0.8058 0.1942 
 ----> 1.3#6.6#34.0#44.0#VAR 867 1 0.787187 0.212813 
 ----> 1.3#6.6#34.0#44.0#VAR 868 0 0.796553 0.203447 
 ----> 1.3#6.6#34.0#44.0#VAR 869 0 0.81054 0.18946 
 ----> 1.3#6.6#34.0#44.0#VAR 870 1 0.795567 0.204433 
 ----> 1.3#6.6#34.0#44.0#VAR 871 1 0.764361 0.235639 
 ----> 1.3#6.6#34.0#44.0#VAR 872 0 0.784593 0.215407 
 ----> 1.3#6.6#34.0#44.0#VAR 873 0 0.816846 0.183154 
 ----> 1.3#6.6#34.0#44.0#VAR 874 0 0.791783 0.208217 
 ----> 1.3#6.6#34.0#44.0#VAR 875 0 0.802455 0.197545 
 ----> 1.3#6.6#34.0#44.0#VAR 876 0 0.796846 0.203154 
 ----> 1.3#6.6#34.0#44.0#VAR 877 0 0.795201 0.204799 
 ----> 1.3#6.6#34.0#44.0#VAR 878 1 0.769806 0.230194 
 ----> 1.3#6.6#34.0#44.0#VAR 879 1 0.769022 0.230978 
 ----> 1.3#6.6#34.0#44.0#VAR 880 0 0.796628 0.203372 
 ----> 1.3#6.6#34.0#44.0#VAR 881 0 0.778723 0.221277 
 ----> 1.3#6.6#34.0#44.0#VAR 882 1 0.772574 0.227426 
 ----> 1.3#6.6#34.0#44.0#VAR 883 0 0.814747 0.185253 
 ----> 1.3#6.6#34.0#44.0#VAR 884 0 0.803885 0.196115 
 ----> 1.3#6.6#34.0#44.0#VAR 885 0 0.799702 0.200298 
 ----> 1.3#6.6#34.0#44.0#VAR 886 0 0.793133 0.206867 
 ----> 1.3#6.6#34.0#44.0#VAR 887 0 0.807185 0.192815 
 ----> 1.3#6.6#34.0#44.0#VAR 888 1 0.759748 0.240252 
 ----> 1.3#6.6#34.0#44.0#VAR 889 0 0.798306 0.201694 
 ----> 1.3#6.6#34.0#44.0#VAR 890 0 0.802265 0.197735 
 ----> 1.3#6.6#34.0#44.0#VAR 891 1 0.785534 0.214466 
 ----> 1.3#6.6#34.0#44.0#VAR 892 0 0.806088 0.193912 
 ----> 1.3#6.6#34.0#44.0#VAR 893 0 0.805719 0.194281 
 ----> 1.3#6.6#34.0#44.0#VAR 894 0 0.805564 0.194436 
 ----> 1.3#6.6#34.0#44.0#VAR 895 1 0.787763 0.212237 
 ----> 1.3#6.6#34.0#44.0#VAR 896 1 0.791517 0.208483 
 ----> 1.3#6.6#34.0#44.0#VAR 897 0 0.788958 0.211042 
 ----> 1.3#6.6#34.0#44.0#VAR 898 0 0.797283 0.202717 
 ----> 1.3#6.6#34.0#44.0#VAR 899 0 0.786463 0.213537 
 ----> 1.3#6.6#34.0#44.0#VAR 900 0 0.794065 0.205935 
 ----> 1.3#6.6#34.0#44.0#VAR 901 0 0.787409 0.212591 
 ----> 1.3#6.6#34.0#44.0#VAR 902 1 0.786325 0.213675 
 ----> 1.3#6.6#34.0#44.0#VAR 903 0 0.807103 0.192897 
 ----> 1.3#6.6#34.0#44.0#VAR 904 0 0.78524 0.21476 
 ----> 1.3#6.6#34.0#44.0#VAR 905 0 0.789041 0.210959 
 ----> 1.3#6.6#34.0#44.0#VAR 906 0 0.791506 0.208494 
 ----> 1.3#6.6#34.0#44.0#VAR 907 1 0.791741 0.208259 
 ----> 1.3#6.6#34.0#44.0#VAR 908 0 0.793753 0.206247 
 ----> 1.3#6.6#34.0#44.0#VAR 909 0 0.785323 0.214677 
 ----> 1.3#6.6#34.0#44.0#VAR 910 0 0.794237 0.205763 
 ----> 1.3#6.6#34.0#44.0#VAR 911 0 0.799316 0.200684 
 ----> 1.3#6.6#34.0#44.0#VAR 912 0 0.799565 0.200435 
 ----> 1.3#6.6#34.0#44.0#VAR 913 0 0.781717 0.218283 
 ----> 1.3#6.6#34.0#44.0#VAR 914 1 0.764619 0.235381 
 ----> 1.3#6.6#34.0#44.0#VAR 915 0 0.800162 0.199838 
 ----> 1.3#6.6#34.0#44.0#VAR 916 0 0.789512 0.210488 
 ----> 1.3#6.6#34.0#44.0#VAR 917 0 0.7926 0.2074 
 ----> 1.3#6.6#34.0#44.0#VAR 918 1 0.785744 0.214256 
 ----> 1.3#6.6#34.0#44.0#VAR 919 1 0.795464 0.204536 
 ----> 1.3#6.6#34.0#44.0#VAR 920 1 0.783929 0.216071 
 ----> 1.3#6.6#34.0#44.0#VAR 921 0 0.795557 0.204443 
 ----> 1.3#6.6#34.0#44.0#VAR 922 1 0.782247 0.217753 
 ----> 1.3#6.6#34.0#44.0#VAR 923 0 0.798584 0.201416 
 ----> 1.3#6.6#34.0#44.0#VAR 924 0 0.788969 0.211031 
 ----> 1.3#6.6#34.0#44.0#VAR 925 0 0.805347 0.194653 
 ----> 1.3#6.6#34.0#44.0#VAR 926 0 0.78329 0.21671 
 ----> 1.3#6.6#34.0#44.0#VAR 927 0 0.793918 0.206082 
 ----> 1.3#6.6#34.0#44.0#VAR 928 0 0.806895 0.193105 
 ----> 1.3#6.6#34.0#44.0#VAR 929 0 0.794603 0.205397 
 ----> 1.3#6.6#34.0#44.0#VAR 930 1 0.774407 0.225593 
 ----> 1.3#6.6#34.0#44.0#VAR 931 1 0.77468 0.22532 
 ----> 1.3#6.6#34.0#44.0#VAR 932 0 0.780965 0.219035 
 ----> 1.3#6.6#34.0#44.0#VAR 933 1 0.766759 0.233241 
 ----> 1.3#6.6#34.0#44.0#VAR 934 1 0.759574 0.240426 
 ----> 1.3#6.6#34.0#44.0#VAR 935 1 0.781389 0.218611 
 ----> 1.3#6.6#34.0#44.0#VAR 936 0 0.800953 0.199047 
 ----> 1.3#6.6#34.0#44.0#VAR 937 1 0.775901 0.224099 
 ----> 1.3#6.6#34.0#44.0#VAR 938 0 0.807973 0.192027 
 ----> 1.3#6.6#34.0#44.0#VAR 939 0 0.795147 0.204853 
 ----> 1.3#6.6#34.0#44.0#VAR 940 0 0.785953 0.214047 
 ----> 1.3#6.6#34.0#44.0#VAR 941 1 0.782123 0.217877 
 ----> 1.3#6.6#34.0#44.0#VAR 942 1 0.768506 0.231494 
 ----> 1.3#6.6#34.0#44.0#VAR 943 0 0.797125 0.202875 
 ----> 1.3#6.6#34.0#44.0#VAR 944 0 0.789702 0.210298 
 ----> 1.3#6.6#34.0#44.0#VAR 945 0 0.78423 0.21577 
 ----> 1.3#6.6#34.0#44.0#VAR 946 0 0.798205 0.201795 
 ----> 1.3#6.6#34.0#44.0#VAR 947 1 0.784572 0.215428 
 ----> 1.3#6.6#34.0#44.0#VAR 948 0 0.788659 0.211341 
 ----> 1.3#6.6#34.0#44.0#VAR 949 0 0.798966 0.201034 
 ----> 1.3#6.6#34.0#44.0#VAR 950 1 0.77319 0.22681 
 ----> 1.3#6.6#34.0#44.0#VAR 951 1 0.76655 0.23345 
 ----> 1.3#6.6#34.0#44.0#VAR 952 0 0.79658 0.20342 
 ----> 1.3#6.6#34.0#44.0#VAR 953 0 0.804349 0.195651 
 ----> 1.3#6.6#34.0#44.0#VAR 954 0 0.803306 0.196694 
 ----> 1.3#6.6#34.0#44.0#VAR 955 0 0.794396 0.205604 
 ----> 1.3#6.6#34.0#44.0#VAR 956 1 0.7852 0.2148 
 ----> 1.3#6.6#34.0#44.0#VAR 957 0 0.786038 0.213962 
 ----> 1.3#6.6#34.0#44.0#VAR 958 0 0.790584 0.209416 
 ----> 1.3#6.6#34.0#44.0#VAR 959 0 0.796178 0.203822 
 ----> 1.3#6.6#34.0#44.0#VAR 960 1 0.757727 0.242273 
 ----> 1.3#6.6#34.0#44.0#VAR 961 0 0.780138 0.219862 
 ----> 1.3#6.6#34.0#44.0#VAR 962 0 0.801817 0.198183 
 ----> 1.3#6.6#34.0#44.0#VAR 963 0 0.796335 0.203665 
 ----> 1.3#6.6#34.0#44.0#VAR 964 1 0.775657 0.224343 
 ----> 1.3#6.6#34.0#44.0#VAR 965 0 0.78723 0.21277 
 ----> 1.3#6.6#34.0#44.0#VAR 966 0 0.792648 0.207352 
 ----> 1.3#6.6#34.0#44.0#VAR 967 1 0.754734 0.245266 
 ----> 1.3#6.6#34.0#44.0#VAR 968 1 0.776668 0.223332 
 ----> 1.3#6.6#34.0#44.0#VAR 969 0 0.794765 0.205235 
 ----> 1.3#6.6#34.0#44.0#VAR 970 0 0.785537 0.214463 
 ----> 1.3#6.6#34.0#44.0#VAR 971 0 0.802092 0.197908 
 ----> 1.3#6.6#34.0#44.0#VAR 972 0 0.79166 0.20834 
 ----> 1.3#6.6#34.0#44.0#VAR 973 0 0.788503 0.211497 
 ----> 1.3#6.6#34.0#44.0#VAR 974 1 0.78254 0.21746 
 ----> 1.3#6.6#34.0#44.0#VAR 975 0 0.782031 0.217969 
 ----> 1.3#6.6#34.0#44.0#VAR 976 0 0.794201 0.205799 
 ----> 1.3#6.6#34.0#44.0#VAR 977 0 0.805487 0.194513 
 ----> 1.3#6.6#34.0#44.0#VAR 978 0 0.794598 0.205402 
 ----> 1.3#6.6#34.0#44.0#VAR 979 0 0.801118 0.198882 
 ----> 1.3#6.6#34.0#44.0#VAR 980 0 0.794768 0.205232 
 ----> 1.3#6.6#34.0#44.0#VAR 981 1 0.79256 0.20744 
 ----> 1.3#6.6#34.0#44.0#VAR 982 0 0.790173 0.209827 
 ----> 1.3#6.6#34.0#44.0#VAR 983 0 0.78409 0.21591 
 ----> 1.3#6.6#34.0#44.0#VAR 984 0 0.795754 0.204246 
 ----> 1.3#6.6#34.0#44.0#VAR 985 0 0.791314 0.208686 
 ----> 1.3#6.6#34.0#44.0#VAR 986 0 0.806939 0.193061 
 ----> 1.3#6.6#34.0#44.0#VAR 987 0 0.791549 0.208451 
 ----> 1.3#6.6#34.0#44.0#VAR 988 1 0.76999 0.23001 
 ----> 1.3#6.6#34.0#44.0#VAR 989 1 0.778997 0.221003 
 ----> 1.3#6.6#34.0#44.0#VAR 990 0 0.801489 0.198511 
 ----> 1.3#6.6#34.0#44.0#VAR 991 1 0.785902 0.214098 
 ----> 1.3#6.6#34.0#44.0#VAR 992 1 0.772206 0.227794 
 ----> 1.3#6.6#34.0#44.0#VAR 993 0 0.790486 0.209514 
 ----> 1.3#6.6#34.0#44.0#VAR 994 0 0.782988 0.217012 
 ----> 1.3#6.6#34.0#44.0#VAR 995 0 0.801081 0.198919 
 ----> 1.3#6.6#34.0#44.0#VAR 996 1 0.7834 0.2166 
 ----> 1.3#6.6#34.0#44.0#VAR 997 0 0.79898 0.20102 
 ----> 1.3#6.6#34.0#44.0#VAR 998 0 0.799612 0.200388 
 ----> 1.3#6.6#34.0#44.0#VAR 999 0 0.799214 0.200786 
 ----> 1.3#6.6#34.0#44.0#VAR 1000 0 0.798549 0.201451 
 ----> 1.3#6.6#34.0#44.0#VAR 1001 0 0.7981 0.2019 
 ----> 1.3#6.6#34.0#44.0#VAR 1002 1 0.75026 0.24974 
 ----> 1.3#6.6#34.0#44.0#VAR 1003 0 0.808319 0.191681 
 ----> 1.3#6.6#34.0#44.0#VAR 1004 0 0.800769 0.199231 
 ----> 1.3#6.6#34.0#44.0#VAR 1005 0 0.808088 0.191912 
 ----> 1.3#6.6#34.0#44.0#VAR 1006 0 0.799628 0.200372 
 ----> 1.3#6.6#34.0#44.0#VAR 1007 0 0.804325 0.195675 
 ----> 1.3#6.6#34.0#44.0#VAR 1008 0 0.798935 0.201065 
 ----> 1.3#6.6#34.0#44.0#VAR 1009 0 0.787974 0.212026 
 ----> 1.3#6.6#34.0#44.0#VAR 1010 0 0.800888 0.199112 
 ----> 1.3#6.6#34.0#44.0#VAR 1011 0 0.806699 0.193301 
 ----> 1.3#6.6#34.0#44.0#VAR 1012 0 0.7974 0.2026 
 ----> 1.3#6.6#34.0#44.0#VAR 1013 0 0.795573 0.204427 
 ----> 1.3#6.6#34.0#44.0#VAR 1014 0 0.813659 0.186341 
 ----> 1.3#6.6#34.0#44.0#VAR 1015 0 0.793327 0.206673 
 ----> 1.3#6.6#34.0#44.0#VAR 1016 0 0.799799 0.200201 
 ----> 1.3#6.6#34.0#44.0#VAR 1017 0 0.793513 0.206487 
 ----> 1.3#6.6#34.0#44.0#VAR 1018 0 0.790534 0.209466 
 ----> 1.3#6.6#34.0#44.0#VAR 1019 1 0.791763 0.208237 
 ----> 1.3#6.6#34.0#44.0#VAR 1020 0 0.796915 0.203085 
 ----> 1.3#6.6#34.0#44.0#VAR 1021 1 0.784496 0.215504 
 ----> 1.3#6.6#34.0#44.0#VAR 1022 0 0.796219 0.203781 
 ----> 1.3#6.6#34.0#44.0#VAR 1023 1 0.785935 0.214065 
 ----> 1.3#6.6#34.0#44.0#VAR 1024 0 0.796881 0.203119 
 ----> 1.3#6.6#34.0#44.0#VAR 1025 0 0.801225 0.198775 
 ----> 1.3#6.6#34.0#44.0#VAR 1026 0 0.797552 0.202448 
 ----> 1.3#6.6#34.0#44.0#VAR 1027 0 0.798655 0.201345 
 ----> 1.3#6.6#34.0#44.0#VAR 1028 0 0.807832 0.192168 
 ----> 1.3#6.6#34.0#44.0#VAR 1029 0 0.787252 0.212748 
 ----> 1.3#6.6#34.0#44.0#VAR 1030 0 0.792922 0.207078 
 ----> 1.3#6.6#34.0#44.0#VAR 1031 0 0.790193 0.209807 
 ----> 1.3#6.6#34.0#44.0#VAR 1032 1 0.779809 0.220191 
 ----> 1.3#6.6#34.0#44.0#VAR 1033 0 0.803001 0.196999 
 ----> 1.3#6.6#34.0#44.0#VAR 1034 1 0.785603 0.214397 
 ----> 1.3#6.6#34.0#44.0#VAR 1035 0 0.790666 0.209334 
 ----> 1.3#6.6#34.0#44.0#VAR 1036 0 0.770715 0.229285 
 ----> 1.3#6.6#34.0#44.0#VAR 1037 0 0.791125 0.208875 
 ----> 1.3#6.6#34.0#44.0#VAR 1038 0 0.787889 0.212111 
 ----> 1.3#6.6#34.0#44.0#VAR 1039 0 0.798994 0.201006 
 ----> 1.3#6.6#34.0#44.0#VAR 1040 1 0.770566 0.229434 
 ----> 1.3#6.6#34.0#44.0#VAR 1041 0 0.800505 0.199495 
 ----> 1.3#6.6#34.0#44.0#VAR 1042 0 0.811288 0.188712 
 ----> 1.3#6.6#34.0#44.0#VAR 1043 0 0.798262 0.201738 
 ----> 1.3#6.6#34.0#44.0#VAR 1044 0 0.795172 0.204828 
 ----> 1.3#6.6#34.0#44.0#VAR 1045 0 0.815256 0.184744 
 ----> 1.3#6.6#34.0#44.0#VAR 1046 0 0.801835 0.198165 
 ----> 1.3#6.6#34.0#44.0#VAR 1047 1 0.768081 0.231919 
 ----> 1.3#6.6#34.0#44.0#VAR 1048 0 0.802978 0.197022 
 ----> 1.3#6.6#34.0#44.0#VAR 1049 0 0.788614 0.211386 
 ----> 1.3#6.6#34.0#44.0#VAR 1050 0 0.794651 0.205349 
 ----> 1.3#6.6#34.0#44.0#VAR 1051 0 0.791967 0.208033 
 ----> 1.3#6.6#34.0#44.0#VAR 1052 0 0.79856 0.20144 
 ----> 1.3#6.6#34.0#44.0#VAR 1053 0 0.8161 0.1839 
 ----> 1.3#6.6#34.0#44.0#VAR 1054 0 0.79884 0.20116 
 ----> 1.3#6.6#34.0#44.0#VAR 1055 0 0.802274 0.197726 
 ----> 1.3#6.6#34.0#44.0#VAR 1056 0 0.80499 0.19501 
 ----> 1.3#6.6#34.0#44.0#VAR 1057 1 0.79403 0.20597 
 ----> 1.3#6.6#34.0#44.0#VAR 1058 0 0.790137 0.209863 
 ----> 1.3#6.6#34.0#44.0#VAR 1059 0 0.790027 0.209973 
 ----> 1.3#6.6#34.0#44.0#VAR 1060 0 0.781377 0.218623 
 ----> 1.3#6.6#34.0#44.0#VAR 1061 0 0.797537 0.202463 
 ----> 1.3#6.6#34.0#44.0#VAR 1062 0 0.794759 0.205241 
 ----> 1.3#6.6#34.0#44.0#VAR 1063 0 0.780534 0.219466 
 ----> 1.3#6.6#34.0#44.0#VAR 1064 0 0.803745 0.196255 
 ----> 1.3#6.6#34.0#44.0#VAR 1065 1 0.790597 0.209403 
 ----> 1.3#6.6#34.0#44.0#VAR 1066 1 0.795022 0.204978 
 ----> 1.3#6.6#34.0#44.0#VAR 1067 1 0.779556 0.220444 
 ----> 1.3#6.6#34.0#44.0#VAR 1068 0 0.797416 0.202584 
 ----> 1.3#6.6#34.0#44.0#VAR 1069 0 0.799682 0.200318 
 ----> 1.3#6.6#34.0#44.0#VAR 1070 1 0.786309 0.213691 
 ----> 1.3#6.6#34.0#44.0#VAR 1071 0 0.78925 0.21075 
 ----> 1.3#6.6#34.0#44.0#VAR 1072 0 0.801384 0.198616 
 ----> 1.3#6.6#34.0#44.0#VAR 1073 1 0.788166 0.211834 
 ----> 1.3#6.6#34.0#44.0#VAR 1074 0 0.816331 0.183669 
 ----> 1.3#6.6#34.0#44.0#VAR 1075 0 0.794476 0.205524 
 ----> 1.3#6.6#34.0#44.0#VAR 1076 0 0.796292 0.203708 
 ----> 1.3#6.6#34.0#44.0#VAR 1077 0 0.795395 0.204605 
 ----> 1.3#6.6#34.0#44.0#VAR 1078 0 0.790535 0.209465 
 ----> 1.3#6.6#34.0#44.0#VAR 1079 0 0.798522 0.201478 
 ----> 1.3#6.6#34.0#44.0#VAR 1080 0 0.79887 0.20113 
 ----> 1.3#6.6#34.0#44.0#VAR 1081 1 0.783513 0.216487 
 ----> 1.3#6.6#34.0#44.0#VAR 1082 0 0.781852 0.218148 
 ----> 1.3#6.6#34.0#44.0#VAR 1083 0 0.806398 0.193602 
 ----> 1.3#6.6#34.0#44.0#VAR 1084 0 0.796845 0.203155 
 ----> 1.3#6.6#34.0#44.0#VAR 1085 0 0.796151 0.203849 
 ----> 1.3#6.6#34.0#44.0#VAR 1086 0 0.784631 0.215369 
 ----> 1.3#6.6#34.0#44.0#VAR 1087 1 0.771492 0.228508 
 ----> 1.3#6.6#34.0#44.0#VAR 1088 1 0.784547 0.215453 
 ----> 1.3#6.6#34.0#44.0#VAR 1089 0 0.810713 0.189287 
 ----> 1.3#6.6#34.0#44.0#VAR 1090 0 0.790832 0.209168 
 ----> 1.3#6.6#34.0#44.0#VAR 1091 0 0.797586 0.202414 
 ----> 1.3#6.6#34.0#44.0#VAR 1092 1 0.754437 0.245563 
 ----> 1.3#6.6#34.0#44.0#VAR 1093 0 0.793035 0.206965 
 ----> 1.3#6.6#34.0#44.0#VAR 1094 0 0.815288 0.184712 
 ----> 1.3#6.6#34.0#44.0#VAR 1095 1 0.787669 0.212331 
 ----> 1.3#6.6#34.0#44.0#VAR 1096 0 0.795787 0.204213 
 ----> 1.3#6.6#34.0#44.0#VAR 1097 0 0.803151 0.196849 
 ----> 1.3#6.6#34.0#44.0#VAR 1098 1 0.777174 0.222826 
 ----> 1.3#6.6#34.0#44.0#VAR 1099 0 0.799004 0.200996 
 ----> 1.3#6.6#34.0#44.0#VAR 1100 1 0.782686 0.217314 
 ----> 1.3#6.6#34.0#44.0#VAR 1101 0 0.805142 0.194858 
 ----> 1.3#6.6#34.0#44.0#VAR 1102 1 0.785054 0.214946 
 ----> 1.3#6.6#34.0#44.0#VAR 1103 1 0.780438 0.219562 
 ----> 1.3#6.6#34.0#44.0#VAR 1104 0 0.795025 0.204975 
 ----> 1.3#6.6#34.0#44.0#VAR 1105 0 0.794322 0.205678 
 ----> 1.3#6.6#34.0#44.0#VAR 1106 0 0.783793 0.216207 
 ----> 1.3#6.6#34.0#44.0#VAR 1107 0 0.803015 0.196985 
 ----> 1.3#6.6#34.0#44.0#VAR 1108 0 0.792794 0.207206 
 ----> 1.3#6.6#34.0#44.0#VAR 1109 0 0.784072 0.215928 
 ----> 1.3#6.6#34.0#44.0#VAR 1110 0 0.782428 0.217572 
 ----> 1.3#6.6#34.0#44.0#VAR 1111 0 0.810958 0.189042 
 ----> 1.3#6.6#34.0#44.0#VAR 1112 0 0.802548 0.197452 
 ----> 1.3#6.6#34.0#44.0#VAR 1113 1 0.778078 0.221922 
 ----> 1.3#6.6#34.0#44.0#VAR 1114 0 0.793931 0.206069 
 ----> 1.3#6.6#34.0#44.0#VAR 1115 0 0.806404 0.193596 
 ----> 1.3#6.6#34.0#44.0#VAR 1116 0 0.791756 0.208244 
 ----> 1.3#6.6#34.0#44.0#VAR 1117 0 0.8029 0.1971 
 ----> 1.3#6.6#34.0#44.0#VAR 1118 0 0.811152 0.188848 
 ----> 1.3#6.6#34.0#44.0#VAR 1119 0 0.803241 0.196759 
 ----> 1.3#6.6#34.0#44.0#VAR 1120 0 0.802541 0.197459 
 ----> 1.3#6.6#34.0#44.0#VAR 1121 0 0.799671 0.200329 
 ----> 1.3#6.6#34.0#44.0#VAR 1122 0 0.805673 0.194327 
 ----> 1.3#6.6#34.0#44.0#VAR 1123 0 0.785739 0.214261 
 ----> 1.3#6.6#34.0#44.0#VAR 1124 0 0.807435 0.192565 
 ----> 1.3#6.6#34.0#44.0#VAR 1125 0 0.797009 0.202991 
 ----> 1.3#6.6#34.0#44.0#VAR 1126 0 0.809502 0.190498 
 ----> 1.3#6.6#34.0#44.0#VAR 1127 0 0.800586 0.199414 
 ----> 1.3#6.6#34.0#44.0#VAR 1128 0 0.818771 0.181229 
 ----> 1.3#6.6#34.0#44.0#VAR 1129 0 0.807509 0.192491 
 ----> 1.3#6.6#34.0#44.0#VAR 1130 1 0.794252 0.205748 
 ----> 1.3#6.6#34.0#44.0#VAR 1131 0 0.80087 0.19913 
 ----> 1.3#6.6#34.0#44.0#VAR 1132 1 0.76116 0.23884 
 ----> 1.3#6.6#34.0#44.0#VAR 1133 0 0.797256 0.202744 
 ----> 1.3#6.6#34.0#44.0#VAR 1134 1 0.762827 0.237173 
 ----> 1.3#6.6#34.0#44.0#VAR 1135 0 0.800189 0.199811 
 ----> 1.3#6.6#34.0#44.0#VAR 1136 0 0.802122 0.197878 
 ----> 1.3#6.6#34.0#44.0#VAR 1137 0 0.799021 0.200979 
 ----> 1.3#6.6#34.0#44.0#VAR 1138 0 0.796207 0.203793 
 ----> 1.3#6.6#34.0#44.0#VAR 1139 0 0.798782 0.201218 
 ----> 1.3#6.6#34.0#44.0#VAR 1140 1 0.79756 0.20244 
 ----> 1.3#6.6#34.0#44.0#VAR 1141 0 0.808773 0.191227 
 ----> 1.3#6.6#34.0#44.0#VAR 1142 1 0.785976 0.214024 
 ----> 1.3#6.6#34.0#44.0#VAR 1143 0 0.781496 0.218504 
 ----> 1.3#6.6#34.0#44.0#VAR 1144 0 0.786709 0.213291 
 ----> 1.3#6.6#34.0#44.0#VAR 1145 0 0.794155 0.205845 
 ----> 1.3#6.6#34.0#44.0#VAR 1146 0 0.780444 0.219556 
 ----> 1.3#6.6#34.0#44.0#VAR 1147 0 0.795741 0.204259 
 ----> 1.3#6.6#34.0#44.0#VAR 1148 0 0.799387 0.200613 
 ----> 1.3#6.6#34.0#44.0#VAR 1149 0 0.801187 0.198813 
 ----> 1.3#6.6#34.0#44.0#VAR 1150 0 0.799303 0.200697 
 ----> 1.3#6.6#34.0#44.0#VAR 1151 1 0.791271 0.208729 
 ----> 1.3#6.6#34.0#44.0#VAR 1152 1 0.788946 0.211054 
 ----> 1.3#6.6#34.0#44.0#VAR 1153 0 0.801076 0.198924 
 ----> 1.3#6.6#34.0#44.0#VAR 1154 0 0.799548 0.200452 
 ----> 1.3#6.6#34.0#44.0#VAR 1155 1 0.79192 0.20808 
 ----> 1.3#6.6#34.0#44.0#VAR 1156 0 0.808699 0.191301 
 ----> 1.3#6.6#34.0#44.0#VAR 1157 0 0.800895 0.199105 
 ----> 1.3#6.6#34.0#44.0#VAR 1158 0 0.799645 0.200355 
 ----> 1.3#6.6#34.0#44.0#VAR 1159 0 0.797111 0.202889 
 ----> 1.3#6.6#34.0#44.0#VAR 1160 0 0.775648 0.224352 
 ----> 1.3#6.6#34.0#44.0#VAR 1161 0 0.803739 0.196261 
 ----> 1.3#6.6#34.0#44.0#VAR 1162 0 0.780128 0.219872 
 ----> 1.3#6.6#34.0#44.0#VAR 1163 0 0.790637 0.209363 
 ----> 1.3#6.6#34.0#44.0#VAR 1164 0 0.784973 0.215027 
 ----> 1.3#6.6#34.0#44.0#VAR 1165 1 0.777351 0.222649 
 ----> 1.3#6.6#34.0#44.0#VAR 1166 0 0.788415 0.211585 
 ----> 1.3#6.6#34.0#44.0#VAR 1167 1 0.796261 0.203739 
 ----> 1.3#6.6#34.0#44.0#VAR 1168 1 0.779474 0.220526 
 ----> 1.3#6.6#34.0#44.0#VAR 1169 0 0.801733 0.198267 
 ----> 1.3#6.6#34.0#44.0#VAR 1170 1 0.77121 0.22879 
 ----> 1.3#6.6#34.0#44.0#VAR 1171 0 0.790167 0.209833 
 ----> 1.3#6.6#34.0#44.0#VAR 1172 1 0.782022 0.217978 
 ----> 1.3#6.6#34.0#44.0#VAR 1173 0 0.803773 0.196227 
 ----> 1.3#6.6#34.0#44.0#VAR 1174 0 0.794274 0.205726 
 ----> 1.3#6.6#34.0#44.0#VAR 1175 0 0.793116 0.206884 
 ----> 1.3#6.6#34.0#44.0#VAR 1176 0 0.789335 0.210665 
 ----> 1.3#6.6#34.0#44.0#VAR 1177 0 0.80569 0.19431 
 ----> 1.3#6.6#34.0#44.0#VAR 1178 0 0.793029 0.206971 
 ----> 1.3#6.6#34.0#44.0#VAR 1179 0 0.792757 0.207243 
 ----> 1.3#6.6#34.0#44.0#VAR 1180 0 0.797578 0.202422 
 ----> 1.3#6.6#34.0#44.0#VAR 1181 0 0.789877 0.210123 
 ----> 1.3#6.6#34.0#44.0#VAR 1182 0 0.784312 0.215688 
 ----> 1.3#6.6#34.0#44.0#VAR 1183 0 0.783594 0.216406 
 ----> 1.3#6.6#34.0#44.0#VAR 1184 0 0.801882 0.198118 
 ----> 1.3#6.6#34.0#44.0#VAR 1185 0 0.790497 0.209503 
 ----> 1.3#6.6#34.0#44.0#VAR 1186 0 0.790741 0.209259 
 ----> 1.3#6.6#34.0#44.0#VAR 1187 0 0.801052 0.198948 
 ----> 1.3#6.6#34.0#44.0#VAR 1188 0 0.801783 0.198217 
 ----> 1.3#6.6#34.0#44.0#VAR 1189 0 0.7912 0.2088 
 ----> 1.3#6.6#34.0#44.0#VAR 1190 0 0.78752 0.21248 
 ----> 1.3#6.6#34.0#44.0#VAR 1191 0 0.799911 0.200089 
 ----> 1.3#6.6#34.0#44.0#VAR 1192 0 0.790296 0.209704 
 ----> 1.3#6.6#34.0#44.0#VAR 1193 0 0.813133 0.186867 
 ----> 1.3#6.6#34.0#44.0#VAR 1194 0 0.80027 0.19973 
 ----> 1.3#6.6#34.0#44.0#VAR 1195 0 0.788011 0.211989 
 ----> 1.3#6.6#34.0#44.0#VAR 1196 0 0.796208 0.203792 
 ----> 1.3#6.6#34.0#44.0#VAR 1197 0 0.80192 0.19808 
 ----> 1.3#6.6#34.0#44.0#VAR 1198 0 0.793479 0.206521 
 ----> 1.3#6.6#34.0#44.0#VAR 1199 0 0.800518 0.199482 
 ----> 1.3#6.6#34.0#44.0#VAR 1200 0 0.795818 0.204182 
 ----> 1.3#6.6#34.0#44.0#VAR 1201 0 0.791161 0.208839 
 ----> 1.3#6.6#34.0#44.0#VAR 1202 1 0.796593 0.203407 
 ----> 1.3#6.6#34.0#44.0#VAR 1203 0 0.806384 0.193616 
 ----> 1.3#6.6#34.0#44.0#VAR 1204 0 0.785201 0.214799 
 ----> 1.3#6.6#34.0#44.0#VAR 1205 0 0.808456 0.191544 
 ----> 1.3#6.6#34.0#44.0#VAR 1206 0 0.795914 0.204086 
 ----> 1.3#6.6#34.0#44.0#VAR 1207 0 0.787879 0.212121 
 ----> 1.3#6.6#34.0#44.0#VAR 1208 0 0.806887 0.193113 
 ----> 1.3#6.6#34.0#44.0#VAR 1209 1 0.772825 0.227175 
 ----> 1.3#6.6#34.0#44.0#VAR 1210 1 0.791185 0.208815 
 ----> 1.3#6.6#34.0#44.0#VAR 1211 0 0.788071 0.211929 
 ----> 1.3#6.6#34.0#44.0#VAR 1212 0 0.792174 0.207826 
 ----> 1.3#6.6#34.0#44.0#VAR 1213 0 0.807012 0.192988 
 ----> 1.3#6.6#34.0#44.0#VAR 1214 1 0.781401 0.218599 
 ----> 1.3#6.6#34.0#44.0#VAR 1215 1 0.787587 0.212413 
 ----> 1.3#6.6#34.0#44.0#VAR 1216 0 0.791065 0.208935 
 ----> 1.3#6.6#34.0#44.0#VAR 1217 0 0.811547 0.188453 
 ----> 1.3#6.6#34.0#44.0#VAR 1218 0 0.788298 0.211702 
 ----> 1.3#6.6#34.0#44.0#VAR 1219 1 0.792344 0.207656 
 ----> 1.3#6.6#34.0#44.0#VAR 1220 1 0.788831 0.211169 
 ----> 1.3#6.6#34.0#44.0#VAR 1221 0 0.796588 0.203412 
 ----> 1.3#6.6#34.0#44.0#VAR 1222 0 0.811933 0.188067 
 ----> 1.3#6.6#34.0#44.0#VAR 1223 0 0.797674 0.202326 
 ----> 1.3#6.6#34.0#44.0#VAR 1224 0 0.807891 0.192109 
 ----> 1.3#6.6#34.0#44.0#VAR 1225 1 0.776205 0.223795 
 ----> 1.3#6.6#34.0#44.0#VAR 1226 1 0.772008 0.227992 
 ----> 1.3#6.6#34.0#44.0#VAR 1227 0 0.812122 0.187878 
 ----> 1.3#6.6#34.0#44.0#VAR 1228 0 0.814171 0.185829 
 ----> 1.3#6.6#34.0#44.0#VAR 1229 0 0.781187 0.218813 
 ----> 1.3#6.6#34.0#44.0#VAR 1230 0 0.811376 0.188624 
 ----> 1.3#6.6#34.0#44.0#VAR 1231 0 0.801119 0.198881 
 ----> 1.3#6.6#34.0#44.0#VAR 1232 0 0.798588 0.201412 
 ----> 1.3#6.6#34.0#44.0#VAR 1233 0 0.815867 0.184133 
 ----> 1.3#6.6#34.0#44.0#VAR 1234 0 0.814949 0.185051 
 ----> 1.3#6.6#34.0#44.0#VAR 1235 0 0.801563 0.198437 
 ----> 1.3#6.6#34.0#44.0#VAR 1236 0 0.807138 0.192862 
 ----> 1.3#6.6#34.0#44.0#VAR 1237 0 0.808438 0.191562 
 ----> 1.3#6.6#34.0#44.0#VAR 1238 0 0.798411 0.201589 
 ----> 1.3#6.6#34.0#44.0#VAR 1239 0 0.80325 0.19675 
 ----> 1.3#6.6#34.0#44.0#VAR 1240 0 0.801137 0.198863 
 ----> 1.3#6.6#34.0#44.0#VAR 1241 0 0.804534 0.195466 
 ----> 1.3#6.6#34.0#44.0#VAR 1242 1 0.795839 0.204161 
 ----> 1.3#6.6#34.0#44.0#VAR 1243 0 0.79834 0.20166 
 ----> 1.3#6.6#34.0#44.0#VAR 1244 0 0.79488 0.20512 
 ----> 1.3#6.6#34.0#44.0#VAR 1245 1 0.780037 0.219963 
 ----> 1.3#6.6#34.0#44.0#VAR 1246 0 0.803657 0.196343 
 ----> 1.3#6.6#34.0#44.0#VAR 1247 0 0.784314 0.215686 
 ----> 1.3#6.6#34.0#44.0#VAR 1248 0 0.812582 0.187418 
 ----> 1.3#6.6#34.0#44.0#VAR 1249 1 0.771148 0.228852 
 ----> 1.3#6.6#34.0#44.0#VAR 1250 0 0.7998 0.2002 
 ----> 1.3#6.6#34.0#44.0#VAR 1251 0 0.803301 0.196699 
 ----> 1.3#6.6#34.0#44.0#VAR 1252 0 0.792234 0.207766 
 ----> 1.3#6.6#34.0#44.0#VAR 1253 1 0.773547 0.226453 
 ----> 1.3#6.6#34.0#44.0#VAR 1254 1 0.776667 0.223333 
 ----> 1.3#6.6#34.0#44.0#VAR 1255 0 0.805565 0.194435 
 ----> 1.3#6.6#34.0#44.0#VAR 1256 0 0.798526 0.201474 
 ----> 1.3#6.6#34.0#44.0#VAR 1257 0 0.791446 0.208554 
 ----> 1.3#6.6#34.0#44.0#VAR 1258 0 0.80663 0.19337 
 ----> 1.3#6.6#34.0#44.0#VAR 1259 0 0.806311 0.193689 
 ----> 1.3#6.6#34.0#44.0#VAR 1260 0 0.794228 0.205772 
 ----> 1.3#6.6#34.0#44.0#VAR 1261 0 0.784934 0.215066 
 ----> 1.3#6.6#34.0#44.0#VAR 1262 0 0.795341 0.204659 
 ----> 1.3#6.6#34.0#44.0#VAR 1263 0 0.801577 0.198423 
 ----> 1.3#6.6#34.0#44.0#VAR 1264 0 0.787877 0.212123 
 ----> 1.3#6.6#34.0#44.0#VAR 1265 1 0.78858 0.21142 
 ----> 1.3#6.6#34.0#44.0#VAR 1266 0 0.791032 0.208968 
 ----> 1.3#6.6#34.0#44.0#VAR 1267 1 0.776258 0.223742 
 ----> 1.3#6.6#34.0#44.0#VAR 1268 1 0.786379 0.213621 
 ----> 1.3#6.6#34.0#44.0#VAR 1269 0 0.798122 0.201878 
 ----> 1.3#6.6#34.0#44.0#VAR 1270 0 0.804587 0.195413 
 ----> 1.3#6.6#34.0#44.0#VAR 1271 1 0.77016 0.22984 
 ----> 1.3#6.6#34.0#44.0#VAR 1272 1 0.777352 0.222648 
 ----> 1.3#6.6#34.0#44.0#VAR 1273 0 0.796167 0.203833 
 ----> 1.3#6.6#34.0#44.0#VAR 1274 0 0.789373 0.210627 
 ----> 1.3#6.6#34.0#44.0#VAR 1275 0 0.786511 0.213489 
 ----> 1.3#6.6#34.0#44.0#VAR 1276 0 0.800978 0.199022 
 ----> 1.3#6.6#34.0#44.0#VAR 1277 0 0.800037 0.199963 
 ----> 1.3#6.6#34.0#44.0#VAR 1278 0 0.788001 0.211999 
 ----> 1.3#6.6#34.0#44.0#VAR 1279 1 0.781637 0.218363 
 ----> 1.3#6.6#34.0#44.0#VAR 1280 0 0.78828 0.21172 
 ----> 1.3#6.6#34.0#44.0#VAR 1281 0 0.787092 0.212908 
 ----> 1.3#6.6#34.0#44.0#VAR 1282 0 0.797968 0.202032 
 ----> 1.3#6.6#34.0#44.0#VAR 1283 0 0.801354 0.198646 
 ----> 1.3#6.6#34.0#44.0#VAR 1284 1 0.790106 0.209894 
 ----> 1.3#6.6#34.0#44.0#VAR 1285 0 0.792392 0.207608 
 ----> 1.3#6.6#34.0#44.0#VAR 1286 0 0.808202 0.191798 
 ----> 1.3#6.6#34.0#44.0#VAR 1287 0 0.806126 0.193874 
 ----> 1.3#6.6#34.0#44.0#VAR 1288 1 0.793153 0.206847 
 ----> 1.3#6.6#34.0#44.0#VAR 1289 0 0.782399 0.217601 
 ----> 1.3#6.6#34.0#44.0#VAR 1290 0 0.794469 0.205531 
 ----> 1.3#6.6#34.0#44.0#VAR 1291 1 0.796191 0.203809 
 ----> 1.3#6.6#34.0#44.0#VAR 1292 0 0.797751 0.202249 
 ----> 1.3#6.6#34.0#44.0#VAR 1293 0 0.806173 0.193827 
 ----> 1.3#6.6#34.0#44.0#VAR 1294 0 0.801873 0.198127 
 ----> 1.3#6.6#34.0#44.0#VAR 1295 0 0.799437 0.200563 
 ----> 1.3#6.6#34.0#44.0#VAR 1296 1 0.772484 0.227516 
 ----> 1.3#6.6#34.0#44.0#VAR 1297 1 0.794337 0.205663 
 ----> 1.3#6.6#34.0#44.0#VAR 1298 1 0.789986 0.210014 
 ----> 1.3#6.6#34.0#44.0#VAR 1299 1 0.802147 0.197853 
 ----> 1.3#6.6#34.0#44.0#VAR 1300 0 0.797473 0.202527 
 ----> 1.3#6.6#34.0#44.0#VAR 1301 1 0.797769 0.202231 
 ----> 1.3#6.6#34.0#44.0#VAR 1302 0 0.811229 0.188771 
 ----> 1.3#6.6#34.0#44.0#VAR 1303 0 0.797605 0.202395 
 ----> 1.3#6.6#34.0#44.0#VAR 1304 1 0.788763 0.211237 
 ----> 1.3#6.6#34.0#44.0#VAR 1305 0 0.815684 0.184316 
 ----> 1.3#6.6#34.0#44.0#VAR 1306 0 0.804078 0.195922 
 ----> 1.3#6.6#34.0#44.0#VAR 1307 0 0.801417 0.198583 
 ----> 1.3#6.6#34.0#44.0#VAR 1308 0 0.811161 0.188839 
 ----> 1.3#6.6#34.0#44.0#VAR 1309 0 0.813724 0.186276 
 ----> 1.3#6.6#34.0#44.0#VAR 1310 0 0.810671 0.189329 
 ----> 1.3#6.6#34.0#44.0#VAR 1311 0 0.810677 0.189323 
 ----> 1.3#6.6#34.0#44.0#VAR 1312 0 0.814484 0.185516 
 ----> 1.3#6.6#34.0#44.0#VAR 1313 0 0.775258 0.224742 
 ----> 1.3#6.6#34.0#44.0#VAR 1314 0 0.804394 0.195606 
 ----> 1.3#6.6#34.0#44.0#VAR 1315 0 0.821898 0.178102 
 ----> 1.3#6.6#34.0#44.0#VAR 1316 0 0.802841 0.197159 
 ----> 1.3#6.6#34.0#44.0#VAR 1317 1 0.793066 0.206934 
 ----> 1.3#6.6#34.0#44.0#VAR 1318 0 0.799246 0.200754 
 ----> 1.3#6.6#34.0#44.0#VAR 1319 0 0.808676 0.191324 
 ----> 1.3#6.6#34.0#44.0#VAR 1320 0 0.811919 0.188081 
 ----> 1.3#6.6#34.0#44.0#VAR 1321 0 0.817238 0.182762 
 ----> 1.3#6.6#34.0#44.0#VAR 1322 0 0.80545 0.19455 
 ----> 1.3#6.6#34.0#44.0#VAR 1323 1 0.786505 0.213495 
 ----> 1.3#6.6#34.0#44.0#VAR 1324 0 0.795567 0.204433 
 ----> 1.3#6.6#34.0#44.0#VAR 1325 0 0.802335 0.197665 
 ----> 1.3#6.6#34.0#44.0#VAR 1326 0 0.793302 0.206698 
 ----> 1.3#6.6#34.0#44.0#VAR 1327 0 0.790468 0.209532 
 ----> 1.3#6.6#34.0#44.0#VAR 1328 0 0.797733 0.202267 
 ----> 1.3#6.6#34.0#44.0#VAR 1329 1 0.794137 0.205863 
 ----> 1.3#6.6#34.0#44.0#VAR 1330 0 0.799512 0.200488 
 ----> 1.3#6.6#34.0#44.0#VAR 1331 0 0.803149 0.196851 
 ----> 1.3#6.6#34.0#44.0#VAR 1332 0 0.803327 0.196673 
 ----> 1.3#6.6#34.0#44.0#VAR 1333 0 0.822723 0.177277 
 ----> 1.3#6.6#34.0#44.0#VAR 1334 1 0.768978 0.231022 
 ----> 1.3#6.6#34.0#44.0#VAR 1335 0 0.812222 0.187778 
 ----> 1.3#6.6#34.0#44.0#VAR 1336 1 0.776971 0.223029 
 ----> 1.3#6.6#34.0#44.0#VAR 1337 0 0.794562 0.205438 
 ----> 1.3#6.6#34.0#44.0#VAR 1338 0 0.805641 0.194359 
 ----> 1.3#6.6#34.0#44.0#VAR 1339 0 0.801308 0.198692 
 ----> 1.3#6.6#34.0#44.0#VAR 1340 0 0.811244 0.188756 
 ----> 1.3#6.6#34.0#44.0#VAR 1341 0 0.803882 0.196118 
 ----> 1.3#6.6#34.0#44.0#VAR 1342 0 0.809947 0.190053 
 ----> 1.3#6.6#34.0#44.0#VAR 1343 1 0.764394 0.235606 
 ----> 1.3#6.6#34.0#44.0#VAR 1344 1 0.801889 0.198111 
 ----> 1.3#6.6#34.0#44.0#VAR 1345 0 0.797178 0.202822 
 ----> 1.3#6.6#34.0#44.0#VAR 1346 0 0.816142 0.183858 
 ----> 1.3#6.6#34.0#44.0#VAR 1347 0 0.795265 0.204735 
 ----> 1.3#6.6#34.0#44.0#VAR 1348 0 0.800161 0.199839 
 ----> 1.3#6.6#34.0#44.0#VAR 1349 0 0.801909 0.198091 
 ----> 1.3#6.6#34.0#44.0#VAR 1350 0 0.808681 0.191319 
 ----> 1.3#6.6#34.0#44.0#VAR 1351 0 0.808402 0.191598 
 ----> 1.3#6.6#34.0#44.0#VAR 1352 0 0.799815 0.200185 
 ----> 1.3#6.6#34.0#44.0#VAR 1353 0 0.815549 0.184451 
 ----> 1.3#6.6#34.0#44.0#VAR 1354 1 0.770289 0.229711 
 ----> 1.3#6.6#34.0#44.0#VAR 1355 0 0.796729 0.203271 
 ----> 1.3#6.6#34.0#44.0#VAR 1356 0 0.806202 0.193798 
 ----> 1.3#6.6#34.0#44.0#VAR 1357 0 0.799951 0.200049 
 ----> 1.3#6.6#34.0#44.0#VAR 1358 1 0.786835 0.213165 
 ----> 1.3#6.6#34.0#44.0#VAR 1359 0 0.798054 0.201946 
 ----> 1.3#6.6#34.0#44.0#VAR 1360 0 0.807176 0.192824 
 ----> 1.3#6.6#34.0#44.0#VAR 1361 1 0.795049 0.204951 
 ----> 1.3#6.6#34.0#44.0#VAR 1362 0 0.808666 0.191334 
 ----> 1.3#6.6#34.0#44.0#VAR 1363 0 0.814452 0.185548 
 ----> 1.3#6.6#34.0#44.0#VAR 1364 0 0.789145 0.210855 
 ----> 1.3#6.6#34.0#44.0#VAR 1365 0 0.793832 0.206168 
 ----> 1.3#6.6#34.0#44.0#VAR 1366 0 0.791375 0.208625 
 ----> 1.3#6.6#34.0#44.0#VAR 1367 0 0.813265 0.186735 
 ----> 1.3#6.6#34.0#44.0#VAR 1368 1 0.782772 0.217228 
 ----> 1.3#6.6#34.0#44.0#VAR 1369 0 0.803932 0.196068 
 ----> 1.3#6.6#34.0#44.0#VAR 1370 0 0.800499 0.199501 
 ----> 1.3#6.6#34.0#44.0#VAR 1371 0 0.809623 0.190377 
 ----> 1.3#6.6#34.0#44.0#VAR 1372 0 0.791442 0.208558 
 ----> 1.3#6.6#34.0#44.0#VAR 1373 0 0.808913 0.191087 
 ----> 1.3#6.6#34.0#44.0#VAR 1374 0 0.809387 0.190613 
 ----> 1.3#6.6#34.0#44.0#VAR 1375 0 0.817088 0.182912 
 ----> 1.3#6.6#34.0#44.0#VAR 1376 0 0.799283 0.200717 
 ----> 1.3#6.6#34.0#44.0#VAR 1377 1 0.776634 0.223366 
 ----> 1.3#6.6#34.0#44.0#VAR 1378 0 0.786039 0.213961 
 ----> 1.3#6.6#34.0#44.0#VAR 1379 0 0.797458 0.202542 
 ----> 1.3#6.6#34.0#44.0#VAR 1380 1 0.787213 0.212787 
 ----> 1.3#6.6#34.0#44.0#VAR 1381 0 0.813174 0.186826 
 ----> 1.3#6.6#34.0#44.0#VAR 1382 0 0.814708 0.185292 
 ----> 1.3#6.6#34.0#44.0#VAR 1383 0 0.814036 0.185964 
 ----> 1.3#6.6#34.0#44.0#VAR 1384 0 0.813484 0.186516 
 ----> 1.3#6.6#34.0#44.0#VAR 1385 0 0.80449 0.19551 
 ----> 1.3#6.6#34.0#44.0#VAR 1386 1 0.797504 0.202496 
 ----> 1.3#6.6#34.0#44.0#VAR 1387 1 0.775688 0.224312 
 ----> 1.3#6.6#34.0#44.0#VAR 1388 0 0.807526 0.192474 
 ----> 1.3#6.6#34.0#44.0#VAR 1389 0 0.80472 0.19528 
 ----> 1.3#6.6#34.0#44.0#VAR 1390 0 0.811492 0.188508 
 ----> 1.3#6.6#34.0#44.0#VAR 1391 0 0.823681 0.176319 
 ----> 1.3#6.6#34.0#44.0#VAR 1392 0 0.822194 0.177806 
 ----> 1.3#6.6#34.0#44.0#VAR 1393 0 0.825925 0.174075 
 ----> 1.3#6.6#34.0#44.0#VAR 1394 1 0.786643 0.213357 
 ----> 1.3#6.6#34.0#44.0#VAR 1395 0 0.805578 0.194422 
 ----> 1.3#6.6#34.0#44.0#VAR 1396 0 0.796207 0.203793 
 ----> 1.3#6.6#34.0#44.0#VAR 1397 0 0.80566 0.19434 
 ----> 1.3#6.6#34.0#44.0#VAR 1398 1 0.773875 0.226125 
 ----> 1.3#6.6#34.0#44.0#VAR 1399 0 0.806685 0.193315 
 ----> 1.3#6.6#34.0#44.0#VAR 1400 1 0.776722 0.223278 
 ----> 1.3#6.6#34.0#44.0#VAR 1401 0 0.806101 0.193899 
 ----> 1.3#6.6#34.0#44.0#VAR 1402 1 0.782466 0.217534 
 ----> 1.3#6.6#34.0#44.0#VAR 1403 0 0.811485 0.188515 
 ----> 1.3#6.6#34.0#44.0#VAR 1404 0 0.805826 0.194174 
 ----> 1.3#6.6#34.0#44.0#VAR 1405 1 0.784725 0.215275 
 ----> 1.3#6.6#34.0#44.0#VAR 1406 0 0.799265 0.200735 
 ----> 1.3#6.6#34.0#44.0#VAR 1407 0 0.799875 0.200125 
 ----> 1.3#6.6#34.0#44.0#VAR 1408 0 0.790741 0.209259 
 ----> 1.3#6.6#34.0#44.0#VAR 1409 0 0.78515 0.21485 
 ----> 1.3#6.6#34.0#44.0#VAR 1410 0 0.794028 0.205972 
 ----> 1.3#6.6#34.0#44.0#VAR 1411 0 0.786293 0.213707 
 ----> 1.3#6.6#34.0#44.0#VAR 1412 1 0.779698 0.220302 
 ----> 1.3#6.6#34.0#44.0#VAR 1413 0 0.799903 0.200097 
 ----> 1.3#6.6#34.0#44.0#VAR 1414 0 0.807749 0.192251 
 ----> 1.3#6.6#34.0#44.0#VAR 1415 0 0.798955 0.201045 
 ----> 1.3#6.6#34.0#44.0#VAR 1416 0 0.801286 0.198714 
 ----> 1.3#6.6#34.0#44.0#VAR 1417 0 0.786001 0.213999 
 ----> 1.3#6.6#34.0#44.0#VAR 1418 1 0.792202 0.207798 
 ----> 1.3#6.6#34.0#44.0#VAR 1419 0 0.791351 0.208649 
 ----> 1.3#6.6#34.0#44.0#VAR 1420 0 0.794871 0.205129 
 ----> 1.3#6.6#34.0#44.0#VAR 1421 0 0.794275 0.205725 
 ----> 1.3#6.6#34.0#44.0#VAR 1422 1 0.781928 0.218072 
 ----> 1.3#6.6#34.0#44.0#VAR 1423 0 0.79859 0.20141 
 ----> 1.3#6.6#34.0#44.0#VAR 1424 1 0.783526 0.216474 
 ----> 1.3#6.6#34.0#44.0#VAR 1425 0 0.796574 0.203426 
 ----> 1.3#6.6#34.0#44.0#VAR 1426 1 0.786532 0.213468 
 ----> 1.3#6.6#34.0#44.0#VAR 1427 1 0.797483 0.202517 
 ----> 1.3#6.6#34.0#44.0#VAR 1428 0 0.799133 0.200867 
 ----> 1.3#6.6#34.0#44.0#VAR 1429 0 0.783159 0.216841 
 ----> 1.3#6.6#34.0#44.0#VAR 1430 0 0.78926 0.21074 
 ----> 1.3#6.6#34.0#44.0#VAR 1431 0 0.795952 0.204048 
 ----> 1.3#6.6#34.0#44.0#VAR 1432 0 0.78947 0.21053 
 ----> 1.3#6.6#34.0#44.0#VAR 1433 0 0.797117 0.202883 
 ----> 1.3#6.6#34.0#44.0#VAR 1434 0 0.824296 0.175704 
 ----> 1.3#6.6#34.0#44.0#VAR 1435 0 0.797009 0.202991 
 ----> 1.3#6.6#34.0#44.0#VAR 1436 0 0.804547 0.195453 
 ----> 1.3#6.6#34.0#44.0#VAR 1437 0 0.795209 0.204791 
 ----> 1.3#6.6#34.0#44.0#VAR 1438 0 0.798987 0.201013 
 ----> 1.3#6.6#34.0#44.0#VAR 1439 0 0.79115 0.20885 
 ----> 1.3#6.6#34.0#44.0#VAR 1440 1 0.775093 0.224907 
 ----> 1.3#6.6#34.0#44.0#VAR 1441 1 0.779814 0.220186 
 ----> 1.3#6.6#34.0#44.0#VAR 1442 0 0.780966 0.219034 
 ----> 1.3#6.6#34.0#44.0#VAR 1443 1 0.788678 0.211322 
 ----> 1.3#6.6#34.0#44.0#VAR 1444 1 0.798001 0.201999 
 ----> 1.3#6.6#34.0#44.0#VAR 1445 1 0.793154 0.206846 
 ----> 1.3#6.6#34.0#44.0#VAR 1446 0 0.797129 0.202871 
 ----> 1.3#6.6#34.0#44.0#VAR 1447 0 0.806652 0.193348 
 ----> 1.3#6.6#34.0#44.0#VAR 1448 0 0.815245 0.184755 
 ----> 1.3#6.6#34.0#44.0#VAR 1449 0 0.800425 0.199575 
 ----> 1.3#6.6#34.0#44.0#VAR 1450 0 0.797078 0.202922 
 ----> 1.3#6.6#34.0#44.0#VAR 1451 1 0.781704 0.218296 
 ----> 1.3#6.6#34.0#44.0#VAR 1452 0 0.794166 0.205834 
 ----> 1.3#6.6#34.0#44.0#VAR 1453 0 0.789006 0.210994 
 ----> 1.3#6.6#34.0#44.0#VAR 1454 0 0.809129 0.190871 
 ----> 1.3#6.6#34.0#44.0#VAR 1455 0 0.80168 0.19832 
 ----> 1.3#6.6#34.0#44.0#VAR 1456 1 0.780341 0.219659 
 ----> 1.3#6.6#34.0#44.0#VAR 1457 1 0.7683 0.2317 
 ----> 1.3#6.6#34.0#44.0#VAR 1458 1 0.783431 0.216569 
 ----> 1.3#6.6#34.0#44.0#VAR 1459 1 0.784332 0.215668 
 ----> 1.3#6.6#34.0#44.0#VAR 1460 0 0.800743 0.199257 
 ----> 1.3#6.6#34.0#44.0#VAR 1461 1 0.788631 0.211369 
 ----> 1.3#6.6#34.0#44.0#VAR 1462 0 0.80825 0.19175 
 ----> 1.3#6.6#34.0#44.0#VAR 1463 0 0.805607 0.194393 
 ----> 1.3#6.6#34.0#44.0#VAR 1464 0 0.7974 0.2026 
 ----> 1.3#6.6#34.0#44.0#VAR 1465 0 0.80532 0.19468 
 ----> 1.3#6.6#34.0#44.0#VAR 1466 0 0.801713 0.198287 
 ----> 1.3#6.6#34.0#44.0#VAR 1467 1 0.800707 0.199293 
 ----> 1.3#6.6#34.0#44.0#VAR 1468 1 0.802226 0.197774 
 ----> 1.3#6.6#34.0#44.0#VAR 1469 0 0.805089 0.194911 
 ----> 1.3#6.6#34.0#44.0#VAR 1470 0 0.806252 0.193748 
 ----> 1.3#6.6#34.0#44.0#VAR 1471 0 0.811259 0.188741 
 ----> 1.3#6.6#34.0#44.0#VAR 1472 0 0.796955 0.203045 
 ----> 1.3#6.6#34.0#44.0#VAR 1473 0 0.798992 0.201008 
 ----> 1.3#6.6#34.0#44.0#VAR 1474 0 0.813012 0.186988 
 ----> 1.3#6.6#34.0#44.0#VAR 1475 0 0.801728 0.198272 
 ----> 1.3#6.6#34.0#44.0#VAR 1476 1 0.792233 0.207767 
 ----> 1.3#6.6#34.0#44.0#VAR 1477 0 0.792077 0.207923 
 ----> 1.3#6.6#34.0#44.0#VAR 1478 0 0.808488 0.191512 
 ----> 1.3#6.6#34.0#44.0#VAR 1479 1 0.79772 0.20228 
 ----> 1.3#6.6#34.0#44.0#VAR 1480 0 0.796826 0.203174 
 ----> 1.3#6.6#34.0#44.0#VAR 1481 0 0.803832 0.196168 
 ----> 1.3#6.6#34.0#44.0#VAR 1482 0 0.806734 0.193266 
 ----> 1.3#6.6#34.0#44.0#VAR 1483 0 0.80206 0.19794 
 ----> 1.3#6.6#34.0#44.0#VAR 1484 0 0.811781 0.188219 
 ----> 1.3#6.6#34.0#44.0#VAR 1485 0 0.799811 0.200189 
 ----> 1.3#6.6#34.0#44.0#VAR 1486 0 0.81245 0.18755 
 ----> 1.3#6.6#34.0#44.0#VAR 1487 1 0.803193 0.196807 
 ----> 1.3#6.6#34.0#44.0#VAR 1488 1 0.786386 0.213614 
 ----> 1.3#6.6#34.0#44.0#VAR 1489 0 0.811574 0.188426 
 ----> 1.3#6.6#34.0#44.0#VAR 1490 0 0.787289 0.212711 
 ----> 1.3#6.6#34.0#44.0#VAR 1491 1 0.797939 0.202061 
 ----> 1.3#6.6#34.0#44.0#VAR 1492 0 0.802063 0.197937 
 ----> 1.3#6.6#34.0#44.0#VAR 1493 0 0.79463 0.20537 
 ----> 1.3#6.6#34.0#44.0#VAR 1494 0 0.805264 0.194736 
 ----> 1.3#6.6#34.0#44.0#VAR 1495 0 0.802949 0.197051 
 ----> 1.3#6.6#34.0#44.0#VAR 1496 0 0.795583 0.204417 
 ----> 1.3#6.6#34.0#44.0#VAR 1497 0 0.80146 0.19854 
 ----> 1.3#6.6#34.0#44.0#VAR 1498 0 0.792932 0.207068 
 ----> 1.3#6.6#34.0#44.0#VAR 1499 1 0.816211 0.183789 
 ----> 1.3#6.6#34.0#44.0#VAR 1500 0 0.801947 0.198053 
 ----> 1.3#6.6#34.0#44.0#VAR 1501 0 0.806849 0.193151 
 ----> 1.3#6.6#34.0#44.0#VAR 1502 0 0.794781 0.205219 
 ----> 1.3#6.6#34.0#44.0#VAR 1503 0 0.80158 0.19842 
 ----> 1.3#6.6#34.0#44.0#VAR 1504 0 0.797244 0.202756 
 ----> 1.3#6.6#34.0#44.0#VAR 1505 0 0.802123 0.197877 
 ----> 1.3#6.6#34.0#44.0#VAR 1506 0 0.80281 0.19719 
 ----> 1.3#6.6#34.0#44.0#VAR 1507 0 0.799952 0.200048 
 ----> 1.3#6.6#34.0#44.0#VAR 1508 0 0.795628 0.204372 
 ----> 1.3#6.6#34.0#44.0#VAR 1509 0 0.798305 0.201695 
 ----> 1.3#6.6#34.0#44.0#VAR 1510 0 0.803958 0.196042 
 ----> 1.3#6.6#34.0#44.0#VAR 1511 0 0.805653 0.194347 
 ----> 1.3#6.6#34.0#44.0#VAR 1512 0 0.789994 0.210006 
 ----> 1.3#6.6#34.0#44.0#VAR 1513 0 0.784217 0.215783 
 ----> 1.3#6.6#34.0#44.0#VAR 1514 0 0.7983 0.2017 
 ----> 1.3#6.6#34.0#44.0#VAR 1515 0 0.796731 0.203269 
 ----> 1.3#6.6#34.0#44.0#VAR 1516 0 0.800545 0.199455 
 ----> 1.3#6.6#34.0#44.0#VAR 1517 0 0.803743 0.196257 
 ----> 1.3#6.6#34.0#44.0#VAR 1518 0 0.801325 0.198675 
 ----> 1.3#6.6#34.0#44.0#VAR 1519 0 0.810457 0.189543 
 ----> 1.3#6.6#34.0#44.0#VAR 1520 1 0.804457 0.195543 
 ----> 1.3#6.6#34.0#44.0#VAR 1521 0 0.813175 0.186825 
 ----> 1.3#6.6#34.0#44.0#VAR 1522 0 0.799052 0.200948 
 ----> 1.3#6.6#34.0#44.0#VAR 1523 0 0.817963 0.182037 
 ----> 1.3#6.6#34.0#44.0#VAR 1524 0 0.793956 0.206044 
 ----> 1.3#6.6#34.0#44.0#VAR 1525 0 0.793748 0.206252 
 ----> 1.3#6.6#34.0#44.0#VAR 1526 1 0.801529 0.198471 
 ----> 1.3#6.6#34.0#44.0#VAR 1527 0 0.788455 0.211545 
 ----> 1.3#6.6#34.0#44.0#VAR 1528 0 0.798758 0.201242 
 ----> 1.3#6.6#34.0#44.0#VAR 1529 0 0.791765 0.208235 
 ----> 1.3#6.6#34.0#44.0#VAR 1530 0 0.805896 0.194104 
 ----> 1.3#6.6#34.0#44.0#VAR 1531 1 0.789962 0.210038 
 ----> 1.3#6.6#34.0#44.0#VAR 1532 0 0.808671 0.191329 
 ----> 1.3#6.6#34.0#44.0#VAR 1533 1 0.798144 0.201856 
 ----> 1.3#6.6#34.0#44.0#VAR 1534 0 0.809013 0.190987 
 ----> 1.3#6.6#34.0#44.0#VAR 1535 0 0.799747 0.200253 
 ----> 1.3#6.6#34.0#44.0#VAR 1536 1 0.799053 0.200947 
 ----> 1.3#6.6#34.0#44.0#VAR 1537 0 0.814346 0.185654 
 ----> 1.3#6.6#34.0#44.0#VAR 1538 0 0.80271 0.19729 
 ----> 1.3#6.6#34.0#44.0#VAR 1539 0 0.814135 0.185865 
 ----> 1.3#6.6#34.0#44.0#VAR 1540 0 0.812038 0.187962 
 ----> 1.3#6.6#34.0#44.0#VAR 1541 1 0.805403 0.194597 
 ----> 1.3#6.6#34.0#44.0#VAR 1542 0 0.794077 0.205923 
 ----> 1.3#6.6#34.0#44.0#VAR 1543 0 0.804917 0.195083 
 ----> 1.3#6.6#34.0#44.0#VAR 1544 0 0.794531 0.205469 
 ----> 1.3#6.6#34.0#44.0#VAR 1545 0 0.80705 0.19295 
 ----> 1.3#6.6#34.0#44.0#VAR 1546 0 0.799768 0.200232 
 ----> 1.3#6.6#34.0#44.0#VAR 1547 0 0.808987 0.191013 
 ----> 1.3#6.6#34.0#44.0#VAR 1548 0 0.799824 0.200176 
 ----> 1.3#6.6#34.0#44.0#VAR 1549 0 0.802469 0.197531 
 ----> 1.3#6.6#34.0#44.0#VAR 1550 0 0.816104 0.183896 
 ----> 1.3#6.6#34.0#44.0#VAR 1551 1 0.800179 0.199821 
 ----> 1.3#6.6#34.0#44.0#VAR 1552 0 0.817047 0.182953 
 ----> 1.3#6.6#34.0#44.0#VAR 1553 0 0.810492 0.189508 
 ----> 1.3#6.6#34.0#44.0#VAR 1554 1 0.811838 0.188162 
 ----> 1.3#6.6#34.0#44.0#VAR 1555 0 0.809912 0.190088 
 ----> 1.3#6.6#34.0#44.0#VAR 1556 0 0.797464 0.202536 
 ----> 1.3#6.6#34.0#44.0#VAR 1557 0 0.807019 0.192981 
 ----> 1.3#6.6#34.0#44.0#VAR 1558 0 0.801839 0.198161 
 ----> 1.3#6.6#34.0#44.0#VAR 1559 0 0.81956 0.18044 
 ----> 1.3#6.6#34.0#44.0#VAR 1560 0 0.812315 0.187685 
 ----> 1.3#6.6#34.0#44.0#VAR 1561 0 0.797201 0.202799 
 ----> 1.3#6.6#34.0#44.0#VAR 1562 0 0.809015 0.190985 
 ----> 1.3#6.6#34.0#44.0#VAR 1563 0 0.803267 0.196733 
 ----> 1.3#6.6#34.0#44.0#VAR 1564 1 0.789021 0.210979 
 ----> 1.3#6.6#34.0#44.0#VAR 1565 0 0.805441 0.194559 
 ----> 1.3#6.6#34.0#44.0#VAR 1566 1 0.804592 0.195408 
 ----> 1.3#6.6#34.0#44.0#VAR 1567 0 0.813521 0.186479 
 ----> 1.3#6.6#34.0#44.0#VAR 1568 0 0.825162 0.174838 
 ----> 1.3#6.6#34.0#44.0#VAR 1569 0 0.814629 0.185371 
 ----> 1.3#6.6#34.0#44.0#VAR 1570 0 0.804777 0.195223 
 ----> 1.3#6.6#34.0#44.0#VAR 1571 0 0.80503 0.19497 
 ----> 1.3#6.6#34.0#44.0#VAR 1572 0 0.804433 0.195567 
 ----> 1.3#6.6#34.0#44.0#VAR 1573 1 0.814483 0.185517 
 ----> 1.3#6.6#34.0#44.0#VAR 1574 0 0.803389 0.196611 
 ----> 1.3#6.6#34.0#44.0#VAR 1575 0 0.802717 0.197283 
 ----> 1.3#6.6#34.0#44.0#VAR 1576 0 0.800776 0.199224 
 ----> 1.3#6.6#34.0#44.0#VAR 1577 0 0.814236 0.185764 
 ----> 1.3#6.6#34.0#44.0#VAR 1578 1 0.814511 0.185489 
 ----> 1.3#6.6#34.0#44.0#VAR 1579 0 0.806086 0.193914 
 ----> 1.3#6.6#34.0#44.0#VAR 1580 0 0.807822 0.192178 
 ----> 1.3#6.6#34.0#44.0#VAR 1581 0 0.802414 0.197586 
 ----> 1.3#6.6#34.0#44.0#VAR 1582 0 0.79752 0.20248 
 ----> 1.3#6.6#34.0#44.0#VAR 1583 0 0.806687 0.193313 
 ----> 1.3#6.6#34.0#44.0#VAR 1584 0 0.795807 0.204193 
 ----> 1.3#6.6#34.0#44.0#VAR 1585 0 0.770142 0.229858 
 ----> 1.3#6.6#34.0#44.0#VAR 1586 0 0.811294 0.188706 
 ----> 1.3#6.6#34.0#44.0#VAR 1587 0 0.801529 0.198471 
 ----> 1.3#6.6#34.0#44.0#VAR 1588 1 0.818965 0.181035 
 ----> 1.3#6.6#34.0#44.0#VAR 1589 0 0.796211 0.203789 
 ----> 1.3#6.6#34.0#44.0#VAR 1590 0 0.815636 0.184364 
 ----> 1.3#6.6#34.0#44.0#VAR 1591 0 0.810028 0.189972 
 ----> 1.3#6.6#34.0#44.0#VAR 1592 0 0.804262 0.195738 
 ----> 1.3#6.6#34.0#44.0#VAR 1593 0 0.801875 0.198125 
 ----> 1.3#6.6#34.0#44.0#VAR 1594 0 0.797871 0.202129 
 ----> 1.3#6.6#34.0#44.0#VAR 1595 0 0.808113 0.191887 
 ----> 1.3#6.6#34.0#44.0#VAR 1596 0 0.794927 0.205073 
 ----> 1.3#6.6#34.0#44.0#VAR 1597 0 0.793444 0.206556 
 ----> 1.3#6.6#34.0#44.0#VAR 1598 1 0.795931 0.204069 
 ----> 1.3#6.6#34.0#44.0#VAR 1599 0 0.810131 0.189869 
 ----> 1.3#6.6#34.0#44.0#VAR 1600 0 0.797058 0.202942 
 ----> 1.3#6.6#34.0#44.0#VAR 1601 0 0.799356 0.200644 
 ----> 1.3#6.6#34.0#44.0#VAR 1602 0 0.804952 0.195048 
 ----> 1.3#6.6#34.0#44.0#VAR 1603 0 0.798517 0.201483 
 ----> 1.3#6.6#34.0#44.0#VAR 1604 0 0.788502 0.211498 
 ----> 1.3#6.6#34.0#44.0#VAR 1605 0 0.814756 0.185244 
 ----> 1.3#6.6#34.0#44.0#VAR 1606 1 0.808179 0.191821 
 ----> 1.3#6.6#34.0#44.0#VAR 1607 1 0.813442 0.186558 
 ----> 1.3#6.6#34.0#44.0#VAR 1608 1 0.813238 0.186762 
 ----> 1.3#6.6#34.0#44.0#VAR 1609 0 0.814356 0.185644 
 ----> 1.3#6.6#34.0#44.0#VAR 1610 0 0.811915 0.188085 
 ----> 1.3#6.6#34.0#44.0#VAR 1611 0 0.811688 0.188312 
 ----> 1.3#6.6#34.0#44.0#VAR 1612 0 0.78364 0.21636 
 ----> 1.3#6.6#34.0#44.0#VAR 1613 0 0.795699 0.204301 
 ----> 1.3#6.6#34.0#44.0#VAR 1614 0 0.788447 0.211553 
 ----> 1.3#6.6#34.0#44.0#VAR 1615 0 0.809092 0.190908 
 ----> 1.3#6.6#34.0#44.0#VAR 1616 1 0.802029 0.197971 
 ----> 1.3#6.6#34.0#44.0#VAR 1617 1 0.789927 0.210073 
 ----> 1.3#6.6#34.0#44.0#VAR 1618 0 0.801652 0.198348 
 ----> 1.3#6.6#34.0#44.0#VAR 1619 0 0.792156 0.207844 
 ----> 1.3#6.6#34.0#44.0#VAR 1620 0 0.808886 0.191114 
 ----> 1.3#6.6#34.0#44.0#VAR 1621 0 0.806106 0.193894 
 ----> 1.3#6.6#34.0#44.0#VAR 1622 0 0.798835 0.201165 
 ----> 1.3#6.6#34.0#44.0#VAR 1623 1 0.802905 0.197095 
 ----> 1.3#6.6#34.0#44.0#VAR 1624 1 0.810399 0.189601 
 ----> 1.3#6.6#34.0#44.0#VAR 1625 1 0.813637 0.186363 
 ----> 1.3#6.6#34.0#44.0#VAR 1626 0 0.80564 0.19436 
 ----> 1.3#6.6#34.0#44.0#VAR 1627 0 0.813317 0.186683 
 ----> 1.3#6.6#34.0#44.0#VAR 1628 0 0.809556 0.190444 
 ----> 1.3#6.6#34.0#44.0#VAR 1629 0 0.806113 0.193887 
 ----> 1.3#6.6#34.0#44.0#VAR 1630 0 0.810756 0.189244 
 ----> 1.3#6.6#34.0#44.0#VAR 1631 0 0.803675 0.196325 
 ----> 1.3#6.6#34.0#44.0#VAR 1632 0 0.814659 0.185341 
 ----> 1.3#6.6#34.0#44.0#VAR 1633 1 0.809412 0.190588 
 ----> 1.3#6.6#34.0#44.0#VAR 1634 0 0.807842 0.192158 
 ----> 1.3#6.6#34.0#44.0#VAR 1635 0 0.806691 0.193309 
 ----> 1.3#6.6#34.0#44.0#VAR 1636 0 0.817261 0.182739 
 ----> 1.3#6.6#34.0#44.0#VAR 1637 1 0.815736 0.184264 
 ----> 1.3#6.6#34.0#44.0#VAR 1638 1 0.809822 0.190178 
 ----> 1.3#6.6#34.0#44.0#VAR 1639 1 0.81064 0.18936 
 ----> 1.3#6.6#34.0#44.0#VAR 1640 0 0.805432 0.194568 
 ----> 1.3#6.6#34.0#44.0#VAR 1641 0 0.79956 0.20044 
 ----> 1.3#6.6#34.0#44.0#VAR 1642 0 0.812535 0.187465 
 ----> 1.3#6.6#34.0#44.0#VAR 1643 0 0.80831 0.19169 
 ----> 1.3#6.6#34.0#44.0#VAR 1644 1 0.811673 0.188327 
 ----> 1.3#6.6#34.0#44.0#VAR 1645 0 0.810665 0.189335 
 ----> 1.3#6.6#34.0#44.0#VAR 1646 0 0.810303 0.189697 
 ----> 1.3#6.6#34.0#44.0#VAR 1647 1 0.817986 0.182014 
 ----> 1.3#6.6#34.0#44.0#VAR 1648 0 0.807273 0.192727 
 ----> 1.3#6.6#34.0#44.0#VAR 1649 0 0.814819 0.185181 
 ----> 1.3#6.6#34.0#44.0#VAR 1650 0 0.803922 0.196078 
 ----> 1.3#6.6#34.0#44.0#VAR 1651 0 0.808153 0.191847 
 ----> 1.3#6.6#34.0#44.0#VAR 1652 1 0.800563 0.199437 
 ----> 1.3#6.6#34.0#44.0#VAR 1653 0 0.807311 0.192689 
 ----> 1.3#6.6#34.0#44.0#VAR 1654 0 0.81218 0.18782 
 ----> 1.3#6.6#34.0#44.0#VAR 1655 1 0.801875 0.198125 
 ----> 1.3#6.6#34.0#44.0#VAR 1656 0 0.807053 0.192947 
 ----> 1.3#6.6#34.0#44.0#VAR 1657 0 0.826086 0.173914 
 ----> 1.3#6.6#34.0#44.0#VAR 1658 1 0.812877 0.187123 
 ----> 1.3#6.6#34.0#44.0#VAR 1659 0 0.811786 0.188214 
 ----> 1.3#6.6#34.0#44.0#VAR 1660 0 0.796655 0.203345 
 ----> 1.3#6.6#34.0#44.0#VAR 1661 0 0.820471 0.179529 
 ----> 1.3#6.6#34.0#44.0#VAR 1662 0 0.808324 0.191676 
 ----> 1.3#6.6#34.0#44.0#VAR 1663 0 0.812902 0.187098 
 ----> 1.3#6.6#34.0#44.0#VAR 1664 0 0.802169 0.197831 
 ----> 1.3#6.6#34.0#44.0#VAR 1665 0 0.81046 0.18954 
 ----> 1.3#6.6#34.0#44.0#VAR 1666 0 0.809417 0.190583 
 ----> 1.3#6.6#34.0#44.0#VAR 1667 0 0.804407 0.195593 
 ----> 1.3#6.6#34.0#44.0#VAR 1668 1 0.818521 0.181479 
 ----> 1.3#6.6#34.0#44.0#VAR 1669 0 0.828425 0.171575 
 ----> 1.3#6.6#34.0#44.0#VAR 1670 1 0.832048 0.167952 
 ----> 1.3#6.6#34.0#44.0#VAR 1671 1 0.81324 0.18676 
 ----> 1.3#6.6#34.0#44.0#VAR 1672 0 0.811843 0.188157 
 ----> 1.3#6.6#34.0#44.0#VAR 1673 0 0.815391 0.184609 
 ----> 1.3#6.6#34.0#44.0#VAR 1674 0 0.821099 0.178901 
 ----> 1.3#6.6#34.0#44.0#VAR 1675 1 0.814461 0.185539 
 ----> 1.3#6.6#34.0#44.0#VAR 1676 0 0.802651 0.197349 
 ----> 1.3#6.6#34.0#44.0#VAR 1677 0 0.805192 0.194808 
 ----> 1.3#6.6#34.0#44.0#VAR 1678 0 0.814609 0.185391 
 ----> 1.3#6.6#34.0#44.0#VAR 1679 0 0.809514 0.190486 
 ----> 1.3#6.6#34.0#44.0#VAR 1680 1 0.819221 0.180779 
 ----> 1.3#6.6#34.0#44.0#VAR 1681 0 0.806606 0.193394 
 ----> 1.3#6.6#34.0#44.0#VAR 1682 0 0.814738 0.185262 
 ----> 1.3#6.6#34.0#44.0#VAR 1683 0 0.817766 0.182234 
 ----> 1.3#6.6#34.0#44.0#VAR 1684 0 0.796786 0.203214 
 ----> 1.3#6.6#34.0#44.0#VAR 1685 1 0.815343 0.184657 
 ----> 1.3#6.6#34.0#44.0#VAR 1686 0 0.806592 0.193408 
 ----> 1.3#6.6#34.0#44.0#VAR 1687 1 0.81254 0.18746 
 ----> 1.3#6.6#34.0#44.0#VAR 1688 0 0.808667 0.191333 
 ----> 1.3#6.6#34.0#44.0#VAR 1689 0 0.805447 0.194553 
 ----> 1.3#6.6#34.0#44.0#VAR 1690 0 0.808168 0.191832 
 ----> 1.3#6.6#34.0#44.0#VAR 1691 1 0.8124 0.1876 
 ----> 1.3#6.6#34.0#44.0#VAR 1692 0 0.805853 0.194147 
 ----> 1.3#6.6#34.0#44.0#VAR 1693 0 0.80181 0.19819 
 ----> 1.3#6.6#34.0#44.0#VAR 1694 1 0.807883 0.192117 
 ----> 1.3#6.6#34.0#44.0#VAR 1695 0 0.809428 0.190572 
 ----> 1.3#6.6#34.0#44.0#VAR 1696 1 0.791063 0.208937 
 ----> 1.3#6.6#34.0#44.0#VAR 1697 0 0.799923 0.200077 
 ----> 1.3#6.6#34.0#44.0#VAR 1698 0 0.805508 0.194492 
 ----> 1.3#6.6#34.0#44.0#VAR 1699 1 0.807353 0.192647 
 ----> 1.3#6.6#34.0#44.0#VAR 1700 0 0.818408 0.181592 
 ----> 1.3#6.6#34.0#44.0#VAR 1701 0 0.796336 0.203664 
 ----> 1.3#6.6#34.0#44.0#VAR 1702 1 0.822164 0.177836 
 ----> 1.3#6.6#34.0#44.0#VAR 1703 0 0.82687 0.17313 
 ----> 1.3#6.6#34.0#44.0#VAR 1704 0 0.816556 0.183444 
 ----> 1.3#6.6#34.0#44.0#VAR 1705 0 0.81378 0.18622 
 ----> 1.3#6.6#34.0#44.0#VAR 1706 0 0.813626 0.186374 
 ----> 1.3#6.6#34.0#44.0#VAR 1707 0 0.80403 0.19597 
 ----> 1.3#6.6#34.0#44.0#VAR 1708 0 0.805341 0.194659 
 ----> 1.3#6.6#34.0#44.0#VAR 1709 1 0.799803 0.200197 
 ----> 1.3#6.6#34.0#44.0#VAR 1710 0 0.81994 0.18006 
 ----> 1.3#6.6#34.0#44.0#VAR 1711 0 0.817369 0.182631 
 ----> 1.3#6.6#34.0#44.0#VAR 1712 0 0.809284 0.190716 
 ----> 1.3#6.6#34.0#44.0#VAR 1713 0 0.812234 0.187766 
 ----> 1.3#6.6#34.0#44.0#VAR 1714 1 0.817227 0.182773 
 ----> 1.3#6.6#34.0#44.0#VAR 1715 0 0.812648 0.187352 
 ----> 1.3#6.6#34.0#44.0#VAR 1716 0 0.811376 0.188624 
 ----> 1.3#6.6#34.0#44.0#VAR 1717 0 0.801874 0.198126 
 ----> 1.3#6.6#34.0#44.0#VAR 1718 0 0.822473 0.177527 
 ----> 1.3#6.6#34.0#44.0#VAR 1719 0 0.798584 0.201416 
 ----> 1.3#6.6#34.0#44.0#VAR 1720 1 0.814635 0.185365 
 ----> 1.3#6.6#34.0#44.0#VAR 1721 1 0.800388 0.199612 
 ----> 1.3#6.6#34.0#44.0#VAR 1722 0 0.810002 0.189998 
 ----> 1.3#6.6#34.0#44.0#VAR 1723 0 0.816835 0.183165 
 ----> 1.3#6.6#34.0#44.0#VAR 1724 0 0.802399 0.197601 
 ----> 1.3#6.6#34.0#44.0#VAR 1725 0 0.812192 0.187808 
 ----> 1.3#6.6#34.0#44.0#VAR 1726 0 0.805932 0.194068 
 ----> 1.3#6.6#34.0#44.0#VAR 1727 0 0.809113 0.190887 
 ----> 1.3#6.6#34.0#44.0#VAR 1728 0 0.802725 0.197275 
 ----> 1.3#6.6#34.0#44.0#VAR 1729 0 0.812332 0.187668 
 ----> 1.3#6.6#34.0#44.0#VAR 1730 0 0.806338 0.193662 
 ----> 1.3#6.6#34.0#44.0#VAR 1731 0 0.793107 0.206893 
 ----> 1.3#6.6#34.0#44.0#VAR 1732 0 0.801864 0.198136 
 ----> 1.3#6.6#34.0#44.0#VAR 1733 0 0.824646 0.175354 
 ----> 1.3#6.6#34.0#44.0#VAR 1734 0 0.806831 0.193169 
 ----> 1.3#6.6#34.0#44.0#VAR 1735 0 0.796032 0.203968 
 ----> 1.3#6.6#34.0#44.0#VAR 1736 1 0.807234 0.192766 
 ----> 1.3#6.6#34.0#44.0#VAR 1737 0 0.783365 0.216635 
 ----> 1.3#6.6#34.0#44.0#VAR 1738 0 0.80543 0.19457 
 ----> 1.3#6.6#34.0#44.0#VAR 1739 0 0.787778 0.212222 
 ----> 1.3#6.6#34.0#44.0#VAR 1740 1 0.817376 0.182624 
 ----> 1.3#6.6#34.0#44.0#VAR 1741 1 0.807943 0.192057 
 ----> 1.3#6.6#34.0#44.0#VAR 1742 0 0.81758 0.18242 
 ----> 1.3#6.6#34.0#44.0#VAR 1743 0 0.800171 0.199829 
 ----> 1.3#6.6#34.0#44.0#VAR 1744 0 0.814201 0.185799 
 ----> 1.3#6.6#34.0#44.0#VAR 1745 0 0.811433 0.188567 
 ----> 1.3#6.6#34.0#44.0#VAR 1746 0 0.810142 0.189858 
 ----> 1.3#6.6#34.0#44.0#VAR 1747 0 0.812032 0.187968 
 ----> 1.3#6.6#34.0#44.0#VAR 1748 1 0.813647 0.186353 
 ----> 1.3#6.6#34.0#44.0#VAR 1749 0 0.809213 0.190787 
 ----> 1.3#6.6#34.0#44.0#VAR 1750 0 0.802087 0.197913 
 ----> 1.3#6.6#34.0#44.0#VAR 1751 1 0.807417 0.192583 
 ----> 1.3#6.6#34.0#44.0#VAR 1752 1 0.820317 0.179683 
 ----> 1.3#6.6#34.0#44.0#VAR 1753 0 0.804479 0.195521 
 ----> 1.3#6.6#34.0#44.0#VAR 1754 0 0.824658 0.175342 
 ----> 1.3#6.6#34.0#44.0#VAR 1755 0 0.818744 0.181256 
 ----> 1.3#6.6#34.0#44.0#VAR 1756 1 0.815365 0.184635 
 ----> 1.3#6.6#34.0#44.0#VAR 1757 0 0.82811 0.17189 
 ----> 1.3#6.6#34.0#44.0#VAR 1758 0 0.798254 0.201746 
 ----> 1.3#6.6#34.0#44.0#VAR 1759 0 0.787959 0.212041 
 ----> 1.3#6.6#34.0#44.0#VAR 1760 1 0.805031 0.194969 
 ----> 1.3#6.6#34.0#44.0#VAR 1761 0 0.806421 0.193579 
 ----> 1.3#6.6#34.0#44.0#VAR 1762 0 0.805037 0.194963 
 ----> 1.3#6.6#34.0#44.0#VAR 1763 1 0.817181 0.182819 
 ----> 1.3#6.6#34.0#44.0#VAR 1764 0 0.817417 0.182583 
 ----> 1.3#6.6#34.0#44.0#VAR 1765 1 0.821087 0.178913 
 ----> 1.3#6.6#34.0#44.0#VAR 1766 0 0.810694 0.189306 
 ----> 1.3#6.6#34.0#44.0#VAR 1767 0 0.808056 0.191944 
 ----> 1.3#6.6#34.0#44.0#VAR 1768 1 0.814084 0.185916 
 ----> 1.3#6.6#34.0#44.0#VAR 1769 0 0.805395 0.194605 
 ----> 1.3#6.6#34.0#44.0#VAR 1770 0 0.804993 0.195007 
 ----> 1.3#6.6#34.0#44.0#VAR 1771 0 0.803444 0.196556 
 ----> 1.3#6.6#34.0#44.0#VAR 1772 0 0.798911 0.201089 
 ----> 1.3#6.6#34.0#44.0#VAR 1773 0 0.791338 0.208662 
 ----> 1.3#6.6#34.0#44.0#VAR 1774 0 0.812337 0.187663 
 ----> 1.3#6.6#34.0#44.0#VAR 1775 0 0.79911 0.20089 
 ----> 1.3#6.6#34.0#44.0#VAR 1776 0 0.816423 0.183577 
 ----> 1.3#6.6#34.0#44.0#VAR 1777 0 0.81119 0.18881 
 ----> 1.3#6.6#34.0#44.0#VAR 1778 0 0.804791 0.195209 
 ----> 1.3#6.6#34.0#44.0#VAR 1779 0 0.807822 0.192178 
 ----> 1.3#6.6#34.0#44.0#VAR 1780 0 0.802682 0.197318 
 ----> 1.3#6.6#34.0#44.0#VAR 1781 0 0.808428 0.191572 
 ----> 1.3#6.6#34.0#44.0#VAR 1782 0 0.811262 0.188738 
 ----> 1.3#6.6#34.0#44.0#VAR 1783 0 0.820307 0.179693 
 ----> 1.3#6.6#34.0#44.0#VAR 1784 0 0.78057 0.21943 
 ----> 1.3#6.6#34.0#44.0#VAR 1785 0 0.791056 0.208944 
 ----> 1.3#6.6#34.0#44.0#VAR 1786 0 0.770028 0.229972 
 ----> 1.3#6.6#34.0#44.0#VAR 1787 0 0.799255 0.200745 
 ----> 1.3#6.6#34.0#44.0#VAR 1788 1 0.793125 0.206875 
 ----> 1.3#6.6#34.0#44.0#VAR 1789 0 0.823409 0.176591 
 ----> 1.3#6.6#34.0#44.0#VAR 1790 0 0.831064 0.168936 
 ----> 1.3#6.6#34.0#44.0#VAR 1791 0 0.804242 0.195758 
 ----> 1.3#6.6#34.0#44.0#VAR 1792 0 0.814428 0.185572 
 ----> 1.3#6.6#34.0#44.0#VAR 1793 0 0.805346 0.194654 
 ----> 1.3#6.6#34.0#44.0#VAR 1794 0 0.816696 0.183304 
 ----> 1.3#6.6#34.0#44.0#VAR 1795 1 0.804328 0.195672 
 ----> 1.3#6.6#34.0#44.0#VAR 1796 0 0.810267 0.189733 
 ----> 1.3#6.6#34.0#44.0#VAR 1797 1 0.799404 0.200596 
 ----> 1.3#6.6#34.0#44.0#VAR 1798 1 0.80903 0.19097 
 ----> 1.3#6.6#34.0#44.0#VAR 1799 1 0.805843 0.194157 
 ----> 1.3#6.6#34.0#44.0#VAR 1800 0 0.825338 0.174662 
 ----> 1.3#6.6#34.0#44.0#VAR 1801 0 0.796387 0.203613 
 ----> 1.3#6.6#34.0#44.0#VAR 1802 0 0.801387 0.198613 
 ----> 1.3#6.6#34.0#44.0#VAR 1803 0 0.808727 0.191273 
 ----> 1.3#6.6#34.0#44.0#VAR 1804 1 0.811305 0.188695 
 ----> 1.3#6.6#34.0#44.0#VAR 1805 0 0.782802 0.217198 
 ----> 1.3#6.6#34.0#44.0#VAR 1806 0 0.814647 0.185353 
 ----> 1.3#6.6#34.0#44.0#VAR 1807 1 0.817342 0.182658 
 ----> 1.3#6.6#34.0#44.0#VAR 1808 1 0.81398 0.18602 
 ----> 1.3#6.6#34.0#44.0#VAR 1809 0 0.810827 0.189173 
 ----> 1.3#6.6#34.0#44.0#VAR 1810 0 0.820293 0.179707 
 ----> 1.3#6.6#34.0#44.0#VAR 1811 0 0.808063 0.191937 
 ----> 1.3#6.6#34.0#44.0#VAR 1812 0 0.818138 0.181862 
 ----> 1.3#6.6#34.0#44.0#VAR 1813 0 0.797366 0.202634 
 ----> 1.3#6.6#34.0#44.0#VAR 1814 1 0.806848 0.193152 
 ----> 1.3#6.6#34.0#44.0#VAR 1815 0 0.804041 0.195959 
 ----> 1.3#6.6#34.0#44.0#VAR 1816 0 0.800532 0.199468 
 ----> 1.3#6.6#34.0#44.0#VAR 1817 0 0.816752 0.183248 
 ----> 1.3#6.6#34.0#44.0#VAR 1818 0 0.805794 0.194206 
 ----> 1.3#6.6#34.0#44.0#VAR 1819 1 0.801485 0.198515 
 ----> 1.3#6.6#34.0#44.0#VAR 1820 0 0.810722 0.189278 
 ----> 1.3#6.6#34.0#44.0#VAR 1821 1 0.811077 0.188923 
 ----> 1.3#6.6#34.0#44.0#VAR 1822 0 0.807514 0.192486 
 ----> 1.3#6.6#34.0#44.0#VAR 1823 0 0.811803 0.188197 
 ----> 1.3#6.6#34.0#44.0#VAR 1824 0 0.810725 0.189275 
 ----> 1.3#6.6#34.0#44.0#VAR 1825 0 0.813396 0.186604 
 ----> 1.3#6.6#34.0#44.0#VAR 1826 1 0.803447 0.196553 
 ++++> 1.3#6.6#34.0#44.0#VAR 1827  0 0.812851 0.187149 
