 ----> 1.3#6.6#34.0#44.0#VAR 7 0 0.761001 0.238999 
 ----> 1.3#6.6#34.0#44.0#VAR 8 0 0.81929 0.18071 
 ----> 1.3#6.6#34.0#44.0#VAR 9 0 0.826033 0.173967 
 ----> 1.3#6.6#34.0#44.0#VAR 10 0 0.794764 0.205236 
 ----> 1.3#6.6#34.0#44.0#VAR 11 0 0.802617 0.197383 
 ----> 1.3#6.6#34.0#44.0#VAR 12 0 0.812245 0.187755 
 ----> 1.3#6.6#34.0#44.0#VAR 13 0 0.806636 0.193364 
 ----> 1.3#6.6#34.0#44.0#VAR 14 0 0.820034 0.179966 
 ----> 1.3#6.6#34.0#44.0#VAR 15 1 0.818029 0.181971 
 ----> 1.3#6.6#34.0#44.0#VAR 16 1 0.798008 0.201992 
 ----> 1.3#6.6#34.0#44.0#VAR 17 1 0.800016 0.199984 
 ----> 1.3#6.6#34.0#44.0#VAR 18 0 0.820474 0.179526 
 ----> 1.3#6.6#34.0#44.0#VAR 19 0 0.810935 0.189065 
 ----> 1.3#6.6#34.0#44.0#VAR 20 0 0.816231 0.183769 
 ----> 1.3#6.6#34.0#44.0#VAR 21 0 0.804778 0.195222 
 ----> 1.3#6.6#34.0#44.0#VAR 22 0 0.802204 0.197796 
 ----> 1.3#6.6#34.0#44.0#VAR 23 0 0.804027 0.195973 
 ----> 1.3#6.6#34.0#44.0#VAR 24 0 0.805942 0.194058 
 ----> 1.3#6.6#34.0#44.0#VAR 25 0 0.802124 0.197876 
 ----> 1.3#6.6#34.0#44.0#VAR 26 0 0.811123 0.188877 
 ----> 1.3#6.6#34.0#44.0#VAR 27 0 0.820133 0.179867 
 ----> 1.3#6.6#34.0#44.0#VAR 28 0 0.810412 0.189588 
 ----> 1.3#6.6#34.0#44.0#VAR 29 0 0.811435 0.188565 
 ----> 1.3#6.6#34.0#44.0#VAR 30 0 0.813549 0.186451 
 ----> 1.3#6.6#34.0#44.0#VAR 31 0 0.814048 0.185952 
 ----> 1.3#6.6#34.0#44.0#VAR 32 0 0.814212 0.185788 
 ----> 1.3#6.6#34.0#44.0#VAR 33 0 0.819032 0.180968 
 ----> 1.3#6.6#34.0#44.0#VAR 34 0 0.804751 0.195249 
 ----> 1.3#6.6#34.0#44.0#VAR 35 1 0.815184 0.184816 
 ----> 1.3#6.6#34.0#44.0#VAR 36 0 0.823671 0.176329 
 ----> 1.3#6.6#34.0#44.0#VAR 37 0 0.812681 0.187319 
 ----> 1.3#6.6#34.0#44.0#VAR 38 0 0.810217 0.189783 
 ----> 1.3#6.6#34.0#44.0#VAR 39 0 0.81916 0.18084 
 ----> 1.3#6.6#34.0#44.0#VAR 40 0 0.81556 0.18444 
 ----> 1.3#6.6#34.0#44.0#VAR 41 0 0.819637 0.180363 
 ----> 1.3#6.6#34.0#44.0#VAR 42 0 0.820804 0.179196 
 ----> 1.3#6.6#34.0#44.0#VAR 43 0 0.821358 0.178642 
 ----> 1.3#6.6#34.0#44.0#VAR 44 0 0.823003 0.176997 
 ----> 1.3#6.6#34.0#44.0#VAR 45 0 0.815613 0.184387 
 ----> 1.3#6.6#34.0#44.0#VAR 46 0 0.817859 0.182141 
 ----> 1.3#6.6#34.0#44.0#VAR 47 0 0.817099 0.182901 
 ----> 1.3#6.6#34.0#44.0#VAR 48 0 0.821195 0.178805 
 ----> 1.3#6.6#34.0#44.0#VAR 49 0 0.818813 0.181187 
 ----> 1.3#6.6#34.0#44.0#VAR 50 0 0.824371 0.175629 
 ----> 1.3#6.6#34.0#44.0#VAR 51 0 0.816513 0.183487 
 ----> 1.3#6.6#34.0#44.0#VAR 52 1 0.813051 0.186949 
 ----> 1.3#6.6#34.0#44.0#VAR 53 0 0.822647 0.177353 
 ----> 1.3#6.6#34.0#44.0#VAR 54 0 0.822342 0.177658 
 ----> 1.3#6.6#34.0#44.0#VAR 55 0 0.807396 0.192604 
 ----> 1.3#6.6#34.0#44.0#VAR 56 0 0.82149 0.17851 
 ----> 1.3#6.6#34.0#44.0#VAR 57 0 0.823113 0.176887 
 ----> 1.3#6.6#34.0#44.0#VAR 58 0 0.819213 0.180787 
 ----> 1.3#6.6#34.0#44.0#VAR 59 1 0.815236 0.184764 
 ----> 1.3#6.6#34.0#44.0#VAR 60 1 0.810895 0.189105 
 ----> 1.3#6.6#34.0#44.0#VAR 61 0 0.815738 0.184262 
 ----> 1.3#6.6#34.0#44.0#VAR 62 0 0.818472 0.181528 
 ----> 1.3#6.6#34.0#44.0#VAR 63 0 0.81142 0.18858 
 ----> 1.3#6.6#34.0#44.0#VAR 64 0 0.815647 0.184353 
 ----> 1.3#6.6#34.0#44.0#VAR 65 0 0.818989 0.181011 
 ----> 1.3#6.6#34.0#44.0#VAR 66 0 0.826468 0.173532 
 ----> 1.3#6.6#34.0#44.0#VAR 67 0 0.81462 0.18538 
 ----> 1.3#6.6#34.0#44.0#VAR 68 0 0.813927 0.186073 
 ----> 1.3#6.6#34.0#44.0#VAR 69 0 0.814667 0.185333 
 ----> 1.3#6.6#34.0#44.0#VAR 70 1 0.816518 0.183482 
 ----> 1.3#6.6#34.0#44.0#VAR 71 0 0.813119 0.186881 
 ----> 1.3#6.6#34.0#44.0#VAR 72 1 0.808829 0.191171 
 ----> 1.3#6.6#34.0#44.0#VAR 73 0 0.82623 0.17377 
 ----> 1.3#6.6#34.0#44.0#VAR 74 0 0.826636 0.173364 
 ----> 1.3#6.6#34.0#44.0#VAR 75 0 0.825436 0.174564 
 ----> 1.3#6.6#34.0#44.0#VAR 76 0 0.8131 0.1869 
 ----> 1.3#6.6#34.0#44.0#VAR 77 0 0.814788 0.185212 
 ----> 1.3#6.6#34.0#44.0#VAR 78 0 0.817271 0.182729 
 ----> 1.3#6.6#34.0#44.0#VAR 79 0 0.821808 0.178192 
 ----> 1.3#6.6#34.0#44.0#VAR 80 0 0.812781 0.187219 
 ----> 1.3#6.6#34.0#44.0#VAR 81 0 0.828279 0.171721 
 ----> 1.3#6.6#34.0#44.0#VAR 82 0 0.820668 0.179332 
 ----> 1.3#6.6#34.0#44.0#VAR 83 1 0.806019 0.193981 
 ----> 1.3#6.6#34.0#44.0#VAR 84 0 0.820896 0.179104 
 ----> 1.3#6.6#34.0#44.0#VAR 85 0 0.817327 0.182673 
 ----> 1.3#6.6#34.0#44.0#VAR 86 0 0.817058 0.182942 
 ----> 1.3#6.6#34.0#44.0#VAR 87 0 0.819436 0.180564 
 ----> 1.3#6.6#34.0#44.0#VAR 88 1 0.815285 0.184715 
 ----> 1.3#6.6#34.0#44.0#VAR 89 1 0.80543 0.19457 
 ----> 1.3#6.6#34.0#44.0#VAR 90 0 0.82224 0.17776 
 ----> 1.3#6.6#34.0#44.0#VAR 91 0 0.811739 0.188261 
 ----> 1.3#6.6#34.0#44.0#VAR 92 1 0.817991 0.182009 
 ----> 1.3#6.6#34.0#44.0#VAR 93 0 0.820238 0.179762 
 ----> 1.3#6.6#34.0#44.0#VAR 94 1 0.815885 0.184115 
 ----> 1.3#6.6#34.0#44.0#VAR 95 0 0.81763 0.18237 
 ----> 1.3#6.6#34.0#44.0#VAR 96 0 0.811881 0.188119 
 ----> 1.3#6.6#34.0#44.0#VAR 97 0 0.828468 0.171532 
 ----> 1.3#6.6#34.0#44.0#VAR 98 0 0.816383 0.183617 
 ----> 1.3#6.6#34.0#44.0#VAR 99 0 0.812761 0.187239 
 ----> 1.3#6.6#34.0#44.0#VAR 100 1 0.817391 0.182609 
 ----> 1.3#6.6#34.0#44.0#VAR 101 0 0.819809 0.180191 
 ----> 1.3#6.6#34.0#44.0#VAR 102 0 0.822101 0.177899 
 ----> 1.3#6.6#34.0#44.0#VAR 103 0 0.821656 0.178344 
 ----> 1.3#6.6#34.0#44.0#VAR 104 0 0.818948 0.181052 
 ----> 1.3#6.6#34.0#44.0#VAR 105 0 0.811193 0.188807 
 ----> 1.3#6.6#34.0#44.0#VAR 106 0 0.811218 0.188782 
 ----> 1.3#6.6#34.0#44.0#VAR 107 1 0.81809 0.18191 
 ----> 1.3#6.6#34.0#44.0#VAR 108 1 0.817745 0.182255 
 ----> 1.3#6.6#34.0#44.0#VAR 109 0 0.821708 0.178292 
 ----> 1.3#6.6#34.0#44.0#VAR 110 1 0.807338 0.192662 
 ----> 1.3#6.6#34.0#44.0#VAR 111 0 0.817678 0.182322 
 ----> 1.3#6.6#34.0#44.0#VAR 112 0 0.818851 0.181149 
 ----> 1.3#6.6#34.0#44.0#VAR 113 0 0.823552 0.176448 
 ----> 1.3#6.6#34.0#44.0#VAR 114 0 0.817179 0.182821 
 ----> 1.3#6.6#34.0#44.0#VAR 115 0 0.815066 0.184934 
 ----> 1.3#6.6#34.0#44.0#VAR 116 0 0.817339 0.182661 
 ----> 1.3#6.6#34.0#44.0#VAR 117 0 0.824216 0.175784 
 ----> 1.3#6.6#34.0#44.0#VAR 118 0 0.812787 0.187213 
 ----> 1.3#6.6#34.0#44.0#VAR 119 0 0.819081 0.180919 
 ----> 1.3#6.6#34.0#44.0#VAR 120 0 0.813829 0.186171 
 ----> 1.3#6.6#34.0#44.0#VAR 121 0 0.823661 0.176339 
 ----> 1.3#6.6#34.0#44.0#VAR 122 0 0.809257 0.190743 
 ----> 1.3#6.6#34.0#44.0#VAR 123 0 0.821204 0.178796 
 ----> 1.3#6.6#34.0#44.0#VAR 124 0 0.82175 0.17825 
 ----> 1.3#6.6#34.0#44.0#VAR 125 0 0.81769 0.18231 
 ----> 1.3#6.6#34.0#44.0#VAR 126 0 0.820731 0.179269 
 ----> 1.3#6.6#34.0#44.0#VAR 127 0 0.82301 0.17699 
 ----> 1.3#6.6#34.0#44.0#VAR 128 0 0.823797 0.176203 
 ----> 1.3#6.6#34.0#44.0#VAR 129 0 0.825605 0.174395 
 ----> 1.3#6.6#34.0#44.0#VAR 130 1 0.8138 0.1862 
 ----> 1.3#6.6#34.0#44.0#VAR 131 0 0.817666 0.182334 
 ----> 1.3#6.6#34.0#44.0#VAR 132 0 0.824387 0.175613 
 ----> 1.3#6.6#34.0#44.0#VAR 133 0 0.825458 0.174542 
 ----> 1.3#6.6#34.0#44.0#VAR 134 0 0.816346 0.183654 
 ----> 1.3#6.6#34.0#44.0#VAR 135 0 0.811471 0.188529 
 ----> 1.3#6.6#34.0#44.0#VAR 136 1 0.807801 0.192199 
 ----> 1.3#6.6#34.0#44.0#VAR 137 0 0.80972 0.19028 
 ----> 1.3#6.6#34.0#44.0#VAR 138 0 0.814369 0.185631 
 ----> 1.3#6.6#34.0#44.0#VAR 139 0 0.815044 0.184956 
 ----> 1.3#6.6#34.0#44.0#VAR 140 0 0.831679 0.168321 
 ----> 1.3#6.6#34.0#44.0#VAR 141 0 0.807941 0.192059 
 ----> 1.3#6.6#34.0#44.0#VAR 142 1 0.814829 0.185171 
 ----> 1.3#6.6#34.0#44.0#VAR 143 0 0.820066 0.179934 
 ----> 1.3#6.6#34.0#44.0#VAR 144 0 0.811829 0.188171 
 ----> 1.3#6.6#34.0#44.0#VAR 145 0 0.802862 0.197138 
 ----> 1.3#6.6#34.0#44.0#VAR 146 0 0.816139 0.183861 
 ----> 1.3#6.6#34.0#44.0#VAR 147 1 0.809825 0.190175 
 ----> 1.3#6.6#34.0#44.0#VAR 148 0 0.820785 0.179215 
 ----> 1.3#6.6#34.0#44.0#VAR 149 0 0.824953 0.175047 
 ----> 1.3#6.6#34.0#44.0#VAR 150 0 0.826367 0.173633 
 ----> 1.3#6.6#34.0#44.0#VAR 151 1 0.805889 0.194111 
 ----> 1.3#6.6#34.0#44.0#VAR 152 0 0.812191 0.187809 
 ----> 1.3#6.6#34.0#44.0#VAR 153 0 0.823754 0.176246 
 ----> 1.3#6.6#34.0#44.0#VAR 154 0 0.816984 0.183016 
 ----> 1.3#6.6#34.0#44.0#VAR 155 1 0.791685 0.208315 
 ----> 1.3#6.6#34.0#44.0#VAR 156 0 0.820341 0.179659 
 ----> 1.3#6.6#34.0#44.0#VAR 157 0 0.814459 0.185541 
 ----> 1.3#6.6#34.0#44.0#VAR 158 0 0.823206 0.176794 
 ----> 1.3#6.6#34.0#44.0#VAR 159 1 0.79713 0.20287 
 ----> 1.3#6.6#34.0#44.0#VAR 160 0 0.824781 0.175219 
 ----> 1.3#6.6#34.0#44.0#VAR 161 0 0.818022 0.181978 
 ----> 1.3#6.6#34.0#44.0#VAR 162 0 0.826113 0.173887 
 ----> 1.3#6.6#34.0#44.0#VAR 163 0 0.817712 0.182288 
 ----> 1.3#6.6#34.0#44.0#VAR 164 0 0.809202 0.190798 
 ----> 1.3#6.6#34.0#44.0#VAR 165 0 0.823616 0.176384 
 ----> 1.3#6.6#34.0#44.0#VAR 166 0 0.830216 0.169784 
 ----> 1.3#6.6#34.0#44.0#VAR 167 0 0.81136 0.18864 
 ----> 1.3#6.6#34.0#44.0#VAR 168 0 0.83171 0.16829 
 ----> 1.3#6.6#34.0#44.0#VAR 169 1 0.798069 0.201931 
 ----> 1.3#6.6#34.0#44.0#VAR 170 0 0.817604 0.182396 
 ----> 1.3#6.6#34.0#44.0#VAR 171 0 0.815636 0.184364 
 ----> 1.3#6.6#34.0#44.0#VAR 172 0 0.8189 0.1811 
 ----> 1.3#6.6#34.0#44.0#VAR 173 1 0.801146 0.198854 
 ----> 1.3#6.6#34.0#44.0#VAR 174 1 0.798025 0.201975 
 ----> 1.3#6.6#34.0#44.0#VAR 175 1 0.81506 0.18494 
 ----> 1.3#6.6#34.0#44.0#VAR 176 0 0.817221 0.182779 
 ----> 1.3#6.6#34.0#44.0#VAR 177 0 0.808742 0.191258 
 ----> 1.3#6.6#34.0#44.0#VAR 178 0 0.827647 0.172353 
 ----> 1.3#6.6#34.0#44.0#VAR 179 1 0.817279 0.182721 
 ----> 1.3#6.6#34.0#44.0#VAR 180 0 0.818507 0.181493 
 ----> 1.3#6.6#34.0#44.0#VAR 181 1 0.820029 0.179971 
 ----> 1.3#6.6#34.0#44.0#VAR 182 0 0.813815 0.186185 
 ----> 1.3#6.6#34.0#44.0#VAR 183 0 0.817172 0.182828 
 ----> 1.3#6.6#34.0#44.0#VAR 184 1 0.815061 0.184939 
 ----> 1.3#6.6#34.0#44.0#VAR 185 0 0.811152 0.188848 
 ----> 1.3#6.6#34.0#44.0#VAR 186 0 0.822189 0.177811 
 ----> 1.3#6.6#34.0#44.0#VAR 187 1 0.813853 0.186147 
 ----> 1.3#6.6#34.0#44.0#VAR 188 0 0.811534 0.188466 
 ----> 1.3#6.6#34.0#44.0#VAR 189 0 0.811099 0.188901 
 ----> 1.3#6.6#34.0#44.0#VAR 190 0 0.809471 0.190529 
 ----> 1.3#6.6#34.0#44.0#VAR 191 1 0.794786 0.205214 
 ----> 1.3#6.6#34.0#44.0#VAR 192 0 0.82109 0.17891 
 ----> 1.3#6.6#34.0#44.0#VAR 193 0 0.815938 0.184062 
 ----> 1.3#6.6#34.0#44.0#VAR 194 1 0.809091 0.190909 
 ----> 1.3#6.6#34.0#44.0#VAR 195 0 0.816064 0.183936 
 ----> 1.3#6.6#34.0#44.0#VAR 196 0 0.809984 0.190016 
 ----> 1.3#6.6#34.0#44.0#VAR 197 1 0.802611 0.197389 
 ----> 1.3#6.6#34.0#44.0#VAR 198 0 0.830476 0.169524 
 ----> 1.3#6.6#34.0#44.0#VAR 199 0 0.82857 0.17143 
 ----> 1.3#6.6#34.0#44.0#VAR 200 1 0.808793 0.191207 
 ----> 1.3#6.6#34.0#44.0#VAR 201 0 0.821016 0.178984 
 ----> 1.3#6.6#34.0#44.0#VAR 202 0 0.812597 0.187403 
 ----> 1.3#6.6#34.0#44.0#VAR 203 0 0.818698 0.181302 
 ----> 1.3#6.6#34.0#44.0#VAR 204 1 0.816912 0.183088 
 ----> 1.3#6.6#34.0#44.0#VAR 205 0 0.821379 0.178621 
 ----> 1.3#6.6#34.0#44.0#VAR 206 0 0.81804 0.18196 
 ----> 1.3#6.6#34.0#44.0#VAR 207 0 0.830368 0.169632 
 ----> 1.3#6.6#34.0#44.0#VAR 208 0 0.803178 0.196822 
 ----> 1.3#6.6#34.0#44.0#VAR 209 1 0.780696 0.219304 
 ----> 1.3#6.6#34.0#44.0#VAR 210 1 0.780972 0.219028 
 ----> 1.3#6.6#34.0#44.0#VAR 211 1 0.779496 0.220504 
 ----> 1.3#6.6#34.0#44.0#VAR 212 0 0.8191 0.1809 
 ----> 1.3#6.6#34.0#44.0#VAR 213 0 0.816406 0.183594 
 ----> 1.3#6.6#34.0#44.0#VAR 214 0 0.81635 0.18365 
 ----> 1.3#6.6#34.0#44.0#VAR 215 0 0.819887 0.180113 
 ----> 1.3#6.6#34.0#44.0#VAR 216 0 0.82668 0.17332 
 ----> 1.3#6.6#34.0#44.0#VAR 217 1 0.814954 0.185046 
 ----> 1.3#6.6#34.0#44.0#VAR 218 0 0.818473 0.181527 
 ----> 1.3#6.6#34.0#44.0#VAR 219 0 0.815172 0.184828 
 ----> 1.3#6.6#34.0#44.0#VAR 220 0 0.819345 0.180655 
 ----> 1.3#6.6#34.0#44.0#VAR 221 0 0.816278 0.183722 
 ----> 1.3#6.6#34.0#44.0#VAR 222 0 0.826158 0.173842 
 ----> 1.3#6.6#34.0#44.0#VAR 223 0 0.828895 0.171105 
 ----> 1.3#6.6#34.0#44.0#VAR 224 0 0.816591 0.183409 
 ----> 1.3#6.6#34.0#44.0#VAR 225 0 0.824099 0.175901 
 ----> 1.3#6.6#34.0#44.0#VAR 226 0 0.82102 0.17898 
 ----> 1.3#6.6#34.0#44.0#VAR 227 0 0.814449 0.185551 
 ----> 1.3#6.6#34.0#44.0#VAR 228 0 0.827146 0.172854 
 ----> 1.3#6.6#34.0#44.0#VAR 229 0 0.82088 0.17912 
 ----> 1.3#6.6#34.0#44.0#VAR 230 0 0.823673 0.176327 
 ----> 1.3#6.6#34.0#44.0#VAR 231 0 0.813354 0.186646 
 ----> 1.3#6.6#34.0#44.0#VAR 232 0 0.822209 0.177791 
 ----> 1.3#6.6#34.0#44.0#VAR 233 0 0.813535 0.186465 
 ----> 1.3#6.6#34.0#44.0#VAR 234 0 0.825871 0.174129 
 ----> 1.3#6.6#34.0#44.0#VAR 235 0 0.813892 0.186108 
 ----> 1.3#6.6#34.0#44.0#VAR 236 0 0.798469 0.201531 
 ----> 1.3#6.6#34.0#44.0#VAR 237 0 0.817065 0.182935 
 ----> 1.3#6.6#34.0#44.0#VAR 238 0 0.82036 0.17964 
 ----> 1.3#6.6#34.0#44.0#VAR 239 0 0.81986 0.18014 
 ----> 1.3#6.6#34.0#44.0#VAR 240 0 0.822096 0.177904 
 ----> 1.3#6.6#34.0#44.0#VAR 241 0 0.81577 0.18423 
 ----> 1.3#6.6#34.0#44.0#VAR 242 0 0.808954 0.191046 
 ----> 1.3#6.6#34.0#44.0#VAR 243 0 0.8234 0.1766 
 ----> 1.3#6.6#34.0#44.0#VAR 244 0 0.820403 0.179597 
 ----> 1.3#6.6#34.0#44.0#VAR 245 0 0.812552 0.187448 
 ----> 1.3#6.6#34.0#44.0#VAR 246 0 0.818281 0.181719 
 ----> 1.3#6.6#34.0#44.0#VAR 247 0 0.823456 0.176544 
 ----> 1.3#6.6#34.0#44.0#VAR 248 1 0.808027 0.191973 
 ----> 1.3#6.6#34.0#44.0#VAR 249 0 0.807023 0.192977 
 ----> 1.3#6.6#34.0#44.0#VAR 250 1 0.808616 0.191384 
 ----> 1.3#6.6#34.0#44.0#VAR 251 0 0.821507 0.178493 
 ----> 1.3#6.6#34.0#44.0#VAR 252 0 0.821166 0.178834 
 ----> 1.3#6.6#34.0#44.0#VAR 253 0 0.80326 0.19674 
 ----> 1.3#6.6#34.0#44.0#VAR 254 0 0.802884 0.197116 
 ----> 1.3#6.6#34.0#44.0#VAR 255 0 0.816161 0.183839 
 ----> 1.3#6.6#34.0#44.0#VAR 256 0 0.822203 0.177797 
 ----> 1.3#6.6#34.0#44.0#VAR 257 0 0.814397 0.185603 
 ----> 1.3#6.6#34.0#44.0#VAR 258 0 0.830359 0.169641 
 ----> 1.3#6.6#34.0#44.0#VAR 259 1 0.817215 0.182785 
 ----> 1.3#6.6#34.0#44.0#VAR 260 0 0.828125 0.171875 
 ----> 1.3#6.6#34.0#44.0#VAR 261 0 0.814306 0.185694 
 ----> 1.3#6.6#34.0#44.0#VAR 262 0 0.821118 0.178882 
 ----> 1.3#6.6#34.0#44.0#VAR 263 0 0.82093 0.17907 
 ----> 1.3#6.6#34.0#44.0#VAR 264 0 0.824053 0.175947 
 ----> 1.3#6.6#34.0#44.0#VAR 265 0 0.823973 0.176027 
 ----> 1.3#6.6#34.0#44.0#VAR 266 0 0.823085 0.176915 
 ----> 1.3#6.6#34.0#44.0#VAR 267 0 0.822722 0.177278 
 ----> 1.3#6.6#34.0#44.0#VAR 268 0 0.811193 0.188807 
 ----> 1.3#6.6#34.0#44.0#VAR 269 0 0.81658 0.18342 
 ----> 1.3#6.6#34.0#44.0#VAR 270 0 0.822604 0.177396 
 ----> 1.3#6.6#34.0#44.0#VAR 271 0 0.8217 0.1783 
 ----> 1.3#6.6#34.0#44.0#VAR 272 0 0.813117 0.186883 
 ----> 1.3#6.6#34.0#44.0#VAR 273 0 0.815317 0.184683 
 ----> 1.3#6.6#34.0#44.0#VAR 274 1 0.81936 0.18064 
 ----> 1.3#6.6#34.0#44.0#VAR 275 0 0.817353 0.182647 
 ----> 1.3#6.6#34.0#44.0#VAR 276 0 0.81568 0.18432 
 ----> 1.3#6.6#34.0#44.0#VAR 277 0 0.820871 0.179129 
 ----> 1.3#6.6#34.0#44.0#VAR 278 0 0.818842 0.181158 
 ----> 1.3#6.6#34.0#44.0#VAR 279 0 0.826127 0.173873 
 ----> 1.3#6.6#34.0#44.0#VAR 280 0 0.812071 0.187929 
 ----> 1.3#6.6#34.0#44.0#VAR 281 0 0.817917 0.182083 
 ----> 1.3#6.6#34.0#44.0#VAR 282 0 0.820941 0.179059 
 ----> 1.3#6.6#34.0#44.0#VAR 283 0 0.829512 0.170488 
 ----> 1.3#6.6#34.0#44.0#VAR 284 0 0.822378 0.177622 
 ----> 1.3#6.6#34.0#44.0#VAR 285 0 0.819161 0.180839 
 ----> 1.3#6.6#34.0#44.0#VAR 286 1 0.793074 0.206926 
 ----> 1.3#6.6#34.0#44.0#VAR 287 1 0.815821 0.184179 
 ----> 1.3#6.6#34.0#44.0#VAR 288 0 0.820394 0.179606 
 ----> 1.3#6.6#34.0#44.0#VAR 289 0 0.821207 0.178793 
 ----> 1.3#6.6#34.0#44.0#VAR 290 0 0.817441 0.182559 
 ----> 1.3#6.6#34.0#44.0#VAR 291 0 0.819333 0.180667 
 ----> 1.3#6.6#34.0#44.0#VAR 292 0 0.820218 0.179782 
 ----> 1.3#6.6#34.0#44.0#VAR 293 0 0.81433 0.18567 
 ----> 1.3#6.6#34.0#44.0#VAR 294 0 0.825955 0.174045 
 ----> 1.3#6.6#34.0#44.0#VAR 295 0 0.817575 0.182425 
 ----> 1.3#6.6#34.0#44.0#VAR 296 0 0.819625 0.180375 
 ----> 1.3#6.6#34.0#44.0#VAR 297 0 0.817644 0.182356 
 ----> 1.3#6.6#34.0#44.0#VAR 298 0 0.819126 0.180874 
 ----> 1.3#6.6#34.0#44.0#VAR 299 0 0.818473 0.181527 
 ----> 1.3#6.6#34.0#44.0#VAR 300 0 0.821238 0.178762 
 ----> 1.3#6.6#34.0#44.0#VAR 301 0 0.821125 0.178875 
 ----> 1.3#6.6#34.0#44.0#VAR 302 0 0.821608 0.178392 
 ----> 1.3#6.6#34.0#44.0#VAR 303 0 0.816911 0.183089 
 ----> 1.3#6.6#34.0#44.0#VAR 304 0 0.821463 0.178537 
 ----> 1.3#6.6#34.0#44.0#VAR 305 0 0.811395 0.188605 
 ----> 1.3#6.6#34.0#44.0#VAR 306 0 0.825412 0.174588 
 ----> 1.3#6.6#34.0#44.0#VAR 307 0 0.824141 0.175859 
 ----> 1.3#6.6#34.0#44.0#VAR 308 0 0.81611 0.18389 
 ----> 1.3#6.6#34.0#44.0#VAR 309 0 0.820528 0.179472 
 ----> 1.3#6.6#34.0#44.0#VAR 310 0 0.813528 0.186472 
 ----> 1.3#6.6#34.0#44.0#VAR 311 0 0.822214 0.177786 
 ----> 1.3#6.6#34.0#44.0#VAR 312 0 0.82869 0.17131 
 ----> 1.3#6.6#34.0#44.0#VAR 313 0 0.823319 0.176681 
 ----> 1.3#6.6#34.0#44.0#VAR 314 0 0.826762 0.173238 
 ----> 1.3#6.6#34.0#44.0#VAR 315 0 0.823454 0.176546 
 ----> 1.3#6.6#34.0#44.0#VAR 316 0 0.817943 0.182057 
 ----> 1.3#6.6#34.0#44.0#VAR 317 1 0.804271 0.195729 
 ----> 1.3#6.6#34.0#44.0#VAR 318 0 0.82158 0.17842 
 ----> 1.3#6.6#34.0#44.0#VAR 319 0 0.821716 0.178284 
 ----> 1.3#6.6#34.0#44.0#VAR 320 0 0.820509 0.179491 
 ----> 1.3#6.6#34.0#44.0#VAR 321 0 0.816994 0.183006 
 ----> 1.3#6.6#34.0#44.0#VAR 322 0 0.820149 0.179851 
 ----> 1.3#6.6#34.0#44.0#VAR 323 0 0.819562 0.180438 
 ----> 1.3#6.6#34.0#44.0#VAR 324 0 0.817478 0.182522 
 ----> 1.3#6.6#34.0#44.0#VAR 325 0 0.822654 0.177346 
 ----> 1.3#6.6#34.0#44.0#VAR 326 0 0.826173 0.173827 
 ----> 1.3#6.6#34.0#44.0#VAR 327 0 0.811642 0.188358 
 ----> 1.3#6.6#34.0#44.0#VAR 328 0 0.821457 0.178543 
 ----> 1.3#6.6#34.0#44.0#VAR 329 0 0.826291 0.173709 
 ----> 1.3#6.6#34.0#44.0#VAR 330 0 0.818213 0.181787 
 ----> 1.3#6.6#34.0#44.0#VAR 331 0 0.807765 0.192235 
 ----> 1.3#6.6#34.0#44.0#VAR 332 1 0.801821 0.198179 
 ----> 1.3#6.6#34.0#44.0#VAR 333 0 0.821919 0.178081 
 ----> 1.3#6.6#34.0#44.0#VAR 334 0 0.816871 0.183129 
 ----> 1.3#6.6#34.0#44.0#VAR 335 0 0.806839 0.193161 
 ----> 1.3#6.6#34.0#44.0#VAR 336 0 0.817468 0.182532 
 ----> 1.3#6.6#34.0#44.0#VAR 337 0 0.820436 0.179564 
 ----> 1.3#6.6#34.0#44.0#VAR 338 0 0.827443 0.172557 
 ----> 1.3#6.6#34.0#44.0#VAR 339 0 0.815 0.185 
 ----> 1.3#6.6#34.0#44.0#VAR 340 0 0.823492 0.176508 
 ----> 1.3#6.6#34.0#44.0#VAR 341 0 0.82337 0.17663 
 ----> 1.3#6.6#34.0#44.0#VAR 342 0 0.822333 0.177667 
 ----> 1.3#6.6#34.0#44.0#VAR 343 0 0.818069 0.181931 
 ----> 1.3#6.6#34.0#44.0#VAR 344 0 0.813839 0.186161 
 ----> 1.3#6.6#34.0#44.0#VAR 345 0 0.813891 0.186109 
 ----> 1.3#6.6#34.0#44.0#VAR 346 0 0.826531 0.173469 
 ----> 1.3#6.6#34.0#44.0#VAR 347 0 0.814697 0.185303 
 ----> 1.3#6.6#34.0#44.0#VAR 348 0 0.821509 0.178491 
 ----> 1.3#6.6#34.0#44.0#VAR 349 0 0.817563 0.182437 
 ----> 1.3#6.6#34.0#44.0#VAR 350 0 0.826466 0.173534 
 ----> 1.3#6.6#34.0#44.0#VAR 351 0 0.817473 0.182527 
 ----> 1.3#6.6#34.0#44.0#VAR 352 0 0.817049 0.182951 
 ----> 1.3#6.6#34.0#44.0#VAR 353 0 0.820148 0.179852 
 ----> 1.3#6.6#34.0#44.0#VAR 354 0 0.818857 0.181143 
 ----> 1.3#6.6#34.0#44.0#VAR 355 0 0.836777 0.163223 
 ----> 1.3#6.6#34.0#44.0#VAR 356 0 0.824883 0.175117 
 ----> 1.3#6.6#34.0#44.0#VAR 357 0 0.821702 0.178298 
 ----> 1.3#6.6#34.0#44.0#VAR 358 0 0.821757 0.178243 
 ----> 1.3#6.6#34.0#44.0#VAR 359 1 0.802132 0.197868 
 ----> 1.3#6.6#34.0#44.0#VAR 360 0 0.820584 0.179416 
 ----> 1.3#6.6#34.0#44.0#VAR 361 1 0.818169 0.181831 
 ----> 1.3#6.6#34.0#44.0#VAR 362 0 0.819756 0.180244 
 ----> 1.3#6.6#34.0#44.0#VAR 363 0 0.820709 0.179291 
 ----> 1.3#6.6#34.0#44.0#VAR 364 0 0.81849 0.18151 
 ----> 1.3#6.6#34.0#44.0#VAR 365 0 0.819211 0.180789 
 ----> 1.3#6.6#34.0#44.0#VAR 366 0 0.826827 0.173173 
 ----> 1.3#6.6#34.0#44.0#VAR 367 0 0.82502 0.17498 
 ----> 1.3#6.6#34.0#44.0#VAR 368 0 0.815132 0.184868 
 ----> 1.3#6.6#34.0#44.0#VAR 369 0 0.822295 0.177705 
 ----> 1.3#6.6#34.0#44.0#VAR 370 0 0.822281 0.177719 
 ----> 1.3#6.6#34.0#44.0#VAR 371 1 0.814814 0.185186 
 ----> 1.3#6.6#34.0#44.0#VAR 372 0 0.821217 0.178783 
 ----> 1.3#6.6#34.0#44.0#VAR 373 0 0.815782 0.184218 
 ----> 1.3#6.6#34.0#44.0#VAR 374 0 0.824104 0.175896 
 ----> 1.3#6.6#34.0#44.0#VAR 375 1 0.815689 0.184311 
 ----> 1.3#6.6#34.0#44.0#VAR 376 0 0.817364 0.182636 
 ----> 1.3#6.6#34.0#44.0#VAR 377 0 0.818401 0.181599 
 ----> 1.3#6.6#34.0#44.0#VAR 378 0 0.825046 0.174954 
 ----> 1.3#6.6#34.0#44.0#VAR 379 0 0.816204 0.183796 
 ----> 1.3#6.6#34.0#44.0#VAR 380 0 0.821839 0.178161 
 ----> 1.3#6.6#34.0#44.0#VAR 381 0 0.823327 0.176673 
 ----> 1.3#6.6#34.0#44.0#VAR 382 0 0.822911 0.177089 
 ----> 1.3#6.6#34.0#44.0#VAR 383 0 0.819361 0.180639 
 ----> 1.3#6.6#34.0#44.0#VAR 384 0 0.816213 0.183787 
 ----> 1.3#6.6#34.0#44.0#VAR 385 0 0.822286 0.177714 
 ----> 1.3#6.6#34.0#44.0#VAR 386 0 0.819501 0.180499 
 ----> 1.3#6.6#34.0#44.0#VAR 387 0 0.80932 0.19068 
 ----> 1.3#6.6#34.0#44.0#VAR 388 1 0.801757 0.198243 
 ----> 1.3#6.6#34.0#44.0#VAR 389 0 0.819959 0.180041 
 ----> 1.3#6.6#34.0#44.0#VAR 390 0 0.818094 0.181906 
 ----> 1.3#6.6#34.0#44.0#VAR 391 1 0.811584 0.188416 
 ----> 1.3#6.6#34.0#44.0#VAR 392 0 0.808516 0.191484 
 ----> 1.3#6.6#34.0#44.0#VAR 393 0 0.81041 0.18959 
 ----> 1.3#6.6#34.0#44.0#VAR 394 0 0.815806 0.184194 
 ----> 1.3#6.6#34.0#44.0#VAR 395 1 0.812998 0.187002 
 ----> 1.3#6.6#34.0#44.0#VAR 396 0 0.8235 0.1765 
 ----> 1.3#6.6#34.0#44.0#VAR 397 0 0.817287 0.182713 
 ----> 1.3#6.6#34.0#44.0#VAR 398 0 0.816348 0.183652 
 ----> 1.3#6.6#34.0#44.0#VAR 399 1 0.808831 0.191169 
 ----> 1.3#6.6#34.0#44.0#VAR 400 0 0.820841 0.179159 
 ----> 1.3#6.6#34.0#44.0#VAR 401 0 0.813187 0.186813 
 ----> 1.3#6.6#34.0#44.0#VAR 402 1 0.813429 0.186571 
 ----> 1.3#6.6#34.0#44.0#VAR 403 1 0.806359 0.193641 
 ----> 1.3#6.6#34.0#44.0#VAR 404 0 0.815281 0.184719 
 ----> 1.3#6.6#34.0#44.0#VAR 405 0 0.814109 0.185891 
 ----> 1.3#6.6#34.0#44.0#VAR 406 0 0.823526 0.176474 
 ----> 1.3#6.6#34.0#44.0#VAR 407 0 0.817515 0.182485 
 ----> 1.3#6.6#34.0#44.0#VAR 408 0 0.819972 0.180028 
 ----> 1.3#6.6#34.0#44.0#VAR 409 1 0.813495 0.186505 
 ----> 1.3#6.6#34.0#44.0#VAR 410 0 0.828805 0.171195 
 ----> 1.3#6.6#34.0#44.0#VAR 411 0 0.808604 0.191396 
 ----> 1.3#6.6#34.0#44.0#VAR 412 0 0.811625 0.188375 
 ----> 1.3#6.6#34.0#44.0#VAR 413 0 0.823407 0.176593 
 ----> 1.3#6.6#34.0#44.0#VAR 414 0 0.825711 0.174289 
 ----> 1.3#6.6#34.0#44.0#VAR 415 0 0.820233 0.179767 
 ----> 1.3#6.6#34.0#44.0#VAR 416 0 0.828174 0.171826 
 ----> 1.3#6.6#34.0#44.0#VAR 417 0 0.821394 0.178606 
 ----> 1.3#6.6#34.0#44.0#VAR 418 0 0.81855 0.18145 
 ----> 1.3#6.6#34.0#44.0#VAR 419 0 0.819108 0.180892 
 ----> 1.3#6.6#34.0#44.0#VAR 420 0 0.818705 0.181295 
 ----> 1.3#6.6#34.0#44.0#VAR 421 0 0.815153 0.184847 
 ----> 1.3#6.6#34.0#44.0#VAR 422 0 0.82979 0.17021 
 ----> 1.3#6.6#34.0#44.0#VAR 423 1 0.803873 0.196127 
 ----> 1.3#6.6#34.0#44.0#VAR 424 0 0.808766 0.191234 
 ----> 1.3#6.6#34.0#44.0#VAR 425 0 0.830493 0.169507 
 ----> 1.3#6.6#34.0#44.0#VAR 426 0 0.816872 0.183128 
 ----> 1.3#6.6#34.0#44.0#VAR 427 0 0.823409 0.176591 
 ----> 1.3#6.6#34.0#44.0#VAR 428 0 0.819438 0.180562 
 ----> 1.3#6.6#34.0#44.0#VAR 429 1 0.816505 0.183495 
 ----> 1.3#6.6#34.0#44.0#VAR 430 1 0.813335 0.186665 
 ----> 1.3#6.6#34.0#44.0#VAR 431 1 0.813242 0.186758 
 ----> 1.3#6.6#34.0#44.0#VAR 432 0 0.823372 0.176628 
 ----> 1.3#6.6#34.0#44.0#VAR 433 0 0.819707 0.180293 
 ----> 1.3#6.6#34.0#44.0#VAR 434 0 0.825539 0.174461 
 ----> 1.3#6.6#34.0#44.0#VAR 435 0 0.821957 0.178043 
 ----> 1.3#6.6#34.0#44.0#VAR 436 0 0.804081 0.195919 
 ----> 1.3#6.6#34.0#44.0#VAR 437 0 0.81206 0.18794 
 ----> 1.3#6.6#34.0#44.0#VAR 438 0 0.810841 0.189159 
 ----> 1.3#6.6#34.0#44.0#VAR 439 1 0.814738 0.185262 
 ----> 1.3#6.6#34.0#44.0#VAR 440 0 0.810757 0.189243 
 ----> 1.3#6.6#34.0#44.0#VAR 441 0 0.820342 0.179658 
 ----> 1.3#6.6#34.0#44.0#VAR 442 0 0.828739 0.171261 
 ----> 1.3#6.6#34.0#44.0#VAR 443 1 0.822239 0.177761 
 ----> 1.3#6.6#34.0#44.0#VAR 444 1 0.811537 0.188463 
 ----> 1.3#6.6#34.0#44.0#VAR 445 0 0.809926 0.190074 
 ----> 1.3#6.6#34.0#44.0#VAR 446 0 0.822361 0.177639 
 ----> 1.3#6.6#34.0#44.0#VAR 447 0 0.819354 0.180646 
 ----> 1.3#6.6#34.0#44.0#VAR 448 0 0.819443 0.180557 
 ----> 1.3#6.6#34.0#44.0#VAR 449 0 0.829509 0.170491 
 ----> 1.3#6.6#34.0#44.0#VAR 450 0 0.831323 0.168677 
 ----> 1.3#6.6#34.0#44.0#VAR 451 0 0.817524 0.182476 
 ----> 1.3#6.6#34.0#44.0#VAR 452 0 0.832903 0.167097 
 ----> 1.3#6.6#34.0#44.0#VAR 453 0 0.82349 0.17651 
 ----> 1.3#6.6#34.0#44.0#VAR 454 0 0.824149 0.175851 
 ----> 1.3#6.6#34.0#44.0#VAR 455 0 0.818457 0.181543 
 ----> 1.3#6.6#34.0#44.0#VAR 456 0 0.823607 0.176393 
 ----> 1.3#6.6#34.0#44.0#VAR 457 0 0.821767 0.178233 
 ----> 1.3#6.6#34.0#44.0#VAR 458 0 0.825122 0.174878 
 ----> 1.3#6.6#34.0#44.0#VAR 459 0 0.830399 0.169601 
 ----> 1.3#6.6#34.0#44.0#VAR 460 0 0.820657 0.179343 
 ----> 1.3#6.6#34.0#44.0#VAR 461 0 0.817355 0.182645 
 ----> 1.3#6.6#34.0#44.0#VAR 462 0 0.819788 0.180212 
 ----> 1.3#6.6#34.0#44.0#VAR 463 0 0.81337 0.18663 
 ----> 1.3#6.6#34.0#44.0#VAR 464 0 0.818929 0.181071 
 ----> 1.3#6.6#34.0#44.0#VAR 465 0 0.822839 0.177161 
 ----> 1.3#6.6#34.0#44.0#VAR 466 0 0.816512 0.183488 
 ----> 1.3#6.6#34.0#44.0#VAR 467 0 0.821468 0.178532 
 ----> 1.3#6.6#34.0#44.0#VAR 468 0 0.824992 0.175008 
 ----> 1.3#6.6#34.0#44.0#VAR 469 0 0.818627 0.181373 
 ----> 1.3#6.6#34.0#44.0#VAR 470 0 0.82139 0.17861 
 ----> 1.3#6.6#34.0#44.0#VAR 471 0 0.818926 0.181074 
 ----> 1.3#6.6#34.0#44.0#VAR 472 0 0.829814 0.170186 
 ----> 1.3#6.6#34.0#44.0#VAR 473 0 0.823383 0.176617 
 ----> 1.3#6.6#34.0#44.0#VAR 474 0 0.819097 0.180903 
 ----> 1.3#6.6#34.0#44.0#VAR 475 0 0.822894 0.177106 
 ----> 1.3#6.6#34.0#44.0#VAR 476 0 0.818717 0.181283 
 ----> 1.3#6.6#34.0#44.0#VAR 477 0 0.812004 0.187996 
 ----> 1.3#6.6#34.0#44.0#VAR 478 0 0.818916 0.181084 
 ----> 1.3#6.6#34.0#44.0#VAR 479 0 0.83133 0.16867 
 ----> 1.3#6.6#34.0#44.0#VAR 480 0 0.815802 0.184198 
 ----> 1.3#6.6#34.0#44.0#VAR 481 0 0.810706 0.189294 
 ----> 1.3#6.6#34.0#44.0#VAR 482 0 0.825145 0.174855 
 ----> 1.3#6.6#34.0#44.0#VAR 483 1 0.811132 0.188868 
 ----> 1.3#6.6#34.0#44.0#VAR 484 0 0.827316 0.172684 
 ----> 1.3#6.6#34.0#44.0#VAR 485 0 0.823767 0.176233 
 ----> 1.3#6.6#34.0#44.0#VAR 486 0 0.822011 0.177989 
 ----> 1.3#6.6#34.0#44.0#VAR 487 0 0.823967 0.176033 
 ----> 1.3#6.6#34.0#44.0#VAR 488 0 0.815138 0.184862 
 ----> 1.3#6.6#34.0#44.0#VAR 489 0 0.822882 0.177118 
 ----> 1.3#6.6#34.0#44.0#VAR 490 0 0.819507 0.180493 
 ----> 1.3#6.6#34.0#44.0#VAR 491 0 0.823109 0.176891 
 ----> 1.3#6.6#34.0#44.0#VAR 492 0 0.825034 0.174966 
 ----> 1.3#6.6#34.0#44.0#VAR 493 1 0.822635 0.177365 
 ----> 1.3#6.6#34.0#44.0#VAR 494 0 0.823822 0.176178 
 ----> 1.3#6.6#34.0#44.0#VAR 495 0 0.820724 0.179276 
 ----> 1.3#6.6#34.0#44.0#VAR 496 0 0.817787 0.182213 
 ----> 1.3#6.6#34.0#44.0#VAR 497 1 0.809854 0.190146 
 ----> 1.3#6.6#34.0#44.0#VAR 498 0 0.824801 0.175199 
 ----> 1.3#6.6#34.0#44.0#VAR 499 1 0.81431 0.18569 
 ----> 1.3#6.6#34.0#44.0#VAR 500 0 0.81784 0.18216 
 ----> 1.3#6.6#34.0#44.0#VAR 501 0 0.820382 0.179618 
 ----> 1.3#6.6#34.0#44.0#VAR 502 1 0.814493 0.185507 
 ----> 1.3#6.6#34.0#44.0#VAR 503 0 0.821122 0.178878 
 ----> 1.3#6.6#34.0#44.0#VAR 504 1 0.813852 0.186148 
 ----> 1.3#6.6#34.0#44.0#VAR 505 0 0.818128 0.181872 
 ----> 1.3#6.6#34.0#44.0#VAR 506 0 0.823986 0.176014 
 ----> 1.3#6.6#34.0#44.0#VAR 507 0 0.8254 0.1746 
 ----> 1.3#6.6#34.0#44.0#VAR 508 0 0.82115 0.17885 
 ----> 1.3#6.6#34.0#44.0#VAR 509 0 0.822646 0.177354 
 ----> 1.3#6.6#34.0#44.0#VAR 510 0 0.818699 0.181301 
 ----> 1.3#6.6#34.0#44.0#VAR 511 1 0.819745 0.180255 
 ----> 1.3#6.6#34.0#44.0#VAR 512 0 0.815119 0.184881 
 ----> 1.3#6.6#34.0#44.0#VAR 513 0 0.821536 0.178464 
 ----> 1.3#6.6#34.0#44.0#VAR 514 0 0.824041 0.175959 
 ----> 1.3#6.6#34.0#44.0#VAR 515 0 0.817016 0.182984 
 ----> 1.3#6.6#34.0#44.0#VAR 516 1 0.806358 0.193642 
 ----> 1.3#6.6#34.0#44.0#VAR 517 0 0.823712 0.176288 
 ----> 1.3#6.6#34.0#44.0#VAR 518 0 0.822442 0.177558 
 ----> 1.3#6.6#34.0#44.0#VAR 519 0 0.823048 0.176952 
 ----> 1.3#6.6#34.0#44.0#VAR 520 0 0.819219 0.180781 
 ----> 1.3#6.6#34.0#44.0#VAR 521 0 0.820055 0.179945 
 ----> 1.3#6.6#34.0#44.0#VAR 522 0 0.814137 0.185863 
 ----> 1.3#6.6#34.0#44.0#VAR 523 0 0.826682 0.173318 
 ----> 1.3#6.6#34.0#44.0#VAR 524 0 0.812492 0.187508 
 ----> 1.3#6.6#34.0#44.0#VAR 525 0 0.823172 0.176828 
 ----> 1.3#6.6#34.0#44.0#VAR 526 0 0.823323 0.176677 
 ----> 1.3#6.6#34.0#44.0#VAR 527 1 0.805852 0.194148 
 ----> 1.3#6.6#34.0#44.0#VAR 528 1 0.810769 0.189231 
 ----> 1.3#6.6#34.0#44.0#VAR 529 0 0.820806 0.179194 
 ----> 1.3#6.6#34.0#44.0#VAR 530 0 0.822833 0.177167 
 ----> 1.3#6.6#34.0#44.0#VAR 531 0 0.819658 0.180342 
 ----> 1.3#6.6#34.0#44.0#VAR 532 0 0.814566 0.185434 
 ----> 1.3#6.6#34.0#44.0#VAR 533 0 0.825187 0.174813 
 ----> 1.3#6.6#34.0#44.0#VAR 534 0 0.816375 0.183625 
 ----> 1.3#6.6#34.0#44.0#VAR 535 0 0.816905 0.183095 
 ----> 1.3#6.6#34.0#44.0#VAR 536 0 0.815925 0.184075 
 ----> 1.3#6.6#34.0#44.0#VAR 537 0 0.818324 0.181676 
 ----> 1.3#6.6#34.0#44.0#VAR 538 0 0.81885 0.18115 
 ----> 1.3#6.6#34.0#44.0#VAR 539 1 0.81776 0.18224 
 ----> 1.3#6.6#34.0#44.0#VAR 540 1 0.820148 0.179852 
 ----> 1.3#6.6#34.0#44.0#VAR 541 1 0.821354 0.178646 
 ----> 1.3#6.6#34.0#44.0#VAR 542 1 0.819162 0.180838 
 ----> 1.3#6.6#34.0#44.0#VAR 543 0 0.822369 0.177631 
 ----> 1.3#6.6#34.0#44.0#VAR 544 0 0.808343 0.191657 
 ----> 1.3#6.6#34.0#44.0#VAR 545 0 0.815287 0.184713 
 ----> 1.3#6.6#34.0#44.0#VAR 546 0 0.813467 0.186533 
 ----> 1.3#6.6#34.0#44.0#VAR 547 0 0.813886 0.186114 
 ----> 1.3#6.6#34.0#44.0#VAR 548 0 0.811511 0.188489 
 ----> 1.3#6.6#34.0#44.0#VAR 549 1 0.821515 0.178485 
 ----> 1.3#6.6#34.0#44.0#VAR 550 0 0.817887 0.182113 
 ----> 1.3#6.6#34.0#44.0#VAR 551 0 0.822234 0.177766 
 ----> 1.3#6.6#34.0#44.0#VAR 552 0 0.813722 0.186278 
 ----> 1.3#6.6#34.0#44.0#VAR 553 0 0.81946 0.18054 
 ----> 1.3#6.6#34.0#44.0#VAR 554 0 0.818729 0.181271 
 ----> 1.3#6.6#34.0#44.0#VAR 555 0 0.813324 0.186676 
 ----> 1.3#6.6#34.0#44.0#VAR 556 0 0.813938 0.186062 
 ----> 1.3#6.6#34.0#44.0#VAR 557 1 0.815003 0.184997 
 ----> 1.3#6.6#34.0#44.0#VAR 558 0 0.817418 0.182582 
 ----> 1.3#6.6#34.0#44.0#VAR 559 0 0.816648 0.183352 
 ----> 1.3#6.6#34.0#44.0#VAR 560 0 0.818239 0.181761 
 ----> 1.3#6.6#34.0#44.0#VAR 561 0 0.817932 0.182068 
 ----> 1.3#6.6#34.0#44.0#VAR 562 0 0.807707 0.192293 
 ----> 1.3#6.6#34.0#44.0#VAR 563 0 0.817037 0.182963 
 ----> 1.3#6.6#34.0#44.0#VAR 564 0 0.818373 0.181627 
 ----> 1.3#6.6#34.0#44.0#VAR 565 1 0.811796 0.188204 
 ----> 1.3#6.6#34.0#44.0#VAR 566 0 0.814266 0.185734 
 ----> 1.3#6.6#34.0#44.0#VAR 567 0 0.818959 0.181041 
 ----> 1.3#6.6#34.0#44.0#VAR 568 0 0.823758 0.176242 
 ----> 1.3#6.6#34.0#44.0#VAR 569 0 0.82428 0.17572 
 ----> 1.3#6.6#34.0#44.0#VAR 570 0 0.806965 0.193035 
 ----> 1.3#6.6#34.0#44.0#VAR 571 0 0.825021 0.174979 
 ----> 1.3#6.6#34.0#44.0#VAR 572 0 0.822324 0.177676 
 ----> 1.3#6.6#34.0#44.0#VAR 573 0 0.811916 0.188084 
 ----> 1.3#6.6#34.0#44.0#VAR 574 1 0.814842 0.185158 
 ----> 1.3#6.6#34.0#44.0#VAR 575 0 0.822318 0.177682 
 ----> 1.3#6.6#34.0#44.0#VAR 576 1 0.810036 0.189964 
 ----> 1.3#6.6#34.0#44.0#VAR 577 0 0.819131 0.180869 
 ----> 1.3#6.6#34.0#44.0#VAR 578 0 0.820423 0.179577 
 ----> 1.3#6.6#34.0#44.0#VAR 579 0 0.816495 0.183505 
 ----> 1.3#6.6#34.0#44.0#VAR 580 0 0.817056 0.182944 
 ----> 1.3#6.6#34.0#44.0#VAR 581 0 0.816918 0.183082 
 ----> 1.3#6.6#34.0#44.0#VAR 582 0 0.818498 0.181502 
 ----> 1.3#6.6#34.0#44.0#VAR 583 0 0.820532 0.179468 
 ----> 1.3#6.6#34.0#44.0#VAR 584 1 0.815146 0.184854 
 ----> 1.3#6.6#34.0#44.0#VAR 585 0 0.819235 0.180765 
 ----> 1.3#6.6#34.0#44.0#VAR 586 0 0.818766 0.181234 
 ----> 1.3#6.6#34.0#44.0#VAR 587 0 0.814709 0.185291 
 ----> 1.3#6.6#34.0#44.0#VAR 588 0 0.816247 0.183753 
 ----> 1.3#6.6#34.0#44.0#VAR 589 0 0.821659 0.178341 
 ----> 1.3#6.6#34.0#44.0#VAR 590 0 0.828861 0.171139 
 ----> 1.3#6.6#34.0#44.0#VAR 591 0 0.825071 0.174929 
 ----> 1.3#6.6#34.0#44.0#VAR 592 0 0.816819 0.183181 
 ----> 1.3#6.6#34.0#44.0#VAR 593 0 0.818402 0.181598 
 ----> 1.3#6.6#34.0#44.0#VAR 594 0 0.812367 0.187633 
 ----> 1.3#6.6#34.0#44.0#VAR 595 0 0.814193 0.185807 
 ----> 1.3#6.6#34.0#44.0#VAR 596 0 0.816449 0.183551 
 ----> 1.3#6.6#34.0#44.0#VAR 597 0 0.819837 0.180163 
 ----> 1.3#6.6#34.0#44.0#VAR 598 0 0.820015 0.179985 
 ----> 1.3#6.6#34.0#44.0#VAR 599 0 0.821924 0.178076 
 ----> 1.3#6.6#34.0#44.0#VAR 600 0 0.812658 0.187342 
 ----> 1.3#6.6#34.0#44.0#VAR 601 0 0.819769 0.180231 
 ----> 1.3#6.6#34.0#44.0#VAR 602 0 0.81097 0.18903 
 ----> 1.3#6.6#34.0#44.0#VAR 603 0 0.819995 0.180005 
 ----> 1.3#6.6#34.0#44.0#VAR 604 1 0.812473 0.187527 
 ----> 1.3#6.6#34.0#44.0#VAR 605 0 0.819792 0.180208 
 ----> 1.3#6.6#34.0#44.0#VAR 606 0 0.815697 0.184303 
 ----> 1.3#6.6#34.0#44.0#VAR 607 0 0.820858 0.179142 
 ----> 1.3#6.6#34.0#44.0#VAR 608 0 0.814206 0.185794 
 ----> 1.3#6.6#34.0#44.0#VAR 609 0 0.817639 0.182361 
 ----> 1.3#6.6#34.0#44.0#VAR 610 0 0.824527 0.175473 
 ----> 1.3#6.6#34.0#44.0#VAR 611 0 0.818073 0.181927 
 ----> 1.3#6.6#34.0#44.0#VAR 612 1 0.823609 0.176391 
 ----> 1.3#6.6#34.0#44.0#VAR 613 0 0.820235 0.179765 
 ----> 1.3#6.6#34.0#44.0#VAR 614 0 0.821256 0.178744 
 ----> 1.3#6.6#34.0#44.0#VAR 615 0 0.825018 0.174982 
 ----> 1.3#6.6#34.0#44.0#VAR 616 1 0.816754 0.183246 
 ----> 1.3#6.6#34.0#44.0#VAR 617 0 0.819243 0.180757 
 ----> 1.3#6.6#34.0#44.0#VAR 618 0 0.810894 0.189106 
 ----> 1.3#6.6#34.0#44.0#VAR 619 0 0.827344 0.172656 
 ----> 1.3#6.6#34.0#44.0#VAR 620 0 0.812711 0.187289 
 ----> 1.3#6.6#34.0#44.0#VAR 621 0 0.818164 0.181836 
 ----> 1.3#6.6#34.0#44.0#VAR 622 0 0.817919 0.182081 
 ----> 1.3#6.6#34.0#44.0#VAR 623 1 0.819992 0.180008 
 ----> 1.3#6.6#34.0#44.0#VAR 624 0 0.818576 0.181424 
 ----> 1.3#6.6#34.0#44.0#VAR 625 0 0.824225 0.175775 
 ----> 1.3#6.6#34.0#44.0#VAR 626 0 0.818914 0.181086 
 ----> 1.3#6.6#34.0#44.0#VAR 627 0 0.822918 0.177082 
 ----> 1.3#6.6#34.0#44.0#VAR 628 0 0.829326 0.170674 
 ----> 1.3#6.6#34.0#44.0#VAR 629 0 0.823633 0.176367 
 ----> 1.3#6.6#34.0#44.0#VAR 630 0 0.816276 0.183724 
 ----> 1.3#6.6#34.0#44.0#VAR 631 0 0.826399 0.173601 
 ----> 1.3#6.6#34.0#44.0#VAR 632 0 0.812851 0.187149 
 ----> 1.3#6.6#34.0#44.0#VAR 633 0 0.824271 0.175729 
 ----> 1.3#6.6#34.0#44.0#VAR 634 1 0.814238 0.185762 
 ----> 1.3#6.6#34.0#44.0#VAR 635 1 0.818531 0.181469 
 ----> 1.3#6.6#34.0#44.0#VAR 636 0 0.815487 0.184513 
 ----> 1.3#6.6#34.0#44.0#VAR 637 0 0.814517 0.185483 
 ----> 1.3#6.6#34.0#44.0#VAR 638 0 0.820627 0.179373 
 ----> 1.3#6.6#34.0#44.0#VAR 639 0 0.821002 0.178998 
 ----> 1.3#6.6#34.0#44.0#VAR 640 0 0.81858 0.18142 
 ----> 1.3#6.6#34.0#44.0#VAR 641 0 0.8231 0.1769 
 ----> 1.3#6.6#34.0#44.0#VAR 642 0 0.813969 0.186031 
 ----> 1.3#6.6#34.0#44.0#VAR 643 0 0.824538 0.175462 
 ----> 1.3#6.6#34.0#44.0#VAR 644 0 0.813449 0.186551 
 ----> 1.3#6.6#34.0#44.0#VAR 645 0 0.819093 0.180907 
 ----> 1.3#6.6#34.0#44.0#VAR 646 1 0.804916 0.195084 
 ----> 1.3#6.6#34.0#44.0#VAR 647 0 0.818642 0.181358 
 ----> 1.3#6.6#34.0#44.0#VAR 648 0 0.820153 0.179847 
 ----> 1.3#6.6#34.0#44.0#VAR 649 1 0.809719 0.190281 
 ----> 1.3#6.6#34.0#44.0#VAR 650 0 0.825947 0.174053 
 ----> 1.3#6.6#34.0#44.0#VAR 651 0 0.822883 0.177117 
 ----> 1.3#6.6#34.0#44.0#VAR 652 0 0.815324 0.184676 
 ----> 1.3#6.6#34.0#44.0#VAR 653 0 0.818149 0.181851 
 ----> 1.3#6.6#34.0#44.0#VAR 654 0 0.819012 0.180988 
 ----> 1.3#6.6#34.0#44.0#VAR 655 0 0.820659 0.179341 
 ----> 1.3#6.6#34.0#44.0#VAR 656 0 0.814604 0.185396 
 ----> 1.3#6.6#34.0#44.0#VAR 657 0 0.822046 0.177954 
 ----> 1.3#6.6#34.0#44.0#VAR 658 0 0.816897 0.183103 
 ----> 1.3#6.6#34.0#44.0#VAR 659 0 0.813469 0.186531 
 ----> 1.3#6.6#34.0#44.0#VAR 660 0 0.816494 0.183506 
 ----> 1.3#6.6#34.0#44.0#VAR 661 0 0.814807 0.185193 
 ----> 1.3#6.6#34.0#44.0#VAR 662 1 0.80563 0.19437 
 ----> 1.3#6.6#34.0#44.0#VAR 663 0 0.81459 0.18541 
 ----> 1.3#6.6#34.0#44.0#VAR 664 0 0.82507 0.17493 
 ----> 1.3#6.6#34.0#44.0#VAR 665 0 0.816034 0.183966 
 ----> 1.3#6.6#34.0#44.0#VAR 666 0 0.816396 0.183604 
 ----> 1.3#6.6#34.0#44.0#VAR 667 0 0.820652 0.179348 
 ----> 1.3#6.6#34.0#44.0#VAR 668 0 0.815191 0.184809 
 ----> 1.3#6.6#34.0#44.0#VAR 669 0 0.820643 0.179357 
 ----> 1.3#6.6#34.0#44.0#VAR 670 0 0.809707 0.190293 
 ----> 1.3#6.6#34.0#44.0#VAR 671 0 0.819995 0.180005 
 ----> 1.3#6.6#34.0#44.0#VAR 672 0 0.823857 0.176143 
 ----> 1.3#6.6#34.0#44.0#VAR 673 0 0.81836 0.18164 
 ----> 1.3#6.6#34.0#44.0#VAR 674 0 0.811318 0.188682 
 ----> 1.3#6.6#34.0#44.0#VAR 675 0 0.815886 0.184114 
 ----> 1.3#6.6#34.0#44.0#VAR 676 0 0.812912 0.187088 
 ----> 1.3#6.6#34.0#44.0#VAR 677 0 0.813657 0.186343 
 ----> 1.3#6.6#34.0#44.0#VAR 678 0 0.808744 0.191256 
 ----> 1.3#6.6#34.0#44.0#VAR 679 0 0.815815 0.184185 
 ----> 1.3#6.6#34.0#44.0#VAR 680 0 0.811994 0.188006 
 ----> 1.3#6.6#34.0#44.0#VAR 681 0 0.816527 0.183473 
 ----> 1.3#6.6#34.0#44.0#VAR 682 0 0.805301 0.194699 
 ----> 1.3#6.6#34.0#44.0#VAR 683 0 0.815339 0.184661 
 ----> 1.3#6.6#34.0#44.0#VAR 684 0 0.817659 0.182341 
 ----> 1.3#6.6#34.0#44.0#VAR 685 0 0.819837 0.180163 
 ----> 1.3#6.6#34.0#44.0#VAR 686 0 0.823928 0.176072 
 ----> 1.3#6.6#34.0#44.0#VAR 687 0 0.815267 0.184733 
 ----> 1.3#6.6#34.0#44.0#VAR 688 1 0.805176 0.194824 
 ----> 1.3#6.6#34.0#44.0#VAR 689 0 0.816211 0.183789 
 ----> 1.3#6.6#34.0#44.0#VAR 690 0 0.812429 0.187571 
 ----> 1.3#6.6#34.0#44.0#VAR 691 0 0.806252 0.193748 
 ----> 1.3#6.6#34.0#44.0#VAR 692 0 0.810972 0.189028 
 ----> 1.3#6.6#34.0#44.0#VAR 693 0 0.810904 0.189096 
 ----> 1.3#6.6#34.0#44.0#VAR 694 0 0.824038 0.175962 
 ----> 1.3#6.6#34.0#44.0#VAR 695 0 0.822771 0.177229 
 ----> 1.3#6.6#34.0#44.0#VAR 696 0 0.825828 0.174172 
 ----> 1.3#6.6#34.0#44.0#VAR 697 0 0.821494 0.178506 
 ----> 1.3#6.6#34.0#44.0#VAR 698 0 0.817064 0.182936 
 ----> 1.3#6.6#34.0#44.0#VAR 699 0 0.824531 0.175469 
 ----> 1.3#6.6#34.0#44.0#VAR 700 0 0.808726 0.191274 
 ----> 1.3#6.6#34.0#44.0#VAR 701 1 0.801752 0.198248 
 ----> 1.3#6.6#34.0#44.0#VAR 702 1 0.810977 0.189023 
 ----> 1.3#6.6#34.0#44.0#VAR 703 1 0.80259 0.19741 
 ----> 1.3#6.6#34.0#44.0#VAR 704 0 0.80875 0.19125 
 ----> 1.3#6.6#34.0#44.0#VAR 705 0 0.808351 0.191649 
 ----> 1.3#6.6#34.0#44.0#VAR 706 0 0.815996 0.184004 
 ----> 1.3#6.6#34.0#44.0#VAR 707 0 0.819033 0.180967 
 ----> 1.3#6.6#34.0#44.0#VAR 708 0 0.809931 0.190069 
 ----> 1.3#6.6#34.0#44.0#VAR 709 0 0.804455 0.195545 
 ----> 1.3#6.6#34.0#44.0#VAR 710 0 0.812305 0.187695 
 ----> 1.3#6.6#34.0#44.0#VAR 711 0 0.806828 0.193172 
 ----> 1.3#6.6#34.0#44.0#VAR 712 0 0.809301 0.190699 
 ----> 1.3#6.6#34.0#44.0#VAR 713 1 0.804727 0.195273 
 ----> 1.3#6.6#34.0#44.0#VAR 714 0 0.8209 0.1791 
 ----> 1.3#6.6#34.0#44.0#VAR 715 0 0.817817 0.182183 
 ----> 1.3#6.6#34.0#44.0#VAR 716 0 0.809077 0.190923 
 ----> 1.3#6.6#34.0#44.0#VAR 717 1 0.811152 0.188848 
 ----> 1.3#6.6#34.0#44.0#VAR 718 1 0.800427 0.199573 
 ----> 1.3#6.6#34.0#44.0#VAR 719 0 0.820828 0.179172 
 ----> 1.3#6.6#34.0#44.0#VAR 720 0 0.812847 0.187153 
 ----> 1.3#6.6#34.0#44.0#VAR 721 0 0.810859 0.189141 
 ----> 1.3#6.6#34.0#44.0#VAR 722 0 0.815449 0.184551 
 ----> 1.3#6.6#34.0#44.0#VAR 723 0 0.811466 0.188534 
 ----> 1.3#6.6#34.0#44.0#VAR 724 1 0.810273 0.189727 
 ----> 1.3#6.6#34.0#44.0#VAR 725 0 0.822896 0.177104 
 ----> 1.3#6.6#34.0#44.0#VAR 726 0 0.800898 0.199102 
 ----> 1.3#6.6#34.0#44.0#VAR 727 0 0.817145 0.182855 
 ----> 1.3#6.6#34.0#44.0#VAR 728 0 0.8159 0.1841 
 ----> 1.3#6.6#34.0#44.0#VAR 729 1 0.813651 0.186349 
 ----> 1.3#6.6#34.0#44.0#VAR 730 0 0.812541 0.187459 
 ----> 1.3#6.6#34.0#44.0#VAR 731 0 0.812849 0.187151 
 ----> 1.3#6.6#34.0#44.0#VAR 732 0 0.812878 0.187122 
 ----> 1.3#6.6#34.0#44.0#VAR 733 1 0.810633 0.189367 
 ----> 1.3#6.6#34.0#44.0#VAR 734 0 0.818728 0.181272 
 ----> 1.3#6.6#34.0#44.0#VAR 735 0 0.813047 0.186953 
 ----> 1.3#6.6#34.0#44.0#VAR 736 0 0.811226 0.188774 
 ----> 1.3#6.6#34.0#44.0#VAR 737 0 0.822827 0.177173 
 ----> 1.3#6.6#34.0#44.0#VAR 738 1 0.803621 0.196379 
 ----> 1.3#6.6#34.0#44.0#VAR 739 0 0.816138 0.183862 
 ----> 1.3#6.6#34.0#44.0#VAR 740 0 0.815684 0.184316 
 ----> 1.3#6.6#34.0#44.0#VAR 741 0 0.821539 0.178461 
 ----> 1.3#6.6#34.0#44.0#VAR 742 0 0.811115 0.188885 
 ----> 1.3#6.6#34.0#44.0#VAR 743 1 0.805988 0.194012 
 ----> 1.3#6.6#34.0#44.0#VAR 744 1 0.795636 0.204364 
 ----> 1.3#6.6#34.0#44.0#VAR 745 0 0.810704 0.189296 
 ----> 1.3#6.6#34.0#44.0#VAR 746 0 0.82026 0.17974 
 ----> 1.3#6.6#34.0#44.0#VAR 747 0 0.818193 0.181807 
 ----> 1.3#6.6#34.0#44.0#VAR 748 0 0.820017 0.179983 
 ----> 1.3#6.6#34.0#44.0#VAR 749 0 0.817895 0.182105 
 ----> 1.3#6.6#34.0#44.0#VAR 750 0 0.807661 0.192339 
 ----> 1.3#6.6#34.0#44.0#VAR 751 0 0.803845 0.196155 
 ----> 1.3#6.6#34.0#44.0#VAR 752 1 0.798852 0.201148 
 ----> 1.3#6.6#34.0#44.0#VAR 753 0 0.817904 0.182096 
 ----> 1.3#6.6#34.0#44.0#VAR 754 1 0.798356 0.201644 
 ----> 1.3#6.6#34.0#44.0#VAR 755 0 0.806955 0.193045 
 ----> 1.3#6.6#34.0#44.0#VAR 756 1 0.809745 0.190255 
 ----> 1.3#6.6#34.0#44.0#VAR 757 0 0.820607 0.179393 
 ----> 1.3#6.6#34.0#44.0#VAR 758 0 0.809882 0.190118 
 ----> 1.3#6.6#34.0#44.0#VAR 759 0 0.817874 0.182126 
 ----> 1.3#6.6#34.0#44.0#VAR 760 0 0.810452 0.189548 
 ----> 1.3#6.6#34.0#44.0#VAR 761 0 0.819791 0.180209 
 ----> 1.3#6.6#34.0#44.0#VAR 762 0 0.807835 0.192165 
 ----> 1.3#6.6#34.0#44.0#VAR 763 0 0.805001 0.194999 
 ----> 1.3#6.6#34.0#44.0#VAR 764 1 0.79201 0.20799 
 ----> 1.3#6.6#34.0#44.0#VAR 765 0 0.81922 0.18078 
 ----> 1.3#6.6#34.0#44.0#VAR 766 1 0.79325 0.20675 
 ----> 1.3#6.6#34.0#44.0#VAR 767 0 0.806431 0.193569 
 ----> 1.3#6.6#34.0#44.0#VAR 768 0 0.81521 0.18479 
 ----> 1.3#6.6#34.0#44.0#VAR 769 0 0.817134 0.182866 
 ----> 1.3#6.6#34.0#44.0#VAR 770 0 0.815934 0.184066 
 ----> 1.3#6.6#34.0#44.0#VAR 771 0 0.821913 0.178087 
 ----> 1.3#6.6#34.0#44.0#VAR 772 0 0.808522 0.191478 
 ----> 1.3#6.6#34.0#44.0#VAR 773 0 0.819272 0.180728 
 ----> 1.3#6.6#34.0#44.0#VAR 774 0 0.810269 0.189731 
 ----> 1.3#6.6#34.0#44.0#VAR 775 0 0.817223 0.182777 
 ----> 1.3#6.6#34.0#44.0#VAR 776 0 0.788822 0.211178 
 ----> 1.3#6.6#34.0#44.0#VAR 777 0 0.822919 0.177081 
 ----> 1.3#6.6#34.0#44.0#VAR 778 1 0.793752 0.206248 
 ----> 1.3#6.6#34.0#44.0#VAR 779 1 0.772941 0.227059 
 ----> 1.3#6.6#34.0#44.0#VAR 780 0 0.822459 0.177541 
 ----> 1.3#6.6#34.0#44.0#VAR 781 0 0.812616 0.187384 
 ----> 1.3#6.6#34.0#44.0#VAR 782 0 0.81682 0.18318 
 ----> 1.3#6.6#34.0#44.0#VAR 783 0 0.814441 0.185559 
 ----> 1.3#6.6#34.0#44.0#VAR 784 0 0.814139 0.185861 
 ----> 1.3#6.6#34.0#44.0#VAR 785 0 0.805041 0.194959 
 ----> 1.3#6.6#34.0#44.0#VAR 786 1 0.803677 0.196323 
 ----> 1.3#6.6#34.0#44.0#VAR 787 0 0.815414 0.184586 
 ----> 1.3#6.6#34.0#44.0#VAR 788 0 0.814604 0.185396 
 ----> 1.3#6.6#34.0#44.0#VAR 789 0 0.812071 0.187929 
 ----> 1.3#6.6#34.0#44.0#VAR 790 0 0.793947 0.206053 
 ----> 1.3#6.6#34.0#44.0#VAR 791 0 0.815616 0.184384 
 ----> 1.3#6.6#34.0#44.0#VAR 792 0 0.822804 0.177196 
 ----> 1.3#6.6#34.0#44.0#VAR 793 0 0.801259 0.198741 
 ----> 1.3#6.6#34.0#44.0#VAR 794 0 0.795266 0.204734 
 ----> 1.3#6.6#34.0#44.0#VAR 795 0 0.801912 0.198088 
 ----> 1.3#6.6#34.0#44.0#VAR 796 1 0.795745 0.204255 
 ----> 1.3#6.6#34.0#44.0#VAR 797 0 0.812096 0.187904 
 ----> 1.3#6.6#34.0#44.0#VAR 798 0 0.810637 0.189363 
 ----> 1.3#6.6#34.0#44.0#VAR 799 0 0.816001 0.183999 
 ----> 1.3#6.6#34.0#44.0#VAR 800 0 0.815737 0.184263 
 ----> 1.3#6.6#34.0#44.0#VAR 801 0 0.805466 0.194534 
 ----> 1.3#6.6#34.0#44.0#VAR 802 0 0.810356 0.189644 
 ----> 1.3#6.6#34.0#44.0#VAR 803 0 0.805992 0.194008 
 ----> 1.3#6.6#34.0#44.0#VAR 804 0 0.811166 0.188834 
 ----> 1.3#6.6#34.0#44.0#VAR 805 0 0.804747 0.195253 
 ----> 1.3#6.6#34.0#44.0#VAR 806 0 0.80925 0.19075 
 ----> 1.3#6.6#34.0#44.0#VAR 807 1 0.805404 0.194596 
 ----> 1.3#6.6#34.0#44.0#VAR 808 0 0.793822 0.206178 
 ----> 1.3#6.6#34.0#44.0#VAR 809 0 0.813174 0.186826 
 ----> 1.3#6.6#34.0#44.0#VAR 810 0 0.808172 0.191828 
 ----> 1.3#6.6#34.0#44.0#VAR 811 1 0.794568 0.205432 
 ----> 1.3#6.6#34.0#44.0#VAR 812 1 0.799368 0.200632 
 ----> 1.3#6.6#34.0#44.0#VAR 813 0 0.804526 0.195474 
 ----> 1.3#6.6#34.0#44.0#VAR 814 0 0.79699 0.20301 
 ----> 1.3#6.6#34.0#44.0#VAR 815 1 0.788302 0.211698 
 ----> 1.3#6.6#34.0#44.0#VAR 816 0 0.812592 0.187408 
 ----> 1.3#6.6#34.0#44.0#VAR 817 1 0.785463 0.214537 
 ----> 1.3#6.6#34.0#44.0#VAR 818 0 0.805221 0.194779 
 ----> 1.3#6.6#34.0#44.0#VAR 819 0 0.81915 0.18085 
 ----> 1.3#6.6#34.0#44.0#VAR 820 0 0.807736 0.192264 
 ----> 1.3#6.6#34.0#44.0#VAR 821 0 0.814641 0.185359 
 ----> 1.3#6.6#34.0#44.0#VAR 822 0 0.812525 0.187475 
 ----> 1.3#6.6#34.0#44.0#VAR 823 0 0.813949 0.186051 
 ----> 1.3#6.6#34.0#44.0#VAR 824 0 0.81234 0.18766 
 ----> 1.3#6.6#34.0#44.0#VAR 825 0 0.818664 0.181336 
 ----> 1.3#6.6#34.0#44.0#VAR 826 1 0.800044 0.199956 
 ----> 1.3#6.6#34.0#44.0#VAR 827 1 0.796297 0.203703 
 ----> 1.3#6.6#34.0#44.0#VAR 828 0 0.814068 0.185932 
 ----> 1.3#6.6#34.0#44.0#VAR 829 1 0.779493 0.220507 
 ----> 1.3#6.6#34.0#44.0#VAR 830 0 0.813171 0.186829 
 ----> 1.3#6.6#34.0#44.0#VAR 831 0 0.829162 0.170838 
 ----> 1.3#6.6#34.0#44.0#VAR 832 0 0.797797 0.202203 
 ----> 1.3#6.6#34.0#44.0#VAR 833 0 0.812335 0.187665 
 ----> 1.3#6.6#34.0#44.0#VAR 834 1 0.780854 0.219146 
 ----> 1.3#6.6#34.0#44.0#VAR 835 1 0.798498 0.201502 
 ----> 1.3#6.6#34.0#44.0#VAR 836 1 0.787106 0.212894 
 ----> 1.3#6.6#34.0#44.0#VAR 837 0 0.810518 0.189482 
 ----> 1.3#6.6#34.0#44.0#VAR 838 1 0.795242 0.204758 
 ----> 1.3#6.6#34.0#44.0#VAR 839 0 0.819462 0.180538 
 ----> 1.3#6.6#34.0#44.0#VAR 840 0 0.813767 0.186233 
 ----> 1.3#6.6#34.0#44.0#VAR 841 0 0.800755 0.199245 
 ----> 1.3#6.6#34.0#44.0#VAR 842 1 0.795879 0.204121 
 ----> 1.3#6.6#34.0#44.0#VAR 843 0 0.808511 0.191489 
 ----> 1.3#6.6#34.0#44.0#VAR 844 0 0.803855 0.196145 
 ----> 1.3#6.6#34.0#44.0#VAR 845 0 0.808851 0.191149 
 ----> 1.3#6.6#34.0#44.0#VAR 846 0 0.800884 0.199116 
 ----> 1.3#6.6#34.0#44.0#VAR 847 1 0.795406 0.204594 
 ----> 1.3#6.6#34.0#44.0#VAR 848 0 0.807314 0.192686 
 ----> 1.3#6.6#34.0#44.0#VAR 849 0 0.80212 0.19788 
 ----> 1.3#6.6#34.0#44.0#VAR 850 1 0.790165 0.209835 
 ----> 1.3#6.6#34.0#44.0#VAR 851 0 0.82016 0.17984 
 ----> 1.3#6.6#34.0#44.0#VAR 852 1 0.799857 0.200143 
 ----> 1.3#6.6#34.0#44.0#VAR 853 1 0.797011 0.202989 
 ----> 1.3#6.6#34.0#44.0#VAR 854 0 0.801029 0.198971 
 ----> 1.3#6.6#34.0#44.0#VAR 855 0 0.80278 0.19722 
 ----> 1.3#6.6#34.0#44.0#VAR 856 0 0.806916 0.193084 
 ----> 1.3#6.6#34.0#44.0#VAR 857 0 0.789578 0.210422 
 ----> 1.3#6.6#34.0#44.0#VAR 858 0 0.804071 0.195929 
 ----> 1.3#6.6#34.0#44.0#VAR 859 0 0.800353 0.199647 
 ----> 1.3#6.6#34.0#44.0#VAR 860 0 0.80341 0.19659 
 ----> 1.3#6.6#34.0#44.0#VAR 861 1 0.795652 0.204348 
 ----> 1.3#6.6#34.0#44.0#VAR 862 1 0.777372 0.222628 
 ----> 1.3#6.6#34.0#44.0#VAR 863 1 0.781135 0.218865 
 ----> 1.3#6.6#34.0#44.0#VAR 864 0 0.812237 0.187763 
 ----> 1.3#6.6#34.0#44.0#VAR 865 0 0.795098 0.204902 
 ----> 1.3#6.6#34.0#44.0#VAR 866 0 0.804359 0.195641 
 ----> 1.3#6.6#34.0#44.0#VAR 867 1 0.782989 0.217011 
 ----> 1.3#6.6#34.0#44.0#VAR 868 0 0.780501 0.219499 
 ----> 1.3#6.6#34.0#44.0#VAR 869 0 0.800093 0.199907 
 ----> 1.3#6.6#34.0#44.0#VAR 870 1 0.790942 0.209058 
 ----> 1.3#6.6#34.0#44.0#VAR 871 1 0.763795 0.236205 
 ----> 1.3#6.6#34.0#44.0#VAR 872 0 0.788866 0.211134 
 ----> 1.3#6.6#34.0#44.0#VAR 873 0 0.820539 0.179461 
 ----> 1.3#6.6#34.0#44.0#VAR 874 0 0.785199 0.214801 
 ----> 1.3#6.6#34.0#44.0#VAR 875 0 0.79677 0.20323 
 ----> 1.3#6.6#34.0#44.0#VAR 876 0 0.802509 0.197491 
 ----> 1.3#6.6#34.0#44.0#VAR 877 0 0.790045 0.209955 
 ----> 1.3#6.6#34.0#44.0#VAR 878 1 0.759724 0.240276 
 ----> 1.3#6.6#34.0#44.0#VAR 879 1 0.759658 0.240342 
 ----> 1.3#6.6#34.0#44.0#VAR 880 0 0.779173 0.220827 
 ----> 1.3#6.6#34.0#44.0#VAR 881 0 0.778738 0.221262 
 ----> 1.3#6.6#34.0#44.0#VAR 882 1 0.762811 0.237189 
 ----> 1.3#6.6#34.0#44.0#VAR 883 0 0.80649 0.19351 
 ----> 1.3#6.6#34.0#44.0#VAR 884 0 0.801756 0.198244 
 ----> 1.3#6.6#34.0#44.0#VAR 885 0 0.792964 0.207036 
 ----> 1.3#6.6#34.0#44.0#VAR 886 0 0.783353 0.216647 
 ----> 1.3#6.6#34.0#44.0#VAR 887 0 0.802928 0.197072 
 ----> 1.3#6.6#34.0#44.0#VAR 888 1 0.75996 0.24004 
 ----> 1.3#6.6#34.0#44.0#VAR 889 0 0.779039 0.220961 
 ----> 1.3#6.6#34.0#44.0#VAR 890 0 0.795071 0.204929 
 ----> 1.3#6.6#34.0#44.0#VAR 891 1 0.746602 0.253398 
 ----> 1.3#6.6#34.0#44.0#VAR 892 0 0.79814 0.20186 
 ----> 1.3#6.6#34.0#44.0#VAR 893 0 0.80489 0.19511 
 ----> 1.3#6.6#34.0#44.0#VAR 894 0 0.792526 0.207474 
 ----> 1.3#6.6#34.0#44.0#VAR 895 1 0.779203 0.220797 
 ----> 1.3#6.6#34.0#44.0#VAR 896 1 0.786366 0.213634 
 ----> 1.3#6.6#34.0#44.0#VAR 897 0 0.782671 0.217329 
 ----> 1.3#6.6#34.0#44.0#VAR 898 0 0.788887 0.211113 
 ----> 1.3#6.6#34.0#44.0#VAR 899 0 0.78542 0.21458 
 ----> 1.3#6.6#34.0#44.0#VAR 900 0 0.783959 0.216041 
 ----> 1.3#6.6#34.0#44.0#VAR 901 0 0.778917 0.221083 
 ----> 1.3#6.6#34.0#44.0#VAR 902 1 0.77044 0.22956 
 ----> 1.3#6.6#34.0#44.0#VAR 903 0 0.792066 0.207934 
 ----> 1.3#6.6#34.0#44.0#VAR 904 0 0.768551 0.231449 
 ----> 1.3#6.6#34.0#44.0#VAR 905 0 0.794336 0.205664 
 ----> 1.3#6.6#34.0#44.0#VAR 906 0 0.779976 0.220024 
 ----> 1.3#6.6#34.0#44.0#VAR 907 1 0.785577 0.214423 
 ----> 1.3#6.6#34.0#44.0#VAR 908 0 0.792483 0.207517 
 ----> 1.3#6.6#34.0#44.0#VAR 909 0 0.794287 0.205713 
 ----> 1.3#6.6#34.0#44.0#VAR 910 0 0.781383 0.218617 
 ----> 1.3#6.6#34.0#44.0#VAR 911 0 0.797456 0.202544 
 ----> 1.3#6.6#34.0#44.0#VAR 912 0 0.803596 0.196404 
 ----> 1.3#6.6#34.0#44.0#VAR 913 0 0.777443 0.222557 
 ----> 1.3#6.6#34.0#44.0#VAR 914 1 0.756757 0.243243 
 ----> 1.3#6.6#34.0#44.0#VAR 915 0 0.78562 0.21438 
 ----> 1.3#6.6#34.0#44.0#VAR 916 0 0.786413 0.213587 
 ----> 1.3#6.6#34.0#44.0#VAR 917 0 0.790054 0.209946 
 ----> 1.3#6.6#34.0#44.0#VAR 918 1 0.772492 0.227508 
 ----> 1.3#6.6#34.0#44.0#VAR 919 1 0.782207 0.217793 
 ----> 1.3#6.6#34.0#44.0#VAR 920 1 0.765046 0.234954 
 ----> 1.3#6.6#34.0#44.0#VAR 921 0 0.799669 0.200331 
 ----> 1.3#6.6#34.0#44.0#VAR 922 1 0.745206 0.254794 
 ----> 1.3#6.6#34.0#44.0#VAR 923 0 0.790446 0.209554 
 ----> 1.3#6.6#34.0#44.0#VAR 924 0 0.788223 0.211777 
 ----> 1.3#6.6#34.0#44.0#VAR 925 0 0.805251 0.194749 
 ----> 1.3#6.6#34.0#44.0#VAR 926 0 0.789615 0.210385 
 ----> 1.3#6.6#34.0#44.0#VAR 927 0 0.788679 0.211321 
 ----> 1.3#6.6#34.0#44.0#VAR 928 0 0.811256 0.188744 
 ----> 1.3#6.6#34.0#44.0#VAR 929 0 0.773267 0.226733 
 ----> 1.3#6.6#34.0#44.0#VAR 930 1 0.765139 0.234861 
 ----> 1.3#6.6#34.0#44.0#VAR 931 1 0.768856 0.231144 
 ----> 1.3#6.6#34.0#44.0#VAR 932 0 0.774758 0.225242 
 ----> 1.3#6.6#34.0#44.0#VAR 933 1 0.767916 0.232084 
 ----> 1.3#6.6#34.0#44.0#VAR 934 1 0.745569 0.254431 
 ----> 1.3#6.6#34.0#44.0#VAR 935 1 0.774685 0.225315 
 ----> 1.3#6.6#34.0#44.0#VAR 936 0 0.788812 0.211188 
 ----> 1.3#6.6#34.0#44.0#VAR 937 1 0.758132 0.241868 
 ----> 1.3#6.6#34.0#44.0#VAR 938 0 0.808763 0.191237 
 ----> 1.3#6.6#34.0#44.0#VAR 939 0 0.776149 0.223851 
 ----> 1.3#6.6#34.0#44.0#VAR 940 0 0.781565 0.218435 
 ----> 1.3#6.6#34.0#44.0#VAR 941 1 0.767304 0.232696 
 ----> 1.3#6.6#34.0#44.0#VAR 942 1 0.788189 0.211811 
 ----> 1.3#6.6#34.0#44.0#VAR 943 0 0.795921 0.204079 
 ----> 1.3#6.6#34.0#44.0#VAR 944 0 0.773926 0.226074 
 ----> 1.3#6.6#34.0#44.0#VAR 945 0 0.777384 0.222616 
 ----> 1.3#6.6#34.0#44.0#VAR 946 0 0.8026 0.1974 
 ----> 1.3#6.6#34.0#44.0#VAR 947 1 0.772163 0.227837 
 ----> 1.3#6.6#34.0#44.0#VAR 948 0 0.7813 0.2187 
 ----> 1.3#6.6#34.0#44.0#VAR 949 0 0.796434 0.203566 
 ----> 1.3#6.6#34.0#44.0#VAR 950 1 0.7649 0.2351 
 ----> 1.3#6.6#34.0#44.0#VAR 951 1 0.744345 0.255655 
 ----> 1.3#6.6#34.0#44.0#VAR 952 0 0.789559 0.210441 
 ----> 1.3#6.6#34.0#44.0#VAR 953 0 0.805997 0.194003 
 ----> 1.3#6.6#34.0#44.0#VAR 954 0 0.79442 0.20558 
 ----> 1.3#6.6#34.0#44.0#VAR 955 0 0.790028 0.209972 
 ----> 1.3#6.6#34.0#44.0#VAR 956 1 0.786205 0.213795 
 ----> 1.3#6.6#34.0#44.0#VAR 957 0 0.765107 0.234893 
 ----> 1.3#6.6#34.0#44.0#VAR 958 0 0.787984 0.212016 
 ----> 1.3#6.6#34.0#44.0#VAR 959 0 0.792256 0.207744 
 ----> 1.3#6.6#34.0#44.0#VAR 960 1 0.769257 0.230743 
 ----> 1.3#6.6#34.0#44.0#VAR 961 0 0.788168 0.211832 
 ----> 1.3#6.6#34.0#44.0#VAR 962 0 0.791296 0.208704 
 ----> 1.3#6.6#34.0#44.0#VAR 963 0 0.796305 0.203695 
 ----> 1.3#6.6#34.0#44.0#VAR 964 1 0.75283 0.24717 
 ----> 1.3#6.6#34.0#44.0#VAR 965 0 0.794944 0.205056 
 ----> 1.3#6.6#34.0#44.0#VAR 966 0 0.770825 0.229175 
 ----> 1.3#6.6#34.0#44.0#VAR 967 1 0.748715 0.251285 
 ----> 1.3#6.6#34.0#44.0#VAR 968 1 0.773699 0.226301 
 ----> 1.3#6.6#34.0#44.0#VAR 969 0 0.791523 0.208477 
 ----> 1.3#6.6#34.0#44.0#VAR 970 0 0.788829 0.211171 
 ----> 1.3#6.6#34.0#44.0#VAR 971 0 0.789169 0.210831 
 ----> 1.3#6.6#34.0#44.0#VAR 972 0 0.781636 0.218364 
 ----> 1.3#6.6#34.0#44.0#VAR 973 0 0.784535 0.215465 
 ----> 1.3#6.6#34.0#44.0#VAR 974 1 0.777139 0.222861 
 ----> 1.3#6.6#34.0#44.0#VAR 975 0 0.773757 0.226243 
 ----> 1.3#6.6#34.0#44.0#VAR 976 0 0.770919 0.229081 
 ----> 1.3#6.6#34.0#44.0#VAR 977 0 0.79033 0.20967 
 ----> 1.3#6.6#34.0#44.0#VAR 978 0 0.79662 0.20338 
 ----> 1.3#6.6#34.0#44.0#VAR 979 0 0.791946 0.208054 
 ----> 1.3#6.6#34.0#44.0#VAR 980 0 0.79347 0.20653 
 ----> 1.3#6.6#34.0#44.0#VAR 981 1 0.787613 0.212387 
 ----> 1.3#6.6#34.0#44.0#VAR 982 0 0.790054 0.209946 
 ----> 1.3#6.6#34.0#44.0#VAR 983 0 0.785012 0.214988 
 ----> 1.3#6.6#34.0#44.0#VAR 984 0 0.792946 0.207054 
 ----> 1.3#6.6#34.0#44.0#VAR 985 0 0.777649 0.222351 
 ----> 1.3#6.6#34.0#44.0#VAR 986 0 0.79789 0.20211 
 ----> 1.3#6.6#34.0#44.0#VAR 987 0 0.792269 0.207731 
 ----> 1.3#6.6#34.0#44.0#VAR 988 1 0.753576 0.246424 
 ----> 1.3#6.6#34.0#44.0#VAR 989 1 0.778089 0.221911 
 ----> 1.3#6.6#34.0#44.0#VAR 990 0 0.787302 0.212698 
 ----> 1.3#6.6#34.0#44.0#VAR 991 1 0.756531 0.243469 
 ----> 1.3#6.6#34.0#44.0#VAR 992 1 0.761103 0.238897 
 ----> 1.3#6.6#34.0#44.0#VAR 993 0 0.798723 0.201277 
 ----> 1.3#6.6#34.0#44.0#VAR 994 0 0.776114 0.223886 
 ----> 1.3#6.6#34.0#44.0#VAR 995 0 0.800886 0.199114 
 ----> 1.3#6.6#34.0#44.0#VAR 996 1 0.776382 0.223618 
 ----> 1.3#6.6#34.0#44.0#VAR 997 0 0.800279 0.199721 
 ----> 1.3#6.6#34.0#44.0#VAR 998 0 0.787798 0.212202 
 ----> 1.3#6.6#34.0#44.0#VAR 999 0 0.797721 0.202279 
 ----> 1.3#6.6#34.0#44.0#VAR 1000 0 0.784317 0.215683 
 ----> 1.3#6.6#34.0#44.0#VAR 1001 0 0.780851 0.219149 
 ----> 1.3#6.6#34.0#44.0#VAR 1002 1 0.767258 0.232742 
 ----> 1.3#6.6#34.0#44.0#VAR 1003 0 0.790637 0.209363 
 ----> 1.3#6.6#34.0#44.0#VAR 1004 0 0.802785 0.197215 
 ----> 1.3#6.6#34.0#44.0#VAR 1005 0 0.793421 0.206579 
 ----> 1.3#6.6#34.0#44.0#VAR 1006 0 0.805349 0.194651 
 ----> 1.3#6.6#34.0#44.0#VAR 1007 0 0.78843 0.21157 
 ----> 1.3#6.6#34.0#44.0#VAR 1008 0 0.787237 0.212763 
 ----> 1.3#6.6#34.0#44.0#VAR 1009 0 0.777455 0.222545 
 ----> 1.3#6.6#34.0#44.0#VAR 1010 0 0.798761 0.201239 
 ----> 1.3#6.6#34.0#44.0#VAR 1011 0 0.8042 0.1958 
 ----> 1.3#6.6#34.0#44.0#VAR 1012 0 0.808086 0.191914 
 ----> 1.3#6.6#34.0#44.0#VAR 1013 0 0.796651 0.203349 
 ----> 1.3#6.6#34.0#44.0#VAR 1014 0 0.806857 0.193143 
 ----> 1.3#6.6#34.0#44.0#VAR 1015 0 0.80935 0.19065 
 ----> 1.3#6.6#34.0#44.0#VAR 1016 0 0.793568 0.206432 
 ----> 1.3#6.6#34.0#44.0#VAR 1017 0 0.798266 0.201734 
 ----> 1.3#6.6#34.0#44.0#VAR 1018 0 0.792413 0.207587 
 ----> 1.3#6.6#34.0#44.0#VAR 1019 1 0.782249 0.217751 
 ----> 1.3#6.6#34.0#44.0#VAR 1020 0 0.79302 0.20698 
 ----> 1.3#6.6#34.0#44.0#VAR 1021 1 0.791847 0.208153 
 ----> 1.3#6.6#34.0#44.0#VAR 1022 0 0.772938 0.227062 
 ----> 1.3#6.6#34.0#44.0#VAR 1023 1 0.777239 0.222761 
 ----> 1.3#6.6#34.0#44.0#VAR 1024 0 0.789496 0.210504 
 ----> 1.3#6.6#34.0#44.0#VAR 1025 0 0.796292 0.203708 
 ----> 1.3#6.6#34.0#44.0#VAR 1026 0 0.79412 0.20588 
 ----> 1.3#6.6#34.0#44.0#VAR 1027 0 0.783616 0.216384 
 ----> 1.3#6.6#34.0#44.0#VAR 1028 0 0.791331 0.208669 
 ----> 1.3#6.6#34.0#44.0#VAR 1029 0 0.789883 0.210117 
 ----> 1.3#6.6#34.0#44.0#VAR 1030 0 0.781683 0.218317 
 ----> 1.3#6.6#34.0#44.0#VAR 1031 0 0.791961 0.208039 
 ----> 1.3#6.6#34.0#44.0#VAR 1032 1 0.772231 0.227769 
 ----> 1.3#6.6#34.0#44.0#VAR 1033 0 0.785494 0.214506 
 ----> 1.3#6.6#34.0#44.0#VAR 1034 1 0.784079 0.215921 
 ----> 1.3#6.6#34.0#44.0#VAR 1035 0 0.787324 0.212676 
 ----> 1.3#6.6#34.0#44.0#VAR 1036 0 0.791374 0.208626 
 ----> 1.3#6.6#34.0#44.0#VAR 1037 0 0.797813 0.202187 
 ----> 1.3#6.6#34.0#44.0#VAR 1038 0 0.782601 0.217399 
 ----> 1.3#6.6#34.0#44.0#VAR 1039 0 0.778361 0.221639 
 ----> 1.3#6.6#34.0#44.0#VAR 1040 1 0.76377 0.23623 
 ----> 1.3#6.6#34.0#44.0#VAR 1041 0 0.791539 0.208461 
 ----> 1.3#6.6#34.0#44.0#VAR 1042 0 0.791528 0.208472 
 ----> 1.3#6.6#34.0#44.0#VAR 1043 0 0.794148 0.205852 
 ----> 1.3#6.6#34.0#44.0#VAR 1044 0 0.798241 0.201759 
 ----> 1.3#6.6#34.0#44.0#VAR 1045 0 0.790996 0.209004 
 ----> 1.3#6.6#34.0#44.0#VAR 1046 0 0.786295 0.213705 
 ----> 1.3#6.6#34.0#44.0#VAR 1047 1 0.756156 0.243844 
 ----> 1.3#6.6#34.0#44.0#VAR 1048 0 0.800186 0.199814 
 ----> 1.3#6.6#34.0#44.0#VAR 1049 0 0.779013 0.220987 
 ----> 1.3#6.6#34.0#44.0#VAR 1050 0 0.801352 0.198648 
 ----> 1.3#6.6#34.0#44.0#VAR 1051 0 0.788781 0.211219 
 ----> 1.3#6.6#34.0#44.0#VAR 1052 0 0.799171 0.200829 
 ----> 1.3#6.6#34.0#44.0#VAR 1053 0 0.813157 0.186843 
 ----> 1.3#6.6#34.0#44.0#VAR 1054 0 0.787465 0.212535 
 ----> 1.3#6.6#34.0#44.0#VAR 1055 0 0.789587 0.210413 
 ----> 1.3#6.6#34.0#44.0#VAR 1056 0 0.810715 0.189285 
 ----> 1.3#6.6#34.0#44.0#VAR 1057 1 0.775788 0.224212 
 ----> 1.3#6.6#34.0#44.0#VAR 1058 0 0.787826 0.212174 
 ----> 1.3#6.6#34.0#44.0#VAR 1059 0 0.783442 0.216558 
 ----> 1.3#6.6#34.0#44.0#VAR 1060 0 0.776928 0.223072 
 ----> 1.3#6.6#34.0#44.0#VAR 1061 0 0.795377 0.204623 
 ----> 1.3#6.6#34.0#44.0#VAR 1062 0 0.783124 0.216876 
 ----> 1.3#6.6#34.0#44.0#VAR 1063 0 0.77536 0.22464 
 ----> 1.3#6.6#34.0#44.0#VAR 1064 0 0.802563 0.197437 
 ----> 1.3#6.6#34.0#44.0#VAR 1065 1 0.76429 0.23571 
 ----> 1.3#6.6#34.0#44.0#VAR 1066 1 0.779086 0.220914 
 ----> 1.3#6.6#34.0#44.0#VAR 1067 1 0.769476 0.230524 
 ----> 1.3#6.6#34.0#44.0#VAR 1068 0 0.783692 0.216308 
 ----> 1.3#6.6#34.0#44.0#VAR 1069 0 0.775209 0.224791 
 ----> 1.3#6.6#34.0#44.0#VAR 1070 1 0.786316 0.213684 
 ----> 1.3#6.6#34.0#44.0#VAR 1071 0 0.787674 0.212326 
 ----> 1.3#6.6#34.0#44.0#VAR 1072 0 0.798108 0.201892 
 ----> 1.3#6.6#34.0#44.0#VAR 1073 1 0.764899 0.235101 
 ----> 1.3#6.6#34.0#44.0#VAR 1074 0 0.804287 0.195713 
 ----> 1.3#6.6#34.0#44.0#VAR 1075 0 0.800511 0.199489 
 ----> 1.3#6.6#34.0#44.0#VAR 1076 0 0.789107 0.210893 
 ----> 1.3#6.6#34.0#44.0#VAR 1077 0 0.786102 0.213898 
 ----> 1.3#6.6#34.0#44.0#VAR 1078 0 0.809807 0.190193 
 ----> 1.3#6.6#34.0#44.0#VAR 1079 0 0.804655 0.195345 
 ----> 1.3#6.6#34.0#44.0#VAR 1080 0 0.807269 0.192731 
 ----> 1.3#6.6#34.0#44.0#VAR 1081 1 0.774993 0.225007 
 ----> 1.3#6.6#34.0#44.0#VAR 1082 0 0.798903 0.201097 
 ----> 1.3#6.6#34.0#44.0#VAR 1083 0 0.804389 0.195611 
 ----> 1.3#6.6#34.0#44.0#VAR 1084 0 0.797972 0.202028 
 ----> 1.3#6.6#34.0#44.0#VAR 1085 0 0.802443 0.197557 
 ----> 1.3#6.6#34.0#44.0#VAR 1086 0 0.791093 0.208907 
 ----> 1.3#6.6#34.0#44.0#VAR 1087 1 0.754545 0.245455 
 ----> 1.3#6.6#34.0#44.0#VAR 1088 1 0.782731 0.217269 
 ----> 1.3#6.6#34.0#44.0#VAR 1089 0 0.811395 0.188605 
 ----> 1.3#6.6#34.0#44.0#VAR 1090 0 0.780152 0.219848 
 ----> 1.3#6.6#34.0#44.0#VAR 1091 0 0.796824 0.203176 
 ----> 1.3#6.6#34.0#44.0#VAR 1092 1 0.740796 0.259204 
 ----> 1.3#6.6#34.0#44.0#VAR 1093 0 0.779137 0.220863 
 ----> 1.3#6.6#34.0#44.0#VAR 1094 0 0.816708 0.183292 
 ----> 1.3#6.6#34.0#44.0#VAR 1095 1 0.763509 0.236491 
 ----> 1.3#6.6#34.0#44.0#VAR 1096 0 0.768699 0.231301 
 ----> 1.3#6.6#34.0#44.0#VAR 1097 0 0.82097 0.17903 
 ----> 1.3#6.6#34.0#44.0#VAR 1098 1 0.761886 0.238114 
 ----> 1.3#6.6#34.0#44.0#VAR 1099 0 0.796071 0.203929 
 ----> 1.3#6.6#34.0#44.0#VAR 1100 1 0.78694 0.21306 
 ----> 1.3#6.6#34.0#44.0#VAR 1101 0 0.811768 0.188232 
 ----> 1.3#6.6#34.0#44.0#VAR 1102 1 0.767864 0.232136 
 ----> 1.3#6.6#34.0#44.0#VAR 1103 1 0.786399 0.213601 
 ----> 1.3#6.6#34.0#44.0#VAR 1104 0 0.785182 0.214818 
 ----> 1.3#6.6#34.0#44.0#VAR 1105 0 0.779201 0.220799 
 ----> 1.3#6.6#34.0#44.0#VAR 1106 0 0.772448 0.227552 
 ----> 1.3#6.6#34.0#44.0#VAR 1107 0 0.814226 0.185774 
 ----> 1.3#6.6#34.0#44.0#VAR 1108 0 0.781055 0.218945 
 ----> 1.3#6.6#34.0#44.0#VAR 1109 0 0.788304 0.211696 
 ----> 1.3#6.6#34.0#44.0#VAR 1110 0 0.783707 0.216293 
 ----> 1.3#6.6#34.0#44.0#VAR 1111 0 0.801403 0.198597 
 ----> 1.3#6.6#34.0#44.0#VAR 1112 0 0.794645 0.205355 
 ----> 1.3#6.6#34.0#44.0#VAR 1113 1 0.786308 0.213692 
 ----> 1.3#6.6#34.0#44.0#VAR 1114 0 0.788988 0.211012 
 ----> 1.3#6.6#34.0#44.0#VAR 1115 0 0.780262 0.219738 
 ----> 1.3#6.6#34.0#44.0#VAR 1116 0 0.796935 0.203065 
 ----> 1.3#6.6#34.0#44.0#VAR 1117 0 0.783977 0.216023 
 ----> 1.3#6.6#34.0#44.0#VAR 1118 0 0.812831 0.187169 
 ----> 1.3#6.6#34.0#44.0#VAR 1119 0 0.818857 0.181143 
 ----> 1.3#6.6#34.0#44.0#VAR 1120 0 0.805814 0.194186 
 ----> 1.3#6.6#34.0#44.0#VAR 1121 0 0.803811 0.196189 
 ----> 1.3#6.6#34.0#44.0#VAR 1122 0 0.787778 0.212222 
 ----> 1.3#6.6#34.0#44.0#VAR 1123 0 0.77478 0.22522 
 ----> 1.3#6.6#34.0#44.0#VAR 1124 0 0.800275 0.199725 
 ----> 1.3#6.6#34.0#44.0#VAR 1125 0 0.792011 0.207989 
 ----> 1.3#6.6#34.0#44.0#VAR 1126 0 0.799544 0.200456 
 ----> 1.3#6.6#34.0#44.0#VAR 1127 0 0.799531 0.200469 
 ----> 1.3#6.6#34.0#44.0#VAR 1128 0 0.819376 0.180624 
 ----> 1.3#6.6#34.0#44.0#VAR 1129 0 0.809676 0.190324 
 ----> 1.3#6.6#34.0#44.0#VAR 1130 1 0.785568 0.214432 
 ----> 1.3#6.6#34.0#44.0#VAR 1131 0 0.798828 0.201172 
 ----> 1.3#6.6#34.0#44.0#VAR 1132 1 0.769604 0.230396 
 ----> 1.3#6.6#34.0#44.0#VAR 1133 0 0.798863 0.201137 
 ----> 1.3#6.6#34.0#44.0#VAR 1134 1 0.727738 0.272262 
 ----> 1.3#6.6#34.0#44.0#VAR 1135 0 0.805116 0.194884 
 ----> 1.3#6.6#34.0#44.0#VAR 1136 0 0.808637 0.191363 
 ----> 1.3#6.6#34.0#44.0#VAR 1137 0 0.802134 0.197866 
 ----> 1.3#6.6#34.0#44.0#VAR 1138 0 0.805339 0.194661 
 ----> 1.3#6.6#34.0#44.0#VAR 1139 0 0.785923 0.214077 
 ----> 1.3#6.6#34.0#44.0#VAR 1140 1 0.78445 0.21555 
 ----> 1.3#6.6#34.0#44.0#VAR 1141 0 0.810163 0.189837 
 ----> 1.3#6.6#34.0#44.0#VAR 1142 1 0.765824 0.234176 
 ----> 1.3#6.6#34.0#44.0#VAR 1143 0 0.805428 0.194572 
 ----> 1.3#6.6#34.0#44.0#VAR 1144 0 0.774877 0.225123 
 ----> 1.3#6.6#34.0#44.0#VAR 1145 0 0.797082 0.202918 
 ----> 1.3#6.6#34.0#44.0#VAR 1146 0 0.793041 0.206959 
 ----> 1.3#6.6#34.0#44.0#VAR 1147 0 0.791368 0.208632 
 ----> 1.3#6.6#34.0#44.0#VAR 1148 0 0.804371 0.195629 
 ----> 1.3#6.6#34.0#44.0#VAR 1149 0 0.795668 0.204332 
 ----> 1.3#6.6#34.0#44.0#VAR 1150 0 0.790083 0.209917 
 ----> 1.3#6.6#34.0#44.0#VAR 1151 1 0.783978 0.216022 
 ----> 1.3#6.6#34.0#44.0#VAR 1152 1 0.794941 0.205059 
 ----> 1.3#6.6#34.0#44.0#VAR 1153 0 0.791092 0.208908 
 ----> 1.3#6.6#34.0#44.0#VAR 1154 0 0.7887 0.2113 
 ----> 1.3#6.6#34.0#44.0#VAR 1155 1 0.795051 0.204949 
 ----> 1.3#6.6#34.0#44.0#VAR 1156 0 0.793364 0.206636 
 ----> 1.3#6.6#34.0#44.0#VAR 1157 0 0.802011 0.197989 
 ----> 1.3#6.6#34.0#44.0#VAR 1158 0 0.790956 0.209044 
 ----> 1.3#6.6#34.0#44.0#VAR 1159 0 0.80054 0.19946 
 ----> 1.3#6.6#34.0#44.0#VAR 1160 0 0.77702 0.22298 
 ----> 1.3#6.6#34.0#44.0#VAR 1161 0 0.822756 0.177244 
 ----> 1.3#6.6#34.0#44.0#VAR 1162 0 0.771175 0.228825 
 ----> 1.3#6.6#34.0#44.0#VAR 1163 0 0.794053 0.205947 
 ----> 1.3#6.6#34.0#44.0#VAR 1164 0 0.768573 0.231427 
 ----> 1.3#6.6#34.0#44.0#VAR 1165 1 0.776588 0.223412 
 ----> 1.3#6.6#34.0#44.0#VAR 1166 0 0.785218 0.214782 
 ----> 1.3#6.6#34.0#44.0#VAR 1167 1 0.791149 0.208851 
 ----> 1.3#6.6#34.0#44.0#VAR 1168 1 0.780208 0.219792 
 ----> 1.3#6.6#34.0#44.0#VAR 1169 0 0.774695 0.225305 
 ----> 1.3#6.6#34.0#44.0#VAR 1170 1 0.764008 0.235992 
 ----> 1.3#6.6#34.0#44.0#VAR 1171 0 0.795563 0.204437 
 ----> 1.3#6.6#34.0#44.0#VAR 1172 1 0.760976 0.239024 
 ----> 1.3#6.6#34.0#44.0#VAR 1173 0 0.795168 0.204832 
 ----> 1.3#6.6#34.0#44.0#VAR 1174 0 0.791446 0.208554 
 ----> 1.3#6.6#34.0#44.0#VAR 1175 0 0.780853 0.219147 
 ----> 1.3#6.6#34.0#44.0#VAR 1176 0 0.80557 0.19443 
 ----> 1.3#6.6#34.0#44.0#VAR 1177 0 0.797814 0.202186 
 ----> 1.3#6.6#34.0#44.0#VAR 1178 0 0.78922 0.21078 
 ----> 1.3#6.6#34.0#44.0#VAR 1179 0 0.785444 0.214556 
 ----> 1.3#6.6#34.0#44.0#VAR 1180 0 0.789136 0.210864 
 ----> 1.3#6.6#34.0#44.0#VAR 1181 0 0.795335 0.204665 
 ----> 1.3#6.6#34.0#44.0#VAR 1182 0 0.779682 0.220318 
 ----> 1.3#6.6#34.0#44.0#VAR 1183 0 0.786426 0.213574 
 ----> 1.3#6.6#34.0#44.0#VAR 1184 0 0.799374 0.200626 
 ----> 1.3#6.6#34.0#44.0#VAR 1185 0 0.791445 0.208555 
 ----> 1.3#6.6#34.0#44.0#VAR 1186 0 0.793385 0.206615 
 ----> 1.3#6.6#34.0#44.0#VAR 1187 0 0.799137 0.200863 
 ----> 1.3#6.6#34.0#44.0#VAR 1188 0 0.8176 0.1824 
 ----> 1.3#6.6#34.0#44.0#VAR 1189 0 0.792877 0.207123 
 ----> 1.3#6.6#34.0#44.0#VAR 1190 0 0.797403 0.202597 
 ----> 1.3#6.6#34.0#44.0#VAR 1191 0 0.802297 0.197703 
 ----> 1.3#6.6#34.0#44.0#VAR 1192 0 0.795937 0.204063 
 ----> 1.3#6.6#34.0#44.0#VAR 1193 0 0.794026 0.205974 
 ----> 1.3#6.6#34.0#44.0#VAR 1194 0 0.795318 0.204682 
 ----> 1.3#6.6#34.0#44.0#VAR 1195 0 0.786253 0.213747 
 ----> 1.3#6.6#34.0#44.0#VAR 1196 0 0.798925 0.201075 
 ----> 1.3#6.6#34.0#44.0#VAR 1197 0 0.792166 0.207834 
 ----> 1.3#6.6#34.0#44.0#VAR 1198 0 0.797582 0.202418 
 ----> 1.3#6.6#34.0#44.0#VAR 1199 0 0.795253 0.204747 
 ----> 1.3#6.6#34.0#44.0#VAR 1200 0 0.803538 0.196462 
 ----> 1.3#6.6#34.0#44.0#VAR 1201 0 0.799336 0.200664 
 ----> 1.3#6.6#34.0#44.0#VAR 1202 1 0.7713 0.2287 
 ----> 1.3#6.6#34.0#44.0#VAR 1203 0 0.793031 0.206969 
 ----> 1.3#6.6#34.0#44.0#VAR 1204 0 0.793578 0.206422 
 ----> 1.3#6.6#34.0#44.0#VAR 1205 0 0.79087 0.20913 
 ----> 1.3#6.6#34.0#44.0#VAR 1206 0 0.800185 0.199815 
 ----> 1.3#6.6#34.0#44.0#VAR 1207 0 0.795595 0.204405 
 ----> 1.3#6.6#34.0#44.0#VAR 1208 0 0.810018 0.189982 
 ----> 1.3#6.6#34.0#44.0#VAR 1209 1 0.769386 0.230614 
 ----> 1.3#6.6#34.0#44.0#VAR 1210 1 0.779902 0.220098 
 ----> 1.3#6.6#34.0#44.0#VAR 1211 0 0.778408 0.221592 
 ----> 1.3#6.6#34.0#44.0#VAR 1212 0 0.783345 0.216655 
 ----> 1.3#6.6#34.0#44.0#VAR 1213 0 0.789689 0.210311 
 ----> 1.3#6.6#34.0#44.0#VAR 1214 1 0.762115 0.237885 
 ----> 1.3#6.6#34.0#44.0#VAR 1215 1 0.773022 0.226978 
 ----> 1.3#6.6#34.0#44.0#VAR 1216 0 0.775996 0.224004 
 ----> 1.3#6.6#34.0#44.0#VAR 1217 0 0.811009 0.188991 
 ----> 1.3#6.6#34.0#44.0#VAR 1218 0 0.7787 0.2213 
 ----> 1.3#6.6#34.0#44.0#VAR 1219 1 0.759098 0.240902 
 ----> 1.3#6.6#34.0#44.0#VAR 1220 1 0.772983 0.227017 
 ----> 1.3#6.6#34.0#44.0#VAR 1221 0 0.798279 0.201721 
 ----> 1.3#6.6#34.0#44.0#VAR 1222 0 0.802257 0.197743 
 ----> 1.3#6.6#34.0#44.0#VAR 1223 0 0.801083 0.198917 
 ----> 1.3#6.6#34.0#44.0#VAR 1224 0 0.81004 0.18996 
 ----> 1.3#6.6#34.0#44.0#VAR 1225 1 0.774773 0.225227 
 ----> 1.3#6.6#34.0#44.0#VAR 1226 1 0.754211 0.245789 
 ----> 1.3#6.6#34.0#44.0#VAR 1227 0 0.804073 0.195927 
 ----> 1.3#6.6#34.0#44.0#VAR 1228 0 0.817652 0.182348 
 ----> 1.3#6.6#34.0#44.0#VAR 1229 0 0.788218 0.211782 
 ----> 1.3#6.6#34.0#44.0#VAR 1230 0 0.818366 0.181634 
 ----> 1.3#6.6#34.0#44.0#VAR 1231 0 0.798217 0.201783 
 ----> 1.3#6.6#34.0#44.0#VAR 1232 0 0.798971 0.201029 
 ----> 1.3#6.6#34.0#44.0#VAR 1233 0 0.805112 0.194888 
 ----> 1.3#6.6#34.0#44.0#VAR 1234 0 0.804669 0.195331 
 ----> 1.3#6.6#34.0#44.0#VAR 1235 0 0.802465 0.197535 
 ----> 1.3#6.6#34.0#44.0#VAR 1236 0 0.800248 0.199752 
 ----> 1.3#6.6#34.0#44.0#VAR 1237 0 0.796449 0.203551 
 ----> 1.3#6.6#34.0#44.0#VAR 1238 0 0.78745 0.21255 
 ----> 1.3#6.6#34.0#44.0#VAR 1239 0 0.790946 0.209054 
 ----> 1.3#6.6#34.0#44.0#VAR 1240 0 0.793175 0.206825 
 ----> 1.3#6.6#34.0#44.0#VAR 1241 0 0.80011 0.19989 
 ----> 1.3#6.6#34.0#44.0#VAR 1242 1 0.792881 0.207119 
 ----> 1.3#6.6#34.0#44.0#VAR 1243 0 0.79415 0.20585 
 ----> 1.3#6.6#34.0#44.0#VAR 1244 0 0.789902 0.210098 
 ----> 1.3#6.6#34.0#44.0#VAR 1245 1 0.780706 0.219294 
 ----> 1.3#6.6#34.0#44.0#VAR 1246 0 0.782892 0.217108 
 ----> 1.3#6.6#34.0#44.0#VAR 1247 0 0.781634 0.218366 
 ----> 1.3#6.6#34.0#44.0#VAR 1248 0 0.799191 0.200809 
 ----> 1.3#6.6#34.0#44.0#VAR 1249 1 0.764113 0.235887 
 ----> 1.3#6.6#34.0#44.0#VAR 1250 0 0.786963 0.213037 
 ----> 1.3#6.6#34.0#44.0#VAR 1251 0 0.779141 0.220859 
 ----> 1.3#6.6#34.0#44.0#VAR 1252 0 0.797628 0.202372 
 ----> 1.3#6.6#34.0#44.0#VAR 1253 1 0.773363 0.226637 
 ----> 1.3#6.6#34.0#44.0#VAR 1254 1 0.762179 0.237821 
 ----> 1.3#6.6#34.0#44.0#VAR 1255 0 0.78362 0.21638 
 ----> 1.3#6.6#34.0#44.0#VAR 1256 0 0.80247 0.19753 
 ----> 1.3#6.6#34.0#44.0#VAR 1257 0 0.785135 0.214865 
 ----> 1.3#6.6#34.0#44.0#VAR 1258 0 0.797135 0.202865 
 ----> 1.3#6.6#34.0#44.0#VAR 1259 0 0.803542 0.196458 
 ----> 1.3#6.6#34.0#44.0#VAR 1260 0 0.79081 0.20919 
 ----> 1.3#6.6#34.0#44.0#VAR 1261 0 0.790207 0.209793 
 ----> 1.3#6.6#34.0#44.0#VAR 1262 0 0.792915 0.207085 
 ----> 1.3#6.6#34.0#44.0#VAR 1263 0 0.78929 0.21071 
 ----> 1.3#6.6#34.0#44.0#VAR 1264 0 0.772755 0.227245 
 ----> 1.3#6.6#34.0#44.0#VAR 1265 1 0.777703 0.222297 
 ----> 1.3#6.6#34.0#44.0#VAR 1266 0 0.801656 0.198344 
 ----> 1.3#6.6#34.0#44.0#VAR 1267 1 0.735505 0.264495 
 ----> 1.3#6.6#34.0#44.0#VAR 1268 1 0.778133 0.221867 
 ----> 1.3#6.6#34.0#44.0#VAR 1269 0 0.791477 0.208523 
 ----> 1.3#6.6#34.0#44.0#VAR 1270 0 0.80268 0.19732 
 ----> 1.3#6.6#34.0#44.0#VAR 1271 1 0.775187 0.224813 
 ----> 1.3#6.6#34.0#44.0#VAR 1272 1 0.766514 0.233486 
 ----> 1.3#6.6#34.0#44.0#VAR 1273 0 0.795483 0.204517 
 ----> 1.3#6.6#34.0#44.0#VAR 1274 0 0.789025 0.210975 
 ----> 1.3#6.6#34.0#44.0#VAR 1275 0 0.788687 0.211313 
 ----> 1.3#6.6#34.0#44.0#VAR 1276 0 0.792925 0.207075 
 ----> 1.3#6.6#34.0#44.0#VAR 1277 0 0.797728 0.202272 
 ----> 1.3#6.6#34.0#44.0#VAR 1278 0 0.798954 0.201046 
 ----> 1.3#6.6#34.0#44.0#VAR 1279 1 0.761023 0.238977 
 ----> 1.3#6.6#34.0#44.0#VAR 1280 0 0.787951 0.212049 
 ----> 1.3#6.6#34.0#44.0#VAR 1281 0 0.795284 0.204716 
 ----> 1.3#6.6#34.0#44.0#VAR 1282 0 0.781424 0.218576 
 ----> 1.3#6.6#34.0#44.0#VAR 1283 0 0.815931 0.184069 
 ----> 1.3#6.6#34.0#44.0#VAR 1284 1 0.732107 0.267893 
 ----> 1.3#6.6#34.0#44.0#VAR 1285 0 0.798754 0.201246 
 ----> 1.3#6.6#34.0#44.0#VAR 1286 0 0.810445 0.189555 
 ----> 1.3#6.6#34.0#44.0#VAR 1287 0 0.818338 0.181662 
 ----> 1.3#6.6#34.0#44.0#VAR 1288 1 0.741226 0.258774 
 ----> 1.3#6.6#34.0#44.0#VAR 1289 0 0.782082 0.217918 
 ----> 1.3#6.6#34.0#44.0#VAR 1290 0 0.797533 0.202467 
 ----> 1.3#6.6#34.0#44.0#VAR 1291 1 0.776157 0.223843 
 ----> 1.3#6.6#34.0#44.0#VAR 1292 0 0.797517 0.202483 
 ----> 1.3#6.6#34.0#44.0#VAR 1293 0 0.814672 0.185328 
 ----> 1.3#6.6#34.0#44.0#VAR 1294 0 0.792148 0.207852 
 ----> 1.3#6.6#34.0#44.0#VAR 1295 0 0.809032 0.190968 
 ----> 1.3#6.6#34.0#44.0#VAR 1296 1 0.765704 0.234296 
 ----> 1.3#6.6#34.0#44.0#VAR 1297 1 0.778814 0.221186 
 ----> 1.3#6.6#34.0#44.0#VAR 1298 1 0.793251 0.206749 
 ----> 1.3#6.6#34.0#44.0#VAR 1299 1 0.787223 0.212777 
 ----> 1.3#6.6#34.0#44.0#VAR 1300 0 0.794565 0.205435 
 ----> 1.3#6.6#34.0#44.0#VAR 1301 1 0.781491 0.218509 
 ----> 1.3#6.6#34.0#44.0#VAR 1302 0 0.813122 0.186878 
 ----> 1.3#6.6#34.0#44.0#VAR 1303 0 0.789671 0.210329 
 ----> 1.3#6.6#34.0#44.0#VAR 1304 1 0.789222 0.210778 
 ----> 1.3#6.6#34.0#44.0#VAR 1305 0 0.817458 0.182542 
 ----> 1.3#6.6#34.0#44.0#VAR 1306 0 0.788161 0.211839 
 ----> 1.3#6.6#34.0#44.0#VAR 1307 0 0.795591 0.204409 
 ----> 1.3#6.6#34.0#44.0#VAR 1308 0 0.802239 0.197761 
 ----> 1.3#6.6#34.0#44.0#VAR 1309 0 0.813584 0.186416 
 ----> 1.3#6.6#34.0#44.0#VAR 1310 0 0.798618 0.201382 
 ----> 1.3#6.6#34.0#44.0#VAR 1311 0 0.808109 0.191891 
 ----> 1.3#6.6#34.0#44.0#VAR 1312 0 0.816496 0.183504 
 ----> 1.3#6.6#34.0#44.0#VAR 1313 0 0.775943 0.224057 
 ----> 1.3#6.6#34.0#44.0#VAR 1314 0 0.798703 0.201297 
 ----> 1.3#6.6#34.0#44.0#VAR 1315 0 0.815636 0.184364 
 ----> 1.3#6.6#34.0#44.0#VAR 1316 0 0.810627 0.189373 
 ----> 1.3#6.6#34.0#44.0#VAR 1317 1 0.778397 0.221603 
 ----> 1.3#6.6#34.0#44.0#VAR 1318 0 0.808923 0.191077 
 ----> 1.3#6.6#34.0#44.0#VAR 1319 0 0.78291 0.21709 
 ----> 1.3#6.6#34.0#44.0#VAR 1320 0 0.821215 0.178785 
 ----> 1.3#6.6#34.0#44.0#VAR 1321 0 0.816596 0.183404 
 ----> 1.3#6.6#34.0#44.0#VAR 1322 0 0.809721 0.190279 
 ----> 1.3#6.6#34.0#44.0#VAR 1323 1 0.786435 0.213565 
 ----> 1.3#6.6#34.0#44.0#VAR 1324 0 0.79652 0.20348 
 ----> 1.3#6.6#34.0#44.0#VAR 1325 0 0.80726 0.19274 
 ----> 1.3#6.6#34.0#44.0#VAR 1326 0 0.792664 0.207336 
 ----> 1.3#6.6#34.0#44.0#VAR 1327 0 0.783069 0.216931 
 ----> 1.3#6.6#34.0#44.0#VAR 1328 0 0.792344 0.207656 
 ----> 1.3#6.6#34.0#44.0#VAR 1329 1 0.782832 0.217168 
 ----> 1.3#6.6#34.0#44.0#VAR 1330 0 0.797935 0.202065 
 ----> 1.3#6.6#34.0#44.0#VAR 1331 0 0.806329 0.193671 
 ----> 1.3#6.6#34.0#44.0#VAR 1332 0 0.790856 0.209144 
 ----> 1.3#6.6#34.0#44.0#VAR 1333 0 0.816797 0.183203 
 ----> 1.3#6.6#34.0#44.0#VAR 1334 1 0.762586 0.237414 
 ----> 1.3#6.6#34.0#44.0#VAR 1335 0 0.790601 0.209399 
 ----> 1.3#6.6#34.0#44.0#VAR 1336 1 0.774709 0.225291 
 ----> 1.3#6.6#34.0#44.0#VAR 1337 0 0.807094 0.192906 
 ----> 1.3#6.6#34.0#44.0#VAR 1338 0 0.800342 0.199658 
 ----> 1.3#6.6#34.0#44.0#VAR 1339 0 0.806961 0.193039 
 ----> 1.3#6.6#34.0#44.0#VAR 1340 0 0.814078 0.185922 
 ----> 1.3#6.6#34.0#44.0#VAR 1341 0 0.805417 0.194583 
 ----> 1.3#6.6#34.0#44.0#VAR 1342 0 0.81055 0.18945 
 ----> 1.3#6.6#34.0#44.0#VAR 1343 1 0.770482 0.229518 
 ----> 1.3#6.6#34.0#44.0#VAR 1344 1 0.786257 0.213743 
 ----> 1.3#6.6#34.0#44.0#VAR 1345 0 0.817874 0.182126 
 ----> 1.3#6.6#34.0#44.0#VAR 1346 0 0.805562 0.194438 
 ----> 1.3#6.6#34.0#44.0#VAR 1347 0 0.792251 0.207749 
 ----> 1.3#6.6#34.0#44.0#VAR 1348 0 0.814472 0.185528 
 ----> 1.3#6.6#34.0#44.0#VAR 1349 0 0.809981 0.190019 
 ----> 1.3#6.6#34.0#44.0#VAR 1350 0 0.808697 0.191303 
 ----> 1.3#6.6#34.0#44.0#VAR 1351 0 0.812675 0.187325 
 ----> 1.3#6.6#34.0#44.0#VAR 1352 0 0.793078 0.206922 
 ----> 1.3#6.6#34.0#44.0#VAR 1353 0 0.821475 0.178525 
 ----> 1.3#6.6#34.0#44.0#VAR 1354 1 0.786804 0.213196 
 ----> 1.3#6.6#34.0#44.0#VAR 1355 0 0.79424 0.20576 
 ----> 1.3#6.6#34.0#44.0#VAR 1356 0 0.798603 0.201397 
 ----> 1.3#6.6#34.0#44.0#VAR 1357 0 0.792769 0.207231 
 ----> 1.3#6.6#34.0#44.0#VAR 1358 1 0.777142 0.222858 
 ----> 1.3#6.6#34.0#44.0#VAR 1359 0 0.788503 0.211497 
 ----> 1.3#6.6#34.0#44.0#VAR 1360 0 0.815595 0.184405 
 ----> 1.3#6.6#34.0#44.0#VAR 1361 1 0.767457 0.232543 
 ----> 1.3#6.6#34.0#44.0#VAR 1362 0 0.795729 0.204271 
 ----> 1.3#6.6#34.0#44.0#VAR 1363 0 0.821472 0.178528 
 ----> 1.3#6.6#34.0#44.0#VAR 1364 0 0.803676 0.196324 
 ----> 1.3#6.6#34.0#44.0#VAR 1365 0 0.818613 0.181387 
 ----> 1.3#6.6#34.0#44.0#VAR 1366 0 0.800489 0.199511 
 ----> 1.3#6.6#34.0#44.0#VAR 1367 0 0.798238 0.201762 
 ----> 1.3#6.6#34.0#44.0#VAR 1368 1 0.769411 0.230589 
 ----> 1.3#6.6#34.0#44.0#VAR 1369 0 0.808266 0.191734 
 ----> 1.3#6.6#34.0#44.0#VAR 1370 0 0.806634 0.193366 
 ----> 1.3#6.6#34.0#44.0#VAR 1371 0 0.807352 0.192648 
 ----> 1.3#6.6#34.0#44.0#VAR 1372 0 0.783988 0.216012 
 ----> 1.3#6.6#34.0#44.0#VAR 1373 0 0.806027 0.193973 
 ----> 1.3#6.6#34.0#44.0#VAR 1374 0 0.817274 0.182726 
 ----> 1.3#6.6#34.0#44.0#VAR 1375 0 0.824414 0.175586 
 ----> 1.3#6.6#34.0#44.0#VAR 1376 0 0.800736 0.199264 
 ----> 1.3#6.6#34.0#44.0#VAR 1377 1 0.782925 0.217075 
 ----> 1.3#6.6#34.0#44.0#VAR 1378 0 0.806387 0.193613 
 ----> 1.3#6.6#34.0#44.0#VAR 1379 0 0.79911 0.20089 
 ----> 1.3#6.6#34.0#44.0#VAR 1380 1 0.777613 0.222387 
 ----> 1.3#6.6#34.0#44.0#VAR 1381 0 0.810519 0.189481 
 ----> 1.3#6.6#34.0#44.0#VAR 1382 0 0.802468 0.197532 
 ----> 1.3#6.6#34.0#44.0#VAR 1383 0 0.814013 0.185987 
 ----> 1.3#6.6#34.0#44.0#VAR 1384 0 0.799441 0.200559 
 ----> 1.3#6.6#34.0#44.0#VAR 1385 0 0.796418 0.203582 
 ----> 1.3#6.6#34.0#44.0#VAR 1386 1 0.786175 0.213825 
 ----> 1.3#6.6#34.0#44.0#VAR 1387 1 0.775596 0.224404 
 ----> 1.3#6.6#34.0#44.0#VAR 1388 0 0.803858 0.196142 
 ----> 1.3#6.6#34.0#44.0#VAR 1389 0 0.792131 0.207869 
 ----> 1.3#6.6#34.0#44.0#VAR 1390 0 0.798298 0.201702 
 ----> 1.3#6.6#34.0#44.0#VAR 1391 0 0.80963 0.19037 
 ----> 1.3#6.6#34.0#44.0#VAR 1392 0 0.814854 0.185146 
 ----> 1.3#6.6#34.0#44.0#VAR 1393 0 0.812688 0.187312 
 ----> 1.3#6.6#34.0#44.0#VAR 1394 1 0.79353 0.20647 
 ----> 1.3#6.6#34.0#44.0#VAR 1395 0 0.810304 0.189696 
 ----> 1.3#6.6#34.0#44.0#VAR 1396 0 0.792704 0.207296 
 ----> 1.3#6.6#34.0#44.0#VAR 1397 0 0.809045 0.190955 
 ----> 1.3#6.6#34.0#44.0#VAR 1398 1 0.788369 0.211631 
 ----> 1.3#6.6#34.0#44.0#VAR 1399 0 0.793329 0.206671 
 ----> 1.3#6.6#34.0#44.0#VAR 1400 1 0.786857 0.213143 
 ----> 1.3#6.6#34.0#44.0#VAR 1401 0 0.804739 0.195261 
 ----> 1.3#6.6#34.0#44.0#VAR 1402 1 0.783891 0.216109 
 ----> 1.3#6.6#34.0#44.0#VAR 1403 0 0.805709 0.194291 
 ----> 1.3#6.6#34.0#44.0#VAR 1404 0 0.810676 0.189324 
 ----> 1.3#6.6#34.0#44.0#VAR 1405 1 0.792345 0.207655 
 ----> 1.3#6.6#34.0#44.0#VAR 1406 0 0.789052 0.210948 
 ----> 1.3#6.6#34.0#44.0#VAR 1407 0 0.801247 0.198753 
 ----> 1.3#6.6#34.0#44.0#VAR 1408 0 0.804364 0.195636 
 ----> 1.3#6.6#34.0#44.0#VAR 1409 0 0.781921 0.218079 
 ----> 1.3#6.6#34.0#44.0#VAR 1410 0 0.801455 0.198545 
 ----> 1.3#6.6#34.0#44.0#VAR 1411 0 0.784106 0.215894 
 ----> 1.3#6.6#34.0#44.0#VAR 1412 1 0.768777 0.231223 
 ----> 1.3#6.6#34.0#44.0#VAR 1413 0 0.798963 0.201037 
 ----> 1.3#6.6#34.0#44.0#VAR 1414 0 0.79374 0.20626 
 ----> 1.3#6.6#34.0#44.0#VAR 1415 0 0.779547 0.220453 
 ----> 1.3#6.6#34.0#44.0#VAR 1416 0 0.812124 0.187876 
 ----> 1.3#6.6#34.0#44.0#VAR 1417 0 0.797928 0.202072 
 ----> 1.3#6.6#34.0#44.0#VAR 1418 1 0.799784 0.200216 
 ----> 1.3#6.6#34.0#44.0#VAR 1419 0 0.791858 0.208142 
 ----> 1.3#6.6#34.0#44.0#VAR 1420 0 0.788399 0.211601 
 ----> 1.3#6.6#34.0#44.0#VAR 1421 0 0.80374 0.19626 
 ----> 1.3#6.6#34.0#44.0#VAR 1422 1 0.789169 0.210831 
 ----> 1.3#6.6#34.0#44.0#VAR 1423 0 0.806745 0.193255 
 ----> 1.3#6.6#34.0#44.0#VAR 1424 1 0.778645 0.221355 
 ----> 1.3#6.6#34.0#44.0#VAR 1425 0 0.810628 0.189372 
 ----> 1.3#6.6#34.0#44.0#VAR 1426 1 0.786414 0.213586 
 ----> 1.3#6.6#34.0#44.0#VAR 1427 1 0.792002 0.207998 
 ----> 1.3#6.6#34.0#44.0#VAR 1428 0 0.794571 0.205429 
 ----> 1.3#6.6#34.0#44.0#VAR 1429 0 0.785584 0.214416 
 ----> 1.3#6.6#34.0#44.0#VAR 1430 0 0.791977 0.208023 
 ----> 1.3#6.6#34.0#44.0#VAR 1431 0 0.792418 0.207582 
 ----> 1.3#6.6#34.0#44.0#VAR 1432 0 0.791242 0.208758 
 ----> 1.3#6.6#34.0#44.0#VAR 1433 0 0.792627 0.207373 
 ----> 1.3#6.6#34.0#44.0#VAR 1434 0 0.812459 0.187541 
 ----> 1.3#6.6#34.0#44.0#VAR 1435 0 0.792713 0.207287 
 ----> 1.3#6.6#34.0#44.0#VAR 1436 0 0.795952 0.204048 
 ----> 1.3#6.6#34.0#44.0#VAR 1437 0 0.797012 0.202988 
 ----> 1.3#6.6#34.0#44.0#VAR 1438 0 0.817421 0.182579 
 ----> 1.3#6.6#34.0#44.0#VAR 1439 0 0.790903 0.209097 
 ----> 1.3#6.6#34.0#44.0#VAR 1440 1 0.768322 0.231678 
 ----> 1.3#6.6#34.0#44.0#VAR 1441 1 0.777849 0.222151 
 ----> 1.3#6.6#34.0#44.0#VAR 1442 0 0.777942 0.222058 
 ----> 1.3#6.6#34.0#44.0#VAR 1443 1 0.77395 0.22605 
 ----> 1.3#6.6#34.0#44.0#VAR 1444 1 0.795618 0.204382 
 ----> 1.3#6.6#34.0#44.0#VAR 1445 1 0.787414 0.212586 
 ----> 1.3#6.6#34.0#44.0#VAR 1446 0 0.809254 0.190746 
 ----> 1.3#6.6#34.0#44.0#VAR 1447 0 0.80195 0.19805 
 ----> 1.3#6.6#34.0#44.0#VAR 1448 0 0.820655 0.179345 
 ----> 1.3#6.6#34.0#44.0#VAR 1449 0 0.807088 0.192912 
 ----> 1.3#6.6#34.0#44.0#VAR 1450 0 0.804266 0.195734 
 ----> 1.3#6.6#34.0#44.0#VAR 1451 1 0.782344 0.217656 
 ----> 1.3#6.6#34.0#44.0#VAR 1452 0 0.790597 0.209403 
 ----> 1.3#6.6#34.0#44.0#VAR 1453 0 0.793701 0.206299 
 ----> 1.3#6.6#34.0#44.0#VAR 1454 0 0.805635 0.194365 
 ----> 1.3#6.6#34.0#44.0#VAR 1455 0 0.808213 0.191787 
 ----> 1.3#6.6#34.0#44.0#VAR 1456 1 0.786151 0.213849 
 ----> 1.3#6.6#34.0#44.0#VAR 1457 1 0.781989 0.218011 
 ----> 1.3#6.6#34.0#44.0#VAR 1458 1 0.786451 0.213549 
 ----> 1.3#6.6#34.0#44.0#VAR 1459 1 0.791112 0.208888 
 ----> 1.3#6.6#34.0#44.0#VAR 1460 0 0.792833 0.207167 
 ----> 1.3#6.6#34.0#44.0#VAR 1461 1 0.776405 0.223595 
 ----> 1.3#6.6#34.0#44.0#VAR 1462 0 0.815631 0.184369 
 ----> 1.3#6.6#34.0#44.0#VAR 1463 0 0.786416 0.213584 
 ----> 1.3#6.6#34.0#44.0#VAR 1464 0 0.797247 0.202753 
 ----> 1.3#6.6#34.0#44.0#VAR 1465 0 0.814327 0.185673 
 ----> 1.3#6.6#34.0#44.0#VAR 1466 0 0.811485 0.188515 
 ----> 1.3#6.6#34.0#44.0#VAR 1467 1 0.800689 0.199311 
 ----> 1.3#6.6#34.0#44.0#VAR 1468 1 0.811266 0.188734 
 ----> 1.3#6.6#34.0#44.0#VAR 1469 0 0.799539 0.200461 
 ----> 1.3#6.6#34.0#44.0#VAR 1470 0 0.806152 0.193848 
 ----> 1.3#6.6#34.0#44.0#VAR 1471 0 0.788461 0.211539 
 ----> 1.3#6.6#34.0#44.0#VAR 1472 0 0.7946 0.2054 
 ----> 1.3#6.6#34.0#44.0#VAR 1473 0 0.796097 0.203903 
 ----> 1.3#6.6#34.0#44.0#VAR 1474 0 0.818247 0.181753 
 ----> 1.3#6.6#34.0#44.0#VAR 1475 0 0.801075 0.198925 
 ----> 1.3#6.6#34.0#44.0#VAR 1476 1 0.801134 0.198866 
 ----> 1.3#6.6#34.0#44.0#VAR 1477 0 0.791959 0.208041 
 ----> 1.3#6.6#34.0#44.0#VAR 1478 0 0.806937 0.193063 
 ----> 1.3#6.6#34.0#44.0#VAR 1479 1 0.794344 0.205656 
 ----> 1.3#6.6#34.0#44.0#VAR 1480 0 0.797277 0.202723 
 ----> 1.3#6.6#34.0#44.0#VAR 1481 0 0.805698 0.194302 
 ----> 1.3#6.6#34.0#44.0#VAR 1482 0 0.812897 0.187103 
 ----> 1.3#6.6#34.0#44.0#VAR 1483 0 0.811844 0.188156 
 ----> 1.3#6.6#34.0#44.0#VAR 1484 0 0.816245 0.183755 
 ----> 1.3#6.6#34.0#44.0#VAR 1485 0 0.798604 0.201396 
 ----> 1.3#6.6#34.0#44.0#VAR 1486 0 0.802171 0.197829 
 ----> 1.3#6.6#34.0#44.0#VAR 1487 1 0.807344 0.192656 
 ----> 1.3#6.6#34.0#44.0#VAR 1488 1 0.795438 0.204562 
 ----> 1.3#6.6#34.0#44.0#VAR 1489 0 0.808666 0.191334 
 ----> 1.3#6.6#34.0#44.0#VAR 1490 0 0.797324 0.202676 
 ----> 1.3#6.6#34.0#44.0#VAR 1491 1 0.808785 0.191215 
 ----> 1.3#6.6#34.0#44.0#VAR 1492 0 0.813934 0.186066 
 ----> 1.3#6.6#34.0#44.0#VAR 1493 0 0.794694 0.205306 
 ----> 1.3#6.6#34.0#44.0#VAR 1494 0 0.803341 0.196659 
 ----> 1.3#6.6#34.0#44.0#VAR 1495 0 0.814901 0.185099 
 ----> 1.3#6.6#34.0#44.0#VAR 1496 0 0.796255 0.203745 
 ----> 1.3#6.6#34.0#44.0#VAR 1497 0 0.800135 0.199865 
 ----> 1.3#6.6#34.0#44.0#VAR 1498 0 0.785407 0.214593 
 ----> 1.3#6.6#34.0#44.0#VAR 1499 1 0.808797 0.191203 
 ----> 1.3#6.6#34.0#44.0#VAR 1500 0 0.796019 0.203981 
 ----> 1.3#6.6#34.0#44.0#VAR 1501 0 0.810317 0.189683 
 ----> 1.3#6.6#34.0#44.0#VAR 1502 0 0.797967 0.202033 
 ----> 1.3#6.6#34.0#44.0#VAR 1503 0 0.805675 0.194325 
 ----> 1.3#6.6#34.0#44.0#VAR 1504 0 0.805467 0.194533 
 ----> 1.3#6.6#34.0#44.0#VAR 1505 0 0.810768 0.189232 
 ----> 1.3#6.6#34.0#44.0#VAR 1506 0 0.801333 0.198667 
 ----> 1.3#6.6#34.0#44.0#VAR 1507 0 0.798683 0.201317 
 ----> 1.3#6.6#34.0#44.0#VAR 1508 0 0.790127 0.209873 
 ----> 1.3#6.6#34.0#44.0#VAR 1509 0 0.809824 0.190176 
 ----> 1.3#6.6#34.0#44.0#VAR 1510 0 0.80087 0.19913 
 ----> 1.3#6.6#34.0#44.0#VAR 1511 0 0.798807 0.201193 
 ----> 1.3#6.6#34.0#44.0#VAR 1512 0 0.804308 0.195692 
 ----> 1.3#6.6#34.0#44.0#VAR 1513 0 0.800438 0.199562 
 ----> 1.3#6.6#34.0#44.0#VAR 1514 0 0.803091 0.196909 
 ----> 1.3#6.6#34.0#44.0#VAR 1515 0 0.805544 0.194456 
 ----> 1.3#6.6#34.0#44.0#VAR 1516 0 0.783936 0.216064 
 ----> 1.3#6.6#34.0#44.0#VAR 1517 0 0.822681 0.177319 
 ----> 1.3#6.6#34.0#44.0#VAR 1518 0 0.808083 0.191917 
 ----> 1.3#6.6#34.0#44.0#VAR 1519 0 0.811132 0.188868 
 ----> 1.3#6.6#34.0#44.0#VAR 1520 1 0.812198 0.187802 
 ----> 1.3#6.6#34.0#44.0#VAR 1521 0 0.813172 0.186828 
 ----> 1.3#6.6#34.0#44.0#VAR 1522 0 0.809233 0.190767 
 ----> 1.3#6.6#34.0#44.0#VAR 1523 0 0.810572 0.189428 
 ----> 1.3#6.6#34.0#44.0#VAR 1524 0 0.795135 0.204865 
 ----> 1.3#6.6#34.0#44.0#VAR 1525 0 0.809013 0.190987 
 ----> 1.3#6.6#34.0#44.0#VAR 1526 1 0.807956 0.192044 
 ----> 1.3#6.6#34.0#44.0#VAR 1527 0 0.789716 0.210284 
 ----> 1.3#6.6#34.0#44.0#VAR 1528 0 0.801157 0.198843 
 ----> 1.3#6.6#34.0#44.0#VAR 1529 0 0.804841 0.195159 
 ----> 1.3#6.6#34.0#44.0#VAR 1530 0 0.808779 0.191221 
 ----> 1.3#6.6#34.0#44.0#VAR 1531 1 0.795344 0.204656 
 ----> 1.3#6.6#34.0#44.0#VAR 1532 0 0.809661 0.190339 
 ----> 1.3#6.6#34.0#44.0#VAR 1533 1 0.803626 0.196374 
 ----> 1.3#6.6#34.0#44.0#VAR 1534 0 0.815371 0.184629 
 ----> 1.3#6.6#34.0#44.0#VAR 1535 0 0.792339 0.207661 
 ----> 1.3#6.6#34.0#44.0#VAR 1536 1 0.804469 0.195531 
 ----> 1.3#6.6#34.0#44.0#VAR 1537 0 0.799486 0.200514 
 ----> 1.3#6.6#34.0#44.0#VAR 1538 0 0.811329 0.188671 
 ----> 1.3#6.6#34.0#44.0#VAR 1539 0 0.814832 0.185168 
 ----> 1.3#6.6#34.0#44.0#VAR 1540 0 0.79888 0.20112 
 ----> 1.3#6.6#34.0#44.0#VAR 1541 1 0.806951 0.193049 
 ----> 1.3#6.6#34.0#44.0#VAR 1542 0 0.80472 0.19528 
 ----> 1.3#6.6#34.0#44.0#VAR 1543 0 0.809805 0.190195 
 ----> 1.3#6.6#34.0#44.0#VAR 1544 0 0.793045 0.206955 
 ----> 1.3#6.6#34.0#44.0#VAR 1545 0 0.80984 0.19016 
 ----> 1.3#6.6#34.0#44.0#VAR 1546 0 0.805369 0.194631 
 ----> 1.3#6.6#34.0#44.0#VAR 1547 0 0.809366 0.190634 
 ----> 1.3#6.6#34.0#44.0#VAR 1548 0 0.816883 0.183117 
 ----> 1.3#6.6#34.0#44.0#VAR 1549 0 0.804074 0.195926 
 ----> 1.3#6.6#34.0#44.0#VAR 1550 0 0.818671 0.181329 
 ----> 1.3#6.6#34.0#44.0#VAR 1551 1 0.797473 0.202527 
 ----> 1.3#6.6#34.0#44.0#VAR 1552 0 0.811063 0.188937 
 ----> 1.3#6.6#34.0#44.0#VAR 1553 0 0.807635 0.192365 
 ----> 1.3#6.6#34.0#44.0#VAR 1554 1 0.812194 0.187806 
 ----> 1.3#6.6#34.0#44.0#VAR 1555 0 0.816044 0.183956 
 ----> 1.3#6.6#34.0#44.0#VAR 1556 0 0.808364 0.191636 
 ----> 1.3#6.6#34.0#44.0#VAR 1557 0 0.813732 0.186268 
 ----> 1.3#6.6#34.0#44.0#VAR 1558 0 0.807619 0.192381 
 ----> 1.3#6.6#34.0#44.0#VAR 1559 0 0.805567 0.194433 
 ----> 1.3#6.6#34.0#44.0#VAR 1560 0 0.818411 0.181589 
 ----> 1.3#6.6#34.0#44.0#VAR 1561 0 0.798668 0.201332 
 ----> 1.3#6.6#34.0#44.0#VAR 1562 0 0.821464 0.178536 
 ----> 1.3#6.6#34.0#44.0#VAR 1563 0 0.823097 0.176903 
 ----> 1.3#6.6#34.0#44.0#VAR 1564 1 0.809101 0.190899 
 ----> 1.3#6.6#34.0#44.0#VAR 1565 0 0.811003 0.188997 
 ----> 1.3#6.6#34.0#44.0#VAR 1566 1 0.809583 0.190417 
 ----> 1.3#6.6#34.0#44.0#VAR 1567 0 0.808159 0.191841 
 ----> 1.3#6.6#34.0#44.0#VAR 1568 0 0.812213 0.187787 
 ----> 1.3#6.6#34.0#44.0#VAR 1569 0 0.811332 0.188668 
 ----> 1.3#6.6#34.0#44.0#VAR 1570 0 0.800681 0.199319 
 ----> 1.3#6.6#34.0#44.0#VAR 1571 0 0.796686 0.203314 
 ----> 1.3#6.6#34.0#44.0#VAR 1572 0 0.803822 0.196178 
 ----> 1.3#6.6#34.0#44.0#VAR 1573 1 0.812384 0.187616 
 ----> 1.3#6.6#34.0#44.0#VAR 1574 0 0.804767 0.195233 
 ----> 1.3#6.6#34.0#44.0#VAR 1575 0 0.810976 0.189024 
 ----> 1.3#6.6#34.0#44.0#VAR 1576 0 0.804542 0.195458 
 ----> 1.3#6.6#34.0#44.0#VAR 1577 0 0.808697 0.191303 
 ----> 1.3#6.6#34.0#44.0#VAR 1578 1 0.8099 0.1901 
 ----> 1.3#6.6#34.0#44.0#VAR 1579 0 0.807904 0.192096 
 ----> 1.3#6.6#34.0#44.0#VAR 1580 0 0.790212 0.209788 
 ----> 1.3#6.6#34.0#44.0#VAR 1581 0 0.80948 0.19052 
 ----> 1.3#6.6#34.0#44.0#VAR 1582 0 0.803728 0.196272 
 ----> 1.3#6.6#34.0#44.0#VAR 1583 0 0.809003 0.190997 
 ----> 1.3#6.6#34.0#44.0#VAR 1584 0 0.808149 0.191851 
 ----> 1.3#6.6#34.0#44.0#VAR 1585 0 0.794353 0.205647 
 ----> 1.3#6.6#34.0#44.0#VAR 1586 0 0.809641 0.190359 
 ----> 1.3#6.6#34.0#44.0#VAR 1587 0 0.800906 0.199094 
 ----> 1.3#6.6#34.0#44.0#VAR 1588 1 0.812183 0.187817 
 ----> 1.3#6.6#34.0#44.0#VAR 1589 0 0.80202 0.19798 
 ----> 1.3#6.6#34.0#44.0#VAR 1590 0 0.812797 0.187203 
 ----> 1.3#6.6#34.0#44.0#VAR 1591 0 0.799414 0.200586 
 ----> 1.3#6.6#34.0#44.0#VAR 1592 0 0.802921 0.197079 
 ----> 1.3#6.6#34.0#44.0#VAR 1593 0 0.800896 0.199104 
 ----> 1.3#6.6#34.0#44.0#VAR 1594 0 0.79623 0.20377 
 ----> 1.3#6.6#34.0#44.0#VAR 1595 0 0.800143 0.199857 
 ----> 1.3#6.6#34.0#44.0#VAR 1596 0 0.788916 0.211084 
 ----> 1.3#6.6#34.0#44.0#VAR 1597 0 0.79914 0.20086 
 ----> 1.3#6.6#34.0#44.0#VAR 1598 1 0.800156 0.199844 
 ----> 1.3#6.6#34.0#44.0#VAR 1599 0 0.799864 0.200136 
 ----> 1.3#6.6#34.0#44.0#VAR 1600 0 0.80287 0.19713 
 ----> 1.3#6.6#34.0#44.0#VAR 1601 0 0.798288 0.201712 
 ----> 1.3#6.6#34.0#44.0#VAR 1602 0 0.783017 0.216983 
 ----> 1.3#6.6#34.0#44.0#VAR 1603 0 0.789251 0.210749 
 ----> 1.3#6.6#34.0#44.0#VAR 1604 0 0.787978 0.212022 
 ----> 1.3#6.6#34.0#44.0#VAR 1605 0 0.807159 0.192841 
 ----> 1.3#6.6#34.0#44.0#VAR 1606 1 0.806124 0.193876 
 ----> 1.3#6.6#34.0#44.0#VAR 1607 1 0.813422 0.186578 
 ----> 1.3#6.6#34.0#44.0#VAR 1608 1 0.809754 0.190246 
 ----> 1.3#6.6#34.0#44.0#VAR 1609 0 0.810566 0.189434 
 ----> 1.3#6.6#34.0#44.0#VAR 1610 0 0.813779 0.186221 
 ----> 1.3#6.6#34.0#44.0#VAR 1611 0 0.800479 0.199521 
 ----> 1.3#6.6#34.0#44.0#VAR 1612 0 0.78822 0.21178 
 ----> 1.3#6.6#34.0#44.0#VAR 1613 0 0.793157 0.206843 
 ----> 1.3#6.6#34.0#44.0#VAR 1614 0 0.799378 0.200622 
 ----> 1.3#6.6#34.0#44.0#VAR 1615 0 0.813921 0.186079 
 ----> 1.3#6.6#34.0#44.0#VAR 1616 1 0.795804 0.204196 
 ----> 1.3#6.6#34.0#44.0#VAR 1617 1 0.80158 0.19842 
 ----> 1.3#6.6#34.0#44.0#VAR 1618 0 0.808033 0.191967 
 ----> 1.3#6.6#34.0#44.0#VAR 1619 0 0.797735 0.202265 
 ----> 1.3#6.6#34.0#44.0#VAR 1620 0 0.806542 0.193458 
 ----> 1.3#6.6#34.0#44.0#VAR 1621 0 0.811518 0.188482 
 ----> 1.3#6.6#34.0#44.0#VAR 1622 0 0.804655 0.195345 
 ----> 1.3#6.6#34.0#44.0#VAR 1623 1 0.819099 0.180901 
 ----> 1.3#6.6#34.0#44.0#VAR 1624 1 0.806748 0.193252 
 ----> 1.3#6.6#34.0#44.0#VAR 1625 1 0.813279 0.186721 
 ----> 1.3#6.6#34.0#44.0#VAR 1626 0 0.797345 0.202655 
 ----> 1.3#6.6#34.0#44.0#VAR 1627 0 0.811584 0.188416 
 ----> 1.3#6.6#34.0#44.0#VAR 1628 0 0.814168 0.185832 
 ----> 1.3#6.6#34.0#44.0#VAR 1629 0 0.807939 0.192061 
 ----> 1.3#6.6#34.0#44.0#VAR 1630 0 0.81996 0.18004 
 ----> 1.3#6.6#34.0#44.0#VAR 1631 0 0.81467 0.18533 
 ----> 1.3#6.6#34.0#44.0#VAR 1632 0 0.815158 0.184842 
 ----> 1.3#6.6#34.0#44.0#VAR 1633 1 0.812694 0.187306 
 ----> 1.3#6.6#34.0#44.0#VAR 1634 0 0.813787 0.186213 
 ----> 1.3#6.6#34.0#44.0#VAR 1635 0 0.817138 0.182862 
 ----> 1.3#6.6#34.0#44.0#VAR 1636 0 0.81609 0.18391 
 ----> 1.3#6.6#34.0#44.0#VAR 1637 1 0.811156 0.188844 
 ----> 1.3#6.6#34.0#44.0#VAR 1638 1 0.811851 0.188149 
 ----> 1.3#6.6#34.0#44.0#VAR 1639 1 0.812281 0.187719 
 ----> 1.3#6.6#34.0#44.0#VAR 1640 0 0.811402 0.188598 
 ----> 1.3#6.6#34.0#44.0#VAR 1641 0 0.805972 0.194028 
 ----> 1.3#6.6#34.0#44.0#VAR 1642 0 0.817289 0.182711 
 ----> 1.3#6.6#34.0#44.0#VAR 1643 0 0.809921 0.190079 
 ----> 1.3#6.6#34.0#44.0#VAR 1644 1 0.82597 0.17403 
 ----> 1.3#6.6#34.0#44.0#VAR 1645 0 0.809115 0.190885 
 ----> 1.3#6.6#34.0#44.0#VAR 1646 0 0.814869 0.185131 
 ----> 1.3#6.6#34.0#44.0#VAR 1647 1 0.825843 0.174157 
 ----> 1.3#6.6#34.0#44.0#VAR 1648 0 0.811404 0.188596 
 ----> 1.3#6.6#34.0#44.0#VAR 1649 0 0.825332 0.174668 
 ----> 1.3#6.6#34.0#44.0#VAR 1650 0 0.801629 0.198371 
 ----> 1.3#6.6#34.0#44.0#VAR 1651 0 0.821538 0.178462 
 ----> 1.3#6.6#34.0#44.0#VAR 1652 1 0.812315 0.187685 
 ----> 1.3#6.6#34.0#44.0#VAR 1653 0 0.824989 0.175011 
 ----> 1.3#6.6#34.0#44.0#VAR 1654 0 0.829411 0.170589 
 ----> 1.3#6.6#34.0#44.0#VAR 1655 1 0.807072 0.192928 
 ----> 1.3#6.6#34.0#44.0#VAR 1656 0 0.801841 0.198159 
 ----> 1.3#6.6#34.0#44.0#VAR 1657 0 0.824329 0.175671 
 ----> 1.3#6.6#34.0#44.0#VAR 1658 1 0.825178 0.174822 
 ----> 1.3#6.6#34.0#44.0#VAR 1659 0 0.823787 0.176213 
 ----> 1.3#6.6#34.0#44.0#VAR 1660 0 0.806427 0.193573 
 ----> 1.3#6.6#34.0#44.0#VAR 1661 0 0.819866 0.180134 
 ----> 1.3#6.6#34.0#44.0#VAR 1662 0 0.818772 0.181228 
 ----> 1.3#6.6#34.0#44.0#VAR 1663 0 0.812713 0.187287 
 ----> 1.3#6.6#34.0#44.0#VAR 1664 0 0.812527 0.187473 
 ----> 1.3#6.6#34.0#44.0#VAR 1665 0 0.821031 0.178969 
 ----> 1.3#6.6#34.0#44.0#VAR 1666 0 0.816278 0.183722 
 ----> 1.3#6.6#34.0#44.0#VAR 1667 0 0.816936 0.183064 
 ----> 1.3#6.6#34.0#44.0#VAR 1668 1 0.818758 0.181242 
 ----> 1.3#6.6#34.0#44.0#VAR 1669 0 0.828174 0.171826 
 ----> 1.3#6.6#34.0#44.0#VAR 1670 1 0.826464 0.173536 
 ----> 1.3#6.6#34.0#44.0#VAR 1671 1 0.821648 0.178352 
 ----> 1.3#6.6#34.0#44.0#VAR 1672 0 0.820392 0.179608 
 ----> 1.3#6.6#34.0#44.0#VAR 1673 0 0.814766 0.185234 
 ----> 1.3#6.6#34.0#44.0#VAR 1674 0 0.821384 0.178616 
 ----> 1.3#6.6#34.0#44.0#VAR 1675 1 0.824999 0.175001 
 ----> 1.3#6.6#34.0#44.0#VAR 1676 0 0.811144 0.188856 
 ----> 1.3#6.6#34.0#44.0#VAR 1677 0 0.815726 0.184274 
 ----> 1.3#6.6#34.0#44.0#VAR 1678 0 0.817913 0.182087 
 ----> 1.3#6.6#34.0#44.0#VAR 1679 0 0.805789 0.194211 
 ----> 1.3#6.6#34.0#44.0#VAR 1680 1 0.825038 0.174962 
 ----> 1.3#6.6#34.0#44.0#VAR 1681 0 0.815863 0.184137 
 ----> 1.3#6.6#34.0#44.0#VAR 1682 0 0.82107 0.17893 
 ----> 1.3#6.6#34.0#44.0#VAR 1683 0 0.813469 0.186531 
 ----> 1.3#6.6#34.0#44.0#VAR 1684 0 0.822752 0.177248 
 ----> 1.3#6.6#34.0#44.0#VAR 1685 1 0.821473 0.178527 
 ----> 1.3#6.6#34.0#44.0#VAR 1686 0 0.824185 0.175815 
 ----> 1.3#6.6#34.0#44.0#VAR 1687 1 0.808363 0.191637 
 ----> 1.3#6.6#34.0#44.0#VAR 1688 0 0.813678 0.186322 
 ----> 1.3#6.6#34.0#44.0#VAR 1689 0 0.823823 0.176177 
 ----> 1.3#6.6#34.0#44.0#VAR 1690 0 0.819213 0.180787 
 ----> 1.3#6.6#34.0#44.0#VAR 1691 1 0.820776 0.179224 
 ----> 1.3#6.6#34.0#44.0#VAR 1692 0 0.817109 0.182891 
 ----> 1.3#6.6#34.0#44.0#VAR 1693 0 0.811032 0.188968 
 ----> 1.3#6.6#34.0#44.0#VAR 1694 1 0.809567 0.190433 
 ----> 1.3#6.6#34.0#44.0#VAR 1695 0 0.811302 0.188698 
 ----> 1.3#6.6#34.0#44.0#VAR 1696 1 0.805317 0.194683 
 ----> 1.3#6.6#34.0#44.0#VAR 1697 0 0.795174 0.204826 
 ----> 1.3#6.6#34.0#44.0#VAR 1698 0 0.810824 0.189176 
 ----> 1.3#6.6#34.0#44.0#VAR 1699 1 0.812146 0.187854 
 ----> 1.3#6.6#34.0#44.0#VAR 1700 0 0.808331 0.191669 
 ----> 1.3#6.6#34.0#44.0#VAR 1701 0 0.799753 0.200247 
 ----> 1.3#6.6#34.0#44.0#VAR 1702 1 0.813148 0.186852 
 ----> 1.3#6.6#34.0#44.0#VAR 1703 0 0.817795 0.182205 
 ----> 1.3#6.6#34.0#44.0#VAR 1704 0 0.822598 0.177402 
 ----> 1.3#6.6#34.0#44.0#VAR 1705 0 0.821431 0.178569 
 ----> 1.3#6.6#34.0#44.0#VAR 1706 0 0.809283 0.190717 
 ----> 1.3#6.6#34.0#44.0#VAR 1707 0 0.814048 0.185952 
 ----> 1.3#6.6#34.0#44.0#VAR 1708 0 0.810282 0.189718 
 ----> 1.3#6.6#34.0#44.0#VAR 1709 1 0.813878 0.186122 
 ----> 1.3#6.6#34.0#44.0#VAR 1710 0 0.823768 0.176232 
 ----> 1.3#6.6#34.0#44.0#VAR 1711 0 0.824625 0.175375 
 ----> 1.3#6.6#34.0#44.0#VAR 1712 0 0.82065 0.17935 
 ----> 1.3#6.6#34.0#44.0#VAR 1713 0 0.818529 0.181471 
 ----> 1.3#6.6#34.0#44.0#VAR 1714 1 0.815489 0.184511 
 ----> 1.3#6.6#34.0#44.0#VAR 1715 0 0.815236 0.184764 
 ----> 1.3#6.6#34.0#44.0#VAR 1716 0 0.814518 0.185482 
 ----> 1.3#6.6#34.0#44.0#VAR 1717 0 0.805323 0.194677 
 ----> 1.3#6.6#34.0#44.0#VAR 1718 0 0.821075 0.178925 
 ----> 1.3#6.6#34.0#44.0#VAR 1719 0 0.791907 0.208093 
 ----> 1.3#6.6#34.0#44.0#VAR 1720 1 0.815366 0.184634 
 ----> 1.3#6.6#34.0#44.0#VAR 1721 1 0.808511 0.191489 
 ----> 1.3#6.6#34.0#44.0#VAR 1722 0 0.811668 0.188332 
 ----> 1.3#6.6#34.0#44.0#VAR 1723 0 0.808597 0.191403 
 ----> 1.3#6.6#34.0#44.0#VAR 1724 0 0.799447 0.200553 
 ----> 1.3#6.6#34.0#44.0#VAR 1725 0 0.806751 0.193249 
 ----> 1.3#6.6#34.0#44.0#VAR 1726 0 0.817162 0.182838 
 ----> 1.3#6.6#34.0#44.0#VAR 1727 0 0.806731 0.193269 
 ----> 1.3#6.6#34.0#44.0#VAR 1728 0 0.811421 0.188579 
 ----> 1.3#6.6#34.0#44.0#VAR 1729 0 0.810452 0.189548 
 ----> 1.3#6.6#34.0#44.0#VAR 1730 0 0.809328 0.190672 
 ----> 1.3#6.6#34.0#44.0#VAR 1731 0 0.797292 0.202708 
 ----> 1.3#6.6#34.0#44.0#VAR 1732 0 0.813203 0.186797 
 ----> 1.3#6.6#34.0#44.0#VAR 1733 0 0.808077 0.191923 
 ----> 1.3#6.6#34.0#44.0#VAR 1734 0 0.804799 0.195201 
 ----> 1.3#6.6#34.0#44.0#VAR 1735 0 0.800107 0.199893 
 ----> 1.3#6.6#34.0#44.0#VAR 1736 1 0.808143 0.191857 
 ----> 1.3#6.6#34.0#44.0#VAR 1737 0 0.804971 0.195029 
 ----> 1.3#6.6#34.0#44.0#VAR 1738 0 0.805742 0.194258 
 ----> 1.3#6.6#34.0#44.0#VAR 1739 0 0.79691 0.20309 
 ----> 1.3#6.6#34.0#44.0#VAR 1740 1 0.822751 0.177249 
 ----> 1.3#6.6#34.0#44.0#VAR 1741 1 0.813314 0.186686 
 ----> 1.3#6.6#34.0#44.0#VAR 1742 0 0.814628 0.185372 
 ----> 1.3#6.6#34.0#44.0#VAR 1743 0 0.80732 0.19268 
 ----> 1.3#6.6#34.0#44.0#VAR 1744 0 0.825679 0.174321 
 ----> 1.3#6.6#34.0#44.0#VAR 1745 0 0.811465 0.188535 
 ----> 1.3#6.6#34.0#44.0#VAR 1746 0 0.813559 0.186441 
 ----> 1.3#6.6#34.0#44.0#VAR 1747 0 0.807455 0.192545 
 ----> 1.3#6.6#34.0#44.0#VAR 1748 1 0.815665 0.184335 
 ----> 1.3#6.6#34.0#44.0#VAR 1749 0 0.810129 0.189871 
 ----> 1.3#6.6#34.0#44.0#VAR 1750 0 0.808179 0.191821 
 ----> 1.3#6.6#34.0#44.0#VAR 1751 1 0.798102 0.201898 
 ----> 1.3#6.6#34.0#44.0#VAR 1752 1 0.812777 0.187223 
 ----> 1.3#6.6#34.0#44.0#VAR 1753 0 0.819918 0.180082 
 ----> 1.3#6.6#34.0#44.0#VAR 1754 0 0.818571 0.181429 
 ----> 1.3#6.6#34.0#44.0#VAR 1755 0 0.821712 0.178288 
 ----> 1.3#6.6#34.0#44.0#VAR 1756 1 0.811974 0.188026 
 ----> 1.3#6.6#34.0#44.0#VAR 1757 0 0.819063 0.180937 
 ----> 1.3#6.6#34.0#44.0#VAR 1758 0 0.796114 0.203886 
 ----> 1.3#6.6#34.0#44.0#VAR 1759 0 0.807102 0.192898 
 ----> 1.3#6.6#34.0#44.0#VAR 1760 1 0.806388 0.193612 
 ----> 1.3#6.6#34.0#44.0#VAR 1761 0 0.817588 0.182412 
 ----> 1.3#6.6#34.0#44.0#VAR 1762 0 0.81018 0.18982 
 ----> 1.3#6.6#34.0#44.0#VAR 1763 1 0.81563 0.18437 
 ----> 1.3#6.6#34.0#44.0#VAR 1764 0 0.821253 0.178747 
 ----> 1.3#6.6#34.0#44.0#VAR 1765 1 0.825044 0.174956 
 ----> 1.3#6.6#34.0#44.0#VAR 1766 0 0.818902 0.181098 
 ----> 1.3#6.6#34.0#44.0#VAR 1767 0 0.815842 0.184158 
 ----> 1.3#6.6#34.0#44.0#VAR 1768 1 0.815225 0.184775 
 ----> 1.3#6.6#34.0#44.0#VAR 1769 0 0.807324 0.192676 
 ----> 1.3#6.6#34.0#44.0#VAR 1770 0 0.809926 0.190074 
 ----> 1.3#6.6#34.0#44.0#VAR 1771 0 0.8083 0.1917 
 ----> 1.3#6.6#34.0#44.0#VAR 1772 0 0.804941 0.195059 
 ----> 1.3#6.6#34.0#44.0#VAR 1773 0 0.817889 0.182111 
 ----> 1.3#6.6#34.0#44.0#VAR 1774 0 0.817468 0.182532 
 ----> 1.3#6.6#34.0#44.0#VAR 1775 0 0.797035 0.202965 
 ----> 1.3#6.6#34.0#44.0#VAR 1776 0 0.817743 0.182257 
 ----> 1.3#6.6#34.0#44.0#VAR 1777 0 0.814727 0.185273 
 ----> 1.3#6.6#34.0#44.0#VAR 1778 0 0.809723 0.190277 
 ----> 1.3#6.6#34.0#44.0#VAR 1779 0 0.823757 0.176243 
 ----> 1.3#6.6#34.0#44.0#VAR 1780 0 0.799546 0.200454 
 ----> 1.3#6.6#34.0#44.0#VAR 1781 0 0.814069 0.185931 
 ----> 1.3#6.6#34.0#44.0#VAR 1782 0 0.814042 0.185958 
 ----> 1.3#6.6#34.0#44.0#VAR 1783 0 0.83029 0.16971 
 ----> 1.3#6.6#34.0#44.0#VAR 1784 0 0.777633 0.222367 
 ----> 1.3#6.6#34.0#44.0#VAR 1785 0 0.791251 0.208749 
 ----> 1.3#6.6#34.0#44.0#VAR 1786 0 0.790105 0.209895 
 ----> 1.3#6.6#34.0#44.0#VAR 1787 0 0.801437 0.198563 
 ----> 1.3#6.6#34.0#44.0#VAR 1788 1 0.79972 0.20028 
 ----> 1.3#6.6#34.0#44.0#VAR 1789 0 0.824013 0.175987 
 ----> 1.3#6.6#34.0#44.0#VAR 1790 0 0.816516 0.183484 
 ----> 1.3#6.6#34.0#44.0#VAR 1791 0 0.807179 0.192821 
 ----> 1.3#6.6#34.0#44.0#VAR 1792 0 0.813343 0.186657 
 ----> 1.3#6.6#34.0#44.0#VAR 1793 0 0.806191 0.193809 
 ----> 1.3#6.6#34.0#44.0#VAR 1794 0 0.819565 0.180435 
 ----> 1.3#6.6#34.0#44.0#VAR 1795 1 0.80521 0.19479 
 ----> 1.3#6.6#34.0#44.0#VAR 1796 0 0.81378 0.18622 
 ----> 1.3#6.6#34.0#44.0#VAR 1797 1 0.799487 0.200513 
 ----> 1.3#6.6#34.0#44.0#VAR 1798 1 0.815053 0.184947 
 ----> 1.3#6.6#34.0#44.0#VAR 1799 1 0.799667 0.200333 
 ----> 1.3#6.6#34.0#44.0#VAR 1800 0 0.812779 0.187221 
 ----> 1.3#6.6#34.0#44.0#VAR 1801 0 0.803226 0.196774 
 ----> 1.3#6.6#34.0#44.0#VAR 1802 0 0.793359 0.206641 
 ----> 1.3#6.6#34.0#44.0#VAR 1803 0 0.811353 0.188647 
 ----> 1.3#6.6#34.0#44.0#VAR 1804 1 0.812676 0.187324 
 ----> 1.3#6.6#34.0#44.0#VAR 1805 0 0.777643 0.222357 
 ----> 1.3#6.6#34.0#44.0#VAR 1806 0 0.814901 0.185099 
 ----> 1.3#6.6#34.0#44.0#VAR 1807 1 0.820741 0.179259 
 ----> 1.3#6.6#34.0#44.0#VAR 1808 1 0.807246 0.192754 
 ----> 1.3#6.6#34.0#44.0#VAR 1809 0 0.804447 0.195553 
 ----> 1.3#6.6#34.0#44.0#VAR 1810 0 0.818827 0.181173 
 ----> 1.3#6.6#34.0#44.0#VAR 1811 0 0.814295 0.185705 
 ----> 1.3#6.6#34.0#44.0#VAR 1812 0 0.826317 0.173683 
 ----> 1.3#6.6#34.0#44.0#VAR 1813 0 0.801916 0.198084 
 ----> 1.3#6.6#34.0#44.0#VAR 1814 1 0.813987 0.186013 
 ----> 1.3#6.6#34.0#44.0#VAR 1815 0 0.818519 0.181481 
 ----> 1.3#6.6#34.0#44.0#VAR 1816 0 0.809514 0.190486 
 ----> 1.3#6.6#34.0#44.0#VAR 1817 0 0.817438 0.182562 
 ----> 1.3#6.6#34.0#44.0#VAR 1818 0 0.801524 0.198476 
 ----> 1.3#6.6#34.0#44.0#VAR 1819 1 0.804115 0.195885 
 ----> 1.3#6.6#34.0#44.0#VAR 1820 0 0.812195 0.187805 
 ----> 1.3#6.6#34.0#44.0#VAR 1821 1 0.81059 0.18941 
 ----> 1.3#6.6#34.0#44.0#VAR 1822 0 0.810612 0.189388 
 ----> 1.3#6.6#34.0#44.0#VAR 1823 0 0.812368 0.187632 
 ----> 1.3#6.6#34.0#44.0#VAR 1824 0 0.809255 0.190745 
 ----> 1.3#6.6#34.0#44.0#VAR 1825 0 0.815109 0.184891 
 ----> 1.3#6.6#34.0#44.0#VAR 1826 1 0.813574 0.186426 
 ++++> 1.3#6.6#34.0#44.0#VAR 1827  0 0.812416 0.187584 
