 ----> 1.3#6.6#44.0#54.0#VAR 7 1 0.5433 0.4567 
 ----> 1.3#6.6#44.0#54.0#VAR 8 0 0.522695 0.477305 
 ----> 1.3#6.6#44.0#54.0#VAR 9 0 0.553569 0.446431 
 ----> 1.3#6.6#44.0#54.0#VAR 10 1 0.600097 0.399903 
 ----> 1.3#6.6#44.0#54.0#VAR 11 0 0.609702 0.390298 
 ----> 1.3#6.6#44.0#54.0#VAR 12 1 0.600278 0.399722 
 ----> 1.3#6.6#44.0#54.0#VAR 13 0 0.58981 0.41019 
 ----> 1.3#6.6#44.0#54.0#VAR 14 0 0.576798 0.423202 
 ----> 1.3#6.6#44.0#54.0#VAR 15 0 0.58482 0.41518 
 ----> 1.3#6.6#44.0#54.0#VAR 16 0 0.611131 0.388869 
 ----> 1.3#6.6#44.0#54.0#VAR 17 1 0.584495 0.415505 
 ----> 1.3#6.6#44.0#54.0#VAR 18 1 0.566072 0.433928 
 ----> 1.3#6.6#44.0#54.0#VAR 19 1 0.555295 0.444705 
 ----> 1.3#6.6#44.0#54.0#VAR 20 1 0.55217 0.44783 
 ----> 1.3#6.6#44.0#54.0#VAR 21 0 0.5583 0.4417 
 ----> 1.3#6.6#44.0#54.0#VAR 22 0 0.578754 0.421246 
 ----> 1.3#6.6#44.0#54.0#VAR 23 0 0.57161 0.42839 
 ----> 1.3#6.6#44.0#54.0#VAR 24 1 0.588383 0.411617 
 ----> 1.3#6.6#44.0#54.0#VAR 25 0 0.600772 0.399228 
 ----> 1.3#6.6#44.0#54.0#VAR 26 0 0.578393 0.421607 
 ----> 1.3#6.6#44.0#54.0#VAR 27 0 0.601878 0.398122 
 ----> 1.3#6.6#44.0#54.0#VAR 28 1 0.600191 0.399809 
 ----> 1.3#6.6#44.0#54.0#VAR 29 1 0.592385 0.407615 
 ----> 1.3#6.6#44.0#54.0#VAR 30 0 0.592612 0.407388 
 ----> 1.3#6.6#44.0#54.0#VAR 31 1 0.610292 0.389708 
 ----> 1.3#6.6#44.0#54.0#VAR 32 1 0.580568 0.419432 
 ----> 1.3#6.6#44.0#54.0#VAR 33 0 0.595783 0.404217 
 ----> 1.3#6.6#44.0#54.0#VAR 34 0 0.58624 0.41376 
 ----> 1.3#6.6#44.0#54.0#VAR 35 1 0.585465 0.414535 
 ----> 1.3#6.6#44.0#54.0#VAR 36 0 0.582669 0.417331 
 ----> 1.3#6.6#44.0#54.0#VAR 37 0 0.594042 0.405958 
 ----> 1.3#6.6#44.0#54.0#VAR 38 0 0.588576 0.411424 
 ----> 1.3#6.6#44.0#54.0#VAR 39 1 0.571163 0.428837 
 ----> 1.3#6.6#44.0#54.0#VAR 40 0 0.583162 0.416838 
 ----> 1.3#6.6#44.0#54.0#VAR 41 0 0.576407 0.423593 
 ----> 1.3#6.6#44.0#54.0#VAR 42 0 0.587336 0.412664 
 ----> 1.3#6.6#44.0#54.0#VAR 43 1 0.586857 0.413143 
 ----> 1.3#6.6#44.0#54.0#VAR 44 1 0.586143 0.413857 
 ----> 1.3#6.6#44.0#54.0#VAR 45 0 0.601365 0.398635 
 ----> 1.3#6.6#44.0#54.0#VAR 46 0 0.565478 0.434522 
 ----> 1.3#6.6#44.0#54.0#VAR 47 1 0.584315 0.415685 
 ----> 1.3#6.6#44.0#54.0#VAR 48 1 0.56196 0.43804 
 ----> 1.3#6.6#44.0#54.0#VAR 49 1 0.568398 0.431602 
 ----> 1.3#6.6#44.0#54.0#VAR 50 1 0.612211 0.387789 
 ----> 1.3#6.6#44.0#54.0#VAR 51 0 0.60784 0.39216 
 ----> 1.3#6.6#44.0#54.0#VAR 52 1 0.575943 0.424057 
 ----> 1.3#6.6#44.0#54.0#VAR 53 0 0.602876 0.397124 
 ----> 1.3#6.6#44.0#54.0#VAR 54 1 0.576332 0.423668 
 ----> 1.3#6.6#44.0#54.0#VAR 55 0 0.582247 0.417753 
 ----> 1.3#6.6#44.0#54.0#VAR 56 0 0.563528 0.436472 
 ----> 1.3#6.6#44.0#54.0#VAR 57 0 0.580645 0.419355 
 ----> 1.3#6.6#44.0#54.0#VAR 58 1 0.570034 0.429966 
 ----> 1.3#6.6#44.0#54.0#VAR 59 1 0.58748 0.41252 
 ----> 1.3#6.6#44.0#54.0#VAR 60 0 0.581979 0.418021 
 ----> 1.3#6.6#44.0#54.0#VAR 61 0 0.589476 0.410524 
 ----> 1.3#6.6#44.0#54.0#VAR 62 0 0.608257 0.391743 
 ----> 1.3#6.6#44.0#54.0#VAR 63 1 0.606598 0.393402 
 ----> 1.3#6.6#44.0#54.0#VAR 64 0 0.594293 0.405707 
 ----> 1.3#6.6#44.0#54.0#VAR 65 1 0.59166 0.40834 
 ----> 1.3#6.6#44.0#54.0#VAR 66 0 0.58062 0.41938 
 ----> 1.3#6.6#44.0#54.0#VAR 67 0 0.595504 0.404496 
 ----> 1.3#6.6#44.0#54.0#VAR 68 1 0.623608 0.376392 
 ----> 1.3#6.6#44.0#54.0#VAR 69 0 0.628529 0.371471 
 ----> 1.3#6.6#44.0#54.0#VAR 70 0 0.607523 0.392477 
 ----> 1.3#6.6#44.0#54.0#VAR 71 0 0.591836 0.408164 
 ----> 1.3#6.6#44.0#54.0#VAR 72 0 0.612469 0.387531 
 ----> 1.3#6.6#44.0#54.0#VAR 73 1 0.593099 0.406901 
 ----> 1.3#6.6#44.0#54.0#VAR 74 1 0.607281 0.392719 
 ----> 1.3#6.6#44.0#54.0#VAR 75 1 0.582004 0.417996 
 ----> 1.3#6.6#44.0#54.0#VAR 76 1 0.580493 0.419507 
 ----> 1.3#6.6#44.0#54.0#VAR 77 1 0.6228 0.3772 
 ----> 1.3#6.6#44.0#54.0#VAR 78 1 0.580761 0.419239 
 ----> 1.3#6.6#44.0#54.0#VAR 79 1 0.591266 0.408734 
 ----> 1.3#6.6#44.0#54.0#VAR 80 0 0.628108 0.371892 
 ----> 1.3#6.6#44.0#54.0#VAR 81 1 0.614001 0.385999 
 ----> 1.3#6.6#44.0#54.0#VAR 82 0 0.641706 0.358294 
 ----> 1.3#6.6#44.0#54.0#VAR 83 1 0.568264 0.431736 
 ----> 1.3#6.6#44.0#54.0#VAR 84 0 0.644491 0.355509 
 ----> 1.3#6.6#44.0#54.0#VAR 85 1 0.606542 0.393458 
 ----> 1.3#6.6#44.0#54.0#VAR 86 1 0.609931 0.390069 
 ----> 1.3#6.6#44.0#54.0#VAR 87 1 0.589927 0.410073 
 ----> 1.3#6.6#44.0#54.0#VAR 88 1 0.610734 0.389266 
 ----> 1.3#6.6#44.0#54.0#VAR 89 0 0.610725 0.389275 
 ----> 1.3#6.6#44.0#54.0#VAR 90 0 0.620251 0.379749 
 ----> 1.3#6.6#44.0#54.0#VAR 91 0 0.605161 0.394839 
 ----> 1.3#6.6#44.0#54.0#VAR 92 1 0.560238 0.439762 
 ----> 1.3#6.6#44.0#54.0#VAR 93 1 0.620008 0.379992 
 ----> 1.3#6.6#44.0#54.0#VAR 94 0 0.619797 0.380203 
 ----> 1.3#6.6#44.0#54.0#VAR 95 1 0.588245 0.411755 
 ----> 1.3#6.6#44.0#54.0#VAR 96 1 0.588037 0.411963 
 ----> 1.3#6.6#44.0#54.0#VAR 97 0 0.63429 0.36571 
 ----> 1.3#6.6#44.0#54.0#VAR 98 0 0.665919 0.334081 
 ----> 1.3#6.6#44.0#54.0#VAR 99 0 0.639372 0.360628 
 ----> 1.3#6.6#44.0#54.0#VAR 100 0 0.625133 0.374867 
 ----> 1.3#6.6#44.0#54.0#VAR 101 0 0.598759 0.401241 
 ----> 1.3#6.6#44.0#54.0#VAR 102 0 0.632925 0.367075 
 ----> 1.3#6.6#44.0#54.0#VAR 103 0 0.621045 0.378955 
 ----> 1.3#6.6#44.0#54.0#VAR 104 0 0.634285 0.365715 
 ----> 1.3#6.6#44.0#54.0#VAR 105 0 0.637446 0.362554 
 ----> 1.3#6.6#44.0#54.0#VAR 106 0 0.636562 0.363438 
 ----> 1.3#6.6#44.0#54.0#VAR 107 0 0.626231 0.373769 
 ----> 1.3#6.6#44.0#54.0#VAR 108 0 0.600614 0.399386 
 ----> 1.3#6.6#44.0#54.0#VAR 109 1 0.606488 0.393512 
 ----> 1.3#6.6#44.0#54.0#VAR 110 1 0.602552 0.397448 
 ----> 1.3#6.6#44.0#54.0#VAR 111 0 0.623436 0.376564 
 ----> 1.3#6.6#44.0#54.0#VAR 112 1 0.587959 0.412041 
 ----> 1.3#6.6#44.0#54.0#VAR 113 1 0.603974 0.396026 
 ----> 1.3#6.6#44.0#54.0#VAR 114 0 0.626787 0.373213 
 ----> 1.3#6.6#44.0#54.0#VAR 115 1 0.562543 0.437457 
 ----> 1.3#6.6#44.0#54.0#VAR 116 0 0.639857 0.360143 
 ----> 1.3#6.6#44.0#54.0#VAR 117 1 0.591276 0.408724 
 ----> 1.3#6.6#44.0#54.0#VAR 118 1 0.589892 0.410108 
 ----> 1.3#6.6#44.0#54.0#VAR 119 1 0.58857 0.41143 
 ----> 1.3#6.6#44.0#54.0#VAR 120 1 0.594414 0.405586 
 ----> 1.3#6.6#44.0#54.0#VAR 121 0 0.611119 0.388881 
 ----> 1.3#6.6#44.0#54.0#VAR 122 1 0.60145 0.39855 
 ----> 1.3#6.6#44.0#54.0#VAR 123 0 0.612397 0.387603 
 ----> 1.3#6.6#44.0#54.0#VAR 124 0 0.638373 0.361627 
 ----> 1.3#6.6#44.0#54.0#VAR 125 1 0.597424 0.402576 
 ----> 1.3#6.6#44.0#54.0#VAR 126 1 0.563719 0.436281 
 ----> 1.3#6.6#44.0#54.0#VAR 127 0 0.594017 0.405983 
 ----> 1.3#6.6#44.0#54.0#VAR 128 1 0.59538 0.40462 
 ----> 1.3#6.6#44.0#54.0#VAR 129 1 0.620113 0.379887 
 ----> 1.3#6.6#44.0#54.0#VAR 130 1 0.551853 0.448147 
 ----> 1.3#6.6#44.0#54.0#VAR 131 1 0.568205 0.431795 
 ----> 1.3#6.6#44.0#54.0#VAR 132 1 0.575338 0.424662 
 ----> 1.3#6.6#44.0#54.0#VAR 133 1 0.58993 0.41007 
 ----> 1.3#6.6#44.0#54.0#VAR 134 0 0.596926 0.403074 
 ----> 1.3#6.6#44.0#54.0#VAR 135 1 0.602124 0.397876 
 ----> 1.3#6.6#44.0#54.0#VAR 136 0 0.602215 0.397785 
 ----> 1.3#6.6#44.0#54.0#VAR 137 0 0.59523 0.40477 
 ----> 1.3#6.6#44.0#54.0#VAR 138 0 0.614097 0.385903 
 ----> 1.3#6.6#44.0#54.0#VAR 139 0 0.61649 0.38351 
 ----> 1.3#6.6#44.0#54.0#VAR 140 1 0.588516 0.411484 
 ----> 1.3#6.6#44.0#54.0#VAR 141 1 0.576985 0.423015 
 ----> 1.3#6.6#44.0#54.0#VAR 142 0 0.625277 0.374723 
 ----> 1.3#6.6#44.0#54.0#VAR 143 0 0.621431 0.378569 
 ----> 1.3#6.6#44.0#54.0#VAR 144 1 0.566396 0.433604 
 ----> 1.3#6.6#44.0#54.0#VAR 145 0 0.602639 0.397361 
 ----> 1.3#6.6#44.0#54.0#VAR 146 0 0.626536 0.373464 
 ----> 1.3#6.6#44.0#54.0#VAR 147 0 0.594517 0.405483 
 ----> 1.3#6.6#44.0#54.0#VAR 148 1 0.626758 0.373242 
 ----> 1.3#6.6#44.0#54.0#VAR 149 0 0.618559 0.381441 
 ----> 1.3#6.6#44.0#54.0#VAR 150 1 0.575608 0.424392 
 ----> 1.3#6.6#44.0#54.0#VAR 151 0 0.623502 0.376498 
 ----> 1.3#6.6#44.0#54.0#VAR 152 1 0.632117 0.367883 
 ----> 1.3#6.6#44.0#54.0#VAR 153 0 0.605272 0.394728 
 ----> 1.3#6.6#44.0#54.0#VAR 154 0 0.606534 0.393466 
 ----> 1.3#6.6#44.0#54.0#VAR 155 0 0.590462 0.409538 
 ----> 1.3#6.6#44.0#54.0#VAR 156 0 0.591173 0.408827 
 ----> 1.3#6.6#44.0#54.0#VAR 157 0 0.618423 0.381577 
 ----> 1.3#6.6#44.0#54.0#VAR 158 1 0.58593 0.41407 
 ----> 1.3#6.6#44.0#54.0#VAR 159 0 0.64107 0.35893 
 ----> 1.3#6.6#44.0#54.0#VAR 160 1 0.593972 0.406028 
 ----> 1.3#6.6#44.0#54.0#VAR 161 0 0.61977 0.38023 
 ----> 1.3#6.6#44.0#54.0#VAR 162 0 0.648361 0.351639 
 ----> 1.3#6.6#44.0#54.0#VAR 163 0 0.623102 0.376898 
 ----> 1.3#6.6#44.0#54.0#VAR 164 1 0.578087 0.421913 
 ----> 1.3#6.6#44.0#54.0#VAR 165 1 0.57481 0.42519 
 ----> 1.3#6.6#44.0#54.0#VAR 166 0 0.63161 0.36839 
 ----> 1.3#6.6#44.0#54.0#VAR 167 0 0.629748 0.370252 
 ----> 1.3#6.6#44.0#54.0#VAR 168 1 0.598985 0.401015 
 ----> 1.3#6.6#44.0#54.0#VAR 169 1 0.560264 0.439736 
 ----> 1.3#6.6#44.0#54.0#VAR 170 0 0.621527 0.378473 
 ----> 1.3#6.6#44.0#54.0#VAR 171 0 0.628592 0.371408 
 ----> 1.3#6.6#44.0#54.0#VAR 172 0 0.619271 0.380729 
 ----> 1.3#6.6#44.0#54.0#VAR 173 1 0.554976 0.445024 
 ----> 1.3#6.6#44.0#54.0#VAR 174 0 0.595605 0.404395 
 ----> 1.3#6.6#44.0#54.0#VAR 175 0 0.576917 0.423083 
 ----> 1.3#6.6#44.0#54.0#VAR 176 0 0.623716 0.376284 
 ----> 1.3#6.6#44.0#54.0#VAR 177 1 0.604286 0.395714 
 ----> 1.3#6.6#44.0#54.0#VAR 178 0 0.612744 0.387256 
 ----> 1.3#6.6#44.0#54.0#VAR 179 0 0.605776 0.394224 
 ----> 1.3#6.6#44.0#54.0#VAR 180 0 0.622625 0.377375 
 ----> 1.3#6.6#44.0#54.0#VAR 181 1 0.613023 0.386977 
 ----> 1.3#6.6#44.0#54.0#VAR 182 1 0.589032 0.410968 
 ----> 1.3#6.6#44.0#54.0#VAR 183 0 0.645327 0.354673 
 ----> 1.3#6.6#44.0#54.0#VAR 184 0 0.62582 0.37418 
 ----> 1.3#6.6#44.0#54.0#VAR 185 0 0.625504 0.374496 
 ----> 1.3#6.6#44.0#54.0#VAR 186 0 0.634981 0.365019 
 ----> 1.3#6.6#44.0#54.0#VAR 187 0 0.603129 0.396871 
 ----> 1.3#6.6#44.0#54.0#VAR 188 1 0.593078 0.406922 
 ----> 1.3#6.6#44.0#54.0#VAR 189 0 0.637092 0.362908 
 ----> 1.3#6.6#44.0#54.0#VAR 190 1 0.586796 0.413204 
 ----> 1.3#6.6#44.0#54.0#VAR 191 0 0.614446 0.385554 
 ----> 1.3#6.6#44.0#54.0#VAR 192 0 0.629901 0.370099 
 ----> 1.3#6.6#44.0#54.0#VAR 193 0 0.606533 0.393467 
 ----> 1.3#6.6#44.0#54.0#VAR 194 0 0.591931 0.408069 
 ----> 1.3#6.6#44.0#54.0#VAR 195 0 0.599695 0.400305 
 ----> 1.3#6.6#44.0#54.0#VAR 196 1 0.597844 0.402156 
 ----> 1.3#6.6#44.0#54.0#VAR 197 0 0.618162 0.381838 
 ----> 1.3#6.6#44.0#54.0#VAR 198 1 0.590574 0.409426 
 ----> 1.3#6.6#44.0#54.0#VAR 199 0 0.614629 0.385371 
 ----> 1.3#6.6#44.0#54.0#VAR 200 0 0.592978 0.407022 
 ----> 1.3#6.6#44.0#54.0#VAR 201 0 0.611716 0.388284 
 ----> 1.3#6.6#44.0#54.0#VAR 202 0 0.603039 0.396961 
 ----> 1.3#6.6#44.0#54.0#VAR 203 0 0.638335 0.361665 
 ----> 1.3#6.6#44.0#54.0#VAR 204 0 0.627232 0.372768 
 ----> 1.3#6.6#44.0#54.0#VAR 205 1 0.595445 0.404555 
 ----> 1.3#6.6#44.0#54.0#VAR 206 0 0.641567 0.358433 
 ----> 1.3#6.6#44.0#54.0#VAR 207 0 0.651627 0.348373 
 ----> 1.3#6.6#44.0#54.0#VAR 208 0 0.607571 0.392429 
 ----> 1.3#6.6#44.0#54.0#VAR 209 1 0.590132 0.409868 
 ----> 1.3#6.6#44.0#54.0#VAR 210 1 0.611661 0.388339 
 ----> 1.3#6.6#44.0#54.0#VAR 211 0 0.60973 0.39027 
 ----> 1.3#6.6#44.0#54.0#VAR 212 0 0.638531 0.361469 
 ----> 1.3#6.6#44.0#54.0#VAR 213 1 0.595006 0.404994 
 ----> 1.3#6.6#44.0#54.0#VAR 214 1 0.59213 0.40787 
 ----> 1.3#6.6#44.0#54.0#VAR 215 1 0.591076 0.408924 
 ----> 1.3#6.6#44.0#54.0#VAR 216 0 0.629828 0.370172 
 ----> 1.3#6.6#44.0#54.0#VAR 217 1 0.593124 0.406876 
 ----> 1.3#6.6#44.0#54.0#VAR 218 1 0.585957 0.414043 
 ----> 1.3#6.6#44.0#54.0#VAR 219 0 0.637388 0.362612 
 ----> 1.3#6.6#44.0#54.0#VAR 220 0 0.629832 0.370168 
 ----> 1.3#6.6#44.0#54.0#VAR 221 0 0.623795 0.376205 
 ----> 1.3#6.6#44.0#54.0#VAR 222 1 0.602789 0.397211 
 ----> 1.3#6.6#44.0#54.0#VAR 223 1 0.577679 0.422321 
 ----> 1.3#6.6#44.0#54.0#VAR 224 0 0.604005 0.395995 
 ----> 1.3#6.6#44.0#54.0#VAR 225 1 0.596683 0.403317 
 ----> 1.3#6.6#44.0#54.0#VAR 226 0 0.624722 0.375278 
 ----> 1.3#6.6#44.0#54.0#VAR 227 0 0.623821 0.376179 
 ----> 1.3#6.6#44.0#54.0#VAR 228 0 0.611359 0.388641 
 ----> 1.3#6.6#44.0#54.0#VAR 229 0 0.610859 0.389141 
 ----> 1.3#6.6#44.0#54.0#VAR 230 1 0.590032 0.409968 
 ----> 1.3#6.6#44.0#54.0#VAR 231 0 0.623215 0.376785 
 ----> 1.3#6.6#44.0#54.0#VAR 232 1 0.586619 0.413381 
 ----> 1.3#6.6#44.0#54.0#VAR 233 0 0.609032 0.390968 
 ----> 1.3#6.6#44.0#54.0#VAR 234 0 0.598565 0.401435 
 ----> 1.3#6.6#44.0#54.0#VAR 235 0 0.583573 0.416427 
 ----> 1.3#6.6#44.0#54.0#VAR 236 0 0.637619 0.362381 
 ----> 1.3#6.6#44.0#54.0#VAR 237 0 0.651388 0.348612 
 ----> 1.3#6.6#44.0#54.0#VAR 238 0 0.61461 0.38539 
 ----> 1.3#6.6#44.0#54.0#VAR 239 0 0.601019 0.398981 
 ----> 1.3#6.6#44.0#54.0#VAR 240 1 0.580364 0.419636 
 ----> 1.3#6.6#44.0#54.0#VAR 241 0 0.624793 0.375207 
 ----> 1.3#6.6#44.0#54.0#VAR 242 0 0.613659 0.386341 
 ----> 1.3#6.6#44.0#54.0#VAR 243 1 0.600112 0.399888 
 ----> 1.3#6.6#44.0#54.0#VAR 244 0 0.633605 0.366395 
 ----> 1.3#6.6#44.0#54.0#VAR 245 1 0.562833 0.437167 
 ----> 1.3#6.6#44.0#54.0#VAR 246 1 0.593004 0.406996 
 ----> 1.3#6.6#44.0#54.0#VAR 247 0 0.607436 0.392564 
 ----> 1.3#6.6#44.0#54.0#VAR 248 0 0.606124 0.393876 
 ----> 1.3#6.6#44.0#54.0#VAR 249 1 0.588451 0.411549 
 ----> 1.3#6.6#44.0#54.0#VAR 250 0 0.624123 0.375877 
 ----> 1.3#6.6#44.0#54.0#VAR 251 0 0.626622 0.373378 
 ----> 1.3#6.6#44.0#54.0#VAR 252 0 0.597329 0.402671 
 ----> 1.3#6.6#44.0#54.0#VAR 253 0 0.613926 0.386074 
 ----> 1.3#6.6#44.0#54.0#VAR 254 0 0.606558 0.393442 
 ----> 1.3#6.6#44.0#54.0#VAR 255 1 0.580746 0.419254 
 ----> 1.3#6.6#44.0#54.0#VAR 256 1 0.571164 0.428836 
 ----> 1.3#6.6#44.0#54.0#VAR 257 0 0.617229 0.382771 
 ----> 1.3#6.6#44.0#54.0#VAR 258 0 0.626765 0.373235 
 ----> 1.3#6.6#44.0#54.0#VAR 259 0 0.643592 0.356408 
 ----> 1.3#6.6#44.0#54.0#VAR 260 1 0.585317 0.414683 
 ----> 1.3#6.6#44.0#54.0#VAR 261 0 0.623162 0.376838 
 ----> 1.3#6.6#44.0#54.0#VAR 262 0 0.623777 0.376223 
 ----> 1.3#6.6#44.0#54.0#VAR 263 1 0.595863 0.404137 
 ----> 1.3#6.6#44.0#54.0#VAR 264 1 0.575669 0.424331 
 ----> 1.3#6.6#44.0#54.0#VAR 265 1 0.550932 0.449068 
 ----> 1.3#6.6#44.0#54.0#VAR 266 1 0.55436 0.44564 
 ----> 1.3#6.6#44.0#54.0#VAR 267 0 0.613312 0.386688 
 ----> 1.3#6.6#44.0#54.0#VAR 268 0 0.578411 0.421589 
 ----> 1.3#6.6#44.0#54.0#VAR 269 0 0.62351 0.37649 
 ----> 1.3#6.6#44.0#54.0#VAR 270 1 0.557338 0.442662 
 ----> 1.3#6.6#44.0#54.0#VAR 271 0 0.663023 0.336977 
 ----> 1.3#6.6#44.0#54.0#VAR 272 1 0.600593 0.399407 
 ----> 1.3#6.6#44.0#54.0#VAR 273 0 0.656511 0.343489 
 ----> 1.3#6.6#44.0#54.0#VAR 274 0 0.643001 0.356999 
 ----> 1.3#6.6#44.0#54.0#VAR 275 0 0.615954 0.384046 
 ----> 1.3#6.6#44.0#54.0#VAR 276 0 0.605794 0.394206 
 ----> 1.3#6.6#44.0#54.0#VAR 277 0 0.597768 0.402232 
 ----> 1.3#6.6#44.0#54.0#VAR 278 0 0.616224 0.383776 
 ----> 1.3#6.6#44.0#54.0#VAR 279 0 0.594793 0.405207 
 ----> 1.3#6.6#44.0#54.0#VAR 280 1 0.583025 0.416975 
 ----> 1.3#6.6#44.0#54.0#VAR 281 1 0.598356 0.401644 
 ----> 1.3#6.6#44.0#54.0#VAR 282 0 0.603706 0.396294 
 ----> 1.3#6.6#44.0#54.0#VAR 283 0 0.618321 0.381679 
 ----> 1.3#6.6#44.0#54.0#VAR 284 0 0.642376 0.357624 
 ----> 1.3#6.6#44.0#54.0#VAR 285 0 0.620673 0.379327 
 ----> 1.3#6.6#44.0#54.0#VAR 286 1 0.560314 0.439686 
 ----> 1.3#6.6#44.0#54.0#VAR 287 0 0.622423 0.377577 
 ----> 1.3#6.6#44.0#54.0#VAR 288 0 0.62025 0.37975 
 ----> 1.3#6.6#44.0#54.0#VAR 289 0 0.622167 0.377833 
 ----> 1.3#6.6#44.0#54.0#VAR 290 1 0.599208 0.400792 
 ----> 1.3#6.6#44.0#54.0#VAR 291 0 0.609058 0.390942 
 ----> 1.3#6.6#44.0#54.0#VAR 292 0 0.621094 0.378906 
 ----> 1.3#6.6#44.0#54.0#VAR 293 1 0.615859 0.384141 
 ----> 1.3#6.6#44.0#54.0#VAR 294 0 0.620853 0.379147 
 ----> 1.3#6.6#44.0#54.0#VAR 295 1 0.603574 0.396426 
 ----> 1.3#6.6#44.0#54.0#VAR 296 0 0.632748 0.367252 
 ----> 1.3#6.6#44.0#54.0#VAR 297 0 0.58575 0.41425 
 ----> 1.3#6.6#44.0#54.0#VAR 298 0 0.599925 0.400075 
 ----> 1.3#6.6#44.0#54.0#VAR 299 0 0.583036 0.416964 
 ----> 1.3#6.6#44.0#54.0#VAR 300 0 0.626157 0.373843 
 ----> 1.3#6.6#44.0#54.0#VAR 301 1 0.580139 0.419861 
 ----> 1.3#6.6#44.0#54.0#VAR 302 1 0.588477 0.411523 
 ----> 1.3#6.6#44.0#54.0#VAR 303 1 0.598173 0.401827 
 ----> 1.3#6.6#44.0#54.0#VAR 304 0 0.637017 0.362983 
 ----> 1.3#6.6#44.0#54.0#VAR 305 0 0.618465 0.381535 
 ----> 1.3#6.6#44.0#54.0#VAR 306 0 0.608874 0.391126 
 ----> 1.3#6.6#44.0#54.0#VAR 307 1 0.601426 0.398574 
 ----> 1.3#6.6#44.0#54.0#VAR 308 1 0.614931 0.385069 
 ----> 1.3#6.6#44.0#54.0#VAR 309 0 0.594952 0.405048 
 ----> 1.3#6.6#44.0#54.0#VAR 310 0 0.59365 0.40635 
 ----> 1.3#6.6#44.0#54.0#VAR 311 0 0.630134 0.369866 
 ----> 1.3#6.6#44.0#54.0#VAR 312 1 0.566715 0.433285 
 ----> 1.3#6.6#44.0#54.0#VAR 313 0 0.634937 0.365063 
 ----> 1.3#6.6#44.0#54.0#VAR 314 0 0.617422 0.382578 
 ----> 1.3#6.6#44.0#54.0#VAR 315 0 0.625759 0.374241 
 ----> 1.3#6.6#44.0#54.0#VAR 316 0 0.629084 0.370916 
 ----> 1.3#6.6#44.0#54.0#VAR 317 0 0.615687 0.384313 
 ----> 1.3#6.6#44.0#54.0#VAR 318 0 0.607706 0.392294 
 ----> 1.3#6.6#44.0#54.0#VAR 319 0 0.646667 0.353333 
 ----> 1.3#6.6#44.0#54.0#VAR 320 0 0.63441 0.36559 
 ----> 1.3#6.6#44.0#54.0#VAR 321 0 0.654908 0.345092 
 ----> 1.3#6.6#44.0#54.0#VAR 322 0 0.584791 0.415209 
 ----> 1.3#6.6#44.0#54.0#VAR 323 0 0.617619 0.382381 
 ----> 1.3#6.6#44.0#54.0#VAR 324 0 0.629416 0.370584 
 ----> 1.3#6.6#44.0#54.0#VAR 325 0 0.623636 0.376364 
 ----> 1.3#6.6#44.0#54.0#VAR 326 0 0.602152 0.397848 
 ----> 1.3#6.6#44.0#54.0#VAR 327 0 0.630043 0.369957 
 ----> 1.3#6.6#44.0#54.0#VAR 328 0 0.614959 0.385041 
 ----> 1.3#6.6#44.0#54.0#VAR 329 1 0.609148 0.390852 
 ----> 1.3#6.6#44.0#54.0#VAR 330 1 0.606847 0.393153 
 ----> 1.3#6.6#44.0#54.0#VAR 331 1 0.602921 0.397079 
 ----> 1.3#6.6#44.0#54.0#VAR 332 0 0.617534 0.382466 
 ----> 1.3#6.6#44.0#54.0#VAR 333 0 0.62206 0.37794 
 ----> 1.3#6.6#44.0#54.0#VAR 334 0 0.603899 0.396101 
 ----> 1.3#6.6#44.0#54.0#VAR 335 0 0.627018 0.372982 
 ----> 1.3#6.6#44.0#54.0#VAR 336 0 0.619351 0.380649 
 ----> 1.3#6.6#44.0#54.0#VAR 337 0 0.629456 0.370544 
 ----> 1.3#6.6#44.0#54.0#VAR 338 0 0.623201 0.376799 
 ----> 1.3#6.6#44.0#54.0#VAR 339 0 0.629389 0.370611 
 ----> 1.3#6.6#44.0#54.0#VAR 340 1 0.593773 0.406227 
 ----> 1.3#6.6#44.0#54.0#VAR 341 1 0.603878 0.396122 
 ----> 1.3#6.6#44.0#54.0#VAR 342 0 0.593735 0.406265 
 ----> 1.3#6.6#44.0#54.0#VAR 343 0 0.631197 0.368803 
 ----> 1.3#6.6#44.0#54.0#VAR 344 0 0.628901 0.371099 
 ----> 1.3#6.6#44.0#54.0#VAR 345 0 0.648382 0.351618 
 ----> 1.3#6.6#44.0#54.0#VAR 346 0 0.647135 0.352865 
 ----> 1.3#6.6#44.0#54.0#VAR 347 0 0.657161 0.342839 
 ----> 1.3#6.6#44.0#54.0#VAR 348 0 0.671756 0.328244 
 ----> 1.3#6.6#44.0#54.0#VAR 349 1 0.594441 0.405559 
 ----> 1.3#6.6#44.0#54.0#VAR 350 0 0.62148 0.37852 
 ----> 1.3#6.6#44.0#54.0#VAR 351 0 0.631711 0.368289 
 ----> 1.3#6.6#44.0#54.0#VAR 352 0 0.607842 0.392158 
 ----> 1.3#6.6#44.0#54.0#VAR 353 0 0.61735 0.38265 
 ----> 1.3#6.6#44.0#54.0#VAR 354 1 0.596847 0.403153 
 ----> 1.3#6.6#44.0#54.0#VAR 355 0 0.654791 0.345209 
 ----> 1.3#6.6#44.0#54.0#VAR 356 0 0.647307 0.352693 
 ----> 1.3#6.6#44.0#54.0#VAR 357 0 0.629246 0.370754 
 ----> 1.3#6.6#44.0#54.0#VAR 358 0 0.644682 0.355318 
 ----> 1.3#6.6#44.0#54.0#VAR 359 1 0.591419 0.408581 
 ----> 1.3#6.6#44.0#54.0#VAR 360 0 0.62483 0.37517 
 ----> 1.3#6.6#44.0#54.0#VAR 361 0 0.655209 0.344791 
 ----> 1.3#6.6#44.0#54.0#VAR 362 0 0.651102 0.348898 
 ----> 1.3#6.6#44.0#54.0#VAR 363 0 0.595777 0.404223 
 ----> 1.3#6.6#44.0#54.0#VAR 364 0 0.582438 0.417562 
 ----> 1.3#6.6#44.0#54.0#VAR 365 1 0.60047 0.39953 
 ----> 1.3#6.6#44.0#54.0#VAR 366 0 0.643595 0.356405 
 ----> 1.3#6.6#44.0#54.0#VAR 367 0 0.611368 0.388632 
 ----> 1.3#6.6#44.0#54.0#VAR 368 1 0.596038 0.403962 
 ----> 1.3#6.6#44.0#54.0#VAR 369 0 0.618019 0.381981 
 ----> 1.3#6.6#44.0#54.0#VAR 370 0 0.650906 0.349094 
 ----> 1.3#6.6#44.0#54.0#VAR 371 0 0.604016 0.395984 
 ----> 1.3#6.6#44.0#54.0#VAR 372 0 0.628427 0.371573 
 ----> 1.3#6.6#44.0#54.0#VAR 373 0 0.638585 0.361415 
 ----> 1.3#6.6#44.0#54.0#VAR 374 1 0.571308 0.428692 
 ----> 1.3#6.6#44.0#54.0#VAR 375 0 0.624889 0.375111 
 ----> 1.3#6.6#44.0#54.0#VAR 376 0 0.641715 0.358285 
 ----> 1.3#6.6#44.0#54.0#VAR 377 1 0.579821 0.420179 
 ----> 1.3#6.6#44.0#54.0#VAR 378 0 0.601038 0.398962 
 ----> 1.3#6.6#44.0#54.0#VAR 379 0 0.605101 0.394899 
 ----> 1.3#6.6#44.0#54.0#VAR 380 0 0.632216 0.367784 
 ----> 1.3#6.6#44.0#54.0#VAR 381 0 0.619837 0.380163 
 ----> 1.3#6.6#44.0#54.0#VAR 382 1 0.58657 0.41343 
 ----> 1.3#6.6#44.0#54.0#VAR 383 1 0.601123 0.398877 
 ----> 1.3#6.6#44.0#54.0#VAR 384 1 0.606124 0.393876 
 ----> 1.3#6.6#44.0#54.0#VAR 385 0 0.607269 0.392731 
 ----> 1.3#6.6#44.0#54.0#VAR 386 0 0.606186 0.393814 
 ----> 1.3#6.6#44.0#54.0#VAR 387 0 0.601065 0.398935 
 ----> 1.3#6.6#44.0#54.0#VAR 388 0 0.629873 0.370127 
 ----> 1.3#6.6#44.0#54.0#VAR 389 0 0.660164 0.339836 
 ----> 1.3#6.6#44.0#54.0#VAR 390 0 0.629519 0.370481 
 ----> 1.3#6.6#44.0#54.0#VAR 391 0 0.601513 0.398487 
 ----> 1.3#6.6#44.0#54.0#VAR 392 0 0.619335 0.380665 
 ----> 1.3#6.6#44.0#54.0#VAR 393 0 0.578593 0.421407 
 ----> 1.3#6.6#44.0#54.0#VAR 394 0 0.625808 0.374192 
 ----> 1.3#6.6#44.0#54.0#VAR 395 1 0.606637 0.393363 
 ----> 1.3#6.6#44.0#54.0#VAR 396 0 0.619833 0.380167 
 ----> 1.3#6.6#44.0#54.0#VAR 397 0 0.625758 0.374242 
 ----> 1.3#6.6#44.0#54.0#VAR 398 1 0.595355 0.404645 
 ----> 1.3#6.6#44.0#54.0#VAR 399 0 0.598441 0.401559 
 ----> 1.3#6.6#44.0#54.0#VAR 400 0 0.608332 0.391668 
 ----> 1.3#6.6#44.0#54.0#VAR 401 1 0.589904 0.410096 
 ----> 1.3#6.6#44.0#54.0#VAR 402 0 0.620456 0.379544 
 ----> 1.3#6.6#44.0#54.0#VAR 403 0 0.597634 0.402366 
 ----> 1.3#6.6#44.0#54.0#VAR 404 0 0.605486 0.394514 
 ----> 1.3#6.6#44.0#54.0#VAR 405 0 0.618703 0.381297 
 ----> 1.3#6.6#44.0#54.0#VAR 406 0 0.602103 0.397897 
 ----> 1.3#6.6#44.0#54.0#VAR 407 1 0.600166 0.399834 
 ----> 1.3#6.6#44.0#54.0#VAR 408 0 0.635178 0.364822 
 ----> 1.3#6.6#44.0#54.0#VAR 409 1 0.615056 0.384944 
 ----> 1.3#6.6#44.0#54.0#VAR 410 1 0.576223 0.423777 
 ----> 1.3#6.6#44.0#54.0#VAR 411 0 0.632718 0.367282 
 ----> 1.3#6.6#44.0#54.0#VAR 412 0 0.630455 0.369545 
 ----> 1.3#6.6#44.0#54.0#VAR 413 1 0.593904 0.406096 
 ----> 1.3#6.6#44.0#54.0#VAR 414 0 0.612609 0.387391 
 ----> 1.3#6.6#44.0#54.0#VAR 415 0 0.593757 0.406243 
 ----> 1.3#6.6#44.0#54.0#VAR 416 1 0.585715 0.414285 
 ----> 1.3#6.6#44.0#54.0#VAR 417 0 0.628648 0.371352 
 ----> 1.3#6.6#44.0#54.0#VAR 418 0 0.603737 0.396263 
 ----> 1.3#6.6#44.0#54.0#VAR 419 0 0.610893 0.389107 
 ----> 1.3#6.6#44.0#54.0#VAR 420 0 0.631022 0.368978 
 ----> 1.3#6.6#44.0#54.0#VAR 421 0 0.62188 0.37812 
 ----> 1.3#6.6#44.0#54.0#VAR 422 0 0.603442 0.396558 
 ----> 1.3#6.6#44.0#54.0#VAR 423 0 0.627357 0.372643 
 ----> 1.3#6.6#44.0#54.0#VAR 424 0 0.620176 0.379824 
 ----> 1.3#6.6#44.0#54.0#VAR 425 0 0.615199 0.384801 
 ----> 1.3#6.6#44.0#54.0#VAR 426 1 0.58754 0.41246 
 ----> 1.3#6.6#44.0#54.0#VAR 427 0 0.618295 0.381705 
 ----> 1.3#6.6#44.0#54.0#VAR 428 0 0.619794 0.380206 
 ----> 1.3#6.6#44.0#54.0#VAR 429 0 0.60394 0.39606 
 ----> 1.3#6.6#44.0#54.0#VAR 430 1 0.580363 0.419637 
 ----> 1.3#6.6#44.0#54.0#VAR 431 0 0.594927 0.405073 
 ----> 1.3#6.6#44.0#54.0#VAR 432 0 0.59735 0.40265 
 ----> 1.3#6.6#44.0#54.0#VAR 433 0 0.617503 0.382497 
 ----> 1.3#6.6#44.0#54.0#VAR 434 0 0.624213 0.375787 
 ----> 1.3#6.6#44.0#54.0#VAR 435 0 0.643435 0.356565 
 ----> 1.3#6.6#44.0#54.0#VAR 436 0 0.614181 0.385819 
 ----> 1.3#6.6#44.0#54.0#VAR 437 0 0.63288 0.36712 
 ----> 1.3#6.6#44.0#54.0#VAR 438 1 0.57905 0.42095 
 ----> 1.3#6.6#44.0#54.0#VAR 439 1 0.530114 0.469886 
 ----> 1.3#6.6#44.0#54.0#VAR 440 0 0.630884 0.369116 
 ----> 1.3#6.6#44.0#54.0#VAR 441 0 0.617432 0.382568 
 ----> 1.3#6.6#44.0#54.0#VAR 442 1 0.594861 0.405139 
 ----> 1.3#6.6#44.0#54.0#VAR 443 1 0.596678 0.403322 
 ----> 1.3#6.6#44.0#54.0#VAR 444 0 0.616714 0.383286 
 ----> 1.3#6.6#44.0#54.0#VAR 445 0 0.607986 0.392014 
 ----> 1.3#6.6#44.0#54.0#VAR 446 1 0.584372 0.415628 
 ----> 1.3#6.6#44.0#54.0#VAR 447 0 0.604911 0.395089 
 ----> 1.3#6.6#44.0#54.0#VAR 448 0 0.601096 0.398904 
 ----> 1.3#6.6#44.0#54.0#VAR 449 1 0.603632 0.396368 
 ----> 1.3#6.6#44.0#54.0#VAR 450 0 0.611317 0.388683 
 ----> 1.3#6.6#44.0#54.0#VAR 451 0 0.613456 0.386544 
 ----> 1.3#6.6#44.0#54.0#VAR 452 0 0.650395 0.349605 
 ----> 1.3#6.6#44.0#54.0#VAR 453 0 0.62543 0.37457 
 ----> 1.3#6.6#44.0#54.0#VAR 454 0 0.59374 0.40626 
 ----> 1.3#6.6#44.0#54.0#VAR 455 0 0.597542 0.402458 
 ----> 1.3#6.6#44.0#54.0#VAR 456 0 0.608708 0.391292 
 ----> 1.3#6.6#44.0#54.0#VAR 457 0 0.630739 0.369261 
 ----> 1.3#6.6#44.0#54.0#VAR 458 1 0.588034 0.411966 
 ----> 1.3#6.6#44.0#54.0#VAR 459 0 0.599609 0.400391 
 ----> 1.3#6.6#44.0#54.0#VAR 460 1 0.569872 0.430128 
 ----> 1.3#6.6#44.0#54.0#VAR 461 0 0.602958 0.397042 
 ----> 1.3#6.6#44.0#54.0#VAR 462 1 0.568839 0.431161 
 ----> 1.3#6.6#44.0#54.0#VAR 463 0 0.592675 0.407325 
 ----> 1.3#6.6#44.0#54.0#VAR 464 1 0.601778 0.398222 
 ----> 1.3#6.6#44.0#54.0#VAR 465 0 0.645829 0.354171 
 ----> 1.3#6.6#44.0#54.0#VAR 466 0 0.621479 0.378521 
 ----> 1.3#6.6#44.0#54.0#VAR 467 0 0.627363 0.372637 
 ----> 1.3#6.6#44.0#54.0#VAR 468 0 0.610355 0.389645 
 ----> 1.3#6.6#44.0#54.0#VAR 469 1 0.572954 0.427046 
 ----> 1.3#6.6#44.0#54.0#VAR 470 0 0.623751 0.376249 
 ----> 1.3#6.6#44.0#54.0#VAR 471 1 0.606394 0.393606 
 ----> 1.3#6.6#44.0#54.0#VAR 472 1 0.601894 0.398106 
 ----> 1.3#6.6#44.0#54.0#VAR 473 0 0.60106 0.39894 
 ----> 1.3#6.6#44.0#54.0#VAR 474 1 0.583977 0.416023 
 ----> 1.3#6.6#44.0#54.0#VAR 475 0 0.612551 0.387449 
 ----> 1.3#6.6#44.0#54.0#VAR 476 0 0.596934 0.403066 
 ----> 1.3#6.6#44.0#54.0#VAR 477 1 0.607612 0.392388 
 ----> 1.3#6.6#44.0#54.0#VAR 478 0 0.604742 0.395258 
 ----> 1.3#6.6#44.0#54.0#VAR 479 0 0.650192 0.349808 
 ----> 1.3#6.6#44.0#54.0#VAR 480 0 0.62274 0.37726 
 ----> 1.3#6.6#44.0#54.0#VAR 481 0 0.632341 0.367659 
 ----> 1.3#6.6#44.0#54.0#VAR 482 1 0.58123 0.41877 
 ----> 1.3#6.6#44.0#54.0#VAR 483 0 0.606517 0.393483 
 ----> 1.3#6.6#44.0#54.0#VAR 484 0 0.597622 0.402378 
 ----> 1.3#6.6#44.0#54.0#VAR 485 0 0.595203 0.404797 
 ----> 1.3#6.6#44.0#54.0#VAR 486 0 0.619941 0.380059 
 ----> 1.3#6.6#44.0#54.0#VAR 487 0 0.602523 0.397477 
 ----> 1.3#6.6#44.0#54.0#VAR 488 1 0.582642 0.417358 
 ----> 1.3#6.6#44.0#54.0#VAR 489 1 0.592994 0.407006 
 ----> 1.3#6.6#44.0#54.0#VAR 490 0 0.632864 0.367136 
 ----> 1.3#6.6#44.0#54.0#VAR 491 1 0.631249 0.368751 
 ----> 1.3#6.6#44.0#54.0#VAR 492 0 0.620358 0.379642 
 ----> 1.3#6.6#44.0#54.0#VAR 493 0 0.645216 0.354784 
 ----> 1.3#6.6#44.0#54.0#VAR 494 0 0.618592 0.381408 
 ----> 1.3#6.6#44.0#54.0#VAR 495 0 0.593472 0.406528 
 ----> 1.3#6.6#44.0#54.0#VAR 496 0 0.573689 0.426311 
 ----> 1.3#6.6#44.0#54.0#VAR 497 0 0.608393 0.391607 
 ----> 1.3#6.6#44.0#54.0#VAR 498 0 0.590487 0.409513 
 ----> 1.3#6.6#44.0#54.0#VAR 499 0 0.614934 0.385066 
 ----> 1.3#6.6#44.0#54.0#VAR 500 0 0.612261 0.387739 
 ----> 1.3#6.6#44.0#54.0#VAR 501 1 0.583463 0.416537 
 ----> 1.3#6.6#44.0#54.0#VAR 502 0 0.59742 0.40258 
 ----> 1.3#6.6#44.0#54.0#VAR 503 0 0.599558 0.400442 
 ----> 1.3#6.6#44.0#54.0#VAR 504 0 0.624566 0.375434 
 ----> 1.3#6.6#44.0#54.0#VAR 505 0 0.60421 0.39579 
 ----> 1.3#6.6#44.0#54.0#VAR 506 0 0.619846 0.380154 
 ----> 1.3#6.6#44.0#54.0#VAR 507 0 0.618265 0.381735 
 ----> 1.3#6.6#44.0#54.0#VAR 508 1 0.585825 0.414175 
 ----> 1.3#6.6#44.0#54.0#VAR 509 0 0.622528 0.377472 
 ----> 1.3#6.6#44.0#54.0#VAR 510 0 0.596497 0.403503 
 ----> 1.3#6.6#44.0#54.0#VAR 511 0 0.61734 0.38266 
 ----> 1.3#6.6#44.0#54.0#VAR 512 0 0.636949 0.363051 
 ----> 1.3#6.6#44.0#54.0#VAR 513 1 0.584625 0.415375 
 ----> 1.3#6.6#44.0#54.0#VAR 514 0 0.622269 0.377731 
 ----> 1.3#6.6#44.0#54.0#VAR 515 0 0.617586 0.382414 
 ----> 1.3#6.6#44.0#54.0#VAR 516 0 0.616784 0.383216 
 ----> 1.3#6.6#44.0#54.0#VAR 517 1 0.589365 0.410635 
 ----> 1.3#6.6#44.0#54.0#VAR 518 1 0.602438 0.397562 
 ----> 1.3#6.6#44.0#54.0#VAR 519 0 0.602469 0.397531 
 ----> 1.3#6.6#44.0#54.0#VAR 520 0 0.618006 0.381994 
 ----> 1.3#6.6#44.0#54.0#VAR 521 0 0.636179 0.363821 
 ----> 1.3#6.6#44.0#54.0#VAR 522 1 0.620595 0.379405 
 ----> 1.3#6.6#44.0#54.0#VAR 523 1 0.573986 0.426014 
 ----> 1.3#6.6#44.0#54.0#VAR 524 0 0.607934 0.392066 
 ----> 1.3#6.6#44.0#54.0#VAR 525 1 0.604178 0.395822 
 ----> 1.3#6.6#44.0#54.0#VAR 526 0 0.595781 0.404219 
 ----> 1.3#6.6#44.0#54.0#VAR 527 0 0.616653 0.383347 
 ----> 1.3#6.6#44.0#54.0#VAR 528 0 0.619129 0.380871 
 ----> 1.3#6.6#44.0#54.0#VAR 529 0 0.604991 0.395009 
 ----> 1.3#6.6#44.0#54.0#VAR 530 1 0.640046 0.359954 
 ----> 1.3#6.6#44.0#54.0#VAR 531 0 0.612226 0.387774 
 ----> 1.3#6.6#44.0#54.0#VAR 532 1 0.608801 0.391199 
 ----> 1.3#6.6#44.0#54.0#VAR 533 1 0.609011 0.390989 
 ----> 1.3#6.6#44.0#54.0#VAR 534 0 0.620434 0.379566 
 ----> 1.3#6.6#44.0#54.0#VAR 535 0 0.589922 0.410078 
 ----> 1.3#6.6#44.0#54.0#VAR 536 1 0.577425 0.422575 
 ----> 1.3#6.6#44.0#54.0#VAR 537 0 0.604148 0.395852 
 ----> 1.3#6.6#44.0#54.0#VAR 538 0 0.600818 0.399182 
 ----> 1.3#6.6#44.0#54.0#VAR 539 0 0.620905 0.379095 
 ----> 1.3#6.6#44.0#54.0#VAR 540 0 0.606067 0.393933 
 ----> 1.3#6.6#44.0#54.0#VAR 541 0 0.596537 0.403463 
 ----> 1.3#6.6#44.0#54.0#VAR 542 0 0.594218 0.405782 
 ----> 1.3#6.6#44.0#54.0#VAR 543 0 0.630771 0.369229 
 ----> 1.3#6.6#44.0#54.0#VAR 544 0 0.595139 0.404861 
 ----> 1.3#6.6#44.0#54.0#VAR 545 0 0.601622 0.398378 
 ----> 1.3#6.6#44.0#54.0#VAR 546 0 0.622719 0.377281 
 ----> 1.3#6.6#44.0#54.0#VAR 547 0 0.63296 0.36704 
 ----> 1.3#6.6#44.0#54.0#VAR 548 0 0.609759 0.390241 
 ----> 1.3#6.6#44.0#54.0#VAR 549 0 0.588474 0.411526 
 ----> 1.3#6.6#44.0#54.0#VAR 550 1 0.594535 0.405465 
 ----> 1.3#6.6#44.0#54.0#VAR 551 0 0.600558 0.399442 
 ----> 1.3#6.6#44.0#54.0#VAR 552 0 0.606747 0.393253 
 ----> 1.3#6.6#44.0#54.0#VAR 553 0 0.586319 0.413681 
 ----> 1.3#6.6#44.0#54.0#VAR 554 0 0.596595 0.403405 
 ----> 1.3#6.6#44.0#54.0#VAR 555 0 0.604401 0.395599 
 ----> 1.3#6.6#44.0#54.0#VAR 556 1 0.586313 0.413687 
 ----> 1.3#6.6#44.0#54.0#VAR 557 0 0.602993 0.397007 
 ----> 1.3#6.6#44.0#54.0#VAR 558 0 0.601219 0.398781 
 ----> 1.3#6.6#44.0#54.0#VAR 559 1 0.581543 0.418457 
 ----> 1.3#6.6#44.0#54.0#VAR 560 1 0.5813 0.4187 
 ----> 1.3#6.6#44.0#54.0#VAR 561 0 0.602036 0.397964 
 ----> 1.3#6.6#44.0#54.0#VAR 562 1 0.595345 0.404655 
 ----> 1.3#6.6#44.0#54.0#VAR 563 0 0.612741 0.387259 
 ----> 1.3#6.6#44.0#54.0#VAR 564 1 0.602778 0.397222 
 ----> 1.3#6.6#44.0#54.0#VAR 565 0 0.630179 0.369821 
 ----> 1.3#6.6#44.0#54.0#VAR 566 0 0.584044 0.415956 
 ----> 1.3#6.6#44.0#54.0#VAR 567 1 0.581785 0.418215 
 ----> 1.3#6.6#44.0#54.0#VAR 568 1 0.575258 0.424742 
 ----> 1.3#6.6#44.0#54.0#VAR 569 0 0.615982 0.384018 
 ----> 1.3#6.6#44.0#54.0#VAR 570 1 0.562111 0.437889 
 ----> 1.3#6.6#44.0#54.0#VAR 571 1 0.552897 0.447103 
 ----> 1.3#6.6#44.0#54.0#VAR 572 1 0.593191 0.406809 
 ----> 1.3#6.6#44.0#54.0#VAR 573 1 0.561006 0.438994 
 ----> 1.3#6.6#44.0#54.0#VAR 574 1 0.584549 0.415451 
 ----> 1.3#6.6#44.0#54.0#VAR 575 0 0.581207 0.418793 
 ----> 1.3#6.6#44.0#54.0#VAR 576 0 0.582001 0.417999 
 ----> 1.3#6.6#44.0#54.0#VAR 577 1 0.557435 0.442565 
 ----> 1.3#6.6#44.0#54.0#VAR 578 1 0.58453 0.41547 
 ----> 1.3#6.6#44.0#54.0#VAR 579 1 0.599625 0.400375 
 ----> 1.3#6.6#44.0#54.0#VAR 580 0 0.58869 0.41131 
 ----> 1.3#6.6#44.0#54.0#VAR 581 1 0.585781 0.414219 
 ----> 1.3#6.6#44.0#54.0#VAR 582 1 0.590637 0.409363 
 ----> 1.3#6.6#44.0#54.0#VAR 583 0 0.609179 0.390821 
 ----> 1.3#6.6#44.0#54.0#VAR 584 1 0.565029 0.434971 
 ----> 1.3#6.6#44.0#54.0#VAR 585 0 0.653575 0.346425 
 ----> 1.3#6.6#44.0#54.0#VAR 586 1 0.590199 0.409801 
 ----> 1.3#6.6#44.0#54.0#VAR 587 0 0.602129 0.397871 
 ----> 1.3#6.6#44.0#54.0#VAR 588 0 0.61882 0.38118 
 ----> 1.3#6.6#44.0#54.0#VAR 589 1 0.573389 0.426611 
 ----> 1.3#6.6#44.0#54.0#VAR 590 0 0.604951 0.395049 
 ----> 1.3#6.6#44.0#54.0#VAR 591 0 0.594327 0.405673 
 ----> 1.3#6.6#44.0#54.0#VAR 592 0 0.59988 0.40012 
 ----> 1.3#6.6#44.0#54.0#VAR 593 1 0.584777 0.415223 
 ----> 1.3#6.6#44.0#54.0#VAR 594 0 0.600974 0.399026 
 ----> 1.3#6.6#44.0#54.0#VAR 595 1 0.585173 0.414827 
 ----> 1.3#6.6#44.0#54.0#VAR 596 0 0.591938 0.408062 
 ----> 1.3#6.6#44.0#54.0#VAR 597 0 0.624632 0.375368 
 ----> 1.3#6.6#44.0#54.0#VAR 598 0 0.618667 0.381333 
 ----> 1.3#6.6#44.0#54.0#VAR 599 1 0.577366 0.422634 
 ----> 1.3#6.6#44.0#54.0#VAR 600 1 0.595769 0.404231 
 ----> 1.3#6.6#44.0#54.0#VAR 601 1 0.59818 0.40182 
 ----> 1.3#6.6#44.0#54.0#VAR 602 0 0.641065 0.358935 
 ----> 1.3#6.6#44.0#54.0#VAR 603 0 0.590511 0.409489 
 ----> 1.3#6.6#44.0#54.0#VAR 604 1 0.576104 0.423896 
 ----> 1.3#6.6#44.0#54.0#VAR 605 1 0.615333 0.384667 
 ----> 1.3#6.6#44.0#54.0#VAR 606 1 0.58585 0.41415 
 ----> 1.3#6.6#44.0#54.0#VAR 607 1 0.585557 0.414443 
 ----> 1.3#6.6#44.0#54.0#VAR 608 0 0.607861 0.392139 
 ----> 1.3#6.6#44.0#54.0#VAR 609 0 0.605774 0.394226 
 ----> 1.3#6.6#44.0#54.0#VAR 610 1 0.561636 0.438364 
 ----> 1.3#6.6#44.0#54.0#VAR 611 0 0.609526 0.390474 
 ----> 1.3#6.6#44.0#54.0#VAR 612 1 0.576931 0.423069 
 ----> 1.3#6.6#44.0#54.0#VAR 613 1 0.577799 0.422201 
 ----> 1.3#6.6#44.0#54.0#VAR 614 0 0.607145 0.392855 
 ----> 1.3#6.6#44.0#54.0#VAR 615 0 0.601725 0.398275 
 ----> 1.3#6.6#44.0#54.0#VAR 616 1 0.585589 0.414411 
 ----> 1.3#6.6#44.0#54.0#VAR 617 0 0.602891 0.397109 
 ----> 1.3#6.6#44.0#54.0#VAR 618 1 0.570394 0.429606 
 ----> 1.3#6.6#44.0#54.0#VAR 619 0 0.596242 0.403758 
 ----> 1.3#6.6#44.0#54.0#VAR 620 1 0.588768 0.411232 
 ----> 1.3#6.6#44.0#54.0#VAR 621 0 0.599197 0.400803 
 ----> 1.3#6.6#44.0#54.0#VAR 622 0 0.577809 0.422191 
 ----> 1.3#6.6#44.0#54.0#VAR 623 1 0.576619 0.423381 
 ----> 1.3#6.6#44.0#54.0#VAR 624 0 0.583625 0.416375 
 ----> 1.3#6.6#44.0#54.0#VAR 625 0 0.613296 0.386704 
 ----> 1.3#6.6#44.0#54.0#VAR 626 0 0.602359 0.397641 
 ----> 1.3#6.6#44.0#54.0#VAR 627 0 0.590323 0.409677 
 ----> 1.3#6.6#44.0#54.0#VAR 628 0 0.600818 0.399182 
 ----> 1.3#6.6#44.0#54.0#VAR 629 0 0.572901 0.427099 
 ----> 1.3#6.6#44.0#54.0#VAR 630 0 0.60611 0.39389 
 ----> 1.3#6.6#44.0#54.0#VAR 631 0 0.601592 0.398408 
 ----> 1.3#6.6#44.0#54.0#VAR 632 0 0.621371 0.378629 
 ----> 1.3#6.6#44.0#54.0#VAR 633 0 0.592677 0.407323 
 ----> 1.3#6.6#44.0#54.0#VAR 634 0 0.592674 0.407326 
 ----> 1.3#6.6#44.0#54.0#VAR 635 0 0.593727 0.406273 
 ----> 1.3#6.6#44.0#54.0#VAR 636 0 0.590517 0.409483 
 ----> 1.3#6.6#44.0#54.0#VAR 637 0 0.584836 0.415164 
 ----> 1.3#6.6#44.0#54.0#VAR 638 0 0.588605 0.411395 
 ----> 1.3#6.6#44.0#54.0#VAR 639 0 0.618158 0.381842 
 ----> 1.3#6.6#44.0#54.0#VAR 640 0 0.606544 0.393456 
 ----> 1.3#6.6#44.0#54.0#VAR 641 1 0.579169 0.420831 
 ----> 1.3#6.6#44.0#54.0#VAR 642 0 0.601611 0.398389 
 ----> 1.3#6.6#44.0#54.0#VAR 643 0 0.60906 0.39094 
 ----> 1.3#6.6#44.0#54.0#VAR 644 0 0.593576 0.406424 
 ----> 1.3#6.6#44.0#54.0#VAR 645 0 0.606957 0.393043 
 ----> 1.3#6.6#44.0#54.0#VAR 646 0 0.591579 0.408421 
 ----> 1.3#6.6#44.0#54.0#VAR 647 0 0.581556 0.418444 
 ----> 1.3#6.6#44.0#54.0#VAR 648 0 0.588552 0.411448 
 ----> 1.3#6.6#44.0#54.0#VAR 649 0 0.608154 0.391846 
 ----> 1.3#6.6#44.0#54.0#VAR 650 0 0.594686 0.405314 
 ----> 1.3#6.6#44.0#54.0#VAR 651 0 0.597009 0.402991 
 ----> 1.3#6.6#44.0#54.0#VAR 652 0 0.582762 0.417238 
 ----> 1.3#6.6#44.0#54.0#VAR 653 0 0.582353 0.417647 
 ----> 1.3#6.6#44.0#54.0#VAR 654 0 0.601171 0.398829 
 ----> 1.3#6.6#44.0#54.0#VAR 655 0 0.610013 0.389987 
 ----> 1.3#6.6#44.0#54.0#VAR 656 1 0.589801 0.410199 
 ----> 1.3#6.6#44.0#54.0#VAR 657 0 0.614288 0.385712 
 ----> 1.3#6.6#44.0#54.0#VAR 658 1 0.600269 0.399731 
 ----> 1.3#6.6#44.0#54.0#VAR 659 0 0.609851 0.390149 
 ----> 1.3#6.6#44.0#54.0#VAR 660 1 0.597568 0.402432 
 ----> 1.3#6.6#44.0#54.0#VAR 661 1 0.5933 0.4067 
 ----> 1.3#6.6#44.0#54.0#VAR 662 0 0.600223 0.399777 
 ----> 1.3#6.6#44.0#54.0#VAR 663 1 0.573985 0.426015 
 ----> 1.3#6.6#44.0#54.0#VAR 664 1 0.575032 0.424968 
 ----> 1.3#6.6#44.0#54.0#VAR 665 0 0.572817 0.427183 
 ----> 1.3#6.6#44.0#54.0#VAR 666 0 0.579676 0.420324 
 ----> 1.3#6.6#44.0#54.0#VAR 667 0 0.598319 0.401681 
 ----> 1.3#6.6#44.0#54.0#VAR 668 1 0.565256 0.434744 
 ----> 1.3#6.6#44.0#54.0#VAR 669 1 0.580033 0.419967 
 ----> 1.3#6.6#44.0#54.0#VAR 670 0 0.586197 0.413803 
 ----> 1.3#6.6#44.0#54.0#VAR 671 0 0.626997 0.373003 
 ----> 1.3#6.6#44.0#54.0#VAR 672 0 0.595143 0.404857 
 ----> 1.3#6.6#44.0#54.0#VAR 673 0 0.585653 0.414347 
 ----> 1.3#6.6#44.0#54.0#VAR 674 0 0.610764 0.389236 
 ----> 1.3#6.6#44.0#54.0#VAR 675 0 0.610394 0.389606 
 ----> 1.3#6.6#44.0#54.0#VAR 676 0 0.606364 0.393636 
 ----> 1.3#6.6#44.0#54.0#VAR 677 1 0.601959 0.398041 
 ----> 1.3#6.6#44.0#54.0#VAR 678 1 0.578919 0.421081 
 ----> 1.3#6.6#44.0#54.0#VAR 679 0 0.579438 0.420562 
 ----> 1.3#6.6#44.0#54.0#VAR 680 0 0.584821 0.415179 
 ----> 1.3#6.6#44.0#54.0#VAR 681 0 0.600541 0.399459 
 ----> 1.3#6.6#44.0#54.0#VAR 682 0 0.569945 0.430055 
 ----> 1.3#6.6#44.0#54.0#VAR 683 0 0.588403 0.411597 
 ----> 1.3#6.6#44.0#54.0#VAR 684 0 0.58979 0.41021 
 ----> 1.3#6.6#44.0#54.0#VAR 685 0 0.593192 0.406808 
 ----> 1.3#6.6#44.0#54.0#VAR 686 1 0.558126 0.441874 
 ----> 1.3#6.6#44.0#54.0#VAR 687 0 0.569553 0.430447 
 ----> 1.3#6.6#44.0#54.0#VAR 688 0 0.579258 0.420742 
 ----> 1.3#6.6#44.0#54.0#VAR 689 1 0.584586 0.415414 
 ----> 1.3#6.6#44.0#54.0#VAR 690 0 0.599935 0.400065 
 ----> 1.3#6.6#44.0#54.0#VAR 691 0 0.596213 0.403787 
 ----> 1.3#6.6#44.0#54.0#VAR 692 0 0.602256 0.397744 
 ----> 1.3#6.6#44.0#54.0#VAR 693 1 0.539251 0.460749 
 ----> 1.3#6.6#44.0#54.0#VAR 694 0 0.594081 0.405919 
 ----> 1.3#6.6#44.0#54.0#VAR 695 1 0.55937 0.44063 
 ----> 1.3#6.6#44.0#54.0#VAR 696 0 0.582286 0.417714 
 ----> 1.3#6.6#44.0#54.0#VAR 697 1 0.574697 0.425303 
 ----> 1.3#6.6#44.0#54.0#VAR 698 1 0.574681 0.425319 
 ----> 1.3#6.6#44.0#54.0#VAR 699 0 0.575488 0.424512 
 ----> 1.3#6.6#44.0#54.0#VAR 700 1 0.575094 0.424906 
 ----> 1.3#6.6#44.0#54.0#VAR 701 0 0.58942 0.41058 
 ----> 1.3#6.6#44.0#54.0#VAR 702 1 0.565873 0.434127 
 ----> 1.3#6.6#44.0#54.0#VAR 703 1 0.566304 0.433696 
 ----> 1.3#6.6#44.0#54.0#VAR 704 1 0.57176 0.42824 
 ----> 1.3#6.6#44.0#54.0#VAR 705 0 0.586047 0.413953 
 ----> 1.3#6.6#44.0#54.0#VAR 706 1 0.58578 0.41422 
 ----> 1.3#6.6#44.0#54.0#VAR 707 1 0.577979 0.422021 
 ----> 1.3#6.6#44.0#54.0#VAR 708 0 0.577975 0.422025 
 ----> 1.3#6.6#44.0#54.0#VAR 709 0 0.580745 0.419255 
 ----> 1.3#6.6#44.0#54.0#VAR 710 0 0.579764 0.420236 
 ----> 1.3#6.6#44.0#54.0#VAR 711 1 0.572862 0.427138 
 ----> 1.3#6.6#44.0#54.0#VAR 712 0 0.578396 0.421604 
 ----> 1.3#6.6#44.0#54.0#VAR 713 0 0.569466 0.430534 
 ----> 1.3#6.6#44.0#54.0#VAR 714 1 0.554307 0.445693 
 ----> 1.3#6.6#44.0#54.0#VAR 715 1 0.562313 0.437687 
 ----> 1.3#6.6#44.0#54.0#VAR 716 0 0.5665 0.4335 
 ----> 1.3#6.6#44.0#54.0#VAR 717 0 0.601846 0.398154 
 ----> 1.3#6.6#44.0#54.0#VAR 718 1 0.57287 0.42713 
 ----> 1.3#6.6#44.0#54.0#VAR 719 0 0.570844 0.429156 
 ----> 1.3#6.6#44.0#54.0#VAR 720 1 0.570629 0.429371 
 ----> 1.3#6.6#44.0#54.0#VAR 721 0 0.581845 0.418155 
 ----> 1.3#6.6#44.0#54.0#VAR 722 1 0.539119 0.460881 
 ----> 1.3#6.6#44.0#54.0#VAR 723 0 0.576658 0.423342 
 ----> 1.3#6.6#44.0#54.0#VAR 724 0 0.578549 0.421451 
 ----> 1.3#6.6#44.0#54.0#VAR 725 0 0.592797 0.407203 
 ----> 1.3#6.6#44.0#54.0#VAR 726 1 0.556033 0.443967 
 ----> 1.3#6.6#44.0#54.0#VAR 727 1 0.550625 0.449375 
 ----> 1.3#6.6#44.0#54.0#VAR 728 1 0.579169 0.420831 
 ----> 1.3#6.6#44.0#54.0#VAR 729 0 0.598018 0.401982 
 ----> 1.3#6.6#44.0#54.0#VAR 730 0 0.577242 0.422758 
 ----> 1.3#6.6#44.0#54.0#VAR 731 1 0.539839 0.460161 
 ----> 1.3#6.6#44.0#54.0#VAR 732 1 0.55634 0.44366 
 ----> 1.3#6.6#44.0#54.0#VAR 733 0 0.56745 0.43255 
 ----> 1.3#6.6#44.0#54.0#VAR 734 0 0.575385 0.424615 
 ----> 1.3#6.6#44.0#54.0#VAR 735 1 0.547095 0.452905 
 ----> 1.3#6.6#44.0#54.0#VAR 736 1 0.563636 0.436364 
 ----> 1.3#6.6#44.0#54.0#VAR 737 1 0.534344 0.465656 
 ----> 1.3#6.6#44.0#54.0#VAR 738 1 0.563088 0.436912 
 ----> 1.3#6.6#44.0#54.0#VAR 739 1 0.56322 0.43678 
 ----> 1.3#6.6#44.0#54.0#VAR 740 1 0.569084 0.430916 
 ----> 1.3#6.6#44.0#54.0#VAR 741 1 0.56878 0.43122 
 ----> 1.3#6.6#44.0#54.0#VAR 742 1 0.573448 0.426552 
 ----> 1.3#6.6#44.0#54.0#VAR 743 1 0.564499 0.435501 
 ----> 1.3#6.6#44.0#54.0#VAR 744 0 0.585779 0.414221 
 ----> 1.3#6.6#44.0#54.0#VAR 745 1 0.564798 0.435202 
 ----> 1.3#6.6#44.0#54.0#VAR 746 0 0.559589 0.440411 
 ----> 1.3#6.6#44.0#54.0#VAR 747 1 0.565826 0.434174 
 ----> 1.3#6.6#44.0#54.0#VAR 748 0 0.55659 0.44341 
 ----> 1.3#6.6#44.0#54.0#VAR 749 1 0.549909 0.450091 
 ----> 1.3#6.6#44.0#54.0#VAR 750 1 0.561725 0.438275 
 ----> 1.3#6.6#44.0#54.0#VAR 751 0 0.570857 0.429143 
 ----> 1.3#6.6#44.0#54.0#VAR 752 1 0.55595 0.44405 
 ----> 1.3#6.6#44.0#54.0#VAR 753 0 0.571291 0.428709 
 ----> 1.3#6.6#44.0#54.0#VAR 754 1 0.581584 0.418416 
 ----> 1.3#6.6#44.0#54.0#VAR 755 0 0.572354 0.427646 
 ----> 1.3#6.6#44.0#54.0#VAR 756 1 0.571754 0.428246 
 ----> 1.3#6.6#44.0#54.0#VAR 757 0 0.575186 0.424814 
 ----> 1.3#6.6#44.0#54.0#VAR 758 0 0.594234 0.405766 
 ----> 1.3#6.6#44.0#54.0#VAR 759 0 0.602076 0.397924 
 ----> 1.3#6.6#44.0#54.0#VAR 760 0 0.581584 0.418416 
 ----> 1.3#6.6#44.0#54.0#VAR 761 1 0.543175 0.456825 
 ----> 1.3#6.6#44.0#54.0#VAR 762 0 0.590067 0.409933 
 ----> 1.3#6.6#44.0#54.0#VAR 763 0 0.56629 0.43371 
 ----> 1.3#6.6#44.0#54.0#VAR 764 1 0.580173 0.419827 
 ----> 1.3#6.6#44.0#54.0#VAR 765 1 0.536667 0.463333 
 ----> 1.3#6.6#44.0#54.0#VAR 766 0 0.561295 0.438705 
 ----> 1.3#6.6#44.0#54.0#VAR 767 0 0.611545 0.388455 
 ----> 1.3#6.6#44.0#54.0#VAR 768 0 0.591549 0.408451 
 ----> 1.3#6.6#44.0#54.0#VAR 769 1 0.557065 0.442935 
 ----> 1.3#6.6#44.0#54.0#VAR 770 0 0.571529 0.428471 
 ----> 1.3#6.6#44.0#54.0#VAR 771 0 0.596162 0.403838 
 ----> 1.3#6.6#44.0#54.0#VAR 772 1 0.577753 0.422247 
 ----> 1.3#6.6#44.0#54.0#VAR 773 1 0.576279 0.423721 
 ----> 1.3#6.6#44.0#54.0#VAR 774 0 0.595499 0.404501 
 ----> 1.3#6.6#44.0#54.0#VAR 775 1 0.558022 0.441978 
 ----> 1.3#6.6#44.0#54.0#VAR 776 1 0.575506 0.424494 
 ----> 1.3#6.6#44.0#54.0#VAR 777 0 0.560756 0.439244 
 ----> 1.3#6.6#44.0#54.0#VAR 778 0 0.559261 0.440739 
 ----> 1.3#6.6#44.0#54.0#VAR 779 1 0.549683 0.450317 
 ----> 1.3#6.6#44.0#54.0#VAR 780 0 0.569437 0.430563 
 ----> 1.3#6.6#44.0#54.0#VAR 781 1 0.571515 0.428485 
 ----> 1.3#6.6#44.0#54.0#VAR 782 0 0.581771 0.418229 
 ----> 1.3#6.6#44.0#54.0#VAR 783 1 0.571095 0.428905 
 ----> 1.3#6.6#44.0#54.0#VAR 784 1 0.55933 0.44067 
 ----> 1.3#6.6#44.0#54.0#VAR 785 0 0.562021 0.437979 
 ----> 1.3#6.6#44.0#54.0#VAR 786 0 0.580862 0.419138 
 ----> 1.3#6.6#44.0#54.0#VAR 787 1 0.5607 0.4393 
 ----> 1.3#6.6#44.0#54.0#VAR 788 1 0.562826 0.437174 
 ----> 1.3#6.6#44.0#54.0#VAR 789 1 0.55566 0.44434 
 ----> 1.3#6.6#44.0#54.0#VAR 790 1 0.5768 0.4232 
 ----> 1.3#6.6#44.0#54.0#VAR 791 0 0.531513 0.468487 
 ----> 1.3#6.6#44.0#54.0#VAR 792 1 0.566272 0.433728 
 ----> 1.3#6.6#44.0#54.0#VAR 793 0 0.557973 0.442027 
 ----> 1.3#6.6#44.0#54.0#VAR 794 0 0.564886 0.435114 
 ----> 1.3#6.6#44.0#54.0#VAR 795 0 0.549185 0.450815 
 ----> 1.3#6.6#44.0#54.0#VAR 796 1 0.561575 0.438425 
 ----> 1.3#6.6#44.0#54.0#VAR 797 0 0.57597 0.42403 
 ----> 1.3#6.6#44.0#54.0#VAR 798 1 0.53962 0.46038 
 ----> 1.3#6.6#44.0#54.0#VAR 799 1 0.525584 0.474416 
 ----> 1.3#6.6#44.0#54.0#VAR 800 1 0.541427 0.458573 
 ----> 1.3#6.6#44.0#54.0#VAR 801 1 0.550803 0.449197 
 ----> 1.3#6.6#44.0#54.0#VAR 802 0 0.548783 0.451217 
 ----> 1.3#6.6#44.0#54.0#VAR 803 0 0.538579 0.461421 
 ----> 1.3#6.6#44.0#54.0#VAR 804 1 0.560058 0.439942 
 ----> 1.3#6.6#44.0#54.0#VAR 805 1 0.55302 0.44698 
 ----> 1.3#6.6#44.0#54.0#VAR 806 0 0.547582 0.452418 
 ----> 1.3#6.6#44.0#54.0#VAR 807 1 0.544166 0.455834 
 ----> 1.3#6.6#44.0#54.0#VAR 808 1 0.55677 0.44323 
 ----> 1.3#6.6#44.0#54.0#VAR 809 0 0.568399 0.431601 
 ----> 1.3#6.6#44.0#54.0#VAR 810 0 0.574757 0.425243 
 ----> 1.3#6.6#44.0#54.0#VAR 811 1 0.566468 0.433532 
 ----> 1.3#6.6#44.0#54.0#VAR 812 1 0.567804 0.432196 
 ----> 1.3#6.6#44.0#54.0#VAR 813 1 0.580536 0.419464 
 ----> 1.3#6.6#44.0#54.0#VAR 814 1 0.56897 0.43103 
 ----> 1.3#6.6#44.0#54.0#VAR 815 1 0.566853 0.433147 
 ----> 1.3#6.6#44.0#54.0#VAR 816 1 0.570837 0.429163 
 ----> 1.3#6.6#44.0#54.0#VAR 817 1 0.568103 0.431897 
 ----> 1.3#6.6#44.0#54.0#VAR 818 1 0.557484 0.442516 
 ----> 1.3#6.6#44.0#54.0#VAR 819 1 0.575174 0.424826 
 ----> 1.3#6.6#44.0#54.0#VAR 820 0 0.603489 0.396511 
 ----> 1.3#6.6#44.0#54.0#VAR 821 0 0.583222 0.416778 
 ----> 1.3#6.6#44.0#54.0#VAR 822 1 0.587838 0.412162 
 ----> 1.3#6.6#44.0#54.0#VAR 823 1 0.5668 0.4332 
 ----> 1.3#6.6#44.0#54.0#VAR 824 1 0.588947 0.411053 
 ----> 1.3#6.6#44.0#54.0#VAR 825 1 0.591009 0.408991 
 ----> 1.3#6.6#44.0#54.0#VAR 826 1 0.575726 0.424274 
 ----> 1.3#6.6#44.0#54.0#VAR 827 1 0.576333 0.423667 
 ----> 1.3#6.6#44.0#54.0#VAR 828 0 0.569425 0.430575 
 ----> 1.3#6.6#44.0#54.0#VAR 829 1 0.565321 0.434679 
 ----> 1.3#6.6#44.0#54.0#VAR 830 1 0.566386 0.433614 
 ----> 1.3#6.6#44.0#54.0#VAR 831 1 0.548387 0.451613 
 ----> 1.3#6.6#44.0#54.0#VAR 832 1 0.567663 0.432337 
 ----> 1.3#6.6#44.0#54.0#VAR 833 0 0.570642 0.429358 
 ----> 1.3#6.6#44.0#54.0#VAR 834 0 0.574665 0.425335 
 ----> 1.3#6.6#44.0#54.0#VAR 835 1 0.564527 0.435473 
 ----> 1.3#6.6#44.0#54.0#VAR 836 1 0.553871 0.446129 
 ----> 1.3#6.6#44.0#54.0#VAR 837 1 0.532627 0.467373 
 ----> 1.3#6.6#44.0#54.0#VAR 838 0 0.571179 0.428821 
 ----> 1.3#6.6#44.0#54.0#VAR 839 0 0.558563 0.441437 
 ----> 1.3#6.6#44.0#54.0#VAR 840 1 0.552124 0.447876 
 ----> 1.3#6.6#44.0#54.0#VAR 841 0 0.537977 0.462023 
 ----> 1.3#6.6#44.0#54.0#VAR 842 1 0.516595 0.483405 
 ----> 1.3#6.6#44.0#54.0#VAR 843 1 0.543677 0.456323 
 ----> 1.3#6.6#44.0#54.0#VAR 844 0 0.535557 0.464443 
 ----> 1.3#6.6#44.0#54.0#VAR 845 1 0.523629 0.476371 
 ----> 1.3#6.6#44.0#54.0#VAR 846 1 0.518995 0.481005 
 ----> 1.3#6.6#44.0#54.0#VAR 847 1 0.551305 0.448695 
 ----> 1.3#6.6#44.0#54.0#VAR 848 1 0.535557 0.464443 
 ----> 1.3#6.6#44.0#54.0#VAR 849 0 0.555371 0.444629 
 ----> 1.3#6.6#44.0#54.0#VAR 850 0 0.554422 0.445578 
 ----> 1.3#6.6#44.0#54.0#VAR 851 0 0.575691 0.424309 
 ----> 1.3#6.6#44.0#54.0#VAR 852 1 0.555047 0.444953 
 ----> 1.3#6.6#44.0#54.0#VAR 853 0 0.547429 0.452571 
 ----> 1.3#6.6#44.0#54.0#VAR 854 1 0.555835 0.444165 
 ----> 1.3#6.6#44.0#54.0#VAR 855 1 0.565323 0.434677 
 ----> 1.3#6.6#44.0#54.0#VAR 856 1 0.534429 0.465571 
 ----> 1.3#6.6#44.0#54.0#VAR 857 0 0.567688 0.432312 
 ----> 1.3#6.6#44.0#54.0#VAR 858 1 0.534972 0.465028 
 ----> 1.3#6.6#44.0#54.0#VAR 859 1 0.520106 0.479894 
 ----> 1.3#6.6#44.0#54.0#VAR 860 0 0.558881 0.441119 
 ----> 1.3#6.6#44.0#54.0#VAR 861 0 0.564733 0.435267 
 ----> 1.3#6.6#44.0#54.0#VAR 862 0 0.569007 0.430993 
 ----> 1.3#6.6#44.0#54.0#VAR 863 0 0.584195 0.415805 
 ----> 1.3#6.6#44.0#54.0#VAR 864 0 0.563779 0.436221 
 ----> 1.3#6.6#44.0#54.0#VAR 865 1 0.575065 0.424935 
 ----> 1.3#6.6#44.0#54.0#VAR 866 0 0.565119 0.434881 
 ----> 1.3#6.6#44.0#54.0#VAR 867 0 0.550225 0.449775 
 ----> 1.3#6.6#44.0#54.0#VAR 868 0 0.595042 0.404958 
 ----> 1.3#6.6#44.0#54.0#VAR 869 0 0.58154 0.41846 
 ----> 1.3#6.6#44.0#54.0#VAR 870 1 0.552565 0.447435 
 ----> 1.3#6.6#44.0#54.0#VAR 871 0 0.569899 0.430101 
 ----> 1.3#6.6#44.0#54.0#VAR 872 0 0.581613 0.418387 
 ----> 1.3#6.6#44.0#54.0#VAR 873 1 0.556676 0.443324 
 ----> 1.3#6.6#44.0#54.0#VAR 874 1 0.575058 0.424942 
 ----> 1.3#6.6#44.0#54.0#VAR 875 1 0.557848 0.442152 
 ----> 1.3#6.6#44.0#54.0#VAR 876 0 0.554203 0.445797 
 ----> 1.3#6.6#44.0#54.0#VAR 877 1 0.532957 0.467043 
 ----> 1.3#6.6#44.0#54.0#VAR 878 1 0.541739 0.458261 
 ----> 1.3#6.6#44.0#54.0#VAR 879 1 0.517968 0.482032 
 ----> 1.3#6.6#44.0#54.0#VAR 880 1 0.550011 0.449989 
 ----> 1.3#6.6#44.0#54.0#VAR 881 1 0.546954 0.453046 
 ----> 1.3#6.6#44.0#54.0#VAR 882 1 0.550569 0.449431 
 ----> 1.3#6.6#44.0#54.0#VAR 883 0 0.57235 0.42765 
 ----> 1.3#6.6#44.0#54.0#VAR 884 1 0.558418 0.441582 
 ----> 1.3#6.6#44.0#54.0#VAR 885 1 0.553805 0.446195 
 ----> 1.3#6.6#44.0#54.0#VAR 886 1 0.57102 0.42898 
 ----> 1.3#6.6#44.0#54.0#VAR 887 0 0.573521 0.426479 
 ----> 1.3#6.6#44.0#54.0#VAR 888 0 0.567419 0.432581 
 ----> 1.3#6.6#44.0#54.0#VAR 889 0 0.54604 0.45396 
 ----> 1.3#6.6#44.0#54.0#VAR 890 0 0.625575 0.374425 
 ----> 1.3#6.6#44.0#54.0#VAR 891 1 0.547143 0.452857 
 ----> 1.3#6.6#44.0#54.0#VAR 892 0 0.556915 0.443085 
 ----> 1.3#6.6#44.0#54.0#VAR 893 1 0.557303 0.442697 
 ----> 1.3#6.6#44.0#54.0#VAR 894 0 0.563216 0.436784 
 ----> 1.3#6.6#44.0#54.0#VAR 895 0 0.552901 0.447099 
 ----> 1.3#6.6#44.0#54.0#VAR 896 1 0.555969 0.444031 
 ----> 1.3#6.6#44.0#54.0#VAR 897 1 0.553974 0.446026 
 ----> 1.3#6.6#44.0#54.0#VAR 898 1 0.557817 0.442183 
 ----> 1.3#6.6#44.0#54.0#VAR 899 0 0.576447 0.423553 
 ----> 1.3#6.6#44.0#54.0#VAR 900 1 0.556868 0.443132 
 ----> 1.3#6.6#44.0#54.0#VAR 901 0 0.559527 0.440473 
 ----> 1.3#6.6#44.0#54.0#VAR 902 0 0.527981 0.472019 
 ----> 1.3#6.6#44.0#54.0#VAR 903 1 0.529935 0.470065 
 ----> 1.3#6.6#44.0#54.0#VAR 904 1 0.528785 0.471215 
 ----> 1.3#6.6#44.0#54.0#VAR 905 1 0.558939 0.441061 
 ----> 1.3#6.6#44.0#54.0#VAR 906 0 0.582366 0.417634 
 ----> 1.3#6.6#44.0#54.0#VAR 907 1 0.547244 0.452756 
 ----> 1.3#6.6#44.0#54.0#VAR 908 1 0.55118 0.44882 
 ----> 1.3#6.6#44.0#54.0#VAR 909 1 0.522876 0.477124 
 ----> 1.3#6.6#44.0#54.0#VAR 910 1 0.529304 0.470696 
 ----> 1.3#6.6#44.0#54.0#VAR 911 1 0.524186 0.475814 
 ----> 1.3#6.6#44.0#54.0#VAR 912 1 0.514689 0.485311 
 ----> 1.3#6.6#44.0#54.0#VAR 913 1 0.540765 0.459235 
 ----> 1.3#6.6#44.0#54.0#VAR 914 1 0.520236 0.479764 
 ----> 1.3#6.6#44.0#54.0#VAR 915 1 0.501164 0.498836 
 ----> 1.3#6.6#44.0#54.0#VAR 916 0 0.57913 0.42087 
 ----> 1.3#6.6#44.0#54.0#VAR 917 1 0.532476 0.467524 
 ----> 1.3#6.6#44.0#54.0#VAR 918 1 0.542655 0.457345 
 ----> 1.3#6.6#44.0#54.0#VAR 919 1 0.526887 0.473113 
 ----> 1.3#6.6#44.0#54.0#VAR 920 1 0.576957 0.423043 
 ----> 1.3#6.6#44.0#54.0#VAR 921 1 0.556748 0.443252 
 ----> 1.3#6.6#44.0#54.0#VAR 922 1 0.503681 0.496319 
 ----> 1.3#6.6#44.0#54.0#VAR 923 1 0.512744 0.487256 
 ----> 1.3#6.6#44.0#54.0#VAR 924 1 0.51392 0.48608 
 ----> 1.3#6.6#44.0#54.0#VAR 925 1 0.536373 0.463627 
 ----> 1.3#6.6#44.0#54.0#VAR 926 1 0.531329 0.468671 
 ----> 1.3#6.6#44.0#54.0#VAR 927 1 0.557973 0.442027 
 ----> 1.3#6.6#44.0#54.0#VAR 928 1 0.504008 0.495992 
 ----> 1.3#6.6#44.0#54.0#VAR 929 1 0.551227 0.448773 
 ----> 1.3#6.6#44.0#54.0#VAR 930 1 0.546264 0.453736 
 ----> 1.3#6.6#44.0#54.0#VAR 931 1 0.530858 0.469142 
 ----> 1.3#6.6#44.0#54.0#VAR 932 1 0.5448 0.4552 
 ----> 1.3#6.6#44.0#54.0#VAR 933 1 0.548871 0.451129 
 ----> 1.3#6.6#44.0#54.0#VAR 934 1 0.521284 0.478716 
 ----> 1.3#6.6#44.0#54.0#VAR 935 1 0.524253 0.475747 
 ----> 1.3#6.6#44.0#54.0#VAR 936 1 0.580272 0.419728 
 ----> 1.3#6.6#44.0#54.0#VAR 937 1 0.550452 0.449548 
 ----> 1.3#6.6#44.0#54.0#VAR 938 1 0.554756 0.445244 
 ----> 1.3#6.6#44.0#54.0#VAR 939 1 0.534892 0.465108 
 ----> 1.3#6.6#44.0#54.0#VAR 940 1 0.5292 0.4708 
 ----> 1.3#6.6#44.0#54.0#VAR 941 1 0.553005 0.446995 
 ----> 1.3#6.6#44.0#54.0#VAR 942 1 0.521314 0.478686 
 ----> 1.3#6.6#44.0#54.0#VAR 943 1 0.510824 0.489176 
 ----> 1.3#6.6#44.0#54.0#VAR 944 1 0.514497 0.485503 
 ----> 1.3#6.6#44.0#54.0#VAR 945 0 0.499217 0.500783 
 ----> 1.3#6.6#44.0#54.0#VAR 946 1 0.531147 0.468853 
 ----> 1.3#6.6#44.0#54.0#VAR 947 1 0.547324 0.452676 
 ----> 1.3#6.6#44.0#54.0#VAR 948 1 0.539292 0.460708 
 ----> 1.3#6.6#44.0#54.0#VAR 949 0 0.549682 0.450318 
 ----> 1.3#6.6#44.0#54.0#VAR 950 0 0.53456 0.46544 
 ----> 1.3#6.6#44.0#54.0#VAR 951 1 0.542249 0.457751 
 ----> 1.3#6.6#44.0#54.0#VAR 952 1 0.538366 0.461634 
 ----> 1.3#6.6#44.0#54.0#VAR 953 1 0.536547 0.463453 
 ----> 1.3#6.6#44.0#54.0#VAR 954 1 0.531009 0.468991 
 ----> 1.3#6.6#44.0#54.0#VAR 955 0 0.513797 0.486203 
 ----> 1.3#6.6#44.0#54.0#VAR 956 1 0.539949 0.460051 
 ----> 1.3#6.6#44.0#54.0#VAR 957 0 0.559425 0.440575 
 ----> 1.3#6.6#44.0#54.0#VAR 958 0 0.572532 0.427468 
 ----> 1.3#6.6#44.0#54.0#VAR 959 1 0.521582 0.478418 
 ----> 1.3#6.6#44.0#54.0#VAR 960 1 0.559803 0.440197 
 ----> 1.3#6.6#44.0#54.0#VAR 961 0 0.595452 0.404548 
 ----> 1.3#6.6#44.0#54.0#VAR 962 1 0.56854 0.43146 
 ----> 1.3#6.6#44.0#54.0#VAR 963 0 0.60607 0.39393 
 ----> 1.3#6.6#44.0#54.0#VAR 964 1 0.568561 0.431439 
 ----> 1.3#6.6#44.0#54.0#VAR 965 0 0.554211 0.445789 
 ----> 1.3#6.6#44.0#54.0#VAR 966 0 0.569642 0.430358 
 ----> 1.3#6.6#44.0#54.0#VAR 967 1 0.533651 0.466349 
 ----> 1.3#6.6#44.0#54.0#VAR 968 0 0.553141 0.446859 
 ----> 1.3#6.6#44.0#54.0#VAR 969 0 0.554821 0.445179 
 ----> 1.3#6.6#44.0#54.0#VAR 970 1 0.535564 0.464436 
 ----> 1.3#6.6#44.0#54.0#VAR 971 1 0.47895 0.52105 
 ----> 1.3#6.6#44.0#54.0#VAR 972 1 0.573451 0.426549 
 ----> 1.3#6.6#44.0#54.0#VAR 973 0 0.581695 0.418305 
 ----> 1.3#6.6#44.0#54.0#VAR 974 1 0.530462 0.469538 
 ----> 1.3#6.6#44.0#54.0#VAR 975 1 0.507302 0.492698 
 ----> 1.3#6.6#44.0#54.0#VAR 976 0 0.574108 0.425892 
 ----> 1.3#6.6#44.0#54.0#VAR 977 1 0.519682 0.480318 
 ----> 1.3#6.6#44.0#54.0#VAR 978 0 0.605552 0.394448 
 ----> 1.3#6.6#44.0#54.0#VAR 979 0 0.555148 0.444852 
 ----> 1.3#6.6#44.0#54.0#VAR 980 0 0.566798 0.433202 
 ----> 1.3#6.6#44.0#54.0#VAR 981 1 0.570604 0.429396 
 ----> 1.3#6.6#44.0#54.0#VAR 982 1 0.532523 0.467477 
 ----> 1.3#6.6#44.0#54.0#VAR 983 1 0.531912 0.468088 
 ----> 1.3#6.6#44.0#54.0#VAR 984 0 0.543711 0.456289 
 ----> 1.3#6.6#44.0#54.0#VAR 985 0 0.562587 0.437413 
 ----> 1.3#6.6#44.0#54.0#VAR 986 0 0.564232 0.435768 
 ----> 1.3#6.6#44.0#54.0#VAR 987 1 0.557555 0.442445 
 ----> 1.3#6.6#44.0#54.0#VAR 988 1 0.533497 0.466503 
 ----> 1.3#6.6#44.0#54.0#VAR 989 1 0.521652 0.478348 
 ----> 1.3#6.6#44.0#54.0#VAR 990 1 0.530567 0.469433 
 ----> 1.3#6.6#44.0#54.0#VAR 991 0 0.584912 0.415088 
 ----> 1.3#6.6#44.0#54.0#VAR 992 0 0.539114 0.460886 
 ----> 1.3#6.6#44.0#54.0#VAR 993 0 0.589032 0.410968 
 ----> 1.3#6.6#44.0#54.0#VAR 994 1 0.544668 0.455332 
 ----> 1.3#6.6#44.0#54.0#VAR 995 0 0.544717 0.455283 
 ----> 1.3#6.6#44.0#54.0#VAR 996 1 0.553681 0.446319 
 ----> 1.3#6.6#44.0#54.0#VAR 997 1 0.542539 0.457461 
 ----> 1.3#6.6#44.0#54.0#VAR 998 0 0.550668 0.449332 
 ----> 1.3#6.6#44.0#54.0#VAR 999 0 0.54587 0.45413 
 ----> 1.3#6.6#44.0#54.0#VAR 1000 1 0.521448 0.478552 
 ----> 1.3#6.6#44.0#54.0#VAR 1001 1 0.560561 0.439439 
 ----> 1.3#6.6#44.0#54.0#VAR 1002 0 0.546993 0.453007 
 ----> 1.3#6.6#44.0#54.0#VAR 1003 1 0.537661 0.462339 
 ----> 1.3#6.6#44.0#54.0#VAR 1004 0 0.549691 0.450309 
 ----> 1.3#6.6#44.0#54.0#VAR 1005 1 0.543385 0.456615 
 ----> 1.3#6.6#44.0#54.0#VAR 1006 0 0.571312 0.428688 
 ----> 1.3#6.6#44.0#54.0#VAR 1007 1 0.485186 0.514814 
 ----> 1.3#6.6#44.0#54.0#VAR 1008 0 0.576588 0.423412 
 ----> 1.3#6.6#44.0#54.0#VAR 1009 0 0.574131 0.425869 
 ----> 1.3#6.6#44.0#54.0#VAR 1010 1 0.557428 0.442572 
 ----> 1.3#6.6#44.0#54.0#VAR 1011 0 0.535084 0.464916 
 ----> 1.3#6.6#44.0#54.0#VAR 1012 0 0.594746 0.405254 
 ----> 1.3#6.6#44.0#54.0#VAR 1013 0 0.578107 0.421893 
 ----> 1.3#6.6#44.0#54.0#VAR 1014 1 0.577241 0.422759 
 ----> 1.3#6.6#44.0#54.0#VAR 1015 0 0.585384 0.414616 
 ----> 1.3#6.6#44.0#54.0#VAR 1016 1 0.498635 0.501365 
 ----> 1.3#6.6#44.0#54.0#VAR 1017 1 0.522573 0.477427 
 ----> 1.3#6.6#44.0#54.0#VAR 1018 1 0.527085 0.472915 
 ----> 1.3#6.6#44.0#54.0#VAR 1019 1 0.501337 0.498663 
 ----> 1.3#6.6#44.0#54.0#VAR 1020 1 0.511972 0.488028 
 ----> 1.3#6.6#44.0#54.0#VAR 1021 1 0.547979 0.452021 
 ----> 1.3#6.6#44.0#54.0#VAR 1022 1 0.527083 0.472917 
 ----> 1.3#6.6#44.0#54.0#VAR 1023 1 0.543441 0.456559 
 ----> 1.3#6.6#44.0#54.0#VAR 1024 1 0.531137 0.468863 
 ----> 1.3#6.6#44.0#54.0#VAR 1025 1 0.529104 0.470896 
 ----> 1.3#6.6#44.0#54.0#VAR 1026 0 0.594577 0.405423 
 ----> 1.3#6.6#44.0#54.0#VAR 1027 0 0.563947 0.436053 
 ----> 1.3#6.6#44.0#54.0#VAR 1028 1 0.553943 0.446057 
 ----> 1.3#6.6#44.0#54.0#VAR 1029 1 0.565662 0.434338 
 ----> 1.3#6.6#44.0#54.0#VAR 1030 1 0.547661 0.452339 
 ----> 1.3#6.6#44.0#54.0#VAR 1031 0 0.551265 0.448735 
 ----> 1.3#6.6#44.0#54.0#VAR 1032 1 0.559197 0.440803 
 ----> 1.3#6.6#44.0#54.0#VAR 1033 1 0.551536 0.448464 
 ----> 1.3#6.6#44.0#54.0#VAR 1034 1 0.553374 0.446626 
 ----> 1.3#6.6#44.0#54.0#VAR 1035 0 0.564594 0.435406 
 ----> 1.3#6.6#44.0#54.0#VAR 1036 1 0.501361 0.498639 
 ----> 1.3#6.6#44.0#54.0#VAR 1037 1 0.52163 0.47837 
 ----> 1.3#6.6#44.0#54.0#VAR 1038 0 0.559003 0.440997 
 ----> 1.3#6.6#44.0#54.0#VAR 1039 0 0.540786 0.459214 
 ----> 1.3#6.6#44.0#54.0#VAR 1040 0 0.549196 0.450804 
 ----> 1.3#6.6#44.0#54.0#VAR 1041 0 0.586383 0.413617 
 ----> 1.3#6.6#44.0#54.0#VAR 1042 0 0.586288 0.413712 
 ----> 1.3#6.6#44.0#54.0#VAR 1043 1 0.542179 0.457821 
 ----> 1.3#6.6#44.0#54.0#VAR 1044 1 0.546219 0.453781 
 ----> 1.3#6.6#44.0#54.0#VAR 1045 0 0.552211 0.447789 
 ----> 1.3#6.6#44.0#54.0#VAR 1046 1 0.54335 0.45665 
 ----> 1.3#6.6#44.0#54.0#VAR 1047 1 0.522303 0.477697 
 ----> 1.3#6.6#44.0#54.0#VAR 1048 0 0.598221 0.401779 
 ----> 1.3#6.6#44.0#54.0#VAR 1049 0 0.573877 0.426123 
 ----> 1.3#6.6#44.0#54.0#VAR 1050 0 0.568899 0.431101 
 ----> 1.3#6.6#44.0#54.0#VAR 1051 1 0.530763 0.469237 
 ----> 1.3#6.6#44.0#54.0#VAR 1052 1 0.548973 0.451027 
 ----> 1.3#6.6#44.0#54.0#VAR 1053 0 0.55896 0.44104 
 ----> 1.3#6.6#44.0#54.0#VAR 1054 0 0.548608 0.451392 
 ----> 1.3#6.6#44.0#54.0#VAR 1055 0 0.580379 0.419621 
 ----> 1.3#6.6#44.0#54.0#VAR 1056 1 0.556347 0.443653 
 ----> 1.3#6.6#44.0#54.0#VAR 1057 0 0.583944 0.416056 
 ----> 1.3#6.6#44.0#54.0#VAR 1058 1 0.532826 0.467174 
 ----> 1.3#6.6#44.0#54.0#VAR 1059 1 0.551692 0.448308 
 ----> 1.3#6.6#44.0#54.0#VAR 1060 1 0.562026 0.437974 
 ----> 1.3#6.6#44.0#54.0#VAR 1061 0 0.549098 0.450902 
 ----> 1.3#6.6#44.0#54.0#VAR 1062 1 0.508781 0.491219 
 ----> 1.3#6.6#44.0#54.0#VAR 1063 0 0.56598 0.43402 
 ----> 1.3#6.6#44.0#54.0#VAR 1064 0 0.581763 0.418237 
 ----> 1.3#6.6#44.0#54.0#VAR 1065 0 0.587908 0.412092 
 ----> 1.3#6.6#44.0#54.0#VAR 1066 0 0.573549 0.426451 
 ----> 1.3#6.6#44.0#54.0#VAR 1067 0 0.566275 0.433725 
 ----> 1.3#6.6#44.0#54.0#VAR 1068 1 0.539381 0.460619 
 ----> 1.3#6.6#44.0#54.0#VAR 1069 1 0.550687 0.449313 
 ----> 1.3#6.6#44.0#54.0#VAR 1070 0 0.614341 0.385659 
 ----> 1.3#6.6#44.0#54.0#VAR 1071 1 0.530205 0.469795 
 ----> 1.3#6.6#44.0#54.0#VAR 1072 1 0.516474 0.483526 
 ----> 1.3#6.6#44.0#54.0#VAR 1073 0 0.604992 0.395008 
 ----> 1.3#6.6#44.0#54.0#VAR 1074 1 0.532212 0.467788 
 ----> 1.3#6.6#44.0#54.0#VAR 1075 1 0.517886 0.482114 
 ----> 1.3#6.6#44.0#54.0#VAR 1076 0 0.568782 0.431218 
 ----> 1.3#6.6#44.0#54.0#VAR 1077 1 0.530972 0.469028 
 ----> 1.3#6.6#44.0#54.0#VAR 1078 0 0.566512 0.433488 
 ----> 1.3#6.6#44.0#54.0#VAR 1079 1 0.544922 0.455078 
 ----> 1.3#6.6#44.0#54.0#VAR 1080 1 0.546343 0.453657 
 ----> 1.3#6.6#44.0#54.0#VAR 1081 0 0.557948 0.442052 
 ----> 1.3#6.6#44.0#54.0#VAR 1082 1 0.546819 0.453181 
 ----> 1.3#6.6#44.0#54.0#VAR 1083 0 0.556423 0.443577 
 ----> 1.3#6.6#44.0#54.0#VAR 1084 0 0.579832 0.420168 
 ----> 1.3#6.6#44.0#54.0#VAR 1085 1 0.545572 0.454428 
 ----> 1.3#6.6#44.0#54.0#VAR 1086 0 0.568377 0.431623 
 ----> 1.3#6.6#44.0#54.0#VAR 1087 0 0.568654 0.431346 
 ----> 1.3#6.6#44.0#54.0#VAR 1088 0 0.571542 0.428458 
 ----> 1.3#6.6#44.0#54.0#VAR 1089 0 0.568398 0.431602 
 ----> 1.3#6.6#44.0#54.0#VAR 1090 1 0.547854 0.452146 
 ----> 1.3#6.6#44.0#54.0#VAR 1091 0 0.612203 0.387797 
 ----> 1.3#6.6#44.0#54.0#VAR 1092 0 0.576185 0.423815 
 ----> 1.3#6.6#44.0#54.0#VAR 1093 0 0.570599 0.429401 
 ----> 1.3#6.6#44.0#54.0#VAR 1094 1 0.551897 0.448103 
 ----> 1.3#6.6#44.0#54.0#VAR 1095 0 0.563317 0.436683 
 ----> 1.3#6.6#44.0#54.0#VAR 1096 0 0.591379 0.408621 
 ----> 1.3#6.6#44.0#54.0#VAR 1097 0 0.574823 0.425177 
 ----> 1.3#6.6#44.0#54.0#VAR 1098 1 0.516896 0.483104 
 ----> 1.3#6.6#44.0#54.0#VAR 1099 0 0.585853 0.414147 
 ----> 1.3#6.6#44.0#54.0#VAR 1100 1 0.57857 0.42143 
 ----> 1.3#6.6#44.0#54.0#VAR 1101 1 0.575493 0.424507 
 ----> 1.3#6.6#44.0#54.0#VAR 1102 0 0.567049 0.432951 
 ----> 1.3#6.6#44.0#54.0#VAR 1103 1 0.533429 0.466571 
 ----> 1.3#6.6#44.0#54.0#VAR 1104 1 0.521378 0.478622 
 ----> 1.3#6.6#44.0#54.0#VAR 1105 0 0.588998 0.411002 
 ----> 1.3#6.6#44.0#54.0#VAR 1106 0 0.572036 0.427964 
 ----> 1.3#6.6#44.0#54.0#VAR 1107 0 0.584014 0.415986 
 ----> 1.3#6.6#44.0#54.0#VAR 1108 0 0.564329 0.435671 
 ----> 1.3#6.6#44.0#54.0#VAR 1109 0 0.55866 0.44134 
 ----> 1.3#6.6#44.0#54.0#VAR 1110 0 0.558922 0.441078 
 ----> 1.3#6.6#44.0#54.0#VAR 1111 0 0.546395 0.453605 
 ----> 1.3#6.6#44.0#54.0#VAR 1112 0 0.596196 0.403804 
 ----> 1.3#6.6#44.0#54.0#VAR 1113 0 0.605156 0.394844 
 ----> 1.3#6.6#44.0#54.0#VAR 1114 0 0.566888 0.433112 
 ----> 1.3#6.6#44.0#54.0#VAR 1115 1 0.546802 0.453198 
 ----> 1.3#6.6#44.0#54.0#VAR 1116 0 0.583984 0.416016 
 ----> 1.3#6.6#44.0#54.0#VAR 1117 0 0.57469 0.42531 
 ----> 1.3#6.6#44.0#54.0#VAR 1118 1 0.57978 0.42022 
 ----> 1.3#6.6#44.0#54.0#VAR 1119 0 0.55857 0.44143 
 ----> 1.3#6.6#44.0#54.0#VAR 1120 0 0.575221 0.424779 
 ----> 1.3#6.6#44.0#54.0#VAR 1121 0 0.556002 0.443998 
 ----> 1.3#6.6#44.0#54.0#VAR 1122 0 0.596365 0.403635 
 ----> 1.3#6.6#44.0#54.0#VAR 1123 0 0.540234 0.459766 
 ----> 1.3#6.6#44.0#54.0#VAR 1124 0 0.562742 0.437258 
 ----> 1.3#6.6#44.0#54.0#VAR 1125 0 0.558758 0.441242 
 ----> 1.3#6.6#44.0#54.0#VAR 1126 0 0.545717 0.454283 
 ----> 1.3#6.6#44.0#54.0#VAR 1127 0 0.570575 0.429425 
 ----> 1.3#6.6#44.0#54.0#VAR 1128 0 0.56143 0.43857 
 ----> 1.3#6.6#44.0#54.0#VAR 1129 0 0.538643 0.461357 
 ----> 1.3#6.6#44.0#54.0#VAR 1130 0 0.599441 0.400559 
 ----> 1.3#6.6#44.0#54.0#VAR 1131 1 0.493001 0.506999 
 ----> 1.3#6.6#44.0#54.0#VAR 1132 0 0.581109 0.418891 
 ----> 1.3#6.6#44.0#54.0#VAR 1133 0 0.590965 0.409035 
 ----> 1.3#6.6#44.0#54.0#VAR 1134 0 0.544052 0.455948 
 ----> 1.3#6.6#44.0#54.0#VAR 1135 1 0.511292 0.488708 
 ----> 1.3#6.6#44.0#54.0#VAR 1136 1 0.530863 0.469137 
 ----> 1.3#6.6#44.0#54.0#VAR 1137 1 0.573361 0.426639 
 ----> 1.3#6.6#44.0#54.0#VAR 1138 0 0.578576 0.421424 
 ----> 1.3#6.6#44.0#54.0#VAR 1139 0 0.535085 0.464915 
 ----> 1.3#6.6#44.0#54.0#VAR 1140 0 0.579414 0.420586 
 ----> 1.3#6.6#44.0#54.0#VAR 1141 0 0.563403 0.436597 
 ----> 1.3#6.6#44.0#54.0#VAR 1142 1 0.536269 0.463731 
 ----> 1.3#6.6#44.0#54.0#VAR 1143 1 0.55116 0.44884 
 ----> 1.3#6.6#44.0#54.0#VAR 1144 1 0.543213 0.456787 
 ----> 1.3#6.6#44.0#54.0#VAR 1145 1 0.538866 0.461134 
 ----> 1.3#6.6#44.0#54.0#VAR 1146 0 0.537565 0.462435 
 ----> 1.3#6.6#44.0#54.0#VAR 1147 1 0.550197 0.449803 
 ----> 1.3#6.6#44.0#54.0#VAR 1148 0 0.526759 0.473241 
 ----> 1.3#6.6#44.0#54.0#VAR 1149 0 0.570109 0.429891 
 ----> 1.3#6.6#44.0#54.0#VAR 1150 1 0.559537 0.440463 
 ----> 1.3#6.6#44.0#54.0#VAR 1151 1 0.573419 0.426581 
 ----> 1.3#6.6#44.0#54.0#VAR 1152 0 0.553965 0.446035 
 ----> 1.3#6.6#44.0#54.0#VAR 1153 1 0.514097 0.485903 
 ----> 1.3#6.6#44.0#54.0#VAR 1154 1 0.536817 0.463183 
 ----> 1.3#6.6#44.0#54.0#VAR 1155 1 0.540118 0.459882 
 ----> 1.3#6.6#44.0#54.0#VAR 1156 0 0.556821 0.443179 
 ----> 1.3#6.6#44.0#54.0#VAR 1157 0 0.573013 0.426987 
 ----> 1.3#6.6#44.0#54.0#VAR 1158 0 0.590467 0.409533 
 ----> 1.3#6.6#44.0#54.0#VAR 1159 0 0.602764 0.397236 
 ----> 1.3#6.6#44.0#54.0#VAR 1160 1 0.523243 0.476757 
 ----> 1.3#6.6#44.0#54.0#VAR 1161 0 0.565893 0.434107 
 ----> 1.3#6.6#44.0#54.0#VAR 1162 0 0.572937 0.427063 
 ----> 1.3#6.6#44.0#54.0#VAR 1163 1 0.534271 0.465729 
 ----> 1.3#6.6#44.0#54.0#VAR 1164 0 0.595866 0.404134 
 ----> 1.3#6.6#44.0#54.0#VAR 1165 0 0.556377 0.443623 
 ----> 1.3#6.6#44.0#54.0#VAR 1166 1 0.529047 0.470953 
 ----> 1.3#6.6#44.0#54.0#VAR 1167 0 0.56721 0.43279 
 ----> 1.3#6.6#44.0#54.0#VAR 1168 0 0.627501 0.372499 
 ----> 1.3#6.6#44.0#54.0#VAR 1169 0 0.546575 0.453425 
 ----> 1.3#6.6#44.0#54.0#VAR 1170 0 0.590078 0.409922 
 ----> 1.3#6.6#44.0#54.0#VAR 1171 1 0.583465 0.416535 
 ----> 1.3#6.6#44.0#54.0#VAR 1172 0 0.586456 0.413544 
 ----> 1.3#6.6#44.0#54.0#VAR 1173 1 0.55187 0.44813 
 ----> 1.3#6.6#44.0#54.0#VAR 1174 1 0.530964 0.469036 
 ----> 1.3#6.6#44.0#54.0#VAR 1175 0 0.571495 0.428505 
 ----> 1.3#6.6#44.0#54.0#VAR 1176 1 0.538424 0.461576 
 ----> 1.3#6.6#44.0#54.0#VAR 1177 1 0.492597 0.507403 
 ----> 1.3#6.6#44.0#54.0#VAR 1178 0 0.589048 0.410952 
 ----> 1.3#6.6#44.0#54.0#VAR 1179 1 0.568828 0.431172 
 ----> 1.3#6.6#44.0#54.0#VAR 1180 0 0.582642 0.417358 
 ----> 1.3#6.6#44.0#54.0#VAR 1181 0 0.545224 0.454776 
 ----> 1.3#6.6#44.0#54.0#VAR 1182 1 0.552454 0.447546 
 ----> 1.3#6.6#44.0#54.0#VAR 1183 0 0.566013 0.433987 
 ----> 1.3#6.6#44.0#54.0#VAR 1184 0 0.556988 0.443012 
 ----> 1.3#6.6#44.0#54.0#VAR 1185 1 0.520106 0.479894 
 ----> 1.3#6.6#44.0#54.0#VAR 1186 0 0.574428 0.425572 
 ----> 1.3#6.6#44.0#54.0#VAR 1187 0 0.591894 0.408106 
 ----> 1.3#6.6#44.0#54.0#VAR 1188 0 0.571146 0.428854 
 ----> 1.3#6.6#44.0#54.0#VAR 1189 0 0.549293 0.450707 
 ----> 1.3#6.6#44.0#54.0#VAR 1190 0 0.569254 0.430746 
 ----> 1.3#6.6#44.0#54.0#VAR 1191 0 0.587405 0.412595 
 ----> 1.3#6.6#44.0#54.0#VAR 1192 0 0.56978 0.43022 
 ----> 1.3#6.6#44.0#54.0#VAR 1193 0 0.554375 0.445625 
 ----> 1.3#6.6#44.0#54.0#VAR 1194 0 0.583838 0.416162 
 ----> 1.3#6.6#44.0#54.0#VAR 1195 0 0.622715 0.377285 
 ----> 1.3#6.6#44.0#54.0#VAR 1196 1 0.536764 0.463236 
 ----> 1.3#6.6#44.0#54.0#VAR 1197 1 0.555676 0.444324 
 ----> 1.3#6.6#44.0#54.0#VAR 1198 0 0.578113 0.421887 
 ----> 1.3#6.6#44.0#54.0#VAR 1199 0 0.562391 0.437609 
 ----> 1.3#6.6#44.0#54.0#VAR 1200 1 0.547769 0.452231 
 ----> 1.3#6.6#44.0#54.0#VAR 1201 0 0.558533 0.441467 
 ----> 1.3#6.6#44.0#54.0#VAR 1202 0 0.58493 0.41507 
 ----> 1.3#6.6#44.0#54.0#VAR 1203 0 0.593518 0.406482 
 ----> 1.3#6.6#44.0#54.0#VAR 1204 1 0.572439 0.427561 
 ----> 1.3#6.6#44.0#54.0#VAR 1205 1 0.539197 0.460803 
 ----> 1.3#6.6#44.0#54.0#VAR 1206 0 0.594928 0.405072 
 ----> 1.3#6.6#44.0#54.0#VAR 1207 1 0.55583 0.44417 
 ----> 1.3#6.6#44.0#54.0#VAR 1208 0 0.572548 0.427452 
 ----> 1.3#6.6#44.0#54.0#VAR 1209 1 0.568847 0.431153 
 ----> 1.3#6.6#44.0#54.0#VAR 1210 0 0.563947 0.436053 
 ----> 1.3#6.6#44.0#54.0#VAR 1211 1 0.510614 0.489386 
 ----> 1.3#6.6#44.0#54.0#VAR 1212 1 0.527239 0.472761 
 ----> 1.3#6.6#44.0#54.0#VAR 1213 0 0.535307 0.464693 
 ----> 1.3#6.6#44.0#54.0#VAR 1214 0 0.584213 0.415787 
 ----> 1.3#6.6#44.0#54.0#VAR 1215 0 0.562956 0.437044 
 ----> 1.3#6.6#44.0#54.0#VAR 1216 0 0.569117 0.430883 
 ----> 1.3#6.6#44.0#54.0#VAR 1217 0 0.545247 0.454753 
 ----> 1.3#6.6#44.0#54.0#VAR 1218 0 0.544139 0.455861 
 ----> 1.3#6.6#44.0#54.0#VAR 1219 0 0.578429 0.421571 
 ----> 1.3#6.6#44.0#54.0#VAR 1220 0 0.571773 0.428227 
 ----> 1.3#6.6#44.0#54.0#VAR 1221 0 0.614266 0.385734 
 ----> 1.3#6.6#44.0#54.0#VAR 1222 1 0.542468 0.457532 
 ----> 1.3#6.6#44.0#54.0#VAR 1223 1 0.584468 0.415532 
 ----> 1.3#6.6#44.0#54.0#VAR 1224 1 0.543719 0.456281 
 ----> 1.3#6.6#44.0#54.0#VAR 1225 0 0.599417 0.400583 
 ----> 1.3#6.6#44.0#54.0#VAR 1226 1 0.553152 0.446848 
 ----> 1.3#6.6#44.0#54.0#VAR 1227 1 0.521844 0.478156 
 ----> 1.3#6.6#44.0#54.0#VAR 1228 0 0.535066 0.464934 
 ----> 1.3#6.6#44.0#54.0#VAR 1229 0 0.613189 0.386811 
 ----> 1.3#6.6#44.0#54.0#VAR 1230 1 0.513227 0.486773 
 ----> 1.3#6.6#44.0#54.0#VAR 1231 1 0.541774 0.458226 
 ----> 1.3#6.6#44.0#54.0#VAR 1232 0 0.57534 0.42466 
 ----> 1.3#6.6#44.0#54.0#VAR 1233 0 0.570697 0.429303 
 ----> 1.3#6.6#44.0#54.0#VAR 1234 1 0.578416 0.421584 
 ----> 1.3#6.6#44.0#54.0#VAR 1235 1 0.562332 0.437668 
 ----> 1.3#6.6#44.0#54.0#VAR 1236 0 0.560986 0.439014 
 ----> 1.3#6.6#44.0#54.0#VAR 1237 0 0.590246 0.409754 
 ----> 1.3#6.6#44.0#54.0#VAR 1238 0 0.593091 0.406909 
 ----> 1.3#6.6#44.0#54.0#VAR 1239 1 0.539552 0.460448 
 ----> 1.3#6.6#44.0#54.0#VAR 1240 0 0.590978 0.409022 
 ----> 1.3#6.6#44.0#54.0#VAR 1241 0 0.57569 0.42431 
 ----> 1.3#6.6#44.0#54.0#VAR 1242 1 0.561023 0.438977 
 ----> 1.3#6.6#44.0#54.0#VAR 1243 0 0.596817 0.403183 
 ----> 1.3#6.6#44.0#54.0#VAR 1244 0 0.63173 0.36827 
 ----> 1.3#6.6#44.0#54.0#VAR 1245 0 0.635888 0.364112 
 ----> 1.3#6.6#44.0#54.0#VAR 1246 0 0.604472 0.395528 
 ----> 1.3#6.6#44.0#54.0#VAR 1247 0 0.577013 0.422987 
 ----> 1.3#6.6#44.0#54.0#VAR 1248 0 0.604848 0.395152 
 ----> 1.3#6.6#44.0#54.0#VAR 1249 0 0.597488 0.402512 
 ----> 1.3#6.6#44.0#54.0#VAR 1250 0 0.549617 0.450383 
 ----> 1.3#6.6#44.0#54.0#VAR 1251 0 0.590807 0.409193 
 ----> 1.3#6.6#44.0#54.0#VAR 1252 0 0.581298 0.418702 
 ----> 1.3#6.6#44.0#54.0#VAR 1253 0 0.561814 0.438186 
 ----> 1.3#6.6#44.0#54.0#VAR 1254 0 0.583951 0.416049 
 ----> 1.3#6.6#44.0#54.0#VAR 1255 0 0.5777 0.4223 
 ----> 1.3#6.6#44.0#54.0#VAR 1256 0 0.550339 0.449661 
 ----> 1.3#6.6#44.0#54.0#VAR 1257 1 0.542021 0.457979 
 ----> 1.3#6.6#44.0#54.0#VAR 1258 0 0.557992 0.442008 
 ----> 1.3#6.6#44.0#54.0#VAR 1259 1 0.567616 0.432384 
 ----> 1.3#6.6#44.0#54.0#VAR 1260 0 0.572847 0.427153 
 ----> 1.3#6.6#44.0#54.0#VAR 1261 0 0.577937 0.422063 
 ----> 1.3#6.6#44.0#54.0#VAR 1262 0 0.584705 0.415295 
 ----> 1.3#6.6#44.0#54.0#VAR 1263 1 0.58608 0.41392 
 ----> 1.3#6.6#44.0#54.0#VAR 1264 0 0.586681 0.413319 
 ----> 1.3#6.6#44.0#54.0#VAR 1265 1 0.551169 0.448831 
 ----> 1.3#6.6#44.0#54.0#VAR 1266 1 0.54349 0.45651 
 ----> 1.3#6.6#44.0#54.0#VAR 1267 1 0.551991 0.448009 
 ----> 1.3#6.6#44.0#54.0#VAR 1268 1 0.541598 0.458402 
 ----> 1.3#6.6#44.0#54.0#VAR 1269 1 0.563079 0.436921 
 ----> 1.3#6.6#44.0#54.0#VAR 1270 1 0.535476 0.464524 
 ----> 1.3#6.6#44.0#54.0#VAR 1271 1 0.545711 0.454289 
 ----> 1.3#6.6#44.0#54.0#VAR 1272 0 0.564755 0.435245 
 ----> 1.3#6.6#44.0#54.0#VAR 1273 1 0.547202 0.452798 
 ----> 1.3#6.6#44.0#54.0#VAR 1274 0 0.578374 0.421626 
 ----> 1.3#6.6#44.0#54.0#VAR 1275 0 0.552134 0.447866 
 ----> 1.3#6.6#44.0#54.0#VAR 1276 1 0.57653 0.42347 
 ----> 1.3#6.6#44.0#54.0#VAR 1277 1 0.548619 0.451381 
 ----> 1.3#6.6#44.0#54.0#VAR 1278 1 0.537929 0.462071 
 ----> 1.3#6.6#44.0#54.0#VAR 1279 0 0.561848 0.438152 
 ----> 1.3#6.6#44.0#54.0#VAR 1280 1 0.55304 0.44696 
 ----> 1.3#6.6#44.0#54.0#VAR 1281 0 0.560968 0.439032 
 ----> 1.3#6.6#44.0#54.0#VAR 1282 1 0.5693 0.4307 
 ----> 1.3#6.6#44.0#54.0#VAR 1283 0 0.579647 0.420353 
 ----> 1.3#6.6#44.0#54.0#VAR 1284 1 0.528956 0.471044 
 ----> 1.3#6.6#44.0#54.0#VAR 1285 1 0.530889 0.469111 
 ----> 1.3#6.6#44.0#54.0#VAR 1286 0 0.572451 0.427549 
 ----> 1.3#6.6#44.0#54.0#VAR 1287 1 0.568504 0.431496 
 ----> 1.3#6.6#44.0#54.0#VAR 1288 1 0.544336 0.455664 
 ----> 1.3#6.6#44.0#54.0#VAR 1289 1 0.51855 0.48145 
 ----> 1.3#6.6#44.0#54.0#VAR 1290 1 0.521066 0.478934 
 ----> 1.3#6.6#44.0#54.0#VAR 1291 0 0.566076 0.433924 
 ----> 1.3#6.6#44.0#54.0#VAR 1292 0 0.554137 0.445863 
 ----> 1.3#6.6#44.0#54.0#VAR 1293 0 0.574685 0.425315 
 ----> 1.3#6.6#44.0#54.0#VAR 1294 0 0.573957 0.426043 
 ----> 1.3#6.6#44.0#54.0#VAR 1295 0 0.561997 0.438003 
 ----> 1.3#6.6#44.0#54.0#VAR 1296 1 0.536009 0.463991 
 ----> 1.3#6.6#44.0#54.0#VAR 1297 0 0.585429 0.414571 
 ----> 1.3#6.6#44.0#54.0#VAR 1298 1 0.543834 0.456166 
 ----> 1.3#6.6#44.0#54.0#VAR 1299 0 0.523848 0.476152 
 ----> 1.3#6.6#44.0#54.0#VAR 1300 0 0.573662 0.426338 
 ----> 1.3#6.6#44.0#54.0#VAR 1301 0 0.569313 0.430687 
 ----> 1.3#6.6#44.0#54.0#VAR 1302 1 0.556044 0.443956 
 ----> 1.3#6.6#44.0#54.0#VAR 1303 1 0.560609 0.439391 
 ----> 1.3#6.6#44.0#54.0#VAR 1304 0 0.550125 0.449875 
 ----> 1.3#6.6#44.0#54.0#VAR 1305 0 0.540645 0.459355 
 ----> 1.3#6.6#44.0#54.0#VAR 1306 0 0.554783 0.445217 
 ----> 1.3#6.6#44.0#54.0#VAR 1307 0 0.564065 0.435935 
 ----> 1.3#6.6#44.0#54.0#VAR 1308 1 0.528627 0.471373 
 ----> 1.3#6.6#44.0#54.0#VAR 1309 0 0.556889 0.443111 
 ----> 1.3#6.6#44.0#54.0#VAR 1310 0 0.570094 0.429906 
 ----> 1.3#6.6#44.0#54.0#VAR 1311 1 0.542517 0.457483 
 ----> 1.3#6.6#44.0#54.0#VAR 1312 1 0.579197 0.420803 
 ----> 1.3#6.6#44.0#54.0#VAR 1313 0 0.555263 0.444737 
 ----> 1.3#6.6#44.0#54.0#VAR 1314 0 0.559712 0.440288 
 ----> 1.3#6.6#44.0#54.0#VAR 1315 0 0.594344 0.405656 
 ----> 1.3#6.6#44.0#54.0#VAR 1316 1 0.523575 0.476425 
 ----> 1.3#6.6#44.0#54.0#VAR 1317 0 0.599309 0.400691 
 ----> 1.3#6.6#44.0#54.0#VAR 1318 1 0.554909 0.445091 
 ----> 1.3#6.6#44.0#54.0#VAR 1319 1 0.553037 0.446963 
 ----> 1.3#6.6#44.0#54.0#VAR 1320 0 0.540668 0.459332 
 ----> 1.3#6.6#44.0#54.0#VAR 1321 0 0.588102 0.411898 
 ----> 1.3#6.6#44.0#54.0#VAR 1322 0 0.537281 0.462719 
 ----> 1.3#6.6#44.0#54.0#VAR 1323 1 0.549049 0.450951 
 ----> 1.3#6.6#44.0#54.0#VAR 1324 0 0.558994 0.441006 
 ----> 1.3#6.6#44.0#54.0#VAR 1325 0 0.585401 0.414599 
 ----> 1.3#6.6#44.0#54.0#VAR 1326 1 0.534622 0.465378 
 ----> 1.3#6.6#44.0#54.0#VAR 1327 0 0.56921 0.43079 
 ----> 1.3#6.6#44.0#54.0#VAR 1328 0 0.530951 0.469049 
 ----> 1.3#6.6#44.0#54.0#VAR 1329 0 0.571414 0.428586 
 ----> 1.3#6.6#44.0#54.0#VAR 1330 1 0.566881 0.433119 
 ----> 1.3#6.6#44.0#54.0#VAR 1331 1 0.544047 0.455953 
 ----> 1.3#6.6#44.0#54.0#VAR 1332 0 0.592452 0.407548 
 ----> 1.3#6.6#44.0#54.0#VAR 1333 1 0.532341 0.467659 
 ----> 1.3#6.6#44.0#54.0#VAR 1334 0 0.532211 0.467789 
 ----> 1.3#6.6#44.0#54.0#VAR 1335 0 0.560182 0.439818 
 ----> 1.3#6.6#44.0#54.0#VAR 1336 0 0.570997 0.429003 
 ----> 1.3#6.6#44.0#54.0#VAR 1337 1 0.538912 0.461088 
 ----> 1.3#6.6#44.0#54.0#VAR 1338 0 0.56041 0.43959 
 ----> 1.3#6.6#44.0#54.0#VAR 1339 1 0.524897 0.475103 
 ----> 1.3#6.6#44.0#54.0#VAR 1340 1 0.544511 0.455489 
 ----> 1.3#6.6#44.0#54.0#VAR 1341 0 0.567333 0.432667 
 ----> 1.3#6.6#44.0#54.0#VAR 1342 0 0.567313 0.432687 
 ----> 1.3#6.6#44.0#54.0#VAR 1343 0 0.565737 0.434263 
 ----> 1.3#6.6#44.0#54.0#VAR 1344 1 0.572231 0.427769 
 ----> 1.3#6.6#44.0#54.0#VAR 1345 0 0.561265 0.438735 
 ----> 1.3#6.6#44.0#54.0#VAR 1346 1 0.547587 0.452413 
 ----> 1.3#6.6#44.0#54.0#VAR 1347 1 0.57605 0.42395 
 ----> 1.3#6.6#44.0#54.0#VAR 1348 1 0.519726 0.480274 
 ----> 1.3#6.6#44.0#54.0#VAR 1349 0 0.560895 0.439105 
 ----> 1.3#6.6#44.0#54.0#VAR 1350 1 0.545154 0.454846 
 ----> 1.3#6.6#44.0#54.0#VAR 1351 0 0.555878 0.444122 
 ----> 1.3#6.6#44.0#54.0#VAR 1352 1 0.542473 0.457527 
 ----> 1.3#6.6#44.0#54.0#VAR 1353 1 0.53057 0.46943 
 ----> 1.3#6.6#44.0#54.0#VAR 1354 1 0.549056 0.450944 
 ----> 1.3#6.6#44.0#54.0#VAR 1355 1 0.521269 0.478731 
 ----> 1.3#6.6#44.0#54.0#VAR 1356 0 0.555584 0.444416 
 ----> 1.3#6.6#44.0#54.0#VAR 1357 1 0.515349 0.484651 
 ----> 1.3#6.6#44.0#54.0#VAR 1358 0 0.613437 0.386563 
 ----> 1.3#6.6#44.0#54.0#VAR 1359 0 0.549963 0.450037 
 ----> 1.3#6.6#44.0#54.0#VAR 1360 1 0.514856 0.485144 
 ----> 1.3#6.6#44.0#54.0#VAR 1361 1 0.540555 0.459445 
 ----> 1.3#6.6#44.0#54.0#VAR 1362 0 0.541106 0.458894 
 ----> 1.3#6.6#44.0#54.0#VAR 1363 0 0.559549 0.440451 
 ----> 1.3#6.6#44.0#54.0#VAR 1364 0 0.579015 0.420985 
 ----> 1.3#6.6#44.0#54.0#VAR 1365 0 0.53391 0.46609 
 ----> 1.3#6.6#44.0#54.0#VAR 1366 0 0.574513 0.425487 
 ----> 1.3#6.6#44.0#54.0#VAR 1367 0 0.589433 0.410567 
 ----> 1.3#6.6#44.0#54.0#VAR 1368 1 0.573469 0.426531 
 ----> 1.3#6.6#44.0#54.0#VAR 1369 0 0.580606 0.419394 
 ----> 1.3#6.6#44.0#54.0#VAR 1370 1 0.519161 0.480839 
 ----> 1.3#6.6#44.0#54.0#VAR 1371 1 0.538611 0.461389 
 ----> 1.3#6.6#44.0#54.0#VAR 1372 0 0.546661 0.453339 
 ----> 1.3#6.6#44.0#54.0#VAR 1373 0 0.556385 0.443615 
 ----> 1.3#6.6#44.0#54.0#VAR 1374 0 0.576105 0.423895 
 ----> 1.3#6.6#44.0#54.0#VAR 1375 0 0.568166 0.431834 
 ----> 1.3#6.6#44.0#54.0#VAR 1376 1 0.549463 0.450537 
 ----> 1.3#6.6#44.0#54.0#VAR 1377 0 0.578716 0.421284 
 ----> 1.3#6.6#44.0#54.0#VAR 1378 0 0.589704 0.410296 
 ----> 1.3#6.6#44.0#54.0#VAR 1379 1 0.549683 0.450317 
 ----> 1.3#6.6#44.0#54.0#VAR 1380 0 0.582347 0.417653 
 ----> 1.3#6.6#44.0#54.0#VAR 1381 0 0.546103 0.453897 
 ----> 1.3#6.6#44.0#54.0#VAR 1382 0 0.562869 0.437131 
 ----> 1.3#6.6#44.0#54.0#VAR 1383 1 0.572279 0.427721 
 ----> 1.3#6.6#44.0#54.0#VAR 1384 1 0.571021 0.428979 
 ----> 1.3#6.6#44.0#54.0#VAR 1385 1 0.559732 0.440268 
 ----> 1.3#6.6#44.0#54.0#VAR 1386 0 0.553326 0.446674 
 ----> 1.3#6.6#44.0#54.0#VAR 1387 1 0.529469 0.470531 
 ----> 1.3#6.6#44.0#54.0#VAR 1388 0 0.54956 0.45044 
 ----> 1.3#6.6#44.0#54.0#VAR 1389 0 0.569232 0.430768 
 ----> 1.3#6.6#44.0#54.0#VAR 1390 0 0.560416 0.439584 
 ----> 1.3#6.6#44.0#54.0#VAR 1391 1 0.51961 0.48039 
 ----> 1.3#6.6#44.0#54.0#VAR 1392 1 0.530599 0.469401 
 ----> 1.3#6.6#44.0#54.0#VAR 1393 1 0.534136 0.465864 
 ----> 1.3#6.6#44.0#54.0#VAR 1394 0 0.580511 0.419489 
 ----> 1.3#6.6#44.0#54.0#VAR 1395 0 0.547573 0.452427 
 ----> 1.3#6.6#44.0#54.0#VAR 1396 0 0.556824 0.443176 
 ----> 1.3#6.6#44.0#54.0#VAR 1397 0 0.560344 0.439656 
 ----> 1.3#6.6#44.0#54.0#VAR 1398 0 0.586877 0.413123 
 ----> 1.3#6.6#44.0#54.0#VAR 1399 0 0.571559 0.428441 
 ----> 1.3#6.6#44.0#54.0#VAR 1400 0 0.56752 0.43248 
 ----> 1.3#6.6#44.0#54.0#VAR 1401 1 0.523802 0.476198 
 ----> 1.3#6.6#44.0#54.0#VAR 1402 1 0.526106 0.473894 
 ----> 1.3#6.6#44.0#54.0#VAR 1403 0 0.564502 0.435498 
 ----> 1.3#6.6#44.0#54.0#VAR 1404 0 0.590045 0.409955 
 ----> 1.3#6.6#44.0#54.0#VAR 1405 0 0.566024 0.433976 
 ----> 1.3#6.6#44.0#54.0#VAR 1406 1 0.525382 0.474618 
 ----> 1.3#6.6#44.0#54.0#VAR 1407 1 0.507211 0.492789 
 ----> 1.3#6.6#44.0#54.0#VAR 1408 0 0.541474 0.458526 
 ----> 1.3#6.6#44.0#54.0#VAR 1409 1 0.542389 0.457611 
 ----> 1.3#6.6#44.0#54.0#VAR 1410 0 0.540391 0.459609 
 ----> 1.3#6.6#44.0#54.0#VAR 1411 1 0.559601 0.440399 
 ----> 1.3#6.6#44.0#54.0#VAR 1412 0 0.548002 0.451998 
 ----> 1.3#6.6#44.0#54.0#VAR 1413 1 0.537661 0.462339 
 ----> 1.3#6.6#44.0#54.0#VAR 1414 0 0.577976 0.422024 
 ----> 1.3#6.6#44.0#54.0#VAR 1415 0 0.616346 0.383654 
 ----> 1.3#6.6#44.0#54.0#VAR 1416 0 0.574292 0.425708 
 ----> 1.3#6.6#44.0#54.0#VAR 1417 0 0.577438 0.422562 
 ----> 1.3#6.6#44.0#54.0#VAR 1418 1 0.579919 0.420081 
 ----> 1.3#6.6#44.0#54.0#VAR 1419 0 0.601417 0.398583 
 ----> 1.3#6.6#44.0#54.0#VAR 1420 0 0.579379 0.420621 
 ----> 1.3#6.6#44.0#54.0#VAR 1421 1 0.562585 0.437415 
 ----> 1.3#6.6#44.0#54.0#VAR 1422 0 0.580986 0.419014 
 ----> 1.3#6.6#44.0#54.0#VAR 1423 0 0.560088 0.439912 
 ----> 1.3#6.6#44.0#54.0#VAR 1424 1 0.550289 0.449711 
 ----> 1.3#6.6#44.0#54.0#VAR 1425 0 0.582119 0.417881 
 ----> 1.3#6.6#44.0#54.0#VAR 1426 0 0.57476 0.42524 
 ----> 1.3#6.6#44.0#54.0#VAR 1427 0 0.54543 0.45457 
 ----> 1.3#6.6#44.0#54.0#VAR 1428 1 0.542559 0.457441 
 ----> 1.3#6.6#44.0#54.0#VAR 1429 0 0.578599 0.421401 
 ----> 1.3#6.6#44.0#54.0#VAR 1430 1 0.553863 0.446137 
 ----> 1.3#6.6#44.0#54.0#VAR 1431 0 0.544808 0.455192 
 ----> 1.3#6.6#44.0#54.0#VAR 1432 0 0.5465 0.4535 
 ----> 1.3#6.6#44.0#54.0#VAR 1433 1 0.54654 0.45346 
 ----> 1.3#6.6#44.0#54.0#VAR 1434 1 0.525615 0.474385 
 ----> 1.3#6.6#44.0#54.0#VAR 1435 0 0.571279 0.428721 
 ----> 1.3#6.6#44.0#54.0#VAR 1436 1 0.554579 0.445421 
 ----> 1.3#6.6#44.0#54.0#VAR 1437 0 0.556469 0.443531 
 ----> 1.3#6.6#44.0#54.0#VAR 1438 1 0.560213 0.439787 
 ----> 1.3#6.6#44.0#54.0#VAR 1439 0 0.571043 0.428957 
 ----> 1.3#6.6#44.0#54.0#VAR 1440 1 0.559604 0.440396 
 ----> 1.3#6.6#44.0#54.0#VAR 1441 1 0.563977 0.436023 
 ----> 1.3#6.6#44.0#54.0#VAR 1442 1 0.546958 0.453042 
 ----> 1.3#6.6#44.0#54.0#VAR 1443 1 0.565899 0.434101 
 ----> 1.3#6.6#44.0#54.0#VAR 1444 1 0.551792 0.448208 
 ----> 1.3#6.6#44.0#54.0#VAR 1445 0 0.601086 0.398914 
 ----> 1.3#6.6#44.0#54.0#VAR 1446 1 0.536803 0.463197 
 ----> 1.3#6.6#44.0#54.0#VAR 1447 0 0.574033 0.425967 
 ----> 1.3#6.6#44.0#54.0#VAR 1448 1 0.54782 0.45218 
 ----> 1.3#6.6#44.0#54.0#VAR 1449 1 0.53438 0.46562 
 ----> 1.3#6.6#44.0#54.0#VAR 1450 1 0.563239 0.436761 
 ----> 1.3#6.6#44.0#54.0#VAR 1451 1 0.541239 0.458761 
 ----> 1.3#6.6#44.0#54.0#VAR 1452 0 0.573831 0.426169 
 ----> 1.3#6.6#44.0#54.0#VAR 1453 0 0.571291 0.428709 
 ----> 1.3#6.6#44.0#54.0#VAR 1454 1 0.550802 0.449198 
 ----> 1.3#6.6#44.0#54.0#VAR 1455 0 0.587719 0.412281 
 ----> 1.3#6.6#44.0#54.0#VAR 1456 1 0.533839 0.466161 
 ----> 1.3#6.6#44.0#54.0#VAR 1457 1 0.556389 0.443611 
 ----> 1.3#6.6#44.0#54.0#VAR 1458 0 0.569498 0.430502 
 ----> 1.3#6.6#44.0#54.0#VAR 1459 1 0.551109 0.448891 
 ----> 1.3#6.6#44.0#54.0#VAR 1460 1 0.523444 0.476556 
 ----> 1.3#6.6#44.0#54.0#VAR 1461 0 0.560877 0.439123 
 ----> 1.3#6.6#44.0#54.0#VAR 1462 1 0.558565 0.441435 
 ----> 1.3#6.6#44.0#54.0#VAR 1463 1 0.522057 0.477943 
 ----> 1.3#6.6#44.0#54.0#VAR 1464 1 0.567546 0.432454 
 ----> 1.3#6.6#44.0#54.0#VAR 1465 1 0.556985 0.443015 
 ----> 1.3#6.6#44.0#54.0#VAR 1466 0 0.545886 0.454114 
 ----> 1.3#6.6#44.0#54.0#VAR 1467 1 0.544365 0.455635 
 ----> 1.3#6.6#44.0#54.0#VAR 1468 1 0.559138 0.440862 
 ----> 1.3#6.6#44.0#54.0#VAR 1469 1 0.565877 0.434123 
 ----> 1.3#6.6#44.0#54.0#VAR 1470 1 0.567714 0.432286 
 ----> 1.3#6.6#44.0#54.0#VAR 1471 1 0.566723 0.433277 
 ----> 1.3#6.6#44.0#54.0#VAR 1472 1 0.55652 0.44348 
 ----> 1.3#6.6#44.0#54.0#VAR 1473 0 0.590895 0.409105 
 ----> 1.3#6.6#44.0#54.0#VAR 1474 0 0.563524 0.436476 
 ----> 1.3#6.6#44.0#54.0#VAR 1475 1 0.595718 0.404282 
 ----> 1.3#6.6#44.0#54.0#VAR 1476 0 0.573 0.427 
 ----> 1.3#6.6#44.0#54.0#VAR 1477 1 0.556318 0.443682 
 ----> 1.3#6.6#44.0#54.0#VAR 1478 1 0.592902 0.407098 
 ----> 1.3#6.6#44.0#54.0#VAR 1479 0 0.587724 0.412276 
 ----> 1.3#6.6#44.0#54.0#VAR 1480 0 0.592139 0.407861 
 ----> 1.3#6.6#44.0#54.0#VAR 1481 1 0.581087 0.418913 
 ----> 1.3#6.6#44.0#54.0#VAR 1482 1 0.580204 0.419796 
 ----> 1.3#6.6#44.0#54.0#VAR 1483 0 0.565924 0.434076 
 ----> 1.3#6.6#44.0#54.0#VAR 1484 0 0.564763 0.435237 
 ----> 1.3#6.6#44.0#54.0#VAR 1485 0 0.555545 0.444455 
 ----> 1.3#6.6#44.0#54.0#VAR 1486 0 0.566881 0.433119 
 ----> 1.3#6.6#44.0#54.0#VAR 1487 0 0.579243 0.420757 
 ----> 1.3#6.6#44.0#54.0#VAR 1488 0 0.568381 0.431619 
 ----> 1.3#6.6#44.0#54.0#VAR 1489 0 0.58893 0.41107 
 ----> 1.3#6.6#44.0#54.0#VAR 1490 0 0.557616 0.442384 
 ----> 1.3#6.6#44.0#54.0#VAR 1491 1 0.582883 0.417117 
 ----> 1.3#6.6#44.0#54.0#VAR 1492 0 0.598214 0.401786 
 ----> 1.3#6.6#44.0#54.0#VAR 1493 1 0.575051 0.424949 
 ----> 1.3#6.6#44.0#54.0#VAR 1494 1 0.569181 0.430819 
 ----> 1.3#6.6#44.0#54.0#VAR 1495 0 0.566315 0.433685 
 ----> 1.3#6.6#44.0#54.0#VAR 1496 0 0.565211 0.434789 
 ----> 1.3#6.6#44.0#54.0#VAR 1497 1 0.560924 0.439076 
 ----> 1.3#6.6#44.0#54.0#VAR 1498 1 0.541704 0.458296 
 ----> 1.3#6.6#44.0#54.0#VAR 1499 1 0.564854 0.435146 
 ----> 1.3#6.6#44.0#54.0#VAR 1500 0 0.570599 0.429401 
 ----> 1.3#6.6#44.0#54.0#VAR 1501 1 0.56481 0.43519 
 ----> 1.3#6.6#44.0#54.0#VAR 1502 0 0.579559 0.420441 
 ----> 1.3#6.6#44.0#54.0#VAR 1503 1 0.572617 0.427383 
 ----> 1.3#6.6#44.0#54.0#VAR 1504 1 0.556497 0.443503 
 ----> 1.3#6.6#44.0#54.0#VAR 1505 0 0.582549 0.417451 
 ----> 1.3#6.6#44.0#54.0#VAR 1506 1 0.579887 0.420113 
 ----> 1.3#6.6#44.0#54.0#VAR 1507 1 0.561822 0.438178 
 ----> 1.3#6.6#44.0#54.0#VAR 1508 1 0.568273 0.431727 
 ----> 1.3#6.6#44.0#54.0#VAR 1509 0 0.576197 0.423803 
 ----> 1.3#6.6#44.0#54.0#VAR 1510 0 0.570598 0.429402 
 ----> 1.3#6.6#44.0#54.0#VAR 1511 0 0.559108 0.440892 
 ----> 1.3#6.6#44.0#54.0#VAR 1512 1 0.541172 0.458828 
 ----> 1.3#6.6#44.0#54.0#VAR 1513 0 0.568777 0.431223 
 ----> 1.3#6.6#44.0#54.0#VAR 1514 1 0.583768 0.416232 
 ----> 1.3#6.6#44.0#54.0#VAR 1515 0 0.574952 0.425048 
 ----> 1.3#6.6#44.0#54.0#VAR 1516 1 0.567135 0.432865 
 ----> 1.3#6.6#44.0#54.0#VAR 1517 1 0.52623 0.47377 
 ----> 1.3#6.6#44.0#54.0#VAR 1518 1 0.545888 0.454112 
 ----> 1.3#6.6#44.0#54.0#VAR 1519 1 0.579527 0.420473 
 ----> 1.3#6.6#44.0#54.0#VAR 1520 0 0.565132 0.434868 
 ----> 1.3#6.6#44.0#54.0#VAR 1521 0 0.560512 0.439488 
 ----> 1.3#6.6#44.0#54.0#VAR 1522 1 0.559704 0.440296 
 ----> 1.3#6.6#44.0#54.0#VAR 1523 0 0.570417 0.429583 
 ----> 1.3#6.6#44.0#54.0#VAR 1524 1 0.580152 0.419848 
 ----> 1.3#6.6#44.0#54.0#VAR 1525 0 0.570449 0.429551 
 ----> 1.3#6.6#44.0#54.0#VAR 1526 0 0.541136 0.458864 
 ----> 1.3#6.6#44.0#54.0#VAR 1527 0 0.546845 0.453155 
 ----> 1.3#6.6#44.0#54.0#VAR 1528 1 0.575158 0.424842 
 ----> 1.3#6.6#44.0#54.0#VAR 1529 0 0.558874 0.441126 
 ----> 1.3#6.6#44.0#54.0#VAR 1530 1 0.578607 0.421393 
 ----> 1.3#6.6#44.0#54.0#VAR 1531 0 0.575711 0.424289 
 ----> 1.3#6.6#44.0#54.0#VAR 1532 1 0.56178 0.43822 
 ----> 1.3#6.6#44.0#54.0#VAR 1533 1 0.557308 0.442692 
 ----> 1.3#6.6#44.0#54.0#VAR 1534 1 0.572802 0.427198 
 ----> 1.3#6.6#44.0#54.0#VAR 1535 0 0.590886 0.409114 
 ----> 1.3#6.6#44.0#54.0#VAR 1536 0 0.593041 0.406959 
 ----> 1.3#6.6#44.0#54.0#VAR 1537 0 0.575446 0.424554 
 ----> 1.3#6.6#44.0#54.0#VAR 1538 0 0.561294 0.438706 
 ----> 1.3#6.6#44.0#54.0#VAR 1539 0 0.56666 0.43334 
 ----> 1.3#6.6#44.0#54.0#VAR 1540 0 0.566883 0.433117 
 ----> 1.3#6.6#44.0#54.0#VAR 1541 1 0.589667 0.410333 
 ----> 1.3#6.6#44.0#54.0#VAR 1542 0 0.564812 0.435188 
 ----> 1.3#6.6#44.0#54.0#VAR 1543 0 0.583254 0.416746 
 ----> 1.3#6.6#44.0#54.0#VAR 1544 0 0.577026 0.422974 
 ----> 1.3#6.6#44.0#54.0#VAR 1545 0 0.569993 0.430007 
 ----> 1.3#6.6#44.0#54.0#VAR 1546 0 0.558973 0.441027 
 ----> 1.3#6.6#44.0#54.0#VAR 1547 0 0.551025 0.448975 
 ----> 1.3#6.6#44.0#54.0#VAR 1548 1 0.591834 0.408166 
 ----> 1.3#6.6#44.0#54.0#VAR 1549 0 0.577344 0.422656 
 ----> 1.3#6.6#44.0#54.0#VAR 1550 1 0.584798 0.415202 
 ----> 1.3#6.6#44.0#54.0#VAR 1551 1 0.570984 0.429016 
 ----> 1.3#6.6#44.0#54.0#VAR 1552 1 0.561354 0.438646 
 ----> 1.3#6.6#44.0#54.0#VAR 1553 0 0.590702 0.409298 
 ----> 1.3#6.6#44.0#54.0#VAR 1554 1 0.578578 0.421422 
 ----> 1.3#6.6#44.0#54.0#VAR 1555 1 0.581104 0.418896 
 ----> 1.3#6.6#44.0#54.0#VAR 1556 1 0.584651 0.415349 
 ----> 1.3#6.6#44.0#54.0#VAR 1557 1 0.537153 0.462847 
 ----> 1.3#6.6#44.0#54.0#VAR 1558 0 0.58782 0.41218 
 ----> 1.3#6.6#44.0#54.0#VAR 1559 1 0.587306 0.412694 
 ----> 1.3#6.6#44.0#54.0#VAR 1560 1 0.59253 0.40747 
 ----> 1.3#6.6#44.0#54.0#VAR 1561 1 0.562865 0.437135 
 ----> 1.3#6.6#44.0#54.0#VAR 1562 0 0.581813 0.418187 
 ----> 1.3#6.6#44.0#54.0#VAR 1563 1 0.589283 0.410717 
 ----> 1.3#6.6#44.0#54.0#VAR 1564 0 0.595847 0.404153 
 ----> 1.3#6.6#44.0#54.0#VAR 1565 1 0.591049 0.408951 
 ----> 1.3#6.6#44.0#54.0#VAR 1566 0 0.584952 0.415048 
 ----> 1.3#6.6#44.0#54.0#VAR 1567 0 0.601424 0.398576 
 ----> 1.3#6.6#44.0#54.0#VAR 1568 1 0.576799 0.423201 
 ----> 1.3#6.6#44.0#54.0#VAR 1569 1 0.566056 0.433944 
 ----> 1.3#6.6#44.0#54.0#VAR 1570 1 0.565402 0.434598 
 ----> 1.3#6.6#44.0#54.0#VAR 1571 0 0.55346 0.44654 
 ----> 1.3#6.6#44.0#54.0#VAR 1572 0 0.563943 0.436057 
 ----> 1.3#6.6#44.0#54.0#VAR 1573 0 0.582885 0.417115 
 ----> 1.3#6.6#44.0#54.0#VAR 1574 1 0.548317 0.451683 
 ----> 1.3#6.6#44.0#54.0#VAR 1575 1 0.521935 0.478065 
 ----> 1.3#6.6#44.0#54.0#VAR 1576 0 0.544322 0.455678 
 ----> 1.3#6.6#44.0#54.0#VAR 1577 1 0.562049 0.437951 
 ----> 1.3#6.6#44.0#54.0#VAR 1578 1 0.556924 0.443076 
 ----> 1.3#6.6#44.0#54.0#VAR 1579 0 0.55964 0.44036 
 ----> 1.3#6.6#44.0#54.0#VAR 1580 0 0.557824 0.442176 
 ----> 1.3#6.6#44.0#54.0#VAR 1581 0 0.559151 0.440849 
 ----> 1.3#6.6#44.0#54.0#VAR 1582 0 0.569731 0.430269 
 ----> 1.3#6.6#44.0#54.0#VAR 1583 1 0.585719 0.414281 
 ----> 1.3#6.6#44.0#54.0#VAR 1584 1 0.575709 0.424291 
 ----> 1.3#6.6#44.0#54.0#VAR 1585 0 0.585009 0.414991 
 ----> 1.3#6.6#44.0#54.0#VAR 1586 1 0.568436 0.431564 
 ----> 1.3#6.6#44.0#54.0#VAR 1587 0 0.577896 0.422104 
 ----> 1.3#6.6#44.0#54.0#VAR 1588 0 0.570576 0.429424 
 ----> 1.3#6.6#44.0#54.0#VAR 1589 1 0.575856 0.424144 
 ----> 1.3#6.6#44.0#54.0#VAR 1590 0 0.582205 0.417795 
 ----> 1.3#6.6#44.0#54.0#VAR 1591 1 0.587208 0.412792 
 ----> 1.3#6.6#44.0#54.0#VAR 1592 1 0.590069 0.409931 
 ----> 1.3#6.6#44.0#54.0#VAR 1593 1 0.566989 0.433011 
 ----> 1.3#6.6#44.0#54.0#VAR 1594 0 0.584278 0.415722 
 ----> 1.3#6.6#44.0#54.0#VAR 1595 1 0.608903 0.391097 
 ----> 1.3#6.6#44.0#54.0#VAR 1596 1 0.562839 0.437161 
 ----> 1.3#6.6#44.0#54.0#VAR 1597 1 0.555261 0.444739 
 ----> 1.3#6.6#44.0#54.0#VAR 1598 0 0.565125 0.434875 
 ----> 1.3#6.6#44.0#54.0#VAR 1599 1 0.564211 0.435789 
 ----> 1.3#6.6#44.0#54.0#VAR 1600 0 0.560184 0.439816 
 ----> 1.3#6.6#44.0#54.0#VAR 1601 1 0.54858 0.45142 
 ----> 1.3#6.6#44.0#54.0#VAR 1602 0 0.570976 0.429024 
 ----> 1.3#6.6#44.0#54.0#VAR 1603 1 0.565162 0.434838 
 ----> 1.3#6.6#44.0#54.0#VAR 1604 0 0.560009 0.439991 
 ----> 1.3#6.6#44.0#54.0#VAR 1605 1 0.581131 0.418869 
 ----> 1.3#6.6#44.0#54.0#VAR 1606 0 0.555136 0.444864 
 ----> 1.3#6.6#44.0#54.0#VAR 1607 0 0.576216 0.423784 
 ----> 1.3#6.6#44.0#54.0#VAR 1608 1 0.588551 0.411449 
 ----> 1.3#6.6#44.0#54.0#VAR 1609 0 0.579077 0.420923 
 ----> 1.3#6.6#44.0#54.0#VAR 1610 1 0.600374 0.399626 
 ----> 1.3#6.6#44.0#54.0#VAR 1611 0 0.573357 0.426643 
 ----> 1.3#6.6#44.0#54.0#VAR 1612 1 0.585154 0.414846 
 ----> 1.3#6.6#44.0#54.0#VAR 1613 1 0.606497 0.393503 
 ----> 1.3#6.6#44.0#54.0#VAR 1614 1 0.579559 0.420441 
 ----> 1.3#6.6#44.0#54.0#VAR 1615 0 0.570206 0.429794 
 ----> 1.3#6.6#44.0#54.0#VAR 1616 0 0.584465 0.415535 
 ----> 1.3#6.6#44.0#54.0#VAR 1617 0 0.575497 0.424503 
 ----> 1.3#6.6#44.0#54.0#VAR 1618 1 0.573257 0.426743 
 ----> 1.3#6.6#44.0#54.0#VAR 1619 1 0.561638 0.438362 
 ----> 1.3#6.6#44.0#54.0#VAR 1620 1 0.569616 0.430384 
 ----> 1.3#6.6#44.0#54.0#VAR 1621 0 0.564182 0.435818 
 ----> 1.3#6.6#44.0#54.0#VAR 1622 1 0.572003 0.427997 
 ----> 1.3#6.6#44.0#54.0#VAR 1623 0 0.57643 0.42357 
 ----> 1.3#6.6#44.0#54.0#VAR 1624 0 0.568893 0.431107 
 ----> 1.3#6.6#44.0#54.0#VAR 1625 0 0.590694 0.409306 
 ----> 1.3#6.6#44.0#54.0#VAR 1626 1 0.557095 0.442905 
 ----> 1.3#6.6#44.0#54.0#VAR 1627 1 0.577946 0.422054 
 ----> 1.3#6.6#44.0#54.0#VAR 1628 1 0.554924 0.445076 
 ----> 1.3#6.6#44.0#54.0#VAR 1629 0 0.572779 0.427221 
 ----> 1.3#6.6#44.0#54.0#VAR 1630 0 0.578134 0.421866 
 ----> 1.3#6.6#44.0#54.0#VAR 1631 0 0.578612 0.421388 
 ----> 1.3#6.6#44.0#54.0#VAR 1632 1 0.612676 0.387324 
 ----> 1.3#6.6#44.0#54.0#VAR 1633 1 0.578368 0.421632 
 ----> 1.3#6.6#44.0#54.0#VAR 1634 1 0.588167 0.411833 
 ----> 1.3#6.6#44.0#54.0#VAR 1635 1 0.579994 0.420006 
 ----> 1.3#6.6#44.0#54.0#VAR 1636 1 0.581773 0.418227 
 ----> 1.3#6.6#44.0#54.0#VAR 1637 1 0.570365 0.429635 
 ----> 1.3#6.6#44.0#54.0#VAR 1638 1 0.57181 0.42819 
 ----> 1.3#6.6#44.0#54.0#VAR 1639 0 0.57344 0.42656 
 ----> 1.3#6.6#44.0#54.0#VAR 1640 1 0.596191 0.403809 
 ----> 1.3#6.6#44.0#54.0#VAR 1641 1 0.590152 0.409848 
 ----> 1.3#6.6#44.0#54.0#VAR 1642 1 0.563346 0.436654 
 ----> 1.3#6.6#44.0#54.0#VAR 1643 1 0.559861 0.440139 
 ----> 1.3#6.6#44.0#54.0#VAR 1644 0 0.559995 0.440005 
 ----> 1.3#6.6#44.0#54.0#VAR 1645 1 0.563676 0.436324 
 ----> 1.3#6.6#44.0#54.0#VAR 1646 1 0.583516 0.416484 
 ----> 1.3#6.6#44.0#54.0#VAR 1647 0 0.58648 0.41352 
 ----> 1.3#6.6#44.0#54.0#VAR 1648 1 0.584419 0.415581 
 ----> 1.3#6.6#44.0#54.0#VAR 1649 0 0.604959 0.395041 
 ----> 1.3#6.6#44.0#54.0#VAR 1650 1 0.616694 0.383306 
 ----> 1.3#6.6#44.0#54.0#VAR 1651 1 0.571256 0.428744 
 ----> 1.3#6.6#44.0#54.0#VAR 1652 0 0.592788 0.407212 
 ----> 1.3#6.6#44.0#54.0#VAR 1653 0 0.560904 0.439096 
 ----> 1.3#6.6#44.0#54.0#VAR 1654 1 0.581563 0.418437 
 ----> 1.3#6.6#44.0#54.0#VAR 1655 1 0.622346 0.377654 
 ----> 1.3#6.6#44.0#54.0#VAR 1656 1 0.600169 0.399831 
 ----> 1.3#6.6#44.0#54.0#VAR 1657 1 0.567272 0.432728 
 ----> 1.3#6.6#44.0#54.0#VAR 1658 0 0.594406 0.405594 
 ----> 1.3#6.6#44.0#54.0#VAR 1659 0 0.596914 0.403086 
 ----> 1.3#6.6#44.0#54.0#VAR 1660 1 0.601142 0.398858 
 ----> 1.3#6.6#44.0#54.0#VAR 1661 1 0.588137 0.411863 
 ----> 1.3#6.6#44.0#54.0#VAR 1662 1 0.596077 0.403923 
 ----> 1.3#6.6#44.0#54.0#VAR 1663 0 0.594966 0.405034 
 ----> 1.3#6.6#44.0#54.0#VAR 1664 1 0.583992 0.416008 
 ----> 1.3#6.6#44.0#54.0#VAR 1665 0 0.595881 0.404119 
 ----> 1.3#6.6#44.0#54.0#VAR 1666 1 0.603318 0.396682 
 ----> 1.3#6.6#44.0#54.0#VAR 1667 1 0.591497 0.408503 
 ----> 1.3#6.6#44.0#54.0#VAR 1668 1 0.601698 0.398302 
 ----> 1.3#6.6#44.0#54.0#VAR 1669 1 0.60154 0.39846 
 ----> 1.3#6.6#44.0#54.0#VAR 1670 0 0.586968 0.413032 
 ----> 1.3#6.6#44.0#54.0#VAR 1671 1 0.58599 0.41401 
 ----> 1.3#6.6#44.0#54.0#VAR 1672 1 0.595178 0.404822 
 ----> 1.3#6.6#44.0#54.0#VAR 1673 1 0.609995 0.390005 
 ----> 1.3#6.6#44.0#54.0#VAR 1674 1 0.588254 0.411746 
 ----> 1.3#6.6#44.0#54.0#VAR 1675 1 0.576273 0.423727 
 ----> 1.3#6.6#44.0#54.0#VAR 1676 1 0.601263 0.398737 
 ----> 1.3#6.6#44.0#54.0#VAR 1677 1 0.609133 0.390867 
 ----> 1.3#6.6#44.0#54.0#VAR 1678 1 0.587353 0.412647 
 ----> 1.3#6.6#44.0#54.0#VAR 1679 1 0.598128 0.401872 
 ----> 1.3#6.6#44.0#54.0#VAR 1680 1 0.602409 0.397591 
 ----> 1.3#6.6#44.0#54.0#VAR 1681 1 0.610141 0.389859 
 ----> 1.3#6.6#44.0#54.0#VAR 1682 1 0.599257 0.400743 
 ----> 1.3#6.6#44.0#54.0#VAR 1683 1 0.597157 0.402843 
 ----> 1.3#6.6#44.0#54.0#VAR 1684 1 0.590985 0.409015 
 ----> 1.3#6.6#44.0#54.0#VAR 1685 1 0.596056 0.403944 
 ----> 1.3#6.6#44.0#54.0#VAR 1686 1 0.587737 0.412263 
 ----> 1.3#6.6#44.0#54.0#VAR 1687 1 0.591605 0.408395 
 ----> 1.3#6.6#44.0#54.0#VAR 1688 0 0.591769 0.408231 
 ----> 1.3#6.6#44.0#54.0#VAR 1689 0 0.594459 0.405541 
 ----> 1.3#6.6#44.0#54.0#VAR 1690 0 0.589767 0.410233 
 ----> 1.3#6.6#44.0#54.0#VAR 1691 0 0.594907 0.405093 
 ----> 1.3#6.6#44.0#54.0#VAR 1692 1 0.58161 0.41839 
 ----> 1.3#6.6#44.0#54.0#VAR 1693 1 0.55086 0.44914 
 ----> 1.3#6.6#44.0#54.0#VAR 1694 0 0.607178 0.392822 
 ----> 1.3#6.6#44.0#54.0#VAR 1695 1 0.588175 0.411825 
 ----> 1.3#6.6#44.0#54.0#VAR 1696 0 0.579882 0.420118 
 ----> 1.3#6.6#44.0#54.0#VAR 1697 1 0.598205 0.401795 
 ----> 1.3#6.6#44.0#54.0#VAR 1698 1 0.576533 0.423467 
 ----> 1.3#6.6#44.0#54.0#VAR 1699 1 0.590251 0.409749 
 ----> 1.3#6.6#44.0#54.0#VAR 1700 1 0.593234 0.406766 
 ----> 1.3#6.6#44.0#54.0#VAR 1701 1 0.577293 0.422707 
 ----> 1.3#6.6#44.0#54.0#VAR 1702 1 0.58392 0.41608 
 ----> 1.3#6.6#44.0#54.0#VAR 1703 1 0.590788 0.409212 
 ----> 1.3#6.6#44.0#54.0#VAR 1704 1 0.612872 0.387128 
 ----> 1.3#6.6#44.0#54.0#VAR 1705 1 0.583512 0.416488 
 ----> 1.3#6.6#44.0#54.0#VAR 1706 1 0.616795 0.383205 
 ----> 1.3#6.6#44.0#54.0#VAR 1707 0 0.588348 0.411652 
 ----> 1.3#6.6#44.0#54.0#VAR 1708 0 0.569752 0.430248 
 ----> 1.3#6.6#44.0#54.0#VAR 1709 1 0.571193 0.428807 
 ----> 1.3#6.6#44.0#54.0#VAR 1710 1 0.585207 0.414793 
 ----> 1.3#6.6#44.0#54.0#VAR 1711 1 0.576729 0.423271 
 ----> 1.3#6.6#44.0#54.0#VAR 1712 1 0.586728 0.413272 
 ----> 1.3#6.6#44.0#54.0#VAR 1713 1 0.598393 0.401607 
 ----> 1.3#6.6#44.0#54.0#VAR 1714 0 0.582421 0.417579 
 ----> 1.3#6.6#44.0#54.0#VAR 1715 0 0.606516 0.393484 
 ----> 1.3#6.6#44.0#54.0#VAR 1716 0 0.580563 0.419437 
 ----> 1.3#6.6#44.0#54.0#VAR 1717 0 0.590489 0.409511 
 ----> 1.3#6.6#44.0#54.0#VAR 1718 0 0.569911 0.430089 
 ----> 1.3#6.6#44.0#54.0#VAR 1719 0 0.579218 0.420782 
 ----> 1.3#6.6#44.0#54.0#VAR 1720 0 0.581469 0.418531 
 ----> 1.3#6.6#44.0#54.0#VAR 1721 0 0.594503 0.405497 
 ----> 1.3#6.6#44.0#54.0#VAR 1722 1 0.589943 0.410057 
 ----> 1.3#6.6#44.0#54.0#VAR 1723 1 0.583805 0.416195 
 ----> 1.3#6.6#44.0#54.0#VAR 1724 1 0.587244 0.412756 
 ----> 1.3#6.6#44.0#54.0#VAR 1725 0 0.559745 0.440255 
 ----> 1.3#6.6#44.0#54.0#VAR 1726 1 0.57332 0.42668 
 ----> 1.3#6.6#44.0#54.0#VAR 1727 0 0.585518 0.414482 
 ----> 1.3#6.6#44.0#54.0#VAR 1728 0 0.574019 0.425981 
 ----> 1.3#6.6#44.0#54.0#VAR 1729 1 0.582663 0.417337 
 ----> 1.3#6.6#44.0#54.0#VAR 1730 0 0.593514 0.406486 
 ----> 1.3#6.6#44.0#54.0#VAR 1731 1 0.597708 0.402292 
 ----> 1.3#6.6#44.0#54.0#VAR 1732 1 0.577752 0.422248 
 ----> 1.3#6.6#44.0#54.0#VAR 1733 0 0.584143 0.415857 
 ----> 1.3#6.6#44.0#54.0#VAR 1734 1 0.584802 0.415198 
 ----> 1.3#6.6#44.0#54.0#VAR 1735 0 0.580862 0.419138 
 ----> 1.3#6.6#44.0#54.0#VAR 1736 1 0.582444 0.417556 
 ----> 1.3#6.6#44.0#54.0#VAR 1737 1 0.579793 0.420207 
 ----> 1.3#6.6#44.0#54.0#VAR 1738 0 0.569848 0.430152 
 ----> 1.3#6.6#44.0#54.0#VAR 1739 1 0.586197 0.413803 
 ----> 1.3#6.6#44.0#54.0#VAR 1740 1 0.617553 0.382447 
 ----> 1.3#6.6#44.0#54.0#VAR 1741 0 0.584546 0.415454 
 ----> 1.3#6.6#44.0#54.0#VAR 1742 1 0.580414 0.419586 
 ----> 1.3#6.6#44.0#54.0#VAR 1743 1 0.57047 0.42953 
 ----> 1.3#6.6#44.0#54.0#VAR 1744 0 0.564785 0.435215 
 ----> 1.3#6.6#44.0#54.0#VAR 1745 1 0.552164 0.447836 
 ----> 1.3#6.6#44.0#54.0#VAR 1746 1 0.579108 0.420892 
 ----> 1.3#6.6#44.0#54.0#VAR 1747 1 0.550312 0.449688 
 ----> 1.3#6.6#44.0#54.0#VAR 1748 1 0.571384 0.428616 
 ----> 1.3#6.6#44.0#54.0#VAR 1749 1 0.583173 0.416827 
 ----> 1.3#6.6#44.0#54.0#VAR 1750 1 0.576948 0.423052 
 ----> 1.3#6.6#44.0#54.0#VAR 1751 1 0.585353 0.414647 
 ----> 1.3#6.6#44.0#54.0#VAR 1752 1 0.572774 0.427226 
 ----> 1.3#6.6#44.0#54.0#VAR 1753 1 0.59192 0.40808 
 ----> 1.3#6.6#44.0#54.0#VAR 1754 0 0.557019 0.442981 
 ----> 1.3#6.6#44.0#54.0#VAR 1755 1 0.577975 0.422025 
 ----> 1.3#6.6#44.0#54.0#VAR 1756 0 0.537979 0.462021 
 ----> 1.3#6.6#44.0#54.0#VAR 1757 0 0.580634 0.419366 
 ----> 1.3#6.6#44.0#54.0#VAR 1758 1 0.590301 0.409699 
 ----> 1.3#6.6#44.0#54.0#VAR 1759 1 0.590617 0.409383 
 ----> 1.3#6.6#44.0#54.0#VAR 1760 1 0.579754 0.420246 
 ----> 1.3#6.6#44.0#54.0#VAR 1761 1 0.598381 0.401619 
 ----> 1.3#6.6#44.0#54.0#VAR 1762 1 0.607849 0.392151 
 ----> 1.3#6.6#44.0#54.0#VAR 1763 1 0.613756 0.386244 
 ----> 1.3#6.6#44.0#54.0#VAR 1764 1 0.581603 0.418397 
 ----> 1.3#6.6#44.0#54.0#VAR 1765 0 0.599536 0.400464 
 ----> 1.3#6.6#44.0#54.0#VAR 1766 0 0.596832 0.403168 
 ----> 1.3#6.6#44.0#54.0#VAR 1767 0 0.586872 0.413128 
 ----> 1.3#6.6#44.0#54.0#VAR 1768 1 0.595195 0.404805 
 ----> 1.3#6.6#44.0#54.0#VAR 1769 0 0.595431 0.404569 
 ----> 1.3#6.6#44.0#54.0#VAR 1770 0 0.586623 0.413377 
 ----> 1.3#6.6#44.0#54.0#VAR 1771 1 0.580376 0.419624 
 ----> 1.3#6.6#44.0#54.0#VAR 1772 0 0.588413 0.411587 
 ----> 1.3#6.6#44.0#54.0#VAR 1773 1 0.59045 0.40955 
 ----> 1.3#6.6#44.0#54.0#VAR 1774 1 0.581662 0.418338 
 ----> 1.3#6.6#44.0#54.0#VAR 1775 1 0.591122 0.408878 
 ----> 1.3#6.6#44.0#54.0#VAR 1776 1 0.58779 0.41221 
 ----> 1.3#6.6#44.0#54.0#VAR 1777 0 0.605285 0.394715 
 ----> 1.3#6.6#44.0#54.0#VAR 1778 1 0.600099 0.399901 
 ----> 1.3#6.6#44.0#54.0#VAR 1779 1 0.580794 0.419206 
 ----> 1.3#6.6#44.0#54.0#VAR 1780 1 0.602847 0.397153 
 ----> 1.3#6.6#44.0#54.0#VAR 1781 1 0.596605 0.403395 
 ----> 1.3#6.6#44.0#54.0#VAR 1782 1 0.612391 0.387609 
 ----> 1.3#6.6#44.0#54.0#VAR 1783 0 0.589635 0.410365 
 ----> 1.3#6.6#44.0#54.0#VAR 1784 1 0.593421 0.406579 
 ----> 1.3#6.6#44.0#54.0#VAR 1785 0 0.602475 0.397525 
 ----> 1.3#6.6#44.0#54.0#VAR 1786 1 0.589191 0.410809 
 ----> 1.3#6.6#44.0#54.0#VAR 1787 0 0.604314 0.395686 
 ----> 1.3#6.6#44.0#54.0#VAR 1788 0 0.578446 0.421554 
 ----> 1.3#6.6#44.0#54.0#VAR 1789 1 0.583674 0.416326 
 ----> 1.3#6.6#44.0#54.0#VAR 1790 1 0.557116 0.442884 
 ----> 1.3#6.6#44.0#54.0#VAR 1791 0 0.607095 0.392905 
 ----> 1.3#6.6#44.0#54.0#VAR 1792 1 0.592169 0.407831 
 ----> 1.3#6.6#44.0#54.0#VAR 1793 0 0.590661 0.409339 
 ----> 1.3#6.6#44.0#54.0#VAR 1794 1 0.573731 0.426269 
 ----> 1.3#6.6#44.0#54.0#VAR 1795 1 0.5773 0.4227 
 ----> 1.3#6.6#44.0#54.0#VAR 1796 0 0.562866 0.437134 
 ----> 1.3#6.6#44.0#54.0#VAR 1797 1 0.588107 0.411893 
 ----> 1.3#6.6#44.0#54.0#VAR 1798 0 0.575129 0.424871 
 ----> 1.3#6.6#44.0#54.0#VAR 1799 0 0.56922 0.43078 
 ----> 1.3#6.6#44.0#54.0#VAR 1800 0 0.569046 0.430954 
 ----> 1.3#6.6#44.0#54.0#VAR 1801 1 0.584989 0.415011 
 ----> 1.3#6.6#44.0#54.0#VAR 1802 0 0.577305 0.422695 
 ----> 1.3#6.6#44.0#54.0#VAR 1803 1 0.587738 0.412262 
 ----> 1.3#6.6#44.0#54.0#VAR 1804 1 0.596937 0.403063 
 ----> 1.3#6.6#44.0#54.0#VAR 1805 0 0.582038 0.417962 
 ----> 1.3#6.6#44.0#54.0#VAR 1806 1 0.566595 0.433405 
 ----> 1.3#6.6#44.0#54.0#VAR 1807 1 0.586572 0.413428 
 ----> 1.3#6.6#44.0#54.0#VAR 1808 1 0.594552 0.405448 
 ----> 1.3#6.6#44.0#54.0#VAR 1809 1 0.620209 0.379791 
 ----> 1.3#6.6#44.0#54.0#VAR 1810 1 0.58478 0.41522 
 ----> 1.3#6.6#44.0#54.0#VAR 1811 1 0.568625 0.431375 
 ----> 1.3#6.6#44.0#54.0#VAR 1812 0 0.559439 0.440561 
 ----> 1.3#6.6#44.0#54.0#VAR 1813 1 0.595146 0.404854 
 ----> 1.3#6.6#44.0#54.0#VAR 1814 1 0.604396 0.395604 
 ----> 1.3#6.6#44.0#54.0#VAR 1815 0 0.589896 0.410104 
 ----> 1.3#6.6#44.0#54.0#VAR 1816 0 0.591901 0.408099 
 ----> 1.3#6.6#44.0#54.0#VAR 1817 1 0.588133 0.411867 
 ----> 1.3#6.6#44.0#54.0#VAR 1818 1 0.589904 0.410096 
 ----> 1.3#6.6#44.0#54.0#VAR 1819 0 0.602234 0.397766 
 ----> 1.3#6.6#44.0#54.0#VAR 1820 1 0.577732 0.422268 
 ----> 1.3#6.6#44.0#54.0#VAR 1821 0 0.581896 0.418104 
 ----> 1.3#6.6#44.0#54.0#VAR 1822 1 0.571603 0.428397 
 ----> 1.3#6.6#44.0#54.0#VAR 1823 1 0.59382 0.40618 
 ----> 1.3#6.6#44.0#54.0#VAR 1824 1 0.576179 0.423821 
 ----> 1.3#6.6#44.0#54.0#VAR 1825 1 0.597632 0.402368 
 ----> 1.3#6.6#44.0#54.0#VAR 1826 0 0.584836 0.415164 
 ++++> 1.3#6.6#44.0#54.0#VAR 1827  0 0.59477 0.40523 
