 ----> 1.3#6.6#44.0#54.0#VAR 7 1 0.616733 0.383267 
 ----> 1.3#6.6#44.0#54.0#VAR 8 0 0.651021 0.348979 
 ----> 1.3#6.6#44.0#54.0#VAR 9 0 0.631055 0.368945 
 ----> 1.3#6.6#44.0#54.0#VAR 10 1 0.560791 0.439209 
 ----> 1.3#6.6#44.0#54.0#VAR 11 0 0.55929 0.44071 
 ----> 1.3#6.6#44.0#54.0#VAR 12 1 0.557742 0.442258 
 ----> 1.3#6.6#44.0#54.0#VAR 13 0 0.533608 0.466392 
 ----> 1.3#6.6#44.0#54.0#VAR 14 0 0.552197 0.447803 
 ----> 1.3#6.6#44.0#54.0#VAR 15 0 0.548646 0.451354 
 ----> 1.3#6.6#44.0#54.0#VAR 16 0 0.55224 0.44776 
 ----> 1.3#6.6#44.0#54.0#VAR 17 1 0.55761 0.44239 
 ----> 1.3#6.6#44.0#54.0#VAR 18 1 0.547972 0.452028 
 ----> 1.3#6.6#44.0#54.0#VAR 19 1 0.551187 0.448813 
 ----> 1.3#6.6#44.0#54.0#VAR 20 1 0.576827 0.423173 
 ----> 1.3#6.6#44.0#54.0#VAR 21 0 0.572398 0.427602 
 ----> 1.3#6.6#44.0#54.0#VAR 22 0 0.577219 0.422781 
 ----> 1.3#6.6#44.0#54.0#VAR 23 0 0.552667 0.447333 
 ----> 1.3#6.6#44.0#54.0#VAR 24 1 0.580414 0.419586 
 ----> 1.3#6.6#44.0#54.0#VAR 25 0 0.542421 0.457579 
 ----> 1.3#6.6#44.0#54.0#VAR 26 0 0.586879 0.413121 
 ----> 1.3#6.6#44.0#54.0#VAR 27 0 0.569325 0.430675 
 ----> 1.3#6.6#44.0#54.0#VAR 28 1 0.573913 0.426087 
 ----> 1.3#6.6#44.0#54.0#VAR 29 1 0.610402 0.389598 
 ----> 1.3#6.6#44.0#54.0#VAR 30 0 0.594242 0.405758 
 ----> 1.3#6.6#44.0#54.0#VAR 31 1 0.589159 0.410841 
 ----> 1.3#6.6#44.0#54.0#VAR 32 1 0.599204 0.400796 
 ----> 1.3#6.6#44.0#54.0#VAR 33 0 0.612868 0.387132 
 ----> 1.3#6.6#44.0#54.0#VAR 34 0 0.656551 0.343449 
 ----> 1.3#6.6#44.0#54.0#VAR 35 1 0.627106 0.372894 
 ----> 1.3#6.6#44.0#54.0#VAR 36 0 0.58282 0.41718 
 ----> 1.3#6.6#44.0#54.0#VAR 37 0 0.594777 0.405223 
 ----> 1.3#6.6#44.0#54.0#VAR 38 0 0.584927 0.415073 
 ----> 1.3#6.6#44.0#54.0#VAR 39 1 0.582266 0.417734 
 ----> 1.3#6.6#44.0#54.0#VAR 40 0 0.552435 0.447565 
 ----> 1.3#6.6#44.0#54.0#VAR 41 0 0.638549 0.361451 
 ----> 1.3#6.6#44.0#54.0#VAR 42 0 0.593144 0.406856 
 ----> 1.3#6.6#44.0#54.0#VAR 43 1 0.6326 0.3674 
 ----> 1.3#6.6#44.0#54.0#VAR 44 1 0.564833 0.435167 
 ----> 1.3#6.6#44.0#54.0#VAR 45 0 0.588801 0.411199 
 ----> 1.3#6.6#44.0#54.0#VAR 46 0 0.619673 0.380327 
 ----> 1.3#6.6#44.0#54.0#VAR 47 1 0.572618 0.427382 
 ----> 1.3#6.6#44.0#54.0#VAR 48 1 0.552874 0.447126 
 ----> 1.3#6.6#44.0#54.0#VAR 49 1 0.559375 0.440625 
 ----> 1.3#6.6#44.0#54.0#VAR 50 1 0.575247 0.424753 
 ----> 1.3#6.6#44.0#54.0#VAR 51 0 0.579257 0.420743 
 ----> 1.3#6.6#44.0#54.0#VAR 52 1 0.576173 0.423827 
 ----> 1.3#6.6#44.0#54.0#VAR 53 0 0.569122 0.430878 
 ----> 1.3#6.6#44.0#54.0#VAR 54 1 0.570188 0.429812 
 ----> 1.3#6.6#44.0#54.0#VAR 55 0 0.57908 0.42092 
 ----> 1.3#6.6#44.0#54.0#VAR 56 0 0.607048 0.392952 
 ----> 1.3#6.6#44.0#54.0#VAR 57 0 0.590105 0.409895 
 ----> 1.3#6.6#44.0#54.0#VAR 58 1 0.556957 0.443043 
 ----> 1.3#6.6#44.0#54.0#VAR 59 1 0.582108 0.417892 
 ----> 1.3#6.6#44.0#54.0#VAR 60 0 0.581352 0.418648 
 ----> 1.3#6.6#44.0#54.0#VAR 61 0 0.600407 0.399593 
 ----> 1.3#6.6#44.0#54.0#VAR 62 0 0.576946 0.423054 
 ----> 1.3#6.6#44.0#54.0#VAR 63 1 0.587385 0.412615 
 ----> 1.3#6.6#44.0#54.0#VAR 64 0 0.590047 0.409953 
 ----> 1.3#6.6#44.0#54.0#VAR 65 1 0.595468 0.404532 
 ----> 1.3#6.6#44.0#54.0#VAR 66 0 0.581485 0.418515 
 ----> 1.3#6.6#44.0#54.0#VAR 67 0 0.602366 0.397634 
 ----> 1.3#6.6#44.0#54.0#VAR 68 1 0.585289 0.414711 
 ----> 1.3#6.6#44.0#54.0#VAR 69 0 0.597066 0.402934 
 ----> 1.3#6.6#44.0#54.0#VAR 70 0 0.588635 0.411365 
 ----> 1.3#6.6#44.0#54.0#VAR 71 0 0.575026 0.424974 
 ----> 1.3#6.6#44.0#54.0#VAR 72 0 0.556974 0.443026 
 ----> 1.3#6.6#44.0#54.0#VAR 73 1 0.595582 0.404418 
 ----> 1.3#6.6#44.0#54.0#VAR 74 1 0.582832 0.417168 
 ----> 1.3#6.6#44.0#54.0#VAR 75 1 0.588784 0.411216 
 ----> 1.3#6.6#44.0#54.0#VAR 76 1 0.593647 0.406353 
 ----> 1.3#6.6#44.0#54.0#VAR 77 1 0.598073 0.401927 
 ----> 1.3#6.6#44.0#54.0#VAR 78 1 0.564848 0.435152 
 ----> 1.3#6.6#44.0#54.0#VAR 79 1 0.579076 0.420924 
 ----> 1.3#6.6#44.0#54.0#VAR 80 0 0.597231 0.402769 
 ----> 1.3#6.6#44.0#54.0#VAR 81 1 0.594225 0.405775 
 ----> 1.3#6.6#44.0#54.0#VAR 82 0 0.586523 0.413477 
 ----> 1.3#6.6#44.0#54.0#VAR 83 1 0.613235 0.386765 
 ----> 1.3#6.6#44.0#54.0#VAR 84 0 0.568509 0.431491 
 ----> 1.3#6.6#44.0#54.0#VAR 85 1 0.561609 0.438391 
 ----> 1.3#6.6#44.0#54.0#VAR 86 1 0.570764 0.429236 
 ----> 1.3#6.6#44.0#54.0#VAR 87 1 0.579864 0.420136 
 ----> 1.3#6.6#44.0#54.0#VAR 88 1 0.546296 0.453704 
 ----> 1.3#6.6#44.0#54.0#VAR 89 0 0.612619 0.387381 
 ----> 1.3#6.6#44.0#54.0#VAR 90 0 0.606701 0.393299 
 ----> 1.3#6.6#44.0#54.0#VAR 91 0 0.605683 0.394317 
 ----> 1.3#6.6#44.0#54.0#VAR 92 1 0.577126 0.422874 
 ----> 1.3#6.6#44.0#54.0#VAR 93 1 0.606475 0.393525 
 ----> 1.3#6.6#44.0#54.0#VAR 94 0 0.592325 0.407675 
 ----> 1.3#6.6#44.0#54.0#VAR 95 1 0.580514 0.419486 
 ----> 1.3#6.6#44.0#54.0#VAR 96 1 0.576477 0.423523 
 ----> 1.3#6.6#44.0#54.0#VAR 97 0 0.584022 0.415978 
 ----> 1.3#6.6#44.0#54.0#VAR 98 0 0.583196 0.416804 
 ----> 1.3#6.6#44.0#54.0#VAR 99 0 0.593294 0.406706 
 ----> 1.3#6.6#44.0#54.0#VAR 100 0 0.604251 0.395749 
 ----> 1.3#6.6#44.0#54.0#VAR 101 0 0.586155 0.413845 
 ----> 1.3#6.6#44.0#54.0#VAR 102 0 0.585971 0.414029 
 ----> 1.3#6.6#44.0#54.0#VAR 103 0 0.604801 0.395199 
 ----> 1.3#6.6#44.0#54.0#VAR 104 0 0.640516 0.359484 
 ----> 1.3#6.6#44.0#54.0#VAR 105 0 0.609598 0.390402 
 ----> 1.3#6.6#44.0#54.0#VAR 106 0 0.61537 0.38463 
 ----> 1.3#6.6#44.0#54.0#VAR 107 0 0.600573 0.399427 
 ----> 1.3#6.6#44.0#54.0#VAR 108 0 0.575152 0.424848 
 ----> 1.3#6.6#44.0#54.0#VAR 109 1 0.60411 0.39589 
 ----> 1.3#6.6#44.0#54.0#VAR 110 1 0.59055 0.40945 
 ----> 1.3#6.6#44.0#54.0#VAR 111 0 0.614107 0.385893 
 ----> 1.3#6.6#44.0#54.0#VAR 112 1 0.594645 0.405355 
 ----> 1.3#6.6#44.0#54.0#VAR 113 1 0.602837 0.397163 
 ----> 1.3#6.6#44.0#54.0#VAR 114 0 0.591001 0.408999 
 ----> 1.3#6.6#44.0#54.0#VAR 115 1 0.599746 0.400254 
 ----> 1.3#6.6#44.0#54.0#VAR 116 0 0.577026 0.422974 
 ----> 1.3#6.6#44.0#54.0#VAR 117 1 0.61098 0.38902 
 ----> 1.3#6.6#44.0#54.0#VAR 118 1 0.621151 0.378849 
 ----> 1.3#6.6#44.0#54.0#VAR 119 1 0.572093 0.427907 
 ----> 1.3#6.6#44.0#54.0#VAR 120 1 0.608675 0.391325 
 ----> 1.3#6.6#44.0#54.0#VAR 121 0 0.660555 0.339445 
 ----> 1.3#6.6#44.0#54.0#VAR 122 1 0.568095 0.431905 
 ----> 1.3#6.6#44.0#54.0#VAR 123 0 0.586949 0.413051 
 ----> 1.3#6.6#44.0#54.0#VAR 124 0 0.616015 0.383985 
 ----> 1.3#6.6#44.0#54.0#VAR 125 1 0.584616 0.415384 
 ----> 1.3#6.6#44.0#54.0#VAR 126 1 0.603866 0.396134 
 ----> 1.3#6.6#44.0#54.0#VAR 127 0 0.625959 0.374041 
 ----> 1.3#6.6#44.0#54.0#VAR 128 1 0.604716 0.395284 
 ----> 1.3#6.6#44.0#54.0#VAR 129 1 0.577336 0.422664 
 ----> 1.3#6.6#44.0#54.0#VAR 130 1 0.598225 0.401775 
 ----> 1.3#6.6#44.0#54.0#VAR 131 1 0.604327 0.395673 
 ----> 1.3#6.6#44.0#54.0#VAR 132 1 0.624582 0.375418 
 ----> 1.3#6.6#44.0#54.0#VAR 133 1 0.580598 0.419402 
 ----> 1.3#6.6#44.0#54.0#VAR 134 0 0.584094 0.415906 
 ----> 1.3#6.6#44.0#54.0#VAR 135 1 0.622448 0.377552 
 ----> 1.3#6.6#44.0#54.0#VAR 136 0 0.597418 0.402582 
 ----> 1.3#6.6#44.0#54.0#VAR 137 0 0.594359 0.405641 
 ----> 1.3#6.6#44.0#54.0#VAR 138 0 0.594887 0.405113 
 ----> 1.3#6.6#44.0#54.0#VAR 139 0 0.592051 0.407949 
 ----> 1.3#6.6#44.0#54.0#VAR 140 1 0.592483 0.407517 
 ----> 1.3#6.6#44.0#54.0#VAR 141 1 0.601545 0.398455 
 ----> 1.3#6.6#44.0#54.0#VAR 142 0 0.598281 0.401719 
 ----> 1.3#6.6#44.0#54.0#VAR 143 0 0.60936 0.39064 
 ----> 1.3#6.6#44.0#54.0#VAR 144 1 0.593692 0.406308 
 ----> 1.3#6.6#44.0#54.0#VAR 145 0 0.596476 0.403524 
 ----> 1.3#6.6#44.0#54.0#VAR 146 0 0.612898 0.387102 
 ----> 1.3#6.6#44.0#54.0#VAR 147 0 0.60936 0.39064 
 ----> 1.3#6.6#44.0#54.0#VAR 148 1 0.622153 0.377847 
 ----> 1.3#6.6#44.0#54.0#VAR 149 0 0.620209 0.379791 
 ----> 1.3#6.6#44.0#54.0#VAR 150 1 0.595367 0.404633 
 ----> 1.3#6.6#44.0#54.0#VAR 151 0 0.620761 0.379239 
 ----> 1.3#6.6#44.0#54.0#VAR 152 1 0.605138 0.394862 
 ----> 1.3#6.6#44.0#54.0#VAR 153 0 0.642001 0.357999 
 ----> 1.3#6.6#44.0#54.0#VAR 154 0 0.614604 0.385396 
 ----> 1.3#6.6#44.0#54.0#VAR 155 0 0.600852 0.399148 
 ----> 1.3#6.6#44.0#54.0#VAR 156 0 0.61159 0.38841 
 ----> 1.3#6.6#44.0#54.0#VAR 157 0 0.585453 0.414547 
 ----> 1.3#6.6#44.0#54.0#VAR 158 1 0.565972 0.434028 
 ----> 1.3#6.6#44.0#54.0#VAR 159 0 0.604251 0.395749 
 ----> 1.3#6.6#44.0#54.0#VAR 160 1 0.617884 0.382116 
 ----> 1.3#6.6#44.0#54.0#VAR 161 0 0.579611 0.420389 
 ----> 1.3#6.6#44.0#54.0#VAR 162 0 0.678549 0.321451 
 ----> 1.3#6.6#44.0#54.0#VAR 163 0 0.592404 0.407596 
 ----> 1.3#6.6#44.0#54.0#VAR 164 1 0.596713 0.403287 
 ----> 1.3#6.6#44.0#54.0#VAR 165 1 0.60771 0.39229 
 ----> 1.3#6.6#44.0#54.0#VAR 166 0 0.628314 0.371686 
 ----> 1.3#6.6#44.0#54.0#VAR 167 0 0.611408 0.388592 
 ----> 1.3#6.6#44.0#54.0#VAR 168 1 0.616762 0.383238 
 ----> 1.3#6.6#44.0#54.0#VAR 169 1 0.599485 0.400515 
 ----> 1.3#6.6#44.0#54.0#VAR 170 0 0.589137 0.410863 
 ----> 1.3#6.6#44.0#54.0#VAR 171 0 0.599911 0.400089 
 ----> 1.3#6.6#44.0#54.0#VAR 172 0 0.594694 0.405306 
 ----> 1.3#6.6#44.0#54.0#VAR 173 1 0.613991 0.386009 
 ----> 1.3#6.6#44.0#54.0#VAR 174 0 0.602185 0.397815 
 ----> 1.3#6.6#44.0#54.0#VAR 175 0 0.591992 0.408008 
 ----> 1.3#6.6#44.0#54.0#VAR 176 0 0.571954 0.428046 
 ----> 1.3#6.6#44.0#54.0#VAR 177 1 0.595467 0.404533 
 ----> 1.3#6.6#44.0#54.0#VAR 178 0 0.606241 0.393759 
 ----> 1.3#6.6#44.0#54.0#VAR 179 0 0.58753 0.41247 
 ----> 1.3#6.6#44.0#54.0#VAR 180 0 0.593897 0.406103 
 ----> 1.3#6.6#44.0#54.0#VAR 181 1 0.603308 0.396692 
 ----> 1.3#6.6#44.0#54.0#VAR 182 1 0.614529 0.385471 
 ----> 1.3#6.6#44.0#54.0#VAR 183 0 0.644151 0.355849 
 ----> 1.3#6.6#44.0#54.0#VAR 184 0 0.536267 0.463733 
 ----> 1.3#6.6#44.0#54.0#VAR 185 0 0.578403 0.421597 
 ----> 1.3#6.6#44.0#54.0#VAR 186 0 0.603702 0.396298 
 ----> 1.3#6.6#44.0#54.0#VAR 187 0 0.646681 0.353319 
 ----> 1.3#6.6#44.0#54.0#VAR 188 1 0.606282 0.393718 
 ----> 1.3#6.6#44.0#54.0#VAR 189 0 0.592836 0.407164 
 ----> 1.3#6.6#44.0#54.0#VAR 190 1 0.582969 0.417031 
 ----> 1.3#6.6#44.0#54.0#VAR 191 0 0.588027 0.411973 
 ----> 1.3#6.6#44.0#54.0#VAR 192 0 0.596667 0.403333 
 ----> 1.3#6.6#44.0#54.0#VAR 193 0 0.584813 0.415187 
 ----> 1.3#6.6#44.0#54.0#VAR 194 0 0.610159 0.389841 
 ----> 1.3#6.6#44.0#54.0#VAR 195 0 0.615216 0.384784 
 ----> 1.3#6.6#44.0#54.0#VAR 196 1 0.603854 0.396146 
 ----> 1.3#6.6#44.0#54.0#VAR 197 0 0.598572 0.401428 
 ----> 1.3#6.6#44.0#54.0#VAR 198 1 0.633955 0.366045 
 ----> 1.3#6.6#44.0#54.0#VAR 199 0 0.611888 0.388112 
 ----> 1.3#6.6#44.0#54.0#VAR 200 0 0.628618 0.371382 
 ----> 1.3#6.6#44.0#54.0#VAR 201 0 0.644011 0.355989 
 ----> 1.3#6.6#44.0#54.0#VAR 202 0 0.623993 0.376007 
 ----> 1.3#6.6#44.0#54.0#VAR 203 0 0.617784 0.382216 
 ----> 1.3#6.6#44.0#54.0#VAR 204 0 0.644482 0.355518 
 ----> 1.3#6.6#44.0#54.0#VAR 205 1 0.543428 0.456572 
 ----> 1.3#6.6#44.0#54.0#VAR 206 0 0.575104 0.424896 
 ----> 1.3#6.6#44.0#54.0#VAR 207 0 0.608394 0.391606 
 ----> 1.3#6.6#44.0#54.0#VAR 208 0 0.627616 0.372384 
 ----> 1.3#6.6#44.0#54.0#VAR 209 1 0.5768 0.4232 
 ----> 1.3#6.6#44.0#54.0#VAR 210 1 0.583499 0.416501 
 ----> 1.3#6.6#44.0#54.0#VAR 211 0 0.614602 0.385398 
 ----> 1.3#6.6#44.0#54.0#VAR 212 0 0.582141 0.417859 
 ----> 1.3#6.6#44.0#54.0#VAR 213 1 0.571613 0.428387 
 ----> 1.3#6.6#44.0#54.0#VAR 214 1 0.577066 0.422934 
 ----> 1.3#6.6#44.0#54.0#VAR 215 1 0.594572 0.405428 
 ----> 1.3#6.6#44.0#54.0#VAR 216 0 0.598338 0.401662 
 ----> 1.3#6.6#44.0#54.0#VAR 217 1 0.570618 0.429382 
 ----> 1.3#6.6#44.0#54.0#VAR 218 1 0.555313 0.444687 
 ----> 1.3#6.6#44.0#54.0#VAR 219 0 0.628071 0.371929 
 ----> 1.3#6.6#44.0#54.0#VAR 220 0 0.590976 0.409024 
 ----> 1.3#6.6#44.0#54.0#VAR 221 0 0.628117 0.371883 
 ----> 1.3#6.6#44.0#54.0#VAR 222 1 0.593947 0.406053 
 ----> 1.3#6.6#44.0#54.0#VAR 223 1 0.617527 0.382473 
 ----> 1.3#6.6#44.0#54.0#VAR 224 0 0.638461 0.361539 
 ----> 1.3#6.6#44.0#54.0#VAR 225 1 0.593481 0.406519 
 ----> 1.3#6.6#44.0#54.0#VAR 226 0 0.603007 0.396993 
 ----> 1.3#6.6#44.0#54.0#VAR 227 0 0.606425 0.393575 
 ----> 1.3#6.6#44.0#54.0#VAR 228 0 0.58452 0.41548 
 ----> 1.3#6.6#44.0#54.0#VAR 229 0 0.606738 0.393262 
 ----> 1.3#6.6#44.0#54.0#VAR 230 1 0.595949 0.404051 
 ----> 1.3#6.6#44.0#54.0#VAR 231 0 0.58919 0.41081 
 ----> 1.3#6.6#44.0#54.0#VAR 232 1 0.59788 0.40212 
 ----> 1.3#6.6#44.0#54.0#VAR 233 0 0.593659 0.406341 
 ----> 1.3#6.6#44.0#54.0#VAR 234 0 0.604908 0.395092 
 ----> 1.3#6.6#44.0#54.0#VAR 235 0 0.575962 0.424038 
 ----> 1.3#6.6#44.0#54.0#VAR 236 0 0.578929 0.421071 
 ----> 1.3#6.6#44.0#54.0#VAR 237 0 0.597524 0.402476 
 ----> 1.3#6.6#44.0#54.0#VAR 238 0 0.600543 0.399457 
 ----> 1.3#6.6#44.0#54.0#VAR 239 0 0.588545 0.411455 
 ----> 1.3#6.6#44.0#54.0#VAR 240 1 0.612091 0.387909 
 ----> 1.3#6.6#44.0#54.0#VAR 241 0 0.623228 0.376772 
 ----> 1.3#6.6#44.0#54.0#VAR 242 0 0.605306 0.394694 
 ----> 1.3#6.6#44.0#54.0#VAR 243 1 0.574951 0.425049 
 ----> 1.3#6.6#44.0#54.0#VAR 244 0 0.610867 0.389133 
 ----> 1.3#6.6#44.0#54.0#VAR 245 1 0.61182 0.38818 
 ----> 1.3#6.6#44.0#54.0#VAR 246 1 0.631951 0.368049 
 ----> 1.3#6.6#44.0#54.0#VAR 247 0 0.6268 0.3732 
 ----> 1.3#6.6#44.0#54.0#VAR 248 0 0.59941 0.40059 
 ----> 1.3#6.6#44.0#54.0#VAR 249 1 0.606802 0.393198 
 ----> 1.3#6.6#44.0#54.0#VAR 250 0 0.621993 0.378007 
 ----> 1.3#6.6#44.0#54.0#VAR 251 0 0.630744 0.369256 
 ----> 1.3#6.6#44.0#54.0#VAR 252 0 0.64085 0.35915 
 ----> 1.3#6.6#44.0#54.0#VAR 253 0 0.665915 0.334085 
 ----> 1.3#6.6#44.0#54.0#VAR 254 0 0.650142 0.349858 
 ----> 1.3#6.6#44.0#54.0#VAR 255 1 0.655662 0.344338 
 ----> 1.3#6.6#44.0#54.0#VAR 256 1 0.613369 0.386631 
 ----> 1.3#6.6#44.0#54.0#VAR 257 0 0.600676 0.399324 
 ----> 1.3#6.6#44.0#54.0#VAR 258 0 0.606498 0.393502 
 ----> 1.3#6.6#44.0#54.0#VAR 259 0 0.631665 0.368335 
 ----> 1.3#6.6#44.0#54.0#VAR 260 1 0.577693 0.422307 
 ----> 1.3#6.6#44.0#54.0#VAR 261 0 0.621952 0.378048 
 ----> 1.3#6.6#44.0#54.0#VAR 262 0 0.603438 0.396562 
 ----> 1.3#6.6#44.0#54.0#VAR 263 1 0.608696 0.391304 
 ----> 1.3#6.6#44.0#54.0#VAR 264 1 0.64186 0.35814 
 ----> 1.3#6.6#44.0#54.0#VAR 265 1 0.622461 0.377539 
 ----> 1.3#6.6#44.0#54.0#VAR 266 1 0.58025 0.41975 
 ----> 1.3#6.6#44.0#54.0#VAR 267 0 0.608881 0.391119 
 ----> 1.3#6.6#44.0#54.0#VAR 268 0 0.605989 0.394011 
 ----> 1.3#6.6#44.0#54.0#VAR 269 0 0.591171 0.408829 
 ----> 1.3#6.6#44.0#54.0#VAR 270 1 0.594294 0.405706 
 ----> 1.3#6.6#44.0#54.0#VAR 271 0 0.620433 0.379567 
 ----> 1.3#6.6#44.0#54.0#VAR 272 1 0.577229 0.422771 
 ----> 1.3#6.6#44.0#54.0#VAR 273 0 0.637202 0.362798 
 ----> 1.3#6.6#44.0#54.0#VAR 274 0 0.604459 0.395541 
 ----> 1.3#6.6#44.0#54.0#VAR 275 0 0.568312 0.431688 
 ----> 1.3#6.6#44.0#54.0#VAR 276 0 0.616827 0.383173 
 ----> 1.3#6.6#44.0#54.0#VAR 277 0 0.61237 0.38763 
 ----> 1.3#6.6#44.0#54.0#VAR 278 0 0.601327 0.398673 
 ----> 1.3#6.6#44.0#54.0#VAR 279 0 0.610908 0.389092 
 ----> 1.3#6.6#44.0#54.0#VAR 280 1 0.603345 0.396655 
 ----> 1.3#6.6#44.0#54.0#VAR 281 1 0.542312 0.457688 
 ----> 1.3#6.6#44.0#54.0#VAR 282 0 0.60017 0.39983 
 ----> 1.3#6.6#44.0#54.0#VAR 283 0 0.622051 0.377949 
 ----> 1.3#6.6#44.0#54.0#VAR 284 0 0.568401 0.431599 
 ----> 1.3#6.6#44.0#54.0#VAR 285 0 0.623479 0.376521 
 ----> 1.3#6.6#44.0#54.0#VAR 286 1 0.599501 0.400499 
 ----> 1.3#6.6#44.0#54.0#VAR 287 0 0.576619 0.423381 
 ----> 1.3#6.6#44.0#54.0#VAR 288 0 0.59716 0.40284 
 ----> 1.3#6.6#44.0#54.0#VAR 289 0 0.568247 0.431753 
 ----> 1.3#6.6#44.0#54.0#VAR 290 1 0.531685 0.468315 
 ----> 1.3#6.6#44.0#54.0#VAR 291 0 0.602144 0.397856 
 ----> 1.3#6.6#44.0#54.0#VAR 292 0 0.61001 0.38999 
 ----> 1.3#6.6#44.0#54.0#VAR 293 1 0.619762 0.380238 
 ----> 1.3#6.6#44.0#54.0#VAR 294 0 0.652053 0.347947 
 ----> 1.3#6.6#44.0#54.0#VAR 295 1 0.627654 0.372346 
 ----> 1.3#6.6#44.0#54.0#VAR 296 0 0.583463 0.416537 
 ----> 1.3#6.6#44.0#54.0#VAR 297 0 0.662382 0.337618 
 ----> 1.3#6.6#44.0#54.0#VAR 298 0 0.606084 0.393916 
 ----> 1.3#6.6#44.0#54.0#VAR 299 0 0.602212 0.397788 
 ----> 1.3#6.6#44.0#54.0#VAR 300 0 0.59533 0.40467 
 ----> 1.3#6.6#44.0#54.0#VAR 301 1 0.609786 0.390214 
 ----> 1.3#6.6#44.0#54.0#VAR 302 1 0.574304 0.425696 
 ----> 1.3#6.6#44.0#54.0#VAR 303 1 0.618201 0.381799 
 ----> 1.3#6.6#44.0#54.0#VAR 304 0 0.618799 0.381201 
 ----> 1.3#6.6#44.0#54.0#VAR 305 0 0.591693 0.408307 
 ----> 1.3#6.6#44.0#54.0#VAR 306 0 0.589568 0.410432 
 ----> 1.3#6.6#44.0#54.0#VAR 307 1 0.618256 0.381744 
 ----> 1.3#6.6#44.0#54.0#VAR 308 1 0.598699 0.401301 
 ----> 1.3#6.6#44.0#54.0#VAR 309 0 0.590766 0.409234 
 ----> 1.3#6.6#44.0#54.0#VAR 310 0 0.599477 0.400523 
 ----> 1.3#6.6#44.0#54.0#VAR 311 0 0.631485 0.368515 
 ----> 1.3#6.6#44.0#54.0#VAR 312 1 0.588977 0.411023 
 ----> 1.3#6.6#44.0#54.0#VAR 313 0 0.619008 0.380992 
 ----> 1.3#6.6#44.0#54.0#VAR 314 0 0.602038 0.397962 
 ----> 1.3#6.6#44.0#54.0#VAR 315 0 0.593943 0.406057 
 ----> 1.3#6.6#44.0#54.0#VAR 316 0 0.626812 0.373188 
 ----> 1.3#6.6#44.0#54.0#VAR 317 0 0.585696 0.414304 
 ----> 1.3#6.6#44.0#54.0#VAR 318 0 0.594354 0.405646 
 ----> 1.3#6.6#44.0#54.0#VAR 319 0 0.629486 0.370514 
 ----> 1.3#6.6#44.0#54.0#VAR 320 0 0.585661 0.414339 
 ----> 1.3#6.6#44.0#54.0#VAR 321 0 0.600412 0.399588 
 ----> 1.3#6.6#44.0#54.0#VAR 322 0 0.602175 0.397825 
 ----> 1.3#6.6#44.0#54.0#VAR 323 0 0.601871 0.398129 
 ----> 1.3#6.6#44.0#54.0#VAR 324 0 0.583055 0.416945 
 ----> 1.3#6.6#44.0#54.0#VAR 325 0 0.585375 0.414625 
 ----> 1.3#6.6#44.0#54.0#VAR 326 0 0.575858 0.424142 
 ----> 1.3#6.6#44.0#54.0#VAR 327 0 0.589111 0.410889 
 ----> 1.3#6.6#44.0#54.0#VAR 328 0 0.599542 0.400458 
 ----> 1.3#6.6#44.0#54.0#VAR 329 1 0.577522 0.422478 
 ----> 1.3#6.6#44.0#54.0#VAR 330 1 0.57644 0.42356 
 ----> 1.3#6.6#44.0#54.0#VAR 331 1 0.594912 0.405088 
 ----> 1.3#6.6#44.0#54.0#VAR 332 0 0.623531 0.376469 
 ----> 1.3#6.6#44.0#54.0#VAR 333 0 0.640722 0.359278 
 ----> 1.3#6.6#44.0#54.0#VAR 334 0 0.626228 0.373772 
 ----> 1.3#6.6#44.0#54.0#VAR 335 0 0.60137 0.39863 
 ----> 1.3#6.6#44.0#54.0#VAR 336 0 0.629407 0.370593 
 ----> 1.3#6.6#44.0#54.0#VAR 337 0 0.580787 0.419213 
 ----> 1.3#6.6#44.0#54.0#VAR 338 0 0.589703 0.410297 
 ----> 1.3#6.6#44.0#54.0#VAR 339 0 0.612963 0.387037 
 ----> 1.3#6.6#44.0#54.0#VAR 340 1 0.617661 0.382339 
 ----> 1.3#6.6#44.0#54.0#VAR 341 1 0.61263 0.38737 
 ----> 1.3#6.6#44.0#54.0#VAR 342 0 0.572651 0.427349 
 ----> 1.3#6.6#44.0#54.0#VAR 343 0 0.609546 0.390454 
 ----> 1.3#6.6#44.0#54.0#VAR 344 0 0.608939 0.391061 
 ----> 1.3#6.6#44.0#54.0#VAR 345 0 0.586119 0.413881 
 ----> 1.3#6.6#44.0#54.0#VAR 346 0 0.632594 0.367406 
 ----> 1.3#6.6#44.0#54.0#VAR 347 0 0.627858 0.372142 
 ----> 1.3#6.6#44.0#54.0#VAR 348 0 0.630655 0.369345 
 ----> 1.3#6.6#44.0#54.0#VAR 349 1 0.601029 0.398971 
 ----> 1.3#6.6#44.0#54.0#VAR 350 0 0.624051 0.375949 
 ----> 1.3#6.6#44.0#54.0#VAR 351 0 0.642937 0.357063 
 ----> 1.3#6.6#44.0#54.0#VAR 352 0 0.642571 0.357429 
 ----> 1.3#6.6#44.0#54.0#VAR 353 0 0.591118 0.408882 
 ----> 1.3#6.6#44.0#54.0#VAR 354 1 0.595362 0.404638 
 ----> 1.3#6.6#44.0#54.0#VAR 355 0 0.605967 0.394033 
 ----> 1.3#6.6#44.0#54.0#VAR 356 0 0.602437 0.397563 
 ----> 1.3#6.6#44.0#54.0#VAR 357 0 0.643285 0.356715 
 ----> 1.3#6.6#44.0#54.0#VAR 358 0 0.627796 0.372204 
 ----> 1.3#6.6#44.0#54.0#VAR 359 1 0.602136 0.397864 
 ----> 1.3#6.6#44.0#54.0#VAR 360 0 0.621161 0.378839 
 ----> 1.3#6.6#44.0#54.0#VAR 361 0 0.64278 0.35722 
 ----> 1.3#6.6#44.0#54.0#VAR 362 0 0.637987 0.362013 
 ----> 1.3#6.6#44.0#54.0#VAR 363 0 0.612341 0.387659 
 ----> 1.3#6.6#44.0#54.0#VAR 364 0 0.628003 0.371997 
 ----> 1.3#6.6#44.0#54.0#VAR 365 1 0.587463 0.412537 
 ----> 1.3#6.6#44.0#54.0#VAR 366 0 0.64104 0.35896 
 ----> 1.3#6.6#44.0#54.0#VAR 367 0 0.649229 0.350771 
 ----> 1.3#6.6#44.0#54.0#VAR 368 1 0.613845 0.386155 
 ----> 1.3#6.6#44.0#54.0#VAR 369 0 0.646475 0.353525 
 ----> 1.3#6.6#44.0#54.0#VAR 370 0 0.60866 0.39134 
 ----> 1.3#6.6#44.0#54.0#VAR 371 0 0.609647 0.390353 
 ----> 1.3#6.6#44.0#54.0#VAR 372 0 0.606728 0.393272 
 ----> 1.3#6.6#44.0#54.0#VAR 373 0 0.667794 0.332206 
 ----> 1.3#6.6#44.0#54.0#VAR 374 1 0.619436 0.380564 
 ----> 1.3#6.6#44.0#54.0#VAR 375 0 0.639103 0.360897 
 ----> 1.3#6.6#44.0#54.0#VAR 376 0 0.635818 0.364182 
 ----> 1.3#6.6#44.0#54.0#VAR 377 1 0.581003 0.418997 
 ----> 1.3#6.6#44.0#54.0#VAR 378 0 0.613572 0.386428 
 ----> 1.3#6.6#44.0#54.0#VAR 379 0 0.630673 0.369327 
 ----> 1.3#6.6#44.0#54.0#VAR 380 0 0.650894 0.349106 
 ----> 1.3#6.6#44.0#54.0#VAR 381 0 0.647597 0.352403 
 ----> 1.3#6.6#44.0#54.0#VAR 382 1 0.603498 0.396502 
 ----> 1.3#6.6#44.0#54.0#VAR 383 1 0.608379 0.391621 
 ----> 1.3#6.6#44.0#54.0#VAR 384 1 0.588952 0.411048 
 ----> 1.3#6.6#44.0#54.0#VAR 385 0 0.610052 0.389948 
 ----> 1.3#6.6#44.0#54.0#VAR 386 0 0.604763 0.395237 
 ----> 1.3#6.6#44.0#54.0#VAR 387 0 0.601099 0.398901 
 ----> 1.3#6.6#44.0#54.0#VAR 388 0 0.597815 0.402185 
 ----> 1.3#6.6#44.0#54.0#VAR 389 0 0.63044 0.36956 
 ----> 1.3#6.6#44.0#54.0#VAR 390 0 0.614105 0.385895 
 ----> 1.3#6.6#44.0#54.0#VAR 391 0 0.614489 0.385511 
 ----> 1.3#6.6#44.0#54.0#VAR 392 0 0.588939 0.411061 
 ----> 1.3#6.6#44.0#54.0#VAR 393 0 0.614696 0.385304 
 ----> 1.3#6.6#44.0#54.0#VAR 394 0 0.638286 0.361714 
 ----> 1.3#6.6#44.0#54.0#VAR 395 1 0.598451 0.401549 
 ----> 1.3#6.6#44.0#54.0#VAR 396 0 0.607669 0.392331 
 ----> 1.3#6.6#44.0#54.0#VAR 397 0 0.591333 0.408667 
 ----> 1.3#6.6#44.0#54.0#VAR 398 1 0.59315 0.40685 
 ----> 1.3#6.6#44.0#54.0#VAR 399 0 0.599172 0.400828 
 ----> 1.3#6.6#44.0#54.0#VAR 400 0 0.627518 0.372482 
 ----> 1.3#6.6#44.0#54.0#VAR 401 1 0.619658 0.380342 
 ----> 1.3#6.6#44.0#54.0#VAR 402 0 0.632672 0.367328 
 ----> 1.3#6.6#44.0#54.0#VAR 403 0 0.629912 0.370088 
 ----> 1.3#6.6#44.0#54.0#VAR 404 0 0.607107 0.392893 
 ----> 1.3#6.6#44.0#54.0#VAR 405 0 0.653956 0.346044 
 ----> 1.3#6.6#44.0#54.0#VAR 406 0 0.598253 0.401747 
 ----> 1.3#6.6#44.0#54.0#VAR 407 1 0.618273 0.381727 
 ----> 1.3#6.6#44.0#54.0#VAR 408 0 0.592553 0.407447 
 ----> 1.3#6.6#44.0#54.0#VAR 409 1 0.539506 0.460494 
 ----> 1.3#6.6#44.0#54.0#VAR 410 1 0.612478 0.387522 
 ----> 1.3#6.6#44.0#54.0#VAR 411 0 0.634128 0.365872 
 ----> 1.3#6.6#44.0#54.0#VAR 412 0 0.633931 0.366069 
 ----> 1.3#6.6#44.0#54.0#VAR 413 1 0.658258 0.341742 
 ----> 1.3#6.6#44.0#54.0#VAR 414 0 0.664507 0.335493 
 ----> 1.3#6.6#44.0#54.0#VAR 415 0 0.638816 0.361184 
 ----> 1.3#6.6#44.0#54.0#VAR 416 1 0.649314 0.350686 
 ----> 1.3#6.6#44.0#54.0#VAR 417 0 0.610254 0.389746 
 ----> 1.3#6.6#44.0#54.0#VAR 418 0 0.61789 0.38211 
 ----> 1.3#6.6#44.0#54.0#VAR 419 0 0.640902 0.359098 
 ----> 1.3#6.6#44.0#54.0#VAR 420 0 0.640801 0.359199 
 ----> 1.3#6.6#44.0#54.0#VAR 421 0 0.631161 0.368839 
 ----> 1.3#6.6#44.0#54.0#VAR 422 0 0.622664 0.377336 
 ----> 1.3#6.6#44.0#54.0#VAR 423 0 0.616568 0.383432 
 ----> 1.3#6.6#44.0#54.0#VAR 424 0 0.613507 0.386493 
 ----> 1.3#6.6#44.0#54.0#VAR 425 0 0.636965 0.363035 
 ----> 1.3#6.6#44.0#54.0#VAR 426 1 0.569119 0.430881 
 ----> 1.3#6.6#44.0#54.0#VAR 427 0 0.606307 0.393693 
 ----> 1.3#6.6#44.0#54.0#VAR 428 0 0.602445 0.397555 
 ----> 1.3#6.6#44.0#54.0#VAR 429 0 0.617339 0.382661 
 ----> 1.3#6.6#44.0#54.0#VAR 430 1 0.589225 0.410775 
 ----> 1.3#6.6#44.0#54.0#VAR 431 0 0.616052 0.383948 
 ----> 1.3#6.6#44.0#54.0#VAR 432 0 0.593523 0.406477 
 ----> 1.3#6.6#44.0#54.0#VAR 433 0 0.607918 0.392082 
 ----> 1.3#6.6#44.0#54.0#VAR 434 0 0.630373 0.369627 
 ----> 1.3#6.6#44.0#54.0#VAR 435 0 0.616454 0.383546 
 ----> 1.3#6.6#44.0#54.0#VAR 436 0 0.632273 0.367727 
 ----> 1.3#6.6#44.0#54.0#VAR 437 0 0.631 0.369 
 ----> 1.3#6.6#44.0#54.0#VAR 438 1 0.626498 0.373502 
 ----> 1.3#6.6#44.0#54.0#VAR 439 1 0.649495 0.350505 
 ----> 1.3#6.6#44.0#54.0#VAR 440 0 0.599029 0.400971 
 ----> 1.3#6.6#44.0#54.0#VAR 441 0 0.644106 0.355894 
 ----> 1.3#6.6#44.0#54.0#VAR 442 1 0.648146 0.351854 
 ----> 1.3#6.6#44.0#54.0#VAR 443 1 0.656274 0.343726 
 ----> 1.3#6.6#44.0#54.0#VAR 444 0 0.606553 0.393447 
 ----> 1.3#6.6#44.0#54.0#VAR 445 0 0.649642 0.350358 
 ----> 1.3#6.6#44.0#54.0#VAR 446 1 0.617775 0.382225 
 ----> 1.3#6.6#44.0#54.0#VAR 447 0 0.610256 0.389744 
 ----> 1.3#6.6#44.0#54.0#VAR 448 0 0.626537 0.373463 
 ----> 1.3#6.6#44.0#54.0#VAR 449 1 0.572845 0.427155 
 ----> 1.3#6.6#44.0#54.0#VAR 450 0 0.613159 0.386841 
 ----> 1.3#6.6#44.0#54.0#VAR 451 0 0.620353 0.379647 
 ----> 1.3#6.6#44.0#54.0#VAR 452 0 0.58589 0.41411 
 ----> 1.3#6.6#44.0#54.0#VAR 453 0 0.606969 0.393031 
 ----> 1.3#6.6#44.0#54.0#VAR 454 0 0.584938 0.415062 
 ----> 1.3#6.6#44.0#54.0#VAR 455 0 0.607481 0.392519 
 ----> 1.3#6.6#44.0#54.0#VAR 456 0 0.60442 0.39558 
 ----> 1.3#6.6#44.0#54.0#VAR 457 0 0.618162 0.381838 
 ----> 1.3#6.6#44.0#54.0#VAR 458 1 0.573321 0.426679 
 ----> 1.3#6.6#44.0#54.0#VAR 459 0 0.624572 0.375428 
 ----> 1.3#6.6#44.0#54.0#VAR 460 1 0.613055 0.386945 
 ----> 1.3#6.6#44.0#54.0#VAR 461 0 0.629484 0.370516 
 ----> 1.3#6.6#44.0#54.0#VAR 462 1 0.5773 0.4227 
 ----> 1.3#6.6#44.0#54.0#VAR 463 0 0.637909 0.362091 
 ----> 1.3#6.6#44.0#54.0#VAR 464 1 0.586452 0.413548 
 ----> 1.3#6.6#44.0#54.0#VAR 465 0 0.645726 0.354274 
 ----> 1.3#6.6#44.0#54.0#VAR 466 0 0.62525 0.37475 
 ----> 1.3#6.6#44.0#54.0#VAR 467 0 0.622278 0.377722 
 ----> 1.3#6.6#44.0#54.0#VAR 468 0 0.586909 0.413091 
 ----> 1.3#6.6#44.0#54.0#VAR 469 1 0.626186 0.373814 
 ----> 1.3#6.6#44.0#54.0#VAR 470 0 0.60625 0.39375 
 ----> 1.3#6.6#44.0#54.0#VAR 471 1 0.59754 0.40246 
 ----> 1.3#6.6#44.0#54.0#VAR 472 1 0.612706 0.387294 
 ----> 1.3#6.6#44.0#54.0#VAR 473 0 0.620324 0.379676 
 ----> 1.3#6.6#44.0#54.0#VAR 474 1 0.623741 0.376259 
 ----> 1.3#6.6#44.0#54.0#VAR 475 0 0.609665 0.390335 
 ----> 1.3#6.6#44.0#54.0#VAR 476 0 0.634274 0.365726 
 ----> 1.3#6.6#44.0#54.0#VAR 477 1 0.54849 0.45151 
 ----> 1.3#6.6#44.0#54.0#VAR 478 0 0.6205 0.3795 
 ----> 1.3#6.6#44.0#54.0#VAR 479 0 0.612163 0.387837 
 ----> 1.3#6.6#44.0#54.0#VAR 480 0 0.605378 0.394622 
 ----> 1.3#6.6#44.0#54.0#VAR 481 0 0.611922 0.388078 
 ----> 1.3#6.6#44.0#54.0#VAR 482 1 0.585901 0.414099 
 ----> 1.3#6.6#44.0#54.0#VAR 483 0 0.591967 0.408033 
 ----> 1.3#6.6#44.0#54.0#VAR 484 0 0.638104 0.361896 
 ----> 1.3#6.6#44.0#54.0#VAR 485 0 0.594714 0.405286 
 ----> 1.3#6.6#44.0#54.0#VAR 486 0 0.607554 0.392446 
 ----> 1.3#6.6#44.0#54.0#VAR 487 0 0.609563 0.390437 
 ----> 1.3#6.6#44.0#54.0#VAR 488 1 0.614038 0.385962 
 ----> 1.3#6.6#44.0#54.0#VAR 489 1 0.603594 0.396406 
 ----> 1.3#6.6#44.0#54.0#VAR 490 0 0.63996 0.36004 
 ----> 1.3#6.6#44.0#54.0#VAR 491 1 0.590347 0.409653 
 ----> 1.3#6.6#44.0#54.0#VAR 492 0 0.609032 0.390968 
 ----> 1.3#6.6#44.0#54.0#VAR 493 0 0.606206 0.393794 
 ----> 1.3#6.6#44.0#54.0#VAR 494 0 0.636914 0.363086 
 ----> 1.3#6.6#44.0#54.0#VAR 495 0 0.651903 0.348097 
 ----> 1.3#6.6#44.0#54.0#VAR 496 0 0.604149 0.395851 
 ----> 1.3#6.6#44.0#54.0#VAR 497 0 0.614469 0.385531 
 ----> 1.3#6.6#44.0#54.0#VAR 498 0 0.600708 0.399292 
 ----> 1.3#6.6#44.0#54.0#VAR 499 0 0.625555 0.374445 
 ----> 1.3#6.6#44.0#54.0#VAR 500 0 0.616883 0.383117 
 ----> 1.3#6.6#44.0#54.0#VAR 501 1 0.574557 0.425443 
 ----> 1.3#6.6#44.0#54.0#VAR 502 0 0.624631 0.375369 
 ----> 1.3#6.6#44.0#54.0#VAR 503 0 0.630592 0.369408 
 ----> 1.3#6.6#44.0#54.0#VAR 504 0 0.621922 0.378078 
 ----> 1.3#6.6#44.0#54.0#VAR 505 0 0.676652 0.323348 
 ----> 1.3#6.6#44.0#54.0#VAR 506 0 0.646626 0.353374 
 ----> 1.3#6.6#44.0#54.0#VAR 507 0 0.616692 0.383308 
 ----> 1.3#6.6#44.0#54.0#VAR 508 1 0.610293 0.389707 
 ----> 1.3#6.6#44.0#54.0#VAR 509 0 0.611293 0.388707 
 ----> 1.3#6.6#44.0#54.0#VAR 510 0 0.587594 0.412406 
 ----> 1.3#6.6#44.0#54.0#VAR 511 0 0.587868 0.412132 
 ----> 1.3#6.6#44.0#54.0#VAR 512 0 0.601847 0.398153 
 ----> 1.3#6.6#44.0#54.0#VAR 513 1 0.599311 0.400689 
 ----> 1.3#6.6#44.0#54.0#VAR 514 0 0.601885 0.398115 
 ----> 1.3#6.6#44.0#54.0#VAR 515 0 0.629339 0.370661 
 ----> 1.3#6.6#44.0#54.0#VAR 516 0 0.62926 0.37074 
 ----> 1.3#6.6#44.0#54.0#VAR 517 1 0.635505 0.364495 
 ----> 1.3#6.6#44.0#54.0#VAR 518 1 0.610512 0.389488 
 ----> 1.3#6.6#44.0#54.0#VAR 519 0 0.636631 0.363369 
 ----> 1.3#6.6#44.0#54.0#VAR 520 0 0.616119 0.383881 
 ----> 1.3#6.6#44.0#54.0#VAR 521 0 0.610039 0.389961 
 ----> 1.3#6.6#44.0#54.0#VAR 522 1 0.600491 0.399509 
 ----> 1.3#6.6#44.0#54.0#VAR 523 1 0.633413 0.366587 
 ----> 1.3#6.6#44.0#54.0#VAR 524 0 0.617883 0.382117 
 ----> 1.3#6.6#44.0#54.0#VAR 525 1 0.610793 0.389207 
 ----> 1.3#6.6#44.0#54.0#VAR 526 0 0.612807 0.387193 
 ----> 1.3#6.6#44.0#54.0#VAR 527 0 0.624668 0.375332 
 ----> 1.3#6.6#44.0#54.0#VAR 528 0 0.62313 0.37687 
 ----> 1.3#6.6#44.0#54.0#VAR 529 0 0.588471 0.411529 
 ----> 1.3#6.6#44.0#54.0#VAR 530 1 0.619189 0.380811 
 ----> 1.3#6.6#44.0#54.0#VAR 531 0 0.611155 0.388845 
 ----> 1.3#6.6#44.0#54.0#VAR 532 1 0.608433 0.391567 
 ----> 1.3#6.6#44.0#54.0#VAR 533 1 0.610163 0.389837 
 ----> 1.3#6.6#44.0#54.0#VAR 534 0 0.623071 0.376929 
 ----> 1.3#6.6#44.0#54.0#VAR 535 0 0.608415 0.391585 
 ----> 1.3#6.6#44.0#54.0#VAR 536 1 0.554058 0.445942 
 ----> 1.3#6.6#44.0#54.0#VAR 537 0 0.613483 0.386517 
 ----> 1.3#6.6#44.0#54.0#VAR 538 0 0.622307 0.377693 
 ----> 1.3#6.6#44.0#54.0#VAR 539 0 0.609412 0.390588 
 ----> 1.3#6.6#44.0#54.0#VAR 540 0 0.602351 0.397649 
 ----> 1.3#6.6#44.0#54.0#VAR 541 0 0.59696 0.40304 
 ----> 1.3#6.6#44.0#54.0#VAR 542 0 0.61038 0.38962 
 ----> 1.3#6.6#44.0#54.0#VAR 543 0 0.64351 0.35649 
 ----> 1.3#6.6#44.0#54.0#VAR 544 0 0.572039 0.427961 
 ----> 1.3#6.6#44.0#54.0#VAR 545 0 0.584058 0.415942 
 ----> 1.3#6.6#44.0#54.0#VAR 546 0 0.61222 0.38778 
 ----> 1.3#6.6#44.0#54.0#VAR 547 0 0.622688 0.377312 
 ----> 1.3#6.6#44.0#54.0#VAR 548 0 0.625994 0.374006 
 ----> 1.3#6.6#44.0#54.0#VAR 549 0 0.587205 0.412795 
 ----> 1.3#6.6#44.0#54.0#VAR 550 1 0.55476 0.44524 
 ----> 1.3#6.6#44.0#54.0#VAR 551 0 0.617765 0.382235 
 ----> 1.3#6.6#44.0#54.0#VAR 552 0 0.606818 0.393182 
 ----> 1.3#6.6#44.0#54.0#VAR 553 0 0.631335 0.368665 
 ----> 1.3#6.6#44.0#54.0#VAR 554 0 0.611747 0.388253 
 ----> 1.3#6.6#44.0#54.0#VAR 555 0 0.602997 0.397003 
 ----> 1.3#6.6#44.0#54.0#VAR 556 1 0.581904 0.418096 
 ----> 1.3#6.6#44.0#54.0#VAR 557 0 0.599233 0.400767 
 ----> 1.3#6.6#44.0#54.0#VAR 558 0 0.606283 0.393717 
 ----> 1.3#6.6#44.0#54.0#VAR 559 1 0.620803 0.379197 
 ----> 1.3#6.6#44.0#54.0#VAR 560 1 0.610556 0.389444 
 ----> 1.3#6.6#44.0#54.0#VAR 561 0 0.62037 0.37963 
 ----> 1.3#6.6#44.0#54.0#VAR 562 1 0.616858 0.383142 
 ----> 1.3#6.6#44.0#54.0#VAR 563 0 0.592274 0.407726 
 ----> 1.3#6.6#44.0#54.0#VAR 564 1 0.593718 0.406282 
 ----> 1.3#6.6#44.0#54.0#VAR 565 0 0.609187 0.390813 
 ----> 1.3#6.6#44.0#54.0#VAR 566 0 0.59256 0.40744 
 ----> 1.3#6.6#44.0#54.0#VAR 567 1 0.576307 0.423693 
 ----> 1.3#6.6#44.0#54.0#VAR 568 1 0.616344 0.383656 
 ----> 1.3#6.6#44.0#54.0#VAR 569 0 0.629429 0.370571 
 ----> 1.3#6.6#44.0#54.0#VAR 570 1 0.592501 0.407499 
 ----> 1.3#6.6#44.0#54.0#VAR 571 1 0.584634 0.415366 
 ----> 1.3#6.6#44.0#54.0#VAR 572 1 0.55909 0.44091 
 ----> 1.3#6.6#44.0#54.0#VAR 573 1 0.608306 0.391694 
 ----> 1.3#6.6#44.0#54.0#VAR 574 1 0.601462 0.398538 
 ----> 1.3#6.6#44.0#54.0#VAR 575 0 0.603186 0.396814 
 ----> 1.3#6.6#44.0#54.0#VAR 576 0 0.621605 0.378395 
 ----> 1.3#6.6#44.0#54.0#VAR 577 1 0.586902 0.413098 
 ----> 1.3#6.6#44.0#54.0#VAR 578 1 0.579936 0.420064 
 ----> 1.3#6.6#44.0#54.0#VAR 579 1 0.608667 0.391333 
 ----> 1.3#6.6#44.0#54.0#VAR 580 0 0.618612 0.381388 
 ----> 1.3#6.6#44.0#54.0#VAR 581 1 0.642462 0.357538 
 ----> 1.3#6.6#44.0#54.0#VAR 582 1 0.594163 0.405837 
 ----> 1.3#6.6#44.0#54.0#VAR 583 0 0.580557 0.419443 
 ----> 1.3#6.6#44.0#54.0#VAR 584 1 0.567387 0.432613 
 ----> 1.3#6.6#44.0#54.0#VAR 585 0 0.597835 0.402165 
 ----> 1.3#6.6#44.0#54.0#VAR 586 1 0.619147 0.380853 
 ----> 1.3#6.6#44.0#54.0#VAR 587 0 0.628792 0.371208 
 ----> 1.3#6.6#44.0#54.0#VAR 588 0 0.598709 0.401291 
 ----> 1.3#6.6#44.0#54.0#VAR 589 1 0.576732 0.423268 
 ----> 1.3#6.6#44.0#54.0#VAR 590 0 0.604845 0.395155 
 ----> 1.3#6.6#44.0#54.0#VAR 591 0 0.605937 0.394063 
 ----> 1.3#6.6#44.0#54.0#VAR 592 0 0.638052 0.361948 
 ----> 1.3#6.6#44.0#54.0#VAR 593 1 0.592661 0.407339 
 ----> 1.3#6.6#44.0#54.0#VAR 594 0 0.595705 0.404295 
 ----> 1.3#6.6#44.0#54.0#VAR 595 1 0.604511 0.395489 
 ----> 1.3#6.6#44.0#54.0#VAR 596 0 0.628078 0.371922 
 ----> 1.3#6.6#44.0#54.0#VAR 597 0 0.596368 0.403632 
 ----> 1.3#6.6#44.0#54.0#VAR 598 0 0.592336 0.407664 
 ----> 1.3#6.6#44.0#54.0#VAR 599 1 0.589357 0.410643 
 ----> 1.3#6.6#44.0#54.0#VAR 600 1 0.620867 0.379133 
 ----> 1.3#6.6#44.0#54.0#VAR 601 1 0.603603 0.396397 
 ----> 1.3#6.6#44.0#54.0#VAR 602 0 0.61666 0.38334 
 ----> 1.3#6.6#44.0#54.0#VAR 603 0 0.616865 0.383135 
 ----> 1.3#6.6#44.0#54.0#VAR 604 1 0.620983 0.379017 
 ----> 1.3#6.6#44.0#54.0#VAR 605 1 0.59647 0.40353 
 ----> 1.3#6.6#44.0#54.0#VAR 606 1 0.608847 0.391153 
 ----> 1.3#6.6#44.0#54.0#VAR 607 1 0.612499 0.387501 
 ----> 1.3#6.6#44.0#54.0#VAR 608 0 0.653795 0.346205 
 ----> 1.3#6.6#44.0#54.0#VAR 609 0 0.63221 0.36779 
 ----> 1.3#6.6#44.0#54.0#VAR 610 1 0.583829 0.416171 
 ----> 1.3#6.6#44.0#54.0#VAR 611 0 0.605368 0.394632 
 ----> 1.3#6.6#44.0#54.0#VAR 612 1 0.610326 0.389674 
 ----> 1.3#6.6#44.0#54.0#VAR 613 1 0.600311 0.399689 
 ----> 1.3#6.6#44.0#54.0#VAR 614 0 0.62897 0.37103 
 ----> 1.3#6.6#44.0#54.0#VAR 615 0 0.580633 0.419367 
 ----> 1.3#6.6#44.0#54.0#VAR 616 1 0.636878 0.363122 
 ----> 1.3#6.6#44.0#54.0#VAR 617 0 0.552465 0.447535 
 ----> 1.3#6.6#44.0#54.0#VAR 618 1 0.581166 0.418834 
 ----> 1.3#6.6#44.0#54.0#VAR 619 0 0.603858 0.396142 
 ----> 1.3#6.6#44.0#54.0#VAR 620 1 0.597116 0.402884 
 ----> 1.3#6.6#44.0#54.0#VAR 621 0 0.580644 0.419356 
 ----> 1.3#6.6#44.0#54.0#VAR 622 0 0.599125 0.400875 
 ----> 1.3#6.6#44.0#54.0#VAR 623 1 0.617077 0.382923 
 ----> 1.3#6.6#44.0#54.0#VAR 624 0 0.644817 0.355183 
 ----> 1.3#6.6#44.0#54.0#VAR 625 0 0.623153 0.376847 
 ----> 1.3#6.6#44.0#54.0#VAR 626 0 0.609309 0.390691 
 ----> 1.3#6.6#44.0#54.0#VAR 627 0 0.599923 0.400077 
 ----> 1.3#6.6#44.0#54.0#VAR 628 0 0.603718 0.396282 
 ----> 1.3#6.6#44.0#54.0#VAR 629 0 0.598672 0.401328 
 ----> 1.3#6.6#44.0#54.0#VAR 630 0 0.57622 0.42378 
 ----> 1.3#6.6#44.0#54.0#VAR 631 0 0.608453 0.391547 
 ----> 1.3#6.6#44.0#54.0#VAR 632 0 0.592608 0.407392 
 ----> 1.3#6.6#44.0#54.0#VAR 633 0 0.627845 0.372155 
 ----> 1.3#6.6#44.0#54.0#VAR 634 0 0.600085 0.399915 
 ----> 1.3#6.6#44.0#54.0#VAR 635 0 0.598378 0.401622 
 ----> 1.3#6.6#44.0#54.0#VAR 636 0 0.594405 0.405595 
 ----> 1.3#6.6#44.0#54.0#VAR 637 0 0.614913 0.385087 
 ----> 1.3#6.6#44.0#54.0#VAR 638 0 0.583998 0.416002 
 ----> 1.3#6.6#44.0#54.0#VAR 639 0 0.640041 0.359959 
 ----> 1.3#6.6#44.0#54.0#VAR 640 0 0.633667 0.366333 
 ----> 1.3#6.6#44.0#54.0#VAR 641 1 0.612343 0.387657 
 ----> 1.3#6.6#44.0#54.0#VAR 642 0 0.602725 0.397275 
 ----> 1.3#6.6#44.0#54.0#VAR 643 0 0.641307 0.358693 
 ----> 1.3#6.6#44.0#54.0#VAR 644 0 0.608929 0.391071 
 ----> 1.3#6.6#44.0#54.0#VAR 645 0 0.589005 0.410995 
 ----> 1.3#6.6#44.0#54.0#VAR 646 0 0.597946 0.402054 
 ----> 1.3#6.6#44.0#54.0#VAR 647 0 0.609094 0.390906 
 ----> 1.3#6.6#44.0#54.0#VAR 648 0 0.621097 0.378903 
 ----> 1.3#6.6#44.0#54.0#VAR 649 0 0.612309 0.387691 
 ----> 1.3#6.6#44.0#54.0#VAR 650 0 0.623559 0.376441 
 ----> 1.3#6.6#44.0#54.0#VAR 651 0 0.589111 0.410889 
 ----> 1.3#6.6#44.0#54.0#VAR 652 0 0.664017 0.335983 
 ----> 1.3#6.6#44.0#54.0#VAR 653 0 0.629054 0.370946 
 ----> 1.3#6.6#44.0#54.0#VAR 654 0 0.635006 0.364994 
 ----> 1.3#6.6#44.0#54.0#VAR 655 0 0.600621 0.399379 
 ----> 1.3#6.6#44.0#54.0#VAR 656 1 0.595275 0.404725 
 ----> 1.3#6.6#44.0#54.0#VAR 657 0 0.635849 0.364151 
 ----> 1.3#6.6#44.0#54.0#VAR 658 1 0.628308 0.371692 
 ----> 1.3#6.6#44.0#54.0#VAR 659 0 0.602098 0.397902 
 ----> 1.3#6.6#44.0#54.0#VAR 660 1 0.587626 0.412374 
 ----> 1.3#6.6#44.0#54.0#VAR 661 1 0.627179 0.372821 
 ----> 1.3#6.6#44.0#54.0#VAR 662 0 0.615491 0.384509 
 ----> 1.3#6.6#44.0#54.0#VAR 663 1 0.600582 0.399418 
 ----> 1.3#6.6#44.0#54.0#VAR 664 1 0.600872 0.399128 
 ----> 1.3#6.6#44.0#54.0#VAR 665 0 0.607425 0.392575 
 ----> 1.3#6.6#44.0#54.0#VAR 666 0 0.646506 0.353494 
 ----> 1.3#6.6#44.0#54.0#VAR 667 0 0.621756 0.378244 
 ----> 1.3#6.6#44.0#54.0#VAR 668 1 0.57383 0.42617 
 ----> 1.3#6.6#44.0#54.0#VAR 669 1 0.592415 0.407585 
 ----> 1.3#6.6#44.0#54.0#VAR 670 0 0.590989 0.409011 
 ----> 1.3#6.6#44.0#54.0#VAR 671 0 0.599772 0.400228 
 ----> 1.3#6.6#44.0#54.0#VAR 672 0 0.631244 0.368756 
 ----> 1.3#6.6#44.0#54.0#VAR 673 0 0.626679 0.373321 
 ----> 1.3#6.6#44.0#54.0#VAR 674 0 0.588607 0.411393 
 ----> 1.3#6.6#44.0#54.0#VAR 675 0 0.617804 0.382196 
 ----> 1.3#6.6#44.0#54.0#VAR 676 0 0.617313 0.382687 
 ----> 1.3#6.6#44.0#54.0#VAR 677 1 0.575083 0.424917 
 ----> 1.3#6.6#44.0#54.0#VAR 678 1 0.573821 0.426179 
 ----> 1.3#6.6#44.0#54.0#VAR 679 0 0.615872 0.384128 
 ----> 1.3#6.6#44.0#54.0#VAR 680 0 0.593371 0.406629 
 ----> 1.3#6.6#44.0#54.0#VAR 681 0 0.585409 0.414591 
 ----> 1.3#6.6#44.0#54.0#VAR 682 0 0.588369 0.411631 
 ----> 1.3#6.6#44.0#54.0#VAR 683 0 0.574713 0.425287 
 ----> 1.3#6.6#44.0#54.0#VAR 684 0 0.627381 0.372619 
 ----> 1.3#6.6#44.0#54.0#VAR 685 0 0.617419 0.382581 
 ----> 1.3#6.6#44.0#54.0#VAR 686 1 0.583262 0.416738 
 ----> 1.3#6.6#44.0#54.0#VAR 687 0 0.600373 0.399627 
 ----> 1.3#6.6#44.0#54.0#VAR 688 0 0.59729 0.40271 
 ----> 1.3#6.6#44.0#54.0#VAR 689 1 0.581327 0.418673 
 ----> 1.3#6.6#44.0#54.0#VAR 690 0 0.586895 0.413105 
 ----> 1.3#6.6#44.0#54.0#VAR 691 0 0.600457 0.399543 
 ----> 1.3#6.6#44.0#54.0#VAR 692 0 0.578236 0.421764 
 ----> 1.3#6.6#44.0#54.0#VAR 693 1 0.598154 0.401846 
 ----> 1.3#6.6#44.0#54.0#VAR 694 0 0.629437 0.370563 
 ----> 1.3#6.6#44.0#54.0#VAR 695 1 0.633482 0.366518 
 ----> 1.3#6.6#44.0#54.0#VAR 696 0 0.626086 0.373914 
 ----> 1.3#6.6#44.0#54.0#VAR 697 1 0.601539 0.398461 
 ----> 1.3#6.6#44.0#54.0#VAR 698 1 0.634917 0.365083 
 ----> 1.3#6.6#44.0#54.0#VAR 699 0 0.580507 0.419493 
 ----> 1.3#6.6#44.0#54.0#VAR 700 1 0.584011 0.415989 
 ----> 1.3#6.6#44.0#54.0#VAR 701 0 0.584195 0.415805 
 ----> 1.3#6.6#44.0#54.0#VAR 702 1 0.574942 0.425058 
 ----> 1.3#6.6#44.0#54.0#VAR 703 1 0.59911 0.40089 
 ----> 1.3#6.6#44.0#54.0#VAR 704 1 0.580242 0.419758 
 ----> 1.3#6.6#44.0#54.0#VAR 705 0 0.600276 0.399724 
 ----> 1.3#6.6#44.0#54.0#VAR 706 1 0.58866 0.41134 
 ----> 1.3#6.6#44.0#54.0#VAR 707 1 0.580283 0.419717 
 ----> 1.3#6.6#44.0#54.0#VAR 708 0 0.614539 0.385461 
 ----> 1.3#6.6#44.0#54.0#VAR 709 0 0.628316 0.371684 
 ----> 1.3#6.6#44.0#54.0#VAR 710 0 0.609159 0.390841 
 ----> 1.3#6.6#44.0#54.0#VAR 711 1 0.596527 0.403473 
 ----> 1.3#6.6#44.0#54.0#VAR 712 0 0.593538 0.406462 
 ----> 1.3#6.6#44.0#54.0#VAR 713 0 0.651116 0.348884 
 ----> 1.3#6.6#44.0#54.0#VAR 714 1 0.571707 0.428293 
 ----> 1.3#6.6#44.0#54.0#VAR 715 1 0.647326 0.352674 
 ----> 1.3#6.6#44.0#54.0#VAR 716 0 0.541832 0.458168 
 ----> 1.3#6.6#44.0#54.0#VAR 717 0 0.571473 0.428527 
 ----> 1.3#6.6#44.0#54.0#VAR 718 1 0.601692 0.398308 
 ----> 1.3#6.6#44.0#54.0#VAR 719 0 0.628715 0.371285 
 ----> 1.3#6.6#44.0#54.0#VAR 720 1 0.561388 0.438612 
 ----> 1.3#6.6#44.0#54.0#VAR 721 0 0.605158 0.394842 
 ----> 1.3#6.6#44.0#54.0#VAR 722 1 0.562744 0.437256 
 ----> 1.3#6.6#44.0#54.0#VAR 723 0 0.601638 0.398362 
 ----> 1.3#6.6#44.0#54.0#VAR 724 0 0.622834 0.377166 
 ----> 1.3#6.6#44.0#54.0#VAR 725 0 0.618182 0.381818 
 ----> 1.3#6.6#44.0#54.0#VAR 726 1 0.608744 0.391256 
 ----> 1.3#6.6#44.0#54.0#VAR 727 1 0.616009 0.383991 
 ----> 1.3#6.6#44.0#54.0#VAR 728 1 0.5763 0.4237 
 ----> 1.3#6.6#44.0#54.0#VAR 729 0 0.63055 0.36945 
 ----> 1.3#6.6#44.0#54.0#VAR 730 0 0.597577 0.402423 
 ----> 1.3#6.6#44.0#54.0#VAR 731 1 0.606005 0.393995 
 ----> 1.3#6.6#44.0#54.0#VAR 732 1 0.599031 0.400969 
 ----> 1.3#6.6#44.0#54.0#VAR 733 0 0.591893 0.408107 
 ----> 1.3#6.6#44.0#54.0#VAR 734 0 0.587386 0.412614 
 ----> 1.3#6.6#44.0#54.0#VAR 735 1 0.586105 0.413895 
 ----> 1.3#6.6#44.0#54.0#VAR 736 1 0.581341 0.418659 
 ----> 1.3#6.6#44.0#54.0#VAR 737 1 0.561909 0.438091 
 ----> 1.3#6.6#44.0#54.0#VAR 738 1 0.588079 0.411921 
 ----> 1.3#6.6#44.0#54.0#VAR 739 1 0.585792 0.414208 
 ----> 1.3#6.6#44.0#54.0#VAR 740 1 0.554762 0.445238 
 ----> 1.3#6.6#44.0#54.0#VAR 741 1 0.59837 0.40163 
 ----> 1.3#6.6#44.0#54.0#VAR 742 1 0.586724 0.413276 
 ----> 1.3#6.6#44.0#54.0#VAR 743 1 0.62589 0.37411 
 ----> 1.3#6.6#44.0#54.0#VAR 744 0 0.664505 0.335495 
 ----> 1.3#6.6#44.0#54.0#VAR 745 1 0.589616 0.410384 
 ----> 1.3#6.6#44.0#54.0#VAR 746 0 0.623994 0.376006 
 ----> 1.3#6.6#44.0#54.0#VAR 747 1 0.554248 0.445752 
 ----> 1.3#6.6#44.0#54.0#VAR 748 0 0.58256 0.41744 
 ----> 1.3#6.6#44.0#54.0#VAR 749 1 0.60052 0.39948 
 ----> 1.3#6.6#44.0#54.0#VAR 750 1 0.604153 0.395847 
 ----> 1.3#6.6#44.0#54.0#VAR 751 0 0.595819 0.404181 
 ----> 1.3#6.6#44.0#54.0#VAR 752 1 0.573587 0.426413 
 ----> 1.3#6.6#44.0#54.0#VAR 753 0 0.576984 0.423016 
 ----> 1.3#6.6#44.0#54.0#VAR 754 1 0.597487 0.402513 
 ----> 1.3#6.6#44.0#54.0#VAR 755 0 0.581749 0.418251 
 ----> 1.3#6.6#44.0#54.0#VAR 756 1 0.560851 0.439149 
 ----> 1.3#6.6#44.0#54.0#VAR 757 0 0.64622 0.35378 
 ----> 1.3#6.6#44.0#54.0#VAR 758 0 0.616905 0.383095 
 ----> 1.3#6.6#44.0#54.0#VAR 759 0 0.589559 0.410441 
 ----> 1.3#6.6#44.0#54.0#VAR 760 0 0.62003 0.37997 
 ----> 1.3#6.6#44.0#54.0#VAR 761 1 0.600135 0.399865 
 ----> 1.3#6.6#44.0#54.0#VAR 762 0 0.59074 0.40926 
 ----> 1.3#6.6#44.0#54.0#VAR 763 0 0.597225 0.402775 
 ----> 1.3#6.6#44.0#54.0#VAR 764 1 0.578051 0.421949 
 ----> 1.3#6.6#44.0#54.0#VAR 765 1 0.574983 0.425017 
 ----> 1.3#6.6#44.0#54.0#VAR 766 0 0.58572 0.41428 
 ----> 1.3#6.6#44.0#54.0#VAR 767 0 0.601664 0.398336 
 ----> 1.3#6.6#44.0#54.0#VAR 768 0 0.628759 0.371241 
 ----> 1.3#6.6#44.0#54.0#VAR 769 1 0.582593 0.417407 
 ----> 1.3#6.6#44.0#54.0#VAR 770 0 0.613432 0.386568 
 ----> 1.3#6.6#44.0#54.0#VAR 771 0 0.622252 0.377748 
 ----> 1.3#6.6#44.0#54.0#VAR 772 1 0.643402 0.356598 
 ----> 1.3#6.6#44.0#54.0#VAR 773 1 0.577776 0.422224 
 ----> 1.3#6.6#44.0#54.0#VAR 774 0 0.635352 0.364648 
 ----> 1.3#6.6#44.0#54.0#VAR 775 1 0.606239 0.393761 
 ----> 1.3#6.6#44.0#54.0#VAR 776 1 0.553988 0.446012 
 ----> 1.3#6.6#44.0#54.0#VAR 777 0 0.657931 0.342069 
 ----> 1.3#6.6#44.0#54.0#VAR 778 0 0.601492 0.398508 
 ----> 1.3#6.6#44.0#54.0#VAR 779 1 0.566591 0.433409 
 ----> 1.3#6.6#44.0#54.0#VAR 780 0 0.629094 0.370906 
 ----> 1.3#6.6#44.0#54.0#VAR 781 1 0.584107 0.415893 
 ----> 1.3#6.6#44.0#54.0#VAR 782 0 0.616305 0.383695 
 ----> 1.3#6.6#44.0#54.0#VAR 783 1 0.56263 0.43737 
 ----> 1.3#6.6#44.0#54.0#VAR 784 1 0.604801 0.395199 
 ----> 1.3#6.6#44.0#54.0#VAR 785 0 0.608699 0.391301 
 ----> 1.3#6.6#44.0#54.0#VAR 786 0 0.612813 0.387187 
 ----> 1.3#6.6#44.0#54.0#VAR 787 1 0.554227 0.445773 
 ----> 1.3#6.6#44.0#54.0#VAR 788 1 0.584159 0.415841 
 ----> 1.3#6.6#44.0#54.0#VAR 789 1 0.571671 0.428329 
 ----> 1.3#6.6#44.0#54.0#VAR 790 1 0.615375 0.384625 
 ----> 1.3#6.6#44.0#54.0#VAR 791 0 0.602686 0.397314 
 ----> 1.3#6.6#44.0#54.0#VAR 792 1 0.639728 0.360272 
 ----> 1.3#6.6#44.0#54.0#VAR 793 0 0.588281 0.411719 
 ----> 1.3#6.6#44.0#54.0#VAR 794 0 0.641393 0.358607 
 ----> 1.3#6.6#44.0#54.0#VAR 795 0 0.590074 0.409926 
 ----> 1.3#6.6#44.0#54.0#VAR 796 1 0.596492 0.403508 
 ----> 1.3#6.6#44.0#54.0#VAR 797 0 0.627885 0.372115 
 ----> 1.3#6.6#44.0#54.0#VAR 798 1 0.555497 0.444503 
 ----> 1.3#6.6#44.0#54.0#VAR 799 1 0.530822 0.469178 
 ----> 1.3#6.6#44.0#54.0#VAR 800 1 0.576168 0.423832 
 ----> 1.3#6.6#44.0#54.0#VAR 801 1 0.583693 0.416307 
 ----> 1.3#6.6#44.0#54.0#VAR 802 0 0.593346 0.406654 
 ----> 1.3#6.6#44.0#54.0#VAR 803 0 0.608708 0.391292 
 ----> 1.3#6.6#44.0#54.0#VAR 804 1 0.574508 0.425492 
 ----> 1.3#6.6#44.0#54.0#VAR 805 1 0.563154 0.436846 
 ----> 1.3#6.6#44.0#54.0#VAR 806 0 0.599457 0.400543 
 ----> 1.3#6.6#44.0#54.0#VAR 807 1 0.564467 0.435533 
 ----> 1.3#6.6#44.0#54.0#VAR 808 1 0.522411 0.477589 
 ----> 1.3#6.6#44.0#54.0#VAR 809 0 0.570903 0.429097 
 ----> 1.3#6.6#44.0#54.0#VAR 810 0 0.581747 0.418253 
 ----> 1.3#6.6#44.0#54.0#VAR 811 1 0.573006 0.426994 
 ----> 1.3#6.6#44.0#54.0#VAR 812 1 0.558663 0.441337 
 ----> 1.3#6.6#44.0#54.0#VAR 813 1 0.566287 0.433713 
 ----> 1.3#6.6#44.0#54.0#VAR 814 1 0.571636 0.428364 
 ----> 1.3#6.6#44.0#54.0#VAR 815 1 0.572537 0.427463 
 ----> 1.3#6.6#44.0#54.0#VAR 816 1 0.573447 0.426553 
 ----> 1.3#6.6#44.0#54.0#VAR 817 1 0.60656 0.39344 
 ----> 1.3#6.6#44.0#54.0#VAR 818 1 0.612049 0.387951 
 ----> 1.3#6.6#44.0#54.0#VAR 819 1 0.558735 0.441265 
 ----> 1.3#6.6#44.0#54.0#VAR 820 0 0.655812 0.344188 
 ----> 1.3#6.6#44.0#54.0#VAR 821 0 0.539169 0.460831 
 ----> 1.3#6.6#44.0#54.0#VAR 822 1 0.515707 0.484293 
 ----> 1.3#6.6#44.0#54.0#VAR 823 1 0.632998 0.367002 
 ----> 1.3#6.6#44.0#54.0#VAR 824 1 0.582824 0.417176 
 ----> 1.3#6.6#44.0#54.0#VAR 825 1 0.564948 0.435052 
 ----> 1.3#6.6#44.0#54.0#VAR 826 1 0.582386 0.417614 
 ----> 1.3#6.6#44.0#54.0#VAR 827 1 0.577465 0.422535 
 ----> 1.3#6.6#44.0#54.0#VAR 828 0 0.599155 0.400845 
 ----> 1.3#6.6#44.0#54.0#VAR 829 1 0.576049 0.423951 
 ----> 1.3#6.6#44.0#54.0#VAR 830 1 0.564102 0.435898 
 ----> 1.3#6.6#44.0#54.0#VAR 831 1 0.565236 0.434764 
 ----> 1.3#6.6#44.0#54.0#VAR 832 1 0.542071 0.457929 
 ----> 1.3#6.6#44.0#54.0#VAR 833 0 0.567401 0.432599 
 ----> 1.3#6.6#44.0#54.0#VAR 834 0 0.60667 0.39333 
 ----> 1.3#6.6#44.0#54.0#VAR 835 1 0.563404 0.436596 
 ----> 1.3#6.6#44.0#54.0#VAR 836 1 0.555143 0.444857 
 ----> 1.3#6.6#44.0#54.0#VAR 837 1 0.551209 0.448791 
 ----> 1.3#6.6#44.0#54.0#VAR 838 0 0.575112 0.424888 
 ----> 1.3#6.6#44.0#54.0#VAR 839 0 0.615421 0.384579 
 ----> 1.3#6.6#44.0#54.0#VAR 840 1 0.584821 0.415179 
 ----> 1.3#6.6#44.0#54.0#VAR 841 0 0.585407 0.414593 
 ----> 1.3#6.6#44.0#54.0#VAR 842 1 0.556439 0.443561 
 ----> 1.3#6.6#44.0#54.0#VAR 843 1 0.54129 0.45871 
 ----> 1.3#6.6#44.0#54.0#VAR 844 0 0.5669 0.4331 
 ----> 1.3#6.6#44.0#54.0#VAR 845 1 0.566173 0.433827 
 ----> 1.3#6.6#44.0#54.0#VAR 846 1 0.534539 0.465461 
 ----> 1.3#6.6#44.0#54.0#VAR 847 1 0.570572 0.429428 
 ----> 1.3#6.6#44.0#54.0#VAR 848 1 0.589209 0.410791 
 ----> 1.3#6.6#44.0#54.0#VAR 849 0 0.567013 0.432987 
 ----> 1.3#6.6#44.0#54.0#VAR 850 0 0.588589 0.411411 
 ----> 1.3#6.6#44.0#54.0#VAR 851 0 0.588245 0.411755 
 ----> 1.3#6.6#44.0#54.0#VAR 852 1 0.568587 0.431413 
 ----> 1.3#6.6#44.0#54.0#VAR 853 0 0.585672 0.414328 
 ----> 1.3#6.6#44.0#54.0#VAR 854 1 0.573578 0.426422 
 ----> 1.3#6.6#44.0#54.0#VAR 855 1 0.577224 0.422776 
 ----> 1.3#6.6#44.0#54.0#VAR 856 1 0.5634 0.4366 
 ----> 1.3#6.6#44.0#54.0#VAR 857 0 0.555049 0.444951 
 ----> 1.3#6.6#44.0#54.0#VAR 858 1 0.560887 0.439113 
 ----> 1.3#6.6#44.0#54.0#VAR 859 1 0.572581 0.427419 
 ----> 1.3#6.6#44.0#54.0#VAR 860 0 0.558268 0.441732 
 ----> 1.3#6.6#44.0#54.0#VAR 861 0 0.557345 0.442655 
 ----> 1.3#6.6#44.0#54.0#VAR 862 0 0.564678 0.435322 
 ----> 1.3#6.6#44.0#54.0#VAR 863 0 0.567136 0.432864 
 ----> 1.3#6.6#44.0#54.0#VAR 864 0 0.539313 0.460687 
 ----> 1.3#6.6#44.0#54.0#VAR 865 1 0.553884 0.446116 
 ----> 1.3#6.6#44.0#54.0#VAR 866 0 0.556938 0.443062 
 ----> 1.3#6.6#44.0#54.0#VAR 867 0 0.558196 0.441804 
 ----> 1.3#6.6#44.0#54.0#VAR 868 0 0.60566 0.39434 
 ----> 1.3#6.6#44.0#54.0#VAR 869 0 0.541247 0.458753 
 ----> 1.3#6.6#44.0#54.0#VAR 870 1 0.544647 0.455353 
 ----> 1.3#6.6#44.0#54.0#VAR 871 0 0.546306 0.453694 
 ----> 1.3#6.6#44.0#54.0#VAR 872 0 0.535469 0.464531 
 ----> 1.3#6.6#44.0#54.0#VAR 873 1 0.561414 0.438586 
 ----> 1.3#6.6#44.0#54.0#VAR 874 1 0.539901 0.460099 
 ----> 1.3#6.6#44.0#54.0#VAR 875 1 0.543806 0.456194 
 ----> 1.3#6.6#44.0#54.0#VAR 876 0 0.573306 0.426694 
 ----> 1.3#6.6#44.0#54.0#VAR 877 1 0.563898 0.436102 
 ----> 1.3#6.6#44.0#54.0#VAR 878 1 0.531928 0.468072 
 ----> 1.3#6.6#44.0#54.0#VAR 879 1 0.544953 0.455047 
 ----> 1.3#6.6#44.0#54.0#VAR 880 1 0.528127 0.471873 
 ----> 1.3#6.6#44.0#54.0#VAR 881 1 0.552289 0.447711 
 ----> 1.3#6.6#44.0#54.0#VAR 882 1 0.560973 0.439027 
 ----> 1.3#6.6#44.0#54.0#VAR 883 0 0.586471 0.413529 
 ----> 1.3#6.6#44.0#54.0#VAR 884 1 0.556303 0.443697 
 ----> 1.3#6.6#44.0#54.0#VAR 885 1 0.554195 0.445805 
 ----> 1.3#6.6#44.0#54.0#VAR 886 1 0.527126 0.472874 
 ----> 1.3#6.6#44.0#54.0#VAR 887 0 0.559884 0.440116 
 ----> 1.3#6.6#44.0#54.0#VAR 888 0 0.604221 0.395779 
 ----> 1.3#6.6#44.0#54.0#VAR 889 0 0.515253 0.484747 
 ----> 1.3#6.6#44.0#54.0#VAR 890 0 0.570688 0.429312 
 ----> 1.3#6.6#44.0#54.0#VAR 891 1 0.532264 0.467736 
 ----> 1.3#6.6#44.0#54.0#VAR 892 0 0.51804 0.48196 
 ----> 1.3#6.6#44.0#54.0#VAR 893 1 0.48551 0.51449 
 ----> 1.3#6.6#44.0#54.0#VAR 894 0 0.546956 0.453044 
 ----> 1.3#6.6#44.0#54.0#VAR 895 0 0.54741 0.45259 
 ----> 1.3#6.6#44.0#54.0#VAR 896 1 0.520248 0.479752 
 ----> 1.3#6.6#44.0#54.0#VAR 897 1 0.54422 0.45578 
 ----> 1.3#6.6#44.0#54.0#VAR 898 1 0.511143 0.488857 
 ----> 1.3#6.6#44.0#54.0#VAR 899 0 0.531735 0.468265 
 ----> 1.3#6.6#44.0#54.0#VAR 900 1 0.48507 0.51493 
 ----> 1.3#6.6#44.0#54.0#VAR 901 0 0.532881 0.467119 
 ----> 1.3#6.6#44.0#54.0#VAR 902 0 0.577226 0.422774 
 ----> 1.3#6.6#44.0#54.0#VAR 903 1 0.53503 0.46497 
 ----> 1.3#6.6#44.0#54.0#VAR 904 1 0.53181 0.46819 
 ----> 1.3#6.6#44.0#54.0#VAR 905 1 0.530405 0.469595 
 ----> 1.3#6.6#44.0#54.0#VAR 906 0 0.559632 0.440368 
 ----> 1.3#6.6#44.0#54.0#VAR 907 1 0.504029 0.495971 
 ----> 1.3#6.6#44.0#54.0#VAR 908 1 0.518722 0.481278 
 ----> 1.3#6.6#44.0#54.0#VAR 909 1 0.508922 0.491078 
 ----> 1.3#6.6#44.0#54.0#VAR 910 1 0.488785 0.511215 
 ----> 1.3#6.6#44.0#54.0#VAR 911 1 0.502962 0.497038 
 ----> 1.3#6.6#44.0#54.0#VAR 912 1 0.52758 0.47242 
 ----> 1.3#6.6#44.0#54.0#VAR 913 1 0.478327 0.521673 
 ----> 1.3#6.6#44.0#54.0#VAR 914 1 0.508546 0.491454 
 ----> 1.3#6.6#44.0#54.0#VAR 915 1 0.505967 0.494033 
 ----> 1.3#6.6#44.0#54.0#VAR 916 0 0.519876 0.480124 
 ----> 1.3#6.6#44.0#54.0#VAR 917 1 0.438073 0.561927 
 ----> 1.3#6.6#44.0#54.0#VAR 918 1 0.527012 0.472988 
 ----> 1.3#6.6#44.0#54.0#VAR 919 1 0.467478 0.532522 
 ----> 1.3#6.6#44.0#54.0#VAR 920 1 0.486214 0.513786 
 ----> 1.3#6.6#44.0#54.0#VAR 921 1 0.46973 0.53027 
 ----> 1.3#6.6#44.0#54.0#VAR 922 1 0.516587 0.483413 
 ----> 1.3#6.6#44.0#54.0#VAR 923 1 0.522278 0.477722 
 ----> 1.3#6.6#44.0#54.0#VAR 924 1 0.487363 0.512637 
 ----> 1.3#6.6#44.0#54.0#VAR 925 1 0.474726 0.525274 
 ----> 1.3#6.6#44.0#54.0#VAR 926 1 0.495998 0.504002 
 ----> 1.3#6.6#44.0#54.0#VAR 927 1 0.51543 0.48457 
 ----> 1.3#6.6#44.0#54.0#VAR 928 1 0.473404 0.526596 
 ----> 1.3#6.6#44.0#54.0#VAR 929 1 0.474985 0.525015 
 ----> 1.3#6.6#44.0#54.0#VAR 930 1 0.533226 0.466774 
 ----> 1.3#6.6#44.0#54.0#VAR 931 1 0.479717 0.520283 
 ----> 1.3#6.6#44.0#54.0#VAR 932 1 0.498136 0.501864 
 ----> 1.3#6.6#44.0#54.0#VAR 933 1 0.479281 0.520719 
 ----> 1.3#6.6#44.0#54.0#VAR 934 1 0.499389 0.500611 
 ----> 1.3#6.6#44.0#54.0#VAR 935 1 0.515975 0.484025 
 ----> 1.3#6.6#44.0#54.0#VAR 936 1 0.512627 0.487373 
 ----> 1.3#6.6#44.0#54.0#VAR 937 1 0.517901 0.482099 
 ----> 1.3#6.6#44.0#54.0#VAR 938 1 0.507727 0.492273 
 ----> 1.3#6.6#44.0#54.0#VAR 939 1 0.469605 0.530395 
 ----> 1.3#6.6#44.0#54.0#VAR 940 1 0.540167 0.459833 
 ----> 1.3#6.6#44.0#54.0#VAR 941 1 0.493508 0.506492 
 ----> 1.3#6.6#44.0#54.0#VAR 942 1 0.507238 0.492762 
 ----> 1.3#6.6#44.0#54.0#VAR 943 1 0.516502 0.483498 
 ----> 1.3#6.6#44.0#54.0#VAR 944 1 0.518169 0.481831 
 ----> 1.3#6.6#44.0#54.0#VAR 945 0 0.486753 0.513247 
 ----> 1.3#6.6#44.0#54.0#VAR 946 1 0.491422 0.508578 
 ----> 1.3#6.6#44.0#54.0#VAR 947 1 0.497836 0.502164 
 ----> 1.3#6.6#44.0#54.0#VAR 948 1 0.458791 0.541209 
 ----> 1.3#6.6#44.0#54.0#VAR 949 0 0.507712 0.492288 
 ----> 1.3#6.6#44.0#54.0#VAR 950 0 0.483327 0.516673 
 ----> 1.3#6.6#44.0#54.0#VAR 951 1 0.503337 0.496663 
 ----> 1.3#6.6#44.0#54.0#VAR 952 1 0.525188 0.474812 
 ----> 1.3#6.6#44.0#54.0#VAR 953 1 0.47461 0.52539 
 ----> 1.3#6.6#44.0#54.0#VAR 954 1 0.430616 0.569384 
 ----> 1.3#6.6#44.0#54.0#VAR 955 0 0.516041 0.483959 
 ----> 1.3#6.6#44.0#54.0#VAR 956 1 0.537962 0.462038 
 ----> 1.3#6.6#44.0#54.0#VAR 957 0 0.490481 0.509519 
 ----> 1.3#6.6#44.0#54.0#VAR 958 0 0.534393 0.465607 
 ----> 1.3#6.6#44.0#54.0#VAR 959 1 0.527303 0.472697 
 ----> 1.3#6.6#44.0#54.0#VAR 960 1 0.544195 0.455805 
 ----> 1.3#6.6#44.0#54.0#VAR 961 0 0.511006 0.488994 
 ----> 1.3#6.6#44.0#54.0#VAR 962 1 0.506786 0.493214 
 ----> 1.3#6.6#44.0#54.0#VAR 963 0 0.535884 0.464116 
 ----> 1.3#6.6#44.0#54.0#VAR 964 1 0.546068 0.453932 
 ----> 1.3#6.6#44.0#54.0#VAR 965 0 0.523561 0.476439 
 ----> 1.3#6.6#44.0#54.0#VAR 966 0 0.585441 0.414559 
 ----> 1.3#6.6#44.0#54.0#VAR 967 1 0.524954 0.475046 
 ----> 1.3#6.6#44.0#54.0#VAR 968 0 0.537055 0.462945 
 ----> 1.3#6.6#44.0#54.0#VAR 969 0 0.555314 0.444686 
 ----> 1.3#6.6#44.0#54.0#VAR 970 1 0.551577 0.448423 
 ----> 1.3#6.6#44.0#54.0#VAR 971 1 0.549372 0.450628 
 ----> 1.3#6.6#44.0#54.0#VAR 972 1 0.466793 0.533207 
 ----> 1.3#6.6#44.0#54.0#VAR 973 0 0.549054 0.450946 
 ----> 1.3#6.6#44.0#54.0#VAR 974 1 0.518769 0.481231 
 ----> 1.3#6.6#44.0#54.0#VAR 975 1 0.519462 0.480538 
 ----> 1.3#6.6#44.0#54.0#VAR 976 0 0.601126 0.398874 
 ----> 1.3#6.6#44.0#54.0#VAR 977 1 0.525533 0.474467 
 ----> 1.3#6.6#44.0#54.0#VAR 978 0 0.544631 0.455369 
 ----> 1.3#6.6#44.0#54.0#VAR 979 0 0.535995 0.464005 
 ----> 1.3#6.6#44.0#54.0#VAR 980 0 0.565684 0.434316 
 ----> 1.3#6.6#44.0#54.0#VAR 981 1 0.543597 0.456403 
 ----> 1.3#6.6#44.0#54.0#VAR 982 1 0.498597 0.501403 
 ----> 1.3#6.6#44.0#54.0#VAR 983 1 0.496643 0.503357 
 ----> 1.3#6.6#44.0#54.0#VAR 984 0 0.552605 0.447395 
 ----> 1.3#6.6#44.0#54.0#VAR 985 0 0.518951 0.481049 
 ----> 1.3#6.6#44.0#54.0#VAR 986 0 0.559319 0.440681 
 ----> 1.3#6.6#44.0#54.0#VAR 987 1 0.507238 0.492762 
 ----> 1.3#6.6#44.0#54.0#VAR 988 1 0.524249 0.475751 
 ----> 1.3#6.6#44.0#54.0#VAR 989 1 0.549731 0.450269 
 ----> 1.3#6.6#44.0#54.0#VAR 990 1 0.544526 0.455474 
 ----> 1.3#6.6#44.0#54.0#VAR 991 0 0.569386 0.430614 
 ----> 1.3#6.6#44.0#54.0#VAR 992 0 0.551359 0.448641 
 ----> 1.3#6.6#44.0#54.0#VAR 993 0 0.554098 0.445902 
 ----> 1.3#6.6#44.0#54.0#VAR 994 1 0.530967 0.469033 
 ----> 1.3#6.6#44.0#54.0#VAR 995 0 0.557445 0.442555 
 ----> 1.3#6.6#44.0#54.0#VAR 996 1 0.495813 0.504187 
 ----> 1.3#6.6#44.0#54.0#VAR 997 1 0.526511 0.473489 
 ----> 1.3#6.6#44.0#54.0#VAR 998 0 0.544589 0.455411 
 ----> 1.3#6.6#44.0#54.0#VAR 999 0 0.544229 0.455771 
 ----> 1.3#6.6#44.0#54.0#VAR 1000 1 0.555775 0.444225 
 ----> 1.3#6.6#44.0#54.0#VAR 1001 1 0.530427 0.469573 
 ----> 1.3#6.6#44.0#54.0#VAR 1002 0 0.556929 0.443071 
 ----> 1.3#6.6#44.0#54.0#VAR 1003 1 0.533386 0.466614 
 ----> 1.3#6.6#44.0#54.0#VAR 1004 0 0.594921 0.405079 
 ----> 1.3#6.6#44.0#54.0#VAR 1005 1 0.559634 0.440366 
 ----> 1.3#6.6#44.0#54.0#VAR 1006 0 0.55565 0.44435 
 ----> 1.3#6.6#44.0#54.0#VAR 1007 1 0.543624 0.456376 
 ----> 1.3#6.6#44.0#54.0#VAR 1008 0 0.527788 0.472212 
 ----> 1.3#6.6#44.0#54.0#VAR 1009 0 0.562461 0.437539 
 ----> 1.3#6.6#44.0#54.0#VAR 1010 1 0.551583 0.448417 
 ----> 1.3#6.6#44.0#54.0#VAR 1011 0 0.604378 0.395622 
 ----> 1.3#6.6#44.0#54.0#VAR 1012 0 0.519254 0.480746 
 ----> 1.3#6.6#44.0#54.0#VAR 1013 0 0.567838 0.432162 
 ----> 1.3#6.6#44.0#54.0#VAR 1014 1 0.539184 0.460816 
 ----> 1.3#6.6#44.0#54.0#VAR 1015 0 0.560183 0.439817 
 ----> 1.3#6.6#44.0#54.0#VAR 1016 1 0.502791 0.497209 
 ----> 1.3#6.6#44.0#54.0#VAR 1017 1 0.549292 0.450708 
 ----> 1.3#6.6#44.0#54.0#VAR 1018 1 0.54782 0.45218 
 ----> 1.3#6.6#44.0#54.0#VAR 1019 1 0.553108 0.446892 
 ----> 1.3#6.6#44.0#54.0#VAR 1020 1 0.492609 0.507391 
 ----> 1.3#6.6#44.0#54.0#VAR 1021 1 0.488663 0.511337 
 ----> 1.3#6.6#44.0#54.0#VAR 1022 1 0.549108 0.450892 
 ----> 1.3#6.6#44.0#54.0#VAR 1023 1 0.518455 0.481545 
 ----> 1.3#6.6#44.0#54.0#VAR 1024 1 0.541285 0.458715 
 ----> 1.3#6.6#44.0#54.0#VAR 1025 1 0.524852 0.475148 
 ----> 1.3#6.6#44.0#54.0#VAR 1026 0 0.544834 0.455166 
 ----> 1.3#6.6#44.0#54.0#VAR 1027 0 0.533579 0.466421 
 ----> 1.3#6.6#44.0#54.0#VAR 1028 1 0.484742 0.515258 
 ----> 1.3#6.6#44.0#54.0#VAR 1029 1 0.513586 0.486414 
 ----> 1.3#6.6#44.0#54.0#VAR 1030 1 0.544196 0.455804 
 ----> 1.3#6.6#44.0#54.0#VAR 1031 0 0.524866 0.475134 
 ----> 1.3#6.6#44.0#54.0#VAR 1032 1 0.523086 0.476914 
 ----> 1.3#6.6#44.0#54.0#VAR 1033 1 0.543837 0.456163 
 ----> 1.3#6.6#44.0#54.0#VAR 1034 1 0.530849 0.469151 
 ----> 1.3#6.6#44.0#54.0#VAR 1035 0 0.555092 0.444908 
 ----> 1.3#6.6#44.0#54.0#VAR 1036 1 0.477949 0.522051 
 ----> 1.3#6.6#44.0#54.0#VAR 1037 1 0.523451 0.476549 
 ----> 1.3#6.6#44.0#54.0#VAR 1038 0 0.562387 0.437613 
 ----> 1.3#6.6#44.0#54.0#VAR 1039 0 0.575191 0.424809 
 ----> 1.3#6.6#44.0#54.0#VAR 1040 0 0.517605 0.482395 
 ----> 1.3#6.6#44.0#54.0#VAR 1041 0 0.548198 0.451802 
 ----> 1.3#6.6#44.0#54.0#VAR 1042 0 0.519787 0.480213 
 ----> 1.3#6.6#44.0#54.0#VAR 1043 1 0.519862 0.480138 
 ----> 1.3#6.6#44.0#54.0#VAR 1044 1 0.506982 0.493018 
 ----> 1.3#6.6#44.0#54.0#VAR 1045 0 0.538403 0.461597 
 ----> 1.3#6.6#44.0#54.0#VAR 1046 1 0.516359 0.483641 
 ----> 1.3#6.6#44.0#54.0#VAR 1047 1 0.490705 0.509295 
 ----> 1.3#6.6#44.0#54.0#VAR 1048 0 0.543281 0.456719 
 ----> 1.3#6.6#44.0#54.0#VAR 1049 0 0.556091 0.443909 
 ----> 1.3#6.6#44.0#54.0#VAR 1050 0 0.5611 0.4389 
 ----> 1.3#6.6#44.0#54.0#VAR 1051 1 0.510108 0.489892 
 ----> 1.3#6.6#44.0#54.0#VAR 1052 1 0.508985 0.491015 
 ----> 1.3#6.6#44.0#54.0#VAR 1053 0 0.547216 0.452784 
 ----> 1.3#6.6#44.0#54.0#VAR 1054 0 0.551153 0.448847 
 ----> 1.3#6.6#44.0#54.0#VAR 1055 0 0.562102 0.437898 
 ----> 1.3#6.6#44.0#54.0#VAR 1056 1 0.512337 0.487663 
 ----> 1.3#6.6#44.0#54.0#VAR 1057 0 0.574199 0.425801 
 ----> 1.3#6.6#44.0#54.0#VAR 1058 1 0.530163 0.469837 
 ----> 1.3#6.6#44.0#54.0#VAR 1059 1 0.529958 0.470042 
 ----> 1.3#6.6#44.0#54.0#VAR 1060 1 0.532102 0.467898 
 ----> 1.3#6.6#44.0#54.0#VAR 1061 0 0.552904 0.447096 
 ----> 1.3#6.6#44.0#54.0#VAR 1062 1 0.515452 0.484548 
 ----> 1.3#6.6#44.0#54.0#VAR 1063 0 0.553323 0.446677 
 ----> 1.3#6.6#44.0#54.0#VAR 1064 0 0.546634 0.453366 
 ----> 1.3#6.6#44.0#54.0#VAR 1065 0 0.542081 0.457919 
 ----> 1.3#6.6#44.0#54.0#VAR 1066 0 0.539261 0.460739 
 ----> 1.3#6.6#44.0#54.0#VAR 1067 0 0.550666 0.449334 
 ----> 1.3#6.6#44.0#54.0#VAR 1068 1 0.526727 0.473273 
 ----> 1.3#6.6#44.0#54.0#VAR 1069 1 0.519968 0.480032 
 ----> 1.3#6.6#44.0#54.0#VAR 1070 0 0.50948 0.49052 
 ----> 1.3#6.6#44.0#54.0#VAR 1071 1 0.527053 0.472947 
 ----> 1.3#6.6#44.0#54.0#VAR 1072 1 0.517095 0.482905 
 ----> 1.3#6.6#44.0#54.0#VAR 1073 0 0.518554 0.481446 
 ----> 1.3#6.6#44.0#54.0#VAR 1074 1 0.500568 0.499432 
 ----> 1.3#6.6#44.0#54.0#VAR 1075 1 0.480945 0.519055 
 ----> 1.3#6.6#44.0#54.0#VAR 1076 0 0.502506 0.497494 
 ----> 1.3#6.6#44.0#54.0#VAR 1077 1 0.506116 0.493884 
 ----> 1.3#6.6#44.0#54.0#VAR 1078 0 0.516282 0.483718 
 ----> 1.3#6.6#44.0#54.0#VAR 1079 1 0.490374 0.509626 
 ----> 1.3#6.6#44.0#54.0#VAR 1080 1 0.486985 0.513015 
 ----> 1.3#6.6#44.0#54.0#VAR 1081 0 0.567528 0.432472 
 ----> 1.3#6.6#44.0#54.0#VAR 1082 1 0.555335 0.444665 
 ----> 1.3#6.6#44.0#54.0#VAR 1083 0 0.586741 0.413259 
 ----> 1.3#6.6#44.0#54.0#VAR 1084 0 0.547658 0.452342 
 ----> 1.3#6.6#44.0#54.0#VAR 1085 1 0.549464 0.450536 
 ----> 1.3#6.6#44.0#54.0#VAR 1086 0 0.578602 0.421398 
 ----> 1.3#6.6#44.0#54.0#VAR 1087 0 0.533125 0.466875 
 ----> 1.3#6.6#44.0#54.0#VAR 1088 0 0.53818 0.46182 
 ----> 1.3#6.6#44.0#54.0#VAR 1089 0 0.558721 0.441279 
 ----> 1.3#6.6#44.0#54.0#VAR 1090 1 0.52708 0.47292 
 ----> 1.3#6.6#44.0#54.0#VAR 1091 0 0.602077 0.397923 
 ----> 1.3#6.6#44.0#54.0#VAR 1092 0 0.565532 0.434468 
 ----> 1.3#6.6#44.0#54.0#VAR 1093 0 0.579752 0.420248 
 ----> 1.3#6.6#44.0#54.0#VAR 1094 1 0.578123 0.421877 
 ----> 1.3#6.6#44.0#54.0#VAR 1095 0 0.540728 0.459272 
 ----> 1.3#6.6#44.0#54.0#VAR 1096 0 0.572336 0.427664 
 ----> 1.3#6.6#44.0#54.0#VAR 1097 0 0.610304 0.389696 
 ----> 1.3#6.6#44.0#54.0#VAR 1098 1 0.575976 0.424024 
 ----> 1.3#6.6#44.0#54.0#VAR 1099 0 0.565287 0.434713 
 ----> 1.3#6.6#44.0#54.0#VAR 1100 1 0.544746 0.455254 
 ----> 1.3#6.6#44.0#54.0#VAR 1101 1 0.568665 0.431335 
 ----> 1.3#6.6#44.0#54.0#VAR 1102 0 0.552419 0.447581 
 ----> 1.3#6.6#44.0#54.0#VAR 1103 1 0.503298 0.496702 
 ----> 1.3#6.6#44.0#54.0#VAR 1104 1 0.525809 0.474191 
 ----> 1.3#6.6#44.0#54.0#VAR 1105 0 0.572072 0.427928 
 ----> 1.3#6.6#44.0#54.0#VAR 1106 0 0.501903 0.498097 
 ----> 1.3#6.6#44.0#54.0#VAR 1107 0 0.569626 0.430374 
 ----> 1.3#6.6#44.0#54.0#VAR 1108 0 0.552791 0.447209 
 ----> 1.3#6.6#44.0#54.0#VAR 1109 0 0.553012 0.446988 
 ----> 1.3#6.6#44.0#54.0#VAR 1110 0 0.559111 0.440889 
 ----> 1.3#6.6#44.0#54.0#VAR 1111 0 0.551881 0.448119 
 ----> 1.3#6.6#44.0#54.0#VAR 1112 0 0.565597 0.434403 
 ----> 1.3#6.6#44.0#54.0#VAR 1113 0 0.57765 0.42235 
 ----> 1.3#6.6#44.0#54.0#VAR 1114 0 0.547035 0.452965 
 ----> 1.3#6.6#44.0#54.0#VAR 1115 1 0.552976 0.447024 
 ----> 1.3#6.6#44.0#54.0#VAR 1116 0 0.578122 0.421878 
 ----> 1.3#6.6#44.0#54.0#VAR 1117 0 0.575783 0.424217 
 ----> 1.3#6.6#44.0#54.0#VAR 1118 1 0.522122 0.477878 
 ----> 1.3#6.6#44.0#54.0#VAR 1119 0 0.581294 0.418706 
 ----> 1.3#6.6#44.0#54.0#VAR 1120 0 0.560758 0.439242 
 ----> 1.3#6.6#44.0#54.0#VAR 1121 0 0.585313 0.414687 
 ----> 1.3#6.6#44.0#54.0#VAR 1122 0 0.549238 0.450762 
 ----> 1.3#6.6#44.0#54.0#VAR 1123 0 0.552855 0.447145 
 ----> 1.3#6.6#44.0#54.0#VAR 1124 0 0.58213 0.41787 
 ----> 1.3#6.6#44.0#54.0#VAR 1125 0 0.580331 0.419669 
 ----> 1.3#6.6#44.0#54.0#VAR 1126 0 0.580367 0.419633 
 ----> 1.3#6.6#44.0#54.0#VAR 1127 0 0.625918 0.374082 
 ----> 1.3#6.6#44.0#54.0#VAR 1128 0 0.574834 0.425166 
 ----> 1.3#6.6#44.0#54.0#VAR 1129 0 0.555364 0.444636 
 ----> 1.3#6.6#44.0#54.0#VAR 1130 0 0.564295 0.435705 
 ----> 1.3#6.6#44.0#54.0#VAR 1131 1 0.51398 0.48602 
 ----> 1.3#6.6#44.0#54.0#VAR 1132 0 0.588652 0.411348 
 ----> 1.3#6.6#44.0#54.0#VAR 1133 0 0.594496 0.405504 
 ----> 1.3#6.6#44.0#54.0#VAR 1134 0 0.548222 0.451778 
 ----> 1.3#6.6#44.0#54.0#VAR 1135 1 0.529068 0.470932 
 ----> 1.3#6.6#44.0#54.0#VAR 1136 1 0.524307 0.475693 
 ----> 1.3#6.6#44.0#54.0#VAR 1137 1 0.543803 0.456197 
 ----> 1.3#6.6#44.0#54.0#VAR 1138 0 0.578235 0.421765 
 ----> 1.3#6.6#44.0#54.0#VAR 1139 0 0.564035 0.435965 
 ----> 1.3#6.6#44.0#54.0#VAR 1140 0 0.596857 0.403143 
 ----> 1.3#6.6#44.0#54.0#VAR 1141 0 0.597112 0.402888 
 ----> 1.3#6.6#44.0#54.0#VAR 1142 1 0.523474 0.476526 
 ----> 1.3#6.6#44.0#54.0#VAR 1143 1 0.544627 0.455373 
 ----> 1.3#6.6#44.0#54.0#VAR 1144 1 0.523641 0.476359 
 ----> 1.3#6.6#44.0#54.0#VAR 1145 1 0.567266 0.432734 
 ----> 1.3#6.6#44.0#54.0#VAR 1146 0 0.554114 0.445886 
 ----> 1.3#6.6#44.0#54.0#VAR 1147 1 0.492876 0.507124 
 ----> 1.3#6.6#44.0#54.0#VAR 1148 0 0.563892 0.436108 
 ----> 1.3#6.6#44.0#54.0#VAR 1149 0 0.551196 0.448804 
 ----> 1.3#6.6#44.0#54.0#VAR 1150 1 0.519045 0.480955 
 ----> 1.3#6.6#44.0#54.0#VAR 1151 1 0.554768 0.445232 
 ----> 1.3#6.6#44.0#54.0#VAR 1152 0 0.546836 0.453164 
 ----> 1.3#6.6#44.0#54.0#VAR 1153 1 0.559191 0.440809 
 ----> 1.3#6.6#44.0#54.0#VAR 1154 1 0.529349 0.470651 
 ----> 1.3#6.6#44.0#54.0#VAR 1155 1 0.552607 0.447393 
 ----> 1.3#6.6#44.0#54.0#VAR 1156 0 0.534503 0.465497 
 ----> 1.3#6.6#44.0#54.0#VAR 1157 0 0.566823 0.433177 
 ----> 1.3#6.6#44.0#54.0#VAR 1158 0 0.587754 0.412246 
 ----> 1.3#6.6#44.0#54.0#VAR 1159 0 0.62244 0.37756 
 ----> 1.3#6.6#44.0#54.0#VAR 1160 1 0.545901 0.454099 
 ----> 1.3#6.6#44.0#54.0#VAR 1161 0 0.552763 0.447237 
 ----> 1.3#6.6#44.0#54.0#VAR 1162 0 0.553211 0.446789 
 ----> 1.3#6.6#44.0#54.0#VAR 1163 1 0.523058 0.476942 
 ----> 1.3#6.6#44.0#54.0#VAR 1164 0 0.583332 0.416668 
 ----> 1.3#6.6#44.0#54.0#VAR 1165 0 0.554591 0.445409 
 ----> 1.3#6.6#44.0#54.0#VAR 1166 1 0.540157 0.459843 
 ----> 1.3#6.6#44.0#54.0#VAR 1167 0 0.519423 0.480577 
 ----> 1.3#6.6#44.0#54.0#VAR 1168 0 0.564268 0.435732 
 ----> 1.3#6.6#44.0#54.0#VAR 1169 0 0.56161 0.43839 
 ----> 1.3#6.6#44.0#54.0#VAR 1170 0 0.527999 0.472001 
 ----> 1.3#6.6#44.0#54.0#VAR 1171 1 0.531673 0.468327 
 ----> 1.3#6.6#44.0#54.0#VAR 1172 0 0.589369 0.410631 
 ----> 1.3#6.6#44.0#54.0#VAR 1173 1 0.560694 0.439306 
 ----> 1.3#6.6#44.0#54.0#VAR 1174 1 0.51881 0.48119 
 ----> 1.3#6.6#44.0#54.0#VAR 1175 0 0.561616 0.438384 
 ----> 1.3#6.6#44.0#54.0#VAR 1176 1 0.503176 0.496824 
 ----> 1.3#6.6#44.0#54.0#VAR 1177 1 0.494002 0.505998 
 ----> 1.3#6.6#44.0#54.0#VAR 1178 0 0.605064 0.394936 
 ----> 1.3#6.6#44.0#54.0#VAR 1179 1 0.536627 0.463373 
 ----> 1.3#6.6#44.0#54.0#VAR 1180 0 0.576843 0.423157 
 ----> 1.3#6.6#44.0#54.0#VAR 1181 0 0.600097 0.399903 
 ----> 1.3#6.6#44.0#54.0#VAR 1182 1 0.561264 0.438736 
 ----> 1.3#6.6#44.0#54.0#VAR 1183 0 0.55531 0.44469 
 ----> 1.3#6.6#44.0#54.0#VAR 1184 0 0.572866 0.427134 
 ----> 1.3#6.6#44.0#54.0#VAR 1185 1 0.534981 0.465019 
 ----> 1.3#6.6#44.0#54.0#VAR 1186 0 0.570128 0.429872 
 ----> 1.3#6.6#44.0#54.0#VAR 1187 0 0.587529 0.412471 
 ----> 1.3#6.6#44.0#54.0#VAR 1188 0 0.573503 0.426497 
 ----> 1.3#6.6#44.0#54.0#VAR 1189 0 0.59284 0.40716 
 ----> 1.3#6.6#44.0#54.0#VAR 1190 0 0.560908 0.439092 
 ----> 1.3#6.6#44.0#54.0#VAR 1191 0 0.593934 0.406066 
 ----> 1.3#6.6#44.0#54.0#VAR 1192 0 0.552901 0.447099 
 ----> 1.3#6.6#44.0#54.0#VAR 1193 0 0.544758 0.455242 
 ----> 1.3#6.6#44.0#54.0#VAR 1194 0 0.600665 0.399335 
 ----> 1.3#6.6#44.0#54.0#VAR 1195 0 0.565412 0.434588 
 ----> 1.3#6.6#44.0#54.0#VAR 1196 1 0.516518 0.483482 
 ----> 1.3#6.6#44.0#54.0#VAR 1197 1 0.517163 0.482837 
 ----> 1.3#6.6#44.0#54.0#VAR 1198 0 0.576199 0.423801 
 ----> 1.3#6.6#44.0#54.0#VAR 1199 0 0.561899 0.438101 
 ----> 1.3#6.6#44.0#54.0#VAR 1200 1 0.516469 0.483531 
 ----> 1.3#6.6#44.0#54.0#VAR 1201 0 0.571225 0.428775 
 ----> 1.3#6.6#44.0#54.0#VAR 1202 0 0.519162 0.480838 
 ----> 1.3#6.6#44.0#54.0#VAR 1203 0 0.53499 0.46501 
 ----> 1.3#6.6#44.0#54.0#VAR 1204 1 0.512787 0.487213 
 ----> 1.3#6.6#44.0#54.0#VAR 1205 1 0.542784 0.457216 
 ----> 1.3#6.6#44.0#54.0#VAR 1206 0 0.578667 0.421333 
 ----> 1.3#6.6#44.0#54.0#VAR 1207 1 0.554007 0.445993 
 ----> 1.3#6.6#44.0#54.0#VAR 1208 0 0.543891 0.456109 
 ----> 1.3#6.6#44.0#54.0#VAR 1209 1 0.572793 0.427207 
 ----> 1.3#6.6#44.0#54.0#VAR 1210 0 0.575597 0.424403 
 ----> 1.3#6.6#44.0#54.0#VAR 1211 1 0.530316 0.469684 
 ----> 1.3#6.6#44.0#54.0#VAR 1212 1 0.570503 0.429497 
 ----> 1.3#6.6#44.0#54.0#VAR 1213 0 0.644979 0.355021 
 ----> 1.3#6.6#44.0#54.0#VAR 1214 0 0.565143 0.434857 
 ----> 1.3#6.6#44.0#54.0#VAR 1215 0 0.554096 0.445904 
 ----> 1.3#6.6#44.0#54.0#VAR 1216 0 0.608846 0.391154 
 ----> 1.3#6.6#44.0#54.0#VAR 1217 0 0.58885 0.41115 
 ----> 1.3#6.6#44.0#54.0#VAR 1218 0 0.566421 0.433579 
 ----> 1.3#6.6#44.0#54.0#VAR 1219 0 0.616798 0.383202 
 ----> 1.3#6.6#44.0#54.0#VAR 1220 0 0.538213 0.461787 
 ----> 1.3#6.6#44.0#54.0#VAR 1221 0 0.542269 0.457731 
 ----> 1.3#6.6#44.0#54.0#VAR 1222 1 0.563922 0.436078 
 ----> 1.3#6.6#44.0#54.0#VAR 1223 1 0.565599 0.434401 
 ----> 1.3#6.6#44.0#54.0#VAR 1224 1 0.557077 0.442923 
 ----> 1.3#6.6#44.0#54.0#VAR 1225 0 0.578601 0.421399 
 ----> 1.3#6.6#44.0#54.0#VAR 1226 1 0.554758 0.445242 
 ----> 1.3#6.6#44.0#54.0#VAR 1227 1 0.55856 0.44144 
 ----> 1.3#6.6#44.0#54.0#VAR 1228 0 0.578049 0.421951 
 ----> 1.3#6.6#44.0#54.0#VAR 1229 0 0.56479 0.43521 
 ----> 1.3#6.6#44.0#54.0#VAR 1230 1 0.566806 0.433194 
 ----> 1.3#6.6#44.0#54.0#VAR 1231 1 0.57733 0.42267 
 ----> 1.3#6.6#44.0#54.0#VAR 1232 0 0.541328 0.458672 
 ----> 1.3#6.6#44.0#54.0#VAR 1233 0 0.540164 0.459836 
 ----> 1.3#6.6#44.0#54.0#VAR 1234 1 0.52467 0.47533 
 ----> 1.3#6.6#44.0#54.0#VAR 1235 1 0.551484 0.448516 
 ----> 1.3#6.6#44.0#54.0#VAR 1236 0 0.56287 0.43713 
 ----> 1.3#6.6#44.0#54.0#VAR 1237 0 0.547102 0.452898 
 ----> 1.3#6.6#44.0#54.0#VAR 1238 0 0.564742 0.435258 
 ----> 1.3#6.6#44.0#54.0#VAR 1239 1 0.542429 0.457571 
 ----> 1.3#6.6#44.0#54.0#VAR 1240 0 0.545148 0.454852 
 ----> 1.3#6.6#44.0#54.0#VAR 1241 0 0.576635 0.423365 
 ----> 1.3#6.6#44.0#54.0#VAR 1242 1 0.515423 0.484577 
 ----> 1.3#6.6#44.0#54.0#VAR 1243 0 0.5252 0.4748 
 ----> 1.3#6.6#44.0#54.0#VAR 1244 0 0.555049 0.444951 
 ----> 1.3#6.6#44.0#54.0#VAR 1245 0 0.60394 0.39606 
 ----> 1.3#6.6#44.0#54.0#VAR 1246 0 0.614932 0.385068 
 ----> 1.3#6.6#44.0#54.0#VAR 1247 0 0.566511 0.433489 
 ----> 1.3#6.6#44.0#54.0#VAR 1248 0 0.571771 0.428229 
 ----> 1.3#6.6#44.0#54.0#VAR 1249 0 0.58858 0.41142 
 ----> 1.3#6.6#44.0#54.0#VAR 1250 0 0.610257 0.389743 
 ----> 1.3#6.6#44.0#54.0#VAR 1251 0 0.662154 0.337846 
 ----> 1.3#6.6#44.0#54.0#VAR 1252 0 0.620524 0.379476 
 ----> 1.3#6.6#44.0#54.0#VAR 1253 0 0.572834 0.427166 
 ----> 1.3#6.6#44.0#54.0#VAR 1254 0 0.509354 0.490646 
 ----> 1.3#6.6#44.0#54.0#VAR 1255 0 0.558467 0.441533 
 ----> 1.3#6.6#44.0#54.0#VAR 1256 0 0.551027 0.448973 
 ----> 1.3#6.6#44.0#54.0#VAR 1257 1 0.543667 0.456333 
 ----> 1.3#6.6#44.0#54.0#VAR 1258 0 0.564141 0.435859 
 ----> 1.3#6.6#44.0#54.0#VAR 1259 1 0.573982 0.426018 
 ----> 1.3#6.6#44.0#54.0#VAR 1260 0 0.621678 0.378322 
 ----> 1.3#6.6#44.0#54.0#VAR 1261 0 0.558431 0.441569 
 ----> 1.3#6.6#44.0#54.0#VAR 1262 0 0.588741 0.411259 
 ----> 1.3#6.6#44.0#54.0#VAR 1263 1 0.573489 0.426511 
 ----> 1.3#6.6#44.0#54.0#VAR 1264 0 0.557618 0.442382 
 ----> 1.3#6.6#44.0#54.0#VAR 1265 1 0.504687 0.495313 
 ----> 1.3#6.6#44.0#54.0#VAR 1266 1 0.545686 0.454314 
 ----> 1.3#6.6#44.0#54.0#VAR 1267 1 0.51272 0.48728 
 ----> 1.3#6.6#44.0#54.0#VAR 1268 1 0.534947 0.465053 
 ----> 1.3#6.6#44.0#54.0#VAR 1269 1 0.554951 0.445049 
 ----> 1.3#6.6#44.0#54.0#VAR 1270 1 0.540175 0.459825 
 ----> 1.3#6.6#44.0#54.0#VAR 1271 1 0.539148 0.460852 
 ----> 1.3#6.6#44.0#54.0#VAR 1272 0 0.555084 0.444916 
 ----> 1.3#6.6#44.0#54.0#VAR 1273 1 0.506076 0.493924 
 ----> 1.3#6.6#44.0#54.0#VAR 1274 0 0.558145 0.441855 
 ----> 1.3#6.6#44.0#54.0#VAR 1275 0 0.534724 0.465276 
 ----> 1.3#6.6#44.0#54.0#VAR 1276 1 0.513904 0.486096 
 ----> 1.3#6.6#44.0#54.0#VAR 1277 1 0.512257 0.487743 
 ----> 1.3#6.6#44.0#54.0#VAR 1278 1 0.550065 0.449935 
 ----> 1.3#6.6#44.0#54.0#VAR 1279 0 0.602254 0.397746 
 ----> 1.3#6.6#44.0#54.0#VAR 1280 1 0.556889 0.443111 
 ----> 1.3#6.6#44.0#54.0#VAR 1281 0 0.584755 0.415245 
 ----> 1.3#6.6#44.0#54.0#VAR 1282 1 0.546623 0.453377 
 ----> 1.3#6.6#44.0#54.0#VAR 1283 0 0.578549 0.421451 
 ----> 1.3#6.6#44.0#54.0#VAR 1284 1 0.573775 0.426225 
 ----> 1.3#6.6#44.0#54.0#VAR 1285 1 0.548771 0.451229 
 ----> 1.3#6.6#44.0#54.0#VAR 1286 0 0.615064 0.384936 
 ----> 1.3#6.6#44.0#54.0#VAR 1287 1 0.566059 0.433941 
 ----> 1.3#6.6#44.0#54.0#VAR 1288 1 0.540698 0.459302 
 ----> 1.3#6.6#44.0#54.0#VAR 1289 1 0.541028 0.458972 
 ----> 1.3#6.6#44.0#54.0#VAR 1290 1 0.544238 0.455762 
 ----> 1.3#6.6#44.0#54.0#VAR 1291 0 0.577059 0.422941 
 ----> 1.3#6.6#44.0#54.0#VAR 1292 0 0.593161 0.406839 
 ----> 1.3#6.6#44.0#54.0#VAR 1293 0 0.594401 0.405599 
 ----> 1.3#6.6#44.0#54.0#VAR 1294 0 0.550453 0.449547 
 ----> 1.3#6.6#44.0#54.0#VAR 1295 0 0.584955 0.415045 
 ----> 1.3#6.6#44.0#54.0#VAR 1296 1 0.557643 0.442357 
 ----> 1.3#6.6#44.0#54.0#VAR 1297 0 0.560901 0.439099 
 ----> 1.3#6.6#44.0#54.0#VAR 1298 1 0.511225 0.488775 
 ----> 1.3#6.6#44.0#54.0#VAR 1299 0 0.563216 0.436784 
 ----> 1.3#6.6#44.0#54.0#VAR 1300 0 0.550137 0.449863 
 ----> 1.3#6.6#44.0#54.0#VAR 1301 0 0.57294 0.42706 
 ----> 1.3#6.6#44.0#54.0#VAR 1302 1 0.490774 0.509226 
 ----> 1.3#6.6#44.0#54.0#VAR 1303 1 0.527688 0.472312 
 ----> 1.3#6.6#44.0#54.0#VAR 1304 0 0.557784 0.442216 
 ----> 1.3#6.6#44.0#54.0#VAR 1305 0 0.551652 0.448348 
 ----> 1.3#6.6#44.0#54.0#VAR 1306 0 0.542824 0.457176 
 ----> 1.3#6.6#44.0#54.0#VAR 1307 0 0.563102 0.436898 
 ----> 1.3#6.6#44.0#54.0#VAR 1308 1 0.544699 0.455301 
 ----> 1.3#6.6#44.0#54.0#VAR 1309 0 0.552372 0.447628 
 ----> 1.3#6.6#44.0#54.0#VAR 1310 0 0.559485 0.440515 
 ----> 1.3#6.6#44.0#54.0#VAR 1311 1 0.522886 0.477114 
 ----> 1.3#6.6#44.0#54.0#VAR 1312 1 0.54112 0.45888 
 ----> 1.3#6.6#44.0#54.0#VAR 1313 0 0.599741 0.400259 
 ----> 1.3#6.6#44.0#54.0#VAR 1314 0 0.603756 0.396244 
 ----> 1.3#6.6#44.0#54.0#VAR 1315 0 0.60758 0.39242 
 ----> 1.3#6.6#44.0#54.0#VAR 1316 1 0.540517 0.459483 
 ----> 1.3#6.6#44.0#54.0#VAR 1317 0 0.55922 0.44078 
 ----> 1.3#6.6#44.0#54.0#VAR 1318 1 0.522317 0.477683 
 ----> 1.3#6.6#44.0#54.0#VAR 1319 1 0.539117 0.460883 
 ----> 1.3#6.6#44.0#54.0#VAR 1320 0 0.563745 0.436255 
 ----> 1.3#6.6#44.0#54.0#VAR 1321 0 0.546132 0.453868 
 ----> 1.3#6.6#44.0#54.0#VAR 1322 0 0.59141 0.40859 
 ----> 1.3#6.6#44.0#54.0#VAR 1323 1 0.53272 0.46728 
 ----> 1.3#6.6#44.0#54.0#VAR 1324 0 0.577761 0.422239 
 ----> 1.3#6.6#44.0#54.0#VAR 1325 0 0.591958 0.408042 
 ----> 1.3#6.6#44.0#54.0#VAR 1326 1 0.531745 0.468255 
 ----> 1.3#6.6#44.0#54.0#VAR 1327 0 0.640046 0.359954 
 ----> 1.3#6.6#44.0#54.0#VAR 1328 0 0.608389 0.391611 
 ----> 1.3#6.6#44.0#54.0#VAR 1329 0 0.550853 0.449147 
 ----> 1.3#6.6#44.0#54.0#VAR 1330 1 0.568864 0.431136 
 ----> 1.3#6.6#44.0#54.0#VAR 1331 1 0.561022 0.438978 
 ----> 1.3#6.6#44.0#54.0#VAR 1332 0 0.593875 0.406125 
 ----> 1.3#6.6#44.0#54.0#VAR 1333 1 0.539826 0.460174 
 ----> 1.3#6.6#44.0#54.0#VAR 1334 0 0.588842 0.411158 
 ----> 1.3#6.6#44.0#54.0#VAR 1335 0 0.629115 0.370885 
 ----> 1.3#6.6#44.0#54.0#VAR 1336 0 0.623273 0.376727 
 ----> 1.3#6.6#44.0#54.0#VAR 1337 1 0.493742 0.506258 
 ----> 1.3#6.6#44.0#54.0#VAR 1338 0 0.628438 0.371562 
 ----> 1.3#6.6#44.0#54.0#VAR 1339 1 0.521748 0.478252 
 ----> 1.3#6.6#44.0#54.0#VAR 1340 1 0.549641 0.450359 
 ----> 1.3#6.6#44.0#54.0#VAR 1341 0 0.606327 0.393673 
 ----> 1.3#6.6#44.0#54.0#VAR 1342 0 0.565398 0.434602 
 ----> 1.3#6.6#44.0#54.0#VAR 1343 0 0.598767 0.401233 
 ----> 1.3#6.6#44.0#54.0#VAR 1344 1 0.558039 0.441961 
 ----> 1.3#6.6#44.0#54.0#VAR 1345 0 0.566666 0.433334 
 ----> 1.3#6.6#44.0#54.0#VAR 1346 1 0.541573 0.458427 
 ----> 1.3#6.6#44.0#54.0#VAR 1347 1 0.501495 0.498505 
 ----> 1.3#6.6#44.0#54.0#VAR 1348 1 0.522905 0.477095 
 ----> 1.3#6.6#44.0#54.0#VAR 1349 0 0.558289 0.441711 
 ----> 1.3#6.6#44.0#54.0#VAR 1350 1 0.572525 0.427475 
 ----> 1.3#6.6#44.0#54.0#VAR 1351 0 0.539774 0.460226 
 ----> 1.3#6.6#44.0#54.0#VAR 1352 1 0.558801 0.441199 
 ----> 1.3#6.6#44.0#54.0#VAR 1353 1 0.558639 0.441361 
 ----> 1.3#6.6#44.0#54.0#VAR 1354 1 0.511344 0.488656 
 ----> 1.3#6.6#44.0#54.0#VAR 1355 1 0.549597 0.450403 
 ----> 1.3#6.6#44.0#54.0#VAR 1356 0 0.601997 0.398003 
 ----> 1.3#6.6#44.0#54.0#VAR 1357 1 0.516445 0.483555 
 ----> 1.3#6.6#44.0#54.0#VAR 1358 0 0.584264 0.415736 
 ----> 1.3#6.6#44.0#54.0#VAR 1359 0 0.566203 0.433797 
 ----> 1.3#6.6#44.0#54.0#VAR 1360 1 0.563289 0.436711 
 ----> 1.3#6.6#44.0#54.0#VAR 1361 1 0.52549 0.47451 
 ----> 1.3#6.6#44.0#54.0#VAR 1362 0 0.575766 0.424234 
 ----> 1.3#6.6#44.0#54.0#VAR 1363 0 0.568525 0.431475 
 ----> 1.3#6.6#44.0#54.0#VAR 1364 0 0.543004 0.456996 
 ----> 1.3#6.6#44.0#54.0#VAR 1365 0 0.574617 0.425383 
 ----> 1.3#6.6#44.0#54.0#VAR 1366 0 0.553784 0.446216 
 ----> 1.3#6.6#44.0#54.0#VAR 1367 0 0.575527 0.424473 
 ----> 1.3#6.6#44.0#54.0#VAR 1368 1 0.554126 0.445874 
 ----> 1.3#6.6#44.0#54.0#VAR 1369 0 0.591158 0.408842 
 ----> 1.3#6.6#44.0#54.0#VAR 1370 1 0.558831 0.441169 
 ----> 1.3#6.6#44.0#54.0#VAR 1371 1 0.592706 0.407294 
 ----> 1.3#6.6#44.0#54.0#VAR 1372 0 0.614637 0.385363 
 ----> 1.3#6.6#44.0#54.0#VAR 1373 0 0.614408 0.385592 
 ----> 1.3#6.6#44.0#54.0#VAR 1374 0 0.536949 0.463051 
 ----> 1.3#6.6#44.0#54.0#VAR 1375 0 0.546786 0.453214 
 ----> 1.3#6.6#44.0#54.0#VAR 1376 1 0.608905 0.391095 
 ----> 1.3#6.6#44.0#54.0#VAR 1377 0 0.554768 0.445232 
 ----> 1.3#6.6#44.0#54.0#VAR 1378 0 0.578378 0.421622 
 ----> 1.3#6.6#44.0#54.0#VAR 1379 1 0.504819 0.495181 
 ----> 1.3#6.6#44.0#54.0#VAR 1380 0 0.589811 0.410189 
 ----> 1.3#6.6#44.0#54.0#VAR 1381 0 0.617026 0.382974 
 ----> 1.3#6.6#44.0#54.0#VAR 1382 0 0.556941 0.443059 
 ----> 1.3#6.6#44.0#54.0#VAR 1383 1 0.54839 0.45161 
 ----> 1.3#6.6#44.0#54.0#VAR 1384 1 0.576092 0.423908 
 ----> 1.3#6.6#44.0#54.0#VAR 1385 1 0.541155 0.458845 
 ----> 1.3#6.6#44.0#54.0#VAR 1386 0 0.607756 0.392244 
 ----> 1.3#6.6#44.0#54.0#VAR 1387 1 0.587203 0.412797 
 ----> 1.3#6.6#44.0#54.0#VAR 1388 0 0.659212 0.340788 
 ----> 1.3#6.6#44.0#54.0#VAR 1389 0 0.64417 0.35583 
 ----> 1.3#6.6#44.0#54.0#VAR 1390 0 0.542579 0.457421 
 ----> 1.3#6.6#44.0#54.0#VAR 1391 1 0.561813 0.438187 
 ----> 1.3#6.6#44.0#54.0#VAR 1392 1 0.578717 0.421283 
 ----> 1.3#6.6#44.0#54.0#VAR 1393 1 0.571604 0.428396 
 ----> 1.3#6.6#44.0#54.0#VAR 1394 0 0.630273 0.369727 
 ----> 1.3#6.6#44.0#54.0#VAR 1395 0 0.594337 0.405663 
 ----> 1.3#6.6#44.0#54.0#VAR 1396 0 0.603666 0.396334 
 ----> 1.3#6.6#44.0#54.0#VAR 1397 0 0.548705 0.451295 
 ----> 1.3#6.6#44.0#54.0#VAR 1398 0 0.611849 0.388151 
 ----> 1.3#6.6#44.0#54.0#VAR 1399 0 0.581854 0.418146 
 ----> 1.3#6.6#44.0#54.0#VAR 1400 0 0.586287 0.413713 
 ----> 1.3#6.6#44.0#54.0#VAR 1401 1 0.544595 0.455405 
 ----> 1.3#6.6#44.0#54.0#VAR 1402 1 0.585684 0.414316 
 ----> 1.3#6.6#44.0#54.0#VAR 1403 0 0.63947 0.36053 
 ----> 1.3#6.6#44.0#54.0#VAR 1404 0 0.586242 0.413758 
 ----> 1.3#6.6#44.0#54.0#VAR 1405 0 0.575991 0.424009 
 ----> 1.3#6.6#44.0#54.0#VAR 1406 1 0.550529 0.449471 
 ----> 1.3#6.6#44.0#54.0#VAR 1407 1 0.553119 0.446881 
 ----> 1.3#6.6#44.0#54.0#VAR 1408 0 0.566619 0.433381 
 ----> 1.3#6.6#44.0#54.0#VAR 1409 1 0.555036 0.444964 
 ----> 1.3#6.6#44.0#54.0#VAR 1410 0 0.608398 0.391602 
 ----> 1.3#6.6#44.0#54.0#VAR 1411 1 0.561419 0.438581 
 ----> 1.3#6.6#44.0#54.0#VAR 1412 0 0.553838 0.446162 
 ----> 1.3#6.6#44.0#54.0#VAR 1413 1 0.570822 0.429178 
 ----> 1.3#6.6#44.0#54.0#VAR 1414 0 0.605932 0.394068 
 ----> 1.3#6.6#44.0#54.0#VAR 1415 0 0.589236 0.410764 
 ----> 1.3#6.6#44.0#54.0#VAR 1416 0 0.616871 0.383129 
 ----> 1.3#6.6#44.0#54.0#VAR 1417 0 0.605484 0.394516 
 ----> 1.3#6.6#44.0#54.0#VAR 1418 1 0.555525 0.444475 
 ----> 1.3#6.6#44.0#54.0#VAR 1419 0 0.604525 0.395475 
 ----> 1.3#6.6#44.0#54.0#VAR 1420 0 0.576107 0.423893 
 ----> 1.3#6.6#44.0#54.0#VAR 1421 1 0.569429 0.430571 
 ----> 1.3#6.6#44.0#54.0#VAR 1422 0 0.60937 0.39063 
 ----> 1.3#6.6#44.0#54.0#VAR 1423 0 0.581931 0.418069 
 ----> 1.3#6.6#44.0#54.0#VAR 1424 1 0.569534 0.430466 
 ----> 1.3#6.6#44.0#54.0#VAR 1425 0 0.575614 0.424386 
 ----> 1.3#6.6#44.0#54.0#VAR 1426 0 0.570683 0.429317 
 ----> 1.3#6.6#44.0#54.0#VAR 1427 0 0.588669 0.411331 
 ----> 1.3#6.6#44.0#54.0#VAR 1428 1 0.580831 0.419169 
 ----> 1.3#6.6#44.0#54.0#VAR 1429 0 0.598213 0.401787 
 ----> 1.3#6.6#44.0#54.0#VAR 1430 1 0.570963 0.429037 
 ----> 1.3#6.6#44.0#54.0#VAR 1431 0 0.58398 0.41602 
 ----> 1.3#6.6#44.0#54.0#VAR 1432 0 0.581617 0.418383 
 ----> 1.3#6.6#44.0#54.0#VAR 1433 1 0.563088 0.436912 
 ----> 1.3#6.6#44.0#54.0#VAR 1434 1 0.552199 0.447801 
 ----> 1.3#6.6#44.0#54.0#VAR 1435 0 0.560087 0.439913 
 ----> 1.3#6.6#44.0#54.0#VAR 1436 1 0.552929 0.447071 
 ----> 1.3#6.6#44.0#54.0#VAR 1437 0 0.575096 0.424904 
 ----> 1.3#6.6#44.0#54.0#VAR 1438 1 0.535746 0.464254 
 ----> 1.3#6.6#44.0#54.0#VAR 1439 0 0.528835 0.471165 
 ----> 1.3#6.6#44.0#54.0#VAR 1440 1 0.541574 0.458426 
 ----> 1.3#6.6#44.0#54.0#VAR 1441 1 0.52565 0.47435 
 ----> 1.3#6.6#44.0#54.0#VAR 1442 1 0.568233 0.431767 
 ----> 1.3#6.6#44.0#54.0#VAR 1443 1 0.545199 0.454801 
 ----> 1.3#6.6#44.0#54.0#VAR 1444 1 0.530544 0.469456 
 ----> 1.3#6.6#44.0#54.0#VAR 1445 0 0.561843 0.438157 
 ----> 1.3#6.6#44.0#54.0#VAR 1446 1 0.538257 0.461743 
 ----> 1.3#6.6#44.0#54.0#VAR 1447 0 0.553206 0.446794 
 ----> 1.3#6.6#44.0#54.0#VAR 1448 1 0.550171 0.449829 
 ----> 1.3#6.6#44.0#54.0#VAR 1449 1 0.542618 0.457382 
 ----> 1.3#6.6#44.0#54.0#VAR 1450 1 0.5901 0.4099 
 ----> 1.3#6.6#44.0#54.0#VAR 1451 1 0.568429 0.431571 
 ----> 1.3#6.6#44.0#54.0#VAR 1452 0 0.554675 0.445325 
 ----> 1.3#6.6#44.0#54.0#VAR 1453 0 0.589177 0.410823 
 ----> 1.3#6.6#44.0#54.0#VAR 1454 1 0.570575 0.429425 
 ----> 1.3#6.6#44.0#54.0#VAR 1455 0 0.572731 0.427269 
 ----> 1.3#6.6#44.0#54.0#VAR 1456 1 0.512162 0.487838 
 ----> 1.3#6.6#44.0#54.0#VAR 1457 1 0.504342 0.495658 
 ----> 1.3#6.6#44.0#54.0#VAR 1458 0 0.560827 0.439173 
 ----> 1.3#6.6#44.0#54.0#VAR 1459 1 0.524174 0.475826 
 ----> 1.3#6.6#44.0#54.0#VAR 1460 1 0.572926 0.427074 
 ----> 1.3#6.6#44.0#54.0#VAR 1461 0 0.531403 0.468597 
 ----> 1.3#6.6#44.0#54.0#VAR 1462 1 0.606774 0.393226 
 ----> 1.3#6.6#44.0#54.0#VAR 1463 1 0.556688 0.443312 
 ----> 1.3#6.6#44.0#54.0#VAR 1464 1 0.564019 0.435981 
 ----> 1.3#6.6#44.0#54.0#VAR 1465 1 0.55674 0.44326 
 ----> 1.3#6.6#44.0#54.0#VAR 1466 0 0.573111 0.426889 
 ----> 1.3#6.6#44.0#54.0#VAR 1467 1 0.555122 0.444878 
 ----> 1.3#6.6#44.0#54.0#VAR 1468 1 0.574299 0.425701 
 ----> 1.3#6.6#44.0#54.0#VAR 1469 1 0.579438 0.420562 
 ----> 1.3#6.6#44.0#54.0#VAR 1470 1 0.603779 0.396221 
 ----> 1.3#6.6#44.0#54.0#VAR 1471 1 0.604112 0.395888 
 ----> 1.3#6.6#44.0#54.0#VAR 1472 1 0.565318 0.434682 
 ----> 1.3#6.6#44.0#54.0#VAR 1473 0 0.556194 0.443806 
 ----> 1.3#6.6#44.0#54.0#VAR 1474 0 0.561322 0.438678 
 ----> 1.3#6.6#44.0#54.0#VAR 1475 1 0.578111 0.421889 
 ----> 1.3#6.6#44.0#54.0#VAR 1476 0 0.557302 0.442698 
 ----> 1.3#6.6#44.0#54.0#VAR 1477 1 0.554356 0.445644 
 ----> 1.3#6.6#44.0#54.0#VAR 1478 1 0.574259 0.425741 
 ----> 1.3#6.6#44.0#54.0#VAR 1479 0 0.59571 0.40429 
 ----> 1.3#6.6#44.0#54.0#VAR 1480 0 0.590817 0.409183 
 ----> 1.3#6.6#44.0#54.0#VAR 1481 1 0.628421 0.371579 
 ----> 1.3#6.6#44.0#54.0#VAR 1482 1 0.571437 0.428563 
 ----> 1.3#6.6#44.0#54.0#VAR 1483 0 0.635833 0.364167 
 ----> 1.3#6.6#44.0#54.0#VAR 1484 0 0.511542 0.488458 
 ----> 1.3#6.6#44.0#54.0#VAR 1485 0 0.549314 0.450686 
 ----> 1.3#6.6#44.0#54.0#VAR 1486 0 0.607728 0.392272 
 ----> 1.3#6.6#44.0#54.0#VAR 1487 0 0.543854 0.456146 
 ----> 1.3#6.6#44.0#54.0#VAR 1488 0 0.582842 0.417158 
 ----> 1.3#6.6#44.0#54.0#VAR 1489 0 0.585918 0.414082 
 ----> 1.3#6.6#44.0#54.0#VAR 1490 0 0.591182 0.408818 
 ----> 1.3#6.6#44.0#54.0#VAR 1491 1 0.562487 0.437513 
 ----> 1.3#6.6#44.0#54.0#VAR 1492 0 0.587795 0.412205 
 ----> 1.3#6.6#44.0#54.0#VAR 1493 1 0.574472 0.425528 
 ----> 1.3#6.6#44.0#54.0#VAR 1494 1 0.557615 0.442385 
 ----> 1.3#6.6#44.0#54.0#VAR 1495 0 0.609936 0.390064 
 ----> 1.3#6.6#44.0#54.0#VAR 1496 0 0.568383 0.431617 
 ----> 1.3#6.6#44.0#54.0#VAR 1497 1 0.574952 0.425048 
 ----> 1.3#6.6#44.0#54.0#VAR 1498 1 0.551004 0.448996 
 ----> 1.3#6.6#44.0#54.0#VAR 1499 1 0.60473 0.39527 
 ----> 1.3#6.6#44.0#54.0#VAR 1500 0 0.576727 0.423273 
 ----> 1.3#6.6#44.0#54.0#VAR 1501 1 0.580543 0.419457 
 ----> 1.3#6.6#44.0#54.0#VAR 1502 0 0.537211 0.462789 
 ----> 1.3#6.6#44.0#54.0#VAR 1503 1 0.601554 0.398446 
 ----> 1.3#6.6#44.0#54.0#VAR 1504 1 0.603546 0.396454 
 ----> 1.3#6.6#44.0#54.0#VAR 1505 0 0.586298 0.413702 
 ----> 1.3#6.6#44.0#54.0#VAR 1506 1 0.587603 0.412397 
 ----> 1.3#6.6#44.0#54.0#VAR 1507 1 0.570822 0.429178 
 ----> 1.3#6.6#44.0#54.0#VAR 1508 1 0.622995 0.377005 
 ----> 1.3#6.6#44.0#54.0#VAR 1509 0 0.583133 0.416867 
 ----> 1.3#6.6#44.0#54.0#VAR 1510 0 0.602828 0.397172 
 ----> 1.3#6.6#44.0#54.0#VAR 1511 0 0.58804 0.41196 
 ----> 1.3#6.6#44.0#54.0#VAR 1512 1 0.607873 0.392127 
 ----> 1.3#6.6#44.0#54.0#VAR 1513 0 0.595027 0.404973 
 ----> 1.3#6.6#44.0#54.0#VAR 1514 1 0.594387 0.405613 
 ----> 1.3#6.6#44.0#54.0#VAR 1515 0 0.58757 0.41243 
 ----> 1.3#6.6#44.0#54.0#VAR 1516 1 0.603873 0.396127 
 ----> 1.3#6.6#44.0#54.0#VAR 1517 1 0.628333 0.371667 
 ----> 1.3#6.6#44.0#54.0#VAR 1518 1 0.520027 0.479973 
 ----> 1.3#6.6#44.0#54.0#VAR 1519 1 0.614386 0.385614 
 ----> 1.3#6.6#44.0#54.0#VAR 1520 0 0.616979 0.383021 
 ----> 1.3#6.6#44.0#54.0#VAR 1521 0 0.610678 0.389322 
 ----> 1.3#6.6#44.0#54.0#VAR 1522 1 0.600853 0.399147 
 ----> 1.3#6.6#44.0#54.0#VAR 1523 0 0.617236 0.382764 
 ----> 1.3#6.6#44.0#54.0#VAR 1524 1 0.559982 0.440018 
 ----> 1.3#6.6#44.0#54.0#VAR 1525 0 0.584668 0.415332 
 ----> 1.3#6.6#44.0#54.0#VAR 1526 0 0.577275 0.422725 
 ----> 1.3#6.6#44.0#54.0#VAR 1527 0 0.591393 0.408607 
 ----> 1.3#6.6#44.0#54.0#VAR 1528 1 0.619943 0.380057 
 ----> 1.3#6.6#44.0#54.0#VAR 1529 0 0.573566 0.426434 
 ----> 1.3#6.6#44.0#54.0#VAR 1530 1 0.562331 0.437669 
 ----> 1.3#6.6#44.0#54.0#VAR 1531 0 0.572436 0.427564 
 ----> 1.3#6.6#44.0#54.0#VAR 1532 1 0.566897 0.433103 
 ----> 1.3#6.6#44.0#54.0#VAR 1533 1 0.612749 0.387251 
 ----> 1.3#6.6#44.0#54.0#VAR 1534 1 0.552856 0.447144 
 ----> 1.3#6.6#44.0#54.0#VAR 1535 0 0.601449 0.398551 
 ----> 1.3#6.6#44.0#54.0#VAR 1536 0 0.604327 0.395673 
 ----> 1.3#6.6#44.0#54.0#VAR 1537 0 0.57239 0.42761 
 ----> 1.3#6.6#44.0#54.0#VAR 1538 0 0.540377 0.459623 
 ----> 1.3#6.6#44.0#54.0#VAR 1539 0 0.543479 0.456521 
 ----> 1.3#6.6#44.0#54.0#VAR 1540 0 0.579572 0.420428 
 ----> 1.3#6.6#44.0#54.0#VAR 1541 1 0.549107 0.450893 
 ----> 1.3#6.6#44.0#54.0#VAR 1542 0 0.537035 0.462965 
 ----> 1.3#6.6#44.0#54.0#VAR 1543 0 0.513053 0.486947 
 ----> 1.3#6.6#44.0#54.0#VAR 1544 0 0.520311 0.479689 
 ----> 1.3#6.6#44.0#54.0#VAR 1545 0 0.560712 0.439288 
 ----> 1.3#6.6#44.0#54.0#VAR 1546 0 0.529093 0.470907 
 ----> 1.3#6.6#44.0#54.0#VAR 1547 0 0.522109 0.477891 
 ----> 1.3#6.6#44.0#54.0#VAR 1548 1 0.552483 0.447517 
 ----> 1.3#6.6#44.0#54.0#VAR 1549 0 0.596616 0.403384 
 ----> 1.3#6.6#44.0#54.0#VAR 1550 1 0.574224 0.425776 
 ----> 1.3#6.6#44.0#54.0#VAR 1551 1 0.589764 0.410236 
 ----> 1.3#6.6#44.0#54.0#VAR 1552 1 0.631002 0.368998 
 ----> 1.3#6.6#44.0#54.0#VAR 1553 0 0.619043 0.380957 
 ----> 1.3#6.6#44.0#54.0#VAR 1554 1 0.553166 0.446834 
 ----> 1.3#6.6#44.0#54.0#VAR 1555 1 0.613575 0.386425 
 ----> 1.3#6.6#44.0#54.0#VAR 1556 1 0.57808 0.42192 
 ----> 1.3#6.6#44.0#54.0#VAR 1557 1 0.568147 0.431853 
 ----> 1.3#6.6#44.0#54.0#VAR 1558 0 0.572488 0.427512 
 ----> 1.3#6.6#44.0#54.0#VAR 1559 1 0.579062 0.420938 
 ----> 1.3#6.6#44.0#54.0#VAR 1560 1 0.603502 0.396498 
 ----> 1.3#6.6#44.0#54.0#VAR 1561 1 0.555679 0.444321 
 ----> 1.3#6.6#44.0#54.0#VAR 1562 0 0.566185 0.433815 
 ----> 1.3#6.6#44.0#54.0#VAR 1563 1 0.559739 0.440261 
 ----> 1.3#6.6#44.0#54.0#VAR 1564 0 0.573897 0.426103 
 ----> 1.3#6.6#44.0#54.0#VAR 1565 1 0.579835 0.420165 
 ----> 1.3#6.6#44.0#54.0#VAR 1566 0 0.575079 0.424921 
 ----> 1.3#6.6#44.0#54.0#VAR 1567 0 0.612814 0.387186 
 ----> 1.3#6.6#44.0#54.0#VAR 1568 1 0.548108 0.451892 
 ----> 1.3#6.6#44.0#54.0#VAR 1569 1 0.660008 0.339992 
 ----> 1.3#6.6#44.0#54.0#VAR 1570 1 0.564675 0.435325 
 ----> 1.3#6.6#44.0#54.0#VAR 1571 0 0.575413 0.424587 
 ----> 1.3#6.6#44.0#54.0#VAR 1572 0 0.604172 0.395828 
 ----> 1.3#6.6#44.0#54.0#VAR 1573 0 0.529756 0.470244 
 ----> 1.3#6.6#44.0#54.0#VAR 1574 1 0.544056 0.455944 
 ----> 1.3#6.6#44.0#54.0#VAR 1575 1 0.572295 0.427705 
 ----> 1.3#6.6#44.0#54.0#VAR 1576 0 0.57118 0.42882 
 ----> 1.3#6.6#44.0#54.0#VAR 1577 1 0.57697 0.42303 
 ----> 1.3#6.6#44.0#54.0#VAR 1578 1 0.54856 0.45144 
 ----> 1.3#6.6#44.0#54.0#VAR 1579 0 0.569968 0.430032 
 ----> 1.3#6.6#44.0#54.0#VAR 1580 0 0.60985 0.39015 
 ----> 1.3#6.6#44.0#54.0#VAR 1581 0 0.569728 0.430272 
 ----> 1.3#6.6#44.0#54.0#VAR 1582 0 0.588165 0.411835 
 ----> 1.3#6.6#44.0#54.0#VAR 1583 1 0.589675 0.410325 
 ----> 1.3#6.6#44.0#54.0#VAR 1584 1 0.562651 0.437349 
 ----> 1.3#6.6#44.0#54.0#VAR 1585 0 0.57456 0.42544 
 ----> 1.3#6.6#44.0#54.0#VAR 1586 1 0.594912 0.405088 
 ----> 1.3#6.6#44.0#54.0#VAR 1587 0 0.569709 0.430291 
 ----> 1.3#6.6#44.0#54.0#VAR 1588 0 0.583187 0.416813 
 ----> 1.3#6.6#44.0#54.0#VAR 1589 1 0.610069 0.389931 
 ----> 1.3#6.6#44.0#54.0#VAR 1590 0 0.591289 0.408711 
 ----> 1.3#6.6#44.0#54.0#VAR 1591 1 0.55058 0.44942 
 ----> 1.3#6.6#44.0#54.0#VAR 1592 1 0.587935 0.412065 
 ----> 1.3#6.6#44.0#54.0#VAR 1593 1 0.555808 0.444192 
 ----> 1.3#6.6#44.0#54.0#VAR 1594 0 0.607898 0.392102 
 ----> 1.3#6.6#44.0#54.0#VAR 1595 1 0.606053 0.393947 
 ----> 1.3#6.6#44.0#54.0#VAR 1596 1 0.578412 0.421588 
 ----> 1.3#6.6#44.0#54.0#VAR 1597 1 0.55375 0.44625 
 ----> 1.3#6.6#44.0#54.0#VAR 1598 0 0.574026 0.425974 
 ----> 1.3#6.6#44.0#54.0#VAR 1599 1 0.582245 0.417755 
 ----> 1.3#6.6#44.0#54.0#VAR 1600 0 0.612141 0.387859 
 ----> 1.3#6.6#44.0#54.0#VAR 1601 1 0.598074 0.401926 
 ----> 1.3#6.6#44.0#54.0#VAR 1602 0 0.604737 0.395263 
 ----> 1.3#6.6#44.0#54.0#VAR 1603 1 0.618226 0.381774 
 ----> 1.3#6.6#44.0#54.0#VAR 1604 0 0.596294 0.403706 
 ----> 1.3#6.6#44.0#54.0#VAR 1605 1 0.613201 0.386799 
 ----> 1.3#6.6#44.0#54.0#VAR 1606 0 0.608583 0.391417 
 ----> 1.3#6.6#44.0#54.0#VAR 1607 0 0.589853 0.410147 
 ----> 1.3#6.6#44.0#54.0#VAR 1608 1 0.599558 0.400442 
 ----> 1.3#6.6#44.0#54.0#VAR 1609 0 0.616598 0.383402 
 ----> 1.3#6.6#44.0#54.0#VAR 1610 1 0.580321 0.419679 
 ----> 1.3#6.6#44.0#54.0#VAR 1611 0 0.601768 0.398232 
 ----> 1.3#6.6#44.0#54.0#VAR 1612 1 0.590703 0.409297 
 ----> 1.3#6.6#44.0#54.0#VAR 1613 1 0.607269 0.392731 
 ----> 1.3#6.6#44.0#54.0#VAR 1614 1 0.599987 0.400013 
 ----> 1.3#6.6#44.0#54.0#VAR 1615 0 0.605835 0.394165 
 ----> 1.3#6.6#44.0#54.0#VAR 1616 0 0.603448 0.396552 
 ----> 1.3#6.6#44.0#54.0#VAR 1617 0 0.631295 0.368705 
 ----> 1.3#6.6#44.0#54.0#VAR 1618 1 0.59355 0.40645 
 ----> 1.3#6.6#44.0#54.0#VAR 1619 1 0.595933 0.404067 
 ----> 1.3#6.6#44.0#54.0#VAR 1620 1 0.559872 0.440128 
 ----> 1.3#6.6#44.0#54.0#VAR 1621 0 0.59281 0.40719 
 ----> 1.3#6.6#44.0#54.0#VAR 1622 1 0.581703 0.418297 
 ----> 1.3#6.6#44.0#54.0#VAR 1623 0 0.598361 0.401639 
 ----> 1.3#6.6#44.0#54.0#VAR 1624 0 0.606025 0.393975 
 ----> 1.3#6.6#44.0#54.0#VAR 1625 0 0.650481 0.349519 
 ----> 1.3#6.6#44.0#54.0#VAR 1626 1 0.650193 0.349807 
 ----> 1.3#6.6#44.0#54.0#VAR 1627 1 0.558564 0.441436 
 ----> 1.3#6.6#44.0#54.0#VAR 1628 1 0.612315 0.387685 
 ----> 1.3#6.6#44.0#54.0#VAR 1629 0 0.522064 0.477936 
 ----> 1.3#6.6#44.0#54.0#VAR 1630 0 0.504118 0.495882 
 ----> 1.3#6.6#44.0#54.0#VAR 1631 0 0.637864 0.362136 
 ----> 1.3#6.6#44.0#54.0#VAR 1632 1 0.644529 0.355471 
 ----> 1.3#6.6#44.0#54.0#VAR 1633 1 0.606478 0.393522 
 ----> 1.3#6.6#44.0#54.0#VAR 1634 1 0.620797 0.379203 
 ----> 1.3#6.6#44.0#54.0#VAR 1635 1 0.565046 0.434954 
 ----> 1.3#6.6#44.0#54.0#VAR 1636 1 0.596007 0.403993 
 ----> 1.3#6.6#44.0#54.0#VAR 1637 1 0.593254 0.406746 
 ----> 1.3#6.6#44.0#54.0#VAR 1638 1 0.575392 0.424608 
 ----> 1.3#6.6#44.0#54.0#VAR 1639 0 0.573491 0.426509 
 ----> 1.3#6.6#44.0#54.0#VAR 1640 1 0.588874 0.411126 
 ----> 1.3#6.6#44.0#54.0#VAR 1641 1 0.552441 0.447559 
 ----> 1.3#6.6#44.0#54.0#VAR 1642 1 0.580277 0.419723 
 ----> 1.3#6.6#44.0#54.0#VAR 1643 1 0.583926 0.416074 
 ----> 1.3#6.6#44.0#54.0#VAR 1644 0 0.619243 0.380757 
 ----> 1.3#6.6#44.0#54.0#VAR 1645 1 0.605309 0.394691 
 ----> 1.3#6.6#44.0#54.0#VAR 1646 1 0.661753 0.338247 
 ----> 1.3#6.6#44.0#54.0#VAR 1647 0 0.623001 0.376999 
 ----> 1.3#6.6#44.0#54.0#VAR 1648 1 0.58068 0.41932 
 ----> 1.3#6.6#44.0#54.0#VAR 1649 0 0.601897 0.398103 
 ----> 1.3#6.6#44.0#54.0#VAR 1650 1 0.58013 0.41987 
 ----> 1.3#6.6#44.0#54.0#VAR 1651 1 0.619046 0.380954 
 ----> 1.3#6.6#44.0#54.0#VAR 1652 0 0.577059 0.422941 
 ----> 1.3#6.6#44.0#54.0#VAR 1653 0 0.58695 0.41305 
 ----> 1.3#6.6#44.0#54.0#VAR 1654 1 0.575972 0.424028 
 ----> 1.3#6.6#44.0#54.0#VAR 1655 1 0.583817 0.416183 
 ----> 1.3#6.6#44.0#54.0#VAR 1656 1 0.63115 0.36885 
 ----> 1.3#6.6#44.0#54.0#VAR 1657 1 0.643008 0.356992 
 ----> 1.3#6.6#44.0#54.0#VAR 1658 0 0.58061 0.41939 
 ----> 1.3#6.6#44.0#54.0#VAR 1659 0 0.59239 0.40761 
 ----> 1.3#6.6#44.0#54.0#VAR 1660 1 0.591039 0.408961 
 ----> 1.3#6.6#44.0#54.0#VAR 1661 1 0.579896 0.420104 
 ----> 1.3#6.6#44.0#54.0#VAR 1662 1 0.565258 0.434742 
 ----> 1.3#6.6#44.0#54.0#VAR 1663 0 0.575641 0.424359 
 ----> 1.3#6.6#44.0#54.0#VAR 1664 1 0.597983 0.402017 
 ----> 1.3#6.6#44.0#54.0#VAR 1665 0 0.617587 0.382413 
 ----> 1.3#6.6#44.0#54.0#VAR 1666 1 0.584257 0.415743 
 ----> 1.3#6.6#44.0#54.0#VAR 1667 1 0.613751 0.386249 
 ----> 1.3#6.6#44.0#54.0#VAR 1668 1 0.60081 0.39919 
 ----> 1.3#6.6#44.0#54.0#VAR 1669 1 0.609832 0.390168 
 ----> 1.3#6.6#44.0#54.0#VAR 1670 0 0.609848 0.390152 
 ----> 1.3#6.6#44.0#54.0#VAR 1671 1 0.582667 0.417333 
 ----> 1.3#6.6#44.0#54.0#VAR 1672 1 0.601702 0.398298 
 ----> 1.3#6.6#44.0#54.0#VAR 1673 1 0.560361 0.439639 
 ----> 1.3#6.6#44.0#54.0#VAR 1674 1 0.585912 0.414088 
 ----> 1.3#6.6#44.0#54.0#VAR 1675 1 0.614114 0.385886 
 ----> 1.3#6.6#44.0#54.0#VAR 1676 1 0.583153 0.416847 
 ----> 1.3#6.6#44.0#54.0#VAR 1677 1 0.60619 0.39381 
 ----> 1.3#6.6#44.0#54.0#VAR 1678 1 0.604891 0.395109 
 ----> 1.3#6.6#44.0#54.0#VAR 1679 1 0.58897 0.41103 
 ----> 1.3#6.6#44.0#54.0#VAR 1680 1 0.620374 0.379626 
 ----> 1.3#6.6#44.0#54.0#VAR 1681 1 0.589564 0.410436 
 ----> 1.3#6.6#44.0#54.0#VAR 1682 1 0.581359 0.418641 
 ----> 1.3#6.6#44.0#54.0#VAR 1683 1 0.580765 0.419235 
 ----> 1.3#6.6#44.0#54.0#VAR 1684 1 0.599211 0.400789 
 ----> 1.3#6.6#44.0#54.0#VAR 1685 1 0.574687 0.425313 
 ----> 1.3#6.6#44.0#54.0#VAR 1686 1 0.590058 0.409942 
 ----> 1.3#6.6#44.0#54.0#VAR 1687 1 0.591604 0.408396 
 ----> 1.3#6.6#44.0#54.0#VAR 1688 0 0.580966 0.419034 
 ----> 1.3#6.6#44.0#54.0#VAR 1689 0 0.608883 0.391117 
 ----> 1.3#6.6#44.0#54.0#VAR 1690 0 0.629355 0.370645 
 ----> 1.3#6.6#44.0#54.0#VAR 1691 0 0.574641 0.425359 
 ----> 1.3#6.6#44.0#54.0#VAR 1692 1 0.592699 0.407301 
 ----> 1.3#6.6#44.0#54.0#VAR 1693 1 0.569986 0.430014 
 ----> 1.3#6.6#44.0#54.0#VAR 1694 0 0.564285 0.435715 
 ----> 1.3#6.6#44.0#54.0#VAR 1695 1 0.570035 0.429965 
 ----> 1.3#6.6#44.0#54.0#VAR 1696 0 0.589195 0.410805 
 ----> 1.3#6.6#44.0#54.0#VAR 1697 1 0.587471 0.412529 
 ----> 1.3#6.6#44.0#54.0#VAR 1698 1 0.597204 0.402796 
 ----> 1.3#6.6#44.0#54.0#VAR 1699 1 0.616393 0.383607 
 ----> 1.3#6.6#44.0#54.0#VAR 1700 1 0.594999 0.405001 
 ----> 1.3#6.6#44.0#54.0#VAR 1701 1 0.589072 0.410928 
 ----> 1.3#6.6#44.0#54.0#VAR 1702 1 0.581707 0.418293 
 ----> 1.3#6.6#44.0#54.0#VAR 1703 1 0.58461 0.41539 
 ----> 1.3#6.6#44.0#54.0#VAR 1704 1 0.592778 0.407222 
 ----> 1.3#6.6#44.0#54.0#VAR 1705 1 0.601109 0.398891 
 ----> 1.3#6.6#44.0#54.0#VAR 1706 1 0.620173 0.379827 
 ----> 1.3#6.6#44.0#54.0#VAR 1707 0 0.672352 0.327648 
 ----> 1.3#6.6#44.0#54.0#VAR 1708 0 0.628993 0.371007 
 ----> 1.3#6.6#44.0#54.0#VAR 1709 1 0.496771 0.503229 
 ----> 1.3#6.6#44.0#54.0#VAR 1710 1 0.618462 0.381538 
 ----> 1.3#6.6#44.0#54.0#VAR 1711 1 0.612306 0.387694 
 ----> 1.3#6.6#44.0#54.0#VAR 1712 1 0.563823 0.436177 
 ----> 1.3#6.6#44.0#54.0#VAR 1713 1 0.598905 0.401095 
 ----> 1.3#6.6#44.0#54.0#VAR 1714 0 0.613248 0.386752 
 ----> 1.3#6.6#44.0#54.0#VAR 1715 0 0.609629 0.390371 
 ----> 1.3#6.6#44.0#54.0#VAR 1716 0 0.611197 0.388803 
 ----> 1.3#6.6#44.0#54.0#VAR 1717 0 0.600188 0.399812 
 ----> 1.3#6.6#44.0#54.0#VAR 1718 0 0.583637 0.416363 
 ----> 1.3#6.6#44.0#54.0#VAR 1719 0 0.597455 0.402545 
 ----> 1.3#6.6#44.0#54.0#VAR 1720 0 0.633438 0.366562 
 ----> 1.3#6.6#44.0#54.0#VAR 1721 0 0.591083 0.408917 
 ----> 1.3#6.6#44.0#54.0#VAR 1722 1 0.595458 0.404542 
 ----> 1.3#6.6#44.0#54.0#VAR 1723 1 0.624092 0.375908 
 ----> 1.3#6.6#44.0#54.0#VAR 1724 1 0.584654 0.415346 
 ----> 1.3#6.6#44.0#54.0#VAR 1725 0 0.583396 0.416604 
 ----> 1.3#6.6#44.0#54.0#VAR 1726 1 0.581445 0.418555 
 ----> 1.3#6.6#44.0#54.0#VAR 1727 0 0.6025 0.3975 
 ----> 1.3#6.6#44.0#54.0#VAR 1728 0 0.577148 0.422852 
 ----> 1.3#6.6#44.0#54.0#VAR 1729 1 0.578636 0.421364 
 ----> 1.3#6.6#44.0#54.0#VAR 1730 0 0.573886 0.426114 
 ----> 1.3#6.6#44.0#54.0#VAR 1731 1 0.617339 0.382661 
 ----> 1.3#6.6#44.0#54.0#VAR 1732 1 0.589991 0.410009 
 ----> 1.3#6.6#44.0#54.0#VAR 1733 0 0.606388 0.393612 
 ----> 1.3#6.6#44.0#54.0#VAR 1734 1 0.550642 0.449358 
 ----> 1.3#6.6#44.0#54.0#VAR 1735 0 0.601911 0.398089 
 ----> 1.3#6.6#44.0#54.0#VAR 1736 1 0.57084 0.42916 
 ----> 1.3#6.6#44.0#54.0#VAR 1737 1 0.579955 0.420045 
 ----> 1.3#6.6#44.0#54.0#VAR 1738 0 0.634848 0.365152 
 ----> 1.3#6.6#44.0#54.0#VAR 1739 1 0.597357 0.402643 
 ----> 1.3#6.6#44.0#54.0#VAR 1740 1 0.603648 0.396352 
 ----> 1.3#6.6#44.0#54.0#VAR 1741 0 0.625852 0.374148 
 ----> 1.3#6.6#44.0#54.0#VAR 1742 1 0.628018 0.371982 
 ----> 1.3#6.6#44.0#54.0#VAR 1743 1 0.602407 0.397593 
 ----> 1.3#6.6#44.0#54.0#VAR 1744 0 0.636344 0.363656 
 ----> 1.3#6.6#44.0#54.0#VAR 1745 1 0.632373 0.367627 
 ----> 1.3#6.6#44.0#54.0#VAR 1746 1 0.61977 0.38023 
 ----> 1.3#6.6#44.0#54.0#VAR 1747 1 0.611425 0.388575 
 ----> 1.3#6.6#44.0#54.0#VAR 1748 1 0.62511 0.37489 
 ----> 1.3#6.6#44.0#54.0#VAR 1749 1 0.609817 0.390183 
 ----> 1.3#6.6#44.0#54.0#VAR 1750 1 0.604839 0.395161 
 ----> 1.3#6.6#44.0#54.0#VAR 1751 1 0.571784 0.428216 
 ----> 1.3#6.6#44.0#54.0#VAR 1752 1 0.638835 0.361165 
 ----> 1.3#6.6#44.0#54.0#VAR 1753 1 0.615272 0.384728 
 ----> 1.3#6.6#44.0#54.0#VAR 1754 0 0.575829 0.424171 
 ----> 1.3#6.6#44.0#54.0#VAR 1755 1 0.577634 0.422366 
 ----> 1.3#6.6#44.0#54.0#VAR 1756 0 0.575276 0.424724 
 ----> 1.3#6.6#44.0#54.0#VAR 1757 0 0.578551 0.421449 
 ----> 1.3#6.6#44.0#54.0#VAR 1758 1 0.586638 0.413362 
 ----> 1.3#6.6#44.0#54.0#VAR 1759 1 0.595028 0.404972 
 ----> 1.3#6.6#44.0#54.0#VAR 1760 1 0.599927 0.400073 
 ----> 1.3#6.6#44.0#54.0#VAR 1761 1 0.579379 0.420621 
 ----> 1.3#6.6#44.0#54.0#VAR 1762 1 0.612845 0.387155 
 ----> 1.3#6.6#44.0#54.0#VAR 1763 1 0.61647 0.38353 
 ----> 1.3#6.6#44.0#54.0#VAR 1764 1 0.618448 0.381552 
 ----> 1.3#6.6#44.0#54.0#VAR 1765 0 0.557302 0.442698 
 ----> 1.3#6.6#44.0#54.0#VAR 1766 0 0.597321 0.402679 
 ----> 1.3#6.6#44.0#54.0#VAR 1767 0 0.568405 0.431595 
 ----> 1.3#6.6#44.0#54.0#VAR 1768 1 0.609085 0.390915 
 ----> 1.3#6.6#44.0#54.0#VAR 1769 0 0.563898 0.436102 
 ----> 1.3#6.6#44.0#54.0#VAR 1770 0 0.572156 0.427844 
 ----> 1.3#6.6#44.0#54.0#VAR 1771 1 0.584466 0.415534 
 ----> 1.3#6.6#44.0#54.0#VAR 1772 0 0.574846 0.425154 
 ----> 1.3#6.6#44.0#54.0#VAR 1773 1 0.572082 0.427918 
 ----> 1.3#6.6#44.0#54.0#VAR 1774 1 0.592171 0.407829 
 ----> 1.3#6.6#44.0#54.0#VAR 1775 1 0.60135 0.39865 
 ----> 1.3#6.6#44.0#54.0#VAR 1776 1 0.639925 0.360075 
 ----> 1.3#6.6#44.0#54.0#VAR 1777 0 0.581673 0.418327 
 ----> 1.3#6.6#44.0#54.0#VAR 1778 1 0.585061 0.414939 
 ----> 1.3#6.6#44.0#54.0#VAR 1779 1 0.601873 0.398127 
 ----> 1.3#6.6#44.0#54.0#VAR 1780 1 0.586418 0.413582 
 ----> 1.3#6.6#44.0#54.0#VAR 1781 1 0.589146 0.410854 
 ----> 1.3#6.6#44.0#54.0#VAR 1782 1 0.617859 0.382141 
 ----> 1.3#6.6#44.0#54.0#VAR 1783 0 0.642229 0.357771 
 ----> 1.3#6.6#44.0#54.0#VAR 1784 1 0.615272 0.384728 
 ----> 1.3#6.6#44.0#54.0#VAR 1785 0 0.576818 0.423182 
 ----> 1.3#6.6#44.0#54.0#VAR 1786 1 0.610091 0.389909 
 ----> 1.3#6.6#44.0#54.0#VAR 1787 0 0.578041 0.421959 
 ----> 1.3#6.6#44.0#54.0#VAR 1788 0 0.629373 0.370627 
 ----> 1.3#6.6#44.0#54.0#VAR 1789 1 0.62648 0.37352 
 ----> 1.3#6.6#44.0#54.0#VAR 1790 1 0.532975 0.467025 
 ----> 1.3#6.6#44.0#54.0#VAR 1791 0 0.569138 0.430862 
 ----> 1.3#6.6#44.0#54.0#VAR 1792 1 0.562303 0.437697 
 ----> 1.3#6.6#44.0#54.0#VAR 1793 0 0.605818 0.394182 
 ----> 1.3#6.6#44.0#54.0#VAR 1794 1 0.625927 0.374073 
 ----> 1.3#6.6#44.0#54.0#VAR 1795 1 0.589743 0.410257 
 ----> 1.3#6.6#44.0#54.0#VAR 1796 0 0.610834 0.389166 
 ----> 1.3#6.6#44.0#54.0#VAR 1797 1 0.565374 0.434626 
 ----> 1.3#6.6#44.0#54.0#VAR 1798 0 0.600537 0.399463 
 ----> 1.3#6.6#44.0#54.0#VAR 1799 0 0.5623 0.4377 
 ----> 1.3#6.6#44.0#54.0#VAR 1800 0 0.553349 0.446651 
 ----> 1.3#6.6#44.0#54.0#VAR 1801 1 0.602036 0.397964 
 ----> 1.3#6.6#44.0#54.0#VAR 1802 0 0.575581 0.424419 
 ----> 1.3#6.6#44.0#54.0#VAR 1803 1 0.588121 0.411879 
 ----> 1.3#6.6#44.0#54.0#VAR 1804 1 0.581634 0.418366 
 ----> 1.3#6.6#44.0#54.0#VAR 1805 0 0.618045 0.381955 
 ----> 1.3#6.6#44.0#54.0#VAR 1806 1 0.621061 0.378939 
 ----> 1.3#6.6#44.0#54.0#VAR 1807 1 0.611513 0.388487 
 ----> 1.3#6.6#44.0#54.0#VAR 1808 1 0.601404 0.398596 
 ----> 1.3#6.6#44.0#54.0#VAR 1809 1 0.625983 0.374017 
 ----> 1.3#6.6#44.0#54.0#VAR 1810 1 0.599059 0.400941 
 ----> 1.3#6.6#44.0#54.0#VAR 1811 1 0.620253 0.379747 
 ----> 1.3#6.6#44.0#54.0#VAR 1812 0 0.601179 0.398821 
 ----> 1.3#6.6#44.0#54.0#VAR 1813 1 0.589307 0.410693 
 ----> 1.3#6.6#44.0#54.0#VAR 1814 1 0.602171 0.397829 
 ----> 1.3#6.6#44.0#54.0#VAR 1815 0 0.563139 0.436861 
 ----> 1.3#6.6#44.0#54.0#VAR 1816 0 0.597273 0.402727 
 ----> 1.3#6.6#44.0#54.0#VAR 1817 1 0.588954 0.411046 
 ----> 1.3#6.6#44.0#54.0#VAR 1818 1 0.594168 0.405832 
 ----> 1.3#6.6#44.0#54.0#VAR 1819 0 0.603088 0.396912 
 ----> 1.3#6.6#44.0#54.0#VAR 1820 1 0.616289 0.383711 
 ----> 1.3#6.6#44.0#54.0#VAR 1821 0 0.594523 0.405477 
 ----> 1.3#6.6#44.0#54.0#VAR 1822 1 0.607014 0.392986 
 ----> 1.3#6.6#44.0#54.0#VAR 1823 1 0.608448 0.391552 
 ----> 1.3#6.6#44.0#54.0#VAR 1824 1 0.572983 0.427017 
 ----> 1.3#6.6#44.0#54.0#VAR 1825 1 0.592314 0.407686 
 ----> 1.3#6.6#44.0#54.0#VAR 1826 0 0.577036 0.422964 
 ++++> 1.3#6.6#44.0#54.0#VAR 1827  0 0.59431 0.40569 
