 ----> 1.3#6.6#44.0#54.0#VAR 9 0 0.557305 0.442695 
 ----> 1.3#6.6#44.0#54.0#VAR 10 1 0.572188 0.427812 
 ----> 1.3#6.6#44.0#54.0#VAR 11 0 0.585647 0.414353 
 ----> 1.3#6.6#44.0#54.0#VAR 12 1 0.5984 0.4016 
 ----> 1.3#6.6#44.0#54.0#VAR 13 0 0.580063 0.419937 
 ----> 1.3#6.6#44.0#54.0#VAR 14 0 0.593264 0.406736 
 ----> 1.3#6.6#44.0#54.0#VAR 15 0 0.584618 0.415382 
 ----> 1.3#6.6#44.0#54.0#VAR 16 0 0.601725 0.398275 
 ----> 1.3#6.6#44.0#54.0#VAR 17 1 0.592049 0.407951 
 ----> 1.3#6.6#44.0#54.0#VAR 18 1 0.599565 0.400435 
 ----> 1.3#6.6#44.0#54.0#VAR 19 1 0.611961 0.388039 
 ----> 1.3#6.6#44.0#54.0#VAR 20 1 0.601454 0.398546 
 ----> 1.3#6.6#44.0#54.0#VAR 21 0 0.588848 0.411152 
 ----> 1.3#6.6#44.0#54.0#VAR 22 0 0.60245 0.39755 
 ----> 1.3#6.6#44.0#54.0#VAR 23 0 0.599619 0.400381 
 ----> 1.3#6.6#44.0#54.0#VAR 24 1 0.582953 0.417047 
 ----> 1.3#6.6#44.0#54.0#VAR 25 0 0.608426 0.391574 
 ----> 1.3#6.6#44.0#54.0#VAR 26 0 0.60259 0.39741 
 ----> 1.3#6.6#44.0#54.0#VAR 27 0 0.591217 0.408783 
 ----> 1.3#6.6#44.0#54.0#VAR 28 1 0.551901 0.448099 
 ----> 1.3#6.6#44.0#54.0#VAR 29 1 0.590056 0.409944 
 ----> 1.3#6.6#44.0#54.0#VAR 30 0 0.576689 0.423311 
 ----> 1.3#6.6#44.0#54.0#VAR 31 1 0.602045 0.397955 
 ----> 1.3#6.6#44.0#54.0#VAR 32 1 0.574044 0.425956 
 ----> 1.3#6.6#44.0#54.0#VAR 33 0 0.585441 0.414559 
 ----> 1.3#6.6#44.0#54.0#VAR 34 0 0.612578 0.387422 
 ----> 1.3#6.6#44.0#54.0#VAR 35 1 0.567102 0.432898 
 ----> 1.3#6.6#44.0#54.0#VAR 36 0 0.59272 0.40728 
 ----> 1.3#6.6#44.0#54.0#VAR 37 0 0.604928 0.395072 
 ----> 1.3#6.6#44.0#54.0#VAR 38 0 0.597699 0.402301 
 ----> 1.3#6.6#44.0#54.0#VAR 39 1 0.546759 0.453241 
 ----> 1.3#6.6#44.0#54.0#VAR 40 0 0.583722 0.416278 
 ----> 1.3#6.6#44.0#54.0#VAR 41 0 0.591883 0.408117 
 ----> 1.3#6.6#44.0#54.0#VAR 42 0 0.578112 0.421888 
 ----> 1.3#6.6#44.0#54.0#VAR 43 1 0.577433 0.422567 
 ----> 1.3#6.6#44.0#54.0#VAR 44 1 0.598755 0.401245 
 ----> 1.3#6.6#44.0#54.0#VAR 45 0 0.580156 0.419844 
 ----> 1.3#6.6#44.0#54.0#VAR 46 0 0.611724 0.388276 
 ----> 1.3#6.6#44.0#54.0#VAR 47 1 0.60364 0.39636 
 ----> 1.3#6.6#44.0#54.0#VAR 48 1 0.587635 0.412365 
 ----> 1.3#6.6#44.0#54.0#VAR 49 1 0.580845 0.419155 
 ----> 1.3#6.6#44.0#54.0#VAR 50 1 0.586708 0.413292 
 ----> 1.3#6.6#44.0#54.0#VAR 51 0 0.583167 0.416833 
 ----> 1.3#6.6#44.0#54.0#VAR 52 1 0.573169 0.426831 
 ----> 1.3#6.6#44.0#54.0#VAR 53 0 0.58142 0.41858 
 ----> 1.3#6.6#44.0#54.0#VAR 54 1 0.572303 0.427697 
 ----> 1.3#6.6#44.0#54.0#VAR 55 0 0.614054 0.385946 
 ----> 1.3#6.6#44.0#54.0#VAR 56 0 0.613415 0.386585 
 ----> 1.3#6.6#44.0#54.0#VAR 57 0 0.585369 0.414631 
 ----> 1.3#6.6#44.0#54.0#VAR 58 1 0.580404 0.419596 
 ----> 1.3#6.6#44.0#54.0#VAR 59 1 0.602839 0.397161 
 ----> 1.3#6.6#44.0#54.0#VAR 60 0 0.599989 0.400011 
 ----> 1.3#6.6#44.0#54.0#VAR 61 0 0.593935 0.406065 
 ----> 1.3#6.6#44.0#54.0#VAR 62 0 0.602389 0.397611 
 ----> 1.3#6.6#44.0#54.0#VAR 63 1 0.591797 0.408203 
 ----> 1.3#6.6#44.0#54.0#VAR 64 0 0.621087 0.378913 
 ----> 1.3#6.6#44.0#54.0#VAR 65 1 0.593311 0.406689 
 ----> 1.3#6.6#44.0#54.0#VAR 66 0 0.609117 0.390883 
 ----> 1.3#6.6#44.0#54.0#VAR 67 0 0.603101 0.396899 
 ----> 1.3#6.6#44.0#54.0#VAR 68 1 0.608498 0.391502 
 ----> 1.3#6.6#44.0#54.0#VAR 69 0 0.610413 0.389587 
 ----> 1.3#6.6#44.0#54.0#VAR 70 0 0.616534 0.383466 
 ----> 1.3#6.6#44.0#54.0#VAR 71 0 0.606944 0.393056 
 ----> 1.3#6.6#44.0#54.0#VAR 72 0 0.600901 0.399099 
 ----> 1.3#6.6#44.0#54.0#VAR 73 1 0.597653 0.402347 
 ----> 1.3#6.6#44.0#54.0#VAR 74 1 0.597552 0.402448 
 ----> 1.3#6.6#44.0#54.0#VAR 75 1 0.591982 0.408018 
 ----> 1.3#6.6#44.0#54.0#VAR 76 1 0.575351 0.424649 
 ----> 1.3#6.6#44.0#54.0#VAR 77 1 0.592262 0.407738 
 ----> 1.3#6.6#44.0#54.0#VAR 78 1 0.598267 0.401733 
 ----> 1.3#6.6#44.0#54.0#VAR 79 1 0.591421 0.408579 
 ----> 1.3#6.6#44.0#54.0#VAR 80 0 0.618871 0.381129 
 ----> 1.3#6.6#44.0#54.0#VAR 81 1 0.592534 0.407466 
 ----> 1.3#6.6#44.0#54.0#VAR 82 0 0.609946 0.390054 
 ----> 1.3#6.6#44.0#54.0#VAR 83 1 0.613206 0.386794 
 ----> 1.3#6.6#44.0#54.0#VAR 84 0 0.61489 0.38511 
 ----> 1.3#6.6#44.0#54.0#VAR 85 1 0.568547 0.431453 
 ----> 1.3#6.6#44.0#54.0#VAR 86 1 0.574753 0.425247 
 ----> 1.3#6.6#44.0#54.0#VAR 87 1 0.602667 0.397333 
 ----> 1.3#6.6#44.0#54.0#VAR 88 1 0.597276 0.402724 
 ----> 1.3#6.6#44.0#54.0#VAR 89 0 0.590485 0.409515 
 ----> 1.3#6.6#44.0#54.0#VAR 90 0 0.601802 0.398198 
 ----> 1.3#6.6#44.0#54.0#VAR 91 0 0.576137 0.423863 
 ----> 1.3#6.6#44.0#54.0#VAR 92 1 0.602354 0.397646 
 ----> 1.3#6.6#44.0#54.0#VAR 93 1 0.564977 0.435023 
 ----> 1.3#6.6#44.0#54.0#VAR 94 0 0.596952 0.403048 
 ----> 1.3#6.6#44.0#54.0#VAR 95 1 0.58793 0.41207 
 ----> 1.3#6.6#44.0#54.0#VAR 96 1 0.583259 0.416741 
 ----> 1.3#6.6#44.0#54.0#VAR 97 0 0.607252 0.392748 
 ----> 1.3#6.6#44.0#54.0#VAR 98 0 0.599199 0.400801 
 ----> 1.3#6.6#44.0#54.0#VAR 99 0 0.607967 0.392033 
 ----> 1.3#6.6#44.0#54.0#VAR 100 0 0.598169 0.401831 
 ----> 1.3#6.6#44.0#54.0#VAR 101 0 0.617472 0.382528 
 ----> 1.3#6.6#44.0#54.0#VAR 102 0 0.610035 0.389965 
 ----> 1.3#6.6#44.0#54.0#VAR 103 0 0.601477 0.398523 
 ----> 1.3#6.6#44.0#54.0#VAR 104 0 0.604186 0.395814 
 ----> 1.3#6.6#44.0#54.0#VAR 105 0 0.60886 0.39114 
 ----> 1.3#6.6#44.0#54.0#VAR 106 0 0.617013 0.382987 
 ----> 1.3#6.6#44.0#54.0#VAR 107 0 0.606391 0.393609 
 ----> 1.3#6.6#44.0#54.0#VAR 108 0 0.621688 0.378312 
 ----> 1.3#6.6#44.0#54.0#VAR 109 1 0.576957 0.423043 
 ----> 1.3#6.6#44.0#54.0#VAR 110 1 0.608881 0.391119 
 ----> 1.3#6.6#44.0#54.0#VAR 111 0 0.622649 0.377351 
 ----> 1.3#6.6#44.0#54.0#VAR 112 1 0.596083 0.403917 
 ----> 1.3#6.6#44.0#54.0#VAR 113 1 0.607106 0.392894 
 ----> 1.3#6.6#44.0#54.0#VAR 114 0 0.61828 0.38172 
 ----> 1.3#6.6#44.0#54.0#VAR 115 1 0.574046 0.425954 
 ----> 1.3#6.6#44.0#54.0#VAR 116 0 0.604842 0.395158 
 ----> 1.3#6.6#44.0#54.0#VAR 117 1 0.596505 0.403495 
 ----> 1.3#6.6#44.0#54.0#VAR 118 1 0.577956 0.422044 
 ----> 1.3#6.6#44.0#54.0#VAR 119 1 0.594841 0.405159 
 ----> 1.3#6.6#44.0#54.0#VAR 120 1 0.577967 0.422033 
 ----> 1.3#6.6#44.0#54.0#VAR 121 0 0.584713 0.415287 
 ----> 1.3#6.6#44.0#54.0#VAR 122 1 0.588722 0.411278 
 ----> 1.3#6.6#44.0#54.0#VAR 123 0 0.623013 0.376987 
 ----> 1.3#6.6#44.0#54.0#VAR 124 0 0.607624 0.392376 
 ----> 1.3#6.6#44.0#54.0#VAR 125 1 0.573201 0.426799 
 ----> 1.3#6.6#44.0#54.0#VAR 126 1 0.56804 0.43196 
 ----> 1.3#6.6#44.0#54.0#VAR 127 0 0.576803 0.423197 
 ----> 1.3#6.6#44.0#54.0#VAR 128 1 0.573709 0.426291 
 ----> 1.3#6.6#44.0#54.0#VAR 129 1 0.57677 0.42323 
 ----> 1.3#6.6#44.0#54.0#VAR 130 1 0.594684 0.405316 
 ----> 1.3#6.6#44.0#54.0#VAR 131 1 0.574051 0.425949 
 ----> 1.3#6.6#44.0#54.0#VAR 132 1 0.586973 0.413027 
 ----> 1.3#6.6#44.0#54.0#VAR 133 1 0.619846 0.380154 
 ----> 1.3#6.6#44.0#54.0#VAR 134 0 0.657767 0.342233 
 ----> 1.3#6.6#44.0#54.0#VAR 135 1 0.52888 0.47112 
 ----> 1.3#6.6#44.0#54.0#VAR 136 0 0.624146 0.375854 
 ----> 1.3#6.6#44.0#54.0#VAR 137 0 0.632193 0.367807 
 ----> 1.3#6.6#44.0#54.0#VAR 138 0 0.644678 0.355322 
 ----> 1.3#6.6#44.0#54.0#VAR 139 0 0.641608 0.358392 
 ----> 1.3#6.6#44.0#54.0#VAR 140 1 0.537761 0.462239 
 ----> 1.3#6.6#44.0#54.0#VAR 141 1 0.609127 0.390873 
 ----> 1.3#6.6#44.0#54.0#VAR 142 0 0.609126 0.390874 
 ----> 1.3#6.6#44.0#54.0#VAR 143 0 0.603982 0.396018 
 ----> 1.3#6.6#44.0#54.0#VAR 144 1 0.611752 0.388248 
 ----> 1.3#6.6#44.0#54.0#VAR 145 0 0.608013 0.391987 
 ----> 1.3#6.6#44.0#54.0#VAR 146 0 0.581356 0.418644 
 ----> 1.3#6.6#44.0#54.0#VAR 147 0 0.576464 0.423536 
 ----> 1.3#6.6#44.0#54.0#VAR 148 1 0.591118 0.408882 
 ----> 1.3#6.6#44.0#54.0#VAR 149 0 0.631377 0.368623 
 ----> 1.3#6.6#44.0#54.0#VAR 150 1 0.603994 0.396006 
 ----> 1.3#6.6#44.0#54.0#VAR 151 0 0.609799 0.390201 
 ----> 1.3#6.6#44.0#54.0#VAR 152 1 0.591511 0.408489 
 ----> 1.3#6.6#44.0#54.0#VAR 153 0 0.621428 0.378572 
 ----> 1.3#6.6#44.0#54.0#VAR 154 0 0.577444 0.422556 
 ----> 1.3#6.6#44.0#54.0#VAR 155 0 0.63529 0.36471 
 ----> 1.3#6.6#44.0#54.0#VAR 156 0 0.596444 0.403556 
 ----> 1.3#6.6#44.0#54.0#VAR 157 0 0.62747 0.37253 
 ----> 1.3#6.6#44.0#54.0#VAR 158 1 0.588613 0.411387 
 ----> 1.3#6.6#44.0#54.0#VAR 159 0 0.603632 0.396368 
 ----> 1.3#6.6#44.0#54.0#VAR 160 1 0.592322 0.407678 
 ----> 1.3#6.6#44.0#54.0#VAR 161 0 0.612187 0.387813 
 ----> 1.3#6.6#44.0#54.0#VAR 162 0 0.589394 0.410606 
 ----> 1.3#6.6#44.0#54.0#VAR 163 0 0.616221 0.383779 
 ----> 1.3#6.6#44.0#54.0#VAR 164 1 0.602338 0.397662 
 ----> 1.3#6.6#44.0#54.0#VAR 165 1 0.569758 0.430242 
 ----> 1.3#6.6#44.0#54.0#VAR 166 0 0.645244 0.354756 
 ----> 1.3#6.6#44.0#54.0#VAR 167 0 0.590346 0.409654 
 ----> 1.3#6.6#44.0#54.0#VAR 168 1 0.605976 0.394024 
 ----> 1.3#6.6#44.0#54.0#VAR 169 1 0.592802 0.407198 
 ----> 1.3#6.6#44.0#54.0#VAR 170 0 0.601233 0.398767 
 ----> 1.3#6.6#44.0#54.0#VAR 171 0 0.605859 0.394141 
 ----> 1.3#6.6#44.0#54.0#VAR 172 0 0.595605 0.404395 
 ----> 1.3#6.6#44.0#54.0#VAR 173 1 0.608182 0.391818 
 ----> 1.3#6.6#44.0#54.0#VAR 174 0 0.608941 0.391059 
 ----> 1.3#6.6#44.0#54.0#VAR 175 0 0.635985 0.364015 
 ----> 1.3#6.6#44.0#54.0#VAR 176 0 0.606569 0.393431 
 ----> 1.3#6.6#44.0#54.0#VAR 177 1 0.534081 0.465919 
 ----> 1.3#6.6#44.0#54.0#VAR 178 0 0.599647 0.400353 
 ----> 1.3#6.6#44.0#54.0#VAR 179 0 0.604533 0.395467 
 ----> 1.3#6.6#44.0#54.0#VAR 180 0 0.573408 0.426592 
 ----> 1.3#6.6#44.0#54.0#VAR 181 1 0.585503 0.414497 
 ----> 1.3#6.6#44.0#54.0#VAR 182 1 0.599301 0.400699 
 ----> 1.3#6.6#44.0#54.0#VAR 183 0 0.61437 0.38563 
 ----> 1.3#6.6#44.0#54.0#VAR 184 0 0.619911 0.380089 
 ----> 1.3#6.6#44.0#54.0#VAR 185 0 0.599029 0.400971 
 ----> 1.3#6.6#44.0#54.0#VAR 186 0 0.60697 0.39303 
 ----> 1.3#6.6#44.0#54.0#VAR 187 0 0.632019 0.367981 
 ----> 1.3#6.6#44.0#54.0#VAR 188 1 0.605574 0.394426 
 ----> 1.3#6.6#44.0#54.0#VAR 189 0 0.604723 0.395277 
 ----> 1.3#6.6#44.0#54.0#VAR 190 1 0.601853 0.398147 
 ----> 1.3#6.6#44.0#54.0#VAR 191 0 0.62823 0.37177 
 ----> 1.3#6.6#44.0#54.0#VAR 192 0 0.618834 0.381166 
 ----> 1.3#6.6#44.0#54.0#VAR 193 0 0.617265 0.382735 
 ----> 1.3#6.6#44.0#54.0#VAR 194 0 0.641501 0.358499 
 ----> 1.3#6.6#44.0#54.0#VAR 195 0 0.651808 0.348192 
 ----> 1.3#6.6#44.0#54.0#VAR 196 1 0.636061 0.363939 
 ----> 1.3#6.6#44.0#54.0#VAR 197 0 0.608553 0.391447 
 ----> 1.3#6.6#44.0#54.0#VAR 198 1 0.618457 0.381543 
 ----> 1.3#6.6#44.0#54.0#VAR 199 0 0.606406 0.393594 
 ----> 1.3#6.6#44.0#54.0#VAR 200 0 0.587535 0.412465 
 ----> 1.3#6.6#44.0#54.0#VAR 201 0 0.596491 0.403509 
 ----> 1.3#6.6#44.0#54.0#VAR 202 0 0.614502 0.385498 
 ----> 1.3#6.6#44.0#54.0#VAR 203 0 0.608779 0.391221 
 ----> 1.3#6.6#44.0#54.0#VAR 204 0 0.584858 0.415142 
 ----> 1.3#6.6#44.0#54.0#VAR 205 1 0.581219 0.418781 
 ----> 1.3#6.6#44.0#54.0#VAR 206 0 0.612179 0.387821 
 ----> 1.3#6.6#44.0#54.0#VAR 207 0 0.600425 0.399575 
 ----> 1.3#6.6#44.0#54.0#VAR 208 0 0.616736 0.383264 
 ----> 1.3#6.6#44.0#54.0#VAR 209 1 0.603425 0.396575 
 ----> 1.3#6.6#44.0#54.0#VAR 210 1 0.595179 0.404821 
 ----> 1.3#6.6#44.0#54.0#VAR 211 0 0.603558 0.396442 
 ----> 1.3#6.6#44.0#54.0#VAR 212 0 0.634444 0.365556 
 ----> 1.3#6.6#44.0#54.0#VAR 213 1 0.596107 0.403893 
 ----> 1.3#6.6#44.0#54.0#VAR 214 1 0.605123 0.394877 
 ----> 1.3#6.6#44.0#54.0#VAR 215 1 0.598078 0.401922 
 ----> 1.3#6.6#44.0#54.0#VAR 216 0 0.607743 0.392257 
 ----> 1.3#6.6#44.0#54.0#VAR 217 1 0.615463 0.384537 
 ----> 1.3#6.6#44.0#54.0#VAR 218 1 0.563389 0.436611 
 ----> 1.3#6.6#44.0#54.0#VAR 219 0 0.624575 0.375425 
 ----> 1.3#6.6#44.0#54.0#VAR 220 0 0.63467 0.36533 
 ----> 1.3#6.6#44.0#54.0#VAR 221 0 0.58631 0.41369 
 ----> 1.3#6.6#44.0#54.0#VAR 222 1 0.607581 0.392419 
 ----> 1.3#6.6#44.0#54.0#VAR 223 1 0.594908 0.405092 
 ----> 1.3#6.6#44.0#54.0#VAR 224 0 0.585759 0.414241 
 ----> 1.3#6.6#44.0#54.0#VAR 225 1 0.586347 0.413653 
 ----> 1.3#6.6#44.0#54.0#VAR 226 0 0.621935 0.378065 
 ----> 1.3#6.6#44.0#54.0#VAR 227 0 0.601628 0.398372 
 ----> 1.3#6.6#44.0#54.0#VAR 228 0 0.605665 0.394335 
 ----> 1.3#6.6#44.0#54.0#VAR 229 0 0.624938 0.375062 
 ----> 1.3#6.6#44.0#54.0#VAR 230 1 0.558512 0.441488 
 ----> 1.3#6.6#44.0#54.0#VAR 231 0 0.630832 0.369168 
 ----> 1.3#6.6#44.0#54.0#VAR 232 1 0.607316 0.392684 
 ----> 1.3#6.6#44.0#54.0#VAR 233 0 0.602161 0.397839 
 ----> 1.3#6.6#44.0#54.0#VAR 234 0 0.598323 0.401677 
 ----> 1.3#6.6#44.0#54.0#VAR 235 0 0.60693 0.39307 
 ----> 1.3#6.6#44.0#54.0#VAR 236 0 0.606558 0.393442 
 ----> 1.3#6.6#44.0#54.0#VAR 237 0 0.577407 0.422593 
 ----> 1.3#6.6#44.0#54.0#VAR 238 0 0.650056 0.349944 
 ----> 1.3#6.6#44.0#54.0#VAR 239 0 0.625929 0.374071 
 ----> 1.3#6.6#44.0#54.0#VAR 240 1 0.609024 0.390976 
 ----> 1.3#6.6#44.0#54.0#VAR 241 0 0.610339 0.389661 
 ----> 1.3#6.6#44.0#54.0#VAR 242 0 0.617993 0.382007 
 ----> 1.3#6.6#44.0#54.0#VAR 243 1 0.616541 0.383459 
 ----> 1.3#6.6#44.0#54.0#VAR 244 0 0.629161 0.370839 
 ----> 1.3#6.6#44.0#54.0#VAR 245 1 0.629335 0.370665 
 ----> 1.3#6.6#44.0#54.0#VAR 246 1 0.620984 0.379016 
 ----> 1.3#6.6#44.0#54.0#VAR 247 0 0.606922 0.393078 
 ----> 1.3#6.6#44.0#54.0#VAR 248 0 0.622426 0.377574 
 ----> 1.3#6.6#44.0#54.0#VAR 249 1 0.588157 0.411843 
 ----> 1.3#6.6#44.0#54.0#VAR 250 0 0.609322 0.390678 
 ----> 1.3#6.6#44.0#54.0#VAR 251 0 0.578327 0.421673 
 ----> 1.3#6.6#44.0#54.0#VAR 252 0 0.59096 0.40904 
 ----> 1.3#6.6#44.0#54.0#VAR 253 0 0.588669 0.411331 
 ----> 1.3#6.6#44.0#54.0#VAR 254 0 0.600445 0.399555 
 ----> 1.3#6.6#44.0#54.0#VAR 255 1 0.585505 0.414495 
 ----> 1.3#6.6#44.0#54.0#VAR 256 1 0.629516 0.370484 
 ----> 1.3#6.6#44.0#54.0#VAR 257 0 0.618561 0.381439 
 ----> 1.3#6.6#44.0#54.0#VAR 258 0 0.600418 0.399582 
 ----> 1.3#6.6#44.0#54.0#VAR 259 0 0.637843 0.362157 
 ----> 1.3#6.6#44.0#54.0#VAR 260 1 0.575835 0.424165 
 ----> 1.3#6.6#44.0#54.0#VAR 261 0 0.598659 0.401341 
 ----> 1.3#6.6#44.0#54.0#VAR 262 0 0.609254 0.390746 
 ----> 1.3#6.6#44.0#54.0#VAR 263 1 0.594593 0.405407 
 ----> 1.3#6.6#44.0#54.0#VAR 264 1 0.594277 0.405723 
 ----> 1.3#6.6#44.0#54.0#VAR 265 1 0.577993 0.422007 
 ----> 1.3#6.6#44.0#54.0#VAR 266 1 0.580509 0.419491 
 ----> 1.3#6.6#44.0#54.0#VAR 267 0 0.576911 0.423089 
 ----> 1.3#6.6#44.0#54.0#VAR 268 0 0.638584 0.361416 
 ----> 1.3#6.6#44.0#54.0#VAR 269 0 0.603172 0.396828 
 ----> 1.3#6.6#44.0#54.0#VAR 270 1 0.575455 0.424545 
 ----> 1.3#6.6#44.0#54.0#VAR 271 0 0.60248 0.39752 
 ----> 1.3#6.6#44.0#54.0#VAR 272 1 0.601933 0.398067 
 ----> 1.3#6.6#44.0#54.0#VAR 273 0 0.663919 0.336081 
 ----> 1.3#6.6#44.0#54.0#VAR 274 0 0.586878 0.413122 
 ----> 1.3#6.6#44.0#54.0#VAR 275 0 0.593709 0.406291 
 ----> 1.3#6.6#44.0#54.0#VAR 276 0 0.624115 0.375885 
 ----> 1.3#6.6#44.0#54.0#VAR 277 0 0.586884 0.413116 
 ----> 1.3#6.6#44.0#54.0#VAR 278 0 0.613306 0.386694 
 ----> 1.3#6.6#44.0#54.0#VAR 279 0 0.629392 0.370608 
 ----> 1.3#6.6#44.0#54.0#VAR 280 1 0.595746 0.404254 
 ----> 1.3#6.6#44.0#54.0#VAR 281 1 0.575832 0.424168 
 ----> 1.3#6.6#44.0#54.0#VAR 282 0 0.595049 0.404951 
 ----> 1.3#6.6#44.0#54.0#VAR 283 0 0.592386 0.407614 
 ----> 1.3#6.6#44.0#54.0#VAR 284 0 0.599279 0.400721 
 ----> 1.3#6.6#44.0#54.0#VAR 285 0 0.630992 0.369008 
 ----> 1.3#6.6#44.0#54.0#VAR 286 1 0.571149 0.428851 
 ----> 1.3#6.6#44.0#54.0#VAR 287 0 0.594674 0.405326 
 ----> 1.3#6.6#44.0#54.0#VAR 288 0 0.63303 0.36697 
 ----> 1.3#6.6#44.0#54.0#VAR 289 0 0.611848 0.388152 
 ----> 1.3#6.6#44.0#54.0#VAR 290 1 0.545066 0.454934 
 ----> 1.3#6.6#44.0#54.0#VAR 291 0 0.612279 0.387721 
 ----> 1.3#6.6#44.0#54.0#VAR 292 0 0.603396 0.396604 
 ----> 1.3#6.6#44.0#54.0#VAR 293 1 0.572766 0.427234 
 ----> 1.3#6.6#44.0#54.0#VAR 294 0 0.594524 0.405476 
 ----> 1.3#6.6#44.0#54.0#VAR 295 1 0.604182 0.395818 
 ----> 1.3#6.6#44.0#54.0#VAR 296 0 0.596752 0.403248 
 ----> 1.3#6.6#44.0#54.0#VAR 297 0 0.611271 0.388729 
 ----> 1.3#6.6#44.0#54.0#VAR 298 0 0.613305 0.386695 
 ----> 1.3#6.6#44.0#54.0#VAR 299 0 0.627997 0.372003 
 ----> 1.3#6.6#44.0#54.0#VAR 300 0 0.62342 0.37658 
 ----> 1.3#6.6#44.0#54.0#VAR 301 1 0.611066 0.388934 
 ----> 1.3#6.6#44.0#54.0#VAR 302 1 0.585742 0.414258 
 ----> 1.3#6.6#44.0#54.0#VAR 303 1 0.602235 0.397765 
 ----> 1.3#6.6#44.0#54.0#VAR 304 0 0.606397 0.393603 
 ----> 1.3#6.6#44.0#54.0#VAR 305 0 0.615815 0.384185 
 ----> 1.3#6.6#44.0#54.0#VAR 306 0 0.613437 0.386563 
 ----> 1.3#6.6#44.0#54.0#VAR 307 1 0.615354 0.384646 
 ----> 1.3#6.6#44.0#54.0#VAR 308 1 0.578543 0.421457 
 ----> 1.3#6.6#44.0#54.0#VAR 309 0 0.610739 0.389261 
 ----> 1.3#6.6#44.0#54.0#VAR 310 0 0.613238 0.386762 
 ----> 1.3#6.6#44.0#54.0#VAR 311 0 0.649605 0.350395 
 ----> 1.3#6.6#44.0#54.0#VAR 312 1 0.618238 0.381762 
 ----> 1.3#6.6#44.0#54.0#VAR 313 0 0.608058 0.391942 
 ----> 1.3#6.6#44.0#54.0#VAR 314 0 0.600152 0.399848 
 ----> 1.3#6.6#44.0#54.0#VAR 315 0 0.608619 0.391381 
 ----> 1.3#6.6#44.0#54.0#VAR 316 0 0.609534 0.390466 
 ----> 1.3#6.6#44.0#54.0#VAR 317 0 0.599593 0.400407 
 ----> 1.3#6.6#44.0#54.0#VAR 318 0 0.604875 0.395125 
 ----> 1.3#6.6#44.0#54.0#VAR 319 0 0.583362 0.416638 
 ----> 1.3#6.6#44.0#54.0#VAR 320 0 0.640484 0.359516 
 ----> 1.3#6.6#44.0#54.0#VAR 321 0 0.626862 0.373138 
 ----> 1.3#6.6#44.0#54.0#VAR 322 0 0.647717 0.352283 
 ----> 1.3#6.6#44.0#54.0#VAR 323 0 0.600498 0.399502 
 ----> 1.3#6.6#44.0#54.0#VAR 324 0 0.577601 0.422399 
 ----> 1.3#6.6#44.0#54.0#VAR 325 0 0.622717 0.377283 
 ----> 1.3#6.6#44.0#54.0#VAR 326 0 0.634176 0.365824 
 ----> 1.3#6.6#44.0#54.0#VAR 327 0 0.597227 0.402773 
 ----> 1.3#6.6#44.0#54.0#VAR 328 0 0.612649 0.387351 
 ----> 1.3#6.6#44.0#54.0#VAR 329 1 0.584955 0.415045 
 ----> 1.3#6.6#44.0#54.0#VAR 330 1 0.591881 0.408119 
 ----> 1.3#6.6#44.0#54.0#VAR 331 1 0.555768 0.444232 
 ----> 1.3#6.6#44.0#54.0#VAR 332 0 0.540776 0.459224 
 ----> 1.3#6.6#44.0#54.0#VAR 333 0 0.619898 0.380102 
 ----> 1.3#6.6#44.0#54.0#VAR 334 0 0.607965 0.392035 
 ----> 1.3#6.6#44.0#54.0#VAR 335 0 0.605051 0.394949 
 ----> 1.3#6.6#44.0#54.0#VAR 336 0 0.643684 0.356316 
 ----> 1.3#6.6#44.0#54.0#VAR 337 0 0.634675 0.365325 
 ----> 1.3#6.6#44.0#54.0#VAR 338 0 0.634704 0.365296 
 ----> 1.3#6.6#44.0#54.0#VAR 339 0 0.605362 0.394638 
 ----> 1.3#6.6#44.0#54.0#VAR 340 1 0.596806 0.403194 
 ----> 1.3#6.6#44.0#54.0#VAR 341 1 0.598899 0.401101 
 ----> 1.3#6.6#44.0#54.0#VAR 342 0 0.620646 0.379354 
 ----> 1.3#6.6#44.0#54.0#VAR 343 0 0.61421 0.38579 
 ----> 1.3#6.6#44.0#54.0#VAR 344 0 0.611878 0.388122 
 ----> 1.3#6.6#44.0#54.0#VAR 345 0 0.632355 0.367645 
 ----> 1.3#6.6#44.0#54.0#VAR 346 0 0.583887 0.416113 
 ----> 1.3#6.6#44.0#54.0#VAR 347 0 0.634163 0.365837 
 ----> 1.3#6.6#44.0#54.0#VAR 348 0 0.622603 0.377397 
 ----> 1.3#6.6#44.0#54.0#VAR 349 1 0.586812 0.413188 
 ----> 1.3#6.6#44.0#54.0#VAR 350 0 0.612239 0.387761 
 ----> 1.3#6.6#44.0#54.0#VAR 351 0 0.573616 0.426384 
 ----> 1.3#6.6#44.0#54.0#VAR 352 0 0.589969 0.410031 
 ----> 1.3#6.6#44.0#54.0#VAR 353 0 0.599107 0.400893 
 ----> 1.3#6.6#44.0#54.0#VAR 354 1 0.580552 0.419448 
 ----> 1.3#6.6#44.0#54.0#VAR 355 0 0.596715 0.403285 
 ----> 1.3#6.6#44.0#54.0#VAR 356 0 0.597559 0.402441 
 ----> 1.3#6.6#44.0#54.0#VAR 357 0 0.606775 0.393225 
 ----> 1.3#6.6#44.0#54.0#VAR 358 0 0.620875 0.379125 
 ----> 1.3#6.6#44.0#54.0#VAR 359 1 0.59577 0.40423 
 ----> 1.3#6.6#44.0#54.0#VAR 360 0 0.627625 0.372375 
 ----> 1.3#6.6#44.0#54.0#VAR 361 0 0.621697 0.378303 
 ----> 1.3#6.6#44.0#54.0#VAR 362 0 0.612561 0.387439 
 ----> 1.3#6.6#44.0#54.0#VAR 363 0 0.610975 0.389025 
 ----> 1.3#6.6#44.0#54.0#VAR 364 0 0.60155 0.39845 
 ----> 1.3#6.6#44.0#54.0#VAR 365 1 0.608035 0.391965 
 ----> 1.3#6.6#44.0#54.0#VAR 366 0 0.637656 0.362344 
 ----> 1.3#6.6#44.0#54.0#VAR 367 0 0.591559 0.408441 
 ----> 1.3#6.6#44.0#54.0#VAR 368 1 0.572162 0.427838 
 ----> 1.3#6.6#44.0#54.0#VAR 369 0 0.606601 0.393399 
 ----> 1.3#6.6#44.0#54.0#VAR 370 0 0.603057 0.396943 
 ----> 1.3#6.6#44.0#54.0#VAR 371 0 0.598342 0.401658 
 ----> 1.3#6.6#44.0#54.0#VAR 372 0 0.611458 0.388542 
 ----> 1.3#6.6#44.0#54.0#VAR 373 0 0.614364 0.385636 
 ----> 1.3#6.6#44.0#54.0#VAR 374 1 0.602013 0.397987 
 ----> 1.3#6.6#44.0#54.0#VAR 375 0 0.624038 0.375962 
 ----> 1.3#6.6#44.0#54.0#VAR 376 0 0.634688 0.365312 
 ----> 1.3#6.6#44.0#54.0#VAR 377 1 0.549171 0.450829 
 ----> 1.3#6.6#44.0#54.0#VAR 378 0 0.640604 0.359396 
 ----> 1.3#6.6#44.0#54.0#VAR 379 0 0.601822 0.398178 
 ----> 1.3#6.6#44.0#54.0#VAR 380 0 0.632695 0.367305 
 ----> 1.3#6.6#44.0#54.0#VAR 381 0 0.624991 0.375009 
 ----> 1.3#6.6#44.0#54.0#VAR 382 1 0.599229 0.400771 
 ----> 1.3#6.6#44.0#54.0#VAR 383 1 0.609988 0.390012 
 ----> 1.3#6.6#44.0#54.0#VAR 384 1 0.628015 0.371985 
 ----> 1.3#6.6#44.0#54.0#VAR 385 0 0.609602 0.390398 
 ----> 1.3#6.6#44.0#54.0#VAR 386 0 0.609224 0.390776 
 ----> 1.3#6.6#44.0#54.0#VAR 387 0 0.625463 0.374537 
 ----> 1.3#6.6#44.0#54.0#VAR 388 0 0.620131 0.379869 
 ----> 1.3#6.6#44.0#54.0#VAR 389 0 0.612242 0.387758 
 ----> 1.3#6.6#44.0#54.0#VAR 390 0 0.614315 0.385685 
 ----> 1.3#6.6#44.0#54.0#VAR 391 0 0.636277 0.363723 
 ----> 1.3#6.6#44.0#54.0#VAR 392 0 0.592246 0.407754 
 ----> 1.3#6.6#44.0#54.0#VAR 393 0 0.573482 0.426518 
 ----> 1.3#6.6#44.0#54.0#VAR 394 0 0.590732 0.409268 
 ----> 1.3#6.6#44.0#54.0#VAR 395 1 0.594332 0.405668 
 ----> 1.3#6.6#44.0#54.0#VAR 396 0 0.601211 0.398789 
 ----> 1.3#6.6#44.0#54.0#VAR 397 0 0.594831 0.405169 
 ----> 1.3#6.6#44.0#54.0#VAR 398 1 0.590008 0.409992 
 ----> 1.3#6.6#44.0#54.0#VAR 399 0 0.58779 0.41221 
 ----> 1.3#6.6#44.0#54.0#VAR 400 0 0.606167 0.393833 
 ----> 1.3#6.6#44.0#54.0#VAR 401 1 0.598379 0.401621 
 ----> 1.3#6.6#44.0#54.0#VAR 402 0 0.622181 0.377819 
 ----> 1.3#6.6#44.0#54.0#VAR 403 0 0.5971 0.4029 
 ----> 1.3#6.6#44.0#54.0#VAR 404 0 0.641478 0.358522 
 ----> 1.3#6.6#44.0#54.0#VAR 405 0 0.639979 0.360021 
 ----> 1.3#6.6#44.0#54.0#VAR 406 0 0.650865 0.349135 
 ----> 1.3#6.6#44.0#54.0#VAR 407 1 0.540079 0.459921 
 ----> 1.3#6.6#44.0#54.0#VAR 408 0 0.644043 0.355957 
 ----> 1.3#6.6#44.0#54.0#VAR 409 1 0.536463 0.463537 
 ----> 1.3#6.6#44.0#54.0#VAR 410 1 0.576047 0.423953 
 ----> 1.3#6.6#44.0#54.0#VAR 411 0 0.615856 0.384144 
 ----> 1.3#6.6#44.0#54.0#VAR 412 0 0.6328 0.3672 
 ----> 1.3#6.6#44.0#54.0#VAR 413 1 0.585474 0.414526 
 ----> 1.3#6.6#44.0#54.0#VAR 414 0 0.630392 0.369608 
 ----> 1.3#6.6#44.0#54.0#VAR 415 0 0.596026 0.403974 
 ----> 1.3#6.6#44.0#54.0#VAR 416 1 0.593238 0.406762 
 ----> 1.3#6.6#44.0#54.0#VAR 417 0 0.604441 0.395559 
 ----> 1.3#6.6#44.0#54.0#VAR 418 0 0.573672 0.426328 
 ----> 1.3#6.6#44.0#54.0#VAR 419 0 0.593045 0.406955 
 ----> 1.3#6.6#44.0#54.0#VAR 420 0 0.589756 0.410244 
 ----> 1.3#6.6#44.0#54.0#VAR 421 0 0.598161 0.401839 
 ----> 1.3#6.6#44.0#54.0#VAR 422 0 0.581325 0.418675 
 ----> 1.3#6.6#44.0#54.0#VAR 423 0 0.607757 0.392243 
 ----> 1.3#6.6#44.0#54.0#VAR 424 0 0.608335 0.391665 
 ----> 1.3#6.6#44.0#54.0#VAR 425 0 0.61429 0.38571 
 ----> 1.3#6.6#44.0#54.0#VAR 426 1 0.607174 0.392826 
 ----> 1.3#6.6#44.0#54.0#VAR 427 0 0.614876 0.385124 
 ----> 1.3#6.6#44.0#54.0#VAR 428 0 0.601469 0.398531 
 ----> 1.3#6.6#44.0#54.0#VAR 429 0 0.602188 0.397812 
 ----> 1.3#6.6#44.0#54.0#VAR 430 1 0.608363 0.391637 
 ----> 1.3#6.6#44.0#54.0#VAR 431 0 0.578349 0.421651 
 ----> 1.3#6.6#44.0#54.0#VAR 432 0 0.612018 0.387982 
 ----> 1.3#6.6#44.0#54.0#VAR 433 0 0.567272 0.432728 
 ----> 1.3#6.6#44.0#54.0#VAR 434 0 0.624382 0.375618 
 ----> 1.3#6.6#44.0#54.0#VAR 435 0 0.596764 0.403236 
 ----> 1.3#6.6#44.0#54.0#VAR 436 0 0.618117 0.381883 
 ----> 1.3#6.6#44.0#54.0#VAR 437 0 0.607767 0.392233 
 ----> 1.3#6.6#44.0#54.0#VAR 438 1 0.60303 0.39697 
 ----> 1.3#6.6#44.0#54.0#VAR 439 1 0.57088 0.42912 
 ----> 1.3#6.6#44.0#54.0#VAR 440 0 0.613813 0.386187 
 ----> 1.3#6.6#44.0#54.0#VAR 441 0 0.599674 0.400326 
 ----> 1.3#6.6#44.0#54.0#VAR 442 1 0.568827 0.431173 
 ----> 1.3#6.6#44.0#54.0#VAR 443 1 0.592752 0.407248 
 ----> 1.3#6.6#44.0#54.0#VAR 444 0 0.638483 0.361517 
 ----> 1.3#6.6#44.0#54.0#VAR 445 0 0.606959 0.393041 
 ----> 1.3#6.6#44.0#54.0#VAR 446 1 0.586265 0.413735 
 ----> 1.3#6.6#44.0#54.0#VAR 447 0 0.606796 0.393204 
 ----> 1.3#6.6#44.0#54.0#VAR 448 0 0.599452 0.400548 
 ----> 1.3#6.6#44.0#54.0#VAR 449 1 0.604067 0.395933 
 ----> 1.3#6.6#44.0#54.0#VAR 450 0 0.581605 0.418395 
 ----> 1.3#6.6#44.0#54.0#VAR 451 0 0.586177 0.413823 
 ----> 1.3#6.6#44.0#54.0#VAR 452 0 0.595382 0.404618 
 ----> 1.3#6.6#44.0#54.0#VAR 453 0 0.611183 0.388817 
 ----> 1.3#6.6#44.0#54.0#VAR 454 0 0.62708 0.37292 
 ----> 1.3#6.6#44.0#54.0#VAR 455 0 0.617128 0.382872 
 ----> 1.3#6.6#44.0#54.0#VAR 456 0 0.618664 0.381336 
 ----> 1.3#6.6#44.0#54.0#VAR 457 0 0.574066 0.425934 
 ----> 1.3#6.6#44.0#54.0#VAR 458 1 0.605993 0.394007 
 ----> 1.3#6.6#44.0#54.0#VAR 459 0 0.612438 0.387562 
 ----> 1.3#6.6#44.0#54.0#VAR 460 1 0.626552 0.373448 
 ----> 1.3#6.6#44.0#54.0#VAR 461 0 0.662578 0.337422 
 ----> 1.3#6.6#44.0#54.0#VAR 462 1 0.576672 0.423328 
 ----> 1.3#6.6#44.0#54.0#VAR 463 0 0.601825 0.398175 
 ----> 1.3#6.6#44.0#54.0#VAR 464 1 0.59194 0.40806 
 ----> 1.3#6.6#44.0#54.0#VAR 465 0 0.604982 0.395018 
 ----> 1.3#6.6#44.0#54.0#VAR 466 0 0.601723 0.398277 
 ----> 1.3#6.6#44.0#54.0#VAR 467 0 0.61398 0.38602 
 ----> 1.3#6.6#44.0#54.0#VAR 468 0 0.61323 0.38677 
 ----> 1.3#6.6#44.0#54.0#VAR 469 1 0.590074 0.409926 
 ----> 1.3#6.6#44.0#54.0#VAR 470 0 0.627877 0.372123 
 ----> 1.3#6.6#44.0#54.0#VAR 471 1 0.613354 0.386646 
 ----> 1.3#6.6#44.0#54.0#VAR 472 1 0.595944 0.404056 
 ----> 1.3#6.6#44.0#54.0#VAR 473 0 0.592292 0.407708 
 ----> 1.3#6.6#44.0#54.0#VAR 474 1 0.588508 0.411492 
 ----> 1.3#6.6#44.0#54.0#VAR 475 0 0.596763 0.403237 
 ----> 1.3#6.6#44.0#54.0#VAR 476 0 0.593184 0.406816 
 ----> 1.3#6.6#44.0#54.0#VAR 477 1 0.56678 0.43322 
 ----> 1.3#6.6#44.0#54.0#VAR 478 0 0.594658 0.405342 
 ----> 1.3#6.6#44.0#54.0#VAR 479 0 0.580439 0.419561 
 ----> 1.3#6.6#44.0#54.0#VAR 480 0 0.596699 0.403301 
 ----> 1.3#6.6#44.0#54.0#VAR 481 0 0.583786 0.416214 
 ----> 1.3#6.6#44.0#54.0#VAR 482 1 0.594481 0.405519 
 ----> 1.3#6.6#44.0#54.0#VAR 483 0 0.591765 0.408235 
 ----> 1.3#6.6#44.0#54.0#VAR 484 0 0.605095 0.394905 
 ----> 1.3#6.6#44.0#54.0#VAR 485 0 0.608372 0.391628 
 ----> 1.3#6.6#44.0#54.0#VAR 486 0 0.617524 0.382476 
 ----> 1.3#6.6#44.0#54.0#VAR 487 0 0.622879 0.377121 
 ----> 1.3#6.6#44.0#54.0#VAR 488 1 0.591099 0.408901 
 ----> 1.3#6.6#44.0#54.0#VAR 489 1 0.592164 0.407836 
 ----> 1.3#6.6#44.0#54.0#VAR 490 0 0.627904 0.372096 
 ----> 1.3#6.6#44.0#54.0#VAR 491 1 0.636815 0.363185 
 ----> 1.3#6.6#44.0#54.0#VAR 492 0 0.589205 0.410795 
 ----> 1.3#6.6#44.0#54.0#VAR 493 0 0.616241 0.383759 
 ----> 1.3#6.6#44.0#54.0#VAR 494 0 0.627371 0.372629 
 ----> 1.3#6.6#44.0#54.0#VAR 495 0 0.614745 0.385255 
 ----> 1.3#6.6#44.0#54.0#VAR 496 0 0.608433 0.391567 
 ----> 1.3#6.6#44.0#54.0#VAR 497 0 0.609954 0.390046 
 ----> 1.3#6.6#44.0#54.0#VAR 498 0 0.602847 0.397153 
 ----> 1.3#6.6#44.0#54.0#VAR 499 0 0.61618 0.38382 
 ----> 1.3#6.6#44.0#54.0#VAR 500 0 0.619275 0.380725 
 ----> 1.3#6.6#44.0#54.0#VAR 501 1 0.60496 0.39504 
 ----> 1.3#6.6#44.0#54.0#VAR 502 0 0.597406 0.402594 
 ----> 1.3#6.6#44.0#54.0#VAR 503 0 0.56614 0.43386 
 ----> 1.3#6.6#44.0#54.0#VAR 504 0 0.60436 0.39564 
 ----> 1.3#6.6#44.0#54.0#VAR 505 0 0.597553 0.402447 
 ----> 1.3#6.6#44.0#54.0#VAR 506 0 0.600804 0.399196 
 ----> 1.3#6.6#44.0#54.0#VAR 507 0 0.618681 0.381319 
 ----> 1.3#6.6#44.0#54.0#VAR 508 1 0.570264 0.429736 
 ----> 1.3#6.6#44.0#54.0#VAR 509 0 0.617038 0.382962 
 ----> 1.3#6.6#44.0#54.0#VAR 510 0 0.587365 0.412635 
 ----> 1.3#6.6#44.0#54.0#VAR 511 0 0.572718 0.427282 
 ----> 1.3#6.6#44.0#54.0#VAR 512 0 0.600542 0.399458 
 ----> 1.3#6.6#44.0#54.0#VAR 513 1 0.600036 0.399964 
 ----> 1.3#6.6#44.0#54.0#VAR 514 0 0.621693 0.378307 
 ----> 1.3#6.6#44.0#54.0#VAR 515 0 0.616706 0.383294 
 ----> 1.3#6.6#44.0#54.0#VAR 516 0 0.606281 0.393719 
 ----> 1.3#6.6#44.0#54.0#VAR 517 1 0.550017 0.449983 
 ----> 1.3#6.6#44.0#54.0#VAR 518 1 0.583176 0.416824 
 ----> 1.3#6.6#44.0#54.0#VAR 519 0 0.597339 0.402661 
 ----> 1.3#6.6#44.0#54.0#VAR 520 0 0.615932 0.384068 
 ----> 1.3#6.6#44.0#54.0#VAR 521 0 0.596 0.404 
 ----> 1.3#6.6#44.0#54.0#VAR 522 1 0.568033 0.431967 
 ----> 1.3#6.6#44.0#54.0#VAR 523 1 0.612039 0.387961 
 ----> 1.3#6.6#44.0#54.0#VAR 524 0 0.602497 0.397503 
 ----> 1.3#6.6#44.0#54.0#VAR 525 1 0.556533 0.443467 
 ----> 1.3#6.6#44.0#54.0#VAR 526 0 0.599271 0.400729 
 ----> 1.3#6.6#44.0#54.0#VAR 527 0 0.607753 0.392247 
 ----> 1.3#6.6#44.0#54.0#VAR 528 0 0.602318 0.397682 
 ----> 1.3#6.6#44.0#54.0#VAR 529 0 0.594756 0.405244 
 ----> 1.3#6.6#44.0#54.0#VAR 530 1 0.537419 0.462581 
 ----> 1.3#6.6#44.0#54.0#VAR 531 0 0.622739 0.377261 
 ----> 1.3#6.6#44.0#54.0#VAR 532 1 0.609819 0.390181 
 ----> 1.3#6.6#44.0#54.0#VAR 533 1 0.581752 0.418248 
 ----> 1.3#6.6#44.0#54.0#VAR 534 0 0.611382 0.388618 
 ----> 1.3#6.6#44.0#54.0#VAR 535 0 0.599401 0.400599 
 ----> 1.3#6.6#44.0#54.0#VAR 536 1 0.558089 0.441911 
 ----> 1.3#6.6#44.0#54.0#VAR 537 0 0.585162 0.414838 
 ----> 1.3#6.6#44.0#54.0#VAR 538 0 0.617075 0.382925 
 ----> 1.3#6.6#44.0#54.0#VAR 539 0 0.574701 0.425299 
 ----> 1.3#6.6#44.0#54.0#VAR 540 0 0.617547 0.382453 
 ----> 1.3#6.6#44.0#54.0#VAR 541 0 0.606734 0.393266 
 ----> 1.3#6.6#44.0#54.0#VAR 542 0 0.595349 0.404651 
 ----> 1.3#6.6#44.0#54.0#VAR 543 0 0.597851 0.402149 
 ----> 1.3#6.6#44.0#54.0#VAR 544 0 0.609028 0.390972 
 ----> 1.3#6.6#44.0#54.0#VAR 545 0 0.641833 0.358167 
 ----> 1.3#6.6#44.0#54.0#VAR 546 0 0.637 0.363 
 ----> 1.3#6.6#44.0#54.0#VAR 547 0 0.639433 0.360567 
 ----> 1.3#6.6#44.0#54.0#VAR 548 0 0.611155 0.388845 
 ----> 1.3#6.6#44.0#54.0#VAR 549 0 0.611502 0.388498 
 ----> 1.3#6.6#44.0#54.0#VAR 550 1 0.604266 0.395734 
 ----> 1.3#6.6#44.0#54.0#VAR 551 0 0.626706 0.373294 
 ----> 1.3#6.6#44.0#54.0#VAR 552 0 0.647606 0.352394 
 ----> 1.3#6.6#44.0#54.0#VAR 553 0 0.606966 0.393034 
 ----> 1.3#6.6#44.0#54.0#VAR 554 0 0.616933 0.383067 
 ----> 1.3#6.6#44.0#54.0#VAR 555 0 0.595287 0.404713 
 ----> 1.3#6.6#44.0#54.0#VAR 556 1 0.593682 0.406318 
 ----> 1.3#6.6#44.0#54.0#VAR 557 0 0.593852 0.406148 
 ----> 1.3#6.6#44.0#54.0#VAR 558 0 0.589074 0.410926 
 ----> 1.3#6.6#44.0#54.0#VAR 559 1 0.58284 0.41716 
 ----> 1.3#6.6#44.0#54.0#VAR 560 1 0.556097 0.443903 
 ----> 1.3#6.6#44.0#54.0#VAR 561 0 0.591708 0.408292 
 ----> 1.3#6.6#44.0#54.0#VAR 562 1 0.573047 0.426953 
 ----> 1.3#6.6#44.0#54.0#VAR 563 0 0.579408 0.420592 
 ----> 1.3#6.6#44.0#54.0#VAR 564 1 0.549624 0.450376 
 ----> 1.3#6.6#44.0#54.0#VAR 565 0 0.590796 0.409204 
 ----> 1.3#6.6#44.0#54.0#VAR 566 0 0.577793 0.422207 
 ----> 1.3#6.6#44.0#54.0#VAR 567 1 0.572471 0.427529 
 ----> 1.3#6.6#44.0#54.0#VAR 568 1 0.576212 0.423788 
 ----> 1.3#6.6#44.0#54.0#VAR 569 0 0.592548 0.407452 
 ----> 1.3#6.6#44.0#54.0#VAR 570 1 0.610924 0.389076 
 ----> 1.3#6.6#44.0#54.0#VAR 571 1 0.599952 0.400048 
 ----> 1.3#6.6#44.0#54.0#VAR 572 1 0.574641 0.425359 
 ----> 1.3#6.6#44.0#54.0#VAR 573 1 0.585248 0.414752 
 ----> 1.3#6.6#44.0#54.0#VAR 574 1 0.590448 0.409552 
 ----> 1.3#6.6#44.0#54.0#VAR 575 0 0.592657 0.407343 
 ----> 1.3#6.6#44.0#54.0#VAR 576 0 0.61638 0.38362 
 ----> 1.3#6.6#44.0#54.0#VAR 577 1 0.542365 0.457635 
 ----> 1.3#6.6#44.0#54.0#VAR 578 1 0.535025 0.464975 
 ----> 1.3#6.6#44.0#54.0#VAR 579 1 0.527482 0.472518 
 ----> 1.3#6.6#44.0#54.0#VAR 580 0 0.588754 0.411246 
 ----> 1.3#6.6#44.0#54.0#VAR 581 1 0.549273 0.450727 
 ----> 1.3#6.6#44.0#54.0#VAR 582 1 0.590717 0.409283 
 ----> 1.3#6.6#44.0#54.0#VAR 583 0 0.596032 0.403968 
 ----> 1.3#6.6#44.0#54.0#VAR 584 1 0.544857 0.455143 
 ----> 1.3#6.6#44.0#54.0#VAR 585 0 0.573699 0.426301 
 ----> 1.3#6.6#44.0#54.0#VAR 586 1 0.561481 0.438519 
 ----> 1.3#6.6#44.0#54.0#VAR 587 0 0.566344 0.433656 
 ----> 1.3#6.6#44.0#54.0#VAR 588 0 0.58036 0.41964 
 ----> 1.3#6.6#44.0#54.0#VAR 589 1 0.558914 0.441086 
 ----> 1.3#6.6#44.0#54.0#VAR 590 0 0.578886 0.421114 
 ----> 1.3#6.6#44.0#54.0#VAR 591 0 0.601447 0.398553 
 ----> 1.3#6.6#44.0#54.0#VAR 592 0 0.646499 0.353501 
 ----> 1.3#6.6#44.0#54.0#VAR 593 1 0.580684 0.419316 
 ----> 1.3#6.6#44.0#54.0#VAR 594 0 0.59919 0.40081 
 ----> 1.3#6.6#44.0#54.0#VAR 595 1 0.556931 0.443069 
 ----> 1.3#6.6#44.0#54.0#VAR 596 0 0.607133 0.392867 
 ----> 1.3#6.6#44.0#54.0#VAR 597 0 0.591652 0.408348 
 ----> 1.3#6.6#44.0#54.0#VAR 598 0 0.600833 0.399167 
 ----> 1.3#6.6#44.0#54.0#VAR 599 1 0.626997 0.373003 
 ----> 1.3#6.6#44.0#54.0#VAR 600 1 0.543549 0.456451 
 ----> 1.3#6.6#44.0#54.0#VAR 601 1 0.521649 0.478351 
 ----> 1.3#6.6#44.0#54.0#VAR 602 0 0.652601 0.347399 
 ----> 1.3#6.6#44.0#54.0#VAR 603 0 0.638143 0.361857 
 ----> 1.3#6.6#44.0#54.0#VAR 604 1 0.575317 0.424683 
 ----> 1.3#6.6#44.0#54.0#VAR 605 1 0.585842 0.414158 
 ----> 1.3#6.6#44.0#54.0#VAR 606 1 0.586122 0.413878 
 ----> 1.3#6.6#44.0#54.0#VAR 607 1 0.601989 0.398011 
 ----> 1.3#6.6#44.0#54.0#VAR 608 0 0.58782 0.41218 
 ----> 1.3#6.6#44.0#54.0#VAR 609 0 0.631764 0.368236 
 ----> 1.3#6.6#44.0#54.0#VAR 610 1 0.582459 0.417541 
 ----> 1.3#6.6#44.0#54.0#VAR 611 0 0.585142 0.414858 
 ----> 1.3#6.6#44.0#54.0#VAR 612 1 0.574211 0.425789 
 ----> 1.3#6.6#44.0#54.0#VAR 613 1 0.585719 0.414281 
 ----> 1.3#6.6#44.0#54.0#VAR 614 0 0.588216 0.411784 
 ----> 1.3#6.6#44.0#54.0#VAR 615 0 0.576222 0.423778 
 ----> 1.3#6.6#44.0#54.0#VAR 616 1 0.58103 0.41897 
 ----> 1.3#6.6#44.0#54.0#VAR 617 0 0.616844 0.383156 
 ----> 1.3#6.6#44.0#54.0#VAR 618 1 0.581454 0.418546 
 ----> 1.3#6.6#44.0#54.0#VAR 619 0 0.607508 0.392492 
 ----> 1.3#6.6#44.0#54.0#VAR 620 1 0.591443 0.408557 
 ----> 1.3#6.6#44.0#54.0#VAR 621 0 0.589325 0.410675 
 ----> 1.3#6.6#44.0#54.0#VAR 622 0 0.579288 0.420712 
 ----> 1.3#6.6#44.0#54.0#VAR 623 1 0.565724 0.434276 
 ----> 1.3#6.6#44.0#54.0#VAR 624 0 0.623482 0.376518 
 ----> 1.3#6.6#44.0#54.0#VAR 625 0 0.59026 0.40974 
 ----> 1.3#6.6#44.0#54.0#VAR 626 0 0.603434 0.396566 
 ----> 1.3#6.6#44.0#54.0#VAR 627 0 0.601294 0.398706 
 ----> 1.3#6.6#44.0#54.0#VAR 628 0 0.599931 0.400069 
 ----> 1.3#6.6#44.0#54.0#VAR 629 0 0.598839 0.401161 
 ----> 1.3#6.6#44.0#54.0#VAR 630 0 0.580568 0.419432 
 ----> 1.3#6.6#44.0#54.0#VAR 631 0 0.615753 0.384247 
 ----> 1.3#6.6#44.0#54.0#VAR 632 0 0.617565 0.382435 
 ----> 1.3#6.6#44.0#54.0#VAR 633 0 0.589887 0.410113 
 ----> 1.3#6.6#44.0#54.0#VAR 634 0 0.609591 0.390409 
 ----> 1.3#6.6#44.0#54.0#VAR 635 0 0.579409 0.420591 
 ----> 1.3#6.6#44.0#54.0#VAR 636 0 0.581664 0.418336 
 ----> 1.3#6.6#44.0#54.0#VAR 637 0 0.65866 0.34134 
 ----> 1.3#6.6#44.0#54.0#VAR 638 0 0.645486 0.354514 
 ----> 1.3#6.6#44.0#54.0#VAR 639 0 0.604469 0.395531 
 ----> 1.3#6.6#44.0#54.0#VAR 640 0 0.589033 0.410967 
 ----> 1.3#6.6#44.0#54.0#VAR 641 1 0.607427 0.392573 
 ----> 1.3#6.6#44.0#54.0#VAR 642 0 0.604964 0.395036 
 ----> 1.3#6.6#44.0#54.0#VAR 643 0 0.605642 0.394358 
 ----> 1.3#6.6#44.0#54.0#VAR 644 0 0.608188 0.391812 
 ----> 1.3#6.6#44.0#54.0#VAR 645 0 0.606111 0.393889 
 ----> 1.3#6.6#44.0#54.0#VAR 646 0 0.613622 0.386378 
 ----> 1.3#6.6#44.0#54.0#VAR 647 0 0.612418 0.387582 
 ----> 1.3#6.6#44.0#54.0#VAR 648 0 0.616312 0.383688 
 ----> 1.3#6.6#44.0#54.0#VAR 649 0 0.58266 0.41734 
 ----> 1.3#6.6#44.0#54.0#VAR 650 0 0.585165 0.414835 
 ----> 1.3#6.6#44.0#54.0#VAR 651 0 0.603736 0.396264 
 ----> 1.3#6.6#44.0#54.0#VAR 652 0 0.591741 0.408259 
 ----> 1.3#6.6#44.0#54.0#VAR 653 0 0.578619 0.421381 
 ----> 1.3#6.6#44.0#54.0#VAR 654 0 0.582243 0.417757 
 ----> 1.3#6.6#44.0#54.0#VAR 655 0 0.611486 0.388514 
 ----> 1.3#6.6#44.0#54.0#VAR 656 1 0.57116 0.42884 
 ----> 1.3#6.6#44.0#54.0#VAR 657 0 0.626082 0.373918 
 ----> 1.3#6.6#44.0#54.0#VAR 658 1 0.599875 0.400125 
 ----> 1.3#6.6#44.0#54.0#VAR 659 0 0.605875 0.394125 
 ----> 1.3#6.6#44.0#54.0#VAR 660 1 0.541892 0.458108 
 ----> 1.3#6.6#44.0#54.0#VAR 661 1 0.537312 0.462688 
 ----> 1.3#6.6#44.0#54.0#VAR 662 0 0.581351 0.418649 
 ----> 1.3#6.6#44.0#54.0#VAR 663 1 0.558596 0.441404 
 ----> 1.3#6.6#44.0#54.0#VAR 664 1 0.584296 0.415704 
 ----> 1.3#6.6#44.0#54.0#VAR 665 0 0.58952 0.41048 
 ----> 1.3#6.6#44.0#54.0#VAR 666 0 0.590545 0.409455 
 ----> 1.3#6.6#44.0#54.0#VAR 667 0 0.600119 0.399881 
 ----> 1.3#6.6#44.0#54.0#VAR 668 1 0.596027 0.403973 
 ----> 1.3#6.6#44.0#54.0#VAR 669 1 0.56696 0.43304 
 ----> 1.3#6.6#44.0#54.0#VAR 670 0 0.57662 0.42338 
 ----> 1.3#6.6#44.0#54.0#VAR 671 0 0.564604 0.435396 
 ----> 1.3#6.6#44.0#54.0#VAR 672 0 0.590961 0.409039 
 ----> 1.3#6.6#44.0#54.0#VAR 673 0 0.602369 0.397631 
 ----> 1.3#6.6#44.0#54.0#VAR 674 0 0.57986 0.42014 
 ----> 1.3#6.6#44.0#54.0#VAR 675 0 0.580555 0.419445 
 ----> 1.3#6.6#44.0#54.0#VAR 676 0 0.619311 0.380689 
 ----> 1.3#6.6#44.0#54.0#VAR 677 1 0.590667 0.409333 
 ----> 1.3#6.6#44.0#54.0#VAR 678 1 0.515899 0.484101 
 ----> 1.3#6.6#44.0#54.0#VAR 679 0 0.571237 0.428763 
 ----> 1.3#6.6#44.0#54.0#VAR 680 0 0.582084 0.417916 
 ----> 1.3#6.6#44.0#54.0#VAR 681 0 0.584686 0.415314 
 ----> 1.3#6.6#44.0#54.0#VAR 682 0 0.610519 0.389481 
 ----> 1.3#6.6#44.0#54.0#VAR 683 0 0.622497 0.377503 
 ----> 1.3#6.6#44.0#54.0#VAR 684 0 0.613384 0.386616 
 ----> 1.3#6.6#44.0#54.0#VAR 685 0 0.617792 0.382208 
 ----> 1.3#6.6#44.0#54.0#VAR 686 1 0.586398 0.413602 
 ----> 1.3#6.6#44.0#54.0#VAR 687 0 0.598443 0.401557 
 ----> 1.3#6.6#44.0#54.0#VAR 688 0 0.587814 0.412186 
 ----> 1.3#6.6#44.0#54.0#VAR 689 1 0.585416 0.414584 
 ----> 1.3#6.6#44.0#54.0#VAR 690 0 0.551616 0.448384 
 ----> 1.3#6.6#44.0#54.0#VAR 691 0 0.586653 0.413347 
 ----> 1.3#6.6#44.0#54.0#VAR 692 0 0.591119 0.408881 
 ----> 1.3#6.6#44.0#54.0#VAR 693 1 0.573771 0.426229 
 ----> 1.3#6.6#44.0#54.0#VAR 694 0 0.599485 0.400515 
 ----> 1.3#6.6#44.0#54.0#VAR 695 1 0.596324 0.403676 
 ----> 1.3#6.6#44.0#54.0#VAR 696 0 0.572321 0.427679 
 ----> 1.3#6.6#44.0#54.0#VAR 697 1 0.575122 0.424878 
 ----> 1.3#6.6#44.0#54.0#VAR 698 1 0.582633 0.417367 
 ----> 1.3#6.6#44.0#54.0#VAR 699 0 0.57115 0.42885 
 ----> 1.3#6.6#44.0#54.0#VAR 700 1 0.58979 0.41021 
 ----> 1.3#6.6#44.0#54.0#VAR 701 0 0.626592 0.373408 
 ----> 1.3#6.6#44.0#54.0#VAR 702 1 0.5687 0.4313 
 ----> 1.3#6.6#44.0#54.0#VAR 703 1 0.556383 0.443617 
 ----> 1.3#6.6#44.0#54.0#VAR 704 1 0.54513 0.45487 
 ----> 1.3#6.6#44.0#54.0#VAR 705 0 0.578138 0.421862 
 ----> 1.3#6.6#44.0#54.0#VAR 706 1 0.586435 0.413565 
 ----> 1.3#6.6#44.0#54.0#VAR 707 1 0.572658 0.427342 
 ----> 1.3#6.6#44.0#54.0#VAR 708 0 0.627633 0.372367 
 ----> 1.3#6.6#44.0#54.0#VAR 709 0 0.597713 0.402287 
 ----> 1.3#6.6#44.0#54.0#VAR 710 0 0.589734 0.410266 
 ----> 1.3#6.6#44.0#54.0#VAR 711 1 0.573776 0.426224 
 ----> 1.3#6.6#44.0#54.0#VAR 712 0 0.591752 0.408248 
 ----> 1.3#6.6#44.0#54.0#VAR 713 0 0.617711 0.382289 
 ----> 1.3#6.6#44.0#54.0#VAR 714 1 0.589353 0.410647 
 ----> 1.3#6.6#44.0#54.0#VAR 715 1 0.540481 0.459519 
 ----> 1.3#6.6#44.0#54.0#VAR 716 0 0.546348 0.453652 
 ----> 1.3#6.6#44.0#54.0#VAR 717 0 0.599878 0.400122 
 ----> 1.3#6.6#44.0#54.0#VAR 718 1 0.59396 0.40604 
 ----> 1.3#6.6#44.0#54.0#VAR 719 0 0.584655 0.415345 
 ----> 1.3#6.6#44.0#54.0#VAR 720 1 0.514462 0.485538 
 ----> 1.3#6.6#44.0#54.0#VAR 721 0 0.597265 0.402735 
 ----> 1.3#6.6#44.0#54.0#VAR 722 1 0.56251 0.43749 
 ----> 1.3#6.6#44.0#54.0#VAR 723 0 0.590507 0.409493 
 ----> 1.3#6.6#44.0#54.0#VAR 724 0 0.564388 0.435612 
 ----> 1.3#6.6#44.0#54.0#VAR 725 0 0.60816 0.39184 
 ----> 1.3#6.6#44.0#54.0#VAR 726 1 0.567119 0.432881 
 ----> 1.3#6.6#44.0#54.0#VAR 727 1 0.5739 0.4261 
 ----> 1.3#6.6#44.0#54.0#VAR 728 1 0.569609 0.430391 
 ----> 1.3#6.6#44.0#54.0#VAR 729 0 0.601956 0.398044 
 ----> 1.3#6.6#44.0#54.0#VAR 730 0 0.56569 0.43431 
 ----> 1.3#6.6#44.0#54.0#VAR 731 1 0.555261 0.444739 
 ----> 1.3#6.6#44.0#54.0#VAR 732 1 0.580338 0.419662 
 ----> 1.3#6.6#44.0#54.0#VAR 733 0 0.603373 0.396627 
 ----> 1.3#6.6#44.0#54.0#VAR 734 0 0.585796 0.414204 
 ----> 1.3#6.6#44.0#54.0#VAR 735 1 0.590252 0.409748 
 ----> 1.3#6.6#44.0#54.0#VAR 736 1 0.556236 0.443764 
 ----> 1.3#6.6#44.0#54.0#VAR 737 1 0.580119 0.419881 
 ----> 1.3#6.6#44.0#54.0#VAR 738 1 0.568689 0.431311 
 ----> 1.3#6.6#44.0#54.0#VAR 739 1 0.546281 0.453719 
 ----> 1.3#6.6#44.0#54.0#VAR 740 1 0.533364 0.466636 
 ----> 1.3#6.6#44.0#54.0#VAR 741 1 0.523734 0.476266 
 ----> 1.3#6.6#44.0#54.0#VAR 742 1 0.565514 0.434486 
 ----> 1.3#6.6#44.0#54.0#VAR 743 1 0.549894 0.450106 
 ----> 1.3#6.6#44.0#54.0#VAR 744 0 0.555356 0.444644 
 ----> 1.3#6.6#44.0#54.0#VAR 745 1 0.576519 0.423481 
 ----> 1.3#6.6#44.0#54.0#VAR 746 0 0.570803 0.429197 
 ----> 1.3#6.6#44.0#54.0#VAR 747 1 0.525478 0.474522 
 ----> 1.3#6.6#44.0#54.0#VAR 748 0 0.543648 0.456352 
 ----> 1.3#6.6#44.0#54.0#VAR 749 1 0.526898 0.473102 
 ----> 1.3#6.6#44.0#54.0#VAR 750 1 0.548916 0.451084 
 ----> 1.3#6.6#44.0#54.0#VAR 751 0 0.60166 0.39834 
 ----> 1.3#6.6#44.0#54.0#VAR 752 1 0.537522 0.462478 
 ----> 1.3#6.6#44.0#54.0#VAR 753 0 0.563402 0.436598 
 ----> 1.3#6.6#44.0#54.0#VAR 754 1 0.553942 0.446058 
 ----> 1.3#6.6#44.0#54.0#VAR 755 0 0.594494 0.405506 
 ----> 1.3#6.6#44.0#54.0#VAR 756 1 0.572326 0.427674 
 ----> 1.3#6.6#44.0#54.0#VAR 757 0 0.582595 0.417405 
 ----> 1.3#6.6#44.0#54.0#VAR 758 0 0.59089 0.40911 
 ----> 1.3#6.6#44.0#54.0#VAR 759 0 0.569934 0.430066 
 ----> 1.3#6.6#44.0#54.0#VAR 760 0 0.568419 0.431581 
 ----> 1.3#6.6#44.0#54.0#VAR 761 1 0.555402 0.444598 
 ----> 1.3#6.6#44.0#54.0#VAR 762 0 0.560927 0.439073 
 ----> 1.3#6.6#44.0#54.0#VAR 763 0 0.548771 0.451229 
 ----> 1.3#6.6#44.0#54.0#VAR 764 1 0.543372 0.456628 
 ----> 1.3#6.6#44.0#54.0#VAR 765 1 0.551114 0.448886 
 ----> 1.3#6.6#44.0#54.0#VAR 766 0 0.552386 0.447614 
 ----> 1.3#6.6#44.0#54.0#VAR 767 0 0.592056 0.407944 
 ----> 1.3#6.6#44.0#54.0#VAR 768 0 0.61864 0.38136 
 ----> 1.3#6.6#44.0#54.0#VAR 769 1 0.591196 0.408804 
 ----> 1.3#6.6#44.0#54.0#VAR 770 0 0.574299 0.425701 
 ----> 1.3#6.6#44.0#54.0#VAR 771 0 0.595892 0.404108 
 ----> 1.3#6.6#44.0#54.0#VAR 772 1 0.532236 0.467764 
 ----> 1.3#6.6#44.0#54.0#VAR 773 1 0.56387 0.43613 
 ----> 1.3#6.6#44.0#54.0#VAR 774 0 0.601698 0.398302 
 ----> 1.3#6.6#44.0#54.0#VAR 775 1 0.537944 0.462056 
 ----> 1.3#6.6#44.0#54.0#VAR 776 1 0.480801 0.519199 
 ----> 1.3#6.6#44.0#54.0#VAR 777 0 0.595976 0.404024 
 ----> 1.3#6.6#44.0#54.0#VAR 778 0 0.57991 0.42009 
 ----> 1.3#6.6#44.0#54.0#VAR 779 1 0.561572 0.438428 
 ----> 1.3#6.6#44.0#54.0#VAR 780 0 0.556222 0.443778 
 ----> 1.3#6.6#44.0#54.0#VAR 781 1 0.523495 0.476505 
 ----> 1.3#6.6#44.0#54.0#VAR 782 0 0.596246 0.403754 
 ----> 1.3#6.6#44.0#54.0#VAR 783 1 0.566581 0.433419 
 ----> 1.3#6.6#44.0#54.0#VAR 784 1 0.551975 0.448025 
 ----> 1.3#6.6#44.0#54.0#VAR 785 0 0.587586 0.412414 
 ----> 1.3#6.6#44.0#54.0#VAR 786 0 0.56974 0.43026 
 ----> 1.3#6.6#44.0#54.0#VAR 787 1 0.569791 0.430209 
 ----> 1.3#6.6#44.0#54.0#VAR 788 1 0.515161 0.484839 
 ----> 1.3#6.6#44.0#54.0#VAR 789 1 0.52319 0.47681 
 ----> 1.3#6.6#44.0#54.0#VAR 790 1 0.590395 0.409605 
 ----> 1.3#6.6#44.0#54.0#VAR 791 0 0.567314 0.432686 
 ----> 1.3#6.6#44.0#54.0#VAR 792 1 0.590224 0.409776 
 ----> 1.3#6.6#44.0#54.0#VAR 793 0 0.606298 0.393702 
 ----> 1.3#6.6#44.0#54.0#VAR 794 0 0.586882 0.413118 
 ----> 1.3#6.6#44.0#54.0#VAR 795 0 0.524892 0.475108 
 ----> 1.3#6.6#44.0#54.0#VAR 796 1 0.513547 0.486453 
 ----> 1.3#6.6#44.0#54.0#VAR 797 0 0.572424 0.427576 
 ----> 1.3#6.6#44.0#54.0#VAR 798 1 0.558803 0.441197 
 ----> 1.3#6.6#44.0#54.0#VAR 799 1 0.552403 0.447597 
 ----> 1.3#6.6#44.0#54.0#VAR 800 1 0.572992 0.427008 
 ----> 1.3#6.6#44.0#54.0#VAR 801 1 0.570548 0.429452 
 ----> 1.3#6.6#44.0#54.0#VAR 802 0 0.605211 0.394789 
 ----> 1.3#6.6#44.0#54.0#VAR 803 0 0.56472 0.43528 
 ----> 1.3#6.6#44.0#54.0#VAR 804 1 0.565839 0.434161 
 ----> 1.3#6.6#44.0#54.0#VAR 805 1 0.569889 0.430111 
 ----> 1.3#6.6#44.0#54.0#VAR 806 0 0.583759 0.416241 
 ----> 1.3#6.6#44.0#54.0#VAR 807 1 0.589803 0.410197 
 ----> 1.3#6.6#44.0#54.0#VAR 808 1 0.552662 0.447338 
 ----> 1.3#6.6#44.0#54.0#VAR 809 0 0.595709 0.404291 
 ----> 1.3#6.6#44.0#54.0#VAR 810 0 0.589892 0.410108 
 ----> 1.3#6.6#44.0#54.0#VAR 811 1 0.592306 0.407694 
 ----> 1.3#6.6#44.0#54.0#VAR 812 1 0.562902 0.437098 
 ----> 1.3#6.6#44.0#54.0#VAR 813 1 0.546201 0.453799 
 ----> 1.3#6.6#44.0#54.0#VAR 814 1 0.531019 0.468981 
 ----> 1.3#6.6#44.0#54.0#VAR 815 1 0.535081 0.464919 
 ----> 1.3#6.6#44.0#54.0#VAR 816 1 0.564332 0.435668 
 ----> 1.3#6.6#44.0#54.0#VAR 817 1 0.546667 0.453333 
 ----> 1.3#6.6#44.0#54.0#VAR 818 1 0.578616 0.421384 
 ----> 1.3#6.6#44.0#54.0#VAR 819 1 0.55755 0.44245 
 ----> 1.3#6.6#44.0#54.0#VAR 820 0 0.566189 0.433811 
 ----> 1.3#6.6#44.0#54.0#VAR 821 0 0.57482 0.42518 
 ----> 1.3#6.6#44.0#54.0#VAR 822 1 0.547998 0.452002 
 ----> 1.3#6.6#44.0#54.0#VAR 823 1 0.567305 0.432695 
 ----> 1.3#6.6#44.0#54.0#VAR 824 1 0.533265 0.466735 
 ----> 1.3#6.6#44.0#54.0#VAR 825 1 0.565686 0.434314 
 ----> 1.3#6.6#44.0#54.0#VAR 826 1 0.572429 0.427571 
 ----> 1.3#6.6#44.0#54.0#VAR 827 1 0.56254 0.43746 
 ----> 1.3#6.6#44.0#54.0#VAR 828 0 0.57165 0.42835 
 ----> 1.3#6.6#44.0#54.0#VAR 829 1 0.514922 0.485078 
 ----> 1.3#6.6#44.0#54.0#VAR 830 1 0.546763 0.453237 
 ----> 1.3#6.6#44.0#54.0#VAR 831 1 0.536361 0.463639 
 ----> 1.3#6.6#44.0#54.0#VAR 832 1 0.527688 0.472312 
 ----> 1.3#6.6#44.0#54.0#VAR 833 0 0.574803 0.425197 
 ----> 1.3#6.6#44.0#54.0#VAR 834 0 0.55926 0.44074 
 ----> 1.3#6.6#44.0#54.0#VAR 835 1 0.502119 0.497881 
 ----> 1.3#6.6#44.0#54.0#VAR 836 1 0.520983 0.479017 
 ----> 1.3#6.6#44.0#54.0#VAR 837 1 0.530048 0.469952 
 ----> 1.3#6.6#44.0#54.0#VAR 838 0 0.583258 0.416742 
 ----> 1.3#6.6#44.0#54.0#VAR 839 0 0.563325 0.436675 
 ----> 1.3#6.6#44.0#54.0#VAR 840 1 0.500971 0.499029 
 ----> 1.3#6.6#44.0#54.0#VAR 841 0 0.591935 0.408065 
 ----> 1.3#6.6#44.0#54.0#VAR 842 1 0.533236 0.466764 
 ----> 1.3#6.6#44.0#54.0#VAR 843 1 0.548612 0.451388 
 ----> 1.3#6.6#44.0#54.0#VAR 844 0 0.549328 0.450672 
 ----> 1.3#6.6#44.0#54.0#VAR 845 1 0.540986 0.459014 
 ----> 1.3#6.6#44.0#54.0#VAR 846 1 0.532789 0.467211 
 ----> 1.3#6.6#44.0#54.0#VAR 847 1 0.521048 0.478952 
 ----> 1.3#6.6#44.0#54.0#VAR 848 1 0.538094 0.461906 
 ----> 1.3#6.6#44.0#54.0#VAR 849 0 0.565551 0.434449 
 ----> 1.3#6.6#44.0#54.0#VAR 850 0 0.563387 0.436613 
 ----> 1.3#6.6#44.0#54.0#VAR 851 0 0.563649 0.436351 
 ----> 1.3#6.6#44.0#54.0#VAR 852 1 0.537026 0.462974 
 ----> 1.3#6.6#44.0#54.0#VAR 853 0 0.545664 0.454336 
 ----> 1.3#6.6#44.0#54.0#VAR 854 1 0.55792 0.44208 
 ----> 1.3#6.6#44.0#54.0#VAR 855 1 0.538682 0.461318 
 ----> 1.3#6.6#44.0#54.0#VAR 856 1 0.545956 0.454044 
 ----> 1.3#6.6#44.0#54.0#VAR 857 0 0.579935 0.420065 
 ----> 1.3#6.6#44.0#54.0#VAR 858 1 0.572229 0.427771 
 ----> 1.3#6.6#44.0#54.0#VAR 859 1 0.549815 0.450185 
 ----> 1.3#6.6#44.0#54.0#VAR 860 0 0.562973 0.437027 
 ----> 1.3#6.6#44.0#54.0#VAR 861 0 0.544743 0.455257 
 ----> 1.3#6.6#44.0#54.0#VAR 862 0 0.555293 0.444707 
 ----> 1.3#6.6#44.0#54.0#VAR 863 0 0.525854 0.474146 
 ----> 1.3#6.6#44.0#54.0#VAR 864 0 0.541523 0.458477 
 ----> 1.3#6.6#44.0#54.0#VAR 865 1 0.51463 0.48537 
 ----> 1.3#6.6#44.0#54.0#VAR 866 0 0.57114 0.42886 
 ----> 1.3#6.6#44.0#54.0#VAR 867 0 0.53554 0.46446 
 ----> 1.3#6.6#44.0#54.0#VAR 868 0 0.528303 0.471697 
 ----> 1.3#6.6#44.0#54.0#VAR 869 0 0.545639 0.454361 
 ----> 1.3#6.6#44.0#54.0#VAR 870 1 0.509876 0.490124 
 ----> 1.3#6.6#44.0#54.0#VAR 871 0 0.524958 0.475042 
 ----> 1.3#6.6#44.0#54.0#VAR 872 0 0.538614 0.461386 
 ----> 1.3#6.6#44.0#54.0#VAR 873 1 0.509306 0.490694 
 ----> 1.3#6.6#44.0#54.0#VAR 874 1 0.522735 0.477265 
 ----> 1.3#6.6#44.0#54.0#VAR 875 1 0.523497 0.476503 
 ----> 1.3#6.6#44.0#54.0#VAR 876 0 0.565809 0.434191 
 ----> 1.3#6.6#44.0#54.0#VAR 877 1 0.521022 0.478978 
 ----> 1.3#6.6#44.0#54.0#VAR 878 1 0.537406 0.462594 
 ----> 1.3#6.6#44.0#54.0#VAR 879 1 0.532913 0.467087 
 ----> 1.3#6.6#44.0#54.0#VAR 880 1 0.570031 0.429969 
 ----> 1.3#6.6#44.0#54.0#VAR 881 1 0.50786 0.49214 
 ----> 1.3#6.6#44.0#54.0#VAR 882 1 0.5325 0.4675 
 ----> 1.3#6.6#44.0#54.0#VAR 883 0 0.553718 0.446282 
 ----> 1.3#6.6#44.0#54.0#VAR 884 1 0.520069 0.479931 
 ----> 1.3#6.6#44.0#54.0#VAR 885 1 0.545339 0.454661 
 ----> 1.3#6.6#44.0#54.0#VAR 886 1 0.540758 0.459242 
 ----> 1.3#6.6#44.0#54.0#VAR 887 0 0.575698 0.424302 
 ----> 1.3#6.6#44.0#54.0#VAR 888 0 0.580859 0.419141 
 ----> 1.3#6.6#44.0#54.0#VAR 889 0 0.524647 0.475353 
 ----> 1.3#6.6#44.0#54.0#VAR 890 0 0.531763 0.468237 
 ----> 1.3#6.6#44.0#54.0#VAR 891 1 0.489152 0.510848 
 ----> 1.3#6.6#44.0#54.0#VAR 892 0 0.54728 0.45272 
 ----> 1.3#6.6#44.0#54.0#VAR 893 1 0.517006 0.482994 
 ----> 1.3#6.6#44.0#54.0#VAR 894 0 0.547769 0.452231 
 ----> 1.3#6.6#44.0#54.0#VAR 895 0 0.500636 0.499364 
 ----> 1.3#6.6#44.0#54.0#VAR 896 1 0.492101 0.507899 
 ----> 1.3#6.6#44.0#54.0#VAR 897 1 0.520349 0.479651 
 ----> 1.3#6.6#44.0#54.0#VAR 898 1 0.520832 0.479168 
 ----> 1.3#6.6#44.0#54.0#VAR 899 0 0.570715 0.429285 
 ----> 1.3#6.6#44.0#54.0#VAR 900 1 0.516716 0.483284 
 ----> 1.3#6.6#44.0#54.0#VAR 901 0 0.517968 0.482032 
 ----> 1.3#6.6#44.0#54.0#VAR 902 0 0.535309 0.464691 
 ----> 1.3#6.6#44.0#54.0#VAR 903 1 0.523561 0.476439 
 ----> 1.3#6.6#44.0#54.0#VAR 904 1 0.561702 0.438298 
 ----> 1.3#6.6#44.0#54.0#VAR 905 1 0.52687 0.47313 
 ----> 1.3#6.6#44.0#54.0#VAR 906 0 0.54851 0.45149 
 ----> 1.3#6.6#44.0#54.0#VAR 907 1 0.540969 0.459031 
 ----> 1.3#6.6#44.0#54.0#VAR 908 1 0.500739 0.499261 
 ----> 1.3#6.6#44.0#54.0#VAR 909 1 0.502266 0.497734 
 ----> 1.3#6.6#44.0#54.0#VAR 910 1 0.514666 0.485334 
 ----> 1.3#6.6#44.0#54.0#VAR 911 1 0.510648 0.489352 
 ----> 1.3#6.6#44.0#54.0#VAR 912 1 0.504928 0.495072 
 ----> 1.3#6.6#44.0#54.0#VAR 913 1 0.503498 0.496502 
 ----> 1.3#6.6#44.0#54.0#VAR 914 1 0.506544 0.493456 
 ----> 1.3#6.6#44.0#54.0#VAR 915 1 0.499266 0.500734 
 ----> 1.3#6.6#44.0#54.0#VAR 916 0 0.540049 0.459951 
 ----> 1.3#6.6#44.0#54.0#VAR 917 1 0.427856 0.572144 
 ----> 1.3#6.6#44.0#54.0#VAR 918 1 0.411912 0.588088 
 ----> 1.3#6.6#44.0#54.0#VAR 919 1 0.457738 0.542262 
 ----> 1.3#6.6#44.0#54.0#VAR 920 1 0.500208 0.499792 
 ----> 1.3#6.6#44.0#54.0#VAR 921 1 0.448007 0.551993 
 ----> 1.3#6.6#44.0#54.0#VAR 922 1 0.505664 0.494336 
 ----> 1.3#6.6#44.0#54.0#VAR 923 1 0.500133 0.499867 
 ----> 1.3#6.6#44.0#54.0#VAR 924 1 0.513919 0.486081 
 ----> 1.3#6.6#44.0#54.0#VAR 925 1 0.510427 0.489573 
 ----> 1.3#6.6#44.0#54.0#VAR 926 1 0.506189 0.493811 
 ----> 1.3#6.6#44.0#54.0#VAR 927 1 0.465072 0.534928 
 ----> 1.3#6.6#44.0#54.0#VAR 928 1 0.492951 0.507049 
 ----> 1.3#6.6#44.0#54.0#VAR 929 1 0.463939 0.536061 
 ----> 1.3#6.6#44.0#54.0#VAR 930 1 0.456388 0.543612 
 ----> 1.3#6.6#44.0#54.0#VAR 931 1 0.504554 0.495446 
 ----> 1.3#6.6#44.0#54.0#VAR 932 1 0.501144 0.498856 
 ----> 1.3#6.6#44.0#54.0#VAR 933 1 0.479564 0.520436 
 ----> 1.3#6.6#44.0#54.0#VAR 934 1 0.524331 0.475669 
 ----> 1.3#6.6#44.0#54.0#VAR 935 1 0.510005 0.489995 
 ----> 1.3#6.6#44.0#54.0#VAR 936 1 0.521868 0.478132 
 ----> 1.3#6.6#44.0#54.0#VAR 937 1 0.538536 0.461464 
 ----> 1.3#6.6#44.0#54.0#VAR 938 1 0.517384 0.482616 
 ----> 1.3#6.6#44.0#54.0#VAR 939 1 0.53116 0.46884 
 ----> 1.3#6.6#44.0#54.0#VAR 940 1 0.499158 0.500842 
 ----> 1.3#6.6#44.0#54.0#VAR 941 1 0.503113 0.496887 
 ----> 1.3#6.6#44.0#54.0#VAR 942 1 0.479483 0.520517 
 ----> 1.3#6.6#44.0#54.0#VAR 943 1 0.491628 0.508372 
 ----> 1.3#6.6#44.0#54.0#VAR 944 1 0.468282 0.531718 
 ----> 1.3#6.6#44.0#54.0#VAR 945 0 0.481276 0.518724 
 ----> 1.3#6.6#44.0#54.0#VAR 946 1 0.444619 0.555381 
 ----> 1.3#6.6#44.0#54.0#VAR 947 1 0.526398 0.473602 
 ----> 1.3#6.6#44.0#54.0#VAR 948 1 0.490367 0.509633 
 ----> 1.3#6.6#44.0#54.0#VAR 949 0 0.567941 0.432059 
 ----> 1.3#6.6#44.0#54.0#VAR 950 0 0.554234 0.445766 
 ----> 1.3#6.6#44.0#54.0#VAR 951 1 0.541304 0.458696 
 ----> 1.3#6.6#44.0#54.0#VAR 952 1 0.460475 0.539525 
 ----> 1.3#6.6#44.0#54.0#VAR 953 1 0.467303 0.532697 
 ----> 1.3#6.6#44.0#54.0#VAR 954 1 0.509682 0.490318 
 ----> 1.3#6.6#44.0#54.0#VAR 955 0 0.548687 0.451313 
 ----> 1.3#6.6#44.0#54.0#VAR 956 1 0.49221 0.50779 
 ----> 1.3#6.6#44.0#54.0#VAR 957 0 0.542057 0.457943 
 ----> 1.3#6.6#44.0#54.0#VAR 958 0 0.540794 0.459206 
 ----> 1.3#6.6#44.0#54.0#VAR 959 1 0.528808 0.471192 
 ----> 1.3#6.6#44.0#54.0#VAR 960 1 0.531149 0.468851 
 ----> 1.3#6.6#44.0#54.0#VAR 961 0 0.559567 0.440433 
 ----> 1.3#6.6#44.0#54.0#VAR 962 1 0.562198 0.437802 
 ----> 1.3#6.6#44.0#54.0#VAR 963 0 0.582453 0.417547 
 ----> 1.3#6.6#44.0#54.0#VAR 964 1 0.524756 0.475244 
 ----> 1.3#6.6#44.0#54.0#VAR 965 0 0.601425 0.398575 
 ----> 1.3#6.6#44.0#54.0#VAR 966 0 0.570257 0.429743 
 ----> 1.3#6.6#44.0#54.0#VAR 967 1 0.530886 0.469114 
 ----> 1.3#6.6#44.0#54.0#VAR 968 0 0.560116 0.439884 
 ----> 1.3#6.6#44.0#54.0#VAR 969 0 0.515585 0.484415 
 ----> 1.3#6.6#44.0#54.0#VAR 970 1 0.498263 0.501737 
 ----> 1.3#6.6#44.0#54.0#VAR 971 1 0.505625 0.494375 
 ----> 1.3#6.6#44.0#54.0#VAR 972 1 0.53833 0.46167 
 ----> 1.3#6.6#44.0#54.0#VAR 973 0 0.572159 0.427841 
 ----> 1.3#6.6#44.0#54.0#VAR 974 1 0.531483 0.468517 
 ----> 1.3#6.6#44.0#54.0#VAR 975 1 0.54482 0.45518 
 ----> 1.3#6.6#44.0#54.0#VAR 976 0 0.587447 0.412553 
 ----> 1.3#6.6#44.0#54.0#VAR 977 1 0.570402 0.429598 
 ----> 1.3#6.6#44.0#54.0#VAR 978 0 0.575497 0.424503 
 ----> 1.3#6.6#44.0#54.0#VAR 979 0 0.556463 0.443537 
 ----> 1.3#6.6#44.0#54.0#VAR 980 0 0.57381 0.42619 
 ----> 1.3#6.6#44.0#54.0#VAR 981 1 0.522867 0.477133 
 ----> 1.3#6.6#44.0#54.0#VAR 982 1 0.513088 0.486912 
 ----> 1.3#6.6#44.0#54.0#VAR 983 1 0.544605 0.455395 
 ----> 1.3#6.6#44.0#54.0#VAR 984 0 0.57874 0.42126 
 ----> 1.3#6.6#44.0#54.0#VAR 985 0 0.558218 0.441782 
 ----> 1.3#6.6#44.0#54.0#VAR 986 0 0.593934 0.406066 
 ----> 1.3#6.6#44.0#54.0#VAR 987 1 0.582111 0.417889 
 ----> 1.3#6.6#44.0#54.0#VAR 988 1 0.521871 0.478129 
 ----> 1.3#6.6#44.0#54.0#VAR 989 1 0.588174 0.411826 
 ----> 1.3#6.6#44.0#54.0#VAR 990 1 0.539483 0.460517 
 ----> 1.3#6.6#44.0#54.0#VAR 991 0 0.609222 0.390778 
 ----> 1.3#6.6#44.0#54.0#VAR 992 0 0.547099 0.452901 
 ----> 1.3#6.6#44.0#54.0#VAR 993 0 0.583496 0.416504 
 ----> 1.3#6.6#44.0#54.0#VAR 994 1 0.579597 0.420403 
 ----> 1.3#6.6#44.0#54.0#VAR 995 0 0.554933 0.445067 
 ----> 1.3#6.6#44.0#54.0#VAR 996 1 0.563509 0.436491 
 ----> 1.3#6.6#44.0#54.0#VAR 997 1 0.521286 0.478714 
 ----> 1.3#6.6#44.0#54.0#VAR 998 0 0.567873 0.432127 
 ----> 1.3#6.6#44.0#54.0#VAR 999 0 0.581184 0.418816 
 ----> 1.3#6.6#44.0#54.0#VAR 1000 1 0.568059 0.431941 
 ----> 1.3#6.6#44.0#54.0#VAR 1001 1 0.581593 0.418407 
 ----> 1.3#6.6#44.0#54.0#VAR 1002 0 0.562136 0.437864 
 ----> 1.3#6.6#44.0#54.0#VAR 1003 1 0.552467 0.447533 
 ----> 1.3#6.6#44.0#54.0#VAR 1004 0 0.574301 0.425699 
 ----> 1.3#6.6#44.0#54.0#VAR 1005 1 0.518878 0.481122 
 ----> 1.3#6.6#44.0#54.0#VAR 1006 0 0.602271 0.397729 
 ----> 1.3#6.6#44.0#54.0#VAR 1007 1 0.577746 0.422254 
 ----> 1.3#6.6#44.0#54.0#VAR 1008 0 0.556966 0.443034 
 ----> 1.3#6.6#44.0#54.0#VAR 1009 0 0.598191 0.401809 
 ----> 1.3#6.6#44.0#54.0#VAR 1010 1 0.538925 0.461075 
 ----> 1.3#6.6#44.0#54.0#VAR 1011 0 0.58971 0.41029 
 ----> 1.3#6.6#44.0#54.0#VAR 1012 0 0.582853 0.417147 
 ----> 1.3#6.6#44.0#54.0#VAR 1013 0 0.576147 0.423853 
 ----> 1.3#6.6#44.0#54.0#VAR 1014 1 0.541563 0.458437 
 ----> 1.3#6.6#44.0#54.0#VAR 1015 0 0.582534 0.417466 
 ----> 1.3#6.6#44.0#54.0#VAR 1016 1 0.508839 0.491161 
 ----> 1.3#6.6#44.0#54.0#VAR 1017 1 0.502549 0.497451 
 ----> 1.3#6.6#44.0#54.0#VAR 1018 1 0.509662 0.490338 
 ----> 1.3#6.6#44.0#54.0#VAR 1019 1 0.560535 0.439465 
 ----> 1.3#6.6#44.0#54.0#VAR 1020 1 0.508229 0.491771 
 ----> 1.3#6.6#44.0#54.0#VAR 1021 1 0.532303 0.467697 
 ----> 1.3#6.6#44.0#54.0#VAR 1022 1 0.527542 0.472458 
 ----> 1.3#6.6#44.0#54.0#VAR 1023 1 0.52394 0.47606 
 ----> 1.3#6.6#44.0#54.0#VAR 1024 1 0.547341 0.452659 
 ----> 1.3#6.6#44.0#54.0#VAR 1025 1 0.556759 0.443241 
 ----> 1.3#6.6#44.0#54.0#VAR 1026 0 0.599522 0.400478 
 ----> 1.3#6.6#44.0#54.0#VAR 1027 0 0.609191 0.390809 
 ----> 1.3#6.6#44.0#54.0#VAR 1028 1 0.536076 0.463924 
 ----> 1.3#6.6#44.0#54.0#VAR 1029 1 0.572142 0.427858 
 ----> 1.3#6.6#44.0#54.0#VAR 1030 1 0.543946 0.456054 
 ----> 1.3#6.6#44.0#54.0#VAR 1031 0 0.599441 0.400559 
 ----> 1.3#6.6#44.0#54.0#VAR 1032 1 0.552733 0.447267 
 ----> 1.3#6.6#44.0#54.0#VAR 1033 1 0.54984 0.45016 
 ----> 1.3#6.6#44.0#54.0#VAR 1034 1 0.525625 0.474375 
 ----> 1.3#6.6#44.0#54.0#VAR 1035 0 0.563858 0.436142 
 ----> 1.3#6.6#44.0#54.0#VAR 1036 1 0.523362 0.476638 
 ----> 1.3#6.6#44.0#54.0#VAR 1037 1 0.526142 0.473858 
 ----> 1.3#6.6#44.0#54.0#VAR 1038 0 0.583051 0.416949 
 ----> 1.3#6.6#44.0#54.0#VAR 1039 0 0.551439 0.448561 
 ----> 1.3#6.6#44.0#54.0#VAR 1040 0 0.576089 0.423911 
 ----> 1.3#6.6#44.0#54.0#VAR 1041 0 0.561268 0.438732 
 ----> 1.3#6.6#44.0#54.0#VAR 1042 0 0.555604 0.444396 
 ----> 1.3#6.6#44.0#54.0#VAR 1043 1 0.542628 0.457372 
 ----> 1.3#6.6#44.0#54.0#VAR 1044 1 0.545026 0.454974 
 ----> 1.3#6.6#44.0#54.0#VAR 1045 0 0.604901 0.395099 
 ----> 1.3#6.6#44.0#54.0#VAR 1046 1 0.544738 0.455262 
 ----> 1.3#6.6#44.0#54.0#VAR 1047 1 0.560525 0.439475 
 ----> 1.3#6.6#44.0#54.0#VAR 1048 0 0.555754 0.444246 
 ----> 1.3#6.6#44.0#54.0#VAR 1049 0 0.58104 0.41896 
 ----> 1.3#6.6#44.0#54.0#VAR 1050 0 0.580357 0.419643 
 ----> 1.3#6.6#44.0#54.0#VAR 1051 1 0.559123 0.440877 
 ----> 1.3#6.6#44.0#54.0#VAR 1052 1 0.545248 0.454752 
 ----> 1.3#6.6#44.0#54.0#VAR 1053 0 0.621102 0.378898 
 ----> 1.3#6.6#44.0#54.0#VAR 1054 0 0.586323 0.413677 
 ----> 1.3#6.6#44.0#54.0#VAR 1055 0 0.531531 0.468469 
 ----> 1.3#6.6#44.0#54.0#VAR 1056 1 0.537356 0.462644 
 ----> 1.3#6.6#44.0#54.0#VAR 1057 0 0.573848 0.426152 
 ----> 1.3#6.6#44.0#54.0#VAR 1058 1 0.540704 0.459296 
 ----> 1.3#6.6#44.0#54.0#VAR 1059 1 0.512453 0.487547 
 ----> 1.3#6.6#44.0#54.0#VAR 1060 1 0.578998 0.421002 
 ----> 1.3#6.6#44.0#54.0#VAR 1061 0 0.58697 0.41303 
 ----> 1.3#6.6#44.0#54.0#VAR 1062 1 0.537593 0.462407 
 ----> 1.3#6.6#44.0#54.0#VAR 1063 0 0.571213 0.428787 
 ----> 1.3#6.6#44.0#54.0#VAR 1064 0 0.588141 0.411859 
 ----> 1.3#6.6#44.0#54.0#VAR 1065 0 0.591726 0.408274 
 ----> 1.3#6.6#44.0#54.0#VAR 1066 0 0.612684 0.387316 
 ----> 1.3#6.6#44.0#54.0#VAR 1067 0 0.579176 0.420824 
 ----> 1.3#6.6#44.0#54.0#VAR 1068 1 0.538493 0.461507 
 ----> 1.3#6.6#44.0#54.0#VAR 1069 1 0.502735 0.497265 
 ----> 1.3#6.6#44.0#54.0#VAR 1070 0 0.561845 0.438155 
 ----> 1.3#6.6#44.0#54.0#VAR 1071 1 0.547911 0.452089 
 ----> 1.3#6.6#44.0#54.0#VAR 1072 1 0.555452 0.444548 
 ----> 1.3#6.6#44.0#54.0#VAR 1073 0 0.558698 0.441302 
 ----> 1.3#6.6#44.0#54.0#VAR 1074 1 0.52373 0.47627 
 ----> 1.3#6.6#44.0#54.0#VAR 1075 1 0.541495 0.458505 
 ----> 1.3#6.6#44.0#54.0#VAR 1076 0 0.565751 0.434249 
 ----> 1.3#6.6#44.0#54.0#VAR 1077 1 0.522136 0.477864 
 ----> 1.3#6.6#44.0#54.0#VAR 1078 0 0.603717 0.396283 
 ----> 1.3#6.6#44.0#54.0#VAR 1079 1 0.563537 0.436463 
 ----> 1.3#6.6#44.0#54.0#VAR 1080 1 0.589821 0.410179 
 ----> 1.3#6.6#44.0#54.0#VAR 1081 0 0.56771 0.43229 
 ----> 1.3#6.6#44.0#54.0#VAR 1082 1 0.552041 0.447959 
 ----> 1.3#6.6#44.0#54.0#VAR 1083 0 0.582698 0.417302 
 ----> 1.3#6.6#44.0#54.0#VAR 1084 0 0.56621 0.43379 
 ----> 1.3#6.6#44.0#54.0#VAR 1085 1 0.563741 0.436259 
 ----> 1.3#6.6#44.0#54.0#VAR 1086 0 0.602194 0.397806 
 ----> 1.3#6.6#44.0#54.0#VAR 1087 0 0.580521 0.419479 
 ----> 1.3#6.6#44.0#54.0#VAR 1088 0 0.584801 0.415199 
 ----> 1.3#6.6#44.0#54.0#VAR 1089 0 0.55967 0.44033 
 ----> 1.3#6.6#44.0#54.0#VAR 1090 1 0.576906 0.423094 
 ----> 1.3#6.6#44.0#54.0#VAR 1091 0 0.585653 0.414347 
 ----> 1.3#6.6#44.0#54.0#VAR 1092 0 0.592926 0.407074 
 ----> 1.3#6.6#44.0#54.0#VAR 1093 0 0.61273 0.38727 
 ----> 1.3#6.6#44.0#54.0#VAR 1094 1 0.543857 0.456143 
 ----> 1.3#6.6#44.0#54.0#VAR 1095 0 0.566353 0.433647 
 ----> 1.3#6.6#44.0#54.0#VAR 1096 0 0.537682 0.462318 
 ----> 1.3#6.6#44.0#54.0#VAR 1097 0 0.544997 0.455003 
 ----> 1.3#6.6#44.0#54.0#VAR 1098 1 0.528443 0.471557 
 ----> 1.3#6.6#44.0#54.0#VAR 1099 0 0.55382 0.44618 
 ----> 1.3#6.6#44.0#54.0#VAR 1100 1 0.532721 0.467279 
 ----> 1.3#6.6#44.0#54.0#VAR 1101 1 0.518497 0.481503 
 ----> 1.3#6.6#44.0#54.0#VAR 1102 0 0.543001 0.456999 
 ----> 1.3#6.6#44.0#54.0#VAR 1103 1 0.581193 0.418807 
 ----> 1.3#6.6#44.0#54.0#VAR 1104 1 0.548608 0.451392 
 ----> 1.3#6.6#44.0#54.0#VAR 1105 0 0.568659 0.431341 
 ----> 1.3#6.6#44.0#54.0#VAR 1106 0 0.595153 0.404847 
 ----> 1.3#6.6#44.0#54.0#VAR 1107 0 0.557768 0.442232 
 ----> 1.3#6.6#44.0#54.0#VAR 1108 0 0.599045 0.400955 
 ----> 1.3#6.6#44.0#54.0#VAR 1109 0 0.625616 0.374384 
 ----> 1.3#6.6#44.0#54.0#VAR 1110 0 0.595824 0.404176 
 ----> 1.3#6.6#44.0#54.0#VAR 1111 0 0.594787 0.405213 
 ----> 1.3#6.6#44.0#54.0#VAR 1112 0 0.564937 0.435063 
 ----> 1.3#6.6#44.0#54.0#VAR 1113 0 0.654292 0.345708 
 ----> 1.3#6.6#44.0#54.0#VAR 1114 0 0.635358 0.364642 
 ----> 1.3#6.6#44.0#54.0#VAR 1115 1 0.551079 0.448921 
 ----> 1.3#6.6#44.0#54.0#VAR 1116 0 0.574338 0.425662 
 ----> 1.3#6.6#44.0#54.0#VAR 1117 0 0.588232 0.411768 
 ----> 1.3#6.6#44.0#54.0#VAR 1118 1 0.535985 0.464015 
 ----> 1.3#6.6#44.0#54.0#VAR 1119 0 0.616189 0.383811 
 ----> 1.3#6.6#44.0#54.0#VAR 1120 0 0.570114 0.429886 
 ----> 1.3#6.6#44.0#54.0#VAR 1121 0 0.586579 0.413421 
 ----> 1.3#6.6#44.0#54.0#VAR 1122 0 0.554988 0.445012 
 ----> 1.3#6.6#44.0#54.0#VAR 1123 0 0.59682 0.40318 
 ----> 1.3#6.6#44.0#54.0#VAR 1124 0 0.565746 0.434254 
 ----> 1.3#6.6#44.0#54.0#VAR 1125 0 0.60526 0.39474 
 ----> 1.3#6.6#44.0#54.0#VAR 1126 0 0.615914 0.384086 
 ----> 1.3#6.6#44.0#54.0#VAR 1127 0 0.578194 0.421806 
 ----> 1.3#6.6#44.0#54.0#VAR 1128 0 0.573844 0.426156 
 ----> 1.3#6.6#44.0#54.0#VAR 1129 0 0.610647 0.389353 
 ----> 1.3#6.6#44.0#54.0#VAR 1130 0 0.587167 0.412833 
 ----> 1.3#6.6#44.0#54.0#VAR 1131 1 0.575978 0.424022 
 ----> 1.3#6.6#44.0#54.0#VAR 1132 0 0.580051 0.419949 
 ----> 1.3#6.6#44.0#54.0#VAR 1133 0 0.609383 0.390617 
 ----> 1.3#6.6#44.0#54.0#VAR 1134 0 0.604448 0.395552 
 ----> 1.3#6.6#44.0#54.0#VAR 1135 1 0.581175 0.418825 
 ----> 1.3#6.6#44.0#54.0#VAR 1136 1 0.586695 0.413305 
 ----> 1.3#6.6#44.0#54.0#VAR 1137 1 0.588577 0.411423 
 ----> 1.3#6.6#44.0#54.0#VAR 1138 0 0.620287 0.379713 
 ----> 1.3#6.6#44.0#54.0#VAR 1139 0 0.581231 0.418769 
 ----> 1.3#6.6#44.0#54.0#VAR 1140 0 0.574393 0.425607 
 ----> 1.3#6.6#44.0#54.0#VAR 1141 0 0.612498 0.387502 
 ----> 1.3#6.6#44.0#54.0#VAR 1142 1 0.556822 0.443178 
 ----> 1.3#6.6#44.0#54.0#VAR 1143 1 0.533415 0.466585 
 ----> 1.3#6.6#44.0#54.0#VAR 1144 1 0.529211 0.470789 
 ----> 1.3#6.6#44.0#54.0#VAR 1145 1 0.561025 0.438975 
 ----> 1.3#6.6#44.0#54.0#VAR 1146 0 0.616231 0.383769 
 ----> 1.3#6.6#44.0#54.0#VAR 1147 1 0.570595 0.429405 
 ----> 1.3#6.6#44.0#54.0#VAR 1148 0 0.58367 0.41633 
 ----> 1.3#6.6#44.0#54.0#VAR 1149 0 0.576926 0.423074 
 ----> 1.3#6.6#44.0#54.0#VAR 1150 1 0.583056 0.416944 
 ----> 1.3#6.6#44.0#54.0#VAR 1151 1 0.546703 0.453297 
 ----> 1.3#6.6#44.0#54.0#VAR 1152 0 0.596214 0.403786 
 ----> 1.3#6.6#44.0#54.0#VAR 1153 1 0.545293 0.454707 
 ----> 1.3#6.6#44.0#54.0#VAR 1154 1 0.540667 0.459333 
 ----> 1.3#6.6#44.0#54.0#VAR 1155 1 0.552 0.448 
 ----> 1.3#6.6#44.0#54.0#VAR 1156 0 0.593932 0.406068 
 ----> 1.3#6.6#44.0#54.0#VAR 1157 0 0.590162 0.409838 
 ----> 1.3#6.6#44.0#54.0#VAR 1158 0 0.582945 0.417055 
 ----> 1.3#6.6#44.0#54.0#VAR 1159 0 0.581611 0.418389 
 ----> 1.3#6.6#44.0#54.0#VAR 1160 1 0.547811 0.452189 
 ----> 1.3#6.6#44.0#54.0#VAR 1161 0 0.59309 0.40691 
 ----> 1.3#6.6#44.0#54.0#VAR 1162 0 0.633439 0.366561 
 ----> 1.3#6.6#44.0#54.0#VAR 1163 1 0.541551 0.458449 
 ----> 1.3#6.6#44.0#54.0#VAR 1164 0 0.588819 0.411181 
 ----> 1.3#6.6#44.0#54.0#VAR 1165 0 0.556798 0.443202 
 ----> 1.3#6.6#44.0#54.0#VAR 1166 1 0.569209 0.430791 
 ----> 1.3#6.6#44.0#54.0#VAR 1167 0 0.611443 0.388557 
 ----> 1.3#6.6#44.0#54.0#VAR 1168 0 0.603237 0.396763 
 ----> 1.3#6.6#44.0#54.0#VAR 1169 0 0.602529 0.397471 
 ----> 1.3#6.6#44.0#54.0#VAR 1170 0 0.589953 0.410047 
 ----> 1.3#6.6#44.0#54.0#VAR 1171 1 0.528041 0.471959 
 ----> 1.3#6.6#44.0#54.0#VAR 1172 0 0.596753 0.403247 
 ----> 1.3#6.6#44.0#54.0#VAR 1173 1 0.511968 0.488032 
 ----> 1.3#6.6#44.0#54.0#VAR 1174 1 0.531123 0.468877 
 ----> 1.3#6.6#44.0#54.0#VAR 1175 0 0.535533 0.464467 
 ----> 1.3#6.6#44.0#54.0#VAR 1176 1 0.532727 0.467273 
 ----> 1.3#6.6#44.0#54.0#VAR 1177 1 0.572612 0.427388 
 ----> 1.3#6.6#44.0#54.0#VAR 1178 0 0.592138 0.407862 
 ----> 1.3#6.6#44.0#54.0#VAR 1179 1 0.539735 0.460265 
 ----> 1.3#6.6#44.0#54.0#VAR 1180 0 0.629861 0.370139 
 ----> 1.3#6.6#44.0#54.0#VAR 1181 0 0.586395 0.413605 
 ----> 1.3#6.6#44.0#54.0#VAR 1182 1 0.483987 0.516013 
 ----> 1.3#6.6#44.0#54.0#VAR 1183 0 0.561016 0.438984 
 ----> 1.3#6.6#44.0#54.0#VAR 1184 0 0.570393 0.429607 
 ----> 1.3#6.6#44.0#54.0#VAR 1185 1 0.544214 0.455786 
 ----> 1.3#6.6#44.0#54.0#VAR 1186 0 0.584694 0.415306 
 ----> 1.3#6.6#44.0#54.0#VAR 1187 0 0.587687 0.412313 
 ----> 1.3#6.6#44.0#54.0#VAR 1188 0 0.593282 0.406718 
 ----> 1.3#6.6#44.0#54.0#VAR 1189 0 0.59263 0.40737 
 ----> 1.3#6.6#44.0#54.0#VAR 1190 0 0.567618 0.432382 
 ----> 1.3#6.6#44.0#54.0#VAR 1191 0 0.594467 0.405533 
 ----> 1.3#6.6#44.0#54.0#VAR 1192 0 0.560247 0.439753 
 ----> 1.3#6.6#44.0#54.0#VAR 1193 0 0.602096 0.397904 
 ----> 1.3#6.6#44.0#54.0#VAR 1194 0 0.618029 0.381971 
 ----> 1.3#6.6#44.0#54.0#VAR 1195 0 0.587353 0.412647 
 ----> 1.3#6.6#44.0#54.0#VAR 1196 1 0.573357 0.426643 
 ----> 1.3#6.6#44.0#54.0#VAR 1197 1 0.599511 0.400489 
 ----> 1.3#6.6#44.0#54.0#VAR 1198 0 0.580976 0.419024 
 ----> 1.3#6.6#44.0#54.0#VAR 1199 0 0.597232 0.402768 
 ----> 1.3#6.6#44.0#54.0#VAR 1200 1 0.54087 0.45913 
 ----> 1.3#6.6#44.0#54.0#VAR 1201 0 0.614955 0.385045 
 ----> 1.3#6.6#44.0#54.0#VAR 1202 0 0.572171 0.427829 
 ----> 1.3#6.6#44.0#54.0#VAR 1203 0 0.603461 0.396539 
 ----> 1.3#6.6#44.0#54.0#VAR 1204 1 0.613944 0.386056 
 ----> 1.3#6.6#44.0#54.0#VAR 1205 1 0.583097 0.416903 
 ----> 1.3#6.6#44.0#54.0#VAR 1206 0 0.566593 0.433407 
 ----> 1.3#6.6#44.0#54.0#VAR 1207 1 0.61067 0.38933 
 ----> 1.3#6.6#44.0#54.0#VAR 1208 0 0.588919 0.411081 
 ----> 1.3#6.6#44.0#54.0#VAR 1209 1 0.566009 0.433991 
 ----> 1.3#6.6#44.0#54.0#VAR 1210 0 0.642187 0.357813 
 ----> 1.3#6.6#44.0#54.0#VAR 1211 1 0.594054 0.405946 
 ----> 1.3#6.6#44.0#54.0#VAR 1212 1 0.555287 0.444713 
 ----> 1.3#6.6#44.0#54.0#VAR 1213 0 0.554892 0.445108 
 ----> 1.3#6.6#44.0#54.0#VAR 1214 0 0.55123 0.44877 
 ----> 1.3#6.6#44.0#54.0#VAR 1215 0 0.586661 0.413339 
 ----> 1.3#6.6#44.0#54.0#VAR 1216 0 0.59592 0.40408 
 ----> 1.3#6.6#44.0#54.0#VAR 1217 0 0.575115 0.424885 
 ----> 1.3#6.6#44.0#54.0#VAR 1218 0 0.582519 0.417481 
 ----> 1.3#6.6#44.0#54.0#VAR 1219 0 0.564999 0.435001 
 ----> 1.3#6.6#44.0#54.0#VAR 1220 0 0.601834 0.398166 
 ----> 1.3#6.6#44.0#54.0#VAR 1221 0 0.58034 0.41966 
 ----> 1.3#6.6#44.0#54.0#VAR 1222 1 0.57566 0.42434 
 ----> 1.3#6.6#44.0#54.0#VAR 1223 1 0.599773 0.400227 
 ----> 1.3#6.6#44.0#54.0#VAR 1224 1 0.535277 0.464723 
 ----> 1.3#6.6#44.0#54.0#VAR 1225 0 0.599608 0.400392 
 ----> 1.3#6.6#44.0#54.0#VAR 1226 1 0.562013 0.437987 
 ----> 1.3#6.6#44.0#54.0#VAR 1227 1 0.54709 0.45291 
 ----> 1.3#6.6#44.0#54.0#VAR 1228 0 0.605123 0.394877 
 ----> 1.3#6.6#44.0#54.0#VAR 1229 0 0.570585 0.429415 
 ----> 1.3#6.6#44.0#54.0#VAR 1230 1 0.504795 0.495205 
 ----> 1.3#6.6#44.0#54.0#VAR 1231 1 0.462473 0.537527 
 ----> 1.3#6.6#44.0#54.0#VAR 1232 0 0.624138 0.375862 
 ----> 1.3#6.6#44.0#54.0#VAR 1233 0 0.651901 0.348099 
 ----> 1.3#6.6#44.0#54.0#VAR 1234 1 0.547083 0.452917 
 ----> 1.3#6.6#44.0#54.0#VAR 1235 1 0.547763 0.452237 
 ----> 1.3#6.6#44.0#54.0#VAR 1236 0 0.57542 0.42458 
 ----> 1.3#6.6#44.0#54.0#VAR 1237 0 0.570411 0.429589 
 ----> 1.3#6.6#44.0#54.0#VAR 1238 0 0.59344 0.40656 
 ----> 1.3#6.6#44.0#54.0#VAR 1239 1 0.586381 0.413619 
 ----> 1.3#6.6#44.0#54.0#VAR 1240 0 0.597185 0.402815 
 ----> 1.3#6.6#44.0#54.0#VAR 1241 0 0.599267 0.400733 
 ----> 1.3#6.6#44.0#54.0#VAR 1242 1 0.555145 0.444855 
 ----> 1.3#6.6#44.0#54.0#VAR 1243 0 0.569959 0.430041 
 ----> 1.3#6.6#44.0#54.0#VAR 1244 0 0.581605 0.418395 
 ----> 1.3#6.6#44.0#54.0#VAR 1245 0 0.574755 0.425245 
 ----> 1.3#6.6#44.0#54.0#VAR 1246 0 0.563103 0.436897 
 ----> 1.3#6.6#44.0#54.0#VAR 1247 0 0.591819 0.408181 
 ----> 1.3#6.6#44.0#54.0#VAR 1248 0 0.569454 0.430546 
 ----> 1.3#6.6#44.0#54.0#VAR 1249 0 0.573276 0.426724 
 ----> 1.3#6.6#44.0#54.0#VAR 1250 0 0.632707 0.367293 
 ----> 1.3#6.6#44.0#54.0#VAR 1251 0 0.583633 0.416367 
 ----> 1.3#6.6#44.0#54.0#VAR 1252 0 0.579808 0.420192 
 ----> 1.3#6.6#44.0#54.0#VAR 1253 0 0.595962 0.404038 
 ----> 1.3#6.6#44.0#54.0#VAR 1254 0 0.585694 0.414306 
 ----> 1.3#6.6#44.0#54.0#VAR 1255 0 0.585644 0.414356 
 ----> 1.3#6.6#44.0#54.0#VAR 1256 0 0.579745 0.420255 
 ----> 1.3#6.6#44.0#54.0#VAR 1257 1 0.575925 0.424075 
 ----> 1.3#6.6#44.0#54.0#VAR 1258 0 0.599769 0.400231 
 ----> 1.3#6.6#44.0#54.0#VAR 1259 1 0.569368 0.430632 
 ----> 1.3#6.6#44.0#54.0#VAR 1260 0 0.579187 0.420813 
 ----> 1.3#6.6#44.0#54.0#VAR 1261 0 0.609199 0.390801 
 ----> 1.3#6.6#44.0#54.0#VAR 1262 0 0.587796 0.412204 
 ----> 1.3#6.6#44.0#54.0#VAR 1263 1 0.549591 0.450409 
 ----> 1.3#6.6#44.0#54.0#VAR 1264 0 0.58767 0.41233 
 ----> 1.3#6.6#44.0#54.0#VAR 1265 1 0.569331 0.430669 
 ----> 1.3#6.6#44.0#54.0#VAR 1266 1 0.550338 0.449662 
 ----> 1.3#6.6#44.0#54.0#VAR 1267 1 0.536898 0.463102 
 ----> 1.3#6.6#44.0#54.0#VAR 1268 1 0.576869 0.423131 
 ----> 1.3#6.6#44.0#54.0#VAR 1269 1 0.561097 0.438903 
 ----> 1.3#6.6#44.0#54.0#VAR 1270 1 0.544081 0.455919 
 ----> 1.3#6.6#44.0#54.0#VAR 1271 1 0.575314 0.424686 
 ----> 1.3#6.6#44.0#54.0#VAR 1272 0 0.559948 0.440052 
 ----> 1.3#6.6#44.0#54.0#VAR 1273 1 0.56695 0.43305 
 ----> 1.3#6.6#44.0#54.0#VAR 1274 0 0.572602 0.427398 
 ----> 1.3#6.6#44.0#54.0#VAR 1275 0 0.597267 0.402733 
 ----> 1.3#6.6#44.0#54.0#VAR 1276 1 0.52071 0.47929 
 ----> 1.3#6.6#44.0#54.0#VAR 1277 1 0.517511 0.482489 
 ----> 1.3#6.6#44.0#54.0#VAR 1278 1 0.525822 0.474178 
 ----> 1.3#6.6#44.0#54.0#VAR 1279 0 0.606185 0.393815 
 ----> 1.3#6.6#44.0#54.0#VAR 1280 1 0.574894 0.425106 
 ----> 1.3#6.6#44.0#54.0#VAR 1281 0 0.572968 0.427032 
 ----> 1.3#6.6#44.0#54.0#VAR 1282 1 0.568956 0.431044 
 ----> 1.3#6.6#44.0#54.0#VAR 1283 0 0.609944 0.390056 
 ----> 1.3#6.6#44.0#54.0#VAR 1284 1 0.549586 0.450414 
 ----> 1.3#6.6#44.0#54.0#VAR 1285 1 0.549254 0.450746 
 ----> 1.3#6.6#44.0#54.0#VAR 1286 0 0.59602 0.40398 
 ----> 1.3#6.6#44.0#54.0#VAR 1287 1 0.556841 0.443159 
 ----> 1.3#6.6#44.0#54.0#VAR 1288 1 0.582006 0.417994 
 ----> 1.3#6.6#44.0#54.0#VAR 1289 1 0.590726 0.409274 
 ----> 1.3#6.6#44.0#54.0#VAR 1290 1 0.567029 0.432971 
 ----> 1.3#6.6#44.0#54.0#VAR 1291 0 0.595894 0.404106 
 ----> 1.3#6.6#44.0#54.0#VAR 1292 0 0.635407 0.364593 
 ----> 1.3#6.6#44.0#54.0#VAR 1293 0 0.567415 0.432585 
 ----> 1.3#6.6#44.0#54.0#VAR 1294 0 0.627406 0.372594 
 ----> 1.3#6.6#44.0#54.0#VAR 1295 0 0.615628 0.384372 
 ----> 1.3#6.6#44.0#54.0#VAR 1296 1 0.592574 0.407426 
 ----> 1.3#6.6#44.0#54.0#VAR 1297 0 0.602195 0.397805 
 ----> 1.3#6.6#44.0#54.0#VAR 1298 1 0.572257 0.427743 
 ----> 1.3#6.6#44.0#54.0#VAR 1299 0 0.597944 0.402056 
 ----> 1.3#6.6#44.0#54.0#VAR 1300 0 0.605138 0.394862 
 ----> 1.3#6.6#44.0#54.0#VAR 1301 0 0.601012 0.398988 
 ----> 1.3#6.6#44.0#54.0#VAR 1302 1 0.592828 0.407172 
 ----> 1.3#6.6#44.0#54.0#VAR 1303 1 0.577989 0.422011 
 ----> 1.3#6.6#44.0#54.0#VAR 1304 0 0.579742 0.420258 
 ----> 1.3#6.6#44.0#54.0#VAR 1305 0 0.64291 0.35709 
 ----> 1.3#6.6#44.0#54.0#VAR 1306 0 0.592826 0.407174 
 ----> 1.3#6.6#44.0#54.0#VAR 1307 0 0.608646 0.391354 
 ----> 1.3#6.6#44.0#54.0#VAR 1308 1 0.592497 0.407503 
 ----> 1.3#6.6#44.0#54.0#VAR 1309 0 0.600019 0.399981 
 ----> 1.3#6.6#44.0#54.0#VAR 1310 0 0.620127 0.379873 
 ----> 1.3#6.6#44.0#54.0#VAR 1311 1 0.605448 0.394552 
 ----> 1.3#6.6#44.0#54.0#VAR 1312 1 0.575998 0.424002 
 ----> 1.3#6.6#44.0#54.0#VAR 1313 0 0.58664 0.41336 
 ----> 1.3#6.6#44.0#54.0#VAR 1314 0 0.615666 0.384334 
 ----> 1.3#6.6#44.0#54.0#VAR 1315 0 0.600087 0.399913 
 ----> 1.3#6.6#44.0#54.0#VAR 1316 1 0.553261 0.446739 
 ----> 1.3#6.6#44.0#54.0#VAR 1317 0 0.62559 0.37441 
 ----> 1.3#6.6#44.0#54.0#VAR 1318 1 0.565673 0.434327 
 ----> 1.3#6.6#44.0#54.0#VAR 1319 1 0.569869 0.430131 
 ----> 1.3#6.6#44.0#54.0#VAR 1320 0 0.572189 0.427811 
 ----> 1.3#6.6#44.0#54.0#VAR 1321 0 0.587591 0.412409 
 ----> 1.3#6.6#44.0#54.0#VAR 1322 0 0.586529 0.413471 
 ----> 1.3#6.6#44.0#54.0#VAR 1323 1 0.592158 0.407842 
 ----> 1.3#6.6#44.0#54.0#VAR 1324 0 0.63623 0.36377 
 ----> 1.3#6.6#44.0#54.0#VAR 1325 0 0.640434 0.359566 
 ----> 1.3#6.6#44.0#54.0#VAR 1326 1 0.568887 0.431113 
 ----> 1.3#6.6#44.0#54.0#VAR 1327 0 0.572177 0.427823 
 ----> 1.3#6.6#44.0#54.0#VAR 1328 0 0.626286 0.373714 
 ----> 1.3#6.6#44.0#54.0#VAR 1329 0 0.614334 0.385666 
 ----> 1.3#6.6#44.0#54.0#VAR 1330 1 0.581172 0.418828 
 ----> 1.3#6.6#44.0#54.0#VAR 1331 1 0.576634 0.423366 
 ----> 1.3#6.6#44.0#54.0#VAR 1332 0 0.586665 0.413335 
 ----> 1.3#6.6#44.0#54.0#VAR 1333 1 0.585216 0.414784 
 ----> 1.3#6.6#44.0#54.0#VAR 1334 0 0.597898 0.402102 
 ----> 1.3#6.6#44.0#54.0#VAR 1335 0 0.57127 0.42873 
 ----> 1.3#6.6#44.0#54.0#VAR 1336 0 0.583145 0.416855 
 ----> 1.3#6.6#44.0#54.0#VAR 1337 1 0.55484 0.44516 
 ----> 1.3#6.6#44.0#54.0#VAR 1338 0 0.558718 0.441282 
 ----> 1.3#6.6#44.0#54.0#VAR 1339 1 0.603624 0.396376 
 ----> 1.3#6.6#44.0#54.0#VAR 1340 1 0.563979 0.436021 
 ----> 1.3#6.6#44.0#54.0#VAR 1341 0 0.602996 0.397004 
 ----> 1.3#6.6#44.0#54.0#VAR 1342 0 0.58622 0.41378 
 ----> 1.3#6.6#44.0#54.0#VAR 1343 0 0.576263 0.423737 
 ----> 1.3#6.6#44.0#54.0#VAR 1344 1 0.546333 0.453667 
 ----> 1.3#6.6#44.0#54.0#VAR 1345 0 0.569762 0.430238 
 ----> 1.3#6.6#44.0#54.0#VAR 1346 1 0.567254 0.432746 
 ----> 1.3#6.6#44.0#54.0#VAR 1347 1 0.552414 0.447586 
 ----> 1.3#6.6#44.0#54.0#VAR 1348 1 0.531037 0.468963 
 ----> 1.3#6.6#44.0#54.0#VAR 1349 0 0.594861 0.405139 
 ----> 1.3#6.6#44.0#54.0#VAR 1350 1 0.54486 0.45514 
 ----> 1.3#6.6#44.0#54.0#VAR 1351 0 0.578981 0.421019 
 ----> 1.3#6.6#44.0#54.0#VAR 1352 1 0.579398 0.420602 
 ----> 1.3#6.6#44.0#54.0#VAR 1353 1 0.566369 0.433631 
 ----> 1.3#6.6#44.0#54.0#VAR 1354 1 0.562687 0.437313 
 ----> 1.3#6.6#44.0#54.0#VAR 1355 1 0.588519 0.411481 
 ----> 1.3#6.6#44.0#54.0#VAR 1356 0 0.618101 0.381899 
 ----> 1.3#6.6#44.0#54.0#VAR 1357 1 0.541589 0.458411 
 ----> 1.3#6.6#44.0#54.0#VAR 1358 0 0.641691 0.358309 
 ----> 1.3#6.6#44.0#54.0#VAR 1359 0 0.571038 0.428962 
 ----> 1.3#6.6#44.0#54.0#VAR 1360 1 0.549652 0.450348 
 ----> 1.3#6.6#44.0#54.0#VAR 1361 1 0.515636 0.484364 
 ----> 1.3#6.6#44.0#54.0#VAR 1362 0 0.562187 0.437813 
 ----> 1.3#6.6#44.0#54.0#VAR 1363 0 0.559207 0.440793 
 ----> 1.3#6.6#44.0#54.0#VAR 1364 0 0.595673 0.404327 
 ----> 1.3#6.6#44.0#54.0#VAR 1365 0 0.58078 0.41922 
 ----> 1.3#6.6#44.0#54.0#VAR 1366 0 0.575466 0.424534 
 ----> 1.3#6.6#44.0#54.0#VAR 1367 0 0.588219 0.411781 
 ----> 1.3#6.6#44.0#54.0#VAR 1368 1 0.578377 0.421623 
 ----> 1.3#6.6#44.0#54.0#VAR 1369 0 0.578342 0.421658 
 ----> 1.3#6.6#44.0#54.0#VAR 1370 1 0.584795 0.415205 
 ----> 1.3#6.6#44.0#54.0#VAR 1371 1 0.582093 0.417907 
 ----> 1.3#6.6#44.0#54.0#VAR 1372 0 0.586214 0.413786 
 ----> 1.3#6.6#44.0#54.0#VAR 1373 0 0.580424 0.419576 
 ----> 1.3#6.6#44.0#54.0#VAR 1374 0 0.5791 0.4209 
 ----> 1.3#6.6#44.0#54.0#VAR 1375 0 0.593718 0.406282 
 ----> 1.3#6.6#44.0#54.0#VAR 1376 1 0.588102 0.411898 
 ----> 1.3#6.6#44.0#54.0#VAR 1377 0 0.555625 0.444375 
 ----> 1.3#6.6#44.0#54.0#VAR 1378 0 0.621441 0.378559 
 ----> 1.3#6.6#44.0#54.0#VAR 1379 1 0.589772 0.410228 
 ----> 1.3#6.6#44.0#54.0#VAR 1380 0 0.600825 0.399175 
 ----> 1.3#6.6#44.0#54.0#VAR 1381 0 0.609598 0.390402 
 ----> 1.3#6.6#44.0#54.0#VAR 1382 0 0.59753 0.40247 
 ----> 1.3#6.6#44.0#54.0#VAR 1383 1 0.541402 0.458598 
 ----> 1.3#6.6#44.0#54.0#VAR 1384 1 0.614981 0.385019 
 ----> 1.3#6.6#44.0#54.0#VAR 1385 1 0.564266 0.435734 
 ----> 1.3#6.6#44.0#54.0#VAR 1386 0 0.572074 0.427926 
 ----> 1.3#6.6#44.0#54.0#VAR 1387 1 0.554468 0.445532 
 ----> 1.3#6.6#44.0#54.0#VAR 1388 0 0.595882 0.404118 
 ----> 1.3#6.6#44.0#54.0#VAR 1389 0 0.583712 0.416288 
 ----> 1.3#6.6#44.0#54.0#VAR 1390 0 0.561978 0.438022 
 ----> 1.3#6.6#44.0#54.0#VAR 1391 1 0.540315 0.459685 
 ----> 1.3#6.6#44.0#54.0#VAR 1392 1 0.550044 0.449956 
 ----> 1.3#6.6#44.0#54.0#VAR 1393 1 0.571977 0.428023 
 ----> 1.3#6.6#44.0#54.0#VAR 1394 0 0.568395 0.431605 
 ----> 1.3#6.6#44.0#54.0#VAR 1395 0 0.606193 0.393807 
 ----> 1.3#6.6#44.0#54.0#VAR 1396 0 0.591213 0.408787 
 ----> 1.3#6.6#44.0#54.0#VAR 1397 0 0.567228 0.432772 
 ----> 1.3#6.6#44.0#54.0#VAR 1398 0 0.567972 0.432028 
 ----> 1.3#6.6#44.0#54.0#VAR 1399 0 0.6163 0.3837 
 ----> 1.3#6.6#44.0#54.0#VAR 1400 0 0.591643 0.408357 
 ----> 1.3#6.6#44.0#54.0#VAR 1401 1 0.559719 0.440281 
 ----> 1.3#6.6#44.0#54.0#VAR 1402 1 0.567351 0.432649 
 ----> 1.3#6.6#44.0#54.0#VAR 1403 0 0.57309 0.42691 
 ----> 1.3#6.6#44.0#54.0#VAR 1404 0 0.578171 0.421829 
 ----> 1.3#6.6#44.0#54.0#VAR 1405 0 0.598352 0.401648 
 ----> 1.3#6.6#44.0#54.0#VAR 1406 1 0.600219 0.399781 
 ----> 1.3#6.6#44.0#54.0#VAR 1407 1 0.577594 0.422406 
 ----> 1.3#6.6#44.0#54.0#VAR 1408 0 0.627804 0.372196 
 ----> 1.3#6.6#44.0#54.0#VAR 1409 1 0.596495 0.403505 
 ----> 1.3#6.6#44.0#54.0#VAR 1410 0 0.561804 0.438196 
 ----> 1.3#6.6#44.0#54.0#VAR 1411 1 0.538983 0.461017 
 ----> 1.3#6.6#44.0#54.0#VAR 1412 0 0.577754 0.422246 
 ----> 1.3#6.6#44.0#54.0#VAR 1413 1 0.570785 0.429215 
 ----> 1.3#6.6#44.0#54.0#VAR 1414 0 0.615035 0.384965 
 ----> 1.3#6.6#44.0#54.0#VAR 1415 0 0.555925 0.444075 
 ----> 1.3#6.6#44.0#54.0#VAR 1416 0 0.59514 0.40486 
 ----> 1.3#6.6#44.0#54.0#VAR 1417 0 0.589297 0.410703 
 ----> 1.3#6.6#44.0#54.0#VAR 1418 1 0.548662 0.451338 
 ----> 1.3#6.6#44.0#54.0#VAR 1419 0 0.610165 0.389835 
 ----> 1.3#6.6#44.0#54.0#VAR 1420 0 0.573218 0.426782 
 ----> 1.3#6.6#44.0#54.0#VAR 1421 1 0.572948 0.427052 
 ----> 1.3#6.6#44.0#54.0#VAR 1422 0 0.598886 0.401114 
 ----> 1.3#6.6#44.0#54.0#VAR 1423 0 0.592445 0.407555 
 ----> 1.3#6.6#44.0#54.0#VAR 1424 1 0.551841 0.448159 
 ----> 1.3#6.6#44.0#54.0#VAR 1425 0 0.596739 0.403261 
 ----> 1.3#6.6#44.0#54.0#VAR 1426 0 0.608369 0.391631 
 ----> 1.3#6.6#44.0#54.0#VAR 1427 0 0.605041 0.394959 
 ----> 1.3#6.6#44.0#54.0#VAR 1428 1 0.595864 0.404136 
 ----> 1.3#6.6#44.0#54.0#VAR 1429 0 0.586291 0.413709 
 ----> 1.3#6.6#44.0#54.0#VAR 1430 1 0.580681 0.419319 
 ----> 1.3#6.6#44.0#54.0#VAR 1431 0 0.592703 0.407297 
 ----> 1.3#6.6#44.0#54.0#VAR 1432 0 0.613622 0.386378 
 ----> 1.3#6.6#44.0#54.0#VAR 1433 1 0.582965 0.417035 
 ----> 1.3#6.6#44.0#54.0#VAR 1434 1 0.565022 0.434978 
 ----> 1.3#6.6#44.0#54.0#VAR 1435 0 0.637268 0.362732 
 ----> 1.3#6.6#44.0#54.0#VAR 1436 1 0.576808 0.423192 
 ----> 1.3#6.6#44.0#54.0#VAR 1437 0 0.62262 0.37738 
 ----> 1.3#6.6#44.0#54.0#VAR 1438 1 0.598835 0.401165 
 ----> 1.3#6.6#44.0#54.0#VAR 1439 0 0.608253 0.391747 
 ----> 1.3#6.6#44.0#54.0#VAR 1440 1 0.57093 0.42907 
 ----> 1.3#6.6#44.0#54.0#VAR 1441 1 0.5856 0.4144 
 ----> 1.3#6.6#44.0#54.0#VAR 1442 1 0.578973 0.421027 
 ----> 1.3#6.6#44.0#54.0#VAR 1443 1 0.578468 0.421532 
 ----> 1.3#6.6#44.0#54.0#VAR 1444 1 0.567404 0.432596 
 ----> 1.3#6.6#44.0#54.0#VAR 1445 0 0.583743 0.416257 
 ----> 1.3#6.6#44.0#54.0#VAR 1446 1 0.570912 0.429088 
 ----> 1.3#6.6#44.0#54.0#VAR 1447 0 0.609669 0.390331 
 ----> 1.3#6.6#44.0#54.0#VAR 1448 1 0.587717 0.412283 
 ----> 1.3#6.6#44.0#54.0#VAR 1449 1 0.56762 0.43238 
 ----> 1.3#6.6#44.0#54.0#VAR 1450 1 0.558855 0.441145 
 ----> 1.3#6.6#44.0#54.0#VAR 1451 1 0.570052 0.429948 
 ----> 1.3#6.6#44.0#54.0#VAR 1452 0 0.649128 0.350872 
 ----> 1.3#6.6#44.0#54.0#VAR 1453 0 0.645367 0.354633 
 ----> 1.3#6.6#44.0#54.0#VAR 1454 1 0.570426 0.429574 
 ----> 1.3#6.6#44.0#54.0#VAR 1455 0 0.647731 0.352269 
 ----> 1.3#6.6#44.0#54.0#VAR 1456 1 0.58128 0.41872 
 ----> 1.3#6.6#44.0#54.0#VAR 1457 1 0.586479 0.413521 
 ----> 1.3#6.6#44.0#54.0#VAR 1458 0 0.598771 0.401229 
 ----> 1.3#6.6#44.0#54.0#VAR 1459 1 0.576331 0.423669 
 ----> 1.3#6.6#44.0#54.0#VAR 1460 1 0.598636 0.401364 
 ----> 1.3#6.6#44.0#54.0#VAR 1461 0 0.596804 0.403196 
 ----> 1.3#6.6#44.0#54.0#VAR 1462 1 0.573379 0.426621 
 ----> 1.3#6.6#44.0#54.0#VAR 1463 1 0.603154 0.396846 
 ----> 1.3#6.6#44.0#54.0#VAR 1464 1 0.58591 0.41409 
 ----> 1.3#6.6#44.0#54.0#VAR 1465 1 0.60976 0.39024 
 ----> 1.3#6.6#44.0#54.0#VAR 1466 0 0.580682 0.419318 
 ----> 1.3#6.6#44.0#54.0#VAR 1467 1 0.580898 0.419102 
 ----> 1.3#6.6#44.0#54.0#VAR 1468 1 0.601945 0.398055 
 ----> 1.3#6.6#44.0#54.0#VAR 1469 1 0.605538 0.394462 
 ----> 1.3#6.6#44.0#54.0#VAR 1470 1 0.600906 0.399094 
 ----> 1.3#6.6#44.0#54.0#VAR 1471 1 0.593019 0.406981 
 ----> 1.3#6.6#44.0#54.0#VAR 1472 1 0.569173 0.430827 
 ----> 1.3#6.6#44.0#54.0#VAR 1473 0 0.576338 0.423662 
 ----> 1.3#6.6#44.0#54.0#VAR 1474 0 0.576327 0.423673 
 ----> 1.3#6.6#44.0#54.0#VAR 1475 1 0.592904 0.407096 
 ----> 1.3#6.6#44.0#54.0#VAR 1476 0 0.565725 0.434275 
 ----> 1.3#6.6#44.0#54.0#VAR 1477 1 0.643364 0.356636 
 ----> 1.3#6.6#44.0#54.0#VAR 1478 1 0.601261 0.398739 
 ----> 1.3#6.6#44.0#54.0#VAR 1479 0 0.606167 0.393833 
 ----> 1.3#6.6#44.0#54.0#VAR 1480 0 0.612164 0.387836 
 ----> 1.3#6.6#44.0#54.0#VAR 1481 1 0.602517 0.397483 
 ----> 1.3#6.6#44.0#54.0#VAR 1482 1 0.569504 0.430496 
 ----> 1.3#6.6#44.0#54.0#VAR 1483 0 0.616739 0.383261 
 ----> 1.3#6.6#44.0#54.0#VAR 1484 0 0.611106 0.388894 
 ----> 1.3#6.6#44.0#54.0#VAR 1485 0 0.561029 0.438971 
 ----> 1.3#6.6#44.0#54.0#VAR 1486 0 0.563107 0.436893 
 ----> 1.3#6.6#44.0#54.0#VAR 1487 0 0.599476 0.400524 
 ----> 1.3#6.6#44.0#54.0#VAR 1488 0 0.593312 0.406688 
 ----> 1.3#6.6#44.0#54.0#VAR 1489 0 0.59139 0.40861 
 ----> 1.3#6.6#44.0#54.0#VAR 1490 0 0.569695 0.430305 
 ----> 1.3#6.6#44.0#54.0#VAR 1491 1 0.589395 0.410605 
 ----> 1.3#6.6#44.0#54.0#VAR 1492 0 0.607526 0.392474 
 ----> 1.3#6.6#44.0#54.0#VAR 1493 1 0.570149 0.429851 
 ----> 1.3#6.6#44.0#54.0#VAR 1494 1 0.577357 0.422643 
 ----> 1.3#6.6#44.0#54.0#VAR 1495 0 0.591518 0.408482 
 ----> 1.3#6.6#44.0#54.0#VAR 1496 0 0.596491 0.403509 
 ----> 1.3#6.6#44.0#54.0#VAR 1497 1 0.589289 0.410711 
 ----> 1.3#6.6#44.0#54.0#VAR 1498 1 0.625392 0.374608 
 ----> 1.3#6.6#44.0#54.0#VAR 1499 1 0.59476 0.40524 
 ----> 1.3#6.6#44.0#54.0#VAR 1500 0 0.576789 0.423211 
 ----> 1.3#6.6#44.0#54.0#VAR 1501 1 0.606627 0.393373 
 ----> 1.3#6.6#44.0#54.0#VAR 1502 0 0.55652 0.44348 
 ----> 1.3#6.6#44.0#54.0#VAR 1503 1 0.577057 0.422943 
 ----> 1.3#6.6#44.0#54.0#VAR 1504 1 0.599004 0.400996 
 ----> 1.3#6.6#44.0#54.0#VAR 1505 0 0.579835 0.420165 
 ----> 1.3#6.6#44.0#54.0#VAR 1506 1 0.571754 0.428246 
 ----> 1.3#6.6#44.0#54.0#VAR 1507 1 0.592535 0.407465 
 ----> 1.3#6.6#44.0#54.0#VAR 1508 1 0.595849 0.404151 
 ----> 1.3#6.6#44.0#54.0#VAR 1509 0 0.587102 0.412898 
 ----> 1.3#6.6#44.0#54.0#VAR 1510 0 0.564975 0.435025 
 ----> 1.3#6.6#44.0#54.0#VAR 1511 0 0.579596 0.420404 
 ----> 1.3#6.6#44.0#54.0#VAR 1512 1 0.575809 0.424191 
 ----> 1.3#6.6#44.0#54.0#VAR 1513 0 0.592198 0.407802 
 ----> 1.3#6.6#44.0#54.0#VAR 1514 1 0.586708 0.413292 
 ----> 1.3#6.6#44.0#54.0#VAR 1515 0 0.631863 0.368137 
 ----> 1.3#6.6#44.0#54.0#VAR 1516 1 0.608507 0.391493 
 ----> 1.3#6.6#44.0#54.0#VAR 1517 1 0.602328 0.397672 
 ----> 1.3#6.6#44.0#54.0#VAR 1518 1 0.593457 0.406543 
 ----> 1.3#6.6#44.0#54.0#VAR 1519 1 0.586209 0.413791 
 ----> 1.3#6.6#44.0#54.0#VAR 1520 0 0.574161 0.425839 
 ----> 1.3#6.6#44.0#54.0#VAR 1521 0 0.560403 0.439597 
 ----> 1.3#6.6#44.0#54.0#VAR 1522 1 0.597865 0.402135 
 ----> 1.3#6.6#44.0#54.0#VAR 1523 0 0.611358 0.388642 
 ----> 1.3#6.6#44.0#54.0#VAR 1524 1 0.596394 0.403606 
 ----> 1.3#6.6#44.0#54.0#VAR 1525 0 0.57075 0.42925 
 ----> 1.3#6.6#44.0#54.0#VAR 1526 0 0.604054 0.395946 
 ----> 1.3#6.6#44.0#54.0#VAR 1527 0 0.570624 0.429376 
 ----> 1.3#6.6#44.0#54.0#VAR 1528 1 0.589595 0.410405 
 ----> 1.3#6.6#44.0#54.0#VAR 1529 0 0.572228 0.427772 
 ----> 1.3#6.6#44.0#54.0#VAR 1530 1 0.593362 0.406638 
 ----> 1.3#6.6#44.0#54.0#VAR 1531 0 0.580306 0.419694 
 ----> 1.3#6.6#44.0#54.0#VAR 1532 1 0.594469 0.405531 
 ----> 1.3#6.6#44.0#54.0#VAR 1533 1 0.577595 0.422405 
 ----> 1.3#6.6#44.0#54.0#VAR 1534 1 0.595123 0.404877 
 ----> 1.3#6.6#44.0#54.0#VAR 1535 0 0.581491 0.418509 
 ----> 1.3#6.6#44.0#54.0#VAR 1536 0 0.551159 0.448841 
 ----> 1.3#6.6#44.0#54.0#VAR 1537 0 0.5474 0.4526 
 ----> 1.3#6.6#44.0#54.0#VAR 1538 0 0.646387 0.353613 
 ----> 1.3#6.6#44.0#54.0#VAR 1539 0 0.60204 0.39796 
 ----> 1.3#6.6#44.0#54.0#VAR 1540 0 0.626951 0.373049 
 ----> 1.3#6.6#44.0#54.0#VAR 1541 1 0.563351 0.436649 
 ----> 1.3#6.6#44.0#54.0#VAR 1542 0 0.613755 0.386245 
 ----> 1.3#6.6#44.0#54.0#VAR 1543 0 0.587832 0.412168 
 ----> 1.3#6.6#44.0#54.0#VAR 1544 0 0.579627 0.420373 
 ----> 1.3#6.6#44.0#54.0#VAR 1545 0 0.601154 0.398846 
 ----> 1.3#6.6#44.0#54.0#VAR 1546 0 0.632441 0.367559 
 ----> 1.3#6.6#44.0#54.0#VAR 1547 0 0.633192 0.366808 
 ----> 1.3#6.6#44.0#54.0#VAR 1548 1 0.563392 0.436608 
 ----> 1.3#6.6#44.0#54.0#VAR 1549 0 0.618857 0.381143 
 ----> 1.3#6.6#44.0#54.0#VAR 1550 1 0.618885 0.381115 
 ----> 1.3#6.6#44.0#54.0#VAR 1551 1 0.582652 0.417348 
 ----> 1.3#6.6#44.0#54.0#VAR 1552 1 0.58418 0.41582 
 ----> 1.3#6.6#44.0#54.0#VAR 1553 0 0.608878 0.391122 
 ----> 1.3#6.6#44.0#54.0#VAR 1554 1 0.61321 0.38679 
 ----> 1.3#6.6#44.0#54.0#VAR 1555 1 0.558808 0.441192 
 ----> 1.3#6.6#44.0#54.0#VAR 1556 1 0.56878 0.43122 
 ----> 1.3#6.6#44.0#54.0#VAR 1557 1 0.603982 0.396018 
 ----> 1.3#6.6#44.0#54.0#VAR 1558 0 0.611088 0.388912 
 ----> 1.3#6.6#44.0#54.0#VAR 1559 1 0.607058 0.392942 
 ----> 1.3#6.6#44.0#54.0#VAR 1560 1 0.578526 0.421474 
 ----> 1.3#6.6#44.0#54.0#VAR 1561 1 0.595962 0.404038 
 ----> 1.3#6.6#44.0#54.0#VAR 1562 0 0.564899 0.435101 
 ----> 1.3#6.6#44.0#54.0#VAR 1563 1 0.580457 0.419543 
 ----> 1.3#6.6#44.0#54.0#VAR 1564 0 0.613353 0.386647 
 ----> 1.3#6.6#44.0#54.0#VAR 1565 1 0.5946 0.4054 
 ----> 1.3#6.6#44.0#54.0#VAR 1566 0 0.564007 0.435993 
 ----> 1.3#6.6#44.0#54.0#VAR 1567 0 0.591064 0.408936 
 ----> 1.3#6.6#44.0#54.0#VAR 1568 1 0.590182 0.409818 
 ----> 1.3#6.6#44.0#54.0#VAR 1569 1 0.587678 0.412322 
 ----> 1.3#6.6#44.0#54.0#VAR 1570 1 0.579929 0.420071 
 ----> 1.3#6.6#44.0#54.0#VAR 1571 0 0.576407 0.423593 
 ----> 1.3#6.6#44.0#54.0#VAR 1572 0 0.590886 0.409114 
 ----> 1.3#6.6#44.0#54.0#VAR 1573 0 0.617485 0.382515 
 ----> 1.3#6.6#44.0#54.0#VAR 1574 1 0.602861 0.397139 
 ----> 1.3#6.6#44.0#54.0#VAR 1575 1 0.582329 0.417671 
 ----> 1.3#6.6#44.0#54.0#VAR 1576 0 0.565727 0.434273 
 ----> 1.3#6.6#44.0#54.0#VAR 1577 1 0.584889 0.415111 
 ----> 1.3#6.6#44.0#54.0#VAR 1578 1 0.596214 0.403786 
 ----> 1.3#6.6#44.0#54.0#VAR 1579 0 0.595604 0.404396 
 ----> 1.3#6.6#44.0#54.0#VAR 1580 0 0.552474 0.447526 
 ----> 1.3#6.6#44.0#54.0#VAR 1581 0 0.588919 0.411081 
 ----> 1.3#6.6#44.0#54.0#VAR 1582 0 0.585514 0.414486 
 ----> 1.3#6.6#44.0#54.0#VAR 1583 1 0.582882 0.417118 
 ----> 1.3#6.6#44.0#54.0#VAR 1584 1 0.639379 0.360621 
 ----> 1.3#6.6#44.0#54.0#VAR 1585 0 0.591702 0.408298 
 ----> 1.3#6.6#44.0#54.0#VAR 1586 1 0.557875 0.442125 
 ----> 1.3#6.6#44.0#54.0#VAR 1587 0 0.546573 0.453427 
 ----> 1.3#6.6#44.0#54.0#VAR 1588 0 0.563098 0.436902 
 ----> 1.3#6.6#44.0#54.0#VAR 1589 1 0.592588 0.407412 
 ----> 1.3#6.6#44.0#54.0#VAR 1590 0 0.596875 0.403125 
 ----> 1.3#6.6#44.0#54.0#VAR 1591 1 0.614995 0.385005 
 ----> 1.3#6.6#44.0#54.0#VAR 1592 1 0.58838 0.41162 
 ----> 1.3#6.6#44.0#54.0#VAR 1593 1 0.612958 0.387042 
 ----> 1.3#6.6#44.0#54.0#VAR 1594 0 0.628761 0.371239 
 ----> 1.3#6.6#44.0#54.0#VAR 1595 1 0.56552 0.43448 
 ----> 1.3#6.6#44.0#54.0#VAR 1596 1 0.548488 0.451512 
 ----> 1.3#6.6#44.0#54.0#VAR 1597 1 0.610455 0.389545 
 ----> 1.3#6.6#44.0#54.0#VAR 1598 0 0.589614 0.410386 
 ----> 1.3#6.6#44.0#54.0#VAR 1599 1 0.559873 0.440127 
 ----> 1.3#6.6#44.0#54.0#VAR 1600 0 0.596306 0.403694 
 ----> 1.3#6.6#44.0#54.0#VAR 1601 1 0.598854 0.401146 
 ----> 1.3#6.6#44.0#54.0#VAR 1602 0 0.59092 0.40908 
 ----> 1.3#6.6#44.0#54.0#VAR 1603 1 0.578177 0.421823 
 ----> 1.3#6.6#44.0#54.0#VAR 1604 0 0.604652 0.395348 
 ----> 1.3#6.6#44.0#54.0#VAR 1605 1 0.568708 0.431292 
 ----> 1.3#6.6#44.0#54.0#VAR 1606 0 0.568187 0.431813 
 ----> 1.3#6.6#44.0#54.0#VAR 1607 0 0.56413 0.43587 
 ----> 1.3#6.6#44.0#54.0#VAR 1608 1 0.592331 0.407669 
 ----> 1.3#6.6#44.0#54.0#VAR 1609 0 0.547044 0.452956 
 ----> 1.3#6.6#44.0#54.0#VAR 1610 1 0.578021 0.421979 
 ----> 1.3#6.6#44.0#54.0#VAR 1611 0 0.567779 0.432221 
 ----> 1.3#6.6#44.0#54.0#VAR 1612 1 0.562908 0.437092 
 ----> 1.3#6.6#44.0#54.0#VAR 1613 1 0.594443 0.405557 
 ----> 1.3#6.6#44.0#54.0#VAR 1614 1 0.587432 0.412568 
 ----> 1.3#6.6#44.0#54.0#VAR 1615 0 0.588605 0.411395 
 ----> 1.3#6.6#44.0#54.0#VAR 1616 0 0.611436 0.388564 
 ----> 1.3#6.6#44.0#54.0#VAR 1617 0 0.567682 0.432318 
 ----> 1.3#6.6#44.0#54.0#VAR 1618 1 0.612129 0.387871 
 ----> 1.3#6.6#44.0#54.0#VAR 1619 1 0.599856 0.400144 
 ----> 1.3#6.6#44.0#54.0#VAR 1620 1 0.623328 0.376672 
 ----> 1.3#6.6#44.0#54.0#VAR 1621 0 0.630401 0.369599 
 ----> 1.3#6.6#44.0#54.0#VAR 1622 1 0.586345 0.413655 
 ----> 1.3#6.6#44.0#54.0#VAR 1623 0 0.599419 0.400581 
 ----> 1.3#6.6#44.0#54.0#VAR 1624 0 0.586622 0.413378 
 ----> 1.3#6.6#44.0#54.0#VAR 1625 0 0.568585 0.431415 
 ----> 1.3#6.6#44.0#54.0#VAR 1626 1 0.570452 0.429548 
 ----> 1.3#6.6#44.0#54.0#VAR 1627 1 0.571959 0.428041 
 ----> 1.3#6.6#44.0#54.0#VAR 1628 1 0.580535 0.419465 
 ----> 1.3#6.6#44.0#54.0#VAR 1629 0 0.560286 0.439714 
 ----> 1.3#6.6#44.0#54.0#VAR 1630 0 0.605125 0.394875 
 ----> 1.3#6.6#44.0#54.0#VAR 1631 0 0.57859 0.42141 
 ----> 1.3#6.6#44.0#54.0#VAR 1632 1 0.568341 0.431659 
 ----> 1.3#6.6#44.0#54.0#VAR 1633 1 0.638893 0.361107 
 ----> 1.3#6.6#44.0#54.0#VAR 1634 1 0.524512 0.475488 
 ----> 1.3#6.6#44.0#54.0#VAR 1635 1 0.624413 0.375587 
 ----> 1.3#6.6#44.0#54.0#VAR 1636 1 0.616354 0.383646 
 ----> 1.3#6.6#44.0#54.0#VAR 1637 1 0.607296 0.392704 
 ----> 1.3#6.6#44.0#54.0#VAR 1638 1 0.616098 0.383902 
 ----> 1.3#6.6#44.0#54.0#VAR 1639 0 0.598812 0.401188 
 ----> 1.3#6.6#44.0#54.0#VAR 1640 1 0.618264 0.381736 
 ----> 1.3#6.6#44.0#54.0#VAR 1641 1 0.59336 0.40664 
 ----> 1.3#6.6#44.0#54.0#VAR 1642 1 0.631159 0.368841 
 ----> 1.3#6.6#44.0#54.0#VAR 1643 1 0.609453 0.390547 
 ----> 1.3#6.6#44.0#54.0#VAR 1644 0 0.610388 0.389612 
 ----> 1.3#6.6#44.0#54.0#VAR 1645 1 0.61669 0.38331 
 ----> 1.3#6.6#44.0#54.0#VAR 1646 1 0.603777 0.396223 
 ----> 1.3#6.6#44.0#54.0#VAR 1647 0 0.613082 0.386918 
 ----> 1.3#6.6#44.0#54.0#VAR 1648 1 0.56854 0.43146 
 ----> 1.3#6.6#44.0#54.0#VAR 1649 0 0.588377 0.411623 
 ----> 1.3#6.6#44.0#54.0#VAR 1650 1 0.576323 0.423677 
 ----> 1.3#6.6#44.0#54.0#VAR 1651 1 0.559977 0.440023 
 ----> 1.3#6.6#44.0#54.0#VAR 1652 0 0.574676 0.425324 
 ----> 1.3#6.6#44.0#54.0#VAR 1653 0 0.611609 0.388391 
 ----> 1.3#6.6#44.0#54.0#VAR 1654 1 0.591722 0.408278 
 ----> 1.3#6.6#44.0#54.0#VAR 1655 1 0.631655 0.368345 
 ----> 1.3#6.6#44.0#54.0#VAR 1656 1 0.620962 0.379038 
 ----> 1.3#6.6#44.0#54.0#VAR 1657 1 0.616967 0.383033 
 ----> 1.3#6.6#44.0#54.0#VAR 1658 0 0.592455 0.407545 
 ----> 1.3#6.6#44.0#54.0#VAR 1659 0 0.563009 0.436991 
 ----> 1.3#6.6#44.0#54.0#VAR 1660 1 0.589998 0.410002 
 ----> 1.3#6.6#44.0#54.0#VAR 1661 1 0.62388 0.37612 
 ----> 1.3#6.6#44.0#54.0#VAR 1662 1 0.607606 0.392394 
 ----> 1.3#6.6#44.0#54.0#VAR 1663 0 0.635663 0.364337 
 ----> 1.3#6.6#44.0#54.0#VAR 1664 1 0.593342 0.406658 
 ----> 1.3#6.6#44.0#54.0#VAR 1665 0 0.597374 0.402626 
 ----> 1.3#6.6#44.0#54.0#VAR 1666 1 0.611841 0.388159 
 ----> 1.3#6.6#44.0#54.0#VAR 1667 1 0.592929 0.407071 
 ----> 1.3#6.6#44.0#54.0#VAR 1668 1 0.609068 0.390932 
 ----> 1.3#6.6#44.0#54.0#VAR 1669 1 0.616733 0.383267 
 ----> 1.3#6.6#44.0#54.0#VAR 1670 0 0.592127 0.407873 
 ----> 1.3#6.6#44.0#54.0#VAR 1671 1 0.582522 0.417478 
 ----> 1.3#6.6#44.0#54.0#VAR 1672 1 0.600795 0.399205 
 ----> 1.3#6.6#44.0#54.0#VAR 1673 1 0.598931 0.401069 
 ----> 1.3#6.6#44.0#54.0#VAR 1674 1 0.587229 0.412771 
 ----> 1.3#6.6#44.0#54.0#VAR 1675 1 0.61535 0.38465 
 ----> 1.3#6.6#44.0#54.0#VAR 1676 1 0.603499 0.396501 
 ----> 1.3#6.6#44.0#54.0#VAR 1677 1 0.610259 0.389741 
 ----> 1.3#6.6#44.0#54.0#VAR 1678 1 0.607248 0.392752 
 ----> 1.3#6.6#44.0#54.0#VAR 1679 1 0.576516 0.423484 
 ----> 1.3#6.6#44.0#54.0#VAR 1680 1 0.608909 0.391091 
 ----> 1.3#6.6#44.0#54.0#VAR 1681 1 0.585287 0.414713 
 ----> 1.3#6.6#44.0#54.0#VAR 1682 1 0.613789 0.386211 
 ----> 1.3#6.6#44.0#54.0#VAR 1683 1 0.593495 0.406505 
 ----> 1.3#6.6#44.0#54.0#VAR 1684 1 0.592407 0.407593 
 ----> 1.3#6.6#44.0#54.0#VAR 1685 1 0.588094 0.411906 
 ----> 1.3#6.6#44.0#54.0#VAR 1686 1 0.580527 0.419473 
 ----> 1.3#6.6#44.0#54.0#VAR 1687 1 0.570367 0.429633 
 ----> 1.3#6.6#44.0#54.0#VAR 1688 0 0.581064 0.418936 
 ----> 1.3#6.6#44.0#54.0#VAR 1689 0 0.563133 0.436867 
 ----> 1.3#6.6#44.0#54.0#VAR 1690 0 0.631503 0.368497 
 ----> 1.3#6.6#44.0#54.0#VAR 1691 0 0.59012 0.40988 
 ----> 1.3#6.6#44.0#54.0#VAR 1692 1 0.611826 0.388174 
 ----> 1.3#6.6#44.0#54.0#VAR 1693 1 0.575824 0.424176 
 ----> 1.3#6.6#44.0#54.0#VAR 1694 0 0.57549 0.42451 
 ----> 1.3#6.6#44.0#54.0#VAR 1695 1 0.574441 0.425559 
 ----> 1.3#6.6#44.0#54.0#VAR 1696 0 0.585593 0.414407 
 ----> 1.3#6.6#44.0#54.0#VAR 1697 1 0.595964 0.404036 
 ----> 1.3#6.6#44.0#54.0#VAR 1698 1 0.589542 0.410458 
 ----> 1.3#6.6#44.0#54.0#VAR 1699 1 0.584209 0.415791 
 ----> 1.3#6.6#44.0#54.0#VAR 1700 1 0.593415 0.406585 
 ----> 1.3#6.6#44.0#54.0#VAR 1701 1 0.600492 0.399508 
 ----> 1.3#6.6#44.0#54.0#VAR 1702 1 0.612748 0.387252 
 ----> 1.3#6.6#44.0#54.0#VAR 1703 1 0.590068 0.409932 
 ----> 1.3#6.6#44.0#54.0#VAR 1704 1 0.591183 0.408817 
 ----> 1.3#6.6#44.0#54.0#VAR 1705 1 0.629289 0.370711 
 ----> 1.3#6.6#44.0#54.0#VAR 1706 1 0.578727 0.421273 
 ----> 1.3#6.6#44.0#54.0#VAR 1707 0 0.57885 0.42115 
 ----> 1.3#6.6#44.0#54.0#VAR 1708 0 0.57577 0.42423 
 ----> 1.3#6.6#44.0#54.0#VAR 1709 1 0.542859 0.457141 
 ----> 1.3#6.6#44.0#54.0#VAR 1710 1 0.632005 0.367995 
 ----> 1.3#6.6#44.0#54.0#VAR 1711 1 0.563338 0.436662 
 ----> 1.3#6.6#44.0#54.0#VAR 1712 1 0.597419 0.402581 
 ----> 1.3#6.6#44.0#54.0#VAR 1713 1 0.559742 0.440258 
 ----> 1.3#6.6#44.0#54.0#VAR 1714 0 0.619522 0.380478 
 ----> 1.3#6.6#44.0#54.0#VAR 1715 0 0.617976 0.382024 
 ----> 1.3#6.6#44.0#54.0#VAR 1716 0 0.592147 0.407853 
 ----> 1.3#6.6#44.0#54.0#VAR 1717 0 0.609438 0.390562 
 ----> 1.3#6.6#44.0#54.0#VAR 1718 0 0.617908 0.382092 
 ----> 1.3#6.6#44.0#54.0#VAR 1719 0 0.559239 0.440761 
 ----> 1.3#6.6#44.0#54.0#VAR 1720 0 0.58669 0.41331 
 ----> 1.3#6.6#44.0#54.0#VAR 1721 0 0.564865 0.435135 
 ----> 1.3#6.6#44.0#54.0#VAR 1722 1 0.553857 0.446143 
 ----> 1.3#6.6#44.0#54.0#VAR 1723 1 0.610588 0.389412 
 ----> 1.3#6.6#44.0#54.0#VAR 1724 1 0.584775 0.415225 
 ----> 1.3#6.6#44.0#54.0#VAR 1725 0 0.601774 0.398226 
 ----> 1.3#6.6#44.0#54.0#VAR 1726 1 0.590088 0.409912 
 ----> 1.3#6.6#44.0#54.0#VAR 1727 0 0.547678 0.452322 
 ----> 1.3#6.6#44.0#54.0#VAR 1728 0 0.609288 0.390712 
 ----> 1.3#6.6#44.0#54.0#VAR 1729 1 0.592269 0.407731 
 ----> 1.3#6.6#44.0#54.0#VAR 1730 0 0.575275 0.424725 
 ----> 1.3#6.6#44.0#54.0#VAR 1731 1 0.574086 0.425914 
 ----> 1.3#6.6#44.0#54.0#VAR 1732 1 0.612078 0.387922 
 ----> 1.3#6.6#44.0#54.0#VAR 1733 0 0.576139 0.423861 
 ----> 1.3#6.6#44.0#54.0#VAR 1734 1 0.590853 0.409147 
 ----> 1.3#6.6#44.0#54.0#VAR 1735 0 0.636341 0.363659 
 ----> 1.3#6.6#44.0#54.0#VAR 1736 1 0.611939 0.388061 
 ----> 1.3#6.6#44.0#54.0#VAR 1737 1 0.626089 0.373911 
 ----> 1.3#6.6#44.0#54.0#VAR 1738 0 0.618834 0.381166 
 ----> 1.3#6.6#44.0#54.0#VAR 1739 1 0.610831 0.389169 
 ----> 1.3#6.6#44.0#54.0#VAR 1740 1 0.617045 0.382955 
 ----> 1.3#6.6#44.0#54.0#VAR 1741 0 0.594285 0.405715 
 ----> 1.3#6.6#44.0#54.0#VAR 1742 1 0.62071 0.37929 
 ----> 1.3#6.6#44.0#54.0#VAR 1743 1 0.592411 0.407589 
 ----> 1.3#6.6#44.0#54.0#VAR 1744 0 0.604213 0.395787 
 ----> 1.3#6.6#44.0#54.0#VAR 1745 1 0.587969 0.412031 
 ----> 1.3#6.6#44.0#54.0#VAR 1746 1 0.581704 0.418296 
 ----> 1.3#6.6#44.0#54.0#VAR 1747 1 0.605016 0.394984 
 ----> 1.3#6.6#44.0#54.0#VAR 1748 1 0.610323 0.389677 
 ----> 1.3#6.6#44.0#54.0#VAR 1749 1 0.612794 0.387206 
 ----> 1.3#6.6#44.0#54.0#VAR 1750 1 0.586234 0.413766 
 ----> 1.3#6.6#44.0#54.0#VAR 1751 1 0.636028 0.363972 
 ----> 1.3#6.6#44.0#54.0#VAR 1752 1 0.644693 0.355307 
 ----> 1.3#6.6#44.0#54.0#VAR 1753 1 0.580712 0.419288 
 ----> 1.3#6.6#44.0#54.0#VAR 1754 0 0.591254 0.408746 
 ----> 1.3#6.6#44.0#54.0#VAR 1755 1 0.5696 0.4304 
 ----> 1.3#6.6#44.0#54.0#VAR 1756 0 0.584325 0.415675 
 ----> 1.3#6.6#44.0#54.0#VAR 1757 0 0.601288 0.398712 
 ----> 1.3#6.6#44.0#54.0#VAR 1758 1 0.609609 0.390391 
 ----> 1.3#6.6#44.0#54.0#VAR 1759 1 0.609847 0.390153 
 ----> 1.3#6.6#44.0#54.0#VAR 1760 1 0.607197 0.392803 
 ----> 1.3#6.6#44.0#54.0#VAR 1761 1 0.59018 0.40982 
 ----> 1.3#6.6#44.0#54.0#VAR 1762 1 0.598646 0.401354 
 ----> 1.3#6.6#44.0#54.0#VAR 1763 1 0.587529 0.412471 
 ----> 1.3#6.6#44.0#54.0#VAR 1764 1 0.58943 0.41057 
 ----> 1.3#6.6#44.0#54.0#VAR 1765 0 0.635147 0.364853 
 ----> 1.3#6.6#44.0#54.0#VAR 1766 0 0.612887 0.387113 
 ----> 1.3#6.6#44.0#54.0#VAR 1767 0 0.604392 0.395608 
 ----> 1.3#6.6#44.0#54.0#VAR 1768 1 0.601464 0.398536 
 ----> 1.3#6.6#44.0#54.0#VAR 1769 0 0.609465 0.390535 
 ----> 1.3#6.6#44.0#54.0#VAR 1770 0 0.596817 0.403183 
 ----> 1.3#6.6#44.0#54.0#VAR 1771 1 0.614738 0.385262 
 ----> 1.3#6.6#44.0#54.0#VAR 1772 0 0.599792 0.400208 
 ----> 1.3#6.6#44.0#54.0#VAR 1773 1 0.572928 0.427072 
 ----> 1.3#6.6#44.0#54.0#VAR 1774 1 0.595934 0.404066 
 ----> 1.3#6.6#44.0#54.0#VAR 1775 1 0.573296 0.426704 
 ----> 1.3#6.6#44.0#54.0#VAR 1776 1 0.574113 0.425887 
 ----> 1.3#6.6#44.0#54.0#VAR 1777 0 0.646169 0.353831 
 ----> 1.3#6.6#44.0#54.0#VAR 1778 1 0.543875 0.456125 
 ----> 1.3#6.6#44.0#54.0#VAR 1779 1 0.609134 0.390866 
 ----> 1.3#6.6#44.0#54.0#VAR 1780 1 0.545455 0.454545 
 ----> 1.3#6.6#44.0#54.0#VAR 1781 1 0.614485 0.385515 
 ----> 1.3#6.6#44.0#54.0#VAR 1782 1 0.583818 0.416182 
 ----> 1.3#6.6#44.0#54.0#VAR 1783 0 0.580438 0.419562 
 ----> 1.3#6.6#44.0#54.0#VAR 1784 1 0.587337 0.412663 
 ----> 1.3#6.6#44.0#54.0#VAR 1785 0 0.584373 0.415627 
 ----> 1.3#6.6#44.0#54.0#VAR 1786 1 0.630451 0.369549 
 ----> 1.3#6.6#44.0#54.0#VAR 1787 0 0.584113 0.415887 
 ----> 1.3#6.6#44.0#54.0#VAR 1788 0 0.579516 0.420484 
 ----> 1.3#6.6#44.0#54.0#VAR 1789 1 0.581164 0.418836 
 ----> 1.3#6.6#44.0#54.0#VAR 1790 1 0.602048 0.397952 
 ----> 1.3#6.6#44.0#54.0#VAR 1791 0 0.581927 0.418073 
 ----> 1.3#6.6#44.0#54.0#VAR 1792 1 0.626858 0.373142 
 ----> 1.3#6.6#44.0#54.0#VAR 1793 0 0.618559 0.381441 
 ----> 1.3#6.6#44.0#54.0#VAR 1794 1 0.584442 0.415558 
 ----> 1.3#6.6#44.0#54.0#VAR 1795 1 0.583805 0.416195 
 ----> 1.3#6.6#44.0#54.0#VAR 1796 0 0.59169 0.40831 
 ----> 1.3#6.6#44.0#54.0#VAR 1797 1 0.575626 0.424374 
 ----> 1.3#6.6#44.0#54.0#VAR 1798 0 0.58749 0.41251 
 ----> 1.3#6.6#44.0#54.0#VAR 1799 0 0.591905 0.408095 
 ----> 1.3#6.6#44.0#54.0#VAR 1800 0 0.571507 0.428493 
 ----> 1.3#6.6#44.0#54.0#VAR 1801 1 0.585307 0.414693 
 ----> 1.3#6.6#44.0#54.0#VAR 1802 0 0.618104 0.381896 
 ----> 1.3#6.6#44.0#54.0#VAR 1803 1 0.56667 0.43333 
 ----> 1.3#6.6#44.0#54.0#VAR 1804 1 0.585617 0.414383 
 ----> 1.3#6.6#44.0#54.0#VAR 1805 0 0.563043 0.436957 
 ----> 1.3#6.6#44.0#54.0#VAR 1806 1 0.602445 0.397555 
 ----> 1.3#6.6#44.0#54.0#VAR 1807 1 0.619908 0.380092 
 ----> 1.3#6.6#44.0#54.0#VAR 1808 1 0.602153 0.397847 
 ----> 1.3#6.6#44.0#54.0#VAR 1809 1 0.624947 0.375053 
 ----> 1.3#6.6#44.0#54.0#VAR 1810 1 0.63314 0.36686 
 ----> 1.3#6.6#44.0#54.0#VAR 1811 1 0.571731 0.428269 
 ----> 1.3#6.6#44.0#54.0#VAR 1812 0 0.547803 0.452197 
 ----> 1.3#6.6#44.0#54.0#VAR 1813 1 0.583001 0.416999 
 ----> 1.3#6.6#44.0#54.0#VAR 1814 1 0.54962 0.45038 
 ----> 1.3#6.6#44.0#54.0#VAR 1815 0 0.570008 0.429992 
 ----> 1.3#6.6#44.0#54.0#VAR 1816 0 0.585717 0.414283 
 ----> 1.3#6.6#44.0#54.0#VAR 1817 1 0.55547 0.44453 
 ----> 1.3#6.6#44.0#54.0#VAR 1818 1 0.584779 0.415221 
 ----> 1.3#6.6#44.0#54.0#VAR 1819 0 0.589631 0.410369 
 ----> 1.3#6.6#44.0#54.0#VAR 1820 1 0.598983 0.401017 
 ----> 1.3#6.6#44.0#54.0#VAR 1821 0 0.598547 0.401453 
 ----> 1.3#6.6#44.0#54.0#VAR 1822 1 0.578751 0.421249 
 ----> 1.3#6.6#44.0#54.0#VAR 1823 1 0.603974 0.396026 
 ----> 1.3#6.6#44.0#54.0#VAR 1824 1 0.586299 0.413701 
 ----> 1.3#6.6#44.0#54.0#VAR 1825 1 0.596037 0.403963 
 ----> 1.3#6.6#44.0#54.0#VAR 1826 0 0.577961 0.422039 
 ++++> 1.3#6.6#44.0#54.0#VAR 1827  0 0.579629 0.420371 
