 ----> 1.3#6.6#44.0#54.0#VAR 8 0 0.657059 0.342941 
 ----> 1.3#6.6#44.0#54.0#VAR 9 0 0.627596 0.372404 
 ----> 1.3#6.6#44.0#54.0#VAR 10 1 0.559177 0.440823 
 ----> 1.3#6.6#44.0#54.0#VAR 11 0 0.561927 0.438073 
 ----> 1.3#6.6#44.0#54.0#VAR 12 1 0.562237 0.437763 
 ----> 1.3#6.6#44.0#54.0#VAR 13 0 0.536113 0.463887 
 ----> 1.3#6.6#44.0#54.0#VAR 14 0 0.557665 0.442335 
 ----> 1.3#6.6#44.0#54.0#VAR 15 0 0.554073 0.445927 
 ----> 1.3#6.6#44.0#54.0#VAR 16 0 0.556895 0.443105 
 ----> 1.3#6.6#44.0#54.0#VAR 17 1 0.561911 0.438089 
 ----> 1.3#6.6#44.0#54.0#VAR 18 1 0.555977 0.444023 
 ----> 1.3#6.6#44.0#54.0#VAR 19 1 0.55828 0.44172 
 ----> 1.3#6.6#44.0#54.0#VAR 20 1 0.582209 0.417791 
 ----> 1.3#6.6#44.0#54.0#VAR 21 0 0.570658 0.429342 
 ----> 1.3#6.6#44.0#54.0#VAR 22 0 0.58247 0.41753 
 ----> 1.3#6.6#44.0#54.0#VAR 23 0 0.560114 0.439886 
 ----> 1.3#6.6#44.0#54.0#VAR 24 1 0.589244 0.410756 
 ----> 1.3#6.6#44.0#54.0#VAR 25 0 0.55464 0.44536 
 ----> 1.3#6.6#44.0#54.0#VAR 26 0 0.59434 0.40566 
 ----> 1.3#6.6#44.0#54.0#VAR 27 0 0.585787 0.414213 
 ----> 1.3#6.6#44.0#54.0#VAR 28 1 0.578288 0.421712 
 ----> 1.3#6.6#44.0#54.0#VAR 29 1 0.613307 0.386693 
 ----> 1.3#6.6#44.0#54.0#VAR 30 0 0.578725 0.421275 
 ----> 1.3#6.6#44.0#54.0#VAR 31 1 0.587169 0.412831 
 ----> 1.3#6.6#44.0#54.0#VAR 32 1 0.599244 0.400756 
 ----> 1.3#6.6#44.0#54.0#VAR 33 0 0.612602 0.387398 
 ----> 1.3#6.6#44.0#54.0#VAR 34 0 0.647641 0.352359 
 ----> 1.3#6.6#44.0#54.0#VAR 35 1 0.619199 0.380801 
 ----> 1.3#6.6#44.0#54.0#VAR 36 0 0.584304 0.415696 
 ----> 1.3#6.6#44.0#54.0#VAR 37 0 0.588633 0.411367 
 ----> 1.3#6.6#44.0#54.0#VAR 38 0 0.574779 0.425221 
 ----> 1.3#6.6#44.0#54.0#VAR 39 1 0.568299 0.431701 
 ----> 1.3#6.6#44.0#54.0#VAR 40 0 0.551084 0.448916 
 ----> 1.3#6.6#44.0#54.0#VAR 41 0 0.631179 0.368821 
 ----> 1.3#6.6#44.0#54.0#VAR 42 0 0.576143 0.423857 
 ----> 1.3#6.6#44.0#54.0#VAR 43 1 0.608763 0.391237 
 ----> 1.3#6.6#44.0#54.0#VAR 44 1 0.573016 0.426984 
 ----> 1.3#6.6#44.0#54.0#VAR 45 0 0.588963 0.411037 
 ----> 1.3#6.6#44.0#54.0#VAR 46 0 0.618311 0.381689 
 ----> 1.3#6.6#44.0#54.0#VAR 47 1 0.564803 0.435197 
 ----> 1.3#6.6#44.0#54.0#VAR 48 1 0.551344 0.448656 
 ----> 1.3#6.6#44.0#54.0#VAR 49 1 0.551633 0.448367 
 ----> 1.3#6.6#44.0#54.0#VAR 50 1 0.564595 0.435405 
 ----> 1.3#6.6#44.0#54.0#VAR 51 0 0.580553 0.419447 
 ----> 1.3#6.6#44.0#54.0#VAR 52 1 0.567199 0.432801 
 ----> 1.3#6.6#44.0#54.0#VAR 53 0 0.575872 0.424128 
 ----> 1.3#6.6#44.0#54.0#VAR 54 1 0.564043 0.435957 
 ----> 1.3#6.6#44.0#54.0#VAR 55 0 0.587963 0.412037 
 ----> 1.3#6.6#44.0#54.0#VAR 56 0 0.604103 0.395897 
 ----> 1.3#6.6#44.0#54.0#VAR 57 0 0.594035 0.405965 
 ----> 1.3#6.6#44.0#54.0#VAR 58 1 0.561787 0.438213 
 ----> 1.3#6.6#44.0#54.0#VAR 59 1 0.595898 0.404102 
 ----> 1.3#6.6#44.0#54.0#VAR 60 0 0.583346 0.416654 
 ----> 1.3#6.6#44.0#54.0#VAR 61 0 0.599971 0.400029 
 ----> 1.3#6.6#44.0#54.0#VAR 62 0 0.579684 0.420316 
 ----> 1.3#6.6#44.0#54.0#VAR 63 1 0.586734 0.413266 
 ----> 1.3#6.6#44.0#54.0#VAR 64 0 0.582787 0.417213 
 ----> 1.3#6.6#44.0#54.0#VAR 65 1 0.580178 0.419822 
 ----> 1.3#6.6#44.0#54.0#VAR 66 0 0.582328 0.417672 
 ----> 1.3#6.6#44.0#54.0#VAR 67 0 0.601042 0.398958 
 ----> 1.3#6.6#44.0#54.0#VAR 68 1 0.597676 0.402324 
 ----> 1.3#6.6#44.0#54.0#VAR 69 0 0.601887 0.398113 
 ----> 1.3#6.6#44.0#54.0#VAR 70 0 0.594068 0.405932 
 ----> 1.3#6.6#44.0#54.0#VAR 71 0 0.573387 0.426613 
 ----> 1.3#6.6#44.0#54.0#VAR 72 0 0.556449 0.443551 
 ----> 1.3#6.6#44.0#54.0#VAR 73 1 0.595529 0.404471 
 ----> 1.3#6.6#44.0#54.0#VAR 74 1 0.591886 0.408114 
 ----> 1.3#6.6#44.0#54.0#VAR 75 1 0.572468 0.427532 
 ----> 1.3#6.6#44.0#54.0#VAR 76 1 0.584788 0.415212 
 ----> 1.3#6.6#44.0#54.0#VAR 77 1 0.594077 0.405923 
 ----> 1.3#6.6#44.0#54.0#VAR 78 1 0.564374 0.435626 
 ----> 1.3#6.6#44.0#54.0#VAR 79 1 0.593857 0.406143 
 ----> 1.3#6.6#44.0#54.0#VAR 80 0 0.608379 0.391621 
 ----> 1.3#6.6#44.0#54.0#VAR 81 1 0.577608 0.422392 
 ----> 1.3#6.6#44.0#54.0#VAR 82 0 0.600371 0.399629 
 ----> 1.3#6.6#44.0#54.0#VAR 83 1 0.59138 0.40862 
 ----> 1.3#6.6#44.0#54.0#VAR 84 0 0.577666 0.422334 
 ----> 1.3#6.6#44.0#54.0#VAR 85 1 0.559923 0.440077 
 ----> 1.3#6.6#44.0#54.0#VAR 86 1 0.551371 0.448629 
 ----> 1.3#6.6#44.0#54.0#VAR 87 1 0.578662 0.421338 
 ----> 1.3#6.6#44.0#54.0#VAR 88 1 0.565641 0.434359 
 ----> 1.3#6.6#44.0#54.0#VAR 89 0 0.613148 0.386852 
 ----> 1.3#6.6#44.0#54.0#VAR 90 0 0.600779 0.399221 
 ----> 1.3#6.6#44.0#54.0#VAR 91 0 0.580076 0.419924 
 ----> 1.3#6.6#44.0#54.0#VAR 92 1 0.581709 0.418291 
 ----> 1.3#6.6#44.0#54.0#VAR 93 1 0.568614 0.431386 
 ----> 1.3#6.6#44.0#54.0#VAR 94 0 0.590112 0.409888 
 ----> 1.3#6.6#44.0#54.0#VAR 95 1 0.592923 0.407077 
 ----> 1.3#6.6#44.0#54.0#VAR 96 1 0.588281 0.411719 
 ----> 1.3#6.6#44.0#54.0#VAR 97 0 0.591504 0.408496 
 ----> 1.3#6.6#44.0#54.0#VAR 98 0 0.596831 0.403169 
 ----> 1.3#6.6#44.0#54.0#VAR 99 0 0.595154 0.404846 
 ----> 1.3#6.6#44.0#54.0#VAR 100 0 0.591246 0.408754 
 ----> 1.3#6.6#44.0#54.0#VAR 101 0 0.592401 0.407599 
 ----> 1.3#6.6#44.0#54.0#VAR 102 0 0.579056 0.420944 
 ----> 1.3#6.6#44.0#54.0#VAR 103 0 0.598658 0.401342 
 ----> 1.3#6.6#44.0#54.0#VAR 104 0 0.59607 0.40393 
 ----> 1.3#6.6#44.0#54.0#VAR 105 0 0.59778 0.40222 
 ----> 1.3#6.6#44.0#54.0#VAR 106 0 0.611832 0.388168 
 ----> 1.3#6.6#44.0#54.0#VAR 107 0 0.596674 0.403326 
 ----> 1.3#6.6#44.0#54.0#VAR 108 0 0.576648 0.423352 
 ----> 1.3#6.6#44.0#54.0#VAR 109 1 0.583949 0.416051 
 ----> 1.3#6.6#44.0#54.0#VAR 110 1 0.582916 0.417084 
 ----> 1.3#6.6#44.0#54.0#VAR 111 0 0.630703 0.369297 
 ----> 1.3#6.6#44.0#54.0#VAR 112 1 0.585435 0.414565 
 ----> 1.3#6.6#44.0#54.0#VAR 113 1 0.598179 0.401821 
 ----> 1.3#6.6#44.0#54.0#VAR 114 0 0.608281 0.391719 
 ----> 1.3#6.6#44.0#54.0#VAR 115 1 0.594858 0.405142 
 ----> 1.3#6.6#44.0#54.0#VAR 116 0 0.563416 0.436584 
 ----> 1.3#6.6#44.0#54.0#VAR 117 1 0.593378 0.406622 
 ----> 1.3#6.6#44.0#54.0#VAR 118 1 0.589689 0.410311 
 ----> 1.3#6.6#44.0#54.0#VAR 119 1 0.548371 0.451629 
 ----> 1.3#6.6#44.0#54.0#VAR 120 1 0.572611 0.427389 
 ----> 1.3#6.6#44.0#54.0#VAR 121 0 0.615448 0.384552 
 ----> 1.3#6.6#44.0#54.0#VAR 122 1 0.569879 0.430121 
 ----> 1.3#6.6#44.0#54.0#VAR 123 0 0.574174 0.425826 
 ----> 1.3#6.6#44.0#54.0#VAR 124 0 0.607758 0.392242 
 ----> 1.3#6.6#44.0#54.0#VAR 125 1 0.585462 0.414538 
 ----> 1.3#6.6#44.0#54.0#VAR 126 1 0.589387 0.410613 
 ----> 1.3#6.6#44.0#54.0#VAR 127 0 0.589455 0.410545 
 ----> 1.3#6.6#44.0#54.0#VAR 128 1 0.58341 0.41659 
 ----> 1.3#6.6#44.0#54.0#VAR 129 1 0.560047 0.439953 
 ----> 1.3#6.6#44.0#54.0#VAR 130 1 0.579396 0.420604 
 ----> 1.3#6.6#44.0#54.0#VAR 131 1 0.591106 0.408894 
 ----> 1.3#6.6#44.0#54.0#VAR 132 1 0.606854 0.393146 
 ----> 1.3#6.6#44.0#54.0#VAR 133 1 0.605727 0.394273 
 ----> 1.3#6.6#44.0#54.0#VAR 134 0 0.590202 0.409798 
 ----> 1.3#6.6#44.0#54.0#VAR 135 1 0.590086 0.409914 
 ----> 1.3#6.6#44.0#54.0#VAR 136 0 0.582349 0.417651 
 ----> 1.3#6.6#44.0#54.0#VAR 137 0 0.584724 0.415276 
 ----> 1.3#6.6#44.0#54.0#VAR 138 0 0.594854 0.405146 
 ----> 1.3#6.6#44.0#54.0#VAR 139 0 0.595564 0.404436 
 ----> 1.3#6.6#44.0#54.0#VAR 140 1 0.549218 0.450782 
 ----> 1.3#6.6#44.0#54.0#VAR 141 1 0.598613 0.401387 
 ----> 1.3#6.6#44.0#54.0#VAR 142 0 0.596771 0.403229 
 ----> 1.3#6.6#44.0#54.0#VAR 143 0 0.598254 0.401746 
 ----> 1.3#6.6#44.0#54.0#VAR 144 1 0.593978 0.406022 
 ----> 1.3#6.6#44.0#54.0#VAR 145 0 0.595648 0.404352 
 ----> 1.3#6.6#44.0#54.0#VAR 146 0 0.591718 0.408282 
 ----> 1.3#6.6#44.0#54.0#VAR 147 0 0.580176 0.419824 
 ----> 1.3#6.6#44.0#54.0#VAR 148 1 0.619171 0.380829 
 ----> 1.3#6.6#44.0#54.0#VAR 149 0 0.625822 0.374178 
 ----> 1.3#6.6#44.0#54.0#VAR 150 1 0.597146 0.402854 
 ----> 1.3#6.6#44.0#54.0#VAR 151 0 0.605141 0.394859 
 ----> 1.3#6.6#44.0#54.0#VAR 152 1 0.567452 0.432548 
 ----> 1.3#6.6#44.0#54.0#VAR 153 0 0.625002 0.374998 
 ----> 1.3#6.6#44.0#54.0#VAR 154 0 0.591465 0.408535 
 ----> 1.3#6.6#44.0#54.0#VAR 155 0 0.592452 0.407548 
 ----> 1.3#6.6#44.0#54.0#VAR 156 0 0.590162 0.409838 
 ----> 1.3#6.6#44.0#54.0#VAR 157 0 0.608675 0.391325 
 ----> 1.3#6.6#44.0#54.0#VAR 158 1 0.547274 0.452726 
 ----> 1.3#6.6#44.0#54.0#VAR 159 0 0.611606 0.388394 
 ----> 1.3#6.6#44.0#54.0#VAR 160 1 0.590932 0.409068 
 ----> 1.3#6.6#44.0#54.0#VAR 161 0 0.575484 0.424516 
 ----> 1.3#6.6#44.0#54.0#VAR 162 0 0.641904 0.358096 
 ----> 1.3#6.6#44.0#54.0#VAR 163 0 0.582069 0.417931 
 ----> 1.3#6.6#44.0#54.0#VAR 164 1 0.576534 0.423466 
 ----> 1.3#6.6#44.0#54.0#VAR 165 1 0.572553 0.427447 
 ----> 1.3#6.6#44.0#54.0#VAR 166 0 0.629865 0.370135 
 ----> 1.3#6.6#44.0#54.0#VAR 167 0 0.596263 0.403737 
 ----> 1.3#6.6#44.0#54.0#VAR 168 1 0.602257 0.397743 
 ----> 1.3#6.6#44.0#54.0#VAR 169 1 0.583641 0.416359 
 ----> 1.3#6.6#44.0#54.0#VAR 170 0 0.573013 0.426987 
 ----> 1.3#6.6#44.0#54.0#VAR 171 0 0.602773 0.397227 
 ----> 1.3#6.6#44.0#54.0#VAR 172 0 0.583978 0.416022 
 ----> 1.3#6.6#44.0#54.0#VAR 173 1 0.595826 0.404174 
 ----> 1.3#6.6#44.0#54.0#VAR 174 0 0.587064 0.412936 
 ----> 1.3#6.6#44.0#54.0#VAR 175 0 0.606249 0.393751 
 ----> 1.3#6.6#44.0#54.0#VAR 176 0 0.565895 0.434105 
 ----> 1.3#6.6#44.0#54.0#VAR 177 1 0.562395 0.437605 
 ----> 1.3#6.6#44.0#54.0#VAR 178 0 0.591042 0.408958 
 ----> 1.3#6.6#44.0#54.0#VAR 179 0 0.58969 0.41031 
 ----> 1.3#6.6#44.0#54.0#VAR 180 0 0.600224 0.399776 
 ----> 1.3#6.6#44.0#54.0#VAR 181 1 0.594666 0.405334 
 ----> 1.3#6.6#44.0#54.0#VAR 182 1 0.611988 0.388012 
 ----> 1.3#6.6#44.0#54.0#VAR 183 0 0.647303 0.352697 
 ----> 1.3#6.6#44.0#54.0#VAR 184 0 0.546467 0.453533 
 ----> 1.3#6.6#44.0#54.0#VAR 185 0 0.576825 0.423175 
 ----> 1.3#6.6#44.0#54.0#VAR 186 0 0.594577 0.405423 
 ----> 1.3#6.6#44.0#54.0#VAR 187 0 0.640669 0.359331 
 ----> 1.3#6.6#44.0#54.0#VAR 188 1 0.588873 0.411127 
 ----> 1.3#6.6#44.0#54.0#VAR 189 0 0.596846 0.403154 
 ----> 1.3#6.6#44.0#54.0#VAR 190 1 0.599688 0.400312 
 ----> 1.3#6.6#44.0#54.0#VAR 191 0 0.600732 0.399268 
 ----> 1.3#6.6#44.0#54.0#VAR 192 0 0.616265 0.383735 
 ----> 1.3#6.6#44.0#54.0#VAR 193 0 0.604303 0.395697 
 ----> 1.3#6.6#44.0#54.0#VAR 194 0 0.606359 0.393641 
 ----> 1.3#6.6#44.0#54.0#VAR 195 0 0.627541 0.372459 
 ----> 1.3#6.6#44.0#54.0#VAR 196 1 0.615019 0.384981 
 ----> 1.3#6.6#44.0#54.0#VAR 197 0 0.59151 0.40849 
 ----> 1.3#6.6#44.0#54.0#VAR 198 1 0.621297 0.378703 
 ----> 1.3#6.6#44.0#54.0#VAR 199 0 0.618793 0.381207 
 ----> 1.3#6.6#44.0#54.0#VAR 200 0 0.614398 0.385602 
 ----> 1.3#6.6#44.0#54.0#VAR 201 0 0.632738 0.367262 
 ----> 1.3#6.6#44.0#54.0#VAR 202 0 0.633718 0.366282 
 ----> 1.3#6.6#44.0#54.0#VAR 203 0 0.622072 0.377928 
 ----> 1.3#6.6#44.0#54.0#VAR 204 0 0.622701 0.377299 
 ----> 1.3#6.6#44.0#54.0#VAR 205 1 0.564147 0.435853 
 ----> 1.3#6.6#44.0#54.0#VAR 206 0 0.608169 0.391831 
 ----> 1.3#6.6#44.0#54.0#VAR 207 0 0.605844 0.394156 
 ----> 1.3#6.6#44.0#54.0#VAR 208 0 0.619655 0.380345 
 ----> 1.3#6.6#44.0#54.0#VAR 209 1 0.587815 0.412185 
 ----> 1.3#6.6#44.0#54.0#VAR 210 1 0.593956 0.406044 
 ----> 1.3#6.6#44.0#54.0#VAR 211 0 0.605279 0.394721 
 ----> 1.3#6.6#44.0#54.0#VAR 212 0 0.596904 0.403096 
 ----> 1.3#6.6#44.0#54.0#VAR 213 1 0.573759 0.426241 
 ----> 1.3#6.6#44.0#54.0#VAR 214 1 0.580142 0.419858 
 ----> 1.3#6.6#44.0#54.0#VAR 215 1 0.581861 0.418139 
 ----> 1.3#6.6#44.0#54.0#VAR 216 0 0.595209 0.404791 
 ----> 1.3#6.6#44.0#54.0#VAR 217 1 0.595653 0.404347 
 ----> 1.3#6.6#44.0#54.0#VAR 218 1 0.581816 0.418184 
 ----> 1.3#6.6#44.0#54.0#VAR 219 0 0.635131 0.364869 
 ----> 1.3#6.6#44.0#54.0#VAR 220 0 0.596658 0.403342 
 ----> 1.3#6.6#44.0#54.0#VAR 221 0 0.623624 0.376376 
 ----> 1.3#6.6#44.0#54.0#VAR 222 1 0.594176 0.405824 
 ----> 1.3#6.6#44.0#54.0#VAR 223 1 0.615345 0.384655 
 ----> 1.3#6.6#44.0#54.0#VAR 224 0 0.622386 0.377614 
 ----> 1.3#6.6#44.0#54.0#VAR 225 1 0.587497 0.412503 
 ----> 1.3#6.6#44.0#54.0#VAR 226 0 0.630709 0.369291 
 ----> 1.3#6.6#44.0#54.0#VAR 227 0 0.614168 0.385832 
 ----> 1.3#6.6#44.0#54.0#VAR 228 0 0.598827 0.401173 
 ----> 1.3#6.6#44.0#54.0#VAR 229 0 0.61987 0.38013 
 ----> 1.3#6.6#44.0#54.0#VAR 230 1 0.593671 0.406329 
 ----> 1.3#6.6#44.0#54.0#VAR 231 0 0.595646 0.404354 
 ----> 1.3#6.6#44.0#54.0#VAR 232 1 0.610944 0.389056 
 ----> 1.3#6.6#44.0#54.0#VAR 233 0 0.584187 0.415813 
 ----> 1.3#6.6#44.0#54.0#VAR 234 0 0.616327 0.383673 
 ----> 1.3#6.6#44.0#54.0#VAR 235 0 0.587187 0.412813 
 ----> 1.3#6.6#44.0#54.0#VAR 236 0 0.58801 0.41199 
 ----> 1.3#6.6#44.0#54.0#VAR 237 0 0.612714 0.387286 
 ----> 1.3#6.6#44.0#54.0#VAR 238 0 0.606058 0.393942 
 ----> 1.3#6.6#44.0#54.0#VAR 239 0 0.591264 0.408736 
 ----> 1.3#6.6#44.0#54.0#VAR 240 1 0.607646 0.392354 
 ----> 1.3#6.6#44.0#54.0#VAR 241 0 0.621725 0.378275 
 ----> 1.3#6.6#44.0#54.0#VAR 242 0 0.602035 0.397965 
 ----> 1.3#6.6#44.0#54.0#VAR 243 1 0.578743 0.421257 
 ----> 1.3#6.6#44.0#54.0#VAR 244 0 0.601518 0.398482 
 ----> 1.3#6.6#44.0#54.0#VAR 245 1 0.603434 0.396566 
 ----> 1.3#6.6#44.0#54.0#VAR 246 1 0.611762 0.388238 
 ----> 1.3#6.6#44.0#54.0#VAR 247 0 0.618973 0.381027 
 ----> 1.3#6.6#44.0#54.0#VAR 248 0 0.611056 0.388944 
 ----> 1.3#6.6#44.0#54.0#VAR 249 1 0.601315 0.398685 
 ----> 1.3#6.6#44.0#54.0#VAR 250 0 0.624302 0.375698 
 ----> 1.3#6.6#44.0#54.0#VAR 251 0 0.612642 0.387358 
 ----> 1.3#6.6#44.0#54.0#VAR 252 0 0.615172 0.384828 
 ----> 1.3#6.6#44.0#54.0#VAR 253 0 0.66212 0.33788 
 ----> 1.3#6.6#44.0#54.0#VAR 254 0 0.645209 0.354791 
 ----> 1.3#6.6#44.0#54.0#VAR 255 1 0.633474 0.366526 
 ----> 1.3#6.6#44.0#54.0#VAR 256 1 0.623491 0.376509 
 ----> 1.3#6.6#44.0#54.0#VAR 257 0 0.599851 0.400149 
 ----> 1.3#6.6#44.0#54.0#VAR 258 0 0.602523 0.397477 
 ----> 1.3#6.6#44.0#54.0#VAR 259 0 0.618172 0.381828 
 ----> 1.3#6.6#44.0#54.0#VAR 260 1 0.563442 0.436558 
 ----> 1.3#6.6#44.0#54.0#VAR 261 0 0.586494 0.413506 
 ----> 1.3#6.6#44.0#54.0#VAR 262 0 0.609695 0.390305 
 ----> 1.3#6.6#44.0#54.0#VAR 263 1 0.578123 0.421877 
 ----> 1.3#6.6#44.0#54.0#VAR 264 1 0.604114 0.395886 
 ----> 1.3#6.6#44.0#54.0#VAR 265 1 0.578629 0.421371 
 ----> 1.3#6.6#44.0#54.0#VAR 266 1 0.544904 0.455096 
 ----> 1.3#6.6#44.0#54.0#VAR 267 0 0.575371 0.424629 
 ----> 1.3#6.6#44.0#54.0#VAR 268 0 0.610764 0.389236 
 ----> 1.3#6.6#44.0#54.0#VAR 269 0 0.590797 0.409203 
 ----> 1.3#6.6#44.0#54.0#VAR 270 1 0.581173 0.418827 
 ----> 1.3#6.6#44.0#54.0#VAR 271 0 0.620556 0.379444 
 ----> 1.3#6.6#44.0#54.0#VAR 272 1 0.57606 0.42394 
 ----> 1.3#6.6#44.0#54.0#VAR 273 0 0.664013 0.335987 
 ----> 1.3#6.6#44.0#54.0#VAR 274 0 0.609756 0.390244 
 ----> 1.3#6.6#44.0#54.0#VAR 275 0 0.566748 0.433252 
 ----> 1.3#6.6#44.0#54.0#VAR 276 0 0.606499 0.393501 
 ----> 1.3#6.6#44.0#54.0#VAR 277 0 0.597689 0.402311 
 ----> 1.3#6.6#44.0#54.0#VAR 278 0 0.597217 0.402783 
 ----> 1.3#6.6#44.0#54.0#VAR 279 0 0.603656 0.396344 
 ----> 1.3#6.6#44.0#54.0#VAR 280 1 0.607448 0.392552 
 ----> 1.3#6.6#44.0#54.0#VAR 281 1 0.557822 0.442178 
 ----> 1.3#6.6#44.0#54.0#VAR 282 0 0.589743 0.410257 
 ----> 1.3#6.6#44.0#54.0#VAR 283 0 0.608413 0.391587 
 ----> 1.3#6.6#44.0#54.0#VAR 284 0 0.594098 0.405902 
 ----> 1.3#6.6#44.0#54.0#VAR 285 0 0.602278 0.397722 
 ----> 1.3#6.6#44.0#54.0#VAR 286 1 0.590454 0.409546 
 ----> 1.3#6.6#44.0#54.0#VAR 287 0 0.578395 0.421605 
 ----> 1.3#6.6#44.0#54.0#VAR 288 0 0.607224 0.392776 
 ----> 1.3#6.6#44.0#54.0#VAR 289 0 0.58005 0.41995 
 ----> 1.3#6.6#44.0#54.0#VAR 290 1 0.530023 0.469977 
 ----> 1.3#6.6#44.0#54.0#VAR 291 0 0.617934 0.382066 
 ----> 1.3#6.6#44.0#54.0#VAR 292 0 0.624993 0.375007 
 ----> 1.3#6.6#44.0#54.0#VAR 293 1 0.598486 0.401514 
 ----> 1.3#6.6#44.0#54.0#VAR 294 0 0.640197 0.359803 
 ----> 1.3#6.6#44.0#54.0#VAR 295 1 0.61325 0.38675 
 ----> 1.3#6.6#44.0#54.0#VAR 296 0 0.587258 0.412742 
 ----> 1.3#6.6#44.0#54.0#VAR 297 0 0.636159 0.363841 
 ----> 1.3#6.6#44.0#54.0#VAR 298 0 0.615185 0.384815 
 ----> 1.3#6.6#44.0#54.0#VAR 299 0 0.597116 0.402884 
 ----> 1.3#6.6#44.0#54.0#VAR 300 0 0.619821 0.380179 
 ----> 1.3#6.6#44.0#54.0#VAR 301 1 0.603053 0.396947 
 ----> 1.3#6.6#44.0#54.0#VAR 302 1 0.572599 0.427401 
 ----> 1.3#6.6#44.0#54.0#VAR 303 1 0.611575 0.388425 
 ----> 1.3#6.6#44.0#54.0#VAR 304 0 0.627772 0.372228 
 ----> 1.3#6.6#44.0#54.0#VAR 305 0 0.587295 0.412705 
 ----> 1.3#6.6#44.0#54.0#VAR 306 0 0.591938 0.408062 
 ----> 1.3#6.6#44.0#54.0#VAR 307 1 0.612793 0.387207 
 ----> 1.3#6.6#44.0#54.0#VAR 308 1 0.584942 0.415058 
 ----> 1.3#6.6#44.0#54.0#VAR 309 0 0.588689 0.411311 
 ----> 1.3#6.6#44.0#54.0#VAR 310 0 0.596309 0.403691 
 ----> 1.3#6.6#44.0#54.0#VAR 311 0 0.628194 0.371806 
 ----> 1.3#6.6#44.0#54.0#VAR 312 1 0.59165 0.40835 
 ----> 1.3#6.6#44.0#54.0#VAR 313 0 0.611348 0.388652 
 ----> 1.3#6.6#44.0#54.0#VAR 314 0 0.597144 0.402856 
 ----> 1.3#6.6#44.0#54.0#VAR 315 0 0.585581 0.414419 
 ----> 1.3#6.6#44.0#54.0#VAR 316 0 0.637872 0.362128 
 ----> 1.3#6.6#44.0#54.0#VAR 317 0 0.579594 0.420406 
 ----> 1.3#6.6#44.0#54.0#VAR 318 0 0.587364 0.412636 
 ----> 1.3#6.6#44.0#54.0#VAR 319 0 0.615536 0.384464 
 ----> 1.3#6.6#44.0#54.0#VAR 320 0 0.592435 0.407565 
 ----> 1.3#6.6#44.0#54.0#VAR 321 0 0.627475 0.372525 
 ----> 1.3#6.6#44.0#54.0#VAR 322 0 0.605091 0.394909 
 ----> 1.3#6.6#44.0#54.0#VAR 323 0 0.597254 0.402746 
 ----> 1.3#6.6#44.0#54.0#VAR 324 0 0.532189 0.467811 
 ----> 1.3#6.6#44.0#54.0#VAR 325 0 0.587464 0.412536 
 ----> 1.3#6.6#44.0#54.0#VAR 326 0 0.57978 0.42022 
 ----> 1.3#6.6#44.0#54.0#VAR 327 0 0.591311 0.408689 
 ----> 1.3#6.6#44.0#54.0#VAR 328 0 0.601346 0.398654 
 ----> 1.3#6.6#44.0#54.0#VAR 329 1 0.584951 0.415049 
 ----> 1.3#6.6#44.0#54.0#VAR 330 1 0.585255 0.414745 
 ----> 1.3#6.6#44.0#54.0#VAR 331 1 0.57128 0.42872 
 ----> 1.3#6.6#44.0#54.0#VAR 332 0 0.591501 0.408499 
 ----> 1.3#6.6#44.0#54.0#VAR 333 0 0.623194 0.376806 
 ----> 1.3#6.6#44.0#54.0#VAR 334 0 0.612744 0.387256 
 ----> 1.3#6.6#44.0#54.0#VAR 335 0 0.603059 0.396941 
 ----> 1.3#6.6#44.0#54.0#VAR 336 0 0.618287 0.381713 
 ----> 1.3#6.6#44.0#54.0#VAR 337 0 0.575938 0.424062 
 ----> 1.3#6.6#44.0#54.0#VAR 338 0 0.586547 0.413453 
 ----> 1.3#6.6#44.0#54.0#VAR 339 0 0.607683 0.392317 
 ----> 1.3#6.6#44.0#54.0#VAR 340 1 0.599151 0.400849 
 ----> 1.3#6.6#44.0#54.0#VAR 341 1 0.603712 0.396288 
 ----> 1.3#6.6#44.0#54.0#VAR 342 0 0.571924 0.428076 
 ----> 1.3#6.6#44.0#54.0#VAR 343 0 0.619937 0.380063 
 ----> 1.3#6.6#44.0#54.0#VAR 344 0 0.592395 0.407605 
 ----> 1.3#6.6#44.0#54.0#VAR 345 0 0.598294 0.401706 
 ----> 1.3#6.6#44.0#54.0#VAR 346 0 0.603773 0.396227 
 ----> 1.3#6.6#44.0#54.0#VAR 347 0 0.609628 0.390372 
 ----> 1.3#6.6#44.0#54.0#VAR 348 0 0.641903 0.358097 
 ----> 1.3#6.6#44.0#54.0#VAR 349 1 0.578564 0.421436 
 ----> 1.3#6.6#44.0#54.0#VAR 350 0 0.60706 0.39294 
 ----> 1.3#6.6#44.0#54.0#VAR 351 0 0.590329 0.409671 
 ----> 1.3#6.6#44.0#54.0#VAR 352 0 0.611459 0.388541 
 ----> 1.3#6.6#44.0#54.0#VAR 353 0 0.578564 0.421436 
 ----> 1.3#6.6#44.0#54.0#VAR 354 1 0.571323 0.428677 
 ----> 1.3#6.6#44.0#54.0#VAR 355 0 0.595385 0.404615 
 ----> 1.3#6.6#44.0#54.0#VAR 356 0 0.572971 0.427029 
 ----> 1.3#6.6#44.0#54.0#VAR 357 0 0.621237 0.378763 
 ----> 1.3#6.6#44.0#54.0#VAR 358 0 0.633221 0.366779 
 ----> 1.3#6.6#44.0#54.0#VAR 359 1 0.605906 0.394094 
 ----> 1.3#6.6#44.0#54.0#VAR 360 0 0.621929 0.378071 
 ----> 1.3#6.6#44.0#54.0#VAR 361 0 0.632119 0.367881 
 ----> 1.3#6.6#44.0#54.0#VAR 362 0 0.617372 0.382628 
 ----> 1.3#6.6#44.0#54.0#VAR 363 0 0.602812 0.397188 
 ----> 1.3#6.6#44.0#54.0#VAR 364 0 0.616865 0.383135 
 ----> 1.3#6.6#44.0#54.0#VAR 365 1 0.599579 0.400421 
 ----> 1.3#6.6#44.0#54.0#VAR 366 0 0.638329 0.361671 
 ----> 1.3#6.6#44.0#54.0#VAR 367 0 0.625487 0.374513 
 ----> 1.3#6.6#44.0#54.0#VAR 368 1 0.572342 0.427658 
 ----> 1.3#6.6#44.0#54.0#VAR 369 0 0.632004 0.367996 
 ----> 1.3#6.6#44.0#54.0#VAR 370 0 0.583399 0.416601 
 ----> 1.3#6.6#44.0#54.0#VAR 371 0 0.582676 0.417324 
 ----> 1.3#6.6#44.0#54.0#VAR 372 0 0.590493 0.409507 
 ----> 1.3#6.6#44.0#54.0#VAR 373 0 0.649242 0.350758 
 ----> 1.3#6.6#44.0#54.0#VAR 374 1 0.577614 0.422386 
 ----> 1.3#6.6#44.0#54.0#VAR 375 0 0.609659 0.390341 
 ----> 1.3#6.6#44.0#54.0#VAR 376 0 0.637487 0.362513 
 ----> 1.3#6.6#44.0#54.0#VAR 377 1 0.5503 0.4497 
 ----> 1.3#6.6#44.0#54.0#VAR 378 0 0.625371 0.374629 
 ----> 1.3#6.6#44.0#54.0#VAR 379 0 0.621 0.379 
 ----> 1.3#6.6#44.0#54.0#VAR 380 0 0.656431 0.343569 
 ----> 1.3#6.6#44.0#54.0#VAR 381 0 0.654418 0.345582 
 ----> 1.3#6.6#44.0#54.0#VAR 382 1 0.576612 0.423388 
 ----> 1.3#6.6#44.0#54.0#VAR 383 1 0.581022 0.418978 
 ----> 1.3#6.6#44.0#54.0#VAR 384 1 0.603315 0.396685 
 ----> 1.3#6.6#44.0#54.0#VAR 385 0 0.585649 0.414351 
 ----> 1.3#6.6#44.0#54.0#VAR 386 0 0.590309 0.409691 
 ----> 1.3#6.6#44.0#54.0#VAR 387 0 0.591733 0.408267 
 ----> 1.3#6.6#44.0#54.0#VAR 388 0 0.590414 0.409586 
 ----> 1.3#6.6#44.0#54.0#VAR 389 0 0.613559 0.386441 
 ----> 1.3#6.6#44.0#54.0#VAR 390 0 0.615891 0.384109 
 ----> 1.3#6.6#44.0#54.0#VAR 391 0 0.603924 0.396076 
 ----> 1.3#6.6#44.0#54.0#VAR 392 0 0.591284 0.408716 
 ----> 1.3#6.6#44.0#54.0#VAR 393 0 0.591148 0.408852 
 ----> 1.3#6.6#44.0#54.0#VAR 394 0 0.609579 0.390421 
 ----> 1.3#6.6#44.0#54.0#VAR 395 1 0.589266 0.410734 
 ----> 1.3#6.6#44.0#54.0#VAR 396 0 0.602407 0.397593 
 ----> 1.3#6.6#44.0#54.0#VAR 397 0 0.578002 0.421998 
 ----> 1.3#6.6#44.0#54.0#VAR 398 1 0.588914 0.411086 
 ----> 1.3#6.6#44.0#54.0#VAR 399 0 0.588973 0.411027 
 ----> 1.3#6.6#44.0#54.0#VAR 400 0 0.626938 0.373062 
 ----> 1.3#6.6#44.0#54.0#VAR 401 1 0.6053 0.3947 
 ----> 1.3#6.6#44.0#54.0#VAR 402 0 0.625198 0.374802 
 ----> 1.3#6.6#44.0#54.0#VAR 403 0 0.65498 0.34502 
 ----> 1.3#6.6#44.0#54.0#VAR 404 0 0.604262 0.395738 
 ----> 1.3#6.6#44.0#54.0#VAR 405 0 0.62973 0.37027 
 ----> 1.3#6.6#44.0#54.0#VAR 406 0 0.598492 0.401508 
 ----> 1.3#6.6#44.0#54.0#VAR 407 1 0.599632 0.400368 
 ----> 1.3#6.6#44.0#54.0#VAR 408 0 0.575527 0.424473 
 ----> 1.3#6.6#44.0#54.0#VAR 409 1 0.525799 0.474201 
 ----> 1.3#6.6#44.0#54.0#VAR 410 1 0.601527 0.398473 
 ----> 1.3#6.6#44.0#54.0#VAR 411 0 0.618157 0.381843 
 ----> 1.3#6.6#44.0#54.0#VAR 412 0 0.620349 0.379651 
 ----> 1.3#6.6#44.0#54.0#VAR 413 1 0.646772 0.353228 
 ----> 1.3#6.6#44.0#54.0#VAR 414 0 0.637413 0.362587 
 ----> 1.3#6.6#44.0#54.0#VAR 415 0 0.618136 0.381864 
 ----> 1.3#6.6#44.0#54.0#VAR 416 1 0.619477 0.380523 
 ----> 1.3#6.6#44.0#54.0#VAR 417 0 0.623105 0.376895 
 ----> 1.3#6.6#44.0#54.0#VAR 418 0 0.586954 0.413046 
 ----> 1.3#6.6#44.0#54.0#VAR 419 0 0.632628 0.367372 
 ----> 1.3#6.6#44.0#54.0#VAR 420 0 0.612706 0.387294 
 ----> 1.3#6.6#44.0#54.0#VAR 421 0 0.601356 0.398644 
 ----> 1.3#6.6#44.0#54.0#VAR 422 0 0.59384 0.40616 
 ----> 1.3#6.6#44.0#54.0#VAR 423 0 0.596556 0.403444 
 ----> 1.3#6.6#44.0#54.0#VAR 424 0 0.620696 0.379304 
 ----> 1.3#6.6#44.0#54.0#VAR 425 0 0.64429 0.35571 
 ----> 1.3#6.6#44.0#54.0#VAR 426 1 0.594494 0.405506 
 ----> 1.3#6.6#44.0#54.0#VAR 427 0 0.624473 0.375527 
 ----> 1.3#6.6#44.0#54.0#VAR 428 0 0.606775 0.393225 
 ----> 1.3#6.6#44.0#54.0#VAR 429 0 0.609157 0.390843 
 ----> 1.3#6.6#44.0#54.0#VAR 430 1 0.588399 0.411601 
 ----> 1.3#6.6#44.0#54.0#VAR 431 0 0.59521 0.40479 
 ----> 1.3#6.6#44.0#54.0#VAR 432 0 0.60313 0.39687 
 ----> 1.3#6.6#44.0#54.0#VAR 433 0 0.593095 0.406905 
 ----> 1.3#6.6#44.0#54.0#VAR 434 0 0.608001 0.391999 
 ----> 1.3#6.6#44.0#54.0#VAR 435 0 0.611847 0.388153 
 ----> 1.3#6.6#44.0#54.0#VAR 436 0 0.629874 0.370126 
 ----> 1.3#6.6#44.0#54.0#VAR 437 0 0.609656 0.390344 
 ----> 1.3#6.6#44.0#54.0#VAR 438 1 0.613398 0.386602 
 ----> 1.3#6.6#44.0#54.0#VAR 439 1 0.620914 0.379086 
 ----> 1.3#6.6#44.0#54.0#VAR 440 0 0.59697 0.40303 
 ----> 1.3#6.6#44.0#54.0#VAR 441 0 0.62906 0.37094 
 ----> 1.3#6.6#44.0#54.0#VAR 442 1 0.626945 0.373055 
 ----> 1.3#6.6#44.0#54.0#VAR 443 1 0.646319 0.353681 
 ----> 1.3#6.6#44.0#54.0#VAR 444 0 0.630695 0.369305 
 ----> 1.3#6.6#44.0#54.0#VAR 445 0 0.638029 0.361971 
 ----> 1.3#6.6#44.0#54.0#VAR 446 1 0.585217 0.414783 
 ----> 1.3#6.6#44.0#54.0#VAR 447 0 0.613113 0.386887 
 ----> 1.3#6.6#44.0#54.0#VAR 448 0 0.600406 0.399594 
 ----> 1.3#6.6#44.0#54.0#VAR 449 1 0.5656 0.4344 
 ----> 1.3#6.6#44.0#54.0#VAR 450 0 0.607958 0.392042 
 ----> 1.3#6.6#44.0#54.0#VAR 451 0 0.583233 0.416767 
 ----> 1.3#6.6#44.0#54.0#VAR 452 0 0.595587 0.404413 
 ----> 1.3#6.6#44.0#54.0#VAR 453 0 0.623429 0.376571 
 ----> 1.3#6.6#44.0#54.0#VAR 454 0 0.592247 0.407753 
 ----> 1.3#6.6#44.0#54.0#VAR 455 0 0.608249 0.391751 
 ----> 1.3#6.6#44.0#54.0#VAR 456 0 0.606139 0.393861 
 ----> 1.3#6.6#44.0#54.0#VAR 457 0 0.614837 0.385163 
 ----> 1.3#6.6#44.0#54.0#VAR 458 1 0.600267 0.399733 
 ----> 1.3#6.6#44.0#54.0#VAR 459 0 0.605074 0.394926 
 ----> 1.3#6.6#44.0#54.0#VAR 460 1 0.592608 0.407392 
 ----> 1.3#6.6#44.0#54.0#VAR 461 0 0.618484 0.381516 
 ----> 1.3#6.6#44.0#54.0#VAR 462 1 0.567193 0.432807 
 ----> 1.3#6.6#44.0#54.0#VAR 463 0 0.624916 0.375084 
 ----> 1.3#6.6#44.0#54.0#VAR 464 1 0.590942 0.409058 
 ----> 1.3#6.6#44.0#54.0#VAR 465 0 0.619933 0.380067 
 ----> 1.3#6.6#44.0#54.0#VAR 466 0 0.598828 0.401172 
 ----> 1.3#6.6#44.0#54.0#VAR 467 0 0.622454 0.377546 
 ----> 1.3#6.6#44.0#54.0#VAR 468 0 0.572766 0.427234 
 ----> 1.3#6.6#44.0#54.0#VAR 469 1 0.5918 0.4082 
 ----> 1.3#6.6#44.0#54.0#VAR 470 0 0.613755 0.386245 
 ----> 1.3#6.6#44.0#54.0#VAR 471 1 0.594279 0.405721 
 ----> 1.3#6.6#44.0#54.0#VAR 472 1 0.598843 0.401157 
 ----> 1.3#6.6#44.0#54.0#VAR 473 0 0.610761 0.389239 
 ----> 1.3#6.6#44.0#54.0#VAR 474 1 0.604467 0.395533 
 ----> 1.3#6.6#44.0#54.0#VAR 475 0 0.596414 0.403586 
 ----> 1.3#6.6#44.0#54.0#VAR 476 0 0.61088 0.38912 
 ----> 1.3#6.6#44.0#54.0#VAR 477 1 0.539105 0.460895 
 ----> 1.3#6.6#44.0#54.0#VAR 478 0 0.610032 0.389968 
 ----> 1.3#6.6#44.0#54.0#VAR 479 0 0.58115 0.41885 
 ----> 1.3#6.6#44.0#54.0#VAR 480 0 0.604694 0.395306 
 ----> 1.3#6.6#44.0#54.0#VAR 481 0 0.603961 0.396039 
 ----> 1.3#6.6#44.0#54.0#VAR 482 1 0.587593 0.412407 
 ----> 1.3#6.6#44.0#54.0#VAR 483 0 0.581138 0.418862 
 ----> 1.3#6.6#44.0#54.0#VAR 484 0 0.628671 0.371329 
 ----> 1.3#6.6#44.0#54.0#VAR 485 0 0.589662 0.410338 
 ----> 1.3#6.6#44.0#54.0#VAR 486 0 0.60601 0.39399 
 ----> 1.3#6.6#44.0#54.0#VAR 487 0 0.606167 0.393833 
 ----> 1.3#6.6#44.0#54.0#VAR 488 1 0.600204 0.399796 
 ----> 1.3#6.6#44.0#54.0#VAR 489 1 0.589566 0.410434 
 ----> 1.3#6.6#44.0#54.0#VAR 490 0 0.640534 0.359466 
 ----> 1.3#6.6#44.0#54.0#VAR 491 1 0.600931 0.399069 
 ----> 1.3#6.6#44.0#54.0#VAR 492 0 0.589309 0.410691 
 ----> 1.3#6.6#44.0#54.0#VAR 493 0 0.605132 0.394868 
 ----> 1.3#6.6#44.0#54.0#VAR 494 0 0.627573 0.372427 
 ----> 1.3#6.6#44.0#54.0#VAR 495 0 0.646335 0.353665 
 ----> 1.3#6.6#44.0#54.0#VAR 496 0 0.595133 0.404867 
 ----> 1.3#6.6#44.0#54.0#VAR 497 0 0.613078 0.386922 
 ----> 1.3#6.6#44.0#54.0#VAR 498 0 0.596769 0.403231 
 ----> 1.3#6.6#44.0#54.0#VAR 499 0 0.622585 0.377415 
 ----> 1.3#6.6#44.0#54.0#VAR 500 0 0.600299 0.399701 
 ----> 1.3#6.6#44.0#54.0#VAR 501 1 0.580885 0.419115 
 ----> 1.3#6.6#44.0#54.0#VAR 502 0 0.620946 0.379054 
 ----> 1.3#6.6#44.0#54.0#VAR 503 0 0.591445 0.408555 
 ----> 1.3#6.6#44.0#54.0#VAR 504 0 0.604932 0.395068 
 ----> 1.3#6.6#44.0#54.0#VAR 505 0 0.653067 0.346933 
 ----> 1.3#6.6#44.0#54.0#VAR 506 0 0.621107 0.378893 
 ----> 1.3#6.6#44.0#54.0#VAR 507 0 0.597325 0.402675 
 ----> 1.3#6.6#44.0#54.0#VAR 508 1 0.59673 0.40327 
 ----> 1.3#6.6#44.0#54.0#VAR 509 0 0.596709 0.403291 
 ----> 1.3#6.6#44.0#54.0#VAR 510 0 0.580587 0.419413 
 ----> 1.3#6.6#44.0#54.0#VAR 511 0 0.56293 0.43707 
 ----> 1.3#6.6#44.0#54.0#VAR 512 0 0.593819 0.406181 
 ----> 1.3#6.6#44.0#54.0#VAR 513 1 0.584968 0.415032 
 ----> 1.3#6.6#44.0#54.0#VAR 514 0 0.599119 0.400881 
 ----> 1.3#6.6#44.0#54.0#VAR 515 0 0.596841 0.403159 
 ----> 1.3#6.6#44.0#54.0#VAR 516 0 0.613763 0.386237 
 ----> 1.3#6.6#44.0#54.0#VAR 517 1 0.602208 0.397792 
 ----> 1.3#6.6#44.0#54.0#VAR 518 1 0.610236 0.389764 
 ----> 1.3#6.6#44.0#54.0#VAR 519 0 0.600845 0.399155 
 ----> 1.3#6.6#44.0#54.0#VAR 520 0 0.620239 0.379761 
 ----> 1.3#6.6#44.0#54.0#VAR 521 0 0.58702 0.41298 
 ----> 1.3#6.6#44.0#54.0#VAR 522 1 0.585111 0.414889 
 ----> 1.3#6.6#44.0#54.0#VAR 523 1 0.625189 0.374811 
 ----> 1.3#6.6#44.0#54.0#VAR 524 0 0.583252 0.416748 
 ----> 1.3#6.6#44.0#54.0#VAR 525 1 0.599249 0.400751 
 ----> 1.3#6.6#44.0#54.0#VAR 526 0 0.603762 0.396238 
 ----> 1.3#6.6#44.0#54.0#VAR 527 0 0.602402 0.397598 
 ----> 1.3#6.6#44.0#54.0#VAR 528 0 0.613245 0.386755 
 ----> 1.3#6.6#44.0#54.0#VAR 529 0 0.592134 0.407866 
 ----> 1.3#6.6#44.0#54.0#VAR 530 1 0.596303 0.403697 
 ----> 1.3#6.6#44.0#54.0#VAR 531 0 0.578731 0.421269 
 ----> 1.3#6.6#44.0#54.0#VAR 532 1 0.609198 0.390802 
 ----> 1.3#6.6#44.0#54.0#VAR 533 1 0.578955 0.421045 
 ----> 1.3#6.6#44.0#54.0#VAR 534 0 0.621127 0.378873 
 ----> 1.3#6.6#44.0#54.0#VAR 535 0 0.607417 0.392583 
 ----> 1.3#6.6#44.0#54.0#VAR 536 1 0.547599 0.452401 
 ----> 1.3#6.6#44.0#54.0#VAR 537 0 0.598483 0.401517 
 ----> 1.3#6.6#44.0#54.0#VAR 538 0 0.610055 0.389945 
 ----> 1.3#6.6#44.0#54.0#VAR 539 0 0.590411 0.409589 
 ----> 1.3#6.6#44.0#54.0#VAR 540 0 0.614865 0.385135 
 ----> 1.3#6.6#44.0#54.0#VAR 541 0 0.588519 0.411481 
 ----> 1.3#6.6#44.0#54.0#VAR 542 0 0.587371 0.412629 
 ----> 1.3#6.6#44.0#54.0#VAR 543 0 0.631927 0.368073 
 ----> 1.3#6.6#44.0#54.0#VAR 544 0 0.560849 0.439151 
 ----> 1.3#6.6#44.0#54.0#VAR 545 0 0.613439 0.386561 
 ----> 1.3#6.6#44.0#54.0#VAR 546 0 0.629631 0.370369 
 ----> 1.3#6.6#44.0#54.0#VAR 547 0 0.63396 0.36604 
 ----> 1.3#6.6#44.0#54.0#VAR 548 0 0.632616 0.367384 
 ----> 1.3#6.6#44.0#54.0#VAR 549 0 0.595025 0.404975 
 ----> 1.3#6.6#44.0#54.0#VAR 550 1 0.578767 0.421233 
 ----> 1.3#6.6#44.0#54.0#VAR 551 0 0.607982 0.392018 
 ----> 1.3#6.6#44.0#54.0#VAR 552 0 0.630459 0.369541 
 ----> 1.3#6.6#44.0#54.0#VAR 553 0 0.606277 0.393723 
 ----> 1.3#6.6#44.0#54.0#VAR 554 0 0.636348 0.363652 
 ----> 1.3#6.6#44.0#54.0#VAR 555 0 0.633966 0.366034 
 ----> 1.3#6.6#44.0#54.0#VAR 556 1 0.599055 0.400945 
 ----> 1.3#6.6#44.0#54.0#VAR 557 0 0.586033 0.413967 
 ----> 1.3#6.6#44.0#54.0#VAR 558 0 0.585016 0.414984 
 ----> 1.3#6.6#44.0#54.0#VAR 559 1 0.63013 0.36987 
 ----> 1.3#6.6#44.0#54.0#VAR 560 1 0.589761 0.410239 
 ----> 1.3#6.6#44.0#54.0#VAR 561 0 0.604332 0.395668 
 ----> 1.3#6.6#44.0#54.0#VAR 562 1 0.600127 0.399873 
 ----> 1.3#6.6#44.0#54.0#VAR 563 0 0.605226 0.394774 
 ----> 1.3#6.6#44.0#54.0#VAR 564 1 0.595229 0.404771 
 ----> 1.3#6.6#44.0#54.0#VAR 565 0 0.620173 0.379827 
 ----> 1.3#6.6#44.0#54.0#VAR 566 0 0.6001 0.3999 
 ----> 1.3#6.6#44.0#54.0#VAR 567 1 0.575401 0.424599 
 ----> 1.3#6.6#44.0#54.0#VAR 568 1 0.620521 0.379479 
 ----> 1.3#6.6#44.0#54.0#VAR 569 0 0.61926 0.38074 
 ----> 1.3#6.6#44.0#54.0#VAR 570 1 0.595984 0.404016 
 ----> 1.3#6.6#44.0#54.0#VAR 571 1 0.602649 0.397351 
 ----> 1.3#6.6#44.0#54.0#VAR 572 1 0.577017 0.422983 
 ----> 1.3#6.6#44.0#54.0#VAR 573 1 0.619042 0.380958 
 ----> 1.3#6.6#44.0#54.0#VAR 574 1 0.60655 0.39345 
 ----> 1.3#6.6#44.0#54.0#VAR 575 0 0.596161 0.403839 
 ----> 1.3#6.6#44.0#54.0#VAR 576 0 0.636304 0.363696 
 ----> 1.3#6.6#44.0#54.0#VAR 577 1 0.587782 0.412218 
 ----> 1.3#6.6#44.0#54.0#VAR 578 1 0.589538 0.410462 
 ----> 1.3#6.6#44.0#54.0#VAR 579 1 0.589158 0.410842 
 ----> 1.3#6.6#44.0#54.0#VAR 580 0 0.606633 0.393367 
 ----> 1.3#6.6#44.0#54.0#VAR 581 1 0.61312 0.38688 
 ----> 1.3#6.6#44.0#54.0#VAR 582 1 0.587743 0.412257 
 ----> 1.3#6.6#44.0#54.0#VAR 583 0 0.584253 0.415747 
 ----> 1.3#6.6#44.0#54.0#VAR 584 1 0.570308 0.429692 
 ----> 1.3#6.6#44.0#54.0#VAR 585 0 0.568201 0.431799 
 ----> 1.3#6.6#44.0#54.0#VAR 586 1 0.595496 0.404504 
 ----> 1.3#6.6#44.0#54.0#VAR 587 0 0.613974 0.386026 
 ----> 1.3#6.6#44.0#54.0#VAR 588 0 0.60167 0.39833 
 ----> 1.3#6.6#44.0#54.0#VAR 589 1 0.566505 0.433495 
 ----> 1.3#6.6#44.0#54.0#VAR 590 0 0.594805 0.405195 
 ----> 1.3#6.6#44.0#54.0#VAR 591 0 0.607593 0.392407 
 ----> 1.3#6.6#44.0#54.0#VAR 592 0 0.663195 0.336805 
 ----> 1.3#6.6#44.0#54.0#VAR 593 1 0.588611 0.411389 
 ----> 1.3#6.6#44.0#54.0#VAR 594 0 0.596212 0.403788 
 ----> 1.3#6.6#44.0#54.0#VAR 595 1 0.593002 0.406998 
 ----> 1.3#6.6#44.0#54.0#VAR 596 0 0.615987 0.384013 
 ----> 1.3#6.6#44.0#54.0#VAR 597 0 0.596122 0.403878 
 ----> 1.3#6.6#44.0#54.0#VAR 598 0 0.589909 0.410091 
 ----> 1.3#6.6#44.0#54.0#VAR 599 1 0.603747 0.396253 
 ----> 1.3#6.6#44.0#54.0#VAR 600 1 0.6217 0.3783 
 ----> 1.3#6.6#44.0#54.0#VAR 601 1 0.593544 0.406456 
 ----> 1.3#6.6#44.0#54.0#VAR 602 0 0.624741 0.375259 
 ----> 1.3#6.6#44.0#54.0#VAR 603 0 0.614831 0.385169 
 ----> 1.3#6.6#44.0#54.0#VAR 604 1 0.600314 0.399686 
 ----> 1.3#6.6#44.0#54.0#VAR 605 1 0.573826 0.426174 
 ----> 1.3#6.6#44.0#54.0#VAR 606 1 0.594797 0.405203 
 ----> 1.3#6.6#44.0#54.0#VAR 607 1 0.611951 0.388049 
 ----> 1.3#6.6#44.0#54.0#VAR 608 0 0.62405 0.37595 
 ----> 1.3#6.6#44.0#54.0#VAR 609 0 0.63048 0.36952 
 ----> 1.3#6.6#44.0#54.0#VAR 610 1 0.594881 0.405119 
 ----> 1.3#6.6#44.0#54.0#VAR 611 0 0.601049 0.398951 
 ----> 1.3#6.6#44.0#54.0#VAR 612 1 0.594136 0.405864 
 ----> 1.3#6.6#44.0#54.0#VAR 613 1 0.593006 0.406994 
 ----> 1.3#6.6#44.0#54.0#VAR 614 0 0.622283 0.377717 
 ----> 1.3#6.6#44.0#54.0#VAR 615 0 0.582709 0.417291 
 ----> 1.3#6.6#44.0#54.0#VAR 616 1 0.62455 0.37545 
 ----> 1.3#6.6#44.0#54.0#VAR 617 0 0.579407 0.420593 
 ----> 1.3#6.6#44.0#54.0#VAR 618 1 0.595319 0.404681 
 ----> 1.3#6.6#44.0#54.0#VAR 619 0 0.627087 0.372913 
 ----> 1.3#6.6#44.0#54.0#VAR 620 1 0.603764 0.396236 
 ----> 1.3#6.6#44.0#54.0#VAR 621 0 0.590492 0.409508 
 ----> 1.3#6.6#44.0#54.0#VAR 622 0 0.591474 0.408526 
 ----> 1.3#6.6#44.0#54.0#VAR 623 1 0.614141 0.385859 
 ----> 1.3#6.6#44.0#54.0#VAR 624 0 0.657917 0.342083 
 ----> 1.3#6.6#44.0#54.0#VAR 625 0 0.614593 0.385407 
 ----> 1.3#6.6#44.0#54.0#VAR 626 0 0.610263 0.389737 
 ----> 1.3#6.6#44.0#54.0#VAR 627 0 0.609759 0.390241 
 ----> 1.3#6.6#44.0#54.0#VAR 628 0 0.601805 0.398195 
 ----> 1.3#6.6#44.0#54.0#VAR 629 0 0.612638 0.387362 
 ----> 1.3#6.6#44.0#54.0#VAR 630 0 0.590807 0.409193 
 ----> 1.3#6.6#44.0#54.0#VAR 631 0 0.615655 0.384345 
 ----> 1.3#6.6#44.0#54.0#VAR 632 0 0.608362 0.391638 
 ----> 1.3#6.6#44.0#54.0#VAR 633 0 0.63046 0.36954 
 ----> 1.3#6.6#44.0#54.0#VAR 634 0 0.606031 0.393969 
 ----> 1.3#6.6#44.0#54.0#VAR 635 0 0.6035 0.3965 
 ----> 1.3#6.6#44.0#54.0#VAR 636 0 0.597373 0.402627 
 ----> 1.3#6.6#44.0#54.0#VAR 637 0 0.634518 0.365482 
 ----> 1.3#6.6#44.0#54.0#VAR 638 0 0.589063 0.410937 
 ----> 1.3#6.6#44.0#54.0#VAR 639 0 0.623277 0.376723 
 ----> 1.3#6.6#44.0#54.0#VAR 640 0 0.627338 0.372662 
 ----> 1.3#6.6#44.0#54.0#VAR 641 1 0.601888 0.398112 
 ----> 1.3#6.6#44.0#54.0#VAR 642 0 0.620033 0.379967 
 ----> 1.3#6.6#44.0#54.0#VAR 643 0 0.641558 0.358442 
 ----> 1.3#6.6#44.0#54.0#VAR 644 0 0.608218 0.391782 
 ----> 1.3#6.6#44.0#54.0#VAR 645 0 0.596802 0.403198 
 ----> 1.3#6.6#44.0#54.0#VAR 646 0 0.591005 0.408995 
 ----> 1.3#6.6#44.0#54.0#VAR 647 0 0.61854 0.38146 
 ----> 1.3#6.6#44.0#54.0#VAR 648 0 0.637193 0.362807 
 ----> 1.3#6.6#44.0#54.0#VAR 649 0 0.618255 0.381745 
 ----> 1.3#6.6#44.0#54.0#VAR 650 0 0.634535 0.365465 
 ----> 1.3#6.6#44.0#54.0#VAR 651 0 0.598734 0.401266 
 ----> 1.3#6.6#44.0#54.0#VAR 652 0 0.655131 0.344869 
 ----> 1.3#6.6#44.0#54.0#VAR 653 0 0.618143 0.381857 
 ----> 1.3#6.6#44.0#54.0#VAR 654 0 0.632172 0.367828 
 ----> 1.3#6.6#44.0#54.0#VAR 655 0 0.623542 0.376458 
 ----> 1.3#6.6#44.0#54.0#VAR 656 1 0.593565 0.406435 
 ----> 1.3#6.6#44.0#54.0#VAR 657 0 0.656261 0.343739 
 ----> 1.3#6.6#44.0#54.0#VAR 658 1 0.624627 0.375373 
 ----> 1.3#6.6#44.0#54.0#VAR 659 0 0.601376 0.398624 
 ----> 1.3#6.6#44.0#54.0#VAR 660 1 0.587352 0.412648 
 ----> 1.3#6.6#44.0#54.0#VAR 661 1 0.628882 0.371118 
 ----> 1.3#6.6#44.0#54.0#VAR 662 0 0.619732 0.380268 
 ----> 1.3#6.6#44.0#54.0#VAR 663 1 0.584572 0.415428 
 ----> 1.3#6.6#44.0#54.0#VAR 664 1 0.588573 0.411427 
 ----> 1.3#6.6#44.0#54.0#VAR 665 0 0.610762 0.389238 
 ----> 1.3#6.6#44.0#54.0#VAR 666 0 0.636548 0.363452 
 ----> 1.3#6.6#44.0#54.0#VAR 667 0 0.597262 0.402738 
 ----> 1.3#6.6#44.0#54.0#VAR 668 1 0.596068 0.403932 
 ----> 1.3#6.6#44.0#54.0#VAR 669 1 0.591456 0.408544 
 ----> 1.3#6.6#44.0#54.0#VAR 670 0 0.583233 0.416767 
 ----> 1.3#6.6#44.0#54.0#VAR 671 0 0.590113 0.409887 
 ----> 1.3#6.6#44.0#54.0#VAR 672 0 0.614011 0.385989 
 ----> 1.3#6.6#44.0#54.0#VAR 673 0 0.612315 0.387685 
 ----> 1.3#6.6#44.0#54.0#VAR 674 0 0.584289 0.415711 
 ----> 1.3#6.6#44.0#54.0#VAR 675 0 0.599723 0.400277 
 ----> 1.3#6.6#44.0#54.0#VAR 676 0 0.624741 0.375259 
 ----> 1.3#6.6#44.0#54.0#VAR 677 1 0.582382 0.417618 
 ----> 1.3#6.6#44.0#54.0#VAR 678 1 0.536545 0.463455 
 ----> 1.3#6.6#44.0#54.0#VAR 679 0 0.593419 0.406581 
 ----> 1.3#6.6#44.0#54.0#VAR 680 0 0.587258 0.412742 
 ----> 1.3#6.6#44.0#54.0#VAR 681 0 0.576498 0.423502 
 ----> 1.3#6.6#44.0#54.0#VAR 682 0 0.582629 0.417371 
 ----> 1.3#6.6#44.0#54.0#VAR 683 0 0.606067 0.393933 
 ----> 1.3#6.6#44.0#54.0#VAR 684 0 0.615824 0.384176 
 ----> 1.3#6.6#44.0#54.0#VAR 685 0 0.635478 0.364522 
 ----> 1.3#6.6#44.0#54.0#VAR 686 1 0.601141 0.398859 
 ----> 1.3#6.6#44.0#54.0#VAR 687 0 0.588237 0.411763 
 ----> 1.3#6.6#44.0#54.0#VAR 688 0 0.61043 0.38957 
 ----> 1.3#6.6#44.0#54.0#VAR 689 1 0.587171 0.412829 
 ----> 1.3#6.6#44.0#54.0#VAR 690 0 0.585372 0.414628 
 ----> 1.3#6.6#44.0#54.0#VAR 691 0 0.613214 0.386786 
 ----> 1.3#6.6#44.0#54.0#VAR 692 0 0.592662 0.407338 
 ----> 1.3#6.6#44.0#54.0#VAR 693 1 0.591363 0.408637 
 ----> 1.3#6.6#44.0#54.0#VAR 694 0 0.620232 0.379768 
 ----> 1.3#6.6#44.0#54.0#VAR 695 1 0.621194 0.378806 
 ----> 1.3#6.6#44.0#54.0#VAR 696 0 0.613478 0.386522 
 ----> 1.3#6.6#44.0#54.0#VAR 697 1 0.594098 0.405902 
 ----> 1.3#6.6#44.0#54.0#VAR 698 1 0.619866 0.380134 
 ----> 1.3#6.6#44.0#54.0#VAR 699 0 0.578527 0.421473 
 ----> 1.3#6.6#44.0#54.0#VAR 700 1 0.607296 0.392704 
 ----> 1.3#6.6#44.0#54.0#VAR 701 0 0.613478 0.386522 
 ----> 1.3#6.6#44.0#54.0#VAR 702 1 0.58709 0.41291 
 ----> 1.3#6.6#44.0#54.0#VAR 703 1 0.588306 0.411694 
 ----> 1.3#6.6#44.0#54.0#VAR 704 1 0.575243 0.424757 
 ----> 1.3#6.6#44.0#54.0#VAR 705 0 0.597683 0.402317 
 ----> 1.3#6.6#44.0#54.0#VAR 706 1 0.58926 0.41074 
 ----> 1.3#6.6#44.0#54.0#VAR 707 1 0.59823 0.40177 
 ----> 1.3#6.6#44.0#54.0#VAR 708 0 0.615912 0.384088 
 ----> 1.3#6.6#44.0#54.0#VAR 709 0 0.63091 0.36909 
 ----> 1.3#6.6#44.0#54.0#VAR 710 0 0.605259 0.394741 
 ----> 1.3#6.6#44.0#54.0#VAR 711 1 0.589894 0.410106 
 ----> 1.3#6.6#44.0#54.0#VAR 712 0 0.584121 0.415879 
 ----> 1.3#6.6#44.0#54.0#VAR 713 0 0.636161 0.363839 
 ----> 1.3#6.6#44.0#54.0#VAR 714 1 0.579725 0.420275 
 ----> 1.3#6.6#44.0#54.0#VAR 715 1 0.644227 0.355773 
 ----> 1.3#6.6#44.0#54.0#VAR 716 0 0.555657 0.444343 
 ----> 1.3#6.6#44.0#54.0#VAR 717 0 0.588573 0.411427 
 ----> 1.3#6.6#44.0#54.0#VAR 718 1 0.614897 0.385103 
 ----> 1.3#6.6#44.0#54.0#VAR 719 0 0.633167 0.366833 
 ----> 1.3#6.6#44.0#54.0#VAR 720 1 0.564484 0.435516 
 ----> 1.3#6.6#44.0#54.0#VAR 721 0 0.602928 0.397072 
 ----> 1.3#6.6#44.0#54.0#VAR 722 1 0.576297 0.423703 
 ----> 1.3#6.6#44.0#54.0#VAR 723 0 0.605763 0.394237 
 ----> 1.3#6.6#44.0#54.0#VAR 724 0 0.617995 0.382005 
 ----> 1.3#6.6#44.0#54.0#VAR 725 0 0.627303 0.372697 
 ----> 1.3#6.6#44.0#54.0#VAR 726 1 0.618166 0.381834 
 ----> 1.3#6.6#44.0#54.0#VAR 727 1 0.620136 0.379864 
 ----> 1.3#6.6#44.0#54.0#VAR 728 1 0.593015 0.406985 
 ----> 1.3#6.6#44.0#54.0#VAR 729 0 0.635925 0.364075 
 ----> 1.3#6.6#44.0#54.0#VAR 730 0 0.599283 0.400717 
 ----> 1.3#6.6#44.0#54.0#VAR 731 1 0.613761 0.386239 
 ----> 1.3#6.6#44.0#54.0#VAR 732 1 0.610475 0.389525 
 ----> 1.3#6.6#44.0#54.0#VAR 733 0 0.596549 0.403451 
 ----> 1.3#6.6#44.0#54.0#VAR 734 0 0.591232 0.408768 
 ----> 1.3#6.6#44.0#54.0#VAR 735 1 0.591385 0.408615 
 ----> 1.3#6.6#44.0#54.0#VAR 736 1 0.596681 0.403319 
 ----> 1.3#6.6#44.0#54.0#VAR 737 1 0.58256 0.41744 
 ----> 1.3#6.6#44.0#54.0#VAR 738 1 0.591585 0.408415 
 ----> 1.3#6.6#44.0#54.0#VAR 739 1 0.583698 0.416302 
 ----> 1.3#6.6#44.0#54.0#VAR 740 1 0.531239 0.468761 
 ----> 1.3#6.6#44.0#54.0#VAR 741 1 0.57906 0.42094 
 ----> 1.3#6.6#44.0#54.0#VAR 742 1 0.594897 0.405103 
 ----> 1.3#6.6#44.0#54.0#VAR 743 1 0.607137 0.392863 
 ----> 1.3#6.6#44.0#54.0#VAR 744 0 0.654404 0.345596 
 ----> 1.3#6.6#44.0#54.0#VAR 745 1 0.60526 0.39474 
 ----> 1.3#6.6#44.0#54.0#VAR 746 0 0.630797 0.369203 
 ----> 1.3#6.6#44.0#54.0#VAR 747 1 0.550606 0.449394 
 ----> 1.3#6.6#44.0#54.0#VAR 748 0 0.584844 0.415156 
 ----> 1.3#6.6#44.0#54.0#VAR 749 1 0.571211 0.428789 
 ----> 1.3#6.6#44.0#54.0#VAR 750 1 0.585837 0.414163 
 ----> 1.3#6.6#44.0#54.0#VAR 751 0 0.585098 0.414902 
 ----> 1.3#6.6#44.0#54.0#VAR 752 1 0.544768 0.455232 
 ----> 1.3#6.6#44.0#54.0#VAR 753 0 0.570338 0.429662 
 ----> 1.3#6.6#44.0#54.0#VAR 754 1 0.606122 0.393878 
 ----> 1.3#6.6#44.0#54.0#VAR 755 0 0.599266 0.400734 
 ----> 1.3#6.6#44.0#54.0#VAR 756 1 0.555173 0.444827 
 ----> 1.3#6.6#44.0#54.0#VAR 757 0 0.642132 0.357868 
 ----> 1.3#6.6#44.0#54.0#VAR 758 0 0.622389 0.377611 
 ----> 1.3#6.6#44.0#54.0#VAR 759 0 0.589876 0.410124 
 ----> 1.3#6.6#44.0#54.0#VAR 760 0 0.612049 0.387951 
 ----> 1.3#6.6#44.0#54.0#VAR 761 1 0.587582 0.412418 
 ----> 1.3#6.6#44.0#54.0#VAR 762 0 0.610855 0.389145 
 ----> 1.3#6.6#44.0#54.0#VAR 763 0 0.578537 0.421463 
 ----> 1.3#6.6#44.0#54.0#VAR 764 1 0.581164 0.418836 
 ----> 1.3#6.6#44.0#54.0#VAR 765 1 0.599488 0.400512 
 ----> 1.3#6.6#44.0#54.0#VAR 766 0 0.598739 0.401261 
 ----> 1.3#6.6#44.0#54.0#VAR 767 0 0.583925 0.416075 
 ----> 1.3#6.6#44.0#54.0#VAR 768 0 0.649636 0.350364 
 ----> 1.3#6.6#44.0#54.0#VAR 769 1 0.586278 0.413722 
 ----> 1.3#6.6#44.0#54.0#VAR 770 0 0.593092 0.406908 
 ----> 1.3#6.6#44.0#54.0#VAR 771 0 0.626781 0.373219 
 ----> 1.3#6.6#44.0#54.0#VAR 772 1 0.610366 0.389634 
 ----> 1.3#6.6#44.0#54.0#VAR 773 1 0.572977 0.427023 
 ----> 1.3#6.6#44.0#54.0#VAR 774 0 0.656398 0.343602 
 ----> 1.3#6.6#44.0#54.0#VAR 775 1 0.627209 0.372791 
 ----> 1.3#6.6#44.0#54.0#VAR 776 1 0.552312 0.447688 
 ----> 1.3#6.6#44.0#54.0#VAR 777 0 0.654331 0.345669 
 ----> 1.3#6.6#44.0#54.0#VAR 778 0 0.590541 0.409459 
 ----> 1.3#6.6#44.0#54.0#VAR 779 1 0.568186 0.431814 
 ----> 1.3#6.6#44.0#54.0#VAR 780 0 0.60922 0.39078 
 ----> 1.3#6.6#44.0#54.0#VAR 781 1 0.547137 0.452863 
 ----> 1.3#6.6#44.0#54.0#VAR 782 0 0.646816 0.353184 
 ----> 1.3#6.6#44.0#54.0#VAR 783 1 0.574697 0.425303 
 ----> 1.3#6.6#44.0#54.0#VAR 784 1 0.592783 0.407217 
 ----> 1.3#6.6#44.0#54.0#VAR 785 0 0.618354 0.381646 
 ----> 1.3#6.6#44.0#54.0#VAR 786 0 0.594944 0.405056 
 ----> 1.3#6.6#44.0#54.0#VAR 787 1 0.562438 0.437562 
 ----> 1.3#6.6#44.0#54.0#VAR 788 1 0.566729 0.433271 
 ----> 1.3#6.6#44.0#54.0#VAR 789 1 0.550266 0.449734 
 ----> 1.3#6.6#44.0#54.0#VAR 790 1 0.624207 0.375793 
 ----> 1.3#6.6#44.0#54.0#VAR 791 0 0.589682 0.410318 
 ----> 1.3#6.6#44.0#54.0#VAR 792 1 0.629209 0.370791 
 ----> 1.3#6.6#44.0#54.0#VAR 793 0 0.590417 0.409583 
 ----> 1.3#6.6#44.0#54.0#VAR 794 0 0.627926 0.372074 
 ----> 1.3#6.6#44.0#54.0#VAR 795 0 0.58396 0.41604 
 ----> 1.3#6.6#44.0#54.0#VAR 796 1 0.589521 0.410479 
 ----> 1.3#6.6#44.0#54.0#VAR 797 0 0.615629 0.384371 
 ----> 1.3#6.6#44.0#54.0#VAR 798 1 0.54213 0.45787 
 ----> 1.3#6.6#44.0#54.0#VAR 799 1 0.54412 0.45588 
 ----> 1.3#6.6#44.0#54.0#VAR 800 1 0.585687 0.414313 
 ----> 1.3#6.6#44.0#54.0#VAR 801 1 0.580694 0.419306 
 ----> 1.3#6.6#44.0#54.0#VAR 802 0 0.610041 0.389959 
 ----> 1.3#6.6#44.0#54.0#VAR 803 0 0.609205 0.390795 
 ----> 1.3#6.6#44.0#54.0#VAR 804 1 0.57203 0.42797 
 ----> 1.3#6.6#44.0#54.0#VAR 805 1 0.563169 0.436831 
 ----> 1.3#6.6#44.0#54.0#VAR 806 0 0.602436 0.397564 
 ----> 1.3#6.6#44.0#54.0#VAR 807 1 0.586017 0.413983 
 ----> 1.3#6.6#44.0#54.0#VAR 808 1 0.547157 0.452843 
 ----> 1.3#6.6#44.0#54.0#VAR 809 0 0.606411 0.393589 
 ----> 1.3#6.6#44.0#54.0#VAR 810 0 0.616285 0.383715 
 ----> 1.3#6.6#44.0#54.0#VAR 811 1 0.599822 0.400178 
 ----> 1.3#6.6#44.0#54.0#VAR 812 1 0.578968 0.421032 
 ----> 1.3#6.6#44.0#54.0#VAR 813 1 0.578652 0.421348 
 ----> 1.3#6.6#44.0#54.0#VAR 814 1 0.573688 0.426312 
 ----> 1.3#6.6#44.0#54.0#VAR 815 1 0.577433 0.422567 
 ----> 1.3#6.6#44.0#54.0#VAR 816 1 0.588797 0.411203 
 ----> 1.3#6.6#44.0#54.0#VAR 817 1 0.591218 0.408782 
 ----> 1.3#6.6#44.0#54.0#VAR 818 1 0.624269 0.375731 
 ----> 1.3#6.6#44.0#54.0#VAR 819 1 0.566661 0.433339 
 ----> 1.3#6.6#44.0#54.0#VAR 820 0 0.65134 0.34866 
 ----> 1.3#6.6#44.0#54.0#VAR 821 0 0.550553 0.449447 
 ----> 1.3#6.6#44.0#54.0#VAR 822 1 0.54207 0.45793 
 ----> 1.3#6.6#44.0#54.0#VAR 823 1 0.619689 0.380311 
 ----> 1.3#6.6#44.0#54.0#VAR 824 1 0.560474 0.439526 
 ----> 1.3#6.6#44.0#54.0#VAR 825 1 0.580849 0.419151 
 ----> 1.3#6.6#44.0#54.0#VAR 826 1 0.5951 0.4049 
 ----> 1.3#6.6#44.0#54.0#VAR 827 1 0.588298 0.411702 
 ----> 1.3#6.6#44.0#54.0#VAR 828 0 0.6065 0.3935 
 ----> 1.3#6.6#44.0#54.0#VAR 829 1 0.575231 0.424769 
 ----> 1.3#6.6#44.0#54.0#VAR 830 1 0.574689 0.425311 
 ----> 1.3#6.6#44.0#54.0#VAR 831 1 0.573184 0.426816 
 ----> 1.3#6.6#44.0#54.0#VAR 832 1 0.529015 0.470985 
 ----> 1.3#6.6#44.0#54.0#VAR 833 0 0.576021 0.423979 
 ----> 1.3#6.6#44.0#54.0#VAR 834 0 0.605731 0.394269 
 ----> 1.3#6.6#44.0#54.0#VAR 835 1 0.562814 0.437186 
 ----> 1.3#6.6#44.0#54.0#VAR 836 1 0.544442 0.455558 
 ----> 1.3#6.6#44.0#54.0#VAR 837 1 0.550624 0.449376 
 ----> 1.3#6.6#44.0#54.0#VAR 838 0 0.58654 0.41346 
 ----> 1.3#6.6#44.0#54.0#VAR 839 0 0.600998 0.399002 
 ----> 1.3#6.6#44.0#54.0#VAR 840 1 0.594239 0.405761 
 ----> 1.3#6.6#44.0#54.0#VAR 841 0 0.58933 0.41067 
 ----> 1.3#6.6#44.0#54.0#VAR 842 1 0.558427 0.441573 
 ----> 1.3#6.6#44.0#54.0#VAR 843 1 0.533472 0.466528 
 ----> 1.3#6.6#44.0#54.0#VAR 844 0 0.565604 0.434396 
 ----> 1.3#6.6#44.0#54.0#VAR 845 1 0.569766 0.430234 
 ----> 1.3#6.6#44.0#54.0#VAR 846 1 0.542721 0.457279 
 ----> 1.3#6.6#44.0#54.0#VAR 847 1 0.556448 0.443552 
 ----> 1.3#6.6#44.0#54.0#VAR 848 1 0.570161 0.429839 
 ----> 1.3#6.6#44.0#54.0#VAR 849 0 0.57824 0.42176 
 ----> 1.3#6.6#44.0#54.0#VAR 850 0 0.604314 0.395686 
 ----> 1.3#6.6#44.0#54.0#VAR 851 0 0.600438 0.399562 
 ----> 1.3#6.6#44.0#54.0#VAR 852 1 0.566216 0.433784 
 ----> 1.3#6.6#44.0#54.0#VAR 853 0 0.570451 0.429549 
 ----> 1.3#6.6#44.0#54.0#VAR 854 1 0.593138 0.406862 
 ----> 1.3#6.6#44.0#54.0#VAR 855 1 0.572503 0.427497 
 ----> 1.3#6.6#44.0#54.0#VAR 856 1 0.545162 0.454838 
 ----> 1.3#6.6#44.0#54.0#VAR 857 0 0.572543 0.427457 
 ----> 1.3#6.6#44.0#54.0#VAR 858 1 0.578155 0.421845 
 ----> 1.3#6.6#44.0#54.0#VAR 859 1 0.5911 0.4089 
 ----> 1.3#6.6#44.0#54.0#VAR 860 0 0.5899 0.4101 
 ----> 1.3#6.6#44.0#54.0#VAR 861 0 0.564319 0.435681 
 ----> 1.3#6.6#44.0#54.0#VAR 862 0 0.579117 0.420883 
 ----> 1.3#6.6#44.0#54.0#VAR 863 0 0.577422 0.422578 
 ----> 1.3#6.6#44.0#54.0#VAR 864 0 0.557691 0.442309 
 ----> 1.3#6.6#44.0#54.0#VAR 865 1 0.573272 0.426728 
 ----> 1.3#6.6#44.0#54.0#VAR 866 0 0.55491 0.44509 
 ----> 1.3#6.6#44.0#54.0#VAR 867 0 0.558793 0.441207 
 ----> 1.3#6.6#44.0#54.0#VAR 868 0 0.595036 0.404964 
 ----> 1.3#6.6#44.0#54.0#VAR 869 0 0.559106 0.440894 
 ----> 1.3#6.6#44.0#54.0#VAR 870 1 0.548828 0.451172 
 ----> 1.3#6.6#44.0#54.0#VAR 871 0 0.551817 0.448183 
 ----> 1.3#6.6#44.0#54.0#VAR 872 0 0.543976 0.456024 
 ----> 1.3#6.6#44.0#54.0#VAR 873 1 0.570148 0.429852 
 ----> 1.3#6.6#44.0#54.0#VAR 874 1 0.557109 0.442891 
 ----> 1.3#6.6#44.0#54.0#VAR 875 1 0.550889 0.449111 
 ----> 1.3#6.6#44.0#54.0#VAR 876 0 0.590517 0.409483 
 ----> 1.3#6.6#44.0#54.0#VAR 877 1 0.558743 0.441257 
 ----> 1.3#6.6#44.0#54.0#VAR 878 1 0.53975 0.46025 
 ----> 1.3#6.6#44.0#54.0#VAR 879 1 0.540282 0.459718 
 ----> 1.3#6.6#44.0#54.0#VAR 880 1 0.565929 0.434071 
 ----> 1.3#6.6#44.0#54.0#VAR 881 1 0.556845 0.443155 
 ----> 1.3#6.6#44.0#54.0#VAR 882 1 0.582555 0.417445 
 ----> 1.3#6.6#44.0#54.0#VAR 883 0 0.58725 0.41275 
 ----> 1.3#6.6#44.0#54.0#VAR 884 1 0.569002 0.430998 
 ----> 1.3#6.6#44.0#54.0#VAR 885 1 0.580789 0.419211 
 ----> 1.3#6.6#44.0#54.0#VAR 886 1 0.538699 0.461301 
 ----> 1.3#6.6#44.0#54.0#VAR 887 0 0.56153 0.43847 
 ----> 1.3#6.6#44.0#54.0#VAR 888 0 0.626953 0.373047 
 ----> 1.3#6.6#44.0#54.0#VAR 889 0 0.514584 0.485416 
 ----> 1.3#6.6#44.0#54.0#VAR 890 0 0.578348 0.421652 
 ----> 1.3#6.6#44.0#54.0#VAR 891 1 0.527237 0.472763 
 ----> 1.3#6.6#44.0#54.0#VAR 892 0 0.573884 0.426116 
 ----> 1.3#6.6#44.0#54.0#VAR 893 1 0.516592 0.483408 
 ----> 1.3#6.6#44.0#54.0#VAR 894 0 0.53203 0.46797 
 ----> 1.3#6.6#44.0#54.0#VAR 895 0 0.550171 0.449829 
 ----> 1.3#6.6#44.0#54.0#VAR 896 1 0.509849 0.490151 
 ----> 1.3#6.6#44.0#54.0#VAR 897 1 0.545969 0.454031 
 ----> 1.3#6.6#44.0#54.0#VAR 898 1 0.530457 0.469543 
 ----> 1.3#6.6#44.0#54.0#VAR 899 0 0.565763 0.434237 
 ----> 1.3#6.6#44.0#54.0#VAR 900 1 0.483133 0.516867 
 ----> 1.3#6.6#44.0#54.0#VAR 901 0 0.518268 0.481732 
 ----> 1.3#6.6#44.0#54.0#VAR 902 0 0.585435 0.414565 
 ----> 1.3#6.6#44.0#54.0#VAR 903 1 0.537836 0.462164 
 ----> 1.3#6.6#44.0#54.0#VAR 904 1 0.530756 0.469244 
 ----> 1.3#6.6#44.0#54.0#VAR 905 1 0.533883 0.466117 
 ----> 1.3#6.6#44.0#54.0#VAR 906 0 0.567395 0.432605 
 ----> 1.3#6.6#44.0#54.0#VAR 907 1 0.523011 0.476989 
 ----> 1.3#6.6#44.0#54.0#VAR 908 1 0.508892 0.491108 
 ----> 1.3#6.6#44.0#54.0#VAR 909 1 0.508052 0.491948 
 ----> 1.3#6.6#44.0#54.0#VAR 910 1 0.509685 0.490315 
 ----> 1.3#6.6#44.0#54.0#VAR 911 1 0.516685 0.483315 
 ----> 1.3#6.6#44.0#54.0#VAR 912 1 0.500551 0.499449 
 ----> 1.3#6.6#44.0#54.0#VAR 913 1 0.478455 0.521545 
 ----> 1.3#6.6#44.0#54.0#VAR 914 1 0.51474 0.48526 
 ----> 1.3#6.6#44.0#54.0#VAR 915 1 0.525503 0.474497 
 ----> 1.3#6.6#44.0#54.0#VAR 916 0 0.519429 0.480571 
 ----> 1.3#6.6#44.0#54.0#VAR 917 1 0.416418 0.583582 
 ----> 1.3#6.6#44.0#54.0#VAR 918 1 0.498896 0.501104 
 ----> 1.3#6.6#44.0#54.0#VAR 919 1 0.46789 0.53211 
 ----> 1.3#6.6#44.0#54.0#VAR 920 1 0.488478 0.511522 
 ----> 1.3#6.6#44.0#54.0#VAR 921 1 0.472042 0.527958 
 ----> 1.3#6.6#44.0#54.0#VAR 922 1 0.546457 0.453543 
 ----> 1.3#6.6#44.0#54.0#VAR 923 1 0.529562 0.470438 
 ----> 1.3#6.6#44.0#54.0#VAR 924 1 0.524843 0.475157 
 ----> 1.3#6.6#44.0#54.0#VAR 925 1 0.488364 0.511636 
 ----> 1.3#6.6#44.0#54.0#VAR 926 1 0.529977 0.470023 
 ----> 1.3#6.6#44.0#54.0#VAR 927 1 0.51649 0.48351 
 ----> 1.3#6.6#44.0#54.0#VAR 928 1 0.48363 0.51637 
 ----> 1.3#6.6#44.0#54.0#VAR 929 1 0.464342 0.535658 
 ----> 1.3#6.6#44.0#54.0#VAR 930 1 0.491901 0.508099 
 ----> 1.3#6.6#44.0#54.0#VAR 931 1 0.477099 0.522901 
 ----> 1.3#6.6#44.0#54.0#VAR 932 1 0.495747 0.504253 
 ----> 1.3#6.6#44.0#54.0#VAR 933 1 0.469751 0.530249 
 ----> 1.3#6.6#44.0#54.0#VAR 934 1 0.473245 0.526755 
 ----> 1.3#6.6#44.0#54.0#VAR 935 1 0.519416 0.480584 
 ----> 1.3#6.6#44.0#54.0#VAR 936 1 0.5338 0.4662 
 ----> 1.3#6.6#44.0#54.0#VAR 937 1 0.502224 0.497776 
 ----> 1.3#6.6#44.0#54.0#VAR 938 1 0.510289 0.489711 
 ----> 1.3#6.6#44.0#54.0#VAR 939 1 0.494533 0.505467 
 ----> 1.3#6.6#44.0#54.0#VAR 940 1 0.537067 0.462933 
 ----> 1.3#6.6#44.0#54.0#VAR 941 1 0.491795 0.508205 
 ----> 1.3#6.6#44.0#54.0#VAR 942 1 0.471137 0.528863 
 ----> 1.3#6.6#44.0#54.0#VAR 943 1 0.504058 0.495942 
 ----> 1.3#6.6#44.0#54.0#VAR 944 1 0.498814 0.501186 
 ----> 1.3#6.6#44.0#54.0#VAR 945 0 0.480963 0.519037 
 ----> 1.3#6.6#44.0#54.0#VAR 946 1 0.453155 0.546845 
 ----> 1.3#6.6#44.0#54.0#VAR 947 1 0.502189 0.497811 
 ----> 1.3#6.6#44.0#54.0#VAR 948 1 0.43457 0.56543 
 ----> 1.3#6.6#44.0#54.0#VAR 949 0 0.511883 0.488117 
 ----> 1.3#6.6#44.0#54.0#VAR 950 0 0.4868 0.5132 
 ----> 1.3#6.6#44.0#54.0#VAR 951 1 0.522033 0.477967 
 ----> 1.3#6.6#44.0#54.0#VAR 952 1 0.487491 0.512509 
 ----> 1.3#6.6#44.0#54.0#VAR 953 1 0.479941 0.520059 
 ----> 1.3#6.6#44.0#54.0#VAR 954 1 0.404188 0.595812 
 ----> 1.3#6.6#44.0#54.0#VAR 955 0 0.502599 0.497401 
 ----> 1.3#6.6#44.0#54.0#VAR 956 1 0.484413 0.515587 
 ----> 1.3#6.6#44.0#54.0#VAR 957 0 0.479417 0.520583 
 ----> 1.3#6.6#44.0#54.0#VAR 958 0 0.54775 0.45225 
 ----> 1.3#6.6#44.0#54.0#VAR 959 1 0.524374 0.475626 
 ----> 1.3#6.6#44.0#54.0#VAR 960 1 0.544732 0.455268 
 ----> 1.3#6.6#44.0#54.0#VAR 961 0 0.536231 0.463769 
 ----> 1.3#6.6#44.0#54.0#VAR 962 1 0.502061 0.497939 
 ----> 1.3#6.6#44.0#54.0#VAR 963 0 0.548742 0.451258 
 ----> 1.3#6.6#44.0#54.0#VAR 964 1 0.523261 0.476739 
 ----> 1.3#6.6#44.0#54.0#VAR 965 0 0.542674 0.457326 
 ----> 1.3#6.6#44.0#54.0#VAR 966 0 0.582747 0.417253 
 ----> 1.3#6.6#44.0#54.0#VAR 967 1 0.517645 0.482355 
 ----> 1.3#6.6#44.0#54.0#VAR 968 0 0.548464 0.451536 
 ----> 1.3#6.6#44.0#54.0#VAR 969 0 0.554063 0.445937 
 ----> 1.3#6.6#44.0#54.0#VAR 970 1 0.536033 0.463967 
 ----> 1.3#6.6#44.0#54.0#VAR 971 1 0.529147 0.470853 
 ----> 1.3#6.6#44.0#54.0#VAR 972 1 0.483679 0.516321 
 ----> 1.3#6.6#44.0#54.0#VAR 973 0 0.562353 0.437647 
 ----> 1.3#6.6#44.0#54.0#VAR 974 1 0.517239 0.482761 
 ----> 1.3#6.6#44.0#54.0#VAR 975 1 0.532597 0.467403 
 ----> 1.3#6.6#44.0#54.0#VAR 976 0 0.594861 0.405139 
 ----> 1.3#6.6#44.0#54.0#VAR 977 1 0.537341 0.462659 
 ----> 1.3#6.6#44.0#54.0#VAR 978 0 0.565174 0.434826 
 ----> 1.3#6.6#44.0#54.0#VAR 979 0 0.535743 0.464257 
 ----> 1.3#6.6#44.0#54.0#VAR 980 0 0.55661 0.44339 
 ----> 1.3#6.6#44.0#54.0#VAR 981 1 0.525635 0.474365 
 ----> 1.3#6.6#44.0#54.0#VAR 982 1 0.492002 0.507998 
 ----> 1.3#6.6#44.0#54.0#VAR 983 1 0.495282 0.504718 
 ----> 1.3#6.6#44.0#54.0#VAR 984 0 0.55773 0.44227 
 ----> 1.3#6.6#44.0#54.0#VAR 985 0 0.526877 0.473123 
 ----> 1.3#6.6#44.0#54.0#VAR 986 0 0.564205 0.435795 
 ----> 1.3#6.6#44.0#54.0#VAR 987 1 0.524644 0.475356 
 ----> 1.3#6.6#44.0#54.0#VAR 988 1 0.494762 0.505238 
 ----> 1.3#6.6#44.0#54.0#VAR 989 1 0.549111 0.450889 
 ----> 1.3#6.6#44.0#54.0#VAR 990 1 0.552739 0.447261 
 ----> 1.3#6.6#44.0#54.0#VAR 991 0 0.568885 0.431115 
 ----> 1.3#6.6#44.0#54.0#VAR 992 0 0.540083 0.459917 
 ----> 1.3#6.6#44.0#54.0#VAR 993 0 0.564538 0.435462 
 ----> 1.3#6.6#44.0#54.0#VAR 994 1 0.540396 0.459604 
 ----> 1.3#6.6#44.0#54.0#VAR 995 0 0.546202 0.453798 
 ----> 1.3#6.6#44.0#54.0#VAR 996 1 0.514027 0.485973 
 ----> 1.3#6.6#44.0#54.0#VAR 997 1 0.533789 0.466211 
 ----> 1.3#6.6#44.0#54.0#VAR 998 0 0.5463 0.4537 
 ----> 1.3#6.6#44.0#54.0#VAR 999 0 0.550166 0.449834 
 ----> 1.3#6.6#44.0#54.0#VAR 1000 1 0.557505 0.442495 
 ----> 1.3#6.6#44.0#54.0#VAR 1001 1 0.541904 0.458096 
 ----> 1.3#6.6#44.0#54.0#VAR 1002 0 0.540216 0.459784 
 ----> 1.3#6.6#44.0#54.0#VAR 1003 1 0.524967 0.475033 
 ----> 1.3#6.6#44.0#54.0#VAR 1004 0 0.592159 0.407841 
 ----> 1.3#6.6#44.0#54.0#VAR 1005 1 0.559571 0.440429 
 ----> 1.3#6.6#44.0#54.0#VAR 1006 0 0.574799 0.425201 
 ----> 1.3#6.6#44.0#54.0#VAR 1007 1 0.548131 0.451869 
 ----> 1.3#6.6#44.0#54.0#VAR 1008 0 0.545229 0.454771 
 ----> 1.3#6.6#44.0#54.0#VAR 1009 0 0.57519 0.42481 
 ----> 1.3#6.6#44.0#54.0#VAR 1010 1 0.55211 0.44789 
 ----> 1.3#6.6#44.0#54.0#VAR 1011 0 0.612952 0.387048 
 ----> 1.3#6.6#44.0#54.0#VAR 1012 0 0.532389 0.467611 
 ----> 1.3#6.6#44.0#54.0#VAR 1013 0 0.582191 0.417809 
 ----> 1.3#6.6#44.0#54.0#VAR 1014 1 0.512395 0.487605 
 ----> 1.3#6.6#44.0#54.0#VAR 1015 0 0.567804 0.432196 
 ----> 1.3#6.6#44.0#54.0#VAR 1016 1 0.466853 0.533147 
 ----> 1.3#6.6#44.0#54.0#VAR 1017 1 0.50772 0.49228 
 ----> 1.3#6.6#44.0#54.0#VAR 1018 1 0.520942 0.479058 
 ----> 1.3#6.6#44.0#54.0#VAR 1019 1 0.543968 0.456032 
 ----> 1.3#6.6#44.0#54.0#VAR 1020 1 0.484009 0.515991 
 ----> 1.3#6.6#44.0#54.0#VAR 1021 1 0.476086 0.523914 
 ----> 1.3#6.6#44.0#54.0#VAR 1022 1 0.544358 0.455642 
 ----> 1.3#6.6#44.0#54.0#VAR 1023 1 0.500899 0.499101 
 ----> 1.3#6.6#44.0#54.0#VAR 1024 1 0.555177 0.444823 
 ----> 1.3#6.6#44.0#54.0#VAR 1025 1 0.545034 0.454966 
 ----> 1.3#6.6#44.0#54.0#VAR 1026 0 0.593938 0.406062 
 ----> 1.3#6.6#44.0#54.0#VAR 1027 0 0.562186 0.437814 
 ----> 1.3#6.6#44.0#54.0#VAR 1028 1 0.494335 0.505665 
 ----> 1.3#6.6#44.0#54.0#VAR 1029 1 0.542626 0.457374 
 ----> 1.3#6.6#44.0#54.0#VAR 1030 1 0.564946 0.435054 
 ----> 1.3#6.6#44.0#54.0#VAR 1031 0 0.540163 0.459837 
 ----> 1.3#6.6#44.0#54.0#VAR 1032 1 0.542659 0.457341 
 ----> 1.3#6.6#44.0#54.0#VAR 1033 1 0.548802 0.451198 
 ----> 1.3#6.6#44.0#54.0#VAR 1034 1 0.550402 0.449598 
 ----> 1.3#6.6#44.0#54.0#VAR 1035 0 0.554382 0.445618 
 ----> 1.3#6.6#44.0#54.0#VAR 1036 1 0.49484 0.50516 
 ----> 1.3#6.6#44.0#54.0#VAR 1037 1 0.521498 0.478502 
 ----> 1.3#6.6#44.0#54.0#VAR 1038 0 0.586201 0.413799 
 ----> 1.3#6.6#44.0#54.0#VAR 1039 0 0.567643 0.432357 
 ----> 1.3#6.6#44.0#54.0#VAR 1040 0 0.512583 0.487417 
 ----> 1.3#6.6#44.0#54.0#VAR 1041 0 0.552594 0.447406 
 ----> 1.3#6.6#44.0#54.0#VAR 1042 0 0.519454 0.480546 
 ----> 1.3#6.6#44.0#54.0#VAR 1043 1 0.514777 0.485223 
 ----> 1.3#6.6#44.0#54.0#VAR 1044 1 0.512311 0.487689 
 ----> 1.3#6.6#44.0#54.0#VAR 1045 0 0.554267 0.445733 
 ----> 1.3#6.6#44.0#54.0#VAR 1046 1 0.547841 0.452159 
 ----> 1.3#6.6#44.0#54.0#VAR 1047 1 0.527052 0.472948 
 ----> 1.3#6.6#44.0#54.0#VAR 1048 0 0.551872 0.448128 
 ----> 1.3#6.6#44.0#54.0#VAR 1049 0 0.57729 0.42271 
 ----> 1.3#6.6#44.0#54.0#VAR 1050 0 0.574293 0.425707 
 ----> 1.3#6.6#44.0#54.0#VAR 1051 1 0.536602 0.463398 
 ----> 1.3#6.6#44.0#54.0#VAR 1052 1 0.534401 0.465599 
 ----> 1.3#6.6#44.0#54.0#VAR 1053 0 0.585902 0.414098 
 ----> 1.3#6.6#44.0#54.0#VAR 1054 0 0.562631 0.437369 
 ----> 1.3#6.6#44.0#54.0#VAR 1055 0 0.548351 0.451649 
 ----> 1.3#6.6#44.0#54.0#VAR 1056 1 0.519751 0.480249 
 ----> 1.3#6.6#44.0#54.0#VAR 1057 0 0.582379 0.417621 
 ----> 1.3#6.6#44.0#54.0#VAR 1058 1 0.535713 0.464287 
 ----> 1.3#6.6#44.0#54.0#VAR 1059 1 0.511386 0.488614 
 ----> 1.3#6.6#44.0#54.0#VAR 1060 1 0.562502 0.437498 
 ----> 1.3#6.6#44.0#54.0#VAR 1061 0 0.553239 0.446761 
 ----> 1.3#6.6#44.0#54.0#VAR 1062 1 0.530262 0.469738 
 ----> 1.3#6.6#44.0#54.0#VAR 1063 0 0.553039 0.446961 
 ----> 1.3#6.6#44.0#54.0#VAR 1064 0 0.577933 0.422067 
 ----> 1.3#6.6#44.0#54.0#VAR 1065 0 0.573037 0.426963 
 ----> 1.3#6.6#44.0#54.0#VAR 1066 0 0.565841 0.434159 
 ----> 1.3#6.6#44.0#54.0#VAR 1067 0 0.546408 0.453592 
 ----> 1.3#6.6#44.0#54.0#VAR 1068 1 0.540948 0.459052 
 ----> 1.3#6.6#44.0#54.0#VAR 1069 1 0.511802 0.488198 
 ----> 1.3#6.6#44.0#54.0#VAR 1070 0 0.537564 0.462436 
 ----> 1.3#6.6#44.0#54.0#VAR 1071 1 0.544283 0.455717 
 ----> 1.3#6.6#44.0#54.0#VAR 1072 1 0.55356 0.44644 
 ----> 1.3#6.6#44.0#54.0#VAR 1073 0 0.51966 0.48034 
 ----> 1.3#6.6#44.0#54.0#VAR 1074 1 0.522494 0.477506 
 ----> 1.3#6.6#44.0#54.0#VAR 1075 1 0.490456 0.509544 
 ----> 1.3#6.6#44.0#54.0#VAR 1076 0 0.520697 0.479303 
 ----> 1.3#6.6#44.0#54.0#VAR 1077 1 0.498738 0.501262 
 ----> 1.3#6.6#44.0#54.0#VAR 1078 0 0.558791 0.441209 
 ----> 1.3#6.6#44.0#54.0#VAR 1079 1 0.51702 0.48298 
 ----> 1.3#6.6#44.0#54.0#VAR 1080 1 0.523796 0.476204 
 ----> 1.3#6.6#44.0#54.0#VAR 1081 0 0.58004 0.41996 
 ----> 1.3#6.6#44.0#54.0#VAR 1082 1 0.529547 0.470453 
 ----> 1.3#6.6#44.0#54.0#VAR 1083 0 0.566868 0.433132 
 ----> 1.3#6.6#44.0#54.0#VAR 1084 0 0.552626 0.447374 
 ----> 1.3#6.6#44.0#54.0#VAR 1085 1 0.532309 0.467691 
 ----> 1.3#6.6#44.0#54.0#VAR 1086 0 0.59489 0.40511 
 ----> 1.3#6.6#44.0#54.0#VAR 1087 0 0.540565 0.459435 
 ----> 1.3#6.6#44.0#54.0#VAR 1088 0 0.554219 0.445781 
 ----> 1.3#6.6#44.0#54.0#VAR 1089 0 0.555306 0.444694 
 ----> 1.3#6.6#44.0#54.0#VAR 1090 1 0.551346 0.448654 
 ----> 1.3#6.6#44.0#54.0#VAR 1091 0 0.614013 0.385987 
 ----> 1.3#6.6#44.0#54.0#VAR 1092 0 0.577785 0.422215 
 ----> 1.3#6.6#44.0#54.0#VAR 1093 0 0.587627 0.412373 
 ----> 1.3#6.6#44.0#54.0#VAR 1094 1 0.551351 0.448649 
 ----> 1.3#6.6#44.0#54.0#VAR 1095 0 0.543845 0.456155 
 ----> 1.3#6.6#44.0#54.0#VAR 1096 0 0.551712 0.448288 
 ----> 1.3#6.6#44.0#54.0#VAR 1097 0 0.590148 0.409852 
 ----> 1.3#6.6#44.0#54.0#VAR 1098 1 0.58903 0.41097 
 ----> 1.3#6.6#44.0#54.0#VAR 1099 0 0.571256 0.428744 
 ----> 1.3#6.6#44.0#54.0#VAR 1100 1 0.545853 0.454147 
 ----> 1.3#6.6#44.0#54.0#VAR 1101 1 0.543645 0.456355 
 ----> 1.3#6.6#44.0#54.0#VAR 1102 0 0.576455 0.423545 
 ----> 1.3#6.6#44.0#54.0#VAR 1103 1 0.546999 0.453001 
 ----> 1.3#6.6#44.0#54.0#VAR 1104 1 0.527539 0.472461 
 ----> 1.3#6.6#44.0#54.0#VAR 1105 0 0.595987 0.404013 
 ----> 1.3#6.6#44.0#54.0#VAR 1106 0 0.540841 0.459159 
 ----> 1.3#6.6#44.0#54.0#VAR 1107 0 0.59062 0.40938 
 ----> 1.3#6.6#44.0#54.0#VAR 1108 0 0.588815 0.411185 
 ----> 1.3#6.6#44.0#54.0#VAR 1109 0 0.58718 0.41282 
 ----> 1.3#6.6#44.0#54.0#VAR 1110 0 0.570735 0.429265 
 ----> 1.3#6.6#44.0#54.0#VAR 1111 0 0.550413 0.449587 
 ----> 1.3#6.6#44.0#54.0#VAR 1112 0 0.560352 0.439648 
 ----> 1.3#6.6#44.0#54.0#VAR 1113 0 0.595672 0.404328 
 ----> 1.3#6.6#44.0#54.0#VAR 1114 0 0.589991 0.410009 
 ----> 1.3#6.6#44.0#54.0#VAR 1115 1 0.53938 0.46062 
 ----> 1.3#6.6#44.0#54.0#VAR 1116 0 0.571627 0.428373 
 ----> 1.3#6.6#44.0#54.0#VAR 1117 0 0.562257 0.437743 
 ----> 1.3#6.6#44.0#54.0#VAR 1118 1 0.525581 0.474419 
 ----> 1.3#6.6#44.0#54.0#VAR 1119 0 0.624778 0.375222 
 ----> 1.3#6.6#44.0#54.0#VAR 1120 0 0.575937 0.424063 
 ----> 1.3#6.6#44.0#54.0#VAR 1121 0 0.598513 0.401487 
 ----> 1.3#6.6#44.0#54.0#VAR 1122 0 0.558771 0.441229 
 ----> 1.3#6.6#44.0#54.0#VAR 1123 0 0.5499 0.4501 
 ----> 1.3#6.6#44.0#54.0#VAR 1124 0 0.588024 0.411976 
 ----> 1.3#6.6#44.0#54.0#VAR 1125 0 0.59415 0.40585 
 ----> 1.3#6.6#44.0#54.0#VAR 1126 0 0.59759 0.40241 
 ----> 1.3#6.6#44.0#54.0#VAR 1127 0 0.624685 0.375315 
 ----> 1.3#6.6#44.0#54.0#VAR 1128 0 0.592163 0.407837 
 ----> 1.3#6.6#44.0#54.0#VAR 1129 0 0.538706 0.461294 
 ----> 1.3#6.6#44.0#54.0#VAR 1130 0 0.578451 0.421549 
 ----> 1.3#6.6#44.0#54.0#VAR 1131 1 0.505365 0.494635 
 ----> 1.3#6.6#44.0#54.0#VAR 1132 0 0.615779 0.384221 
 ----> 1.3#6.6#44.0#54.0#VAR 1133 0 0.628075 0.371925 
 ----> 1.3#6.6#44.0#54.0#VAR 1134 0 0.575845 0.424155 
 ----> 1.3#6.6#44.0#54.0#VAR 1135 1 0.536445 0.463555 
 ----> 1.3#6.6#44.0#54.0#VAR 1136 1 0.559838 0.440162 
 ----> 1.3#6.6#44.0#54.0#VAR 1137 1 0.560987 0.439013 
 ----> 1.3#6.6#44.0#54.0#VAR 1138 0 0.622024 0.377976 
 ----> 1.3#6.6#44.0#54.0#VAR 1139 0 0.586065 0.413935 
 ----> 1.3#6.6#44.0#54.0#VAR 1140 0 0.606077 0.393923 
 ----> 1.3#6.6#44.0#54.0#VAR 1141 0 0.622795 0.377205 
 ----> 1.3#6.6#44.0#54.0#VAR 1142 1 0.534187 0.465813 
 ----> 1.3#6.6#44.0#54.0#VAR 1143 1 0.56486 0.43514 
 ----> 1.3#6.6#44.0#54.0#VAR 1144 1 0.527616 0.472384 
 ----> 1.3#6.6#44.0#54.0#VAR 1145 1 0.553476 0.446524 
 ----> 1.3#6.6#44.0#54.0#VAR 1146 0 0.577278 0.422722 
 ----> 1.3#6.6#44.0#54.0#VAR 1147 1 0.500578 0.499422 
 ----> 1.3#6.6#44.0#54.0#VAR 1148 0 0.579278 0.420722 
 ----> 1.3#6.6#44.0#54.0#VAR 1149 0 0.562518 0.437482 
 ----> 1.3#6.6#44.0#54.0#VAR 1150 1 0.533924 0.466076 
 ----> 1.3#6.6#44.0#54.0#VAR 1151 1 0.558216 0.441784 
 ----> 1.3#6.6#44.0#54.0#VAR 1152 0 0.566503 0.433497 
 ----> 1.3#6.6#44.0#54.0#VAR 1153 1 0.510747 0.489253 
 ----> 1.3#6.6#44.0#54.0#VAR 1154 1 0.545997 0.454003 
 ----> 1.3#6.6#44.0#54.0#VAR 1155 1 0.556515 0.443485 
 ----> 1.3#6.6#44.0#54.0#VAR 1156 0 0.553731 0.446269 
 ----> 1.3#6.6#44.0#54.0#VAR 1157 0 0.598221 0.401779 
 ----> 1.3#6.6#44.0#54.0#VAR 1158 0 0.598306 0.401694 
 ----> 1.3#6.6#44.0#54.0#VAR 1159 0 0.647489 0.352511 
 ----> 1.3#6.6#44.0#54.0#VAR 1160 1 0.556956 0.443044 
 ----> 1.3#6.6#44.0#54.0#VAR 1161 0 0.581689 0.418311 
 ----> 1.3#6.6#44.0#54.0#VAR 1162 0 0.603029 0.396971 
 ----> 1.3#6.6#44.0#54.0#VAR 1163 1 0.519447 0.480553 
 ----> 1.3#6.6#44.0#54.0#VAR 1164 0 0.592917 0.407083 
 ----> 1.3#6.6#44.0#54.0#VAR 1165 0 0.554219 0.445781 
 ----> 1.3#6.6#44.0#54.0#VAR 1166 1 0.543615 0.456385 
 ----> 1.3#6.6#44.0#54.0#VAR 1167 0 0.555738 0.444262 
 ----> 1.3#6.6#44.0#54.0#VAR 1168 0 0.576137 0.423863 
 ----> 1.3#6.6#44.0#54.0#VAR 1169 0 0.585955 0.414045 
 ----> 1.3#6.6#44.0#54.0#VAR 1170 0 0.557684 0.442316 
 ----> 1.3#6.6#44.0#54.0#VAR 1171 1 0.547944 0.452056 
 ----> 1.3#6.6#44.0#54.0#VAR 1172 0 0.603892 0.396108 
 ----> 1.3#6.6#44.0#54.0#VAR 1173 1 0.553421 0.446579 
 ----> 1.3#6.6#44.0#54.0#VAR 1174 1 0.530664 0.469336 
 ----> 1.3#6.6#44.0#54.0#VAR 1175 0 0.528643 0.471357 
 ----> 1.3#6.6#44.0#54.0#VAR 1176 1 0.514964 0.485036 
 ----> 1.3#6.6#44.0#54.0#VAR 1177 1 0.49817 0.50183 
 ----> 1.3#6.6#44.0#54.0#VAR 1178 0 0.60844 0.39156 
 ----> 1.3#6.6#44.0#54.0#VAR 1179 1 0.530915 0.469085 
 ----> 1.3#6.6#44.0#54.0#VAR 1180 0 0.593268 0.406732 
 ----> 1.3#6.6#44.0#54.0#VAR 1181 0 0.637989 0.362011 
 ----> 1.3#6.6#44.0#54.0#VAR 1182 1 0.558101 0.441899 
 ----> 1.3#6.6#44.0#54.0#VAR 1183 0 0.533121 0.466879 
 ----> 1.3#6.6#44.0#54.0#VAR 1184 0 0.593146 0.406854 
 ----> 1.3#6.6#44.0#54.0#VAR 1185 1 0.525743 0.474257 
 ----> 1.3#6.6#44.0#54.0#VAR 1186 0 0.579187 0.420813 
 ----> 1.3#6.6#44.0#54.0#VAR 1187 0 0.593119 0.406881 
 ----> 1.3#6.6#44.0#54.0#VAR 1188 0 0.571171 0.428829 
 ----> 1.3#6.6#44.0#54.0#VAR 1189 0 0.600227 0.399773 
 ----> 1.3#6.6#44.0#54.0#VAR 1190 0 0.595236 0.404764 
 ----> 1.3#6.6#44.0#54.0#VAR 1191 0 0.584643 0.415357 
 ----> 1.3#6.6#44.0#54.0#VAR 1192 0 0.567685 0.432315 
 ----> 1.3#6.6#44.0#54.0#VAR 1193 0 0.58296 0.41704 
 ----> 1.3#6.6#44.0#54.0#VAR 1194 0 0.613296 0.386704 
 ----> 1.3#6.6#44.0#54.0#VAR 1195 0 0.57296 0.42704 
 ----> 1.3#6.6#44.0#54.0#VAR 1196 1 0.525757 0.474243 
 ----> 1.3#6.6#44.0#54.0#VAR 1197 1 0.54259 0.45741 
 ----> 1.3#6.6#44.0#54.0#VAR 1198 0 0.563911 0.436089 
 ----> 1.3#6.6#44.0#54.0#VAR 1199 0 0.562488 0.437512 
 ----> 1.3#6.6#44.0#54.0#VAR 1200 1 0.514698 0.485302 
 ----> 1.3#6.6#44.0#54.0#VAR 1201 0 0.590561 0.409439 
 ----> 1.3#6.6#44.0#54.0#VAR 1202 0 0.542835 0.457165 
 ----> 1.3#6.6#44.0#54.0#VAR 1203 0 0.55556 0.44444 
 ----> 1.3#6.6#44.0#54.0#VAR 1204 1 0.555646 0.444354 
 ----> 1.3#6.6#44.0#54.0#VAR 1205 1 0.565312 0.434688 
 ----> 1.3#6.6#44.0#54.0#VAR 1206 0 0.60652 0.39348 
 ----> 1.3#6.6#44.0#54.0#VAR 1207 1 0.584666 0.415334 
 ----> 1.3#6.6#44.0#54.0#VAR 1208 0 0.565552 0.434448 
 ----> 1.3#6.6#44.0#54.0#VAR 1209 1 0.605655 0.394345 
 ----> 1.3#6.6#44.0#54.0#VAR 1210 0 0.583826 0.416174 
 ----> 1.3#6.6#44.0#54.0#VAR 1211 1 0.559078 0.440922 
 ----> 1.3#6.6#44.0#54.0#VAR 1212 1 0.565407 0.434593 
 ----> 1.3#6.6#44.0#54.0#VAR 1213 0 0.620904 0.379096 
 ----> 1.3#6.6#44.0#54.0#VAR 1214 0 0.573154 0.426846 
 ----> 1.3#6.6#44.0#54.0#VAR 1215 0 0.575148 0.424852 
 ----> 1.3#6.6#44.0#54.0#VAR 1216 0 0.629591 0.370409 
 ----> 1.3#6.6#44.0#54.0#VAR 1217 0 0.588083 0.411917 
 ----> 1.3#6.6#44.0#54.0#VAR 1218 0 0.579181 0.420819 
 ----> 1.3#6.6#44.0#54.0#VAR 1219 0 0.602761 0.397239 
 ----> 1.3#6.6#44.0#54.0#VAR 1220 0 0.574932 0.425068 
 ----> 1.3#6.6#44.0#54.0#VAR 1221 0 0.571216 0.428784 
 ----> 1.3#6.6#44.0#54.0#VAR 1222 1 0.559204 0.440796 
 ----> 1.3#6.6#44.0#54.0#VAR 1223 1 0.584676 0.415324 
 ----> 1.3#6.6#44.0#54.0#VAR 1224 1 0.543563 0.456437 
 ----> 1.3#6.6#44.0#54.0#VAR 1225 0 0.59169 0.40831 
 ----> 1.3#6.6#44.0#54.0#VAR 1226 1 0.545138 0.454862 
 ----> 1.3#6.6#44.0#54.0#VAR 1227 1 0.535143 0.464857 
 ----> 1.3#6.6#44.0#54.0#VAR 1228 0 0.595247 0.404753 
 ----> 1.3#6.6#44.0#54.0#VAR 1229 0 0.564216 0.435784 
 ----> 1.3#6.6#44.0#54.0#VAR 1230 1 0.564267 0.435733 
 ----> 1.3#6.6#44.0#54.0#VAR 1231 1 0.546152 0.453848 
 ----> 1.3#6.6#44.0#54.0#VAR 1232 0 0.553014 0.446986 
 ----> 1.3#6.6#44.0#54.0#VAR 1233 0 0.551295 0.448705 
 ----> 1.3#6.6#44.0#54.0#VAR 1234 1 0.543488 0.456512 
 ----> 1.3#6.6#44.0#54.0#VAR 1235 1 0.543801 0.456199 
 ----> 1.3#6.6#44.0#54.0#VAR 1236 0 0.560677 0.439323 
 ----> 1.3#6.6#44.0#54.0#VAR 1237 0 0.562709 0.437291 
 ----> 1.3#6.6#44.0#54.0#VAR 1238 0 0.599272 0.400728 
 ----> 1.3#6.6#44.0#54.0#VAR 1239 1 0.527448 0.472552 
 ----> 1.3#6.6#44.0#54.0#VAR 1240 0 0.561961 0.438039 
 ----> 1.3#6.6#44.0#54.0#VAR 1241 0 0.597068 0.402932 
 ----> 1.3#6.6#44.0#54.0#VAR 1242 1 0.530807 0.469193 
 ----> 1.3#6.6#44.0#54.0#VAR 1243 0 0.539529 0.460471 
 ----> 1.3#6.6#44.0#54.0#VAR 1244 0 0.543914 0.456086 
 ----> 1.3#6.6#44.0#54.0#VAR 1245 0 0.607496 0.392504 
 ----> 1.3#6.6#44.0#54.0#VAR 1246 0 0.594715 0.405285 
 ----> 1.3#6.6#44.0#54.0#VAR 1247 0 0.572409 0.427591 
 ----> 1.3#6.6#44.0#54.0#VAR 1248 0 0.587468 0.412532 
 ----> 1.3#6.6#44.0#54.0#VAR 1249 0 0.589932 0.410068 
 ----> 1.3#6.6#44.0#54.0#VAR 1250 0 0.61204 0.38796 
 ----> 1.3#6.6#44.0#54.0#VAR 1251 0 0.652508 0.347492 
 ----> 1.3#6.6#44.0#54.0#VAR 1252 0 0.611473 0.388527 
 ----> 1.3#6.6#44.0#54.0#VAR 1253 0 0.576721 0.423279 
 ----> 1.3#6.6#44.0#54.0#VAR 1254 0 0.523577 0.476423 
 ----> 1.3#6.6#44.0#54.0#VAR 1255 0 0.572721 0.427279 
 ----> 1.3#6.6#44.0#54.0#VAR 1256 0 0.560871 0.439129 
 ----> 1.3#6.6#44.0#54.0#VAR 1257 1 0.581344 0.418656 
 ----> 1.3#6.6#44.0#54.0#VAR 1258 0 0.589472 0.410528 
 ----> 1.3#6.6#44.0#54.0#VAR 1259 1 0.578845 0.421155 
 ----> 1.3#6.6#44.0#54.0#VAR 1260 0 0.613114 0.386886 
 ----> 1.3#6.6#44.0#54.0#VAR 1261 0 0.554505 0.445495 
 ----> 1.3#6.6#44.0#54.0#VAR 1262 0 0.577452 0.422548 
 ----> 1.3#6.6#44.0#54.0#VAR 1263 1 0.564062 0.435938 
 ----> 1.3#6.6#44.0#54.0#VAR 1264 0 0.570436 0.429564 
 ----> 1.3#6.6#44.0#54.0#VAR 1265 1 0.517666 0.482334 
 ----> 1.3#6.6#44.0#54.0#VAR 1266 1 0.519918 0.480082 
 ----> 1.3#6.6#44.0#54.0#VAR 1267 1 0.511746 0.488254 
 ----> 1.3#6.6#44.0#54.0#VAR 1268 1 0.54752 0.45248 
 ----> 1.3#6.6#44.0#54.0#VAR 1269 1 0.568243 0.431757 
 ----> 1.3#6.6#44.0#54.0#VAR 1270 1 0.545061 0.454939 
 ----> 1.3#6.6#44.0#54.0#VAR 1271 1 0.546139 0.453861 
 ----> 1.3#6.6#44.0#54.0#VAR 1272 0 0.540555 0.459445 
 ----> 1.3#6.6#44.0#54.0#VAR 1273 1 0.52632 0.47368 
 ----> 1.3#6.6#44.0#54.0#VAR 1274 0 0.526562 0.473438 
 ----> 1.3#6.6#44.0#54.0#VAR 1275 0 0.520517 0.479483 
 ----> 1.3#6.6#44.0#54.0#VAR 1276 1 0.478414 0.521586 
 ----> 1.3#6.6#44.0#54.0#VAR 1277 1 0.475459 0.524541 
 ----> 1.3#6.6#44.0#54.0#VAR 1278 1 0.516184 0.483816 
 ----> 1.3#6.6#44.0#54.0#VAR 1279 0 0.611586 0.388414 
 ----> 1.3#6.6#44.0#54.0#VAR 1280 1 0.566756 0.433244 
 ----> 1.3#6.6#44.0#54.0#VAR 1281 0 0.581835 0.418165 
 ----> 1.3#6.6#44.0#54.0#VAR 1282 1 0.548829 0.451171 
 ----> 1.3#6.6#44.0#54.0#VAR 1283 0 0.588066 0.411934 
 ----> 1.3#6.6#44.0#54.0#VAR 1284 1 0.55828 0.44172 
 ----> 1.3#6.6#44.0#54.0#VAR 1285 1 0.54785 0.45215 
 ----> 1.3#6.6#44.0#54.0#VAR 1286 0 0.632224 0.367776 
 ----> 1.3#6.6#44.0#54.0#VAR 1287 1 0.557404 0.442596 
 ----> 1.3#6.6#44.0#54.0#VAR 1288 1 0.577644 0.422356 
 ----> 1.3#6.6#44.0#54.0#VAR 1289 1 0.536035 0.463965 
 ----> 1.3#6.6#44.0#54.0#VAR 1290 1 0.541545 0.458455 
 ----> 1.3#6.6#44.0#54.0#VAR 1291 0 0.602696 0.397304 
 ----> 1.3#6.6#44.0#54.0#VAR 1292 0 0.632419 0.367581 
 ----> 1.3#6.6#44.0#54.0#VAR 1293 0 0.60783 0.39217 
 ----> 1.3#6.6#44.0#54.0#VAR 1294 0 0.616641 0.383359 
 ----> 1.3#6.6#44.0#54.0#VAR 1295 0 0.600849 0.399151 
 ----> 1.3#6.6#44.0#54.0#VAR 1296 1 0.575738 0.424262 
 ----> 1.3#6.6#44.0#54.0#VAR 1297 0 0.591139 0.408861 
 ----> 1.3#6.6#44.0#54.0#VAR 1298 1 0.545274 0.454726 
 ----> 1.3#6.6#44.0#54.0#VAR 1299 0 0.585961 0.414039 
 ----> 1.3#6.6#44.0#54.0#VAR 1300 0 0.576544 0.423456 
 ----> 1.3#6.6#44.0#54.0#VAR 1301 0 0.598851 0.401149 
 ----> 1.3#6.6#44.0#54.0#VAR 1302 1 0.526635 0.473365 
 ----> 1.3#6.6#44.0#54.0#VAR 1303 1 0.544719 0.455281 
 ----> 1.3#6.6#44.0#54.0#VAR 1304 0 0.596094 0.403906 
 ----> 1.3#6.6#44.0#54.0#VAR 1305 0 0.56096 0.43904 
 ----> 1.3#6.6#44.0#54.0#VAR 1306 0 0.55003 0.44997 
 ----> 1.3#6.6#44.0#54.0#VAR 1307 0 0.578113 0.421887 
 ----> 1.3#6.6#44.0#54.0#VAR 1308 1 0.57304 0.42696 
 ----> 1.3#6.6#44.0#54.0#VAR 1309 0 0.566532 0.433468 
 ----> 1.3#6.6#44.0#54.0#VAR 1310 0 0.57158 0.42842 
 ----> 1.3#6.6#44.0#54.0#VAR 1311 1 0.547099 0.452901 
 ----> 1.3#6.6#44.0#54.0#VAR 1312 1 0.578418 0.421582 
 ----> 1.3#6.6#44.0#54.0#VAR 1313 0 0.606221 0.393779 
 ----> 1.3#6.6#44.0#54.0#VAR 1314 0 0.611765 0.388235 
 ----> 1.3#6.6#44.0#54.0#VAR 1315 0 0.626513 0.373487 
 ----> 1.3#6.6#44.0#54.0#VAR 1316 1 0.533747 0.466253 
 ----> 1.3#6.6#44.0#54.0#VAR 1317 0 0.587265 0.412735 
 ----> 1.3#6.6#44.0#54.0#VAR 1318 1 0.513443 0.486557 
 ----> 1.3#6.6#44.0#54.0#VAR 1319 1 0.545125 0.454875 
 ----> 1.3#6.6#44.0#54.0#VAR 1320 0 0.560674 0.439326 
 ----> 1.3#6.6#44.0#54.0#VAR 1321 0 0.564354 0.435646 
 ----> 1.3#6.6#44.0#54.0#VAR 1322 0 0.591229 0.408771 
 ----> 1.3#6.6#44.0#54.0#VAR 1323 1 0.553965 0.446035 
 ----> 1.3#6.6#44.0#54.0#VAR 1324 0 0.609798 0.390202 
 ----> 1.3#6.6#44.0#54.0#VAR 1325 0 0.634929 0.365071 
 ----> 1.3#6.6#44.0#54.0#VAR 1326 1 0.546121 0.453879 
 ----> 1.3#6.6#44.0#54.0#VAR 1327 0 0.655546 0.344454 
 ----> 1.3#6.6#44.0#54.0#VAR 1328 0 0.603453 0.396547 
 ----> 1.3#6.6#44.0#54.0#VAR 1329 0 0.561989 0.438011 
 ----> 1.3#6.6#44.0#54.0#VAR 1330 1 0.56554 0.43446 
 ----> 1.3#6.6#44.0#54.0#VAR 1331 1 0.56916 0.43084 
 ----> 1.3#6.6#44.0#54.0#VAR 1332 0 0.590302 0.409698 
 ----> 1.3#6.6#44.0#54.0#VAR 1333 1 0.563536 0.436464 
 ----> 1.3#6.6#44.0#54.0#VAR 1334 0 0.592573 0.407427 
 ----> 1.3#6.6#44.0#54.0#VAR 1335 0 0.613827 0.386173 
 ----> 1.3#6.6#44.0#54.0#VAR 1336 0 0.622301 0.377699 
 ----> 1.3#6.6#44.0#54.0#VAR 1337 1 0.501682 0.498318 
 ----> 1.3#6.6#44.0#54.0#VAR 1338 0 0.62113 0.37887 
 ----> 1.3#6.6#44.0#54.0#VAR 1339 1 0.551326 0.448674 
 ----> 1.3#6.6#44.0#54.0#VAR 1340 1 0.551487 0.448513 
 ----> 1.3#6.6#44.0#54.0#VAR 1341 0 0.60434 0.39566 
 ----> 1.3#6.6#44.0#54.0#VAR 1342 0 0.585331 0.414669 
 ----> 1.3#6.6#44.0#54.0#VAR 1343 0 0.592181 0.407819 
 ----> 1.3#6.6#44.0#54.0#VAR 1344 1 0.566868 0.433132 
 ----> 1.3#6.6#44.0#54.0#VAR 1345 0 0.575697 0.424303 
 ----> 1.3#6.6#44.0#54.0#VAR 1346 1 0.560909 0.439091 
 ----> 1.3#6.6#44.0#54.0#VAR 1347 1 0.498924 0.501076 
 ----> 1.3#6.6#44.0#54.0#VAR 1348 1 0.506341 0.493659 
 ----> 1.3#6.6#44.0#54.0#VAR 1349 0 0.563887 0.436113 
 ----> 1.3#6.6#44.0#54.0#VAR 1350 1 0.564492 0.435508 
 ----> 1.3#6.6#44.0#54.0#VAR 1351 0 0.560221 0.439779 
 ----> 1.3#6.6#44.0#54.0#VAR 1352 1 0.569907 0.430093 
 ----> 1.3#6.6#44.0#54.0#VAR 1353 1 0.56885 0.43115 
 ----> 1.3#6.6#44.0#54.0#VAR 1354 1 0.521418 0.478582 
 ----> 1.3#6.6#44.0#54.0#VAR 1355 1 0.563142 0.436858 
 ----> 1.3#6.6#44.0#54.0#VAR 1356 0 0.643648 0.356352 
 ----> 1.3#6.6#44.0#54.0#VAR 1357 1 0.531148 0.468852 
 ----> 1.3#6.6#44.0#54.0#VAR 1358 0 0.60043 0.39957 
 ----> 1.3#6.6#44.0#54.0#VAR 1359 0 0.576256 0.423744 
 ----> 1.3#6.6#44.0#54.0#VAR 1360 1 0.563444 0.436556 
 ----> 1.3#6.6#44.0#54.0#VAR 1361 1 0.547822 0.452178 
 ----> 1.3#6.6#44.0#54.0#VAR 1362 0 0.5922 0.4078 
 ----> 1.3#6.6#44.0#54.0#VAR 1363 0 0.605184 0.394816 
 ----> 1.3#6.6#44.0#54.0#VAR 1364 0 0.56207 0.43793 
 ----> 1.3#6.6#44.0#54.0#VAR 1365 0 0.571662 0.428338 
 ----> 1.3#6.6#44.0#54.0#VAR 1366 0 0.56712 0.43288 
 ----> 1.3#6.6#44.0#54.0#VAR 1367 0 0.586125 0.413875 
 ----> 1.3#6.6#44.0#54.0#VAR 1368 1 0.572227 0.427773 
 ----> 1.3#6.6#44.0#54.0#VAR 1369 0 0.583183 0.416817 
 ----> 1.3#6.6#44.0#54.0#VAR 1370 1 0.573365 0.426635 
 ----> 1.3#6.6#44.0#54.0#VAR 1371 1 0.587076 0.412924 
 ----> 1.3#6.6#44.0#54.0#VAR 1372 0 0.608364 0.391636 
 ----> 1.3#6.6#44.0#54.0#VAR 1373 0 0.585874 0.414126 
 ----> 1.3#6.6#44.0#54.0#VAR 1374 0 0.555964 0.444036 
 ----> 1.3#6.6#44.0#54.0#VAR 1375 0 0.577411 0.422589 
 ----> 1.3#6.6#44.0#54.0#VAR 1376 1 0.611925 0.388075 
 ----> 1.3#6.6#44.0#54.0#VAR 1377 0 0.56088 0.43912 
 ----> 1.3#6.6#44.0#54.0#VAR 1378 0 0.602269 0.397731 
 ----> 1.3#6.6#44.0#54.0#VAR 1379 1 0.531181 0.468819 
 ----> 1.3#6.6#44.0#54.0#VAR 1380 0 0.589965 0.410035 
 ----> 1.3#6.6#44.0#54.0#VAR 1381 0 0.620579 0.379421 
 ----> 1.3#6.6#44.0#54.0#VAR 1382 0 0.568498 0.431502 
 ----> 1.3#6.6#44.0#54.0#VAR 1383 1 0.554764 0.445236 
 ----> 1.3#6.6#44.0#54.0#VAR 1384 1 0.577271 0.422729 
 ----> 1.3#6.6#44.0#54.0#VAR 1385 1 0.548946 0.451054 
 ----> 1.3#6.6#44.0#54.0#VAR 1386 0 0.610752 0.389248 
 ----> 1.3#6.6#44.0#54.0#VAR 1387 1 0.591466 0.408534 
 ----> 1.3#6.6#44.0#54.0#VAR 1388 0 0.649188 0.350812 
 ----> 1.3#6.6#44.0#54.0#VAR 1389 0 0.635562 0.364438 
 ----> 1.3#6.6#44.0#54.0#VAR 1390 0 0.555292 0.444708 
 ----> 1.3#6.6#44.0#54.0#VAR 1391 1 0.558359 0.441641 
 ----> 1.3#6.6#44.0#54.0#VAR 1392 1 0.558106 0.441894 
 ----> 1.3#6.6#44.0#54.0#VAR 1393 1 0.562534 0.437466 
 ----> 1.3#6.6#44.0#54.0#VAR 1394 0 0.636527 0.363473 
 ----> 1.3#6.6#44.0#54.0#VAR 1395 0 0.60516 0.39484 
 ----> 1.3#6.6#44.0#54.0#VAR 1396 0 0.60215 0.39785 
 ----> 1.3#6.6#44.0#54.0#VAR 1397 0 0.554104 0.445896 
 ----> 1.3#6.6#44.0#54.0#VAR 1398 0 0.620583 0.379417 
 ----> 1.3#6.6#44.0#54.0#VAR 1399 0 0.616518 0.383482 
 ----> 1.3#6.6#44.0#54.0#VAR 1400 0 0.596882 0.403118 
 ----> 1.3#6.6#44.0#54.0#VAR 1401 1 0.545745 0.454255 
 ----> 1.3#6.6#44.0#54.0#VAR 1402 1 0.590439 0.409561 
 ----> 1.3#6.6#44.0#54.0#VAR 1403 0 0.655329 0.344671 
 ----> 1.3#6.6#44.0#54.0#VAR 1404 0 0.602741 0.397259 
 ----> 1.3#6.6#44.0#54.0#VAR 1405 0 0.58679 0.41321 
 ----> 1.3#6.6#44.0#54.0#VAR 1406 1 0.57439 0.42561 
 ----> 1.3#6.6#44.0#54.0#VAR 1407 1 0.566895 0.433105 
 ----> 1.3#6.6#44.0#54.0#VAR 1408 0 0.585759 0.414241 
 ----> 1.3#6.6#44.0#54.0#VAR 1409 1 0.576925 0.423075 
 ----> 1.3#6.6#44.0#54.0#VAR 1410 0 0.604665 0.395335 
 ----> 1.3#6.6#44.0#54.0#VAR 1411 1 0.558602 0.441398 
 ----> 1.3#6.6#44.0#54.0#VAR 1412 0 0.559822 0.440178 
 ----> 1.3#6.6#44.0#54.0#VAR 1413 1 0.572456 0.427544 
 ----> 1.3#6.6#44.0#54.0#VAR 1414 0 0.620514 0.379486 
 ----> 1.3#6.6#44.0#54.0#VAR 1415 0 0.582804 0.417196 
 ----> 1.3#6.6#44.0#54.0#VAR 1416 0 0.633377 0.366623 
 ----> 1.3#6.6#44.0#54.0#VAR 1417 0 0.606047 0.393953 
 ----> 1.3#6.6#44.0#54.0#VAR 1418 1 0.567026 0.432974 
 ----> 1.3#6.6#44.0#54.0#VAR 1419 0 0.608638 0.391362 
 ----> 1.3#6.6#44.0#54.0#VAR 1420 0 0.562357 0.437643 
 ----> 1.3#6.6#44.0#54.0#VAR 1421 1 0.584836 0.415164 
 ----> 1.3#6.6#44.0#54.0#VAR 1422 0 0.601184 0.398816 
 ----> 1.3#6.6#44.0#54.0#VAR 1423 0 0.578862 0.421138 
 ----> 1.3#6.6#44.0#54.0#VAR 1424 1 0.545794 0.454206 
 ----> 1.3#6.6#44.0#54.0#VAR 1425 0 0.594314 0.405686 
 ----> 1.3#6.6#44.0#54.0#VAR 1426 0 0.588757 0.411243 
 ----> 1.3#6.6#44.0#54.0#VAR 1427 0 0.602471 0.397529 
 ----> 1.3#6.6#44.0#54.0#VAR 1428 1 0.589624 0.410376 
 ----> 1.3#6.6#44.0#54.0#VAR 1429 0 0.619231 0.380769 
 ----> 1.3#6.6#44.0#54.0#VAR 1430 1 0.598959 0.401041 
 ----> 1.3#6.6#44.0#54.0#VAR 1431 0 0.569257 0.430743 
 ----> 1.3#6.6#44.0#54.0#VAR 1432 0 0.580613 0.419387 
 ----> 1.3#6.6#44.0#54.0#VAR 1433 1 0.582212 0.417788 
 ----> 1.3#6.6#44.0#54.0#VAR 1434 1 0.555227 0.444773 
 ----> 1.3#6.6#44.0#54.0#VAR 1435 0 0.590803 0.409197 
 ----> 1.3#6.6#44.0#54.0#VAR 1436 1 0.562868 0.437132 
 ----> 1.3#6.6#44.0#54.0#VAR 1437 0 0.621584 0.378416 
 ----> 1.3#6.6#44.0#54.0#VAR 1438 1 0.57209 0.42791 
 ----> 1.3#6.6#44.0#54.0#VAR 1439 0 0.549958 0.450042 
 ----> 1.3#6.6#44.0#54.0#VAR 1440 1 0.558354 0.441646 
 ----> 1.3#6.6#44.0#54.0#VAR 1441 1 0.532441 0.467559 
 ----> 1.3#6.6#44.0#54.0#VAR 1442 1 0.570855 0.429145 
 ----> 1.3#6.6#44.0#54.0#VAR 1443 1 0.563071 0.436929 
 ----> 1.3#6.6#44.0#54.0#VAR 1444 1 0.547715 0.452285 
 ----> 1.3#6.6#44.0#54.0#VAR 1445 0 0.573907 0.426093 
 ----> 1.3#6.6#44.0#54.0#VAR 1446 1 0.553407 0.446593 
 ----> 1.3#6.6#44.0#54.0#VAR 1447 0 0.58785 0.41215 
 ----> 1.3#6.6#44.0#54.0#VAR 1448 1 0.57395 0.42605 
 ----> 1.3#6.6#44.0#54.0#VAR 1449 1 0.573906 0.426094 
 ----> 1.3#6.6#44.0#54.0#VAR 1450 1 0.614611 0.385389 
 ----> 1.3#6.6#44.0#54.0#VAR 1451 1 0.583166 0.416834 
 ----> 1.3#6.6#44.0#54.0#VAR 1452 0 0.613537 0.386463 
 ----> 1.3#6.6#44.0#54.0#VAR 1453 0 0.62325 0.37675 
 ----> 1.3#6.6#44.0#54.0#VAR 1454 1 0.59779 0.40221 
 ----> 1.3#6.6#44.0#54.0#VAR 1455 0 0.60457 0.39543 
 ----> 1.3#6.6#44.0#54.0#VAR 1456 1 0.541466 0.458534 
 ----> 1.3#6.6#44.0#54.0#VAR 1457 1 0.518302 0.481698 
 ----> 1.3#6.6#44.0#54.0#VAR 1458 0 0.595542 0.404458 
 ----> 1.3#6.6#44.0#54.0#VAR 1459 1 0.536884 0.463116 
 ----> 1.3#6.6#44.0#54.0#VAR 1460 1 0.603001 0.396999 
 ----> 1.3#6.6#44.0#54.0#VAR 1461 0 0.553647 0.446353 
 ----> 1.3#6.6#44.0#54.0#VAR 1462 1 0.604384 0.395616 
 ----> 1.3#6.6#44.0#54.0#VAR 1463 1 0.579283 0.420717 
 ----> 1.3#6.6#44.0#54.0#VAR 1464 1 0.585448 0.414552 
 ----> 1.3#6.6#44.0#54.0#VAR 1465 1 0.601723 0.398277 
 ----> 1.3#6.6#44.0#54.0#VAR 1466 0 0.593221 0.406779 
 ----> 1.3#6.6#44.0#54.0#VAR 1467 1 0.579553 0.420447 
 ----> 1.3#6.6#44.0#54.0#VAR 1468 1 0.585003 0.414997 
 ----> 1.3#6.6#44.0#54.0#VAR 1469 1 0.591174 0.408826 
 ----> 1.3#6.6#44.0#54.0#VAR 1470 1 0.600487 0.399513 
 ----> 1.3#6.6#44.0#54.0#VAR 1471 1 0.605428 0.394572 
 ----> 1.3#6.6#44.0#54.0#VAR 1472 1 0.580261 0.419739 
 ----> 1.3#6.6#44.0#54.0#VAR 1473 0 0.577202 0.422798 
 ----> 1.3#6.6#44.0#54.0#VAR 1474 0 0.578497 0.421503 
 ----> 1.3#6.6#44.0#54.0#VAR 1475 1 0.598814 0.401186 
 ----> 1.3#6.6#44.0#54.0#VAR 1476 0 0.580314 0.419686 
 ----> 1.3#6.6#44.0#54.0#VAR 1477 1 0.567741 0.432259 
 ----> 1.3#6.6#44.0#54.0#VAR 1478 1 0.572808 0.427192 
 ----> 1.3#6.6#44.0#54.0#VAR 1479 0 0.602889 0.397111 
 ----> 1.3#6.6#44.0#54.0#VAR 1480 0 0.598222 0.401778 
 ----> 1.3#6.6#44.0#54.0#VAR 1481 1 0.635526 0.364474 
 ----> 1.3#6.6#44.0#54.0#VAR 1482 1 0.56859 0.43141 
 ----> 1.3#6.6#44.0#54.0#VAR 1483 0 0.637765 0.362235 
 ----> 1.3#6.6#44.0#54.0#VAR 1484 0 0.528092 0.471908 
 ----> 1.3#6.6#44.0#54.0#VAR 1485 0 0.540826 0.459174 
 ----> 1.3#6.6#44.0#54.0#VAR 1486 0 0.618363 0.381637 
 ----> 1.3#6.6#44.0#54.0#VAR 1487 0 0.553215 0.446785 
 ----> 1.3#6.6#44.0#54.0#VAR 1488 0 0.585222 0.414778 
 ----> 1.3#6.6#44.0#54.0#VAR 1489 0 0.591527 0.408473 
 ----> 1.3#6.6#44.0#54.0#VAR 1490 0 0.601654 0.398346 
 ----> 1.3#6.6#44.0#54.0#VAR 1491 1 0.586865 0.413135 
 ----> 1.3#6.6#44.0#54.0#VAR 1492 0 0.601571 0.398429 
 ----> 1.3#6.6#44.0#54.0#VAR 1493 1 0.586951 0.413049 
 ----> 1.3#6.6#44.0#54.0#VAR 1494 1 0.566383 0.433617 
 ----> 1.3#6.6#44.0#54.0#VAR 1495 0 0.602215 0.397785 
 ----> 1.3#6.6#44.0#54.0#VAR 1496 0 0.578631 0.421369 
 ----> 1.3#6.6#44.0#54.0#VAR 1497 1 0.584763 0.415237 
 ----> 1.3#6.6#44.0#54.0#VAR 1498 1 0.564752 0.435248 
 ----> 1.3#6.6#44.0#54.0#VAR 1499 1 0.620734 0.379266 
 ----> 1.3#6.6#44.0#54.0#VAR 1500 0 0.583371 0.416629 
 ----> 1.3#6.6#44.0#54.0#VAR 1501 1 0.604188 0.395812 
 ----> 1.3#6.6#44.0#54.0#VAR 1502 0 0.537195 0.462805 
 ----> 1.3#6.6#44.0#54.0#VAR 1503 1 0.630153 0.369847 
 ----> 1.3#6.6#44.0#54.0#VAR 1504 1 0.599359 0.400641 
 ----> 1.3#6.6#44.0#54.0#VAR 1505 0 0.580982 0.419018 
 ----> 1.3#6.6#44.0#54.0#VAR 1506 1 0.604446 0.395554 
 ----> 1.3#6.6#44.0#54.0#VAR 1507 1 0.585509 0.414491 
 ----> 1.3#6.6#44.0#54.0#VAR 1508 1 0.632491 0.367509 
 ----> 1.3#6.6#44.0#54.0#VAR 1509 0 0.577258 0.422742 
 ----> 1.3#6.6#44.0#54.0#VAR 1510 0 0.598487 0.401513 
 ----> 1.3#6.6#44.0#54.0#VAR 1511 0 0.597025 0.402975 
 ----> 1.3#6.6#44.0#54.0#VAR 1512 1 0.620874 0.379126 
 ----> 1.3#6.6#44.0#54.0#VAR 1513 0 0.613754 0.386246 
 ----> 1.3#6.6#44.0#54.0#VAR 1514 1 0.614658 0.385342 
 ----> 1.3#6.6#44.0#54.0#VAR 1515 0 0.605608 0.394392 
 ----> 1.3#6.6#44.0#54.0#VAR 1516 1 0.621551 0.378449 
 ----> 1.3#6.6#44.0#54.0#VAR 1517 1 0.628166 0.371834 
 ----> 1.3#6.6#44.0#54.0#VAR 1518 1 0.547297 0.452703 
 ----> 1.3#6.6#44.0#54.0#VAR 1519 1 0.611311 0.388689 
 ----> 1.3#6.6#44.0#54.0#VAR 1520 0 0.615241 0.384759 
 ----> 1.3#6.6#44.0#54.0#VAR 1521 0 0.59457 0.40543 
 ----> 1.3#6.6#44.0#54.0#VAR 1522 1 0.616325 0.383675 
 ----> 1.3#6.6#44.0#54.0#VAR 1523 0 0.621133 0.378867 
 ----> 1.3#6.6#44.0#54.0#VAR 1524 1 0.573616 0.426384 
 ----> 1.3#6.6#44.0#54.0#VAR 1525 0 0.617158 0.382842 
 ----> 1.3#6.6#44.0#54.0#VAR 1526 0 0.603808 0.396192 
 ----> 1.3#6.6#44.0#54.0#VAR 1527 0 0.598004 0.401996 
 ----> 1.3#6.6#44.0#54.0#VAR 1528 1 0.634339 0.365661 
 ----> 1.3#6.6#44.0#54.0#VAR 1529 0 0.58615 0.41385 
 ----> 1.3#6.6#44.0#54.0#VAR 1530 1 0.579301 0.420699 
 ----> 1.3#6.6#44.0#54.0#VAR 1531 0 0.56368 0.43632 
 ----> 1.3#6.6#44.0#54.0#VAR 1532 1 0.586281 0.413719 
 ----> 1.3#6.6#44.0#54.0#VAR 1533 1 0.615694 0.384306 
 ----> 1.3#6.6#44.0#54.0#VAR 1534 1 0.539885 0.460115 
 ----> 1.3#6.6#44.0#54.0#VAR 1535 0 0.60949 0.39051 
 ----> 1.3#6.6#44.0#54.0#VAR 1536 0 0.598133 0.401867 
 ----> 1.3#6.6#44.0#54.0#VAR 1537 0 0.574344 0.425656 
 ----> 1.3#6.6#44.0#54.0#VAR 1538 0 0.572791 0.427209 
 ----> 1.3#6.6#44.0#54.0#VAR 1539 0 0.545099 0.454901 
 ----> 1.3#6.6#44.0#54.0#VAR 1540 0 0.592278 0.407722 
 ----> 1.3#6.6#44.0#54.0#VAR 1541 1 0.572266 0.427734 
 ----> 1.3#6.6#44.0#54.0#VAR 1542 0 0.556657 0.443343 
 ----> 1.3#6.6#44.0#54.0#VAR 1543 0 0.531056 0.468944 
 ----> 1.3#6.6#44.0#54.0#VAR 1544 0 0.554542 0.445458 
 ----> 1.3#6.6#44.0#54.0#VAR 1545 0 0.563677 0.436323 
 ----> 1.3#6.6#44.0#54.0#VAR 1546 0 0.561644 0.438356 
 ----> 1.3#6.6#44.0#54.0#VAR 1547 0 0.568888 0.431112 
 ----> 1.3#6.6#44.0#54.0#VAR 1548 1 0.542423 0.457577 
 ----> 1.3#6.6#44.0#54.0#VAR 1549 0 0.62373 0.37627 
 ----> 1.3#6.6#44.0#54.0#VAR 1550 1 0.593502 0.406498 
 ----> 1.3#6.6#44.0#54.0#VAR 1551 1 0.607965 0.392035 
 ----> 1.3#6.6#44.0#54.0#VAR 1552 1 0.632175 0.367825 
 ----> 1.3#6.6#44.0#54.0#VAR 1553 0 0.646423 0.353577 
 ----> 1.3#6.6#44.0#54.0#VAR 1554 1 0.60148 0.39852 
 ----> 1.3#6.6#44.0#54.0#VAR 1555 1 0.602281 0.397719 
 ----> 1.3#6.6#44.0#54.0#VAR 1556 1 0.589936 0.410064 
 ----> 1.3#6.6#44.0#54.0#VAR 1557 1 0.582141 0.417859 
 ----> 1.3#6.6#44.0#54.0#VAR 1558 0 0.591506 0.408494 
 ----> 1.3#6.6#44.0#54.0#VAR 1559 1 0.599579 0.400421 
 ----> 1.3#6.6#44.0#54.0#VAR 1560 1 0.59179 0.40821 
 ----> 1.3#6.6#44.0#54.0#VAR 1561 1 0.556331 0.443669 
 ----> 1.3#6.6#44.0#54.0#VAR 1562 0 0.572597 0.427403 
 ----> 1.3#6.6#44.0#54.0#VAR 1563 1 0.563696 0.436304 
 ----> 1.3#6.6#44.0#54.0#VAR 1564 0 0.564347 0.435653 
 ----> 1.3#6.6#44.0#54.0#VAR 1565 1 0.575635 0.424365 
 ----> 1.3#6.6#44.0#54.0#VAR 1566 0 0.573455 0.426545 
 ----> 1.3#6.6#44.0#54.0#VAR 1567 0 0.618905 0.381095 
 ----> 1.3#6.6#44.0#54.0#VAR 1568 1 0.573871 0.426129 
 ----> 1.3#6.6#44.0#54.0#VAR 1569 1 0.680642 0.319358 
 ----> 1.3#6.6#44.0#54.0#VAR 1570 1 0.577879 0.422121 
 ----> 1.3#6.6#44.0#54.0#VAR 1571 0 0.592922 0.407078 
 ----> 1.3#6.6#44.0#54.0#VAR 1572 0 0.613459 0.386541 
 ----> 1.3#6.6#44.0#54.0#VAR 1573 0 0.568553 0.431447 
 ----> 1.3#6.6#44.0#54.0#VAR 1574 1 0.550401 0.449599 
 ----> 1.3#6.6#44.0#54.0#VAR 1575 1 0.578403 0.421597 
 ----> 1.3#6.6#44.0#54.0#VAR 1576 0 0.560757 0.439243 
 ----> 1.3#6.6#44.0#54.0#VAR 1577 1 0.582681 0.417319 
 ----> 1.3#6.6#44.0#54.0#VAR 1578 1 0.569314 0.430686 
 ----> 1.3#6.6#44.0#54.0#VAR 1579 0 0.593448 0.406552 
 ----> 1.3#6.6#44.0#54.0#VAR 1580 0 0.613542 0.386458 
 ----> 1.3#6.6#44.0#54.0#VAR 1581 0 0.603023 0.396977 
 ----> 1.3#6.6#44.0#54.0#VAR 1582 0 0.602431 0.397569 
 ----> 1.3#6.6#44.0#54.0#VAR 1583 1 0.626867 0.373133 
 ----> 1.3#6.6#44.0#54.0#VAR 1584 1 0.591107 0.408893 
 ----> 1.3#6.6#44.0#54.0#VAR 1585 0 0.585279 0.414721 
 ----> 1.3#6.6#44.0#54.0#VAR 1586 1 0.630957 0.369043 
 ----> 1.3#6.6#44.0#54.0#VAR 1587 0 0.559804 0.440196 
 ----> 1.3#6.6#44.0#54.0#VAR 1588 0 0.594599 0.405401 
 ----> 1.3#6.6#44.0#54.0#VAR 1589 1 0.627403 0.372597 
 ----> 1.3#6.6#44.0#54.0#VAR 1590 0 0.623865 0.376135 
 ----> 1.3#6.6#44.0#54.0#VAR 1591 1 0.570362 0.429638 
 ----> 1.3#6.6#44.0#54.0#VAR 1592 1 0.594228 0.405772 
 ----> 1.3#6.6#44.0#54.0#VAR 1593 1 0.595614 0.404386 
 ----> 1.3#6.6#44.0#54.0#VAR 1594 0 0.654898 0.345102 
 ----> 1.3#6.6#44.0#54.0#VAR 1595 1 0.62156 0.37844 
 ----> 1.3#6.6#44.0#54.0#VAR 1596 1 0.597147 0.402853 
 ----> 1.3#6.6#44.0#54.0#VAR 1597 1 0.588903 0.411097 
 ----> 1.3#6.6#44.0#54.0#VAR 1598 0 0.597168 0.402832 
 ----> 1.3#6.6#44.0#54.0#VAR 1599 1 0.593397 0.406603 
 ----> 1.3#6.6#44.0#54.0#VAR 1600 0 0.612816 0.387184 
 ----> 1.3#6.6#44.0#54.0#VAR 1601 1 0.625645 0.374355 
 ----> 1.3#6.6#44.0#54.0#VAR 1602 0 0.620549 0.379451 
 ----> 1.3#6.6#44.0#54.0#VAR 1603 1 0.613285 0.386715 
 ----> 1.3#6.6#44.0#54.0#VAR 1604 0 0.618982 0.381018 
 ----> 1.3#6.6#44.0#54.0#VAR 1605 1 0.604356 0.395644 
 ----> 1.3#6.6#44.0#54.0#VAR 1606 0 0.606218 0.393782 
 ----> 1.3#6.6#44.0#54.0#VAR 1607 0 0.60866 0.39134 
 ----> 1.3#6.6#44.0#54.0#VAR 1608 1 0.60601 0.39399 
 ----> 1.3#6.6#44.0#54.0#VAR 1609 0 0.592223 0.407777 
 ----> 1.3#6.6#44.0#54.0#VAR 1610 1 0.591735 0.408265 
 ----> 1.3#6.6#44.0#54.0#VAR 1611 0 0.606969 0.393031 
 ----> 1.3#6.6#44.0#54.0#VAR 1612 1 0.584704 0.415296 
 ----> 1.3#6.6#44.0#54.0#VAR 1613 1 0.621278 0.378722 
 ----> 1.3#6.6#44.0#54.0#VAR 1614 1 0.612549 0.387451 
 ----> 1.3#6.6#44.0#54.0#VAR 1615 0 0.599644 0.400356 
 ----> 1.3#6.6#44.0#54.0#VAR 1616 0 0.614365 0.385635 
 ----> 1.3#6.6#44.0#54.0#VAR 1617 0 0.646031 0.353969 
 ----> 1.3#6.6#44.0#54.0#VAR 1618 1 0.597147 0.402853 
 ----> 1.3#6.6#44.0#54.0#VAR 1619 1 0.606512 0.393488 
 ----> 1.3#6.6#44.0#54.0#VAR 1620 1 0.573055 0.426945 
 ----> 1.3#6.6#44.0#54.0#VAR 1621 0 0.594023 0.405977 
 ----> 1.3#6.6#44.0#54.0#VAR 1622 1 0.571452 0.428548 
 ----> 1.3#6.6#44.0#54.0#VAR 1623 0 0.60508 0.39492 
 ----> 1.3#6.6#44.0#54.0#VAR 1624 0 0.622476 0.377524 
 ----> 1.3#6.6#44.0#54.0#VAR 1625 0 0.654578 0.345422 
 ----> 1.3#6.6#44.0#54.0#VAR 1626 1 0.650061 0.349939 
 ----> 1.3#6.6#44.0#54.0#VAR 1627 1 0.560626 0.439374 
 ----> 1.3#6.6#44.0#54.0#VAR 1628 1 0.609547 0.390453 
 ----> 1.3#6.6#44.0#54.0#VAR 1629 0 0.532592 0.467408 
 ----> 1.3#6.6#44.0#54.0#VAR 1630 0 0.529134 0.470866 
 ----> 1.3#6.6#44.0#54.0#VAR 1631 0 0.626635 0.373365 
 ----> 1.3#6.6#44.0#54.0#VAR 1632 1 0.633084 0.366916 
 ----> 1.3#6.6#44.0#54.0#VAR 1633 1 0.619653 0.380347 
 ----> 1.3#6.6#44.0#54.0#VAR 1634 1 0.615886 0.384114 
 ----> 1.3#6.6#44.0#54.0#VAR 1635 1 0.573107 0.426893 
 ----> 1.3#6.6#44.0#54.0#VAR 1636 1 0.609096 0.390904 
 ----> 1.3#6.6#44.0#54.0#VAR 1637 1 0.612988 0.387012 
 ----> 1.3#6.6#44.0#54.0#VAR 1638 1 0.583984 0.416016 
 ----> 1.3#6.6#44.0#54.0#VAR 1639 0 0.588737 0.411263 
 ----> 1.3#6.6#44.0#54.0#VAR 1640 1 0.602161 0.397839 
 ----> 1.3#6.6#44.0#54.0#VAR 1641 1 0.557311 0.442689 
 ----> 1.3#6.6#44.0#54.0#VAR 1642 1 0.592938 0.407062 
 ----> 1.3#6.6#44.0#54.0#VAR 1643 1 0.593978 0.406022 
 ----> 1.3#6.6#44.0#54.0#VAR 1644 0 0.619866 0.380134 
 ----> 1.3#6.6#44.0#54.0#VAR 1645 1 0.602316 0.397684 
 ----> 1.3#6.6#44.0#54.0#VAR 1646 1 0.657164 0.342836 
 ----> 1.3#6.6#44.0#54.0#VAR 1647 0 0.644351 0.355649 
 ----> 1.3#6.6#44.0#54.0#VAR 1648 1 0.59313 0.40687 
 ----> 1.3#6.6#44.0#54.0#VAR 1649 0 0.598151 0.401849 
 ----> 1.3#6.6#44.0#54.0#VAR 1650 1 0.582502 0.417498 
 ----> 1.3#6.6#44.0#54.0#VAR 1651 1 0.604975 0.395025 
 ----> 1.3#6.6#44.0#54.0#VAR 1652 0 0.567476 0.432524 
 ----> 1.3#6.6#44.0#54.0#VAR 1653 0 0.591012 0.408988 
 ----> 1.3#6.6#44.0#54.0#VAR 1654 1 0.559354 0.440646 
 ----> 1.3#6.6#44.0#54.0#VAR 1655 1 0.620381 0.379619 
 ----> 1.3#6.6#44.0#54.0#VAR 1656 1 0.630812 0.369188 
 ----> 1.3#6.6#44.0#54.0#VAR 1657 1 0.627691 0.372309 
 ----> 1.3#6.6#44.0#54.0#VAR 1658 0 0.598628 0.401372 
 ----> 1.3#6.6#44.0#54.0#VAR 1659 0 0.59769 0.40231 
 ----> 1.3#6.6#44.0#54.0#VAR 1660 1 0.601248 0.398752 
 ----> 1.3#6.6#44.0#54.0#VAR 1661 1 0.588315 0.411685 
 ----> 1.3#6.6#44.0#54.0#VAR 1662 1 0.581094 0.418906 
 ----> 1.3#6.6#44.0#54.0#VAR 1663 0 0.577727 0.422273 
 ----> 1.3#6.6#44.0#54.0#VAR 1664 1 0.608471 0.391529 
 ----> 1.3#6.6#44.0#54.0#VAR 1665 0 0.637879 0.362121 
 ----> 1.3#6.6#44.0#54.0#VAR 1666 1 0.583323 0.416677 
 ----> 1.3#6.6#44.0#54.0#VAR 1667 1 0.617137 0.382863 
 ----> 1.3#6.6#44.0#54.0#VAR 1668 1 0.619975 0.380025 
 ----> 1.3#6.6#44.0#54.0#VAR 1669 1 0.634344 0.365656 
 ----> 1.3#6.6#44.0#54.0#VAR 1670 0 0.607482 0.392518 
 ----> 1.3#6.6#44.0#54.0#VAR 1671 1 0.579975 0.420025 
 ----> 1.3#6.6#44.0#54.0#VAR 1672 1 0.596336 0.403664 
 ----> 1.3#6.6#44.0#54.0#VAR 1673 1 0.568482 0.431518 
 ----> 1.3#6.6#44.0#54.0#VAR 1674 1 0.58243 0.41757 
 ----> 1.3#6.6#44.0#54.0#VAR 1675 1 0.615187 0.384813 
 ----> 1.3#6.6#44.0#54.0#VAR 1676 1 0.595926 0.404074 
 ----> 1.3#6.6#44.0#54.0#VAR 1677 1 0.609034 0.390966 
 ----> 1.3#6.6#44.0#54.0#VAR 1678 1 0.618583 0.381417 
 ----> 1.3#6.6#44.0#54.0#VAR 1679 1 0.598606 0.401394 
 ----> 1.3#6.6#44.0#54.0#VAR 1680 1 0.635964 0.364036 
 ----> 1.3#6.6#44.0#54.0#VAR 1681 1 0.583298 0.416702 
 ----> 1.3#6.6#44.0#54.0#VAR 1682 1 0.584434 0.415566 
 ----> 1.3#6.6#44.0#54.0#VAR 1683 1 0.590297 0.409703 
 ----> 1.3#6.6#44.0#54.0#VAR 1684 1 0.586217 0.413783 
 ----> 1.3#6.6#44.0#54.0#VAR 1685 1 0.589193 0.410807 
 ----> 1.3#6.6#44.0#54.0#VAR 1686 1 0.586964 0.413036 
 ----> 1.3#6.6#44.0#54.0#VAR 1687 1 0.591768 0.408232 
 ----> 1.3#6.6#44.0#54.0#VAR 1688 0 0.592003 0.407997 
 ----> 1.3#6.6#44.0#54.0#VAR 1689 0 0.607803 0.392197 
 ----> 1.3#6.6#44.0#54.0#VAR 1690 0 0.644796 0.355204 
 ----> 1.3#6.6#44.0#54.0#VAR 1691 0 0.581437 0.418563 
 ----> 1.3#6.6#44.0#54.0#VAR 1692 1 0.593814 0.406186 
 ----> 1.3#6.6#44.0#54.0#VAR 1693 1 0.578779 0.421221 
 ----> 1.3#6.6#44.0#54.0#VAR 1694 0 0.594577 0.405423 
 ----> 1.3#6.6#44.0#54.0#VAR 1695 1 0.575918 0.424082 
 ----> 1.3#6.6#44.0#54.0#VAR 1696 0 0.59936 0.40064 
 ----> 1.3#6.6#44.0#54.0#VAR 1697 1 0.587817 0.412183 
 ----> 1.3#6.6#44.0#54.0#VAR 1698 1 0.610946 0.389054 
 ----> 1.3#6.6#44.0#54.0#VAR 1699 1 0.610608 0.389392 
 ----> 1.3#6.6#44.0#54.0#VAR 1700 1 0.582798 0.417202 
 ----> 1.3#6.6#44.0#54.0#VAR 1701 1 0.589019 0.410981 
 ----> 1.3#6.6#44.0#54.0#VAR 1702 1 0.591006 0.408994 
 ----> 1.3#6.6#44.0#54.0#VAR 1703 1 0.578075 0.421925 
 ----> 1.3#6.6#44.0#54.0#VAR 1704 1 0.604985 0.395015 
 ----> 1.3#6.6#44.0#54.0#VAR 1705 1 0.623135 0.376865 
 ----> 1.3#6.6#44.0#54.0#VAR 1706 1 0.613164 0.386836 
 ----> 1.3#6.6#44.0#54.0#VAR 1707 0 0.652247 0.347753 
 ----> 1.3#6.6#44.0#54.0#VAR 1708 0 0.605067 0.394933 
 ----> 1.3#6.6#44.0#54.0#VAR 1709 1 0.476519 0.523481 
 ----> 1.3#6.6#44.0#54.0#VAR 1710 1 0.641385 0.358615 
 ----> 1.3#6.6#44.0#54.0#VAR 1711 1 0.597221 0.402779 
 ----> 1.3#6.6#44.0#54.0#VAR 1712 1 0.581082 0.418918 
 ----> 1.3#6.6#44.0#54.0#VAR 1713 1 0.585894 0.414106 
 ----> 1.3#6.6#44.0#54.0#VAR 1714 0 0.618942 0.381058 
 ----> 1.3#6.6#44.0#54.0#VAR 1715 0 0.64308 0.35692 
 ----> 1.3#6.6#44.0#54.0#VAR 1716 0 0.616132 0.383868 
 ----> 1.3#6.6#44.0#54.0#VAR 1717 0 0.612803 0.387197 
 ----> 1.3#6.6#44.0#54.0#VAR 1718 0 0.616031 0.383969 
 ----> 1.3#6.6#44.0#54.0#VAR 1719 0 0.593454 0.406546 
 ----> 1.3#6.6#44.0#54.0#VAR 1720 0 0.636969 0.363031 
 ----> 1.3#6.6#44.0#54.0#VAR 1721 0 0.578169 0.421831 
 ----> 1.3#6.6#44.0#54.0#VAR 1722 1 0.598308 0.401692 
 ----> 1.3#6.6#44.0#54.0#VAR 1723 1 0.622736 0.377264 
 ----> 1.3#6.6#44.0#54.0#VAR 1724 1 0.586558 0.413442 
 ----> 1.3#6.6#44.0#54.0#VAR 1725 0 0.590295 0.409705 
 ----> 1.3#6.6#44.0#54.0#VAR 1726 1 0.583467 0.416533 
 ----> 1.3#6.6#44.0#54.0#VAR 1727 0 0.587561 0.412439 
 ----> 1.3#6.6#44.0#54.0#VAR 1728 0 0.577984 0.422016 
 ----> 1.3#6.6#44.0#54.0#VAR 1729 1 0.584879 0.415121 
 ----> 1.3#6.6#44.0#54.0#VAR 1730 0 0.561117 0.438883 
 ----> 1.3#6.6#44.0#54.0#VAR 1731 1 0.612954 0.387046 
 ----> 1.3#6.6#44.0#54.0#VAR 1732 1 0.613706 0.386294 
 ----> 1.3#6.6#44.0#54.0#VAR 1733 0 0.602823 0.397177 
 ----> 1.3#6.6#44.0#54.0#VAR 1734 1 0.576683 0.423317 
 ----> 1.3#6.6#44.0#54.0#VAR 1735 0 0.609382 0.390618 
 ----> 1.3#6.6#44.0#54.0#VAR 1736 1 0.564485 0.435515 
 ----> 1.3#6.6#44.0#54.0#VAR 1737 1 0.603161 0.396839 
 ----> 1.3#6.6#44.0#54.0#VAR 1738 0 0.649506 0.350494 
 ----> 1.3#6.6#44.0#54.0#VAR 1739 1 0.60475 0.39525 
 ----> 1.3#6.6#44.0#54.0#VAR 1740 1 0.633457 0.366543 
 ----> 1.3#6.6#44.0#54.0#VAR 1741 0 0.622088 0.377912 
 ----> 1.3#6.6#44.0#54.0#VAR 1742 1 0.647823 0.352177 
 ----> 1.3#6.6#44.0#54.0#VAR 1743 1 0.601543 0.398457 
 ----> 1.3#6.6#44.0#54.0#VAR 1744 0 0.628327 0.371673 
 ----> 1.3#6.6#44.0#54.0#VAR 1745 1 0.627872 0.372128 
 ----> 1.3#6.6#44.0#54.0#VAR 1746 1 0.614164 0.385836 
 ----> 1.3#6.6#44.0#54.0#VAR 1747 1 0.603145 0.396855 
 ----> 1.3#6.6#44.0#54.0#VAR 1748 1 0.618584 0.381416 
 ----> 1.3#6.6#44.0#54.0#VAR 1749 1 0.631717 0.368283 
 ----> 1.3#6.6#44.0#54.0#VAR 1750 1 0.600169 0.399831 
 ----> 1.3#6.6#44.0#54.0#VAR 1751 1 0.596758 0.403242 
 ----> 1.3#6.6#44.0#54.0#VAR 1752 1 0.640292 0.359708 
 ----> 1.3#6.6#44.0#54.0#VAR 1753 1 0.615633 0.384367 
 ----> 1.3#6.6#44.0#54.0#VAR 1754 0 0.579447 0.420553 
 ----> 1.3#6.6#44.0#54.0#VAR 1755 1 0.580733 0.419267 
 ----> 1.3#6.6#44.0#54.0#VAR 1756 0 0.56762 0.43238 
 ----> 1.3#6.6#44.0#54.0#VAR 1757 0 0.569733 0.430267 
 ----> 1.3#6.6#44.0#54.0#VAR 1758 1 0.592976 0.407024 
 ----> 1.3#6.6#44.0#54.0#VAR 1759 1 0.602115 0.397885 
 ----> 1.3#6.6#44.0#54.0#VAR 1760 1 0.602175 0.397825 
 ----> 1.3#6.6#44.0#54.0#VAR 1761 1 0.58113 0.41887 
 ----> 1.3#6.6#44.0#54.0#VAR 1762 1 0.605483 0.394517 
 ----> 1.3#6.6#44.0#54.0#VAR 1763 1 0.614166 0.385834 
 ----> 1.3#6.6#44.0#54.0#VAR 1764 1 0.60873 0.39127 
 ----> 1.3#6.6#44.0#54.0#VAR 1765 0 0.588217 0.411783 
 ----> 1.3#6.6#44.0#54.0#VAR 1766 0 0.606016 0.393984 
 ----> 1.3#6.6#44.0#54.0#VAR 1767 0 0.568217 0.431783 
 ----> 1.3#6.6#44.0#54.0#VAR 1768 1 0.600763 0.399237 
 ----> 1.3#6.6#44.0#54.0#VAR 1769 0 0.56794 0.43206 
 ----> 1.3#6.6#44.0#54.0#VAR 1770 0 0.59494 0.40506 
 ----> 1.3#6.6#44.0#54.0#VAR 1771 1 0.593905 0.406095 
 ----> 1.3#6.6#44.0#54.0#VAR 1772 0 0.575419 0.424581 
 ----> 1.3#6.6#44.0#54.0#VAR 1773 1 0.562755 0.437245 
 ----> 1.3#6.6#44.0#54.0#VAR 1774 1 0.584211 0.415789 
 ----> 1.3#6.6#44.0#54.0#VAR 1775 1 0.592862 0.407138 
 ----> 1.3#6.6#44.0#54.0#VAR 1776 1 0.625304 0.374696 
 ----> 1.3#6.6#44.0#54.0#VAR 1777 0 0.624246 0.375754 
 ----> 1.3#6.6#44.0#54.0#VAR 1778 1 0.571925 0.428075 
 ----> 1.3#6.6#44.0#54.0#VAR 1779 1 0.638219 0.361781 
 ----> 1.3#6.6#44.0#54.0#VAR 1780 1 0.595724 0.404276 
 ----> 1.3#6.6#44.0#54.0#VAR 1781 1 0.585893 0.414107 
 ----> 1.3#6.6#44.0#54.0#VAR 1782 1 0.600294 0.399706 
 ----> 1.3#6.6#44.0#54.0#VAR 1783 0 0.630382 0.369618 
 ----> 1.3#6.6#44.0#54.0#VAR 1784 1 0.604336 0.395664 
 ----> 1.3#6.6#44.0#54.0#VAR 1785 0 0.57548 0.42452 
 ----> 1.3#6.6#44.0#54.0#VAR 1786 1 0.6263 0.3737 
 ----> 1.3#6.6#44.0#54.0#VAR 1787 0 0.601756 0.398244 
 ----> 1.3#6.6#44.0#54.0#VAR 1788 0 0.625752 0.374248 
 ----> 1.3#6.6#44.0#54.0#VAR 1789 1 0.638295 0.361705 
 ----> 1.3#6.6#44.0#54.0#VAR 1790 1 0.534501 0.465499 
 ----> 1.3#6.6#44.0#54.0#VAR 1791 0 0.579246 0.420754 
 ----> 1.3#6.6#44.0#54.0#VAR 1792 1 0.59417 0.40583 
 ----> 1.3#6.6#44.0#54.0#VAR 1793 0 0.608373 0.391627 
 ----> 1.3#6.6#44.0#54.0#VAR 1794 1 0.609676 0.390324 
 ----> 1.3#6.6#44.0#54.0#VAR 1795 1 0.589626 0.410374 
 ----> 1.3#6.6#44.0#54.0#VAR 1796 0 0.606648 0.393352 
 ----> 1.3#6.6#44.0#54.0#VAR 1797 1 0.579049 0.420951 
 ----> 1.3#6.6#44.0#54.0#VAR 1798 0 0.593941 0.406059 
 ----> 1.3#6.6#44.0#54.0#VAR 1799 0 0.571931 0.428069 
 ----> 1.3#6.6#44.0#54.0#VAR 1800 0 0.553354 0.446646 
 ----> 1.3#6.6#44.0#54.0#VAR 1801 1 0.591888 0.408112 
 ----> 1.3#6.6#44.0#54.0#VAR 1802 0 0.590737 0.409263 
 ----> 1.3#6.6#44.0#54.0#VAR 1803 1 0.550333 0.449667 
 ----> 1.3#6.6#44.0#54.0#VAR 1804 1 0.579258 0.420742 
 ----> 1.3#6.6#44.0#54.0#VAR 1805 0 0.593734 0.406266 
 ----> 1.3#6.6#44.0#54.0#VAR 1806 1 0.608371 0.391629 
 ----> 1.3#6.6#44.0#54.0#VAR 1807 1 0.629463 0.370537 
 ----> 1.3#6.6#44.0#54.0#VAR 1808 1 0.620813 0.379187 
 ----> 1.3#6.6#44.0#54.0#VAR 1809 1 0.645596 0.354404 
 ----> 1.3#6.6#44.0#54.0#VAR 1810 1 0.646271 0.353729 
 ----> 1.3#6.6#44.0#54.0#VAR 1811 1 0.575697 0.424303 
 ----> 1.3#6.6#44.0#54.0#VAR 1812 0 0.571604 0.428396 
 ----> 1.3#6.6#44.0#54.0#VAR 1813 1 0.596409 0.403591 
 ----> 1.3#6.6#44.0#54.0#VAR 1814 1 0.568877 0.431123 
 ----> 1.3#6.6#44.0#54.0#VAR 1815 0 0.558107 0.441893 
 ----> 1.3#6.6#44.0#54.0#VAR 1816 0 0.606163 0.393837 
 ----> 1.3#6.6#44.0#54.0#VAR 1817 1 0.581384 0.418616 
 ----> 1.3#6.6#44.0#54.0#VAR 1818 1 0.594848 0.405152 
 ----> 1.3#6.6#44.0#54.0#VAR 1819 0 0.614833 0.385167 
 ----> 1.3#6.6#44.0#54.0#VAR 1820 1 0.637464 0.362536 
 ----> 1.3#6.6#44.0#54.0#VAR 1821 0 0.601474 0.398526 
 ----> 1.3#6.6#44.0#54.0#VAR 1822 1 0.605734 0.394266 
 ----> 1.3#6.6#44.0#54.0#VAR 1823 1 0.631919 0.368081 
 ----> 1.3#6.6#44.0#54.0#VAR 1824 1 0.594824 0.405176 
 ----> 1.3#6.6#44.0#54.0#VAR 1825 1 0.588622 0.411378 
 ----> 1.3#6.6#44.0#54.0#VAR 1826 0 0.572974 0.427026 
 ++++> 1.3#6.6#44.0#54.0#VAR 1827  0 0.575436 0.424564 
