 ----> 1.3#6.6#44.0#54.0#VAR 7 1 0.616733 0.383267 
 ----> 1.3#6.6#44.0#54.0#VAR 8 0 0.651021 0.348979 
 ----> 1.3#6.6#44.0#54.0#VAR 9 0 0.631055 0.368945 
 ----> 1.3#6.6#44.0#54.0#VAR 10 1 0.563881 0.436119 
 ----> 1.3#6.6#44.0#54.0#VAR 11 0 0.548928 0.451072 
 ----> 1.3#6.6#44.0#54.0#VAR 12 1 0.556413 0.443587 
 ----> 1.3#6.6#44.0#54.0#VAR 13 0 0.544207 0.455793 
 ----> 1.3#6.6#44.0#54.0#VAR 14 0 0.557095 0.442905 
 ----> 1.3#6.6#44.0#54.0#VAR 15 0 0.558829 0.441171 
 ----> 1.3#6.6#44.0#54.0#VAR 16 0 0.562456 0.437544 
 ----> 1.3#6.6#44.0#54.0#VAR 17 1 0.569532 0.430468 
 ----> 1.3#6.6#44.0#54.0#VAR 18 1 0.555277 0.444723 
 ----> 1.3#6.6#44.0#54.0#VAR 19 1 0.560091 0.439909 
 ----> 1.3#6.6#44.0#54.0#VAR 20 1 0.581908 0.418092 
 ----> 1.3#6.6#44.0#54.0#VAR 21 0 0.578739 0.421261 
 ----> 1.3#6.6#44.0#54.0#VAR 22 0 0.580739 0.419261 
 ----> 1.3#6.6#44.0#54.0#VAR 23 0 0.560324 0.439676 
 ----> 1.3#6.6#44.0#54.0#VAR 24 1 0.578915 0.421085 
 ----> 1.3#6.6#44.0#54.0#VAR 25 0 0.554483 0.445517 
 ----> 1.3#6.6#44.0#54.0#VAR 26 0 0.585035 0.414965 
 ----> 1.3#6.6#44.0#54.0#VAR 27 0 0.570284 0.429716 
 ----> 1.3#6.6#44.0#54.0#VAR 28 1 0.572693 0.427307 
 ----> 1.3#6.6#44.0#54.0#VAR 29 1 0.598147 0.401853 
 ----> 1.3#6.6#44.0#54.0#VAR 30 0 0.589419 0.410581 
 ----> 1.3#6.6#44.0#54.0#VAR 31 1 0.589369 0.410631 
 ----> 1.3#6.6#44.0#54.0#VAR 32 1 0.595267 0.404733 
 ----> 1.3#6.6#44.0#54.0#VAR 33 0 0.603994 0.396006 
 ----> 1.3#6.6#44.0#54.0#VAR 34 0 0.62663 0.37337 
 ----> 1.3#6.6#44.0#54.0#VAR 35 1 0.608766 0.391234 
 ----> 1.3#6.6#44.0#54.0#VAR 36 0 0.585048 0.414952 
 ----> 1.3#6.6#44.0#54.0#VAR 37 0 0.591278 0.408722 
 ----> 1.3#6.6#44.0#54.0#VAR 38 0 0.582386 0.417614 
 ----> 1.3#6.6#44.0#54.0#VAR 39 1 0.585005 0.414995 
 ----> 1.3#6.6#44.0#54.0#VAR 40 0 0.559981 0.440019 
 ----> 1.3#6.6#44.0#54.0#VAR 41 0 0.61314 0.38686 
 ----> 1.3#6.6#44.0#54.0#VAR 42 0 0.582177 0.417823 
 ----> 1.3#6.6#44.0#54.0#VAR 43 1 0.603861 0.396139 
 ----> 1.3#6.6#44.0#54.0#VAR 44 1 0.576241 0.423759 
 ----> 1.3#6.6#44.0#54.0#VAR 45 0 0.585132 0.414868 
 ----> 1.3#6.6#44.0#54.0#VAR 46 0 0.608127 0.391873 
 ----> 1.3#6.6#44.0#54.0#VAR 47 1 0.577577 0.422423 
 ----> 1.3#6.6#44.0#54.0#VAR 48 1 0.573107 0.426893 
 ----> 1.3#6.6#44.0#54.0#VAR 49 1 0.579929 0.420071 
 ----> 1.3#6.6#44.0#54.0#VAR 50 1 0.582069 0.417931 
 ----> 1.3#6.6#44.0#54.0#VAR 51 0 0.58104 0.41896 
 ----> 1.3#6.6#44.0#54.0#VAR 52 1 0.570275 0.429725 
 ----> 1.3#6.6#44.0#54.0#VAR 53 0 0.580142 0.419858 
 ----> 1.3#6.6#44.0#54.0#VAR 54 1 0.572788 0.427212 
 ----> 1.3#6.6#44.0#54.0#VAR 55 0 0.591339 0.408661 
 ----> 1.3#6.6#44.0#54.0#VAR 56 0 0.600956 0.399044 
 ----> 1.3#6.6#44.0#54.0#VAR 57 0 0.596027 0.403973 
 ----> 1.3#6.6#44.0#54.0#VAR 58 1 0.565656 0.434344 
 ----> 1.3#6.6#44.0#54.0#VAR 59 1 0.586698 0.413302 
 ----> 1.3#6.6#44.0#54.0#VAR 60 0 0.589368 0.410632 
 ----> 1.3#6.6#44.0#54.0#VAR 61 0 0.593974 0.406026 
 ----> 1.3#6.6#44.0#54.0#VAR 62 0 0.583346 0.416654 
 ----> 1.3#6.6#44.0#54.0#VAR 63 1 0.585437 0.414563 
 ----> 1.3#6.6#44.0#54.0#VAR 64 0 0.586221 0.413779 
 ----> 1.3#6.6#44.0#54.0#VAR 65 1 0.593317 0.406683 
 ----> 1.3#6.6#44.0#54.0#VAR 66 0 0.582194 0.417806 
 ----> 1.3#6.6#44.0#54.0#VAR 67 0 0.600906 0.399094 
 ----> 1.3#6.6#44.0#54.0#VAR 68 1 0.580796 0.419204 
 ----> 1.3#6.6#44.0#54.0#VAR 69 0 0.594595 0.405405 
 ----> 1.3#6.6#44.0#54.0#VAR 70 0 0.591515 0.408485 
 ----> 1.3#6.6#44.0#54.0#VAR 71 0 0.582027 0.417973 
 ----> 1.3#6.6#44.0#54.0#VAR 72 0 0.565412 0.434588 
 ----> 1.3#6.6#44.0#54.0#VAR 73 1 0.590938 0.409062 
 ----> 1.3#6.6#44.0#54.0#VAR 74 1 0.584486 0.415514 
 ----> 1.3#6.6#44.0#54.0#VAR 75 1 0.584439 0.415561 
 ----> 1.3#6.6#44.0#54.0#VAR 76 1 0.588032 0.411968 
 ----> 1.3#6.6#44.0#54.0#VAR 77 1 0.593595 0.406405 
 ----> 1.3#6.6#44.0#54.0#VAR 78 1 0.568606 0.431394 
 ----> 1.3#6.6#44.0#54.0#VAR 79 1 0.58606 0.41394 
 ----> 1.3#6.6#44.0#54.0#VAR 80 0 0.592623 0.407377 
 ----> 1.3#6.6#44.0#54.0#VAR 81 1 0.585785 0.414215 
 ----> 1.3#6.6#44.0#54.0#VAR 82 0 0.590595 0.409405 
 ----> 1.3#6.6#44.0#54.0#VAR 83 1 0.595404 0.404596 
 ----> 1.3#6.6#44.0#54.0#VAR 84 0 0.580172 0.419828 
 ----> 1.3#6.6#44.0#54.0#VAR 85 1 0.572049 0.427951 
 ----> 1.3#6.6#44.0#54.0#VAR 86 1 0.581056 0.418944 
 ----> 1.3#6.6#44.0#54.0#VAR 87 1 0.580891 0.419109 
 ----> 1.3#6.6#44.0#54.0#VAR 88 1 0.561414 0.438586 
 ----> 1.3#6.6#44.0#54.0#VAR 89 0 0.600405 0.399595 
 ----> 1.3#6.6#44.0#54.0#VAR 90 0 0.590636 0.409364 
 ----> 1.3#6.6#44.0#54.0#VAR 91 0 0.594166 0.405834 
 ----> 1.3#6.6#44.0#54.0#VAR 92 1 0.579925 0.420075 
 ----> 1.3#6.6#44.0#54.0#VAR 93 1 0.596205 0.403795 
 ----> 1.3#6.6#44.0#54.0#VAR 94 0 0.595081 0.404919 
 ----> 1.3#6.6#44.0#54.0#VAR 95 1 0.582054 0.417946 
 ----> 1.3#6.6#44.0#54.0#VAR 96 1 0.579508 0.420492 
 ----> 1.3#6.6#44.0#54.0#VAR 97 0 0.58725 0.41275 
 ----> 1.3#6.6#44.0#54.0#VAR 98 0 0.585796 0.414204 
 ----> 1.3#6.6#44.0#54.0#VAR 99 0 0.59307 0.40693 
 ----> 1.3#6.6#44.0#54.0#VAR 100 0 0.596376 0.403624 
 ----> 1.3#6.6#44.0#54.0#VAR 101 0 0.593561 0.406439 
 ----> 1.3#6.6#44.0#54.0#VAR 102 0 0.594616 0.405384 
 ----> 1.3#6.6#44.0#54.0#VAR 103 0 0.606404 0.393596 
 ----> 1.3#6.6#44.0#54.0#VAR 104 0 0.619217 0.380783 
 ----> 1.3#6.6#44.0#54.0#VAR 105 0 0.60046 0.39954 
 ----> 1.3#6.6#44.0#54.0#VAR 106 0 0.599941 0.400059 
 ----> 1.3#6.6#44.0#54.0#VAR 107 0 0.610521 0.389479 
 ----> 1.3#6.6#44.0#54.0#VAR 108 0 0.585854 0.414146 
 ----> 1.3#6.6#44.0#54.0#VAR 109 1 0.599806 0.400194 
 ----> 1.3#6.6#44.0#54.0#VAR 110 1 0.592549 0.407451 
 ----> 1.3#6.6#44.0#54.0#VAR 111 0 0.608797 0.391203 
 ----> 1.3#6.6#44.0#54.0#VAR 112 1 0.593443 0.406557 
 ----> 1.3#6.6#44.0#54.0#VAR 113 1 0.593002 0.406998 
 ----> 1.3#6.6#44.0#54.0#VAR 114 0 0.595463 0.404537 
 ----> 1.3#6.6#44.0#54.0#VAR 115 1 0.600522 0.399478 
 ----> 1.3#6.6#44.0#54.0#VAR 116 0 0.585769 0.414231 
 ----> 1.3#6.6#44.0#54.0#VAR 117 1 0.608611 0.391389 
 ----> 1.3#6.6#44.0#54.0#VAR 118 1 0.611392 0.388608 
 ----> 1.3#6.6#44.0#54.0#VAR 119 1 0.575553 0.424447 
 ----> 1.3#6.6#44.0#54.0#VAR 120 1 0.599812 0.400188 
 ----> 1.3#6.6#44.0#54.0#VAR 121 0 0.636194 0.363806 
 ----> 1.3#6.6#44.0#54.0#VAR 122 1 0.577311 0.422689 
 ----> 1.3#6.6#44.0#54.0#VAR 123 0 0.592873 0.407127 
 ----> 1.3#6.6#44.0#54.0#VAR 124 0 0.605266 0.394734 
 ----> 1.3#6.6#44.0#54.0#VAR 125 1 0.584738 0.415262 
 ----> 1.3#6.6#44.0#54.0#VAR 126 1 0.59792 0.40208 
 ----> 1.3#6.6#44.0#54.0#VAR 127 0 0.606477 0.393523 
 ----> 1.3#6.6#44.0#54.0#VAR 128 1 0.597615 0.402385 
 ----> 1.3#6.6#44.0#54.0#VAR 129 1 0.577957 0.422043 
 ----> 1.3#6.6#44.0#54.0#VAR 130 1 0.597911 0.402089 
 ----> 1.3#6.6#44.0#54.0#VAR 131 1 0.60164 0.39836 
 ----> 1.3#6.6#44.0#54.0#VAR 132 1 0.607593 0.392407 
 ----> 1.3#6.6#44.0#54.0#VAR 133 1 0.589833 0.410167 
 ----> 1.3#6.6#44.0#54.0#VAR 134 0 0.587995 0.412005 
 ----> 1.3#6.6#44.0#54.0#VAR 135 1 0.612644 0.387356 
 ----> 1.3#6.6#44.0#54.0#VAR 136 0 0.597246 0.402754 
 ----> 1.3#6.6#44.0#54.0#VAR 137 0 0.593507 0.406493 
 ----> 1.3#6.6#44.0#54.0#VAR 138 0 0.603165 0.396835 
 ----> 1.3#6.6#44.0#54.0#VAR 139 0 0.601011 0.398989 
 ----> 1.3#6.6#44.0#54.0#VAR 140 1 0.591049 0.408951 
 ----> 1.3#6.6#44.0#54.0#VAR 141 1 0.598229 0.401771 
 ----> 1.3#6.6#44.0#54.0#VAR 142 0 0.59761 0.40239 
 ----> 1.3#6.6#44.0#54.0#VAR 143 0 0.601154 0.398846 
 ----> 1.3#6.6#44.0#54.0#VAR 144 1 0.597705 0.402295 
 ----> 1.3#6.6#44.0#54.0#VAR 145 0 0.605091 0.394909 
 ----> 1.3#6.6#44.0#54.0#VAR 146 0 0.609996 0.390004 
 ----> 1.3#6.6#44.0#54.0#VAR 147 0 0.610603 0.389397 
 ----> 1.3#6.6#44.0#54.0#VAR 148 1 0.605161 0.394839 
 ----> 1.3#6.6#44.0#54.0#VAR 149 0 0.611324 0.388676 
 ----> 1.3#6.6#44.0#54.0#VAR 150 1 0.596229 0.403771 
 ----> 1.3#6.6#44.0#54.0#VAR 151 0 0.608437 0.391563 
 ----> 1.3#6.6#44.0#54.0#VAR 152 1 0.597456 0.402544 
 ----> 1.3#6.6#44.0#54.0#VAR 153 0 0.623292 0.376708 
 ----> 1.3#6.6#44.0#54.0#VAR 154 0 0.607008 0.392992 
 ----> 1.3#6.6#44.0#54.0#VAR 155 0 0.601946 0.398054 
 ----> 1.3#6.6#44.0#54.0#VAR 156 0 0.606448 0.393552 
 ----> 1.3#6.6#44.0#54.0#VAR 157 0 0.590446 0.409554 
 ----> 1.3#6.6#44.0#54.0#VAR 158 1 0.564329 0.435671 
 ----> 1.3#6.6#44.0#54.0#VAR 159 0 0.598533 0.401467 
 ----> 1.3#6.6#44.0#54.0#VAR 160 1 0.599416 0.400584 
 ----> 1.3#6.6#44.0#54.0#VAR 161 0 0.58644 0.41356 
 ----> 1.3#6.6#44.0#54.0#VAR 162 0 0.638822 0.361178 
 ----> 1.3#6.6#44.0#54.0#VAR 163 0 0.596591 0.403409 
 ----> 1.3#6.6#44.0#54.0#VAR 164 1 0.597568 0.402432 
 ----> 1.3#6.6#44.0#54.0#VAR 165 1 0.602828 0.397172 
 ----> 1.3#6.6#44.0#54.0#VAR 166 0 0.612703 0.387297 
 ----> 1.3#6.6#44.0#54.0#VAR 167 0 0.597811 0.402189 
 ----> 1.3#6.6#44.0#54.0#VAR 168 1 0.59305 0.40695 
 ----> 1.3#6.6#44.0#54.0#VAR 169 1 0.591102 0.408898 
 ----> 1.3#6.6#44.0#54.0#VAR 170 0 0.587059 0.412941 
 ----> 1.3#6.6#44.0#54.0#VAR 171 0 0.603956 0.396044 
 ----> 1.3#6.6#44.0#54.0#VAR 172 0 0.595317 0.404683 
 ----> 1.3#6.6#44.0#54.0#VAR 173 1 0.604838 0.395162 
 ----> 1.3#6.6#44.0#54.0#VAR 174 0 0.604883 0.395117 
 ----> 1.3#6.6#44.0#54.0#VAR 175 0 0.588797 0.411203 
 ----> 1.3#6.6#44.0#54.0#VAR 176 0 0.582715 0.417285 
 ----> 1.3#6.6#44.0#54.0#VAR 177 1 0.589845 0.410155 
 ----> 1.3#6.6#44.0#54.0#VAR 178 0 0.606225 0.393775 
 ----> 1.3#6.6#44.0#54.0#VAR 179 0 0.598328 0.401672 
 ----> 1.3#6.6#44.0#54.0#VAR 180 0 0.599112 0.400888 
 ----> 1.3#6.6#44.0#54.0#VAR 181 1 0.599681 0.400319 
 ----> 1.3#6.6#44.0#54.0#VAR 182 1 0.599108 0.400892 
 ----> 1.3#6.6#44.0#54.0#VAR 183 0 0.616693 0.383307 
 ----> 1.3#6.6#44.0#54.0#VAR 184 0 0.56549 0.43451 
 ----> 1.3#6.6#44.0#54.0#VAR 185 0 0.589319 0.410681 
 ----> 1.3#6.6#44.0#54.0#VAR 186 0 0.599945 0.400055 
 ----> 1.3#6.6#44.0#54.0#VAR 187 0 0.621281 0.378719 
 ----> 1.3#6.6#44.0#54.0#VAR 188 1 0.590242 0.409758 
 ----> 1.3#6.6#44.0#54.0#VAR 189 0 0.589813 0.410187 
 ----> 1.3#6.6#44.0#54.0#VAR 190 1 0.584854 0.415146 
 ----> 1.3#6.6#44.0#54.0#VAR 191 0 0.595718 0.404282 
 ----> 1.3#6.6#44.0#54.0#VAR 192 0 0.596158 0.403842 
 ----> 1.3#6.6#44.0#54.0#VAR 193 0 0.595284 0.404716 
 ----> 1.3#6.6#44.0#54.0#VAR 194 0 0.610396 0.389604 
 ----> 1.3#6.6#44.0#54.0#VAR 195 0 0.614394 0.385606 
 ----> 1.3#6.6#44.0#54.0#VAR 196 1 0.606948 0.393052 
 ----> 1.3#6.6#44.0#54.0#VAR 197 0 0.607671 0.392329 
 ----> 1.3#6.6#44.0#54.0#VAR 198 1 0.619049 0.380951 
 ----> 1.3#6.6#44.0#54.0#VAR 199 0 0.612544 0.387456 
 ----> 1.3#6.6#44.0#54.0#VAR 200 0 0.6201 0.3799 
 ----> 1.3#6.6#44.0#54.0#VAR 201 0 0.631456 0.368544 
 ----> 1.3#6.6#44.0#54.0#VAR 202 0 0.611316 0.388684 
 ----> 1.3#6.6#44.0#54.0#VAR 203 0 0.610218 0.389782 
 ----> 1.3#6.6#44.0#54.0#VAR 204 0 0.632375 0.367625 
 ----> 1.3#6.6#44.0#54.0#VAR 205 1 0.559904 0.440096 
 ----> 1.3#6.6#44.0#54.0#VAR 206 0 0.590784 0.409216 
 ----> 1.3#6.6#44.0#54.0#VAR 207 0 0.612432 0.387568 
 ----> 1.3#6.6#44.0#54.0#VAR 208 0 0.616353 0.383647 
 ----> 1.3#6.6#44.0#54.0#VAR 209 1 0.579393 0.420607 
 ----> 1.3#6.6#44.0#54.0#VAR 210 1 0.586721 0.413279 
 ----> 1.3#6.6#44.0#54.0#VAR 211 0 0.611619 0.388381 
 ----> 1.3#6.6#44.0#54.0#VAR 212 0 0.593389 0.406611 
 ----> 1.3#6.6#44.0#54.0#VAR 213 1 0.578404 0.421596 
 ----> 1.3#6.6#44.0#54.0#VAR 214 1 0.584784 0.415216 
 ----> 1.3#6.6#44.0#54.0#VAR 215 1 0.598225 0.401775 
 ----> 1.3#6.6#44.0#54.0#VAR 216 0 0.597032 0.402968 
 ----> 1.3#6.6#44.0#54.0#VAR 217 1 0.582887 0.417113 
 ----> 1.3#6.6#44.0#54.0#VAR 218 1 0.573498 0.426502 
 ----> 1.3#6.6#44.0#54.0#VAR 219 0 0.616088 0.383912 
 ----> 1.3#6.6#44.0#54.0#VAR 220 0 0.59004 0.40996 
 ----> 1.3#6.6#44.0#54.0#VAR 221 0 0.619 0.381 
 ----> 1.3#6.6#44.0#54.0#VAR 222 1 0.590538 0.409462 
 ----> 1.3#6.6#44.0#54.0#VAR 223 1 0.605477 0.394523 
 ----> 1.3#6.6#44.0#54.0#VAR 224 0 0.619617 0.380383 
 ----> 1.3#6.6#44.0#54.0#VAR 225 1 0.594251 0.405749 
 ----> 1.3#6.6#44.0#54.0#VAR 226 0 0.603736 0.396264 
 ----> 1.3#6.6#44.0#54.0#VAR 227 0 0.606025 0.393975 
 ----> 1.3#6.6#44.0#54.0#VAR 228 0 0.599516 0.400484 
 ----> 1.3#6.6#44.0#54.0#VAR 229 0 0.604895 0.395105 
 ----> 1.3#6.6#44.0#54.0#VAR 230 1 0.600126 0.399874 
 ----> 1.3#6.6#44.0#54.0#VAR 231 0 0.592193 0.407807 
 ----> 1.3#6.6#44.0#54.0#VAR 232 1 0.594374 0.405626 
 ----> 1.3#6.6#44.0#54.0#VAR 233 0 0.589158 0.410842 
 ----> 1.3#6.6#44.0#54.0#VAR 234 0 0.607541 0.392459 
 ----> 1.3#6.6#44.0#54.0#VAR 235 0 0.580716 0.419284 
 ----> 1.3#6.6#44.0#54.0#VAR 236 0 0.592949 0.407051 
 ----> 1.3#6.6#44.0#54.0#VAR 237 0 0.597304 0.402696 
 ----> 1.3#6.6#44.0#54.0#VAR 238 0 0.59571 0.40429 
 ----> 1.3#6.6#44.0#54.0#VAR 239 0 0.589853 0.410147 
 ----> 1.3#6.6#44.0#54.0#VAR 240 1 0.608183 0.391817 
 ----> 1.3#6.6#44.0#54.0#VAR 241 0 0.609195 0.390805 
 ----> 1.3#6.6#44.0#54.0#VAR 242 0 0.600881 0.399119 
 ----> 1.3#6.6#44.0#54.0#VAR 243 1 0.580908 0.419092 
 ----> 1.3#6.6#44.0#54.0#VAR 244 0 0.606979 0.393021 
 ----> 1.3#6.6#44.0#54.0#VAR 245 1 0.603418 0.396582 
 ----> 1.3#6.6#44.0#54.0#VAR 246 1 0.615268 0.384732 
 ----> 1.3#6.6#44.0#54.0#VAR 247 0 0.623827 0.376173 
 ----> 1.3#6.6#44.0#54.0#VAR 248 0 0.596897 0.403103 
 ----> 1.3#6.6#44.0#54.0#VAR 249 1 0.599793 0.400207 
 ----> 1.3#6.6#44.0#54.0#VAR 250 0 0.61426 0.38574 
 ----> 1.3#6.6#44.0#54.0#VAR 251 0 0.619334 0.380666 
 ----> 1.3#6.6#44.0#54.0#VAR 252 0 0.621202 0.378798 
 ----> 1.3#6.6#44.0#54.0#VAR 253 0 0.636532 0.363468 
 ----> 1.3#6.6#44.0#54.0#VAR 254 0 0.623907 0.376093 
 ----> 1.3#6.6#44.0#54.0#VAR 255 1 0.627218 0.372782 
 ----> 1.3#6.6#44.0#54.0#VAR 256 1 0.600977 0.399023 
 ----> 1.3#6.6#44.0#54.0#VAR 257 0 0.605386 0.394614 
 ----> 1.3#6.6#44.0#54.0#VAR 258 0 0.606277 0.393723 
 ----> 1.3#6.6#44.0#54.0#VAR 259 0 0.607775 0.392225 
 ----> 1.3#6.6#44.0#54.0#VAR 260 1 0.582976 0.417024 
 ----> 1.3#6.6#44.0#54.0#VAR 261 0 0.616502 0.383498 
 ----> 1.3#6.6#44.0#54.0#VAR 262 0 0.598476 0.401524 
 ----> 1.3#6.6#44.0#54.0#VAR 263 1 0.606201 0.393799 
 ----> 1.3#6.6#44.0#54.0#VAR 264 1 0.61242 0.38758 
 ----> 1.3#6.6#44.0#54.0#VAR 265 1 0.606339 0.393661 
 ----> 1.3#6.6#44.0#54.0#VAR 266 1 0.578744 0.421256 
 ----> 1.3#6.6#44.0#54.0#VAR 267 0 0.599603 0.400397 
 ----> 1.3#6.6#44.0#54.0#VAR 268 0 0.60813 0.39187 
 ----> 1.3#6.6#44.0#54.0#VAR 269 0 0.592382 0.407618 
 ----> 1.3#6.6#44.0#54.0#VAR 270 1 0.585801 0.414199 
 ----> 1.3#6.6#44.0#54.0#VAR 271 0 0.607519 0.392481 
 ----> 1.3#6.6#44.0#54.0#VAR 272 1 0.581316 0.418684 
 ----> 1.3#6.6#44.0#54.0#VAR 273 0 0.622632 0.377368 
 ----> 1.3#6.6#44.0#54.0#VAR 274 0 0.597963 0.402037 
 ----> 1.3#6.6#44.0#54.0#VAR 275 0 0.584037 0.415963 
 ----> 1.3#6.6#44.0#54.0#VAR 276 0 0.615808 0.384192 
 ----> 1.3#6.6#44.0#54.0#VAR 277 0 0.614815 0.385185 
 ----> 1.3#6.6#44.0#54.0#VAR 278 0 0.604851 0.395149 
 ----> 1.3#6.6#44.0#54.0#VAR 279 0 0.61759 0.38241 
 ----> 1.3#6.6#44.0#54.0#VAR 280 1 0.593515 0.406485 
 ----> 1.3#6.6#44.0#54.0#VAR 281 1 0.567072 0.432928 
 ----> 1.3#6.6#44.0#54.0#VAR 282 0 0.597273 0.402727 
 ----> 1.3#6.6#44.0#54.0#VAR 283 0 0.609185 0.390815 
 ----> 1.3#6.6#44.0#54.0#VAR 284 0 0.573162 0.426838 
 ----> 1.3#6.6#44.0#54.0#VAR 285 0 0.613781 0.386219 
 ----> 1.3#6.6#44.0#54.0#VAR 286 1 0.602379 0.397621 
 ----> 1.3#6.6#44.0#54.0#VAR 287 0 0.585022 0.414978 
 ----> 1.3#6.6#44.0#54.0#VAR 288 0 0.600172 0.399828 
 ----> 1.3#6.6#44.0#54.0#VAR 289 0 0.592002 0.407998 
 ----> 1.3#6.6#44.0#54.0#VAR 290 1 0.567566 0.432434 
 ----> 1.3#6.6#44.0#54.0#VAR 291 0 0.598178 0.401822 
 ----> 1.3#6.6#44.0#54.0#VAR 292 0 0.614485 0.385515 
 ----> 1.3#6.6#44.0#54.0#VAR 293 1 0.606565 0.393435 
 ----> 1.3#6.6#44.0#54.0#VAR 294 0 0.633435 0.366565 
 ----> 1.3#6.6#44.0#54.0#VAR 295 1 0.61418 0.38582 
 ----> 1.3#6.6#44.0#54.0#VAR 296 0 0.594959 0.405041 
 ----> 1.3#6.6#44.0#54.0#VAR 297 0 0.641371 0.358629 
 ----> 1.3#6.6#44.0#54.0#VAR 298 0 0.601604 0.398396 
 ----> 1.3#6.6#44.0#54.0#VAR 299 0 0.598603 0.401397 
 ----> 1.3#6.6#44.0#54.0#VAR 300 0 0.595672 0.404328 
 ----> 1.3#6.6#44.0#54.0#VAR 301 1 0.595424 0.404576 
 ----> 1.3#6.6#44.0#54.0#VAR 302 1 0.579192 0.420808 
 ----> 1.3#6.6#44.0#54.0#VAR 303 1 0.612847 0.387153 
 ----> 1.3#6.6#44.0#54.0#VAR 304 0 0.610915 0.389085 
 ----> 1.3#6.6#44.0#54.0#VAR 305 0 0.597333 0.402667 
 ----> 1.3#6.6#44.0#54.0#VAR 306 0 0.593122 0.406878 
 ----> 1.3#6.6#44.0#54.0#VAR 307 1 0.611182 0.388818 
 ----> 1.3#6.6#44.0#54.0#VAR 308 1 0.591162 0.408838 
 ----> 1.3#6.6#44.0#54.0#VAR 309 0 0.599556 0.400444 
 ----> 1.3#6.6#44.0#54.0#VAR 310 0 0.592738 0.407262 
 ----> 1.3#6.6#44.0#54.0#VAR 311 0 0.618631 0.381369 
 ----> 1.3#6.6#44.0#54.0#VAR 312 1 0.580487 0.419513 
 ----> 1.3#6.6#44.0#54.0#VAR 313 0 0.607659 0.392341 
 ----> 1.3#6.6#44.0#54.0#VAR 314 0 0.596311 0.403689 
 ----> 1.3#6.6#44.0#54.0#VAR 315 0 0.594661 0.405339 
 ----> 1.3#6.6#44.0#54.0#VAR 316 0 0.607185 0.392815 
 ----> 1.3#6.6#44.0#54.0#VAR 317 0 0.586385 0.413615 
 ----> 1.3#6.6#44.0#54.0#VAR 318 0 0.596412 0.403588 
 ----> 1.3#6.6#44.0#54.0#VAR 319 0 0.613715 0.386285 
 ----> 1.3#6.6#44.0#54.0#VAR 320 0 0.591229 0.408771 
 ----> 1.3#6.6#44.0#54.0#VAR 321 0 0.597258 0.402742 
 ----> 1.3#6.6#44.0#54.0#VAR 322 0 0.596896 0.403104 
 ----> 1.3#6.6#44.0#54.0#VAR 323 0 0.59533 0.40467 
 ----> 1.3#6.6#44.0#54.0#VAR 324 0 0.586695 0.413305 
 ----> 1.3#6.6#44.0#54.0#VAR 325 0 0.589805 0.410195 
 ----> 1.3#6.6#44.0#54.0#VAR 326 0 0.583911 0.416089 
 ----> 1.3#6.6#44.0#54.0#VAR 327 0 0.592713 0.407287 
 ----> 1.3#6.6#44.0#54.0#VAR 328 0 0.595778 0.404222 
 ----> 1.3#6.6#44.0#54.0#VAR 329 1 0.571413 0.428587 
 ----> 1.3#6.6#44.0#54.0#VAR 330 1 0.568251 0.431749 
 ----> 1.3#6.6#44.0#54.0#VAR 331 1 0.590264 0.409736 
 ----> 1.3#6.6#44.0#54.0#VAR 332 0 0.597713 0.402287 
 ----> 1.3#6.6#44.0#54.0#VAR 333 0 0.616749 0.383251 
 ----> 1.3#6.6#44.0#54.0#VAR 334 0 0.604477 0.395523 
 ----> 1.3#6.6#44.0#54.0#VAR 335 0 0.593413 0.406587 
 ----> 1.3#6.6#44.0#54.0#VAR 336 0 0.607157 0.392843 
 ----> 1.3#6.6#44.0#54.0#VAR 337 0 0.587935 0.412065 
 ----> 1.3#6.6#44.0#54.0#VAR 338 0 0.597394 0.402606 
 ----> 1.3#6.6#44.0#54.0#VAR 339 0 0.606061 0.393939 
 ----> 1.3#6.6#44.0#54.0#VAR 340 1 0.605043 0.394957 
 ----> 1.3#6.6#44.0#54.0#VAR 341 1 0.59677 0.40323 
 ----> 1.3#6.6#44.0#54.0#VAR 342 0 0.580978 0.419022 
 ----> 1.3#6.6#44.0#54.0#VAR 343 0 0.603337 0.396663 
 ----> 1.3#6.6#44.0#54.0#VAR 344 0 0.609733 0.390267 
 ----> 1.3#6.6#44.0#54.0#VAR 345 0 0.599706 0.400294 
 ----> 1.3#6.6#44.0#54.0#VAR 346 0 0.623544 0.376456 
 ----> 1.3#6.6#44.0#54.0#VAR 347 0 0.62122 0.37878 
 ----> 1.3#6.6#44.0#54.0#VAR 348 0 0.623377 0.376623 
 ----> 1.3#6.6#44.0#54.0#VAR 349 1 0.594041 0.405959 
 ----> 1.3#6.6#44.0#54.0#VAR 350 0 0.616011 0.383989 
 ----> 1.3#6.6#44.0#54.0#VAR 351 0 0.620265 0.379735 
 ----> 1.3#6.6#44.0#54.0#VAR 352 0 0.62288 0.37712 
 ----> 1.3#6.6#44.0#54.0#VAR 353 0 0.597785 0.402215 
 ----> 1.3#6.6#44.0#54.0#VAR 354 1 0.5976 0.4024 
 ----> 1.3#6.6#44.0#54.0#VAR 355 0 0.605318 0.394682 
 ----> 1.3#6.6#44.0#54.0#VAR 356 0 0.593795 0.406205 
 ----> 1.3#6.6#44.0#54.0#VAR 357 0 0.618233 0.381767 
 ----> 1.3#6.6#44.0#54.0#VAR 358 0 0.622061 0.377939 
 ----> 1.3#6.6#44.0#54.0#VAR 359 1 0.60478 0.39522 
 ----> 1.3#6.6#44.0#54.0#VAR 360 0 0.617664 0.382336 
 ----> 1.3#6.6#44.0#54.0#VAR 361 0 0.625703 0.374297 
 ----> 1.3#6.6#44.0#54.0#VAR 362 0 0.624751 0.375249 
 ----> 1.3#6.6#44.0#54.0#VAR 363 0 0.607012 0.392988 
 ----> 1.3#6.6#44.0#54.0#VAR 364 0 0.611998 0.388002 
 ----> 1.3#6.6#44.0#54.0#VAR 365 1 0.58867 0.41133 
 ----> 1.3#6.6#44.0#54.0#VAR 366 0 0.621876 0.378124 
 ----> 1.3#6.6#44.0#54.0#VAR 367 0 0.624241 0.375759 
 ----> 1.3#6.6#44.0#54.0#VAR 368 1 0.605444 0.394556 
 ----> 1.3#6.6#44.0#54.0#VAR 369 0 0.621237 0.378763 
 ----> 1.3#6.6#44.0#54.0#VAR 370 0 0.604787 0.395213 
 ----> 1.3#6.6#44.0#54.0#VAR 371 0 0.603189 0.396811 
 ----> 1.3#6.6#44.0#54.0#VAR 372 0 0.602566 0.397434 
 ----> 1.3#6.6#44.0#54.0#VAR 373 0 0.634898 0.365102 
 ----> 1.3#6.6#44.0#54.0#VAR 374 1 0.604955 0.395045 
 ----> 1.3#6.6#44.0#54.0#VAR 375 0 0.621685 0.378315 
 ----> 1.3#6.6#44.0#54.0#VAR 376 0 0.620592 0.379408 
 ----> 1.3#6.6#44.0#54.0#VAR 377 1 0.584702 0.415298 
 ----> 1.3#6.6#44.0#54.0#VAR 378 0 0.610027 0.389973 
 ----> 1.3#6.6#44.0#54.0#VAR 379 0 0.621362 0.378638 
 ----> 1.3#6.6#44.0#54.0#VAR 380 0 0.633455 0.366545 
 ----> 1.3#6.6#44.0#54.0#VAR 381 0 0.627572 0.372428 
 ----> 1.3#6.6#44.0#54.0#VAR 382 1 0.605532 0.394468 
 ----> 1.3#6.6#44.0#54.0#VAR 383 1 0.603914 0.396086 
 ----> 1.3#6.6#44.0#54.0#VAR 384 1 0.592997 0.407003 
 ----> 1.3#6.6#44.0#54.0#VAR 385 0 0.607226 0.392774 
 ----> 1.3#6.6#44.0#54.0#VAR 386 0 0.601056 0.398944 
 ----> 1.3#6.6#44.0#54.0#VAR 387 0 0.599991 0.400009 
 ----> 1.3#6.6#44.0#54.0#VAR 388 0 0.601899 0.398101 
 ----> 1.3#6.6#44.0#54.0#VAR 389 0 0.611182 0.388818 
 ----> 1.3#6.6#44.0#54.0#VAR 390 0 0.604012 0.395988 
 ----> 1.3#6.6#44.0#54.0#VAR 391 0 0.610978 0.389022 
 ----> 1.3#6.6#44.0#54.0#VAR 392 0 0.594103 0.405897 
 ----> 1.3#6.6#44.0#54.0#VAR 393 0 0.600704 0.399296 
 ----> 1.3#6.6#44.0#54.0#VAR 394 0 0.625918 0.374082 
 ----> 1.3#6.6#44.0#54.0#VAR 395 1 0.600264 0.399736 
 ----> 1.3#6.6#44.0#54.0#VAR 396 0 0.598293 0.401707 
 ----> 1.3#6.6#44.0#54.0#VAR 397 0 0.591673 0.408327 
 ----> 1.3#6.6#44.0#54.0#VAR 398 1 0.591238 0.408762 
 ----> 1.3#6.6#44.0#54.0#VAR 399 0 0.598786 0.401214 
 ----> 1.3#6.6#44.0#54.0#VAR 400 0 0.608361 0.391639 
 ----> 1.3#6.6#44.0#54.0#VAR 401 1 0.607164 0.392836 
 ----> 1.3#6.6#44.0#54.0#VAR 402 0 0.622847 0.377153 
 ----> 1.3#6.6#44.0#54.0#VAR 403 0 0.612005 0.387995 
 ----> 1.3#6.6#44.0#54.0#VAR 404 0 0.604837 0.395163 
 ----> 1.3#6.6#44.0#54.0#VAR 405 0 0.628096 0.371904 
 ----> 1.3#6.6#44.0#54.0#VAR 406 0 0.596796 0.403204 
 ----> 1.3#6.6#44.0#54.0#VAR 407 1 0.608716 0.391284 
 ----> 1.3#6.6#44.0#54.0#VAR 408 0 0.591555 0.408445 
 ----> 1.3#6.6#44.0#54.0#VAR 409 1 0.559865 0.440135 
 ----> 1.3#6.6#44.0#54.0#VAR 410 1 0.602145 0.397855 
 ----> 1.3#6.6#44.0#54.0#VAR 411 0 0.616161 0.383839 
 ----> 1.3#6.6#44.0#54.0#VAR 412 0 0.614192 0.385808 
 ----> 1.3#6.6#44.0#54.0#VAR 413 1 0.624815 0.375185 
 ----> 1.3#6.6#44.0#54.0#VAR 414 0 0.633827 0.366173 
 ----> 1.3#6.6#44.0#54.0#VAR 415 0 0.618015 0.381985 
 ----> 1.3#6.6#44.0#54.0#VAR 416 1 0.622304 0.377696 
 ----> 1.3#6.6#44.0#54.0#VAR 417 0 0.603637 0.396363 
 ----> 1.3#6.6#44.0#54.0#VAR 418 0 0.607429 0.392571 
 ----> 1.3#6.6#44.0#54.0#VAR 419 0 0.617468 0.382532 
 ----> 1.3#6.6#44.0#54.0#VAR 420 0 0.620316 0.379684 
 ----> 1.3#6.6#44.0#54.0#VAR 421 0 0.60983 0.39017 
 ----> 1.3#6.6#44.0#54.0#VAR 422 0 0.6104 0.3896 
 ----> 1.3#6.6#44.0#54.0#VAR 423 0 0.60852 0.39148 
 ----> 1.3#6.6#44.0#54.0#VAR 424 0 0.601556 0.398444 
 ----> 1.3#6.6#44.0#54.0#VAR 425 0 0.609989 0.390011 
 ----> 1.3#6.6#44.0#54.0#VAR 426 1 0.57946 0.42054 
 ----> 1.3#6.6#44.0#54.0#VAR 427 0 0.606891 0.393109 
 ----> 1.3#6.6#44.0#54.0#VAR 428 0 0.603129 0.396871 
 ----> 1.3#6.6#44.0#54.0#VAR 429 0 0.601116 0.398884 
 ----> 1.3#6.6#44.0#54.0#VAR 430 1 0.589135 0.410865 
 ----> 1.3#6.6#44.0#54.0#VAR 431 0 0.607349 0.392651 
 ----> 1.3#6.6#44.0#54.0#VAR 432 0 0.598288 0.401712 
 ----> 1.3#6.6#44.0#54.0#VAR 433 0 0.606043 0.393957 
 ----> 1.3#6.6#44.0#54.0#VAR 434 0 0.616794 0.383206 
 ----> 1.3#6.6#44.0#54.0#VAR 435 0 0.610356 0.389644 
 ----> 1.3#6.6#44.0#54.0#VAR 436 0 0.625404 0.374596 
 ----> 1.3#6.6#44.0#54.0#VAR 437 0 0.618121 0.381879 
 ----> 1.3#6.6#44.0#54.0#VAR 438 1 0.610252 0.389748 
 ----> 1.3#6.6#44.0#54.0#VAR 439 1 0.624091 0.375909 
 ----> 1.3#6.6#44.0#54.0#VAR 440 0 0.601139 0.398861 
 ----> 1.3#6.6#44.0#54.0#VAR 441 0 0.621242 0.378758 
 ----> 1.3#6.6#44.0#54.0#VAR 442 1 0.627411 0.372589 
 ----> 1.3#6.6#44.0#54.0#VAR 443 1 0.633529 0.366471 
 ----> 1.3#6.6#44.0#54.0#VAR 444 0 0.605608 0.394392 
 ----> 1.3#6.6#44.0#54.0#VAR 445 0 0.630467 0.369533 
 ----> 1.3#6.6#44.0#54.0#VAR 446 1 0.601851 0.398149 
 ----> 1.3#6.6#44.0#54.0#VAR 447 0 0.607006 0.392994 
 ----> 1.3#6.6#44.0#54.0#VAR 448 0 0.611099 0.388901 
 ----> 1.3#6.6#44.0#54.0#VAR 449 1 0.572824 0.427176 
 ----> 1.3#6.6#44.0#54.0#VAR 450 0 0.601324 0.398676 
 ----> 1.3#6.6#44.0#54.0#VAR 451 0 0.611127 0.388873 
 ----> 1.3#6.6#44.0#54.0#VAR 452 0 0.595426 0.404574 
 ----> 1.3#6.6#44.0#54.0#VAR 453 0 0.600055 0.399945 
 ----> 1.3#6.6#44.0#54.0#VAR 454 0 0.595777 0.404223 
 ----> 1.3#6.6#44.0#54.0#VAR 455 0 0.603278 0.396722 
 ----> 1.3#6.6#44.0#54.0#VAR 456 0 0.607876 0.392124 
 ----> 1.3#6.6#44.0#54.0#VAR 457 0 0.603046 0.396954 
 ----> 1.3#6.6#44.0#54.0#VAR 458 1 0.573937 0.426063 
 ----> 1.3#6.6#44.0#54.0#VAR 459 0 0.615968 0.384032 
 ----> 1.3#6.6#44.0#54.0#VAR 460 1 0.601428 0.398572 
 ----> 1.3#6.6#44.0#54.0#VAR 461 0 0.610986 0.389014 
 ----> 1.3#6.6#44.0#54.0#VAR 462 1 0.577742 0.422258 
 ----> 1.3#6.6#44.0#54.0#VAR 463 0 0.619277 0.380723 
 ----> 1.3#6.6#44.0#54.0#VAR 464 1 0.586134 0.413866 
 ----> 1.3#6.6#44.0#54.0#VAR 465 0 0.622711 0.377289 
 ----> 1.3#6.6#44.0#54.0#VAR 466 0 0.611262 0.388738 
 ----> 1.3#6.6#44.0#54.0#VAR 467 0 0.606778 0.393222 
 ----> 1.3#6.6#44.0#54.0#VAR 468 0 0.595922 0.404078 
 ----> 1.3#6.6#44.0#54.0#VAR 469 1 0.611047 0.388953 
 ----> 1.3#6.6#44.0#54.0#VAR 470 0 0.604023 0.395977 
 ----> 1.3#6.6#44.0#54.0#VAR 471 1 0.602135 0.397865 
 ----> 1.3#6.6#44.0#54.0#VAR 472 1 0.604554 0.395446 
 ----> 1.3#6.6#44.0#54.0#VAR 473 0 0.609559 0.390441 
 ----> 1.3#6.6#44.0#54.0#VAR 474 1 0.604952 0.395048 
 ----> 1.3#6.6#44.0#54.0#VAR 475 0 0.603005 0.396995 
 ----> 1.3#6.6#44.0#54.0#VAR 476 0 0.615071 0.384929 
 ----> 1.3#6.6#44.0#54.0#VAR 477 1 0.561176 0.438824 
 ----> 1.3#6.6#44.0#54.0#VAR 478 0 0.610972 0.389028 
 ----> 1.3#6.6#44.0#54.0#VAR 479 0 0.59853 0.40147 
 ----> 1.3#6.6#44.0#54.0#VAR 480 0 0.601436 0.398564 
 ----> 1.3#6.6#44.0#54.0#VAR 481 0 0.604569 0.395431 
 ----> 1.3#6.6#44.0#54.0#VAR 482 1 0.587389 0.412611 
 ----> 1.3#6.6#44.0#54.0#VAR 483 0 0.588052 0.411948 
 ----> 1.3#6.6#44.0#54.0#VAR 484 0 0.612791 0.387209 
 ----> 1.3#6.6#44.0#54.0#VAR 485 0 0.59689 0.40311 
 ----> 1.3#6.6#44.0#54.0#VAR 486 0 0.602926 0.397074 
 ----> 1.3#6.6#44.0#54.0#VAR 487 0 0.60258 0.39742 
 ----> 1.3#6.6#44.0#54.0#VAR 488 1 0.600575 0.399425 
 ----> 1.3#6.6#44.0#54.0#VAR 489 1 0.596193 0.403807 
 ----> 1.3#6.6#44.0#54.0#VAR 490 0 0.624725 0.375275 
 ----> 1.3#6.6#44.0#54.0#VAR 491 1 0.591872 0.408128 
 ----> 1.3#6.6#44.0#54.0#VAR 492 0 0.606587 0.393413 
 ----> 1.3#6.6#44.0#54.0#VAR 493 0 0.61008 0.38992 
 ----> 1.3#6.6#44.0#54.0#VAR 494 0 0.624831 0.375169 
 ----> 1.3#6.6#44.0#54.0#VAR 495 0 0.633171 0.366829 
 ----> 1.3#6.6#44.0#54.0#VAR 496 0 0.605042 0.394958 
 ----> 1.3#6.6#44.0#54.0#VAR 497 0 0.605432 0.394568 
 ----> 1.3#6.6#44.0#54.0#VAR 498 0 0.598416 0.401584 
 ----> 1.3#6.6#44.0#54.0#VAR 499 0 0.621299 0.378701 
 ----> 1.3#6.6#44.0#54.0#VAR 500 0 0.610291 0.389709 
 ----> 1.3#6.6#44.0#54.0#VAR 501 1 0.586934 0.413066 
 ----> 1.3#6.6#44.0#54.0#VAR 502 0 0.613771 0.386229 
 ----> 1.3#6.6#44.0#54.0#VAR 503 0 0.615905 0.384095 
 ----> 1.3#6.6#44.0#54.0#VAR 504 0 0.608847 0.391153 
 ----> 1.3#6.6#44.0#54.0#VAR 505 0 0.646559 0.353441 
 ----> 1.3#6.6#44.0#54.0#VAR 506 0 0.623473 0.376527 
 ----> 1.3#6.6#44.0#54.0#VAR 507 0 0.612475 0.387525 
 ----> 1.3#6.6#44.0#54.0#VAR 508 1 0.605569 0.394431 
 ----> 1.3#6.6#44.0#54.0#VAR 509 0 0.606967 0.393033 
 ----> 1.3#6.6#44.0#54.0#VAR 510 0 0.590175 0.409825 
 ----> 1.3#6.6#44.0#54.0#VAR 511 0 0.592769 0.407231 
 ----> 1.3#6.6#44.0#54.0#VAR 512 0 0.601198 0.398802 
 ----> 1.3#6.6#44.0#54.0#VAR 513 1 0.598062 0.401938 
 ----> 1.3#6.6#44.0#54.0#VAR 514 0 0.597106 0.402894 
 ----> 1.3#6.6#44.0#54.0#VAR 515 0 0.621059 0.378941 
 ----> 1.3#6.6#44.0#54.0#VAR 516 0 0.615594 0.384406 
 ----> 1.3#6.6#44.0#54.0#VAR 517 1 0.612002 0.387998 
 ----> 1.3#6.6#44.0#54.0#VAR 518 1 0.604578 0.395422 
 ----> 1.3#6.6#44.0#54.0#VAR 519 0 0.618131 0.381869 
 ----> 1.3#6.6#44.0#54.0#VAR 520 0 0.609657 0.390343 
 ----> 1.3#6.6#44.0#54.0#VAR 521 0 0.60547 0.39453 
 ----> 1.3#6.6#44.0#54.0#VAR 522 1 0.599442 0.400558 
 ----> 1.3#6.6#44.0#54.0#VAR 523 1 0.61265 0.38735 
 ----> 1.3#6.6#44.0#54.0#VAR 524 0 0.607378 0.392622 
 ----> 1.3#6.6#44.0#54.0#VAR 525 1 0.601857 0.398143 
 ----> 1.3#6.6#44.0#54.0#VAR 526 0 0.610807 0.389193 
 ----> 1.3#6.6#44.0#54.0#VAR 527 0 0.615937 0.384063 
 ----> 1.3#6.6#44.0#54.0#VAR 528 0 0.617147 0.382853 
 ----> 1.3#6.6#44.0#54.0#VAR 529 0 0.59393 0.40607 
 ----> 1.3#6.6#44.0#54.0#VAR 530 1 0.611012 0.388988 
 ----> 1.3#6.6#44.0#54.0#VAR 531 0 0.602658 0.397342 
 ----> 1.3#6.6#44.0#54.0#VAR 532 1 0.596024 0.403976 
 ----> 1.3#6.6#44.0#54.0#VAR 533 1 0.602782 0.397218 
 ----> 1.3#6.6#44.0#54.0#VAR 534 0 0.61055 0.38945 
 ----> 1.3#6.6#44.0#54.0#VAR 535 0 0.60694 0.39306 
 ----> 1.3#6.6#44.0#54.0#VAR 536 1 0.572494 0.427506 
 ----> 1.3#6.6#44.0#54.0#VAR 537 0 0.612916 0.387084 
 ----> 1.3#6.6#44.0#54.0#VAR 538 0 0.614985 0.385015 
 ----> 1.3#6.6#44.0#54.0#VAR 539 0 0.603228 0.396772 
 ----> 1.3#6.6#44.0#54.0#VAR 540 0 0.599252 0.400748 
 ----> 1.3#6.6#44.0#54.0#VAR 541 0 0.59557 0.40443 
 ----> 1.3#6.6#44.0#54.0#VAR 542 0 0.602149 0.397851 
 ----> 1.3#6.6#44.0#54.0#VAR 543 0 0.623427 0.376573 
 ----> 1.3#6.6#44.0#54.0#VAR 544 0 0.5864 0.4136 
 ----> 1.3#6.6#44.0#54.0#VAR 545 0 0.591036 0.408964 
 ----> 1.3#6.6#44.0#54.0#VAR 546 0 0.611035 0.388965 
 ----> 1.3#6.6#44.0#54.0#VAR 547 0 0.617155 0.382845 
 ----> 1.3#6.6#44.0#54.0#VAR 548 0 0.619417 0.380583 
 ----> 1.3#6.6#44.0#54.0#VAR 549 0 0.596041 0.403959 
 ----> 1.3#6.6#44.0#54.0#VAR 550 1 0.571474 0.428526 
 ----> 1.3#6.6#44.0#54.0#VAR 551 0 0.609742 0.390258 
 ----> 1.3#6.6#44.0#54.0#VAR 552 0 0.596028 0.403972 
 ----> 1.3#6.6#44.0#54.0#VAR 553 0 0.616884 0.383116 
 ----> 1.3#6.6#44.0#54.0#VAR 554 0 0.600277 0.399723 
 ----> 1.3#6.6#44.0#54.0#VAR 555 0 0.597016 0.402984 
 ----> 1.3#6.6#44.0#54.0#VAR 556 1 0.585993 0.414007 
 ----> 1.3#6.6#44.0#54.0#VAR 557 0 0.598182 0.401818 
 ----> 1.3#6.6#44.0#54.0#VAR 558 0 0.601657 0.398343 
 ----> 1.3#6.6#44.0#54.0#VAR 559 1 0.605683 0.394317 
 ----> 1.3#6.6#44.0#54.0#VAR 560 1 0.6011 0.3989 
 ----> 1.3#6.6#44.0#54.0#VAR 561 0 0.603983 0.396017 
 ----> 1.3#6.6#44.0#54.0#VAR 562 1 0.604561 0.395439 
 ----> 1.3#6.6#44.0#54.0#VAR 563 0 0.594648 0.405352 
 ----> 1.3#6.6#44.0#54.0#VAR 564 1 0.594121 0.405879 
 ----> 1.3#6.6#44.0#54.0#VAR 565 0 0.598492 0.401508 
 ----> 1.3#6.6#44.0#54.0#VAR 566 0 0.592238 0.407762 
 ----> 1.3#6.6#44.0#54.0#VAR 567 1 0.579725 0.420275 
 ----> 1.3#6.6#44.0#54.0#VAR 568 1 0.601979 0.398021 
 ----> 1.3#6.6#44.0#54.0#VAR 569 0 0.612759 0.387241 
 ----> 1.3#6.6#44.0#54.0#VAR 570 1 0.589534 0.410466 
 ----> 1.3#6.6#44.0#54.0#VAR 571 1 0.590395 0.409605 
 ----> 1.3#6.6#44.0#54.0#VAR 572 1 0.572444 0.427556 
 ----> 1.3#6.6#44.0#54.0#VAR 573 1 0.59652 0.40348 
 ----> 1.3#6.6#44.0#54.0#VAR 574 1 0.599094 0.400906 
 ----> 1.3#6.6#44.0#54.0#VAR 575 0 0.603252 0.396748 
 ----> 1.3#6.6#44.0#54.0#VAR 576 0 0.613837 0.386163 
 ----> 1.3#6.6#44.0#54.0#VAR 577 1 0.589957 0.410043 
 ----> 1.3#6.6#44.0#54.0#VAR 578 1 0.586322 0.413678 
 ----> 1.3#6.6#44.0#54.0#VAR 579 1 0.600372 0.399628 
 ----> 1.3#6.6#44.0#54.0#VAR 580 0 0.612595 0.387405 
 ----> 1.3#6.6#44.0#54.0#VAR 581 1 0.617706 0.382294 
 ----> 1.3#6.6#44.0#54.0#VAR 582 1 0.590271 0.409729 
 ----> 1.3#6.6#44.0#54.0#VAR 583 0 0.585968 0.414032 
 ----> 1.3#6.6#44.0#54.0#VAR 584 1 0.573706 0.426294 
 ----> 1.3#6.6#44.0#54.0#VAR 585 0 0.591336 0.408664 
 ----> 1.3#6.6#44.0#54.0#VAR 586 1 0.601497 0.398503 
 ----> 1.3#6.6#44.0#54.0#VAR 587 0 0.611274 0.388726 
 ----> 1.3#6.6#44.0#54.0#VAR 588 0 0.596722 0.403278 
 ----> 1.3#6.6#44.0#54.0#VAR 589 1 0.571395 0.428605 
 ----> 1.3#6.6#44.0#54.0#VAR 590 0 0.594655 0.405345 
 ----> 1.3#6.6#44.0#54.0#VAR 591 0 0.606197 0.393803 
 ----> 1.3#6.6#44.0#54.0#VAR 592 0 0.626085 0.373915 
 ----> 1.3#6.6#44.0#54.0#VAR 593 1 0.591904 0.408096 
 ----> 1.3#6.6#44.0#54.0#VAR 594 0 0.597457 0.402543 
 ----> 1.3#6.6#44.0#54.0#VAR 595 1 0.60061 0.39939 
 ----> 1.3#6.6#44.0#54.0#VAR 596 0 0.611678 0.388322 
 ----> 1.3#6.6#44.0#54.0#VAR 597 0 0.597326 0.402674 
 ----> 1.3#6.6#44.0#54.0#VAR 598 0 0.592748 0.407252 
 ----> 1.3#6.6#44.0#54.0#VAR 599 1 0.586666 0.413334 
 ----> 1.3#6.6#44.0#54.0#VAR 600 1 0.607066 0.392934 
 ----> 1.3#6.6#44.0#54.0#VAR 601 1 0.593751 0.406249 
 ----> 1.3#6.6#44.0#54.0#VAR 602 0 0.598386 0.401614 
 ----> 1.3#6.6#44.0#54.0#VAR 603 0 0.608556 0.391444 
 ----> 1.3#6.6#44.0#54.0#VAR 604 1 0.611983 0.388017 
 ----> 1.3#6.6#44.0#54.0#VAR 605 1 0.59491 0.40509 
 ----> 1.3#6.6#44.0#54.0#VAR 606 1 0.596834 0.403166 
 ----> 1.3#6.6#44.0#54.0#VAR 607 1 0.605478 0.394522 
 ----> 1.3#6.6#44.0#54.0#VAR 608 0 0.627643 0.372357 
 ----> 1.3#6.6#44.0#54.0#VAR 609 0 0.609556 0.390444 
 ----> 1.3#6.6#44.0#54.0#VAR 610 1 0.587671 0.412329 
 ----> 1.3#6.6#44.0#54.0#VAR 611 0 0.598714 0.401286 
 ----> 1.3#6.6#44.0#54.0#VAR 612 1 0.598942 0.401058 
 ----> 1.3#6.6#44.0#54.0#VAR 613 1 0.592191 0.407809 
 ----> 1.3#6.6#44.0#54.0#VAR 614 0 0.615683 0.384317 
 ----> 1.3#6.6#44.0#54.0#VAR 615 0 0.588305 0.411695 
 ----> 1.3#6.6#44.0#54.0#VAR 616 1 0.612262 0.387738 
 ----> 1.3#6.6#44.0#54.0#VAR 617 0 0.574613 0.425387 
 ----> 1.3#6.6#44.0#54.0#VAR 618 1 0.587893 0.412107 
 ----> 1.3#6.6#44.0#54.0#VAR 619 0 0.603428 0.396572 
 ----> 1.3#6.6#44.0#54.0#VAR 620 1 0.591365 0.408635 
 ----> 1.3#6.6#44.0#54.0#VAR 621 0 0.587444 0.412556 
 ----> 1.3#6.6#44.0#54.0#VAR 622 0 0.598425 0.401575 
 ----> 1.3#6.6#44.0#54.0#VAR 623 1 0.603231 0.396769 
 ----> 1.3#6.6#44.0#54.0#VAR 624 0 0.623507 0.376493 
 ----> 1.3#6.6#44.0#54.0#VAR 625 0 0.614968 0.385032 
 ----> 1.3#6.6#44.0#54.0#VAR 626 0 0.604704 0.395296 
 ----> 1.3#6.6#44.0#54.0#VAR 627 0 0.598817 0.401183 
 ----> 1.3#6.6#44.0#54.0#VAR 628 0 0.605059 0.394941 
 ----> 1.3#6.6#44.0#54.0#VAR 629 0 0.605768 0.394232 
 ----> 1.3#6.6#44.0#54.0#VAR 630 0 0.580677 0.419323 
 ----> 1.3#6.6#44.0#54.0#VAR 631 0 0.609443 0.390557 
 ----> 1.3#6.6#44.0#54.0#VAR 632 0 0.59669 0.40331 
 ----> 1.3#6.6#44.0#54.0#VAR 633 0 0.609652 0.390348 
 ----> 1.3#6.6#44.0#54.0#VAR 634 0 0.597625 0.402375 
 ----> 1.3#6.6#44.0#54.0#VAR 635 0 0.60086 0.39914 
 ----> 1.3#6.6#44.0#54.0#VAR 636 0 0.595978 0.404022 
 ----> 1.3#6.6#44.0#54.0#VAR 637 0 0.600738 0.399262 
 ----> 1.3#6.6#44.0#54.0#VAR 638 0 0.591439 0.408561 
 ----> 1.3#6.6#44.0#54.0#VAR 639 0 0.614343 0.385657 
 ----> 1.3#6.6#44.0#54.0#VAR 640 0 0.617326 0.382674 
 ----> 1.3#6.6#44.0#54.0#VAR 641 1 0.604923 0.395077 
 ----> 1.3#6.6#44.0#54.0#VAR 642 0 0.594605 0.405395 
 ----> 1.3#6.6#44.0#54.0#VAR 643 0 0.615399 0.384601 
 ----> 1.3#6.6#44.0#54.0#VAR 644 0 0.59926 0.40074 
 ----> 1.3#6.6#44.0#54.0#VAR 645 0 0.586653 0.413347 
 ----> 1.3#6.6#44.0#54.0#VAR 646 0 0.596844 0.403156 
 ----> 1.3#6.6#44.0#54.0#VAR 647 0 0.600772 0.399228 
 ----> 1.3#6.6#44.0#54.0#VAR 648 0 0.609149 0.390851 
 ----> 1.3#6.6#44.0#54.0#VAR 649 0 0.602898 0.397102 
 ----> 1.3#6.6#44.0#54.0#VAR 650 0 0.609436 0.390564 
 ----> 1.3#6.6#44.0#54.0#VAR 651 0 0.594104 0.405896 
 ----> 1.3#6.6#44.0#54.0#VAR 652 0 0.630319 0.369681 
 ----> 1.3#6.6#44.0#54.0#VAR 653 0 0.610143 0.389857 
 ----> 1.3#6.6#44.0#54.0#VAR 654 0 0.615715 0.384285 
 ----> 1.3#6.6#44.0#54.0#VAR 655 0 0.601081 0.398919 
 ----> 1.3#6.6#44.0#54.0#VAR 656 1 0.583487 0.416513 
 ----> 1.3#6.6#44.0#54.0#VAR 657 0 0.616177 0.383823 
 ----> 1.3#6.6#44.0#54.0#VAR 658 1 0.606352 0.393648 
 ----> 1.3#6.6#44.0#54.0#VAR 659 0 0.596569 0.403431 
 ----> 1.3#6.6#44.0#54.0#VAR 660 1 0.590662 0.409338 
 ----> 1.3#6.6#44.0#54.0#VAR 661 1 0.599776 0.400224 
 ----> 1.3#6.6#44.0#54.0#VAR 662 0 0.605115 0.394885 
 ----> 1.3#6.6#44.0#54.0#VAR 663 1 0.595444 0.404556 
 ----> 1.3#6.6#44.0#54.0#VAR 664 1 0.591855 0.408145 
 ----> 1.3#6.6#44.0#54.0#VAR 665 0 0.598669 0.401331 
 ----> 1.3#6.6#44.0#54.0#VAR 666 0 0.627764 0.372236 
 ----> 1.3#6.6#44.0#54.0#VAR 667 0 0.607212 0.392788 
 ----> 1.3#6.6#44.0#54.0#VAR 668 1 0.577008 0.422992 
 ----> 1.3#6.6#44.0#54.0#VAR 669 1 0.589084 0.410916 
 ----> 1.3#6.6#44.0#54.0#VAR 670 0 0.590238 0.409762 
 ----> 1.3#6.6#44.0#54.0#VAR 671 0 0.602448 0.397552 
 ----> 1.3#6.6#44.0#54.0#VAR 672 0 0.622176 0.377824 
 ----> 1.3#6.6#44.0#54.0#VAR 673 0 0.619529 0.380471 
 ----> 1.3#6.6#44.0#54.0#VAR 674 0 0.603394 0.396606 
 ----> 1.3#6.6#44.0#54.0#VAR 675 0 0.611721 0.388279 
 ----> 1.3#6.6#44.0#54.0#VAR 676 0 0.609572 0.390428 
 ----> 1.3#6.6#44.0#54.0#VAR 677 1 0.581623 0.418377 
 ----> 1.3#6.6#44.0#54.0#VAR 678 1 0.576323 0.423677 
 ----> 1.3#6.6#44.0#54.0#VAR 679 0 0.605572 0.394428 
 ----> 1.3#6.6#44.0#54.0#VAR 680 0 0.589687 0.410313 
 ----> 1.3#6.6#44.0#54.0#VAR 681 0 0.589654 0.410346 
 ----> 1.3#6.6#44.0#54.0#VAR 682 0 0.591515 0.408485 
 ----> 1.3#6.6#44.0#54.0#VAR 683 0 0.584022 0.415978 
 ----> 1.3#6.6#44.0#54.0#VAR 684 0 0.615403 0.384597 
 ----> 1.3#6.6#44.0#54.0#VAR 685 0 0.606884 0.393116 
 ----> 1.3#6.6#44.0#54.0#VAR 686 1 0.583887 0.416113 
 ----> 1.3#6.6#44.0#54.0#VAR 687 0 0.594652 0.405348 
 ----> 1.3#6.6#44.0#54.0#VAR 688 0 0.594359 0.405641 
 ----> 1.3#6.6#44.0#54.0#VAR 689 1 0.578587 0.421413 
 ----> 1.3#6.6#44.0#54.0#VAR 690 0 0.583813 0.416187 
 ----> 1.3#6.6#44.0#54.0#VAR 691 0 0.600327 0.399673 
 ----> 1.3#6.6#44.0#54.0#VAR 692 0 0.584385 0.415615 
 ----> 1.3#6.6#44.0#54.0#VAR 693 1 0.583917 0.416083 
 ----> 1.3#6.6#44.0#54.0#VAR 694 0 0.612384 0.387616 
 ----> 1.3#6.6#44.0#54.0#VAR 695 1 0.616619 0.383381 
 ----> 1.3#6.6#44.0#54.0#VAR 696 0 0.61586 0.38414 
 ----> 1.3#6.6#44.0#54.0#VAR 697 1 0.597705 0.402295 
 ----> 1.3#6.6#44.0#54.0#VAR 698 1 0.60721 0.39279 
 ----> 1.3#6.6#44.0#54.0#VAR 699 0 0.590441 0.409559 
 ----> 1.3#6.6#44.0#54.0#VAR 700 1 0.572229 0.427771 
 ----> 1.3#6.6#44.0#54.0#VAR 701 0 0.588036 0.411964 
 ----> 1.3#6.6#44.0#54.0#VAR 702 1 0.582602 0.417398 
 ----> 1.3#6.6#44.0#54.0#VAR 703 1 0.597945 0.402055 
 ----> 1.3#6.6#44.0#54.0#VAR 704 1 0.576662 0.423338 
 ----> 1.3#6.6#44.0#54.0#VAR 705 0 0.597976 0.402024 
 ----> 1.3#6.6#44.0#54.0#VAR 706 1 0.585016 0.414984 
 ----> 1.3#6.6#44.0#54.0#VAR 707 1 0.580346 0.419654 
 ----> 1.3#6.6#44.0#54.0#VAR 708 0 0.609455 0.390545 
 ----> 1.3#6.6#44.0#54.0#VAR 709 0 0.618683 0.381317 
 ----> 1.3#6.6#44.0#54.0#VAR 710 0 0.599166 0.400834 
 ----> 1.3#6.6#44.0#54.0#VAR 711 1 0.598212 0.401788 
 ----> 1.3#6.6#44.0#54.0#VAR 712 0 0.595728 0.404272 
 ----> 1.3#6.6#44.0#54.0#VAR 713 0 0.620361 0.379639 
 ----> 1.3#6.6#44.0#54.0#VAR 714 1 0.574847 0.425153 
 ----> 1.3#6.6#44.0#54.0#VAR 715 1 0.616491 0.383509 
 ----> 1.3#6.6#44.0#54.0#VAR 716 0 0.559415 0.440585 
 ----> 1.3#6.6#44.0#54.0#VAR 717 0 0.578366 0.421634 
 ----> 1.3#6.6#44.0#54.0#VAR 718 1 0.587959 0.412041 
 ----> 1.3#6.6#44.0#54.0#VAR 719 0 0.607836 0.392164 
 ----> 1.3#6.6#44.0#54.0#VAR 720 1 0.564348 0.435652 
 ----> 1.3#6.6#44.0#54.0#VAR 721 0 0.600279 0.399721 
 ----> 1.3#6.6#44.0#54.0#VAR 722 1 0.57246 0.42754 
 ----> 1.3#6.6#44.0#54.0#VAR 723 0 0.600976 0.399024 
 ----> 1.3#6.6#44.0#54.0#VAR 724 0 0.609785 0.390215 
 ----> 1.3#6.6#44.0#54.0#VAR 725 0 0.598364 0.401636 
 ----> 1.3#6.6#44.0#54.0#VAR 726 1 0.584592 0.415408 
 ----> 1.3#6.6#44.0#54.0#VAR 727 1 0.604305 0.395695 
 ----> 1.3#6.6#44.0#54.0#VAR 728 1 0.574692 0.425308 
 ----> 1.3#6.6#44.0#54.0#VAR 729 0 0.614086 0.385914 
 ----> 1.3#6.6#44.0#54.0#VAR 730 0 0.592826 0.407174 
 ----> 1.3#6.6#44.0#54.0#VAR 731 1 0.583039 0.416961 
 ----> 1.3#6.6#44.0#54.0#VAR 732 1 0.589581 0.410419 
 ----> 1.3#6.6#44.0#54.0#VAR 733 0 0.593802 0.406198 
 ----> 1.3#6.6#44.0#54.0#VAR 734 0 0.58313 0.41687 
 ----> 1.3#6.6#44.0#54.0#VAR 735 1 0.583634 0.416366 
 ----> 1.3#6.6#44.0#54.0#VAR 736 1 0.580762 0.419238 
 ----> 1.3#6.6#44.0#54.0#VAR 737 1 0.572285 0.427715 
 ----> 1.3#6.6#44.0#54.0#VAR 738 1 0.580932 0.419068 
 ----> 1.3#6.6#44.0#54.0#VAR 739 1 0.588248 0.411752 
 ----> 1.3#6.6#44.0#54.0#VAR 740 1 0.564219 0.435781 
 ----> 1.3#6.6#44.0#54.0#VAR 741 1 0.582553 0.417447 
 ----> 1.3#6.6#44.0#54.0#VAR 742 1 0.573243 0.426757 
 ----> 1.3#6.6#44.0#54.0#VAR 743 1 0.602889 0.397111 
 ----> 1.3#6.6#44.0#54.0#VAR 744 0 0.630828 0.369172 
 ----> 1.3#6.6#44.0#54.0#VAR 745 1 0.583623 0.416377 
 ----> 1.3#6.6#44.0#54.0#VAR 746 0 0.609636 0.390364 
 ----> 1.3#6.6#44.0#54.0#VAR 747 1 0.56831 0.43169 
 ----> 1.3#6.6#44.0#54.0#VAR 748 0 0.584692 0.415308 
 ----> 1.3#6.6#44.0#54.0#VAR 749 1 0.586142 0.413858 
 ----> 1.3#6.6#44.0#54.0#VAR 750 1 0.592774 0.407226 
 ----> 1.3#6.6#44.0#54.0#VAR 751 0 0.594068 0.405932 
 ----> 1.3#6.6#44.0#54.0#VAR 752 1 0.575789 0.424211 
 ----> 1.3#6.6#44.0#54.0#VAR 753 0 0.580827 0.419173 
 ----> 1.3#6.6#44.0#54.0#VAR 754 1 0.579673 0.420327 
 ----> 1.3#6.6#44.0#54.0#VAR 755 0 0.591993 0.408007 
 ----> 1.3#6.6#44.0#54.0#VAR 756 1 0.570644 0.429356 
 ----> 1.3#6.6#44.0#54.0#VAR 757 0 0.618418 0.381582 
 ----> 1.3#6.6#44.0#54.0#VAR 758 0 0.608184 0.391816 
 ----> 1.3#6.6#44.0#54.0#VAR 759 0 0.596654 0.403346 
 ----> 1.3#6.6#44.0#54.0#VAR 760 0 0.598396 0.401604 
 ----> 1.3#6.6#44.0#54.0#VAR 761 1 0.574076 0.425924 
 ----> 1.3#6.6#44.0#54.0#VAR 762 0 0.588877 0.411123 
 ----> 1.3#6.6#44.0#54.0#VAR 763 0 0.590862 0.409138 
 ----> 1.3#6.6#44.0#54.0#VAR 764 1 0.569574 0.430426 
 ----> 1.3#6.6#44.0#54.0#VAR 765 1 0.573581 0.426419 
 ----> 1.3#6.6#44.0#54.0#VAR 766 0 0.585856 0.414144 
 ----> 1.3#6.6#44.0#54.0#VAR 767 0 0.597254 0.402746 
 ----> 1.3#6.6#44.0#54.0#VAR 768 0 0.618504 0.381496 
 ----> 1.3#6.6#44.0#54.0#VAR 769 1 0.581142 0.418858 
 ----> 1.3#6.6#44.0#54.0#VAR 770 0 0.598456 0.401544 
 ----> 1.3#6.6#44.0#54.0#VAR 771 0 0.60936 0.39064 
 ----> 1.3#6.6#44.0#54.0#VAR 772 1 0.62097 0.37903 
 ----> 1.3#6.6#44.0#54.0#VAR 773 1 0.576929 0.423071 
 ----> 1.3#6.6#44.0#54.0#VAR 774 0 0.607914 0.392086 
 ----> 1.3#6.6#44.0#54.0#VAR 775 1 0.585529 0.414471 
 ----> 1.3#6.6#44.0#54.0#VAR 776 1 0.563123 0.436877 
 ----> 1.3#6.6#44.0#54.0#VAR 777 0 0.629681 0.370319 
 ----> 1.3#6.6#44.0#54.0#VAR 778 0 0.592527 0.407473 
 ----> 1.3#6.6#44.0#54.0#VAR 779 1 0.572526 0.427474 
 ----> 1.3#6.6#44.0#54.0#VAR 780 0 0.61223 0.38777 
 ----> 1.3#6.6#44.0#54.0#VAR 781 1 0.579992 0.420008 
 ----> 1.3#6.6#44.0#54.0#VAR 782 0 0.605809 0.394191 
 ----> 1.3#6.6#44.0#54.0#VAR 783 1 0.565755 0.434245 
 ----> 1.3#6.6#44.0#54.0#VAR 784 1 0.590172 0.409828 
 ----> 1.3#6.6#44.0#54.0#VAR 785 0 0.595413 0.404587 
 ----> 1.3#6.6#44.0#54.0#VAR 786 0 0.603089 0.396911 
 ----> 1.3#6.6#44.0#54.0#VAR 787 1 0.552012 0.447988 
 ----> 1.3#6.6#44.0#54.0#VAR 788 1 0.582726 0.417274 
 ----> 1.3#6.6#44.0#54.0#VAR 789 1 0.5741 0.4259 
 ----> 1.3#6.6#44.0#54.0#VAR 790 1 0.599319 0.400681 
 ----> 1.3#6.6#44.0#54.0#VAR 791 0 0.60111 0.39889 
 ----> 1.3#6.6#44.0#54.0#VAR 792 1 0.61162 0.38838 
 ----> 1.3#6.6#44.0#54.0#VAR 793 0 0.580484 0.419516 
 ----> 1.3#6.6#44.0#54.0#VAR 794 0 0.615087 0.384913 
 ----> 1.3#6.6#44.0#54.0#VAR 795 0 0.590955 0.409045 
 ----> 1.3#6.6#44.0#54.0#VAR 796 1 0.591368 0.408632 
 ----> 1.3#6.6#44.0#54.0#VAR 797 0 0.604308 0.395692 
 ----> 1.3#6.6#44.0#54.0#VAR 798 1 0.569595 0.430405 
 ----> 1.3#6.6#44.0#54.0#VAR 799 1 0.554187 0.445813 
 ----> 1.3#6.6#44.0#54.0#VAR 800 1 0.576822 0.423178 
 ----> 1.3#6.6#44.0#54.0#VAR 801 1 0.582715 0.417285 
 ----> 1.3#6.6#44.0#54.0#VAR 802 0 0.584703 0.415297 
 ----> 1.3#6.6#44.0#54.0#VAR 803 0 0.59376 0.40624 
 ----> 1.3#6.6#44.0#54.0#VAR 804 1 0.581102 0.418898 
 ----> 1.3#6.6#44.0#54.0#VAR 805 1 0.569693 0.430307 
 ----> 1.3#6.6#44.0#54.0#VAR 806 0 0.592261 0.407739 
 ----> 1.3#6.6#44.0#54.0#VAR 807 1 0.573883 0.426117 
 ----> 1.3#6.6#44.0#54.0#VAR 808 1 0.546617 0.453383 
 ----> 1.3#6.6#44.0#54.0#VAR 809 0 0.575913 0.424087 
 ----> 1.3#6.6#44.0#54.0#VAR 810 0 0.586408 0.413592 
 ----> 1.3#6.6#44.0#54.0#VAR 811 1 0.573449 0.426551 
 ----> 1.3#6.6#44.0#54.0#VAR 812 1 0.558791 0.441209 
 ----> 1.3#6.6#44.0#54.0#VAR 813 1 0.573289 0.426711 
 ----> 1.3#6.6#44.0#54.0#VAR 814 1 0.56519 0.43481 
 ----> 1.3#6.6#44.0#54.0#VAR 815 1 0.575058 0.424942 
 ----> 1.3#6.6#44.0#54.0#VAR 816 1 0.566234 0.433766 
 ----> 1.3#6.6#44.0#54.0#VAR 817 1 0.586503 0.413497 
 ----> 1.3#6.6#44.0#54.0#VAR 818 1 0.591882 0.408118 
 ----> 1.3#6.6#44.0#54.0#VAR 819 1 0.568122 0.431878 
 ----> 1.3#6.6#44.0#54.0#VAR 820 0 0.617457 0.382543 
 ----> 1.3#6.6#44.0#54.0#VAR 821 0 0.555039 0.444961 
 ----> 1.3#6.6#44.0#54.0#VAR 822 1 0.543702 0.456298 
 ----> 1.3#6.6#44.0#54.0#VAR 823 1 0.599943 0.400057 
 ----> 1.3#6.6#44.0#54.0#VAR 824 1 0.575429 0.424571 
 ----> 1.3#6.6#44.0#54.0#VAR 825 1 0.567305 0.432695 
 ----> 1.3#6.6#44.0#54.0#VAR 826 1 0.556422 0.443578 
 ----> 1.3#6.6#44.0#54.0#VAR 827 1 0.5658 0.4342 
 ----> 1.3#6.6#44.0#54.0#VAR 828 0 0.581028 0.418972 
 ----> 1.3#6.6#44.0#54.0#VAR 829 1 0.569838 0.430162 
 ----> 1.3#6.6#44.0#54.0#VAR 830 1 0.564836 0.435164 
 ----> 1.3#6.6#44.0#54.0#VAR 831 1 0.566328 0.433672 
 ----> 1.3#6.6#44.0#54.0#VAR 832 1 0.550409 0.449591 
 ----> 1.3#6.6#44.0#54.0#VAR 833 0 0.566586 0.433414 
 ----> 1.3#6.6#44.0#54.0#VAR 834 0 0.591909 0.408091 
 ----> 1.3#6.6#44.0#54.0#VAR 835 1 0.568216 0.431784 
 ----> 1.3#6.6#44.0#54.0#VAR 836 1 0.558576 0.441424 
 ----> 1.3#6.6#44.0#54.0#VAR 837 1 0.556542 0.443458 
 ----> 1.3#6.6#44.0#54.0#VAR 838 0 0.571114 0.428886 
 ----> 1.3#6.6#44.0#54.0#VAR 839 0 0.601289 0.398711 
 ----> 1.3#6.6#44.0#54.0#VAR 840 1 0.580411 0.419589 
 ----> 1.3#6.6#44.0#54.0#VAR 841 0 0.583985 0.416015 
 ----> 1.3#6.6#44.0#54.0#VAR 842 1 0.561978 0.438022 
 ----> 1.3#6.6#44.0#54.0#VAR 843 1 0.55118 0.44882 
 ----> 1.3#6.6#44.0#54.0#VAR 844 0 0.573166 0.426834 
 ----> 1.3#6.6#44.0#54.0#VAR 845 1 0.575987 0.424013 
 ----> 1.3#6.6#44.0#54.0#VAR 846 1 0.552528 0.447472 
 ----> 1.3#6.6#44.0#54.0#VAR 847 1 0.573314 0.426686 
 ----> 1.3#6.6#44.0#54.0#VAR 848 1 0.579757 0.420243 
 ----> 1.3#6.6#44.0#54.0#VAR 849 0 0.5721 0.4279 
 ----> 1.3#6.6#44.0#54.0#VAR 850 0 0.588987 0.411013 
 ----> 1.3#6.6#44.0#54.0#VAR 851 0 0.579351 0.420649 
 ----> 1.3#6.6#44.0#54.0#VAR 852 1 0.574425 0.425575 
 ----> 1.3#6.6#44.0#54.0#VAR 853 0 0.584876 0.415124 
 ----> 1.3#6.6#44.0#54.0#VAR 854 1 0.563193 0.436807 
 ----> 1.3#6.6#44.0#54.0#VAR 855 1 0.572027 0.427973 
 ----> 1.3#6.6#44.0#54.0#VAR 856 1 0.563754 0.436246 
 ----> 1.3#6.6#44.0#54.0#VAR 857 0 0.574866 0.425134 
 ----> 1.3#6.6#44.0#54.0#VAR 858 1 0.564709 0.435291 
 ----> 1.3#6.6#44.0#54.0#VAR 859 1 0.563683 0.436317 
 ----> 1.3#6.6#44.0#54.0#VAR 860 0 0.564516 0.435484 
 ----> 1.3#6.6#44.0#54.0#VAR 861 0 0.566479 0.433521 
 ----> 1.3#6.6#44.0#54.0#VAR 862 0 0.569693 0.430307 
 ----> 1.3#6.6#44.0#54.0#VAR 863 0 0.577825 0.422175 
 ----> 1.3#6.6#44.0#54.0#VAR 864 0 0.565632 0.434368 
 ----> 1.3#6.6#44.0#54.0#VAR 865 1 0.570408 0.429592 
 ----> 1.3#6.6#44.0#54.0#VAR 866 0 0.560152 0.439848 
 ----> 1.3#6.6#44.0#54.0#VAR 867 0 0.573217 0.426783 
 ----> 1.3#6.6#44.0#54.0#VAR 868 0 0.582121 0.417879 
 ----> 1.3#6.6#44.0#54.0#VAR 869 0 0.546727 0.453273 
 ----> 1.3#6.6#44.0#54.0#VAR 870 1 0.546683 0.453317 
 ----> 1.3#6.6#44.0#54.0#VAR 871 0 0.560792 0.439208 
 ----> 1.3#6.6#44.0#54.0#VAR 872 0 0.546504 0.453496 
 ----> 1.3#6.6#44.0#54.0#VAR 873 1 0.567603 0.432397 
 ----> 1.3#6.6#44.0#54.0#VAR 874 1 0.553551 0.446449 
 ----> 1.3#6.6#44.0#54.0#VAR 875 1 0.557083 0.442917 
 ----> 1.3#6.6#44.0#54.0#VAR 876 0 0.57176 0.42824 
 ----> 1.3#6.6#44.0#54.0#VAR 877 1 0.559391 0.440609 
 ----> 1.3#6.6#44.0#54.0#VAR 878 1 0.55032 0.44968 
 ----> 1.3#6.6#44.0#54.0#VAR 879 1 0.548788 0.451212 
 ----> 1.3#6.6#44.0#54.0#VAR 880 1 0.535616 0.464384 
 ----> 1.3#6.6#44.0#54.0#VAR 881 1 0.553332 0.446668 
 ----> 1.3#6.6#44.0#54.0#VAR 882 1 0.561544 0.438456 
 ----> 1.3#6.6#44.0#54.0#VAR 883 0 0.583499 0.416501 
 ----> 1.3#6.6#44.0#54.0#VAR 884 1 0.551347 0.448653 
 ----> 1.3#6.6#44.0#54.0#VAR 885 1 0.542655 0.457345 
 ----> 1.3#6.6#44.0#54.0#VAR 886 1 0.52691 0.47309 
 ----> 1.3#6.6#44.0#54.0#VAR 887 0 0.567654 0.432346 
 ----> 1.3#6.6#44.0#54.0#VAR 888 0 0.594267 0.405733 
 ----> 1.3#6.6#44.0#54.0#VAR 889 0 0.535553 0.464447 
 ----> 1.3#6.6#44.0#54.0#VAR 890 0 0.566437 0.433563 
 ----> 1.3#6.6#44.0#54.0#VAR 891 1 0.542487 0.457513 
 ----> 1.3#6.6#44.0#54.0#VAR 892 0 0.538819 0.461181 
 ----> 1.3#6.6#44.0#54.0#VAR 893 1 0.510962 0.489038 
 ----> 1.3#6.6#44.0#54.0#VAR 894 0 0.554249 0.445751 
 ----> 1.3#6.6#44.0#54.0#VAR 895 0 0.555068 0.444932 
 ----> 1.3#6.6#44.0#54.0#VAR 896 1 0.533783 0.466217 
 ----> 1.3#6.6#44.0#54.0#VAR 897 1 0.546929 0.453071 
 ----> 1.3#6.6#44.0#54.0#VAR 898 1 0.526791 0.473209 
 ----> 1.3#6.6#44.0#54.0#VAR 899 0 0.535332 0.464668 
 ----> 1.3#6.6#44.0#54.0#VAR 900 1 0.509323 0.490677 
 ----> 1.3#6.6#44.0#54.0#VAR 901 0 0.543261 0.456739 
 ----> 1.3#6.6#44.0#54.0#VAR 902 0 0.565257 0.434743 
 ----> 1.3#6.6#44.0#54.0#VAR 903 1 0.531517 0.468483 
 ----> 1.3#6.6#44.0#54.0#VAR 904 1 0.532895 0.467105 
 ----> 1.3#6.6#44.0#54.0#VAR 905 1 0.526102 0.473898 
 ----> 1.3#6.6#44.0#54.0#VAR 906 0 0.560024 0.439976 
 ----> 1.3#6.6#44.0#54.0#VAR 907 1 0.504638 0.495362 
 ----> 1.3#6.6#44.0#54.0#VAR 908 1 0.523312 0.476688 
 ----> 1.3#6.6#44.0#54.0#VAR 909 1 0.516048 0.483952 
 ----> 1.3#6.6#44.0#54.0#VAR 910 1 0.512847 0.487153 
 ----> 1.3#6.6#44.0#54.0#VAR 911 1 0.519827 0.480173 
 ----> 1.3#6.6#44.0#54.0#VAR 912 1 0.533347 0.466653 
 ----> 1.3#6.6#44.0#54.0#VAR 913 1 0.499554 0.500446 
 ----> 1.3#6.6#44.0#54.0#VAR 914 1 0.521246 0.478754 
 ----> 1.3#6.6#44.0#54.0#VAR 915 1 0.520946 0.479054 
 ----> 1.3#6.6#44.0#54.0#VAR 916 0 0.541007 0.458993 
 ----> 1.3#6.6#44.0#54.0#VAR 917 1 0.483206 0.516794 
 ----> 1.3#6.6#44.0#54.0#VAR 918 1 0.537772 0.462228 
 ----> 1.3#6.6#44.0#54.0#VAR 919 1 0.505755 0.494245 
 ----> 1.3#6.6#44.0#54.0#VAR 920 1 0.508966 0.491034 
 ----> 1.3#6.6#44.0#54.0#VAR 921 1 0.504824 0.495176 
 ----> 1.3#6.6#44.0#54.0#VAR 922 1 0.529041 0.470959 
 ----> 1.3#6.6#44.0#54.0#VAR 923 1 0.531168 0.468832 
 ----> 1.3#6.6#44.0#54.0#VAR 924 1 0.508245 0.491755 
 ----> 1.3#6.6#44.0#54.0#VAR 925 1 0.508646 0.491354 
 ----> 1.3#6.6#44.0#54.0#VAR 926 1 0.51553 0.48447 
 ----> 1.3#6.6#44.0#54.0#VAR 927 1 0.525255 0.474745 
 ----> 1.3#6.6#44.0#54.0#VAR 928 1 0.501644 0.498356 
 ----> 1.3#6.6#44.0#54.0#VAR 929 1 0.510662 0.489338 
 ----> 1.3#6.6#44.0#54.0#VAR 930 1 0.524674 0.475326 
 ----> 1.3#6.6#44.0#54.0#VAR 931 1 0.50448 0.49552 
 ----> 1.3#6.6#44.0#54.0#VAR 932 1 0.516949 0.483051 
 ----> 1.3#6.6#44.0#54.0#VAR 933 1 0.503342 0.496658 
 ----> 1.3#6.6#44.0#54.0#VAR 934 1 0.504768 0.495232 
 ----> 1.3#6.6#44.0#54.0#VAR 935 1 0.525403 0.474597 
 ----> 1.3#6.6#44.0#54.0#VAR 936 1 0.522544 0.477456 
 ----> 1.3#6.6#44.0#54.0#VAR 937 1 0.521006 0.478994 
 ----> 1.3#6.6#44.0#54.0#VAR 938 1 0.524166 0.475834 
 ----> 1.3#6.6#44.0#54.0#VAR 939 1 0.486985 0.513015 
 ----> 1.3#6.6#44.0#54.0#VAR 940 1 0.53478 0.46522 
 ----> 1.3#6.6#44.0#54.0#VAR 941 1 0.505109 0.494891 
 ----> 1.3#6.6#44.0#54.0#VAR 942 1 0.518496 0.481504 
 ----> 1.3#6.6#44.0#54.0#VAR 943 1 0.520399 0.479601 
 ----> 1.3#6.6#44.0#54.0#VAR 944 1 0.52457 0.47543 
 ----> 1.3#6.6#44.0#54.0#VAR 945 0 0.51173 0.48827 
 ----> 1.3#6.6#44.0#54.0#VAR 946 1 0.504897 0.495103 
 ----> 1.3#6.6#44.0#54.0#VAR 947 1 0.517578 0.482422 
 ----> 1.3#6.6#44.0#54.0#VAR 948 1 0.490507 0.509493 
 ----> 1.3#6.6#44.0#54.0#VAR 949 0 0.524262 0.475738 
 ----> 1.3#6.6#44.0#54.0#VAR 950 0 0.514521 0.485479 
 ----> 1.3#6.6#44.0#54.0#VAR 951 1 0.50484 0.49516 
 ----> 1.3#6.6#44.0#54.0#VAR 952 1 0.523936 0.476064 
 ----> 1.3#6.6#44.0#54.0#VAR 953 1 0.498151 0.501849 
 ----> 1.3#6.6#44.0#54.0#VAR 954 1 0.470094 0.529906 
 ----> 1.3#6.6#44.0#54.0#VAR 955 0 0.533843 0.466157 
 ----> 1.3#6.6#44.0#54.0#VAR 956 1 0.543436 0.456564 
 ----> 1.3#6.6#44.0#54.0#VAR 957 0 0.514986 0.485014 
 ----> 1.3#6.6#44.0#54.0#VAR 958 0 0.542118 0.457882 
 ----> 1.3#6.6#44.0#54.0#VAR 959 1 0.529354 0.470646 
 ----> 1.3#6.6#44.0#54.0#VAR 960 1 0.542443 0.457557 
 ----> 1.3#6.6#44.0#54.0#VAR 961 0 0.524891 0.475109 
 ----> 1.3#6.6#44.0#54.0#VAR 962 1 0.525451 0.474549 
 ----> 1.3#6.6#44.0#54.0#VAR 963 0 0.545425 0.454575 
 ----> 1.3#6.6#44.0#54.0#VAR 964 1 0.531731 0.468269 
 ----> 1.3#6.6#44.0#54.0#VAR 965 0 0.521411 0.478589 
 ----> 1.3#6.6#44.0#54.0#VAR 966 0 0.564521 0.435479 
 ----> 1.3#6.6#44.0#54.0#VAR 967 1 0.519043 0.480957 
 ----> 1.3#6.6#44.0#54.0#VAR 968 0 0.548125 0.451875 
 ----> 1.3#6.6#44.0#54.0#VAR 969 0 0.560844 0.439156 
 ----> 1.3#6.6#44.0#54.0#VAR 970 1 0.54835 0.45165 
 ----> 1.3#6.6#44.0#54.0#VAR 971 1 0.541706 0.458294 
 ----> 1.3#6.6#44.0#54.0#VAR 972 1 0.50156 0.49844 
 ----> 1.3#6.6#44.0#54.0#VAR 973 0 0.544814 0.455186 
 ----> 1.3#6.6#44.0#54.0#VAR 974 1 0.524501 0.475499 
 ----> 1.3#6.6#44.0#54.0#VAR 975 1 0.528855 0.471145 
 ----> 1.3#6.6#44.0#54.0#VAR 976 0 0.583103 0.416897 
 ----> 1.3#6.6#44.0#54.0#VAR 977 1 0.540095 0.459905 
 ----> 1.3#6.6#44.0#54.0#VAR 978 0 0.555733 0.444267 
 ----> 1.3#6.6#44.0#54.0#VAR 979 0 0.543938 0.456062 
 ----> 1.3#6.6#44.0#54.0#VAR 980 0 0.558513 0.441487 
 ----> 1.3#6.6#44.0#54.0#VAR 981 1 0.550227 0.449773 
 ----> 1.3#6.6#44.0#54.0#VAR 982 1 0.508898 0.491102 
 ----> 1.3#6.6#44.0#54.0#VAR 983 1 0.516896 0.483104 
 ----> 1.3#6.6#44.0#54.0#VAR 984 0 0.553283 0.446717 
 ----> 1.3#6.6#44.0#54.0#VAR 985 0 0.547646 0.452354 
 ----> 1.3#6.6#44.0#54.0#VAR 986 0 0.563187 0.436813 
 ----> 1.3#6.6#44.0#54.0#VAR 987 1 0.523976 0.476024 
 ----> 1.3#6.6#44.0#54.0#VAR 988 1 0.528664 0.471336 
 ----> 1.3#6.6#44.0#54.0#VAR 989 1 0.557601 0.442399 
 ----> 1.3#6.6#44.0#54.0#VAR 990 1 0.537195 0.462805 
 ----> 1.3#6.6#44.0#54.0#VAR 991 0 0.571005 0.428995 
 ----> 1.3#6.6#44.0#54.0#VAR 992 0 0.557573 0.442427 
 ----> 1.3#6.6#44.0#54.0#VAR 993 0 0.558552 0.441448 
 ----> 1.3#6.6#44.0#54.0#VAR 994 1 0.549984 0.450016 
 ----> 1.3#6.6#44.0#54.0#VAR 995 0 0.563102 0.436898 
 ----> 1.3#6.6#44.0#54.0#VAR 996 1 0.535077 0.464923 
 ----> 1.3#6.6#44.0#54.0#VAR 997 1 0.541043 0.458957 
 ----> 1.3#6.6#44.0#54.0#VAR 998 0 0.558701 0.441299 
 ----> 1.3#6.6#44.0#54.0#VAR 999 0 0.56212 0.43788 
 ----> 1.3#6.6#44.0#54.0#VAR 1000 1 0.56366 0.43634 
 ----> 1.3#6.6#44.0#54.0#VAR 1001 1 0.542468 0.457532 
 ----> 1.3#6.6#44.0#54.0#VAR 1002 0 0.56255 0.43745 
 ----> 1.3#6.6#44.0#54.0#VAR 1003 1 0.54962 0.45038 
 ----> 1.3#6.6#44.0#54.0#VAR 1004 0 0.587009 0.412991 
 ----> 1.3#6.6#44.0#54.0#VAR 1005 1 0.559306 0.440694 
 ----> 1.3#6.6#44.0#54.0#VAR 1006 0 0.555316 0.444684 
 ----> 1.3#6.6#44.0#54.0#VAR 1007 1 0.547177 0.452823 
 ----> 1.3#6.6#44.0#54.0#VAR 1008 0 0.545772 0.454228 
 ----> 1.3#6.6#44.0#54.0#VAR 1009 0 0.567069 0.432931 
 ----> 1.3#6.6#44.0#54.0#VAR 1010 1 0.560082 0.439918 
 ----> 1.3#6.6#44.0#54.0#VAR 1011 0 0.588673 0.411327 
 ----> 1.3#6.6#44.0#54.0#VAR 1012 0 0.544693 0.455307 
 ----> 1.3#6.6#44.0#54.0#VAR 1013 0 0.571282 0.428718 
 ----> 1.3#6.6#44.0#54.0#VAR 1014 1 0.54508 0.45492 
 ----> 1.3#6.6#44.0#54.0#VAR 1015 0 0.565149 0.434851 
 ----> 1.3#6.6#44.0#54.0#VAR 1016 1 0.529133 0.470867 
 ----> 1.3#6.6#44.0#54.0#VAR 1017 1 0.552377 0.447623 
 ----> 1.3#6.6#44.0#54.0#VAR 1018 1 0.555145 0.444855 
 ----> 1.3#6.6#44.0#54.0#VAR 1019 1 0.554291 0.445709 
 ----> 1.3#6.6#44.0#54.0#VAR 1020 1 0.520987 0.479013 
 ----> 1.3#6.6#44.0#54.0#VAR 1021 1 0.531814 0.468186 
 ----> 1.3#6.6#44.0#54.0#VAR 1022 1 0.554107 0.445893 
 ----> 1.3#6.6#44.0#54.0#VAR 1023 1 0.536751 0.463249 
 ----> 1.3#6.6#44.0#54.0#VAR 1024 1 0.543175 0.456825 
 ----> 1.3#6.6#44.0#54.0#VAR 1025 1 0.545429 0.454571 
 ----> 1.3#6.6#44.0#54.0#VAR 1026 0 0.548279 0.451721 
 ----> 1.3#6.6#44.0#54.0#VAR 1027 0 0.547938 0.452062 
 ----> 1.3#6.6#44.0#54.0#VAR 1028 1 0.515838 0.484162 
 ----> 1.3#6.6#44.0#54.0#VAR 1029 1 0.534641 0.465359 
 ----> 1.3#6.6#44.0#54.0#VAR 1030 1 0.55245 0.44755 
 ----> 1.3#6.6#44.0#54.0#VAR 1031 0 0.547538 0.452462 
 ----> 1.3#6.6#44.0#54.0#VAR 1032 1 0.543992 0.456008 
 ----> 1.3#6.6#44.0#54.0#VAR 1033 1 0.549443 0.450557 
 ----> 1.3#6.6#44.0#54.0#VAR 1034 1 0.542611 0.457389 
 ----> 1.3#6.6#44.0#54.0#VAR 1035 0 0.559901 0.440099 
 ----> 1.3#6.6#44.0#54.0#VAR 1036 1 0.513959 0.486041 
 ----> 1.3#6.6#44.0#54.0#VAR 1037 1 0.538096 0.461904 
 ----> 1.3#6.6#44.0#54.0#VAR 1038 0 0.562058 0.437942 
 ----> 1.3#6.6#44.0#54.0#VAR 1039 0 0.573606 0.426394 
 ----> 1.3#6.6#44.0#54.0#VAR 1040 0 0.527534 0.472466 
 ----> 1.3#6.6#44.0#54.0#VAR 1041 0 0.549211 0.450789 
 ----> 1.3#6.6#44.0#54.0#VAR 1042 0 0.540938 0.459062 
 ----> 1.3#6.6#44.0#54.0#VAR 1043 1 0.539806 0.460194 
 ----> 1.3#6.6#44.0#54.0#VAR 1044 1 0.52814 0.47186 
 ----> 1.3#6.6#44.0#54.0#VAR 1045 0 0.55094 0.44906 
 ----> 1.3#6.6#44.0#54.0#VAR 1046 1 0.533178 0.466822 
 ----> 1.3#6.6#44.0#54.0#VAR 1047 1 0.516607 0.483393 
 ----> 1.3#6.6#44.0#54.0#VAR 1048 0 0.554795 0.445205 
 ----> 1.3#6.6#44.0#54.0#VAR 1049 0 0.54927 0.45073 
 ----> 1.3#6.6#44.0#54.0#VAR 1050 0 0.563586 0.436414 
 ----> 1.3#6.6#44.0#54.0#VAR 1051 1 0.526141 0.473859 
 ----> 1.3#6.6#44.0#54.0#VAR 1052 1 0.532661 0.467339 
 ----> 1.3#6.6#44.0#54.0#VAR 1053 0 0.557111 0.442889 
 ----> 1.3#6.6#44.0#54.0#VAR 1054 0 0.563138 0.436862 
 ----> 1.3#6.6#44.0#54.0#VAR 1055 0 0.564375 0.435625 
 ----> 1.3#6.6#44.0#54.0#VAR 1056 1 0.532992 0.467008 
 ----> 1.3#6.6#44.0#54.0#VAR 1057 0 0.561627 0.438373 
 ----> 1.3#6.6#44.0#54.0#VAR 1058 1 0.545169 0.454831 
 ----> 1.3#6.6#44.0#54.0#VAR 1059 1 0.54051 0.45949 
 ----> 1.3#6.6#44.0#54.0#VAR 1060 1 0.542739 0.457261 
 ----> 1.3#6.6#44.0#54.0#VAR 1061 0 0.553858 0.446142 
 ----> 1.3#6.6#44.0#54.0#VAR 1062 1 0.532309 0.467691 
 ----> 1.3#6.6#44.0#54.0#VAR 1063 0 0.550252 0.449748 
 ----> 1.3#6.6#44.0#54.0#VAR 1064 0 0.552483 0.447517 
 ----> 1.3#6.6#44.0#54.0#VAR 1065 0 0.547354 0.452646 
 ----> 1.3#6.6#44.0#54.0#VAR 1066 0 0.547801 0.452199 
 ----> 1.3#6.6#44.0#54.0#VAR 1067 0 0.557592 0.442408 
 ----> 1.3#6.6#44.0#54.0#VAR 1068 1 0.540272 0.459728 
 ----> 1.3#6.6#44.0#54.0#VAR 1069 1 0.532649 0.467351 
 ----> 1.3#6.6#44.0#54.0#VAR 1070 0 0.532697 0.467303 
 ----> 1.3#6.6#44.0#54.0#VAR 1071 1 0.539914 0.460086 
 ----> 1.3#6.6#44.0#54.0#VAR 1072 1 0.521035 0.478965 
 ----> 1.3#6.6#44.0#54.0#VAR 1073 0 0.542905 0.457095 
 ----> 1.3#6.6#44.0#54.0#VAR 1074 1 0.523708 0.476292 
 ----> 1.3#6.6#44.0#54.0#VAR 1075 1 0.515757 0.484243 
 ----> 1.3#6.6#44.0#54.0#VAR 1076 0 0.525274 0.474726 
 ----> 1.3#6.6#44.0#54.0#VAR 1077 1 0.53169 0.46831 
 ----> 1.3#6.6#44.0#54.0#VAR 1078 0 0.530728 0.469272 
 ----> 1.3#6.6#44.0#54.0#VAR 1079 1 0.515225 0.484775 
 ----> 1.3#6.6#44.0#54.0#VAR 1080 1 0.516494 0.483506 
 ----> 1.3#6.6#44.0#54.0#VAR 1081 0 0.565966 0.434034 
 ----> 1.3#6.6#44.0#54.0#VAR 1082 1 0.552799 0.447201 
 ----> 1.3#6.6#44.0#54.0#VAR 1083 0 0.573045 0.426955 
 ----> 1.3#6.6#44.0#54.0#VAR 1084 0 0.551219 0.448781 
 ----> 1.3#6.6#44.0#54.0#VAR 1085 1 0.545351 0.454649 
 ----> 1.3#6.6#44.0#54.0#VAR 1086 0 0.572464 0.427536 
 ----> 1.3#6.6#44.0#54.0#VAR 1087 0 0.557739 0.442261 
 ----> 1.3#6.6#44.0#54.0#VAR 1088 0 0.552623 0.447377 
 ----> 1.3#6.6#44.0#54.0#VAR 1089 0 0.560149 0.439851 
 ----> 1.3#6.6#44.0#54.0#VAR 1090 1 0.54379 0.45621 
 ----> 1.3#6.6#44.0#54.0#VAR 1091 0 0.588261 0.411739 
 ----> 1.3#6.6#44.0#54.0#VAR 1092 0 0.569975 0.430025 
 ----> 1.3#6.6#44.0#54.0#VAR 1093 0 0.57193 0.42807 
 ----> 1.3#6.6#44.0#54.0#VAR 1094 1 0.568194 0.431806 
 ----> 1.3#6.6#44.0#54.0#VAR 1095 0 0.559084 0.440916 
 ----> 1.3#6.6#44.0#54.0#VAR 1096 0 0.561238 0.438762 
 ----> 1.3#6.6#44.0#54.0#VAR 1097 0 0.595523 0.404477 
 ----> 1.3#6.6#44.0#54.0#VAR 1098 1 0.571586 0.428414 
 ----> 1.3#6.6#44.0#54.0#VAR 1099 0 0.570367 0.429633 
 ----> 1.3#6.6#44.0#54.0#VAR 1100 1 0.547682 0.452318 
 ----> 1.3#6.6#44.0#54.0#VAR 1101 1 0.5587 0.4413 
 ----> 1.3#6.6#44.0#54.0#VAR 1102 0 0.55529 0.44471 
 ----> 1.3#6.6#44.0#54.0#VAR 1103 1 0.531202 0.468798 
 ----> 1.3#6.6#44.0#54.0#VAR 1104 1 0.544229 0.455771 
 ----> 1.3#6.6#44.0#54.0#VAR 1105 0 0.574588 0.425412 
 ----> 1.3#6.6#44.0#54.0#VAR 1106 0 0.53528 0.46472 
 ----> 1.3#6.6#44.0#54.0#VAR 1107 0 0.56539 0.43461 
 ----> 1.3#6.6#44.0#54.0#VAR 1108 0 0.565844 0.434156 
 ----> 1.3#6.6#44.0#54.0#VAR 1109 0 0.562875 0.437125 
 ----> 1.3#6.6#44.0#54.0#VAR 1110 0 0.564033 0.435967 
 ----> 1.3#6.6#44.0#54.0#VAR 1111 0 0.562446 0.437554 
 ----> 1.3#6.6#44.0#54.0#VAR 1112 0 0.569615 0.430385 
 ----> 1.3#6.6#44.0#54.0#VAR 1113 0 0.571881 0.428119 
 ----> 1.3#6.6#44.0#54.0#VAR 1114 0 0.560962 0.439038 
 ----> 1.3#6.6#44.0#54.0#VAR 1115 1 0.561206 0.438794 
 ----> 1.3#6.6#44.0#54.0#VAR 1116 0 0.581289 0.418711 
 ----> 1.3#6.6#44.0#54.0#VAR 1117 0 0.576227 0.423773 
 ----> 1.3#6.6#44.0#54.0#VAR 1118 1 0.543923 0.456077 
 ----> 1.3#6.6#44.0#54.0#VAR 1119 0 0.595075 0.404925 
 ----> 1.3#6.6#44.0#54.0#VAR 1120 0 0.571149 0.428851 
 ----> 1.3#6.6#44.0#54.0#VAR 1121 0 0.582445 0.417555 
 ----> 1.3#6.6#44.0#54.0#VAR 1122 0 0.56169 0.43831 
 ----> 1.3#6.6#44.0#54.0#VAR 1123 0 0.565275 0.434725 
 ----> 1.3#6.6#44.0#54.0#VAR 1124 0 0.593779 0.406221 
 ----> 1.3#6.6#44.0#54.0#VAR 1125 0 0.588661 0.411339 
 ----> 1.3#6.6#44.0#54.0#VAR 1126 0 0.577331 0.422669 
 ----> 1.3#6.6#44.0#54.0#VAR 1127 0 0.609496 0.390504 
 ----> 1.3#6.6#44.0#54.0#VAR 1128 0 0.583787 0.416213 
 ----> 1.3#6.6#44.0#54.0#VAR 1129 0 0.572611 0.427389 
 ----> 1.3#6.6#44.0#54.0#VAR 1130 0 0.571918 0.428082 
 ----> 1.3#6.6#44.0#54.0#VAR 1131 1 0.524614 0.475386 
 ----> 1.3#6.6#44.0#54.0#VAR 1132 0 0.581472 0.418528 
 ----> 1.3#6.6#44.0#54.0#VAR 1133 0 0.583549 0.416451 
 ----> 1.3#6.6#44.0#54.0#VAR 1134 0 0.563664 0.436336 
 ----> 1.3#6.6#44.0#54.0#VAR 1135 1 0.546274 0.453726 
 ----> 1.3#6.6#44.0#54.0#VAR 1136 1 0.537759 0.462241 
 ----> 1.3#6.6#44.0#54.0#VAR 1137 1 0.555652 0.444348 
 ----> 1.3#6.6#44.0#54.0#VAR 1138 0 0.577987 0.422013 
 ----> 1.3#6.6#44.0#54.0#VAR 1139 0 0.568834 0.431166 
 ----> 1.3#6.6#44.0#54.0#VAR 1140 0 0.5958 0.4042 
 ----> 1.3#6.6#44.0#54.0#VAR 1141 0 0.580064 0.419936 
 ----> 1.3#6.6#44.0#54.0#VAR 1142 1 0.538395 0.461605 
 ----> 1.3#6.6#44.0#54.0#VAR 1143 1 0.550364 0.449636 
 ----> 1.3#6.6#44.0#54.0#VAR 1144 1 0.535445 0.464555 
 ----> 1.3#6.6#44.0#54.0#VAR 1145 1 0.551069 0.448931 
 ----> 1.3#6.6#44.0#54.0#VAR 1146 0 0.553712 0.446288 
 ----> 1.3#6.6#44.0#54.0#VAR 1147 1 0.526494 0.473506 
 ----> 1.3#6.6#44.0#54.0#VAR 1148 0 0.569459 0.430541 
 ----> 1.3#6.6#44.0#54.0#VAR 1149 0 0.551028 0.448972 
 ----> 1.3#6.6#44.0#54.0#VAR 1150 1 0.54239 0.45761 
 ----> 1.3#6.6#44.0#54.0#VAR 1151 1 0.563344 0.436656 
 ----> 1.3#6.6#44.0#54.0#VAR 1152 0 0.555777 0.444223 
 ----> 1.3#6.6#44.0#54.0#VAR 1153 1 0.55975 0.44025 
 ----> 1.3#6.6#44.0#54.0#VAR 1154 1 0.548236 0.451764 
 ----> 1.3#6.6#44.0#54.0#VAR 1155 1 0.55801 0.44199 
 ----> 1.3#6.6#44.0#54.0#VAR 1156 0 0.544903 0.455097 
 ----> 1.3#6.6#44.0#54.0#VAR 1157 0 0.56229 0.43771 
 ----> 1.3#6.6#44.0#54.0#VAR 1158 0 0.58415 0.41585 
 ----> 1.3#6.6#44.0#54.0#VAR 1159 0 0.598791 0.401209 
 ----> 1.3#6.6#44.0#54.0#VAR 1160 1 0.54518 0.45482 
 ----> 1.3#6.6#44.0#54.0#VAR 1161 0 0.557627 0.442373 
 ----> 1.3#6.6#44.0#54.0#VAR 1162 0 0.549287 0.450713 
 ----> 1.3#6.6#44.0#54.0#VAR 1163 1 0.531263 0.468737 
 ----> 1.3#6.6#44.0#54.0#VAR 1164 0 0.573488 0.426512 
 ----> 1.3#6.6#44.0#54.0#VAR 1165 0 0.567539 0.432461 
 ----> 1.3#6.6#44.0#54.0#VAR 1166 1 0.545843 0.454157 
 ----> 1.3#6.6#44.0#54.0#VAR 1167 0 0.535692 0.464308 
 ----> 1.3#6.6#44.0#54.0#VAR 1168 0 0.563344 0.436656 
 ----> 1.3#6.6#44.0#54.0#VAR 1169 0 0.5652 0.4348 
 ----> 1.3#6.6#44.0#54.0#VAR 1170 0 0.547684 0.452316 
 ----> 1.3#6.6#44.0#54.0#VAR 1171 1 0.535556 0.464444 
 ----> 1.3#6.6#44.0#54.0#VAR 1172 0 0.577573 0.422427 
 ----> 1.3#6.6#44.0#54.0#VAR 1173 1 0.553758 0.446242 
 ----> 1.3#6.6#44.0#54.0#VAR 1174 1 0.526259 0.473741 
 ----> 1.3#6.6#44.0#54.0#VAR 1175 0 0.560217 0.439783 
 ----> 1.3#6.6#44.0#54.0#VAR 1176 1 0.526424 0.473576 
 ----> 1.3#6.6#44.0#54.0#VAR 1177 1 0.525218 0.474782 
 ----> 1.3#6.6#44.0#54.0#VAR 1178 0 0.587264 0.412736 
 ----> 1.3#6.6#44.0#54.0#VAR 1179 1 0.530125 0.469875 
 ----> 1.3#6.6#44.0#54.0#VAR 1180 0 0.563526 0.436474 
 ----> 1.3#6.6#44.0#54.0#VAR 1181 0 0.583317 0.416683 
 ----> 1.3#6.6#44.0#54.0#VAR 1182 1 0.557235 0.442765 
 ----> 1.3#6.6#44.0#54.0#VAR 1183 0 0.557555 0.442445 
 ----> 1.3#6.6#44.0#54.0#VAR 1184 0 0.569617 0.430383 
 ----> 1.3#6.6#44.0#54.0#VAR 1185 1 0.539963 0.460037 
 ----> 1.3#6.6#44.0#54.0#VAR 1186 0 0.576216 0.423784 
 ----> 1.3#6.6#44.0#54.0#VAR 1187 0 0.576129 0.423871 
 ----> 1.3#6.6#44.0#54.0#VAR 1188 0 0.571754 0.428246 
 ----> 1.3#6.6#44.0#54.0#VAR 1189 0 0.576708 0.423292 
 ----> 1.3#6.6#44.0#54.0#VAR 1190 0 0.568642 0.431358 
 ----> 1.3#6.6#44.0#54.0#VAR 1191 0 0.583803 0.416197 
 ----> 1.3#6.6#44.0#54.0#VAR 1192 0 0.563099 0.436901 
 ----> 1.3#6.6#44.0#54.0#VAR 1193 0 0.546256 0.453744 
 ----> 1.3#6.6#44.0#54.0#VAR 1194 0 0.586174 0.413826 
 ----> 1.3#6.6#44.0#54.0#VAR 1195 0 0.55976 0.44024 
 ----> 1.3#6.6#44.0#54.0#VAR 1196 1 0.526173 0.473827 
 ----> 1.3#6.6#44.0#54.0#VAR 1197 1 0.536509 0.463491 
 ----> 1.3#6.6#44.0#54.0#VAR 1198 0 0.571766 0.428234 
 ----> 1.3#6.6#44.0#54.0#VAR 1199 0 0.560849 0.439151 
 ----> 1.3#6.6#44.0#54.0#VAR 1200 1 0.529618 0.470382 
 ----> 1.3#6.6#44.0#54.0#VAR 1201 0 0.562152 0.437848 
 ----> 1.3#6.6#44.0#54.0#VAR 1202 0 0.532665 0.467335 
 ----> 1.3#6.6#44.0#54.0#VAR 1203 0 0.539456 0.460544 
 ----> 1.3#6.6#44.0#54.0#VAR 1204 1 0.524952 0.475048 
 ----> 1.3#6.6#44.0#54.0#VAR 1205 1 0.537824 0.462176 
 ----> 1.3#6.6#44.0#54.0#VAR 1206 0 0.583321 0.416679 
 ----> 1.3#6.6#44.0#54.0#VAR 1207 1 0.55553 0.44447 
 ----> 1.3#6.6#44.0#54.0#VAR 1208 0 0.559267 0.440733 
 ----> 1.3#6.6#44.0#54.0#VAR 1209 1 0.56593 0.43407 
 ----> 1.3#6.6#44.0#54.0#VAR 1210 0 0.575484 0.424516 
 ----> 1.3#6.6#44.0#54.0#VAR 1211 1 0.552751 0.447249 
 ----> 1.3#6.6#44.0#54.0#VAR 1212 1 0.576841 0.423159 
 ----> 1.3#6.6#44.0#54.0#VAR 1213 0 0.608841 0.391159 
 ----> 1.3#6.6#44.0#54.0#VAR 1214 0 0.574761 0.425239 
 ----> 1.3#6.6#44.0#54.0#VAR 1215 0 0.558691 0.441309 
 ----> 1.3#6.6#44.0#54.0#VAR 1216 0 0.592318 0.407682 
 ----> 1.3#6.6#44.0#54.0#VAR 1217 0 0.582925 0.417075 
 ----> 1.3#6.6#44.0#54.0#VAR 1218 0 0.560093 0.439907 
 ----> 1.3#6.6#44.0#54.0#VAR 1219 0 0.595969 0.404031 
 ----> 1.3#6.6#44.0#54.0#VAR 1220 0 0.557941 0.442059 
 ----> 1.3#6.6#44.0#54.0#VAR 1221 0 0.548285 0.451715 
 ----> 1.3#6.6#44.0#54.0#VAR 1222 1 0.56372 0.43628 
 ----> 1.3#6.6#44.0#54.0#VAR 1223 1 0.552791 0.447209 
 ----> 1.3#6.6#44.0#54.0#VAR 1224 1 0.552955 0.447045 
 ----> 1.3#6.6#44.0#54.0#VAR 1225 0 0.578453 0.421547 
 ----> 1.3#6.6#44.0#54.0#VAR 1226 1 0.562154 0.437846 
 ----> 1.3#6.6#44.0#54.0#VAR 1227 1 0.561467 0.438533 
 ----> 1.3#6.6#44.0#54.0#VAR 1228 0 0.571705 0.428295 
 ----> 1.3#6.6#44.0#54.0#VAR 1229 0 0.569389 0.430611 
 ----> 1.3#6.6#44.0#54.0#VAR 1230 1 0.565376 0.434624 
 ----> 1.3#6.6#44.0#54.0#VAR 1231 1 0.575635 0.424365 
 ----> 1.3#6.6#44.0#54.0#VAR 1232 0 0.562926 0.437074 
 ----> 1.3#6.6#44.0#54.0#VAR 1233 0 0.565347 0.434653 
 ----> 1.3#6.6#44.0#54.0#VAR 1234 1 0.548073 0.451927 
 ----> 1.3#6.6#44.0#54.0#VAR 1235 1 0.553095 0.446905 
 ----> 1.3#6.6#44.0#54.0#VAR 1236 0 0.567213 0.432787 
 ----> 1.3#6.6#44.0#54.0#VAR 1237 0 0.561437 0.438563 
 ----> 1.3#6.6#44.0#54.0#VAR 1238 0 0.587935 0.412065 
 ----> 1.3#6.6#44.0#54.0#VAR 1239 1 0.561355 0.438645 
 ----> 1.3#6.6#44.0#54.0#VAR 1240 0 0.568245 0.431755 
 ----> 1.3#6.6#44.0#54.0#VAR 1241 0 0.579331 0.420669 
 ----> 1.3#6.6#44.0#54.0#VAR 1242 1 0.53457 0.46543 
 ----> 1.3#6.6#44.0#54.0#VAR 1243 0 0.552459 0.447541 
 ----> 1.3#6.6#44.0#54.0#VAR 1244 0 0.573278 0.426722 
 ----> 1.3#6.6#44.0#54.0#VAR 1245 0 0.592376 0.407624 
 ----> 1.3#6.6#44.0#54.0#VAR 1246 0 0.599612 0.400388 
 ----> 1.3#6.6#44.0#54.0#VAR 1247 0 0.585902 0.414098 
 ----> 1.3#6.6#44.0#54.0#VAR 1248 0 0.57607 0.42393 
 ----> 1.3#6.6#44.0#54.0#VAR 1249 0 0.581113 0.418887 
 ----> 1.3#6.6#44.0#54.0#VAR 1250 0 0.593761 0.406239 
 ----> 1.3#6.6#44.0#54.0#VAR 1251 0 0.634513 0.365487 
 ----> 1.3#6.6#44.0#54.0#VAR 1252 0 0.602147 0.397853 
 ----> 1.3#6.6#44.0#54.0#VAR 1253 0 0.56491 0.43509 
 ----> 1.3#6.6#44.0#54.0#VAR 1254 0 0.53366 0.46634 
 ----> 1.3#6.6#44.0#54.0#VAR 1255 0 0.563211 0.436789 
 ----> 1.3#6.6#44.0#54.0#VAR 1256 0 0.559149 0.440851 
 ----> 1.3#6.6#44.0#54.0#VAR 1257 1 0.553934 0.446066 
 ----> 1.3#6.6#44.0#54.0#VAR 1258 0 0.571575 0.428425 
 ----> 1.3#6.6#44.0#54.0#VAR 1259 1 0.568348 0.431652 
 ----> 1.3#6.6#44.0#54.0#VAR 1260 0 0.600886 0.399114 
 ----> 1.3#6.6#44.0#54.0#VAR 1261 0 0.571459 0.428541 
 ----> 1.3#6.6#44.0#54.0#VAR 1262 0 0.578011 0.421989 
 ----> 1.3#6.6#44.0#54.0#VAR 1263 1 0.563641 0.436359 
 ----> 1.3#6.6#44.0#54.0#VAR 1264 0 0.556705 0.443295 
 ----> 1.3#6.6#44.0#54.0#VAR 1265 1 0.531312 0.468688 
 ----> 1.3#6.6#44.0#54.0#VAR 1266 1 0.538316 0.461684 
 ----> 1.3#6.6#44.0#54.0#VAR 1267 1 0.530149 0.469851 
 ----> 1.3#6.6#44.0#54.0#VAR 1268 1 0.540338 0.459662 
 ----> 1.3#6.6#44.0#54.0#VAR 1269 1 0.559593 0.440407 
 ----> 1.3#6.6#44.0#54.0#VAR 1270 1 0.541478 0.458522 
 ----> 1.3#6.6#44.0#54.0#VAR 1271 1 0.545003 0.454997 
 ----> 1.3#6.6#44.0#54.0#VAR 1272 0 0.55704 0.44296 
 ----> 1.3#6.6#44.0#54.0#VAR 1273 1 0.535786 0.464214 
 ----> 1.3#6.6#44.0#54.0#VAR 1274 0 0.569802 0.430198 
 ----> 1.3#6.6#44.0#54.0#VAR 1275 0 0.555279 0.444721 
 ----> 1.3#6.6#44.0#54.0#VAR 1276 1 0.544812 0.455188 
 ----> 1.3#6.6#44.0#54.0#VAR 1277 1 0.54311 0.45689 
 ----> 1.3#6.6#44.0#54.0#VAR 1278 1 0.555737 0.444263 
 ----> 1.3#6.6#44.0#54.0#VAR 1279 0 0.583981 0.416019 
 ----> 1.3#6.6#44.0#54.0#VAR 1280 1 0.558558 0.441442 
 ----> 1.3#6.6#44.0#54.0#VAR 1281 0 0.576154 0.423846 
 ----> 1.3#6.6#44.0#54.0#VAR 1282 1 0.550302 0.449698 
 ----> 1.3#6.6#44.0#54.0#VAR 1283 0 0.575053 0.424947 
 ----> 1.3#6.6#44.0#54.0#VAR 1284 1 0.574614 0.425386 
 ----> 1.3#6.6#44.0#54.0#VAR 1285 1 0.553399 0.446601 
 ----> 1.3#6.6#44.0#54.0#VAR 1286 0 0.598074 0.401926 
 ----> 1.3#6.6#44.0#54.0#VAR 1287 1 0.564424 0.435576 
 ----> 1.3#6.6#44.0#54.0#VAR 1288 1 0.555123 0.444877 
 ----> 1.3#6.6#44.0#54.0#VAR 1289 1 0.549266 0.450734 
 ----> 1.3#6.6#44.0#54.0#VAR 1290 1 0.553253 0.446747 
 ----> 1.3#6.6#44.0#54.0#VAR 1291 0 0.575864 0.424136 
 ----> 1.3#6.6#44.0#54.0#VAR 1292 0 0.58899 0.41101 
 ----> 1.3#6.6#44.0#54.0#VAR 1293 0 0.58488 0.41512 
 ----> 1.3#6.6#44.0#54.0#VAR 1294 0 0.564674 0.435326 
 ----> 1.3#6.6#44.0#54.0#VAR 1295 0 0.580167 0.419833 
 ----> 1.3#6.6#44.0#54.0#VAR 1296 1 0.561453 0.438547 
 ----> 1.3#6.6#44.0#54.0#VAR 1297 0 0.568745 0.431255 
 ----> 1.3#6.6#44.0#54.0#VAR 1298 1 0.537278 0.462722 
 ----> 1.3#6.6#44.0#54.0#VAR 1299 0 0.569263 0.430737 
 ----> 1.3#6.6#44.0#54.0#VAR 1300 0 0.562123 0.437877 
 ----> 1.3#6.6#44.0#54.0#VAR 1301 0 0.57526 0.42474 
 ----> 1.3#6.6#44.0#54.0#VAR 1302 1 0.519545 0.480455 
 ----> 1.3#6.6#44.0#54.0#VAR 1303 1 0.54129 0.45871 
 ----> 1.3#6.6#44.0#54.0#VAR 1304 0 0.570783 0.429217 
 ----> 1.3#6.6#44.0#54.0#VAR 1305 0 0.564927 0.435073 
 ----> 1.3#6.6#44.0#54.0#VAR 1306 0 0.564646 0.435354 
 ----> 1.3#6.6#44.0#54.0#VAR 1307 0 0.574538 0.425462 
 ----> 1.3#6.6#44.0#54.0#VAR 1308 1 0.553215 0.446785 
 ----> 1.3#6.6#44.0#54.0#VAR 1309 0 0.567762 0.432238 
 ----> 1.3#6.6#44.0#54.0#VAR 1310 0 0.567671 0.432329 
 ----> 1.3#6.6#44.0#54.0#VAR 1311 1 0.541987 0.458013 
 ----> 1.3#6.6#44.0#54.0#VAR 1312 1 0.557283 0.442717 
 ----> 1.3#6.6#44.0#54.0#VAR 1313 0 0.576075 0.423925 
 ----> 1.3#6.6#44.0#54.0#VAR 1314 0 0.585966 0.414034 
 ----> 1.3#6.6#44.0#54.0#VAR 1315 0 0.590805 0.409195 
 ----> 1.3#6.6#44.0#54.0#VAR 1316 1 0.545176 0.454824 
 ----> 1.3#6.6#44.0#54.0#VAR 1317 0 0.568425 0.431575 
 ----> 1.3#6.6#44.0#54.0#VAR 1318 1 0.541037 0.458963 
 ----> 1.3#6.6#44.0#54.0#VAR 1319 1 0.552632 0.447368 
 ----> 1.3#6.6#44.0#54.0#VAR 1320 0 0.567767 0.432233 
 ----> 1.3#6.6#44.0#54.0#VAR 1321 0 0.555448 0.444552 
 ----> 1.3#6.6#44.0#54.0#VAR 1322 0 0.589468 0.410532 
 ----> 1.3#6.6#44.0#54.0#VAR 1323 1 0.547035 0.452965 
 ----> 1.3#6.6#44.0#54.0#VAR 1324 0 0.579696 0.420304 
 ----> 1.3#6.6#44.0#54.0#VAR 1325 0 0.581645 0.418355 
 ----> 1.3#6.6#44.0#54.0#VAR 1326 1 0.549322 0.450678 
 ----> 1.3#6.6#44.0#54.0#VAR 1327 0 0.614274 0.385726 
 ----> 1.3#6.6#44.0#54.0#VAR 1328 0 0.590061 0.409939 
 ----> 1.3#6.6#44.0#54.0#VAR 1329 0 0.562845 0.437155 
 ----> 1.3#6.6#44.0#54.0#VAR 1330 1 0.569235 0.430765 
 ----> 1.3#6.6#44.0#54.0#VAR 1331 1 0.560264 0.439736 
 ----> 1.3#6.6#44.0#54.0#VAR 1332 0 0.588197 0.411803 
 ----> 1.3#6.6#44.0#54.0#VAR 1333 1 0.546114 0.453886 
 ----> 1.3#6.6#44.0#54.0#VAR 1334 0 0.581514 0.418486 
 ----> 1.3#6.6#44.0#54.0#VAR 1335 0 0.607211 0.392789 
 ----> 1.3#6.6#44.0#54.0#VAR 1336 0 0.605002 0.394998 
 ----> 1.3#6.6#44.0#54.0#VAR 1337 1 0.528658 0.471342 
 ----> 1.3#6.6#44.0#54.0#VAR 1338 0 0.603579 0.396421 
 ----> 1.3#6.6#44.0#54.0#VAR 1339 1 0.530688 0.469312 
 ----> 1.3#6.6#44.0#54.0#VAR 1340 1 0.560622 0.439378 
 ----> 1.3#6.6#44.0#54.0#VAR 1341 0 0.591303 0.408697 
 ----> 1.3#6.6#44.0#54.0#VAR 1342 0 0.573646 0.426354 
 ----> 1.3#6.6#44.0#54.0#VAR 1343 0 0.592144 0.407856 
 ----> 1.3#6.6#44.0#54.0#VAR 1344 1 0.559754 0.440246 
 ----> 1.3#6.6#44.0#54.0#VAR 1345 0 0.576888 0.423112 
 ----> 1.3#6.6#44.0#54.0#VAR 1346 1 0.547072 0.452928 
 ----> 1.3#6.6#44.0#54.0#VAR 1347 1 0.51579 0.48421 
 ----> 1.3#6.6#44.0#54.0#VAR 1348 1 0.53698 0.46302 
 ----> 1.3#6.6#44.0#54.0#VAR 1349 0 0.564272 0.435728 
 ----> 1.3#6.6#44.0#54.0#VAR 1350 1 0.564208 0.435792 
 ----> 1.3#6.6#44.0#54.0#VAR 1351 0 0.569335 0.430665 
 ----> 1.3#6.6#44.0#54.0#VAR 1352 1 0.570091 0.429909 
 ----> 1.3#6.6#44.0#54.0#VAR 1353 1 0.562746 0.437254 
 ----> 1.3#6.6#44.0#54.0#VAR 1354 1 0.528396 0.471604 
 ----> 1.3#6.6#44.0#54.0#VAR 1355 1 0.557387 0.442613 
 ----> 1.3#6.6#44.0#54.0#VAR 1356 0 0.599245 0.400755 
 ----> 1.3#6.6#44.0#54.0#VAR 1357 1 0.545458 0.454542 
 ----> 1.3#6.6#44.0#54.0#VAR 1358 0 0.584071 0.415929 
 ----> 1.3#6.6#44.0#54.0#VAR 1359 0 0.576115 0.423885 
 ----> 1.3#6.6#44.0#54.0#VAR 1360 1 0.566568 0.433432 
 ----> 1.3#6.6#44.0#54.0#VAR 1361 1 0.551876 0.448124 
 ----> 1.3#6.6#44.0#54.0#VAR 1362 0 0.575571 0.424429 
 ----> 1.3#6.6#44.0#54.0#VAR 1363 0 0.579215 0.420785 
 ----> 1.3#6.6#44.0#54.0#VAR 1364 0 0.562213 0.437787 
 ----> 1.3#6.6#44.0#54.0#VAR 1365 0 0.582046 0.417954 
 ----> 1.3#6.6#44.0#54.0#VAR 1366 0 0.572686 0.427314 
 ----> 1.3#6.6#44.0#54.0#VAR 1367 0 0.585475 0.414525 
 ----> 1.3#6.6#44.0#54.0#VAR 1368 1 0.565658 0.434342 
 ----> 1.3#6.6#44.0#54.0#VAR 1369 0 0.58872 0.41128 
 ----> 1.3#6.6#44.0#54.0#VAR 1370 1 0.557518 0.442482 
 ----> 1.3#6.6#44.0#54.0#VAR 1371 1 0.581992 0.418008 
 ----> 1.3#6.6#44.0#54.0#VAR 1372 0 0.598149 0.401851 
 ----> 1.3#6.6#44.0#54.0#VAR 1373 0 0.602081 0.397919 
 ----> 1.3#6.6#44.0#54.0#VAR 1374 0 0.560075 0.439925 
 ----> 1.3#6.6#44.0#54.0#VAR 1375 0 0.553303 0.446697 
 ----> 1.3#6.6#44.0#54.0#VAR 1376 1 0.578076 0.421924 
 ----> 1.3#6.6#44.0#54.0#VAR 1377 0 0.556839 0.443161 
 ----> 1.3#6.6#44.0#54.0#VAR 1378 0 0.573074 0.426926 
 ----> 1.3#6.6#44.0#54.0#VAR 1379 1 0.536962 0.463038 
 ----> 1.3#6.6#44.0#54.0#VAR 1380 0 0.58032 0.41968 
 ----> 1.3#6.6#44.0#54.0#VAR 1381 0 0.607274 0.392726 
 ----> 1.3#6.6#44.0#54.0#VAR 1382 0 0.577687 0.422313 
 ----> 1.3#6.6#44.0#54.0#VAR 1383 1 0.563146 0.436854 
 ----> 1.3#6.6#44.0#54.0#VAR 1384 1 0.576188 0.423812 
 ----> 1.3#6.6#44.0#54.0#VAR 1385 1 0.56378 0.43622 
 ----> 1.3#6.6#44.0#54.0#VAR 1386 0 0.595278 0.404722 
 ----> 1.3#6.6#44.0#54.0#VAR 1387 1 0.572236 0.427764 
 ----> 1.3#6.6#44.0#54.0#VAR 1388 0 0.636977 0.363023 
 ----> 1.3#6.6#44.0#54.0#VAR 1389 0 0.623746 0.376254 
 ----> 1.3#6.6#44.0#54.0#VAR 1390 0 0.570308 0.429692 
 ----> 1.3#6.6#44.0#54.0#VAR 1391 1 0.57212 0.42788 
 ----> 1.3#6.6#44.0#54.0#VAR 1392 1 0.570731 0.429269 
 ----> 1.3#6.6#44.0#54.0#VAR 1393 1 0.571827 0.428173 
 ----> 1.3#6.6#44.0#54.0#VAR 1394 0 0.614022 0.385978 
 ----> 1.3#6.6#44.0#54.0#VAR 1395 0 0.591261 0.408739 
 ----> 1.3#6.6#44.0#54.0#VAR 1396 0 0.592409 0.407591 
 ----> 1.3#6.6#44.0#54.0#VAR 1397 0 0.5604 0.4396 
 ----> 1.3#6.6#44.0#54.0#VAR 1398 0 0.593574 0.406426 
 ----> 1.3#6.6#44.0#54.0#VAR 1399 0 0.582558 0.417442 
 ----> 1.3#6.6#44.0#54.0#VAR 1400 0 0.591105 0.408895 
 ----> 1.3#6.6#44.0#54.0#VAR 1401 1 0.555434 0.444566 
 ----> 1.3#6.6#44.0#54.0#VAR 1402 1 0.586842 0.413158 
 ----> 1.3#6.6#44.0#54.0#VAR 1403 0 0.619119 0.380881 
 ----> 1.3#6.6#44.0#54.0#VAR 1404 0 0.586075 0.413925 
 ----> 1.3#6.6#44.0#54.0#VAR 1405 0 0.581181 0.418819 
 ----> 1.3#6.6#44.0#54.0#VAR 1406 1 0.560661 0.439339 
 ----> 1.3#6.6#44.0#54.0#VAR 1407 1 0.557821 0.442179 
 ----> 1.3#6.6#44.0#54.0#VAR 1408 0 0.581186 0.418814 
 ----> 1.3#6.6#44.0#54.0#VAR 1409 1 0.556346 0.443654 
 ----> 1.3#6.6#44.0#54.0#VAR 1410 0 0.589781 0.410219 
 ----> 1.3#6.6#44.0#54.0#VAR 1411 1 0.559073 0.440927 
 ----> 1.3#6.6#44.0#54.0#VAR 1412 0 0.571392 0.428608 
 ----> 1.3#6.6#44.0#54.0#VAR 1413 1 0.571853 0.428147 
 ----> 1.3#6.6#44.0#54.0#VAR 1414 0 0.59788 0.40212 
 ----> 1.3#6.6#44.0#54.0#VAR 1415 0 0.594846 0.405154 
 ----> 1.3#6.6#44.0#54.0#VAR 1416 0 0.603707 0.396293 
 ----> 1.3#6.6#44.0#54.0#VAR 1417 0 0.60022 0.39978 
 ----> 1.3#6.6#44.0#54.0#VAR 1418 1 0.559103 0.440897 
 ----> 1.3#6.6#44.0#54.0#VAR 1419 0 0.591738 0.408262 
 ----> 1.3#6.6#44.0#54.0#VAR 1420 0 0.575561 0.424439 
 ----> 1.3#6.6#44.0#54.0#VAR 1421 1 0.570002 0.429998 
 ----> 1.3#6.6#44.0#54.0#VAR 1422 0 0.589458 0.410542 
 ----> 1.3#6.6#44.0#54.0#VAR 1423 0 0.576506 0.423494 
 ----> 1.3#6.6#44.0#54.0#VAR 1424 1 0.558641 0.441359 
 ----> 1.3#6.6#44.0#54.0#VAR 1425 0 0.572614 0.427386 
 ----> 1.3#6.6#44.0#54.0#VAR 1426 0 0.569615 0.430385 
 ----> 1.3#6.6#44.0#54.0#VAR 1427 0 0.573465 0.426535 
 ----> 1.3#6.6#44.0#54.0#VAR 1428 1 0.573666 0.426334 
 ----> 1.3#6.6#44.0#54.0#VAR 1429 0 0.589398 0.410602 
 ----> 1.3#6.6#44.0#54.0#VAR 1430 1 0.571238 0.428762 
 ----> 1.3#6.6#44.0#54.0#VAR 1431 0 0.590234 0.409766 
 ----> 1.3#6.6#44.0#54.0#VAR 1432 0 0.586173 0.413827 
 ----> 1.3#6.6#44.0#54.0#VAR 1433 1 0.569904 0.430096 
 ----> 1.3#6.6#44.0#54.0#VAR 1434 1 0.561331 0.438669 
 ----> 1.3#6.6#44.0#54.0#VAR 1435 0 0.576664 0.423336 
 ----> 1.3#6.6#44.0#54.0#VAR 1436 1 0.559923 0.440077 
 ----> 1.3#6.6#44.0#54.0#VAR 1437 0 0.580748 0.419252 
 ----> 1.3#6.6#44.0#54.0#VAR 1438 1 0.551309 0.448691 
 ----> 1.3#6.6#44.0#54.0#VAR 1439 0 0.551214 0.448786 
 ----> 1.3#6.6#44.0#54.0#VAR 1440 1 0.557696 0.442304 
 ----> 1.3#6.6#44.0#54.0#VAR 1441 1 0.546726 0.453274 
 ----> 1.3#6.6#44.0#54.0#VAR 1442 1 0.564745 0.435255 
 ----> 1.3#6.6#44.0#54.0#VAR 1443 1 0.556411 0.443589 
 ----> 1.3#6.6#44.0#54.0#VAR 1444 1 0.549178 0.450822 
 ----> 1.3#6.6#44.0#54.0#VAR 1445 0 0.572933 0.427067 
 ----> 1.3#6.6#44.0#54.0#VAR 1446 1 0.552414 0.447586 
 ----> 1.3#6.6#44.0#54.0#VAR 1447 0 0.565052 0.434948 
 ----> 1.3#6.6#44.0#54.0#VAR 1448 1 0.567934 0.432066 
 ----> 1.3#6.6#44.0#54.0#VAR 1449 1 0.562076 0.437924 
 ----> 1.3#6.6#44.0#54.0#VAR 1450 1 0.580837 0.419163 
 ----> 1.3#6.6#44.0#54.0#VAR 1451 1 0.569806 0.430194 
 ----> 1.3#6.6#44.0#54.0#VAR 1452 0 0.57117 0.42883 
 ----> 1.3#6.6#44.0#54.0#VAR 1453 0 0.593093 0.406907 
 ----> 1.3#6.6#44.0#54.0#VAR 1454 1 0.573184 0.426816 
 ----> 1.3#6.6#44.0#54.0#VAR 1455 0 0.579621 0.420379 
 ----> 1.3#6.6#44.0#54.0#VAR 1456 1 0.535439 0.464561 
 ----> 1.3#6.6#44.0#54.0#VAR 1457 1 0.537138 0.462862 
 ----> 1.3#6.6#44.0#54.0#VAR 1458 0 0.57741 0.42259 
 ----> 1.3#6.6#44.0#54.0#VAR 1459 1 0.54925 0.45075 
 ----> 1.3#6.6#44.0#54.0#VAR 1460 1 0.561368 0.438632 
 ----> 1.3#6.6#44.0#54.0#VAR 1461 0 0.554904 0.445096 
 ----> 1.3#6.6#44.0#54.0#VAR 1462 1 0.603259 0.396741 
 ----> 1.3#6.6#44.0#54.0#VAR 1463 1 0.576265 0.423735 
 ----> 1.3#6.6#44.0#54.0#VAR 1464 1 0.578629 0.421371 
 ----> 1.3#6.6#44.0#54.0#VAR 1465 1 0.575662 0.424338 
 ----> 1.3#6.6#44.0#54.0#VAR 1466 0 0.57769 0.42231 
 ----> 1.3#6.6#44.0#54.0#VAR 1467 1 0.565841 0.434159 
 ----> 1.3#6.6#44.0#54.0#VAR 1468 1 0.576307 0.423693 
 ----> 1.3#6.6#44.0#54.0#VAR 1469 1 0.576395 0.423605 
 ----> 1.3#6.6#44.0#54.0#VAR 1470 1 0.594753 0.405247 
 ----> 1.3#6.6#44.0#54.0#VAR 1471 1 0.596679 0.403321 
 ----> 1.3#6.6#44.0#54.0#VAR 1472 1 0.570276 0.429724 
 ----> 1.3#6.6#44.0#54.0#VAR 1473 0 0.56387 0.43613 
 ----> 1.3#6.6#44.0#54.0#VAR 1474 0 0.570305 0.429695 
 ----> 1.3#6.6#44.0#54.0#VAR 1475 1 0.580185 0.419815 
 ----> 1.3#6.6#44.0#54.0#VAR 1476 0 0.570376 0.429624 
 ----> 1.3#6.6#44.0#54.0#VAR 1477 1 0.559949 0.440051 
 ----> 1.3#6.6#44.0#54.0#VAR 1478 1 0.579967 0.420033 
 ----> 1.3#6.6#44.0#54.0#VAR 1479 0 0.591775 0.408225 
 ----> 1.3#6.6#44.0#54.0#VAR 1480 0 0.591748 0.408252 
 ----> 1.3#6.6#44.0#54.0#VAR 1481 1 0.604743 0.395257 
 ----> 1.3#6.6#44.0#54.0#VAR 1482 1 0.569288 0.430712 
 ----> 1.3#6.6#44.0#54.0#VAR 1483 0 0.607675 0.392325 
 ----> 1.3#6.6#44.0#54.0#VAR 1484 0 0.541556 0.458444 
 ----> 1.3#6.6#44.0#54.0#VAR 1485 0 0.56343 0.43657 
 ----> 1.3#6.6#44.0#54.0#VAR 1486 0 0.592238 0.407762 
 ----> 1.3#6.6#44.0#54.0#VAR 1487 0 0.564666 0.435334 
 ----> 1.3#6.6#44.0#54.0#VAR 1488 0 0.581048 0.418952 
 ----> 1.3#6.6#44.0#54.0#VAR 1489 0 0.572916 0.427084 
 ----> 1.3#6.6#44.0#54.0#VAR 1490 0 0.590175 0.409825 
 ----> 1.3#6.6#44.0#54.0#VAR 1491 1 0.57365 0.42635 
 ----> 1.3#6.6#44.0#54.0#VAR 1492 0 0.587311 0.412689 
 ----> 1.3#6.6#44.0#54.0#VAR 1493 1 0.581427 0.418573 
 ----> 1.3#6.6#44.0#54.0#VAR 1494 1 0.571988 0.428012 
 ----> 1.3#6.6#44.0#54.0#VAR 1495 0 0.598915 0.401085 
 ----> 1.3#6.6#44.0#54.0#VAR 1496 0 0.579202 0.420798 
 ----> 1.3#6.6#44.0#54.0#VAR 1497 1 0.580894 0.419106 
 ----> 1.3#6.6#44.0#54.0#VAR 1498 1 0.566198 0.433802 
 ----> 1.3#6.6#44.0#54.0#VAR 1499 1 0.589613 0.410387 
 ----> 1.3#6.6#44.0#54.0#VAR 1500 0 0.578781 0.421219 
 ----> 1.3#6.6#44.0#54.0#VAR 1501 1 0.589834 0.410166 
 ----> 1.3#6.6#44.0#54.0#VAR 1502 0 0.551617 0.448383 
 ----> 1.3#6.6#44.0#54.0#VAR 1503 1 0.591183 0.408817 
 ----> 1.3#6.6#44.0#54.0#VAR 1504 1 0.590307 0.409693 
 ----> 1.3#6.6#44.0#54.0#VAR 1505 0 0.582914 0.417086 
 ----> 1.3#6.6#44.0#54.0#VAR 1506 1 0.588189 0.411811 
 ----> 1.3#6.6#44.0#54.0#VAR 1507 1 0.576477 0.423523 
 ----> 1.3#6.6#44.0#54.0#VAR 1508 1 0.604309 0.395691 
 ----> 1.3#6.6#44.0#54.0#VAR 1509 0 0.5803 0.4197 
 ----> 1.3#6.6#44.0#54.0#VAR 1510 0 0.594235 0.405765 
 ----> 1.3#6.6#44.0#54.0#VAR 1511 0 0.587089 0.412911 
 ----> 1.3#6.6#44.0#54.0#VAR 1512 1 0.584183 0.415817 
 ----> 1.3#6.6#44.0#54.0#VAR 1513 0 0.591633 0.408367 
 ----> 1.3#6.6#44.0#54.0#VAR 1514 1 0.591603 0.408397 
 ----> 1.3#6.6#44.0#54.0#VAR 1515 0 0.58244 0.41756 
 ----> 1.3#6.6#44.0#54.0#VAR 1516 1 0.589569 0.410431 
 ----> 1.3#6.6#44.0#54.0#VAR 1517 1 0.612726 0.387274 
 ----> 1.3#6.6#44.0#54.0#VAR 1518 1 0.555067 0.444933 
 ----> 1.3#6.6#44.0#54.0#VAR 1519 1 0.601262 0.398738 
 ----> 1.3#6.6#44.0#54.0#VAR 1520 0 0.599499 0.400501 
 ----> 1.3#6.6#44.0#54.0#VAR 1521 0 0.60031 0.39969 
 ----> 1.3#6.6#44.0#54.0#VAR 1522 1 0.595599 0.404401 
 ----> 1.3#6.6#44.0#54.0#VAR 1523 0 0.60166 0.39834 
 ----> 1.3#6.6#44.0#54.0#VAR 1524 1 0.562892 0.437108 
 ----> 1.3#6.6#44.0#54.0#VAR 1525 0 0.578699 0.421301 
 ----> 1.3#6.6#44.0#54.0#VAR 1526 0 0.579014 0.420986 
 ----> 1.3#6.6#44.0#54.0#VAR 1527 0 0.586016 0.413984 
 ----> 1.3#6.6#44.0#54.0#VAR 1528 1 0.603167 0.396833 
 ----> 1.3#6.6#44.0#54.0#VAR 1529 0 0.579713 0.420287 
 ----> 1.3#6.6#44.0#54.0#VAR 1530 1 0.576959 0.423041 
 ----> 1.3#6.6#44.0#54.0#VAR 1531 0 0.578486 0.421514 
 ----> 1.3#6.6#44.0#54.0#VAR 1532 1 0.574019 0.425981 
 ----> 1.3#6.6#44.0#54.0#VAR 1533 1 0.595149 0.404851 
 ----> 1.3#6.6#44.0#54.0#VAR 1534 1 0.565561 0.434439 
 ----> 1.3#6.6#44.0#54.0#VAR 1535 0 0.594132 0.405868 
 ----> 1.3#6.6#44.0#54.0#VAR 1536 0 0.587892 0.412108 
 ----> 1.3#6.6#44.0#54.0#VAR 1537 0 0.584696 0.415304 
 ----> 1.3#6.6#44.0#54.0#VAR 1538 0 0.559579 0.440421 
 ----> 1.3#6.6#44.0#54.0#VAR 1539 0 0.558778 0.441222 
 ----> 1.3#6.6#44.0#54.0#VAR 1540 0 0.579712 0.420288 
 ----> 1.3#6.6#44.0#54.0#VAR 1541 1 0.568487 0.431513 
 ----> 1.3#6.6#44.0#54.0#VAR 1542 0 0.566769 0.433231 
 ----> 1.3#6.6#44.0#54.0#VAR 1543 0 0.5476 0.4524 
 ----> 1.3#6.6#44.0#54.0#VAR 1544 0 0.549886 0.450114 
 ----> 1.3#6.6#44.0#54.0#VAR 1545 0 0.572924 0.427076 
 ----> 1.3#6.6#44.0#54.0#VAR 1546 0 0.556943 0.443057 
 ----> 1.3#6.6#44.0#54.0#VAR 1547 0 0.55487 0.44513 
 ----> 1.3#6.6#44.0#54.0#VAR 1548 1 0.566861 0.433139 
 ----> 1.3#6.6#44.0#54.0#VAR 1549 0 0.597353 0.402647 
 ----> 1.3#6.6#44.0#54.0#VAR 1550 1 0.584241 0.415759 
 ----> 1.3#6.6#44.0#54.0#VAR 1551 1 0.587675 0.412325 
 ----> 1.3#6.6#44.0#54.0#VAR 1552 1 0.612848 0.387152 
 ----> 1.3#6.6#44.0#54.0#VAR 1553 0 0.60597 0.39403 
 ----> 1.3#6.6#44.0#54.0#VAR 1554 1 0.568165 0.431835 
 ----> 1.3#6.6#44.0#54.0#VAR 1555 1 0.5988 0.4012 
 ----> 1.3#6.6#44.0#54.0#VAR 1556 1 0.582877 0.417123 
 ----> 1.3#6.6#44.0#54.0#VAR 1557 1 0.573568 0.426432 
 ----> 1.3#6.6#44.0#54.0#VAR 1558 0 0.580052 0.419948 
 ----> 1.3#6.6#44.0#54.0#VAR 1559 1 0.586223 0.413777 
 ----> 1.3#6.6#44.0#54.0#VAR 1560 1 0.593112 0.406888 
 ----> 1.3#6.6#44.0#54.0#VAR 1561 1 0.566838 0.433162 
 ----> 1.3#6.6#44.0#54.0#VAR 1562 0 0.579939 0.420061 
 ----> 1.3#6.6#44.0#54.0#VAR 1563 1 0.56197 0.43803 
 ----> 1.3#6.6#44.0#54.0#VAR 1564 0 0.575572 0.424428 
 ----> 1.3#6.6#44.0#54.0#VAR 1565 1 0.590244 0.409756 
 ----> 1.3#6.6#44.0#54.0#VAR 1566 0 0.581811 0.418189 
 ----> 1.3#6.6#44.0#54.0#VAR 1567 0 0.589859 0.410141 
 ----> 1.3#6.6#44.0#54.0#VAR 1568 1 0.557885 0.442115 
 ----> 1.3#6.6#44.0#54.0#VAR 1569 1 0.619193 0.380807 
 ----> 1.3#6.6#44.0#54.0#VAR 1570 1 0.561796 0.438204 
 ----> 1.3#6.6#44.0#54.0#VAR 1571 0 0.579173 0.420827 
 ----> 1.3#6.6#44.0#54.0#VAR 1572 0 0.598859 0.401141 
 ----> 1.3#6.6#44.0#54.0#VAR 1573 0 0.547308 0.452692 
 ----> 1.3#6.6#44.0#54.0#VAR 1574 1 0.559385 0.440615 
 ----> 1.3#6.6#44.0#54.0#VAR 1575 1 0.573553 0.426447 
 ----> 1.3#6.6#44.0#54.0#VAR 1576 0 0.579232 0.420768 
 ----> 1.3#6.6#44.0#54.0#VAR 1577 1 0.581934 0.418066 
 ----> 1.3#6.6#44.0#54.0#VAR 1578 1 0.565376 0.434624 
 ----> 1.3#6.6#44.0#54.0#VAR 1579 0 0.566505 0.433495 
 ----> 1.3#6.6#44.0#54.0#VAR 1580 0 0.59762 0.40238 
 ----> 1.3#6.6#44.0#54.0#VAR 1581 0 0.57282 0.42718 
 ----> 1.3#6.6#44.0#54.0#VAR 1582 0 0.582908 0.417092 
 ----> 1.3#6.6#44.0#54.0#VAR 1583 1 0.585747 0.414253 
 ----> 1.3#6.6#44.0#54.0#VAR 1584 1 0.569188 0.430812 
 ----> 1.3#6.6#44.0#54.0#VAR 1585 0 0.576033 0.423967 
 ----> 1.3#6.6#44.0#54.0#VAR 1586 1 0.600803 0.399197 
 ----> 1.3#6.6#44.0#54.0#VAR 1587 0 0.581229 0.418771 
 ----> 1.3#6.6#44.0#54.0#VAR 1588 0 0.588492 0.411508 
 ----> 1.3#6.6#44.0#54.0#VAR 1589 1 0.592304 0.407696 
 ----> 1.3#6.6#44.0#54.0#VAR 1590 0 0.584091 0.415909 
 ----> 1.3#6.6#44.0#54.0#VAR 1591 1 0.570673 0.429327 
 ----> 1.3#6.6#44.0#54.0#VAR 1592 1 0.589032 0.410968 
 ----> 1.3#6.6#44.0#54.0#VAR 1593 1 0.569163 0.430837 
 ----> 1.3#6.6#44.0#54.0#VAR 1594 0 0.597809 0.402191 
 ----> 1.3#6.6#44.0#54.0#VAR 1595 1 0.596149 0.403851 
 ----> 1.3#6.6#44.0#54.0#VAR 1596 1 0.580381 0.419619 
 ----> 1.3#6.6#44.0#54.0#VAR 1597 1 0.565747 0.434253 
 ----> 1.3#6.6#44.0#54.0#VAR 1598 0 0.582409 0.417591 
 ----> 1.3#6.6#44.0#54.0#VAR 1599 1 0.58281 0.41719 
 ----> 1.3#6.6#44.0#54.0#VAR 1600 0 0.598254 0.401746 
 ----> 1.3#6.6#44.0#54.0#VAR 1601 1 0.587762 0.412238 
 ----> 1.3#6.6#44.0#54.0#VAR 1602 0 0.588575 0.411425 
 ----> 1.3#6.6#44.0#54.0#VAR 1603 1 0.595289 0.404711 
 ----> 1.3#6.6#44.0#54.0#VAR 1604 0 0.58969 0.41031 
 ----> 1.3#6.6#44.0#54.0#VAR 1605 1 0.606651 0.393349 
 ----> 1.3#6.6#44.0#54.0#VAR 1606 0 0.596739 0.403261 
 ----> 1.3#6.6#44.0#54.0#VAR 1607 0 0.588207 0.411793 
 ----> 1.3#6.6#44.0#54.0#VAR 1608 1 0.590224 0.409776 
 ----> 1.3#6.6#44.0#54.0#VAR 1609 0 0.601131 0.398869 
 ----> 1.3#6.6#44.0#54.0#VAR 1610 1 0.574406 0.425594 
 ----> 1.3#6.6#44.0#54.0#VAR 1611 0 0.588524 0.411476 
 ----> 1.3#6.6#44.0#54.0#VAR 1612 1 0.588676 0.411324 
 ----> 1.3#6.6#44.0#54.0#VAR 1613 1 0.594627 0.405373 
 ----> 1.3#6.6#44.0#54.0#VAR 1614 1 0.591609 0.408391 
 ----> 1.3#6.6#44.0#54.0#VAR 1615 0 0.593637 0.406363 
 ----> 1.3#6.6#44.0#54.0#VAR 1616 0 0.59838 0.40162 
 ----> 1.3#6.6#44.0#54.0#VAR 1617 0 0.608514 0.391486 
 ----> 1.3#6.6#44.0#54.0#VAR 1618 1 0.588092 0.411908 
 ----> 1.3#6.6#44.0#54.0#VAR 1619 1 0.596156 0.403844 
 ----> 1.3#6.6#44.0#54.0#VAR 1620 1 0.568148 0.431852 
 ----> 1.3#6.6#44.0#54.0#VAR 1621 0 0.589835 0.410165 
 ----> 1.3#6.6#44.0#54.0#VAR 1622 1 0.592141 0.407859 
 ----> 1.3#6.6#44.0#54.0#VAR 1623 0 0.594424 0.405576 
 ----> 1.3#6.6#44.0#54.0#VAR 1624 0 0.597054 0.402946 
 ----> 1.3#6.6#44.0#54.0#VAR 1625 0 0.624834 0.375166 
 ----> 1.3#6.6#44.0#54.0#VAR 1626 1 0.624109 0.375891 
 ----> 1.3#6.6#44.0#54.0#VAR 1627 1 0.571143 0.428857 
 ----> 1.3#6.6#44.0#54.0#VAR 1628 1 0.602848 0.397152 
 ----> 1.3#6.6#44.0#54.0#VAR 1629 0 0.558198 0.441802 
 ----> 1.3#6.6#44.0#54.0#VAR 1630 0 0.533539 0.466461 
 ----> 1.3#6.6#44.0#54.0#VAR 1631 0 0.611329 0.388671 
 ----> 1.3#6.6#44.0#54.0#VAR 1632 1 0.622522 0.377478 
 ----> 1.3#6.6#44.0#54.0#VAR 1633 1 0.600018 0.399982 
 ----> 1.3#6.6#44.0#54.0#VAR 1634 1 0.602967 0.397033 
 ----> 1.3#6.6#44.0#54.0#VAR 1635 1 0.570014 0.429986 
 ----> 1.3#6.6#44.0#54.0#VAR 1636 1 0.592007 0.407993 
 ----> 1.3#6.6#44.0#54.0#VAR 1637 1 0.594216 0.405784 
 ----> 1.3#6.6#44.0#54.0#VAR 1638 1 0.57706 0.42294 
 ----> 1.3#6.6#44.0#54.0#VAR 1639 0 0.585377 0.414623 
 ----> 1.3#6.6#44.0#54.0#VAR 1640 1 0.587292 0.412708 
 ----> 1.3#6.6#44.0#54.0#VAR 1641 1 0.566188 0.433812 
 ----> 1.3#6.6#44.0#54.0#VAR 1642 1 0.58412 0.41588 
 ----> 1.3#6.6#44.0#54.0#VAR 1643 1 0.586666 0.413334 
 ----> 1.3#6.6#44.0#54.0#VAR 1644 0 0.607895 0.392105 
 ----> 1.3#6.6#44.0#54.0#VAR 1645 1 0.594302 0.405698 
 ----> 1.3#6.6#44.0#54.0#VAR 1646 1 0.630443 0.369557 
 ----> 1.3#6.6#44.0#54.0#VAR 1647 0 0.608866 0.391134 
 ----> 1.3#6.6#44.0#54.0#VAR 1648 1 0.586301 0.413699 
 ----> 1.3#6.6#44.0#54.0#VAR 1649 0 0.60323 0.39677 
 ----> 1.3#6.6#44.0#54.0#VAR 1650 1 0.581838 0.418162 
 ----> 1.3#6.6#44.0#54.0#VAR 1651 1 0.602622 0.397378 
 ----> 1.3#6.6#44.0#54.0#VAR 1652 0 0.579782 0.420218 
 ----> 1.3#6.6#44.0#54.0#VAR 1653 0 0.579139 0.420861 
 ----> 1.3#6.6#44.0#54.0#VAR 1654 1 0.574672 0.425328 
 ----> 1.3#6.6#44.0#54.0#VAR 1655 1 0.578369 0.421631 
 ----> 1.3#6.6#44.0#54.0#VAR 1656 1 0.60862 0.39138 
 ----> 1.3#6.6#44.0#54.0#VAR 1657 1 0.613367 0.386633 
 ----> 1.3#6.6#44.0#54.0#VAR 1658 0 0.585676 0.414324 
 ----> 1.3#6.6#44.0#54.0#VAR 1659 0 0.593139 0.406861 
 ----> 1.3#6.6#44.0#54.0#VAR 1660 1 0.591104 0.408896 
 ----> 1.3#6.6#44.0#54.0#VAR 1661 1 0.579789 0.420211 
 ----> 1.3#6.6#44.0#54.0#VAR 1662 1 0.575345 0.424655 
 ----> 1.3#6.6#44.0#54.0#VAR 1663 0 0.581095 0.418905 
 ----> 1.3#6.6#44.0#54.0#VAR 1664 1 0.5928 0.4072 
 ----> 1.3#6.6#44.0#54.0#VAR 1665 0 0.601268 0.398732 
 ----> 1.3#6.6#44.0#54.0#VAR 1666 1 0.582714 0.417286 
 ----> 1.3#6.6#44.0#54.0#VAR 1667 1 0.606766 0.393234 
 ----> 1.3#6.6#44.0#54.0#VAR 1668 1 0.596191 0.403809 
 ----> 1.3#6.6#44.0#54.0#VAR 1669 1 0.607976 0.392024 
 ----> 1.3#6.6#44.0#54.0#VAR 1670 0 0.592716 0.407284 
 ----> 1.3#6.6#44.0#54.0#VAR 1671 1 0.576883 0.423117 
 ----> 1.3#6.6#44.0#54.0#VAR 1672 1 0.595864 0.404136 
 ----> 1.3#6.6#44.0#54.0#VAR 1673 1 0.576553 0.423447 
 ----> 1.3#6.6#44.0#54.0#VAR 1674 1 0.58463 0.41537 
 ----> 1.3#6.6#44.0#54.0#VAR 1675 1 0.599969 0.400031 
 ----> 1.3#6.6#44.0#54.0#VAR 1676 1 0.593921 0.406079 
 ----> 1.3#6.6#44.0#54.0#VAR 1677 1 0.594927 0.405073 
 ----> 1.3#6.6#44.0#54.0#VAR 1678 1 0.598084 0.401916 
 ----> 1.3#6.6#44.0#54.0#VAR 1679 1 0.591156 0.408844 
 ----> 1.3#6.6#44.0#54.0#VAR 1680 1 0.603059 0.396941 
 ----> 1.3#6.6#44.0#54.0#VAR 1681 1 0.587656 0.412344 
 ----> 1.3#6.6#44.0#54.0#VAR 1682 1 0.585818 0.414182 
 ----> 1.3#6.6#44.0#54.0#VAR 1683 1 0.578785 0.421215 
 ----> 1.3#6.6#44.0#54.0#VAR 1684 1 0.59269 0.40731 
 ----> 1.3#6.6#44.0#54.0#VAR 1685 1 0.580039 0.419961 
 ----> 1.3#6.6#44.0#54.0#VAR 1686 1 0.58621 0.41379 
 ----> 1.3#6.6#44.0#54.0#VAR 1687 1 0.583413 0.416587 
 ----> 1.3#6.6#44.0#54.0#VAR 1688 0 0.588738 0.411262 
 ----> 1.3#6.6#44.0#54.0#VAR 1689 0 0.598795 0.401205 
 ----> 1.3#6.6#44.0#54.0#VAR 1690 0 0.614283 0.385717 
 ----> 1.3#6.6#44.0#54.0#VAR 1691 0 0.579426 0.420574 
 ----> 1.3#6.6#44.0#54.0#VAR 1692 1 0.587811 0.412189 
 ----> 1.3#6.6#44.0#54.0#VAR 1693 1 0.576188 0.423812 
 ----> 1.3#6.6#44.0#54.0#VAR 1694 0 0.580359 0.419641 
 ----> 1.3#6.6#44.0#54.0#VAR 1695 1 0.576144 0.423856 
 ----> 1.3#6.6#44.0#54.0#VAR 1696 0 0.589295 0.410705 
 ----> 1.3#6.6#44.0#54.0#VAR 1697 1 0.58844 0.41156 
 ----> 1.3#6.6#44.0#54.0#VAR 1698 1 0.591426 0.408574 
 ----> 1.3#6.6#44.0#54.0#VAR 1699 1 0.602056 0.397944 
 ----> 1.3#6.6#44.0#54.0#VAR 1700 1 0.593873 0.406127 
 ----> 1.3#6.6#44.0#54.0#VAR 1701 1 0.586432 0.413568 
 ----> 1.3#6.6#44.0#54.0#VAR 1702 1 0.579747 0.420253 
 ----> 1.3#6.6#44.0#54.0#VAR 1703 1 0.586878 0.413122 
 ----> 1.3#6.6#44.0#54.0#VAR 1704 1 0.595775 0.404225 
 ----> 1.3#6.6#44.0#54.0#VAR 1705 1 0.5899 0.4101 
 ----> 1.3#6.6#44.0#54.0#VAR 1706 1 0.604289 0.395711 
 ----> 1.3#6.6#44.0#54.0#VAR 1707 0 0.634913 0.365087 
 ----> 1.3#6.6#44.0#54.0#VAR 1708 0 0.600676 0.399324 
 ----> 1.3#6.6#44.0#54.0#VAR 1709 1 0.536195 0.463805 
 ----> 1.3#6.6#44.0#54.0#VAR 1710 1 0.603469 0.396531 
 ----> 1.3#6.6#44.0#54.0#VAR 1711 1 0.597428 0.402572 
 ----> 1.3#6.6#44.0#54.0#VAR 1712 1 0.56894 0.43106 
 ----> 1.3#6.6#44.0#54.0#VAR 1713 1 0.605852 0.394148 
 ----> 1.3#6.6#44.0#54.0#VAR 1714 0 0.601686 0.398314 
 ----> 1.3#6.6#44.0#54.0#VAR 1715 0 0.604445 0.395555 
 ----> 1.3#6.6#44.0#54.0#VAR 1716 0 0.601239 0.398761 
 ----> 1.3#6.6#44.0#54.0#VAR 1717 0 0.586726 0.413274 
 ----> 1.3#6.6#44.0#54.0#VAR 1718 0 0.588769 0.411231 
 ----> 1.3#6.6#44.0#54.0#VAR 1719 0 0.596314 0.403686 
 ----> 1.3#6.6#44.0#54.0#VAR 1720 0 0.614474 0.385526 
 ----> 1.3#6.6#44.0#54.0#VAR 1721 0 0.589975 0.410025 
 ----> 1.3#6.6#44.0#54.0#VAR 1722 1 0.596298 0.403702 
 ----> 1.3#6.6#44.0#54.0#VAR 1723 1 0.614605 0.385395 
 ----> 1.3#6.6#44.0#54.0#VAR 1724 1 0.582918 0.417082 
 ----> 1.3#6.6#44.0#54.0#VAR 1725 0 0.591243 0.408757 
 ----> 1.3#6.6#44.0#54.0#VAR 1726 1 0.582676 0.417324 
 ----> 1.3#6.6#44.0#54.0#VAR 1727 0 0.60045 0.39955 
 ----> 1.3#6.6#44.0#54.0#VAR 1728 0 0.573331 0.426669 
 ----> 1.3#6.6#44.0#54.0#VAR 1729 1 0.591476 0.408524 
 ----> 1.3#6.6#44.0#54.0#VAR 1730 0 0.572095 0.427905 
 ----> 1.3#6.6#44.0#54.0#VAR 1731 1 0.597936 0.402064 
 ----> 1.3#6.6#44.0#54.0#VAR 1732 1 0.588335 0.411665 
 ----> 1.3#6.6#44.0#54.0#VAR 1733 0 0.59706 0.40294 
 ----> 1.3#6.6#44.0#54.0#VAR 1734 1 0.568003 0.431997 
 ----> 1.3#6.6#44.0#54.0#VAR 1735 0 0.593101 0.406899 
 ----> 1.3#6.6#44.0#54.0#VAR 1736 1 0.575797 0.424203 
 ----> 1.3#6.6#44.0#54.0#VAR 1737 1 0.589459 0.410541 
 ----> 1.3#6.6#44.0#54.0#VAR 1738 0 0.610534 0.389466 
 ----> 1.3#6.6#44.0#54.0#VAR 1739 1 0.592339 0.407661 
 ----> 1.3#6.6#44.0#54.0#VAR 1740 1 0.60415 0.39585 
 ----> 1.3#6.6#44.0#54.0#VAR 1741 0 0.610894 0.389106 
 ----> 1.3#6.6#44.0#54.0#VAR 1742 1 0.604627 0.395373 
 ----> 1.3#6.6#44.0#54.0#VAR 1743 1 0.596881 0.403119 
 ----> 1.3#6.6#44.0#54.0#VAR 1744 0 0.609753 0.390247 
 ----> 1.3#6.6#44.0#54.0#VAR 1745 1 0.609911 0.390089 
 ----> 1.3#6.6#44.0#54.0#VAR 1746 1 0.608444 0.391556 
 ----> 1.3#6.6#44.0#54.0#VAR 1747 1 0.59873 0.40127 
 ----> 1.3#6.6#44.0#54.0#VAR 1748 1 0.606729 0.393271 
 ----> 1.3#6.6#44.0#54.0#VAR 1749 1 0.600948 0.399052 
 ----> 1.3#6.6#44.0#54.0#VAR 1750 1 0.593375 0.406625 
 ----> 1.3#6.6#44.0#54.0#VAR 1751 1 0.577492 0.422508 
 ----> 1.3#6.6#44.0#54.0#VAR 1752 1 0.60835 0.39165 
 ----> 1.3#6.6#44.0#54.0#VAR 1753 1 0.595849 0.404151 
 ----> 1.3#6.6#44.0#54.0#VAR 1754 0 0.577213 0.422787 
 ----> 1.3#6.6#44.0#54.0#VAR 1755 1 0.590626 0.409374 
 ----> 1.3#6.6#44.0#54.0#VAR 1756 0 0.578664 0.421336 
 ----> 1.3#6.6#44.0#54.0#VAR 1757 0 0.573425 0.426575 
 ----> 1.3#6.6#44.0#54.0#VAR 1758 1 0.587534 0.412466 
 ----> 1.3#6.6#44.0#54.0#VAR 1759 1 0.587567 0.412433 
 ----> 1.3#6.6#44.0#54.0#VAR 1760 1 0.599203 0.400797 
 ----> 1.3#6.6#44.0#54.0#VAR 1761 1 0.571731 0.428269 
 ----> 1.3#6.6#44.0#54.0#VAR 1762 1 0.594135 0.405865 
 ----> 1.3#6.6#44.0#54.0#VAR 1763 1 0.608012 0.391988 
 ----> 1.3#6.6#44.0#54.0#VAR 1764 1 0.606034 0.393966 
 ----> 1.3#6.6#44.0#54.0#VAR 1765 0 0.569836 0.430164 
 ----> 1.3#6.6#44.0#54.0#VAR 1766 0 0.596434 0.403566 
 ----> 1.3#6.6#44.0#54.0#VAR 1767 0 0.579027 0.420973 
 ----> 1.3#6.6#44.0#54.0#VAR 1768 1 0.605233 0.394767 
 ----> 1.3#6.6#44.0#54.0#VAR 1769 0 0.572713 0.427287 
 ----> 1.3#6.6#44.0#54.0#VAR 1770 0 0.579397 0.420603 
 ----> 1.3#6.6#44.0#54.0#VAR 1771 1 0.582784 0.417216 
 ----> 1.3#6.6#44.0#54.0#VAR 1772 0 0.581845 0.418155 
 ----> 1.3#6.6#44.0#54.0#VAR 1773 1 0.583236 0.416764 
 ----> 1.3#6.6#44.0#54.0#VAR 1774 1 0.598607 0.401393 
 ----> 1.3#6.6#44.0#54.0#VAR 1775 1 0.591423 0.408577 
 ----> 1.3#6.6#44.0#54.0#VAR 1776 1 0.626643 0.373357 
 ----> 1.3#6.6#44.0#54.0#VAR 1777 0 0.581831 0.418169 
 ----> 1.3#6.6#44.0#54.0#VAR 1778 1 0.595238 0.404762 
 ----> 1.3#6.6#44.0#54.0#VAR 1779 1 0.591586 0.408414 
 ----> 1.3#6.6#44.0#54.0#VAR 1780 1 0.593507 0.406493 
 ----> 1.3#6.6#44.0#54.0#VAR 1781 1 0.587 0.413 
 ----> 1.3#6.6#44.0#54.0#VAR 1782 1 0.600039 0.399961 
 ----> 1.3#6.6#44.0#54.0#VAR 1783 0 0.608359 0.391641 
 ----> 1.3#6.6#44.0#54.0#VAR 1784 1 0.593107 0.406893 
 ----> 1.3#6.6#44.0#54.0#VAR 1785 0 0.577136 0.422864 
 ----> 1.3#6.6#44.0#54.0#VAR 1786 1 0.595017 0.404983 
 ----> 1.3#6.6#44.0#54.0#VAR 1787 0 0.580284 0.419716 
 ----> 1.3#6.6#44.0#54.0#VAR 1788 0 0.611736 0.388264 
 ----> 1.3#6.6#44.0#54.0#VAR 1789 1 0.603348 0.396652 
 ----> 1.3#6.6#44.0#54.0#VAR 1790 1 0.556133 0.443867 
 ----> 1.3#6.6#44.0#54.0#VAR 1791 0 0.57817 0.42183 
 ----> 1.3#6.6#44.0#54.0#VAR 1792 1 0.568423 0.431577 
 ----> 1.3#6.6#44.0#54.0#VAR 1793 0 0.602195 0.397805 
 ----> 1.3#6.6#44.0#54.0#VAR 1794 1 0.6087 0.3913 
 ----> 1.3#6.6#44.0#54.0#VAR 1795 1 0.584056 0.415944 
 ----> 1.3#6.6#44.0#54.0#VAR 1796 0 0.596316 0.403684 
 ----> 1.3#6.6#44.0#54.0#VAR 1797 1 0.572797 0.427203 
 ----> 1.3#6.6#44.0#54.0#VAR 1798 0 0.590304 0.409696 
 ----> 1.3#6.6#44.0#54.0#VAR 1799 0 0.573447 0.426553 
 ----> 1.3#6.6#44.0#54.0#VAR 1800 0 0.565598 0.434402 
 ----> 1.3#6.6#44.0#54.0#VAR 1801 1 0.598828 0.401172 
 ----> 1.3#6.6#44.0#54.0#VAR 1802 0 0.577439 0.422561 
 ----> 1.3#6.6#44.0#54.0#VAR 1803 1 0.586766 0.413234 
 ----> 1.3#6.6#44.0#54.0#VAR 1804 1 0.57703 0.42297 
 ----> 1.3#6.6#44.0#54.0#VAR 1805 0 0.597434 0.402566 
 ----> 1.3#6.6#44.0#54.0#VAR 1806 1 0.600826 0.399174 
 ----> 1.3#6.6#44.0#54.0#VAR 1807 1 0.598938 0.401062 
 ----> 1.3#6.6#44.0#54.0#VAR 1808 1 0.590363 0.409637 
 ----> 1.3#6.6#44.0#54.0#VAR 1809 1 0.612484 0.387516 
 ----> 1.3#6.6#44.0#54.0#VAR 1810 1 0.586711 0.413289 
 ----> 1.3#6.6#44.0#54.0#VAR 1811 1 0.600375 0.399625 
 ----> 1.3#6.6#44.0#54.0#VAR 1812 0 0.591598 0.408402 
 ----> 1.3#6.6#44.0#54.0#VAR 1813 1 0.582366 0.417634 
 ----> 1.3#6.6#44.0#54.0#VAR 1814 1 0.58821 0.41179 
 ----> 1.3#6.6#44.0#54.0#VAR 1815 0 0.566717 0.433283 
 ----> 1.3#6.6#44.0#54.0#VAR 1816 0 0.589357 0.410643 
 ----> 1.3#6.6#44.0#54.0#VAR 1817 1 0.592976 0.407024 
 ----> 1.3#6.6#44.0#54.0#VAR 1818 1 0.585403 0.414597 
 ----> 1.3#6.6#44.0#54.0#VAR 1819 0 0.598009 0.401991 
 ----> 1.3#6.6#44.0#54.0#VAR 1820 1 0.600824 0.399176 
 ----> 1.3#6.6#44.0#54.0#VAR 1821 0 0.591662 0.408338 
 ----> 1.3#6.6#44.0#54.0#VAR 1822 1 0.598175 0.401825 
 ----> 1.3#6.6#44.0#54.0#VAR 1823 1 0.599984 0.400016 
 ----> 1.3#6.6#44.0#54.0#VAR 1824 1 0.586073 0.413927 
 ----> 1.3#6.6#44.0#54.0#VAR 1825 1 0.583072 0.416928 
 ----> 1.3#6.6#44.0#54.0#VAR 1826 0 0.585594 0.414406 
 ++++> 1.3#6.6#44.0#54.0#VAR 1827  0 0.590594 0.409406 
