 ----> 1.3#6.6#44.0#54.0#VAR 7 1 0.57501 0.42499 
 ----> 1.3#6.6#44.0#54.0#VAR 8 0 0.563432 0.436568 
 ----> 1.3#6.6#44.0#54.0#VAR 9 0 0.581342 0.418658 
 ----> 1.3#6.6#44.0#54.0#VAR 10 1 0.575401 0.424599 
 ----> 1.3#6.6#44.0#54.0#VAR 11 0 0.585869 0.414131 
 ----> 1.3#6.6#44.0#54.0#VAR 12 1 0.599438 0.400562 
 ----> 1.3#6.6#44.0#54.0#VAR 13 0 0.582256 0.417744 
 ----> 1.3#6.6#44.0#54.0#VAR 14 0 0.577848 0.422152 
 ----> 1.3#6.6#44.0#54.0#VAR 15 0 0.584323 0.415677 
 ----> 1.3#6.6#44.0#54.0#VAR 16 0 0.59084 0.40916 
 ----> 1.3#6.6#44.0#54.0#VAR 17 1 0.582827 0.417173 
 ----> 1.3#6.6#44.0#54.0#VAR 18 1 0.582988 0.417012 
 ----> 1.3#6.6#44.0#54.0#VAR 19 1 0.595989 0.404011 
 ----> 1.3#6.6#44.0#54.0#VAR 20 1 0.590841 0.409159 
 ----> 1.3#6.6#44.0#54.0#VAR 21 0 0.586445 0.413555 
 ----> 1.3#6.6#44.0#54.0#VAR 22 0 0.595586 0.404414 
 ----> 1.3#6.6#44.0#54.0#VAR 23 0 0.598584 0.401416 
 ----> 1.3#6.6#44.0#54.0#VAR 24 1 0.579631 0.420369 
 ----> 1.3#6.6#44.0#54.0#VAR 25 0 0.602228 0.397772 
 ----> 1.3#6.6#44.0#54.0#VAR 26 0 0.596817 0.403183 
 ----> 1.3#6.6#44.0#54.0#VAR 27 0 0.589485 0.410515 
 ----> 1.3#6.6#44.0#54.0#VAR 28 1 0.567754 0.432246 
 ----> 1.3#6.6#44.0#54.0#VAR 29 1 0.588369 0.411631 
 ----> 1.3#6.6#44.0#54.0#VAR 30 0 0.578404 0.421596 
 ----> 1.3#6.6#44.0#54.0#VAR 31 1 0.59055 0.40945 
 ----> 1.3#6.6#44.0#54.0#VAR 32 1 0.579215 0.420785 
 ----> 1.3#6.6#44.0#54.0#VAR 33 0 0.586619 0.413381 
 ----> 1.3#6.6#44.0#54.0#VAR 34 0 0.603265 0.396735 
 ----> 1.3#6.6#44.0#54.0#VAR 35 1 0.572242 0.427758 
 ----> 1.3#6.6#44.0#54.0#VAR 36 0 0.589641 0.410359 
 ----> 1.3#6.6#44.0#54.0#VAR 37 0 0.600457 0.399543 
 ----> 1.3#6.6#44.0#54.0#VAR 38 0 0.591784 0.408216 
 ----> 1.3#6.6#44.0#54.0#VAR 39 1 0.563468 0.436532 
 ----> 1.3#6.6#44.0#54.0#VAR 40 0 0.5829 0.4171 
 ----> 1.3#6.6#44.0#54.0#VAR 41 0 0.587398 0.412602 
 ----> 1.3#6.6#44.0#54.0#VAR 42 0 0.578603 0.421397 
 ----> 1.3#6.6#44.0#54.0#VAR 43 1 0.580208 0.419792 
 ----> 1.3#6.6#44.0#54.0#VAR 44 1 0.593421 0.406579 
 ----> 1.3#6.6#44.0#54.0#VAR 45 0 0.57788 0.42212 
 ----> 1.3#6.6#44.0#54.0#VAR 46 0 0.603353 0.396647 
 ----> 1.3#6.6#44.0#54.0#VAR 47 1 0.596403 0.403597 
 ----> 1.3#6.6#44.0#54.0#VAR 48 1 0.585022 0.414978 
 ----> 1.3#6.6#44.0#54.0#VAR 49 1 0.577484 0.422516 
 ----> 1.3#6.6#44.0#54.0#VAR 50 1 0.580763 0.419237 
 ----> 1.3#6.6#44.0#54.0#VAR 51 0 0.583866 0.416134 
 ----> 1.3#6.6#44.0#54.0#VAR 52 1 0.584358 0.415642 
 ----> 1.3#6.6#44.0#54.0#VAR 53 0 0.581007 0.418993 
 ----> 1.3#6.6#44.0#54.0#VAR 54 1 0.573139 0.426861 
 ----> 1.3#6.6#44.0#54.0#VAR 55 0 0.602681 0.397319 
 ----> 1.3#6.6#44.0#54.0#VAR 56 0 0.600612 0.399388 
 ----> 1.3#6.6#44.0#54.0#VAR 57 0 0.587249 0.412751 
 ----> 1.3#6.6#44.0#54.0#VAR 58 1 0.580093 0.419907 
 ----> 1.3#6.6#44.0#54.0#VAR 59 1 0.588764 0.411236 
 ----> 1.3#6.6#44.0#54.0#VAR 60 0 0.595142 0.404858 
 ----> 1.3#6.6#44.0#54.0#VAR 61 0 0.589713 0.410287 
 ----> 1.3#6.6#44.0#54.0#VAR 62 0 0.596688 0.403312 
 ----> 1.3#6.6#44.0#54.0#VAR 63 1 0.583357 0.416643 
 ----> 1.3#6.6#44.0#54.0#VAR 64 0 0.603895 0.396105 
 ----> 1.3#6.6#44.0#54.0#VAR 65 1 0.580936 0.419064 
 ----> 1.3#6.6#44.0#54.0#VAR 66 0 0.601055 0.398945 
 ----> 1.3#6.6#44.0#54.0#VAR 67 0 0.59674 0.40326 
 ----> 1.3#6.6#44.0#54.0#VAR 68 1 0.598787 0.401213 
 ----> 1.3#6.6#44.0#54.0#VAR 69 0 0.601859 0.398141 
 ----> 1.3#6.6#44.0#54.0#VAR 70 0 0.603522 0.396478 
 ----> 1.3#6.6#44.0#54.0#VAR 71 0 0.601223 0.398777 
 ----> 1.3#6.6#44.0#54.0#VAR 72 0 0.592484 0.407516 
 ----> 1.3#6.6#44.0#54.0#VAR 73 1 0.589511 0.410489 
 ----> 1.3#6.6#44.0#54.0#VAR 74 1 0.594202 0.405798 
 ----> 1.3#6.6#44.0#54.0#VAR 75 1 0.592972 0.407028 
 ----> 1.3#6.6#44.0#54.0#VAR 76 1 0.578518 0.421482 
 ----> 1.3#6.6#44.0#54.0#VAR 77 1 0.584874 0.415126 
 ----> 1.3#6.6#44.0#54.0#VAR 78 1 0.586688 0.413312 
 ----> 1.3#6.6#44.0#54.0#VAR 79 1 0.583237 0.416763 
 ----> 1.3#6.6#44.0#54.0#VAR 80 0 0.600121 0.399879 
 ----> 1.3#6.6#44.0#54.0#VAR 81 1 0.576507 0.423493 
 ----> 1.3#6.6#44.0#54.0#VAR 82 0 0.59322 0.40678 
 ----> 1.3#6.6#44.0#54.0#VAR 83 1 0.59959 0.40041 
 ----> 1.3#6.6#44.0#54.0#VAR 84 0 0.609597 0.390403 
 ----> 1.3#6.6#44.0#54.0#VAR 85 1 0.575165 0.424835 
 ----> 1.3#6.6#44.0#54.0#VAR 86 1 0.578586 0.421414 
 ----> 1.3#6.6#44.0#54.0#VAR 87 1 0.592493 0.407507 
 ----> 1.3#6.6#44.0#54.0#VAR 88 1 0.58093 0.41907 
 ----> 1.3#6.6#44.0#54.0#VAR 89 0 0.591003 0.408997 
 ----> 1.3#6.6#44.0#54.0#VAR 90 0 0.594804 0.405196 
 ----> 1.3#6.6#44.0#54.0#VAR 91 0 0.583418 0.416582 
 ----> 1.3#6.6#44.0#54.0#VAR 92 1 0.595255 0.404745 
 ----> 1.3#6.6#44.0#54.0#VAR 93 1 0.572033 0.427967 
 ----> 1.3#6.6#44.0#54.0#VAR 94 0 0.589373 0.410627 
 ----> 1.3#6.6#44.0#54.0#VAR 95 1 0.590181 0.409819 
 ----> 1.3#6.6#44.0#54.0#VAR 96 1 0.582282 0.417718 
 ----> 1.3#6.6#44.0#54.0#VAR 97 0 0.598124 0.401876 
 ----> 1.3#6.6#44.0#54.0#VAR 98 0 0.59502 0.40498 
 ----> 1.3#6.6#44.0#54.0#VAR 99 0 0.600805 0.399195 
 ----> 1.3#6.6#44.0#54.0#VAR 100 0 0.593205 0.406795 
 ----> 1.3#6.6#44.0#54.0#VAR 101 0 0.610453 0.389547 
 ----> 1.3#6.6#44.0#54.0#VAR 102 0 0.597008 0.402992 
 ----> 1.3#6.6#44.0#54.0#VAR 103 0 0.596092 0.403908 
 ----> 1.3#6.6#44.0#54.0#VAR 104 0 0.599085 0.400915 
 ----> 1.3#6.6#44.0#54.0#VAR 105 0 0.614666 0.385334 
 ----> 1.3#6.6#44.0#54.0#VAR 106 0 0.600507 0.399493 
 ----> 1.3#6.6#44.0#54.0#VAR 107 0 0.599073 0.400927 
 ----> 1.3#6.6#44.0#54.0#VAR 108 0 0.600636 0.399364 
 ----> 1.3#6.6#44.0#54.0#VAR 109 1 0.58064 0.41936 
 ----> 1.3#6.6#44.0#54.0#VAR 110 1 0.597225 0.402775 
 ----> 1.3#6.6#44.0#54.0#VAR 111 0 0.613042 0.386958 
 ----> 1.3#6.6#44.0#54.0#VAR 112 1 0.589197 0.410803 
 ----> 1.3#6.6#44.0#54.0#VAR 113 1 0.594642 0.405358 
 ----> 1.3#6.6#44.0#54.0#VAR 114 0 0.602018 0.397982 
 ----> 1.3#6.6#44.0#54.0#VAR 115 1 0.576017 0.423983 
 ----> 1.3#6.6#44.0#54.0#VAR 116 0 0.594862 0.405138 
 ----> 1.3#6.6#44.0#54.0#VAR 117 1 0.592623 0.407377 
 ----> 1.3#6.6#44.0#54.0#VAR 118 1 0.577957 0.422043 
 ----> 1.3#6.6#44.0#54.0#VAR 119 1 0.587884 0.412116 
 ----> 1.3#6.6#44.0#54.0#VAR 120 1 0.575232 0.424768 
 ----> 1.3#6.6#44.0#54.0#VAR 121 0 0.587787 0.412213 
 ----> 1.3#6.6#44.0#54.0#VAR 122 1 0.593203 0.406797 
 ----> 1.3#6.6#44.0#54.0#VAR 123 0 0.607267 0.392733 
 ----> 1.3#6.6#44.0#54.0#VAR 124 0 0.601482 0.398518 
 ----> 1.3#6.6#44.0#54.0#VAR 125 1 0.576797 0.423203 
 ----> 1.3#6.6#44.0#54.0#VAR 126 1 0.57455 0.42545 
 ----> 1.3#6.6#44.0#54.0#VAR 127 0 0.587538 0.412462 
 ----> 1.3#6.6#44.0#54.0#VAR 128 1 0.575068 0.424932 
 ----> 1.3#6.6#44.0#54.0#VAR 129 1 0.573655 0.426345 
 ----> 1.3#6.6#44.0#54.0#VAR 130 1 0.591226 0.408774 
 ----> 1.3#6.6#44.0#54.0#VAR 131 1 0.57807 0.42193 
 ----> 1.3#6.6#44.0#54.0#VAR 132 1 0.579736 0.420264 
 ----> 1.3#6.6#44.0#54.0#VAR 133 1 0.602906 0.397094 
 ----> 1.3#6.6#44.0#54.0#VAR 134 0 0.627367 0.372633 
 ----> 1.3#6.6#44.0#54.0#VAR 135 1 0.551932 0.448068 
 ----> 1.3#6.6#44.0#54.0#VAR 136 0 0.614215 0.385785 
 ----> 1.3#6.6#44.0#54.0#VAR 137 0 0.616727 0.383273 
 ----> 1.3#6.6#44.0#54.0#VAR 138 0 0.618958 0.381042 
 ----> 1.3#6.6#44.0#54.0#VAR 139 0 0.624767 0.375233 
 ----> 1.3#6.6#44.0#54.0#VAR 140 1 0.553487 0.446513 
 ----> 1.3#6.6#44.0#54.0#VAR 141 1 0.599765 0.400235 
 ----> 1.3#6.6#44.0#54.0#VAR 142 0 0.599301 0.400699 
 ----> 1.3#6.6#44.0#54.0#VAR 143 0 0.598829 0.401171 
 ----> 1.3#6.6#44.0#54.0#VAR 144 1 0.596068 0.403932 
 ----> 1.3#6.6#44.0#54.0#VAR 145 0 0.604519 0.395481 
 ----> 1.3#6.6#44.0#54.0#VAR 146 0 0.587346 0.412654 
 ----> 1.3#6.6#44.0#54.0#VAR 147 0 0.590671 0.409329 
 ----> 1.3#6.6#44.0#54.0#VAR 148 1 0.59258 0.40742 
 ----> 1.3#6.6#44.0#54.0#VAR 149 0 0.617381 0.382619 
 ----> 1.3#6.6#44.0#54.0#VAR 150 1 0.598042 0.401958 
 ----> 1.3#6.6#44.0#54.0#VAR 151 0 0.607411 0.392589 
 ----> 1.3#6.6#44.0#54.0#VAR 152 1 0.583313 0.416687 
 ----> 1.3#6.6#44.0#54.0#VAR 153 0 0.611345 0.388655 
 ----> 1.3#6.6#44.0#54.0#VAR 154 0 0.583145 0.416855 
 ----> 1.3#6.6#44.0#54.0#VAR 155 0 0.602933 0.397067 
 ----> 1.3#6.6#44.0#54.0#VAR 156 0 0.598792 0.401208 
 ----> 1.3#6.6#44.0#54.0#VAR 157 0 0.625125 0.374875 
 ----> 1.3#6.6#44.0#54.0#VAR 158 1 0.588065 0.411935 
 ----> 1.3#6.6#44.0#54.0#VAR 159 0 0.599789 0.400211 
 ----> 1.3#6.6#44.0#54.0#VAR 160 1 0.588405 0.411595 
 ----> 1.3#6.6#44.0#54.0#VAR 161 0 0.601113 0.398887 
 ----> 1.3#6.6#44.0#54.0#VAR 162 0 0.59102 0.40898 
 ----> 1.3#6.6#44.0#54.0#VAR 163 0 0.604922 0.395078 
 ----> 1.3#6.6#44.0#54.0#VAR 164 1 0.593209 0.406791 
 ----> 1.3#6.6#44.0#54.0#VAR 165 1 0.581446 0.418554 
 ----> 1.3#6.6#44.0#54.0#VAR 166 0 0.631724 0.368276 
 ----> 1.3#6.6#44.0#54.0#VAR 167 0 0.593694 0.406306 
 ----> 1.3#6.6#44.0#54.0#VAR 168 1 0.599376 0.400624 
 ----> 1.3#6.6#44.0#54.0#VAR 169 1 0.590452 0.409548 
 ----> 1.3#6.6#44.0#54.0#VAR 170 0 0.595544 0.404456 
 ----> 1.3#6.6#44.0#54.0#VAR 171 0 0.593702 0.406298 
 ----> 1.3#6.6#44.0#54.0#VAR 172 0 0.592237 0.407763 
 ----> 1.3#6.6#44.0#54.0#VAR 173 1 0.599862 0.400138 
 ----> 1.3#6.6#44.0#54.0#VAR 174 0 0.596329 0.403671 
 ----> 1.3#6.6#44.0#54.0#VAR 175 0 0.619541 0.380459 
 ----> 1.3#6.6#44.0#54.0#VAR 176 0 0.602728 0.397272 
 ----> 1.3#6.6#44.0#54.0#VAR 177 1 0.555506 0.444494 
 ----> 1.3#6.6#44.0#54.0#VAR 178 0 0.59528 0.40472 
 ----> 1.3#6.6#44.0#54.0#VAR 179 0 0.596709 0.403291 
 ----> 1.3#6.6#44.0#54.0#VAR 180 0 0.577114 0.422886 
 ----> 1.3#6.6#44.0#54.0#VAR 181 1 0.580916 0.419084 
 ----> 1.3#6.6#44.0#54.0#VAR 182 1 0.586589 0.413411 
 ----> 1.3#6.6#44.0#54.0#VAR 183 0 0.608099 0.391901 
 ----> 1.3#6.6#44.0#54.0#VAR 184 0 0.618093 0.381907 
 ----> 1.3#6.6#44.0#54.0#VAR 185 0 0.601044 0.398956 
 ----> 1.3#6.6#44.0#54.0#VAR 186 0 0.603029 0.396971 
 ----> 1.3#6.6#44.0#54.0#VAR 187 0 0.614036 0.385964 
 ----> 1.3#6.6#44.0#54.0#VAR 188 1 0.59635 0.40365 
 ----> 1.3#6.6#44.0#54.0#VAR 189 0 0.601101 0.398899 
 ----> 1.3#6.6#44.0#54.0#VAR 190 1 0.596573 0.403427 
 ----> 1.3#6.6#44.0#54.0#VAR 191 0 0.609621 0.390379 
 ----> 1.3#6.6#44.0#54.0#VAR 192 0 0.60537 0.39463 
 ----> 1.3#6.6#44.0#54.0#VAR 193 0 0.610199 0.389801 
 ----> 1.3#6.6#44.0#54.0#VAR 194 0 0.622071 0.377929 
 ----> 1.3#6.6#44.0#54.0#VAR 195 0 0.624511 0.375489 
 ----> 1.3#6.6#44.0#54.0#VAR 196 1 0.615315 0.384685 
 ----> 1.3#6.6#44.0#54.0#VAR 197 0 0.595593 0.404407 
 ----> 1.3#6.6#44.0#54.0#VAR 198 1 0.605674 0.394326 
 ----> 1.3#6.6#44.0#54.0#VAR 199 0 0.598576 0.401424 
 ----> 1.3#6.6#44.0#54.0#VAR 200 0 0.59001 0.40999 
 ----> 1.3#6.6#44.0#54.0#VAR 201 0 0.594617 0.405383 
 ----> 1.3#6.6#44.0#54.0#VAR 202 0 0.604292 0.395708 
 ----> 1.3#6.6#44.0#54.0#VAR 203 0 0.60287 0.39713 
 ----> 1.3#6.6#44.0#54.0#VAR 204 0 0.596827 0.403173 
 ----> 1.3#6.6#44.0#54.0#VAR 205 1 0.58688 0.41312 
 ----> 1.3#6.6#44.0#54.0#VAR 206 0 0.607491 0.392509 
 ----> 1.3#6.6#44.0#54.0#VAR 207 0 0.603979 0.396021 
 ----> 1.3#6.6#44.0#54.0#VAR 208 0 0.605338 0.394662 
 ----> 1.3#6.6#44.0#54.0#VAR 209 1 0.599572 0.400428 
 ----> 1.3#6.6#44.0#54.0#VAR 210 1 0.595378 0.404622 
 ----> 1.3#6.6#44.0#54.0#VAR 211 0 0.599211 0.400789 
 ----> 1.3#6.6#44.0#54.0#VAR 212 0 0.618467 0.381533 
 ----> 1.3#6.6#44.0#54.0#VAR 213 1 0.589385 0.410615 
 ----> 1.3#6.6#44.0#54.0#VAR 214 1 0.592701 0.407299 
 ----> 1.3#6.6#44.0#54.0#VAR 215 1 0.593874 0.406126 
 ----> 1.3#6.6#44.0#54.0#VAR 216 0 0.603165 0.396835 
 ----> 1.3#6.6#44.0#54.0#VAR 217 1 0.60179 0.39821 
 ----> 1.3#6.6#44.0#54.0#VAR 218 1 0.579718 0.420282 
 ----> 1.3#6.6#44.0#54.0#VAR 219 0 0.612442 0.387558 
 ----> 1.3#6.6#44.0#54.0#VAR 220 0 0.621462 0.378538 
 ----> 1.3#6.6#44.0#54.0#VAR 221 0 0.594823 0.405177 
 ----> 1.3#6.6#44.0#54.0#VAR 222 1 0.599876 0.400124 
 ----> 1.3#6.6#44.0#54.0#VAR 223 1 0.598104 0.401896 
 ----> 1.3#6.6#44.0#54.0#VAR 224 0 0.588882 0.411118 
 ----> 1.3#6.6#44.0#54.0#VAR 225 1 0.584652 0.415348 
 ----> 1.3#6.6#44.0#54.0#VAR 226 0 0.603028 0.396972 
 ----> 1.3#6.6#44.0#54.0#VAR 227 0 0.599347 0.400653 
 ----> 1.3#6.6#44.0#54.0#VAR 228 0 0.604246 0.395754 
 ----> 1.3#6.6#44.0#54.0#VAR 229 0 0.616022 0.383978 
 ----> 1.3#6.6#44.0#54.0#VAR 230 1 0.571774 0.428226 
 ----> 1.3#6.6#44.0#54.0#VAR 231 0 0.61745 0.38255 
 ----> 1.3#6.6#44.0#54.0#VAR 232 1 0.593587 0.406413 
 ----> 1.3#6.6#44.0#54.0#VAR 233 0 0.597868 0.402132 
 ----> 1.3#6.6#44.0#54.0#VAR 234 0 0.595804 0.404196 
 ----> 1.3#6.6#44.0#54.0#VAR 235 0 0.606741 0.393259 
 ----> 1.3#6.6#44.0#54.0#VAR 236 0 0.605014 0.394986 
 ----> 1.3#6.6#44.0#54.0#VAR 237 0 0.586724 0.413276 
 ----> 1.3#6.6#44.0#54.0#VAR 238 0 0.632585 0.367415 
 ----> 1.3#6.6#44.0#54.0#VAR 239 0 0.605732 0.394268 
 ----> 1.3#6.6#44.0#54.0#VAR 240 1 0.598451 0.401549 
 ----> 1.3#6.6#44.0#54.0#VAR 241 0 0.609158 0.390842 
 ----> 1.3#6.6#44.0#54.0#VAR 242 0 0.611895 0.388105 
 ----> 1.3#6.6#44.0#54.0#VAR 243 1 0.608541 0.391459 
 ----> 1.3#6.6#44.0#54.0#VAR 244 0 0.622001 0.377999 
 ----> 1.3#6.6#44.0#54.0#VAR 245 1 0.603751 0.396249 
 ----> 1.3#6.6#44.0#54.0#VAR 246 1 0.600752 0.399248 
 ----> 1.3#6.6#44.0#54.0#VAR 247 0 0.610448 0.389552 
 ----> 1.3#6.6#44.0#54.0#VAR 248 0 0.608909 0.391091 
 ----> 1.3#6.6#44.0#54.0#VAR 249 1 0.594607 0.405393 
 ----> 1.3#6.6#44.0#54.0#VAR 250 0 0.603553 0.396447 
 ----> 1.3#6.6#44.0#54.0#VAR 251 0 0.58526 0.41474 
 ----> 1.3#6.6#44.0#54.0#VAR 252 0 0.590564 0.409436 
 ----> 1.3#6.6#44.0#54.0#VAR 253 0 0.597966 0.402034 
 ----> 1.3#6.6#44.0#54.0#VAR 254 0 0.596106 0.403894 
 ----> 1.3#6.6#44.0#54.0#VAR 255 1 0.588734 0.411266 
 ----> 1.3#6.6#44.0#54.0#VAR 256 1 0.617871 0.382129 
 ----> 1.3#6.6#44.0#54.0#VAR 257 0 0.60558 0.39442 
 ----> 1.3#6.6#44.0#54.0#VAR 258 0 0.60072 0.39928 
 ----> 1.3#6.6#44.0#54.0#VAR 259 0 0.616824 0.383176 
 ----> 1.3#6.6#44.0#54.0#VAR 260 1 0.572573 0.427427 
 ----> 1.3#6.6#44.0#54.0#VAR 261 0 0.598395 0.401605 
 ----> 1.3#6.6#44.0#54.0#VAR 262 0 0.601232 0.398768 
 ----> 1.3#6.6#44.0#54.0#VAR 263 1 0.593484 0.406516 
 ----> 1.3#6.6#44.0#54.0#VAR 264 1 0.586047 0.413953 
 ----> 1.3#6.6#44.0#54.0#VAR 265 1 0.586537 0.413463 
 ----> 1.3#6.6#44.0#54.0#VAR 266 1 0.586579 0.413421 
 ----> 1.3#6.6#44.0#54.0#VAR 267 0 0.584957 0.415043 
 ----> 1.3#6.6#44.0#54.0#VAR 268 0 0.626594 0.373406 
 ----> 1.3#6.6#44.0#54.0#VAR 269 0 0.592949 0.407051 
 ----> 1.3#6.6#44.0#54.0#VAR 270 1 0.576979 0.423021 
 ----> 1.3#6.6#44.0#54.0#VAR 271 0 0.594023 0.405977 
 ----> 1.3#6.6#44.0#54.0#VAR 272 1 0.591825 0.408175 
 ----> 1.3#6.6#44.0#54.0#VAR 273 0 0.635816 0.364184 
 ----> 1.3#6.6#44.0#54.0#VAR 274 0 0.584731 0.415269 
 ----> 1.3#6.6#44.0#54.0#VAR 275 0 0.592942 0.407058 
 ----> 1.3#6.6#44.0#54.0#VAR 276 0 0.603692 0.396308 
 ----> 1.3#6.6#44.0#54.0#VAR 277 0 0.586718 0.413282 
 ----> 1.3#6.6#44.0#54.0#VAR 278 0 0.599429 0.400571 
 ----> 1.3#6.6#44.0#54.0#VAR 279 0 0.613418 0.386582 
 ----> 1.3#6.6#44.0#54.0#VAR 280 1 0.593071 0.406929 
 ----> 1.3#6.6#44.0#54.0#VAR 281 1 0.578398 0.421602 
 ----> 1.3#6.6#44.0#54.0#VAR 282 0 0.599437 0.400563 
 ----> 1.3#6.6#44.0#54.0#VAR 283 0 0.596841 0.403159 
 ----> 1.3#6.6#44.0#54.0#VAR 284 0 0.601634 0.398366 
 ----> 1.3#6.6#44.0#54.0#VAR 285 0 0.616609 0.383391 
 ----> 1.3#6.6#44.0#54.0#VAR 286 1 0.58175 0.41825 
 ----> 1.3#6.6#44.0#54.0#VAR 287 0 0.593364 0.406636 
 ----> 1.3#6.6#44.0#54.0#VAR 288 0 0.618753 0.381247 
 ----> 1.3#6.6#44.0#54.0#VAR 289 0 0.608726 0.391274 
 ----> 1.3#6.6#44.0#54.0#VAR 290 1 0.563274 0.436726 
 ----> 1.3#6.6#44.0#54.0#VAR 291 0 0.606969 0.393031 
 ----> 1.3#6.6#44.0#54.0#VAR 292 0 0.602674 0.397326 
 ----> 1.3#6.6#44.0#54.0#VAR 293 1 0.581174 0.418826 
 ----> 1.3#6.6#44.0#54.0#VAR 294 0 0.595618 0.404382 
 ----> 1.3#6.6#44.0#54.0#VAR 295 1 0.596262 0.403738 
 ----> 1.3#6.6#44.0#54.0#VAR 296 0 0.592156 0.407844 
 ----> 1.3#6.6#44.0#54.0#VAR 297 0 0.604591 0.395409 
 ----> 1.3#6.6#44.0#54.0#VAR 298 0 0.600283 0.399717 
 ----> 1.3#6.6#44.0#54.0#VAR 299 0 0.613095 0.386905 
 ----> 1.3#6.6#44.0#54.0#VAR 300 0 0.609179 0.390821 
 ----> 1.3#6.6#44.0#54.0#VAR 301 1 0.598564 0.401436 
 ----> 1.3#6.6#44.0#54.0#VAR 302 1 0.58577 0.41423 
 ----> 1.3#6.6#44.0#54.0#VAR 303 1 0.599624 0.400376 
 ----> 1.3#6.6#44.0#54.0#VAR 304 0 0.606047 0.393953 
 ----> 1.3#6.6#44.0#54.0#VAR 305 0 0.609105 0.390895 
 ----> 1.3#6.6#44.0#54.0#VAR 306 0 0.61169 0.38831 
 ----> 1.3#6.6#44.0#54.0#VAR 307 1 0.598662 0.401338 
 ----> 1.3#6.6#44.0#54.0#VAR 308 1 0.577428 0.422572 
 ----> 1.3#6.6#44.0#54.0#VAR 309 0 0.601703 0.398297 
 ----> 1.3#6.6#44.0#54.0#VAR 310 0 0.605572 0.394428 
 ----> 1.3#6.6#44.0#54.0#VAR 311 0 0.629624 0.370376 
 ----> 1.3#6.6#44.0#54.0#VAR 312 1 0.60593 0.39407 
 ----> 1.3#6.6#44.0#54.0#VAR 313 0 0.608797 0.391203 
 ----> 1.3#6.6#44.0#54.0#VAR 314 0 0.601021 0.398979 
 ----> 1.3#6.6#44.0#54.0#VAR 315 0 0.610406 0.389594 
 ----> 1.3#6.6#44.0#54.0#VAR 316 0 0.60499 0.39501 
 ----> 1.3#6.6#44.0#54.0#VAR 317 0 0.597071 0.402929 
 ----> 1.3#6.6#44.0#54.0#VAR 318 0 0.607428 0.392572 
 ----> 1.3#6.6#44.0#54.0#VAR 319 0 0.591519 0.408481 
 ----> 1.3#6.6#44.0#54.0#VAR 320 0 0.622541 0.377459 
 ----> 1.3#6.6#44.0#54.0#VAR 321 0 0.619922 0.380078 
 ----> 1.3#6.6#44.0#54.0#VAR 322 0 0.619147 0.380853 
 ----> 1.3#6.6#44.0#54.0#VAR 323 0 0.599511 0.400489 
 ----> 1.3#6.6#44.0#54.0#VAR 324 0 0.583733 0.416267 
 ----> 1.3#6.6#44.0#54.0#VAR 325 0 0.613371 0.386629 
 ----> 1.3#6.6#44.0#54.0#VAR 326 0 0.617167 0.382833 
 ----> 1.3#6.6#44.0#54.0#VAR 327 0 0.598298 0.401702 
 ----> 1.3#6.6#44.0#54.0#VAR 328 0 0.605353 0.394647 
 ----> 1.3#6.6#44.0#54.0#VAR 329 1 0.585003 0.414997 
 ----> 1.3#6.6#44.0#54.0#VAR 330 1 0.589822 0.410178 
 ----> 1.3#6.6#44.0#54.0#VAR 331 1 0.568924 0.431076 
 ----> 1.3#6.6#44.0#54.0#VAR 332 0 0.564287 0.435713 
 ----> 1.3#6.6#44.0#54.0#VAR 333 0 0.61257 0.38743 
 ----> 1.3#6.6#44.0#54.0#VAR 334 0 0.599727 0.400273 
 ----> 1.3#6.6#44.0#54.0#VAR 335 0 0.599404 0.400596 
 ----> 1.3#6.6#44.0#54.0#VAR 336 0 0.622763 0.377237 
 ----> 1.3#6.6#44.0#54.0#VAR 337 0 0.611056 0.388944 
 ----> 1.3#6.6#44.0#54.0#VAR 338 0 0.623113 0.376887 
 ----> 1.3#6.6#44.0#54.0#VAR 339 0 0.593231 0.406769 
 ----> 1.3#6.6#44.0#54.0#VAR 340 1 0.599863 0.400137 
 ----> 1.3#6.6#44.0#54.0#VAR 341 1 0.589348 0.410652 
 ----> 1.3#6.6#44.0#54.0#VAR 342 0 0.608528 0.391472 
 ----> 1.3#6.6#44.0#54.0#VAR 343 0 0.609517 0.390483 
 ----> 1.3#6.6#44.0#54.0#VAR 344 0 0.609117 0.390883 
 ----> 1.3#6.6#44.0#54.0#VAR 345 0 0.622129 0.377871 
 ----> 1.3#6.6#44.0#54.0#VAR 346 0 0.587284 0.412716 
 ----> 1.3#6.6#44.0#54.0#VAR 347 0 0.614674 0.385326 
 ----> 1.3#6.6#44.0#54.0#VAR 348 0 0.60579 0.39421 
 ----> 1.3#6.6#44.0#54.0#VAR 349 1 0.588359 0.411641 
 ----> 1.3#6.6#44.0#54.0#VAR 350 0 0.600269 0.399731 
 ----> 1.3#6.6#44.0#54.0#VAR 351 0 0.577879 0.422121 
 ----> 1.3#6.6#44.0#54.0#VAR 352 0 0.592821 0.407179 
 ----> 1.3#6.6#44.0#54.0#VAR 353 0 0.59197 0.40803 
 ----> 1.3#6.6#44.0#54.0#VAR 354 1 0.583916 0.416084 
 ----> 1.3#6.6#44.0#54.0#VAR 355 0 0.592876 0.407124 
 ----> 1.3#6.6#44.0#54.0#VAR 356 0 0.59789 0.40211 
 ----> 1.3#6.6#44.0#54.0#VAR 357 0 0.602122 0.397878 
 ----> 1.3#6.6#44.0#54.0#VAR 358 0 0.604506 0.395494 
 ----> 1.3#6.6#44.0#54.0#VAR 359 1 0.594174 0.405826 
 ----> 1.3#6.6#44.0#54.0#VAR 360 0 0.61007 0.38993 
 ----> 1.3#6.6#44.0#54.0#VAR 361 0 0.612454 0.387546 
 ----> 1.3#6.6#44.0#54.0#VAR 362 0 0.606817 0.393183 
 ----> 1.3#6.6#44.0#54.0#VAR 363 0 0.603715 0.396285 
 ----> 1.3#6.6#44.0#54.0#VAR 364 0 0.597655 0.402345 
 ----> 1.3#6.6#44.0#54.0#VAR 365 1 0.596434 0.403566 
 ----> 1.3#6.6#44.0#54.0#VAR 366 0 0.612426 0.387574 
 ----> 1.3#6.6#44.0#54.0#VAR 367 0 0.590761 0.409239 
 ----> 1.3#6.6#44.0#54.0#VAR 368 1 0.574019 0.425981 
 ----> 1.3#6.6#44.0#54.0#VAR 369 0 0.604494 0.395506 
 ----> 1.3#6.6#44.0#54.0#VAR 370 0 0.594975 0.405025 
 ----> 1.3#6.6#44.0#54.0#VAR 371 0 0.598181 0.401819 
 ----> 1.3#6.6#44.0#54.0#VAR 372 0 0.60711 0.39289 
 ----> 1.3#6.6#44.0#54.0#VAR 373 0 0.611241 0.388759 
 ----> 1.3#6.6#44.0#54.0#VAR 374 1 0.599429 0.400571 
 ----> 1.3#6.6#44.0#54.0#VAR 375 0 0.616613 0.383387 
 ----> 1.3#6.6#44.0#54.0#VAR 376 0 0.616088 0.383912 
 ----> 1.3#6.6#44.0#54.0#VAR 377 1 0.561065 0.438935 
 ----> 1.3#6.6#44.0#54.0#VAR 378 0 0.624442 0.375558 
 ----> 1.3#6.6#44.0#54.0#VAR 379 0 0.596675 0.403325 
 ----> 1.3#6.6#44.0#54.0#VAR 380 0 0.611303 0.388697 
 ----> 1.3#6.6#44.0#54.0#VAR 381 0 0.615988 0.384012 
 ----> 1.3#6.6#44.0#54.0#VAR 382 1 0.589441 0.410559 
 ----> 1.3#6.6#44.0#54.0#VAR 383 1 0.603032 0.396968 
 ----> 1.3#6.6#44.0#54.0#VAR 384 1 0.614861 0.385139 
 ----> 1.3#6.6#44.0#54.0#VAR 385 0 0.599231 0.400769 
 ----> 1.3#6.6#44.0#54.0#VAR 386 0 0.609554 0.390446 
 ----> 1.3#6.6#44.0#54.0#VAR 387 0 0.615112 0.384888 
 ----> 1.3#6.6#44.0#54.0#VAR 388 0 0.60853 0.39147 
 ----> 1.3#6.6#44.0#54.0#VAR 389 0 0.605374 0.394626 
 ----> 1.3#6.6#44.0#54.0#VAR 390 0 0.607433 0.392567 
 ----> 1.3#6.6#44.0#54.0#VAR 391 0 0.619199 0.380801 
 ----> 1.3#6.6#44.0#54.0#VAR 392 0 0.594227 0.405773 
 ----> 1.3#6.6#44.0#54.0#VAR 393 0 0.5794 0.4206 
 ----> 1.3#6.6#44.0#54.0#VAR 394 0 0.591643 0.408357 
 ----> 1.3#6.6#44.0#54.0#VAR 395 1 0.597974 0.402026 
 ----> 1.3#6.6#44.0#54.0#VAR 396 0 0.597504 0.402496 
 ----> 1.3#6.6#44.0#54.0#VAR 397 0 0.593977 0.406023 
 ----> 1.3#6.6#44.0#54.0#VAR 398 1 0.588369 0.411631 
 ----> 1.3#6.6#44.0#54.0#VAR 399 0 0.589505 0.410495 
 ----> 1.3#6.6#44.0#54.0#VAR 400 0 0.605429 0.394571 
 ----> 1.3#6.6#44.0#54.0#VAR 401 1 0.599096 0.400904 
 ----> 1.3#6.6#44.0#54.0#VAR 402 0 0.616091 0.383909 
 ----> 1.3#6.6#44.0#54.0#VAR 403 0 0.600753 0.399247 
 ----> 1.3#6.6#44.0#54.0#VAR 404 0 0.620739 0.379261 
 ----> 1.3#6.6#44.0#54.0#VAR 405 0 0.620516 0.379484 
 ----> 1.3#6.6#44.0#54.0#VAR 406 0 0.626587 0.373413 
 ----> 1.3#6.6#44.0#54.0#VAR 407 1 0.555126 0.444874 
 ----> 1.3#6.6#44.0#54.0#VAR 408 0 0.621969 0.378031 
 ----> 1.3#6.6#44.0#54.0#VAR 409 1 0.558315 0.441685 
 ----> 1.3#6.6#44.0#54.0#VAR 410 1 0.586745 0.413255 
 ----> 1.3#6.6#44.0#54.0#VAR 411 0 0.613225 0.386775 
 ----> 1.3#6.6#44.0#54.0#VAR 412 0 0.615563 0.384437 
 ----> 1.3#6.6#44.0#54.0#VAR 413 1 0.59063 0.40937 
 ----> 1.3#6.6#44.0#54.0#VAR 414 0 0.615543 0.384457 
 ----> 1.3#6.6#44.0#54.0#VAR 415 0 0.594591 0.405409 
 ----> 1.3#6.6#44.0#54.0#VAR 416 1 0.590308 0.409692 
 ----> 1.3#6.6#44.0#54.0#VAR 417 0 0.610007 0.389993 
 ----> 1.3#6.6#44.0#54.0#VAR 418 0 0.585596 0.414404 
 ----> 1.3#6.6#44.0#54.0#VAR 419 0 0.593457 0.406543 
 ----> 1.3#6.6#44.0#54.0#VAR 420 0 0.594879 0.405121 
 ----> 1.3#6.6#44.0#54.0#VAR 421 0 0.598498 0.401502 
 ----> 1.3#6.6#44.0#54.0#VAR 422 0 0.590176 0.409824 
 ----> 1.3#6.6#44.0#54.0#VAR 423 0 0.604964 0.395036 
 ----> 1.3#6.6#44.0#54.0#VAR 424 0 0.598453 0.401547 
 ----> 1.3#6.6#44.0#54.0#VAR 425 0 0.605665 0.394335 
 ----> 1.3#6.6#44.0#54.0#VAR 426 1 0.598147 0.401853 
 ----> 1.3#6.6#44.0#54.0#VAR 427 0 0.608941 0.391059 
 ----> 1.3#6.6#44.0#54.0#VAR 428 0 0.602088 0.397912 
 ----> 1.3#6.6#44.0#54.0#VAR 429 0 0.607409 0.392591 
 ----> 1.3#6.6#44.0#54.0#VAR 430 1 0.603017 0.396983 
 ----> 1.3#6.6#44.0#54.0#VAR 431 0 0.587248 0.412752 
 ----> 1.3#6.6#44.0#54.0#VAR 432 0 0.606234 0.393766 
 ----> 1.3#6.6#44.0#54.0#VAR 433 0 0.583843 0.416157 
 ----> 1.3#6.6#44.0#54.0#VAR 434 0 0.617153 0.382847 
 ----> 1.3#6.6#44.0#54.0#VAR 435 0 0.601601 0.398399 
 ----> 1.3#6.6#44.0#54.0#VAR 436 0 0.609816 0.390184 
 ----> 1.3#6.6#44.0#54.0#VAR 437 0 0.599013 0.400987 
 ----> 1.3#6.6#44.0#54.0#VAR 438 1 0.60065 0.39935 
 ----> 1.3#6.6#44.0#54.0#VAR 439 1 0.583309 0.416691 
 ----> 1.3#6.6#44.0#54.0#VAR 440 0 0.604378 0.395622 
 ----> 1.3#6.6#44.0#54.0#VAR 441 0 0.601693 0.398307 
 ----> 1.3#6.6#44.0#54.0#VAR 442 1 0.57992 0.42008 
 ----> 1.3#6.6#44.0#54.0#VAR 443 1 0.591843 0.408157 
 ----> 1.3#6.6#44.0#54.0#VAR 444 0 0.616175 0.383825 
 ----> 1.3#6.6#44.0#54.0#VAR 445 0 0.61125 0.38875 
 ----> 1.3#6.6#44.0#54.0#VAR 446 1 0.589251 0.410749 
 ----> 1.3#6.6#44.0#54.0#VAR 447 0 0.606894 0.393106 
 ----> 1.3#6.6#44.0#54.0#VAR 448 0 0.599264 0.400736 
 ----> 1.3#6.6#44.0#54.0#VAR 449 1 0.599066 0.400934 
 ----> 1.3#6.6#44.0#54.0#VAR 450 0 0.593406 0.406594 
 ----> 1.3#6.6#44.0#54.0#VAR 451 0 0.592781 0.407219 
 ----> 1.3#6.6#44.0#54.0#VAR 452 0 0.597671 0.402329 
 ----> 1.3#6.6#44.0#54.0#VAR 453 0 0.600457 0.399543 
 ----> 1.3#6.6#44.0#54.0#VAR 454 0 0.618437 0.381563 
 ----> 1.3#6.6#44.0#54.0#VAR 455 0 0.608743 0.391257 
 ----> 1.3#6.6#44.0#54.0#VAR 456 0 0.606562 0.393438 
 ----> 1.3#6.6#44.0#54.0#VAR 457 0 0.587065 0.412935 
 ----> 1.3#6.6#44.0#54.0#VAR 458 1 0.5938 0.4062 
 ----> 1.3#6.6#44.0#54.0#VAR 459 0 0.607484 0.392516 
 ----> 1.3#6.6#44.0#54.0#VAR 460 1 0.606626 0.393374 
 ----> 1.3#6.6#44.0#54.0#VAR 461 0 0.63152 0.36848 
 ----> 1.3#6.6#44.0#54.0#VAR 462 1 0.586547 0.413453 
 ----> 1.3#6.6#44.0#54.0#VAR 463 0 0.602264 0.397736 
 ----> 1.3#6.6#44.0#54.0#VAR 464 1 0.5931 0.4069 
 ----> 1.3#6.6#44.0#54.0#VAR 465 0 0.603194 0.396806 
 ----> 1.3#6.6#44.0#54.0#VAR 466 0 0.605477 0.394523 
 ----> 1.3#6.6#44.0#54.0#VAR 467 0 0.610636 0.389364 
 ----> 1.3#6.6#44.0#54.0#VAR 468 0 0.609001 0.390999 
 ----> 1.3#6.6#44.0#54.0#VAR 469 1 0.594922 0.405078 
 ----> 1.3#6.6#44.0#54.0#VAR 470 0 0.610119 0.389881 
 ----> 1.3#6.6#44.0#54.0#VAR 471 1 0.602526 0.397474 
 ----> 1.3#6.6#44.0#54.0#VAR 472 1 0.595096 0.404904 
 ----> 1.3#6.6#44.0#54.0#VAR 473 0 0.591053 0.408947 
 ----> 1.3#6.6#44.0#54.0#VAR 474 1 0.589082 0.410918 
 ----> 1.3#6.6#44.0#54.0#VAR 475 0 0.600242 0.399758 
 ----> 1.3#6.6#44.0#54.0#VAR 476 0 0.586714 0.413286 
 ----> 1.3#6.6#44.0#54.0#VAR 477 1 0.581274 0.418726 
 ----> 1.3#6.6#44.0#54.0#VAR 478 0 0.584085 0.415915 
 ----> 1.3#6.6#44.0#54.0#VAR 479 0 0.58301 0.41699 
 ----> 1.3#6.6#44.0#54.0#VAR 480 0 0.600719 0.399281 
 ----> 1.3#6.6#44.0#54.0#VAR 481 0 0.590004 0.409996 
 ----> 1.3#6.6#44.0#54.0#VAR 482 1 0.587527 0.412473 
 ----> 1.3#6.6#44.0#54.0#VAR 483 0 0.594115 0.405885 
 ----> 1.3#6.6#44.0#54.0#VAR 484 0 0.599671 0.400329 
 ----> 1.3#6.6#44.0#54.0#VAR 485 0 0.597071 0.402929 
 ----> 1.3#6.6#44.0#54.0#VAR 486 0 0.609883 0.390117 
 ----> 1.3#6.6#44.0#54.0#VAR 487 0 0.612019 0.387981 
 ----> 1.3#6.6#44.0#54.0#VAR 488 1 0.581488 0.418512 
 ----> 1.3#6.6#44.0#54.0#VAR 489 1 0.594482 0.405518 
 ----> 1.3#6.6#44.0#54.0#VAR 490 0 0.619922 0.380078 
 ----> 1.3#6.6#44.0#54.0#VAR 491 1 0.61506 0.38494 
 ----> 1.3#6.6#44.0#54.0#VAR 492 0 0.590987 0.409013 
 ----> 1.3#6.6#44.0#54.0#VAR 493 0 0.605637 0.394363 
 ----> 1.3#6.6#44.0#54.0#VAR 494 0 0.607128 0.392872 
 ----> 1.3#6.6#44.0#54.0#VAR 495 0 0.602785 0.397215 
 ----> 1.3#6.6#44.0#54.0#VAR 496 0 0.602257 0.397743 
 ----> 1.3#6.6#44.0#54.0#VAR 497 0 0.601389 0.398611 
 ----> 1.3#6.6#44.0#54.0#VAR 498 0 0.603768 0.396232 
 ----> 1.3#6.6#44.0#54.0#VAR 499 0 0.604211 0.395789 
 ----> 1.3#6.6#44.0#54.0#VAR 500 0 0.60597 0.39403 
 ----> 1.3#6.6#44.0#54.0#VAR 501 1 0.599988 0.400012 
 ----> 1.3#6.6#44.0#54.0#VAR 502 0 0.587472 0.412528 
 ----> 1.3#6.6#44.0#54.0#VAR 503 0 0.576181 0.423819 
 ----> 1.3#6.6#44.0#54.0#VAR 504 0 0.602977 0.397023 
 ----> 1.3#6.6#44.0#54.0#VAR 505 0 0.599321 0.400679 
 ----> 1.3#6.6#44.0#54.0#VAR 506 0 0.597556 0.402444 
 ----> 1.3#6.6#44.0#54.0#VAR 507 0 0.612454 0.387546 
 ----> 1.3#6.6#44.0#54.0#VAR 508 1 0.583211 0.416789 
 ----> 1.3#6.6#44.0#54.0#VAR 509 0 0.611363 0.388637 
 ----> 1.3#6.6#44.0#54.0#VAR 510 0 0.589744 0.410256 
 ----> 1.3#6.6#44.0#54.0#VAR 511 0 0.584435 0.415565 
 ----> 1.3#6.6#44.0#54.0#VAR 512 0 0.600251 0.399749 
 ----> 1.3#6.6#44.0#54.0#VAR 513 1 0.599599 0.400401 
 ----> 1.3#6.6#44.0#54.0#VAR 514 0 0.612411 0.387589 
 ----> 1.3#6.6#44.0#54.0#VAR 515 0 0.610222 0.389778 
 ----> 1.3#6.6#44.0#54.0#VAR 516 0 0.597033 0.402967 
 ----> 1.3#6.6#44.0#54.0#VAR 517 1 0.565994 0.434006 
 ----> 1.3#6.6#44.0#54.0#VAR 518 1 0.584544 0.415456 
 ----> 1.3#6.6#44.0#54.0#VAR 519 0 0.596264 0.403736 
 ----> 1.3#6.6#44.0#54.0#VAR 520 0 0.608009 0.391991 
 ----> 1.3#6.6#44.0#54.0#VAR 521 0 0.597598 0.402402 
 ----> 1.3#6.6#44.0#54.0#VAR 522 1 0.577421 0.422579 
 ----> 1.3#6.6#44.0#54.0#VAR 523 1 0.609668 0.390332 
 ----> 1.3#6.6#44.0#54.0#VAR 524 0 0.595952 0.404048 
 ----> 1.3#6.6#44.0#54.0#VAR 525 1 0.569547 0.430453 
 ----> 1.3#6.6#44.0#54.0#VAR 526 0 0.593316 0.406684 
 ----> 1.3#6.6#44.0#54.0#VAR 527 0 0.605358 0.394642 
 ----> 1.3#6.6#44.0#54.0#VAR 528 0 0.604526 0.395474 
 ----> 1.3#6.6#44.0#54.0#VAR 529 0 0.598358 0.401642 
 ----> 1.3#6.6#44.0#54.0#VAR 530 1 0.554879 0.445121 
 ----> 1.3#6.6#44.0#54.0#VAR 531 0 0.613479 0.386521 
 ----> 1.3#6.6#44.0#54.0#VAR 532 1 0.596703 0.403297 
 ----> 1.3#6.6#44.0#54.0#VAR 533 1 0.57766 0.42234 
 ----> 1.3#6.6#44.0#54.0#VAR 534 0 0.604492 0.395508 
 ----> 1.3#6.6#44.0#54.0#VAR 535 0 0.596602 0.403398 
 ----> 1.3#6.6#44.0#54.0#VAR 536 1 0.570272 0.429728 
 ----> 1.3#6.6#44.0#54.0#VAR 537 0 0.586685 0.413315 
 ----> 1.3#6.6#44.0#54.0#VAR 538 0 0.605313 0.394687 
 ----> 1.3#6.6#44.0#54.0#VAR 539 0 0.580243 0.419757 
 ----> 1.3#6.6#44.0#54.0#VAR 540 0 0.605946 0.394054 
 ----> 1.3#6.6#44.0#54.0#VAR 541 0 0.596362 0.403638 
 ----> 1.3#6.6#44.0#54.0#VAR 542 0 0.600465 0.399535 
 ----> 1.3#6.6#44.0#54.0#VAR 543 0 0.590195 0.409805 
 ----> 1.3#6.6#44.0#54.0#VAR 544 0 0.609417 0.390583 
 ----> 1.3#6.6#44.0#54.0#VAR 545 0 0.617933 0.382067 
 ----> 1.3#6.6#44.0#54.0#VAR 546 0 0.618703 0.381297 
 ----> 1.3#6.6#44.0#54.0#VAR 547 0 0.6224 0.3776 
 ----> 1.3#6.6#44.0#54.0#VAR 548 0 0.605243 0.394757 
 ----> 1.3#6.6#44.0#54.0#VAR 549 0 0.603211 0.396789 
 ----> 1.3#6.6#44.0#54.0#VAR 550 1 0.60279 0.39721 
 ----> 1.3#6.6#44.0#54.0#VAR 551 0 0.619056 0.380944 
 ----> 1.3#6.6#44.0#54.0#VAR 552 0 0.624622 0.375378 
 ----> 1.3#6.6#44.0#54.0#VAR 553 0 0.601382 0.398618 
 ----> 1.3#6.6#44.0#54.0#VAR 554 0 0.611255 0.388745 
 ----> 1.3#6.6#44.0#54.0#VAR 555 0 0.596372 0.403628 
 ----> 1.3#6.6#44.0#54.0#VAR 556 1 0.596395 0.403605 
 ----> 1.3#6.6#44.0#54.0#VAR 557 0 0.589532 0.410468 
 ----> 1.3#6.6#44.0#54.0#VAR 558 0 0.590637 0.409363 
 ----> 1.3#6.6#44.0#54.0#VAR 559 1 0.581926 0.418074 
 ----> 1.3#6.6#44.0#54.0#VAR 560 1 0.559868 0.440132 
 ----> 1.3#6.6#44.0#54.0#VAR 561 0 0.588506 0.411494 
 ----> 1.3#6.6#44.0#54.0#VAR 562 1 0.583029 0.416971 
 ----> 1.3#6.6#44.0#54.0#VAR 563 0 0.585595 0.414405 
 ----> 1.3#6.6#44.0#54.0#VAR 564 1 0.562237 0.437763 
 ----> 1.3#6.6#44.0#54.0#VAR 565 0 0.584967 0.415033 
 ----> 1.3#6.6#44.0#54.0#VAR 566 0 0.578808 0.421192 
 ----> 1.3#6.6#44.0#54.0#VAR 567 1 0.573861 0.426139 
 ----> 1.3#6.6#44.0#54.0#VAR 568 1 0.573238 0.426762 
 ----> 1.3#6.6#44.0#54.0#VAR 569 0 0.593258 0.406742 
 ----> 1.3#6.6#44.0#54.0#VAR 570 1 0.600051 0.399949 
 ----> 1.3#6.6#44.0#54.0#VAR 571 1 0.586995 0.413005 
 ----> 1.3#6.6#44.0#54.0#VAR 572 1 0.58121 0.41879 
 ----> 1.3#6.6#44.0#54.0#VAR 573 1 0.586278 0.413722 
 ----> 1.3#6.6#44.0#54.0#VAR 574 1 0.592438 0.407562 
 ----> 1.3#6.6#44.0#54.0#VAR 575 0 0.590036 0.409964 
 ----> 1.3#6.6#44.0#54.0#VAR 576 0 0.609401 0.390599 
 ----> 1.3#6.6#44.0#54.0#VAR 577 1 0.560233 0.439767 
 ----> 1.3#6.6#44.0#54.0#VAR 578 1 0.555297 0.444703 
 ----> 1.3#6.6#44.0#54.0#VAR 579 1 0.551692 0.448308 
 ----> 1.3#6.6#44.0#54.0#VAR 580 0 0.597563 0.402437 
 ----> 1.3#6.6#44.0#54.0#VAR 581 1 0.569535 0.430465 
 ----> 1.3#6.6#44.0#54.0#VAR 582 1 0.587803 0.412197 
 ----> 1.3#6.6#44.0#54.0#VAR 583 0 0.597342 0.402658 
 ----> 1.3#6.6#44.0#54.0#VAR 584 1 0.565847 0.434153 
 ----> 1.3#6.6#44.0#54.0#VAR 585 0 0.579063 0.420937 
 ----> 1.3#6.6#44.0#54.0#VAR 586 1 0.572689 0.427311 
 ----> 1.3#6.6#44.0#54.0#VAR 587 0 0.577867 0.422133 
 ----> 1.3#6.6#44.0#54.0#VAR 588 0 0.58305 0.41695 
 ----> 1.3#6.6#44.0#54.0#VAR 589 1 0.568082 0.431918 
 ----> 1.3#6.6#44.0#54.0#VAR 590 0 0.592021 0.407979 
 ----> 1.3#6.6#44.0#54.0#VAR 591 0 0.589074 0.410926 
 ----> 1.3#6.6#44.0#54.0#VAR 592 0 0.620079 0.379921 
 ----> 1.3#6.6#44.0#54.0#VAR 593 1 0.577413 0.422587 
 ----> 1.3#6.6#44.0#54.0#VAR 594 0 0.592776 0.407224 
 ----> 1.3#6.6#44.0#54.0#VAR 595 1 0.568463 0.431537 
 ----> 1.3#6.6#44.0#54.0#VAR 596 0 0.602641 0.397359 
 ----> 1.3#6.6#44.0#54.0#VAR 597 0 0.589635 0.410365 
 ----> 1.3#6.6#44.0#54.0#VAR 598 0 0.599134 0.400866 
 ----> 1.3#6.6#44.0#54.0#VAR 599 1 0.615877 0.384123 
 ----> 1.3#6.6#44.0#54.0#VAR 600 1 0.559584 0.440416 
 ----> 1.3#6.6#44.0#54.0#VAR 601 1 0.54407 0.45593 
 ----> 1.3#6.6#44.0#54.0#VAR 602 0 0.632702 0.367298 
 ----> 1.3#6.6#44.0#54.0#VAR 603 0 0.613887 0.386113 
 ----> 1.3#6.6#44.0#54.0#VAR 604 1 0.58383 0.41617 
 ----> 1.3#6.6#44.0#54.0#VAR 605 1 0.586843 0.413157 
 ----> 1.3#6.6#44.0#54.0#VAR 606 1 0.586458 0.413542 
 ----> 1.3#6.6#44.0#54.0#VAR 607 1 0.593217 0.406783 
 ----> 1.3#6.6#44.0#54.0#VAR 608 0 0.596534 0.403466 
 ----> 1.3#6.6#44.0#54.0#VAR 609 0 0.619314 0.380686 
 ----> 1.3#6.6#44.0#54.0#VAR 610 1 0.577782 0.422218 
 ----> 1.3#6.6#44.0#54.0#VAR 611 0 0.589204 0.410796 
 ----> 1.3#6.6#44.0#54.0#VAR 612 1 0.577329 0.422671 
 ----> 1.3#6.6#44.0#54.0#VAR 613 1 0.59056 0.40944 
 ----> 1.3#6.6#44.0#54.0#VAR 614 0 0.588375 0.411625 
 ----> 1.3#6.6#44.0#54.0#VAR 615 0 0.580796 0.419204 
 ----> 1.3#6.6#44.0#54.0#VAR 616 1 0.581123 0.418877 
 ----> 1.3#6.6#44.0#54.0#VAR 617 0 0.604694 0.395306 
 ----> 1.3#6.6#44.0#54.0#VAR 618 1 0.573091 0.426909 
 ----> 1.3#6.6#44.0#54.0#VAR 619 0 0.598996 0.401004 
 ----> 1.3#6.6#44.0#54.0#VAR 620 1 0.583038 0.416962 
 ----> 1.3#6.6#44.0#54.0#VAR 621 0 0.583619 0.416381 
 ----> 1.3#6.6#44.0#54.0#VAR 622 0 0.578444 0.421556 
 ----> 1.3#6.6#44.0#54.0#VAR 623 1 0.563447 0.436553 
 ----> 1.3#6.6#44.0#54.0#VAR 624 0 0.6094 0.3906 
 ----> 1.3#6.6#44.0#54.0#VAR 625 0 0.582358 0.417642 
 ----> 1.3#6.6#44.0#54.0#VAR 626 0 0.595896 0.404104 
 ----> 1.3#6.6#44.0#54.0#VAR 627 0 0.587077 0.412923 
 ----> 1.3#6.6#44.0#54.0#VAR 628 0 0.590035 0.409965 
 ----> 1.3#6.6#44.0#54.0#VAR 629 0 0.594216 0.405784 
 ----> 1.3#6.6#44.0#54.0#VAR 630 0 0.581189 0.418811 
 ----> 1.3#6.6#44.0#54.0#VAR 631 0 0.600219 0.399781 
 ----> 1.3#6.6#44.0#54.0#VAR 632 0 0.605727 0.394273 
 ----> 1.3#6.6#44.0#54.0#VAR 633 0 0.584193 0.415807 
 ----> 1.3#6.6#44.0#54.0#VAR 634 0 0.604292 0.395708 
 ----> 1.3#6.6#44.0#54.0#VAR 635 0 0.584136 0.415864 
 ----> 1.3#6.6#44.0#54.0#VAR 636 0 0.58906 0.41094 
 ----> 1.3#6.6#44.0#54.0#VAR 637 0 0.62417 0.37583 
 ----> 1.3#6.6#44.0#54.0#VAR 638 0 0.616507 0.383493 
 ----> 1.3#6.6#44.0#54.0#VAR 639 0 0.59843 0.40157 
 ----> 1.3#6.6#44.0#54.0#VAR 640 0 0.586955 0.413045 
 ----> 1.3#6.6#44.0#54.0#VAR 641 1 0.599019 0.400981 
 ----> 1.3#6.6#44.0#54.0#VAR 642 0 0.606671 0.393329 
 ----> 1.3#6.6#44.0#54.0#VAR 643 0 0.600231 0.399769 
 ----> 1.3#6.6#44.0#54.0#VAR 644 0 0.606236 0.393764 
 ----> 1.3#6.6#44.0#54.0#VAR 645 0 0.599563 0.400437 
 ----> 1.3#6.6#44.0#54.0#VAR 646 0 0.602683 0.397317 
 ----> 1.3#6.6#44.0#54.0#VAR 647 0 0.609993 0.390007 
 ----> 1.3#6.6#44.0#54.0#VAR 648 0 0.604091 0.395909 
 ----> 1.3#6.6#44.0#54.0#VAR 649 0 0.586688 0.413312 
 ----> 1.3#6.6#44.0#54.0#VAR 650 0 0.582462 0.417538 
 ----> 1.3#6.6#44.0#54.0#VAR 651 0 0.596454 0.403546 
 ----> 1.3#6.6#44.0#54.0#VAR 652 0 0.587215 0.412785 
 ----> 1.3#6.6#44.0#54.0#VAR 653 0 0.579241 0.420759 
 ----> 1.3#6.6#44.0#54.0#VAR 654 0 0.585802 0.414198 
 ----> 1.3#6.6#44.0#54.0#VAR 655 0 0.59956 0.40044 
 ----> 1.3#6.6#44.0#54.0#VAR 656 1 0.57023 0.42977 
 ----> 1.3#6.6#44.0#54.0#VAR 657 0 0.618462 0.381538 
 ----> 1.3#6.6#44.0#54.0#VAR 658 1 0.59192 0.40808 
 ----> 1.3#6.6#44.0#54.0#VAR 659 0 0.598778 0.401222 
 ----> 1.3#6.6#44.0#54.0#VAR 660 1 0.556753 0.443247 
 ----> 1.3#6.6#44.0#54.0#VAR 661 1 0.553123 0.446877 
 ----> 1.3#6.6#44.0#54.0#VAR 662 0 0.577183 0.422817 
 ----> 1.3#6.6#44.0#54.0#VAR 663 1 0.566571 0.433429 
 ----> 1.3#6.6#44.0#54.0#VAR 664 1 0.586144 0.413856 
 ----> 1.3#6.6#44.0#54.0#VAR 665 0 0.591351 0.408649 
 ----> 1.3#6.6#44.0#54.0#VAR 666 0 0.592679 0.407321 
 ----> 1.3#6.6#44.0#54.0#VAR 667 0 0.59283 0.40717 
 ----> 1.3#6.6#44.0#54.0#VAR 668 1 0.585503 0.414497 
 ----> 1.3#6.6#44.0#54.0#VAR 669 1 0.574134 0.425866 
 ----> 1.3#6.6#44.0#54.0#VAR 670 0 0.586803 0.413197 
 ----> 1.3#6.6#44.0#54.0#VAR 671 0 0.570178 0.429822 
 ----> 1.3#6.6#44.0#54.0#VAR 672 0 0.588027 0.411973 
 ----> 1.3#6.6#44.0#54.0#VAR 673 0 0.600419 0.399581 
 ----> 1.3#6.6#44.0#54.0#VAR 674 0 0.584468 0.415532 
 ----> 1.3#6.6#44.0#54.0#VAR 675 0 0.582316 0.417684 
 ----> 1.3#6.6#44.0#54.0#VAR 676 0 0.609088 0.390912 
 ----> 1.3#6.6#44.0#54.0#VAR 677 1 0.575667 0.424333 
 ----> 1.3#6.6#44.0#54.0#VAR 678 1 0.544476 0.455524 
 ----> 1.3#6.6#44.0#54.0#VAR 679 0 0.580224 0.419776 
 ----> 1.3#6.6#44.0#54.0#VAR 680 0 0.578392 0.421608 
 ----> 1.3#6.6#44.0#54.0#VAR 681 0 0.588839 0.411161 
 ----> 1.3#6.6#44.0#54.0#VAR 682 0 0.602329 0.397671 
 ----> 1.3#6.6#44.0#54.0#VAR 683 0 0.608613 0.391387 
 ----> 1.3#6.6#44.0#54.0#VAR 684 0 0.607854 0.392146 
 ----> 1.3#6.6#44.0#54.0#VAR 685 0 0.610878 0.389122 
 ----> 1.3#6.6#44.0#54.0#VAR 686 1 0.584062 0.415938 
 ----> 1.3#6.6#44.0#54.0#VAR 687 0 0.593541 0.406459 
 ----> 1.3#6.6#44.0#54.0#VAR 688 0 0.589894 0.410106 
 ----> 1.3#6.6#44.0#54.0#VAR 689 1 0.580831 0.419169 
 ----> 1.3#6.6#44.0#54.0#VAR 690 0 0.568134 0.431866 
 ----> 1.3#6.6#44.0#54.0#VAR 691 0 0.582093 0.417907 
 ----> 1.3#6.6#44.0#54.0#VAR 692 0 0.593838 0.406162 
 ----> 1.3#6.6#44.0#54.0#VAR 693 1 0.578822 0.421178 
 ----> 1.3#6.6#44.0#54.0#VAR 694 0 0.602511 0.397489 
 ----> 1.3#6.6#44.0#54.0#VAR 695 1 0.589209 0.410791 
 ----> 1.3#6.6#44.0#54.0#VAR 696 0 0.573606 0.426394 
 ----> 1.3#6.6#44.0#54.0#VAR 697 1 0.575643 0.424357 
 ----> 1.3#6.6#44.0#54.0#VAR 698 1 0.581169 0.418831 
 ----> 1.3#6.6#44.0#54.0#VAR 699 0 0.575167 0.424833 
 ----> 1.3#6.6#44.0#54.0#VAR 700 1 0.585175 0.414825 
 ----> 1.3#6.6#44.0#54.0#VAR 701 0 0.596492 0.403508 
 ----> 1.3#6.6#44.0#54.0#VAR 702 1 0.572972 0.427028 
 ----> 1.3#6.6#44.0#54.0#VAR 703 1 0.564434 0.435566 
 ----> 1.3#6.6#44.0#54.0#VAR 704 1 0.558865 0.441135 
 ----> 1.3#6.6#44.0#54.0#VAR 705 0 0.579173 0.420827 
 ----> 1.3#6.6#44.0#54.0#VAR 706 1 0.574206 0.425794 
 ----> 1.3#6.6#44.0#54.0#VAR 707 1 0.570287 0.429713 
 ----> 1.3#6.6#44.0#54.0#VAR 708 0 0.604041 0.395959 
 ----> 1.3#6.6#44.0#54.0#VAR 709 0 0.593916 0.406084 
 ----> 1.3#6.6#44.0#54.0#VAR 710 0 0.57927 0.42073 
 ----> 1.3#6.6#44.0#54.0#VAR 711 1 0.580492 0.419508 
 ----> 1.3#6.6#44.0#54.0#VAR 712 0 0.585984 0.414016 
 ----> 1.3#6.6#44.0#54.0#VAR 713 0 0.61042 0.38958 
 ----> 1.3#6.6#44.0#54.0#VAR 714 1 0.590156 0.409844 
 ----> 1.3#6.6#44.0#54.0#VAR 715 1 0.560948 0.439052 
 ----> 1.3#6.6#44.0#54.0#VAR 716 0 0.569273 0.430727 
 ----> 1.3#6.6#44.0#54.0#VAR 717 0 0.601301 0.398699 
 ----> 1.3#6.6#44.0#54.0#VAR 718 1 0.597254 0.402746 
 ----> 1.3#6.6#44.0#54.0#VAR 719 0 0.586968 0.413032 
 ----> 1.3#6.6#44.0#54.0#VAR 720 1 0.543949 0.456051 
 ----> 1.3#6.6#44.0#54.0#VAR 721 0 0.592295 0.407705 
 ----> 1.3#6.6#44.0#54.0#VAR 722 1 0.564102 0.435898 
 ----> 1.3#6.6#44.0#54.0#VAR 723 0 0.578484 0.421516 
 ----> 1.3#6.6#44.0#54.0#VAR 724 0 0.573837 0.426163 
 ----> 1.3#6.6#44.0#54.0#VAR 725 0 0.6025 0.3975 
 ----> 1.3#6.6#44.0#54.0#VAR 726 1 0.574386 0.425614 
 ----> 1.3#6.6#44.0#54.0#VAR 727 1 0.577439 0.422561 
 ----> 1.3#6.6#44.0#54.0#VAR 728 1 0.567437 0.432563 
 ----> 1.3#6.6#44.0#54.0#VAR 729 0 0.597604 0.402396 
 ----> 1.3#6.6#44.0#54.0#VAR 730 0 0.576922 0.423078 
 ----> 1.3#6.6#44.0#54.0#VAR 731 1 0.564988 0.435012 
 ----> 1.3#6.6#44.0#54.0#VAR 732 1 0.578305 0.421695 
 ----> 1.3#6.6#44.0#54.0#VAR 733 0 0.598218 0.401782 
 ----> 1.3#6.6#44.0#54.0#VAR 734 0 0.587927 0.412073 
 ----> 1.3#6.6#44.0#54.0#VAR 735 1 0.576603 0.423397 
 ----> 1.3#6.6#44.0#54.0#VAR 736 1 0.567435 0.432565 
 ----> 1.3#6.6#44.0#54.0#VAR 737 1 0.579077 0.420923 
 ----> 1.3#6.6#44.0#54.0#VAR 738 1 0.566576 0.433424 
 ----> 1.3#6.6#44.0#54.0#VAR 739 1 0.564482 0.435518 
 ----> 1.3#6.6#44.0#54.0#VAR 740 1 0.549442 0.450558 
 ----> 1.3#6.6#44.0#54.0#VAR 741 1 0.546874 0.453126 
 ----> 1.3#6.6#44.0#54.0#VAR 742 1 0.563821 0.436179 
 ----> 1.3#6.6#44.0#54.0#VAR 743 1 0.566009 0.433991 
 ----> 1.3#6.6#44.0#54.0#VAR 744 0 0.565735 0.434265 
 ----> 1.3#6.6#44.0#54.0#VAR 745 1 0.57147 0.42853 
 ----> 1.3#6.6#44.0#54.0#VAR 746 0 0.572604 0.427396 
 ----> 1.3#6.6#44.0#54.0#VAR 747 1 0.546604 0.453396 
 ----> 1.3#6.6#44.0#54.0#VAR 748 0 0.557539 0.442461 
 ----> 1.3#6.6#44.0#54.0#VAR 749 1 0.550027 0.449973 
 ----> 1.3#6.6#44.0#54.0#VAR 750 1 0.560957 0.439043 
 ----> 1.3#6.6#44.0#54.0#VAR 751 0 0.597928 0.402072 
 ----> 1.3#6.6#44.0#54.0#VAR 752 1 0.552223 0.447777 
 ----> 1.3#6.6#44.0#54.0#VAR 753 0 0.570242 0.429758 
 ----> 1.3#6.6#44.0#54.0#VAR 754 1 0.565122 0.434878 
 ----> 1.3#6.6#44.0#54.0#VAR 755 0 0.590207 0.409793 
 ----> 1.3#6.6#44.0#54.0#VAR 756 1 0.563298 0.436702 
 ----> 1.3#6.6#44.0#54.0#VAR 757 0 0.584249 0.415751 
 ----> 1.3#6.6#44.0#54.0#VAR 758 0 0.587228 0.412772 
 ----> 1.3#6.6#44.0#54.0#VAR 759 0 0.568554 0.431446 
 ----> 1.3#6.6#44.0#54.0#VAR 760 0 0.566597 0.433403 
 ----> 1.3#6.6#44.0#54.0#VAR 761 1 0.552915 0.447085 
 ----> 1.3#6.6#44.0#54.0#VAR 762 0 0.566743 0.433257 
 ----> 1.3#6.6#44.0#54.0#VAR 763 0 0.559846 0.440154 
 ----> 1.3#6.6#44.0#54.0#VAR 764 1 0.552908 0.447092 
 ----> 1.3#6.6#44.0#54.0#VAR 765 1 0.563534 0.436466 
 ----> 1.3#6.6#44.0#54.0#VAR 766 0 0.559543 0.440457 
 ----> 1.3#6.6#44.0#54.0#VAR 767 0 0.586856 0.413144 
 ----> 1.3#6.6#44.0#54.0#VAR 768 0 0.59938 0.40062 
 ----> 1.3#6.6#44.0#54.0#VAR 769 1 0.578238 0.421762 
 ----> 1.3#6.6#44.0#54.0#VAR 770 0 0.575401 0.424599 
 ----> 1.3#6.6#44.0#54.0#VAR 771 0 0.595317 0.404683 
 ----> 1.3#6.6#44.0#54.0#VAR 772 1 0.54904 0.45096 
 ----> 1.3#6.6#44.0#54.0#VAR 773 1 0.567326 0.432674 
 ----> 1.3#6.6#44.0#54.0#VAR 774 0 0.589929 0.410071 
 ----> 1.3#6.6#44.0#54.0#VAR 775 1 0.55658 0.44342 
 ----> 1.3#6.6#44.0#54.0#VAR 776 1 0.519851 0.480149 
 ----> 1.3#6.6#44.0#54.0#VAR 777 0 0.598391 0.401609 
 ----> 1.3#6.6#44.0#54.0#VAR 778 0 0.579364 0.420636 
 ----> 1.3#6.6#44.0#54.0#VAR 779 1 0.572125 0.427875 
 ----> 1.3#6.6#44.0#54.0#VAR 780 0 0.57606 0.42394 
 ----> 1.3#6.6#44.0#54.0#VAR 781 1 0.543475 0.456525 
 ----> 1.3#6.6#44.0#54.0#VAR 782 0 0.596005 0.403995 
 ----> 1.3#6.6#44.0#54.0#VAR 783 1 0.562523 0.437477 
 ----> 1.3#6.6#44.0#54.0#VAR 784 1 0.545673 0.454327 
 ----> 1.3#6.6#44.0#54.0#VAR 785 0 0.585839 0.414161 
 ----> 1.3#6.6#44.0#54.0#VAR 786 0 0.571192 0.428808 
 ----> 1.3#6.6#44.0#54.0#VAR 787 1 0.56916 0.43084 
 ----> 1.3#6.6#44.0#54.0#VAR 788 1 0.542066 0.457934 
 ----> 1.3#6.6#44.0#54.0#VAR 789 1 0.546034 0.453966 
 ----> 1.3#6.6#44.0#54.0#VAR 790 1 0.579107 0.420893 
 ----> 1.3#6.6#44.0#54.0#VAR 791 0 0.568417 0.431583 
 ----> 1.3#6.6#44.0#54.0#VAR 792 1 0.583802 0.416198 
 ----> 1.3#6.6#44.0#54.0#VAR 793 0 0.599293 0.400707 
 ----> 1.3#6.6#44.0#54.0#VAR 794 0 0.590542 0.409458 
 ----> 1.3#6.6#44.0#54.0#VAR 795 0 0.553884 0.446116 
 ----> 1.3#6.6#44.0#54.0#VAR 796 1 0.54129 0.45871 
 ----> 1.3#6.6#44.0#54.0#VAR 797 0 0.569969 0.430031 
 ----> 1.3#6.6#44.0#54.0#VAR 798 1 0.561449 0.438551 
 ----> 1.3#6.6#44.0#54.0#VAR 799 1 0.562434 0.437566 
 ----> 1.3#6.6#44.0#54.0#VAR 800 1 0.56869 0.43131 
 ----> 1.3#6.6#44.0#54.0#VAR 801 1 0.567859 0.432141 
 ----> 1.3#6.6#44.0#54.0#VAR 802 0 0.598812 0.401188 
 ----> 1.3#6.6#44.0#54.0#VAR 803 0 0.571617 0.428383 
 ----> 1.3#6.6#44.0#54.0#VAR 804 1 0.570287 0.429713 
 ----> 1.3#6.6#44.0#54.0#VAR 805 1 0.572683 0.427317 
 ----> 1.3#6.6#44.0#54.0#VAR 806 0 0.584551 0.415449 
 ----> 1.3#6.6#44.0#54.0#VAR 807 1 0.586523 0.413477 
 ----> 1.3#6.6#44.0#54.0#VAR 808 1 0.561554 0.438446 
 ----> 1.3#6.6#44.0#54.0#VAR 809 0 0.580882 0.419118 
 ----> 1.3#6.6#44.0#54.0#VAR 810 0 0.582897 0.417103 
 ----> 1.3#6.6#44.0#54.0#VAR 811 1 0.58895 0.41105 
 ----> 1.3#6.6#44.0#54.0#VAR 812 1 0.561209 0.438791 
 ----> 1.3#6.6#44.0#54.0#VAR 813 1 0.561959 0.438041 
 ----> 1.3#6.6#44.0#54.0#VAR 814 1 0.551122 0.448878 
 ----> 1.3#6.6#44.0#54.0#VAR 815 1 0.556014 0.443986 
 ----> 1.3#6.6#44.0#54.0#VAR 816 1 0.565239 0.434761 
 ----> 1.3#6.6#44.0#54.0#VAR 817 1 0.555433 0.444567 
 ----> 1.3#6.6#44.0#54.0#VAR 818 1 0.571689 0.428311 
 ----> 1.3#6.6#44.0#54.0#VAR 819 1 0.562487 0.437513 
 ----> 1.3#6.6#44.0#54.0#VAR 820 0 0.569055 0.430945 
 ----> 1.3#6.6#44.0#54.0#VAR 821 0 0.576961 0.423039 
 ----> 1.3#6.6#44.0#54.0#VAR 822 1 0.550323 0.449677 
 ----> 1.3#6.6#44.0#54.0#VAR 823 1 0.564399 0.435601 
 ----> 1.3#6.6#44.0#54.0#VAR 824 1 0.545487 0.454513 
 ----> 1.3#6.6#44.0#54.0#VAR 825 1 0.559829 0.440171 
 ----> 1.3#6.6#44.0#54.0#VAR 826 1 0.563207 0.436793 
 ----> 1.3#6.6#44.0#54.0#VAR 827 1 0.562162 0.437838 
 ----> 1.3#6.6#44.0#54.0#VAR 828 0 0.572559 0.427441 
 ----> 1.3#6.6#44.0#54.0#VAR 829 1 0.538758 0.461242 
 ----> 1.3#6.6#44.0#54.0#VAR 830 1 0.554692 0.445308 
 ----> 1.3#6.6#44.0#54.0#VAR 831 1 0.55357 0.44643 
 ----> 1.3#6.6#44.0#54.0#VAR 832 1 0.550723 0.449277 
 ----> 1.3#6.6#44.0#54.0#VAR 833 0 0.579049 0.420951 
 ----> 1.3#6.6#44.0#54.0#VAR 834 0 0.571416 0.428584 
 ----> 1.3#6.6#44.0#54.0#VAR 835 1 0.520714 0.479286 
 ----> 1.3#6.6#44.0#54.0#VAR 836 1 0.533085 0.466915 
 ----> 1.3#6.6#44.0#54.0#VAR 837 1 0.548095 0.451905 
 ----> 1.3#6.6#44.0#54.0#VAR 838 0 0.580415 0.419585 
 ----> 1.3#6.6#44.0#54.0#VAR 839 0 0.566979 0.433021 
 ----> 1.3#6.6#44.0#54.0#VAR 840 1 0.528608 0.471392 
 ----> 1.3#6.6#44.0#54.0#VAR 841 0 0.590052 0.409948 
 ----> 1.3#6.6#44.0#54.0#VAR 842 1 0.542898 0.457102 
 ----> 1.3#6.6#44.0#54.0#VAR 843 1 0.542877 0.457123 
 ----> 1.3#6.6#44.0#54.0#VAR 844 0 0.565296 0.434704 
 ----> 1.3#6.6#44.0#54.0#VAR 845 1 0.54564 0.45436 
 ----> 1.3#6.6#44.0#54.0#VAR 846 1 0.549525 0.450475 
 ----> 1.3#6.6#44.0#54.0#VAR 847 1 0.539355 0.460645 
 ----> 1.3#6.6#44.0#54.0#VAR 848 1 0.550823 0.449177 
 ----> 1.3#6.6#44.0#54.0#VAR 849 0 0.572616 0.427384 
 ----> 1.3#6.6#44.0#54.0#VAR 850 0 0.573186 0.426814 
 ----> 1.3#6.6#44.0#54.0#VAR 851 0 0.570693 0.429307 
 ----> 1.3#6.6#44.0#54.0#VAR 852 1 0.552818 0.447182 
 ----> 1.3#6.6#44.0#54.0#VAR 853 0 0.554415 0.445585 
 ----> 1.3#6.6#44.0#54.0#VAR 854 1 0.551694 0.448306 
 ----> 1.3#6.6#44.0#54.0#VAR 855 1 0.541835 0.458165 
 ----> 1.3#6.6#44.0#54.0#VAR 856 1 0.556478 0.443522 
 ----> 1.3#6.6#44.0#54.0#VAR 857 0 0.577774 0.422226 
 ----> 1.3#6.6#44.0#54.0#VAR 858 1 0.564572 0.435428 
 ----> 1.3#6.6#44.0#54.0#VAR 859 1 0.559185 0.440815 
 ----> 1.3#6.6#44.0#54.0#VAR 860 0 0.564637 0.435363 
 ----> 1.3#6.6#44.0#54.0#VAR 861 0 0.561149 0.438851 
 ----> 1.3#6.6#44.0#54.0#VAR 862 0 0.568595 0.431405 
 ----> 1.3#6.6#44.0#54.0#VAR 863 0 0.540402 0.459598 
 ----> 1.3#6.6#44.0#54.0#VAR 864 0 0.55625 0.44375 
 ----> 1.3#6.6#44.0#54.0#VAR 865 1 0.521592 0.478408 
 ----> 1.3#6.6#44.0#54.0#VAR 866 0 0.565107 0.434893 
 ----> 1.3#6.6#44.0#54.0#VAR 867 0 0.551827 0.448173 
 ----> 1.3#6.6#44.0#54.0#VAR 868 0 0.540378 0.459622 
 ----> 1.3#6.6#44.0#54.0#VAR 869 0 0.540437 0.459563 
 ----> 1.3#6.6#44.0#54.0#VAR 870 1 0.524516 0.475484 
 ----> 1.3#6.6#44.0#54.0#VAR 871 0 0.53989 0.46011 
 ----> 1.3#6.6#44.0#54.0#VAR 872 0 0.551789 0.448211 
 ----> 1.3#6.6#44.0#54.0#VAR 873 1 0.533067 0.466933 
 ----> 1.3#6.6#44.0#54.0#VAR 874 1 0.535892 0.464108 
 ----> 1.3#6.6#44.0#54.0#VAR 875 1 0.538175 0.461825 
 ----> 1.3#6.6#44.0#54.0#VAR 876 0 0.563198 0.436802 
 ----> 1.3#6.6#44.0#54.0#VAR 877 1 0.53197 0.46803 
 ----> 1.3#6.6#44.0#54.0#VAR 878 1 0.543615 0.456385 
 ----> 1.3#6.6#44.0#54.0#VAR 879 1 0.53113 0.46887 
 ----> 1.3#6.6#44.0#54.0#VAR 880 1 0.550232 0.449768 
 ----> 1.3#6.6#44.0#54.0#VAR 881 1 0.514281 0.485719 
 ----> 1.3#6.6#44.0#54.0#VAR 882 1 0.535436 0.464564 
 ----> 1.3#6.6#44.0#54.0#VAR 883 0 0.548778 0.451222 
 ----> 1.3#6.6#44.0#54.0#VAR 884 1 0.526422 0.473578 
 ----> 1.3#6.6#44.0#54.0#VAR 885 1 0.528262 0.471738 
 ----> 1.3#6.6#44.0#54.0#VAR 886 1 0.529221 0.470779 
 ----> 1.3#6.6#44.0#54.0#VAR 887 0 0.564944 0.435056 
 ----> 1.3#6.6#44.0#54.0#VAR 888 0 0.562374 0.437626 
 ----> 1.3#6.6#44.0#54.0#VAR 889 0 0.534669 0.465331 
 ----> 1.3#6.6#44.0#54.0#VAR 890 0 0.528788 0.471212 
 ----> 1.3#6.6#44.0#54.0#VAR 891 1 0.485906 0.514094 
 ----> 1.3#6.6#44.0#54.0#VAR 892 0 0.547231 0.452769 
 ----> 1.3#6.6#44.0#54.0#VAR 893 1 0.523641 0.476359 
 ----> 1.3#6.6#44.0#54.0#VAR 894 0 0.538276 0.461724 
 ----> 1.3#6.6#44.0#54.0#VAR 895 0 0.507967 0.492033 
 ----> 1.3#6.6#44.0#54.0#VAR 896 1 0.500103 0.499897 
 ----> 1.3#6.6#44.0#54.0#VAR 897 1 0.514537 0.485463 
 ----> 1.3#6.6#44.0#54.0#VAR 898 1 0.523439 0.476561 
 ----> 1.3#6.6#44.0#54.0#VAR 899 0 0.560218 0.439782 
 ----> 1.3#6.6#44.0#54.0#VAR 900 1 0.520355 0.479645 
 ----> 1.3#6.6#44.0#54.0#VAR 901 0 0.531544 0.468456 
 ----> 1.3#6.6#44.0#54.0#VAR 902 0 0.539165 0.460835 
 ----> 1.3#6.6#44.0#54.0#VAR 903 1 0.523146 0.476854 
 ----> 1.3#6.6#44.0#54.0#VAR 904 1 0.542622 0.457378 
 ----> 1.3#6.6#44.0#54.0#VAR 905 1 0.511382 0.488618 
 ----> 1.3#6.6#44.0#54.0#VAR 906 0 0.542234 0.457766 
 ----> 1.3#6.6#44.0#54.0#VAR 907 1 0.536717 0.463283 
 ----> 1.3#6.6#44.0#54.0#VAR 908 1 0.514316 0.485684 
 ----> 1.3#6.6#44.0#54.0#VAR 909 1 0.513888 0.486112 
 ----> 1.3#6.6#44.0#54.0#VAR 910 1 0.525781 0.474219 
 ----> 1.3#6.6#44.0#54.0#VAR 911 1 0.51997 0.48003 
 ----> 1.3#6.6#44.0#54.0#VAR 912 1 0.510786 0.489214 
 ----> 1.3#6.6#44.0#54.0#VAR 913 1 0.521514 0.478486 
 ----> 1.3#6.6#44.0#54.0#VAR 914 1 0.515766 0.484234 
 ----> 1.3#6.6#44.0#54.0#VAR 915 1 0.52726 0.47274 
 ----> 1.3#6.6#44.0#54.0#VAR 916 0 0.53518 0.46482 
 ----> 1.3#6.6#44.0#54.0#VAR 917 1 0.475738 0.524262 
 ----> 1.3#6.6#44.0#54.0#VAR 918 1 0.455022 0.544978 
 ----> 1.3#6.6#44.0#54.0#VAR 919 1 0.488152 0.511848 
 ----> 1.3#6.6#44.0#54.0#VAR 920 1 0.509862 0.490138 
 ----> 1.3#6.6#44.0#54.0#VAR 921 1 0.48495 0.51505 
 ----> 1.3#6.6#44.0#54.0#VAR 922 1 0.505751 0.494249 
 ----> 1.3#6.6#44.0#54.0#VAR 923 1 0.500324 0.499676 
 ----> 1.3#6.6#44.0#54.0#VAR 924 1 0.502849 0.497151 
 ----> 1.3#6.6#44.0#54.0#VAR 925 1 0.507978 0.492022 
 ----> 1.3#6.6#44.0#54.0#VAR 926 1 0.494105 0.505895 
 ----> 1.3#6.6#44.0#54.0#VAR 927 1 0.477993 0.522007 
 ----> 1.3#6.6#44.0#54.0#VAR 928 1 0.491419 0.508581 
 ----> 1.3#6.6#44.0#54.0#VAR 929 1 0.481821 0.518179 
 ----> 1.3#6.6#44.0#54.0#VAR 930 1 0.482525 0.517475 
 ----> 1.3#6.6#44.0#54.0#VAR 931 1 0.508101 0.491899 
 ----> 1.3#6.6#44.0#54.0#VAR 932 1 0.501507 0.498493 
 ----> 1.3#6.6#44.0#54.0#VAR 933 1 0.481794 0.518206 
 ----> 1.3#6.6#44.0#54.0#VAR 934 1 0.530943 0.469057 
 ----> 1.3#6.6#44.0#54.0#VAR 935 1 0.505668 0.494332 
 ----> 1.3#6.6#44.0#54.0#VAR 936 1 0.520483 0.479517 
 ----> 1.3#6.6#44.0#54.0#VAR 937 1 0.536228 0.463772 
 ----> 1.3#6.6#44.0#54.0#VAR 938 1 0.520378 0.479622 
 ----> 1.3#6.6#44.0#54.0#VAR 939 1 0.533594 0.466406 
 ----> 1.3#6.6#44.0#54.0#VAR 940 1 0.513787 0.486213 
 ----> 1.3#6.6#44.0#54.0#VAR 941 1 0.512925 0.487075 
 ----> 1.3#6.6#44.0#54.0#VAR 942 1 0.502124 0.497876 
 ----> 1.3#6.6#44.0#54.0#VAR 943 1 0.50051 0.49949 
 ----> 1.3#6.6#44.0#54.0#VAR 944 1 0.488939 0.511061 
 ----> 1.3#6.6#44.0#54.0#VAR 945 0 0.512832 0.487168 
 ----> 1.3#6.6#44.0#54.0#VAR 946 1 0.478089 0.521911 
 ----> 1.3#6.6#44.0#54.0#VAR 947 1 0.532388 0.467612 
 ----> 1.3#6.6#44.0#54.0#VAR 948 1 0.51122 0.48878 
 ----> 1.3#6.6#44.0#54.0#VAR 949 0 0.555312 0.444688 
 ----> 1.3#6.6#44.0#54.0#VAR 950 0 0.544661 0.455339 
 ----> 1.3#6.6#44.0#54.0#VAR 951 1 0.543107 0.456893 
 ----> 1.3#6.6#44.0#54.0#VAR 952 1 0.477662 0.522338 
 ----> 1.3#6.6#44.0#54.0#VAR 953 1 0.488942 0.511058 
 ----> 1.3#6.6#44.0#54.0#VAR 954 1 0.507844 0.492156 
 ----> 1.3#6.6#44.0#54.0#VAR 955 0 0.532183 0.467817 
 ----> 1.3#6.6#44.0#54.0#VAR 956 1 0.486966 0.513034 
 ----> 1.3#6.6#44.0#54.0#VAR 957 0 0.541975 0.458025 
 ----> 1.3#6.6#44.0#54.0#VAR 958 0 0.54284 0.45716 
 ----> 1.3#6.6#44.0#54.0#VAR 959 1 0.531478 0.468522 
 ----> 1.3#6.6#44.0#54.0#VAR 960 1 0.528166 0.471834 
 ----> 1.3#6.6#44.0#54.0#VAR 961 0 0.557969 0.442031 
 ----> 1.3#6.6#44.0#54.0#VAR 962 1 0.529379 0.470621 
 ----> 1.3#6.6#44.0#54.0#VAR 963 0 0.566349 0.433651 
 ----> 1.3#6.6#44.0#54.0#VAR 964 1 0.514589 0.485411 
 ----> 1.3#6.6#44.0#54.0#VAR 965 0 0.581705 0.418295 
 ----> 1.3#6.6#44.0#54.0#VAR 966 0 0.565226 0.434774 
 ----> 1.3#6.6#44.0#54.0#VAR 967 1 0.532676 0.467324 
 ----> 1.3#6.6#44.0#54.0#VAR 968 0 0.558069 0.441931 
 ----> 1.3#6.6#44.0#54.0#VAR 969 0 0.538729 0.461271 
 ----> 1.3#6.6#44.0#54.0#VAR 970 1 0.515957 0.484043 
 ----> 1.3#6.6#44.0#54.0#VAR 971 1 0.524143 0.475857 
 ----> 1.3#6.6#44.0#54.0#VAR 972 1 0.541313 0.458687 
 ----> 1.3#6.6#44.0#54.0#VAR 973 0 0.563514 0.436486 
 ----> 1.3#6.6#44.0#54.0#VAR 974 1 0.538151 0.461849 
 ----> 1.3#6.6#44.0#54.0#VAR 975 1 0.539494 0.460506 
 ----> 1.3#6.6#44.0#54.0#VAR 976 0 0.580828 0.419172 
 ----> 1.3#6.6#44.0#54.0#VAR 977 1 0.566966 0.433034 
 ----> 1.3#6.6#44.0#54.0#VAR 978 0 0.567566 0.432434 
 ----> 1.3#6.6#44.0#54.0#VAR 979 0 0.55487 0.44513 
 ----> 1.3#6.6#44.0#54.0#VAR 980 0 0.571765 0.428235 
 ----> 1.3#6.6#44.0#54.0#VAR 981 1 0.521812 0.478188 
 ----> 1.3#6.6#44.0#54.0#VAR 982 1 0.520009 0.479991 
 ----> 1.3#6.6#44.0#54.0#VAR 983 1 0.552232 0.447768 
 ----> 1.3#6.6#44.0#54.0#VAR 984 0 0.573597 0.426403 
 ----> 1.3#6.6#44.0#54.0#VAR 985 0 0.553894 0.446106 
 ----> 1.3#6.6#44.0#54.0#VAR 986 0 0.585185 0.414815 
 ----> 1.3#6.6#44.0#54.0#VAR 987 1 0.564085 0.435915 
 ----> 1.3#6.6#44.0#54.0#VAR 988 1 0.536786 0.463214 
 ----> 1.3#6.6#44.0#54.0#VAR 989 1 0.56894 0.43106 
 ----> 1.3#6.6#44.0#54.0#VAR 990 1 0.55343 0.44657 
 ----> 1.3#6.6#44.0#54.0#VAR 991 0 0.592622 0.407378 
 ----> 1.3#6.6#44.0#54.0#VAR 992 0 0.556043 0.443957 
 ----> 1.3#6.6#44.0#54.0#VAR 993 0 0.584486 0.415514 
 ----> 1.3#6.6#44.0#54.0#VAR 994 1 0.568758 0.431242 
 ----> 1.3#6.6#44.0#54.0#VAR 995 0 0.569747 0.430253 
 ----> 1.3#6.6#44.0#54.0#VAR 996 1 0.557922 0.442078 
 ----> 1.3#6.6#44.0#54.0#VAR 997 1 0.546322 0.453678 
 ----> 1.3#6.6#44.0#54.0#VAR 998 0 0.589492 0.410508 
 ----> 1.3#6.6#44.0#54.0#VAR 999 0 0.588696 0.411304 
 ----> 1.3#6.6#44.0#54.0#VAR 1000 1 0.555713 0.444287 
 ----> 1.3#6.6#44.0#54.0#VAR 1001 1 0.570734 0.429266 
 ----> 1.3#6.6#44.0#54.0#VAR 1002 0 0.561006 0.438994 
 ----> 1.3#6.6#44.0#54.0#VAR 1003 1 0.555256 0.444744 
 ----> 1.3#6.6#44.0#54.0#VAR 1004 0 0.571223 0.428777 
 ----> 1.3#6.6#44.0#54.0#VAR 1005 1 0.535971 0.464029 
 ----> 1.3#6.6#44.0#54.0#VAR 1006 0 0.594143 0.405857 
 ----> 1.3#6.6#44.0#54.0#VAR 1007 1 0.573742 0.426258 
 ----> 1.3#6.6#44.0#54.0#VAR 1008 0 0.562176 0.437824 
 ----> 1.3#6.6#44.0#54.0#VAR 1009 0 0.580771 0.419229 
 ----> 1.3#6.6#44.0#54.0#VAR 1010 1 0.550373 0.449627 
 ----> 1.3#6.6#44.0#54.0#VAR 1011 0 0.590793 0.409207 
 ----> 1.3#6.6#44.0#54.0#VAR 1012 0 0.571489 0.428511 
 ----> 1.3#6.6#44.0#54.0#VAR 1013 0 0.577592 0.422408 
 ----> 1.3#6.6#44.0#54.0#VAR 1014 1 0.543728 0.456272 
 ----> 1.3#6.6#44.0#54.0#VAR 1015 0 0.566553 0.433447 
 ----> 1.3#6.6#44.0#54.0#VAR 1016 1 0.533007 0.466993 
 ----> 1.3#6.6#44.0#54.0#VAR 1017 1 0.518952 0.481048 
 ----> 1.3#6.6#44.0#54.0#VAR 1018 1 0.526618 0.473382 
 ----> 1.3#6.6#44.0#54.0#VAR 1019 1 0.553532 0.446468 
 ----> 1.3#6.6#44.0#54.0#VAR 1020 1 0.521213 0.478787 
 ----> 1.3#6.6#44.0#54.0#VAR 1021 1 0.539538 0.460462 
 ----> 1.3#6.6#44.0#54.0#VAR 1022 1 0.546783 0.453217 
 ----> 1.3#6.6#44.0#54.0#VAR 1023 1 0.530394 0.469606 
 ----> 1.3#6.6#44.0#54.0#VAR 1024 1 0.549177 0.450823 
 ----> 1.3#6.6#44.0#54.0#VAR 1025 1 0.55945 0.44055 
 ----> 1.3#6.6#44.0#54.0#VAR 1026 0 0.581253 0.418747 
 ----> 1.3#6.6#44.0#54.0#VAR 1027 0 0.59376 0.40624 
 ----> 1.3#6.6#44.0#54.0#VAR 1028 1 0.543186 0.456814 
 ----> 1.3#6.6#44.0#54.0#VAR 1029 1 0.563722 0.436278 
 ----> 1.3#6.6#44.0#54.0#VAR 1030 1 0.553242 0.446758 
 ----> 1.3#6.6#44.0#54.0#VAR 1031 0 0.597178 0.402822 
 ----> 1.3#6.6#44.0#54.0#VAR 1032 1 0.560535 0.439465 
 ----> 1.3#6.6#44.0#54.0#VAR 1033 1 0.553548 0.446452 
 ----> 1.3#6.6#44.0#54.0#VAR 1034 1 0.530305 0.469695 
 ----> 1.3#6.6#44.0#54.0#VAR 1035 0 0.565889 0.434111 
 ----> 1.3#6.6#44.0#54.0#VAR 1036 1 0.533331 0.466669 
 ----> 1.3#6.6#44.0#54.0#VAR 1037 1 0.548737 0.451263 
 ----> 1.3#6.6#44.0#54.0#VAR 1038 0 0.581556 0.418444 
 ----> 1.3#6.6#44.0#54.0#VAR 1039 0 0.55791 0.44209 
 ----> 1.3#6.6#44.0#54.0#VAR 1040 0 0.583392 0.416608 
 ----> 1.3#6.6#44.0#54.0#VAR 1041 0 0.558943 0.441057 
 ----> 1.3#6.6#44.0#54.0#VAR 1042 0 0.573068 0.426932 
 ----> 1.3#6.6#44.0#54.0#VAR 1043 1 0.550378 0.449622 
 ----> 1.3#6.6#44.0#54.0#VAR 1044 1 0.55557 0.44443 
 ----> 1.3#6.6#44.0#54.0#VAR 1045 0 0.595631 0.404369 
 ----> 1.3#6.6#44.0#54.0#VAR 1046 1 0.546776 0.453224 
 ----> 1.3#6.6#44.0#54.0#VAR 1047 1 0.557557 0.442443 
 ----> 1.3#6.6#44.0#54.0#VAR 1048 0 0.566933 0.433067 
 ----> 1.3#6.6#44.0#54.0#VAR 1049 0 0.579595 0.420405 
 ----> 1.3#6.6#44.0#54.0#VAR 1050 0 0.582992 0.417008 
 ----> 1.3#6.6#44.0#54.0#VAR 1051 1 0.563861 0.436139 
 ----> 1.3#6.6#44.0#54.0#VAR 1052 1 0.556638 0.443362 
 ----> 1.3#6.6#44.0#54.0#VAR 1053 0 0.602866 0.397134 
 ----> 1.3#6.6#44.0#54.0#VAR 1054 0 0.587687 0.412313 
 ----> 1.3#6.6#44.0#54.0#VAR 1055 0 0.554261 0.445739 
 ----> 1.3#6.6#44.0#54.0#VAR 1056 1 0.553907 0.446093 
 ----> 1.3#6.6#44.0#54.0#VAR 1057 0 0.570032 0.429968 
 ----> 1.3#6.6#44.0#54.0#VAR 1058 1 0.551376 0.448624 
 ----> 1.3#6.6#44.0#54.0#VAR 1059 1 0.530855 0.469145 
 ----> 1.3#6.6#44.0#54.0#VAR 1060 1 0.570155 0.429845 
 ----> 1.3#6.6#44.0#54.0#VAR 1061 0 0.577801 0.422199 
 ----> 1.3#6.6#44.0#54.0#VAR 1062 1 0.536011 0.463989 
 ----> 1.3#6.6#44.0#54.0#VAR 1063 0 0.583538 0.416462 
 ----> 1.3#6.6#44.0#54.0#VAR 1064 0 0.58293 0.41707 
 ----> 1.3#6.6#44.0#54.0#VAR 1065 0 0.582783 0.417217 
 ----> 1.3#6.6#44.0#54.0#VAR 1066 0 0.588992 0.411008 
 ----> 1.3#6.6#44.0#54.0#VAR 1067 0 0.56928 0.43072 
 ----> 1.3#6.6#44.0#54.0#VAR 1068 1 0.542216 0.457784 
 ----> 1.3#6.6#44.0#54.0#VAR 1069 1 0.533349 0.466651 
 ----> 1.3#6.6#44.0#54.0#VAR 1070 0 0.567158 0.432842 
 ----> 1.3#6.6#44.0#54.0#VAR 1071 1 0.556242 0.443758 
 ----> 1.3#6.6#44.0#54.0#VAR 1072 1 0.562739 0.437261 
 ----> 1.3#6.6#44.0#54.0#VAR 1073 0 0.566647 0.433353 
 ----> 1.3#6.6#44.0#54.0#VAR 1074 1 0.546819 0.453181 
 ----> 1.3#6.6#44.0#54.0#VAR 1075 1 0.56426 0.43574 
 ----> 1.3#6.6#44.0#54.0#VAR 1076 0 0.57108 0.42892 
 ----> 1.3#6.6#44.0#54.0#VAR 1077 1 0.547442 0.452558 
 ----> 1.3#6.6#44.0#54.0#VAR 1078 0 0.585215 0.414785 
 ----> 1.3#6.6#44.0#54.0#VAR 1079 1 0.556898 0.443102 
 ----> 1.3#6.6#44.0#54.0#VAR 1080 1 0.580457 0.419543 
 ----> 1.3#6.6#44.0#54.0#VAR 1081 0 0.569717 0.430283 
 ----> 1.3#6.6#44.0#54.0#VAR 1082 1 0.54743 0.45257 
 ----> 1.3#6.6#44.0#54.0#VAR 1083 0 0.581978 0.418022 
 ----> 1.3#6.6#44.0#54.0#VAR 1084 0 0.570845 0.429155 
 ----> 1.3#6.6#44.0#54.0#VAR 1085 1 0.575563 0.424437 
 ----> 1.3#6.6#44.0#54.0#VAR 1086 0 0.595339 0.404661 
 ----> 1.3#6.6#44.0#54.0#VAR 1087 0 0.570963 0.429037 
 ----> 1.3#6.6#44.0#54.0#VAR 1088 0 0.577947 0.422053 
 ----> 1.3#6.6#44.0#54.0#VAR 1089 0 0.571636 0.428364 
 ----> 1.3#6.6#44.0#54.0#VAR 1090 1 0.580257 0.419743 
 ----> 1.3#6.6#44.0#54.0#VAR 1091 0 0.58038 0.41962 
 ----> 1.3#6.6#44.0#54.0#VAR 1092 0 0.582 0.418 
 ----> 1.3#6.6#44.0#54.0#VAR 1093 0 0.595492 0.404508 
 ----> 1.3#6.6#44.0#54.0#VAR 1094 1 0.537928 0.462072 
 ----> 1.3#6.6#44.0#54.0#VAR 1095 0 0.56193 0.43807 
 ----> 1.3#6.6#44.0#54.0#VAR 1096 0 0.56135 0.43865 
 ----> 1.3#6.6#44.0#54.0#VAR 1097 0 0.573819 0.426181 
 ----> 1.3#6.6#44.0#54.0#VAR 1098 1 0.540407 0.459593 
 ----> 1.3#6.6#44.0#54.0#VAR 1099 0 0.562867 0.437133 
 ----> 1.3#6.6#44.0#54.0#VAR 1100 1 0.539402 0.460598 
 ----> 1.3#6.6#44.0#54.0#VAR 1101 1 0.530845 0.469155 
 ----> 1.3#6.6#44.0#54.0#VAR 1102 0 0.565435 0.434565 
 ----> 1.3#6.6#44.0#54.0#VAR 1103 1 0.569175 0.430825 
 ----> 1.3#6.6#44.0#54.0#VAR 1104 1 0.563331 0.436669 
 ----> 1.3#6.6#44.0#54.0#VAR 1105 0 0.571031 0.428969 
 ----> 1.3#6.6#44.0#54.0#VAR 1106 0 0.588271 0.411729 
 ----> 1.3#6.6#44.0#54.0#VAR 1107 0 0.562924 0.437076 
 ----> 1.3#6.6#44.0#54.0#VAR 1108 0 0.576973 0.423027 
 ----> 1.3#6.6#44.0#54.0#VAR 1109 0 0.604167 0.395833 
 ----> 1.3#6.6#44.0#54.0#VAR 1110 0 0.60001 0.39999 
 ----> 1.3#6.6#44.0#54.0#VAR 1111 0 0.599511 0.400489 
 ----> 1.3#6.6#44.0#54.0#VAR 1112 0 0.577999 0.422001 
 ----> 1.3#6.6#44.0#54.0#VAR 1113 0 0.62997 0.37003 
 ----> 1.3#6.6#44.0#54.0#VAR 1114 0 0.613914 0.386086 
 ----> 1.3#6.6#44.0#54.0#VAR 1115 1 0.566779 0.433221 
 ----> 1.3#6.6#44.0#54.0#VAR 1116 0 0.583341 0.416659 
 ----> 1.3#6.6#44.0#54.0#VAR 1117 0 0.591481 0.408519 
 ----> 1.3#6.6#44.0#54.0#VAR 1118 1 0.54729 0.45271 
 ----> 1.3#6.6#44.0#54.0#VAR 1119 0 0.596762 0.403238 
 ----> 1.3#6.6#44.0#54.0#VAR 1120 0 0.567064 0.432936 
 ----> 1.3#6.6#44.0#54.0#VAR 1121 0 0.582888 0.417112 
 ----> 1.3#6.6#44.0#54.0#VAR 1122 0 0.571868 0.428132 
 ----> 1.3#6.6#44.0#54.0#VAR 1123 0 0.602928 0.397072 
 ----> 1.3#6.6#44.0#54.0#VAR 1124 0 0.562083 0.437917 
 ----> 1.3#6.6#44.0#54.0#VAR 1125 0 0.593785 0.406215 
 ----> 1.3#6.6#44.0#54.0#VAR 1126 0 0.598128 0.401872 
 ----> 1.3#6.6#44.0#54.0#VAR 1127 0 0.58474 0.41526 
 ----> 1.3#6.6#44.0#54.0#VAR 1128 0 0.588795 0.411205 
 ----> 1.3#6.6#44.0#54.0#VAR 1129 0 0.60313 0.39687 
 ----> 1.3#6.6#44.0#54.0#VAR 1130 0 0.58469 0.41531 
 ----> 1.3#6.6#44.0#54.0#VAR 1131 1 0.563035 0.436965 
 ----> 1.3#6.6#44.0#54.0#VAR 1132 0 0.570094 0.429906 
 ----> 1.3#6.6#44.0#54.0#VAR 1133 0 0.596855 0.403145 
 ----> 1.3#6.6#44.0#54.0#VAR 1134 0 0.583578 0.416422 
 ----> 1.3#6.6#44.0#54.0#VAR 1135 1 0.575606 0.424394 
 ----> 1.3#6.6#44.0#54.0#VAR 1136 1 0.581611 0.418389 
 ----> 1.3#6.6#44.0#54.0#VAR 1137 1 0.586149 0.413851 
 ----> 1.3#6.6#44.0#54.0#VAR 1138 0 0.606862 0.393138 
 ----> 1.3#6.6#44.0#54.0#VAR 1139 0 0.583106 0.416894 
 ----> 1.3#6.6#44.0#54.0#VAR 1140 0 0.573994 0.426006 
 ----> 1.3#6.6#44.0#54.0#VAR 1141 0 0.610239 0.389761 
 ----> 1.3#6.6#44.0#54.0#VAR 1142 1 0.563557 0.436443 
 ----> 1.3#6.6#44.0#54.0#VAR 1143 1 0.559749 0.440251 
 ----> 1.3#6.6#44.0#54.0#VAR 1144 1 0.54918 0.45082 
 ----> 1.3#6.6#44.0#54.0#VAR 1145 1 0.570186 0.429814 
 ----> 1.3#6.6#44.0#54.0#VAR 1146 0 0.601361 0.398639 
 ----> 1.3#6.6#44.0#54.0#VAR 1147 1 0.581015 0.418985 
 ----> 1.3#6.6#44.0#54.0#VAR 1148 0 0.578844 0.421156 
 ----> 1.3#6.6#44.0#54.0#VAR 1149 0 0.582082 0.417918 
 ----> 1.3#6.6#44.0#54.0#VAR 1150 1 0.576451 0.423549 
 ----> 1.3#6.6#44.0#54.0#VAR 1151 1 0.550777 0.449223 
 ----> 1.3#6.6#44.0#54.0#VAR 1152 0 0.590215 0.409785 
 ----> 1.3#6.6#44.0#54.0#VAR 1153 1 0.545795 0.454205 
 ----> 1.3#6.6#44.0#54.0#VAR 1154 1 0.555826 0.444174 
 ----> 1.3#6.6#44.0#54.0#VAR 1155 1 0.564134 0.435866 
 ----> 1.3#6.6#44.0#54.0#VAR 1156 0 0.586505 0.413495 
 ----> 1.3#6.6#44.0#54.0#VAR 1157 0 0.59233 0.40767 
 ----> 1.3#6.6#44.0#54.0#VAR 1158 0 0.582852 0.417148 
 ----> 1.3#6.6#44.0#54.0#VAR 1159 0 0.584739 0.415261 
 ----> 1.3#6.6#44.0#54.0#VAR 1160 1 0.561395 0.438605 
 ----> 1.3#6.6#44.0#54.0#VAR 1161 0 0.587304 0.412696 
 ----> 1.3#6.6#44.0#54.0#VAR 1162 0 0.617611 0.382389 
 ----> 1.3#6.6#44.0#54.0#VAR 1163 1 0.5575 0.4425 
 ----> 1.3#6.6#44.0#54.0#VAR 1164 0 0.580398 0.419602 
 ----> 1.3#6.6#44.0#54.0#VAR 1165 0 0.555301 0.444699 
 ----> 1.3#6.6#44.0#54.0#VAR 1166 1 0.555608 0.444392 
 ----> 1.3#6.6#44.0#54.0#VAR 1167 0 0.593063 0.406937 
 ----> 1.3#6.6#44.0#54.0#VAR 1168 0 0.588445 0.411555 
 ----> 1.3#6.6#44.0#54.0#VAR 1169 0 0.603292 0.396708 
 ----> 1.3#6.6#44.0#54.0#VAR 1170 0 0.58977 0.41023 
 ----> 1.3#6.6#44.0#54.0#VAR 1171 1 0.55265 0.44735 
 ----> 1.3#6.6#44.0#54.0#VAR 1172 0 0.595145 0.404855 
 ----> 1.3#6.6#44.0#54.0#VAR 1173 1 0.54389 0.45611 
 ----> 1.3#6.6#44.0#54.0#VAR 1174 1 0.546243 0.453757 
 ----> 1.3#6.6#44.0#54.0#VAR 1175 0 0.557552 0.442448 
 ----> 1.3#6.6#44.0#54.0#VAR 1176 1 0.542737 0.457263 
 ----> 1.3#6.6#44.0#54.0#VAR 1177 1 0.572032 0.427968 
 ----> 1.3#6.6#44.0#54.0#VAR 1178 0 0.594464 0.405536 
 ----> 1.3#6.6#44.0#54.0#VAR 1179 1 0.546969 0.453031 
 ----> 1.3#6.6#44.0#54.0#VAR 1180 0 0.609897 0.390103 
 ----> 1.3#6.6#44.0#54.0#VAR 1181 0 0.590929 0.409071 
 ----> 1.3#6.6#44.0#54.0#VAR 1182 1 0.51949 0.48051 
 ----> 1.3#6.6#44.0#54.0#VAR 1183 0 0.56546 0.43454 
 ----> 1.3#6.6#44.0#54.0#VAR 1184 0 0.581075 0.418925 
 ----> 1.3#6.6#44.0#54.0#VAR 1185 1 0.553664 0.446336 
 ----> 1.3#6.6#44.0#54.0#VAR 1186 0 0.588389 0.411611 
 ----> 1.3#6.6#44.0#54.0#VAR 1187 0 0.586621 0.413379 
 ----> 1.3#6.6#44.0#54.0#VAR 1188 0 0.598475 0.401525 
 ----> 1.3#6.6#44.0#54.0#VAR 1189 0 0.592238 0.407762 
 ----> 1.3#6.6#44.0#54.0#VAR 1190 0 0.576497 0.423503 
 ----> 1.3#6.6#44.0#54.0#VAR 1191 0 0.586716 0.413284 
 ----> 1.3#6.6#44.0#54.0#VAR 1192 0 0.550262 0.449738 
 ----> 1.3#6.6#44.0#54.0#VAR 1193 0 0.59111 0.40889 
 ----> 1.3#6.6#44.0#54.0#VAR 1194 0 0.609925 0.390075 
 ----> 1.3#6.6#44.0#54.0#VAR 1195 0 0.569252 0.430748 
 ----> 1.3#6.6#44.0#54.0#VAR 1196 1 0.572796 0.427204 
 ----> 1.3#6.6#44.0#54.0#VAR 1197 1 0.583838 0.416162 
 ----> 1.3#6.6#44.0#54.0#VAR 1198 0 0.573806 0.426194 
 ----> 1.3#6.6#44.0#54.0#VAR 1199 0 0.587119 0.412881 
 ----> 1.3#6.6#44.0#54.0#VAR 1200 1 0.552602 0.447398 
 ----> 1.3#6.6#44.0#54.0#VAR 1201 0 0.597896 0.402104 
 ----> 1.3#6.6#44.0#54.0#VAR 1202 0 0.579379 0.420621 
 ----> 1.3#6.6#44.0#54.0#VAR 1203 0 0.592604 0.407396 
 ----> 1.3#6.6#44.0#54.0#VAR 1204 1 0.595072 0.404928 
 ----> 1.3#6.6#44.0#54.0#VAR 1205 1 0.564367 0.435633 
 ----> 1.3#6.6#44.0#54.0#VAR 1206 0 0.581316 0.418684 
 ----> 1.3#6.6#44.0#54.0#VAR 1207 1 0.600009 0.399991 
 ----> 1.3#6.6#44.0#54.0#VAR 1208 0 0.592098 0.407902 
 ----> 1.3#6.6#44.0#54.0#VAR 1209 1 0.563265 0.436735 
 ----> 1.3#6.6#44.0#54.0#VAR 1210 0 0.616505 0.383495 
 ----> 1.3#6.6#44.0#54.0#VAR 1211 1 0.579886 0.420114 
 ----> 1.3#6.6#44.0#54.0#VAR 1212 1 0.560686 0.439314 
 ----> 1.3#6.6#44.0#54.0#VAR 1213 0 0.566347 0.433653 
 ----> 1.3#6.6#44.0#54.0#VAR 1214 0 0.560227 0.439773 
 ----> 1.3#6.6#44.0#54.0#VAR 1215 0 0.584587 0.415413 
 ----> 1.3#6.6#44.0#54.0#VAR 1216 0 0.580153 0.419847 
 ----> 1.3#6.6#44.0#54.0#VAR 1217 0 0.568685 0.431315 
 ----> 1.3#6.6#44.0#54.0#VAR 1218 0 0.574736 0.425264 
 ----> 1.3#6.6#44.0#54.0#VAR 1219 0 0.562575 0.437425 
 ----> 1.3#6.6#44.0#54.0#VAR 1220 0 0.587477 0.412523 
 ----> 1.3#6.6#44.0#54.0#VAR 1221 0 0.571105 0.428895 
 ----> 1.3#6.6#44.0#54.0#VAR 1222 1 0.562176 0.437824 
 ----> 1.3#6.6#44.0#54.0#VAR 1223 1 0.571643 0.428357 
 ----> 1.3#6.6#44.0#54.0#VAR 1224 1 0.539325 0.460675 
 ----> 1.3#6.6#44.0#54.0#VAR 1225 0 0.58497 0.41503 
 ----> 1.3#6.6#44.0#54.0#VAR 1226 1 0.550469 0.449531 
 ----> 1.3#6.6#44.0#54.0#VAR 1227 1 0.551972 0.448028 
 ----> 1.3#6.6#44.0#54.0#VAR 1228 0 0.590698 0.409302 
 ----> 1.3#6.6#44.0#54.0#VAR 1229 0 0.576407 0.423593 
 ----> 1.3#6.6#44.0#54.0#VAR 1230 1 0.526685 0.473315 
 ----> 1.3#6.6#44.0#54.0#VAR 1231 1 0.493159 0.506841 
 ----> 1.3#6.6#44.0#54.0#VAR 1232 0 0.611407 0.388593 
 ----> 1.3#6.6#44.0#54.0#VAR 1233 0 0.618421 0.381579 
 ----> 1.3#6.6#44.0#54.0#VAR 1234 1 0.564657 0.435343 
 ----> 1.3#6.6#44.0#54.0#VAR 1235 1 0.552908 0.447092 
 ----> 1.3#6.6#44.0#54.0#VAR 1236 0 0.567888 0.432112 
 ----> 1.3#6.6#44.0#54.0#VAR 1237 0 0.580433 0.419567 
 ----> 1.3#6.6#44.0#54.0#VAR 1238 0 0.589551 0.410449 
 ----> 1.3#6.6#44.0#54.0#VAR 1239 1 0.566552 0.433448 
 ----> 1.3#6.6#44.0#54.0#VAR 1240 0 0.587648 0.412352 
 ----> 1.3#6.6#44.0#54.0#VAR 1241 0 0.597279 0.402721 
 ----> 1.3#6.6#44.0#54.0#VAR 1242 1 0.558728 0.441272 
 ----> 1.3#6.6#44.0#54.0#VAR 1243 0 0.56751 0.43249 
 ----> 1.3#6.6#44.0#54.0#VAR 1244 0 0.586702 0.413298 
 ----> 1.3#6.6#44.0#54.0#VAR 1245 0 0.577776 0.422224 
 ----> 1.3#6.6#44.0#54.0#VAR 1246 0 0.575188 0.424812 
 ----> 1.3#6.6#44.0#54.0#VAR 1247 0 0.576194 0.423806 
 ----> 1.3#6.6#44.0#54.0#VAR 1248 0 0.568527 0.431473 
 ----> 1.3#6.6#44.0#54.0#VAR 1249 0 0.581347 0.418653 
 ----> 1.3#6.6#44.0#54.0#VAR 1250 0 0.607471 0.392529 
 ----> 1.3#6.6#44.0#54.0#VAR 1251 0 0.584962 0.415038 
 ----> 1.3#6.6#44.0#54.0#VAR 1252 0 0.588803 0.411197 
 ----> 1.3#6.6#44.0#54.0#VAR 1253 0 0.591373 0.408627 
 ----> 1.3#6.6#44.0#54.0#VAR 1254 0 0.5895 0.4105 
 ----> 1.3#6.6#44.0#54.0#VAR 1255 0 0.57959 0.42041 
 ----> 1.3#6.6#44.0#54.0#VAR 1256 0 0.569664 0.430336 
 ----> 1.3#6.6#44.0#54.0#VAR 1257 1 0.557942 0.442058 
 ----> 1.3#6.6#44.0#54.0#VAR 1258 0 0.591881 0.408119 
 ----> 1.3#6.6#44.0#54.0#VAR 1259 1 0.563731 0.436269 
 ----> 1.3#6.6#44.0#54.0#VAR 1260 0 0.579311 0.420689 
 ----> 1.3#6.6#44.0#54.0#VAR 1261 0 0.584214 0.415786 
 ----> 1.3#6.6#44.0#54.0#VAR 1262 0 0.569457 0.430543 
 ----> 1.3#6.6#44.0#54.0#VAR 1263 1 0.556308 0.443692 
 ----> 1.3#6.6#44.0#54.0#VAR 1264 0 0.598697 0.401303 
 ----> 1.3#6.6#44.0#54.0#VAR 1265 1 0.568415 0.431585 
 ----> 1.3#6.6#44.0#54.0#VAR 1266 1 0.554995 0.445005 
 ----> 1.3#6.6#44.0#54.0#VAR 1267 1 0.547377 0.452623 
 ----> 1.3#6.6#44.0#54.0#VAR 1268 1 0.576742 0.423258 
 ----> 1.3#6.6#44.0#54.0#VAR 1269 1 0.555887 0.444113 
 ----> 1.3#6.6#44.0#54.0#VAR 1270 1 0.55142 0.44858 
 ----> 1.3#6.6#44.0#54.0#VAR 1271 1 0.569783 0.430217 
 ----> 1.3#6.6#44.0#54.0#VAR 1272 0 0.577977 0.422023 
 ----> 1.3#6.6#44.0#54.0#VAR 1273 1 0.56366 0.43634 
 ----> 1.3#6.6#44.0#54.0#VAR 1274 0 0.575079 0.424921 
 ----> 1.3#6.6#44.0#54.0#VAR 1275 0 0.583697 0.416303 
 ----> 1.3#6.6#44.0#54.0#VAR 1276 1 0.536044 0.463956 
 ----> 1.3#6.6#44.0#54.0#VAR 1277 1 0.532735 0.467265 
 ----> 1.3#6.6#44.0#54.0#VAR 1278 1 0.543795 0.456205 
 ----> 1.3#6.6#44.0#54.0#VAR 1279 0 0.599127 0.400873 
 ----> 1.3#6.6#44.0#54.0#VAR 1280 1 0.565878 0.434122 
 ----> 1.3#6.6#44.0#54.0#VAR 1281 0 0.58501 0.41499 
 ----> 1.3#6.6#44.0#54.0#VAR 1282 1 0.573021 0.426979 
 ----> 1.3#6.6#44.0#54.0#VAR 1283 0 0.593483 0.406517 
 ----> 1.3#6.6#44.0#54.0#VAR 1284 1 0.56029 0.43971 
 ----> 1.3#6.6#44.0#54.0#VAR 1285 1 0.561745 0.438255 
 ----> 1.3#6.6#44.0#54.0#VAR 1286 0 0.591809 0.408191 
 ----> 1.3#6.6#44.0#54.0#VAR 1287 1 0.566414 0.433586 
 ----> 1.3#6.6#44.0#54.0#VAR 1288 1 0.579365 0.420635 
 ----> 1.3#6.6#44.0#54.0#VAR 1289 1 0.584775 0.415225 
 ----> 1.3#6.6#44.0#54.0#VAR 1290 1 0.573186 0.426814 
 ----> 1.3#6.6#44.0#54.0#VAR 1291 0 0.592673 0.407327 
 ----> 1.3#6.6#44.0#54.0#VAR 1292 0 0.612401 0.387599 
 ----> 1.3#6.6#44.0#54.0#VAR 1293 0 0.574713 0.425287 
 ----> 1.3#6.6#44.0#54.0#VAR 1294 0 0.612382 0.387618 
 ----> 1.3#6.6#44.0#54.0#VAR 1295 0 0.60568 0.39432 
 ----> 1.3#6.6#44.0#54.0#VAR 1296 1 0.589871 0.410129 
 ----> 1.3#6.6#44.0#54.0#VAR 1297 0 0.598542 0.401458 
 ----> 1.3#6.6#44.0#54.0#VAR 1298 1 0.577667 0.422333 
 ----> 1.3#6.6#44.0#54.0#VAR 1299 0 0.595288 0.404712 
 ----> 1.3#6.6#44.0#54.0#VAR 1300 0 0.601634 0.398366 
 ----> 1.3#6.6#44.0#54.0#VAR 1301 0 0.599593 0.400407 
 ----> 1.3#6.6#44.0#54.0#VAR 1302 1 0.594589 0.405411 
 ----> 1.3#6.6#44.0#54.0#VAR 1303 1 0.580621 0.419379 
 ----> 1.3#6.6#44.0#54.0#VAR 1304 0 0.592034 0.407966 
 ----> 1.3#6.6#44.0#54.0#VAR 1305 0 0.62264 0.37736 
 ----> 1.3#6.6#44.0#54.0#VAR 1306 0 0.592976 0.407024 
 ----> 1.3#6.6#44.0#54.0#VAR 1307 0 0.588941 0.411059 
 ----> 1.3#6.6#44.0#54.0#VAR 1308 1 0.582849 0.417151 
 ----> 1.3#6.6#44.0#54.0#VAR 1309 0 0.598892 0.401108 
 ----> 1.3#6.6#44.0#54.0#VAR 1310 0 0.600873 0.399127 
 ----> 1.3#6.6#44.0#54.0#VAR 1311 1 0.593027 0.406973 
 ----> 1.3#6.6#44.0#54.0#VAR 1312 1 0.581774 0.418226 
 ----> 1.3#6.6#44.0#54.0#VAR 1313 0 0.588196 0.411804 
 ----> 1.3#6.6#44.0#54.0#VAR 1314 0 0.610371 0.389629 
 ----> 1.3#6.6#44.0#54.0#VAR 1315 0 0.606438 0.393562 
 ----> 1.3#6.6#44.0#54.0#VAR 1316 1 0.558721 0.441279 
 ----> 1.3#6.6#44.0#54.0#VAR 1317 0 0.623047 0.376953 
 ----> 1.3#6.6#44.0#54.0#VAR 1318 1 0.567896 0.432104 
 ----> 1.3#6.6#44.0#54.0#VAR 1319 1 0.577135 0.422865 
 ----> 1.3#6.6#44.0#54.0#VAR 1320 0 0.582492 0.417508 
 ----> 1.3#6.6#44.0#54.0#VAR 1321 0 0.587042 0.412958 
 ----> 1.3#6.6#44.0#54.0#VAR 1322 0 0.597625 0.402375 
 ----> 1.3#6.6#44.0#54.0#VAR 1323 1 0.586332 0.413668 
 ----> 1.3#6.6#44.0#54.0#VAR 1324 0 0.611041 0.388959 
 ----> 1.3#6.6#44.0#54.0#VAR 1325 0 0.622249 0.377751 
 ----> 1.3#6.6#44.0#54.0#VAR 1326 1 0.573664 0.426336 
 ----> 1.3#6.6#44.0#54.0#VAR 1327 0 0.582324 0.417676 
 ----> 1.3#6.6#44.0#54.0#VAR 1328 0 0.605019 0.394981 
 ----> 1.3#6.6#44.0#54.0#VAR 1329 0 0.605961 0.394039 
 ----> 1.3#6.6#44.0#54.0#VAR 1330 1 0.583235 0.416765 
 ----> 1.3#6.6#44.0#54.0#VAR 1331 1 0.578795 0.421205 
 ----> 1.3#6.6#44.0#54.0#VAR 1332 0 0.589952 0.410048 
 ----> 1.3#6.6#44.0#54.0#VAR 1333 1 0.583814 0.416186 
 ----> 1.3#6.6#44.0#54.0#VAR 1334 0 0.597578 0.402422 
 ----> 1.3#6.6#44.0#54.0#VAR 1335 0 0.586204 0.413796 
 ----> 1.3#6.6#44.0#54.0#VAR 1336 0 0.590754 0.409246 
 ----> 1.3#6.6#44.0#54.0#VAR 1337 1 0.565784 0.434216 
 ----> 1.3#6.6#44.0#54.0#VAR 1338 0 0.571097 0.428903 
 ----> 1.3#6.6#44.0#54.0#VAR 1339 1 0.595908 0.404092 
 ----> 1.3#6.6#44.0#54.0#VAR 1340 1 0.573411 0.426589 
 ----> 1.3#6.6#44.0#54.0#VAR 1341 0 0.602495 0.397505 
 ----> 1.3#6.6#44.0#54.0#VAR 1342 0 0.58436 0.41564 
 ----> 1.3#6.6#44.0#54.0#VAR 1343 0 0.580274 0.419726 
 ----> 1.3#6.6#44.0#54.0#VAR 1344 1 0.558414 0.441586 
 ----> 1.3#6.6#44.0#54.0#VAR 1345 0 0.576671 0.423329 
 ----> 1.3#6.6#44.0#54.0#VAR 1346 1 0.569947 0.430053 
 ----> 1.3#6.6#44.0#54.0#VAR 1347 1 0.56289 0.43711 
 ----> 1.3#6.6#44.0#54.0#VAR 1348 1 0.552015 0.447985 
 ----> 1.3#6.6#44.0#54.0#VAR 1349 0 0.582329 0.417671 
 ----> 1.3#6.6#44.0#54.0#VAR 1350 1 0.551119 0.448881 
 ----> 1.3#6.6#44.0#54.0#VAR 1351 0 0.579916 0.420084 
 ----> 1.3#6.6#44.0#54.0#VAR 1352 1 0.571878 0.428122 
 ----> 1.3#6.6#44.0#54.0#VAR 1353 1 0.577893 0.422107 
 ----> 1.3#6.6#44.0#54.0#VAR 1354 1 0.572375 0.427625 
 ----> 1.3#6.6#44.0#54.0#VAR 1355 1 0.580498 0.419502 
 ----> 1.3#6.6#44.0#54.0#VAR 1356 0 0.600943 0.399057 
 ----> 1.3#6.6#44.0#54.0#VAR 1357 1 0.554983 0.445017 
 ----> 1.3#6.6#44.0#54.0#VAR 1358 0 0.621298 0.378702 
 ----> 1.3#6.6#44.0#54.0#VAR 1359 0 0.578903 0.421097 
 ----> 1.3#6.6#44.0#54.0#VAR 1360 1 0.557428 0.442572 
 ----> 1.3#6.6#44.0#54.0#VAR 1361 1 0.542022 0.457978 
 ----> 1.3#6.6#44.0#54.0#VAR 1362 0 0.569159 0.430841 
 ----> 1.3#6.6#44.0#54.0#VAR 1363 0 0.571323 0.428677 
 ----> 1.3#6.6#44.0#54.0#VAR 1364 0 0.595382 0.404618 
 ----> 1.3#6.6#44.0#54.0#VAR 1365 0 0.593031 0.406969 
 ----> 1.3#6.6#44.0#54.0#VAR 1366 0 0.588371 0.411629 
 ----> 1.3#6.6#44.0#54.0#VAR 1367 0 0.58953 0.41047 
 ----> 1.3#6.6#44.0#54.0#VAR 1368 1 0.580161 0.419839 
 ----> 1.3#6.6#44.0#54.0#VAR 1369 0 0.585077 0.414923 
 ----> 1.3#6.6#44.0#54.0#VAR 1370 1 0.582115 0.417885 
 ----> 1.3#6.6#44.0#54.0#VAR 1371 1 0.572733 0.427267 
 ----> 1.3#6.6#44.0#54.0#VAR 1372 0 0.58397 0.41603 
 ----> 1.3#6.6#44.0#54.0#VAR 1373 0 0.594685 0.405315 
 ----> 1.3#6.6#44.0#54.0#VAR 1374 0 0.58672 0.41328 
 ----> 1.3#6.6#44.0#54.0#VAR 1375 0 0.592756 0.407244 
 ----> 1.3#6.6#44.0#54.0#VAR 1376 1 0.581658 0.418342 
 ----> 1.3#6.6#44.0#54.0#VAR 1377 0 0.573551 0.426449 
 ----> 1.3#6.6#44.0#54.0#VAR 1378 0 0.606086 0.393914 
 ----> 1.3#6.6#44.0#54.0#VAR 1379 1 0.587607 0.412393 
 ----> 1.3#6.6#44.0#54.0#VAR 1380 0 0.598128 0.401872 
 ----> 1.3#6.6#44.0#54.0#VAR 1381 0 0.60053 0.39947 
 ----> 1.3#6.6#44.0#54.0#VAR 1382 0 0.600014 0.399986 
 ----> 1.3#6.6#44.0#54.0#VAR 1383 1 0.556974 0.443026 
 ----> 1.3#6.6#44.0#54.0#VAR 1384 1 0.599603 0.400397 
 ----> 1.3#6.6#44.0#54.0#VAR 1385 1 0.572272 0.427728 
 ----> 1.3#6.6#44.0#54.0#VAR 1386 0 0.577466 0.422534 
 ----> 1.3#6.6#44.0#54.0#VAR 1387 1 0.556812 0.443188 
 ----> 1.3#6.6#44.0#54.0#VAR 1388 0 0.590152 0.409848 
 ----> 1.3#6.6#44.0#54.0#VAR 1389 0 0.583452 0.416548 
 ----> 1.3#6.6#44.0#54.0#VAR 1390 0 0.569514 0.430486 
 ----> 1.3#6.6#44.0#54.0#VAR 1391 1 0.552006 0.447994 
 ----> 1.3#6.6#44.0#54.0#VAR 1392 1 0.558735 0.441265 
 ----> 1.3#6.6#44.0#54.0#VAR 1393 1 0.576396 0.423604 
 ----> 1.3#6.6#44.0#54.0#VAR 1394 0 0.577461 0.422539 
 ----> 1.3#6.6#44.0#54.0#VAR 1395 0 0.598432 0.401568 
 ----> 1.3#6.6#44.0#54.0#VAR 1396 0 0.590697 0.409303 
 ----> 1.3#6.6#44.0#54.0#VAR 1397 0 0.573055 0.426945 
 ----> 1.3#6.6#44.0#54.0#VAR 1398 0 0.570147 0.429853 
 ----> 1.3#6.6#44.0#54.0#VAR 1399 0 0.597226 0.402774 
 ----> 1.3#6.6#44.0#54.0#VAR 1400 0 0.594487 0.405513 
 ----> 1.3#6.6#44.0#54.0#VAR 1401 1 0.560291 0.439709 
 ----> 1.3#6.6#44.0#54.0#VAR 1402 1 0.577086 0.422914 
 ----> 1.3#6.6#44.0#54.0#VAR 1403 0 0.583761 0.416239 
 ----> 1.3#6.6#44.0#54.0#VAR 1404 0 0.573442 0.426558 
 ----> 1.3#6.6#44.0#54.0#VAR 1405 0 0.594329 0.405671 
 ----> 1.3#6.6#44.0#54.0#VAR 1406 1 0.59109 0.40891 
 ----> 1.3#6.6#44.0#54.0#VAR 1407 1 0.580737 0.419263 
 ----> 1.3#6.6#44.0#54.0#VAR 1408 0 0.607949 0.392051 
 ----> 1.3#6.6#44.0#54.0#VAR 1409 1 0.593136 0.406864 
 ----> 1.3#6.6#44.0#54.0#VAR 1410 0 0.573282 0.426718 
 ----> 1.3#6.6#44.0#54.0#VAR 1411 1 0.561509 0.438491 
 ----> 1.3#6.6#44.0#54.0#VAR 1412 0 0.58915 0.41085 
 ----> 1.3#6.6#44.0#54.0#VAR 1413 1 0.582504 0.417496 
 ----> 1.3#6.6#44.0#54.0#VAR 1414 0 0.608803 0.391197 
 ----> 1.3#6.6#44.0#54.0#VAR 1415 0 0.571751 0.428249 
 ----> 1.3#6.6#44.0#54.0#VAR 1416 0 0.589747 0.410253 
 ----> 1.3#6.6#44.0#54.0#VAR 1417 0 0.59343 0.40657 
 ----> 1.3#6.6#44.0#54.0#VAR 1418 1 0.567431 0.432569 
 ----> 1.3#6.6#44.0#54.0#VAR 1419 0 0.603614 0.396386 
 ----> 1.3#6.6#44.0#54.0#VAR 1420 0 0.584852 0.415148 
 ----> 1.3#6.6#44.0#54.0#VAR 1421 1 0.57934 0.42066 
 ----> 1.3#6.6#44.0#54.0#VAR 1422 0 0.593372 0.406628 
 ----> 1.3#6.6#44.0#54.0#VAR 1423 0 0.594 0.406 
 ----> 1.3#6.6#44.0#54.0#VAR 1424 1 0.571368 0.428632 
 ----> 1.3#6.6#44.0#54.0#VAR 1425 0 0.592924 0.407076 
 ----> 1.3#6.6#44.0#54.0#VAR 1426 0 0.611247 0.388753 
 ----> 1.3#6.6#44.0#54.0#VAR 1427 0 0.603264 0.396736 
 ----> 1.3#6.6#44.0#54.0#VAR 1428 1 0.589254 0.410746 
 ----> 1.3#6.6#44.0#54.0#VAR 1429 0 0.598712 0.401288 
 ----> 1.3#6.6#44.0#54.0#VAR 1430 1 0.586986 0.413014 
 ----> 1.3#6.6#44.0#54.0#VAR 1431 0 0.598956 0.401044 
 ----> 1.3#6.6#44.0#54.0#VAR 1432 0 0.619028 0.380972 
 ----> 1.3#6.6#44.0#54.0#VAR 1433 1 0.588768 0.411232 
 ----> 1.3#6.6#44.0#54.0#VAR 1434 1 0.575671 0.424329 
 ----> 1.3#6.6#44.0#54.0#VAR 1435 0 0.622718 0.377282 
 ----> 1.3#6.6#44.0#54.0#VAR 1436 1 0.581951 0.418049 
 ----> 1.3#6.6#44.0#54.0#VAR 1437 0 0.612973 0.387027 
 ----> 1.3#6.6#44.0#54.0#VAR 1438 1 0.594085 0.405915 
 ----> 1.3#6.6#44.0#54.0#VAR 1439 0 0.606466 0.393534 
 ----> 1.3#6.6#44.0#54.0#VAR 1440 1 0.579967 0.420033 
 ----> 1.3#6.6#44.0#54.0#VAR 1441 1 0.589993 0.410007 
 ----> 1.3#6.6#44.0#54.0#VAR 1442 1 0.578326 0.421674 
 ----> 1.3#6.6#44.0#54.0#VAR 1443 1 0.584937 0.415063 
 ----> 1.3#6.6#44.0#54.0#VAR 1444 1 0.570423 0.429577 
 ----> 1.3#6.6#44.0#54.0#VAR 1445 0 0.585958 0.414042 
 ----> 1.3#6.6#44.0#54.0#VAR 1446 1 0.579534 0.420466 
 ----> 1.3#6.6#44.0#54.0#VAR 1447 0 0.603862 0.396138 
 ----> 1.3#6.6#44.0#54.0#VAR 1448 1 0.587093 0.412907 
 ----> 1.3#6.6#44.0#54.0#VAR 1449 1 0.575192 0.424808 
 ----> 1.3#6.6#44.0#54.0#VAR 1450 1 0.577383 0.422617 
 ----> 1.3#6.6#44.0#54.0#VAR 1451 1 0.578724 0.421276 
 ----> 1.3#6.6#44.0#54.0#VAR 1452 0 0.623908 0.376092 
 ----> 1.3#6.6#44.0#54.0#VAR 1453 0 0.626056 0.373944 
 ----> 1.3#6.6#44.0#54.0#VAR 1454 1 0.577787 0.422213 
 ----> 1.3#6.6#44.0#54.0#VAR 1455 0 0.627146 0.372854 
 ----> 1.3#6.6#44.0#54.0#VAR 1456 1 0.587057 0.412943 
 ----> 1.3#6.6#44.0#54.0#VAR 1457 1 0.591953 0.408047 
 ----> 1.3#6.6#44.0#54.0#VAR 1458 0 0.59713 0.40287 
 ----> 1.3#6.6#44.0#54.0#VAR 1459 1 0.585977 0.414023 
 ----> 1.3#6.6#44.0#54.0#VAR 1460 1 0.593768 0.406232 
 ----> 1.3#6.6#44.0#54.0#VAR 1461 0 0.593216 0.406784 
 ----> 1.3#6.6#44.0#54.0#VAR 1462 1 0.584922 0.415078 
 ----> 1.3#6.6#44.0#54.0#VAR 1463 1 0.602298 0.397702 
 ----> 1.3#6.6#44.0#54.0#VAR 1464 1 0.590688 0.409312 
 ----> 1.3#6.6#44.0#54.0#VAR 1465 1 0.60088 0.39912 
 ----> 1.3#6.6#44.0#54.0#VAR 1466 0 0.588616 0.411384 
 ----> 1.3#6.6#44.0#54.0#VAR 1467 1 0.58623 0.41377 
 ----> 1.3#6.6#44.0#54.0#VAR 1468 1 0.600382 0.399618 
 ----> 1.3#6.6#44.0#54.0#VAR 1469 1 0.596916 0.403084 
 ----> 1.3#6.6#44.0#54.0#VAR 1470 1 0.597152 0.402848 
 ----> 1.3#6.6#44.0#54.0#VAR 1471 1 0.591466 0.408534 
 ----> 1.3#6.6#44.0#54.0#VAR 1472 1 0.583475 0.416525 
 ----> 1.3#6.6#44.0#54.0#VAR 1473 0 0.579688 0.420312 
 ----> 1.3#6.6#44.0#54.0#VAR 1474 0 0.584015 0.415985 
 ----> 1.3#6.6#44.0#54.0#VAR 1475 1 0.595311 0.404689 
 ----> 1.3#6.6#44.0#54.0#VAR 1476 0 0.569051 0.430949 
 ----> 1.3#6.6#44.0#54.0#VAR 1477 1 0.615873 0.384127 
 ----> 1.3#6.6#44.0#54.0#VAR 1478 1 0.594456 0.405544 
 ----> 1.3#6.6#44.0#54.0#VAR 1479 0 0.601938 0.398062 
 ----> 1.3#6.6#44.0#54.0#VAR 1480 0 0.597488 0.402512 
 ----> 1.3#6.6#44.0#54.0#VAR 1481 1 0.601181 0.398819 
 ----> 1.3#6.6#44.0#54.0#VAR 1482 1 0.576323 0.423677 
 ----> 1.3#6.6#44.0#54.0#VAR 1483 0 0.607423 0.392577 
 ----> 1.3#6.6#44.0#54.0#VAR 1484 0 0.608855 0.391145 
 ----> 1.3#6.6#44.0#54.0#VAR 1485 0 0.574108 0.425892 
 ----> 1.3#6.6#44.0#54.0#VAR 1486 0 0.569454 0.430546 
 ----> 1.3#6.6#44.0#54.0#VAR 1487 0 0.590492 0.409508 
 ----> 1.3#6.6#44.0#54.0#VAR 1488 0 0.588493 0.411507 
 ----> 1.3#6.6#44.0#54.0#VAR 1489 0 0.594239 0.405761 
 ----> 1.3#6.6#44.0#54.0#VAR 1490 0 0.585925 0.414075 
 ----> 1.3#6.6#44.0#54.0#VAR 1491 1 0.591434 0.408566 
 ----> 1.3#6.6#44.0#54.0#VAR 1492 0 0.599625 0.400375 
 ----> 1.3#6.6#44.0#54.0#VAR 1493 1 0.584257 0.415743 
 ----> 1.3#6.6#44.0#54.0#VAR 1494 1 0.59046 0.40954 
 ----> 1.3#6.6#44.0#54.0#VAR 1495 0 0.586229 0.413771 
 ----> 1.3#6.6#44.0#54.0#VAR 1496 0 0.591809 0.408191 
 ----> 1.3#6.6#44.0#54.0#VAR 1497 1 0.590185 0.409815 
 ----> 1.3#6.6#44.0#54.0#VAR 1498 1 0.603281 0.396719 
 ----> 1.3#6.6#44.0#54.0#VAR 1499 1 0.59727 0.40273 
 ----> 1.3#6.6#44.0#54.0#VAR 1500 0 0.582798 0.417202 
 ----> 1.3#6.6#44.0#54.0#VAR 1501 1 0.59987 0.40013 
 ----> 1.3#6.6#44.0#54.0#VAR 1502 0 0.579915 0.420085 
 ----> 1.3#6.6#44.0#54.0#VAR 1503 1 0.58702 0.41298 
 ----> 1.3#6.6#44.0#54.0#VAR 1504 1 0.595552 0.404448 
 ----> 1.3#6.6#44.0#54.0#VAR 1505 0 0.591383 0.408617 
 ----> 1.3#6.6#44.0#54.0#VAR 1506 1 0.579144 0.420856 
 ----> 1.3#6.6#44.0#54.0#VAR 1507 1 0.591367 0.408633 
 ----> 1.3#6.6#44.0#54.0#VAR 1508 1 0.594203 0.405797 
 ----> 1.3#6.6#44.0#54.0#VAR 1509 0 0.58552 0.41448 
 ----> 1.3#6.6#44.0#54.0#VAR 1510 0 0.560978 0.439022 
 ----> 1.3#6.6#44.0#54.0#VAR 1511 0 0.573973 0.426027 
 ----> 1.3#6.6#44.0#54.0#VAR 1512 1 0.580905 0.419095 
 ----> 1.3#6.6#44.0#54.0#VAR 1513 0 0.588431 0.411569 
 ----> 1.3#6.6#44.0#54.0#VAR 1514 1 0.591917 0.408083 
 ----> 1.3#6.6#44.0#54.0#VAR 1515 0 0.616138 0.383862 
 ----> 1.3#6.6#44.0#54.0#VAR 1516 1 0.601741 0.398259 
 ----> 1.3#6.6#44.0#54.0#VAR 1517 1 0.599301 0.400699 
 ----> 1.3#6.6#44.0#54.0#VAR 1518 1 0.589588 0.410412 
 ----> 1.3#6.6#44.0#54.0#VAR 1519 1 0.59543 0.40457 
 ----> 1.3#6.6#44.0#54.0#VAR 1520 0 0.582227 0.417773 
 ----> 1.3#6.6#44.0#54.0#VAR 1521 0 0.57015 0.42985 
 ----> 1.3#6.6#44.0#54.0#VAR 1522 1 0.59468 0.40532 
 ----> 1.3#6.6#44.0#54.0#VAR 1523 0 0.598461 0.401539 
 ----> 1.3#6.6#44.0#54.0#VAR 1524 1 0.585514 0.414486 
 ----> 1.3#6.6#44.0#54.0#VAR 1525 0 0.57963 0.42037 
 ----> 1.3#6.6#44.0#54.0#VAR 1526 0 0.600684 0.399316 
 ----> 1.3#6.6#44.0#54.0#VAR 1527 0 0.576096 0.423904 
 ----> 1.3#6.6#44.0#54.0#VAR 1528 1 0.583712 0.416288 
 ----> 1.3#6.6#44.0#54.0#VAR 1529 0 0.57623 0.42377 
 ----> 1.3#6.6#44.0#54.0#VAR 1530 1 0.580655 0.419345 
 ----> 1.3#6.6#44.0#54.0#VAR 1531 0 0.579461 0.420539 
 ----> 1.3#6.6#44.0#54.0#VAR 1532 1 0.585761 0.414239 
 ----> 1.3#6.6#44.0#54.0#VAR 1533 1 0.580142 0.419858 
 ----> 1.3#6.6#44.0#54.0#VAR 1534 1 0.590719 0.409281 
 ----> 1.3#6.6#44.0#54.0#VAR 1535 0 0.585129 0.414871 
 ----> 1.3#6.6#44.0#54.0#VAR 1536 0 0.565477 0.434523 
 ----> 1.3#6.6#44.0#54.0#VAR 1537 0 0.563658 0.436342 
 ----> 1.3#6.6#44.0#54.0#VAR 1538 0 0.617184 0.382816 
 ----> 1.3#6.6#44.0#54.0#VAR 1539 0 0.601399 0.398601 
 ----> 1.3#6.6#44.0#54.0#VAR 1540 0 0.608378 0.391622 
 ----> 1.3#6.6#44.0#54.0#VAR 1541 1 0.586085 0.413915 
 ----> 1.3#6.6#44.0#54.0#VAR 1542 0 0.602036 0.397964 
 ----> 1.3#6.6#44.0#54.0#VAR 1543 0 0.593636 0.406364 
 ----> 1.3#6.6#44.0#54.0#VAR 1544 0 0.586975 0.413025 
 ----> 1.3#6.6#44.0#54.0#VAR 1545 0 0.596677 0.403323 
 ----> 1.3#6.6#44.0#54.0#VAR 1546 0 0.618685 0.381315 
 ----> 1.3#6.6#44.0#54.0#VAR 1547 0 0.617376 0.382624 
 ----> 1.3#6.6#44.0#54.0#VAR 1548 1 0.576982 0.423018 
 ----> 1.3#6.6#44.0#54.0#VAR 1549 0 0.608003 0.391997 
 ----> 1.3#6.6#44.0#54.0#VAR 1550 1 0.60538 0.39462 
 ----> 1.3#6.6#44.0#54.0#VAR 1551 1 0.58197 0.41803 
 ----> 1.3#6.6#44.0#54.0#VAR 1552 1 0.582589 0.417411 
 ----> 1.3#6.6#44.0#54.0#VAR 1553 0 0.604775 0.395225 
 ----> 1.3#6.6#44.0#54.0#VAR 1554 1 0.60137 0.39863 
 ----> 1.3#6.6#44.0#54.0#VAR 1555 1 0.574458 0.425542 
 ----> 1.3#6.6#44.0#54.0#VAR 1556 1 0.579181 0.420819 
 ----> 1.3#6.6#44.0#54.0#VAR 1557 1 0.599775 0.400225 
 ----> 1.3#6.6#44.0#54.0#VAR 1558 0 0.606331 0.393669 
 ----> 1.3#6.6#44.0#54.0#VAR 1559 1 0.606868 0.393132 
 ----> 1.3#6.6#44.0#54.0#VAR 1560 1 0.583958 0.416042 
 ----> 1.3#6.6#44.0#54.0#VAR 1561 1 0.596392 0.403608 
 ----> 1.3#6.6#44.0#54.0#VAR 1562 0 0.579144 0.420856 
 ----> 1.3#6.6#44.0#54.0#VAR 1563 1 0.586308 0.413692 
 ----> 1.3#6.6#44.0#54.0#VAR 1564 0 0.60213 0.39787 
 ----> 1.3#6.6#44.0#54.0#VAR 1565 1 0.594508 0.405492 
 ----> 1.3#6.6#44.0#54.0#VAR 1566 0 0.573131 0.426869 
 ----> 1.3#6.6#44.0#54.0#VAR 1567 0 0.59179 0.40821 
 ----> 1.3#6.6#44.0#54.0#VAR 1568 1 0.587323 0.412677 
 ----> 1.3#6.6#44.0#54.0#VAR 1569 1 0.586538 0.413462 
 ----> 1.3#6.6#44.0#54.0#VAR 1570 1 0.583038 0.416962 
 ----> 1.3#6.6#44.0#54.0#VAR 1571 0 0.586143 0.413857 
 ----> 1.3#6.6#44.0#54.0#VAR 1572 0 0.587394 0.412606 
 ----> 1.3#6.6#44.0#54.0#VAR 1573 0 0.610365 0.389635 
 ----> 1.3#6.6#44.0#54.0#VAR 1574 1 0.594504 0.405496 
 ----> 1.3#6.6#44.0#54.0#VAR 1575 1 0.586021 0.413979 
 ----> 1.3#6.6#44.0#54.0#VAR 1576 0 0.582239 0.417761 
 ----> 1.3#6.6#44.0#54.0#VAR 1577 1 0.594622 0.405378 
 ----> 1.3#6.6#44.0#54.0#VAR 1578 1 0.59299 0.40701 
 ----> 1.3#6.6#44.0#54.0#VAR 1579 0 0.59399 0.40601 
 ----> 1.3#6.6#44.0#54.0#VAR 1580 0 0.562055 0.437945 
 ----> 1.3#6.6#44.0#54.0#VAR 1581 0 0.586979 0.413021 
 ----> 1.3#6.6#44.0#54.0#VAR 1582 0 0.590688 0.409312 
 ----> 1.3#6.6#44.0#54.0#VAR 1583 1 0.588592 0.411408 
 ----> 1.3#6.6#44.0#54.0#VAR 1584 1 0.624585 0.375415 
 ----> 1.3#6.6#44.0#54.0#VAR 1585 0 0.58544 0.41456 
 ----> 1.3#6.6#44.0#54.0#VAR 1586 1 0.571393 0.428607 
 ----> 1.3#6.6#44.0#54.0#VAR 1587 0 0.565218 0.434782 
 ----> 1.3#6.6#44.0#54.0#VAR 1588 0 0.575813 0.424187 
 ----> 1.3#6.6#44.0#54.0#VAR 1589 1 0.592938 0.407062 
 ----> 1.3#6.6#44.0#54.0#VAR 1590 0 0.597841 0.402159 
 ----> 1.3#6.6#44.0#54.0#VAR 1591 1 0.611133 0.388867 
 ----> 1.3#6.6#44.0#54.0#VAR 1592 1 0.592497 0.407503 
 ----> 1.3#6.6#44.0#54.0#VAR 1593 1 0.607885 0.392115 
 ----> 1.3#6.6#44.0#54.0#VAR 1594 0 0.610517 0.389483 
 ----> 1.3#6.6#44.0#54.0#VAR 1595 1 0.586243 0.413757 
 ----> 1.3#6.6#44.0#54.0#VAR 1596 1 0.57194 0.42806 
 ----> 1.3#6.6#44.0#54.0#VAR 1597 1 0.593748 0.406252 
 ----> 1.3#6.6#44.0#54.0#VAR 1598 0 0.591873 0.408127 
 ----> 1.3#6.6#44.0#54.0#VAR 1599 1 0.576079 0.423921 
 ----> 1.3#6.6#44.0#54.0#VAR 1600 0 0.589141 0.410859 
 ----> 1.3#6.6#44.0#54.0#VAR 1601 1 0.592299 0.407701 
 ----> 1.3#6.6#44.0#54.0#VAR 1602 0 0.594437 0.405563 
 ----> 1.3#6.6#44.0#54.0#VAR 1603 1 0.58329 0.41671 
 ----> 1.3#6.6#44.0#54.0#VAR 1604 0 0.597566 0.402434 
 ----> 1.3#6.6#44.0#54.0#VAR 1605 1 0.583326 0.416674 
 ----> 1.3#6.6#44.0#54.0#VAR 1606 0 0.570384 0.429616 
 ----> 1.3#6.6#44.0#54.0#VAR 1607 0 0.568485 0.431515 
 ----> 1.3#6.6#44.0#54.0#VAR 1608 1 0.597778 0.402222 
 ----> 1.3#6.6#44.0#54.0#VAR 1609 0 0.569092 0.430908 
 ----> 1.3#6.6#44.0#54.0#VAR 1610 1 0.580332 0.419668 
 ----> 1.3#6.6#44.0#54.0#VAR 1611 0 0.580885 0.419115 
 ----> 1.3#6.6#44.0#54.0#VAR 1612 1 0.570765 0.429235 
 ----> 1.3#6.6#44.0#54.0#VAR 1613 1 0.597255 0.402745 
 ----> 1.3#6.6#44.0#54.0#VAR 1614 1 0.59299 0.40701 
 ----> 1.3#6.6#44.0#54.0#VAR 1615 0 0.592371 0.407629 
 ----> 1.3#6.6#44.0#54.0#VAR 1616 0 0.597451 0.402549 
 ----> 1.3#6.6#44.0#54.0#VAR 1617 0 0.569081 0.430919 
 ----> 1.3#6.6#44.0#54.0#VAR 1618 1 0.609402 0.390598 
 ----> 1.3#6.6#44.0#54.0#VAR 1619 1 0.587589 0.412411 
 ----> 1.3#6.6#44.0#54.0#VAR 1620 1 0.614807 0.385193 
 ----> 1.3#6.6#44.0#54.0#VAR 1621 0 0.617116 0.382884 
 ----> 1.3#6.6#44.0#54.0#VAR 1622 1 0.583401 0.416599 
 ----> 1.3#6.6#44.0#54.0#VAR 1623 0 0.593417 0.406583 
 ----> 1.3#6.6#44.0#54.0#VAR 1624 0 0.585697 0.414303 
 ----> 1.3#6.6#44.0#54.0#VAR 1625 0 0.57853 0.42147 
 ----> 1.3#6.6#44.0#54.0#VAR 1626 1 0.581702 0.418298 
 ----> 1.3#6.6#44.0#54.0#VAR 1627 1 0.57972 0.42028 
 ----> 1.3#6.6#44.0#54.0#VAR 1628 1 0.585799 0.414201 
 ----> 1.3#6.6#44.0#54.0#VAR 1629 0 0.573108 0.426892 
 ----> 1.3#6.6#44.0#54.0#VAR 1630 0 0.603251 0.396749 
 ----> 1.3#6.6#44.0#54.0#VAR 1631 0 0.578377 0.421623 
 ----> 1.3#6.6#44.0#54.0#VAR 1632 1 0.576923 0.423077 
 ----> 1.3#6.6#44.0#54.0#VAR 1633 1 0.61561 0.38439 
 ----> 1.3#6.6#44.0#54.0#VAR 1634 1 0.55263 0.44737 
 ----> 1.3#6.6#44.0#54.0#VAR 1635 1 0.611798 0.388202 
 ----> 1.3#6.6#44.0#54.0#VAR 1636 1 0.615593 0.384407 
 ----> 1.3#6.6#44.0#54.0#VAR 1637 1 0.603587 0.396413 
 ----> 1.3#6.6#44.0#54.0#VAR 1638 1 0.597251 0.402749 
 ----> 1.3#6.6#44.0#54.0#VAR 1639 0 0.592933 0.407067 
 ----> 1.3#6.6#44.0#54.0#VAR 1640 1 0.609781 0.390219 
 ----> 1.3#6.6#44.0#54.0#VAR 1641 1 0.594431 0.405569 
 ----> 1.3#6.6#44.0#54.0#VAR 1642 1 0.613269 0.386731 
 ----> 1.3#6.6#44.0#54.0#VAR 1643 1 0.600149 0.399851 
 ----> 1.3#6.6#44.0#54.0#VAR 1644 0 0.60027 0.39973 
 ----> 1.3#6.6#44.0#54.0#VAR 1645 1 0.611155 0.388845 
 ----> 1.3#6.6#44.0#54.0#VAR 1646 1 0.596704 0.403296 
 ----> 1.3#6.6#44.0#54.0#VAR 1647 0 0.59976 0.40024 
 ----> 1.3#6.6#44.0#54.0#VAR 1648 1 0.577671 0.422329 
 ----> 1.3#6.6#44.0#54.0#VAR 1649 0 0.594972 0.405028 
 ----> 1.3#6.6#44.0#54.0#VAR 1650 1 0.589109 0.410891 
 ----> 1.3#6.6#44.0#54.0#VAR 1651 1 0.570659 0.429341 
 ----> 1.3#6.6#44.0#54.0#VAR 1652 0 0.569812 0.430188 
 ----> 1.3#6.6#44.0#54.0#VAR 1653 0 0.597529 0.402471 
 ----> 1.3#6.6#44.0#54.0#VAR 1654 1 0.589408 0.410592 
 ----> 1.3#6.6#44.0#54.0#VAR 1655 1 0.616474 0.383526 
 ----> 1.3#6.6#44.0#54.0#VAR 1656 1 0.605751 0.394249 
 ----> 1.3#6.6#44.0#54.0#VAR 1657 1 0.598589 0.401411 
 ----> 1.3#6.6#44.0#54.0#VAR 1658 0 0.590191 0.409809 
 ----> 1.3#6.6#44.0#54.0#VAR 1659 0 0.575674 0.424326 
 ----> 1.3#6.6#44.0#54.0#VAR 1660 1 0.58236 0.41764 
 ----> 1.3#6.6#44.0#54.0#VAR 1661 1 0.611842 0.388158 
 ----> 1.3#6.6#44.0#54.0#VAR 1662 1 0.607261 0.392739 
 ----> 1.3#6.6#44.0#54.0#VAR 1663 0 0.618663 0.381337 
 ----> 1.3#6.6#44.0#54.0#VAR 1664 1 0.587472 0.412528 
 ----> 1.3#6.6#44.0#54.0#VAR 1665 0 0.598826 0.401174 
 ----> 1.3#6.6#44.0#54.0#VAR 1666 1 0.607489 0.392511 
 ----> 1.3#6.6#44.0#54.0#VAR 1667 1 0.589178 0.410822 
 ----> 1.3#6.6#44.0#54.0#VAR 1668 1 0.600511 0.399489 
 ----> 1.3#6.6#44.0#54.0#VAR 1669 1 0.607957 0.392043 
 ----> 1.3#6.6#44.0#54.0#VAR 1670 0 0.586208 0.413792 
 ----> 1.3#6.6#44.0#54.0#VAR 1671 1 0.585603 0.414397 
 ----> 1.3#6.6#44.0#54.0#VAR 1672 1 0.589181 0.410819 
 ----> 1.3#6.6#44.0#54.0#VAR 1673 1 0.593184 0.406816 
 ----> 1.3#6.6#44.0#54.0#VAR 1674 1 0.581882 0.418118 
 ----> 1.3#6.6#44.0#54.0#VAR 1675 1 0.610553 0.389447 
 ----> 1.3#6.6#44.0#54.0#VAR 1676 1 0.595887 0.404113 
 ----> 1.3#6.6#44.0#54.0#VAR 1677 1 0.602528 0.397472 
 ----> 1.3#6.6#44.0#54.0#VAR 1678 1 0.604456 0.395544 
 ----> 1.3#6.6#44.0#54.0#VAR 1679 1 0.581465 0.418535 
 ----> 1.3#6.6#44.0#54.0#VAR 1680 1 0.60254 0.39746 
 ----> 1.3#6.6#44.0#54.0#VAR 1681 1 0.58221 0.41779 
 ----> 1.3#6.6#44.0#54.0#VAR 1682 1 0.594257 0.405743 
 ----> 1.3#6.6#44.0#54.0#VAR 1683 1 0.596459 0.403541 
 ----> 1.3#6.6#44.0#54.0#VAR 1684 1 0.595842 0.404158 
 ----> 1.3#6.6#44.0#54.0#VAR 1685 1 0.589431 0.410569 
 ----> 1.3#6.6#44.0#54.0#VAR 1686 1 0.585264 0.414736 
 ----> 1.3#6.6#44.0#54.0#VAR 1687 1 0.580546 0.419454 
 ----> 1.3#6.6#44.0#54.0#VAR 1688 0 0.587395 0.412605 
 ----> 1.3#6.6#44.0#54.0#VAR 1689 0 0.576546 0.423454 
 ----> 1.3#6.6#44.0#54.0#VAR 1690 0 0.613913 0.386087 
 ----> 1.3#6.6#44.0#54.0#VAR 1691 0 0.591739 0.408261 
 ----> 1.3#6.6#44.0#54.0#VAR 1692 1 0.593478 0.406522 
 ----> 1.3#6.6#44.0#54.0#VAR 1693 1 0.575895 0.424105 
 ----> 1.3#6.6#44.0#54.0#VAR 1694 0 0.564354 0.435646 
 ----> 1.3#6.6#44.0#54.0#VAR 1695 1 0.579854 0.420146 
 ----> 1.3#6.6#44.0#54.0#VAR 1696 0 0.588094 0.411906 
 ----> 1.3#6.6#44.0#54.0#VAR 1697 1 0.59606 0.40394 
 ----> 1.3#6.6#44.0#54.0#VAR 1698 1 0.591422 0.408578 
 ----> 1.3#6.6#44.0#54.0#VAR 1699 1 0.593631 0.406369 
 ----> 1.3#6.6#44.0#54.0#VAR 1700 1 0.595296 0.404704 
 ----> 1.3#6.6#44.0#54.0#VAR 1701 1 0.594531 0.405469 
 ----> 1.3#6.6#44.0#54.0#VAR 1702 1 0.606895 0.393105 
 ----> 1.3#6.6#44.0#54.0#VAR 1703 1 0.590083 0.409917 
 ----> 1.3#6.6#44.0#54.0#VAR 1704 1 0.583958 0.416042 
 ----> 1.3#6.6#44.0#54.0#VAR 1705 1 0.608468 0.391532 
 ----> 1.3#6.6#44.0#54.0#VAR 1706 1 0.589656 0.410344 
 ----> 1.3#6.6#44.0#54.0#VAR 1707 0 0.583785 0.416215 
 ----> 1.3#6.6#44.0#54.0#VAR 1708 0 0.58498 0.41502 
 ----> 1.3#6.6#44.0#54.0#VAR 1709 1 0.55988 0.44012 
 ----> 1.3#6.6#44.0#54.0#VAR 1710 1 0.61913 0.38087 
 ----> 1.3#6.6#44.0#54.0#VAR 1711 1 0.573107 0.426893 
 ----> 1.3#6.6#44.0#54.0#VAR 1712 1 0.59151 0.40849 
 ----> 1.3#6.6#44.0#54.0#VAR 1713 1 0.574122 0.425878 
 ----> 1.3#6.6#44.0#54.0#VAR 1714 0 0.612765 0.387235 
 ----> 1.3#6.6#44.0#54.0#VAR 1715 0 0.600383 0.399617 
 ----> 1.3#6.6#44.0#54.0#VAR 1716 0 0.588335 0.411665 
 ----> 1.3#6.6#44.0#54.0#VAR 1717 0 0.595001 0.404999 
 ----> 1.3#6.6#44.0#54.0#VAR 1718 0 0.607656 0.392344 
 ----> 1.3#6.6#44.0#54.0#VAR 1719 0 0.572271 0.427729 
 ----> 1.3#6.6#44.0#54.0#VAR 1720 0 0.581075 0.418925 
 ----> 1.3#6.6#44.0#54.0#VAR 1721 0 0.572889 0.427111 
 ----> 1.3#6.6#44.0#54.0#VAR 1722 1 0.572034 0.427966 
 ----> 1.3#6.6#44.0#54.0#VAR 1723 1 0.596853 0.403147 
 ----> 1.3#6.6#44.0#54.0#VAR 1724 1 0.582882 0.417118 
 ----> 1.3#6.6#44.0#54.0#VAR 1725 0 0.596694 0.403306 
 ----> 1.3#6.6#44.0#54.0#VAR 1726 1 0.583351 0.416649 
 ----> 1.3#6.6#44.0#54.0#VAR 1727 0 0.563924 0.436076 
 ----> 1.3#6.6#44.0#54.0#VAR 1728 0 0.605683 0.394317 
 ----> 1.3#6.6#44.0#54.0#VAR 1729 1 0.58922 0.41078 
 ----> 1.3#6.6#44.0#54.0#VAR 1730 0 0.591271 0.408729 
 ----> 1.3#6.6#44.0#54.0#VAR 1731 1 0.585745 0.414255 
 ----> 1.3#6.6#44.0#54.0#VAR 1732 1 0.605815 0.394185 
 ----> 1.3#6.6#44.0#54.0#VAR 1733 0 0.583812 0.416188 
 ----> 1.3#6.6#44.0#54.0#VAR 1734 1 0.586576 0.413424 
 ----> 1.3#6.6#44.0#54.0#VAR 1735 0 0.618706 0.381294 
 ----> 1.3#6.6#44.0#54.0#VAR 1736 1 0.605001 0.394999 
 ----> 1.3#6.6#44.0#54.0#VAR 1737 1 0.620301 0.379699 
 ----> 1.3#6.6#44.0#54.0#VAR 1738 0 0.6071 0.3929 
 ----> 1.3#6.6#44.0#54.0#VAR 1739 1 0.606236 0.393764 
 ----> 1.3#6.6#44.0#54.0#VAR 1740 1 0.610647 0.389353 
 ----> 1.3#6.6#44.0#54.0#VAR 1741 0 0.593493 0.406507 
 ----> 1.3#6.6#44.0#54.0#VAR 1742 1 0.610023 0.389977 
 ----> 1.3#6.6#44.0#54.0#VAR 1743 1 0.605318 0.394682 
 ----> 1.3#6.6#44.0#54.0#VAR 1744 0 0.599442 0.400558 
 ----> 1.3#6.6#44.0#54.0#VAR 1745 1 0.591999 0.408001 
 ----> 1.3#6.6#44.0#54.0#VAR 1746 1 0.585751 0.414249 
 ----> 1.3#6.6#44.0#54.0#VAR 1747 1 0.601387 0.398613 
 ----> 1.3#6.6#44.0#54.0#VAR 1748 1 0.602237 0.397763 
 ----> 1.3#6.6#44.0#54.0#VAR 1749 1 0.607262 0.392738 
 ----> 1.3#6.6#44.0#54.0#VAR 1750 1 0.59298 0.40702 
 ----> 1.3#6.6#44.0#54.0#VAR 1751 1 0.619164 0.380836 
 ----> 1.3#6.6#44.0#54.0#VAR 1752 1 0.622021 0.377979 
 ----> 1.3#6.6#44.0#54.0#VAR 1753 1 0.5901 0.4099 
 ----> 1.3#6.6#44.0#54.0#VAR 1754 0 0.592642 0.407358 
 ----> 1.3#6.6#44.0#54.0#VAR 1755 1 0.57822 0.42178 
 ----> 1.3#6.6#44.0#54.0#VAR 1756 0 0.588505 0.411495 
 ----> 1.3#6.6#44.0#54.0#VAR 1757 0 0.59673 0.40327 
 ----> 1.3#6.6#44.0#54.0#VAR 1758 1 0.612781 0.387219 
 ----> 1.3#6.6#44.0#54.0#VAR 1759 1 0.597944 0.402056 
 ----> 1.3#6.6#44.0#54.0#VAR 1760 1 0.589464 0.410536 
 ----> 1.3#6.6#44.0#54.0#VAR 1761 1 0.580453 0.419547 
 ----> 1.3#6.6#44.0#54.0#VAR 1762 1 0.593655 0.406345 
 ----> 1.3#6.6#44.0#54.0#VAR 1763 1 0.585716 0.414284 
 ----> 1.3#6.6#44.0#54.0#VAR 1764 1 0.58415 0.41585 
 ----> 1.3#6.6#44.0#54.0#VAR 1765 0 0.619534 0.380466 
 ----> 1.3#6.6#44.0#54.0#VAR 1766 0 0.604183 0.395817 
 ----> 1.3#6.6#44.0#54.0#VAR 1767 0 0.598526 0.401474 
 ----> 1.3#6.6#44.0#54.0#VAR 1768 1 0.604053 0.395947 
 ----> 1.3#6.6#44.0#54.0#VAR 1769 0 0.601515 0.398485 
 ----> 1.3#6.6#44.0#54.0#VAR 1770 0 0.591735 0.408265 
 ----> 1.3#6.6#44.0#54.0#VAR 1771 1 0.60203 0.39797 
 ----> 1.3#6.6#44.0#54.0#VAR 1772 0 0.597322 0.402678 
 ----> 1.3#6.6#44.0#54.0#VAR 1773 1 0.580913 0.419087 
 ----> 1.3#6.6#44.0#54.0#VAR 1774 1 0.594934 0.405066 
 ----> 1.3#6.6#44.0#54.0#VAR 1775 1 0.575199 0.424801 
 ----> 1.3#6.6#44.0#54.0#VAR 1776 1 0.581827 0.418173 
 ----> 1.3#6.6#44.0#54.0#VAR 1777 0 0.623435 0.376565 
 ----> 1.3#6.6#44.0#54.0#VAR 1778 1 0.556123 0.443877 
 ----> 1.3#6.6#44.0#54.0#VAR 1779 1 0.599394 0.400606 
 ----> 1.3#6.6#44.0#54.0#VAR 1780 1 0.567242 0.432758 
 ----> 1.3#6.6#44.0#54.0#VAR 1781 1 0.601443 0.398557 
 ----> 1.3#6.6#44.0#54.0#VAR 1782 1 0.571993 0.428007 
 ----> 1.3#6.6#44.0#54.0#VAR 1783 0 0.573979 0.426021 
 ----> 1.3#6.6#44.0#54.0#VAR 1784 1 0.582627 0.417373 
 ----> 1.3#6.6#44.0#54.0#VAR 1785 0 0.586458 0.413542 
 ----> 1.3#6.6#44.0#54.0#VAR 1786 1 0.615922 0.384078 
 ----> 1.3#6.6#44.0#54.0#VAR 1787 0 0.584039 0.415961 
 ----> 1.3#6.6#44.0#54.0#VAR 1788 0 0.578324 0.421676 
 ----> 1.3#6.6#44.0#54.0#VAR 1789 1 0.583014 0.416986 
 ----> 1.3#6.6#44.0#54.0#VAR 1790 1 0.598607 0.401393 
 ----> 1.3#6.6#44.0#54.0#VAR 1791 0 0.581355 0.418645 
 ----> 1.3#6.6#44.0#54.0#VAR 1792 1 0.606794 0.393206 
 ----> 1.3#6.6#44.0#54.0#VAR 1793 0 0.604181 0.395819 
 ----> 1.3#6.6#44.0#54.0#VAR 1794 1 0.57873 0.42127 
 ----> 1.3#6.6#44.0#54.0#VAR 1795 1 0.578215 0.421785 
 ----> 1.3#6.6#44.0#54.0#VAR 1796 0 0.584687 0.415313 
 ----> 1.3#6.6#44.0#54.0#VAR 1797 1 0.579202 0.420798 
 ----> 1.3#6.6#44.0#54.0#VAR 1798 0 0.583796 0.416204 
 ----> 1.3#6.6#44.0#54.0#VAR 1799 0 0.586835 0.413165 
 ----> 1.3#6.6#44.0#54.0#VAR 1800 0 0.57566 0.42434 
 ----> 1.3#6.6#44.0#54.0#VAR 1801 1 0.584415 0.415585 
 ----> 1.3#6.6#44.0#54.0#VAR 1802 0 0.595111 0.404889 
 ----> 1.3#6.6#44.0#54.0#VAR 1803 1 0.578461 0.421539 
 ----> 1.3#6.6#44.0#54.0#VAR 1804 1 0.582825 0.417175 
 ----> 1.3#6.6#44.0#54.0#VAR 1805 0 0.579405 0.420595 
 ----> 1.3#6.6#44.0#54.0#VAR 1806 1 0.589634 0.410366 
 ----> 1.3#6.6#44.0#54.0#VAR 1807 1 0.60835 0.39165 
 ----> 1.3#6.6#44.0#54.0#VAR 1808 1 0.592096 0.407904 
 ----> 1.3#6.6#44.0#54.0#VAR 1809 1 0.60125 0.39875 
 ----> 1.3#6.6#44.0#54.0#VAR 1810 1 0.603936 0.396064 
 ----> 1.3#6.6#44.0#54.0#VAR 1811 1 0.574161 0.425839 
 ----> 1.3#6.6#44.0#54.0#VAR 1812 0 0.56293 0.43707 
 ----> 1.3#6.6#44.0#54.0#VAR 1813 1 0.583713 0.416287 
 ----> 1.3#6.6#44.0#54.0#VAR 1814 1 0.557573 0.442427 
 ----> 1.3#6.6#44.0#54.0#VAR 1815 0 0.572005 0.427995 
 ----> 1.3#6.6#44.0#54.0#VAR 1816 0 0.584804 0.415196 
 ----> 1.3#6.6#44.0#54.0#VAR 1817 1 0.565435 0.434565 
 ----> 1.3#6.6#44.0#54.0#VAR 1818 1 0.584309 0.415691 
 ----> 1.3#6.6#44.0#54.0#VAR 1819 0 0.574919 0.425081 
 ----> 1.3#6.6#44.0#54.0#VAR 1820 1 0.59685 0.40315 
 ----> 1.3#6.6#44.0#54.0#VAR 1821 0 0.595797 0.404203 
 ----> 1.3#6.6#44.0#54.0#VAR 1822 1 0.582229 0.417771 
 ----> 1.3#6.6#44.0#54.0#VAR 1823 1 0.598314 0.401686 
 ----> 1.3#6.6#44.0#54.0#VAR 1824 1 0.588225 0.411775 
 ----> 1.3#6.6#44.0#54.0#VAR 1825 1 0.594454 0.405546 
 ----> 1.3#6.6#44.0#54.0#VAR 1826 0 0.583292 0.416708 
 ++++> 1.3#6.6#44.0#54.0#VAR 1827  0 0.583292 0.416708 
