 ----> 1.3#6.6#44.0#54.0#VAR 7 1 0.616733 0.383267 
 ----> 1.3#6.6#44.0#54.0#VAR 8 0 0.651021 0.348979 
 ----> 1.3#6.6#44.0#54.0#VAR 9 0 0.631055 0.368945 
 ----> 1.3#6.6#44.0#54.0#VAR 10 1 0.563881 0.436119 
 ----> 1.3#6.6#44.0#54.0#VAR 11 0 0.562479 0.437521 
 ----> 1.3#6.6#44.0#54.0#VAR 12 1 0.561647 0.438353 
 ----> 1.3#6.6#44.0#54.0#VAR 13 0 0.545498 0.454502 
 ----> 1.3#6.6#44.0#54.0#VAR 14 0 0.553598 0.446402 
 ----> 1.3#6.6#44.0#54.0#VAR 15 0 0.554788 0.445212 
 ----> 1.3#6.6#44.0#54.0#VAR 16 0 0.558712 0.441288 
 ----> 1.3#6.6#44.0#54.0#VAR 17 1 0.56107 0.43893 
 ----> 1.3#6.6#44.0#54.0#VAR 18 1 0.550673 0.449327 
 ----> 1.3#6.6#44.0#54.0#VAR 19 1 0.562167 0.437833 
 ----> 1.3#6.6#44.0#54.0#VAR 20 1 0.578593 0.421407 
 ----> 1.3#6.6#44.0#54.0#VAR 21 0 0.579305 0.420695 
 ----> 1.3#6.6#44.0#54.0#VAR 22 0 0.581217 0.418783 
 ----> 1.3#6.6#44.0#54.0#VAR 23 0 0.568891 0.431109 
 ----> 1.3#6.6#44.0#54.0#VAR 24 1 0.579555 0.420445 
 ----> 1.3#6.6#44.0#54.0#VAR 25 0 0.560547 0.439453 
 ----> 1.3#6.6#44.0#54.0#VAR 26 0 0.586784 0.413216 
 ----> 1.3#6.6#44.0#54.0#VAR 27 0 0.577954 0.422046 
 ----> 1.3#6.6#44.0#54.0#VAR 28 1 0.574585 0.425415 
 ----> 1.3#6.6#44.0#54.0#VAR 29 1 0.597883 0.402117 
 ----> 1.3#6.6#44.0#54.0#VAR 30 0 0.581006 0.418994 
 ----> 1.3#6.6#44.0#54.0#VAR 31 1 0.580973 0.419027 
 ----> 1.3#6.6#44.0#54.0#VAR 32 1 0.593513 0.406487 
 ----> 1.3#6.6#44.0#54.0#VAR 33 0 0.607032 0.392968 
 ----> 1.3#6.6#44.0#54.0#VAR 34 0 0.627687 0.372313 
 ----> 1.3#6.6#44.0#54.0#VAR 35 1 0.601348 0.398652 
 ----> 1.3#6.6#44.0#54.0#VAR 36 0 0.585571 0.414429 
 ----> 1.3#6.6#44.0#54.0#VAR 37 0 0.585372 0.414628 
 ----> 1.3#6.6#44.0#54.0#VAR 38 0 0.575251 0.424749 
 ----> 1.3#6.6#44.0#54.0#VAR 39 1 0.575579 0.424421 
 ----> 1.3#6.6#44.0#54.0#VAR 40 0 0.557825 0.442175 
 ----> 1.3#6.6#44.0#54.0#VAR 41 0 0.60439 0.39561 
 ----> 1.3#6.6#44.0#54.0#VAR 42 0 0.57329 0.42671 
 ----> 1.3#6.6#44.0#54.0#VAR 43 1 0.596624 0.403376 
 ----> 1.3#6.6#44.0#54.0#VAR 44 1 0.57406 0.42594 
 ----> 1.3#6.6#44.0#54.0#VAR 45 0 0.58245 0.41755 
 ----> 1.3#6.6#44.0#54.0#VAR 46 0 0.604013 0.395987 
 ----> 1.3#6.6#44.0#54.0#VAR 47 1 0.573144 0.426856 
 ----> 1.3#6.6#44.0#54.0#VAR 48 1 0.565868 0.434132 
 ----> 1.3#6.6#44.0#54.0#VAR 49 1 0.568406 0.431594 
 ----> 1.3#6.6#44.0#54.0#VAR 50 1 0.569783 0.430217 
 ----> 1.3#6.6#44.0#54.0#VAR 51 0 0.580688 0.419312 
 ----> 1.3#6.6#44.0#54.0#VAR 52 1 0.574482 0.425518 
 ----> 1.3#6.6#44.0#54.0#VAR 53 0 0.582237 0.417763 
 ----> 1.3#6.6#44.0#54.0#VAR 54 1 0.56869 0.43131 
 ----> 1.3#6.6#44.0#54.0#VAR 55 0 0.593033 0.406967 
 ----> 1.3#6.6#44.0#54.0#VAR 56 0 0.60248 0.39752 
 ----> 1.3#6.6#44.0#54.0#VAR 57 0 0.591811 0.408189 
 ----> 1.3#6.6#44.0#54.0#VAR 58 1 0.563349 0.436651 
 ----> 1.3#6.6#44.0#54.0#VAR 59 1 0.58911 0.41089 
 ----> 1.3#6.6#44.0#54.0#VAR 60 0 0.585812 0.414188 
 ----> 1.3#6.6#44.0#54.0#VAR 61 0 0.59264 0.40736 
 ----> 1.3#6.6#44.0#54.0#VAR 62 0 0.580018 0.419982 
 ----> 1.3#6.6#44.0#54.0#VAR 63 1 0.58239 0.41761 
 ----> 1.3#6.6#44.0#54.0#VAR 64 0 0.584218 0.415782 
 ----> 1.3#6.6#44.0#54.0#VAR 65 1 0.575411 0.424589 
 ----> 1.3#6.6#44.0#54.0#VAR 66 0 0.581432 0.418568 
 ----> 1.3#6.6#44.0#54.0#VAR 67 0 0.599698 0.400302 
 ----> 1.3#6.6#44.0#54.0#VAR 68 1 0.585524 0.414476 
 ----> 1.3#6.6#44.0#54.0#VAR 69 0 0.593513 0.406487 
 ----> 1.3#6.6#44.0#54.0#VAR 70 0 0.589664 0.410336 
 ----> 1.3#6.6#44.0#54.0#VAR 71 0 0.577625 0.422375 
 ----> 1.3#6.6#44.0#54.0#VAR 72 0 0.563394 0.436606 
 ----> 1.3#6.6#44.0#54.0#VAR 73 1 0.584096 0.415904 
 ----> 1.3#6.6#44.0#54.0#VAR 74 1 0.583653 0.416347 
 ----> 1.3#6.6#44.0#54.0#VAR 75 1 0.577859 0.422141 
 ----> 1.3#6.6#44.0#54.0#VAR 76 1 0.580348 0.419652 
 ----> 1.3#6.6#44.0#54.0#VAR 77 1 0.589445 0.410555 
 ----> 1.3#6.6#44.0#54.0#VAR 78 1 0.565137 0.434863 
 ----> 1.3#6.6#44.0#54.0#VAR 79 1 0.591756 0.408244 
 ----> 1.3#6.6#44.0#54.0#VAR 80 0 0.593578 0.406422 
 ----> 1.3#6.6#44.0#54.0#VAR 81 1 0.576847 0.423153 
 ----> 1.3#6.6#44.0#54.0#VAR 82 0 0.593267 0.406733 
 ----> 1.3#6.6#44.0#54.0#VAR 83 1 0.584749 0.415251 
 ----> 1.3#6.6#44.0#54.0#VAR 84 0 0.587933 0.412067 
 ----> 1.3#6.6#44.0#54.0#VAR 85 1 0.567253 0.432747 
 ----> 1.3#6.6#44.0#54.0#VAR 86 1 0.564002 0.435998 
 ----> 1.3#6.6#44.0#54.0#VAR 87 1 0.576923 0.423077 
 ----> 1.3#6.6#44.0#54.0#VAR 88 1 0.56612 0.43388 
 ----> 1.3#6.6#44.0#54.0#VAR 89 0 0.594753 0.405247 
 ----> 1.3#6.6#44.0#54.0#VAR 90 0 0.586575 0.413425 
 ----> 1.3#6.6#44.0#54.0#VAR 91 0 0.584818 0.415182 
 ----> 1.3#6.6#44.0#54.0#VAR 92 1 0.580875 0.419125 
 ----> 1.3#6.6#44.0#54.0#VAR 93 1 0.576061 0.423939 
 ----> 1.3#6.6#44.0#54.0#VAR 94 0 0.585844 0.414156 
 ----> 1.3#6.6#44.0#54.0#VAR 95 1 0.581415 0.418585 
 ----> 1.3#6.6#44.0#54.0#VAR 96 1 0.583176 0.416824 
 ----> 1.3#6.6#44.0#54.0#VAR 97 0 0.590011 0.409989 
 ----> 1.3#6.6#44.0#54.0#VAR 98 0 0.593588 0.406412 
 ----> 1.3#6.6#44.0#54.0#VAR 99 0 0.595383 0.404617 
 ----> 1.3#6.6#44.0#54.0#VAR 100 0 0.588248 0.411752 
 ----> 1.3#6.6#44.0#54.0#VAR 101 0 0.586682 0.413318 
 ----> 1.3#6.6#44.0#54.0#VAR 102 0 0.579004 0.420996 
 ----> 1.3#6.6#44.0#54.0#VAR 103 0 0.601331 0.398669 
 ----> 1.3#6.6#44.0#54.0#VAR 104 0 0.592868 0.407132 
 ----> 1.3#6.6#44.0#54.0#VAR 105 0 0.600327 0.399673 
 ----> 1.3#6.6#44.0#54.0#VAR 106 0 0.599063 0.400937 
 ----> 1.3#6.6#44.0#54.0#VAR 107 0 0.593791 0.406209 
 ----> 1.3#6.6#44.0#54.0#VAR 108 0 0.585628 0.414372 
 ----> 1.3#6.6#44.0#54.0#VAR 109 1 0.590775 0.409225 
 ----> 1.3#6.6#44.0#54.0#VAR 110 1 0.582475 0.417525 
 ----> 1.3#6.6#44.0#54.0#VAR 111 0 0.614297 0.385703 
 ----> 1.3#6.6#44.0#54.0#VAR 112 1 0.586558 0.413442 
 ----> 1.3#6.6#44.0#54.0#VAR 113 1 0.589871 0.410129 
 ----> 1.3#6.6#44.0#54.0#VAR 114 0 0.598235 0.401765 
 ----> 1.3#6.6#44.0#54.0#VAR 115 1 0.591634 0.408366 
 ----> 1.3#6.6#44.0#54.0#VAR 116 0 0.569996 0.430004 
 ----> 1.3#6.6#44.0#54.0#VAR 117 1 0.58878 0.41122 
 ----> 1.3#6.6#44.0#54.0#VAR 118 1 0.590375 0.409625 
 ----> 1.3#6.6#44.0#54.0#VAR 119 1 0.560181 0.439819 
 ----> 1.3#6.6#44.0#54.0#VAR 120 1 0.578977 0.421023 
 ----> 1.3#6.6#44.0#54.0#VAR 121 0 0.603624 0.396376 
 ----> 1.3#6.6#44.0#54.0#VAR 122 1 0.578991 0.421009 
 ----> 1.3#6.6#44.0#54.0#VAR 123 0 0.581719 0.418281 
 ----> 1.3#6.6#44.0#54.0#VAR 124 0 0.601575 0.398425 
 ----> 1.3#6.6#44.0#54.0#VAR 125 1 0.582265 0.417735 
 ----> 1.3#6.6#44.0#54.0#VAR 126 1 0.588541 0.411459 
 ----> 1.3#6.6#44.0#54.0#VAR 127 0 0.590435 0.409565 
 ----> 1.3#6.6#44.0#54.0#VAR 128 1 0.58358 0.41642 
 ----> 1.3#6.6#44.0#54.0#VAR 129 1 0.56754 0.43246 
 ----> 1.3#6.6#44.0#54.0#VAR 130 1 0.581902 0.418098 
 ----> 1.3#6.6#44.0#54.0#VAR 131 1 0.588559 0.411441 
 ----> 1.3#6.6#44.0#54.0#VAR 132 1 0.59679 0.40321 
 ----> 1.3#6.6#44.0#54.0#VAR 133 1 0.60072 0.39928 
 ----> 1.3#6.6#44.0#54.0#VAR 134 0 0.593672 0.406328 
 ----> 1.3#6.6#44.0#54.0#VAR 135 1 0.587947 0.412053 
 ----> 1.3#6.6#44.0#54.0#VAR 136 0 0.589376 0.410624 
 ----> 1.3#6.6#44.0#54.0#VAR 137 0 0.579728 0.420272 
 ----> 1.3#6.6#44.0#54.0#VAR 138 0 0.599304 0.400696 
 ----> 1.3#6.6#44.0#54.0#VAR 139 0 0.596036 0.403964 
 ----> 1.3#6.6#44.0#54.0#VAR 140 1 0.56357 0.43643 
 ----> 1.3#6.6#44.0#54.0#VAR 141 1 0.591509 0.408491 
 ----> 1.3#6.6#44.0#54.0#VAR 142 0 0.589542 0.410458 
 ----> 1.3#6.6#44.0#54.0#VAR 143 0 0.595714 0.404286 
 ----> 1.3#6.6#44.0#54.0#VAR 144 1 0.59216 0.40784 
 ----> 1.3#6.6#44.0#54.0#VAR 145 0 0.5976 0.4024 
 ----> 1.3#6.6#44.0#54.0#VAR 146 0 0.597228 0.402772 
 ----> 1.3#6.6#44.0#54.0#VAR 147 0 0.590123 0.409877 
 ----> 1.3#6.6#44.0#54.0#VAR 148 1 0.605922 0.394078 
 ----> 1.3#6.6#44.0#54.0#VAR 149 0 0.615972 0.384028 
 ----> 1.3#6.6#44.0#54.0#VAR 150 1 0.594247 0.405753 
 ----> 1.3#6.6#44.0#54.0#VAR 151 0 0.60231 0.39769 
 ----> 1.3#6.6#44.0#54.0#VAR 152 1 0.574652 0.425348 
 ----> 1.3#6.6#44.0#54.0#VAR 153 0 0.613179 0.386821 
 ----> 1.3#6.6#44.0#54.0#VAR 154 0 0.597514 0.402486 
 ----> 1.3#6.6#44.0#54.0#VAR 155 0 0.588717 0.411283 
 ----> 1.3#6.6#44.0#54.0#VAR 156 0 0.599588 0.400412 
 ----> 1.3#6.6#44.0#54.0#VAR 157 0 0.609055 0.390945 
 ----> 1.3#6.6#44.0#54.0#VAR 158 1 0.557436 0.442564 
 ----> 1.3#6.6#44.0#54.0#VAR 159 0 0.601425 0.398575 
 ----> 1.3#6.6#44.0#54.0#VAR 160 1 0.59102 0.40898 
 ----> 1.3#6.6#44.0#54.0#VAR 161 0 0.583178 0.416822 
 ----> 1.3#6.6#44.0#54.0#VAR 162 0 0.623334 0.376666 
 ----> 1.3#6.6#44.0#54.0#VAR 163 0 0.590439 0.409561 
 ----> 1.3#6.6#44.0#54.0#VAR 164 1 0.584041 0.415959 
 ----> 1.3#6.6#44.0#54.0#VAR 165 1 0.589551 0.410449 
 ----> 1.3#6.6#44.0#54.0#VAR 166 0 0.614877 0.385123 
 ----> 1.3#6.6#44.0#54.0#VAR 167 0 0.594766 0.405234 
 ----> 1.3#6.6#44.0#54.0#VAR 168 1 0.593648 0.406352 
 ----> 1.3#6.6#44.0#54.0#VAR 169 1 0.587052 0.412948 
 ----> 1.3#6.6#44.0#54.0#VAR 170 0 0.579836 0.420164 
 ----> 1.3#6.6#44.0#54.0#VAR 171 0 0.595124 0.404876 
 ----> 1.3#6.6#44.0#54.0#VAR 172 0 0.588436 0.411564 
 ----> 1.3#6.6#44.0#54.0#VAR 173 1 0.59561 0.40439 
 ----> 1.3#6.6#44.0#54.0#VAR 174 0 0.589074 0.410926 
 ----> 1.3#6.6#44.0#54.0#VAR 175 0 0.600096 0.399904 
 ----> 1.3#6.6#44.0#54.0#VAR 176 0 0.57426 0.42574 
 ----> 1.3#6.6#44.0#54.0#VAR 177 1 0.572072 0.427928 
 ----> 1.3#6.6#44.0#54.0#VAR 178 0 0.595285 0.404715 
 ----> 1.3#6.6#44.0#54.0#VAR 179 0 0.59554 0.40446 
 ----> 1.3#6.6#44.0#54.0#VAR 180 0 0.598992 0.401008 
 ----> 1.3#6.6#44.0#54.0#VAR 181 1 0.595684 0.404316 
 ----> 1.3#6.6#44.0#54.0#VAR 182 1 0.600555 0.399445 
 ----> 1.3#6.6#44.0#54.0#VAR 183 0 0.626087 0.373913 
 ----> 1.3#6.6#44.0#54.0#VAR 184 0 0.567681 0.432319 
 ----> 1.3#6.6#44.0#54.0#VAR 185 0 0.584921 0.415079 
 ----> 1.3#6.6#44.0#54.0#VAR 186 0 0.596467 0.403533 
 ----> 1.3#6.6#44.0#54.0#VAR 187 0 0.620314 0.379686 
 ----> 1.3#6.6#44.0#54.0#VAR 188 1 0.58002 0.41998 
 ----> 1.3#6.6#44.0#54.0#VAR 189 0 0.587533 0.412467 
 ----> 1.3#6.6#44.0#54.0#VAR 190 1 0.596434 0.403566 
 ----> 1.3#6.6#44.0#54.0#VAR 191 0 0.593759 0.406241 
 ----> 1.3#6.6#44.0#54.0#VAR 192 0 0.603836 0.396164 
 ----> 1.3#6.6#44.0#54.0#VAR 193 0 0.602924 0.397076 
 ----> 1.3#6.6#44.0#54.0#VAR 194 0 0.604551 0.395449 
 ----> 1.3#6.6#44.0#54.0#VAR 195 0 0.615134 0.384866 
 ----> 1.3#6.6#44.0#54.0#VAR 196 1 0.603261 0.396739 
 ----> 1.3#6.6#44.0#54.0#VAR 197 0 0.589951 0.410049 
 ----> 1.3#6.6#44.0#54.0#VAR 198 1 0.608272 0.391728 
 ----> 1.3#6.6#44.0#54.0#VAR 199 0 0.610331 0.389669 
 ----> 1.3#6.6#44.0#54.0#VAR 200 0 0.606189 0.393811 
 ----> 1.3#6.6#44.0#54.0#VAR 201 0 0.613386 0.386614 
 ----> 1.3#6.6#44.0#54.0#VAR 202 0 0.619654 0.380346 
 ----> 1.3#6.6#44.0#54.0#VAR 203 0 0.61372 0.38628 
 ----> 1.3#6.6#44.0#54.0#VAR 204 0 0.611045 0.388955 
 ----> 1.3#6.6#44.0#54.0#VAR 205 1 0.576122 0.423878 
 ----> 1.3#6.6#44.0#54.0#VAR 206 0 0.604032 0.395968 
 ----> 1.3#6.6#44.0#54.0#VAR 207 0 0.600101 0.399899 
 ----> 1.3#6.6#44.0#54.0#VAR 208 0 0.609454 0.390546 
 ----> 1.3#6.6#44.0#54.0#VAR 209 1 0.590701 0.409299 
 ----> 1.3#6.6#44.0#54.0#VAR 210 1 0.590997 0.409003 
 ----> 1.3#6.6#44.0#54.0#VAR 211 0 0.604497 0.395503 
 ----> 1.3#6.6#44.0#54.0#VAR 212 0 0.599098 0.400902 
 ----> 1.3#6.6#44.0#54.0#VAR 213 1 0.579737 0.420263 
 ----> 1.3#6.6#44.0#54.0#VAR 214 1 0.580488 0.419512 
 ----> 1.3#6.6#44.0#54.0#VAR 215 1 0.591314 0.408686 
 ----> 1.3#6.6#44.0#54.0#VAR 216 0 0.603228 0.396772 
 ----> 1.3#6.6#44.0#54.0#VAR 217 1 0.591886 0.408114 
 ----> 1.3#6.6#44.0#54.0#VAR 218 1 0.585773 0.414227 
 ----> 1.3#6.6#44.0#54.0#VAR 219 0 0.615715 0.384285 
 ----> 1.3#6.6#44.0#54.0#VAR 220 0 0.595683 0.404317 
 ----> 1.3#6.6#44.0#54.0#VAR 221 0 0.61733 0.38267 
 ----> 1.3#6.6#44.0#54.0#VAR 222 1 0.592762 0.407238 
 ----> 1.3#6.6#44.0#54.0#VAR 223 1 0.605867 0.394133 
 ----> 1.3#6.6#44.0#54.0#VAR 224 0 0.606091 0.393909 
 ----> 1.3#6.6#44.0#54.0#VAR 225 1 0.583682 0.416318 
 ----> 1.3#6.6#44.0#54.0#VAR 226 0 0.615854 0.384146 
 ----> 1.3#6.6#44.0#54.0#VAR 227 0 0.60717 0.39283 
 ----> 1.3#6.6#44.0#54.0#VAR 228 0 0.597428 0.402572 
 ----> 1.3#6.6#44.0#54.0#VAR 229 0 0.607901 0.392099 
 ----> 1.3#6.6#44.0#54.0#VAR 230 1 0.593755 0.406245 
 ----> 1.3#6.6#44.0#54.0#VAR 231 0 0.59741 0.40259 
 ----> 1.3#6.6#44.0#54.0#VAR 232 1 0.600071 0.399929 
 ----> 1.3#6.6#44.0#54.0#VAR 233 0 0.586224 0.413776 
 ----> 1.3#6.6#44.0#54.0#VAR 234 0 0.607586 0.392414 
 ----> 1.3#6.6#44.0#54.0#VAR 235 0 0.592992 0.407008 
 ----> 1.3#6.6#44.0#54.0#VAR 236 0 0.597072 0.402928 
 ----> 1.3#6.6#44.0#54.0#VAR 237 0 0.609868 0.390132 
 ----> 1.3#6.6#44.0#54.0#VAR 238 0 0.610924 0.389076 
 ----> 1.3#6.6#44.0#54.0#VAR 239 0 0.587626 0.412374 
 ----> 1.3#6.6#44.0#54.0#VAR 240 1 0.603664 0.396336 
 ----> 1.3#6.6#44.0#54.0#VAR 241 0 0.612687 0.387313 
 ----> 1.3#6.6#44.0#54.0#VAR 242 0 0.598855 0.401145 
 ----> 1.3#6.6#44.0#54.0#VAR 243 1 0.585701 0.414299 
 ----> 1.3#6.6#44.0#54.0#VAR 244 0 0.605071 0.394929 
 ----> 1.3#6.6#44.0#54.0#VAR 245 1 0.593711 0.406289 
 ----> 1.3#6.6#44.0#54.0#VAR 246 1 0.597592 0.402408 
 ----> 1.3#6.6#44.0#54.0#VAR 247 0 0.616251 0.383749 
 ----> 1.3#6.6#44.0#54.0#VAR 248 0 0.603597 0.396403 
 ----> 1.3#6.6#44.0#54.0#VAR 249 1 0.595218 0.404782 
 ----> 1.3#6.6#44.0#54.0#VAR 250 0 0.610166 0.389834 
 ----> 1.3#6.6#44.0#54.0#VAR 251 0 0.605992 0.394008 
 ----> 1.3#6.6#44.0#54.0#VAR 252 0 0.604908 0.395092 
 ----> 1.3#6.6#44.0#54.0#VAR 253 0 0.635475 0.364525 
 ----> 1.3#6.6#44.0#54.0#VAR 254 0 0.6241 0.3759 
 ----> 1.3#6.6#44.0#54.0#VAR 255 1 0.610598 0.389402 
 ----> 1.3#6.6#44.0#54.0#VAR 256 1 0.607476 0.392524 
 ----> 1.3#6.6#44.0#54.0#VAR 257 0 0.594852 0.405148 
 ----> 1.3#6.6#44.0#54.0#VAR 258 0 0.604441 0.395559 
 ----> 1.3#6.6#44.0#54.0#VAR 259 0 0.603095 0.396905 
 ----> 1.3#6.6#44.0#54.0#VAR 260 1 0.569788 0.430212 
 ----> 1.3#6.6#44.0#54.0#VAR 261 0 0.592792 0.407208 
 ----> 1.3#6.6#44.0#54.0#VAR 262 0 0.599584 0.400416 
 ----> 1.3#6.6#44.0#54.0#VAR 263 1 0.586486 0.413514 
 ----> 1.3#6.6#44.0#54.0#VAR 264 1 0.598643 0.401357 
 ----> 1.3#6.6#44.0#54.0#VAR 265 1 0.584402 0.415598 
 ----> 1.3#6.6#44.0#54.0#VAR 266 1 0.568541 0.431459 
 ----> 1.3#6.6#44.0#54.0#VAR 267 0 0.589471 0.410529 
 ----> 1.3#6.6#44.0#54.0#VAR 268 0 0.604118 0.395882 
 ----> 1.3#6.6#44.0#54.0#VAR 269 0 0.592638 0.407362 
 ----> 1.3#6.6#44.0#54.0#VAR 270 1 0.583391 0.416609 
 ----> 1.3#6.6#44.0#54.0#VAR 271 0 0.61019 0.38981 
 ----> 1.3#6.6#44.0#54.0#VAR 272 1 0.58335 0.41665 
 ----> 1.3#6.6#44.0#54.0#VAR 273 0 0.643797 0.356203 
 ----> 1.3#6.6#44.0#54.0#VAR 274 0 0.603803 0.396197 
 ----> 1.3#6.6#44.0#54.0#VAR 275 0 0.577235 0.422765 
 ----> 1.3#6.6#44.0#54.0#VAR 276 0 0.604174 0.395826 
 ----> 1.3#6.6#44.0#54.0#VAR 277 0 0.597115 0.402885 
 ----> 1.3#6.6#44.0#54.0#VAR 278 0 0.597897 0.402103 
 ----> 1.3#6.6#44.0#54.0#VAR 279 0 0.606122 0.393878 
 ----> 1.3#6.6#44.0#54.0#VAR 280 1 0.602023 0.397977 
 ----> 1.3#6.6#44.0#54.0#VAR 281 1 0.566816 0.433184 
 ----> 1.3#6.6#44.0#54.0#VAR 282 0 0.597839 0.402161 
 ----> 1.3#6.6#44.0#54.0#VAR 283 0 0.605669 0.394331 
 ----> 1.3#6.6#44.0#54.0#VAR 284 0 0.591223 0.408777 
 ----> 1.3#6.6#44.0#54.0#VAR 285 0 0.601847 0.398153 
 ----> 1.3#6.6#44.0#54.0#VAR 286 1 0.592445 0.407555 
 ----> 1.3#6.6#44.0#54.0#VAR 287 0 0.582764 0.417236 
 ----> 1.3#6.6#44.0#54.0#VAR 288 0 0.606595 0.393405 
 ----> 1.3#6.6#44.0#54.0#VAR 289 0 0.590008 0.409992 
 ----> 1.3#6.6#44.0#54.0#VAR 290 1 0.559043 0.440957 
 ----> 1.3#6.6#44.0#54.0#VAR 291 0 0.607115 0.392885 
 ----> 1.3#6.6#44.0#54.0#VAR 292 0 0.617858 0.382142 
 ----> 1.3#6.6#44.0#54.0#VAR 293 1 0.591943 0.408057 
 ----> 1.3#6.6#44.0#54.0#VAR 294 0 0.624212 0.375788 
 ----> 1.3#6.6#44.0#54.0#VAR 295 1 0.603076 0.396924 
 ----> 1.3#6.6#44.0#54.0#VAR 296 0 0.597155 0.402845 
 ----> 1.3#6.6#44.0#54.0#VAR 297 0 0.623314 0.376686 
 ----> 1.3#6.6#44.0#54.0#VAR 298 0 0.607861 0.392139 
 ----> 1.3#6.6#44.0#54.0#VAR 299 0 0.592259 0.407741 
 ----> 1.3#6.6#44.0#54.0#VAR 300 0 0.605638 0.394362 
 ----> 1.3#6.6#44.0#54.0#VAR 301 1 0.595035 0.404965 
 ----> 1.3#6.6#44.0#54.0#VAR 302 1 0.579615 0.420385 
 ----> 1.3#6.6#44.0#54.0#VAR 303 1 0.610061 0.389939 
 ----> 1.3#6.6#44.0#54.0#VAR 304 0 0.616596 0.383404 
 ----> 1.3#6.6#44.0#54.0#VAR 305 0 0.592057 0.407943 
 ----> 1.3#6.6#44.0#54.0#VAR 306 0 0.596373 0.403627 
 ----> 1.3#6.6#44.0#54.0#VAR 307 1 0.60556 0.39444 
 ----> 1.3#6.6#44.0#54.0#VAR 308 1 0.584954 0.415046 
 ----> 1.3#6.6#44.0#54.0#VAR 309 0 0.590115 0.409885 
 ----> 1.3#6.6#44.0#54.0#VAR 310 0 0.599817 0.400183 
 ----> 1.3#6.6#44.0#54.0#VAR 311 0 0.616341 0.383659 
 ----> 1.3#6.6#44.0#54.0#VAR 312 1 0.585124 0.414876 
 ----> 1.3#6.6#44.0#54.0#VAR 313 0 0.604953 0.395047 
 ----> 1.3#6.6#44.0#54.0#VAR 314 0 0.592041 0.407959 
 ----> 1.3#6.6#44.0#54.0#VAR 315 0 0.593477 0.406523 
 ----> 1.3#6.6#44.0#54.0#VAR 316 0 0.616652 0.383348 
 ----> 1.3#6.6#44.0#54.0#VAR 317 0 0.585736 0.414264 
 ----> 1.3#6.6#44.0#54.0#VAR 318 0 0.595549 0.404451 
 ----> 1.3#6.6#44.0#54.0#VAR 319 0 0.613772 0.386228 
 ----> 1.3#6.6#44.0#54.0#VAR 320 0 0.591516 0.408484 
 ----> 1.3#6.6#44.0#54.0#VAR 321 0 0.615456 0.384544 
 ----> 1.3#6.6#44.0#54.0#VAR 322 0 0.596571 0.403429 
 ----> 1.3#6.6#44.0#54.0#VAR 323 0 0.593687 0.406313 
 ----> 1.3#6.6#44.0#54.0#VAR 324 0 0.559215 0.440785 
 ----> 1.3#6.6#44.0#54.0#VAR 325 0 0.59131 0.40869 
 ----> 1.3#6.6#44.0#54.0#VAR 326 0 0.586132 0.413868 
 ----> 1.3#6.6#44.0#54.0#VAR 327 0 0.590202 0.409798 
 ----> 1.3#6.6#44.0#54.0#VAR 328 0 0.60253 0.39747 
 ----> 1.3#6.6#44.0#54.0#VAR 329 1 0.573905 0.426095 
 ----> 1.3#6.6#44.0#54.0#VAR 330 1 0.577546 0.422454 
 ----> 1.3#6.6#44.0#54.0#VAR 331 1 0.577314 0.422686 
 ----> 1.3#6.6#44.0#54.0#VAR 332 0 0.587846 0.412154 
 ----> 1.3#6.6#44.0#54.0#VAR 333 0 0.615808 0.384192 
 ----> 1.3#6.6#44.0#54.0#VAR 334 0 0.607438 0.392562 
 ----> 1.3#6.6#44.0#54.0#VAR 335 0 0.596943 0.403057 
 ----> 1.3#6.6#44.0#54.0#VAR 336 0 0.602814 0.397186 
 ----> 1.3#6.6#44.0#54.0#VAR 337 0 0.584462 0.415538 
 ----> 1.3#6.6#44.0#54.0#VAR 338 0 0.592081 0.407919 
 ----> 1.3#6.6#44.0#54.0#VAR 339 0 0.604168 0.395832 
 ----> 1.3#6.6#44.0#54.0#VAR 340 1 0.600702 0.399298 
 ----> 1.3#6.6#44.0#54.0#VAR 341 1 0.599072 0.400928 
 ----> 1.3#6.6#44.0#54.0#VAR 342 0 0.581772 0.418228 
 ----> 1.3#6.6#44.0#54.0#VAR 343 0 0.607206 0.392794 
 ----> 1.3#6.6#44.0#54.0#VAR 344 0 0.598829 0.401171 
 ----> 1.3#6.6#44.0#54.0#VAR 345 0 0.60826 0.39174 
 ----> 1.3#6.6#44.0#54.0#VAR 346 0 0.602133 0.397867 
 ----> 1.3#6.6#44.0#54.0#VAR 347 0 0.600155 0.399845 
 ----> 1.3#6.6#44.0#54.0#VAR 348 0 0.628725 0.371275 
 ----> 1.3#6.6#44.0#54.0#VAR 349 1 0.579246 0.420754 
 ----> 1.3#6.6#44.0#54.0#VAR 350 0 0.600316 0.399684 
 ----> 1.3#6.6#44.0#54.0#VAR 351 0 0.592762 0.407238 
 ----> 1.3#6.6#44.0#54.0#VAR 352 0 0.601568 0.398432 
 ----> 1.3#6.6#44.0#54.0#VAR 353 0 0.589705 0.410295 
 ----> 1.3#6.6#44.0#54.0#VAR 354 1 0.585048 0.414952 
 ----> 1.3#6.6#44.0#54.0#VAR 355 0 0.599645 0.400355 
 ----> 1.3#6.6#44.0#54.0#VAR 356 0 0.580607 0.419393 
 ----> 1.3#6.6#44.0#54.0#VAR 357 0 0.616953 0.383047 
 ----> 1.3#6.6#44.0#54.0#VAR 358 0 0.619303 0.380697 
 ----> 1.3#6.6#44.0#54.0#VAR 359 1 0.599446 0.400554 
 ----> 1.3#6.6#44.0#54.0#VAR 360 0 0.608099 0.391901 
 ----> 1.3#6.6#44.0#54.0#VAR 361 0 0.622068 0.377932 
 ----> 1.3#6.6#44.0#54.0#VAR 362 0 0.61395 0.38605 
 ----> 1.3#6.6#44.0#54.0#VAR 363 0 0.599048 0.400952 
 ----> 1.3#6.6#44.0#54.0#VAR 364 0 0.605026 0.394974 
 ----> 1.3#6.6#44.0#54.0#VAR 365 1 0.59666 0.40334 
 ----> 1.3#6.6#44.0#54.0#VAR 366 0 0.616557 0.383443 
 ----> 1.3#6.6#44.0#54.0#VAR 367 0 0.609317 0.390683 
 ----> 1.3#6.6#44.0#54.0#VAR 368 1 0.577918 0.422082 
 ----> 1.3#6.6#44.0#54.0#VAR 369 0 0.616055 0.383945 
 ----> 1.3#6.6#44.0#54.0#VAR 370 0 0.58679 0.41321 
 ----> 1.3#6.6#44.0#54.0#VAR 371 0 0.590432 0.409568 
 ----> 1.3#6.6#44.0#54.0#VAR 372 0 0.595835 0.404165 
 ----> 1.3#6.6#44.0#54.0#VAR 373 0 0.624182 0.375818 
 ----> 1.3#6.6#44.0#54.0#VAR 374 1 0.580385 0.419615 
 ----> 1.3#6.6#44.0#54.0#VAR 375 0 0.609533 0.390467 
 ----> 1.3#6.6#44.0#54.0#VAR 376 0 0.623176 0.376824 
 ----> 1.3#6.6#44.0#54.0#VAR 377 1 0.567247 0.432753 
 ----> 1.3#6.6#44.0#54.0#VAR 378 0 0.614394 0.385606 
 ----> 1.3#6.6#44.0#54.0#VAR 379 0 0.60996 0.39004 
 ----> 1.3#6.6#44.0#54.0#VAR 380 0 0.630407 0.369593 
 ----> 1.3#6.6#44.0#54.0#VAR 381 0 0.632327 0.367673 
 ----> 1.3#6.6#44.0#54.0#VAR 382 1 0.58711 0.41289 
 ----> 1.3#6.6#44.0#54.0#VAR 383 1 0.586713 0.413287 
 ----> 1.3#6.6#44.0#54.0#VAR 384 1 0.6017 0.3983 
 ----> 1.3#6.6#44.0#54.0#VAR 385 0 0.592314 0.407686 
 ----> 1.3#6.6#44.0#54.0#VAR 386 0 0.597861 0.402139 
 ----> 1.3#6.6#44.0#54.0#VAR 387 0 0.598285 0.401715 
 ----> 1.3#6.6#44.0#54.0#VAR 388 0 0.596337 0.403663 
 ----> 1.3#6.6#44.0#54.0#VAR 389 0 0.604237 0.395763 
 ----> 1.3#6.6#44.0#54.0#VAR 390 0 0.608708 0.391292 
 ----> 1.3#6.6#44.0#54.0#VAR 391 0 0.604855 0.395145 
 ----> 1.3#6.6#44.0#54.0#VAR 392 0 0.592219 0.407781 
 ----> 1.3#6.6#44.0#54.0#VAR 393 0 0.589287 0.410713 
 ----> 1.3#6.6#44.0#54.0#VAR 394 0 0.604916 0.395084 
 ----> 1.3#6.6#44.0#54.0#VAR 395 1 0.594255 0.405745 
 ----> 1.3#6.6#44.0#54.0#VAR 396 0 0.598778 0.401222 
 ----> 1.3#6.6#44.0#54.0#VAR 397 0 0.58505 0.41495 
 ----> 1.3#6.6#44.0#54.0#VAR 398 1 0.590651 0.409349 
 ----> 1.3#6.6#44.0#54.0#VAR 399 0 0.600267 0.399733 
 ----> 1.3#6.6#44.0#54.0#VAR 400 0 0.614737 0.385263 
 ----> 1.3#6.6#44.0#54.0#VAR 401 1 0.6017 0.3983 
 ----> 1.3#6.6#44.0#54.0#VAR 402 0 0.622608 0.377392 
 ----> 1.3#6.6#44.0#54.0#VAR 403 0 0.635093 0.364907 
 ----> 1.3#6.6#44.0#54.0#VAR 404 0 0.610041 0.389959 
 ----> 1.3#6.6#44.0#54.0#VAR 405 0 0.61869 0.38131 
 ----> 1.3#6.6#44.0#54.0#VAR 406 0 0.599035 0.400965 
 ----> 1.3#6.6#44.0#54.0#VAR 407 1 0.597952 0.402048 
 ----> 1.3#6.6#44.0#54.0#VAR 408 0 0.578442 0.421558 
 ----> 1.3#6.6#44.0#54.0#VAR 409 1 0.553191 0.446809 
 ----> 1.3#6.6#44.0#54.0#VAR 410 1 0.598998 0.401002 
 ----> 1.3#6.6#44.0#54.0#VAR 411 0 0.609924 0.390076 
 ----> 1.3#6.6#44.0#54.0#VAR 412 0 0.611224 0.388776 
 ----> 1.3#6.6#44.0#54.0#VAR 413 1 0.625443 0.374557 
 ----> 1.3#6.6#44.0#54.0#VAR 414 0 0.621484 0.378516 
 ----> 1.3#6.6#44.0#54.0#VAR 415 0 0.612494 0.387506 
 ----> 1.3#6.6#44.0#54.0#VAR 416 1 0.609212 0.390788 
 ----> 1.3#6.6#44.0#54.0#VAR 417 0 0.618657 0.381343 
 ----> 1.3#6.6#44.0#54.0#VAR 418 0 0.596275 0.403725 
 ----> 1.3#6.6#44.0#54.0#VAR 419 0 0.614951 0.385049 
 ----> 1.3#6.6#44.0#54.0#VAR 420 0 0.606406 0.393594 
 ----> 1.3#6.6#44.0#54.0#VAR 421 0 0.596672 0.403328 
 ----> 1.3#6.6#44.0#54.0#VAR 422 0 0.594202 0.405798 
 ----> 1.3#6.6#44.0#54.0#VAR 423 0 0.599205 0.400795 
 ----> 1.3#6.6#44.0#54.0#VAR 424 0 0.606922 0.393078 
 ----> 1.3#6.6#44.0#54.0#VAR 425 0 0.622021 0.377979 
 ----> 1.3#6.6#44.0#54.0#VAR 426 1 0.590558 0.409442 
 ----> 1.3#6.6#44.0#54.0#VAR 427 0 0.613327 0.386673 
 ----> 1.3#6.6#44.0#54.0#VAR 428 0 0.606173 0.393827 
 ----> 1.3#6.6#44.0#54.0#VAR 429 0 0.600018 0.399982 
 ----> 1.3#6.6#44.0#54.0#VAR 430 1 0.59166 0.40834 
 ----> 1.3#6.6#44.0#54.0#VAR 431 0 0.593263 0.406737 
 ----> 1.3#6.6#44.0#54.0#VAR 432 0 0.601815 0.398185 
 ----> 1.3#6.6#44.0#54.0#VAR 433 0 0.598536 0.401464 
 ----> 1.3#6.6#44.0#54.0#VAR 434 0 0.609878 0.390122 
 ----> 1.3#6.6#44.0#54.0#VAR 435 0 0.608175 0.391825 
 ----> 1.3#6.6#44.0#54.0#VAR 436 0 0.620875 0.379125 
 ----> 1.3#6.6#44.0#54.0#VAR 437 0 0.611855 0.388145 
 ----> 1.3#6.6#44.0#54.0#VAR 438 1 0.606589 0.393411 
 ----> 1.3#6.6#44.0#54.0#VAR 439 1 0.612606 0.387394 
 ----> 1.3#6.6#44.0#54.0#VAR 440 0 0.598795 0.401205 
 ----> 1.3#6.6#44.0#54.0#VAR 441 0 0.621856 0.378144 
 ----> 1.3#6.6#44.0#54.0#VAR 442 1 0.615503 0.384497 
 ----> 1.3#6.6#44.0#54.0#VAR 443 1 0.623406 0.376594 
 ----> 1.3#6.6#44.0#54.0#VAR 444 0 0.618461 0.381539 
 ----> 1.3#6.6#44.0#54.0#VAR 445 0 0.626488 0.373512 
 ----> 1.3#6.6#44.0#54.0#VAR 446 1 0.590822 0.409178 
 ----> 1.3#6.6#44.0#54.0#VAR 447 0 0.612493 0.387507 
 ----> 1.3#6.6#44.0#54.0#VAR 448 0 0.600243 0.399757 
 ----> 1.3#6.6#44.0#54.0#VAR 449 1 0.573005 0.426995 
 ----> 1.3#6.6#44.0#54.0#VAR 450 0 0.605415 0.394585 
 ----> 1.3#6.6#44.0#54.0#VAR 451 0 0.59357 0.40643 
 ----> 1.3#6.6#44.0#54.0#VAR 452 0 0.594406 0.405594 
 ----> 1.3#6.6#44.0#54.0#VAR 453 0 0.610398 0.389602 
 ----> 1.3#6.6#44.0#54.0#VAR 454 0 0.597063 0.402937 
 ----> 1.3#6.6#44.0#54.0#VAR 455 0 0.612949 0.387051 
 ----> 1.3#6.6#44.0#54.0#VAR 456 0 0.606947 0.393053 
 ----> 1.3#6.6#44.0#54.0#VAR 457 0 0.607313 0.392687 
 ----> 1.3#6.6#44.0#54.0#VAR 458 1 0.591865 0.408135 
 ----> 1.3#6.6#44.0#54.0#VAR 459 0 0.60197 0.39803 
 ----> 1.3#6.6#44.0#54.0#VAR 460 1 0.590543 0.409457 
 ----> 1.3#6.6#44.0#54.0#VAR 461 0 0.609613 0.390387 
 ----> 1.3#6.6#44.0#54.0#VAR 462 1 0.58281 0.41719 
 ----> 1.3#6.6#44.0#54.0#VAR 463 0 0.618278 0.381722 
 ----> 1.3#6.6#44.0#54.0#VAR 464 1 0.590815 0.409185 
 ----> 1.3#6.6#44.0#54.0#VAR 465 0 0.612716 0.387284 
 ----> 1.3#6.6#44.0#54.0#VAR 466 0 0.598193 0.401807 
 ----> 1.3#6.6#44.0#54.0#VAR 467 0 0.609834 0.390166 
 ----> 1.3#6.6#44.0#54.0#VAR 468 0 0.58965 0.41035 
 ----> 1.3#6.6#44.0#54.0#VAR 469 1 0.59674 0.40326 
 ----> 1.3#6.6#44.0#54.0#VAR 470 0 0.605809 0.394191 
 ----> 1.3#6.6#44.0#54.0#VAR 471 1 0.597338 0.402662 
 ----> 1.3#6.6#44.0#54.0#VAR 472 1 0.598574 0.401426 
 ----> 1.3#6.6#44.0#54.0#VAR 473 0 0.612199 0.387801 
 ----> 1.3#6.6#44.0#54.0#VAR 474 1 0.602422 0.397578 
 ----> 1.3#6.6#44.0#54.0#VAR 475 0 0.59566 0.40434 
 ----> 1.3#6.6#44.0#54.0#VAR 476 0 0.610047 0.389953 
 ----> 1.3#6.6#44.0#54.0#VAR 477 1 0.564121 0.435879 
 ----> 1.3#6.6#44.0#54.0#VAR 478 0 0.606311 0.393689 
 ----> 1.3#6.6#44.0#54.0#VAR 479 0 0.587318 0.412682 
 ----> 1.3#6.6#44.0#54.0#VAR 480 0 0.598638 0.401362 
 ----> 1.3#6.6#44.0#54.0#VAR 481 0 0.603001 0.396999 
 ----> 1.3#6.6#44.0#54.0#VAR 482 1 0.587972 0.412028 
 ----> 1.3#6.6#44.0#54.0#VAR 483 0 0.585362 0.414638 
 ----> 1.3#6.6#44.0#54.0#VAR 484 0 0.619411 0.380589 
 ----> 1.3#6.6#44.0#54.0#VAR 485 0 0.599725 0.400275 
 ----> 1.3#6.6#44.0#54.0#VAR 486 0 0.602652 0.397348 
 ----> 1.3#6.6#44.0#54.0#VAR 487 0 0.607533 0.392467 
 ----> 1.3#6.6#44.0#54.0#VAR 488 1 0.596578 0.403422 
 ----> 1.3#6.6#44.0#54.0#VAR 489 1 0.595498 0.404502 
 ----> 1.3#6.6#44.0#54.0#VAR 490 0 0.627368 0.372632 
 ----> 1.3#6.6#44.0#54.0#VAR 491 1 0.600901 0.399099 
 ----> 1.3#6.6#44.0#54.0#VAR 492 0 0.594146 0.405854 
 ----> 1.3#6.6#44.0#54.0#VAR 493 0 0.608439 0.391561 
 ----> 1.3#6.6#44.0#54.0#VAR 494 0 0.616342 0.383658 
 ----> 1.3#6.6#44.0#54.0#VAR 495 0 0.62964 0.37036 
 ----> 1.3#6.6#44.0#54.0#VAR 496 0 0.596894 0.403106 
 ----> 1.3#6.6#44.0#54.0#VAR 497 0 0.60657 0.39343 
 ----> 1.3#6.6#44.0#54.0#VAR 498 0 0.595647 0.404353 
 ----> 1.3#6.6#44.0#54.0#VAR 499 0 0.613259 0.386741 
 ----> 1.3#6.6#44.0#54.0#VAR 500 0 0.600736 0.399264 
 ----> 1.3#6.6#44.0#54.0#VAR 501 1 0.586362 0.413638 
 ----> 1.3#6.6#44.0#54.0#VAR 502 0 0.606952 0.393048 
 ----> 1.3#6.6#44.0#54.0#VAR 503 0 0.601302 0.398698 
 ----> 1.3#6.6#44.0#54.0#VAR 504 0 0.603333 0.396667 
 ----> 1.3#6.6#44.0#54.0#VAR 505 0 0.631789 0.368211 
 ----> 1.3#6.6#44.0#54.0#VAR 506 0 0.614002 0.385998 
 ----> 1.3#6.6#44.0#54.0#VAR 507 0 0.600962 0.399038 
 ----> 1.3#6.6#44.0#54.0#VAR 508 1 0.595433 0.404567 
 ----> 1.3#6.6#44.0#54.0#VAR 509 0 0.600685 0.399315 
 ----> 1.3#6.6#44.0#54.0#VAR 510 0 0.591803 0.408197 
 ----> 1.3#6.6#44.0#54.0#VAR 511 0 0.583663 0.416337 
 ----> 1.3#6.6#44.0#54.0#VAR 512 0 0.59977 0.40023 
 ----> 1.3#6.6#44.0#54.0#VAR 513 1 0.59533 0.40467 
 ----> 1.3#6.6#44.0#54.0#VAR 514 0 0.603157 0.396843 
 ----> 1.3#6.6#44.0#54.0#VAR 515 0 0.603346 0.396654 
 ----> 1.3#6.6#44.0#54.0#VAR 516 0 0.608537 0.391463 
 ----> 1.3#6.6#44.0#54.0#VAR 517 1 0.604239 0.395761 
 ----> 1.3#6.6#44.0#54.0#VAR 518 1 0.604233 0.395767 
 ----> 1.3#6.6#44.0#54.0#VAR 519 0 0.602706 0.397294 
 ----> 1.3#6.6#44.0#54.0#VAR 520 0 0.61831 0.38169 
 ----> 1.3#6.6#44.0#54.0#VAR 521 0 0.590596 0.409404 
 ----> 1.3#6.6#44.0#54.0#VAR 522 1 0.591426 0.408574 
 ----> 1.3#6.6#44.0#54.0#VAR 523 1 0.620642 0.379358 
 ----> 1.3#6.6#44.0#54.0#VAR 524 0 0.583949 0.416051 
 ----> 1.3#6.6#44.0#54.0#VAR 525 1 0.596803 0.403197 
 ----> 1.3#6.6#44.0#54.0#VAR 526 0 0.60535 0.39465 
 ----> 1.3#6.6#44.0#54.0#VAR 527 0 0.603965 0.396035 
 ----> 1.3#6.6#44.0#54.0#VAR 528 0 0.614183 0.385817 
 ----> 1.3#6.6#44.0#54.0#VAR 529 0 0.59992 0.40008 
 ----> 1.3#6.6#44.0#54.0#VAR 530 1 0.592815 0.407185 
 ----> 1.3#6.6#44.0#54.0#VAR 531 0 0.592353 0.407647 
 ----> 1.3#6.6#44.0#54.0#VAR 532 1 0.601718 0.398282 
 ----> 1.3#6.6#44.0#54.0#VAR 533 1 0.584635 0.415365 
 ----> 1.3#6.6#44.0#54.0#VAR 534 0 0.612341 0.387659 
 ----> 1.3#6.6#44.0#54.0#VAR 535 0 0.609439 0.390561 
 ----> 1.3#6.6#44.0#54.0#VAR 536 1 0.569213 0.430787 
 ----> 1.3#6.6#44.0#54.0#VAR 537 0 0.603163 0.396837 
 ----> 1.3#6.6#44.0#54.0#VAR 538 0 0.606219 0.393781 
 ----> 1.3#6.6#44.0#54.0#VAR 539 0 0.595097 0.404903 
 ----> 1.3#6.6#44.0#54.0#VAR 540 0 0.614155 0.385845 
 ----> 1.3#6.6#44.0#54.0#VAR 541 0 0.591162 0.408838 
 ----> 1.3#6.6#44.0#54.0#VAR 542 0 0.589086 0.410914 
 ----> 1.3#6.6#44.0#54.0#VAR 543 0 0.618743 0.381257 
 ----> 1.3#6.6#44.0#54.0#VAR 544 0 0.575774 0.424226 
 ----> 1.3#6.6#44.0#54.0#VAR 545 0 0.603503 0.396497 
 ----> 1.3#6.6#44.0#54.0#VAR 546 0 0.622017 0.377983 
 ----> 1.3#6.6#44.0#54.0#VAR 547 0 0.621825 0.378175 
 ----> 1.3#6.6#44.0#54.0#VAR 548 0 0.622796 0.377204 
 ----> 1.3#6.6#44.0#54.0#VAR 549 0 0.598023 0.401977 
 ----> 1.3#6.6#44.0#54.0#VAR 550 1 0.58551 0.41449 
 ----> 1.3#6.6#44.0#54.0#VAR 551 0 0.608489 0.391511 
 ----> 1.3#6.6#44.0#54.0#VAR 552 0 0.61246 0.38754 
 ----> 1.3#6.6#44.0#54.0#VAR 553 0 0.602091 0.397909 
 ----> 1.3#6.6#44.0#54.0#VAR 554 0 0.619536 0.380464 
 ----> 1.3#6.6#44.0#54.0#VAR 555 0 0.615688 0.384312 
 ----> 1.3#6.6#44.0#54.0#VAR 556 1 0.592453 0.407547 
 ----> 1.3#6.6#44.0#54.0#VAR 557 0 0.590441 0.409559 
 ----> 1.3#6.6#44.0#54.0#VAR 558 0 0.587557 0.412443 
 ----> 1.3#6.6#44.0#54.0#VAR 559 1 0.607472 0.392528 
 ----> 1.3#6.6#44.0#54.0#VAR 560 1 0.593338 0.406662 
 ----> 1.3#6.6#44.0#54.0#VAR 561 0 0.599561 0.400439 
 ----> 1.3#6.6#44.0#54.0#VAR 562 1 0.599472 0.400528 
 ----> 1.3#6.6#44.0#54.0#VAR 563 0 0.605643 0.394357 
 ----> 1.3#6.6#44.0#54.0#VAR 564 1 0.595391 0.404609 
 ----> 1.3#6.6#44.0#54.0#VAR 565 0 0.60512 0.39488 
 ----> 1.3#6.6#44.0#54.0#VAR 566 0 0.596408 0.403592 
 ----> 1.3#6.6#44.0#54.0#VAR 567 1 0.582544 0.417456 
 ----> 1.3#6.6#44.0#54.0#VAR 568 1 0.604759 0.395241 
 ----> 1.3#6.6#44.0#54.0#VAR 569 0 0.609874 0.390126 
 ----> 1.3#6.6#44.0#54.0#VAR 570 1 0.598772 0.401228 
 ----> 1.3#6.6#44.0#54.0#VAR 571 1 0.594701 0.405299 
 ----> 1.3#6.6#44.0#54.0#VAR 572 1 0.586014 0.413986 
 ----> 1.3#6.6#44.0#54.0#VAR 573 1 0.606402 0.393598 
 ----> 1.3#6.6#44.0#54.0#VAR 574 1 0.602048 0.397952 
 ----> 1.3#6.6#44.0#54.0#VAR 575 0 0.599028 0.400972 
 ----> 1.3#6.6#44.0#54.0#VAR 576 0 0.628511 0.371489 
 ----> 1.3#6.6#44.0#54.0#VAR 577 1 0.591661 0.408339 
 ----> 1.3#6.6#44.0#54.0#VAR 578 1 0.591123 0.408877 
 ----> 1.3#6.6#44.0#54.0#VAR 579 1 0.586122 0.413878 
 ----> 1.3#6.6#44.0#54.0#VAR 580 0 0.610698 0.389302 
 ----> 1.3#6.6#44.0#54.0#VAR 581 1 0.605534 0.394466 
 ----> 1.3#6.6#44.0#54.0#VAR 582 1 0.589819 0.410181 
 ----> 1.3#6.6#44.0#54.0#VAR 583 0 0.588724 0.411276 
 ----> 1.3#6.6#44.0#54.0#VAR 584 1 0.583367 0.416633 
 ----> 1.3#6.6#44.0#54.0#VAR 585 0 0.580702 0.419298 
 ----> 1.3#6.6#44.0#54.0#VAR 586 1 0.587612 0.412388 
 ----> 1.3#6.6#44.0#54.0#VAR 587 0 0.608219 0.391781 
 ----> 1.3#6.6#44.0#54.0#VAR 588 0 0.602873 0.397127 
 ----> 1.3#6.6#44.0#54.0#VAR 589 1 0.577471 0.422529 
 ----> 1.3#6.6#44.0#54.0#VAR 590 0 0.596289 0.403711 
 ----> 1.3#6.6#44.0#54.0#VAR 591 0 0.60347 0.39653 
 ----> 1.3#6.6#44.0#54.0#VAR 592 0 0.636754 0.363246 
 ----> 1.3#6.6#44.0#54.0#VAR 593 1 0.592076 0.407924 
 ----> 1.3#6.6#44.0#54.0#VAR 594 0 0.594942 0.405058 
 ----> 1.3#6.6#44.0#54.0#VAR 595 1 0.58971 0.41029 
 ----> 1.3#6.6#44.0#54.0#VAR 596 0 0.615287 0.384713 
 ----> 1.3#6.6#44.0#54.0#VAR 597 0 0.596672 0.403328 
 ----> 1.3#6.6#44.0#54.0#VAR 598 0 0.593812 0.406188 
 ----> 1.3#6.6#44.0#54.0#VAR 599 1 0.602363 0.397637 
 ----> 1.3#6.6#44.0#54.0#VAR 600 1 0.610715 0.389285 
 ----> 1.3#6.6#44.0#54.0#VAR 601 1 0.59658 0.40342 
 ----> 1.3#6.6#44.0#54.0#VAR 602 0 0.609439 0.390561 
 ----> 1.3#6.6#44.0#54.0#VAR 603 0 0.60932 0.39068 
 ----> 1.3#6.6#44.0#54.0#VAR 604 1 0.60223 0.39777 
 ----> 1.3#6.6#44.0#54.0#VAR 605 1 0.586608 0.413392 
 ----> 1.3#6.6#44.0#54.0#VAR 606 1 0.596367 0.403633 
 ----> 1.3#6.6#44.0#54.0#VAR 607 1 0.60495 0.39505 
 ----> 1.3#6.6#44.0#54.0#VAR 608 0 0.614643 0.385357 
 ----> 1.3#6.6#44.0#54.0#VAR 609 0 0.614695 0.385305 
 ----> 1.3#6.6#44.0#54.0#VAR 610 1 0.599327 0.400673 
 ----> 1.3#6.6#44.0#54.0#VAR 611 0 0.603357 0.396643 
 ----> 1.3#6.6#44.0#54.0#VAR 612 1 0.593448 0.406552 
 ----> 1.3#6.6#44.0#54.0#VAR 613 1 0.596902 0.403098 
 ----> 1.3#6.6#44.0#54.0#VAR 614 0 0.613175 0.386825 
 ----> 1.3#6.6#44.0#54.0#VAR 615 0 0.584851 0.415149 
 ----> 1.3#6.6#44.0#54.0#VAR 616 1 0.608575 0.391425 
 ----> 1.3#6.6#44.0#54.0#VAR 617 0 0.587034 0.412966 
 ----> 1.3#6.6#44.0#54.0#VAR 618 1 0.587207 0.412793 
 ----> 1.3#6.6#44.0#54.0#VAR 619 0 0.613991 0.386009 
 ----> 1.3#6.6#44.0#54.0#VAR 620 1 0.601025 0.398975 
 ----> 1.3#6.6#44.0#54.0#VAR 621 0 0.592915 0.407085 
 ----> 1.3#6.6#44.0#54.0#VAR 622 0 0.596548 0.403452 
 ----> 1.3#6.6#44.0#54.0#VAR 623 1 0.602976 0.397024 
 ----> 1.3#6.6#44.0#54.0#VAR 624 0 0.633772 0.366228 
 ----> 1.3#6.6#44.0#54.0#VAR 625 0 0.611485 0.388515 
 ----> 1.3#6.6#44.0#54.0#VAR 626 0 0.607153 0.392847 
 ----> 1.3#6.6#44.0#54.0#VAR 627 0 0.601421 0.398579 
 ----> 1.3#6.6#44.0#54.0#VAR 628 0 0.598717 0.401283 
 ----> 1.3#6.6#44.0#54.0#VAR 629 0 0.610691 0.389309 
 ----> 1.3#6.6#44.0#54.0#VAR 630 0 0.593853 0.406147 
 ----> 1.3#6.6#44.0#54.0#VAR 631 0 0.610691 0.389309 
 ----> 1.3#6.6#44.0#54.0#VAR 632 0 0.603235 0.396765 
 ----> 1.3#6.6#44.0#54.0#VAR 633 0 0.619344 0.380656 
 ----> 1.3#6.6#44.0#54.0#VAR 634 0 0.606847 0.393153 
 ----> 1.3#6.6#44.0#54.0#VAR 635 0 0.599783 0.400217 
 ----> 1.3#6.6#44.0#54.0#VAR 636 0 0.604658 0.395342 
 ----> 1.3#6.6#44.0#54.0#VAR 637 0 0.620015 0.379985 
 ----> 1.3#6.6#44.0#54.0#VAR 638 0 0.591654 0.408346 
 ----> 1.3#6.6#44.0#54.0#VAR 639 0 0.611729 0.388271 
 ----> 1.3#6.6#44.0#54.0#VAR 640 0 0.615143 0.384857 
 ----> 1.3#6.6#44.0#54.0#VAR 641 1 0.602937 0.397063 
 ----> 1.3#6.6#44.0#54.0#VAR 642 0 0.619138 0.380862 
 ----> 1.3#6.6#44.0#54.0#VAR 643 0 0.627108 0.372892 
 ----> 1.3#6.6#44.0#54.0#VAR 644 0 0.611487 0.388513 
 ----> 1.3#6.6#44.0#54.0#VAR 645 0 0.595245 0.404755 
 ----> 1.3#6.6#44.0#54.0#VAR 646 0 0.598615 0.401385 
 ----> 1.3#6.6#44.0#54.0#VAR 647 0 0.61762 0.38238 
 ----> 1.3#6.6#44.0#54.0#VAR 648 0 0.619647 0.380353 
 ----> 1.3#6.6#44.0#54.0#VAR 649 0 0.606865 0.393135 
 ----> 1.3#6.6#44.0#54.0#VAR 650 0 0.614715 0.385285 
 ----> 1.3#6.6#44.0#54.0#VAR 651 0 0.599061 0.400939 
 ----> 1.3#6.6#44.0#54.0#VAR 652 0 0.628486 0.371514 
 ----> 1.3#6.6#44.0#54.0#VAR 653 0 0.609958 0.390042 
 ----> 1.3#6.6#44.0#54.0#VAR 654 0 0.613398 0.386602 
 ----> 1.3#6.6#44.0#54.0#VAR 655 0 0.611018 0.388982 
 ----> 1.3#6.6#44.0#54.0#VAR 656 1 0.592712 0.407288 
 ----> 1.3#6.6#44.0#54.0#VAR 657 0 0.63464 0.36536 
 ----> 1.3#6.6#44.0#54.0#VAR 658 1 0.611782 0.388218 
 ----> 1.3#6.6#44.0#54.0#VAR 659 0 0.599229 0.400771 
 ----> 1.3#6.6#44.0#54.0#VAR 660 1 0.593481 0.406519 
 ----> 1.3#6.6#44.0#54.0#VAR 661 1 0.612479 0.387521 
 ----> 1.3#6.6#44.0#54.0#VAR 662 0 0.612179 0.387821 
 ----> 1.3#6.6#44.0#54.0#VAR 663 1 0.594496 0.405504 
 ----> 1.3#6.6#44.0#54.0#VAR 664 1 0.600438 0.399562 
 ----> 1.3#6.6#44.0#54.0#VAR 665 0 0.606668 0.393332 
 ----> 1.3#6.6#44.0#54.0#VAR 666 0 0.624077 0.375923 
 ----> 1.3#6.6#44.0#54.0#VAR 667 0 0.602811 0.397189 
 ----> 1.3#6.6#44.0#54.0#VAR 668 1 0.592084 0.407916 
 ----> 1.3#6.6#44.0#54.0#VAR 669 1 0.589988 0.410012 
 ----> 1.3#6.6#44.0#54.0#VAR 670 0 0.586479 0.413521 
 ----> 1.3#6.6#44.0#54.0#VAR 671 0 0.589878 0.410122 
 ----> 1.3#6.6#44.0#54.0#VAR 672 0 0.604067 0.395933 
 ----> 1.3#6.6#44.0#54.0#VAR 673 0 0.60997 0.39003 
 ----> 1.3#6.6#44.0#54.0#VAR 674 0 0.592215 0.407785 
 ----> 1.3#6.6#44.0#54.0#VAR 675 0 0.599437 0.400563 
 ----> 1.3#6.6#44.0#54.0#VAR 676 0 0.613811 0.386189 
 ----> 1.3#6.6#44.0#54.0#VAR 677 1 0.582093 0.417907 
 ----> 1.3#6.6#44.0#54.0#VAR 678 1 0.558914 0.441086 
 ----> 1.3#6.6#44.0#54.0#VAR 679 0 0.600231 0.399769 
 ----> 1.3#6.6#44.0#54.0#VAR 680 0 0.591253 0.408747 
 ----> 1.3#6.6#44.0#54.0#VAR 681 0 0.58719 0.41281 
 ----> 1.3#6.6#44.0#54.0#VAR 682 0 0.596038 0.403962 
 ----> 1.3#6.6#44.0#54.0#VAR 683 0 0.600899 0.399101 
 ----> 1.3#6.6#44.0#54.0#VAR 684 0 0.617864 0.382136 
 ----> 1.3#6.6#44.0#54.0#VAR 685 0 0.618032 0.381968 
 ----> 1.3#6.6#44.0#54.0#VAR 686 1 0.596891 0.403109 
 ----> 1.3#6.6#44.0#54.0#VAR 687 0 0.593022 0.406978 
 ----> 1.3#6.6#44.0#54.0#VAR 688 0 0.603344 0.396656 
 ----> 1.3#6.6#44.0#54.0#VAR 689 1 0.583938 0.416062 
 ----> 1.3#6.6#44.0#54.0#VAR 690 0 0.591407 0.408593 
 ----> 1.3#6.6#44.0#54.0#VAR 691 0 0.60259 0.39741 
 ----> 1.3#6.6#44.0#54.0#VAR 692 0 0.593623 0.406377 
 ----> 1.3#6.6#44.0#54.0#VAR 693 1 0.593591 0.406409 
 ----> 1.3#6.6#44.0#54.0#VAR 694 0 0.610013 0.389987 
 ----> 1.3#6.6#44.0#54.0#VAR 695 1 0.606497 0.393503 
 ----> 1.3#6.6#44.0#54.0#VAR 696 0 0.610274 0.389726 
 ----> 1.3#6.6#44.0#54.0#VAR 697 1 0.598619 0.401381 
 ----> 1.3#6.6#44.0#54.0#VAR 698 1 0.601791 0.398209 
 ----> 1.3#6.6#44.0#54.0#VAR 699 0 0.587995 0.412005 
 ----> 1.3#6.6#44.0#54.0#VAR 700 1 0.602664 0.397336 
 ----> 1.3#6.6#44.0#54.0#VAR 701 0 0.601885 0.398115 
 ----> 1.3#6.6#44.0#54.0#VAR 702 1 0.589174 0.410826 
 ----> 1.3#6.6#44.0#54.0#VAR 703 1 0.59176 0.40824 
 ----> 1.3#6.6#44.0#54.0#VAR 704 1 0.575907 0.424093 
 ----> 1.3#6.6#44.0#54.0#VAR 705 0 0.597816 0.402184 
 ----> 1.3#6.6#44.0#54.0#VAR 706 1 0.59018 0.40982 
 ----> 1.3#6.6#44.0#54.0#VAR 707 1 0.591872 0.408128 
 ----> 1.3#6.6#44.0#54.0#VAR 708 0 0.609508 0.390492 
 ----> 1.3#6.6#44.0#54.0#VAR 709 0 0.623275 0.376725 
 ----> 1.3#6.6#44.0#54.0#VAR 710 0 0.597523 0.402477 
 ----> 1.3#6.6#44.0#54.0#VAR 711 1 0.59108 0.40892 
 ----> 1.3#6.6#44.0#54.0#VAR 712 0 0.589503 0.410497 
 ----> 1.3#6.6#44.0#54.0#VAR 713 0 0.615939 0.384061 
 ----> 1.3#6.6#44.0#54.0#VAR 714 1 0.588927 0.411073 
 ----> 1.3#6.6#44.0#54.0#VAR 715 1 0.616557 0.383443 
 ----> 1.3#6.6#44.0#54.0#VAR 716 0 0.570085 0.429915 
 ----> 1.3#6.6#44.0#54.0#VAR 717 0 0.597251 0.402749 
 ----> 1.3#6.6#44.0#54.0#VAR 718 1 0.602595 0.397405 
 ----> 1.3#6.6#44.0#54.0#VAR 719 0 0.617916 0.382084 
 ----> 1.3#6.6#44.0#54.0#VAR 720 1 0.576429 0.423571 
 ----> 1.3#6.6#44.0#54.0#VAR 721 0 0.599301 0.400699 
 ----> 1.3#6.6#44.0#54.0#VAR 722 1 0.577603 0.422397 
 ----> 1.3#6.6#44.0#54.0#VAR 723 0 0.600404 0.399596 
 ----> 1.3#6.6#44.0#54.0#VAR 724 0 0.609208 0.390792 
 ----> 1.3#6.6#44.0#54.0#VAR 725 0 0.609054 0.390946 
 ----> 1.3#6.6#44.0#54.0#VAR 726 1 0.595708 0.404292 
 ----> 1.3#6.6#44.0#54.0#VAR 727 1 0.607186 0.392814 
 ----> 1.3#6.6#44.0#54.0#VAR 728 1 0.589556 0.410444 
 ----> 1.3#6.6#44.0#54.0#VAR 729 0 0.620711 0.379289 
 ----> 1.3#6.6#44.0#54.0#VAR 730 0 0.599031 0.400969 
 ----> 1.3#6.6#44.0#54.0#VAR 731 1 0.600145 0.399855 
 ----> 1.3#6.6#44.0#54.0#VAR 732 1 0.60064 0.39936 
 ----> 1.3#6.6#44.0#54.0#VAR 733 0 0.605586 0.394414 
 ----> 1.3#6.6#44.0#54.0#VAR 734 0 0.597778 0.402222 
 ----> 1.3#6.6#44.0#54.0#VAR 735 1 0.589836 0.410164 
 ----> 1.3#6.6#44.0#54.0#VAR 736 1 0.604595 0.395405 
 ----> 1.3#6.6#44.0#54.0#VAR 737 1 0.580799 0.419201 
 ----> 1.3#6.6#44.0#54.0#VAR 738 1 0.590441 0.409559 
 ----> 1.3#6.6#44.0#54.0#VAR 739 1 0.592458 0.407542 
 ----> 1.3#6.6#44.0#54.0#VAR 740 1 0.556348 0.443652 
 ----> 1.3#6.6#44.0#54.0#VAR 741 1 0.582509 0.417491 
 ----> 1.3#6.6#44.0#54.0#VAR 742 1 0.586992 0.413008 
 ----> 1.3#6.6#44.0#54.0#VAR 743 1 0.604421 0.395579 
 ----> 1.3#6.6#44.0#54.0#VAR 744 0 0.628572 0.371428 
 ----> 1.3#6.6#44.0#54.0#VAR 745 1 0.591439 0.408561 
 ----> 1.3#6.6#44.0#54.0#VAR 746 0 0.614553 0.385447 
 ----> 1.3#6.6#44.0#54.0#VAR 747 1 0.567536 0.432464 
 ----> 1.3#6.6#44.0#54.0#VAR 748 0 0.586272 0.413728 
 ----> 1.3#6.6#44.0#54.0#VAR 749 1 0.582893 0.417107 
 ----> 1.3#6.6#44.0#54.0#VAR 750 1 0.587468 0.412532 
 ----> 1.3#6.6#44.0#54.0#VAR 751 0 0.590689 0.409311 
 ----> 1.3#6.6#44.0#54.0#VAR 752 1 0.563194 0.436806 
 ----> 1.3#6.6#44.0#54.0#VAR 753 0 0.579677 0.420323 
 ----> 1.3#6.6#44.0#54.0#VAR 754 1 0.599214 0.400786 
 ----> 1.3#6.6#44.0#54.0#VAR 755 0 0.603124 0.396876 
 ----> 1.3#6.6#44.0#54.0#VAR 756 1 0.568176 0.431824 
 ----> 1.3#6.6#44.0#54.0#VAR 757 0 0.625454 0.374546 
 ----> 1.3#6.6#44.0#54.0#VAR 758 0 0.610039 0.389961 
 ----> 1.3#6.6#44.0#54.0#VAR 759 0 0.592292 0.407708 
 ----> 1.3#6.6#44.0#54.0#VAR 760 0 0.601444 0.398556 
 ----> 1.3#6.6#44.0#54.0#VAR 761 1 0.586194 0.413806 
 ----> 1.3#6.6#44.0#54.0#VAR 762 0 0.605956 0.394044 
 ----> 1.3#6.6#44.0#54.0#VAR 763 0 0.590845 0.409155 
 ----> 1.3#6.6#44.0#54.0#VAR 764 1 0.58309 0.41691 
 ----> 1.3#6.6#44.0#54.0#VAR 765 1 0.60014 0.39986 
 ----> 1.3#6.6#44.0#54.0#VAR 766 0 0.597365 0.402635 
 ----> 1.3#6.6#44.0#54.0#VAR 767 0 0.589631 0.410369 
 ----> 1.3#6.6#44.0#54.0#VAR 768 0 0.631041 0.368959 
 ----> 1.3#6.6#44.0#54.0#VAR 769 1 0.587688 0.412312 
 ----> 1.3#6.6#44.0#54.0#VAR 770 0 0.585645 0.414355 
 ----> 1.3#6.6#44.0#54.0#VAR 771 0 0.614904 0.385096 
 ----> 1.3#6.6#44.0#54.0#VAR 772 1 0.603365 0.396635 
 ----> 1.3#6.6#44.0#54.0#VAR 773 1 0.580451 0.419549 
 ----> 1.3#6.6#44.0#54.0#VAR 774 0 0.623156 0.376844 
 ----> 1.3#6.6#44.0#54.0#VAR 775 1 0.60612 0.39388 
 ----> 1.3#6.6#44.0#54.0#VAR 776 1 0.558658 0.441342 
 ----> 1.3#6.6#44.0#54.0#VAR 777 0 0.632118 0.367882 
 ----> 1.3#6.6#44.0#54.0#VAR 778 0 0.591647 0.408353 
 ----> 1.3#6.6#44.0#54.0#VAR 779 1 0.574584 0.425416 
 ----> 1.3#6.6#44.0#54.0#VAR 780 0 0.610587 0.389413 
 ----> 1.3#6.6#44.0#54.0#VAR 781 1 0.562446 0.437554 
 ----> 1.3#6.6#44.0#54.0#VAR 782 0 0.623893 0.376107 
 ----> 1.3#6.6#44.0#54.0#VAR 783 1 0.580433 0.419567 
 ----> 1.3#6.6#44.0#54.0#VAR 784 1 0.582342 0.417658 
 ----> 1.3#6.6#44.0#54.0#VAR 785 0 0.608833 0.391167 
 ----> 1.3#6.6#44.0#54.0#VAR 786 0 0.601463 0.398537 
 ----> 1.3#6.6#44.0#54.0#VAR 787 1 0.569855 0.430145 
 ----> 1.3#6.6#44.0#54.0#VAR 788 1 0.574667 0.425333 
 ----> 1.3#6.6#44.0#54.0#VAR 789 1 0.559128 0.440872 
 ----> 1.3#6.6#44.0#54.0#VAR 790 1 0.601656 0.398344 
 ----> 1.3#6.6#44.0#54.0#VAR 791 0 0.592134 0.407866 
 ----> 1.3#6.6#44.0#54.0#VAR 792 1 0.6126 0.3874 
 ----> 1.3#6.6#44.0#54.0#VAR 793 0 0.589598 0.410402 
 ----> 1.3#6.6#44.0#54.0#VAR 794 0 0.619519 0.380481 
 ----> 1.3#6.6#44.0#54.0#VAR 795 0 0.593125 0.406875 
 ----> 1.3#6.6#44.0#54.0#VAR 796 1 0.584803 0.415197 
 ----> 1.3#6.6#44.0#54.0#VAR 797 0 0.602503 0.397497 
 ----> 1.3#6.6#44.0#54.0#VAR 798 1 0.555809 0.444191 
 ----> 1.3#6.6#44.0#54.0#VAR 799 1 0.555365 0.444635 
 ----> 1.3#6.6#44.0#54.0#VAR 800 1 0.579148 0.420852 
 ----> 1.3#6.6#44.0#54.0#VAR 801 1 0.581791 0.418209 
 ----> 1.3#6.6#44.0#54.0#VAR 802 0 0.596914 0.403086 
 ----> 1.3#6.6#44.0#54.0#VAR 803 0 0.601476 0.398524 
 ----> 1.3#6.6#44.0#54.0#VAR 804 1 0.581105 0.418895 
 ----> 1.3#6.6#44.0#54.0#VAR 805 1 0.576462 0.423538 
 ----> 1.3#6.6#44.0#54.0#VAR 806 0 0.600274 0.399726 
 ----> 1.3#6.6#44.0#54.0#VAR 807 1 0.591418 0.408582 
 ----> 1.3#6.6#44.0#54.0#VAR 808 1 0.563655 0.436345 
 ----> 1.3#6.6#44.0#54.0#VAR 809 0 0.593356 0.406644 
 ----> 1.3#6.6#44.0#54.0#VAR 810 0 0.600076 0.399924 
 ----> 1.3#6.6#44.0#54.0#VAR 811 1 0.586577 0.413423 
 ----> 1.3#6.6#44.0#54.0#VAR 812 1 0.570486 0.429514 
 ----> 1.3#6.6#44.0#54.0#VAR 813 1 0.581198 0.418802 
 ----> 1.3#6.6#44.0#54.0#VAR 814 1 0.574837 0.425163 
 ----> 1.3#6.6#44.0#54.0#VAR 815 1 0.584086 0.415914 
 ----> 1.3#6.6#44.0#54.0#VAR 816 1 0.581248 0.418752 
 ----> 1.3#6.6#44.0#54.0#VAR 817 1 0.587262 0.412738 
 ----> 1.3#6.6#44.0#54.0#VAR 818 1 0.599922 0.400078 
 ----> 1.3#6.6#44.0#54.0#VAR 819 1 0.57938 0.42062 
 ----> 1.3#6.6#44.0#54.0#VAR 820 0 0.623356 0.376644 
 ----> 1.3#6.6#44.0#54.0#VAR 821 0 0.569139 0.430861 
 ----> 1.3#6.6#44.0#54.0#VAR 822 1 0.557707 0.442293 
 ----> 1.3#6.6#44.0#54.0#VAR 823 1 0.600343 0.399657 
 ----> 1.3#6.6#44.0#54.0#VAR 824 1 0.559488 0.440512 
 ----> 1.3#6.6#44.0#54.0#VAR 825 1 0.572061 0.427939 
 ----> 1.3#6.6#44.0#54.0#VAR 826 1 0.582012 0.417988 
 ----> 1.3#6.6#44.0#54.0#VAR 827 1 0.582208 0.417792 
 ----> 1.3#6.6#44.0#54.0#VAR 828 0 0.596263 0.403737 
 ----> 1.3#6.6#44.0#54.0#VAR 829 1 0.568286 0.431714 
 ----> 1.3#6.6#44.0#54.0#VAR 830 1 0.572099 0.427901 
 ----> 1.3#6.6#44.0#54.0#VAR 831 1 0.574697 0.425303 
 ----> 1.3#6.6#44.0#54.0#VAR 832 1 0.545034 0.454966 
 ----> 1.3#6.6#44.0#54.0#VAR 833 0 0.58158 0.41842 
 ----> 1.3#6.6#44.0#54.0#VAR 834 0 0.605331 0.394669 
 ----> 1.3#6.6#44.0#54.0#VAR 835 1 0.570292 0.429708 
 ----> 1.3#6.6#44.0#54.0#VAR 836 1 0.555213 0.444787 
 ----> 1.3#6.6#44.0#54.0#VAR 837 1 0.554848 0.445152 
 ----> 1.3#6.6#44.0#54.0#VAR 838 0 0.5829 0.4171 
 ----> 1.3#6.6#44.0#54.0#VAR 839 0 0.595179 0.404821 
 ----> 1.3#6.6#44.0#54.0#VAR 840 1 0.581024 0.418976 
 ----> 1.3#6.6#44.0#54.0#VAR 841 0 0.585504 0.414496 
 ----> 1.3#6.6#44.0#54.0#VAR 842 1 0.566678 0.433322 
 ----> 1.3#6.6#44.0#54.0#VAR 843 1 0.546831 0.453169 
 ----> 1.3#6.6#44.0#54.0#VAR 844 0 0.581415 0.418585 
 ----> 1.3#6.6#44.0#54.0#VAR 845 1 0.568754 0.431246 
 ----> 1.3#6.6#44.0#54.0#VAR 846 1 0.556355 0.443645 
 ----> 1.3#6.6#44.0#54.0#VAR 847 1 0.568922 0.431078 
 ----> 1.3#6.6#44.0#54.0#VAR 848 1 0.577625 0.422375 
 ----> 1.3#6.6#44.0#54.0#VAR 849 0 0.576612 0.423388 
 ----> 1.3#6.6#44.0#54.0#VAR 850 0 0.603904 0.396096 
 ----> 1.3#6.6#44.0#54.0#VAR 851 0 0.595679 0.404321 
 ----> 1.3#6.6#44.0#54.0#VAR 852 1 0.580507 0.419493 
 ----> 1.3#6.6#44.0#54.0#VAR 853 0 0.580079 0.419921 
 ----> 1.3#6.6#44.0#54.0#VAR 854 1 0.582164 0.417836 
 ----> 1.3#6.6#44.0#54.0#VAR 855 1 0.572464 0.427536 
 ----> 1.3#6.6#44.0#54.0#VAR 856 1 0.563637 0.436363 
 ----> 1.3#6.6#44.0#54.0#VAR 857 0 0.587769 0.412231 
 ----> 1.3#6.6#44.0#54.0#VAR 858 1 0.58305 0.41695 
 ----> 1.3#6.6#44.0#54.0#VAR 859 1 0.586736 0.413264 
 ----> 1.3#6.6#44.0#54.0#VAR 860 0 0.584785 0.415215 
 ----> 1.3#6.6#44.0#54.0#VAR 861 0 0.572824 0.427176 
 ----> 1.3#6.6#44.0#54.0#VAR 862 0 0.588803 0.411197 
 ----> 1.3#6.6#44.0#54.0#VAR 863 0 0.576503 0.423497 
 ----> 1.3#6.6#44.0#54.0#VAR 864 0 0.570267 0.429733 
 ----> 1.3#6.6#44.0#54.0#VAR 865 1 0.578776 0.421224 
 ----> 1.3#6.6#44.0#54.0#VAR 866 0 0.558156 0.441844 
 ----> 1.3#6.6#44.0#54.0#VAR 867 0 0.575997 0.424003 
 ----> 1.3#6.6#44.0#54.0#VAR 868 0 0.579534 0.420466 
 ----> 1.3#6.6#44.0#54.0#VAR 869 0 0.560554 0.439446 
 ----> 1.3#6.6#44.0#54.0#VAR 870 1 0.552104 0.447896 
 ----> 1.3#6.6#44.0#54.0#VAR 871 0 0.562554 0.437446 
 ----> 1.3#6.6#44.0#54.0#VAR 872 0 0.553105 0.446895 
 ----> 1.3#6.6#44.0#54.0#VAR 873 1 0.5732 0.4268 
 ----> 1.3#6.6#44.0#54.0#VAR 874 1 0.55665 0.44335 
 ----> 1.3#6.6#44.0#54.0#VAR 875 1 0.560255 0.439745 
 ----> 1.3#6.6#44.0#54.0#VAR 876 0 0.586087 0.413913 
 ----> 1.3#6.6#44.0#54.0#VAR 877 1 0.555203 0.444797 
 ----> 1.3#6.6#44.0#54.0#VAR 878 1 0.55447 0.44553 
 ----> 1.3#6.6#44.0#54.0#VAR 879 1 0.543933 0.456067 
 ----> 1.3#6.6#44.0#54.0#VAR 880 1 0.558146 0.441854 
 ----> 1.3#6.6#44.0#54.0#VAR 881 1 0.549106 0.450894 
 ----> 1.3#6.6#44.0#54.0#VAR 882 1 0.58073 0.41927 
 ----> 1.3#6.6#44.0#54.0#VAR 883 0 0.58121 0.41879 
 ----> 1.3#6.6#44.0#54.0#VAR 884 1 0.560559 0.439441 
 ----> 1.3#6.6#44.0#54.0#VAR 885 1 0.558017 0.441983 
 ----> 1.3#6.6#44.0#54.0#VAR 886 1 0.54023 0.45977 
 ----> 1.3#6.6#44.0#54.0#VAR 887 0 0.55904 0.44096 
 ----> 1.3#6.6#44.0#54.0#VAR 888 0 0.603678 0.396322 
 ----> 1.3#6.6#44.0#54.0#VAR 889 0 0.530746 0.469254 
 ----> 1.3#6.6#44.0#54.0#VAR 890 0 0.563659 0.436341 
 ----> 1.3#6.6#44.0#54.0#VAR 891 1 0.518644 0.481356 
 ----> 1.3#6.6#44.0#54.0#VAR 892 0 0.561375 0.438625 
 ----> 1.3#6.6#44.0#54.0#VAR 893 1 0.524865 0.475135 
 ----> 1.3#6.6#44.0#54.0#VAR 894 0 0.535935 0.464065 
 ----> 1.3#6.6#44.0#54.0#VAR 895 0 0.544112 0.455888 
 ----> 1.3#6.6#44.0#54.0#VAR 896 1 0.510104 0.489896 
 ----> 1.3#6.6#44.0#54.0#VAR 897 1 0.529042 0.470958 
 ----> 1.3#6.6#44.0#54.0#VAR 898 1 0.524583 0.475417 
 ----> 1.3#6.6#44.0#54.0#VAR 899 0 0.549096 0.450904 
 ----> 1.3#6.6#44.0#54.0#VAR 900 1 0.500547 0.499453 
 ----> 1.3#6.6#44.0#54.0#VAR 901 0 0.529929 0.470071 
 ----> 1.3#6.6#44.0#54.0#VAR 902 0 0.562163 0.437837 
 ----> 1.3#6.6#44.0#54.0#VAR 903 1 0.531722 0.468278 
 ----> 1.3#6.6#44.0#54.0#VAR 904 1 0.531964 0.468036 
 ----> 1.3#6.6#44.0#54.0#VAR 905 1 0.519289 0.480711 
 ----> 1.3#6.6#44.0#54.0#VAR 906 0 0.562116 0.437884 
 ----> 1.3#6.6#44.0#54.0#VAR 907 1 0.507754 0.492246 
 ----> 1.3#6.6#44.0#54.0#VAR 908 1 0.516269 0.483731 
 ----> 1.3#6.6#44.0#54.0#VAR 909 1 0.512878 0.487122 
 ----> 1.3#6.6#44.0#54.0#VAR 910 1 0.518069 0.481931 
 ----> 1.3#6.6#44.0#54.0#VAR 911 1 0.515276 0.484724 
 ----> 1.3#6.6#44.0#54.0#VAR 912 1 0.508304 0.491696 
 ----> 1.3#6.6#44.0#54.0#VAR 913 1 0.491232 0.508768 
 ----> 1.3#6.6#44.0#54.0#VAR 914 1 0.512393 0.487607 
 ----> 1.3#6.6#44.0#54.0#VAR 915 1 0.532501 0.467499 
 ----> 1.3#6.6#44.0#54.0#VAR 916 0 0.530601 0.469399 
 ----> 1.3#6.6#44.0#54.0#VAR 917 1 0.460936 0.539064 
 ----> 1.3#6.6#44.0#54.0#VAR 918 1 0.515326 0.484674 
 ----> 1.3#6.6#44.0#54.0#VAR 919 1 0.495836 0.504164 
 ----> 1.3#6.6#44.0#54.0#VAR 920 1 0.501432 0.498568 
 ----> 1.3#6.6#44.0#54.0#VAR 921 1 0.491411 0.508589 
 ----> 1.3#6.6#44.0#54.0#VAR 922 1 0.527839 0.472161 
 ----> 1.3#6.6#44.0#54.0#VAR 923 1 0.521255 0.478745 
 ----> 1.3#6.6#44.0#54.0#VAR 924 1 0.508231 0.491769 
 ----> 1.3#6.6#44.0#54.0#VAR 925 1 0.503097 0.496903 
 ----> 1.3#6.6#44.0#54.0#VAR 926 1 0.517009 0.482991 
 ----> 1.3#6.6#44.0#54.0#VAR 927 1 0.51284 0.48716 
 ----> 1.3#6.6#44.0#54.0#VAR 928 1 0.493308 0.506692 
 ----> 1.3#6.6#44.0#54.0#VAR 929 1 0.487091 0.512909 
 ----> 1.3#6.6#44.0#54.0#VAR 930 1 0.498927 0.501073 
 ----> 1.3#6.6#44.0#54.0#VAR 931 1 0.495739 0.504261 
 ----> 1.3#6.6#44.0#54.0#VAR 932 1 0.507222 0.492778 
 ----> 1.3#6.6#44.0#54.0#VAR 933 1 0.486243 0.513757 
 ----> 1.3#6.6#44.0#54.0#VAR 934 1 0.488993 0.511007 
 ----> 1.3#6.6#44.0#54.0#VAR 935 1 0.511378 0.488622 
 ----> 1.3#6.6#44.0#54.0#VAR 936 1 0.533275 0.466725 
 ----> 1.3#6.6#44.0#54.0#VAR 937 1 0.518663 0.481337 
 ----> 1.3#6.6#44.0#54.0#VAR 938 1 0.515419 0.484581 
 ----> 1.3#6.6#44.0#54.0#VAR 939 1 0.496494 0.503506 
 ----> 1.3#6.6#44.0#54.0#VAR 940 1 0.534486 0.465514 
 ----> 1.3#6.6#44.0#54.0#VAR 941 1 0.502382 0.497618 
 ----> 1.3#6.6#44.0#54.0#VAR 942 1 0.496953 0.503047 
 ----> 1.3#6.6#44.0#54.0#VAR 943 1 0.514311 0.485689 
 ----> 1.3#6.6#44.0#54.0#VAR 944 1 0.507123 0.492877 
 ----> 1.3#6.6#44.0#54.0#VAR 945 0 0.499132 0.500868 
 ----> 1.3#6.6#44.0#54.0#VAR 946 1 0.479907 0.520093 
 ----> 1.3#6.6#44.0#54.0#VAR 947 1 0.517212 0.482788 
 ----> 1.3#6.6#44.0#54.0#VAR 948 1 0.468718 0.531282 
 ----> 1.3#6.6#44.0#54.0#VAR 949 0 0.515136 0.484864 
 ----> 1.3#6.6#44.0#54.0#VAR 950 0 0.500389 0.499611 
 ----> 1.3#6.6#44.0#54.0#VAR 951 1 0.523189 0.476811 
 ----> 1.3#6.6#44.0#54.0#VAR 952 1 0.49836 0.50164 
 ----> 1.3#6.6#44.0#54.0#VAR 953 1 0.499382 0.500618 
 ----> 1.3#6.6#44.0#54.0#VAR 954 1 0.453644 0.546356 
 ----> 1.3#6.6#44.0#54.0#VAR 955 0 0.512211 0.487789 
 ----> 1.3#6.6#44.0#54.0#VAR 956 1 0.49828 0.50172 
 ----> 1.3#6.6#44.0#54.0#VAR 957 0 0.503874 0.496126 
 ----> 1.3#6.6#44.0#54.0#VAR 958 0 0.536046 0.463954 
 ----> 1.3#6.6#44.0#54.0#VAR 959 1 0.52261 0.47739 
 ----> 1.3#6.6#44.0#54.0#VAR 960 1 0.525071 0.474929 
 ----> 1.3#6.6#44.0#54.0#VAR 961 0 0.533132 0.466868 
 ----> 1.3#6.6#44.0#54.0#VAR 962 1 0.513128 0.486872 
 ----> 1.3#6.6#44.0#54.0#VAR 963 0 0.551527 0.448473 
 ----> 1.3#6.6#44.0#54.0#VAR 964 1 0.512532 0.487468 
 ----> 1.3#6.6#44.0#54.0#VAR 965 0 0.535559 0.464441 
 ----> 1.3#6.6#44.0#54.0#VAR 966 0 0.571053 0.428947 
 ----> 1.3#6.6#44.0#54.0#VAR 967 1 0.515286 0.484714 
 ----> 1.3#6.6#44.0#54.0#VAR 968 0 0.548316 0.451684 
 ----> 1.3#6.6#44.0#54.0#VAR 969 0 0.562546 0.437454 
 ----> 1.3#6.6#44.0#54.0#VAR 970 1 0.535862 0.464138 
 ----> 1.3#6.6#44.0#54.0#VAR 971 1 0.528925 0.471075 
 ----> 1.3#6.6#44.0#54.0#VAR 972 1 0.500583 0.499417 
 ----> 1.3#6.6#44.0#54.0#VAR 973 0 0.556526 0.443474 
 ----> 1.3#6.6#44.0#54.0#VAR 974 1 0.523302 0.476698 
 ----> 1.3#6.6#44.0#54.0#VAR 975 1 0.526126 0.473874 
 ----> 1.3#6.6#44.0#54.0#VAR 976 0 0.585569 0.414431 
 ----> 1.3#6.6#44.0#54.0#VAR 977 1 0.543871 0.456129 
 ----> 1.3#6.6#44.0#54.0#VAR 978 0 0.561225 0.438775 
 ----> 1.3#6.6#44.0#54.0#VAR 979 0 0.540144 0.459856 
 ----> 1.3#6.6#44.0#54.0#VAR 980 0 0.552154 0.447846 
 ----> 1.3#6.6#44.0#54.0#VAR 981 1 0.535574 0.464426 
 ----> 1.3#6.6#44.0#54.0#VAR 982 1 0.504701 0.495299 
 ----> 1.3#6.6#44.0#54.0#VAR 983 1 0.515165 0.484835 
 ----> 1.3#6.6#44.0#54.0#VAR 984 0 0.560246 0.439754 
 ----> 1.3#6.6#44.0#54.0#VAR 985 0 0.534886 0.465114 
 ----> 1.3#6.6#44.0#54.0#VAR 986 0 0.568873 0.431127 
 ----> 1.3#6.6#44.0#54.0#VAR 987 1 0.531914 0.468086 
 ----> 1.3#6.6#44.0#54.0#VAR 988 1 0.515291 0.484709 
 ----> 1.3#6.6#44.0#54.0#VAR 989 1 0.549357 0.450643 
 ----> 1.3#6.6#44.0#54.0#VAR 990 1 0.55635 0.44365 
 ----> 1.3#6.6#44.0#54.0#VAR 991 0 0.561402 0.438598 
 ----> 1.3#6.6#44.0#54.0#VAR 992 0 0.554874 0.445126 
 ----> 1.3#6.6#44.0#54.0#VAR 993 0 0.568968 0.431032 
 ----> 1.3#6.6#44.0#54.0#VAR 994 1 0.546208 0.453792 
 ----> 1.3#6.6#44.0#54.0#VAR 995 0 0.561716 0.438284 
 ----> 1.3#6.6#44.0#54.0#VAR 996 1 0.533391 0.466609 
 ----> 1.3#6.6#44.0#54.0#VAR 997 1 0.549013 0.450987 
 ----> 1.3#6.6#44.0#54.0#VAR 998 0 0.563756 0.436244 
 ----> 1.3#6.6#44.0#54.0#VAR 999 0 0.563203 0.436797 
 ----> 1.3#6.6#44.0#54.0#VAR 1000 1 0.553748 0.446252 
 ----> 1.3#6.6#44.0#54.0#VAR 1001 1 0.5461 0.4539 
 ----> 1.3#6.6#44.0#54.0#VAR 1002 0 0.548876 0.451124 
 ----> 1.3#6.6#44.0#54.0#VAR 1003 1 0.537508 0.462492 
 ----> 1.3#6.6#44.0#54.0#VAR 1004 0 0.587007 0.412993 
 ----> 1.3#6.6#44.0#54.0#VAR 1005 1 0.554907 0.445093 
 ----> 1.3#6.6#44.0#54.0#VAR 1006 0 0.573583 0.426417 
 ----> 1.3#6.6#44.0#54.0#VAR 1007 1 0.550202 0.449798 
 ----> 1.3#6.6#44.0#54.0#VAR 1008 0 0.550567 0.449433 
 ----> 1.3#6.6#44.0#54.0#VAR 1009 0 0.564909 0.435091 
 ----> 1.3#6.6#44.0#54.0#VAR 1010 1 0.551313 0.448687 
 ----> 1.3#6.6#44.0#54.0#VAR 1011 0 0.589811 0.410189 
 ----> 1.3#6.6#44.0#54.0#VAR 1012 0 0.547744 0.452256 
 ----> 1.3#6.6#44.0#54.0#VAR 1013 0 0.577557 0.422443 
 ----> 1.3#6.6#44.0#54.0#VAR 1014 1 0.528423 0.471577 
 ----> 1.3#6.6#44.0#54.0#VAR 1015 0 0.553237 0.446763 
 ----> 1.3#6.6#44.0#54.0#VAR 1016 1 0.504655 0.495345 
 ----> 1.3#6.6#44.0#54.0#VAR 1017 1 0.524815 0.475185 
 ----> 1.3#6.6#44.0#54.0#VAR 1018 1 0.533079 0.466921 
 ----> 1.3#6.6#44.0#54.0#VAR 1019 1 0.546285 0.453715 
 ----> 1.3#6.6#44.0#54.0#VAR 1020 1 0.511686 0.488314 
 ----> 1.3#6.6#44.0#54.0#VAR 1021 1 0.504358 0.495642 
 ----> 1.3#6.6#44.0#54.0#VAR 1022 1 0.550558 0.449442 
 ----> 1.3#6.6#44.0#54.0#VAR 1023 1 0.517012 0.482988 
 ----> 1.3#6.6#44.0#54.0#VAR 1024 1 0.548906 0.451094 
 ----> 1.3#6.6#44.0#54.0#VAR 1025 1 0.543792 0.456208 
 ----> 1.3#6.6#44.0#54.0#VAR 1026 0 0.576916 0.423084 
 ----> 1.3#6.6#44.0#54.0#VAR 1027 0 0.559069 0.440931 
 ----> 1.3#6.6#44.0#54.0#VAR 1028 1 0.508156 0.491844 
 ----> 1.3#6.6#44.0#54.0#VAR 1029 1 0.533275 0.466725 
 ----> 1.3#6.6#44.0#54.0#VAR 1030 1 0.550579 0.449421 
 ----> 1.3#6.6#44.0#54.0#VAR 1031 0 0.551185 0.448815 
 ----> 1.3#6.6#44.0#54.0#VAR 1032 1 0.543557 0.456443 
 ----> 1.3#6.6#44.0#54.0#VAR 1033 1 0.54914 0.45086 
 ----> 1.3#6.6#44.0#54.0#VAR 1034 1 0.547818 0.452182 
 ----> 1.3#6.6#44.0#54.0#VAR 1035 0 0.560978 0.439022 
 ----> 1.3#6.6#44.0#54.0#VAR 1036 1 0.515719 0.484281 
 ----> 1.3#6.6#44.0#54.0#VAR 1037 1 0.539089 0.460911 
 ----> 1.3#6.6#44.0#54.0#VAR 1038 0 0.574724 0.425276 
 ----> 1.3#6.6#44.0#54.0#VAR 1039 0 0.564951 0.435049 
 ----> 1.3#6.6#44.0#54.0#VAR 1040 0 0.531056 0.468944 
 ----> 1.3#6.6#44.0#54.0#VAR 1041 0 0.553472 0.446528 
 ----> 1.3#6.6#44.0#54.0#VAR 1042 0 0.53791 0.46209 
 ----> 1.3#6.6#44.0#54.0#VAR 1043 1 0.531717 0.468283 
 ----> 1.3#6.6#44.0#54.0#VAR 1044 1 0.523825 0.476175 
 ----> 1.3#6.6#44.0#54.0#VAR 1045 0 0.556237 0.443763 
 ----> 1.3#6.6#44.0#54.0#VAR 1046 1 0.547844 0.452156 
 ----> 1.3#6.6#44.0#54.0#VAR 1047 1 0.529716 0.470284 
 ----> 1.3#6.6#44.0#54.0#VAR 1048 0 0.549504 0.450496 
 ----> 1.3#6.6#44.0#54.0#VAR 1049 0 0.572495 0.427505 
 ----> 1.3#6.6#44.0#54.0#VAR 1050 0 0.569695 0.430305 
 ----> 1.3#6.6#44.0#54.0#VAR 1051 1 0.544185 0.455815 
 ----> 1.3#6.6#44.0#54.0#VAR 1052 1 0.546678 0.453322 
 ----> 1.3#6.6#44.0#54.0#VAR 1053 0 0.580496 0.419504 
 ----> 1.3#6.6#44.0#54.0#VAR 1054 0 0.560522 0.439478 
 ----> 1.3#6.6#44.0#54.0#VAR 1055 0 0.560755 0.439245 
 ----> 1.3#6.6#44.0#54.0#VAR 1056 1 0.531919 0.468081 
 ----> 1.3#6.6#44.0#54.0#VAR 1057 0 0.565922 0.434078 
 ----> 1.3#6.6#44.0#54.0#VAR 1058 1 0.54595 0.45405 
 ----> 1.3#6.6#44.0#54.0#VAR 1059 1 0.526109 0.473891 
 ----> 1.3#6.6#44.0#54.0#VAR 1060 1 0.556915 0.443085 
 ----> 1.3#6.6#44.0#54.0#VAR 1061 0 0.550211 0.449789 
 ----> 1.3#6.6#44.0#54.0#VAR 1062 1 0.53566 0.46434 
 ----> 1.3#6.6#44.0#54.0#VAR 1063 0 0.552041 0.447959 
 ----> 1.3#6.6#44.0#54.0#VAR 1064 0 0.568906 0.431094 
 ----> 1.3#6.6#44.0#54.0#VAR 1065 0 0.551361 0.448639 
 ----> 1.3#6.6#44.0#54.0#VAR 1066 0 0.561792 0.438208 
 ----> 1.3#6.6#44.0#54.0#VAR 1067 0 0.552305 0.447695 
 ----> 1.3#6.6#44.0#54.0#VAR 1068 1 0.545798 0.454202 
 ----> 1.3#6.6#44.0#54.0#VAR 1069 1 0.529173 0.470827 
 ----> 1.3#6.6#44.0#54.0#VAR 1070 0 0.549593 0.450407 
 ----> 1.3#6.6#44.0#54.0#VAR 1071 1 0.533386 0.466614 
 ----> 1.3#6.6#44.0#54.0#VAR 1072 1 0.545011 0.454989 
 ----> 1.3#6.6#44.0#54.0#VAR 1073 0 0.532226 0.467774 
 ----> 1.3#6.6#44.0#54.0#VAR 1074 1 0.529927 0.470073 
 ----> 1.3#6.6#44.0#54.0#VAR 1075 1 0.519205 0.480795 
 ----> 1.3#6.6#44.0#54.0#VAR 1076 0 0.534819 0.465181 
 ----> 1.3#6.6#44.0#54.0#VAR 1077 1 0.519068 0.480932 
 ----> 1.3#6.6#44.0#54.0#VAR 1078 0 0.551246 0.448754 
 ----> 1.3#6.6#44.0#54.0#VAR 1079 1 0.528699 0.471301 
 ----> 1.3#6.6#44.0#54.0#VAR 1080 1 0.536683 0.463317 
 ----> 1.3#6.6#44.0#54.0#VAR 1081 0 0.573309 0.426691 
 ----> 1.3#6.6#44.0#54.0#VAR 1082 1 0.540075 0.459925 
 ----> 1.3#6.6#44.0#54.0#VAR 1083 0 0.561386 0.438614 
 ----> 1.3#6.6#44.0#54.0#VAR 1084 0 0.547133 0.452867 
 ----> 1.3#6.6#44.0#54.0#VAR 1085 1 0.544891 0.455109 
 ----> 1.3#6.6#44.0#54.0#VAR 1086 0 0.58726 0.41274 
 ----> 1.3#6.6#44.0#54.0#VAR 1087 0 0.549803 0.450197 
 ----> 1.3#6.6#44.0#54.0#VAR 1088 0 0.551728 0.448272 
 ----> 1.3#6.6#44.0#54.0#VAR 1089 0 0.558463 0.441537 
 ----> 1.3#6.6#44.0#54.0#VAR 1090 1 0.554127 0.445873 
 ----> 1.3#6.6#44.0#54.0#VAR 1091 0 0.594846 0.405154 
 ----> 1.3#6.6#44.0#54.0#VAR 1092 0 0.569957 0.430043 
 ----> 1.3#6.6#44.0#54.0#VAR 1093 0 0.574777 0.425223 
 ----> 1.3#6.6#44.0#54.0#VAR 1094 1 0.544563 0.455437 
 ----> 1.3#6.6#44.0#54.0#VAR 1095 0 0.552784 0.447216 
 ----> 1.3#6.6#44.0#54.0#VAR 1096 0 0.558439 0.441561 
 ----> 1.3#6.6#44.0#54.0#VAR 1097 0 0.592772 0.407228 
 ----> 1.3#6.6#44.0#54.0#VAR 1098 1 0.577912 0.422088 
 ----> 1.3#6.6#44.0#54.0#VAR 1099 0 0.572691 0.427309 
 ----> 1.3#6.6#44.0#54.0#VAR 1100 1 0.550686 0.449314 
 ----> 1.3#6.6#44.0#54.0#VAR 1101 1 0.551967 0.448033 
 ----> 1.3#6.6#44.0#54.0#VAR 1102 0 0.572778 0.427222 
 ----> 1.3#6.6#44.0#54.0#VAR 1103 1 0.55242 0.44758 
 ----> 1.3#6.6#44.0#54.0#VAR 1104 1 0.542748 0.457252 
 ----> 1.3#6.6#44.0#54.0#VAR 1105 0 0.592214 0.407786 
 ----> 1.3#6.6#44.0#54.0#VAR 1106 0 0.554656 0.445344 
 ----> 1.3#6.6#44.0#54.0#VAR 1107 0 0.580782 0.419218 
 ----> 1.3#6.6#44.0#54.0#VAR 1108 0 0.576581 0.423419 
 ----> 1.3#6.6#44.0#54.0#VAR 1109 0 0.57497 0.42503 
 ----> 1.3#6.6#44.0#54.0#VAR 1110 0 0.574994 0.425006 
 ----> 1.3#6.6#44.0#54.0#VAR 1111 0 0.566354 0.433646 
 ----> 1.3#6.6#44.0#54.0#VAR 1112 0 0.576975 0.423025 
 ----> 1.3#6.6#44.0#54.0#VAR 1113 0 0.59097 0.40903 
 ----> 1.3#6.6#44.0#54.0#VAR 1114 0 0.585758 0.414242 
 ----> 1.3#6.6#44.0#54.0#VAR 1115 1 0.544861 0.455139 
 ----> 1.3#6.6#44.0#54.0#VAR 1116 0 0.573697 0.426303 
 ----> 1.3#6.6#44.0#54.0#VAR 1117 0 0.577284 0.422716 
 ----> 1.3#6.6#44.0#54.0#VAR 1118 1 0.534265 0.465735 
 ----> 1.3#6.6#44.0#54.0#VAR 1119 0 0.614192 0.385808 
 ----> 1.3#6.6#44.0#54.0#VAR 1120 0 0.573695 0.426305 
 ----> 1.3#6.6#44.0#54.0#VAR 1121 0 0.589964 0.410036 
 ----> 1.3#6.6#44.0#54.0#VAR 1122 0 0.56202 0.43798 
 ----> 1.3#6.6#44.0#54.0#VAR 1123 0 0.558834 0.441166 
 ----> 1.3#6.6#44.0#54.0#VAR 1124 0 0.58824 0.41176 
 ----> 1.3#6.6#44.0#54.0#VAR 1125 0 0.592375 0.407625 
 ----> 1.3#6.6#44.0#54.0#VAR 1126 0 0.587658 0.412342 
 ----> 1.3#6.6#44.0#54.0#VAR 1127 0 0.602 0.398 
 ----> 1.3#6.6#44.0#54.0#VAR 1128 0 0.588102 0.411898 
 ----> 1.3#6.6#44.0#54.0#VAR 1129 0 0.561959 0.438041 
 ----> 1.3#6.6#44.0#54.0#VAR 1130 0 0.576874 0.423126 
 ----> 1.3#6.6#44.0#54.0#VAR 1131 1 0.526881 0.473119 
 ----> 1.3#6.6#44.0#54.0#VAR 1132 0 0.595623 0.404377 
 ----> 1.3#6.6#44.0#54.0#VAR 1133 0 0.600385 0.399615 
 ----> 1.3#6.6#44.0#54.0#VAR 1134 0 0.578132 0.421868 
 ----> 1.3#6.6#44.0#54.0#VAR 1135 1 0.546558 0.453442 
 ----> 1.3#6.6#44.0#54.0#VAR 1136 1 0.551606 0.448394 
 ----> 1.3#6.6#44.0#54.0#VAR 1137 1 0.56487 0.43513 
 ----> 1.3#6.6#44.0#54.0#VAR 1138 0 0.6013 0.3987 
 ----> 1.3#6.6#44.0#54.0#VAR 1139 0 0.573515 0.426485 
 ----> 1.3#6.6#44.0#54.0#VAR 1140 0 0.594658 0.405342 
 ----> 1.3#6.6#44.0#54.0#VAR 1141 0 0.596124 0.403876 
 ----> 1.3#6.6#44.0#54.0#VAR 1142 1 0.545533 0.454467 
 ----> 1.3#6.6#44.0#54.0#VAR 1143 1 0.563797 0.436203 
 ----> 1.3#6.6#44.0#54.0#VAR 1144 1 0.538947 0.461053 
 ----> 1.3#6.6#44.0#54.0#VAR 1145 1 0.550987 0.449013 
 ----> 1.3#6.6#44.0#54.0#VAR 1146 0 0.561892 0.438108 
 ----> 1.3#6.6#44.0#54.0#VAR 1147 1 0.526044 0.473956 
 ----> 1.3#6.6#44.0#54.0#VAR 1148 0 0.571545 0.428455 
 ----> 1.3#6.6#44.0#54.0#VAR 1149 0 0.559859 0.440141 
 ----> 1.3#6.6#44.0#54.0#VAR 1150 1 0.548688 0.451312 
 ----> 1.3#6.6#44.0#54.0#VAR 1151 1 0.557461 0.442539 
 ----> 1.3#6.6#44.0#54.0#VAR 1152 0 0.570419 0.429581 
 ----> 1.3#6.6#44.0#54.0#VAR 1153 1 0.528344 0.471656 
 ----> 1.3#6.6#44.0#54.0#VAR 1154 1 0.552857 0.447143 
 ----> 1.3#6.6#44.0#54.0#VAR 1155 1 0.566146 0.433854 
 ----> 1.3#6.6#44.0#54.0#VAR 1156 0 0.556124 0.443876 
 ----> 1.3#6.6#44.0#54.0#VAR 1157 0 0.582549 0.417451 
 ----> 1.3#6.6#44.0#54.0#VAR 1158 0 0.585425 0.414575 
 ----> 1.3#6.6#44.0#54.0#VAR 1159 0 0.619707 0.380293 
 ----> 1.3#6.6#44.0#54.0#VAR 1160 1 0.551524 0.448476 
 ----> 1.3#6.6#44.0#54.0#VAR 1161 0 0.575976 0.424024 
 ----> 1.3#6.6#44.0#54.0#VAR 1162 0 0.581581 0.418419 
 ----> 1.3#6.6#44.0#54.0#VAR 1163 1 0.532143 0.467857 
 ----> 1.3#6.6#44.0#54.0#VAR 1164 0 0.582543 0.417457 
 ----> 1.3#6.6#44.0#54.0#VAR 1165 0 0.562344 0.437656 
 ----> 1.3#6.6#44.0#54.0#VAR 1166 1 0.54593 0.45407 
 ----> 1.3#6.6#44.0#54.0#VAR 1167 0 0.554379 0.445621 
 ----> 1.3#6.6#44.0#54.0#VAR 1168 0 0.568105 0.431895 
 ----> 1.3#6.6#44.0#54.0#VAR 1169 0 0.579254 0.420746 
 ----> 1.3#6.6#44.0#54.0#VAR 1170 0 0.560519 0.439481 
 ----> 1.3#6.6#44.0#54.0#VAR 1171 1 0.551579 0.448421 
 ----> 1.3#6.6#44.0#54.0#VAR 1172 0 0.591232 0.408768 
 ----> 1.3#6.6#44.0#54.0#VAR 1173 1 0.555557 0.444443 
 ----> 1.3#6.6#44.0#54.0#VAR 1174 1 0.527846 0.472154 
 ----> 1.3#6.6#44.0#54.0#VAR 1175 0 0.540759 0.459241 
 ----> 1.3#6.6#44.0#54.0#VAR 1176 1 0.529766 0.470234 
 ----> 1.3#6.6#44.0#54.0#VAR 1177 1 0.516626 0.483374 
 ----> 1.3#6.6#44.0#54.0#VAR 1178 0 0.590312 0.409688 
 ----> 1.3#6.6#44.0#54.0#VAR 1179 1 0.530969 0.469031 
 ----> 1.3#6.6#44.0#54.0#VAR 1180 0 0.585082 0.414918 
 ----> 1.3#6.6#44.0#54.0#VAR 1181 0 0.61269 0.38731 
 ----> 1.3#6.6#44.0#54.0#VAR 1182 1 0.545277 0.454723 
 ----> 1.3#6.6#44.0#54.0#VAR 1183 0 0.552202 0.447798 
 ----> 1.3#6.6#44.0#54.0#VAR 1184 0 0.581529 0.418471 
 ----> 1.3#6.6#44.0#54.0#VAR 1185 1 0.527206 0.472794 
 ----> 1.3#6.6#44.0#54.0#VAR 1186 0 0.584733 0.415267 
 ----> 1.3#6.6#44.0#54.0#VAR 1187 0 0.587041 0.412959 
 ----> 1.3#6.6#44.0#54.0#VAR 1188 0 0.573404 0.426596 
 ----> 1.3#6.6#44.0#54.0#VAR 1189 0 0.580185 0.419815 
 ----> 1.3#6.6#44.0#54.0#VAR 1190 0 0.576472 0.423528 
 ----> 1.3#6.6#44.0#54.0#VAR 1191 0 0.579295 0.420705 
 ----> 1.3#6.6#44.0#54.0#VAR 1192 0 0.554041 0.445959 
 ----> 1.3#6.6#44.0#54.0#VAR 1193 0 0.571092 0.428908 
 ----> 1.3#6.6#44.0#54.0#VAR 1194 0 0.600588 0.399412 
 ----> 1.3#6.6#44.0#54.0#VAR 1195 0 0.56385 0.43615 
 ----> 1.3#6.6#44.0#54.0#VAR 1196 1 0.531226 0.468774 
 ----> 1.3#6.6#44.0#54.0#VAR 1197 1 0.548465 0.451535 
 ----> 1.3#6.6#44.0#54.0#VAR 1198 0 0.556688 0.443312 
 ----> 1.3#6.6#44.0#54.0#VAR 1199 0 0.557767 0.442233 
 ----> 1.3#6.6#44.0#54.0#VAR 1200 1 0.523684 0.476316 
 ----> 1.3#6.6#44.0#54.0#VAR 1201 0 0.580325 0.419675 
 ----> 1.3#6.6#44.0#54.0#VAR 1202 0 0.543812 0.456188 
 ----> 1.3#6.6#44.0#54.0#VAR 1203 0 0.559133 0.440867 
 ----> 1.3#6.6#44.0#54.0#VAR 1204 1 0.548072 0.451928 
 ----> 1.3#6.6#44.0#54.0#VAR 1205 1 0.548398 0.451602 
 ----> 1.3#6.6#44.0#54.0#VAR 1206 0 0.592623 0.407377 
 ----> 1.3#6.6#44.0#54.0#VAR 1207 1 0.571061 0.428939 
 ----> 1.3#6.6#44.0#54.0#VAR 1208 0 0.567123 0.432877 
 ----> 1.3#6.6#44.0#54.0#VAR 1209 1 0.58011 0.41989 
 ----> 1.3#6.6#44.0#54.0#VAR 1210 0 0.583812 0.416188 
 ----> 1.3#6.6#44.0#54.0#VAR 1211 1 0.555233 0.444767 
 ----> 1.3#6.6#44.0#54.0#VAR 1212 1 0.564646 0.435354 
 ----> 1.3#6.6#44.0#54.0#VAR 1213 0 0.594963 0.405037 
 ----> 1.3#6.6#44.0#54.0#VAR 1214 0 0.567759 0.432241 
 ----> 1.3#6.6#44.0#54.0#VAR 1215 0 0.570145 0.429855 
 ----> 1.3#6.6#44.0#54.0#VAR 1216 0 0.605111 0.394889 
 ----> 1.3#6.6#44.0#54.0#VAR 1217 0 0.577164 0.422836 
 ----> 1.3#6.6#44.0#54.0#VAR 1218 0 0.565138 0.434862 
 ----> 1.3#6.6#44.0#54.0#VAR 1219 0 0.590741 0.409259 
 ----> 1.3#6.6#44.0#54.0#VAR 1220 0 0.578117 0.421883 
 ----> 1.3#6.6#44.0#54.0#VAR 1221 0 0.562777 0.437223 
 ----> 1.3#6.6#44.0#54.0#VAR 1222 1 0.553379 0.446621 
 ----> 1.3#6.6#44.0#54.0#VAR 1223 1 0.562262 0.437738 
 ----> 1.3#6.6#44.0#54.0#VAR 1224 1 0.540441 0.459559 
 ----> 1.3#6.6#44.0#54.0#VAR 1225 0 0.584252 0.415748 
 ----> 1.3#6.6#44.0#54.0#VAR 1226 1 0.54131 0.45869 
 ----> 1.3#6.6#44.0#54.0#VAR 1227 1 0.534366 0.465634 
 ----> 1.3#6.6#44.0#54.0#VAR 1228 0 0.583638 0.416362 
 ----> 1.3#6.6#44.0#54.0#VAR 1229 0 0.573008 0.426992 
 ----> 1.3#6.6#44.0#54.0#VAR 1230 1 0.566935 0.433065 
 ----> 1.3#6.6#44.0#54.0#VAR 1231 1 0.544757 0.455243 
 ----> 1.3#6.6#44.0#54.0#VAR 1232 0 0.573877 0.426123 
 ----> 1.3#6.6#44.0#54.0#VAR 1233 0 0.568436 0.431564 
 ----> 1.3#6.6#44.0#54.0#VAR 1234 1 0.552103 0.447897 
 ----> 1.3#6.6#44.0#54.0#VAR 1235 1 0.546518 0.453482 
 ----> 1.3#6.6#44.0#54.0#VAR 1236 0 0.558433 0.441567 
 ----> 1.3#6.6#44.0#54.0#VAR 1237 0 0.565368 0.434632 
 ----> 1.3#6.6#44.0#54.0#VAR 1238 0 0.597255 0.402745 
 ----> 1.3#6.6#44.0#54.0#VAR 1239 1 0.541306 0.458694 
 ----> 1.3#6.6#44.0#54.0#VAR 1240 0 0.565772 0.434228 
 ----> 1.3#6.6#44.0#54.0#VAR 1241 0 0.597131 0.402869 
 ----> 1.3#6.6#44.0#54.0#VAR 1242 1 0.540237 0.459763 
 ----> 1.3#6.6#44.0#54.0#VAR 1243 0 0.558785 0.441215 
 ----> 1.3#6.6#44.0#54.0#VAR 1244 0 0.560652 0.439348 
 ----> 1.3#6.6#44.0#54.0#VAR 1245 0 0.588942 0.411058 
 ----> 1.3#6.6#44.0#54.0#VAR 1246 0 0.581197 0.418803 
 ----> 1.3#6.6#44.0#54.0#VAR 1247 0 0.572175 0.427825 
 ----> 1.3#6.6#44.0#54.0#VAR 1248 0 0.580969 0.419031 
 ----> 1.3#6.6#44.0#54.0#VAR 1249 0 0.580543 0.419457 
 ----> 1.3#6.6#44.0#54.0#VAR 1250 0 0.591657 0.408343 
 ----> 1.3#6.6#44.0#54.0#VAR 1251 0 0.632025 0.367975 
 ----> 1.3#6.6#44.0#54.0#VAR 1252 0 0.602405 0.397595 
 ----> 1.3#6.6#44.0#54.0#VAR 1253 0 0.573405 0.426595 
 ----> 1.3#6.6#44.0#54.0#VAR 1254 0 0.548533 0.451467 
 ----> 1.3#6.6#44.0#54.0#VAR 1255 0 0.57574 0.42426 
 ----> 1.3#6.6#44.0#54.0#VAR 1256 0 0.558108 0.441892 
 ----> 1.3#6.6#44.0#54.0#VAR 1257 1 0.560468 0.439532 
 ----> 1.3#6.6#44.0#54.0#VAR 1258 0 0.577091 0.422909 
 ----> 1.3#6.6#44.0#54.0#VAR 1259 1 0.573424 0.426576 
 ----> 1.3#6.6#44.0#54.0#VAR 1260 0 0.599157 0.400843 
 ----> 1.3#6.6#44.0#54.0#VAR 1261 0 0.56578 0.43422 
 ----> 1.3#6.6#44.0#54.0#VAR 1262 0 0.563217 0.436783 
 ----> 1.3#6.6#44.0#54.0#VAR 1263 1 0.554222 0.445778 
 ----> 1.3#6.6#44.0#54.0#VAR 1264 0 0.572274 0.427726 
 ----> 1.3#6.6#44.0#54.0#VAR 1265 1 0.533157 0.466843 
 ----> 1.3#6.6#44.0#54.0#VAR 1266 1 0.530648 0.469352 
 ----> 1.3#6.6#44.0#54.0#VAR 1267 1 0.523623 0.476377 
 ----> 1.3#6.6#44.0#54.0#VAR 1268 1 0.542005 0.457995 
 ----> 1.3#6.6#44.0#54.0#VAR 1269 1 0.558951 0.441049 
 ----> 1.3#6.6#44.0#54.0#VAR 1270 1 0.543282 0.456718 
 ----> 1.3#6.6#44.0#54.0#VAR 1271 1 0.546784 0.453216 
 ----> 1.3#6.6#44.0#54.0#VAR 1272 0 0.553094 0.446906 
 ----> 1.3#6.6#44.0#54.0#VAR 1273 1 0.537442 0.462558 
 ----> 1.3#6.6#44.0#54.0#VAR 1274 0 0.54987 0.45013 
 ----> 1.3#6.6#44.0#54.0#VAR 1275 0 0.543244 0.456756 
 ----> 1.3#6.6#44.0#54.0#VAR 1276 1 0.51715 0.48285 
 ----> 1.3#6.6#44.0#54.0#VAR 1277 1 0.516834 0.483166 
 ----> 1.3#6.6#44.0#54.0#VAR 1278 1 0.52733 0.47267 
 ----> 1.3#6.6#44.0#54.0#VAR 1279 0 0.598406 0.401594 
 ----> 1.3#6.6#44.0#54.0#VAR 1280 1 0.561951 0.438049 
 ----> 1.3#6.6#44.0#54.0#VAR 1281 0 0.581962 0.418038 
 ----> 1.3#6.6#44.0#54.0#VAR 1282 1 0.550192 0.449808 
 ----> 1.3#6.6#44.0#54.0#VAR 1283 0 0.579307 0.420693 
 ----> 1.3#6.6#44.0#54.0#VAR 1284 1 0.566312 0.433688 
 ----> 1.3#6.6#44.0#54.0#VAR 1285 1 0.548131 0.451869 
 ----> 1.3#6.6#44.0#54.0#VAR 1286 0 0.607479 0.392521 
 ----> 1.3#6.6#44.0#54.0#VAR 1287 1 0.552529 0.447471 
 ----> 1.3#6.6#44.0#54.0#VAR 1288 1 0.567321 0.432679 
 ----> 1.3#6.6#44.0#54.0#VAR 1289 1 0.544512 0.455488 
 ----> 1.3#6.6#44.0#54.0#VAR 1290 1 0.550339 0.449661 
 ----> 1.3#6.6#44.0#54.0#VAR 1291 0 0.583756 0.416244 
 ----> 1.3#6.6#44.0#54.0#VAR 1292 0 0.613077 0.386923 
 ----> 1.3#6.6#44.0#54.0#VAR 1293 0 0.594429 0.405571 
 ----> 1.3#6.6#44.0#54.0#VAR 1294 0 0.600882 0.399118 
 ----> 1.3#6.6#44.0#54.0#VAR 1295 0 0.586743 0.413257 
 ----> 1.3#6.6#44.0#54.0#VAR 1296 1 0.571029 0.428971 
 ----> 1.3#6.6#44.0#54.0#VAR 1297 0 0.579503 0.420497 
 ----> 1.3#6.6#44.0#54.0#VAR 1298 1 0.551338 0.448662 
 ----> 1.3#6.6#44.0#54.0#VAR 1299 0 0.582041 0.417959 
 ----> 1.3#6.6#44.0#54.0#VAR 1300 0 0.577289 0.422711 
 ----> 1.3#6.6#44.0#54.0#VAR 1301 0 0.586388 0.413612 
 ----> 1.3#6.6#44.0#54.0#VAR 1302 1 0.551497 0.448503 
 ----> 1.3#6.6#44.0#54.0#VAR 1303 1 0.55467 0.44533 
 ----> 1.3#6.6#44.0#54.0#VAR 1304 0 0.602643 0.397357 
 ----> 1.3#6.6#44.0#54.0#VAR 1305 0 0.571931 0.428069 
 ----> 1.3#6.6#44.0#54.0#VAR 1306 0 0.562829 0.437171 
 ----> 1.3#6.6#44.0#54.0#VAR 1307 0 0.575391 0.424609 
 ----> 1.3#6.6#44.0#54.0#VAR 1308 1 0.564652 0.435348 
 ----> 1.3#6.6#44.0#54.0#VAR 1309 0 0.568665 0.431335 
 ----> 1.3#6.6#44.0#54.0#VAR 1310 0 0.575682 0.424318 
 ----> 1.3#6.6#44.0#54.0#VAR 1311 1 0.559071 0.440929 
 ----> 1.3#6.6#44.0#54.0#VAR 1312 1 0.572734 0.427266 
 ----> 1.3#6.6#44.0#54.0#VAR 1313 0 0.587565 0.412435 
 ----> 1.3#6.6#44.0#54.0#VAR 1314 0 0.597889 0.402111 
 ----> 1.3#6.6#44.0#54.0#VAR 1315 0 0.612618 0.387382 
 ----> 1.3#6.6#44.0#54.0#VAR 1316 1 0.5468 0.4532 
 ----> 1.3#6.6#44.0#54.0#VAR 1317 0 0.594821 0.405179 
 ----> 1.3#6.6#44.0#54.0#VAR 1318 1 0.532507 0.467493 
 ----> 1.3#6.6#44.0#54.0#VAR 1319 1 0.55276 0.44724 
 ----> 1.3#6.6#44.0#54.0#VAR 1320 0 0.567088 0.432912 
 ----> 1.3#6.6#44.0#54.0#VAR 1321 0 0.562763 0.437237 
 ----> 1.3#6.6#44.0#54.0#VAR 1322 0 0.592074 0.407926 
 ----> 1.3#6.6#44.0#54.0#VAR 1323 1 0.551709 0.448291 
 ----> 1.3#6.6#44.0#54.0#VAR 1324 0 0.598893 0.401107 
 ----> 1.3#6.6#44.0#54.0#VAR 1325 0 0.604488 0.395512 
 ----> 1.3#6.6#44.0#54.0#VAR 1326 1 0.554418 0.445582 
 ----> 1.3#6.6#44.0#54.0#VAR 1327 0 0.620596 0.379404 
 ----> 1.3#6.6#44.0#54.0#VAR 1328 0 0.58474 0.41526 
 ----> 1.3#6.6#44.0#54.0#VAR 1329 0 0.576432 0.423568 
 ----> 1.3#6.6#44.0#54.0#VAR 1330 1 0.571412 0.428588 
 ----> 1.3#6.6#44.0#54.0#VAR 1331 1 0.575889 0.424111 
 ----> 1.3#6.6#44.0#54.0#VAR 1332 0 0.584882 0.415118 
 ----> 1.3#6.6#44.0#54.0#VAR 1333 1 0.571881 0.428119 
 ----> 1.3#6.6#44.0#54.0#VAR 1334 0 0.589382 0.410618 
 ----> 1.3#6.6#44.0#54.0#VAR 1335 0 0.597272 0.402728 
 ----> 1.3#6.6#44.0#54.0#VAR 1336 0 0.609391 0.390609 
 ----> 1.3#6.6#44.0#54.0#VAR 1337 1 0.534893 0.465107 
 ----> 1.3#6.6#44.0#54.0#VAR 1338 0 0.610019 0.389981 
 ----> 1.3#6.6#44.0#54.0#VAR 1339 1 0.538809 0.461191 
 ----> 1.3#6.6#44.0#54.0#VAR 1340 1 0.564079 0.435921 
 ----> 1.3#6.6#44.0#54.0#VAR 1341 0 0.594176 0.405824 
 ----> 1.3#6.6#44.0#54.0#VAR 1342 0 0.579566 0.420434 
 ----> 1.3#6.6#44.0#54.0#VAR 1343 0 0.586877 0.413123 
 ----> 1.3#6.6#44.0#54.0#VAR 1344 1 0.565669 0.434331 
 ----> 1.3#6.6#44.0#54.0#VAR 1345 0 0.577354 0.422646 
 ----> 1.3#6.6#44.0#54.0#VAR 1346 1 0.553175 0.446825 
 ----> 1.3#6.6#44.0#54.0#VAR 1347 1 0.523927 0.476073 
 ----> 1.3#6.6#44.0#54.0#VAR 1348 1 0.530945 0.469055 
 ----> 1.3#6.6#44.0#54.0#VAR 1349 0 0.562122 0.437878 
 ----> 1.3#6.6#44.0#54.0#VAR 1350 1 0.562028 0.437972 
 ----> 1.3#6.6#44.0#54.0#VAR 1351 0 0.568515 0.431485 
 ----> 1.3#6.6#44.0#54.0#VAR 1352 1 0.566257 0.433743 
 ----> 1.3#6.6#44.0#54.0#VAR 1353 1 0.569419 0.430581 
 ----> 1.3#6.6#44.0#54.0#VAR 1354 1 0.539437 0.460563 
 ----> 1.3#6.6#44.0#54.0#VAR 1355 1 0.569696 0.430304 
 ----> 1.3#6.6#44.0#54.0#VAR 1356 0 0.615908 0.384092 
 ----> 1.3#6.6#44.0#54.0#VAR 1357 1 0.55139 0.44861 
 ----> 1.3#6.6#44.0#54.0#VAR 1358 0 0.59303 0.40697 
 ----> 1.3#6.6#44.0#54.0#VAR 1359 0 0.578186 0.421814 
 ----> 1.3#6.6#44.0#54.0#VAR 1360 1 0.567709 0.432291 
 ----> 1.3#6.6#44.0#54.0#VAR 1361 1 0.558678 0.441322 
 ----> 1.3#6.6#44.0#54.0#VAR 1362 0 0.585164 0.414836 
 ----> 1.3#6.6#44.0#54.0#VAR 1363 0 0.59918 0.40082 
 ----> 1.3#6.6#44.0#54.0#VAR 1364 0 0.574027 0.425973 
 ----> 1.3#6.6#44.0#54.0#VAR 1365 0 0.580321 0.419679 
 ----> 1.3#6.6#44.0#54.0#VAR 1366 0 0.577468 0.422532 
 ----> 1.3#6.6#44.0#54.0#VAR 1367 0 0.587211 0.412789 
 ----> 1.3#6.6#44.0#54.0#VAR 1368 1 0.572005 0.427995 
 ----> 1.3#6.6#44.0#54.0#VAR 1369 0 0.581841 0.418159 
 ----> 1.3#6.6#44.0#54.0#VAR 1370 1 0.568572 0.431428 
 ----> 1.3#6.6#44.0#54.0#VAR 1371 1 0.569032 0.430968 
 ----> 1.3#6.6#44.0#54.0#VAR 1372 0 0.589808 0.410192 
 ----> 1.3#6.6#44.0#54.0#VAR 1373 0 0.587174 0.412826 
 ----> 1.3#6.6#44.0#54.0#VAR 1374 0 0.575778 0.424222 
 ----> 1.3#6.6#44.0#54.0#VAR 1375 0 0.585934 0.414066 
 ----> 1.3#6.6#44.0#54.0#VAR 1376 1 0.589426 0.410574 
 ----> 1.3#6.6#44.0#54.0#VAR 1377 0 0.565483 0.434517 
 ----> 1.3#6.6#44.0#54.0#VAR 1378 0 0.595118 0.404882 
 ----> 1.3#6.6#44.0#54.0#VAR 1379 1 0.553429 0.446571 
 ----> 1.3#6.6#44.0#54.0#VAR 1380 0 0.583049 0.416951 
 ----> 1.3#6.6#44.0#54.0#VAR 1381 0 0.610094 0.389906 
 ----> 1.3#6.6#44.0#54.0#VAR 1382 0 0.57632 0.42368 
 ----> 1.3#6.6#44.0#54.0#VAR 1383 1 0.570344 0.429656 
 ----> 1.3#6.6#44.0#54.0#VAR 1384 1 0.574239 0.425761 
 ----> 1.3#6.6#44.0#54.0#VAR 1385 1 0.569093 0.430907 
 ----> 1.3#6.6#44.0#54.0#VAR 1386 0 0.600517 0.399483 
 ----> 1.3#6.6#44.0#54.0#VAR 1387 1 0.585497 0.414503 
 ----> 1.3#6.6#44.0#54.0#VAR 1388 0 0.632848 0.367152 
 ----> 1.3#6.6#44.0#54.0#VAR 1389 0 0.612787 0.387213 
 ----> 1.3#6.6#44.0#54.0#VAR 1390 0 0.560631 0.439369 
 ----> 1.3#6.6#44.0#54.0#VAR 1391 1 0.566297 0.433703 
 ----> 1.3#6.6#44.0#54.0#VAR 1392 1 0.5592 0.4408 
 ----> 1.3#6.6#44.0#54.0#VAR 1393 1 0.568951 0.431049 
 ----> 1.3#6.6#44.0#54.0#VAR 1394 0 0.61449 0.38551 
 ----> 1.3#6.6#44.0#54.0#VAR 1395 0 0.598 0.402 
 ----> 1.3#6.6#44.0#54.0#VAR 1396 0 0.594934 0.405066 
 ----> 1.3#6.6#44.0#54.0#VAR 1397 0 0.570875 0.429125 
 ----> 1.3#6.6#44.0#54.0#VAR 1398 0 0.606257 0.393743 
 ----> 1.3#6.6#44.0#54.0#VAR 1399 0 0.597573 0.402427 
 ----> 1.3#6.6#44.0#54.0#VAR 1400 0 0.597391 0.402609 
 ----> 1.3#6.6#44.0#54.0#VAR 1401 1 0.554488 0.445512 
 ----> 1.3#6.6#44.0#54.0#VAR 1402 1 0.581557 0.418443 
 ----> 1.3#6.6#44.0#54.0#VAR 1403 0 0.636251 0.363749 
 ----> 1.3#6.6#44.0#54.0#VAR 1404 0 0.597298 0.402702 
 ----> 1.3#6.6#44.0#54.0#VAR 1405 0 0.584885 0.415115 
 ----> 1.3#6.6#44.0#54.0#VAR 1406 1 0.580117 0.419883 
 ----> 1.3#6.6#44.0#54.0#VAR 1407 1 0.565536 0.434464 
 ----> 1.3#6.6#44.0#54.0#VAR 1408 0 0.592264 0.407736 
 ----> 1.3#6.6#44.0#54.0#VAR 1409 1 0.578407 0.421593 
 ----> 1.3#6.6#44.0#54.0#VAR 1410 0 0.587412 0.412588 
 ----> 1.3#6.6#44.0#54.0#VAR 1411 1 0.569622 0.430378 
 ----> 1.3#6.6#44.0#54.0#VAR 1412 0 0.571564 0.428436 
 ----> 1.3#6.6#44.0#54.0#VAR 1413 1 0.577214 0.422786 
 ----> 1.3#6.6#44.0#54.0#VAR 1414 0 0.609635 0.390365 
 ----> 1.3#6.6#44.0#54.0#VAR 1415 0 0.587497 0.412503 
 ----> 1.3#6.6#44.0#54.0#VAR 1416 0 0.607419 0.392581 
 ----> 1.3#6.6#44.0#54.0#VAR 1417 0 0.6028 0.3972 
 ----> 1.3#6.6#44.0#54.0#VAR 1418 1 0.569188 0.430812 
 ----> 1.3#6.6#44.0#54.0#VAR 1419 0 0.598971 0.401029 
 ----> 1.3#6.6#44.0#54.0#VAR 1420 0 0.572882 0.427118 
 ----> 1.3#6.6#44.0#54.0#VAR 1421 1 0.585206 0.414794 
 ----> 1.3#6.6#44.0#54.0#VAR 1422 0 0.594005 0.405995 
 ----> 1.3#6.6#44.0#54.0#VAR 1423 0 0.579827 0.420173 
 ----> 1.3#6.6#44.0#54.0#VAR 1424 1 0.550861 0.449139 
 ----> 1.3#6.6#44.0#54.0#VAR 1425 0 0.584687 0.415313 
 ----> 1.3#6.6#44.0#54.0#VAR 1426 0 0.587503 0.412497 
 ----> 1.3#6.6#44.0#54.0#VAR 1427 0 0.592038 0.407962 
 ----> 1.3#6.6#44.0#54.0#VAR 1428 1 0.588343 0.411657 
 ----> 1.3#6.6#44.0#54.0#VAR 1429 0 0.606397 0.393603 
 ----> 1.3#6.6#44.0#54.0#VAR 1430 1 0.590147 0.409853 
 ----> 1.3#6.6#44.0#54.0#VAR 1431 0 0.580841 0.419159 
 ----> 1.3#6.6#44.0#54.0#VAR 1432 0 0.592498 0.407502 
 ----> 1.3#6.6#44.0#54.0#VAR 1433 1 0.58388 0.41612 
 ----> 1.3#6.6#44.0#54.0#VAR 1434 1 0.56126 0.43874 
 ----> 1.3#6.6#44.0#54.0#VAR 1435 0 0.597835 0.402165 
 ----> 1.3#6.6#44.0#54.0#VAR 1436 1 0.563573 0.436427 
 ----> 1.3#6.6#44.0#54.0#VAR 1437 0 0.604638 0.395362 
 ----> 1.3#6.6#44.0#54.0#VAR 1438 1 0.56721 0.43279 
 ----> 1.3#6.6#44.0#54.0#VAR 1439 0 0.569043 0.430957 
 ----> 1.3#6.6#44.0#54.0#VAR 1440 1 0.56835 0.43165 
 ----> 1.3#6.6#44.0#54.0#VAR 1441 1 0.556503 0.443497 
 ----> 1.3#6.6#44.0#54.0#VAR 1442 1 0.569214 0.430786 
 ----> 1.3#6.6#44.0#54.0#VAR 1443 1 0.568705 0.431295 
 ----> 1.3#6.6#44.0#54.0#VAR 1444 1 0.560319 0.439681 
 ----> 1.3#6.6#44.0#54.0#VAR 1445 0 0.575159 0.424841 
 ----> 1.3#6.6#44.0#54.0#VAR 1446 1 0.55681 0.44319 
 ----> 1.3#6.6#44.0#54.0#VAR 1447 0 0.586708 0.413292 
 ----> 1.3#6.6#44.0#54.0#VAR 1448 1 0.580229 0.419771 
 ----> 1.3#6.6#44.0#54.0#VAR 1449 1 0.573307 0.426693 
 ----> 1.3#6.6#44.0#54.0#VAR 1450 1 0.603752 0.396248 
 ----> 1.3#6.6#44.0#54.0#VAR 1451 1 0.574742 0.425258 
 ----> 1.3#6.6#44.0#54.0#VAR 1452 0 0.601274 0.398726 
 ----> 1.3#6.6#44.0#54.0#VAR 1453 0 0.616556 0.383444 
 ----> 1.3#6.6#44.0#54.0#VAR 1454 1 0.580089 0.419911 
 ----> 1.3#6.6#44.0#54.0#VAR 1455 0 0.60091 0.39909 
 ----> 1.3#6.6#44.0#54.0#VAR 1456 1 0.554073 0.445927 
 ----> 1.3#6.6#44.0#54.0#VAR 1457 1 0.543217 0.456783 
 ----> 1.3#6.6#44.0#54.0#VAR 1458 0 0.589831 0.410169 
 ----> 1.3#6.6#44.0#54.0#VAR 1459 1 0.559998 0.440002 
 ----> 1.3#6.6#44.0#54.0#VAR 1460 1 0.589935 0.410065 
 ----> 1.3#6.6#44.0#54.0#VAR 1461 0 0.559564 0.440436 
 ----> 1.3#6.6#44.0#54.0#VAR 1462 1 0.597312 0.402688 
 ----> 1.3#6.6#44.0#54.0#VAR 1463 1 0.579942 0.420058 
 ----> 1.3#6.6#44.0#54.0#VAR 1464 1 0.588239 0.411761 
 ----> 1.3#6.6#44.0#54.0#VAR 1465 1 0.60553 0.39447 
 ----> 1.3#6.6#44.0#54.0#VAR 1466 0 0.593829 0.406171 
 ----> 1.3#6.6#44.0#54.0#VAR 1467 1 0.584735 0.415265 
 ----> 1.3#6.6#44.0#54.0#VAR 1468 1 0.583502 0.416498 
 ----> 1.3#6.6#44.0#54.0#VAR 1469 1 0.581975 0.418025 
 ----> 1.3#6.6#44.0#54.0#VAR 1470 1 0.590702 0.409298 
 ----> 1.3#6.6#44.0#54.0#VAR 1471 1 0.594676 0.405324 
 ----> 1.3#6.6#44.0#54.0#VAR 1472 1 0.580941 0.419059 
 ----> 1.3#6.6#44.0#54.0#VAR 1473 0 0.578432 0.421568 
 ----> 1.3#6.6#44.0#54.0#VAR 1474 0 0.578112 0.421888 
 ----> 1.3#6.6#44.0#54.0#VAR 1475 1 0.590012 0.409988 
 ----> 1.3#6.6#44.0#54.0#VAR 1476 0 0.576961 0.423039 
 ----> 1.3#6.6#44.0#54.0#VAR 1477 1 0.566546 0.433454 
 ----> 1.3#6.6#44.0#54.0#VAR 1478 1 0.573375 0.426625 
 ----> 1.3#6.6#44.0#54.0#VAR 1479 0 0.595791 0.404209 
 ----> 1.3#6.6#44.0#54.0#VAR 1480 0 0.597196 0.402804 
 ----> 1.3#6.6#44.0#54.0#VAR 1481 1 0.606922 0.393078 
 ----> 1.3#6.6#44.0#54.0#VAR 1482 1 0.569831 0.430169 
 ----> 1.3#6.6#44.0#54.0#VAR 1483 0 0.62446 0.37554 
 ----> 1.3#6.6#44.0#54.0#VAR 1484 0 0.560984 0.439016 
 ----> 1.3#6.6#44.0#54.0#VAR 1485 0 0.559844 0.440156 
 ----> 1.3#6.6#44.0#54.0#VAR 1486 0 0.598318 0.401682 
 ----> 1.3#6.6#44.0#54.0#VAR 1487 0 0.563018 0.436982 
 ----> 1.3#6.6#44.0#54.0#VAR 1488 0 0.584289 0.415711 
 ----> 1.3#6.6#44.0#54.0#VAR 1489 0 0.585643 0.414357 
 ----> 1.3#6.6#44.0#54.0#VAR 1490 0 0.60405 0.39595 
 ----> 1.3#6.6#44.0#54.0#VAR 1491 1 0.591646 0.408354 
 ----> 1.3#6.6#44.0#54.0#VAR 1492 0 0.595331 0.404669 
 ----> 1.3#6.6#44.0#54.0#VAR 1493 1 0.58865 0.41135 
 ----> 1.3#6.6#44.0#54.0#VAR 1494 1 0.582383 0.417617 
 ----> 1.3#6.6#44.0#54.0#VAR 1495 0 0.589181 0.410819 
 ----> 1.3#6.6#44.0#54.0#VAR 1496 0 0.582753 0.417247 
 ----> 1.3#6.6#44.0#54.0#VAR 1497 1 0.586896 0.413104 
 ----> 1.3#6.6#44.0#54.0#VAR 1498 1 0.570773 0.429227 
 ----> 1.3#6.6#44.0#54.0#VAR 1499 1 0.601726 0.398274 
 ----> 1.3#6.6#44.0#54.0#VAR 1500 0 0.583407 0.416593 
 ----> 1.3#6.6#44.0#54.0#VAR 1501 1 0.592483 0.407517 
 ----> 1.3#6.6#44.0#54.0#VAR 1502 0 0.556404 0.443596 
 ----> 1.3#6.6#44.0#54.0#VAR 1503 1 0.615085 0.384915 
 ----> 1.3#6.6#44.0#54.0#VAR 1504 1 0.594673 0.405327 
 ----> 1.3#6.6#44.0#54.0#VAR 1505 0 0.59275 0.40725 
 ----> 1.3#6.6#44.0#54.0#VAR 1506 1 0.596666 0.403334 
 ----> 1.3#6.6#44.0#54.0#VAR 1507 1 0.588882 0.411118 
 ----> 1.3#6.6#44.0#54.0#VAR 1508 1 0.617794 0.382206 
 ----> 1.3#6.6#44.0#54.0#VAR 1509 0 0.576454 0.423546 
 ----> 1.3#6.6#44.0#54.0#VAR 1510 0 0.591424 0.408576 
 ----> 1.3#6.6#44.0#54.0#VAR 1511 0 0.59619 0.40381 
 ----> 1.3#6.6#44.0#54.0#VAR 1512 1 0.600342 0.399658 
 ----> 1.3#6.6#44.0#54.0#VAR 1513 0 0.603891 0.396109 
 ----> 1.3#6.6#44.0#54.0#VAR 1514 1 0.601031 0.398969 
 ----> 1.3#6.6#44.0#54.0#VAR 1515 0 0.596021 0.403979 
 ----> 1.3#6.6#44.0#54.0#VAR 1516 1 0.61075 0.38925 
 ----> 1.3#6.6#44.0#54.0#VAR 1517 1 0.618291 0.381709 
 ----> 1.3#6.6#44.0#54.0#VAR 1518 1 0.57416 0.42584 
 ----> 1.3#6.6#44.0#54.0#VAR 1519 1 0.606488 0.393512 
 ----> 1.3#6.6#44.0#54.0#VAR 1520 0 0.604403 0.395597 
 ----> 1.3#6.6#44.0#54.0#VAR 1521 0 0.600572 0.399428 
 ----> 1.3#6.6#44.0#54.0#VAR 1522 1 0.59961 0.40039 
 ----> 1.3#6.6#44.0#54.0#VAR 1523 0 0.61015 0.38985 
 ----> 1.3#6.6#44.0#54.0#VAR 1524 1 0.582404 0.417596 
 ----> 1.3#6.6#44.0#54.0#VAR 1525 0 0.609108 0.390892 
 ----> 1.3#6.6#44.0#54.0#VAR 1526 0 0.60008 0.39992 
 ----> 1.3#6.6#44.0#54.0#VAR 1527 0 0.589192 0.410808 
 ----> 1.3#6.6#44.0#54.0#VAR 1528 1 0.614724 0.385276 
 ----> 1.3#6.6#44.0#54.0#VAR 1529 0 0.580514 0.419486 
 ----> 1.3#6.6#44.0#54.0#VAR 1530 1 0.582084 0.417916 
 ----> 1.3#6.6#44.0#54.0#VAR 1531 0 0.578097 0.421903 
 ----> 1.3#6.6#44.0#54.0#VAR 1532 1 0.58241 0.41759 
 ----> 1.3#6.6#44.0#54.0#VAR 1533 1 0.602132 0.397868 
 ----> 1.3#6.6#44.0#54.0#VAR 1534 1 0.562735 0.437265 
 ----> 1.3#6.6#44.0#54.0#VAR 1535 0 0.598628 0.401372 
 ----> 1.3#6.6#44.0#54.0#VAR 1536 0 0.585314 0.414686 
 ----> 1.3#6.6#44.0#54.0#VAR 1537 0 0.577701 0.422299 
 ----> 1.3#6.6#44.0#54.0#VAR 1538 0 0.577369 0.422631 
 ----> 1.3#6.6#44.0#54.0#VAR 1539 0 0.564459 0.435541 
 ----> 1.3#6.6#44.0#54.0#VAR 1540 0 0.587057 0.412943 
 ----> 1.3#6.6#44.0#54.0#VAR 1541 1 0.586643 0.413357 
 ----> 1.3#6.6#44.0#54.0#VAR 1542 0 0.570901 0.429099 
 ----> 1.3#6.6#44.0#54.0#VAR 1543 0 0.550185 0.449815 
 ----> 1.3#6.6#44.0#54.0#VAR 1544 0 0.568649 0.431351 
 ----> 1.3#6.6#44.0#54.0#VAR 1545 0 0.572578 0.427422 
 ----> 1.3#6.6#44.0#54.0#VAR 1546 0 0.572301 0.427699 
 ----> 1.3#6.6#44.0#54.0#VAR 1547 0 0.578146 0.421854 
 ----> 1.3#6.6#44.0#54.0#VAR 1548 1 0.563796 0.436204 
 ----> 1.3#6.6#44.0#54.0#VAR 1549 0 0.612141 0.387859 
 ----> 1.3#6.6#44.0#54.0#VAR 1550 1 0.591777 0.408223 
 ----> 1.3#6.6#44.0#54.0#VAR 1551 1 0.600045 0.399955 
 ----> 1.3#6.6#44.0#54.0#VAR 1552 1 0.611396 0.388604 
 ----> 1.3#6.6#44.0#54.0#VAR 1553 0 0.628635 0.371365 
 ----> 1.3#6.6#44.0#54.0#VAR 1554 1 0.592837 0.407163 
 ----> 1.3#6.6#44.0#54.0#VAR 1555 1 0.597841 0.402159 
 ----> 1.3#6.6#44.0#54.0#VAR 1556 1 0.592114 0.407886 
 ----> 1.3#6.6#44.0#54.0#VAR 1557 1 0.590042 0.409958 
 ----> 1.3#6.6#44.0#54.0#VAR 1558 0 0.597135 0.402865 
 ----> 1.3#6.6#44.0#54.0#VAR 1559 1 0.600354 0.399646 
 ----> 1.3#6.6#44.0#54.0#VAR 1560 1 0.593979 0.406021 
 ----> 1.3#6.6#44.0#54.0#VAR 1561 1 0.579321 0.420679 
 ----> 1.3#6.6#44.0#54.0#VAR 1562 0 0.588609 0.411391 
 ----> 1.3#6.6#44.0#54.0#VAR 1563 1 0.570677 0.429323 
 ----> 1.3#6.6#44.0#54.0#VAR 1564 0 0.567882 0.432118 
 ----> 1.3#6.6#44.0#54.0#VAR 1565 1 0.589216 0.410784 
 ----> 1.3#6.6#44.0#54.0#VAR 1566 0 0.582484 0.417516 
 ----> 1.3#6.6#44.0#54.0#VAR 1567 0 0.597573 0.402427 
 ----> 1.3#6.6#44.0#54.0#VAR 1568 1 0.580944 0.419056 
 ----> 1.3#6.6#44.0#54.0#VAR 1569 1 0.640229 0.359771 
 ----> 1.3#6.6#44.0#54.0#VAR 1570 1 0.578387 0.421613 
 ----> 1.3#6.6#44.0#54.0#VAR 1571 0 0.594634 0.405366 
 ----> 1.3#6.6#44.0#54.0#VAR 1572 0 0.609247 0.390753 
 ----> 1.3#6.6#44.0#54.0#VAR 1573 0 0.584663 0.415337 
 ----> 1.3#6.6#44.0#54.0#VAR 1574 1 0.564492 0.435508 
 ----> 1.3#6.6#44.0#54.0#VAR 1575 1 0.585559 0.414441 
 ----> 1.3#6.6#44.0#54.0#VAR 1576 0 0.574659 0.425341 
 ----> 1.3#6.6#44.0#54.0#VAR 1577 1 0.585674 0.414326 
 ----> 1.3#6.6#44.0#54.0#VAR 1578 1 0.579358 0.420642 
 ----> 1.3#6.6#44.0#54.0#VAR 1579 0 0.59099 0.40901 
 ----> 1.3#6.6#44.0#54.0#VAR 1580 0 0.60455 0.39545 
 ----> 1.3#6.6#44.0#54.0#VAR 1581 0 0.596793 0.403207 
 ----> 1.3#6.6#44.0#54.0#VAR 1582 0 0.606058 0.393942 
 ----> 1.3#6.6#44.0#54.0#VAR 1583 1 0.615596 0.384404 
 ----> 1.3#6.6#44.0#54.0#VAR 1584 1 0.586625 0.413375 
 ----> 1.3#6.6#44.0#54.0#VAR 1585 0 0.585969 0.414031 
 ----> 1.3#6.6#44.0#54.0#VAR 1586 1 0.622394 0.377606 
 ----> 1.3#6.6#44.0#54.0#VAR 1587 0 0.569279 0.430721 
 ----> 1.3#6.6#44.0#54.0#VAR 1588 0 0.591412 0.408588 
 ----> 1.3#6.6#44.0#54.0#VAR 1589 1 0.610539 0.389461 
 ----> 1.3#6.6#44.0#54.0#VAR 1590 0 0.605918 0.394082 
 ----> 1.3#6.6#44.0#54.0#VAR 1591 1 0.585823 0.414177 
 ----> 1.3#6.6#44.0#54.0#VAR 1592 1 0.593882 0.406118 
 ----> 1.3#6.6#44.0#54.0#VAR 1593 1 0.602853 0.397147 
 ----> 1.3#6.6#44.0#54.0#VAR 1594 0 0.635707 0.364293 
 ----> 1.3#6.6#44.0#54.0#VAR 1595 1 0.608927 0.391073 
 ----> 1.3#6.6#44.0#54.0#VAR 1596 1 0.596403 0.403597 
 ----> 1.3#6.6#44.0#54.0#VAR 1597 1 0.593884 0.406116 
 ----> 1.3#6.6#44.0#54.0#VAR 1598 0 0.595262 0.404738 
 ----> 1.3#6.6#44.0#54.0#VAR 1599 1 0.589646 0.410354 
 ----> 1.3#6.6#44.0#54.0#VAR 1600 0 0.604938 0.395062 
 ----> 1.3#6.6#44.0#54.0#VAR 1601 1 0.612848 0.387152 
 ----> 1.3#6.6#44.0#54.0#VAR 1602 0 0.60926 0.39074 
 ----> 1.3#6.6#44.0#54.0#VAR 1603 1 0.601487 0.398513 
 ----> 1.3#6.6#44.0#54.0#VAR 1604 0 0.609805 0.390195 
 ----> 1.3#6.6#44.0#54.0#VAR 1605 1 0.607085 0.392915 
 ----> 1.3#6.6#44.0#54.0#VAR 1606 0 0.596875 0.403125 
 ----> 1.3#6.6#44.0#54.0#VAR 1607 0 0.597043 0.402957 
 ----> 1.3#6.6#44.0#54.0#VAR 1608 1 0.590973 0.409027 
 ----> 1.3#6.6#44.0#54.0#VAR 1609 0 0.583878 0.416122 
 ----> 1.3#6.6#44.0#54.0#VAR 1610 1 0.587341 0.412659 
 ----> 1.3#6.6#44.0#54.0#VAR 1611 0 0.600064 0.399936 
 ----> 1.3#6.6#44.0#54.0#VAR 1612 1 0.58338 0.41662 
 ----> 1.3#6.6#44.0#54.0#VAR 1613 1 0.610687 0.389313 
 ----> 1.3#6.6#44.0#54.0#VAR 1614 1 0.607584 0.392416 
 ----> 1.3#6.6#44.0#54.0#VAR 1615 0 0.597266 0.402734 
 ----> 1.3#6.6#44.0#54.0#VAR 1616 0 0.603032 0.396968 
 ----> 1.3#6.6#44.0#54.0#VAR 1617 0 0.620905 0.379095 
 ----> 1.3#6.6#44.0#54.0#VAR 1618 1 0.595561 0.404439 
 ----> 1.3#6.6#44.0#54.0#VAR 1619 1 0.597885 0.402115 
 ----> 1.3#6.6#44.0#54.0#VAR 1620 1 0.582627 0.417373 
 ----> 1.3#6.6#44.0#54.0#VAR 1621 0 0.596082 0.403918 
 ----> 1.3#6.6#44.0#54.0#VAR 1622 1 0.586338 0.413662 
 ----> 1.3#6.6#44.0#54.0#VAR 1623 0 0.600113 0.399887 
 ----> 1.3#6.6#44.0#54.0#VAR 1624 0 0.606418 0.393582 
 ----> 1.3#6.6#44.0#54.0#VAR 1625 0 0.627445 0.372555 
 ----> 1.3#6.6#44.0#54.0#VAR 1626 1 0.624467 0.375533 
 ----> 1.3#6.6#44.0#54.0#VAR 1627 1 0.574685 0.425315 
 ----> 1.3#6.6#44.0#54.0#VAR 1628 1 0.603035 0.396965 
 ----> 1.3#6.6#44.0#54.0#VAR 1629 0 0.557854 0.442146 
 ----> 1.3#6.6#44.0#54.0#VAR 1630 0 0.548564 0.451436 
 ----> 1.3#6.6#44.0#54.0#VAR 1631 0 0.611089 0.388911 
 ----> 1.3#6.6#44.0#54.0#VAR 1632 1 0.618838 0.381162 
 ----> 1.3#6.6#44.0#54.0#VAR 1633 1 0.607356 0.392644 
 ----> 1.3#6.6#44.0#54.0#VAR 1634 1 0.606195 0.393805 
 ----> 1.3#6.6#44.0#54.0#VAR 1635 1 0.581906 0.418094 
 ----> 1.3#6.6#44.0#54.0#VAR 1636 1 0.609439 0.390561 
 ----> 1.3#6.6#44.0#54.0#VAR 1637 1 0.606033 0.393967 
 ----> 1.3#6.6#44.0#54.0#VAR 1638 1 0.582435 0.417565 
 ----> 1.3#6.6#44.0#54.0#VAR 1639 0 0.590809 0.409191 
 ----> 1.3#6.6#44.0#54.0#VAR 1640 1 0.598961 0.401039 
 ----> 1.3#6.6#44.0#54.0#VAR 1641 1 0.576223 0.423777 
 ----> 1.3#6.6#44.0#54.0#VAR 1642 1 0.598856 0.401144 
 ----> 1.3#6.6#44.0#54.0#VAR 1643 1 0.603406 0.396594 
 ----> 1.3#6.6#44.0#54.0#VAR 1644 0 0.609107 0.390893 
 ----> 1.3#6.6#44.0#54.0#VAR 1645 1 0.600272 0.399728 
 ----> 1.3#6.6#44.0#54.0#VAR 1646 1 0.636793 0.363207 
 ----> 1.3#6.6#44.0#54.0#VAR 1647 0 0.620198 0.379802 
 ----> 1.3#6.6#44.0#54.0#VAR 1648 1 0.592003 0.407997 
 ----> 1.3#6.6#44.0#54.0#VAR 1649 0 0.598942 0.401058 
 ----> 1.3#6.6#44.0#54.0#VAR 1650 1 0.594248 0.405752 
 ----> 1.3#6.6#44.0#54.0#VAR 1651 1 0.601407 0.398593 
 ----> 1.3#6.6#44.0#54.0#VAR 1652 0 0.578891 0.421109 
 ----> 1.3#6.6#44.0#54.0#VAR 1653 0 0.589479 0.410521 
 ----> 1.3#6.6#44.0#54.0#VAR 1654 1 0.573845 0.426155 
 ----> 1.3#6.6#44.0#54.0#VAR 1655 1 0.61571 0.38429 
 ----> 1.3#6.6#44.0#54.0#VAR 1656 1 0.613994 0.386006 
 ----> 1.3#6.6#44.0#54.0#VAR 1657 1 0.607043 0.392957 
 ----> 1.3#6.6#44.0#54.0#VAR 1658 0 0.598406 0.401594 
 ----> 1.3#6.6#44.0#54.0#VAR 1659 0 0.60159 0.39841 
 ----> 1.3#6.6#44.0#54.0#VAR 1660 1 0.596977 0.403023 
 ----> 1.3#6.6#44.0#54.0#VAR 1661 1 0.590164 0.409836 
 ----> 1.3#6.6#44.0#54.0#VAR 1662 1 0.59421 0.40579 
 ----> 1.3#6.6#44.0#54.0#VAR 1663 0 0.58191 0.41809 
 ----> 1.3#6.6#44.0#54.0#VAR 1664 1 0.595721 0.404279 
 ----> 1.3#6.6#44.0#54.0#VAR 1665 0 0.614153 0.385847 
 ----> 1.3#6.6#44.0#54.0#VAR 1666 1 0.588251 0.411749 
 ----> 1.3#6.6#44.0#54.0#VAR 1667 1 0.612019 0.387981 
 ----> 1.3#6.6#44.0#54.0#VAR 1668 1 0.61223 0.38777 
 ----> 1.3#6.6#44.0#54.0#VAR 1669 1 0.618301 0.381699 
 ----> 1.3#6.6#44.0#54.0#VAR 1670 0 0.599262 0.400738 
 ----> 1.3#6.6#44.0#54.0#VAR 1671 1 0.584683 0.415317 
 ----> 1.3#6.6#44.0#54.0#VAR 1672 1 0.592563 0.407437 
 ----> 1.3#6.6#44.0#54.0#VAR 1673 1 0.583384 0.416616 
 ----> 1.3#6.6#44.0#54.0#VAR 1674 1 0.598091 0.401909 
 ----> 1.3#6.6#44.0#54.0#VAR 1675 1 0.616036 0.383964 
 ----> 1.3#6.6#44.0#54.0#VAR 1676 1 0.603572 0.396428 
 ----> 1.3#6.6#44.0#54.0#VAR 1677 1 0.607379 0.392621 
 ----> 1.3#6.6#44.0#54.0#VAR 1678 1 0.617422 0.382578 
 ----> 1.3#6.6#44.0#54.0#VAR 1679 1 0.597274 0.402726 
 ----> 1.3#6.6#44.0#54.0#VAR 1680 1 0.623839 0.376161 
 ----> 1.3#6.6#44.0#54.0#VAR 1681 1 0.584871 0.415129 
 ----> 1.3#6.6#44.0#54.0#VAR 1682 1 0.586184 0.413816 
 ----> 1.3#6.6#44.0#54.0#VAR 1683 1 0.599778 0.400222 
 ----> 1.3#6.6#44.0#54.0#VAR 1684 1 0.590861 0.409139 
 ----> 1.3#6.6#44.0#54.0#VAR 1685 1 0.58297 0.41703 
 ----> 1.3#6.6#44.0#54.0#VAR 1686 1 0.591736 0.408264 
 ----> 1.3#6.6#44.0#54.0#VAR 1687 1 0.590799 0.409201 
 ----> 1.3#6.6#44.0#54.0#VAR 1688 0 0.595189 0.404811 
 ----> 1.3#6.6#44.0#54.0#VAR 1689 0 0.607147 0.392853 
 ----> 1.3#6.6#44.0#54.0#VAR 1690 0 0.62653 0.37347 
 ----> 1.3#6.6#44.0#54.0#VAR 1691 0 0.592615 0.407385 
 ----> 1.3#6.6#44.0#54.0#VAR 1692 1 0.588569 0.411431 
 ----> 1.3#6.6#44.0#54.0#VAR 1693 1 0.588516 0.411484 
 ----> 1.3#6.6#44.0#54.0#VAR 1694 0 0.588804 0.411196 
 ----> 1.3#6.6#44.0#54.0#VAR 1695 1 0.581956 0.418044 
 ----> 1.3#6.6#44.0#54.0#VAR 1696 0 0.598803 0.401197 
 ----> 1.3#6.6#44.0#54.0#VAR 1697 1 0.588062 0.411938 
 ----> 1.3#6.6#44.0#54.0#VAR 1698 1 0.607897 0.392103 
 ----> 1.3#6.6#44.0#54.0#VAR 1699 1 0.609824 0.390176 
 ----> 1.3#6.6#44.0#54.0#VAR 1700 1 0.590593 0.409407 
 ----> 1.3#6.6#44.0#54.0#VAR 1701 1 0.59135 0.40865 
 ----> 1.3#6.6#44.0#54.0#VAR 1702 1 0.590855 0.409145 
 ----> 1.3#6.6#44.0#54.0#VAR 1703 1 0.583178 0.416822 
 ----> 1.3#6.6#44.0#54.0#VAR 1704 1 0.594881 0.405119 
 ----> 1.3#6.6#44.0#54.0#VAR 1705 1 0.611837 0.388163 
 ----> 1.3#6.6#44.0#54.0#VAR 1706 1 0.609351 0.390649 
 ----> 1.3#6.6#44.0#54.0#VAR 1707 0 0.627063 0.372937 
 ----> 1.3#6.6#44.0#54.0#VAR 1708 0 0.59949 0.40051 
 ----> 1.3#6.6#44.0#54.0#VAR 1709 1 0.527464 0.472536 
 ----> 1.3#6.6#44.0#54.0#VAR 1710 1 0.618928 0.381072 
 ----> 1.3#6.6#44.0#54.0#VAR 1711 1 0.596503 0.403497 
 ----> 1.3#6.6#44.0#54.0#VAR 1712 1 0.583707 0.416293 
 ----> 1.3#6.6#44.0#54.0#VAR 1713 1 0.602621 0.397379 
 ----> 1.3#6.6#44.0#54.0#VAR 1714 0 0.612845 0.387155 
 ----> 1.3#6.6#44.0#54.0#VAR 1715 0 0.624903 0.375097 
 ----> 1.3#6.6#44.0#54.0#VAR 1716 0 0.607051 0.392949 
 ----> 1.3#6.6#44.0#54.0#VAR 1717 0 0.606836 0.393164 
 ----> 1.3#6.6#44.0#54.0#VAR 1718 0 0.605673 0.394327 
 ----> 1.3#6.6#44.0#54.0#VAR 1719 0 0.594289 0.405711 
 ----> 1.3#6.6#44.0#54.0#VAR 1720 0 0.613831 0.386169 
 ----> 1.3#6.6#44.0#54.0#VAR 1721 0 0.578536 0.421464 
 ----> 1.3#6.6#44.0#54.0#VAR 1722 1 0.598371 0.401629 
 ----> 1.3#6.6#44.0#54.0#VAR 1723 1 0.620517 0.379483 
 ----> 1.3#6.6#44.0#54.0#VAR 1724 1 0.589426 0.410574 
 ----> 1.3#6.6#44.0#54.0#VAR 1725 0 0.596887 0.403113 
 ----> 1.3#6.6#44.0#54.0#VAR 1726 1 0.583962 0.416038 
 ----> 1.3#6.6#44.0#54.0#VAR 1727 0 0.586913 0.413087 
 ----> 1.3#6.6#44.0#54.0#VAR 1728 0 0.581131 0.418869 
 ----> 1.3#6.6#44.0#54.0#VAR 1729 1 0.595539 0.404461 
 ----> 1.3#6.6#44.0#54.0#VAR 1730 0 0.577127 0.422873 
 ----> 1.3#6.6#44.0#54.0#VAR 1731 1 0.605336 0.394664 
 ----> 1.3#6.6#44.0#54.0#VAR 1732 1 0.602206 0.397794 
 ----> 1.3#6.6#44.0#54.0#VAR 1733 0 0.605938 0.394062 
 ----> 1.3#6.6#44.0#54.0#VAR 1734 1 0.587001 0.412999 
 ----> 1.3#6.6#44.0#54.0#VAR 1735 0 0.599995 0.400005 
 ----> 1.3#6.6#44.0#54.0#VAR 1736 1 0.568498 0.431502 
 ----> 1.3#6.6#44.0#54.0#VAR 1737 1 0.606607 0.393393 
 ----> 1.3#6.6#44.0#54.0#VAR 1738 0 0.624001 0.375999 
 ----> 1.3#6.6#44.0#54.0#VAR 1739 1 0.603863 0.396137 
 ----> 1.3#6.6#44.0#54.0#VAR 1740 1 0.624488 0.375512 
 ----> 1.3#6.6#44.0#54.0#VAR 1741 0 0.614021 0.385979 
 ----> 1.3#6.6#44.0#54.0#VAR 1742 1 0.626763 0.373237 
 ----> 1.3#6.6#44.0#54.0#VAR 1743 1 0.606587 0.393413 
 ----> 1.3#6.6#44.0#54.0#VAR 1744 0 0.612611 0.387389 
 ----> 1.3#6.6#44.0#54.0#VAR 1745 1 0.610435 0.389565 
 ----> 1.3#6.6#44.0#54.0#VAR 1746 1 0.612515 0.387485 
 ----> 1.3#6.6#44.0#54.0#VAR 1747 1 0.607124 0.392876 
 ----> 1.3#6.6#44.0#54.0#VAR 1748 1 0.608246 0.391754 
 ----> 1.3#6.6#44.0#54.0#VAR 1749 1 0.617692 0.382308 
 ----> 1.3#6.6#44.0#54.0#VAR 1750 1 0.596498 0.403502 
 ----> 1.3#6.6#44.0#54.0#VAR 1751 1 0.598824 0.401176 
 ----> 1.3#6.6#44.0#54.0#VAR 1752 1 0.618079 0.381921 
 ----> 1.3#6.6#44.0#54.0#VAR 1753 1 0.610512 0.389488 
 ----> 1.3#6.6#44.0#54.0#VAR 1754 0 0.579313 0.420687 
 ----> 1.3#6.6#44.0#54.0#VAR 1755 1 0.585214 0.414786 
 ----> 1.3#6.6#44.0#54.0#VAR 1756 0 0.571096 0.428904 
 ----> 1.3#6.6#44.0#54.0#VAR 1757 0 0.577186 0.422814 
 ----> 1.3#6.6#44.0#54.0#VAR 1758 1 0.592063 0.407937 
 ----> 1.3#6.6#44.0#54.0#VAR 1759 1 0.593876 0.406124 
 ----> 1.3#6.6#44.0#54.0#VAR 1760 1 0.599043 0.400957 
 ----> 1.3#6.6#44.0#54.0#VAR 1761 1 0.571234 0.428766 
 ----> 1.3#6.6#44.0#54.0#VAR 1762 1 0.599287 0.400713 
 ----> 1.3#6.6#44.0#54.0#VAR 1763 1 0.610701 0.389299 
 ----> 1.3#6.6#44.0#54.0#VAR 1764 1 0.602844 0.397156 
 ----> 1.3#6.6#44.0#54.0#VAR 1765 0 0.596626 0.403374 
 ----> 1.3#6.6#44.0#54.0#VAR 1766 0 0.603569 0.396431 
 ----> 1.3#6.6#44.0#54.0#VAR 1767 0 0.578843 0.421157 
 ----> 1.3#6.6#44.0#54.0#VAR 1768 1 0.606013 0.393987 
 ----> 1.3#6.6#44.0#54.0#VAR 1769 0 0.578225 0.421775 
 ----> 1.3#6.6#44.0#54.0#VAR 1770 0 0.591448 0.408552 
 ----> 1.3#6.6#44.0#54.0#VAR 1771 1 0.594066 0.405934 
 ----> 1.3#6.6#44.0#54.0#VAR 1772 0 0.581661 0.418339 
 ----> 1.3#6.6#44.0#54.0#VAR 1773 1 0.579285 0.420715 
 ----> 1.3#6.6#44.0#54.0#VAR 1774 1 0.592048 0.407952 
 ----> 1.3#6.6#44.0#54.0#VAR 1775 1 0.590735 0.409265 
 ----> 1.3#6.6#44.0#54.0#VAR 1776 1 0.617373 0.382627 
 ----> 1.3#6.6#44.0#54.0#VAR 1777 0 0.611822 0.388178 
 ----> 1.3#6.6#44.0#54.0#VAR 1778 1 0.58951 0.41049 
 ----> 1.3#6.6#44.0#54.0#VAR 1779 1 0.619101 0.380899 
 ----> 1.3#6.6#44.0#54.0#VAR 1780 1 0.597066 0.402934 
 ----> 1.3#6.6#44.0#54.0#VAR 1781 1 0.59135 0.40865 
 ----> 1.3#6.6#44.0#54.0#VAR 1782 1 0.595747 0.404253 
 ----> 1.3#6.6#44.0#54.0#VAR 1783 0 0.604847 0.395153 
 ----> 1.3#6.6#44.0#54.0#VAR 1784 1 0.592298 0.407702 
 ----> 1.3#6.6#44.0#54.0#VAR 1785 0 0.576669 0.423331 
 ----> 1.3#6.6#44.0#54.0#VAR 1786 1 0.601892 0.398108 
 ----> 1.3#6.6#44.0#54.0#VAR 1787 0 0.592038 0.407962 
 ----> 1.3#6.6#44.0#54.0#VAR 1788 0 0.609784 0.390216 
 ----> 1.3#6.6#44.0#54.0#VAR 1789 1 0.61039 0.38961 
 ----> 1.3#6.6#44.0#54.0#VAR 1790 1 0.55614 0.44386 
 ----> 1.3#6.6#44.0#54.0#VAR 1791 0 0.585538 0.414462 
 ----> 1.3#6.6#44.0#54.0#VAR 1792 1 0.583846 0.416154 
 ----> 1.3#6.6#44.0#54.0#VAR 1793 0 0.597804 0.402196 
 ----> 1.3#6.6#44.0#54.0#VAR 1794 1 0.593173 0.406827 
 ----> 1.3#6.6#44.0#54.0#VAR 1795 1 0.58746 0.41254 
 ----> 1.3#6.6#44.0#54.0#VAR 1796 0 0.601905 0.398095 
 ----> 1.3#6.6#44.0#54.0#VAR 1797 1 0.583718 0.416282 
 ----> 1.3#6.6#44.0#54.0#VAR 1798 0 0.586002 0.413998 
 ----> 1.3#6.6#44.0#54.0#VAR 1799 0 0.57489 0.42511 
 ----> 1.3#6.6#44.0#54.0#VAR 1800 0 0.562137 0.437863 
 ----> 1.3#6.6#44.0#54.0#VAR 1801 1 0.587685 0.412315 
 ----> 1.3#6.6#44.0#54.0#VAR 1802 0 0.582337 0.417663 
 ----> 1.3#6.6#44.0#54.0#VAR 1803 1 0.564245 0.435755 
 ----> 1.3#6.6#44.0#54.0#VAR 1804 1 0.581142 0.418858 
 ----> 1.3#6.6#44.0#54.0#VAR 1805 0 0.592832 0.407168 
 ----> 1.3#6.6#44.0#54.0#VAR 1806 1 0.594402 0.405598 
 ----> 1.3#6.6#44.0#54.0#VAR 1807 1 0.616495 0.383505 
 ----> 1.3#6.6#44.0#54.0#VAR 1808 1 0.607864 0.392136 
 ----> 1.3#6.6#44.0#54.0#VAR 1809 1 0.62671 0.37329 
 ----> 1.3#6.6#44.0#54.0#VAR 1810 1 0.615648 0.384352 
 ----> 1.3#6.6#44.0#54.0#VAR 1811 1 0.578734 0.421266 
 ----> 1.3#6.6#44.0#54.0#VAR 1812 0 0.579081 0.420919 
 ----> 1.3#6.6#44.0#54.0#VAR 1813 1 0.591106 0.408894 
 ----> 1.3#6.6#44.0#54.0#VAR 1814 1 0.572809 0.427191 
 ----> 1.3#6.6#44.0#54.0#VAR 1815 0 0.566302 0.433698 
 ----> 1.3#6.6#44.0#54.0#VAR 1816 0 0.595503 0.404497 
 ----> 1.3#6.6#44.0#54.0#VAR 1817 1 0.595823 0.404177 
 ----> 1.3#6.6#44.0#54.0#VAR 1818 1 0.59022 0.40978 
 ----> 1.3#6.6#44.0#54.0#VAR 1819 0 0.603297 0.396703 
 ----> 1.3#6.6#44.0#54.0#VAR 1820 1 0.622543 0.377457 
 ----> 1.3#6.6#44.0#54.0#VAR 1821 0 0.600751 0.399249 
 ----> 1.3#6.6#44.0#54.0#VAR 1822 1 0.601201 0.398799 
 ----> 1.3#6.6#44.0#54.0#VAR 1823 1 0.61216 0.38784 
 ----> 1.3#6.6#44.0#54.0#VAR 1824 1 0.598267 0.401733 
 ----> 1.3#6.6#44.0#54.0#VAR 1825 1 0.583803 0.416197 
 ----> 1.3#6.6#44.0#54.0#VAR 1826 0 0.584538 0.415462 
 ++++> 1.3#6.6#44.0#54.0#VAR 1827  0 0.581749 0.418251 
