 ----> 6.6#11.9#4.0#14.0#VAR 7 1 0.528449 0.471551 
 ----> 6.6#11.9#4.0#14.0#VAR 8 1 0.490259 0.509741 
 ----> 6.6#11.9#4.0#14.0#VAR 9 1 0.51097 0.48903 
 ----> 6.6#11.9#4.0#14.0#VAR 10 1 0.47787 0.52213 
 ----> 6.6#11.9#4.0#14.0#VAR 11 1 0.488768 0.511232 
 ----> 6.6#11.9#4.0#14.0#VAR 12 0 0.470636 0.529364 
 ----> 6.6#11.9#4.0#14.0#VAR 13 1 0.482875 0.517125 
 ----> 6.6#11.9#4.0#14.0#VAR 14 0 0.48342 0.51658 
 ----> 6.6#11.9#4.0#14.0#VAR 15 1 0.464381 0.535619 
 ----> 6.6#11.9#4.0#14.0#VAR 16 1 0.475493 0.524507 
 ----> 6.6#11.9#4.0#14.0#VAR 17 1 0.474313 0.525687 
 ----> 6.6#11.9#4.0#14.0#VAR 18 1 0.467007 0.532993 
 ----> 6.6#11.9#4.0#14.0#VAR 19 1 0.474274 0.525726 
 ----> 6.6#11.9#4.0#14.0#VAR 20 1 0.445527 0.554473 
 ----> 6.6#11.9#4.0#14.0#VAR 21 0 0.519253 0.480747 
 ----> 6.6#11.9#4.0#14.0#VAR 22 1 0.481489 0.518511 
 ----> 6.6#11.9#4.0#14.0#VAR 23 0 0.477288 0.522712 
 ----> 6.6#11.9#4.0#14.0#VAR 24 0 0.468329 0.531671 
 ----> 6.6#11.9#4.0#14.0#VAR 25 0 0.467982 0.532018 
 ----> 6.6#11.9#4.0#14.0#VAR 26 0 0.479253 0.520747 
 ----> 6.6#11.9#4.0#14.0#VAR 27 0 0.489153 0.510847 
 ----> 6.6#11.9#4.0#14.0#VAR 28 1 0.479557 0.520443 
 ----> 6.6#11.9#4.0#14.0#VAR 29 1 0.460047 0.539953 
 ----> 6.6#11.9#4.0#14.0#VAR 30 1 0.507308 0.492692 
 ----> 6.6#11.9#4.0#14.0#VAR 31 0 0.4844 0.5156 
 ----> 6.6#11.9#4.0#14.0#VAR 32 0 0.480992 0.519008 
 ----> 6.6#11.9#4.0#14.0#VAR 33 0 0.494016 0.505984 
 ----> 6.6#11.9#4.0#14.0#VAR 34 1 0.491766 0.508234 
 ----> 6.6#11.9#4.0#14.0#VAR 35 0 0.491924 0.508076 
 ----> 6.6#11.9#4.0#14.0#VAR 36 1 0.482327 0.517673 
 ----> 6.6#11.9#4.0#14.0#VAR 37 1 0.488569 0.511431 
 ----> 6.6#11.9#4.0#14.0#VAR 38 1 0.478334 0.521666 
 ----> 6.6#11.9#4.0#14.0#VAR 39 0 0.499661 0.500339 
 ----> 6.6#11.9#4.0#14.0#VAR 40 0 0.494493 0.505507 
 ----> 6.6#11.9#4.0#14.0#VAR 41 1 0.49512 0.50488 
 ----> 6.6#11.9#4.0#14.0#VAR 42 1 0.490253 0.509747 
 ----> 6.6#11.9#4.0#14.0#VAR 43 1 0.504098 0.495902 
 ----> 6.6#11.9#4.0#14.0#VAR 44 1 0.492393 0.507607 
 ----> 6.6#11.9#4.0#14.0#VAR 45 1 0.499292 0.500708 
 ----> 6.6#11.9#4.0#14.0#VAR 46 1 0.492387 0.507613 
 ----> 6.6#11.9#4.0#14.0#VAR 47 1 0.508566 0.491434 
 ----> 6.6#11.9#4.0#14.0#VAR 48 0 0.498055 0.501945 
 ----> 6.6#11.9#4.0#14.0#VAR 49 0 0.49409 0.50591 
 ----> 6.6#11.9#4.0#14.0#VAR 50 1 0.494918 0.505082 
 ----> 6.6#11.9#4.0#14.0#VAR 51 1 0.480258 0.519742 
 ----> 6.6#11.9#4.0#14.0#VAR 52 1 0.4991 0.5009 
 ----> 6.6#11.9#4.0#14.0#VAR 53 1 0.494451 0.505549 
 ----> 6.6#11.9#4.0#14.0#VAR 54 1 0.499914 0.500086 
 ----> 6.6#11.9#4.0#14.0#VAR 55 1 0.503014 0.496986 
 ----> 6.6#11.9#4.0#14.0#VAR 56 1 0.492019 0.507981 
 ----> 6.6#11.9#4.0#14.0#VAR 57 1 0.504342 0.495658 
 ----> 6.6#11.9#4.0#14.0#VAR 58 1 0.489467 0.510533 
 ----> 6.6#11.9#4.0#14.0#VAR 59 1 0.486933 0.513067 
 ----> 6.6#11.9#4.0#14.0#VAR 60 1 0.485407 0.514593 
 ----> 6.6#11.9#4.0#14.0#VAR 61 1 0.491526 0.508474 
 ----> 6.6#11.9#4.0#14.0#VAR 62 0 0.50231 0.49769 
 ----> 6.6#11.9#4.0#14.0#VAR 63 1 0.484302 0.515698 
 ----> 6.6#11.9#4.0#14.0#VAR 64 1 0.480635 0.519365 
 ----> 6.6#11.9#4.0#14.0#VAR 65 1 0.48725 0.51275 
 ----> 6.6#11.9#4.0#14.0#VAR 66 1 0.486919 0.513081 
 ----> 6.6#11.9#4.0#14.0#VAR 67 1 0.501064 0.498936 
 ----> 6.6#11.9#4.0#14.0#VAR 68 0 0.508741 0.491259 
 ----> 6.6#11.9#4.0#14.0#VAR 69 1 0.508297 0.491703 
 ----> 6.6#11.9#4.0#14.0#VAR 70 1 0.507876 0.492124 
 ----> 6.6#11.9#4.0#14.0#VAR 71 1 0.493614 0.506386 
 ----> 6.6#11.9#4.0#14.0#VAR 72 1 0.491412 0.508588 
 ----> 6.6#11.9#4.0#14.0#VAR 73 0 0.496664 0.503336 
 ----> 6.6#11.9#4.0#14.0#VAR 74 0 0.505822 0.494178 
 ----> 6.6#11.9#4.0#14.0#VAR 75 1 0.489216 0.510784 
 ----> 6.6#11.9#4.0#14.0#VAR 76 0 0.498782 0.501218 
 ----> 6.6#11.9#4.0#14.0#VAR 77 0 0.495681 0.504319 
 ----> 6.6#11.9#4.0#14.0#VAR 78 0 0.499765 0.500235 
 ----> 6.6#11.9#4.0#14.0#VAR 79 1 0.486455 0.513545 
 ----> 6.6#11.9#4.0#14.0#VAR 80 1 0.495816 0.504184 
 ----> 6.6#11.9#4.0#14.0#VAR 81 0 0.499885 0.500115 
 ----> 6.6#11.9#4.0#14.0#VAR 82 1 0.493769 0.506231 
 ----> 6.6#11.9#4.0#14.0#VAR 83 1 0.494707 0.505293 
 ----> 6.6#11.9#4.0#14.0#VAR 84 1 0.493126 0.506874 
 ----> 6.6#11.9#4.0#14.0#VAR 85 0 0.508459 0.491541 
 ----> 6.6#11.9#4.0#14.0#VAR 86 0 0.503081 0.496919 
 ----> 6.6#11.9#4.0#14.0#VAR 87 0 0.506474 0.493526 
 ----> 6.6#11.9#4.0#14.0#VAR 88 1 0.504591 0.495409 
 ----> 6.6#11.9#4.0#14.0#VAR 89 1 0.501638 0.498362 
 ----> 6.6#11.9#4.0#14.0#VAR 90 1 0.494583 0.505417 
 ----> 6.6#11.9#4.0#14.0#VAR 91 1 0.494581 0.505419 
 ----> 6.6#11.9#4.0#14.0#VAR 92 1 0.490975 0.509025 
 ----> 6.6#11.9#4.0#14.0#VAR 93 1 0.487873 0.512127 
 ----> 6.6#11.9#4.0#14.0#VAR 94 1 0.490339 0.509661 
 ----> 6.6#11.9#4.0#14.0#VAR 95 1 0.49439 0.50561 
 ----> 6.6#11.9#4.0#14.0#VAR 96 0 0.498702 0.501298 
 ----> 6.6#11.9#4.0#14.0#VAR 97 0 0.509951 0.490049 
 ----> 6.6#11.9#4.0#14.0#VAR 98 0 0.503449 0.496551 
 ----> 6.6#11.9#4.0#14.0#VAR 99 1 0.49325 0.50675 
 ----> 6.6#11.9#4.0#14.0#VAR 100 0 0.510636 0.489364 
 ----> 6.6#11.9#4.0#14.0#VAR 101 0 0.502936 0.497064 
 ----> 6.6#11.9#4.0#14.0#VAR 102 1 0.499149 0.500851 
 ----> 6.6#11.9#4.0#14.0#VAR 103 1 0.498436 0.501564 
 ----> 6.6#11.9#4.0#14.0#VAR 104 0 0.509639 0.490361 
 ----> 6.6#11.9#4.0#14.0#VAR 105 1 0.506445 0.493555 
 ----> 6.6#11.9#4.0#14.0#VAR 106 0 0.506003 0.493997 
 ----> 6.6#11.9#4.0#14.0#VAR 107 0 0.504264 0.495736 
 ----> 6.6#11.9#4.0#14.0#VAR 108 1 0.50561 0.49439 
 ----> 6.6#11.9#4.0#14.0#VAR 109 0 0.51193 0.48807 
 ----> 6.6#11.9#4.0#14.0#VAR 110 1 0.497464 0.502536 
 ----> 6.6#11.9#4.0#14.0#VAR 111 0 0.50002 0.49998 
 ----> 6.6#11.9#4.0#14.0#VAR 112 0 0.482761 0.517239 
 ----> 6.6#11.9#4.0#14.0#VAR 113 0 0.502403 0.497597 
 ----> 6.6#11.9#4.0#14.0#VAR 114 0 0.497476 0.502524 
 ----> 6.6#11.9#4.0#14.0#VAR 115 1 0.49309 0.50691 
 ----> 6.6#11.9#4.0#14.0#VAR 116 1 0.489781 0.510219 
 ----> 6.6#11.9#4.0#14.0#VAR 117 1 0.488865 0.511135 
 ----> 6.6#11.9#4.0#14.0#VAR 118 0 0.51162 0.48838 
 ----> 6.6#11.9#4.0#14.0#VAR 119 0 0.527722 0.472278 
 ----> 6.6#11.9#4.0#14.0#VAR 120 1 0.51975 0.48025 
 ----> 6.6#11.9#4.0#14.0#VAR 121 1 0.470176 0.529824 
 ----> 6.6#11.9#4.0#14.0#VAR 122 0 0.506156 0.493844 
 ----> 6.6#11.9#4.0#14.0#VAR 123 0 0.499899 0.500101 
 ----> 6.6#11.9#4.0#14.0#VAR 124 0 0.499507 0.500493 
 ----> 6.6#11.9#4.0#14.0#VAR 125 1 0.485378 0.514622 
 ----> 6.6#11.9#4.0#14.0#VAR 126 1 0.501684 0.498316 
 ----> 6.6#11.9#4.0#14.0#VAR 127 0 0.508849 0.491151 
 ----> 6.6#11.9#4.0#14.0#VAR 128 1 0.507894 0.492106 
 ----> 6.6#11.9#4.0#14.0#VAR 129 1 0.492819 0.507181 
 ----> 6.6#11.9#4.0#14.0#VAR 130 1 0.499602 0.500398 
 ----> 6.6#11.9#4.0#14.0#VAR 131 0 0.517313 0.482687 
 ----> 6.6#11.9#4.0#14.0#VAR 132 1 0.500227 0.499773 
 ----> 6.6#11.9#4.0#14.0#VAR 133 1 0.496621 0.503379 
 ----> 6.6#11.9#4.0#14.0#VAR 134 1 0.499936 0.500064 
 ----> 6.6#11.9#4.0#14.0#VAR 135 0 0.514866 0.485134 
 ----> 6.6#11.9#4.0#14.0#VAR 136 0 0.493013 0.506987 
 ----> 6.6#11.9#4.0#14.0#VAR 137 1 0.495526 0.504474 
 ----> 6.6#11.9#4.0#14.0#VAR 138 0 0.51134 0.48866 
 ----> 6.6#11.9#4.0#14.0#VAR 139 0 0.490352 0.509648 
 ----> 6.6#11.9#4.0#14.0#VAR 140 0 0.496505 0.503495 
 ----> 6.6#11.9#4.0#14.0#VAR 141 1 0.50194 0.49806 
 ----> 6.6#11.9#4.0#14.0#VAR 142 0 0.507845 0.492155 
 ----> 6.6#11.9#4.0#14.0#VAR 143 1 0.485173 0.514827 
 ----> 6.6#11.9#4.0#14.0#VAR 144 0 0.518793 0.481207 
 ----> 6.6#11.9#4.0#14.0#VAR 145 0 0.509218 0.490782 
 ----> 6.6#11.9#4.0#14.0#VAR 146 0 0.511027 0.488973 
 ----> 6.6#11.9#4.0#14.0#VAR 147 1 0.499138 0.500862 
 ----> 6.6#11.9#4.0#14.0#VAR 148 1 0.504119 0.495881 
 ----> 6.6#11.9#4.0#14.0#VAR 149 1 0.492881 0.507119 
 ----> 6.6#11.9#4.0#14.0#VAR 150 1 0.497574 0.502426 
 ----> 6.6#11.9#4.0#14.0#VAR 151 0 0.509901 0.490099 
 ----> 6.6#11.9#4.0#14.0#VAR 152 0 0.50601 0.49399 
 ----> 6.6#11.9#4.0#14.0#VAR 153 1 0.506886 0.493114 
 ----> 6.6#11.9#4.0#14.0#VAR 154 0 0.508345 0.491655 
 ----> 6.6#11.9#4.0#14.0#VAR 155 1 0.491837 0.508163 
 ----> 6.6#11.9#4.0#14.0#VAR 156 0 0.514741 0.485259 
 ----> 6.6#11.9#4.0#14.0#VAR 157 1 0.510808 0.489192 
 ----> 6.6#11.9#4.0#14.0#VAR 158 0 0.500818 0.499182 
 ----> 6.6#11.9#4.0#14.0#VAR 159 0 0.51388 0.48612 
 ----> 6.6#11.9#4.0#14.0#VAR 160 1 0.507263 0.492737 
 ----> 6.6#11.9#4.0#14.0#VAR 161 0 0.516673 0.483327 
 ----> 6.6#11.9#4.0#14.0#VAR 162 1 0.498157 0.501843 
 ----> 6.6#11.9#4.0#14.0#VAR 163 0 0.518004 0.481996 
 ----> 6.6#11.9#4.0#14.0#VAR 164 1 0.513556 0.486444 
 ----> 6.6#11.9#4.0#14.0#VAR 165 0 0.511812 0.488188 
 ----> 6.6#11.9#4.0#14.0#VAR 166 0 0.532504 0.467496 
 ----> 6.6#11.9#4.0#14.0#VAR 167 0 0.500082 0.499918 
 ----> 6.6#11.9#4.0#14.0#VAR 168 1 0.499906 0.500094 
 ----> 6.6#11.9#4.0#14.0#VAR 169 1 0.473443 0.526557 
 ----> 6.6#11.9#4.0#14.0#VAR 170 1 0.490703 0.509297 
 ----> 6.6#11.9#4.0#14.0#VAR 171 1 0.503732 0.496268 
 ----> 6.6#11.9#4.0#14.0#VAR 172 0 0.506704 0.493296 
 ----> 6.6#11.9#4.0#14.0#VAR 173 0 0.504035 0.495965 
 ----> 6.6#11.9#4.0#14.0#VAR 174 1 0.50776 0.49224 
 ----> 6.6#11.9#4.0#14.0#VAR 175 0 0.514373 0.485627 
 ----> 6.6#11.9#4.0#14.0#VAR 176 1 0.51051 0.48949 
 ----> 6.6#11.9#4.0#14.0#VAR 177 0 0.508188 0.491812 
 ----> 6.6#11.9#4.0#14.0#VAR 178 1 0.515718 0.484282 
 ----> 6.6#11.9#4.0#14.0#VAR 179 0 0.504352 0.495648 
 ----> 6.6#11.9#4.0#14.0#VAR 180 1 0.492036 0.507964 
 ----> 6.6#11.9#4.0#14.0#VAR 181 0 0.508908 0.491092 
 ----> 6.6#11.9#4.0#14.0#VAR 182 1 0.514333 0.485667 
 ----> 6.6#11.9#4.0#14.0#VAR 183 0 0.496901 0.503099 
 ----> 6.6#11.9#4.0#14.0#VAR 184 1 0.513439 0.486561 
 ----> 6.6#11.9#4.0#14.0#VAR 185 1 0.498943 0.501057 
 ----> 6.6#11.9#4.0#14.0#VAR 186 0 0.524084 0.475916 
 ----> 6.6#11.9#4.0#14.0#VAR 187 1 0.5059 0.4941 
 ----> 6.6#11.9#4.0#14.0#VAR 188 0 0.500197 0.499803 
 ----> 6.6#11.9#4.0#14.0#VAR 189 1 0.49885 0.50115 
 ----> 6.6#11.9#4.0#14.0#VAR 190 1 0.520591 0.479409 
 ----> 6.6#11.9#4.0#14.0#VAR 191 0 0.500824 0.499176 
 ----> 6.6#11.9#4.0#14.0#VAR 192 0 0.528298 0.471702 
 ----> 6.6#11.9#4.0#14.0#VAR 193 0 0.510689 0.489311 
 ----> 6.6#11.9#4.0#14.0#VAR 194 0 0.527265 0.472735 
 ----> 6.6#11.9#4.0#14.0#VAR 195 1 0.506001 0.493999 
 ----> 6.6#11.9#4.0#14.0#VAR 196 0 0.522895 0.477105 
 ----> 6.6#11.9#4.0#14.0#VAR 197 1 0.492553 0.507447 
 ----> 6.6#11.9#4.0#14.0#VAR 198 1 0.492822 0.507178 
 ----> 6.6#11.9#4.0#14.0#VAR 199 1 0.506348 0.493652 
 ----> 6.6#11.9#4.0#14.0#VAR 200 0 0.498138 0.501862 
 ----> 6.6#11.9#4.0#14.0#VAR 201 1 0.501655 0.498345 
 ----> 6.6#11.9#4.0#14.0#VAR 202 0 0.508935 0.491065 
 ----> 6.6#11.9#4.0#14.0#VAR 203 0 0.5214 0.4786 
 ----> 6.6#11.9#4.0#14.0#VAR 204 1 0.53437 0.46563 
 ----> 6.6#11.9#4.0#14.0#VAR 205 0 0.502631 0.497369 
 ----> 6.6#11.9#4.0#14.0#VAR 206 0 0.505561 0.494439 
 ----> 6.6#11.9#4.0#14.0#VAR 207 1 0.509877 0.490123 
 ----> 6.6#11.9#4.0#14.0#VAR 208 0 0.504139 0.495861 
 ----> 6.6#11.9#4.0#14.0#VAR 209 1 0.487481 0.512519 
 ----> 6.6#11.9#4.0#14.0#VAR 210 1 0.5009 0.4991 
 ----> 6.6#11.9#4.0#14.0#VAR 211 0 0.509796 0.490204 
 ----> 6.6#11.9#4.0#14.0#VAR 212 1 0.485339 0.514661 
 ----> 6.6#11.9#4.0#14.0#VAR 213 0 0.493524 0.506476 
 ----> 6.6#11.9#4.0#14.0#VAR 214 0 0.506042 0.493958 
 ----> 6.6#11.9#4.0#14.0#VAR 215 1 0.506107 0.493893 
 ----> 6.6#11.9#4.0#14.0#VAR 216 1 0.493309 0.506691 
 ----> 6.6#11.9#4.0#14.0#VAR 217 0 0.514254 0.485746 
 ----> 6.6#11.9#4.0#14.0#VAR 218 1 0.496032 0.503968 
 ----> 6.6#11.9#4.0#14.0#VAR 219 1 0.502424 0.497576 
 ----> 6.6#11.9#4.0#14.0#VAR 220 1 0.497237 0.502763 
 ----> 6.6#11.9#4.0#14.0#VAR 221 1 0.509332 0.490668 
 ----> 6.6#11.9#4.0#14.0#VAR 222 0 0.506053 0.493947 
 ----> 6.6#11.9#4.0#14.0#VAR 223 1 0.515845 0.484155 
 ----> 6.6#11.9#4.0#14.0#VAR 224 0 0.50833 0.49167 
 ----> 6.6#11.9#4.0#14.0#VAR 225 1 0.497022 0.502978 
 ----> 6.6#11.9#4.0#14.0#VAR 226 0 0.498859 0.501141 
 ----> 6.6#11.9#4.0#14.0#VAR 227 1 0.509999 0.490001 
 ----> 6.6#11.9#4.0#14.0#VAR 228 1 0.508283 0.491717 
 ----> 6.6#11.9#4.0#14.0#VAR 229 1 0.480486 0.519514 
 ----> 6.6#11.9#4.0#14.0#VAR 230 1 0.465749 0.534251 
 ----> 6.6#11.9#4.0#14.0#VAR 231 0 0.525167 0.474833 
 ----> 6.6#11.9#4.0#14.0#VAR 232 0 0.52202 0.47798 
 ----> 6.6#11.9#4.0#14.0#VAR 233 1 0.503662 0.496338 
 ----> 6.6#11.9#4.0#14.0#VAR 234 1 0.490664 0.509336 
 ----> 6.6#11.9#4.0#14.0#VAR 235 1 0.506335 0.493665 
 ----> 6.6#11.9#4.0#14.0#VAR 236 0 0.503161 0.496839 
 ----> 6.6#11.9#4.0#14.0#VAR 237 0 0.504047 0.495953 
 ----> 6.6#11.9#4.0#14.0#VAR 238 0 0.500884 0.499116 
 ----> 6.6#11.9#4.0#14.0#VAR 239 1 0.489339 0.510661 
 ----> 6.6#11.9#4.0#14.0#VAR 240 0 0.506981 0.493019 
 ----> 6.6#11.9#4.0#14.0#VAR 241 1 0.490563 0.509437 
 ----> 6.6#11.9#4.0#14.0#VAR 242 0 0.501801 0.498199 
 ----> 6.6#11.9#4.0#14.0#VAR 243 0 0.504252 0.495748 
 ----> 6.6#11.9#4.0#14.0#VAR 244 1 0.503072 0.496928 
 ----> 6.6#11.9#4.0#14.0#VAR 245 0 0.513801 0.486199 
 ----> 6.6#11.9#4.0#14.0#VAR 246 0 0.4966 0.5034 
 ----> 6.6#11.9#4.0#14.0#VAR 247 1 0.509821 0.490179 
 ----> 6.6#11.9#4.0#14.0#VAR 248 1 0.489259 0.510741 
 ----> 6.6#11.9#4.0#14.0#VAR 249 1 0.481026 0.518974 
 ----> 6.6#11.9#4.0#14.0#VAR 250 1 0.497522 0.502478 
 ----> 6.6#11.9#4.0#14.0#VAR 251 0 0.492779 0.507221 
 ----> 6.6#11.9#4.0#14.0#VAR 252 0 0.507918 0.492082 
 ----> 6.6#11.9#4.0#14.0#VAR 253 0 0.503975 0.496025 
 ----> 6.6#11.9#4.0#14.0#VAR 254 1 0.489528 0.510472 
 ----> 6.6#11.9#4.0#14.0#VAR 255 0 0.499088 0.500912 
 ----> 6.6#11.9#4.0#14.0#VAR 256 0 0.4972 0.5028 
 ----> 6.6#11.9#4.0#14.0#VAR 257 0 0.506106 0.493894 
 ----> 6.6#11.9#4.0#14.0#VAR 258 0 0.506964 0.493036 
 ----> 6.6#11.9#4.0#14.0#VAR 259 0 0.508471 0.491529 
 ----> 6.6#11.9#4.0#14.0#VAR 260 1 0.491473 0.508527 
 ----> 6.6#11.9#4.0#14.0#VAR 261 1 0.501937 0.498063 
 ----> 6.6#11.9#4.0#14.0#VAR 262 0 0.509659 0.490341 
 ----> 6.6#11.9#4.0#14.0#VAR 263 0 0.512129 0.487871 
 ----> 6.6#11.9#4.0#14.0#VAR 264 1 0.498796 0.501204 
 ----> 6.6#11.9#4.0#14.0#VAR 265 0 0.519082 0.480918 
 ----> 6.6#11.9#4.0#14.0#VAR 266 0 0.526454 0.473546 
 ----> 6.6#11.9#4.0#14.0#VAR 267 1 0.498497 0.501503 
 ----> 6.6#11.9#4.0#14.0#VAR 268 1 0.497426 0.502574 
 ----> 6.6#11.9#4.0#14.0#VAR 269 0 0.505301 0.494699 
 ----> 6.6#11.9#4.0#14.0#VAR 270 1 0.504548 0.495452 
 ----> 6.6#11.9#4.0#14.0#VAR 271 0 0.509014 0.490986 
 ----> 6.6#11.9#4.0#14.0#VAR 272 0 0.515789 0.484211 
 ----> 6.6#11.9#4.0#14.0#VAR 273 1 0.50004 0.49996 
 ----> 6.6#11.9#4.0#14.0#VAR 274 1 0.49271 0.50729 
 ----> 6.6#11.9#4.0#14.0#VAR 275 1 0.502231 0.497769 
 ----> 6.6#11.9#4.0#14.0#VAR 276 1 0.495182 0.504818 
 ----> 6.6#11.9#4.0#14.0#VAR 277 1 0.496727 0.503273 
 ----> 6.6#11.9#4.0#14.0#VAR 278 1 0.488908 0.511092 
 ----> 6.6#11.9#4.0#14.0#VAR 279 1 0.504962 0.495038 
 ----> 6.6#11.9#4.0#14.0#VAR 280 0 0.50829 0.49171 
 ----> 6.6#11.9#4.0#14.0#VAR 281 0 0.505874 0.494126 
 ----> 6.6#11.9#4.0#14.0#VAR 282 1 0.4982 0.5018 
 ----> 6.6#11.9#4.0#14.0#VAR 283 0 0.509471 0.490529 
 ----> 6.6#11.9#4.0#14.0#VAR 284 0 0.532956 0.467044 
 ----> 6.6#11.9#4.0#14.0#VAR 285 0 0.508218 0.491782 
 ----> 6.6#11.9#4.0#14.0#VAR 286 0 0.504284 0.495716 
 ----> 6.6#11.9#4.0#14.0#VAR 287 0 0.502294 0.497706 
 ----> 6.6#11.9#4.0#14.0#VAR 288 1 0.492986 0.507014 
 ----> 6.6#11.9#4.0#14.0#VAR 289 1 0.484663 0.515337 
 ----> 6.6#11.9#4.0#14.0#VAR 290 0 0.519743 0.480257 
 ----> 6.6#11.9#4.0#14.0#VAR 291 1 0.502624 0.497376 
 ----> 6.6#11.9#4.0#14.0#VAR 292 1 0.506585 0.493415 
 ----> 6.6#11.9#4.0#14.0#VAR 293 1 0.50144 0.49856 
 ----> 6.6#11.9#4.0#14.0#VAR 294 1 0.510059 0.489941 
 ----> 6.6#11.9#4.0#14.0#VAR 295 1 0.485559 0.514441 
 ----> 6.6#11.9#4.0#14.0#VAR 296 1 0.497905 0.502095 
 ----> 6.6#11.9#4.0#14.0#VAR 297 1 0.483264 0.516736 
 ----> 6.6#11.9#4.0#14.0#VAR 298 1 0.511488 0.488512 
 ----> 6.6#11.9#4.0#14.0#VAR 299 1 0.502053 0.497947 
 ----> 6.6#11.9#4.0#14.0#VAR 300 1 0.492282 0.507718 
 ----> 6.6#11.9#4.0#14.0#VAR 301 1 0.496215 0.503785 
 ----> 6.6#11.9#4.0#14.0#VAR 302 1 0.4962 0.5038 
 ----> 6.6#11.9#4.0#14.0#VAR 303 0 0.511838 0.488162 
 ----> 6.6#11.9#4.0#14.0#VAR 304 0 0.511876 0.488124 
 ----> 6.6#11.9#4.0#14.0#VAR 305 1 0.486777 0.513223 
 ----> 6.6#11.9#4.0#14.0#VAR 306 1 0.510194 0.489806 
 ----> 6.6#11.9#4.0#14.0#VAR 307 1 0.501242 0.498758 
 ----> 6.6#11.9#4.0#14.0#VAR 308 0 0.511678 0.488322 
 ----> 6.6#11.9#4.0#14.0#VAR 309 1 0.507712 0.492288 
 ----> 6.6#11.9#4.0#14.0#VAR 310 0 0.513387 0.486613 
 ----> 6.6#11.9#4.0#14.0#VAR 311 0 0.514268 0.485732 
 ----> 6.6#11.9#4.0#14.0#VAR 312 1 0.517579 0.482421 
 ----> 6.6#11.9#4.0#14.0#VAR 313 1 0.497605 0.502395 
 ----> 6.6#11.9#4.0#14.0#VAR 314 1 0.490012 0.509988 
 ----> 6.6#11.9#4.0#14.0#VAR 315 0 0.505881 0.494119 
 ----> 6.6#11.9#4.0#14.0#VAR 316 1 0.488696 0.511304 
 ----> 6.6#11.9#4.0#14.0#VAR 317 0 0.506945 0.493055 
 ----> 6.6#11.9#4.0#14.0#VAR 318 1 0.493902 0.506098 
 ----> 6.6#11.9#4.0#14.0#VAR 319 1 0.484874 0.515126 
 ----> 6.6#11.9#4.0#14.0#VAR 320 0 0.494321 0.505679 
 ----> 6.6#11.9#4.0#14.0#VAR 321 0 0.497731 0.502269 
 ----> 6.6#11.9#4.0#14.0#VAR 322 0 0.495028 0.504972 
 ----> 6.6#11.9#4.0#14.0#VAR 323 1 0.49399 0.50601 
 ----> 6.6#11.9#4.0#14.0#VAR 324 0 0.505684 0.494316 
 ----> 6.6#11.9#4.0#14.0#VAR 325 0 0.503824 0.496176 
 ----> 6.6#11.9#4.0#14.0#VAR 326 0 0.493393 0.506607 
 ----> 6.6#11.9#4.0#14.0#VAR 327 1 0.496098 0.503902 
 ----> 6.6#11.9#4.0#14.0#VAR 328 0 0.498928 0.501072 
 ----> 6.6#11.9#4.0#14.0#VAR 329 1 0.497868 0.502132 
 ----> 6.6#11.9#4.0#14.0#VAR 330 1 0.504829 0.495171 
 ----> 6.6#11.9#4.0#14.0#VAR 331 1 0.502631 0.497369 
 ----> 6.6#11.9#4.0#14.0#VAR 332 0 0.511909 0.488091 
 ----> 6.6#11.9#4.0#14.0#VAR 333 0 0.516919 0.483081 
 ----> 6.6#11.9#4.0#14.0#VAR 334 0 0.506764 0.493236 
 ----> 6.6#11.9#4.0#14.0#VAR 335 0 0.511162 0.488838 
 ----> 6.6#11.9#4.0#14.0#VAR 336 1 0.495421 0.504579 
 ----> 6.6#11.9#4.0#14.0#VAR 337 0 0.515483 0.484517 
 ----> 6.6#11.9#4.0#14.0#VAR 338 0 0.490075 0.509925 
 ----> 6.6#11.9#4.0#14.0#VAR 339 0 0.499621 0.500379 
 ----> 6.6#11.9#4.0#14.0#VAR 340 0 0.50964 0.49036 
 ----> 6.6#11.9#4.0#14.0#VAR 341 0 0.534484 0.465516 
 ----> 6.6#11.9#4.0#14.0#VAR 342 0 0.526644 0.473356 
 ----> 6.6#11.9#4.0#14.0#VAR 343 0 0.509268 0.490732 
 ----> 6.6#11.9#4.0#14.0#VAR 344 0 0.510754 0.489246 
 ----> 6.6#11.9#4.0#14.0#VAR 345 1 0.491679 0.508321 
 ----> 6.6#11.9#4.0#14.0#VAR 346 0 0.52418 0.47582 
 ----> 6.6#11.9#4.0#14.0#VAR 347 0 0.498021 0.501979 
 ----> 6.6#11.9#4.0#14.0#VAR 348 0 0.506436 0.493564 
 ----> 6.6#11.9#4.0#14.0#VAR 349 0 0.504106 0.495894 
 ----> 6.6#11.9#4.0#14.0#VAR 350 1 0.504895 0.495105 
 ----> 6.6#11.9#4.0#14.0#VAR 351 0 0.524019 0.475981 
 ----> 6.6#11.9#4.0#14.0#VAR 352 0 0.514558 0.485442 
 ----> 6.6#11.9#4.0#14.0#VAR 353 0 0.526743 0.473257 
 ----> 6.6#11.9#4.0#14.0#VAR 354 0 0.509742 0.490258 
 ----> 6.6#11.9#4.0#14.0#VAR 355 0 0.516389 0.483611 
 ----> 6.6#11.9#4.0#14.0#VAR 356 0 0.510039 0.489961 
 ----> 6.6#11.9#4.0#14.0#VAR 357 0 0.513489 0.486511 
 ----> 6.6#11.9#4.0#14.0#VAR 358 0 0.516717 0.483283 
 ----> 6.6#11.9#4.0#14.0#VAR 359 0 0.511336 0.488664 
 ----> 6.6#11.9#4.0#14.0#VAR 360 1 0.49648 0.50352 
 ----> 6.6#11.9#4.0#14.0#VAR 361 0 0.533854 0.466146 
 ----> 6.6#11.9#4.0#14.0#VAR 362 1 0.496495 0.503505 
 ----> 6.6#11.9#4.0#14.0#VAR 363 1 0.499174 0.500826 
 ----> 6.6#11.9#4.0#14.0#VAR 364 0 0.502725 0.497275 
 ----> 6.6#11.9#4.0#14.0#VAR 365 1 0.517348 0.482652 
 ----> 6.6#11.9#4.0#14.0#VAR 366 0 0.521107 0.478893 
 ----> 6.6#11.9#4.0#14.0#VAR 367 1 0.515196 0.484804 
 ----> 6.6#11.9#4.0#14.0#VAR 368 0 0.512444 0.487556 
 ----> 6.6#11.9#4.0#14.0#VAR 369 1 0.506572 0.493428 
 ----> 6.6#11.9#4.0#14.0#VAR 370 0 0.507812 0.492188 
 ----> 6.6#11.9#4.0#14.0#VAR 371 0 0.521287 0.478713 
 ----> 6.6#11.9#4.0#14.0#VAR 372 0 0.514996 0.485004 
 ----> 6.6#11.9#4.0#14.0#VAR 373 0 0.507381 0.492619 
 ----> 6.6#11.9#4.0#14.0#VAR 374 0 0.520668 0.479332 
 ----> 6.6#11.9#4.0#14.0#VAR 375 1 0.515308 0.484692 
 ----> 6.6#11.9#4.0#14.0#VAR 376 0 0.536728 0.463272 
 ----> 6.6#11.9#4.0#14.0#VAR 377 1 0.491027 0.508973 
 ----> 6.6#11.9#4.0#14.0#VAR 378 0 0.530934 0.469066 
 ----> 6.6#11.9#4.0#14.0#VAR 379 0 0.520864 0.479136 
 ----> 6.6#11.9#4.0#14.0#VAR 380 1 0.526539 0.473461 
 ----> 6.6#11.9#4.0#14.0#VAR 381 0 0.51931 0.48069 
 ----> 6.6#11.9#4.0#14.0#VAR 382 1 0.510562 0.489438 
 ----> 6.6#11.9#4.0#14.0#VAR 383 0 0.518722 0.481278 
 ----> 6.6#11.9#4.0#14.0#VAR 384 1 0.505049 0.494951 
 ----> 6.6#11.9#4.0#14.0#VAR 385 1 0.51861 0.48139 
 ----> 6.6#11.9#4.0#14.0#VAR 386 0 0.509064 0.490936 
 ----> 6.6#11.9#4.0#14.0#VAR 387 1 0.507291 0.492709 
 ----> 6.6#11.9#4.0#14.0#VAR 388 1 0.507859 0.492141 
 ----> 6.6#11.9#4.0#14.0#VAR 389 1 0.501357 0.498643 
 ----> 6.6#11.9#4.0#14.0#VAR 390 0 0.514549 0.485451 
 ----> 6.6#11.9#4.0#14.0#VAR 391 0 0.521108 0.478892 
 ----> 6.6#11.9#4.0#14.0#VAR 392 0 0.519038 0.480962 
 ----> 6.6#11.9#4.0#14.0#VAR 393 0 0.517434 0.482566 
 ----> 6.6#11.9#4.0#14.0#VAR 394 0 0.52793 0.47207 
 ----> 6.6#11.9#4.0#14.0#VAR 395 0 0.512684 0.487316 
 ----> 6.6#11.9#4.0#14.0#VAR 396 0 0.53241 0.46759 
 ----> 6.6#11.9#4.0#14.0#VAR 397 1 0.493752 0.506248 
 ----> 6.6#11.9#4.0#14.0#VAR 398 1 0.498133 0.501867 
 ----> 6.6#11.9#4.0#14.0#VAR 399 1 0.497482 0.502518 
 ----> 6.6#11.9#4.0#14.0#VAR 400 0 0.516558 0.483442 
 ----> 6.6#11.9#4.0#14.0#VAR 401 1 0.504787 0.495213 
 ----> 6.6#11.9#4.0#14.0#VAR 402 0 0.509425 0.490575 
 ----> 6.6#11.9#4.0#14.0#VAR 403 0 0.517472 0.482528 
 ----> 6.6#11.9#4.0#14.0#VAR 404 0 0.508613 0.491387 
 ----> 6.6#11.9#4.0#14.0#VAR 405 0 0.517003 0.482997 
 ----> 6.6#11.9#4.0#14.0#VAR 406 1 0.497897 0.502103 
 ----> 6.6#11.9#4.0#14.0#VAR 407 0 0.494517 0.505483 
 ----> 6.6#11.9#4.0#14.0#VAR 408 0 0.535147 0.464853 
 ----> 6.6#11.9#4.0#14.0#VAR 409 1 0.491076 0.508924 
 ----> 6.6#11.9#4.0#14.0#VAR 410 0 0.511487 0.488513 
 ----> 6.6#11.9#4.0#14.0#VAR 411 0 0.511616 0.488384 
 ----> 6.6#11.9#4.0#14.0#VAR 412 1 0.500764 0.499236 
 ----> 6.6#11.9#4.0#14.0#VAR 413 1 0.486365 0.513635 
 ----> 6.6#11.9#4.0#14.0#VAR 414 0 0.491515 0.508485 
 ----> 6.6#11.9#4.0#14.0#VAR 415 0 0.50853 0.49147 
 ----> 6.6#11.9#4.0#14.0#VAR 416 1 0.501237 0.498763 
 ----> 6.6#11.9#4.0#14.0#VAR 417 1 0.497417 0.502583 
 ----> 6.6#11.9#4.0#14.0#VAR 418 1 0.502837 0.497163 
 ----> 6.6#11.9#4.0#14.0#VAR 419 1 0.507832 0.492168 
 ----> 6.6#11.9#4.0#14.0#VAR 420 1 0.506196 0.493804 
 ----> 6.6#11.9#4.0#14.0#VAR 421 0 0.512442 0.487558 
 ----> 6.6#11.9#4.0#14.0#VAR 422 0 0.532285 0.467715 
 ----> 6.6#11.9#4.0#14.0#VAR 423 0 0.511348 0.488652 
 ----> 6.6#11.9#4.0#14.0#VAR 424 1 0.519311 0.480689 
 ----> 6.6#11.9#4.0#14.0#VAR 425 1 0.49777 0.50223 
 ----> 6.6#11.9#4.0#14.0#VAR 426 1 0.500261 0.499739 
 ----> 6.6#11.9#4.0#14.0#VAR 427 0 0.499882 0.500118 
 ----> 6.6#11.9#4.0#14.0#VAR 428 0 0.517743 0.482257 
 ----> 6.6#11.9#4.0#14.0#VAR 429 1 0.515968 0.484032 
 ----> 6.6#11.9#4.0#14.0#VAR 430 0 0.510528 0.489472 
 ----> 6.6#11.9#4.0#14.0#VAR 431 0 0.526528 0.473472 
 ----> 6.6#11.9#4.0#14.0#VAR 432 0 0.517844 0.482156 
 ----> 6.6#11.9#4.0#14.0#VAR 433 1 0.514378 0.485622 
 ----> 6.6#11.9#4.0#14.0#VAR 434 0 0.520263 0.479737 
 ----> 6.6#11.9#4.0#14.0#VAR 435 1 0.510631 0.489369 
 ----> 6.6#11.9#4.0#14.0#VAR 436 1 0.498243 0.501757 
 ----> 6.6#11.9#4.0#14.0#VAR 437 0 0.523499 0.476501 
 ----> 6.6#11.9#4.0#14.0#VAR 438 0 0.504424 0.495576 
 ----> 6.6#11.9#4.0#14.0#VAR 439 0 0.517931 0.482069 
 ----> 6.6#11.9#4.0#14.0#VAR 440 0 0.520179 0.479821 
 ----> 6.6#11.9#4.0#14.0#VAR 441 1 0.494453 0.505547 
 ----> 6.6#11.9#4.0#14.0#VAR 442 1 0.511674 0.488326 
 ----> 6.6#11.9#4.0#14.0#VAR 443 1 0.51114 0.48886 
 ----> 6.6#11.9#4.0#14.0#VAR 444 1 0.505159 0.494841 
 ----> 6.6#11.9#4.0#14.0#VAR 445 1 0.511973 0.488027 
 ----> 6.6#11.9#4.0#14.0#VAR 446 0 0.518713 0.481287 
 ----> 6.6#11.9#4.0#14.0#VAR 447 1 0.499317 0.500683 
 ----> 6.6#11.9#4.0#14.0#VAR 448 1 0.515569 0.484431 
 ----> 6.6#11.9#4.0#14.0#VAR 449 0 0.519501 0.480499 
 ----> 6.6#11.9#4.0#14.0#VAR 450 1 0.493532 0.506468 
 ----> 6.6#11.9#4.0#14.0#VAR 451 0 0.51701 0.48299 
 ----> 6.6#11.9#4.0#14.0#VAR 452 0 0.515872 0.484128 
 ----> 6.6#11.9#4.0#14.0#VAR 453 0 0.539605 0.460395 
 ----> 6.6#11.9#4.0#14.0#VAR 454 1 0.509916 0.490084 
 ----> 6.6#11.9#4.0#14.0#VAR 455 0 0.527558 0.472442 
 ----> 6.6#11.9#4.0#14.0#VAR 456 1 0.502169 0.497831 
 ----> 6.6#11.9#4.0#14.0#VAR 457 0 0.51511 0.48489 
 ----> 6.6#11.9#4.0#14.0#VAR 458 0 0.522827 0.477173 
 ----> 6.6#11.9#4.0#14.0#VAR 459 0 0.516578 0.483422 
 ----> 6.6#11.9#4.0#14.0#VAR 460 0 0.52931 0.47069 
 ----> 6.6#11.9#4.0#14.0#VAR 461 0 0.514491 0.485509 
 ----> 6.6#11.9#4.0#14.0#VAR 462 1 0.511492 0.488508 
 ----> 6.6#11.9#4.0#14.0#VAR 463 0 0.506293 0.493707 
 ----> 6.6#11.9#4.0#14.0#VAR 464 0 0.504913 0.495087 
 ----> 6.6#11.9#4.0#14.0#VAR 465 0 0.517167 0.482833 
 ----> 6.6#11.9#4.0#14.0#VAR 466 0 0.512855 0.487145 
 ----> 6.6#11.9#4.0#14.0#VAR 467 0 0.528269 0.471731 
 ----> 6.6#11.9#4.0#14.0#VAR 468 0 0.513132 0.486868 
 ----> 6.6#11.9#4.0#14.0#VAR 469 1 0.515452 0.484548 
 ----> 6.6#11.9#4.0#14.0#VAR 470 1 0.50846 0.49154 
 ----> 6.6#11.9#4.0#14.0#VAR 471 1 0.514585 0.485415 
 ----> 6.6#11.9#4.0#14.0#VAR 472 1 0.507853 0.492147 
 ----> 6.6#11.9#4.0#14.0#VAR 473 0 0.512891 0.487109 
 ----> 6.6#11.9#4.0#14.0#VAR 474 1 0.495022 0.504978 
 ----> 6.6#11.9#4.0#14.0#VAR 475 1 0.513911 0.486089 
 ----> 6.6#11.9#4.0#14.0#VAR 476 0 0.523968 0.476032 
 ----> 6.6#11.9#4.0#14.0#VAR 477 0 0.522569 0.477431 
 ----> 6.6#11.9#4.0#14.0#VAR 478 1 0.51252 0.48748 
 ----> 6.6#11.9#4.0#14.0#VAR 479 0 0.508842 0.491158 
 ----> 6.6#11.9#4.0#14.0#VAR 480 0 0.508223 0.491777 
 ----> 6.6#11.9#4.0#14.0#VAR 481 1 0.491381 0.508619 
 ----> 6.6#11.9#4.0#14.0#VAR 482 0 0.50648 0.49352 
 ----> 6.6#11.9#4.0#14.0#VAR 483 1 0.493054 0.506946 
 ----> 6.6#11.9#4.0#14.0#VAR 484 0 0.525927 0.474073 
 ----> 6.6#11.9#4.0#14.0#VAR 485 0 0.510023 0.489977 
 ----> 6.6#11.9#4.0#14.0#VAR 486 0 0.514545 0.485455 
 ----> 6.6#11.9#4.0#14.0#VAR 487 0 0.5141 0.4859 
 ----> 6.6#11.9#4.0#14.0#VAR 488 0 0.514511 0.485489 
 ----> 6.6#11.9#4.0#14.0#VAR 489 1 0.488969 0.511031 
 ----> 6.6#11.9#4.0#14.0#VAR 490 1 0.495674 0.504326 
 ----> 6.6#11.9#4.0#14.0#VAR 491 1 0.485298 0.514702 
 ----> 6.6#11.9#4.0#14.0#VAR 492 0 0.51122 0.48878 
 ----> 6.6#11.9#4.0#14.0#VAR 493 1 0.477727 0.522273 
 ----> 6.6#11.9#4.0#14.0#VAR 494 0 0.515417 0.484583 
 ----> 6.6#11.9#4.0#14.0#VAR 495 0 0.506148 0.493852 
 ----> 6.6#11.9#4.0#14.0#VAR 496 0 0.511097 0.488903 
 ----> 6.6#11.9#4.0#14.0#VAR 497 0 0.504819 0.495181 
 ----> 6.6#11.9#4.0#14.0#VAR 498 1 0.487923 0.512077 
 ----> 6.6#11.9#4.0#14.0#VAR 499 1 0.498064 0.501936 
 ----> 6.6#11.9#4.0#14.0#VAR 500 0 0.512826 0.487174 
 ----> 6.6#11.9#4.0#14.0#VAR 501 1 0.487548 0.512452 
 ----> 6.6#11.9#4.0#14.0#VAR 502 0 0.50544 0.49456 
 ----> 6.6#11.9#4.0#14.0#VAR 503 0 0.510366 0.489634 
 ----> 6.6#11.9#4.0#14.0#VAR 504 0 0.514951 0.485049 
 ----> 6.6#11.9#4.0#14.0#VAR 505 0 0.529099 0.470901 
 ----> 6.6#11.9#4.0#14.0#VAR 506 0 0.521404 0.478596 
 ----> 6.6#11.9#4.0#14.0#VAR 507 0 0.516995 0.483005 
 ----> 6.6#11.9#4.0#14.0#VAR 508 0 0.513223 0.486777 
 ----> 6.6#11.9#4.0#14.0#VAR 509 1 0.511807 0.488193 
 ----> 6.6#11.9#4.0#14.0#VAR 510 0 0.503379 0.496621 
 ----> 6.6#11.9#4.0#14.0#VAR 511 0 0.526575 0.473425 
 ----> 6.6#11.9#4.0#14.0#VAR 512 0 0.500878 0.499122 
 ----> 6.6#11.9#4.0#14.0#VAR 513 0 0.519754 0.480246 
 ----> 6.6#11.9#4.0#14.0#VAR 514 0 0.50913 0.49087 
 ----> 6.6#11.9#4.0#14.0#VAR 515 0 0.496537 0.503463 
 ----> 6.6#11.9#4.0#14.0#VAR 516 1 0.500247 0.499753 
 ----> 6.6#11.9#4.0#14.0#VAR 517 0 0.503994 0.496006 
 ----> 6.6#11.9#4.0#14.0#VAR 518 0 0.508762 0.491238 
 ----> 6.6#11.9#4.0#14.0#VAR 519 0 0.497526 0.502474 
 ----> 6.6#11.9#4.0#14.0#VAR 520 0 0.509027 0.490973 
 ----> 6.6#11.9#4.0#14.0#VAR 521 0 0.495833 0.504167 
 ----> 6.6#11.9#4.0#14.0#VAR 522 0 0.510878 0.489122 
 ----> 6.6#11.9#4.0#14.0#VAR 523 0 0.505738 0.494262 
 ----> 6.6#11.9#4.0#14.0#VAR 524 1 0.509949 0.490051 
 ----> 6.6#11.9#4.0#14.0#VAR 525 0 0.519666 0.480334 
 ----> 6.6#11.9#4.0#14.0#VAR 526 0 0.514808 0.485192 
 ----> 6.6#11.9#4.0#14.0#VAR 527 0 0.517881 0.482119 
 ----> 6.6#11.9#4.0#14.0#VAR 528 1 0.510379 0.489621 
 ----> 6.6#11.9#4.0#14.0#VAR 529 0 0.524009 0.475991 
 ----> 6.6#11.9#4.0#14.0#VAR 530 1 0.508673 0.491327 
 ----> 6.6#11.9#4.0#14.0#VAR 531 1 0.493866 0.506134 
 ----> 6.6#11.9#4.0#14.0#VAR 532 1 0.509192 0.490808 
 ----> 6.6#11.9#4.0#14.0#VAR 533 1 0.52535 0.47465 
 ----> 6.6#11.9#4.0#14.0#VAR 534 1 0.506274 0.493726 
 ----> 6.6#11.9#4.0#14.0#VAR 535 0 0.507889 0.492111 
 ----> 6.6#11.9#4.0#14.0#VAR 536 1 0.515623 0.484377 
 ----> 6.6#11.9#4.0#14.0#VAR 537 0 0.51695 0.48305 
 ----> 6.6#11.9#4.0#14.0#VAR 538 0 0.512736 0.487264 
 ----> 6.6#11.9#4.0#14.0#VAR 539 0 0.503873 0.496127 
 ----> 6.6#11.9#4.0#14.0#VAR 540 0 0.505892 0.494108 
 ----> 6.6#11.9#4.0#14.0#VAR 541 0 0.501086 0.498914 
 ----> 6.6#11.9#4.0#14.0#VAR 542 0 0.494888 0.505112 
 ----> 6.6#11.9#4.0#14.0#VAR 543 0 0.490282 0.509718 
 ----> 6.6#11.9#4.0#14.0#VAR 544 0 0.523932 0.476068 
 ----> 6.6#11.9#4.0#14.0#VAR 545 0 0.509277 0.490723 
 ----> 6.6#11.9#4.0#14.0#VAR 546 0 0.509438 0.490562 
 ----> 6.6#11.9#4.0#14.0#VAR 547 1 0.489699 0.510301 
 ----> 6.6#11.9#4.0#14.0#VAR 548 1 0.495649 0.504351 
 ----> 6.6#11.9#4.0#14.0#VAR 549 0 0.532298 0.467702 
 ----> 6.6#11.9#4.0#14.0#VAR 550 0 0.511557 0.488443 
 ----> 6.6#11.9#4.0#14.0#VAR 551 0 0.502053 0.497947 
 ----> 6.6#11.9#4.0#14.0#VAR 552 0 0.505966 0.494034 
 ----> 6.6#11.9#4.0#14.0#VAR 553 1 0.503161 0.496839 
 ----> 6.6#11.9#4.0#14.0#VAR 554 0 0.509845 0.490155 
 ----> 6.6#11.9#4.0#14.0#VAR 555 0 0.517452 0.482548 
 ----> 6.6#11.9#4.0#14.0#VAR 556 0 0.514245 0.485755 
 ----> 6.6#11.9#4.0#14.0#VAR 557 1 0.48844 0.51156 
 ----> 6.6#11.9#4.0#14.0#VAR 558 0 0.519413 0.480587 
 ----> 6.6#11.9#4.0#14.0#VAR 559 0 0.49038 0.50962 
 ----> 6.6#11.9#4.0#14.0#VAR 560 0 0.510651 0.489349 
 ----> 6.6#11.9#4.0#14.0#VAR 561 0 0.495938 0.504062 
 ----> 6.6#11.9#4.0#14.0#VAR 562 1 0.505926 0.494074 
 ----> 6.6#11.9#4.0#14.0#VAR 563 1 0.498322 0.501678 
 ----> 6.6#11.9#4.0#14.0#VAR 564 0 0.507108 0.492892 
 ----> 6.6#11.9#4.0#14.0#VAR 565 0 0.50378 0.49622 
 ----> 6.6#11.9#4.0#14.0#VAR 566 0 0.513955 0.486045 
 ----> 6.6#11.9#4.0#14.0#VAR 567 0 0.511189 0.488811 
 ----> 6.6#11.9#4.0#14.0#VAR 568 0 0.519906 0.480094 
 ----> 6.6#11.9#4.0#14.0#VAR 569 1 0.498931 0.501069 
 ----> 6.6#11.9#4.0#14.0#VAR 570 0 0.508186 0.491814 
 ----> 6.6#11.9#4.0#14.0#VAR 571 0 0.516251 0.483749 
 ----> 6.6#11.9#4.0#14.0#VAR 572 0 0.511224 0.488776 
 ----> 6.6#11.9#4.0#14.0#VAR 573 0 0.530639 0.469361 
 ----> 6.6#11.9#4.0#14.0#VAR 574 1 0.504681 0.495319 
 ----> 6.6#11.9#4.0#14.0#VAR 575 0 0.519812 0.480188 
 ----> 6.6#11.9#4.0#14.0#VAR 576 0 0.513425 0.486575 
 ----> 6.6#11.9#4.0#14.0#VAR 577 0 0.519046 0.480954 
 ----> 6.6#11.9#4.0#14.0#VAR 578 0 0.518207 0.481793 
 ----> 6.6#11.9#4.0#14.0#VAR 579 0 0.511031 0.488969 
 ----> 6.6#11.9#4.0#14.0#VAR 580 0 0.518502 0.481498 
 ----> 6.6#11.9#4.0#14.0#VAR 581 0 0.499313 0.500687 
 ----> 6.6#11.9#4.0#14.0#VAR 582 1 0.504797 0.495203 
 ----> 6.6#11.9#4.0#14.0#VAR 583 0 0.521535 0.478465 
 ----> 6.6#11.9#4.0#14.0#VAR 584 0 0.52175 0.47825 
 ----> 6.6#11.9#4.0#14.0#VAR 585 0 0.513613 0.486387 
 ----> 6.6#11.9#4.0#14.0#VAR 586 0 0.523124 0.476876 
 ----> 6.6#11.9#4.0#14.0#VAR 587 0 0.518912 0.481088 
 ----> 6.6#11.9#4.0#14.0#VAR 588 0 0.52852 0.47148 
 ----> 6.6#11.9#4.0#14.0#VAR 589 1 0.499959 0.500041 
 ----> 6.6#11.9#4.0#14.0#VAR 590 0 0.510147 0.489853 
 ----> 6.6#11.9#4.0#14.0#VAR 591 0 0.525485 0.474515 
 ----> 6.6#11.9#4.0#14.0#VAR 592 0 0.533523 0.466477 
 ----> 6.6#11.9#4.0#14.0#VAR 593 1 0.505855 0.494145 
 ----> 6.6#11.9#4.0#14.0#VAR 594 0 0.519036 0.480964 
 ----> 6.6#11.9#4.0#14.0#VAR 595 1 0.496386 0.503614 
 ----> 6.6#11.9#4.0#14.0#VAR 596 0 0.524462 0.475538 
 ----> 6.6#11.9#4.0#14.0#VAR 597 1 0.50547 0.49453 
 ----> 6.6#11.9#4.0#14.0#VAR 598 0 0.531919 0.468081 
 ----> 6.6#11.9#4.0#14.0#VAR 599 1 0.495495 0.504505 
 ----> 6.6#11.9#4.0#14.0#VAR 600 0 0.523246 0.476754 
 ----> 6.6#11.9#4.0#14.0#VAR 601 0 0.508845 0.491155 
 ----> 6.6#11.9#4.0#14.0#VAR 602 0 0.523137 0.476863 
 ----> 6.6#11.9#4.0#14.0#VAR 603 1 0.498944 0.501056 
 ----> 6.6#11.9#4.0#14.0#VAR 604 0 0.521328 0.478672 
 ----> 6.6#11.9#4.0#14.0#VAR 605 0 0.522661 0.477339 
 ----> 6.6#11.9#4.0#14.0#VAR 606 0 0.518497 0.481503 
 ----> 6.6#11.9#4.0#14.0#VAR 607 0 0.513783 0.486217 
 ----> 6.6#11.9#4.0#14.0#VAR 608 0 0.525818 0.474182 
 ----> 6.6#11.9#4.0#14.0#VAR 609 0 0.537342 0.462658 
 ----> 6.6#11.9#4.0#14.0#VAR 610 1 0.521697 0.478303 
 ----> 6.6#11.9#4.0#14.0#VAR 611 1 0.515037 0.484963 
 ----> 6.6#11.9#4.0#14.0#VAR 612 0 0.527785 0.472215 
 ----> 6.6#11.9#4.0#14.0#VAR 613 0 0.525387 0.474613 
 ----> 6.6#11.9#4.0#14.0#VAR 614 1 0.505616 0.494384 
 ----> 6.6#11.9#4.0#14.0#VAR 615 0 0.524812 0.475188 
 ----> 6.6#11.9#4.0#14.0#VAR 616 0 0.519348 0.480652 
 ----> 6.6#11.9#4.0#14.0#VAR 617 1 0.490829 0.509171 
 ----> 6.6#11.9#4.0#14.0#VAR 618 0 0.519712 0.480288 
 ----> 6.6#11.9#4.0#14.0#VAR 619 1 0.488984 0.511016 
 ----> 6.6#11.9#4.0#14.0#VAR 620 1 0.512916 0.487084 
 ----> 6.6#11.9#4.0#14.0#VAR 621 0 0.513314 0.486686 
 ----> 6.6#11.9#4.0#14.0#VAR 622 0 0.517578 0.482422 
 ----> 6.6#11.9#4.0#14.0#VAR 623 0 0.516056 0.483944 
 ----> 6.6#11.9#4.0#14.0#VAR 624 0 0.512752 0.487248 
 ----> 6.6#11.9#4.0#14.0#VAR 625 0 0.519362 0.480638 
 ----> 6.6#11.9#4.0#14.0#VAR 626 1 0.50414 0.49586 
 ----> 6.6#11.9#4.0#14.0#VAR 627 1 0.51279 0.48721 
 ----> 6.6#11.9#4.0#14.0#VAR 628 1 0.516533 0.483467 
 ----> 6.6#11.9#4.0#14.0#VAR 629 0 0.539283 0.460717 
 ----> 6.6#11.9#4.0#14.0#VAR 630 0 0.532216 0.467784 
 ----> 6.6#11.9#4.0#14.0#VAR 631 0 0.506278 0.493722 
 ----> 6.6#11.9#4.0#14.0#VAR 632 0 0.515951 0.484049 
 ----> 6.6#11.9#4.0#14.0#VAR 633 0 0.511654 0.488346 
 ----> 6.6#11.9#4.0#14.0#VAR 634 1 0.510621 0.489379 
 ----> 6.6#11.9#4.0#14.0#VAR 635 1 0.515246 0.484754 
 ----> 6.6#11.9#4.0#14.0#VAR 636 0 0.512382 0.487618 
 ----> 6.6#11.9#4.0#14.0#VAR 637 1 0.502662 0.497338 
 ----> 6.6#11.9#4.0#14.0#VAR 638 1 0.511244 0.488756 
 ----> 6.6#11.9#4.0#14.0#VAR 639 0 0.523872 0.476128 
 ----> 6.6#11.9#4.0#14.0#VAR 640 0 0.520291 0.479709 
 ----> 6.6#11.9#4.0#14.0#VAR 641 1 0.501686 0.498314 
 ----> 6.6#11.9#4.0#14.0#VAR 642 0 0.528905 0.471095 
 ----> 6.6#11.9#4.0#14.0#VAR 643 0 0.506663 0.493337 
 ----> 6.6#11.9#4.0#14.0#VAR 644 0 0.538174 0.461826 
 ----> 6.6#11.9#4.0#14.0#VAR 645 1 0.494501 0.505499 
 ----> 6.6#11.9#4.0#14.0#VAR 646 0 0.508667 0.491333 
 ----> 6.6#11.9#4.0#14.0#VAR 647 0 0.509476 0.490524 
 ----> 6.6#11.9#4.0#14.0#VAR 648 0 0.542724 0.457276 
 ----> 6.6#11.9#4.0#14.0#VAR 649 0 0.509142 0.490858 
 ----> 6.6#11.9#4.0#14.0#VAR 650 0 0.515568 0.484432 
 ----> 6.6#11.9#4.0#14.0#VAR 651 0 0.560049 0.439951 
 ----> 6.6#11.9#4.0#14.0#VAR 652 1 0.524316 0.475684 
 ----> 6.6#11.9#4.0#14.0#VAR 653 0 0.506197 0.493803 
 ----> 6.6#11.9#4.0#14.0#VAR 654 0 0.528065 0.471935 
 ----> 6.6#11.9#4.0#14.0#VAR 655 0 0.514648 0.485352 
 ----> 6.6#11.9#4.0#14.0#VAR 656 0 0.522914 0.477086 
 ----> 6.6#11.9#4.0#14.0#VAR 657 0 0.523708 0.476292 
 ----> 6.6#11.9#4.0#14.0#VAR 658 0 0.535555 0.464445 
 ----> 6.6#11.9#4.0#14.0#VAR 659 0 0.513956 0.486044 
 ----> 6.6#11.9#4.0#14.0#VAR 660 1 0.492881 0.507119 
 ----> 6.6#11.9#4.0#14.0#VAR 661 1 0.502804 0.497196 
 ----> 6.6#11.9#4.0#14.0#VAR 662 0 0.488231 0.511769 
 ----> 6.6#11.9#4.0#14.0#VAR 663 1 0.520782 0.479218 
 ----> 6.6#11.9#4.0#14.0#VAR 664 1 0.495575 0.504425 
 ----> 6.6#11.9#4.0#14.0#VAR 665 0 0.518186 0.481814 
 ----> 6.6#11.9#4.0#14.0#VAR 666 0 0.524639 0.475361 
 ----> 6.6#11.9#4.0#14.0#VAR 667 0 0.494778 0.505222 
 ----> 6.6#11.9#4.0#14.0#VAR 668 0 0.502336 0.497664 
 ----> 6.6#11.9#4.0#14.0#VAR 669 0 0.508443 0.491557 
 ----> 6.6#11.9#4.0#14.0#VAR 670 1 0.508782 0.491218 
 ----> 6.6#11.9#4.0#14.0#VAR 671 0 0.51462 0.48538 
 ----> 6.6#11.9#4.0#14.0#VAR 672 1 0.49847 0.50153 
 ----> 6.6#11.9#4.0#14.0#VAR 673 0 0.515349 0.484651 
 ----> 6.6#11.9#4.0#14.0#VAR 674 0 0.514583 0.485417 
 ----> 6.6#11.9#4.0#14.0#VAR 675 0 0.519896 0.480104 
 ----> 6.6#11.9#4.0#14.0#VAR 676 0 0.512236 0.487764 
 ----> 6.6#11.9#4.0#14.0#VAR 677 0 0.539509 0.460491 
 ----> 6.6#11.9#4.0#14.0#VAR 678 0 0.51809 0.48191 
 ----> 6.6#11.9#4.0#14.0#VAR 679 1 0.499269 0.500731 
 ----> 6.6#11.9#4.0#14.0#VAR 680 1 0.503647 0.496353 
 ----> 6.6#11.9#4.0#14.0#VAR 681 1 0.516453 0.483547 
 ----> 6.6#11.9#4.0#14.0#VAR 682 0 0.514054 0.485946 
 ----> 6.6#11.9#4.0#14.0#VAR 683 1 0.4902 0.5098 
 ----> 6.6#11.9#4.0#14.0#VAR 684 0 0.518162 0.481838 
 ----> 6.6#11.9#4.0#14.0#VAR 685 0 0.546679 0.453321 
 ----> 6.6#11.9#4.0#14.0#VAR 686 0 0.52861 0.47139 
 ----> 6.6#11.9#4.0#14.0#VAR 687 0 0.536978 0.463022 
 ----> 6.6#11.9#4.0#14.0#VAR 688 0 0.506975 0.493025 
 ----> 6.6#11.9#4.0#14.0#VAR 689 1 0.509516 0.490484 
 ----> 6.6#11.9#4.0#14.0#VAR 690 1 0.494305 0.505695 
 ----> 6.6#11.9#4.0#14.0#VAR 691 1 0.506989 0.493011 
 ----> 6.6#11.9#4.0#14.0#VAR 692 1 0.496759 0.503241 
 ----> 6.6#11.9#4.0#14.0#VAR 693 0 0.517185 0.482815 
 ----> 6.6#11.9#4.0#14.0#VAR 694 1 0.508082 0.491918 
 ----> 6.6#11.9#4.0#14.0#VAR 695 0 0.518998 0.481002 
 ----> 6.6#11.9#4.0#14.0#VAR 696 1 0.518864 0.481136 
 ----> 6.6#11.9#4.0#14.0#VAR 697 0 0.530779 0.469221 
 ----> 6.6#11.9#4.0#14.0#VAR 698 1 0.508133 0.491867 
 ----> 6.6#11.9#4.0#14.0#VAR 699 0 0.512 0.488 
 ----> 6.6#11.9#4.0#14.0#VAR 700 0 0.521722 0.478278 
 ----> 6.6#11.9#4.0#14.0#VAR 701 0 0.516443 0.483557 
 ----> 6.6#11.9#4.0#14.0#VAR 702 1 0.514314 0.485686 
 ----> 6.6#11.9#4.0#14.0#VAR 703 0 0.517391 0.482609 
 ----> 6.6#11.9#4.0#14.0#VAR 704 0 0.516815 0.483185 
 ----> 6.6#11.9#4.0#14.0#VAR 705 0 0.539718 0.460282 
 ----> 6.6#11.9#4.0#14.0#VAR 706 0 0.515167 0.484833 
 ----> 6.6#11.9#4.0#14.0#VAR 707 0 0.523558 0.476442 
 ----> 6.6#11.9#4.0#14.0#VAR 708 0 0.517785 0.482215 
 ----> 6.6#11.9#4.0#14.0#VAR 709 0 0.533387 0.466613 
 ----> 6.6#11.9#4.0#14.0#VAR 710 0 0.509517 0.490483 
 ----> 6.6#11.9#4.0#14.0#VAR 711 1 0.503659 0.496341 
 ----> 6.6#11.9#4.0#14.0#VAR 712 0 0.547063 0.452937 
 ----> 6.6#11.9#4.0#14.0#VAR 713 0 0.534535 0.465465 
 ----> 6.6#11.9#4.0#14.0#VAR 714 1 0.500345 0.499655 
 ----> 6.6#11.9#4.0#14.0#VAR 715 0 0.514355 0.485645 
 ----> 6.6#11.9#4.0#14.0#VAR 716 0 0.512328 0.487672 
 ----> 6.6#11.9#4.0#14.0#VAR 717 1 0.499674 0.500326 
 ----> 6.6#11.9#4.0#14.0#VAR 718 1 0.498264 0.501736 
 ----> 6.6#11.9#4.0#14.0#VAR 719 0 0.504338 0.495662 
 ----> 6.6#11.9#4.0#14.0#VAR 720 1 0.504632 0.495368 
 ----> 6.6#11.9#4.0#14.0#VAR 721 1 0.515376 0.484624 
 ----> 6.6#11.9#4.0#14.0#VAR 722 0 0.505837 0.494163 
 ----> 6.6#11.9#4.0#14.0#VAR 723 0 0.525998 0.474002 
 ----> 6.6#11.9#4.0#14.0#VAR 724 0 0.518162 0.481838 
 ----> 6.6#11.9#4.0#14.0#VAR 725 0 0.513298 0.486702 
 ----> 6.6#11.9#4.0#14.0#VAR 726 0 0.511866 0.488134 
 ----> 6.6#11.9#4.0#14.0#VAR 727 0 0.50938 0.49062 
 ----> 6.6#11.9#4.0#14.0#VAR 728 1 0.502796 0.497204 
 ----> 6.6#11.9#4.0#14.0#VAR 729 1 0.500109 0.499891 
 ----> 6.6#11.9#4.0#14.0#VAR 730 0 0.507269 0.492731 
 ----> 6.6#11.9#4.0#14.0#VAR 731 1 0.507009 0.492991 
 ----> 6.6#11.9#4.0#14.0#VAR 732 0 0.510341 0.489659 
 ----> 6.6#11.9#4.0#14.0#VAR 733 0 0.518065 0.481935 
 ----> 6.6#11.9#4.0#14.0#VAR 734 0 0.531003 0.468997 
 ----> 6.6#11.9#4.0#14.0#VAR 735 0 0.519116 0.480884 
 ----> 6.6#11.9#4.0#14.0#VAR 736 0 0.51811 0.48189 
 ----> 6.6#11.9#4.0#14.0#VAR 737 1 0.501708 0.498292 
 ----> 6.6#11.9#4.0#14.0#VAR 738 1 0.501998 0.498002 
 ----> 6.6#11.9#4.0#14.0#VAR 739 1 0.475674 0.524326 
 ----> 6.6#11.9#4.0#14.0#VAR 740 1 0.491388 0.508612 
 ----> 6.6#11.9#4.0#14.0#VAR 741 0 0.518558 0.481442 
 ----> 6.6#11.9#4.0#14.0#VAR 742 0 0.513011 0.486989 
 ----> 6.6#11.9#4.0#14.0#VAR 743 1 0.504371 0.495629 
 ----> 6.6#11.9#4.0#14.0#VAR 744 0 0.520171 0.479829 
 ----> 6.6#11.9#4.0#14.0#VAR 745 1 0.51719 0.48281 
 ----> 6.6#11.9#4.0#14.0#VAR 746 0 0.523142 0.476858 
 ----> 6.6#11.9#4.0#14.0#VAR 747 0 0.513747 0.486253 
 ----> 6.6#11.9#4.0#14.0#VAR 748 0 0.496017 0.503983 
 ----> 6.6#11.9#4.0#14.0#VAR 749 0 0.519253 0.480747 
 ----> 6.6#11.9#4.0#14.0#VAR 750 1 0.512082 0.487918 
 ----> 6.6#11.9#4.0#14.0#VAR 751 0 0.518825 0.481175 
 ----> 6.6#11.9#4.0#14.0#VAR 752 0 0.499013 0.500987 
 ----> 6.6#11.9#4.0#14.0#VAR 753 0 0.515254 0.484746 
 ----> 6.6#11.9#4.0#14.0#VAR 754 0 0.506682 0.493318 
 ----> 6.6#11.9#4.0#14.0#VAR 755 0 0.51675 0.48325 
 ----> 6.6#11.9#4.0#14.0#VAR 756 1 0.498007 0.501993 
 ----> 6.6#11.9#4.0#14.0#VAR 757 1 0.505823 0.494177 
 ----> 6.6#11.9#4.0#14.0#VAR 758 1 0.501339 0.498661 
 ----> 6.6#11.9#4.0#14.0#VAR 759 0 0.512215 0.487785 
 ----> 6.6#11.9#4.0#14.0#VAR 760 0 0.499368 0.500632 
 ----> 6.6#11.9#4.0#14.0#VAR 761 1 0.490641 0.509359 
 ----> 6.6#11.9#4.0#14.0#VAR 762 1 0.503041 0.496959 
 ----> 6.6#11.9#4.0#14.0#VAR 763 1 0.493015 0.506985 
 ----> 6.6#11.9#4.0#14.0#VAR 764 0 0.511307 0.488693 
 ----> 6.6#11.9#4.0#14.0#VAR 765 1 0.499824 0.500176 
 ----> 6.6#11.9#4.0#14.0#VAR 766 1 0.488343 0.511657 
 ----> 6.6#11.9#4.0#14.0#VAR 767 1 0.496999 0.503001 
 ----> 6.6#11.9#4.0#14.0#VAR 768 1 0.490765 0.509235 
 ----> 6.6#11.9#4.0#14.0#VAR 769 0 0.503339 0.496661 
 ----> 6.6#11.9#4.0#14.0#VAR 770 0 0.507689 0.492311 
 ----> 6.6#11.9#4.0#14.0#VAR 771 0 0.516391 0.483609 
 ----> 6.6#11.9#4.0#14.0#VAR 772 0 0.523044 0.476956 
 ----> 6.6#11.9#4.0#14.0#VAR 773 1 0.489252 0.510748 
 ----> 6.6#11.9#4.0#14.0#VAR 774 0 0.526317 0.473683 
 ----> 6.6#11.9#4.0#14.0#VAR 775 1 0.487514 0.512486 
 ----> 6.6#11.9#4.0#14.0#VAR 776 0 0.51231 0.48769 
 ----> 6.6#11.9#4.0#14.0#VAR 777 0 0.520539 0.479461 
 ----> 6.6#11.9#4.0#14.0#VAR 778 0 0.509623 0.490377 
 ----> 6.6#11.9#4.0#14.0#VAR 779 1 0.498616 0.501384 
 ----> 6.6#11.9#4.0#14.0#VAR 780 1 0.49757 0.50243 
 ----> 6.6#11.9#4.0#14.0#VAR 781 1 0.503277 0.496723 
 ----> 6.6#11.9#4.0#14.0#VAR 782 1 0.481157 0.518843 
 ----> 6.6#11.9#4.0#14.0#VAR 783 0 0.525433 0.474567 
 ----> 6.6#11.9#4.0#14.0#VAR 784 0 0.508077 0.491923 
 ----> 6.6#11.9#4.0#14.0#VAR 785 1 0.494844 0.505156 
 ----> 6.6#11.9#4.0#14.0#VAR 786 0 0.512803 0.487197 
 ----> 6.6#11.9#4.0#14.0#VAR 787 1 0.48319 0.51681 
 ----> 6.6#11.9#4.0#14.0#VAR 788 0 0.494953 0.505047 
 ----> 6.6#11.9#4.0#14.0#VAR 789 1 0.493458 0.506542 
 ----> 6.6#11.9#4.0#14.0#VAR 790 1 0.495235 0.504765 
 ----> 6.6#11.9#4.0#14.0#VAR 791 1 0.49736 0.50264 
 ----> 6.6#11.9#4.0#14.0#VAR 792 1 0.502453 0.497547 
 ----> 6.6#11.9#4.0#14.0#VAR 793 1 0.487359 0.512641 
 ----> 6.6#11.9#4.0#14.0#VAR 794 1 0.499873 0.500127 
 ----> 6.6#11.9#4.0#14.0#VAR 795 1 0.48885 0.51115 
 ----> 6.6#11.9#4.0#14.0#VAR 796 1 0.501757 0.498243 
 ----> 6.6#11.9#4.0#14.0#VAR 797 0 0.504756 0.495244 
 ----> 6.6#11.9#4.0#14.0#VAR 798 0 0.515402 0.484598 
 ----> 6.6#11.9#4.0#14.0#VAR 799 0 0.507417 0.492583 
 ----> 6.6#11.9#4.0#14.0#VAR 800 1 0.47928 0.52072 
 ----> 6.6#11.9#4.0#14.0#VAR 801 1 0.502956 0.497044 
 ----> 6.6#11.9#4.0#14.0#VAR 802 1 0.475744 0.524256 
 ----> 6.6#11.9#4.0#14.0#VAR 803 1 0.470146 0.529854 
 ----> 6.6#11.9#4.0#14.0#VAR 804 1 0.479401 0.520599 
 ----> 6.6#11.9#4.0#14.0#VAR 805 0 0.511557 0.488443 
 ----> 6.6#11.9#4.0#14.0#VAR 806 1 0.487765 0.512235 
 ----> 6.6#11.9#4.0#14.0#VAR 807 1 0.465634 0.534366 
 ----> 6.6#11.9#4.0#14.0#VAR 808 0 0.498712 0.501288 
 ----> 6.6#11.9#4.0#14.0#VAR 809 0 0.484954 0.515046 
 ----> 6.6#11.9#4.0#14.0#VAR 810 1 0.46867 0.53133 
 ----> 6.6#11.9#4.0#14.0#VAR 811 1 0.471347 0.528653 
 ----> 6.6#11.9#4.0#14.0#VAR 812 0 0.494772 0.505228 
 ----> 6.6#11.9#4.0#14.0#VAR 813 1 0.476086 0.523914 
 ----> 6.6#11.9#4.0#14.0#VAR 814 1 0.481453 0.518547 
 ----> 6.6#11.9#4.0#14.0#VAR 815 1 0.488007 0.511993 
 ----> 6.6#11.9#4.0#14.0#VAR 816 0 0.485595 0.514405 
 ----> 6.6#11.9#4.0#14.0#VAR 817 1 0.473335 0.526665 
 ----> 6.6#11.9#4.0#14.0#VAR 818 1 0.477728 0.522272 
 ----> 6.6#11.9#4.0#14.0#VAR 819 1 0.465477 0.534523 
 ----> 6.6#11.9#4.0#14.0#VAR 820 1 0.450729 0.549271 
 ----> 6.6#11.9#4.0#14.0#VAR 821 0 0.504724 0.495276 
 ----> 6.6#11.9#4.0#14.0#VAR 822 1 0.474499 0.525501 
 ----> 6.6#11.9#4.0#14.0#VAR 823 0 0.489003 0.510997 
 ----> 6.6#11.9#4.0#14.0#VAR 824 0 0.496964 0.503036 
 ----> 6.6#11.9#4.0#14.0#VAR 825 0 0.498979 0.501021 
 ----> 6.6#11.9#4.0#14.0#VAR 826 1 0.472464 0.527536 
 ----> 6.6#11.9#4.0#14.0#VAR 827 0 0.495355 0.504645 
 ----> 6.6#11.9#4.0#14.0#VAR 828 0 0.487016 0.512984 
 ----> 6.6#11.9#4.0#14.0#VAR 829 1 0.472314 0.527686 
 ----> 6.6#11.9#4.0#14.0#VAR 830 1 0.481041 0.518959 
 ----> 6.6#11.9#4.0#14.0#VAR 831 0 0.504044 0.495956 
 ----> 6.6#11.9#4.0#14.0#VAR 832 1 0.491091 0.508909 
 ----> 6.6#11.9#4.0#14.0#VAR 833 1 0.483812 0.516188 
 ----> 6.6#11.9#4.0#14.0#VAR 834 1 0.484372 0.515628 
 ----> 6.6#11.9#4.0#14.0#VAR 835 1 0.471268 0.528732 
 ----> 6.6#11.9#4.0#14.0#VAR 836 1 0.462612 0.537388 
 ----> 6.6#11.9#4.0#14.0#VAR 837 1 0.467239 0.532761 
 ----> 6.6#11.9#4.0#14.0#VAR 838 1 0.479052 0.520948 
 ----> 6.6#11.9#4.0#14.0#VAR 839 0 0.494779 0.505221 
 ----> 6.6#11.9#4.0#14.0#VAR 840 0 0.498743 0.501257 
 ----> 6.6#11.9#4.0#14.0#VAR 841 1 0.468734 0.531266 
 ----> 6.6#11.9#4.0#14.0#VAR 842 0 0.500017 0.499983 
 ----> 6.6#11.9#4.0#14.0#VAR 843 1 0.489281 0.510719 
 ----> 6.6#11.9#4.0#14.0#VAR 844 0 0.488933 0.511067 
 ----> 6.6#11.9#4.0#14.0#VAR 845 1 0.469439 0.530561 
 ----> 6.6#11.9#4.0#14.0#VAR 846 0 0.516809 0.483191 
 ----> 6.6#11.9#4.0#14.0#VAR 847 0 0.5039 0.4961 
 ----> 6.6#11.9#4.0#14.0#VAR 848 0 0.514342 0.485658 
 ----> 6.6#11.9#4.0#14.0#VAR 849 1 0.474616 0.525384 
 ----> 6.6#11.9#4.0#14.0#VAR 850 0 0.506137 0.493863 
 ----> 6.6#11.9#4.0#14.0#VAR 851 0 0.495779 0.504221 
 ----> 6.6#11.9#4.0#14.0#VAR 852 1 0.474135 0.525865 
 ----> 6.6#11.9#4.0#14.0#VAR 853 0 0.506385 0.493615 
 ----> 6.6#11.9#4.0#14.0#VAR 854 1 0.442801 0.557199 
 ----> 6.6#11.9#4.0#14.0#VAR 855 1 0.486901 0.513099 
 ----> 6.6#11.9#4.0#14.0#VAR 856 1 0.480119 0.519881 
 ----> 6.6#11.9#4.0#14.0#VAR 857 1 0.478365 0.521635 
 ----> 6.6#11.9#4.0#14.0#VAR 858 0 0.47993 0.52007 
 ----> 6.6#11.9#4.0#14.0#VAR 859 0 0.489875 0.510125 
 ----> 6.6#11.9#4.0#14.0#VAR 860 1 0.454693 0.545307 
 ----> 6.6#11.9#4.0#14.0#VAR 861 0 0.500982 0.499018 
 ----> 6.6#11.9#4.0#14.0#VAR 862 1 0.464656 0.535344 
 ----> 6.6#11.9#4.0#14.0#VAR 863 1 0.453266 0.546734 
 ----> 6.6#11.9#4.0#14.0#VAR 864 1 0.44977 0.55023 
 ----> 6.6#11.9#4.0#14.0#VAR 865 1 0.466952 0.533048 
 ----> 6.6#11.9#4.0#14.0#VAR 866 1 0.453117 0.546883 
 ----> 6.6#11.9#4.0#14.0#VAR 867 0 0.48617 0.51383 
 ----> 6.6#11.9#4.0#14.0#VAR 868 1 0.43421 0.56579 
 ----> 6.6#11.9#4.0#14.0#VAR 869 0 0.458593 0.541407 
 ----> 6.6#11.9#4.0#14.0#VAR 870 1 0.443064 0.556936 
 ----> 6.6#11.9#4.0#14.0#VAR 871 1 0.453891 0.546109 
 ----> 6.6#11.9#4.0#14.0#VAR 872 1 0.461153 0.538847 
 ----> 6.6#11.9#4.0#14.0#VAR 873 1 0.446965 0.553035 
 ----> 6.6#11.9#4.0#14.0#VAR 874 1 0.453685 0.546315 
 ----> 6.6#11.9#4.0#14.0#VAR 875 1 0.456298 0.543702 
 ----> 6.6#11.9#4.0#14.0#VAR 876 1 0.452614 0.547386 
 ----> 6.6#11.9#4.0#14.0#VAR 877 1 0.436137 0.563863 
 ----> 6.6#11.9#4.0#14.0#VAR 878 1 0.454284 0.545716 
 ----> 6.6#11.9#4.0#14.0#VAR 879 1 0.446942 0.553058 
 ----> 6.6#11.9#4.0#14.0#VAR 880 1 0.447959 0.552041 
 ----> 6.6#11.9#4.0#14.0#VAR 881 1 0.423995 0.576005 
 ----> 6.6#11.9#4.0#14.0#VAR 882 0 0.467013 0.532987 
 ----> 6.6#11.9#4.0#14.0#VAR 883 1 0.420587 0.579413 
 ----> 6.6#11.9#4.0#14.0#VAR 884 1 0.441005 0.558995 
 ----> 6.6#11.9#4.0#14.0#VAR 885 1 0.427374 0.572626 
 ----> 6.6#11.9#4.0#14.0#VAR 886 1 0.421127 0.578873 
 ----> 6.6#11.9#4.0#14.0#VAR 887 1 0.436192 0.563808 
 ----> 6.6#11.9#4.0#14.0#VAR 888 1 0.433285 0.566715 
 ----> 6.6#11.9#4.0#14.0#VAR 889 1 0.412933 0.587067 
 ----> 6.6#11.9#4.0#14.0#VAR 890 1 0.436926 0.563074 
 ----> 6.6#11.9#4.0#14.0#VAR 891 1 0.431095 0.568905 
 ----> 6.6#11.9#4.0#14.0#VAR 892 1 0.45646 0.54354 
 ----> 6.6#11.9#4.0#14.0#VAR 893 1 0.448409 0.551591 
 ----> 6.6#11.9#4.0#14.0#VAR 894 0 0.484339 0.515661 
 ----> 6.6#11.9#4.0#14.0#VAR 895 0 0.471704 0.528296 
 ----> 6.6#11.9#4.0#14.0#VAR 896 0 0.468126 0.531874 
 ----> 6.6#11.9#4.0#14.0#VAR 897 1 0.435326 0.564674 
 ----> 6.6#11.9#4.0#14.0#VAR 898 1 0.447372 0.552628 
 ----> 6.6#11.9#4.0#14.0#VAR 899 1 0.416976 0.583024 
 ----> 6.6#11.9#4.0#14.0#VAR 900 0 0.451432 0.548568 
 ----> 6.6#11.9#4.0#14.0#VAR 901 1 0.418349 0.581651 
 ----> 6.6#11.9#4.0#14.0#VAR 902 1 0.429073 0.570927 
 ----> 6.6#11.9#4.0#14.0#VAR 903 1 0.411879 0.588121 
 ----> 6.6#11.9#4.0#14.0#VAR 904 1 0.441991 0.558009 
 ----> 6.6#11.9#4.0#14.0#VAR 905 1 0.415404 0.584596 
 ----> 6.6#11.9#4.0#14.0#VAR 906 1 0.426334 0.573666 
 ----> 6.6#11.9#4.0#14.0#VAR 907 1 0.423436 0.576564 
 ----> 6.6#11.9#4.0#14.0#VAR 908 0 0.484722 0.515278 
 ----> 6.6#11.9#4.0#14.0#VAR 909 1 0.432389 0.567611 
 ----> 6.6#11.9#4.0#14.0#VAR 910 1 0.421023 0.578977 
 ----> 6.6#11.9#4.0#14.0#VAR 911 1 0.436825 0.563175 
 ----> 6.6#11.9#4.0#14.0#VAR 912 1 0.426218 0.573782 
 ----> 6.6#11.9#4.0#14.0#VAR 913 1 0.432319 0.567681 
 ----> 6.6#11.9#4.0#14.0#VAR 914 1 0.433867 0.566133 
 ----> 6.6#11.9#4.0#14.0#VAR 915 0 0.471069 0.528931 
 ----> 6.6#11.9#4.0#14.0#VAR 916 1 0.42808 0.57192 
 ----> 6.6#11.9#4.0#14.0#VAR 917 1 0.423829 0.576171 
 ----> 6.6#11.9#4.0#14.0#VAR 918 1 0.422506 0.577494 
 ----> 6.6#11.9#4.0#14.0#VAR 919 1 0.433409 0.566591 
 ----> 6.6#11.9#4.0#14.0#VAR 920 1 0.438707 0.561293 
 ----> 6.6#11.9#4.0#14.0#VAR 921 1 0.424095 0.575905 
 ----> 6.6#11.9#4.0#14.0#VAR 922 0 0.462443 0.537557 
 ----> 6.6#11.9#4.0#14.0#VAR 923 1 0.431589 0.568411 
 ----> 6.6#11.9#4.0#14.0#VAR 924 0 0.474501 0.525499 
 ----> 6.6#11.9#4.0#14.0#VAR 925 1 0.432533 0.567467 
 ----> 6.6#11.9#4.0#14.0#VAR 926 1 0.425986 0.574014 
 ----> 6.6#11.9#4.0#14.0#VAR 927 1 0.40516 0.59484 
 ----> 6.6#11.9#4.0#14.0#VAR 928 1 0.435438 0.564562 
 ----> 6.6#11.9#4.0#14.0#VAR 929 0 0.469475 0.530525 
 ----> 6.6#11.9#4.0#14.0#VAR 930 1 0.426724 0.573276 
 ----> 6.6#11.9#4.0#14.0#VAR 931 1 0.415599 0.584401 
 ----> 6.6#11.9#4.0#14.0#VAR 932 0 0.463826 0.536174 
 ----> 6.6#11.9#4.0#14.0#VAR 933 0 0.455426 0.544574 
 ----> 6.6#11.9#4.0#14.0#VAR 934 1 0.439719 0.560281 
 ----> 6.6#11.9#4.0#14.0#VAR 935 1 0.411979 0.588021 
 ----> 6.6#11.9#4.0#14.0#VAR 936 0 0.444556 0.555444 
 ----> 6.6#11.9#4.0#14.0#VAR 937 0 0.465145 0.534855 
 ----> 6.6#11.9#4.0#14.0#VAR 938 1 0.444949 0.555051 
 ----> 6.6#11.9#4.0#14.0#VAR 939 1 0.426916 0.573084 
 ----> 6.6#11.9#4.0#14.0#VAR 940 1 0.452373 0.547627 
 ----> 6.6#11.9#4.0#14.0#VAR 941 1 0.438124 0.561876 
 ----> 6.6#11.9#4.0#14.0#VAR 942 1 0.436723 0.563277 
 ----> 6.6#11.9#4.0#14.0#VAR 943 1 0.435466 0.564534 
 ----> 6.6#11.9#4.0#14.0#VAR 944 0 0.470215 0.529785 
 ----> 6.6#11.9#4.0#14.0#VAR 945 1 0.455967 0.544033 
 ----> 6.6#11.9#4.0#14.0#VAR 946 1 0.443533 0.556467 
 ----> 6.6#11.9#4.0#14.0#VAR 947 1 0.429133 0.570867 
 ----> 6.6#11.9#4.0#14.0#VAR 948 0 0.460414 0.539586 
 ----> 6.6#11.9#4.0#14.0#VAR 949 1 0.432836 0.567164 
 ----> 6.6#11.9#4.0#14.0#VAR 950 1 0.432317 0.567683 
 ----> 6.6#11.9#4.0#14.0#VAR 951 1 0.446101 0.553899 
 ----> 6.6#11.9#4.0#14.0#VAR 952 0 0.471042 0.528958 
 ----> 6.6#11.9#4.0#14.0#VAR 953 1 0.466227 0.533773 
 ----> 6.6#11.9#4.0#14.0#VAR 954 1 0.446417 0.553583 
 ----> 6.6#11.9#4.0#14.0#VAR 955 0 0.469532 0.530468 
 ----> 6.6#11.9#4.0#14.0#VAR 956 0 0.468627 0.531373 
 ----> 6.6#11.9#4.0#14.0#VAR 957 0 0.469541 0.530459 
 ----> 6.6#11.9#4.0#14.0#VAR 958 0 0.464727 0.535273 
 ----> 6.6#11.9#4.0#14.0#VAR 959 1 0.440375 0.559625 
 ----> 6.6#11.9#4.0#14.0#VAR 960 0 0.458796 0.541204 
 ----> 6.6#11.9#4.0#14.0#VAR 961 0 0.479173 0.520827 
 ----> 6.6#11.9#4.0#14.0#VAR 962 0 0.471528 0.528472 
 ----> 6.6#11.9#4.0#14.0#VAR 963 0 0.496425 0.503575 
 ----> 6.6#11.9#4.0#14.0#VAR 964 1 0.450727 0.549273 
 ----> 6.6#11.9#4.0#14.0#VAR 965 0 0.484338 0.515662 
 ----> 6.6#11.9#4.0#14.0#VAR 966 1 0.442409 0.557591 
 ----> 6.6#11.9#4.0#14.0#VAR 967 1 0.45009 0.54991 
 ----> 6.6#11.9#4.0#14.0#VAR 968 1 0.471345 0.528655 
 ----> 6.6#11.9#4.0#14.0#VAR 969 1 0.453409 0.546591 
 ----> 6.6#11.9#4.0#14.0#VAR 970 0 0.486676 0.513324 
 ----> 6.6#11.9#4.0#14.0#VAR 971 1 0.446893 0.553107 
 ----> 6.6#11.9#4.0#14.0#VAR 972 0 0.483078 0.516922 
 ----> 6.6#11.9#4.0#14.0#VAR 973 0 0.496266 0.503734 
 ----> 6.6#11.9#4.0#14.0#VAR 974 1 0.476936 0.523064 
 ----> 6.6#11.9#4.0#14.0#VAR 975 1 0.464321 0.535679 
 ----> 6.6#11.9#4.0#14.0#VAR 976 1 0.455673 0.544327 
 ----> 6.6#11.9#4.0#14.0#VAR 977 1 0.463783 0.536217 
 ----> 6.6#11.9#4.0#14.0#VAR 978 0 0.493574 0.506426 
 ----> 6.6#11.9#4.0#14.0#VAR 979 0 0.489831 0.510169 
 ----> 6.6#11.9#4.0#14.0#VAR 980 1 0.469458 0.530542 
 ----> 6.6#11.9#4.0#14.0#VAR 981 1 0.470451 0.529549 
 ----> 6.6#11.9#4.0#14.0#VAR 982 0 0.48529 0.51471 
 ----> 6.6#11.9#4.0#14.0#VAR 983 1 0.474477 0.525523 
 ----> 6.6#11.9#4.0#14.0#VAR 984 1 0.453555 0.546445 
 ----> 6.6#11.9#4.0#14.0#VAR 985 0 0.478947 0.521053 
 ----> 6.6#11.9#4.0#14.0#VAR 986 1 0.448015 0.551985 
 ----> 6.6#11.9#4.0#14.0#VAR 987 1 0.430021 0.569979 
 ----> 6.6#11.9#4.0#14.0#VAR 988 1 0.435664 0.564336 
 ----> 6.6#11.9#4.0#14.0#VAR 989 0 0.4712 0.5288 
 ----> 6.6#11.9#4.0#14.0#VAR 990 0 0.481827 0.518173 
 ----> 6.6#11.9#4.0#14.0#VAR 991 1 0.426715 0.573285 
 ----> 6.6#11.9#4.0#14.0#VAR 992 1 0.459664 0.540336 
 ----> 6.6#11.9#4.0#14.0#VAR 993 1 0.443042 0.556958 
 ----> 6.6#11.9#4.0#14.0#VAR 994 0 0.474718 0.525282 
 ----> 6.6#11.9#4.0#14.0#VAR 995 1 0.463813 0.536187 
 ----> 6.6#11.9#4.0#14.0#VAR 996 0 0.484225 0.515775 
 ----> 6.6#11.9#4.0#14.0#VAR 997 1 0.465088 0.534912 
 ----> 6.6#11.9#4.0#14.0#VAR 998 0 0.492748 0.507252 
 ----> 6.6#11.9#4.0#14.0#VAR 999 1 0.462192 0.537808 
 ----> 6.6#11.9#4.0#14.0#VAR 1000 1 0.473323 0.526677 
 ----> 6.6#11.9#4.0#14.0#VAR 1001 1 0.442828 0.557172 
 ----> 6.6#11.9#4.0#14.0#VAR 1002 0 0.472685 0.527315 
 ----> 6.6#11.9#4.0#14.0#VAR 1003 1 0.462182 0.537818 
 ----> 6.6#11.9#4.0#14.0#VAR 1004 1 0.483488 0.516512 
 ----> 6.6#11.9#4.0#14.0#VAR 1005 0 0.501043 0.498957 
 ----> 6.6#11.9#4.0#14.0#VAR 1006 1 0.463707 0.536293 
 ----> 6.6#11.9#4.0#14.0#VAR 1007 1 0.440374 0.559626 
 ----> 6.6#11.9#4.0#14.0#VAR 1008 0 0.480083 0.519917 
 ----> 6.6#11.9#4.0#14.0#VAR 1009 0 0.470202 0.529798 
 ----> 6.6#11.9#4.0#14.0#VAR 1010 1 0.439655 0.560345 
 ----> 6.6#11.9#4.0#14.0#VAR 1011 1 0.464747 0.535253 
 ----> 6.6#11.9#4.0#14.0#VAR 1012 1 0.45627 0.54373 
 ----> 6.6#11.9#4.0#14.0#VAR 1013 1 0.459993 0.540007 
 ----> 6.6#11.9#4.0#14.0#VAR 1014 0 0.476542 0.523458 
 ----> 6.6#11.9#4.0#14.0#VAR 1015 1 0.462545 0.537455 
 ----> 6.6#11.9#4.0#14.0#VAR 1016 0 0.494904 0.505096 
 ----> 6.6#11.9#4.0#14.0#VAR 1017 1 0.456415 0.543585 
 ----> 6.6#11.9#4.0#14.0#VAR 1018 1 0.448639 0.551361 
 ----> 6.6#11.9#4.0#14.0#VAR 1019 1 0.461211 0.538789 
 ----> 6.6#11.9#4.0#14.0#VAR 1020 0 0.476946 0.523054 
 ----> 6.6#11.9#4.0#14.0#VAR 1021 1 0.455151 0.544849 
 ----> 6.6#11.9#4.0#14.0#VAR 1022 1 0.471361 0.528639 
 ----> 6.6#11.9#4.0#14.0#VAR 1023 1 0.460741 0.539259 
 ----> 6.6#11.9#4.0#14.0#VAR 1024 0 0.486014 0.513986 
 ----> 6.6#11.9#4.0#14.0#VAR 1025 1 0.457797 0.542203 
 ----> 6.6#11.9#4.0#14.0#VAR 1026 1 0.45755 0.54245 
 ----> 6.6#11.9#4.0#14.0#VAR 1027 0 0.475463 0.524537 
 ----> 6.6#11.9#4.0#14.0#VAR 1028 0 0.516677 0.483323 
 ----> 6.6#11.9#4.0#14.0#VAR 1029 0 0.473617 0.526383 
 ----> 6.6#11.9#4.0#14.0#VAR 1030 1 0.446279 0.553721 
 ----> 6.6#11.9#4.0#14.0#VAR 1031 1 0.474692 0.525308 
 ----> 6.6#11.9#4.0#14.0#VAR 1032 0 0.490939 0.509061 
 ----> 6.6#11.9#4.0#14.0#VAR 1033 1 0.457886 0.542114 
 ----> 6.6#11.9#4.0#14.0#VAR 1034 1 0.474567 0.525433 
 ----> 6.6#11.9#4.0#14.0#VAR 1035 1 0.467865 0.532135 
 ----> 6.6#11.9#4.0#14.0#VAR 1036 1 0.463956 0.536044 
 ----> 6.6#11.9#4.0#14.0#VAR 1037 1 0.46319 0.53681 
 ----> 6.6#11.9#4.0#14.0#VAR 1038 1 0.477969 0.522031 
 ----> 6.6#11.9#4.0#14.0#VAR 1039 1 0.469137 0.530863 
 ----> 6.6#11.9#4.0#14.0#VAR 1040 0 0.462591 0.537409 
 ----> 6.6#11.9#4.0#14.0#VAR 1041 1 0.443691 0.556309 
 ----> 6.6#11.9#4.0#14.0#VAR 1042 1 0.458782 0.541218 
 ----> 6.6#11.9#4.0#14.0#VAR 1043 1 0.465621 0.534379 
 ----> 6.6#11.9#4.0#14.0#VAR 1044 1 0.455386 0.544614 
 ----> 6.6#11.9#4.0#14.0#VAR 1045 1 0.439182 0.560818 
 ----> 6.6#11.9#4.0#14.0#VAR 1046 0 0.449714 0.550286 
 ----> 6.6#11.9#4.0#14.0#VAR 1047 1 0.468622 0.531378 
 ----> 6.6#11.9#4.0#14.0#VAR 1048 1 0.464364 0.535636 
 ----> 6.6#11.9#4.0#14.0#VAR 1049 0 0.486609 0.513391 
 ----> 6.6#11.9#4.0#14.0#VAR 1050 0 0.487447 0.512553 
 ----> 6.6#11.9#4.0#14.0#VAR 1051 1 0.455217 0.544783 
 ----> 6.6#11.9#4.0#14.0#VAR 1052 0 0.492368 0.507632 
 ----> 6.6#11.9#4.0#14.0#VAR 1053 1 0.464694 0.535306 
 ----> 6.6#11.9#4.0#14.0#VAR 1054 0 0.496412 0.503588 
 ----> 6.6#11.9#4.0#14.0#VAR 1055 0 0.488317 0.511683 
 ----> 6.6#11.9#4.0#14.0#VAR 1056 0 0.4867 0.5133 
 ----> 6.6#11.9#4.0#14.0#VAR 1057 1 0.485103 0.514897 
 ----> 6.6#11.9#4.0#14.0#VAR 1058 0 0.491223 0.508777 
 ----> 6.6#11.9#4.0#14.0#VAR 1059 1 0.457249 0.542751 
 ----> 6.6#11.9#4.0#14.0#VAR 1060 1 0.467324 0.532676 
 ----> 6.6#11.9#4.0#14.0#VAR 1061 0 0.494162 0.505838 
 ----> 6.6#11.9#4.0#14.0#VAR 1062 1 0.472891 0.527109 
 ----> 6.6#11.9#4.0#14.0#VAR 1063 1 0.448797 0.551203 
 ----> 6.6#11.9#4.0#14.0#VAR 1064 0 0.491411 0.508589 
 ----> 6.6#11.9#4.0#14.0#VAR 1065 1 0.461176 0.538824 
 ----> 6.6#11.9#4.0#14.0#VAR 1066 1 0.44876 0.55124 
 ----> 6.6#11.9#4.0#14.0#VAR 1067 1 0.451523 0.548477 
 ----> 6.6#11.9#4.0#14.0#VAR 1068 0 0.494025 0.505975 
 ----> 6.6#11.9#4.0#14.0#VAR 1069 1 0.470947 0.529053 
 ----> 6.6#11.9#4.0#14.0#VAR 1070 1 0.464886 0.535114 
 ----> 6.6#11.9#4.0#14.0#VAR 1071 0 0.491176 0.508824 
 ----> 6.6#11.9#4.0#14.0#VAR 1072 0 0.481408 0.518592 
 ----> 6.6#11.9#4.0#14.0#VAR 1073 0 0.484809 0.515191 
 ----> 6.6#11.9#4.0#14.0#VAR 1074 0 0.48807 0.51193 
 ----> 6.6#11.9#4.0#14.0#VAR 1075 0 0.493315 0.506685 
 ----> 6.6#11.9#4.0#14.0#VAR 1076 1 0.474967 0.525033 
 ----> 6.6#11.9#4.0#14.0#VAR 1077 1 0.477406 0.522594 
 ----> 6.6#11.9#4.0#14.0#VAR 1078 0 0.494909 0.505091 
 ----> 6.6#11.9#4.0#14.0#VAR 1079 1 0.484307 0.515693 
 ----> 6.6#11.9#4.0#14.0#VAR 1080 0 0.494382 0.505618 
 ----> 6.6#11.9#4.0#14.0#VAR 1081 0 0.48881 0.51119 
 ----> 6.6#11.9#4.0#14.0#VAR 1082 1 0.476405 0.523595 
 ----> 6.6#11.9#4.0#14.0#VAR 1083 0 0.488056 0.511944 
 ----> 6.6#11.9#4.0#14.0#VAR 1084 1 0.454489 0.545511 
 ----> 6.6#11.9#4.0#14.0#VAR 1085 1 0.466937 0.533063 
 ----> 6.6#11.9#4.0#14.0#VAR 1086 0 0.47089 0.52911 
 ----> 6.6#11.9#4.0#14.0#VAR 1087 1 0.46593 0.53407 
 ----> 6.6#11.9#4.0#14.0#VAR 1088 0 0.487044 0.512956 
 ----> 6.6#11.9#4.0#14.0#VAR 1089 1 0.479845 0.520155 
 ----> 6.6#11.9#4.0#14.0#VAR 1090 0 0.486417 0.513583 
 ----> 6.6#11.9#4.0#14.0#VAR 1091 1 0.461572 0.538428 
 ----> 6.6#11.9#4.0#14.0#VAR 1092 1 0.478583 0.521417 
 ----> 6.6#11.9#4.0#14.0#VAR 1093 0 0.48887 0.51113 
 ----> 6.6#11.9#4.0#14.0#VAR 1094 1 0.4602 0.5398 
 ----> 6.6#11.9#4.0#14.0#VAR 1095 1 0.468635 0.531365 
 ----> 6.6#11.9#4.0#14.0#VAR 1096 1 0.465806 0.534194 
 ----> 6.6#11.9#4.0#14.0#VAR 1097 1 0.487318 0.512682 
 ----> 6.6#11.9#4.0#14.0#VAR 1098 1 0.476856 0.523144 
 ----> 6.6#11.9#4.0#14.0#VAR 1099 0 0.502535 0.497465 
 ----> 6.6#11.9#4.0#14.0#VAR 1100 0 0.495984 0.504016 
 ----> 6.6#11.9#4.0#14.0#VAR 1101 0 0.490971 0.509029 
 ----> 6.6#11.9#4.0#14.0#VAR 1102 0 0.503006 0.496994 
 ----> 6.6#11.9#4.0#14.0#VAR 1103 1 0.489608 0.510392 
 ----> 6.6#11.9#4.0#14.0#VAR 1104 0 0.485617 0.514383 
 ----> 6.6#11.9#4.0#14.0#VAR 1105 0 0.495409 0.504591 
 ----> 6.6#11.9#4.0#14.0#VAR 1106 1 0.457633 0.542367 
 ----> 6.6#11.9#4.0#14.0#VAR 1107 1 0.45978 0.54022 
 ----> 6.6#11.9#4.0#14.0#VAR 1108 0 0.47182 0.52818 
 ----> 6.6#11.9#4.0#14.0#VAR 1109 1 0.476082 0.523918 
 ----> 6.6#11.9#4.0#14.0#VAR 1110 1 0.463511 0.536489 
 ----> 6.6#11.9#4.0#14.0#VAR 1111 0 0.498594 0.501406 
 ----> 6.6#11.9#4.0#14.0#VAR 1112 1 0.455094 0.544906 
 ----> 6.6#11.9#4.0#14.0#VAR 1113 1 0.455603 0.544397 
 ----> 6.6#11.9#4.0#14.0#VAR 1114 1 0.462197 0.537803 
 ----> 6.6#11.9#4.0#14.0#VAR 1115 0 0.47659 0.52341 
 ----> 6.6#11.9#4.0#14.0#VAR 1116 1 0.446019 0.553981 
 ----> 6.6#11.9#4.0#14.0#VAR 1117 0 0.495244 0.504756 
 ----> 6.6#11.9#4.0#14.0#VAR 1118 0 0.499151 0.500849 
 ----> 6.6#11.9#4.0#14.0#VAR 1119 1 0.466607 0.533393 
 ----> 6.6#11.9#4.0#14.0#VAR 1120 1 0.475926 0.524074 
 ----> 6.6#11.9#4.0#14.0#VAR 1121 1 0.495179 0.504821 
 ----> 6.6#11.9#4.0#14.0#VAR 1122 0 0.501674 0.498326 
 ----> 6.6#11.9#4.0#14.0#VAR 1123 1 0.48153 0.51847 
 ----> 6.6#11.9#4.0#14.0#VAR 1124 1 0.479513 0.520487 
 ----> 6.6#11.9#4.0#14.0#VAR 1125 0 0.478268 0.521732 
 ----> 6.6#11.9#4.0#14.0#VAR 1126 1 0.466343 0.533657 
 ----> 6.6#11.9#4.0#14.0#VAR 1127 0 0.488716 0.511284 
 ----> 6.6#11.9#4.0#14.0#VAR 1128 1 0.485204 0.514796 
 ----> 6.6#11.9#4.0#14.0#VAR 1129 1 0.478525 0.521475 
 ----> 6.6#11.9#4.0#14.0#VAR 1130 0 0.503656 0.496344 
 ----> 6.6#11.9#4.0#14.0#VAR 1131 0 0.493321 0.506679 
 ----> 6.6#11.9#4.0#14.0#VAR 1132 0 0.480103 0.519897 
 ----> 6.6#11.9#4.0#14.0#VAR 1133 0 0.473714 0.526286 
 ----> 6.6#11.9#4.0#14.0#VAR 1134 1 0.484336 0.515664 
 ----> 6.6#11.9#4.0#14.0#VAR 1135 1 0.495567 0.504433 
 ----> 6.6#11.9#4.0#14.0#VAR 1136 1 0.4767 0.5233 
 ----> 6.6#11.9#4.0#14.0#VAR 1137 1 0.467497 0.532503 
 ----> 6.6#11.9#4.0#14.0#VAR 1138 1 0.475197 0.524803 
 ----> 6.6#11.9#4.0#14.0#VAR 1139 1 0.464409 0.535591 
 ----> 6.6#11.9#4.0#14.0#VAR 1140 1 0.485149 0.514851 
 ----> 6.6#11.9#4.0#14.0#VAR 1141 1 0.478715 0.521285 
 ----> 6.6#11.9#4.0#14.0#VAR 1142 1 0.489524 0.510476 
 ----> 6.6#11.9#4.0#14.0#VAR 1143 0 0.485112 0.514888 
 ----> 6.6#11.9#4.0#14.0#VAR 1144 1 0.470544 0.529456 
 ----> 6.6#11.9#4.0#14.0#VAR 1145 1 0.482658 0.517342 
 ----> 6.6#11.9#4.0#14.0#VAR 1146 1 0.449641 0.550359 
 ----> 6.6#11.9#4.0#14.0#VAR 1147 0 0.519498 0.480502 
 ----> 6.6#11.9#4.0#14.0#VAR 1148 0 0.512302 0.487698 
 ----> 6.6#11.9#4.0#14.0#VAR 1149 1 0.473316 0.526684 
 ----> 6.6#11.9#4.0#14.0#VAR 1150 0 0.489923 0.510077 
 ----> 6.6#11.9#4.0#14.0#VAR 1151 1 0.488754 0.511246 
 ----> 6.6#11.9#4.0#14.0#VAR 1152 0 0.506062 0.493938 
 ----> 6.6#11.9#4.0#14.0#VAR 1153 1 0.471975 0.528025 
 ----> 6.6#11.9#4.0#14.0#VAR 1154 1 0.473818 0.526182 
 ----> 6.6#11.9#4.0#14.0#VAR 1155 1 0.476973 0.523027 
 ----> 6.6#11.9#4.0#14.0#VAR 1156 0 0.508725 0.491275 
 ----> 6.6#11.9#4.0#14.0#VAR 1157 1 0.453929 0.546071 
 ----> 6.6#11.9#4.0#14.0#VAR 1158 1 0.462865 0.537135 
 ----> 6.6#11.9#4.0#14.0#VAR 1159 1 0.486037 0.513963 
 ----> 6.6#11.9#4.0#14.0#VAR 1160 0 0.496328 0.503672 
 ----> 6.6#11.9#4.0#14.0#VAR 1161 0 0.506356 0.493644 
 ----> 6.6#11.9#4.0#14.0#VAR 1162 1 0.461057 0.538943 
 ----> 6.6#11.9#4.0#14.0#VAR 1163 1 0.484937 0.515063 
 ----> 6.6#11.9#4.0#14.0#VAR 1164 1 0.478368 0.521632 
 ----> 6.6#11.9#4.0#14.0#VAR 1165 1 0.48728 0.51272 
 ----> 6.6#11.9#4.0#14.0#VAR 1166 1 0.497357 0.502643 
 ----> 6.6#11.9#4.0#14.0#VAR 1167 0 0.498945 0.501055 
 ----> 6.6#11.9#4.0#14.0#VAR 1168 0 0.493699 0.506301 
 ----> 6.6#11.9#4.0#14.0#VAR 1169 1 0.459311 0.540689 
 ----> 6.6#11.9#4.0#14.0#VAR 1170 1 0.497462 0.502538 
 ----> 6.6#11.9#4.0#14.0#VAR 1171 0 0.501791 0.498209 
 ----> 6.6#11.9#4.0#14.0#VAR 1172 0 0.487249 0.512751 
 ----> 6.6#11.9#4.0#14.0#VAR 1173 0 0.492499 0.507501 
 ----> 6.6#11.9#4.0#14.0#VAR 1174 0 0.49648 0.50352 
 ----> 6.6#11.9#4.0#14.0#VAR 1175 0 0.515799 0.484201 
 ----> 6.6#11.9#4.0#14.0#VAR 1176 1 0.491547 0.508453 
 ----> 6.6#11.9#4.0#14.0#VAR 1177 1 0.486453 0.513547 
 ----> 6.6#11.9#4.0#14.0#VAR 1178 0 0.494296 0.505704 
 ----> 6.6#11.9#4.0#14.0#VAR 1179 0 0.508537 0.491463 
 ----> 6.6#11.9#4.0#14.0#VAR 1180 1 0.471909 0.528091 
 ----> 6.6#11.9#4.0#14.0#VAR 1181 0 0.512961 0.487039 
 ----> 6.6#11.9#4.0#14.0#VAR 1182 1 0.472754 0.527246 
 ----> 6.6#11.9#4.0#14.0#VAR 1183 1 0.466415 0.533585 
 ----> 6.6#11.9#4.0#14.0#VAR 1184 1 0.449829 0.550171 
 ----> 6.6#11.9#4.0#14.0#VAR 1185 1 0.482319 0.517681 
 ----> 6.6#11.9#4.0#14.0#VAR 1186 1 0.439435 0.560565 
 ----> 6.6#11.9#4.0#14.0#VAR 1187 1 0.456464 0.543536 
 ----> 6.6#11.9#4.0#14.0#VAR 1188 1 0.476382 0.523618 
 ----> 6.6#11.9#4.0#14.0#VAR 1189 1 0.481356 0.518644 
 ----> 6.6#11.9#4.0#14.0#VAR 1190 0 0.473675 0.526325 
 ----> 6.6#11.9#4.0#14.0#VAR 1191 1 0.472238 0.527762 
 ----> 6.6#11.9#4.0#14.0#VAR 1192 1 0.449643 0.550357 
 ----> 6.6#11.9#4.0#14.0#VAR 1193 0 0.492283 0.507717 
 ----> 6.6#11.9#4.0#14.0#VAR 1194 1 0.446209 0.553791 
 ----> 6.6#11.9#4.0#14.0#VAR 1195 1 0.475417 0.524583 
 ----> 6.6#11.9#4.0#14.0#VAR 1196 1 0.447414 0.552586 
 ----> 6.6#11.9#4.0#14.0#VAR 1197 1 0.46282 0.53718 
 ----> 6.6#11.9#4.0#14.0#VAR 1198 0 0.48322 0.51678 
 ----> 6.6#11.9#4.0#14.0#VAR 1199 0 0.477259 0.522741 
 ----> 6.6#11.9#4.0#14.0#VAR 1200 0 0.484174 0.515826 
 ----> 6.6#11.9#4.0#14.0#VAR 1201 0 0.481388 0.518612 
 ----> 6.6#11.9#4.0#14.0#VAR 1202 0 0.502275 0.497725 
 ----> 6.6#11.9#4.0#14.0#VAR 1203 1 0.475008 0.524992 
 ----> 6.6#11.9#4.0#14.0#VAR 1204 0 0.454958 0.545042 
 ----> 6.6#11.9#4.0#14.0#VAR 1205 0 0.479143 0.520857 
 ----> 6.6#11.9#4.0#14.0#VAR 1206 1 0.422771 0.577229 
 ----> 6.6#11.9#4.0#14.0#VAR 1207 1 0.426558 0.573442 
 ----> 6.6#11.9#4.0#14.0#VAR 1208 1 0.472083 0.527917 
 ----> 6.6#11.9#4.0#14.0#VAR 1209 0 0.477719 0.522281 
 ----> 6.6#11.9#4.0#14.0#VAR 1210 0 0.502 0.498 
 ----> 6.6#11.9#4.0#14.0#VAR 1211 1 0.48398 0.51602 
 ----> 6.6#11.9#4.0#14.0#VAR 1212 1 0.470888 0.529112 
 ----> 6.6#11.9#4.0#14.0#VAR 1213 1 0.472276 0.527724 
 ----> 6.6#11.9#4.0#14.0#VAR 1214 0 0.496497 0.503503 
 ----> 6.6#11.9#4.0#14.0#VAR 1215 1 0.472355 0.527645 
 ----> 6.6#11.9#4.0#14.0#VAR 1216 1 0.473668 0.526332 
 ----> 6.6#11.9#4.0#14.0#VAR 1217 0 0.477222 0.522778 
 ----> 6.6#11.9#4.0#14.0#VAR 1218 0 0.504739 0.495261 
 ----> 6.6#11.9#4.0#14.0#VAR 1219 1 0.458788 0.541212 
 ----> 6.6#11.9#4.0#14.0#VAR 1220 0 0.503635 0.496365 
 ----> 6.6#11.9#4.0#14.0#VAR 1221 0 0.499036 0.500964 
 ----> 6.6#11.9#4.0#14.0#VAR 1222 1 0.472449 0.527551 
 ----> 6.6#11.9#4.0#14.0#VAR 1223 0 0.485252 0.514748 
 ----> 6.6#11.9#4.0#14.0#VAR 1224 1 0.479732 0.520268 
 ----> 6.6#11.9#4.0#14.0#VAR 1225 1 0.49653 0.50347 
 ----> 6.6#11.9#4.0#14.0#VAR 1226 0 0.483259 0.516741 
 ----> 6.6#11.9#4.0#14.0#VAR 1227 0 0.499387 0.500613 
 ----> 6.6#11.9#4.0#14.0#VAR 1228 0 0.494399 0.505601 
 ----> 6.6#11.9#4.0#14.0#VAR 1229 1 0.469568 0.530432 
 ----> 6.6#11.9#4.0#14.0#VAR 1230 1 0.462035 0.537965 
 ----> 6.6#11.9#4.0#14.0#VAR 1231 1 0.458058 0.541942 
 ----> 6.6#11.9#4.0#14.0#VAR 1232 1 0.464801 0.535199 
 ----> 6.6#11.9#4.0#14.0#VAR 1233 0 0.447568 0.552432 
 ----> 6.6#11.9#4.0#14.0#VAR 1234 0 0.479938 0.520062 
 ----> 6.6#11.9#4.0#14.0#VAR 1235 1 0.442706 0.557294 
 ----> 6.6#11.9#4.0#14.0#VAR 1236 1 0.459162 0.540838 
 ----> 6.6#11.9#4.0#14.0#VAR 1237 0 0.467771 0.532229 
 ----> 6.6#11.9#4.0#14.0#VAR 1238 1 0.460274 0.539726 
 ----> 6.6#11.9#4.0#14.0#VAR 1239 0 0.474882 0.525118 
 ----> 6.6#11.9#4.0#14.0#VAR 1240 1 0.448096 0.551904 
 ----> 6.6#11.9#4.0#14.0#VAR 1241 0 0.490564 0.509436 
 ----> 6.6#11.9#4.0#14.0#VAR 1242 0 0.486478 0.513522 
 ----> 6.6#11.9#4.0#14.0#VAR 1243 0 0.49692 0.50308 
 ----> 6.6#11.9#4.0#14.0#VAR 1244 0 0.502544 0.497456 
 ----> 6.6#11.9#4.0#14.0#VAR 1245 1 0.439598 0.560402 
 ----> 6.6#11.9#4.0#14.0#VAR 1246 1 0.464894 0.535106 
 ----> 6.6#11.9#4.0#14.0#VAR 1247 1 0.489778 0.510222 
 ----> 6.6#11.9#4.0#14.0#VAR 1248 1 0.451142 0.548858 
 ----> 6.6#11.9#4.0#14.0#VAR 1249 1 0.43711 0.56289 
 ----> 6.6#11.9#4.0#14.0#VAR 1250 1 0.454954 0.545046 
 ----> 6.6#11.9#4.0#14.0#VAR 1251 1 0.475291 0.524709 
 ----> 6.6#11.9#4.0#14.0#VAR 1252 0 0.50478 0.49522 
 ----> 6.6#11.9#4.0#14.0#VAR 1253 1 0.468999 0.531001 
 ----> 6.6#11.9#4.0#14.0#VAR 1254 0 0.48676 0.51324 
 ----> 6.6#11.9#4.0#14.0#VAR 1255 1 0.472992 0.527008 
 ----> 6.6#11.9#4.0#14.0#VAR 1256 1 0.477589 0.522411 
 ----> 6.6#11.9#4.0#14.0#VAR 1257 1 0.475555 0.524445 
 ----> 6.6#11.9#4.0#14.0#VAR 1258 0 0.469905 0.530095 
 ----> 6.6#11.9#4.0#14.0#VAR 1259 0 0.505647 0.494353 
 ----> 6.6#11.9#4.0#14.0#VAR 1260 0 0.491149 0.508851 
 ----> 6.6#11.9#4.0#14.0#VAR 1261 0 0.488256 0.511744 
 ----> 6.6#11.9#4.0#14.0#VAR 1262 1 0.477221 0.522779 
 ----> 6.6#11.9#4.0#14.0#VAR 1263 0 0.495948 0.504052 
 ----> 6.6#11.9#4.0#14.0#VAR 1264 0 0.511431 0.488569 
 ----> 6.6#11.9#4.0#14.0#VAR 1265 1 0.467638 0.532362 
 ----> 6.6#11.9#4.0#14.0#VAR 1266 0 0.485942 0.514058 
 ----> 6.6#11.9#4.0#14.0#VAR 1267 0 0.474058 0.525942 
 ----> 6.6#11.9#4.0#14.0#VAR 1268 0 0.484697 0.515303 
 ----> 6.6#11.9#4.0#14.0#VAR 1269 1 0.477011 0.522989 
 ----> 6.6#11.9#4.0#14.0#VAR 1270 1 0.462507 0.537493 
 ----> 6.6#11.9#4.0#14.0#VAR 1271 0 0.491519 0.508481 
 ----> 6.6#11.9#4.0#14.0#VAR 1272 0 0.509846 0.490154 
 ----> 6.6#11.9#4.0#14.0#VAR 1273 0 0.4803 0.5197 
 ----> 6.6#11.9#4.0#14.0#VAR 1274 1 0.470489 0.529511 
 ----> 6.6#11.9#4.0#14.0#VAR 1275 1 0.482144 0.517856 
 ----> 6.6#11.9#4.0#14.0#VAR 1276 0 0.488072 0.511928 
 ----> 6.6#11.9#4.0#14.0#VAR 1277 1 0.466823 0.533177 
 ----> 6.6#11.9#4.0#14.0#VAR 1278 1 0.469375 0.530625 
 ----> 6.6#11.9#4.0#14.0#VAR 1279 1 0.475822 0.524178 
 ----> 6.6#11.9#4.0#14.0#VAR 1280 1 0.49009 0.50991 
 ----> 6.6#11.9#4.0#14.0#VAR 1281 1 0.493522 0.506478 
 ----> 6.6#11.9#4.0#14.0#VAR 1282 1 0.503725 0.496275 
 ----> 6.6#11.9#4.0#14.0#VAR 1283 0 0.493227 0.506773 
 ----> 6.6#11.9#4.0#14.0#VAR 1284 1 0.479531 0.520469 
 ----> 6.6#11.9#4.0#14.0#VAR 1285 0 0.493065 0.506935 
 ----> 6.6#11.9#4.0#14.0#VAR 1286 1 0.477595 0.522405 
 ----> 6.6#11.9#4.0#14.0#VAR 1287 1 0.472537 0.527463 
 ----> 6.6#11.9#4.0#14.0#VAR 1288 1 0.490725 0.509275 
 ----> 6.6#11.9#4.0#14.0#VAR 1289 1 0.484083 0.515917 
 ----> 6.6#11.9#4.0#14.0#VAR 1290 1 0.478269 0.521731 
 ----> 6.6#11.9#4.0#14.0#VAR 1291 1 0.468864 0.531136 
 ----> 6.6#11.9#4.0#14.0#VAR 1292 0 0.473322 0.526678 
 ----> 6.6#11.9#4.0#14.0#VAR 1293 1 0.462974 0.537026 
 ----> 6.6#11.9#4.0#14.0#VAR 1294 1 0.471468 0.528532 
 ----> 6.6#11.9#4.0#14.0#VAR 1295 0 0.506405 0.493595 
 ----> 6.6#11.9#4.0#14.0#VAR 1296 1 0.487088 0.512912 
 ----> 6.6#11.9#4.0#14.0#VAR 1297 1 0.481999 0.518001 
 ----> 6.6#11.9#4.0#14.0#VAR 1298 1 0.498939 0.501061 
 ----> 6.6#11.9#4.0#14.0#VAR 1299 1 0.469927 0.530073 
 ----> 6.6#11.9#4.0#14.0#VAR 1300 0 0.500323 0.499677 
 ----> 6.6#11.9#4.0#14.0#VAR 1301 1 0.486546 0.513454 
 ----> 6.6#11.9#4.0#14.0#VAR 1302 1 0.490671 0.509329 
 ----> 6.6#11.9#4.0#14.0#VAR 1303 1 0.479521 0.520479 
 ----> 6.6#11.9#4.0#14.0#VAR 1304 1 0.489444 0.510556 
 ----> 6.6#11.9#4.0#14.0#VAR 1305 1 0.467177 0.532823 
 ----> 6.6#11.9#4.0#14.0#VAR 1306 0 0.493014 0.506986 
 ----> 6.6#11.9#4.0#14.0#VAR 1307 0 0.496865 0.503135 
 ----> 6.6#11.9#4.0#14.0#VAR 1308 1 0.490756 0.509244 
 ----> 6.6#11.9#4.0#14.0#VAR 1309 0 0.49956 0.50044 
 ----> 6.6#11.9#4.0#14.0#VAR 1310 1 0.488223 0.511777 
 ----> 6.6#11.9#4.0#14.0#VAR 1311 1 0.48991 0.51009 
 ----> 6.6#11.9#4.0#14.0#VAR 1312 1 0.502286 0.497714 
 ----> 6.6#11.9#4.0#14.0#VAR 1313 1 0.501179 0.498821 
 ----> 6.6#11.9#4.0#14.0#VAR 1314 0 0.508797 0.491203 
 ----> 6.6#11.9#4.0#14.0#VAR 1315 0 0.505199 0.494801 
 ----> 6.6#11.9#4.0#14.0#VAR 1316 0 0.515527 0.484473 
 ----> 6.6#11.9#4.0#14.0#VAR 1317 1 0.50179 0.49821 
 ----> 6.6#11.9#4.0#14.0#VAR 1318 1 0.486231 0.513769 
 ----> 6.6#11.9#4.0#14.0#VAR 1319 1 0.487075 0.512925 
 ----> 6.6#11.9#4.0#14.0#VAR 1320 0 0.49646 0.50354 
 ----> 6.6#11.9#4.0#14.0#VAR 1321 1 0.485415 0.514585 
 ----> 6.6#11.9#4.0#14.0#VAR 1322 0 0.506496 0.493504 
 ----> 6.6#11.9#4.0#14.0#VAR 1323 1 0.491148 0.508852 
 ----> 6.6#11.9#4.0#14.0#VAR 1324 0 0.493134 0.506866 
 ----> 6.6#11.9#4.0#14.0#VAR 1325 0 0.482222 0.517778 
 ----> 6.6#11.9#4.0#14.0#VAR 1326 0 0.505008 0.494992 
 ----> 6.6#11.9#4.0#14.0#VAR 1327 0 0.491261 0.508739 
 ----> 6.6#11.9#4.0#14.0#VAR 1328 0 0.496172 0.503828 
 ----> 6.6#11.9#4.0#14.0#VAR 1329 0 0.490918 0.509082 
 ----> 6.6#11.9#4.0#14.0#VAR 1330 0 0.483733 0.516267 
 ----> 6.6#11.9#4.0#14.0#VAR 1331 1 0.471143 0.528857 
 ----> 6.6#11.9#4.0#14.0#VAR 1332 0 0.513004 0.486996 
 ----> 6.6#11.9#4.0#14.0#VAR 1333 1 0.488784 0.511216 
 ----> 6.6#11.9#4.0#14.0#VAR 1334 0 0.504292 0.495708 
 ----> 6.6#11.9#4.0#14.0#VAR 1335 1 0.503519 0.496481 
 ----> 6.6#11.9#4.0#14.0#VAR 1336 0 0.531019 0.468981 
 ----> 6.6#11.9#4.0#14.0#VAR 1337 1 0.478245 0.521755 
 ----> 6.6#11.9#4.0#14.0#VAR 1338 1 0.481824 0.518176 
 ----> 6.6#11.9#4.0#14.0#VAR 1339 1 0.477418 0.522582 
 ----> 6.6#11.9#4.0#14.0#VAR 1340 1 0.477289 0.522711 
 ----> 6.6#11.9#4.0#14.0#VAR 1341 1 0.488039 0.511961 
 ----> 6.6#11.9#4.0#14.0#VAR 1342 1 0.487601 0.512399 
 ----> 6.6#11.9#4.0#14.0#VAR 1343 1 0.499399 0.500601 
 ----> 6.6#11.9#4.0#14.0#VAR 1344 0 0.499507 0.500493 
 ----> 6.6#11.9#4.0#14.0#VAR 1345 0 0.515102 0.484898 
 ----> 6.6#11.9#4.0#14.0#VAR 1346 0 0.509898 0.490102 
 ----> 6.6#11.9#4.0#14.0#VAR 1347 1 0.490518 0.509482 
 ----> 6.6#11.9#4.0#14.0#VAR 1348 0 0.499302 0.500698 
 ----> 6.6#11.9#4.0#14.0#VAR 1349 0 0.494489 0.505511 
 ----> 6.6#11.9#4.0#14.0#VAR 1350 1 0.513155 0.486845 
 ----> 6.6#11.9#4.0#14.0#VAR 1351 0 0.51756 0.48244 
 ----> 6.6#11.9#4.0#14.0#VAR 1352 0 0.481339 0.518661 
 ----> 6.6#11.9#4.0#14.0#VAR 1353 1 0.48884 0.51116 
 ----> 6.6#11.9#4.0#14.0#VAR 1354 1 0.487409 0.512591 
 ----> 6.6#11.9#4.0#14.0#VAR 1355 1 0.486905 0.513095 
 ----> 6.6#11.9#4.0#14.0#VAR 1356 0 0.510856 0.489144 
 ----> 6.6#11.9#4.0#14.0#VAR 1357 1 0.49636 0.50364 
 ----> 6.6#11.9#4.0#14.0#VAR 1358 0 0.503345 0.496655 
 ----> 6.6#11.9#4.0#14.0#VAR 1359 1 0.482514 0.517486 
 ----> 6.6#11.9#4.0#14.0#VAR 1360 0 0.51133 0.48867 
 ----> 6.6#11.9#4.0#14.0#VAR 1361 1 0.484942 0.515058 
 ----> 6.6#11.9#4.0#14.0#VAR 1362 0 0.506328 0.493672 
 ----> 6.6#11.9#4.0#14.0#VAR 1363 0 0.504509 0.495491 
 ----> 6.6#11.9#4.0#14.0#VAR 1364 1 0.502393 0.497607 
 ----> 6.6#11.9#4.0#14.0#VAR 1365 0 0.506821 0.493179 
 ----> 6.6#11.9#4.0#14.0#VAR 1366 1 0.508574 0.491426 
 ----> 6.6#11.9#4.0#14.0#VAR 1367 0 0.505606 0.494394 
 ----> 6.6#11.9#4.0#14.0#VAR 1368 0 0.508391 0.491609 
 ----> 6.6#11.9#4.0#14.0#VAR 1369 1 0.494825 0.505175 
 ----> 6.6#11.9#4.0#14.0#VAR 1370 1 0.507248 0.492752 
 ----> 6.6#11.9#4.0#14.0#VAR 1371 1 0.497593 0.502407 
 ----> 6.6#11.9#4.0#14.0#VAR 1372 0 0.515768 0.484232 
 ----> 6.6#11.9#4.0#14.0#VAR 1373 1 0.481737 0.518263 
 ----> 6.6#11.9#4.0#14.0#VAR 1374 0 0.514862 0.485138 
 ----> 6.6#11.9#4.0#14.0#VAR 1375 0 0.517522 0.482478 
 ----> 6.6#11.9#4.0#14.0#VAR 1376 1 0.496478 0.503522 
 ----> 6.6#11.9#4.0#14.0#VAR 1377 0 0.537662 0.462338 
 ----> 6.6#11.9#4.0#14.0#VAR 1378 0 0.499402 0.500598 
 ----> 6.6#11.9#4.0#14.0#VAR 1379 0 0.511644 0.488356 
 ----> 6.6#11.9#4.0#14.0#VAR 1380 0 0.517751 0.482249 
 ----> 6.6#11.9#4.0#14.0#VAR 1381 0 0.510929 0.489071 
 ----> 6.6#11.9#4.0#14.0#VAR 1382 1 0.481671 0.518329 
 ----> 6.6#11.9#4.0#14.0#VAR 1383 1 0.49692 0.50308 
 ----> 6.6#11.9#4.0#14.0#VAR 1384 1 0.491971 0.508029 
 ----> 6.6#11.9#4.0#14.0#VAR 1385 1 0.484821 0.515179 
 ----> 6.6#11.9#4.0#14.0#VAR 1386 1 0.494804 0.505196 
 ----> 6.6#11.9#4.0#14.0#VAR 1387 0 0.510938 0.489062 
 ----> 6.6#11.9#4.0#14.0#VAR 1388 1 0.500597 0.499403 
 ----> 6.6#11.9#4.0#14.0#VAR 1389 0 0.526097 0.473903 
 ----> 6.6#11.9#4.0#14.0#VAR 1390 1 0.49015 0.50985 
 ----> 6.6#11.9#4.0#14.0#VAR 1391 1 0.504455 0.495545 
 ----> 6.6#11.9#4.0#14.0#VAR 1392 1 0.503532 0.496468 
 ----> 6.6#11.9#4.0#14.0#VAR 1393 1 0.504218 0.495782 
 ----> 6.6#11.9#4.0#14.0#VAR 1394 0 0.506638 0.493362 
 ----> 6.6#11.9#4.0#14.0#VAR 1395 0 0.516784 0.483216 
 ----> 6.6#11.9#4.0#14.0#VAR 1396 1 0.502752 0.497248 
 ----> 6.6#11.9#4.0#14.0#VAR 1397 0 0.531828 0.468172 
 ----> 6.6#11.9#4.0#14.0#VAR 1398 0 0.518931 0.481069 
 ----> 6.6#11.9#4.0#14.0#VAR 1399 0 0.516711 0.483289 
 ----> 6.6#11.9#4.0#14.0#VAR 1400 0 0.518587 0.481413 
 ----> 6.6#11.9#4.0#14.0#VAR 1401 0 0.521575 0.478425 
 ----> 6.6#11.9#4.0#14.0#VAR 1402 0 0.513086 0.486914 
 ----> 6.6#11.9#4.0#14.0#VAR 1403 0 0.506839 0.493161 
 ----> 6.6#11.9#4.0#14.0#VAR 1404 1 0.512297 0.487703 
 ----> 6.6#11.9#4.0#14.0#VAR 1405 0 0.49681 0.50319 
 ----> 6.6#11.9#4.0#14.0#VAR 1406 0 0.511779 0.488221 
 ----> 6.6#11.9#4.0#14.0#VAR 1407 0 0.501406 0.498594 
 ----> 6.6#11.9#4.0#14.0#VAR 1408 0 0.506522 0.493478 
 ----> 6.6#11.9#4.0#14.0#VAR 1409 0 0.503541 0.496459 
 ----> 6.6#11.9#4.0#14.0#VAR 1410 1 0.491643 0.508357 
 ----> 6.6#11.9#4.0#14.0#VAR 1411 0 0.477789 0.522211 
 ----> 6.6#11.9#4.0#14.0#VAR 1412 0 0.499165 0.500835 
 ----> 6.6#11.9#4.0#14.0#VAR 1413 1 0.499707 0.500293 
 ----> 6.6#11.9#4.0#14.0#VAR 1414 0 0.490899 0.509101 
 ----> 6.6#11.9#4.0#14.0#VAR 1415 1 0.489696 0.510304 
 ----> 6.6#11.9#4.0#14.0#VAR 1416 0 0.495186 0.504814 
 ----> 6.6#11.9#4.0#14.0#VAR 1417 1 0.504933 0.495067 
 ----> 6.6#11.9#4.0#14.0#VAR 1418 0 0.507799 0.492201 
 ----> 6.6#11.9#4.0#14.0#VAR 1419 0 0.520884 0.479116 
 ----> 6.6#11.9#4.0#14.0#VAR 1420 0 0.497748 0.502252 
 ----> 6.6#11.9#4.0#14.0#VAR 1421 0 0.519388 0.480612 
 ----> 6.6#11.9#4.0#14.0#VAR 1422 1 0.479915 0.520085 
 ----> 6.6#11.9#4.0#14.0#VAR 1423 0 0.505477 0.494523 
 ----> 6.6#11.9#4.0#14.0#VAR 1424 0 0.506417 0.493583 
 ----> 6.6#11.9#4.0#14.0#VAR 1425 0 0.504057 0.495943 
 ----> 6.6#11.9#4.0#14.0#VAR 1426 0 0.488805 0.511195 
 ----> 6.6#11.9#4.0#14.0#VAR 1427 0 0.500643 0.499357 
 ----> 6.6#11.9#4.0#14.0#VAR 1428 0 0.507039 0.492961 
 ----> 6.6#11.9#4.0#14.0#VAR 1429 1 0.473965 0.526035 
 ----> 6.6#11.9#4.0#14.0#VAR 1430 0 0.503443 0.496557 
 ----> 6.6#11.9#4.0#14.0#VAR 1431 1 0.508085 0.491915 
 ----> 6.6#11.9#4.0#14.0#VAR 1432 0 0.510281 0.489719 
 ----> 6.6#11.9#4.0#14.0#VAR 1433 1 0.480399 0.519601 
 ----> 6.6#11.9#4.0#14.0#VAR 1434 1 0.48431 0.51569 
 ----> 6.6#11.9#4.0#14.0#VAR 1435 0 0.515109 0.484891 
 ----> 6.6#11.9#4.0#14.0#VAR 1436 1 0.482207 0.517793 
 ----> 6.6#11.9#4.0#14.0#VAR 1437 0 0.505879 0.494121 
 ----> 6.6#11.9#4.0#14.0#VAR 1438 0 0.501787 0.498213 
 ----> 6.6#11.9#4.0#14.0#VAR 1439 0 0.520228 0.479772 
 ----> 6.6#11.9#4.0#14.0#VAR 1440 1 0.510048 0.489952 
 ----> 6.6#11.9#4.0#14.0#VAR 1441 1 0.485315 0.514685 
 ----> 6.6#11.9#4.0#14.0#VAR 1442 1 0.491331 0.508669 
 ----> 6.6#11.9#4.0#14.0#VAR 1443 1 0.510378 0.489622 
 ----> 6.6#11.9#4.0#14.0#VAR 1444 0 0.499592 0.500408 
 ----> 6.6#11.9#4.0#14.0#VAR 1445 1 0.507308 0.492692 
 ----> 6.6#11.9#4.0#14.0#VAR 1446 0 0.511588 0.488412 
 ----> 6.6#11.9#4.0#14.0#VAR 1447 1 0.507453 0.492547 
 ----> 6.6#11.9#4.0#14.0#VAR 1448 0 0.508178 0.491822 
 ----> 6.6#11.9#4.0#14.0#VAR 1449 1 0.515367 0.484633 
 ----> 6.6#11.9#4.0#14.0#VAR 1450 1 0.473052 0.526948 
 ----> 6.6#11.9#4.0#14.0#VAR 1451 0 0.509493 0.490507 
 ----> 6.6#11.9#4.0#14.0#VAR 1452 0 0.498896 0.501104 
 ----> 6.6#11.9#4.0#14.0#VAR 1453 1 0.531022 0.468978 
 ----> 6.6#11.9#4.0#14.0#VAR 1454 1 0.512782 0.487218 
 ----> 6.6#11.9#4.0#14.0#VAR 1455 1 0.507657 0.492343 
 ----> 6.6#11.9#4.0#14.0#VAR 1456 0 0.514276 0.485724 
 ----> 6.6#11.9#4.0#14.0#VAR 1457 1 0.488968 0.511032 
 ----> 6.6#11.9#4.0#14.0#VAR 1458 1 0.501784 0.498216 
 ----> 6.6#11.9#4.0#14.0#VAR 1459 0 0.522999 0.477001 
 ----> 6.6#11.9#4.0#14.0#VAR 1460 0 0.513581 0.486419 
 ----> 6.6#11.9#4.0#14.0#VAR 1461 0 0.508093 0.491907 
 ----> 6.6#11.9#4.0#14.0#VAR 1462 0 0.498171 0.501829 
 ----> 6.6#11.9#4.0#14.0#VAR 1463 0 0.499492 0.500508 
 ----> 6.6#11.9#4.0#14.0#VAR 1464 1 0.506714 0.493286 
 ----> 6.6#11.9#4.0#14.0#VAR 1465 1 0.523643 0.476357 
 ----> 6.6#11.9#4.0#14.0#VAR 1466 1 0.507944 0.492056 
 ----> 6.6#11.9#4.0#14.0#VAR 1467 0 0.494491 0.505509 
 ----> 6.6#11.9#4.0#14.0#VAR 1468 0 0.492436 0.507564 
 ----> 6.6#11.9#4.0#14.0#VAR 1469 1 0.503455 0.496545 
 ----> 6.6#11.9#4.0#14.0#VAR 1470 0 0.520553 0.479447 
 ----> 6.6#11.9#4.0#14.0#VAR 1471 1 0.497963 0.502037 
 ----> 6.6#11.9#4.0#14.0#VAR 1472 0 0.495715 0.504285 
 ----> 6.6#11.9#4.0#14.0#VAR 1473 0 0.494758 0.505242 
 ----> 6.6#11.9#4.0#14.0#VAR 1474 1 0.515194 0.484806 
 ----> 6.6#11.9#4.0#14.0#VAR 1475 0 0.507825 0.492175 
 ----> 6.6#11.9#4.0#14.0#VAR 1476 1 0.504701 0.495299 
 ----> 6.6#11.9#4.0#14.0#VAR 1477 0 0.514493 0.485507 
 ----> 6.6#11.9#4.0#14.0#VAR 1478 0 0.498816 0.501184 
 ----> 6.6#11.9#4.0#14.0#VAR 1479 1 0.495874 0.504126 
 ----> 6.6#11.9#4.0#14.0#VAR 1480 0 0.492521 0.507479 
 ----> 6.6#11.9#4.0#14.0#VAR 1481 1 0.512902 0.487098 
 ----> 6.6#11.9#4.0#14.0#VAR 1482 0 0.486526 0.513474 
 ----> 6.6#11.9#4.0#14.0#VAR 1483 1 0.502834 0.497166 
 ----> 6.6#11.9#4.0#14.0#VAR 1484 0 0.508051 0.491949 
 ----> 6.6#11.9#4.0#14.0#VAR 1485 1 0.506905 0.493095 
 ----> 6.6#11.9#4.0#14.0#VAR 1486 1 0.491548 0.508452 
 ----> 6.6#11.9#4.0#14.0#VAR 1487 0 0.513811 0.486189 
 ----> 6.6#11.9#4.0#14.0#VAR 1488 1 0.499314 0.500686 
 ----> 6.6#11.9#4.0#14.0#VAR 1489 1 0.497713 0.502287 
 ----> 6.6#11.9#4.0#14.0#VAR 1490 1 0.497448 0.502552 
 ----> 6.6#11.9#4.0#14.0#VAR 1491 1 0.502144 0.497856 
 ----> 6.6#11.9#4.0#14.0#VAR 1492 1 0.485556 0.514444 
 ----> 6.6#11.9#4.0#14.0#VAR 1493 1 0.499976 0.500024 
 ----> 6.6#11.9#4.0#14.0#VAR 1494 1 0.505686 0.494314 
 ----> 6.6#11.9#4.0#14.0#VAR 1495 0 0.477393 0.522607 
 ----> 6.6#11.9#4.0#14.0#VAR 1496 0 0.491256 0.508744 
 ----> 6.6#11.9#4.0#14.0#VAR 1497 1 0.503487 0.496513 
 ----> 6.6#11.9#4.0#14.0#VAR 1498 0 0.499823 0.500177 
 ----> 6.6#11.9#4.0#14.0#VAR 1499 1 0.505858 0.494142 
 ----> 6.6#11.9#4.0#14.0#VAR 1500 0 0.507637 0.492363 
 ----> 6.6#11.9#4.0#14.0#VAR 1501 0 0.507251 0.492749 
 ----> 6.6#11.9#4.0#14.0#VAR 1502 1 0.527689 0.472311 
 ----> 6.6#11.9#4.0#14.0#VAR 1503 1 0.504833 0.495167 
 ----> 6.6#11.9#4.0#14.0#VAR 1504 1 0.502002 0.497998 
 ----> 6.6#11.9#4.0#14.0#VAR 1505 1 0.478212 0.521788 
 ----> 6.6#11.9#4.0#14.0#VAR 1506 1 0.506522 0.493478 
 ----> 6.6#11.9#4.0#14.0#VAR 1507 1 0.509725 0.490275 
 ----> 6.6#11.9#4.0#14.0#VAR 1508 0 0.50282 0.49718 
 ----> 6.6#11.9#4.0#14.0#VAR 1509 0 0.518554 0.481446 
 ----> 6.6#11.9#4.0#14.0#VAR 1510 0 0.505559 0.494441 
 ----> 6.6#11.9#4.0#14.0#VAR 1511 0 0.510731 0.489269 
 ----> 6.6#11.9#4.0#14.0#VAR 1512 0 0.484556 0.515444 
 ----> 6.6#11.9#4.0#14.0#VAR 1513 0 0.51181 0.48819 
 ----> 6.6#11.9#4.0#14.0#VAR 1514 0 0.490473 0.509527 
 ----> 6.6#11.9#4.0#14.0#VAR 1515 0 0.498828 0.501172 
 ----> 6.6#11.9#4.0#14.0#VAR 1516 1 0.509166 0.490834 
 ----> 6.6#11.9#4.0#14.0#VAR 1517 0 0.495968 0.504032 
 ----> 6.6#11.9#4.0#14.0#VAR 1518 0 0.494763 0.505237 
 ----> 6.6#11.9#4.0#14.0#VAR 1519 0 0.501238 0.498762 
 ----> 6.6#11.9#4.0#14.0#VAR 1520 0 0.501009 0.498991 
 ----> 6.6#11.9#4.0#14.0#VAR 1521 0 0.516547 0.483453 
 ----> 6.6#11.9#4.0#14.0#VAR 1522 0 0.502521 0.497479 
 ----> 6.6#11.9#4.0#14.0#VAR 1523 1 0.496807 0.503193 
 ----> 6.6#11.9#4.0#14.0#VAR 1524 0 0.50613 0.49387 
 ----> 6.6#11.9#4.0#14.0#VAR 1525 0 0.530334 0.469666 
 ----> 6.6#11.9#4.0#14.0#VAR 1526 0 0.517838 0.482162 
 ----> 6.6#11.9#4.0#14.0#VAR 1527 0 0.511394 0.488606 
 ----> 6.6#11.9#4.0#14.0#VAR 1528 0 0.504114 0.495886 
 ----> 6.6#11.9#4.0#14.0#VAR 1529 1 0.506717 0.493283 
 ----> 6.6#11.9#4.0#14.0#VAR 1530 0 0.515105 0.484895 
 ----> 6.6#11.9#4.0#14.0#VAR 1531 1 0.504069 0.495931 
 ----> 6.6#11.9#4.0#14.0#VAR 1532 0 0.494542 0.505458 
 ----> 6.6#11.9#4.0#14.0#VAR 1533 1 0.504835 0.495165 
 ----> 6.6#11.9#4.0#14.0#VAR 1534 1 0.524341 0.475659 
 ----> 6.6#11.9#4.0#14.0#VAR 1535 1 0.506136 0.493864 
 ----> 6.6#11.9#4.0#14.0#VAR 1536 1 0.514547 0.485453 
 ----> 6.6#11.9#4.0#14.0#VAR 1537 1 0.494958 0.505042 
 ----> 6.6#11.9#4.0#14.0#VAR 1538 1 0.506958 0.493042 
 ----> 6.6#11.9#4.0#14.0#VAR 1539 0 0.518779 0.481221 
 ----> 6.6#11.9#4.0#14.0#VAR 1540 1 0.516842 0.483158 
 ----> 6.6#11.9#4.0#14.0#VAR 1541 0 0.507681 0.492319 
 ----> 6.6#11.9#4.0#14.0#VAR 1542 0 0.522756 0.477244 
 ----> 6.6#11.9#4.0#14.0#VAR 1543 0 0.527312 0.472688 
 ----> 6.6#11.9#4.0#14.0#VAR 1544 0 0.495653 0.504347 
 ----> 6.6#11.9#4.0#14.0#VAR 1545 0 0.497582 0.502418 
 ----> 6.6#11.9#4.0#14.0#VAR 1546 1 0.514671 0.485329 
 ----> 6.6#11.9#4.0#14.0#VAR 1547 0 0.500737 0.499263 
 ----> 6.6#11.9#4.0#14.0#VAR 1548 1 0.508957 0.491043 
 ----> 6.6#11.9#4.0#14.0#VAR 1549 0 0.503307 0.496693 
 ----> 6.6#11.9#4.0#14.0#VAR 1550 0 0.498234 0.501766 
 ----> 6.6#11.9#4.0#14.0#VAR 1551 0 0.506805 0.493195 
 ----> 6.6#11.9#4.0#14.0#VAR 1552 0 0.50789 0.49211 
 ----> 6.6#11.9#4.0#14.0#VAR 1553 0 0.494325 0.505675 
 ----> 6.6#11.9#4.0#14.0#VAR 1554 1 0.505023 0.494977 
 ----> 6.6#11.9#4.0#14.0#VAR 1555 1 0.50507 0.49493 
 ----> 6.6#11.9#4.0#14.0#VAR 1556 1 0.50613 0.49387 
 ----> 6.6#11.9#4.0#14.0#VAR 1557 0 0.498338 0.501662 
 ----> 6.6#11.9#4.0#14.0#VAR 1558 0 0.517924 0.482076 
 ----> 6.6#11.9#4.0#14.0#VAR 1559 1 0.507934 0.492066 
 ----> 6.6#11.9#4.0#14.0#VAR 1560 1 0.515139 0.484861 
 ----> 6.6#11.9#4.0#14.0#VAR 1561 0 0.502449 0.497551 
 ----> 6.6#11.9#4.0#14.0#VAR 1562 0 0.503481 0.496519 
 ----> 6.6#11.9#4.0#14.0#VAR 1563 1 0.497835 0.502165 
 ----> 6.6#11.9#4.0#14.0#VAR 1564 0 0.504248 0.495752 
 ----> 6.6#11.9#4.0#14.0#VAR 1565 0 0.497653 0.502347 
 ----> 6.6#11.9#4.0#14.0#VAR 1566 0 0.512155 0.487845 
 ----> 6.6#11.9#4.0#14.0#VAR 1567 1 0.509105 0.490895 
 ----> 6.6#11.9#4.0#14.0#VAR 1568 0 0.520793 0.479207 
 ----> 6.6#11.9#4.0#14.0#VAR 1569 0 0.521219 0.478781 
 ----> 6.6#11.9#4.0#14.0#VAR 1570 1 0.506432 0.493568 
 ----> 6.6#11.9#4.0#14.0#VAR 1571 1 0.504478 0.495522 
 ----> 6.6#11.9#4.0#14.0#VAR 1572 0 0.518259 0.481741 
 ----> 6.6#11.9#4.0#14.0#VAR 1573 0 0.511439 0.488561 
 ----> 6.6#11.9#4.0#14.0#VAR 1574 1 0.50162 0.49838 
 ----> 6.6#11.9#4.0#14.0#VAR 1575 0 0.500264 0.499736 
 ----> 6.6#11.9#4.0#14.0#VAR 1576 1 0.512716 0.487284 
 ----> 6.6#11.9#4.0#14.0#VAR 1577 1 0.486765 0.513235 
 ----> 6.6#11.9#4.0#14.0#VAR 1578 0 0.523825 0.476175 
 ----> 6.6#11.9#4.0#14.0#VAR 1579 0 0.491797 0.508203 
 ----> 6.6#11.9#4.0#14.0#VAR 1580 0 0.497067 0.502933 
 ----> 6.6#11.9#4.0#14.0#VAR 1581 0 0.493896 0.506104 
 ----> 6.6#11.9#4.0#14.0#VAR 1582 1 0.489359 0.510641 
 ----> 6.6#11.9#4.0#14.0#VAR 1583 1 0.491907 0.508093 
 ----> 6.6#11.9#4.0#14.0#VAR 1584 0 0.488554 0.511446 
 ----> 6.6#11.9#4.0#14.0#VAR 1585 0 0.482504 0.517496 
 ----> 6.6#11.9#4.0#14.0#VAR 1586 0 0.47961 0.52039 
 ----> 6.6#11.9#4.0#14.0#VAR 1587 0 0.50926 0.49074 
 ----> 6.6#11.9#4.0#14.0#VAR 1588 0 0.522093 0.477907 
 ----> 6.6#11.9#4.0#14.0#VAR 1589 0 0.50421 0.49579 
 ----> 6.6#11.9#4.0#14.0#VAR 1590 1 0.485064 0.514936 
 ----> 6.6#11.9#4.0#14.0#VAR 1591 0 0.507092 0.492908 
 ----> 6.6#11.9#4.0#14.0#VAR 1592 0 0.489869 0.510131 
 ----> 6.6#11.9#4.0#14.0#VAR 1593 1 0.507716 0.492284 
 ----> 6.6#11.9#4.0#14.0#VAR 1594 1 0.502295 0.497705 
 ----> 6.6#11.9#4.0#14.0#VAR 1595 1 0.499641 0.500359 
 ----> 6.6#11.9#4.0#14.0#VAR 1596 1 0.490394 0.509606 
 ----> 6.6#11.9#4.0#14.0#VAR 1597 0 0.484985 0.515015 
 ----> 6.6#11.9#4.0#14.0#VAR 1598 1 0.498724 0.501276 
 ----> 6.6#11.9#4.0#14.0#VAR 1599 0 0.503196 0.496804 
 ----> 6.6#11.9#4.0#14.0#VAR 1600 0 0.520616 0.479384 
 ----> 6.6#11.9#4.0#14.0#VAR 1601 0 0.492298 0.507702 
 ----> 6.6#11.9#4.0#14.0#VAR 1602 1 0.487762 0.512238 
 ----> 6.6#11.9#4.0#14.0#VAR 1603 0 0.489577 0.510423 
 ----> 6.6#11.9#4.0#14.0#VAR 1604 0 0.505505 0.494495 
 ----> 6.6#11.9#4.0#14.0#VAR 1605 0 0.485269 0.514731 
 ----> 6.6#11.9#4.0#14.0#VAR 1606 1 0.507873 0.492127 
 ----> 6.6#11.9#4.0#14.0#VAR 1607 0 0.485087 0.514913 
 ----> 6.6#11.9#4.0#14.0#VAR 1608 0 0.502012 0.497988 
 ----> 6.6#11.9#4.0#14.0#VAR 1609 0 0.508132 0.491868 
 ----> 6.6#11.9#4.0#14.0#VAR 1610 0 0.499417 0.500583 
 ----> 6.6#11.9#4.0#14.0#VAR 1611 1 0.507574 0.492426 
 ----> 6.6#11.9#4.0#14.0#VAR 1612 1 0.514508 0.485492 
 ----> 6.6#11.9#4.0#14.0#VAR 1613 1 0.499121 0.500879 
 ----> 6.6#11.9#4.0#14.0#VAR 1614 0 0.491393 0.508607 
 ----> 6.6#11.9#4.0#14.0#VAR 1615 0 0.515605 0.484395 
 ----> 6.6#11.9#4.0#14.0#VAR 1616 0 0.494492 0.505508 
 ----> 6.6#11.9#4.0#14.0#VAR 1617 0 0.501127 0.498873 
 ----> 6.6#11.9#4.0#14.0#VAR 1618 1 0.488027 0.511973 
 ----> 6.6#11.9#4.0#14.0#VAR 1619 0 0.50584 0.49416 
 ----> 6.6#11.9#4.0#14.0#VAR 1620 1 0.487096 0.512904 
 ----> 6.6#11.9#4.0#14.0#VAR 1621 1 0.50816 0.49184 
 ----> 6.6#11.9#4.0#14.0#VAR 1622 0 0.50642 0.49358 
 ----> 6.6#11.9#4.0#14.0#VAR 1623 0 0.505556 0.494444 
 ----> 6.6#11.9#4.0#14.0#VAR 1624 0 0.492466 0.507534 
 ----> 6.6#11.9#4.0#14.0#VAR 1625 1 0.515347 0.484653 
 ----> 6.6#11.9#4.0#14.0#VAR 1626 0 0.524451 0.475549 
 ----> 6.6#11.9#4.0#14.0#VAR 1627 1 0.495921 0.504079 
 ----> 6.6#11.9#4.0#14.0#VAR 1628 0 0.506121 0.493879 
 ----> 6.6#11.9#4.0#14.0#VAR 1629 1 0.516251 0.483749 
 ----> 6.6#11.9#4.0#14.0#VAR 1630 1 0.477243 0.522757 
 ----> 6.6#11.9#4.0#14.0#VAR 1631 1 0.503815 0.496185 
 ----> 6.6#11.9#4.0#14.0#VAR 1632 0 0.512 0.488 
 ----> 6.6#11.9#4.0#14.0#VAR 1633 0 0.492745 0.507255 
 ----> 6.6#11.9#4.0#14.0#VAR 1634 1 0.511755 0.488245 
 ----> 6.6#11.9#4.0#14.0#VAR 1635 0 0.494093 0.505907 
 ----> 6.6#11.9#4.0#14.0#VAR 1636 0 0.490994 0.509006 
 ----> 6.6#11.9#4.0#14.0#VAR 1637 0 0.490762 0.509238 
 ----> 6.6#11.9#4.0#14.0#VAR 1638 0 0.516672 0.483328 
 ----> 6.6#11.9#4.0#14.0#VAR 1639 0 0.505634 0.494366 
 ----> 6.6#11.9#4.0#14.0#VAR 1640 1 0.49636 0.50364 
 ----> 6.6#11.9#4.0#14.0#VAR 1641 1 0.520651 0.479349 
 ----> 6.6#11.9#4.0#14.0#VAR 1642 0 0.480975 0.519025 
 ----> 6.6#11.9#4.0#14.0#VAR 1643 1 0.498161 0.501839 
 ----> 6.6#11.9#4.0#14.0#VAR 1644 1 0.506549 0.493451 
 ----> 6.6#11.9#4.0#14.0#VAR 1645 0 0.492766 0.507234 
 ----> 6.6#11.9#4.0#14.0#VAR 1646 0 0.517729 0.482271 
 ----> 6.6#11.9#4.0#14.0#VAR 1647 0 0.498732 0.501268 
 ----> 6.6#11.9#4.0#14.0#VAR 1648 0 0.492729 0.507271 
 ----> 6.6#11.9#4.0#14.0#VAR 1649 0 0.484657 0.515343 
 ----> 6.6#11.9#4.0#14.0#VAR 1650 1 0.494185 0.505815 
 ----> 6.6#11.9#4.0#14.0#VAR 1651 1 0.499671 0.500329 
 ----> 6.6#11.9#4.0#14.0#VAR 1652 1 0.492457 0.507543 
 ----> 6.6#11.9#4.0#14.0#VAR 1653 1 0.492432 0.507568 
 ----> 6.6#11.9#4.0#14.0#VAR 1654 0 0.508402 0.491598 
 ----> 6.6#11.9#4.0#14.0#VAR 1655 1 0.49412 0.50588 
 ----> 6.6#11.9#4.0#14.0#VAR 1656 1 0.516669 0.483331 
 ----> 6.6#11.9#4.0#14.0#VAR 1657 0 0.514501 0.485499 
 ----> 6.6#11.9#4.0#14.0#VAR 1658 1 0.509591 0.490409 
 ----> 6.6#11.9#4.0#14.0#VAR 1659 0 0.504855 0.495145 
 ----> 6.6#11.9#4.0#14.0#VAR 1660 0 0.516807 0.483193 
 ----> 6.6#11.9#4.0#14.0#VAR 1661 1 0.506041 0.493959 
 ----> 6.6#11.9#4.0#14.0#VAR 1662 0 0.501331 0.498669 
 ----> 6.6#11.9#4.0#14.0#VAR 1663 0 0.488021 0.511979 
 ----> 6.6#11.9#4.0#14.0#VAR 1664 0 0.507734 0.492266 
 ----> 6.6#11.9#4.0#14.0#VAR 1665 0 0.508978 0.491022 
 ----> 6.6#11.9#4.0#14.0#VAR 1666 0 0.498601 0.501399 
 ----> 6.6#11.9#4.0#14.0#VAR 1667 1 0.515838 0.484162 
 ----> 6.6#11.9#4.0#14.0#VAR 1668 1 0.509131 0.490869 
 ----> 6.6#11.9#4.0#14.0#VAR 1669 0 0.500728 0.499272 
 ----> 6.6#11.9#4.0#14.0#VAR 1670 0 0.515737 0.484263 
 ----> 6.6#11.9#4.0#14.0#VAR 1671 0 0.504249 0.495751 
 ----> 6.6#11.9#4.0#14.0#VAR 1672 0 0.515898 0.484102 
 ----> 6.6#11.9#4.0#14.0#VAR 1673 0 0.518608 0.481392 
 ----> 6.6#11.9#4.0#14.0#VAR 1674 0 0.506919 0.493081 
 ----> 6.6#11.9#4.0#14.0#VAR 1675 1 0.505995 0.494005 
 ----> 6.6#11.9#4.0#14.0#VAR 1676 1 0.50361 0.49639 
 ----> 6.6#11.9#4.0#14.0#VAR 1677 1 0.493078 0.506922 
 ----> 6.6#11.9#4.0#14.0#VAR 1678 0 0.517872 0.482128 
 ----> 6.6#11.9#4.0#14.0#VAR 1679 0 0.511706 0.488294 
 ----> 6.6#11.9#4.0#14.0#VAR 1680 0 0.506711 0.493289 
 ----> 6.6#11.9#4.0#14.0#VAR 1681 0 0.507165 0.492835 
 ----> 6.6#11.9#4.0#14.0#VAR 1682 0 0.519882 0.480118 
 ----> 6.6#11.9#4.0#14.0#VAR 1683 0 0.522638 0.477362 
 ----> 6.6#11.9#4.0#14.0#VAR 1684 0 0.489286 0.510714 
 ----> 6.6#11.9#4.0#14.0#VAR 1685 1 0.503042 0.496958 
 ----> 6.6#11.9#4.0#14.0#VAR 1686 0 0.518846 0.481154 
 ----> 6.6#11.9#4.0#14.0#VAR 1687 1 0.493091 0.506909 
 ----> 6.6#11.9#4.0#14.0#VAR 1688 0 0.49657 0.50343 
 ----> 6.6#11.9#4.0#14.0#VAR 1689 0 0.505424 0.494576 
 ----> 6.6#11.9#4.0#14.0#VAR 1690 0 0.507424 0.492576 
 ----> 6.6#11.9#4.0#14.0#VAR 1691 0 0.522529 0.477471 
 ----> 6.6#11.9#4.0#14.0#VAR 1692 0 0.520338 0.479662 
 ----> 6.6#11.9#4.0#14.0#VAR 1693 1 0.498282 0.501718 
 ----> 6.6#11.9#4.0#14.0#VAR 1694 1 0.505232 0.494768 
 ----> 6.6#11.9#4.0#14.0#VAR 1695 1 0.514807 0.485193 
 ----> 6.6#11.9#4.0#14.0#VAR 1696 0 0.491192 0.508808 
 ----> 6.6#11.9#4.0#14.0#VAR 1697 0 0.514512 0.485488 
 ----> 6.6#11.9#4.0#14.0#VAR 1698 0 0.519356 0.480644 
 ----> 6.6#11.9#4.0#14.0#VAR 1699 0 0.486841 0.513159 
 ----> 6.6#11.9#4.0#14.0#VAR 1700 0 0.515605 0.484395 
 ----> 6.6#11.9#4.0#14.0#VAR 1701 0 0.498381 0.501619 
 ----> 6.6#11.9#4.0#14.0#VAR 1702 0 0.503468 0.496532 
 ----> 6.6#11.9#4.0#14.0#VAR 1703 0 0.509443 0.490557 
 ----> 6.6#11.9#4.0#14.0#VAR 1704 0 0.527154 0.472846 
 ----> 6.6#11.9#4.0#14.0#VAR 1705 0 0.538348 0.461652 
 ----> 6.6#11.9#4.0#14.0#VAR 1706 0 0.497106 0.502894 
 ----> 6.6#11.9#4.0#14.0#VAR 1707 0 0.512267 0.487733 
 ----> 6.6#11.9#4.0#14.0#VAR 1708 0 0.489929 0.510071 
 ----> 6.6#11.9#4.0#14.0#VAR 1709 0 0.52019 0.47981 
 ----> 6.6#11.9#4.0#14.0#VAR 1710 0 0.524105 0.475895 
 ----> 6.6#11.9#4.0#14.0#VAR 1711 0 0.509415 0.490585 
 ----> 6.6#11.9#4.0#14.0#VAR 1712 0 0.50584 0.49416 
 ----> 6.6#11.9#4.0#14.0#VAR 1713 1 0.512603 0.487397 
 ----> 6.6#11.9#4.0#14.0#VAR 1714 0 0.509341 0.490659 
 ----> 6.6#11.9#4.0#14.0#VAR 1715 0 0.497094 0.502906 
 ----> 6.6#11.9#4.0#14.0#VAR 1716 0 0.497322 0.502678 
 ----> 6.6#11.9#4.0#14.0#VAR 1717 0 0.50818 0.49182 
 ----> 6.6#11.9#4.0#14.0#VAR 1718 0 0.51479 0.48521 
 ----> 6.6#11.9#4.0#14.0#VAR 1719 0 0.502939 0.497061 
 ----> 6.6#11.9#4.0#14.0#VAR 1720 0 0.509182 0.490818 
 ----> 6.6#11.9#4.0#14.0#VAR 1721 0 0.506517 0.493483 
 ----> 6.6#11.9#4.0#14.0#VAR 1722 0 0.517852 0.482148 
 ----> 6.6#11.9#4.0#14.0#VAR 1723 1 0.52568 0.47432 
 ----> 6.6#11.9#4.0#14.0#VAR 1724 1 0.516001 0.483999 
 ----> 6.6#11.9#4.0#14.0#VAR 1725 1 0.507167 0.492833 
 ----> 6.6#11.9#4.0#14.0#VAR 1726 0 0.502188 0.497812 
 ----> 6.6#11.9#4.0#14.0#VAR 1727 0 0.511053 0.488947 
 ----> 6.6#11.9#4.0#14.0#VAR 1728 0 0.511625 0.488375 
 ----> 6.6#11.9#4.0#14.0#VAR 1729 0 0.501662 0.498338 
 ----> 6.6#11.9#4.0#14.0#VAR 1730 1 0.513747 0.486253 
 ----> 6.6#11.9#4.0#14.0#VAR 1731 1 0.500512 0.499488 
 ----> 6.6#11.9#4.0#14.0#VAR 1732 0 0.497937 0.502063 
 ----> 6.6#11.9#4.0#14.0#VAR 1733 0 0.515098 0.484902 
 ----> 6.6#11.9#4.0#14.0#VAR 1734 0 0.50376 0.49624 
 ----> 6.6#11.9#4.0#14.0#VAR 1735 0 0.497777 0.502223 
 ----> 6.6#11.9#4.0#14.0#VAR 1736 0 0.497095 0.502905 
 ----> 6.6#11.9#4.0#14.0#VAR 1737 1 0.483285 0.516715 
 ----> 6.6#11.9#4.0#14.0#VAR 1738 0 0.502504 0.497496 
 ----> 6.6#11.9#4.0#14.0#VAR 1739 0 0.502381 0.497619 
 ----> 6.6#11.9#4.0#14.0#VAR 1740 0 0.509833 0.490167 
 ----> 6.6#11.9#4.0#14.0#VAR 1741 1 0.480477 0.519523 
 ----> 6.6#11.9#4.0#14.0#VAR 1742 0 0.516519 0.483481 
 ----> 6.6#11.9#4.0#14.0#VAR 1743 0 0.512601 0.487399 
 ----> 6.6#11.9#4.0#14.0#VAR 1744 0 0.510216 0.489784 
 ----> 6.6#11.9#4.0#14.0#VAR 1745 0 0.499033 0.500967 
 ----> 6.6#11.9#4.0#14.0#VAR 1746 1 0.503687 0.496313 
 ----> 6.6#11.9#4.0#14.0#VAR 1747 1 0.504021 0.495979 
 ----> 6.6#11.9#4.0#14.0#VAR 1748 1 0.514836 0.485164 
 ----> 6.6#11.9#4.0#14.0#VAR 1749 1 0.513613 0.486387 
 ----> 6.6#11.9#4.0#14.0#VAR 1750 1 0.515313 0.484687 
 ----> 6.6#11.9#4.0#14.0#VAR 1751 1 0.49586 0.50414 
 ----> 6.6#11.9#4.0#14.0#VAR 1752 1 0.513061 0.486939 
 ----> 6.6#11.9#4.0#14.0#VAR 1753 1 0.510544 0.489456 
 ----> 6.6#11.9#4.0#14.0#VAR 1754 0 0.516166 0.483834 
 ----> 6.6#11.9#4.0#14.0#VAR 1755 0 0.495236 0.504764 
 ----> 6.6#11.9#4.0#14.0#VAR 1756 0 0.520149 0.479851 
 ----> 6.6#11.9#4.0#14.0#VAR 1757 1 0.509591 0.490409 
 ----> 6.6#11.9#4.0#14.0#VAR 1758 1 0.508765 0.491235 
 ----> 6.6#11.9#4.0#14.0#VAR 1759 1 0.509996 0.490004 
 ----> 6.6#11.9#4.0#14.0#VAR 1760 0 0.522644 0.477356 
 ----> 6.6#11.9#4.0#14.0#VAR 1761 0 0.510606 0.489394 
 ----> 6.6#11.9#4.0#14.0#VAR 1762 1 0.496773 0.503227 
 ----> 6.6#11.9#4.0#14.0#VAR 1763 1 0.489701 0.510299 
 ----> 6.6#11.9#4.0#14.0#VAR 1764 1 0.499442 0.500558 
 ----> 6.6#11.9#4.0#14.0#VAR 1765 1 0.494779 0.505221 
 ----> 6.6#11.9#4.0#14.0#VAR 1766 0 0.490593 0.509407 
 ----> 6.6#11.9#4.0#14.0#VAR 1767 0 0.505836 0.494164 
 ----> 6.6#11.9#4.0#14.0#VAR 1768 0 0.509331 0.490669 
 ----> 6.6#11.9#4.0#14.0#VAR 1769 1 0.505933 0.494067 
 ----> 6.6#11.9#4.0#14.0#VAR 1770 0 0.504261 0.495739 
 ----> 6.6#11.9#4.0#14.0#VAR 1771 1 0.513452 0.486548 
 ----> 6.6#11.9#4.0#14.0#VAR 1772 0 0.508402 0.491598 
 ----> 6.6#11.9#4.0#14.0#VAR 1773 1 0.503977 0.496023 
 ----> 6.6#11.9#4.0#14.0#VAR 1774 1 0.498236 0.501764 
 ----> 6.6#11.9#4.0#14.0#VAR 1775 0 0.50327 0.49673 
 ----> 6.6#11.9#4.0#14.0#VAR 1776 0 0.512476 0.487524 
 ----> 6.6#11.9#4.0#14.0#VAR 1777 1 0.500028 0.499972 
 ----> 6.6#11.9#4.0#14.0#VAR 1778 0 0.499734 0.500266 
 ----> 6.6#11.9#4.0#14.0#VAR 1779 1 0.503885 0.496115 
 ----> 6.6#11.9#4.0#14.0#VAR 1780 1 0.505019 0.494981 
 ----> 6.6#11.9#4.0#14.0#VAR 1781 1 0.50096 0.49904 
 ----> 6.6#11.9#4.0#14.0#VAR 1782 0 0.502218 0.497782 
 ----> 6.6#11.9#4.0#14.0#VAR 1783 0 0.490096 0.509904 
 ----> 6.6#11.9#4.0#14.0#VAR 1784 1 0.491411 0.508589 
 ----> 6.6#11.9#4.0#14.0#VAR 1785 1 0.478613 0.521387 
 ----> 6.6#11.9#4.0#14.0#VAR 1786 0 0.501104 0.498896 
 ----> 6.6#11.9#4.0#14.0#VAR 1787 0 0.478241 0.521759 
 ----> 6.6#11.9#4.0#14.0#VAR 1788 0 0.478828 0.521172 
 ----> 6.6#11.9#4.0#14.0#VAR 1789 1 0.478874 0.521126 
 ----> 6.6#11.9#4.0#14.0#VAR 1790 1 0.493312 0.506688 
 ----> 6.6#11.9#4.0#14.0#VAR 1791 1 0.493959 0.506041 
 ----> 6.6#11.9#4.0#14.0#VAR 1792 1 0.492717 0.507283 
 ----> 6.6#11.9#4.0#14.0#VAR 1793 0 0.496733 0.503267 
 ----> 6.6#11.9#4.0#14.0#VAR 1794 1 0.501554 0.498446 
 ----> 6.6#11.9#4.0#14.0#VAR 1795 0 0.488264 0.511736 
 ----> 6.6#11.9#4.0#14.0#VAR 1796 1 0.528593 0.471407 
 ----> 6.6#11.9#4.0#14.0#VAR 1797 0 0.526061 0.473939 
 ----> 6.6#11.9#4.0#14.0#VAR 1798 0 0.486859 0.513141 
 ----> 6.6#11.9#4.0#14.0#VAR 1799 0 0.499934 0.500066 
 ----> 6.6#11.9#4.0#14.0#VAR 1800 0 0.497003 0.502997 
 ----> 6.6#11.9#4.0#14.0#VAR 1801 0 0.498275 0.501725 
 ----> 6.6#11.9#4.0#14.0#VAR 1802 0 0.502483 0.497517 
 ----> 6.6#11.9#4.0#14.0#VAR 1803 0 0.509041 0.490959 
 ----> 6.6#11.9#4.0#14.0#VAR 1804 0 0.485716 0.514284 
 ----> 6.6#11.9#4.0#14.0#VAR 1805 1 0.49474 0.50526 
 ----> 6.6#11.9#4.0#14.0#VAR 1806 0 0.498348 0.501652 
 ----> 6.6#11.9#4.0#14.0#VAR 1807 1 0.505492 0.494508 
 ----> 6.6#11.9#4.0#14.0#VAR 1808 0 0.505423 0.494577 
 ----> 6.6#11.9#4.0#14.0#VAR 1809 0 0.521843 0.478157 
 ----> 6.6#11.9#4.0#14.0#VAR 1810 1 0.499137 0.500863 
 ----> 6.6#11.9#4.0#14.0#VAR 1811 0 0.507873 0.492127 
 ----> 6.6#11.9#4.0#14.0#VAR 1812 0 0.519823 0.480177 
 ----> 6.6#11.9#4.0#14.0#VAR 1813 0 0.508919 0.491081 
 ----> 6.6#11.9#4.0#14.0#VAR 1814 1 0.506605 0.493395 
 ----> 6.6#11.9#4.0#14.0#VAR 1815 0 0.507568 0.492432 
 ----> 6.6#11.9#4.0#14.0#VAR 1816 0 0.504029 0.495971 
 ----> 6.6#11.9#4.0#14.0#VAR 1817 0 0.510189 0.489811 
 ----> 6.6#11.9#4.0#14.0#VAR 1818 1 0.503778 0.496222 
 ----> 6.6#11.9#4.0#14.0#VAR 1819 0 0.512756 0.487244 
 ----> 6.6#11.9#4.0#14.0#VAR 1820 1 0.509603 0.490397 
 ----> 6.6#11.9#4.0#14.0#VAR 1821 0 0.511574 0.488426 
 ----> 6.6#11.9#4.0#14.0#VAR 1822 1 0.504547 0.495453 
 ----> 6.6#11.9#4.0#14.0#VAR 1823 0 0.506128 0.493872 
 ----> 6.6#11.9#4.0#14.0#VAR 1824 1 0.502374 0.497626 
 ----> 6.6#11.9#4.0#14.0#VAR 1825 1 0.48793 0.51207 
 ----> 6.6#11.9#4.0#14.0#VAR 1826 1 0.50168 0.49832 
 ++++> 6.6#11.9#4.0#14.0#VAR 1827  0 0.533287 0.466713 
