 ----> 6.6#11.9#4.0#14.0#VAR 8 1 0.506672 0.493328 
 ----> 6.6#11.9#4.0#14.0#VAR 9 1 0.469275 0.530725 
 ----> 6.6#11.9#4.0#14.0#VAR 10 1 0.48672 0.51328 
 ----> 6.6#11.9#4.0#14.0#VAR 11 1 0.509824 0.490176 
 ----> 6.6#11.9#4.0#14.0#VAR 12 0 0.506024 0.493976 
 ----> 6.6#11.9#4.0#14.0#VAR 13 1 0.493512 0.506488 
 ----> 6.6#11.9#4.0#14.0#VAR 14 0 0.492513 0.507487 
 ----> 6.6#11.9#4.0#14.0#VAR 15 1 0.456636 0.543364 
 ----> 6.6#11.9#4.0#14.0#VAR 16 1 0.481752 0.518248 
 ----> 6.6#11.9#4.0#14.0#VAR 17 1 0.462989 0.537011 
 ----> 6.6#11.9#4.0#14.0#VAR 18 1 0.488079 0.511921 
 ----> 6.6#11.9#4.0#14.0#VAR 19 1 0.46829 0.53171 
 ----> 6.6#11.9#4.0#14.0#VAR 20 1 0.490156 0.509844 
 ----> 6.6#11.9#4.0#14.0#VAR 21 0 0.482899 0.517101 
 ----> 6.6#11.9#4.0#14.0#VAR 22 1 0.495802 0.504198 
 ----> 6.6#11.9#4.0#14.0#VAR 23 0 0.483685 0.516315 
 ----> 6.6#11.9#4.0#14.0#VAR 24 0 0.495906 0.504094 
 ----> 6.6#11.9#4.0#14.0#VAR 25 0 0.50005 0.49995 
 ----> 6.6#11.9#4.0#14.0#VAR 26 0 0.478994 0.521006 
 ----> 6.6#11.9#4.0#14.0#VAR 27 0 0.492793 0.507207 
 ----> 6.6#11.9#4.0#14.0#VAR 28 1 0.458784 0.541216 
 ----> 6.6#11.9#4.0#14.0#VAR 29 1 0.473431 0.526569 
 ----> 6.6#11.9#4.0#14.0#VAR 30 1 0.465145 0.534855 
 ----> 6.6#11.9#4.0#14.0#VAR 31 0 0.479391 0.520609 
 ----> 6.6#11.9#4.0#14.0#VAR 32 0 0.506555 0.493445 
 ----> 6.6#11.9#4.0#14.0#VAR 33 0 0.488716 0.511284 
 ----> 6.6#11.9#4.0#14.0#VAR 34 1 0.490993 0.509007 
 ----> 6.6#11.9#4.0#14.0#VAR 35 0 0.483502 0.516498 
 ----> 6.6#11.9#4.0#14.0#VAR 36 1 0.508106 0.491894 
 ----> 6.6#11.9#4.0#14.0#VAR 37 1 0.476657 0.523343 
 ----> 6.6#11.9#4.0#14.0#VAR 38 1 0.483847 0.516153 
 ----> 6.6#11.9#4.0#14.0#VAR 39 0 0.497516 0.502484 
 ----> 6.6#11.9#4.0#14.0#VAR 40 0 0.496091 0.503909 
 ----> 6.6#11.9#4.0#14.0#VAR 41 1 0.497282 0.502718 
 ----> 6.6#11.9#4.0#14.0#VAR 42 1 0.490376 0.509624 
 ----> 6.6#11.9#4.0#14.0#VAR 43 1 0.509225 0.490775 
 ----> 6.6#11.9#4.0#14.0#VAR 44 1 0.534708 0.465292 
 ----> 6.6#11.9#4.0#14.0#VAR 45 1 0.496139 0.503861 
 ----> 6.6#11.9#4.0#14.0#VAR 46 1 0.521348 0.478652 
 ----> 6.6#11.9#4.0#14.0#VAR 47 1 0.510692 0.489308 
 ----> 6.6#11.9#4.0#14.0#VAR 48 0 0.482761 0.517239 
 ----> 6.6#11.9#4.0#14.0#VAR 49 0 0.512569 0.487431 
 ----> 6.6#11.9#4.0#14.0#VAR 50 1 0.495124 0.504876 
 ----> 6.6#11.9#4.0#14.0#VAR 51 1 0.500841 0.499159 
 ----> 6.6#11.9#4.0#14.0#VAR 52 1 0.511196 0.488804 
 ----> 6.6#11.9#4.0#14.0#VAR 53 1 0.485969 0.514031 
 ----> 6.6#11.9#4.0#14.0#VAR 54 1 0.480765 0.519235 
 ----> 6.6#11.9#4.0#14.0#VAR 55 1 0.454522 0.545478 
 ----> 6.6#11.9#4.0#14.0#VAR 56 1 0.456129 0.543871 
 ----> 6.6#11.9#4.0#14.0#VAR 57 1 0.493852 0.506148 
 ----> 6.6#11.9#4.0#14.0#VAR 58 1 0.495805 0.504195 
 ----> 6.6#11.9#4.0#14.0#VAR 59 1 0.497852 0.502148 
 ----> 6.6#11.9#4.0#14.0#VAR 60 1 0.509943 0.490057 
 ----> 6.6#11.9#4.0#14.0#VAR 61 1 0.511258 0.488742 
 ----> 6.6#11.9#4.0#14.0#VAR 62 0 0.501233 0.498767 
 ----> 6.6#11.9#4.0#14.0#VAR 63 1 0.505053 0.494947 
 ----> 6.6#11.9#4.0#14.0#VAR 64 1 0.492924 0.507076 
 ----> 6.6#11.9#4.0#14.0#VAR 65 1 0.498089 0.501911 
 ----> 6.6#11.9#4.0#14.0#VAR 66 1 0.457341 0.542659 
 ----> 6.6#11.9#4.0#14.0#VAR 67 1 0.46928 0.53072 
 ----> 6.6#11.9#4.0#14.0#VAR 68 0 0.492051 0.507949 
 ----> 6.6#11.9#4.0#14.0#VAR 69 1 0.519894 0.480106 
 ----> 6.6#11.9#4.0#14.0#VAR 70 1 0.51353 0.48647 
 ----> 6.6#11.9#4.0#14.0#VAR 71 1 0.461163 0.538837 
 ----> 6.6#11.9#4.0#14.0#VAR 72 1 0.510123 0.489877 
 ----> 6.6#11.9#4.0#14.0#VAR 73 0 0.508631 0.491369 
 ----> 6.6#11.9#4.0#14.0#VAR 74 0 0.51317 0.48683 
 ----> 6.6#11.9#4.0#14.0#VAR 75 1 0.483897 0.516103 
 ----> 6.6#11.9#4.0#14.0#VAR 76 0 0.502609 0.497391 
 ----> 6.6#11.9#4.0#14.0#VAR 77 0 0.495417 0.504583 
 ----> 6.6#11.9#4.0#14.0#VAR 78 0 0.504106 0.495894 
 ----> 6.6#11.9#4.0#14.0#VAR 79 1 0.486604 0.513396 
 ----> 6.6#11.9#4.0#14.0#VAR 80 1 0.489918 0.510082 
 ----> 6.6#11.9#4.0#14.0#VAR 81 0 0.475524 0.524476 
 ----> 6.6#11.9#4.0#14.0#VAR 82 1 0.51031 0.48969 
 ----> 6.6#11.9#4.0#14.0#VAR 83 1 0.4786 0.5214 
 ----> 6.6#11.9#4.0#14.0#VAR 84 1 0.5127 0.4873 
 ----> 6.6#11.9#4.0#14.0#VAR 85 0 0.493317 0.506683 
 ----> 6.6#11.9#4.0#14.0#VAR 86 0 0.51275 0.48725 
 ----> 6.6#11.9#4.0#14.0#VAR 87 0 0.47625 0.52375 
 ----> 6.6#11.9#4.0#14.0#VAR 88 1 0.52185 0.47815 
 ----> 6.6#11.9#4.0#14.0#VAR 89 1 0.499631 0.500369 
 ----> 6.6#11.9#4.0#14.0#VAR 90 1 0.508887 0.491113 
 ----> 6.6#11.9#4.0#14.0#VAR 91 1 0.521029 0.478971 
 ----> 6.6#11.9#4.0#14.0#VAR 92 1 0.511457 0.488543 
 ----> 6.6#11.9#4.0#14.0#VAR 93 1 0.470049 0.529951 
 ----> 6.6#11.9#4.0#14.0#VAR 94 1 0.523635 0.476365 
 ----> 6.6#11.9#4.0#14.0#VAR 95 1 0.477254 0.522746 
 ----> 6.6#11.9#4.0#14.0#VAR 96 0 0.502678 0.497322 
 ----> 6.6#11.9#4.0#14.0#VAR 97 0 0.544853 0.455147 
 ----> 6.6#11.9#4.0#14.0#VAR 98 0 0.535105 0.464895 
 ----> 6.6#11.9#4.0#14.0#VAR 99 1 0.534459 0.465541 
 ----> 6.6#11.9#4.0#14.0#VAR 100 0 0.530607 0.469393 
 ----> 6.6#11.9#4.0#14.0#VAR 101 0 0.484966 0.515034 
 ----> 6.6#11.9#4.0#14.0#VAR 102 1 0.49443 0.50557 
 ----> 6.6#11.9#4.0#14.0#VAR 103 1 0.510706 0.489294 
 ----> 6.6#11.9#4.0#14.0#VAR 104 0 0.493707 0.506293 
 ----> 6.6#11.9#4.0#14.0#VAR 105 1 0.501589 0.498411 
 ----> 6.6#11.9#4.0#14.0#VAR 106 0 0.514423 0.485577 
 ----> 6.6#11.9#4.0#14.0#VAR 107 0 0.507993 0.492007 
 ----> 6.6#11.9#4.0#14.0#VAR 108 1 0.519953 0.480047 
 ----> 6.6#11.9#4.0#14.0#VAR 109 0 0.526809 0.473191 
 ----> 6.6#11.9#4.0#14.0#VAR 110 1 0.50656 0.49344 
 ----> 6.6#11.9#4.0#14.0#VAR 111 0 0.528773 0.471227 
 ----> 6.6#11.9#4.0#14.0#VAR 112 0 0.500322 0.499678 
 ----> 6.6#11.9#4.0#14.0#VAR 113 0 0.496595 0.503405 
 ----> 6.6#11.9#4.0#14.0#VAR 114 0 0.506706 0.493294 
 ----> 6.6#11.9#4.0#14.0#VAR 115 1 0.505647 0.494353 
 ----> 6.6#11.9#4.0#14.0#VAR 116 1 0.49087 0.50913 
 ----> 6.6#11.9#4.0#14.0#VAR 117 1 0.469059 0.530941 
 ----> 6.6#11.9#4.0#14.0#VAR 118 0 0.5165 0.4835 
 ----> 6.6#11.9#4.0#14.0#VAR 119 0 0.498878 0.501122 
 ----> 6.6#11.9#4.0#14.0#VAR 120 1 0.509954 0.490046 
 ----> 6.6#11.9#4.0#14.0#VAR 121 1 0.515136 0.484864 
 ----> 6.6#11.9#4.0#14.0#VAR 122 0 0.519073 0.480927 
 ----> 6.6#11.9#4.0#14.0#VAR 123 0 0.562064 0.437936 
 ----> 6.6#11.9#4.0#14.0#VAR 124 0 0.540092 0.459908 
 ----> 6.6#11.9#4.0#14.0#VAR 125 1 0.498809 0.501191 
 ----> 6.6#11.9#4.0#14.0#VAR 126 1 0.503576 0.496424 
 ----> 6.6#11.9#4.0#14.0#VAR 127 0 0.540683 0.459317 
 ----> 6.6#11.9#4.0#14.0#VAR 128 1 0.465947 0.534053 
 ----> 6.6#11.9#4.0#14.0#VAR 129 1 0.477663 0.522337 
 ----> 6.6#11.9#4.0#14.0#VAR 130 1 0.526396 0.473604 
 ----> 6.6#11.9#4.0#14.0#VAR 131 0 0.533509 0.466491 
 ----> 6.6#11.9#4.0#14.0#VAR 132 1 0.52382 0.47618 
 ----> 6.6#11.9#4.0#14.0#VAR 133 1 0.54278 0.45722 
 ----> 6.6#11.9#4.0#14.0#VAR 134 1 0.474204 0.525796 
 ----> 6.6#11.9#4.0#14.0#VAR 135 0 0.589261 0.410739 
 ----> 6.6#11.9#4.0#14.0#VAR 136 0 0.524756 0.475244 
 ----> 6.6#11.9#4.0#14.0#VAR 137 1 0.515678 0.484322 
 ----> 6.6#11.9#4.0#14.0#VAR 138 0 0.51104 0.48896 
 ----> 6.6#11.9#4.0#14.0#VAR 139 0 0.523893 0.476107 
 ----> 6.6#11.9#4.0#14.0#VAR 140 0 0.483531 0.516469 
 ----> 6.6#11.9#4.0#14.0#VAR 141 1 0.502556 0.497444 
 ----> 6.6#11.9#4.0#14.0#VAR 142 0 0.537197 0.462803 
 ----> 6.6#11.9#4.0#14.0#VAR 143 1 0.511108 0.488892 
 ----> 6.6#11.9#4.0#14.0#VAR 144 0 0.523899 0.476101 
 ----> 6.6#11.9#4.0#14.0#VAR 145 0 0.496692 0.503308 
 ----> 6.6#11.9#4.0#14.0#VAR 146 0 0.513345 0.486655 
 ----> 6.6#11.9#4.0#14.0#VAR 147 1 0.50507 0.49493 
 ----> 6.6#11.9#4.0#14.0#VAR 148 1 0.501074 0.498926 
 ----> 6.6#11.9#4.0#14.0#VAR 149 1 0.497354 0.502646 
 ----> 6.6#11.9#4.0#14.0#VAR 150 1 0.500881 0.499119 
 ----> 6.6#11.9#4.0#14.0#VAR 151 0 0.532392 0.467608 
 ----> 6.6#11.9#4.0#14.0#VAR 152 0 0.517194 0.482806 
 ----> 6.6#11.9#4.0#14.0#VAR 153 1 0.510774 0.489226 
 ----> 6.6#11.9#4.0#14.0#VAR 154 0 0.518245 0.481755 
 ----> 6.6#11.9#4.0#14.0#VAR 155 1 0.493043 0.506957 
 ----> 6.6#11.9#4.0#14.0#VAR 156 0 0.528546 0.471454 
 ----> 6.6#11.9#4.0#14.0#VAR 157 1 0.506324 0.493676 
 ----> 6.6#11.9#4.0#14.0#VAR 158 0 0.54702 0.45298 
 ----> 6.6#11.9#4.0#14.0#VAR 159 0 0.522223 0.477777 
 ----> 6.6#11.9#4.0#14.0#VAR 160 1 0.493022 0.506978 
 ----> 6.6#11.9#4.0#14.0#VAR 161 0 0.51159 0.48841 
 ----> 6.6#11.9#4.0#14.0#VAR 162 1 0.502184 0.497816 
 ----> 6.6#11.9#4.0#14.0#VAR 163 0 0.5013 0.4987 
 ----> 6.6#11.9#4.0#14.0#VAR 164 1 0.478173 0.521827 
 ----> 6.6#11.9#4.0#14.0#VAR 165 0 0.508628 0.491372 
 ----> 6.6#11.9#4.0#14.0#VAR 166 0 0.502087 0.497913 
 ----> 6.6#11.9#4.0#14.0#VAR 167 0 0.498987 0.501013 
 ----> 6.6#11.9#4.0#14.0#VAR 168 1 0.517573 0.482427 
 ----> 6.6#11.9#4.0#14.0#VAR 169 1 0.511039 0.488961 
 ----> 6.6#11.9#4.0#14.0#VAR 170 1 0.478228 0.521772 
 ----> 6.6#11.9#4.0#14.0#VAR 171 1 0.49617 0.50383 
 ----> 6.6#11.9#4.0#14.0#VAR 172 0 0.504531 0.495469 
 ----> 6.6#11.9#4.0#14.0#VAR 173 0 0.524271 0.475729 
 ----> 6.6#11.9#4.0#14.0#VAR 174 1 0.493447 0.506553 
 ----> 6.6#11.9#4.0#14.0#VAR 175 0 0.517896 0.482104 
 ----> 6.6#11.9#4.0#14.0#VAR 176 1 0.493607 0.506393 
 ----> 6.6#11.9#4.0#14.0#VAR 177 0 0.519072 0.480928 
 ----> 6.6#11.9#4.0#14.0#VAR 178 1 0.503825 0.496175 
 ----> 6.6#11.9#4.0#14.0#VAR 179 0 0.500613 0.499387 
 ----> 6.6#11.9#4.0#14.0#VAR 180 1 0.476497 0.523503 
 ----> 6.6#11.9#4.0#14.0#VAR 181 0 0.501531 0.498469 
 ----> 6.6#11.9#4.0#14.0#VAR 182 1 0.513331 0.486669 
 ----> 6.6#11.9#4.0#14.0#VAR 183 0 0.506092 0.493908 
 ----> 6.6#11.9#4.0#14.0#VAR 184 1 0.543471 0.456529 
 ----> 6.6#11.9#4.0#14.0#VAR 185 1 0.525751 0.474249 
 ----> 6.6#11.9#4.0#14.0#VAR 186 0 0.556221 0.443779 
 ----> 6.6#11.9#4.0#14.0#VAR 187 1 0.470114 0.529886 
 ----> 6.6#11.9#4.0#14.0#VAR 188 0 0.552422 0.447578 
 ----> 6.6#11.9#4.0#14.0#VAR 189 1 0.475989 0.524011 
 ----> 6.6#11.9#4.0#14.0#VAR 190 1 0.508095 0.491905 
 ----> 6.6#11.9#4.0#14.0#VAR 191 0 0.526725 0.473275 
 ----> 6.6#11.9#4.0#14.0#VAR 192 0 0.512145 0.487855 
 ----> 6.6#11.9#4.0#14.0#VAR 193 0 0.54189 0.45811 
 ----> 6.6#11.9#4.0#14.0#VAR 194 0 0.531548 0.468452 
 ----> 6.6#11.9#4.0#14.0#VAR 195 1 0.474645 0.525355 
 ----> 6.6#11.9#4.0#14.0#VAR 196 0 0.509123 0.490877 
 ----> 6.6#11.9#4.0#14.0#VAR 197 1 0.503035 0.496965 
 ----> 6.6#11.9#4.0#14.0#VAR 198 1 0.49598 0.50402 
 ----> 6.6#11.9#4.0#14.0#VAR 199 1 0.516028 0.483972 
 ----> 6.6#11.9#4.0#14.0#VAR 200 0 0.543815 0.456185 
 ----> 6.6#11.9#4.0#14.0#VAR 201 1 0.505951 0.494049 
 ----> 6.6#11.9#4.0#14.0#VAR 202 0 0.499823 0.500177 
 ----> 6.6#11.9#4.0#14.0#VAR 203 0 0.525935 0.474065 
 ----> 6.6#11.9#4.0#14.0#VAR 204 1 0.502775 0.497225 
 ----> 6.6#11.9#4.0#14.0#VAR 205 0 0.556043 0.443957 
 ----> 6.6#11.9#4.0#14.0#VAR 206 0 0.464672 0.535328 
 ----> 6.6#11.9#4.0#14.0#VAR 207 1 0.485736 0.514264 
 ----> 6.6#11.9#4.0#14.0#VAR 208 0 0.487766 0.512234 
 ----> 6.6#11.9#4.0#14.0#VAR 209 1 0.514774 0.485226 
 ----> 6.6#11.9#4.0#14.0#VAR 210 1 0.481244 0.518756 
 ----> 6.6#11.9#4.0#14.0#VAR 211 0 0.527455 0.472545 
 ----> 6.6#11.9#4.0#14.0#VAR 212 1 0.520513 0.479487 
 ----> 6.6#11.9#4.0#14.0#VAR 213 0 0.530017 0.469983 
 ----> 6.6#11.9#4.0#14.0#VAR 214 0 0.512856 0.487144 
 ----> 6.6#11.9#4.0#14.0#VAR 215 1 0.483602 0.516398 
 ----> 6.6#11.9#4.0#14.0#VAR 216 1 0.500046 0.499954 
 ----> 6.6#11.9#4.0#14.0#VAR 217 0 0.534985 0.465015 
 ----> 6.6#11.9#4.0#14.0#VAR 218 1 0.525766 0.474234 
 ----> 6.6#11.9#4.0#14.0#VAR 219 1 0.489485 0.510515 
 ----> 6.6#11.9#4.0#14.0#VAR 220 1 0.491986 0.508014 
 ----> 6.6#11.9#4.0#14.0#VAR 221 1 0.469819 0.530181 
 ----> 6.6#11.9#4.0#14.0#VAR 222 0 0.505097 0.494903 
 ----> 6.6#11.9#4.0#14.0#VAR 223 1 0.50635 0.49365 
 ----> 6.6#11.9#4.0#14.0#VAR 224 0 0.509743 0.490257 
 ----> 6.6#11.9#4.0#14.0#VAR 225 1 0.50782 0.49218 
 ----> 6.6#11.9#4.0#14.0#VAR 226 0 0.508242 0.491758 
 ----> 6.6#11.9#4.0#14.0#VAR 227 1 0.494647 0.505353 
 ----> 6.6#11.9#4.0#14.0#VAR 228 1 0.473525 0.526475 
 ----> 6.6#11.9#4.0#14.0#VAR 229 1 0.494582 0.505418 
 ----> 6.6#11.9#4.0#14.0#VAR 230 1 0.484482 0.515518 
 ----> 6.6#11.9#4.0#14.0#VAR 231 0 0.512239 0.487761 
 ----> 6.6#11.9#4.0#14.0#VAR 232 0 0.475866 0.524134 
 ----> 6.6#11.9#4.0#14.0#VAR 233 1 0.499758 0.500242 
 ----> 6.6#11.9#4.0#14.0#VAR 234 1 0.526553 0.473447 
 ----> 6.6#11.9#4.0#14.0#VAR 235 1 0.518555 0.481445 
 ----> 6.6#11.9#4.0#14.0#VAR 236 0 0.513978 0.486022 
 ----> 6.6#11.9#4.0#14.0#VAR 237 0 0.536412 0.463588 
 ----> 6.6#11.9#4.0#14.0#VAR 238 0 0.495722 0.504278 
 ----> 6.6#11.9#4.0#14.0#VAR 239 1 0.507422 0.492578 
 ----> 6.6#11.9#4.0#14.0#VAR 240 0 0.497672 0.502328 
 ----> 6.6#11.9#4.0#14.0#VAR 241 1 0.519091 0.480909 
 ----> 6.6#11.9#4.0#14.0#VAR 242 0 0.519757 0.480243 
 ----> 6.6#11.9#4.0#14.0#VAR 243 0 0.541838 0.458162 
 ----> 6.6#11.9#4.0#14.0#VAR 244 1 0.499494 0.500506 
 ----> 6.6#11.9#4.0#14.0#VAR 245 0 0.457464 0.542536 
 ----> 6.6#11.9#4.0#14.0#VAR 246 0 0.495031 0.504969 
 ----> 6.6#11.9#4.0#14.0#VAR 247 1 0.489872 0.510128 
 ----> 6.6#11.9#4.0#14.0#VAR 248 1 0.461819 0.538181 
 ----> 6.6#11.9#4.0#14.0#VAR 249 1 0.478796 0.521204 
 ----> 6.6#11.9#4.0#14.0#VAR 250 1 0.493116 0.506884 
 ----> 6.6#11.9#4.0#14.0#VAR 251 0 0.521378 0.478622 
 ----> 6.6#11.9#4.0#14.0#VAR 252 0 0.542323 0.457677 
 ----> 6.6#11.9#4.0#14.0#VAR 253 0 0.507551 0.492449 
 ----> 6.6#11.9#4.0#14.0#VAR 254 1 0.501577 0.498423 
 ----> 6.6#11.9#4.0#14.0#VAR 255 0 0.503652 0.496348 
 ----> 6.6#11.9#4.0#14.0#VAR 256 0 0.50697 0.49303 
 ----> 6.6#11.9#4.0#14.0#VAR 257 0 0.540978 0.459022 
 ----> 6.6#11.9#4.0#14.0#VAR 258 0 0.544119 0.455881 
 ----> 6.6#11.9#4.0#14.0#VAR 259 0 0.51262 0.48738 
 ----> 6.6#11.9#4.0#14.0#VAR 260 1 0.50769 0.49231 
 ----> 6.6#11.9#4.0#14.0#VAR 261 1 0.496142 0.503858 
 ----> 6.6#11.9#4.0#14.0#VAR 262 0 0.500592 0.499408 
 ----> 6.6#11.9#4.0#14.0#VAR 263 0 0.508986 0.491014 
 ----> 6.6#11.9#4.0#14.0#VAR 264 1 0.451221 0.548779 
 ----> 6.6#11.9#4.0#14.0#VAR 265 0 0.55215 0.44785 
 ----> 6.6#11.9#4.0#14.0#VAR 266 0 0.502446 0.497554 
 ----> 6.6#11.9#4.0#14.0#VAR 267 1 0.522912 0.477088 
 ----> 6.6#11.9#4.0#14.0#VAR 268 1 0.523557 0.476443 
 ----> 6.6#11.9#4.0#14.0#VAR 269 0 0.512353 0.487647 
 ----> 6.6#11.9#4.0#14.0#VAR 270 1 0.515203 0.484797 
 ----> 6.6#11.9#4.0#14.0#VAR 271 0 0.516057 0.483943 
 ----> 6.6#11.9#4.0#14.0#VAR 272 0 0.56154 0.43846 
 ----> 6.6#11.9#4.0#14.0#VAR 273 1 0.523667 0.476333 
 ----> 6.6#11.9#4.0#14.0#VAR 274 1 0.52553 0.47447 
 ----> 6.6#11.9#4.0#14.0#VAR 275 1 0.521873 0.478127 
 ----> 6.6#11.9#4.0#14.0#VAR 276 1 0.52308 0.47692 
 ----> 6.6#11.9#4.0#14.0#VAR 277 1 0.537743 0.462257 
 ----> 6.6#11.9#4.0#14.0#VAR 278 1 0.497912 0.502088 
 ----> 6.6#11.9#4.0#14.0#VAR 279 1 0.49851 0.50149 
 ----> 6.6#11.9#4.0#14.0#VAR 280 0 0.518516 0.481484 
 ----> 6.6#11.9#4.0#14.0#VAR 281 0 0.539588 0.460412 
 ----> 6.6#11.9#4.0#14.0#VAR 282 1 0.526711 0.473289 
 ----> 6.6#11.9#4.0#14.0#VAR 283 0 0.530964 0.469036 
 ----> 6.6#11.9#4.0#14.0#VAR 284 0 0.552339 0.447661 
 ----> 6.6#11.9#4.0#14.0#VAR 285 0 0.533959 0.466041 
 ----> 6.6#11.9#4.0#14.0#VAR 286 0 0.537672 0.462328 
 ----> 6.6#11.9#4.0#14.0#VAR 287 0 0.513561 0.486439 
 ----> 6.6#11.9#4.0#14.0#VAR 288 1 0.525565 0.474435 
 ----> 6.6#11.9#4.0#14.0#VAR 289 1 0.515553 0.484447 
 ----> 6.6#11.9#4.0#14.0#VAR 290 0 0.500182 0.499818 
 ----> 6.6#11.9#4.0#14.0#VAR 291 1 0.501197 0.498803 
 ----> 6.6#11.9#4.0#14.0#VAR 292 1 0.512042 0.487958 
 ----> 6.6#11.9#4.0#14.0#VAR 293 1 0.477137 0.522863 
 ----> 6.6#11.9#4.0#14.0#VAR 294 1 0.503797 0.496203 
 ----> 6.6#11.9#4.0#14.0#VAR 295 1 0.510431 0.489569 
 ----> 6.6#11.9#4.0#14.0#VAR 296 1 0.494217 0.505783 
 ----> 6.6#11.9#4.0#14.0#VAR 297 1 0.49543 0.50457 
 ----> 6.6#11.9#4.0#14.0#VAR 298 1 0.500941 0.499059 
 ----> 6.6#11.9#4.0#14.0#VAR 299 1 0.497168 0.502832 
 ----> 6.6#11.9#4.0#14.0#VAR 300 1 0.487263 0.512737 
 ----> 6.6#11.9#4.0#14.0#VAR 301 1 0.513945 0.486055 
 ----> 6.6#11.9#4.0#14.0#VAR 302 1 0.500155 0.499845 
 ----> 6.6#11.9#4.0#14.0#VAR 303 0 0.540566 0.459434 
 ----> 6.6#11.9#4.0#14.0#VAR 304 0 0.54952 0.45048 
 ----> 6.6#11.9#4.0#14.0#VAR 305 1 0.524982 0.475018 
 ----> 6.6#11.9#4.0#14.0#VAR 306 1 0.536219 0.463781 
 ----> 6.6#11.9#4.0#14.0#VAR 307 1 0.485055 0.514945 
 ----> 6.6#11.9#4.0#14.0#VAR 308 0 0.510951 0.489049 
 ----> 6.6#11.9#4.0#14.0#VAR 309 1 0.510065 0.489935 
 ----> 6.6#11.9#4.0#14.0#VAR 310 0 0.494336 0.505664 
 ----> 6.6#11.9#4.0#14.0#VAR 311 0 0.494371 0.505629 
 ----> 6.6#11.9#4.0#14.0#VAR 312 1 0.501374 0.498626 
 ----> 6.6#11.9#4.0#14.0#VAR 313 1 0.49561 0.50439 
 ----> 6.6#11.9#4.0#14.0#VAR 314 1 0.495835 0.504165 
 ----> 6.6#11.9#4.0#14.0#VAR 315 0 0.517017 0.482983 
 ----> 6.6#11.9#4.0#14.0#VAR 316 1 0.464224 0.535776 
 ----> 6.6#11.9#4.0#14.0#VAR 317 0 0.508712 0.491288 
 ----> 6.6#11.9#4.0#14.0#VAR 318 1 0.496733 0.503267 
 ----> 6.6#11.9#4.0#14.0#VAR 319 1 0.471597 0.528403 
 ----> 6.6#11.9#4.0#14.0#VAR 320 0 0.517124 0.482876 
 ----> 6.6#11.9#4.0#14.0#VAR 321 0 0.5061 0.4939 
 ----> 6.6#11.9#4.0#14.0#VAR 322 0 0.5199 0.4801 
 ----> 6.6#11.9#4.0#14.0#VAR 323 1 0.483313 0.516687 
 ----> 6.6#11.9#4.0#14.0#VAR 324 0 0.496406 0.503594 
 ----> 6.6#11.9#4.0#14.0#VAR 325 0 0.473557 0.526443 
 ----> 6.6#11.9#4.0#14.0#VAR 326 0 0.514052 0.485948 
 ----> 6.6#11.9#4.0#14.0#VAR 327 1 0.492212 0.507788 
 ----> 6.6#11.9#4.0#14.0#VAR 328 0 0.509555 0.490445 
 ----> 6.6#11.9#4.0#14.0#VAR 329 1 0.515746 0.484254 
 ----> 6.6#11.9#4.0#14.0#VAR 330 1 0.51285 0.48715 
 ----> 6.6#11.9#4.0#14.0#VAR 331 1 0.517873 0.482127 
 ----> 6.6#11.9#4.0#14.0#VAR 332 0 0.513213 0.486787 
 ----> 6.6#11.9#4.0#14.0#VAR 333 0 0.53617 0.46383 
 ----> 6.6#11.9#4.0#14.0#VAR 334 0 0.517843 0.482157 
 ----> 6.6#11.9#4.0#14.0#VAR 335 0 0.514921 0.485079 
 ----> 6.6#11.9#4.0#14.0#VAR 336 1 0.497973 0.502027 
 ----> 6.6#11.9#4.0#14.0#VAR 337 0 0.546022 0.453978 
 ----> 6.6#11.9#4.0#14.0#VAR 338 0 0.522974 0.477026 
 ----> 6.6#11.9#4.0#14.0#VAR 339 0 0.497562 0.502438 
 ----> 6.6#11.9#4.0#14.0#VAR 340 0 0.515181 0.484819 
 ----> 6.6#11.9#4.0#14.0#VAR 341 0 0.534169 0.465831 
 ----> 6.6#11.9#4.0#14.0#VAR 342 0 0.509047 0.490953 
 ----> 6.6#11.9#4.0#14.0#VAR 343 0 0.531168 0.468832 
 ----> 6.6#11.9#4.0#14.0#VAR 344 0 0.528044 0.471956 
 ----> 6.6#11.9#4.0#14.0#VAR 345 1 0.502734 0.497266 
 ----> 6.6#11.9#4.0#14.0#VAR 346 0 0.521585 0.478415 
 ----> 6.6#11.9#4.0#14.0#VAR 347 0 0.504179 0.495821 
 ----> 6.6#11.9#4.0#14.0#VAR 348 0 0.479502 0.520498 
 ----> 6.6#11.9#4.0#14.0#VAR 349 0 0.491359 0.508641 
 ----> 6.6#11.9#4.0#14.0#VAR 350 1 0.499563 0.500437 
 ----> 6.6#11.9#4.0#14.0#VAR 351 0 0.503234 0.496766 
 ----> 6.6#11.9#4.0#14.0#VAR 352 0 0.552457 0.447543 
 ----> 6.6#11.9#4.0#14.0#VAR 353 0 0.516489 0.483511 
 ----> 6.6#11.9#4.0#14.0#VAR 354 0 0.554829 0.445171 
 ----> 6.6#11.9#4.0#14.0#VAR 355 0 0.51445 0.48555 
 ----> 6.6#11.9#4.0#14.0#VAR 356 0 0.522601 0.477399 
 ----> 6.6#11.9#4.0#14.0#VAR 357 0 0.514971 0.485029 
 ----> 6.6#11.9#4.0#14.0#VAR 358 0 0.525477 0.474523 
 ----> 6.6#11.9#4.0#14.0#VAR 359 0 0.5363 0.4637 
 ----> 6.6#11.9#4.0#14.0#VAR 360 1 0.503316 0.496684 
 ----> 6.6#11.9#4.0#14.0#VAR 361 0 0.556508 0.443492 
 ----> 6.6#11.9#4.0#14.0#VAR 362 1 0.52279 0.47721 
 ----> 6.6#11.9#4.0#14.0#VAR 363 1 0.527457 0.472543 
 ----> 6.6#11.9#4.0#14.0#VAR 364 0 0.582626 0.417374 
 ----> 6.6#11.9#4.0#14.0#VAR 365 1 0.515603 0.484397 
 ----> 6.6#11.9#4.0#14.0#VAR 366 0 0.579511 0.420489 
 ----> 6.6#11.9#4.0#14.0#VAR 367 1 0.558392 0.441608 
 ----> 6.6#11.9#4.0#14.0#VAR 368 0 0.540407 0.459593 
 ----> 6.6#11.9#4.0#14.0#VAR 369 1 0.50805 0.49195 
 ----> 6.6#11.9#4.0#14.0#VAR 370 0 0.541025 0.458975 
 ----> 6.6#11.9#4.0#14.0#VAR 371 0 0.54356 0.45644 
 ----> 6.6#11.9#4.0#14.0#VAR 372 0 0.547165 0.452835 
 ----> 6.6#11.9#4.0#14.0#VAR 373 0 0.523145 0.476855 
 ----> 6.6#11.9#4.0#14.0#VAR 374 0 0.540469 0.459531 
 ----> 6.6#11.9#4.0#14.0#VAR 375 1 0.49501 0.50499 
 ----> 6.6#11.9#4.0#14.0#VAR 376 0 0.523494 0.476506 
 ----> 6.6#11.9#4.0#14.0#VAR 377 1 0.487992 0.512008 
 ----> 6.6#11.9#4.0#14.0#VAR 378 0 0.558697 0.441303 
 ----> 6.6#11.9#4.0#14.0#VAR 379 0 0.591467 0.408533 
 ----> 6.6#11.9#4.0#14.0#VAR 380 1 0.509057 0.490943 
 ----> 6.6#11.9#4.0#14.0#VAR 381 0 0.606211 0.393789 
 ----> 6.6#11.9#4.0#14.0#VAR 382 1 0.519665 0.480335 
 ----> 6.6#11.9#4.0#14.0#VAR 383 0 0.549024 0.450976 
 ----> 6.6#11.9#4.0#14.0#VAR 384 1 0.464659 0.535341 
 ----> 6.6#11.9#4.0#14.0#VAR 385 1 0.516351 0.483649 
 ----> 6.6#11.9#4.0#14.0#VAR 386 0 0.539175 0.460825 
 ----> 6.6#11.9#4.0#14.0#VAR 387 1 0.524871 0.475129 
 ----> 6.6#11.9#4.0#14.0#VAR 388 1 0.536293 0.463707 
 ----> 6.6#11.9#4.0#14.0#VAR 389 1 0.516159 0.483841 
 ----> 6.6#11.9#4.0#14.0#VAR 390 0 0.521025 0.478975 
 ----> 6.6#11.9#4.0#14.0#VAR 391 0 0.532352 0.467648 
 ----> 6.6#11.9#4.0#14.0#VAR 392 0 0.553691 0.446309 
 ----> 6.6#11.9#4.0#14.0#VAR 393 0 0.563946 0.436054 
 ----> 6.6#11.9#4.0#14.0#VAR 394 0 0.544983 0.455017 
 ----> 6.6#11.9#4.0#14.0#VAR 395 0 0.54515 0.45485 
 ----> 6.6#11.9#4.0#14.0#VAR 396 0 0.531901 0.468099 
 ----> 6.6#11.9#4.0#14.0#VAR 397 1 0.534938 0.465062 
 ----> 6.6#11.9#4.0#14.0#VAR 398 1 0.514678 0.485322 
 ----> 6.6#11.9#4.0#14.0#VAR 399 1 0.538507 0.461493 
 ----> 6.6#11.9#4.0#14.0#VAR 400 0 0.534555 0.465445 
 ----> 6.6#11.9#4.0#14.0#VAR 401 1 0.524944 0.475056 
 ----> 6.6#11.9#4.0#14.0#VAR 402 0 0.53307 0.46693 
 ----> 6.6#11.9#4.0#14.0#VAR 403 0 0.56455 0.43545 
 ----> 6.6#11.9#4.0#14.0#VAR 404 0 0.527238 0.472762 
 ----> 6.6#11.9#4.0#14.0#VAR 405 0 0.541888 0.458112 
 ----> 6.6#11.9#4.0#14.0#VAR 406 1 0.498406 0.501594 
 ----> 6.6#11.9#4.0#14.0#VAR 407 0 0.522057 0.477943 
 ----> 6.6#11.9#4.0#14.0#VAR 408 0 0.522453 0.477547 
 ----> 6.6#11.9#4.0#14.0#VAR 409 1 0.51284 0.48716 
 ----> 6.6#11.9#4.0#14.0#VAR 410 0 0.501777 0.498223 
 ----> 6.6#11.9#4.0#14.0#VAR 411 0 0.515277 0.484723 
 ----> 6.6#11.9#4.0#14.0#VAR 412 1 0.522877 0.477123 
 ----> 6.6#11.9#4.0#14.0#VAR 413 1 0.500611 0.499389 
 ----> 6.6#11.9#4.0#14.0#VAR 414 0 0.526877 0.473123 
 ----> 6.6#11.9#4.0#14.0#VAR 415 0 0.531356 0.468644 
 ----> 6.6#11.9#4.0#14.0#VAR 416 1 0.525607 0.474393 
 ----> 6.6#11.9#4.0#14.0#VAR 417 1 0.504386 0.495614 
 ----> 6.6#11.9#4.0#14.0#VAR 418 1 0.502647 0.497353 
 ----> 6.6#11.9#4.0#14.0#VAR 419 1 0.493815 0.506185 
 ----> 6.6#11.9#4.0#14.0#VAR 420 1 0.515339 0.484661 
 ----> 6.6#11.9#4.0#14.0#VAR 421 0 0.514362 0.485638 
 ----> 6.6#11.9#4.0#14.0#VAR 422 0 0.510712 0.489288 
 ----> 6.6#11.9#4.0#14.0#VAR 423 0 0.530055 0.469945 
 ----> 6.6#11.9#4.0#14.0#VAR 424 1 0.510753 0.489247 
 ----> 6.6#11.9#4.0#14.0#VAR 425 1 0.526745 0.473255 
 ----> 6.6#11.9#4.0#14.0#VAR 426 1 0.439187 0.560813 
 ----> 6.6#11.9#4.0#14.0#VAR 427 0 0.525411 0.474589 
 ----> 6.6#11.9#4.0#14.0#VAR 428 0 0.528804 0.471196 
 ----> 6.6#11.9#4.0#14.0#VAR 429 1 0.495558 0.504442 
 ----> 6.6#11.9#4.0#14.0#VAR 430 0 0.51979 0.48021 
 ----> 6.6#11.9#4.0#14.0#VAR 431 0 0.532164 0.467836 
 ----> 6.6#11.9#4.0#14.0#VAR 432 0 0.550251 0.449749 
 ----> 6.6#11.9#4.0#14.0#VAR 433 1 0.492508 0.507492 
 ----> 6.6#11.9#4.0#14.0#VAR 434 0 0.518731 0.481269 
 ----> 6.6#11.9#4.0#14.0#VAR 435 1 0.537071 0.462929 
 ----> 6.6#11.9#4.0#14.0#VAR 436 1 0.518162 0.481838 
 ----> 6.6#11.9#4.0#14.0#VAR 437 0 0.529251 0.470749 
 ----> 6.6#11.9#4.0#14.0#VAR 438 0 0.518989 0.481011 
 ----> 6.6#11.9#4.0#14.0#VAR 439 0 0.542308 0.457692 
 ----> 6.6#11.9#4.0#14.0#VAR 440 0 0.573367 0.426633 
 ----> 6.6#11.9#4.0#14.0#VAR 441 1 0.502213 0.497787 
 ----> 6.6#11.9#4.0#14.0#VAR 442 1 0.520555 0.479445 
 ----> 6.6#11.9#4.0#14.0#VAR 443 1 0.48691 0.51309 
 ----> 6.6#11.9#4.0#14.0#VAR 444 1 0.499148 0.500852 
 ----> 6.6#11.9#4.0#14.0#VAR 445 1 0.46643 0.53357 
 ----> 6.6#11.9#4.0#14.0#VAR 446 0 0.518022 0.481978 
 ----> 6.6#11.9#4.0#14.0#VAR 447 1 0.510817 0.489183 
 ----> 6.6#11.9#4.0#14.0#VAR 448 1 0.501727 0.498273 
 ----> 6.6#11.9#4.0#14.0#VAR 449 0 0.526724 0.473276 
 ----> 6.6#11.9#4.0#14.0#VAR 450 1 0.518069 0.481931 
 ----> 6.6#11.9#4.0#14.0#VAR 451 0 0.553258 0.446742 
 ----> 6.6#11.9#4.0#14.0#VAR 452 0 0.552232 0.447768 
 ----> 6.6#11.9#4.0#14.0#VAR 453 0 0.542599 0.457401 
 ----> 6.6#11.9#4.0#14.0#VAR 454 1 0.504479 0.495521 
 ----> 6.6#11.9#4.0#14.0#VAR 455 0 0.526503 0.473497 
 ----> 6.6#11.9#4.0#14.0#VAR 456 1 0.498376 0.501624 
 ----> 6.6#11.9#4.0#14.0#VAR 457 0 0.52796 0.47204 
 ----> 6.6#11.9#4.0#14.0#VAR 458 0 0.558241 0.441759 
 ----> 6.6#11.9#4.0#14.0#VAR 459 0 0.54157 0.45843 
 ----> 6.6#11.9#4.0#14.0#VAR 460 0 0.529298 0.470702 
 ----> 6.6#11.9#4.0#14.0#VAR 461 0 0.528182 0.471818 
 ----> 6.6#11.9#4.0#14.0#VAR 462 1 0.508597 0.491403 
 ----> 6.6#11.9#4.0#14.0#VAR 463 0 0.551278 0.448722 
 ----> 6.6#11.9#4.0#14.0#VAR 464 0 0.506084 0.493916 
 ----> 6.6#11.9#4.0#14.0#VAR 465 0 0.545784 0.454216 
 ----> 6.6#11.9#4.0#14.0#VAR 466 0 0.525384 0.474616 
 ----> 6.6#11.9#4.0#14.0#VAR 467 0 0.544157 0.455843 
 ----> 6.6#11.9#4.0#14.0#VAR 468 0 0.537858 0.462142 
 ----> 6.6#11.9#4.0#14.0#VAR 469 1 0.508798 0.491202 
 ----> 6.6#11.9#4.0#14.0#VAR 470 1 0.526692 0.473308 
 ----> 6.6#11.9#4.0#14.0#VAR 471 1 0.510436 0.489564 
 ----> 6.6#11.9#4.0#14.0#VAR 472 1 0.51401 0.48599 
 ----> 6.6#11.9#4.0#14.0#VAR 473 0 0.518921 0.481079 
 ----> 6.6#11.9#4.0#14.0#VAR 474 1 0.510593 0.489407 
 ----> 6.6#11.9#4.0#14.0#VAR 475 1 0.534555 0.465445 
 ----> 6.6#11.9#4.0#14.0#VAR 476 0 0.548214 0.451786 
 ----> 6.6#11.9#4.0#14.0#VAR 477 0 0.522412 0.477588 
 ----> 6.6#11.9#4.0#14.0#VAR 478 1 0.499747 0.500253 
 ----> 6.6#11.9#4.0#14.0#VAR 479 0 0.544455 0.455545 
 ----> 6.6#11.9#4.0#14.0#VAR 480 0 0.553196 0.446804 
 ----> 6.6#11.9#4.0#14.0#VAR 481 1 0.505407 0.494593 
 ----> 6.6#11.9#4.0#14.0#VAR 482 0 0.493582 0.506418 
 ----> 6.6#11.9#4.0#14.0#VAR 483 1 0.541104 0.458896 
 ----> 6.6#11.9#4.0#14.0#VAR 484 0 0.570931 0.429069 
 ----> 6.6#11.9#4.0#14.0#VAR 485 0 0.528182 0.471818 
 ----> 6.6#11.9#4.0#14.0#VAR 486 0 0.526254 0.473746 
 ----> 6.6#11.9#4.0#14.0#VAR 487 0 0.509402 0.490598 
 ----> 6.6#11.9#4.0#14.0#VAR 488 0 0.548541 0.451459 
 ----> 6.6#11.9#4.0#14.0#VAR 489 1 0.493459 0.506541 
 ----> 6.6#11.9#4.0#14.0#VAR 490 1 0.521491 0.478509 
 ----> 6.6#11.9#4.0#14.0#VAR 491 1 0.519509 0.480491 
 ----> 6.6#11.9#4.0#14.0#VAR 492 0 0.51774 0.48226 
 ----> 6.6#11.9#4.0#14.0#VAR 493 1 0.525778 0.474222 
 ----> 6.6#11.9#4.0#14.0#VAR 494 0 0.478453 0.521547 
 ----> 6.6#11.9#4.0#14.0#VAR 495 0 0.540412 0.459588 
 ----> 6.6#11.9#4.0#14.0#VAR 496 0 0.5275 0.4725 
 ----> 6.6#11.9#4.0#14.0#VAR 497 0 0.534148 0.465852 
 ----> 6.6#11.9#4.0#14.0#VAR 498 1 0.499585 0.500415 
 ----> 6.6#11.9#4.0#14.0#VAR 499 1 0.520718 0.479282 
 ----> 6.6#11.9#4.0#14.0#VAR 500 0 0.542974 0.457026 
 ----> 6.6#11.9#4.0#14.0#VAR 501 1 0.495207 0.504793 
 ----> 6.6#11.9#4.0#14.0#VAR 502 0 0.510481 0.489519 
 ----> 6.6#11.9#4.0#14.0#VAR 503 0 0.533907 0.466093 
 ----> 6.6#11.9#4.0#14.0#VAR 504 0 0.53013 0.46987 
 ----> 6.6#11.9#4.0#14.0#VAR 505 0 0.557892 0.442108 
 ----> 6.6#11.9#4.0#14.0#VAR 506 0 0.551063 0.448937 
 ----> 6.6#11.9#4.0#14.0#VAR 507 0 0.548071 0.451929 
 ----> 6.6#11.9#4.0#14.0#VAR 508 0 0.518936 0.481064 
 ----> 6.6#11.9#4.0#14.0#VAR 509 1 0.531775 0.468225 
 ----> 6.6#11.9#4.0#14.0#VAR 510 0 0.517068 0.482932 
 ----> 6.6#11.9#4.0#14.0#VAR 511 0 0.553567 0.446433 
 ----> 6.6#11.9#4.0#14.0#VAR 512 0 0.531106 0.468894 
 ----> 6.6#11.9#4.0#14.0#VAR 513 0 0.559447 0.440553 
 ----> 6.6#11.9#4.0#14.0#VAR 514 0 0.522845 0.477155 
 ----> 6.6#11.9#4.0#14.0#VAR 515 0 0.569651 0.430349 
 ----> 6.6#11.9#4.0#14.0#VAR 516 1 0.535582 0.464418 
 ----> 6.6#11.9#4.0#14.0#VAR 517 0 0.592442 0.407558 
 ----> 6.6#11.9#4.0#14.0#VAR 518 0 0.513122 0.486878 
 ----> 6.6#11.9#4.0#14.0#VAR 519 0 0.539866 0.460134 
 ----> 6.6#11.9#4.0#14.0#VAR 520 0 0.570212 0.429788 
 ----> 6.6#11.9#4.0#14.0#VAR 521 0 0.515943 0.484057 
 ----> 6.6#11.9#4.0#14.0#VAR 522 0 0.527808 0.472192 
 ----> 6.6#11.9#4.0#14.0#VAR 523 0 0.543754 0.456246 
 ----> 6.6#11.9#4.0#14.0#VAR 524 1 0.483472 0.516528 
 ----> 6.6#11.9#4.0#14.0#VAR 525 0 0.497447 0.502553 
 ----> 6.6#11.9#4.0#14.0#VAR 526 0 0.547952 0.452048 
 ----> 6.6#11.9#4.0#14.0#VAR 527 0 0.539358 0.460642 
 ----> 6.6#11.9#4.0#14.0#VAR 528 1 0.536587 0.463413 
 ----> 6.6#11.9#4.0#14.0#VAR 529 0 0.55866 0.44134 
 ----> 6.6#11.9#4.0#14.0#VAR 530 1 0.519021 0.480979 
 ----> 6.6#11.9#4.0#14.0#VAR 531 1 0.517394 0.482606 
 ----> 6.6#11.9#4.0#14.0#VAR 532 1 0.536696 0.463304 
 ----> 6.6#11.9#4.0#14.0#VAR 533 1 0.531334 0.468666 
 ----> 6.6#11.9#4.0#14.0#VAR 534 1 0.508518 0.491482 
 ----> 6.6#11.9#4.0#14.0#VAR 535 0 0.570684 0.429316 
 ----> 6.6#11.9#4.0#14.0#VAR 536 1 0.498781 0.501219 
 ----> 6.6#11.9#4.0#14.0#VAR 537 0 0.540869 0.459131 
 ----> 6.6#11.9#4.0#14.0#VAR 538 0 0.501585 0.498415 
 ----> 6.6#11.9#4.0#14.0#VAR 539 0 0.534317 0.465683 
 ----> 6.6#11.9#4.0#14.0#VAR 540 0 0.542421 0.457579 
 ----> 6.6#11.9#4.0#14.0#VAR 541 0 0.531617 0.468383 
 ----> 6.6#11.9#4.0#14.0#VAR 542 0 0.525977 0.474023 
 ----> 6.6#11.9#4.0#14.0#VAR 543 0 0.563846 0.436154 
 ----> 6.6#11.9#4.0#14.0#VAR 544 0 0.543315 0.456685 
 ----> 6.6#11.9#4.0#14.0#VAR 545 0 0.544589 0.455411 
 ----> 6.6#11.9#4.0#14.0#VAR 546 0 0.514142 0.485858 
 ----> 6.6#11.9#4.0#14.0#VAR 547 1 0.52157 0.47843 
 ----> 6.6#11.9#4.0#14.0#VAR 548 1 0.536041 0.463959 
 ----> 6.6#11.9#4.0#14.0#VAR 549 0 0.519751 0.480249 
 ----> 6.6#11.9#4.0#14.0#VAR 550 0 0.518178 0.481822 
 ----> 6.6#11.9#4.0#14.0#VAR 551 0 0.542053 0.457947 
 ----> 6.6#11.9#4.0#14.0#VAR 552 0 0.520597 0.479403 
 ----> 6.6#11.9#4.0#14.0#VAR 553 1 0.517093 0.482907 
 ----> 6.6#11.9#4.0#14.0#VAR 554 0 0.504469 0.495531 
 ----> 6.6#11.9#4.0#14.0#VAR 555 0 0.539193 0.460807 
 ----> 6.6#11.9#4.0#14.0#VAR 556 0 0.532215 0.467785 
 ----> 6.6#11.9#4.0#14.0#VAR 557 1 0.515813 0.484187 
 ----> 6.6#11.9#4.0#14.0#VAR 558 0 0.556306 0.443694 
 ----> 6.6#11.9#4.0#14.0#VAR 559 0 0.528382 0.471618 
 ----> 6.6#11.9#4.0#14.0#VAR 560 0 0.558816 0.441184 
 ----> 6.6#11.9#4.0#14.0#VAR 561 0 0.572813 0.427187 
 ----> 6.6#11.9#4.0#14.0#VAR 562 1 0.534837 0.465163 
 ----> 6.6#11.9#4.0#14.0#VAR 563 1 0.546734 0.453266 
 ----> 6.6#11.9#4.0#14.0#VAR 564 0 0.549119 0.450881 
 ----> 6.6#11.9#4.0#14.0#VAR 565 0 0.538999 0.461001 
 ----> 6.6#11.9#4.0#14.0#VAR 566 0 0.581316 0.418684 
 ----> 6.6#11.9#4.0#14.0#VAR 567 0 0.502434 0.497566 
 ----> 6.6#11.9#4.0#14.0#VAR 568 0 0.53866 0.46134 
 ----> 6.6#11.9#4.0#14.0#VAR 569 1 0.521943 0.478057 
 ----> 6.6#11.9#4.0#14.0#VAR 570 0 0.510189 0.489811 
 ----> 6.6#11.9#4.0#14.0#VAR 571 0 0.52951 0.47049 
 ----> 6.6#11.9#4.0#14.0#VAR 572 0 0.555729 0.444271 
 ----> 6.6#11.9#4.0#14.0#VAR 573 0 0.549887 0.450113 
 ----> 6.6#11.9#4.0#14.0#VAR 574 1 0.480719 0.519281 
 ----> 6.6#11.9#4.0#14.0#VAR 575 0 0.557513 0.442487 
 ----> 6.6#11.9#4.0#14.0#VAR 576 0 0.559079 0.440921 
 ----> 6.6#11.9#4.0#14.0#VAR 577 0 0.519868 0.480132 
 ----> 6.6#11.9#4.0#14.0#VAR 578 0 0.542995 0.457005 
 ----> 6.6#11.9#4.0#14.0#VAR 579 0 0.526105 0.473895 
 ----> 6.6#11.9#4.0#14.0#VAR 580 0 0.523825 0.476175 
 ----> 6.6#11.9#4.0#14.0#VAR 581 0 0.517834 0.482166 
 ----> 6.6#11.9#4.0#14.0#VAR 582 1 0.488118 0.511882 
 ----> 6.6#11.9#4.0#14.0#VAR 583 0 0.562783 0.437217 
 ----> 6.6#11.9#4.0#14.0#VAR 584 0 0.530357 0.469643 
 ----> 6.6#11.9#4.0#14.0#VAR 585 0 0.523706 0.476294 
 ----> 6.6#11.9#4.0#14.0#VAR 586 0 0.504443 0.495557 
 ----> 6.6#11.9#4.0#14.0#VAR 587 0 0.537324 0.462676 
 ----> 6.6#11.9#4.0#14.0#VAR 588 0 0.534415 0.465585 
 ----> 6.6#11.9#4.0#14.0#VAR 589 1 0.50398 0.49602 
 ----> 6.6#11.9#4.0#14.0#VAR 590 0 0.550923 0.449077 
 ----> 6.6#11.9#4.0#14.0#VAR 591 0 0.541117 0.458883 
 ----> 6.6#11.9#4.0#14.0#VAR 592 0 0.544075 0.455925 
 ----> 6.6#11.9#4.0#14.0#VAR 593 1 0.491776 0.508224 
 ----> 6.6#11.9#4.0#14.0#VAR 594 0 0.559816 0.440184 
 ----> 6.6#11.9#4.0#14.0#VAR 595 1 0.537581 0.462419 
 ----> 6.6#11.9#4.0#14.0#VAR 596 0 0.558493 0.441507 
 ----> 6.6#11.9#4.0#14.0#VAR 597 1 0.51346 0.48654 
 ----> 6.6#11.9#4.0#14.0#VAR 598 0 0.566179 0.433821 
 ----> 6.6#11.9#4.0#14.0#VAR 599 1 0.510806 0.489194 
 ----> 6.6#11.9#4.0#14.0#VAR 600 0 0.595187 0.404813 
 ----> 6.6#11.9#4.0#14.0#VAR 601 0 0.569406 0.430594 
 ----> 6.6#11.9#4.0#14.0#VAR 602 0 0.557872 0.442128 
 ----> 6.6#11.9#4.0#14.0#VAR 603 1 0.491914 0.508086 
 ----> 6.6#11.9#4.0#14.0#VAR 604 0 0.553757 0.446243 
 ----> 6.6#11.9#4.0#14.0#VAR 605 0 0.565588 0.434412 
 ----> 6.6#11.9#4.0#14.0#VAR 606 0 0.586462 0.413538 
 ----> 6.6#11.9#4.0#14.0#VAR 607 0 0.537026 0.462974 
 ----> 6.6#11.9#4.0#14.0#VAR 608 0 0.541889 0.458111 
 ----> 6.6#11.9#4.0#14.0#VAR 609 0 0.577164 0.422836 
 ----> 6.6#11.9#4.0#14.0#VAR 610 1 0.492303 0.507697 
 ----> 6.6#11.9#4.0#14.0#VAR 611 1 0.512117 0.487883 
 ----> 6.6#11.9#4.0#14.0#VAR 612 0 0.53492 0.46508 
 ----> 6.6#11.9#4.0#14.0#VAR 613 0 0.524445 0.475555 
 ----> 6.6#11.9#4.0#14.0#VAR 614 1 0.500822 0.499178 
 ----> 6.6#11.9#4.0#14.0#VAR 615 0 0.512729 0.487271 
 ----> 6.6#11.9#4.0#14.0#VAR 616 0 0.513268 0.486732 
 ----> 6.6#11.9#4.0#14.0#VAR 617 1 0.49439 0.50561 
 ----> 6.6#11.9#4.0#14.0#VAR 618 0 0.500386 0.499614 
 ----> 6.6#11.9#4.0#14.0#VAR 619 1 0.500355 0.499645 
 ----> 6.6#11.9#4.0#14.0#VAR 620 1 0.508398 0.491602 
 ----> 6.6#11.9#4.0#14.0#VAR 621 0 0.512655 0.487345 
 ----> 6.6#11.9#4.0#14.0#VAR 622 0 0.563304 0.436696 
 ----> 6.6#11.9#4.0#14.0#VAR 623 0 0.569066 0.430934 
 ----> 6.6#11.9#4.0#14.0#VAR 624 0 0.556303 0.443697 
 ----> 6.6#11.9#4.0#14.0#VAR 625 0 0.547198 0.452802 
 ----> 6.6#11.9#4.0#14.0#VAR 626 1 0.529855 0.470145 
 ----> 6.6#11.9#4.0#14.0#VAR 627 1 0.520082 0.479918 
 ----> 6.6#11.9#4.0#14.0#VAR 628 1 0.520628 0.479372 
 ----> 6.6#11.9#4.0#14.0#VAR 629 0 0.508578 0.491422 
 ----> 6.6#11.9#4.0#14.0#VAR 630 0 0.504145 0.495855 
 ----> 6.6#11.9#4.0#14.0#VAR 631 0 0.556724 0.443276 
 ----> 6.6#11.9#4.0#14.0#VAR 632 0 0.521058 0.478942 
 ----> 6.6#11.9#4.0#14.0#VAR 633 0 0.515133 0.484867 
 ----> 6.6#11.9#4.0#14.0#VAR 634 1 0.49836 0.50164 
 ----> 6.6#11.9#4.0#14.0#VAR 635 1 0.526203 0.473797 
 ----> 6.6#11.9#4.0#14.0#VAR 636 0 0.513469 0.486531 
 ----> 6.6#11.9#4.0#14.0#VAR 637 1 0.503509 0.496491 
 ----> 6.6#11.9#4.0#14.0#VAR 638 1 0.509529 0.490471 
 ----> 6.6#11.9#4.0#14.0#VAR 639 0 0.514882 0.485118 
 ----> 6.6#11.9#4.0#14.0#VAR 640 0 0.522091 0.477909 
 ----> 6.6#11.9#4.0#14.0#VAR 641 1 0.533385 0.466615 
 ----> 6.6#11.9#4.0#14.0#VAR 642 0 0.535635 0.464365 
 ----> 6.6#11.9#4.0#14.0#VAR 643 0 0.56103 0.43897 
 ----> 6.6#11.9#4.0#14.0#VAR 644 0 0.553052 0.446948 
 ----> 6.6#11.9#4.0#14.0#VAR 645 1 0.529435 0.470565 
 ----> 6.6#11.9#4.0#14.0#VAR 646 0 0.521912 0.478088 
 ----> 6.6#11.9#4.0#14.0#VAR 647 0 0.53725 0.46275 
 ----> 6.6#11.9#4.0#14.0#VAR 648 0 0.506487 0.493513 
 ----> 6.6#11.9#4.0#14.0#VAR 649 0 0.534107 0.465893 
 ----> 6.6#11.9#4.0#14.0#VAR 650 0 0.539253 0.460747 
 ----> 6.6#11.9#4.0#14.0#VAR 651 0 0.562782 0.437218 
 ----> 6.6#11.9#4.0#14.0#VAR 652 1 0.506629 0.493371 
 ----> 6.6#11.9#4.0#14.0#VAR 653 0 0.533423 0.466577 
 ----> 6.6#11.9#4.0#14.0#VAR 654 0 0.539217 0.460783 
 ----> 6.6#11.9#4.0#14.0#VAR 655 0 0.527802 0.472198 
 ----> 6.6#11.9#4.0#14.0#VAR 656 0 0.511054 0.488946 
 ----> 6.6#11.9#4.0#14.0#VAR 657 0 0.553801 0.446199 
 ----> 6.6#11.9#4.0#14.0#VAR 658 0 0.596486 0.403514 
 ----> 6.6#11.9#4.0#14.0#VAR 659 0 0.552871 0.447129 
 ----> 6.6#11.9#4.0#14.0#VAR 660 1 0.474801 0.525199 
 ----> 6.6#11.9#4.0#14.0#VAR 661 1 0.503669 0.496331 
 ----> 6.6#11.9#4.0#14.0#VAR 662 0 0.577553 0.422447 
 ----> 6.6#11.9#4.0#14.0#VAR 663 1 0.49929 0.50071 
 ----> 6.6#11.9#4.0#14.0#VAR 664 1 0.508417 0.491583 
 ----> 6.6#11.9#4.0#14.0#VAR 665 0 0.520555 0.479445 
 ----> 6.6#11.9#4.0#14.0#VAR 666 0 0.519966 0.480034 
 ----> 6.6#11.9#4.0#14.0#VAR 667 0 0.52374 0.47626 
 ----> 6.6#11.9#4.0#14.0#VAR 668 0 0.535327 0.464673 
 ----> 6.6#11.9#4.0#14.0#VAR 669 0 0.542731 0.457269 
 ----> 6.6#11.9#4.0#14.0#VAR 670 1 0.471773 0.528227 
 ----> 6.6#11.9#4.0#14.0#VAR 671 0 0.540902 0.459098 
 ----> 6.6#11.9#4.0#14.0#VAR 672 1 0.524048 0.475952 
 ----> 6.6#11.9#4.0#14.0#VAR 673 0 0.512312 0.487688 
 ----> 6.6#11.9#4.0#14.0#VAR 674 0 0.51994 0.48006 
 ----> 6.6#11.9#4.0#14.0#VAR 675 0 0.540652 0.459348 
 ----> 6.6#11.9#4.0#14.0#VAR 676 0 0.573386 0.426614 
 ----> 6.6#11.9#4.0#14.0#VAR 677 0 0.559285 0.440715 
 ----> 6.6#11.9#4.0#14.0#VAR 678 0 0.564395 0.435605 
 ----> 6.6#11.9#4.0#14.0#VAR 679 1 0.535432 0.464568 
 ----> 6.6#11.9#4.0#14.0#VAR 680 1 0.529116 0.470884 
 ----> 6.6#11.9#4.0#14.0#VAR 681 1 0.510715 0.489285 
 ----> 6.6#11.9#4.0#14.0#VAR 682 0 0.574997 0.425003 
 ----> 6.6#11.9#4.0#14.0#VAR 683 1 0.48976 0.51024 
 ----> 6.6#11.9#4.0#14.0#VAR 684 0 0.51208 0.48792 
 ----> 6.6#11.9#4.0#14.0#VAR 685 0 0.518041 0.481959 
 ----> 6.6#11.9#4.0#14.0#VAR 686 0 0.513188 0.486812 
 ----> 6.6#11.9#4.0#14.0#VAR 687 0 0.515502 0.484498 
 ----> 6.6#11.9#4.0#14.0#VAR 688 0 0.529624 0.470376 
 ----> 6.6#11.9#4.0#14.0#VAR 689 1 0.51394 0.48606 
 ----> 6.6#11.9#4.0#14.0#VAR 690 1 0.521411 0.478589 
 ----> 6.6#11.9#4.0#14.0#VAR 691 1 0.514365 0.485635 
 ----> 6.6#11.9#4.0#14.0#VAR 692 1 0.506308 0.493692 
 ----> 6.6#11.9#4.0#14.0#VAR 693 0 0.554152 0.445848 
 ----> 6.6#11.9#4.0#14.0#VAR 694 1 0.499099 0.500901 
 ----> 6.6#11.9#4.0#14.0#VAR 695 0 0.541375 0.458625 
 ----> 6.6#11.9#4.0#14.0#VAR 696 1 0.51223 0.48777 
 ----> 6.6#11.9#4.0#14.0#VAR 697 0 0.553559 0.446441 
 ----> 6.6#11.9#4.0#14.0#VAR 698 1 0.542651 0.457349 
 ----> 6.6#11.9#4.0#14.0#VAR 699 0 0.564214 0.435786 
 ----> 6.6#11.9#4.0#14.0#VAR 700 0 0.544402 0.455598 
 ----> 6.6#11.9#4.0#14.0#VAR 701 0 0.526735 0.473265 
 ----> 6.6#11.9#4.0#14.0#VAR 702 1 0.515097 0.484903 
 ----> 6.6#11.9#4.0#14.0#VAR 703 0 0.520716 0.479284 
 ----> 6.6#11.9#4.0#14.0#VAR 704 0 0.551269 0.448731 
 ----> 6.6#11.9#4.0#14.0#VAR 705 0 0.548625 0.451375 
 ----> 6.6#11.9#4.0#14.0#VAR 706 0 0.514861 0.485139 
 ----> 6.6#11.9#4.0#14.0#VAR 707 0 0.511057 0.488943 
 ----> 6.6#11.9#4.0#14.0#VAR 708 0 0.515488 0.484512 
 ----> 6.6#11.9#4.0#14.0#VAR 709 0 0.539754 0.460246 
 ----> 6.6#11.9#4.0#14.0#VAR 710 0 0.497536 0.502464 
 ----> 6.6#11.9#4.0#14.0#VAR 711 1 0.468504 0.531496 
 ----> 6.6#11.9#4.0#14.0#VAR 712 0 0.544861 0.455139 
 ----> 6.6#11.9#4.0#14.0#VAR 713 0 0.531444 0.468556 
 ----> 6.6#11.9#4.0#14.0#VAR 714 1 0.496854 0.503146 
 ----> 6.6#11.9#4.0#14.0#VAR 715 0 0.503976 0.496024 
 ----> 6.6#11.9#4.0#14.0#VAR 716 0 0.539611 0.460389 
 ----> 6.6#11.9#4.0#14.0#VAR 717 1 0.494086 0.505914 
 ----> 6.6#11.9#4.0#14.0#VAR 718 1 0.497305 0.502695 
 ----> 6.6#11.9#4.0#14.0#VAR 719 0 0.492925 0.507075 
 ----> 6.6#11.9#4.0#14.0#VAR 720 1 0.539187 0.460813 
 ----> 6.6#11.9#4.0#14.0#VAR 721 1 0.545611 0.454389 
 ----> 6.6#11.9#4.0#14.0#VAR 722 0 0.589677 0.410323 
 ----> 6.6#11.9#4.0#14.0#VAR 723 0 0.560319 0.439681 
 ----> 6.6#11.9#4.0#14.0#VAR 724 0 0.543568 0.456432 
 ----> 6.6#11.9#4.0#14.0#VAR 725 0 0.545898 0.454102 
 ----> 6.6#11.9#4.0#14.0#VAR 726 0 0.514049 0.485951 
 ----> 6.6#11.9#4.0#14.0#VAR 727 0 0.496932 0.503068 
 ----> 6.6#11.9#4.0#14.0#VAR 728 1 0.503871 0.496129 
 ----> 6.6#11.9#4.0#14.0#VAR 729 1 0.459663 0.540337 
 ----> 6.6#11.9#4.0#14.0#VAR 730 0 0.517392 0.482608 
 ----> 6.6#11.9#4.0#14.0#VAR 731 1 0.501104 0.498896 
 ----> 6.6#11.9#4.0#14.0#VAR 732 0 0.508793 0.491207 
 ----> 6.6#11.9#4.0#14.0#VAR 733 0 0.527561 0.472439 
 ----> 6.6#11.9#4.0#14.0#VAR 734 0 0.511377 0.488623 
 ----> 6.6#11.9#4.0#14.0#VAR 735 0 0.520461 0.479539 
 ----> 6.6#11.9#4.0#14.0#VAR 736 0 0.537428 0.462572 
 ----> 6.6#11.9#4.0#14.0#VAR 737 1 0.520885 0.479115 
 ----> 6.6#11.9#4.0#14.0#VAR 738 1 0.492955 0.507045 
 ----> 6.6#11.9#4.0#14.0#VAR 739 1 0.499584 0.500416 
 ----> 6.6#11.9#4.0#14.0#VAR 740 1 0.467962 0.532038 
 ----> 6.6#11.9#4.0#14.0#VAR 741 0 0.506337 0.493663 
 ----> 6.6#11.9#4.0#14.0#VAR 742 0 0.535475 0.464525 
 ----> 6.6#11.9#4.0#14.0#VAR 743 1 0.523159 0.476841 
 ----> 6.6#11.9#4.0#14.0#VAR 744 0 0.531667 0.468333 
 ----> 6.6#11.9#4.0#14.0#VAR 745 1 0.503826 0.496174 
 ----> 6.6#11.9#4.0#14.0#VAR 746 0 0.516819 0.483181 
 ----> 6.6#11.9#4.0#14.0#VAR 747 0 0.481262 0.518738 
 ----> 6.6#11.9#4.0#14.0#VAR 748 0 0.536144 0.463856 
 ----> 6.6#11.9#4.0#14.0#VAR 749 0 0.514483 0.485517 
 ----> 6.6#11.9#4.0#14.0#VAR 750 1 0.508163 0.491837 
 ----> 6.6#11.9#4.0#14.0#VAR 751 0 0.507651 0.492349 
 ----> 6.6#11.9#4.0#14.0#VAR 752 0 0.526999 0.473001 
 ----> 6.6#11.9#4.0#14.0#VAR 753 0 0.538201 0.461799 
 ----> 6.6#11.9#4.0#14.0#VAR 754 0 0.520581 0.479419 
 ----> 6.6#11.9#4.0#14.0#VAR 755 0 0.492419 0.507581 
 ----> 6.6#11.9#4.0#14.0#VAR 756 1 0.496265 0.503735 
 ----> 6.6#11.9#4.0#14.0#VAR 757 1 0.494305 0.505695 
 ----> 6.6#11.9#4.0#14.0#VAR 758 1 0.508126 0.491874 
 ----> 6.6#11.9#4.0#14.0#VAR 759 0 0.500926 0.499074 
 ----> 6.6#11.9#4.0#14.0#VAR 760 0 0.526045 0.473955 
 ----> 6.6#11.9#4.0#14.0#VAR 761 1 0.475305 0.524695 
 ----> 6.6#11.9#4.0#14.0#VAR 762 1 0.48711 0.51289 
 ----> 6.6#11.9#4.0#14.0#VAR 763 1 0.475187 0.524813 
 ----> 6.6#11.9#4.0#14.0#VAR 764 0 0.527779 0.472221 
 ----> 6.6#11.9#4.0#14.0#VAR 765 1 0.511584 0.488416 
 ----> 6.6#11.9#4.0#14.0#VAR 766 1 0.540475 0.459525 
 ----> 6.6#11.9#4.0#14.0#VAR 767 1 0.523311 0.476689 
 ----> 6.6#11.9#4.0#14.0#VAR 768 1 0.541149 0.458851 
 ----> 6.6#11.9#4.0#14.0#VAR 769 0 0.522178 0.477822 
 ----> 6.6#11.9#4.0#14.0#VAR 770 0 0.49245 0.50755 
 ----> 6.6#11.9#4.0#14.0#VAR 771 0 0.533113 0.466887 
 ----> 6.6#11.9#4.0#14.0#VAR 772 0 0.524724 0.475276 
 ----> 6.6#11.9#4.0#14.0#VAR 773 1 0.522571 0.477429 
 ----> 6.6#11.9#4.0#14.0#VAR 774 0 0.502142 0.497858 
 ----> 6.6#11.9#4.0#14.0#VAR 775 1 0.497897 0.502103 
 ----> 6.6#11.9#4.0#14.0#VAR 776 0 0.493902 0.506098 
 ----> 6.6#11.9#4.0#14.0#VAR 777 0 0.533912 0.466088 
 ----> 6.6#11.9#4.0#14.0#VAR 778 0 0.5102 0.4898 
 ----> 6.6#11.9#4.0#14.0#VAR 779 1 0.491718 0.508282 
 ----> 6.6#11.9#4.0#14.0#VAR 780 1 0.527385 0.472615 
 ----> 6.6#11.9#4.0#14.0#VAR 781 1 0.473844 0.526156 
 ----> 6.6#11.9#4.0#14.0#VAR 782 1 0.452304 0.547696 
 ----> 6.6#11.9#4.0#14.0#VAR 783 0 0.524264 0.475736 
 ----> 6.6#11.9#4.0#14.0#VAR 784 0 0.522932 0.477068 
 ----> 6.6#11.9#4.0#14.0#VAR 785 1 0.527254 0.472746 
 ----> 6.6#11.9#4.0#14.0#VAR 786 0 0.51797 0.48203 
 ----> 6.6#11.9#4.0#14.0#VAR 787 1 0.500127 0.499873 
 ----> 6.6#11.9#4.0#14.0#VAR 788 0 0.475504 0.524496 
 ----> 6.6#11.9#4.0#14.0#VAR 789 1 0.500629 0.499371 
 ----> 6.6#11.9#4.0#14.0#VAR 790 1 0.456182 0.543818 
 ----> 6.6#11.9#4.0#14.0#VAR 791 1 0.478218 0.521782 
 ----> 6.6#11.9#4.0#14.0#VAR 792 1 0.49756 0.50244 
 ----> 6.6#11.9#4.0#14.0#VAR 793 1 0.489697 0.510303 
 ----> 6.6#11.9#4.0#14.0#VAR 794 1 0.515634 0.484366 
 ----> 6.6#11.9#4.0#14.0#VAR 795 1 0.504415 0.495585 
 ----> 6.6#11.9#4.0#14.0#VAR 796 1 0.50925 0.49075 
 ----> 6.6#11.9#4.0#14.0#VAR 797 0 0.529285 0.470715 
 ----> 6.6#11.9#4.0#14.0#VAR 798 0 0.544069 0.455931 
 ----> 6.6#11.9#4.0#14.0#VAR 799 0 0.547731 0.452269 
 ----> 6.6#11.9#4.0#14.0#VAR 800 1 0.472549 0.527451 
 ----> 6.6#11.9#4.0#14.0#VAR 801 1 0.46722 0.53278 
 ----> 6.6#11.9#4.0#14.0#VAR 802 1 0.490219 0.509781 
 ----> 6.6#11.9#4.0#14.0#VAR 803 1 0.503733 0.496267 
 ----> 6.6#11.9#4.0#14.0#VAR 804 1 0.510716 0.489284 
 ----> 6.6#11.9#4.0#14.0#VAR 805 0 0.488169 0.511831 
 ----> 6.6#11.9#4.0#14.0#VAR 806 1 0.465206 0.534794 
 ----> 6.6#11.9#4.0#14.0#VAR 807 1 0.488965 0.511035 
 ----> 6.6#11.9#4.0#14.0#VAR 808 0 0.515596 0.484404 
 ----> 6.6#11.9#4.0#14.0#VAR 809 0 0.496174 0.503826 
 ----> 6.6#11.9#4.0#14.0#VAR 810 1 0.499427 0.500573 
 ----> 6.6#11.9#4.0#14.0#VAR 811 1 0.497342 0.502658 
 ----> 6.6#11.9#4.0#14.0#VAR 812 0 0.501931 0.498069 
 ----> 6.6#11.9#4.0#14.0#VAR 813 1 0.4676 0.5324 
 ----> 6.6#11.9#4.0#14.0#VAR 814 1 0.490794 0.509206 
 ----> 6.6#11.9#4.0#14.0#VAR 815 1 0.491712 0.508288 
 ----> 6.6#11.9#4.0#14.0#VAR 816 0 0.530606 0.469394 
 ----> 6.6#11.9#4.0#14.0#VAR 817 1 0.497064 0.502936 
 ----> 6.6#11.9#4.0#14.0#VAR 818 1 0.473894 0.526106 
 ----> 6.6#11.9#4.0#14.0#VAR 819 1 0.469354 0.530646 
 ----> 6.6#11.9#4.0#14.0#VAR 820 1 0.471818 0.528182 
 ----> 6.6#11.9#4.0#14.0#VAR 821 0 0.519435 0.480565 
 ----> 6.6#11.9#4.0#14.0#VAR 822 1 0.489678 0.510322 
 ----> 6.6#11.9#4.0#14.0#VAR 823 0 0.539598 0.460402 
 ----> 6.6#11.9#4.0#14.0#VAR 824 0 0.535513 0.464487 
 ----> 6.6#11.9#4.0#14.0#VAR 825 0 0.512836 0.487164 
 ----> 6.6#11.9#4.0#14.0#VAR 826 1 0.514306 0.485694 
 ----> 6.6#11.9#4.0#14.0#VAR 827 0 0.523198 0.476802 
 ----> 6.6#11.9#4.0#14.0#VAR 828 0 0.485883 0.514117 
 ----> 6.6#11.9#4.0#14.0#VAR 829 1 0.467456 0.532544 
 ----> 6.6#11.9#4.0#14.0#VAR 830 1 0.446962 0.553038 
 ----> 6.6#11.9#4.0#14.0#VAR 831 0 0.515326 0.484674 
 ----> 6.6#11.9#4.0#14.0#VAR 832 1 0.499921 0.500079 
 ----> 6.6#11.9#4.0#14.0#VAR 833 1 0.475024 0.524976 
 ----> 6.6#11.9#4.0#14.0#VAR 834 1 0.496907 0.503093 
 ----> 6.6#11.9#4.0#14.0#VAR 835 1 0.486848 0.513152 
 ----> 6.6#11.9#4.0#14.0#VAR 836 1 0.485032 0.514968 
 ----> 6.6#11.9#4.0#14.0#VAR 837 1 0.469818 0.530182 
 ----> 6.6#11.9#4.0#14.0#VAR 838 1 0.455859 0.544141 
 ----> 6.6#11.9#4.0#14.0#VAR 839 0 0.504379 0.495621 
 ----> 6.6#11.9#4.0#14.0#VAR 840 0 0.487252 0.512748 
 ----> 6.6#11.9#4.0#14.0#VAR 841 1 0.490065 0.509935 
 ----> 6.6#11.9#4.0#14.0#VAR 842 0 0.51045 0.48955 
 ----> 6.6#11.9#4.0#14.0#VAR 843 1 0.483017 0.516983 
 ----> 6.6#11.9#4.0#14.0#VAR 844 0 0.500614 0.499386 
 ----> 6.6#11.9#4.0#14.0#VAR 845 1 0.483308 0.516692 
 ----> 6.6#11.9#4.0#14.0#VAR 846 0 0.490098 0.509902 
 ----> 6.6#11.9#4.0#14.0#VAR 847 0 0.485834 0.514166 
 ----> 6.6#11.9#4.0#14.0#VAR 848 0 0.513367 0.486633 
 ----> 6.6#11.9#4.0#14.0#VAR 849 1 0.456279 0.543721 
 ----> 6.6#11.9#4.0#14.0#VAR 850 0 0.518032 0.481968 
 ----> 6.6#11.9#4.0#14.0#VAR 851 0 0.51963 0.48037 
 ----> 6.6#11.9#4.0#14.0#VAR 852 1 0.47367 0.52633 
 ----> 6.6#11.9#4.0#14.0#VAR 853 0 0.52041 0.47959 
 ----> 6.6#11.9#4.0#14.0#VAR 854 1 0.503267 0.496733 
 ----> 6.6#11.9#4.0#14.0#VAR 855 1 0.497217 0.502783 
 ----> 6.6#11.9#4.0#14.0#VAR 856 1 0.455394 0.544606 
 ----> 6.6#11.9#4.0#14.0#VAR 857 1 0.472566 0.527434 
 ----> 6.6#11.9#4.0#14.0#VAR 858 0 0.487884 0.512116 
 ----> 6.6#11.9#4.0#14.0#VAR 859 0 0.492977 0.507023 
 ----> 6.6#11.9#4.0#14.0#VAR 860 1 0.480098 0.519902 
 ----> 6.6#11.9#4.0#14.0#VAR 861 0 0.508228 0.491772 
 ----> 6.6#11.9#4.0#14.0#VAR 862 1 0.47122 0.52878 
 ----> 6.6#11.9#4.0#14.0#VAR 863 1 0.500755 0.499245 
 ----> 6.6#11.9#4.0#14.0#VAR 864 1 0.466715 0.533285 
 ----> 6.6#11.9#4.0#14.0#VAR 865 1 0.512382 0.487618 
 ----> 6.6#11.9#4.0#14.0#VAR 866 1 0.47211 0.52789 
 ----> 6.6#11.9#4.0#14.0#VAR 867 0 0.532273 0.467727 
 ----> 6.6#11.9#4.0#14.0#VAR 868 1 0.510737 0.489263 
 ----> 6.6#11.9#4.0#14.0#VAR 869 0 0.505243 0.494757 
 ----> 6.6#11.9#4.0#14.0#VAR 870 1 0.503526 0.496474 
 ----> 6.6#11.9#4.0#14.0#VAR 871 1 0.47995 0.52005 
 ----> 6.6#11.9#4.0#14.0#VAR 872 1 0.501002 0.498998 
 ----> 6.6#11.9#4.0#14.0#VAR 873 1 0.469705 0.530295 
 ----> 6.6#11.9#4.0#14.0#VAR 874 1 0.461724 0.538276 
 ----> 6.6#11.9#4.0#14.0#VAR 875 1 0.421697 0.578303 
 ----> 6.6#11.9#4.0#14.0#VAR 876 1 0.460817 0.539183 
 ----> 6.6#11.9#4.0#14.0#VAR 877 1 0.444916 0.555084 
 ----> 6.6#11.9#4.0#14.0#VAR 878 1 0.461516 0.538484 
 ----> 6.6#11.9#4.0#14.0#VAR 879 1 0.467461 0.532539 
 ----> 6.6#11.9#4.0#14.0#VAR 880 1 0.452111 0.547889 
 ----> 6.6#11.9#4.0#14.0#VAR 881 1 0.470253 0.529747 
 ----> 6.6#11.9#4.0#14.0#VAR 882 0 0.490335 0.509665 
 ----> 6.6#11.9#4.0#14.0#VAR 883 1 0.455529 0.544471 
 ----> 6.6#11.9#4.0#14.0#VAR 884 1 0.418016 0.581984 
 ----> 6.6#11.9#4.0#14.0#VAR 885 1 0.412982 0.587018 
 ----> 6.6#11.9#4.0#14.0#VAR 886 1 0.398608 0.601392 
 ----> 6.6#11.9#4.0#14.0#VAR 887 1 0.408047 0.591953 
 ----> 6.6#11.9#4.0#14.0#VAR 888 1 0.443823 0.556177 
 ----> 6.6#11.9#4.0#14.0#VAR 889 1 0.368767 0.631233 
 ----> 6.6#11.9#4.0#14.0#VAR 890 1 0.406295 0.593705 
 ----> 6.6#11.9#4.0#14.0#VAR 891 1 0.437749 0.562251 
 ----> 6.6#11.9#4.0#14.0#VAR 892 1 0.444311 0.555689 
 ----> 6.6#11.9#4.0#14.0#VAR 893 1 0.427031 0.572969 
 ----> 6.6#11.9#4.0#14.0#VAR 894 0 0.478753 0.521247 
 ----> 6.6#11.9#4.0#14.0#VAR 895 0 0.478227 0.521773 
 ----> 6.6#11.9#4.0#14.0#VAR 896 0 0.441455 0.558545 
 ----> 6.6#11.9#4.0#14.0#VAR 897 1 0.445054 0.554946 
 ----> 6.6#11.9#4.0#14.0#VAR 898 1 0.438393 0.561607 
 ----> 6.6#11.9#4.0#14.0#VAR 899 1 0.427277 0.572723 
 ----> 6.6#11.9#4.0#14.0#VAR 900 0 0.479064 0.520936 
 ----> 6.6#11.9#4.0#14.0#VAR 901 1 0.437054 0.562946 
 ----> 6.6#11.9#4.0#14.0#VAR 902 1 0.468386 0.531614 
 ----> 6.6#11.9#4.0#14.0#VAR 903 1 0.418441 0.581559 
 ----> 6.6#11.9#4.0#14.0#VAR 904 1 0.438056 0.561944 
 ----> 6.6#11.9#4.0#14.0#VAR 905 1 0.430804 0.569196 
 ----> 6.6#11.9#4.0#14.0#VAR 906 1 0.401655 0.598345 
 ----> 6.6#11.9#4.0#14.0#VAR 907 1 0.435238 0.564762 
 ----> 6.6#11.9#4.0#14.0#VAR 908 0 0.476271 0.523729 
 ----> 6.6#11.9#4.0#14.0#VAR 909 1 0.475505 0.524495 
 ----> 6.6#11.9#4.0#14.0#VAR 910 1 0.4597 0.5403 
 ----> 6.6#11.9#4.0#14.0#VAR 911 1 0.440235 0.559765 
 ----> 6.6#11.9#4.0#14.0#VAR 912 1 0.442406 0.557594 
 ----> 6.6#11.9#4.0#14.0#VAR 913 1 0.441749 0.558251 
 ----> 6.6#11.9#4.0#14.0#VAR 914 1 0.431872 0.568128 
 ----> 6.6#11.9#4.0#14.0#VAR 915 0 0.436829 0.563171 
 ----> 6.6#11.9#4.0#14.0#VAR 916 1 0.397518 0.602482 
 ----> 6.6#11.9#4.0#14.0#VAR 917 1 0.419752 0.580248 
 ----> 6.6#11.9#4.0#14.0#VAR 918 1 0.431699 0.568301 
 ----> 6.6#11.9#4.0#14.0#VAR 919 1 0.416432 0.583568 
 ----> 6.6#11.9#4.0#14.0#VAR 920 1 0.456689 0.543311 
 ----> 6.6#11.9#4.0#14.0#VAR 921 1 0.40114 0.59886 
 ----> 6.6#11.9#4.0#14.0#VAR 922 0 0.478776 0.521224 
 ----> 6.6#11.9#4.0#14.0#VAR 923 1 0.428522 0.571478 
 ----> 6.6#11.9#4.0#14.0#VAR 924 0 0.468671 0.531329 
 ----> 6.6#11.9#4.0#14.0#VAR 925 1 0.450209 0.549791 
 ----> 6.6#11.9#4.0#14.0#VAR 926 1 0.438134 0.561866 
 ----> 6.6#11.9#4.0#14.0#VAR 927 1 0.43538 0.56462 
 ----> 6.6#11.9#4.0#14.0#VAR 928 1 0.437621 0.562379 
 ----> 6.6#11.9#4.0#14.0#VAR 929 0 0.433775 0.566225 
 ----> 6.6#11.9#4.0#14.0#VAR 930 1 0.413675 0.586325 
 ----> 6.6#11.9#4.0#14.0#VAR 931 1 0.429904 0.570096 
 ----> 6.6#11.9#4.0#14.0#VAR 932 0 0.446252 0.553748 
 ----> 6.6#11.9#4.0#14.0#VAR 933 0 0.427041 0.572959 
 ----> 6.6#11.9#4.0#14.0#VAR 934 1 0.428433 0.571567 
 ----> 6.6#11.9#4.0#14.0#VAR 935 1 0.453638 0.546362 
 ----> 6.6#11.9#4.0#14.0#VAR 936 0 0.436013 0.563987 
 ----> 6.6#11.9#4.0#14.0#VAR 937 0 0.456545 0.543455 
 ----> 6.6#11.9#4.0#14.0#VAR 938 1 0.429227 0.570773 
 ----> 6.6#11.9#4.0#14.0#VAR 939 1 0.445606 0.554394 
 ----> 6.6#11.9#4.0#14.0#VAR 940 1 0.455614 0.544386 
 ----> 6.6#11.9#4.0#14.0#VAR 941 1 0.451773 0.548227 
 ----> 6.6#11.9#4.0#14.0#VAR 942 1 0.462606 0.537394 
 ----> 6.6#11.9#4.0#14.0#VAR 943 1 0.437857 0.562143 
 ----> 6.6#11.9#4.0#14.0#VAR 944 0 0.45162 0.54838 
 ----> 6.6#11.9#4.0#14.0#VAR 945 1 0.438135 0.561865 
 ----> 6.6#11.9#4.0#14.0#VAR 946 1 0.41761 0.58239 
 ----> 6.6#11.9#4.0#14.0#VAR 947 1 0.444593 0.555407 
 ----> 6.6#11.9#4.0#14.0#VAR 948 0 0.455121 0.544879 
 ----> 6.6#11.9#4.0#14.0#VAR 949 1 0.451649 0.548351 
 ----> 6.6#11.9#4.0#14.0#VAR 950 1 0.432536 0.567464 
 ----> 6.6#11.9#4.0#14.0#VAR 951 1 0.451463 0.548537 
 ----> 6.6#11.9#4.0#14.0#VAR 952 0 0.457132 0.542868 
 ----> 6.6#11.9#4.0#14.0#VAR 953 1 0.362936 0.637064 
 ----> 6.6#11.9#4.0#14.0#VAR 954 1 0.427505 0.572495 
 ----> 6.6#11.9#4.0#14.0#VAR 955 0 0.430367 0.569633 
 ----> 6.6#11.9#4.0#14.0#VAR 956 0 0.433254 0.566746 
 ----> 6.6#11.9#4.0#14.0#VAR 957 0 0.432792 0.567208 
 ----> 6.6#11.9#4.0#14.0#VAR 958 0 0.460134 0.539866 
 ----> 6.6#11.9#4.0#14.0#VAR 959 1 0.381638 0.618362 
 ----> 6.6#11.9#4.0#14.0#VAR 960 0 0.42047 0.57953 
 ----> 6.6#11.9#4.0#14.0#VAR 961 0 0.447208 0.552792 
 ----> 6.6#11.9#4.0#14.0#VAR 962 0 0.468288 0.531712 
 ----> 6.6#11.9#4.0#14.0#VAR 963 0 0.431535 0.568465 
 ----> 6.6#11.9#4.0#14.0#VAR 964 1 0.453344 0.546656 
 ----> 6.6#11.9#4.0#14.0#VAR 965 0 0.435124 0.564876 
 ----> 6.6#11.9#4.0#14.0#VAR 966 1 0.443357 0.556643 
 ----> 6.6#11.9#4.0#14.0#VAR 967 1 0.429621 0.570379 
 ----> 6.6#11.9#4.0#14.0#VAR 968 1 0.408657 0.591343 
 ----> 6.6#11.9#4.0#14.0#VAR 969 1 0.383028 0.616972 
 ----> 6.6#11.9#4.0#14.0#VAR 970 0 0.461801 0.538199 
 ----> 6.6#11.9#4.0#14.0#VAR 971 1 0.400222 0.599778 
 ----> 6.6#11.9#4.0#14.0#VAR 972 0 0.448739 0.551261 
 ----> 6.6#11.9#4.0#14.0#VAR 973 0 0.475703 0.524297 
 ----> 6.6#11.9#4.0#14.0#VAR 974 1 0.460023 0.539977 
 ----> 6.6#11.9#4.0#14.0#VAR 975 1 0.467945 0.532055 
 ----> 6.6#11.9#4.0#14.0#VAR 976 1 0.386364 0.613636 
 ----> 6.6#11.9#4.0#14.0#VAR 977 1 0.448109 0.551891 
 ----> 6.6#11.9#4.0#14.0#VAR 978 0 0.488773 0.511227 
 ----> 6.6#11.9#4.0#14.0#VAR 979 0 0.421943 0.578057 
 ----> 6.6#11.9#4.0#14.0#VAR 980 1 0.373742 0.626258 
 ----> 6.6#11.9#4.0#14.0#VAR 981 1 0.456979 0.543021 
 ----> 6.6#11.9#4.0#14.0#VAR 982 0 0.488541 0.511459 
 ----> 6.6#11.9#4.0#14.0#VAR 983 1 0.426024 0.573976 
 ----> 6.6#11.9#4.0#14.0#VAR 984 1 0.407806 0.592194 
 ----> 6.6#11.9#4.0#14.0#VAR 985 0 0.495093 0.504907 
 ----> 6.6#11.9#4.0#14.0#VAR 986 1 0.417084 0.582916 
 ----> 6.6#11.9#4.0#14.0#VAR 987 1 0.482606 0.517394 
 ----> 6.6#11.9#4.0#14.0#VAR 988 1 0.415812 0.584188 
 ----> 6.6#11.9#4.0#14.0#VAR 989 0 0.469765 0.530235 
 ----> 6.6#11.9#4.0#14.0#VAR 990 0 0.465116 0.534884 
 ----> 6.6#11.9#4.0#14.0#VAR 991 1 0.434911 0.565089 
 ----> 6.6#11.9#4.0#14.0#VAR 992 1 0.460161 0.539839 
 ----> 6.6#11.9#4.0#14.0#VAR 993 1 0.476189 0.523811 
 ----> 6.6#11.9#4.0#14.0#VAR 994 0 0.468088 0.531912 
 ----> 6.6#11.9#4.0#14.0#VAR 995 1 0.417887 0.582113 
 ----> 6.6#11.9#4.0#14.0#VAR 996 0 0.468428 0.531572 
 ----> 6.6#11.9#4.0#14.0#VAR 997 1 0.404911 0.595089 
 ----> 6.6#11.9#4.0#14.0#VAR 998 0 0.47724 0.52276 
 ----> 6.6#11.9#4.0#14.0#VAR 999 1 0.408083 0.591917 
 ----> 6.6#11.9#4.0#14.0#VAR 1000 1 0.428735 0.571265 
 ----> 6.6#11.9#4.0#14.0#VAR 1001 1 0.454077 0.545923 
 ----> 6.6#11.9#4.0#14.0#VAR 1002 0 0.461203 0.538797 
 ----> 6.6#11.9#4.0#14.0#VAR 1003 1 0.430022 0.569978 
 ----> 6.6#11.9#4.0#14.0#VAR 1004 1 0.438062 0.561938 
 ----> 6.6#11.9#4.0#14.0#VAR 1005 0 0.448564 0.551436 
 ----> 6.6#11.9#4.0#14.0#VAR 1006 1 0.438854 0.561146 
 ----> 6.6#11.9#4.0#14.0#VAR 1007 1 0.472513 0.527487 
 ----> 6.6#11.9#4.0#14.0#VAR 1008 0 0.442219 0.557781 
 ----> 6.6#11.9#4.0#14.0#VAR 1009 0 0.454023 0.545977 
 ----> 6.6#11.9#4.0#14.0#VAR 1010 1 0.46657 0.53343 
 ----> 6.6#11.9#4.0#14.0#VAR 1011 1 0.456515 0.543485 
 ----> 6.6#11.9#4.0#14.0#VAR 1012 1 0.423524 0.576476 
 ----> 6.6#11.9#4.0#14.0#VAR 1013 1 0.448538 0.551462 
 ----> 6.6#11.9#4.0#14.0#VAR 1014 0 0.50373 0.49627 
 ----> 6.6#11.9#4.0#14.0#VAR 1015 1 0.459884 0.540116 
 ----> 6.6#11.9#4.0#14.0#VAR 1016 0 0.460366 0.539634 
 ----> 6.6#11.9#4.0#14.0#VAR 1017 1 0.466065 0.533935 
 ----> 6.6#11.9#4.0#14.0#VAR 1018 1 0.45093 0.54907 
 ----> 6.6#11.9#4.0#14.0#VAR 1019 1 0.456918 0.543082 
 ----> 6.6#11.9#4.0#14.0#VAR 1020 0 0.476306 0.523694 
 ----> 6.6#11.9#4.0#14.0#VAR 1021 1 0.444957 0.555043 
 ----> 6.6#11.9#4.0#14.0#VAR 1022 1 0.410548 0.589452 
 ----> 6.6#11.9#4.0#14.0#VAR 1023 1 0.411022 0.588978 
 ----> 6.6#11.9#4.0#14.0#VAR 1024 0 0.452666 0.547334 
 ----> 6.6#11.9#4.0#14.0#VAR 1025 1 0.434573 0.565427 
 ----> 6.6#11.9#4.0#14.0#VAR 1026 1 0.457315 0.542685 
 ----> 6.6#11.9#4.0#14.0#VAR 1027 0 0.460216 0.539784 
 ----> 6.6#11.9#4.0#14.0#VAR 1028 0 0.466156 0.533844 
 ----> 6.6#11.9#4.0#14.0#VAR 1029 0 0.420398 0.579602 
 ----> 6.6#11.9#4.0#14.0#VAR 1030 1 0.419781 0.580219 
 ----> 6.6#11.9#4.0#14.0#VAR 1031 1 0.396172 0.603828 
 ----> 6.6#11.9#4.0#14.0#VAR 1032 0 0.442743 0.557257 
 ----> 6.6#11.9#4.0#14.0#VAR 1033 1 0.441459 0.558541 
 ----> 6.6#11.9#4.0#14.0#VAR 1034 1 0.39234 0.60766 
 ----> 6.6#11.9#4.0#14.0#VAR 1035 1 0.436608 0.563392 
 ----> 6.6#11.9#4.0#14.0#VAR 1036 1 0.440969 0.559031 
 ----> 6.6#11.9#4.0#14.0#VAR 1037 1 0.410758 0.589242 
 ----> 6.6#11.9#4.0#14.0#VAR 1038 1 0.471309 0.528691 
 ----> 6.6#11.9#4.0#14.0#VAR 1039 1 0.443002 0.556998 
 ----> 6.6#11.9#4.0#14.0#VAR 1040 0 0.460351 0.539649 
 ----> 6.6#11.9#4.0#14.0#VAR 1041 1 0.400858 0.599142 
 ----> 6.6#11.9#4.0#14.0#VAR 1042 1 0.430439 0.569561 
 ----> 6.6#11.9#4.0#14.0#VAR 1043 1 0.427117 0.572883 
 ----> 6.6#11.9#4.0#14.0#VAR 1044 1 0.445542 0.554458 
 ----> 6.6#11.9#4.0#14.0#VAR 1045 1 0.408355 0.591645 
 ----> 6.6#11.9#4.0#14.0#VAR 1046 0 0.460117 0.539883 
 ----> 6.6#11.9#4.0#14.0#VAR 1047 1 0.414382 0.585618 
 ----> 6.6#11.9#4.0#14.0#VAR 1048 1 0.442016 0.557984 
 ----> 6.6#11.9#4.0#14.0#VAR 1049 0 0.438937 0.561063 
 ----> 6.6#11.9#4.0#14.0#VAR 1050 0 0.448365 0.551635 
 ----> 6.6#11.9#4.0#14.0#VAR 1051 1 0.45514 0.54486 
 ----> 6.6#11.9#4.0#14.0#VAR 1052 0 0.448513 0.551487 
 ----> 6.6#11.9#4.0#14.0#VAR 1053 1 0.413397 0.586603 
 ----> 6.6#11.9#4.0#14.0#VAR 1054 0 0.454313 0.545687 
 ----> 6.6#11.9#4.0#14.0#VAR 1055 0 0.452902 0.547098 
 ----> 6.6#11.9#4.0#14.0#VAR 1056 0 0.446538 0.553462 
 ----> 6.6#11.9#4.0#14.0#VAR 1057 1 0.449273 0.550727 
 ----> 6.6#11.9#4.0#14.0#VAR 1058 0 0.44608 0.55392 
 ----> 6.6#11.9#4.0#14.0#VAR 1059 1 0.441569 0.558431 
 ----> 6.6#11.9#4.0#14.0#VAR 1060 1 0.422849 0.577151 
 ----> 6.6#11.9#4.0#14.0#VAR 1061 0 0.416515 0.583485 
 ----> 6.6#11.9#4.0#14.0#VAR 1062 1 0.412304 0.587696 
 ----> 6.6#11.9#4.0#14.0#VAR 1063 1 0.381546 0.618454 
 ----> 6.6#11.9#4.0#14.0#VAR 1064 0 0.436584 0.563416 
 ----> 6.6#11.9#4.0#14.0#VAR 1065 1 0.433894 0.566106 
 ----> 6.6#11.9#4.0#14.0#VAR 1066 1 0.42492 0.57508 
 ----> 6.6#11.9#4.0#14.0#VAR 1067 1 0.423227 0.576773 
 ----> 6.6#11.9#4.0#14.0#VAR 1068 0 0.437356 0.562644 
 ----> 6.6#11.9#4.0#14.0#VAR 1069 1 0.473091 0.526909 
 ----> 6.6#11.9#4.0#14.0#VAR 1070 1 0.474411 0.525589 
 ----> 6.6#11.9#4.0#14.0#VAR 1071 0 0.465269 0.534731 
 ----> 6.6#11.9#4.0#14.0#VAR 1072 0 0.461387 0.538613 
 ----> 6.6#11.9#4.0#14.0#VAR 1073 0 0.466313 0.533687 
 ----> 6.6#11.9#4.0#14.0#VAR 1074 0 0.445649 0.554351 
 ----> 6.6#11.9#4.0#14.0#VAR 1075 0 0.493407 0.506593 
 ----> 6.6#11.9#4.0#14.0#VAR 1076 1 0.47832 0.52168 
 ----> 6.6#11.9#4.0#14.0#VAR 1077 1 0.455241 0.544759 
 ----> 6.6#11.9#4.0#14.0#VAR 1078 0 0.490877 0.509123 
 ----> 6.6#11.9#4.0#14.0#VAR 1079 1 0.453474 0.546526 
 ----> 6.6#11.9#4.0#14.0#VAR 1080 0 0.466995 0.533005 
 ----> 6.6#11.9#4.0#14.0#VAR 1081 0 0.486749 0.513251 
 ----> 6.6#11.9#4.0#14.0#VAR 1082 1 0.405357 0.594643 
 ----> 6.6#11.9#4.0#14.0#VAR 1083 0 0.468701 0.531299 
 ----> 6.6#11.9#4.0#14.0#VAR 1084 1 0.457689 0.542311 
 ----> 6.6#11.9#4.0#14.0#VAR 1085 1 0.430371 0.569629 
 ----> 6.6#11.9#4.0#14.0#VAR 1086 0 0.481995 0.518005 
 ----> 6.6#11.9#4.0#14.0#VAR 1087 1 0.453781 0.546219 
 ----> 6.6#11.9#4.0#14.0#VAR 1088 0 0.480342 0.519658 
 ----> 6.6#11.9#4.0#14.0#VAR 1089 1 0.429624 0.570376 
 ----> 6.6#11.9#4.0#14.0#VAR 1090 0 0.461097 0.538903 
 ----> 6.6#11.9#4.0#14.0#VAR 1091 1 0.436117 0.563883 
 ----> 6.6#11.9#4.0#14.0#VAR 1092 1 0.414827 0.585173 
 ----> 6.6#11.9#4.0#14.0#VAR 1093 0 0.450089 0.549911 
 ----> 6.6#11.9#4.0#14.0#VAR 1094 1 0.446803 0.553197 
 ----> 6.6#11.9#4.0#14.0#VAR 1095 1 0.465163 0.534837 
 ----> 6.6#11.9#4.0#14.0#VAR 1096 1 0.435331 0.564669 
 ----> 6.6#11.9#4.0#14.0#VAR 1097 1 0.428727 0.571273 
 ----> 6.6#11.9#4.0#14.0#VAR 1098 1 0.459926 0.540074 
 ----> 6.6#11.9#4.0#14.0#VAR 1099 0 0.46316 0.53684 
 ----> 6.6#11.9#4.0#14.0#VAR 1100 0 0.484014 0.515986 
 ----> 6.6#11.9#4.0#14.0#VAR 1101 0 0.50747 0.49253 
 ----> 6.6#11.9#4.0#14.0#VAR 1102 0 0.451844 0.548156 
 ----> 6.6#11.9#4.0#14.0#VAR 1103 1 0.448871 0.551129 
 ----> 6.6#11.9#4.0#14.0#VAR 1104 0 0.495299 0.504701 
 ----> 6.6#11.9#4.0#14.0#VAR 1105 0 0.507325 0.492675 
 ----> 6.6#11.9#4.0#14.0#VAR 1106 1 0.408126 0.591874 
 ----> 6.6#11.9#4.0#14.0#VAR 1107 1 0.402533 0.597467 
 ----> 6.6#11.9#4.0#14.0#VAR 1108 0 0.463641 0.536359 
 ----> 6.6#11.9#4.0#14.0#VAR 1109 1 0.416966 0.583034 
 ----> 6.6#11.9#4.0#14.0#VAR 1110 1 0.482976 0.517024 
 ----> 6.6#11.9#4.0#14.0#VAR 1111 0 0.471239 0.528761 
 ----> 6.6#11.9#4.0#14.0#VAR 1112 1 0.415851 0.584149 
 ----> 6.6#11.9#4.0#14.0#VAR 1113 1 0.501627 0.498373 
 ----> 6.6#11.9#4.0#14.0#VAR 1114 1 0.46113 0.53887 
 ----> 6.6#11.9#4.0#14.0#VAR 1115 0 0.49681 0.50319 
 ----> 6.6#11.9#4.0#14.0#VAR 1116 1 0.471206 0.528794 
 ----> 6.6#11.9#4.0#14.0#VAR 1117 0 0.518883 0.481117 
 ----> 6.6#11.9#4.0#14.0#VAR 1118 0 0.497727 0.502273 
 ----> 6.6#11.9#4.0#14.0#VAR 1119 1 0.479899 0.520101 
 ----> 6.6#11.9#4.0#14.0#VAR 1120 1 0.506033 0.493967 
 ----> 6.6#11.9#4.0#14.0#VAR 1121 1 0.489556 0.510444 
 ----> 6.6#11.9#4.0#14.0#VAR 1122 0 0.476143 0.523857 
 ----> 6.6#11.9#4.0#14.0#VAR 1123 1 0.447026 0.552974 
 ----> 6.6#11.9#4.0#14.0#VAR 1124 1 0.48999 0.51001 
 ----> 6.6#11.9#4.0#14.0#VAR 1125 0 0.478822 0.521178 
 ----> 6.6#11.9#4.0#14.0#VAR 1126 1 0.470704 0.529296 
 ----> 6.6#11.9#4.0#14.0#VAR 1127 0 0.493699 0.506301 
 ----> 6.6#11.9#4.0#14.0#VAR 1128 1 0.435801 0.564199 
 ----> 6.6#11.9#4.0#14.0#VAR 1129 1 0.435808 0.564192 
 ----> 6.6#11.9#4.0#14.0#VAR 1130 0 0.467423 0.532577 
 ----> 6.6#11.9#4.0#14.0#VAR 1131 0 0.46747 0.53253 
 ----> 6.6#11.9#4.0#14.0#VAR 1132 0 0.483847 0.516153 
 ----> 6.6#11.9#4.0#14.0#VAR 1133 0 0.525691 0.474309 
 ----> 6.6#11.9#4.0#14.0#VAR 1134 1 0.452771 0.547229 
 ----> 6.6#11.9#4.0#14.0#VAR 1135 1 0.408648 0.591352 
 ----> 6.6#11.9#4.0#14.0#VAR 1136 1 0.455103 0.544897 
 ----> 6.6#11.9#4.0#14.0#VAR 1137 1 0.477191 0.522809 
 ----> 6.6#11.9#4.0#14.0#VAR 1138 1 0.49188 0.50812 
 ----> 6.6#11.9#4.0#14.0#VAR 1139 1 0.435322 0.564678 
 ----> 6.6#11.9#4.0#14.0#VAR 1140 1 0.445463 0.554537 
 ----> 6.6#11.9#4.0#14.0#VAR 1141 1 0.48487 0.51513 
 ----> 6.6#11.9#4.0#14.0#VAR 1142 1 0.486153 0.513847 
 ----> 6.6#11.9#4.0#14.0#VAR 1143 0 0.469756 0.530244 
 ----> 6.6#11.9#4.0#14.0#VAR 1144 1 0.46332 0.53668 
 ----> 6.6#11.9#4.0#14.0#VAR 1145 1 0.449529 0.550471 
 ----> 6.6#11.9#4.0#14.0#VAR 1146 1 0.434473 0.565527 
 ----> 6.6#11.9#4.0#14.0#VAR 1147 0 0.466695 0.533305 
 ----> 6.6#11.9#4.0#14.0#VAR 1148 0 0.422834 0.577166 
 ----> 6.6#11.9#4.0#14.0#VAR 1149 1 0.48025 0.51975 
 ----> 6.6#11.9#4.0#14.0#VAR 1150 0 0.493848 0.506152 
 ----> 6.6#11.9#4.0#14.0#VAR 1151 1 0.423884 0.576116 
 ----> 6.6#11.9#4.0#14.0#VAR 1152 0 0.492027 0.507973 
 ----> 6.6#11.9#4.0#14.0#VAR 1153 1 0.470859 0.529141 
 ----> 6.6#11.9#4.0#14.0#VAR 1154 1 0.431951 0.568049 
 ----> 6.6#11.9#4.0#14.0#VAR 1155 1 0.452784 0.547216 
 ----> 6.6#11.9#4.0#14.0#VAR 1156 0 0.535659 0.464341 
 ----> 6.6#11.9#4.0#14.0#VAR 1157 1 0.469248 0.530752 
 ----> 6.6#11.9#4.0#14.0#VAR 1158 1 0.467543 0.532457 
 ----> 6.6#11.9#4.0#14.0#VAR 1159 1 0.454676 0.545324 
 ----> 6.6#11.9#4.0#14.0#VAR 1160 0 0.447332 0.552668 
 ----> 6.6#11.9#4.0#14.0#VAR 1161 0 0.479277 0.520723 
 ----> 6.6#11.9#4.0#14.0#VAR 1162 1 0.437824 0.562176 
 ----> 6.6#11.9#4.0#14.0#VAR 1163 1 0.493456 0.506544 
 ----> 6.6#11.9#4.0#14.0#VAR 1164 1 0.474413 0.525587 
 ----> 6.6#11.9#4.0#14.0#VAR 1165 1 0.475197 0.524803 
 ----> 6.6#11.9#4.0#14.0#VAR 1166 1 0.44047 0.55953 
 ----> 6.6#11.9#4.0#14.0#VAR 1167 0 0.437135 0.562865 
 ----> 6.6#11.9#4.0#14.0#VAR 1168 0 0.4484 0.5516 
 ----> 6.6#11.9#4.0#14.0#VAR 1169 1 0.424169 0.575831 
 ----> 6.6#11.9#4.0#14.0#VAR 1170 1 0.426322 0.573678 
 ----> 6.6#11.9#4.0#14.0#VAR 1171 0 0.495128 0.504872 
 ----> 6.6#11.9#4.0#14.0#VAR 1172 0 0.495401 0.504599 
 ----> 6.6#11.9#4.0#14.0#VAR 1173 0 0.425382 0.574618 
 ----> 6.6#11.9#4.0#14.0#VAR 1174 0 0.460665 0.539335 
 ----> 6.6#11.9#4.0#14.0#VAR 1175 0 0.442392 0.557608 
 ----> 6.6#11.9#4.0#14.0#VAR 1176 1 0.46085 0.53915 
 ----> 6.6#11.9#4.0#14.0#VAR 1177 1 0.451779 0.548221 
 ----> 6.6#11.9#4.0#14.0#VAR 1178 0 0.469851 0.530149 
 ----> 6.6#11.9#4.0#14.0#VAR 1179 0 0.459415 0.540585 
 ----> 6.6#11.9#4.0#14.0#VAR 1180 1 0.438696 0.561304 
 ----> 6.6#11.9#4.0#14.0#VAR 1181 0 0.430862 0.569138 
 ----> 6.6#11.9#4.0#14.0#VAR 1182 1 0.475668 0.524332 
 ----> 6.6#11.9#4.0#14.0#VAR 1183 1 0.454799 0.545201 
 ----> 6.6#11.9#4.0#14.0#VAR 1184 1 0.443807 0.556193 
 ----> 6.6#11.9#4.0#14.0#VAR 1185 1 0.445956 0.554044 
 ----> 6.6#11.9#4.0#14.0#VAR 1186 1 0.417052 0.582948 
 ----> 6.6#11.9#4.0#14.0#VAR 1187 1 0.435348 0.564652 
 ----> 6.6#11.9#4.0#14.0#VAR 1188 1 0.395727 0.604273 
 ----> 6.6#11.9#4.0#14.0#VAR 1189 1 0.431449 0.568551 
 ----> 6.6#11.9#4.0#14.0#VAR 1190 0 0.49059 0.50941 
 ----> 6.6#11.9#4.0#14.0#VAR 1191 1 0.476208 0.523792 
 ----> 6.6#11.9#4.0#14.0#VAR 1192 1 0.434224 0.565776 
 ----> 6.6#11.9#4.0#14.0#VAR 1193 0 0.424902 0.575098 
 ----> 6.6#11.9#4.0#14.0#VAR 1194 1 0.421193 0.578807 
 ----> 6.6#11.9#4.0#14.0#VAR 1195 1 0.422628 0.577372 
 ----> 6.6#11.9#4.0#14.0#VAR 1196 1 0.467135 0.532865 
 ----> 6.6#11.9#4.0#14.0#VAR 1197 1 0.392474 0.607526 
 ----> 6.6#11.9#4.0#14.0#VAR 1198 0 0.484997 0.515003 
 ----> 6.6#11.9#4.0#14.0#VAR 1199 0 0.468109 0.531891 
 ----> 6.6#11.9#4.0#14.0#VAR 1200 0 0.472192 0.527808 
 ----> 6.6#11.9#4.0#14.0#VAR 1201 0 0.444444 0.555556 
 ----> 6.6#11.9#4.0#14.0#VAR 1202 0 0.466665 0.533335 
 ----> 6.6#11.9#4.0#14.0#VAR 1203 1 0.46306 0.53694 
 ----> 6.6#11.9#4.0#14.0#VAR 1204 0 0.475827 0.524173 
 ----> 6.6#11.9#4.0#14.0#VAR 1205 0 0.498187 0.501813 
 ----> 6.6#11.9#4.0#14.0#VAR 1206 1 0.451188 0.548812 
 ----> 6.6#11.9#4.0#14.0#VAR 1207 1 0.43968 0.56032 
 ----> 6.6#11.9#4.0#14.0#VAR 1208 1 0.451357 0.548643 
 ----> 6.6#11.9#4.0#14.0#VAR 1209 0 0.470631 0.529369 
 ----> 6.6#11.9#4.0#14.0#VAR 1210 0 0.500879 0.499121 
 ----> 6.6#11.9#4.0#14.0#VAR 1211 1 0.438707 0.561293 
 ----> 6.6#11.9#4.0#14.0#VAR 1212 1 0.448725 0.551275 
 ----> 6.6#11.9#4.0#14.0#VAR 1213 1 0.455845 0.544155 
 ----> 6.6#11.9#4.0#14.0#VAR 1214 0 0.445342 0.554658 
 ----> 6.6#11.9#4.0#14.0#VAR 1215 1 0.484041 0.515959 
 ----> 6.6#11.9#4.0#14.0#VAR 1216 1 0.427338 0.572662 
 ----> 6.6#11.9#4.0#14.0#VAR 1217 0 0.468734 0.531266 
 ----> 6.6#11.9#4.0#14.0#VAR 1218 0 0.493814 0.506186 
 ----> 6.6#11.9#4.0#14.0#VAR 1219 1 0.476134 0.523866 
 ----> 6.6#11.9#4.0#14.0#VAR 1220 0 0.550067 0.449933 
 ----> 6.6#11.9#4.0#14.0#VAR 1221 0 0.497577 0.502423 
 ----> 6.6#11.9#4.0#14.0#VAR 1222 1 0.489192 0.510808 
 ----> 6.6#11.9#4.0#14.0#VAR 1223 0 0.521658 0.478342 
 ----> 6.6#11.9#4.0#14.0#VAR 1224 1 0.469783 0.530217 
 ----> 6.6#11.9#4.0#14.0#VAR 1225 1 0.494448 0.505552 
 ----> 6.6#11.9#4.0#14.0#VAR 1226 0 0.541045 0.458955 
 ----> 6.6#11.9#4.0#14.0#VAR 1227 0 0.489148 0.510852 
 ----> 6.6#11.9#4.0#14.0#VAR 1228 0 0.487033 0.512967 
 ----> 6.6#11.9#4.0#14.0#VAR 1229 1 0.469417 0.530583 
 ----> 6.6#11.9#4.0#14.0#VAR 1230 1 0.440077 0.559923 
 ----> 6.6#11.9#4.0#14.0#VAR 1231 1 0.466882 0.533118 
 ----> 6.6#11.9#4.0#14.0#VAR 1232 1 0.510538 0.489462 
 ----> 6.6#11.9#4.0#14.0#VAR 1233 0 0.448841 0.551159 
 ----> 6.6#11.9#4.0#14.0#VAR 1234 0 0.473138 0.526862 
 ----> 6.6#11.9#4.0#14.0#VAR 1235 1 0.467661 0.532339 
 ----> 6.6#11.9#4.0#14.0#VAR 1236 1 0.48581 0.51419 
 ----> 6.6#11.9#4.0#14.0#VAR 1237 0 0.490181 0.509819 
 ----> 6.6#11.9#4.0#14.0#VAR 1238 1 0.473328 0.526672 
 ----> 6.6#11.9#4.0#14.0#VAR 1239 0 0.45565 0.54435 
 ----> 6.6#11.9#4.0#14.0#VAR 1240 1 0.442441 0.557559 
 ----> 6.6#11.9#4.0#14.0#VAR 1241 0 0.444283 0.555717 
 ----> 6.6#11.9#4.0#14.0#VAR 1242 0 0.489514 0.510486 
 ----> 6.6#11.9#4.0#14.0#VAR 1243 0 0.49131 0.50869 
 ----> 6.6#11.9#4.0#14.0#VAR 1244 0 0.488139 0.511861 
 ----> 6.6#11.9#4.0#14.0#VAR 1245 1 0.455129 0.544871 
 ----> 6.6#11.9#4.0#14.0#VAR 1246 1 0.44407 0.55593 
 ----> 6.6#11.9#4.0#14.0#VAR 1247 1 0.457009 0.542991 
 ----> 6.6#11.9#4.0#14.0#VAR 1248 1 0.491295 0.508705 
 ----> 6.6#11.9#4.0#14.0#VAR 1249 1 0.451761 0.548239 
 ----> 6.6#11.9#4.0#14.0#VAR 1250 1 0.452117 0.547883 
 ----> 6.6#11.9#4.0#14.0#VAR 1251 1 0.449278 0.550722 
 ----> 6.6#11.9#4.0#14.0#VAR 1252 0 0.489092 0.510908 
 ----> 6.6#11.9#4.0#14.0#VAR 1253 1 0.47582 0.52418 
 ----> 6.6#11.9#4.0#14.0#VAR 1254 0 0.511204 0.488796 
 ----> 6.6#11.9#4.0#14.0#VAR 1255 1 0.484026 0.515974 
 ----> 6.6#11.9#4.0#14.0#VAR 1256 1 0.441683 0.558317 
 ----> 6.6#11.9#4.0#14.0#VAR 1257 1 0.460316 0.539684 
 ----> 6.6#11.9#4.0#14.0#VAR 1258 0 0.492651 0.507349 
 ----> 6.6#11.9#4.0#14.0#VAR 1259 0 0.512764 0.487236 
 ----> 6.6#11.9#4.0#14.0#VAR 1260 0 0.423382 0.576618 
 ----> 6.6#11.9#4.0#14.0#VAR 1261 0 0.431598 0.568402 
 ----> 6.6#11.9#4.0#14.0#VAR 1262 1 0.471642 0.528358 
 ----> 6.6#11.9#4.0#14.0#VAR 1263 0 0.479957 0.520043 
 ----> 6.6#11.9#4.0#14.0#VAR 1264 0 0.521609 0.478391 
 ----> 6.6#11.9#4.0#14.0#VAR 1265 1 0.476781 0.523219 
 ----> 6.6#11.9#4.0#14.0#VAR 1266 0 0.490463 0.509537 
 ----> 6.6#11.9#4.0#14.0#VAR 1267 0 0.558692 0.441308 
 ----> 6.6#11.9#4.0#14.0#VAR 1268 0 0.51428 0.48572 
 ----> 6.6#11.9#4.0#14.0#VAR 1269 1 0.436017 0.563983 
 ----> 6.6#11.9#4.0#14.0#VAR 1270 1 0.455359 0.544641 
 ----> 6.6#11.9#4.0#14.0#VAR 1271 0 0.503502 0.496498 
 ----> 6.6#11.9#4.0#14.0#VAR 1272 0 0.477605 0.522395 
 ----> 6.6#11.9#4.0#14.0#VAR 1273 0 0.478492 0.521508 
 ----> 6.6#11.9#4.0#14.0#VAR 1274 1 0.444847 0.555153 
 ----> 6.6#11.9#4.0#14.0#VAR 1275 1 0.473578 0.526422 
 ----> 6.6#11.9#4.0#14.0#VAR 1276 0 0.502868 0.497132 
 ----> 6.6#11.9#4.0#14.0#VAR 1277 1 0.430097 0.569903 
 ----> 6.6#11.9#4.0#14.0#VAR 1278 1 0.470041 0.529959 
 ----> 6.6#11.9#4.0#14.0#VAR 1279 1 0.464321 0.535679 
 ----> 6.6#11.9#4.0#14.0#VAR 1280 1 0.428723 0.571277 
 ----> 6.6#11.9#4.0#14.0#VAR 1281 1 0.445966 0.554034 
 ----> 6.6#11.9#4.0#14.0#VAR 1282 1 0.400006 0.599994 
 ----> 6.6#11.9#4.0#14.0#VAR 1283 0 0.473512 0.526488 
 ----> 6.6#11.9#4.0#14.0#VAR 1284 1 0.439099 0.560901 
 ----> 6.6#11.9#4.0#14.0#VAR 1285 0 0.498586 0.501414 
 ----> 6.6#11.9#4.0#14.0#VAR 1286 1 0.442989 0.557011 
 ----> 6.6#11.9#4.0#14.0#VAR 1287 1 0.455437 0.544563 
 ----> 6.6#11.9#4.0#14.0#VAR 1288 1 0.446947 0.553053 
 ----> 6.6#11.9#4.0#14.0#VAR 1289 1 0.444318 0.555682 
 ----> 6.6#11.9#4.0#14.0#VAR 1290 1 0.41681 0.58319 
 ----> 6.6#11.9#4.0#14.0#VAR 1291 1 0.420968 0.579032 
 ----> 6.6#11.9#4.0#14.0#VAR 1292 0 0.466185 0.533815 
 ----> 6.6#11.9#4.0#14.0#VAR 1293 1 0.422677 0.577323 
 ----> 6.6#11.9#4.0#14.0#VAR 1294 1 0.43223 0.56777 
 ----> 6.6#11.9#4.0#14.0#VAR 1295 0 0.460965 0.539035 
 ----> 6.6#11.9#4.0#14.0#VAR 1296 1 0.445255 0.554745 
 ----> 6.6#11.9#4.0#14.0#VAR 1297 1 0.413578 0.586422 
 ----> 6.6#11.9#4.0#14.0#VAR 1298 1 0.449032 0.550968 
 ----> 6.6#11.9#4.0#14.0#VAR 1299 1 0.449658 0.550342 
 ----> 6.6#11.9#4.0#14.0#VAR 1300 0 0.451036 0.548964 
 ----> 6.6#11.9#4.0#14.0#VAR 1301 1 0.425219 0.574781 
 ----> 6.6#11.9#4.0#14.0#VAR 1302 1 0.43335 0.56665 
 ----> 6.6#11.9#4.0#14.0#VAR 1303 1 0.440866 0.559134 
 ----> 6.6#11.9#4.0#14.0#VAR 1304 1 0.441477 0.558523 
 ----> 6.6#11.9#4.0#14.0#VAR 1305 1 0.466084 0.533916 
 ----> 6.6#11.9#4.0#14.0#VAR 1306 0 0.443559 0.556441 
 ----> 6.6#11.9#4.0#14.0#VAR 1307 0 0.516946 0.483054 
 ----> 6.6#11.9#4.0#14.0#VAR 1308 1 0.404341 0.595659 
 ----> 6.6#11.9#4.0#14.0#VAR 1309 0 0.451185 0.548815 
 ----> 6.6#11.9#4.0#14.0#VAR 1310 1 0.457179 0.542821 
 ----> 6.6#11.9#4.0#14.0#VAR 1311 1 0.462705 0.537295 
 ----> 6.6#11.9#4.0#14.0#VAR 1312 1 0.482388 0.517612 
 ----> 6.6#11.9#4.0#14.0#VAR 1313 1 0.478145 0.521855 
 ----> 6.6#11.9#4.0#14.0#VAR 1314 0 0.426159 0.573841 
 ----> 6.6#11.9#4.0#14.0#VAR 1315 0 0.458279 0.541721 
 ----> 6.6#11.9#4.0#14.0#VAR 1316 0 0.448098 0.551902 
 ----> 6.6#11.9#4.0#14.0#VAR 1317 1 0.471934 0.528066 
 ----> 6.6#11.9#4.0#14.0#VAR 1318 1 0.464115 0.535885 
 ----> 6.6#11.9#4.0#14.0#VAR 1319 1 0.452423 0.547577 
 ----> 6.6#11.9#4.0#14.0#VAR 1320 0 0.48635 0.51365 
 ----> 6.6#11.9#4.0#14.0#VAR 1321 1 0.478499 0.521501 
 ----> 6.6#11.9#4.0#14.0#VAR 1322 0 0.519559 0.480441 
 ----> 6.6#11.9#4.0#14.0#VAR 1323 1 0.433775 0.566225 
 ----> 6.6#11.9#4.0#14.0#VAR 1324 0 0.487109 0.512891 
 ----> 6.6#11.9#4.0#14.0#VAR 1325 0 0.479519 0.520481 
 ----> 6.6#11.9#4.0#14.0#VAR 1326 0 0.482591 0.517409 
 ----> 6.6#11.9#4.0#14.0#VAR 1327 0 0.509929 0.490071 
 ----> 6.6#11.9#4.0#14.0#VAR 1328 0 0.541959 0.458041 
 ----> 6.6#11.9#4.0#14.0#VAR 1329 0 0.482147 0.517853 
 ----> 6.6#11.9#4.0#14.0#VAR 1330 0 0.515797 0.484203 
 ----> 6.6#11.9#4.0#14.0#VAR 1331 1 0.432469 0.567531 
 ----> 6.6#11.9#4.0#14.0#VAR 1332 0 0.491846 0.508154 
 ----> 6.6#11.9#4.0#14.0#VAR 1333 1 0.476116 0.523884 
 ----> 6.6#11.9#4.0#14.0#VAR 1334 0 0.487314 0.512686 
 ----> 6.6#11.9#4.0#14.0#VAR 1335 1 0.511517 0.488483 
 ----> 6.6#11.9#4.0#14.0#VAR 1336 0 0.525472 0.474528 
 ----> 6.6#11.9#4.0#14.0#VAR 1337 1 0.44707 0.55293 
 ----> 6.6#11.9#4.0#14.0#VAR 1338 1 0.449098 0.550902 
 ----> 6.6#11.9#4.0#14.0#VAR 1339 1 0.475051 0.524949 
 ----> 6.6#11.9#4.0#14.0#VAR 1340 1 0.430943 0.569057 
 ----> 6.6#11.9#4.0#14.0#VAR 1341 1 0.428596 0.571404 
 ----> 6.6#11.9#4.0#14.0#VAR 1342 1 0.439719 0.560281 
 ----> 6.6#11.9#4.0#14.0#VAR 1343 1 0.448553 0.551447 
 ----> 6.6#11.9#4.0#14.0#VAR 1344 0 0.527945 0.472055 
 ----> 6.6#11.9#4.0#14.0#VAR 1345 0 0.528957 0.471043 
 ----> 6.6#11.9#4.0#14.0#VAR 1346 0 0.511279 0.488721 
 ----> 6.6#11.9#4.0#14.0#VAR 1347 1 0.437587 0.562413 
 ----> 6.6#11.9#4.0#14.0#VAR 1348 0 0.518993 0.481007 
 ----> 6.6#11.9#4.0#14.0#VAR 1349 0 0.4906 0.5094 
 ----> 6.6#11.9#4.0#14.0#VAR 1350 1 0.461678 0.538322 
 ----> 6.6#11.9#4.0#14.0#VAR 1351 0 0.534035 0.465965 
 ----> 6.6#11.9#4.0#14.0#VAR 1352 0 0.482029 0.517971 
 ----> 6.6#11.9#4.0#14.0#VAR 1353 1 0.448884 0.551116 
 ----> 6.6#11.9#4.0#14.0#VAR 1354 1 0.42011 0.57989 
 ----> 6.6#11.9#4.0#14.0#VAR 1355 1 0.431404 0.568596 
 ----> 6.6#11.9#4.0#14.0#VAR 1356 0 0.501698 0.498302 
 ----> 6.6#11.9#4.0#14.0#VAR 1357 1 0.424236 0.575764 
 ----> 6.6#11.9#4.0#14.0#VAR 1358 0 0.534378 0.465622 
 ----> 6.6#11.9#4.0#14.0#VAR 1359 1 0.448711 0.551289 
 ----> 6.6#11.9#4.0#14.0#VAR 1360 0 0.481149 0.518851 
 ----> 6.6#11.9#4.0#14.0#VAR 1361 1 0.471394 0.528606 
 ----> 6.6#11.9#4.0#14.0#VAR 1362 0 0.486631 0.513369 
 ----> 6.6#11.9#4.0#14.0#VAR 1363 0 0.491307 0.508693 
 ----> 6.6#11.9#4.0#14.0#VAR 1364 1 0.457147 0.542853 
 ----> 6.6#11.9#4.0#14.0#VAR 1365 0 0.465103 0.534897 
 ----> 6.6#11.9#4.0#14.0#VAR 1366 1 0.389719 0.610281 
 ----> 6.6#11.9#4.0#14.0#VAR 1367 0 0.53025 0.46975 
 ----> 6.6#11.9#4.0#14.0#VAR 1368 0 0.513974 0.486026 
 ----> 6.6#11.9#4.0#14.0#VAR 1369 1 0.466864 0.533136 
 ----> 6.6#11.9#4.0#14.0#VAR 1370 1 0.447718 0.552282 
 ----> 6.6#11.9#4.0#14.0#VAR 1371 1 0.506965 0.493035 
 ----> 6.6#11.9#4.0#14.0#VAR 1372 0 0.525144 0.474856 
 ----> 6.6#11.9#4.0#14.0#VAR 1373 1 0.453054 0.546946 
 ----> 6.6#11.9#4.0#14.0#VAR 1374 0 0.473434 0.526566 
 ----> 6.6#11.9#4.0#14.0#VAR 1375 0 0.546988 0.453012 
 ----> 6.6#11.9#4.0#14.0#VAR 1376 1 0.481916 0.518084 
 ----> 6.6#11.9#4.0#14.0#VAR 1377 0 0.511807 0.488193 
 ----> 6.6#11.9#4.0#14.0#VAR 1378 0 0.504927 0.495073 
 ----> 6.6#11.9#4.0#14.0#VAR 1379 0 0.455894 0.544106 
 ----> 6.6#11.9#4.0#14.0#VAR 1380 0 0.485654 0.514346 
 ----> 6.6#11.9#4.0#14.0#VAR 1381 0 0.493859 0.506141 
 ----> 6.6#11.9#4.0#14.0#VAR 1382 1 0.453081 0.546919 
 ----> 6.6#11.9#4.0#14.0#VAR 1383 1 0.461643 0.538357 
 ----> 6.6#11.9#4.0#14.0#VAR 1384 1 0.493744 0.506256 
 ----> 6.6#11.9#4.0#14.0#VAR 1385 1 0.455126 0.544874 
 ----> 6.6#11.9#4.0#14.0#VAR 1386 1 0.452829 0.547171 
 ----> 6.6#11.9#4.0#14.0#VAR 1387 0 0.496281 0.503719 
 ----> 6.6#11.9#4.0#14.0#VAR 1388 1 0.479303 0.520697 
 ----> 6.6#11.9#4.0#14.0#VAR 1389 0 0.506153 0.493847 
 ----> 6.6#11.9#4.0#14.0#VAR 1390 1 0.476556 0.523444 
 ----> 6.6#11.9#4.0#14.0#VAR 1391 1 0.459705 0.540295 
 ----> 6.6#11.9#4.0#14.0#VAR 1392 1 0.445643 0.554357 
 ----> 6.6#11.9#4.0#14.0#VAR 1393 1 0.438544 0.561456 
 ----> 6.6#11.9#4.0#14.0#VAR 1394 0 0.485985 0.514015 
 ----> 6.6#11.9#4.0#14.0#VAR 1395 0 0.491928 0.508072 
 ----> 6.6#11.9#4.0#14.0#VAR 1396 1 0.466144 0.533856 
 ----> 6.6#11.9#4.0#14.0#VAR 1397 0 0.488937 0.511063 
 ----> 6.6#11.9#4.0#14.0#VAR 1398 0 0.540646 0.459354 
 ----> 6.6#11.9#4.0#14.0#VAR 1399 0 0.550636 0.449364 
 ----> 6.6#11.9#4.0#14.0#VAR 1400 0 0.520857 0.479143 
 ----> 6.6#11.9#4.0#14.0#VAR 1401 0 0.523485 0.476515 
 ----> 6.6#11.9#4.0#14.0#VAR 1402 0 0.55655 0.44345 
 ----> 6.6#11.9#4.0#14.0#VAR 1403 0 0.51477 0.48523 
 ----> 6.6#11.9#4.0#14.0#VAR 1404 1 0.443384 0.556616 
 ----> 6.6#11.9#4.0#14.0#VAR 1405 0 0.542748 0.457252 
 ----> 6.6#11.9#4.0#14.0#VAR 1406 0 0.534619 0.465381 
 ----> 6.6#11.9#4.0#14.0#VAR 1407 0 0.488363 0.511637 
 ----> 6.6#11.9#4.0#14.0#VAR 1408 0 0.491019 0.508981 
 ----> 6.6#11.9#4.0#14.0#VAR 1409 0 0.484625 0.515375 
 ----> 6.6#11.9#4.0#14.0#VAR 1410 1 0.474859 0.525141 
 ----> 6.6#11.9#4.0#14.0#VAR 1411 0 0.511174 0.488826 
 ----> 6.6#11.9#4.0#14.0#VAR 1412 0 0.478074 0.521926 
 ----> 6.6#11.9#4.0#14.0#VAR 1413 1 0.489578 0.510422 
 ----> 6.6#11.9#4.0#14.0#VAR 1414 0 0.546302 0.453698 
 ----> 6.6#11.9#4.0#14.0#VAR 1415 1 0.487848 0.512152 
 ----> 6.6#11.9#4.0#14.0#VAR 1416 0 0.509393 0.490607 
 ----> 6.6#11.9#4.0#14.0#VAR 1417 1 0.477847 0.522153 
 ----> 6.6#11.9#4.0#14.0#VAR 1418 0 0.524718 0.475282 
 ----> 6.6#11.9#4.0#14.0#VAR 1419 0 0.526288 0.473712 
 ----> 6.6#11.9#4.0#14.0#VAR 1420 0 0.539981 0.460019 
 ----> 6.6#11.9#4.0#14.0#VAR 1421 0 0.545725 0.454275 
 ----> 6.6#11.9#4.0#14.0#VAR 1422 1 0.506915 0.493085 
 ----> 6.6#11.9#4.0#14.0#VAR 1423 0 0.555908 0.444092 
 ----> 6.6#11.9#4.0#14.0#VAR 1424 0 0.480194 0.519806 
 ----> 6.6#11.9#4.0#14.0#VAR 1425 0 0.50372 0.49628 
 ----> 6.6#11.9#4.0#14.0#VAR 1426 0 0.494117 0.505883 
 ----> 6.6#11.9#4.0#14.0#VAR 1427 0 0.488548 0.511452 
 ----> 6.6#11.9#4.0#14.0#VAR 1428 0 0.496946 0.503054 
 ----> 6.6#11.9#4.0#14.0#VAR 1429 1 0.46458 0.53542 
 ----> 6.6#11.9#4.0#14.0#VAR 1430 0 0.485089 0.514911 
 ----> 6.6#11.9#4.0#14.0#VAR 1431 1 0.493664 0.506336 
 ----> 6.6#11.9#4.0#14.0#VAR 1432 0 0.471236 0.528764 
 ----> 6.6#11.9#4.0#14.0#VAR 1433 1 0.448567 0.551433 
 ----> 6.6#11.9#4.0#14.0#VAR 1434 1 0.41938 0.58062 
 ----> 6.6#11.9#4.0#14.0#VAR 1435 0 0.505306 0.494694 
 ----> 6.6#11.9#4.0#14.0#VAR 1436 1 0.474272 0.525728 
 ----> 6.6#11.9#4.0#14.0#VAR 1437 0 0.466053 0.533947 
 ----> 6.6#11.9#4.0#14.0#VAR 1438 0 0.481477 0.518523 
 ----> 6.6#11.9#4.0#14.0#VAR 1439 0 0.52971 0.47029 
 ----> 6.6#11.9#4.0#14.0#VAR 1440 1 0.439737 0.560263 
 ----> 6.6#11.9#4.0#14.0#VAR 1441 1 0.459152 0.540848 
 ----> 6.6#11.9#4.0#14.0#VAR 1442 1 0.442759 0.557241 
 ----> 6.6#11.9#4.0#14.0#VAR 1443 1 0.448378 0.551622 
 ----> 6.6#11.9#4.0#14.0#VAR 1444 0 0.509279 0.490721 
 ----> 6.6#11.9#4.0#14.0#VAR 1445 1 0.516916 0.483084 
 ----> 6.6#11.9#4.0#14.0#VAR 1446 0 0.576012 0.423988 
 ----> 6.6#11.9#4.0#14.0#VAR 1447 1 0.483545 0.516455 
 ----> 6.6#11.9#4.0#14.0#VAR 1448 0 0.515979 0.484021 
 ----> 6.6#11.9#4.0#14.0#VAR 1449 1 0.521874 0.478126 
 ----> 6.6#11.9#4.0#14.0#VAR 1450 1 0.461686 0.538314 
 ----> 6.6#11.9#4.0#14.0#VAR 1451 0 0.537215 0.462785 
 ----> 6.6#11.9#4.0#14.0#VAR 1452 0 0.557779 0.442221 
 ----> 6.6#11.9#4.0#14.0#VAR 1453 1 0.489938 0.510062 
 ----> 6.6#11.9#4.0#14.0#VAR 1454 1 0.473922 0.526078 
 ----> 6.6#11.9#4.0#14.0#VAR 1455 1 0.458995 0.541005 
 ----> 6.6#11.9#4.0#14.0#VAR 1456 0 0.479177 0.520823 
 ----> 6.6#11.9#4.0#14.0#VAR 1457 1 0.510804 0.489196 
 ----> 6.6#11.9#4.0#14.0#VAR 1458 1 0.462199 0.537801 
 ----> 6.6#11.9#4.0#14.0#VAR 1459 0 0.469895 0.530105 
 ----> 6.6#11.9#4.0#14.0#VAR 1460 0 0.524669 0.475331 
 ----> 6.6#11.9#4.0#14.0#VAR 1461 0 0.48582 0.51418 
 ----> 6.6#11.9#4.0#14.0#VAR 1462 0 0.447358 0.552642 
 ----> 6.6#11.9#4.0#14.0#VAR 1463 0 0.437859 0.562141 
 ----> 6.6#11.9#4.0#14.0#VAR 1464 1 0.449812 0.550188 
 ----> 6.6#11.9#4.0#14.0#VAR 1465 1 0.452673 0.547327 
 ----> 6.6#11.9#4.0#14.0#VAR 1466 1 0.45614 0.54386 
 ----> 6.6#11.9#4.0#14.0#VAR 1467 0 0.508097 0.491903 
 ----> 6.6#11.9#4.0#14.0#VAR 1468 0 0.434096 0.565904 
 ----> 6.6#11.9#4.0#14.0#VAR 1469 1 0.492701 0.507299 
 ----> 6.6#11.9#4.0#14.0#VAR 1470 0 0.486711 0.513289 
 ----> 6.6#11.9#4.0#14.0#VAR 1471 1 0.491186 0.508814 
 ----> 6.6#11.9#4.0#14.0#VAR 1472 0 0.499919 0.500081 
 ----> 6.6#11.9#4.0#14.0#VAR 1473 0 0.536234 0.463766 
 ----> 6.6#11.9#4.0#14.0#VAR 1474 1 0.514525 0.485475 
 ----> 6.6#11.9#4.0#14.0#VAR 1475 0 0.452886 0.547114 
 ----> 6.6#11.9#4.0#14.0#VAR 1476 1 0.445808 0.554192 
 ----> 6.6#11.9#4.0#14.0#VAR 1477 0 0.473318 0.526682 
 ----> 6.6#11.9#4.0#14.0#VAR 1478 0 0.495486 0.504514 
 ----> 6.6#11.9#4.0#14.0#VAR 1479 1 0.471223 0.528777 
 ----> 6.6#11.9#4.0#14.0#VAR 1480 0 0.491801 0.508199 
 ----> 6.6#11.9#4.0#14.0#VAR 1481 1 0.485389 0.514611 
 ----> 6.6#11.9#4.0#14.0#VAR 1482 0 0.506909 0.493091 
 ----> 6.6#11.9#4.0#14.0#VAR 1483 1 0.553509 0.446491 
 ----> 6.6#11.9#4.0#14.0#VAR 1484 0 0.501393 0.498607 
 ----> 6.6#11.9#4.0#14.0#VAR 1485 1 0.481825 0.518175 
 ----> 6.6#11.9#4.0#14.0#VAR 1486 1 0.482243 0.517757 
 ----> 6.6#11.9#4.0#14.0#VAR 1487 0 0.410112 0.589888 
 ----> 6.6#11.9#4.0#14.0#VAR 1488 1 0.509689 0.490311 
 ----> 6.6#11.9#4.0#14.0#VAR 1489 1 0.492949 0.507051 
 ----> 6.6#11.9#4.0#14.0#VAR 1490 1 0.512002 0.487998 
 ----> 6.6#11.9#4.0#14.0#VAR 1491 1 0.482153 0.517847 
 ----> 6.6#11.9#4.0#14.0#VAR 1492 1 0.480184 0.519816 
 ----> 6.6#11.9#4.0#14.0#VAR 1493 1 0.471328 0.528672 
 ----> 6.6#11.9#4.0#14.0#VAR 1494 1 0.523053 0.476947 
 ----> 6.6#11.9#4.0#14.0#VAR 1495 0 0.5058 0.4942 
 ----> 6.6#11.9#4.0#14.0#VAR 1496 0 0.491704 0.508296 
 ----> 6.6#11.9#4.0#14.0#VAR 1497 1 0.520784 0.479216 
 ----> 6.6#11.9#4.0#14.0#VAR 1498 0 0.477394 0.522606 
 ----> 6.6#11.9#4.0#14.0#VAR 1499 1 0.460387 0.539613 
 ----> 6.6#11.9#4.0#14.0#VAR 1500 0 0.468836 0.531164 
 ----> 6.6#11.9#4.0#14.0#VAR 1501 0 0.493839 0.506161 
 ----> 6.6#11.9#4.0#14.0#VAR 1502 1 0.511668 0.488332 
 ----> 6.6#11.9#4.0#14.0#VAR 1503 1 0.485572 0.514428 
 ----> 6.6#11.9#4.0#14.0#VAR 1504 1 0.480085 0.519915 
 ----> 6.6#11.9#4.0#14.0#VAR 1505 1 0.496749 0.503251 
 ----> 6.6#11.9#4.0#14.0#VAR 1506 1 0.506585 0.493415 
 ----> 6.6#11.9#4.0#14.0#VAR 1507 1 0.511412 0.488588 
 ----> 6.6#11.9#4.0#14.0#VAR 1508 0 0.485534 0.514466 
 ----> 6.6#11.9#4.0#14.0#VAR 1509 0 0.519322 0.480678 
 ----> 6.6#11.9#4.0#14.0#VAR 1510 0 0.495672 0.504328 
 ----> 6.6#11.9#4.0#14.0#VAR 1511 0 0.477636 0.522364 
 ----> 6.6#11.9#4.0#14.0#VAR 1512 0 0.492279 0.507721 
 ----> 6.6#11.9#4.0#14.0#VAR 1513 0 0.475836 0.524164 
 ----> 6.6#11.9#4.0#14.0#VAR 1514 0 0.510276 0.489724 
 ----> 6.6#11.9#4.0#14.0#VAR 1515 0 0.467519 0.532481 
 ----> 6.6#11.9#4.0#14.0#VAR 1516 1 0.497738 0.502262 
 ----> 6.6#11.9#4.0#14.0#VAR 1517 0 0.480379 0.519621 
 ----> 6.6#11.9#4.0#14.0#VAR 1518 0 0.511235 0.488765 
 ----> 6.6#11.9#4.0#14.0#VAR 1519 0 0.471108 0.528892 
 ----> 6.6#11.9#4.0#14.0#VAR 1520 0 0.526059 0.473941 
 ----> 6.6#11.9#4.0#14.0#VAR 1521 0 0.524282 0.475718 
 ----> 6.6#11.9#4.0#14.0#VAR 1522 0 0.525403 0.474597 
 ----> 6.6#11.9#4.0#14.0#VAR 1523 1 0.490629 0.509371 
 ----> 6.6#11.9#4.0#14.0#VAR 1524 0 0.494465 0.505535 
 ----> 6.6#11.9#4.0#14.0#VAR 1525 0 0.493692 0.506308 
 ----> 6.6#11.9#4.0#14.0#VAR 1526 0 0.506775 0.493225 
 ----> 6.6#11.9#4.0#14.0#VAR 1527 0 0.458404 0.541596 
 ----> 6.6#11.9#4.0#14.0#VAR 1528 0 0.490843 0.509157 
 ----> 6.6#11.9#4.0#14.0#VAR 1529 1 0.493538 0.506462 
 ----> 6.6#11.9#4.0#14.0#VAR 1530 0 0.566734 0.433266 
 ----> 6.6#11.9#4.0#14.0#VAR 1531 1 0.468758 0.531242 
 ----> 6.6#11.9#4.0#14.0#VAR 1532 0 0.498631 0.501369 
 ----> 6.6#11.9#4.0#14.0#VAR 1533 1 0.486945 0.513055 
 ----> 6.6#11.9#4.0#14.0#VAR 1534 1 0.50997 0.49003 
 ----> 6.6#11.9#4.0#14.0#VAR 1535 1 0.568742 0.431258 
 ----> 6.6#11.9#4.0#14.0#VAR 1536 1 0.503883 0.496117 
 ----> 6.6#11.9#4.0#14.0#VAR 1537 1 0.498876 0.501124 
 ----> 6.6#11.9#4.0#14.0#VAR 1538 1 0.519025 0.480975 
 ----> 6.6#11.9#4.0#14.0#VAR 1539 0 0.486024 0.513976 
 ----> 6.6#11.9#4.0#14.0#VAR 1540 1 0.473817 0.526183 
 ----> 6.6#11.9#4.0#14.0#VAR 1541 0 0.464292 0.535708 
 ----> 6.6#11.9#4.0#14.0#VAR 1542 0 0.487637 0.512363 
 ----> 6.6#11.9#4.0#14.0#VAR 1543 0 0.444451 0.555549 
 ----> 6.6#11.9#4.0#14.0#VAR 1544 0 0.486181 0.513819 
 ----> 6.6#11.9#4.0#14.0#VAR 1545 0 0.549747 0.450253 
 ----> 6.6#11.9#4.0#14.0#VAR 1546 1 0.528618 0.471382 
 ----> 6.6#11.9#4.0#14.0#VAR 1547 0 0.535579 0.464421 
 ----> 6.6#11.9#4.0#14.0#VAR 1548 1 0.48631 0.51369 
 ----> 6.6#11.9#4.0#14.0#VAR 1549 0 0.502689 0.497311 
 ----> 6.6#11.9#4.0#14.0#VAR 1550 0 0.473011 0.526989 
 ----> 6.6#11.9#4.0#14.0#VAR 1551 0 0.463971 0.536029 
 ----> 6.6#11.9#4.0#14.0#VAR 1552 0 0.505639 0.494361 
 ----> 6.6#11.9#4.0#14.0#VAR 1553 0 0.478902 0.521098 
 ----> 6.6#11.9#4.0#14.0#VAR 1554 1 0.501445 0.498555 
 ----> 6.6#11.9#4.0#14.0#VAR 1555 1 0.450656 0.549344 
 ----> 6.6#11.9#4.0#14.0#VAR 1556 1 0.489691 0.510309 
 ----> 6.6#11.9#4.0#14.0#VAR 1557 0 0.51177 0.48823 
 ----> 6.6#11.9#4.0#14.0#VAR 1558 0 0.527078 0.472922 
 ----> 6.6#11.9#4.0#14.0#VAR 1559 1 0.512812 0.487188 
 ----> 6.6#11.9#4.0#14.0#VAR 1560 1 0.501563 0.498437 
 ----> 6.6#11.9#4.0#14.0#VAR 1561 0 0.500283 0.499717 
 ----> 6.6#11.9#4.0#14.0#VAR 1562 0 0.521052 0.478948 
 ----> 6.6#11.9#4.0#14.0#VAR 1563 1 0.508103 0.491897 
 ----> 6.6#11.9#4.0#14.0#VAR 1564 0 0.53702 0.46298 
 ----> 6.6#11.9#4.0#14.0#VAR 1565 0 0.518685 0.481315 
 ----> 6.6#11.9#4.0#14.0#VAR 1566 0 0.533589 0.466411 
 ----> 6.6#11.9#4.0#14.0#VAR 1567 1 0.523731 0.476269 
 ----> 6.6#11.9#4.0#14.0#VAR 1568 0 0.523437 0.476563 
 ----> 6.6#11.9#4.0#14.0#VAR 1569 0 0.514289 0.485711 
 ----> 6.6#11.9#4.0#14.0#VAR 1570 1 0.502864 0.497136 
 ----> 6.6#11.9#4.0#14.0#VAR 1571 1 0.532464 0.467536 
 ----> 6.6#11.9#4.0#14.0#VAR 1572 0 0.555474 0.444526 
 ----> 6.6#11.9#4.0#14.0#VAR 1573 0 0.534754 0.465246 
 ----> 6.6#11.9#4.0#14.0#VAR 1574 1 0.508602 0.491398 
 ----> 6.6#11.9#4.0#14.0#VAR 1575 0 0.552125 0.447875 
 ----> 6.6#11.9#4.0#14.0#VAR 1576 1 0.512289 0.487711 
 ----> 6.6#11.9#4.0#14.0#VAR 1577 1 0.516754 0.483246 
 ----> 6.6#11.9#4.0#14.0#VAR 1578 0 0.517035 0.482965 
 ----> 6.6#11.9#4.0#14.0#VAR 1579 0 0.503307 0.496693 
 ----> 6.6#11.9#4.0#14.0#VAR 1580 0 0.535906 0.464094 
 ----> 6.6#11.9#4.0#14.0#VAR 1581 0 0.510831 0.489169 
 ----> 6.6#11.9#4.0#14.0#VAR 1582 1 0.517653 0.482347 
 ----> 6.6#11.9#4.0#14.0#VAR 1583 1 0.516015 0.483985 
 ----> 6.6#11.9#4.0#14.0#VAR 1584 0 0.524013 0.475987 
 ----> 6.6#11.9#4.0#14.0#VAR 1585 0 0.516612 0.483388 
 ----> 6.6#11.9#4.0#14.0#VAR 1586 0 0.533518 0.466482 
 ----> 6.6#11.9#4.0#14.0#VAR 1587 0 0.514755 0.485245 
 ----> 6.6#11.9#4.0#14.0#VAR 1588 0 0.587672 0.412328 
 ----> 6.6#11.9#4.0#14.0#VAR 1589 0 0.543722 0.456278 
 ----> 6.6#11.9#4.0#14.0#VAR 1590 1 0.539123 0.460877 
 ----> 6.6#11.9#4.0#14.0#VAR 1591 0 0.486592 0.513408 
 ----> 6.6#11.9#4.0#14.0#VAR 1592 0 0.530865 0.469135 
 ----> 6.6#11.9#4.0#14.0#VAR 1593 1 0.528917 0.471083 
 ----> 6.6#11.9#4.0#14.0#VAR 1594 1 0.540072 0.459928 
 ----> 6.6#11.9#4.0#14.0#VAR 1595 1 0.513685 0.486315 
 ----> 6.6#11.9#4.0#14.0#VAR 1596 1 0.534002 0.465998 
 ----> 6.6#11.9#4.0#14.0#VAR 1597 0 0.546549 0.453451 
 ----> 6.6#11.9#4.0#14.0#VAR 1598 1 0.461801 0.538199 
 ----> 6.6#11.9#4.0#14.0#VAR 1599 0 0.527908 0.472092 
 ----> 6.6#11.9#4.0#14.0#VAR 1600 0 0.534479 0.465521 
 ----> 6.6#11.9#4.0#14.0#VAR 1601 0 0.52377 0.47623 
 ----> 6.6#11.9#4.0#14.0#VAR 1602 1 0.515815 0.484185 
 ----> 6.6#11.9#4.0#14.0#VAR 1603 0 0.544914 0.455086 
 ----> 6.6#11.9#4.0#14.0#VAR 1604 0 0.510261 0.489739 
 ----> 6.6#11.9#4.0#14.0#VAR 1605 0 0.482276 0.517724 
 ----> 6.6#11.9#4.0#14.0#VAR 1606 1 0.488946 0.511054 
 ----> 6.6#11.9#4.0#14.0#VAR 1607 0 0.511363 0.488637 
 ----> 6.6#11.9#4.0#14.0#VAR 1608 0 0.500223 0.499777 
 ----> 6.6#11.9#4.0#14.0#VAR 1609 0 0.513134 0.486866 
 ----> 6.6#11.9#4.0#14.0#VAR 1610 0 0.484248 0.515752 
 ----> 6.6#11.9#4.0#14.0#VAR 1611 1 0.581643 0.418357 
 ----> 6.6#11.9#4.0#14.0#VAR 1612 1 0.568254 0.431746 
 ----> 6.6#11.9#4.0#14.0#VAR 1613 1 0.469692 0.530308 
 ----> 6.6#11.9#4.0#14.0#VAR 1614 0 0.47745 0.52255 
 ----> 6.6#11.9#4.0#14.0#VAR 1615 0 0.482535 0.517465 
 ----> 6.6#11.9#4.0#14.0#VAR 1616 0 0.489728 0.510272 
 ----> 6.6#11.9#4.0#14.0#VAR 1617 0 0.471731 0.528269 
 ----> 6.6#11.9#4.0#14.0#VAR 1618 1 0.443186 0.556814 
 ----> 6.6#11.9#4.0#14.0#VAR 1619 0 0.484345 0.515655 
 ----> 6.6#11.9#4.0#14.0#VAR 1620 1 0.489334 0.510666 
 ----> 6.6#11.9#4.0#14.0#VAR 1621 1 0.477343 0.522657 
 ----> 6.6#11.9#4.0#14.0#VAR 1622 0 0.481642 0.518358 
 ----> 6.6#11.9#4.0#14.0#VAR 1623 0 0.506618 0.493382 
 ----> 6.6#11.9#4.0#14.0#VAR 1624 0 0.465342 0.534658 
 ----> 6.6#11.9#4.0#14.0#VAR 1625 1 0.471827 0.528173 
 ----> 6.6#11.9#4.0#14.0#VAR 1626 0 0.46107 0.53893 
 ----> 6.6#11.9#4.0#14.0#VAR 1627 1 0.494178 0.505822 
 ----> 6.6#11.9#4.0#14.0#VAR 1628 0 0.499012 0.500988 
 ----> 6.6#11.9#4.0#14.0#VAR 1629 1 0.512373 0.487627 
 ----> 6.6#11.9#4.0#14.0#VAR 1630 1 0.500719 0.499281 
 ----> 6.6#11.9#4.0#14.0#VAR 1631 1 0.522945 0.477055 
 ----> 6.6#11.9#4.0#14.0#VAR 1632 0 0.54677 0.45323 
 ----> 6.6#11.9#4.0#14.0#VAR 1633 0 0.519322 0.480678 
 ----> 6.6#11.9#4.0#14.0#VAR 1634 1 0.547519 0.452481 
 ----> 6.6#11.9#4.0#14.0#VAR 1635 0 0.515413 0.484587 
 ----> 6.6#11.9#4.0#14.0#VAR 1636 0 0.499753 0.500247 
 ----> 6.6#11.9#4.0#14.0#VAR 1637 0 0.495023 0.504977 
 ----> 6.6#11.9#4.0#14.0#VAR 1638 0 0.494614 0.505386 
 ----> 6.6#11.9#4.0#14.0#VAR 1639 0 0.497055 0.502945 
 ----> 6.6#11.9#4.0#14.0#VAR 1640 1 0.532232 0.467768 
 ----> 6.6#11.9#4.0#14.0#VAR 1641 1 0.514627 0.485373 
 ----> 6.6#11.9#4.0#14.0#VAR 1642 0 0.482166 0.517834 
 ----> 6.6#11.9#4.0#14.0#VAR 1643 1 0.461823 0.538177 
 ----> 6.6#11.9#4.0#14.0#VAR 1644 1 0.474228 0.525772 
 ----> 6.6#11.9#4.0#14.0#VAR 1645 0 0.492178 0.507822 
 ----> 6.6#11.9#4.0#14.0#VAR 1646 0 0.488901 0.511099 
 ----> 6.6#11.9#4.0#14.0#VAR 1647 0 0.47857 0.52143 
 ----> 6.6#11.9#4.0#14.0#VAR 1648 0 0.474727 0.525273 
 ----> 6.6#11.9#4.0#14.0#VAR 1649 0 0.45828 0.54172 
 ----> 6.6#11.9#4.0#14.0#VAR 1650 1 0.5271 0.4729 
 ----> 6.6#11.9#4.0#14.0#VAR 1651 1 0.485884 0.514116 
 ----> 6.6#11.9#4.0#14.0#VAR 1652 1 0.479016 0.520984 
 ----> 6.6#11.9#4.0#14.0#VAR 1653 1 0.534734 0.465266 
 ----> 6.6#11.9#4.0#14.0#VAR 1654 0 0.512939 0.487061 
 ----> 6.6#11.9#4.0#14.0#VAR 1655 1 0.460679 0.539321 
 ----> 6.6#11.9#4.0#14.0#VAR 1656 1 0.52029 0.47971 
 ----> 6.6#11.9#4.0#14.0#VAR 1657 0 0.483368 0.516632 
 ----> 6.6#11.9#4.0#14.0#VAR 1658 1 0.515569 0.484431 
 ----> 6.6#11.9#4.0#14.0#VAR 1659 0 0.515071 0.484929 
 ----> 6.6#11.9#4.0#14.0#VAR 1660 0 0.505217 0.494783 
 ----> 6.6#11.9#4.0#14.0#VAR 1661 1 0.49955 0.50045 
 ----> 6.6#11.9#4.0#14.0#VAR 1662 0 0.493081 0.506919 
 ----> 6.6#11.9#4.0#14.0#VAR 1663 0 0.446325 0.553675 
 ----> 6.6#11.9#4.0#14.0#VAR 1664 0 0.483728 0.516272 
 ----> 6.6#11.9#4.0#14.0#VAR 1665 0 0.482954 0.517046 
 ----> 6.6#11.9#4.0#14.0#VAR 1666 0 0.489007 0.510993 
 ----> 6.6#11.9#4.0#14.0#VAR 1667 1 0.476212 0.523788 
 ----> 6.6#11.9#4.0#14.0#VAR 1668 1 0.516938 0.483062 
 ----> 6.6#11.9#4.0#14.0#VAR 1669 0 0.49075 0.50925 
 ----> 6.6#11.9#4.0#14.0#VAR 1670 0 0.505713 0.494287 
 ----> 6.6#11.9#4.0#14.0#VAR 1671 0 0.465208 0.534792 
 ----> 6.6#11.9#4.0#14.0#VAR 1672 0 0.503601 0.496399 
 ----> 6.6#11.9#4.0#14.0#VAR 1673 0 0.497442 0.502558 
 ----> 6.6#11.9#4.0#14.0#VAR 1674 0 0.512368 0.487632 
 ----> 6.6#11.9#4.0#14.0#VAR 1675 1 0.490344 0.509656 
 ----> 6.6#11.9#4.0#14.0#VAR 1676 1 0.524187 0.475813 
 ----> 6.6#11.9#4.0#14.0#VAR 1677 1 0.488867 0.511133 
 ----> 6.6#11.9#4.0#14.0#VAR 1678 0 0.466434 0.533566 
 ----> 6.6#11.9#4.0#14.0#VAR 1679 0 0.485295 0.514705 
 ----> 6.6#11.9#4.0#14.0#VAR 1680 0 0.537571 0.462429 
 ----> 6.6#11.9#4.0#14.0#VAR 1681 0 0.495827 0.504173 
 ----> 6.6#11.9#4.0#14.0#VAR 1682 0 0.510425 0.489575 
 ----> 6.6#11.9#4.0#14.0#VAR 1683 0 0.514217 0.485783 
 ----> 6.6#11.9#4.0#14.0#VAR 1684 0 0.515295 0.484705 
 ----> 6.6#11.9#4.0#14.0#VAR 1685 1 0.477073 0.522927 
 ----> 6.6#11.9#4.0#14.0#VAR 1686 0 0.491909 0.508091 
 ----> 6.6#11.9#4.0#14.0#VAR 1687 1 0.480838 0.519162 
 ----> 6.6#11.9#4.0#14.0#VAR 1688 0 0.504411 0.495589 
 ----> 6.6#11.9#4.0#14.0#VAR 1689 0 0.472181 0.527819 
 ----> 6.6#11.9#4.0#14.0#VAR 1690 0 0.504565 0.495435 
 ----> 6.6#11.9#4.0#14.0#VAR 1691 0 0.524681 0.475319 
 ----> 6.6#11.9#4.0#14.0#VAR 1692 0 0.542736 0.457264 
 ----> 6.6#11.9#4.0#14.0#VAR 1693 1 0.515758 0.484242 
 ----> 6.6#11.9#4.0#14.0#VAR 1694 1 0.53087 0.46913 
 ----> 6.6#11.9#4.0#14.0#VAR 1695 1 0.524827 0.475173 
 ----> 6.6#11.9#4.0#14.0#VAR 1696 0 0.535142 0.464858 
 ----> 6.6#11.9#4.0#14.0#VAR 1697 0 0.479391 0.520609 
 ----> 6.6#11.9#4.0#14.0#VAR 1698 0 0.475785 0.524215 
 ----> 6.6#11.9#4.0#14.0#VAR 1699 0 0.472451 0.527549 
 ----> 6.6#11.9#4.0#14.0#VAR 1700 0 0.525213 0.474787 
 ----> 6.6#11.9#4.0#14.0#VAR 1701 0 0.423508 0.576492 
 ----> 6.6#11.9#4.0#14.0#VAR 1702 0 0.519522 0.480478 
 ----> 6.6#11.9#4.0#14.0#VAR 1703 0 0.474093 0.525907 
 ----> 6.6#11.9#4.0#14.0#VAR 1704 0 0.505275 0.494725 
 ----> 6.6#11.9#4.0#14.0#VAR 1705 0 0.483258 0.516742 
 ----> 6.6#11.9#4.0#14.0#VAR 1706 0 0.496063 0.503937 
 ----> 6.6#11.9#4.0#14.0#VAR 1707 0 0.498836 0.501164 
 ----> 6.6#11.9#4.0#14.0#VAR 1708 0 0.570039 0.429961 
 ----> 6.6#11.9#4.0#14.0#VAR 1709 0 0.512795 0.487205 
 ----> 6.6#11.9#4.0#14.0#VAR 1710 0 0.511183 0.488817 
 ----> 6.6#11.9#4.0#14.0#VAR 1711 0 0.516144 0.483856 
 ----> 6.6#11.9#4.0#14.0#VAR 1712 0 0.522227 0.477773 
 ----> 6.6#11.9#4.0#14.0#VAR 1713 1 0.510689 0.489311 
 ----> 6.6#11.9#4.0#14.0#VAR 1714 0 0.492856 0.507144 
 ----> 6.6#11.9#4.0#14.0#VAR 1715 0 0.500747 0.499253 
 ----> 6.6#11.9#4.0#14.0#VAR 1716 0 0.523425 0.476575 
 ----> 6.6#11.9#4.0#14.0#VAR 1717 0 0.503222 0.496778 
 ----> 6.6#11.9#4.0#14.0#VAR 1718 0 0.539558 0.460442 
 ----> 6.6#11.9#4.0#14.0#VAR 1719 0 0.5308 0.4692 
 ----> 6.6#11.9#4.0#14.0#VAR 1720 0 0.525251 0.474749 
 ----> 6.6#11.9#4.0#14.0#VAR 1721 0 0.505022 0.494978 
 ----> 6.6#11.9#4.0#14.0#VAR 1722 0 0.50816 0.49184 
 ----> 6.6#11.9#4.0#14.0#VAR 1723 1 0.503183 0.496817 
 ----> 6.6#11.9#4.0#14.0#VAR 1724 1 0.479056 0.520944 
 ----> 6.6#11.9#4.0#14.0#VAR 1725 1 0.529846 0.470154 
 ----> 6.6#11.9#4.0#14.0#VAR 1726 0 0.507108 0.492892 
 ----> 6.6#11.9#4.0#14.0#VAR 1727 0 0.544066 0.455934 
 ----> 6.6#11.9#4.0#14.0#VAR 1728 0 0.562103 0.437897 
 ----> 6.6#11.9#4.0#14.0#VAR 1729 0 0.52625 0.47375 
 ----> 6.6#11.9#4.0#14.0#VAR 1730 1 0.571017 0.428983 
 ----> 6.6#11.9#4.0#14.0#VAR 1731 1 0.51522 0.48478 
 ----> 6.6#11.9#4.0#14.0#VAR 1732 0 0.511049 0.488951 
 ----> 6.6#11.9#4.0#14.0#VAR 1733 0 0.56615 0.43385 
 ----> 6.6#11.9#4.0#14.0#VAR 1734 0 0.507538 0.492462 
 ----> 6.6#11.9#4.0#14.0#VAR 1735 0 0.509765 0.490235 
 ----> 6.6#11.9#4.0#14.0#VAR 1736 0 0.499779 0.500221 
 ----> 6.6#11.9#4.0#14.0#VAR 1737 1 0.515875 0.484125 
 ----> 6.6#11.9#4.0#14.0#VAR 1738 0 0.5648 0.4352 
 ----> 6.6#11.9#4.0#14.0#VAR 1739 0 0.553412 0.446588 
 ----> 6.6#11.9#4.0#14.0#VAR 1740 0 0.523287 0.476713 
 ----> 6.6#11.9#4.0#14.0#VAR 1741 1 0.526771 0.473229 
 ----> 6.6#11.9#4.0#14.0#VAR 1742 0 0.469218 0.530782 
 ----> 6.6#11.9#4.0#14.0#VAR 1743 0 0.525673 0.474327 
 ----> 6.6#11.9#4.0#14.0#VAR 1744 0 0.485863 0.514137 
 ----> 6.6#11.9#4.0#14.0#VAR 1745 0 0.509874 0.490126 
 ----> 6.6#11.9#4.0#14.0#VAR 1746 1 0.520786 0.479214 
 ----> 6.6#11.9#4.0#14.0#VAR 1747 1 0.500516 0.499484 
 ----> 6.6#11.9#4.0#14.0#VAR 1748 1 0.541167 0.458833 
 ----> 6.6#11.9#4.0#14.0#VAR 1749 1 0.509724 0.490276 
 ----> 6.6#11.9#4.0#14.0#VAR 1750 1 0.521847 0.478153 
 ----> 6.6#11.9#4.0#14.0#VAR 1751 1 0.528591 0.471409 
 ----> 6.6#11.9#4.0#14.0#VAR 1752 1 0.536352 0.463648 
 ----> 6.6#11.9#4.0#14.0#VAR 1753 1 0.52496 0.47504 
 ----> 6.6#11.9#4.0#14.0#VAR 1754 0 0.550637 0.449363 
 ----> 6.6#11.9#4.0#14.0#VAR 1755 0 0.51721 0.48279 
 ----> 6.6#11.9#4.0#14.0#VAR 1756 0 0.50914 0.49086 
 ----> 6.6#11.9#4.0#14.0#VAR 1757 1 0.583533 0.416467 
 ----> 6.6#11.9#4.0#14.0#VAR 1758 1 0.499661 0.500339 
 ----> 6.6#11.9#4.0#14.0#VAR 1759 1 0.515221 0.484779 
 ----> 6.6#11.9#4.0#14.0#VAR 1760 0 0.522865 0.477135 
 ----> 6.6#11.9#4.0#14.0#VAR 1761 0 0.520395 0.479605 
 ----> 6.6#11.9#4.0#14.0#VAR 1762 1 0.463594 0.536406 
 ----> 6.6#11.9#4.0#14.0#VAR 1763 1 0.520941 0.479059 
 ----> 6.6#11.9#4.0#14.0#VAR 1764 1 0.523179 0.476821 
 ----> 6.6#11.9#4.0#14.0#VAR 1765 1 0.56528 0.43472 
 ----> 6.6#11.9#4.0#14.0#VAR 1766 0 0.50621 0.49379 
 ----> 6.6#11.9#4.0#14.0#VAR 1767 0 0.541013 0.458987 
 ----> 6.6#11.9#4.0#14.0#VAR 1768 0 0.54884 0.45116 
 ----> 6.6#11.9#4.0#14.0#VAR 1769 1 0.535166 0.464834 
 ----> 6.6#11.9#4.0#14.0#VAR 1770 0 0.501189 0.498811 
 ----> 6.6#11.9#4.0#14.0#VAR 1771 1 0.511705 0.488295 
 ----> 6.6#11.9#4.0#14.0#VAR 1772 0 0.511398 0.488602 
 ----> 6.6#11.9#4.0#14.0#VAR 1773 1 0.512174 0.487826 
 ----> 6.6#11.9#4.0#14.0#VAR 1774 1 0.471469 0.528531 
 ----> 6.6#11.9#4.0#14.0#VAR 1775 0 0.479 0.521 
 ----> 6.6#11.9#4.0#14.0#VAR 1776 0 0.524322 0.475678 
 ----> 6.6#11.9#4.0#14.0#VAR 1777 1 0.555156 0.444844 
 ----> 6.6#11.9#4.0#14.0#VAR 1778 0 0.523429 0.476571 
 ----> 6.6#11.9#4.0#14.0#VAR 1779 1 0.516176 0.483824 
 ----> 6.6#11.9#4.0#14.0#VAR 1780 1 0.507745 0.492255 
 ----> 6.6#11.9#4.0#14.0#VAR 1781 1 0.529548 0.470452 
 ----> 6.6#11.9#4.0#14.0#VAR 1782 0 0.520882 0.479118 
 ----> 6.6#11.9#4.0#14.0#VAR 1783 0 0.514679 0.485321 
 ----> 6.6#11.9#4.0#14.0#VAR 1784 1 0.543016 0.456984 
 ----> 6.6#11.9#4.0#14.0#VAR 1785 1 0.521289 0.478711 
 ----> 6.6#11.9#4.0#14.0#VAR 1786 0 0.519685 0.480315 
 ----> 6.6#11.9#4.0#14.0#VAR 1787 0 0.519347 0.480653 
 ----> 6.6#11.9#4.0#14.0#VAR 1788 0 0.500787 0.499213 
 ----> 6.6#11.9#4.0#14.0#VAR 1789 1 0.513963 0.486037 
 ----> 6.6#11.9#4.0#14.0#VAR 1790 1 0.49805 0.50195 
 ----> 6.6#11.9#4.0#14.0#VAR 1791 1 0.494382 0.505618 
 ----> 6.6#11.9#4.0#14.0#VAR 1792 1 0.47838 0.52162 
 ----> 6.6#11.9#4.0#14.0#VAR 1793 0 0.475228 0.524772 
 ----> 6.6#11.9#4.0#14.0#VAR 1794 1 0.519807 0.480193 
 ----> 6.6#11.9#4.0#14.0#VAR 1795 0 0.499353 0.500647 
 ----> 6.6#11.9#4.0#14.0#VAR 1796 1 0.483011 0.516989 
 ----> 6.6#11.9#4.0#14.0#VAR 1797 0 0.511238 0.488762 
 ----> 6.6#11.9#4.0#14.0#VAR 1798 0 0.474983 0.525017 
 ----> 6.6#11.9#4.0#14.0#VAR 1799 0 0.491411 0.508589 
 ----> 6.6#11.9#4.0#14.0#VAR 1800 0 0.535845 0.464155 
 ----> 6.6#11.9#4.0#14.0#VAR 1801 0 0.495404 0.504596 
 ----> 6.6#11.9#4.0#14.0#VAR 1802 0 0.485001 0.514999 
 ----> 6.6#11.9#4.0#14.0#VAR 1803 0 0.499223 0.500777 
 ----> 6.6#11.9#4.0#14.0#VAR 1804 0 0.504142 0.495858 
 ----> 6.6#11.9#4.0#14.0#VAR 1805 1 0.499834 0.500166 
 ----> 6.6#11.9#4.0#14.0#VAR 1806 0 0.529455 0.470545 
 ----> 6.6#11.9#4.0#14.0#VAR 1807 1 0.512401 0.487599 
 ----> 6.6#11.9#4.0#14.0#VAR 1808 0 0.511108 0.488892 
 ----> 6.6#11.9#4.0#14.0#VAR 1809 0 0.520784 0.479216 
 ----> 6.6#11.9#4.0#14.0#VAR 1810 1 0.540292 0.459708 
 ----> 6.6#11.9#4.0#14.0#VAR 1811 0 0.460033 0.539967 
 ----> 6.6#11.9#4.0#14.0#VAR 1812 0 0.493092 0.506908 
 ----> 6.6#11.9#4.0#14.0#VAR 1813 0 0.532143 0.467857 
 ----> 6.6#11.9#4.0#14.0#VAR 1814 1 0.507091 0.492909 
 ----> 6.6#11.9#4.0#14.0#VAR 1815 0 0.514438 0.485562 
 ----> 6.6#11.9#4.0#14.0#VAR 1816 0 0.496624 0.503376 
 ----> 6.6#11.9#4.0#14.0#VAR 1817 0 0.494429 0.505571 
 ----> 6.6#11.9#4.0#14.0#VAR 1818 1 0.523151 0.476849 
 ----> 6.6#11.9#4.0#14.0#VAR 1819 0 0.524955 0.475045 
 ----> 6.6#11.9#4.0#14.0#VAR 1820 1 0.526658 0.473342 
 ----> 6.6#11.9#4.0#14.0#VAR 1821 0 0.548893 0.451107 
 ----> 6.6#11.9#4.0#14.0#VAR 1822 1 0.529319 0.470681 
 ----> 6.6#11.9#4.0#14.0#VAR 1823 0 0.534321 0.465679 
 ----> 6.6#11.9#4.0#14.0#VAR 1824 1 0.526865 0.473135 
 ----> 6.6#11.9#4.0#14.0#VAR 1825 1 0.506661 0.493339 
 ----> 6.6#11.9#4.0#14.0#VAR 1826 1 0.53043 0.46957 
 ++++> 6.6#11.9#4.0#14.0#VAR 1827  0 0.504055 0.495945 
