 ----> 6.6#11.9#4.0#14.0#VAR 7 1 0.48355 0.51645 
 ----> 6.6#11.9#4.0#14.0#VAR 8 1 0.499106 0.500894 
 ----> 6.6#11.9#4.0#14.0#VAR 9 1 0.470827 0.529173 
 ----> 6.6#11.9#4.0#14.0#VAR 10 1 0.488291 0.511709 
 ----> 6.6#11.9#4.0#14.0#VAR 11 1 0.50662 0.49338 
 ----> 6.6#11.9#4.0#14.0#VAR 12 0 0.499639 0.500361 
 ----> 6.6#11.9#4.0#14.0#VAR 13 1 0.495412 0.504588 
 ----> 6.6#11.9#4.0#14.0#VAR 14 0 0.488749 0.511251 
 ----> 6.6#11.9#4.0#14.0#VAR 15 1 0.48829 0.51171 
 ----> 6.6#11.9#4.0#14.0#VAR 16 1 0.502977 0.497023 
 ----> 6.6#11.9#4.0#14.0#VAR 17 1 0.473387 0.526613 
 ----> 6.6#11.9#4.0#14.0#VAR 18 1 0.489034 0.510966 
 ----> 6.6#11.9#4.0#14.0#VAR 19 1 0.479514 0.520486 
 ----> 6.6#11.9#4.0#14.0#VAR 20 1 0.492713 0.507287 
 ----> 6.6#11.9#4.0#14.0#VAR 21 0 0.490309 0.509691 
 ----> 6.6#11.9#4.0#14.0#VAR 22 1 0.49567 0.50433 
 ----> 6.6#11.9#4.0#14.0#VAR 23 0 0.481708 0.518292 
 ----> 6.6#11.9#4.0#14.0#VAR 24 0 0.493777 0.506223 
 ----> 6.6#11.9#4.0#14.0#VAR 25 0 0.496985 0.503015 
 ----> 6.6#11.9#4.0#14.0#VAR 26 0 0.48232 0.51768 
 ----> 6.6#11.9#4.0#14.0#VAR 27 0 0.495408 0.504592 
 ----> 6.6#11.9#4.0#14.0#VAR 28 1 0.473079 0.526921 
 ----> 6.6#11.9#4.0#14.0#VAR 29 1 0.485605 0.514395 
 ----> 6.6#11.9#4.0#14.0#VAR 30 1 0.472654 0.527346 
 ----> 6.6#11.9#4.0#14.0#VAR 31 0 0.486603 0.513397 
 ----> 6.6#11.9#4.0#14.0#VAR 32 0 0.499585 0.500415 
 ----> 6.6#11.9#4.0#14.0#VAR 33 0 0.482357 0.517643 
 ----> 6.6#11.9#4.0#14.0#VAR 34 1 0.485977 0.514023 
 ----> 6.6#11.9#4.0#14.0#VAR 35 0 0.491308 0.508692 
 ----> 6.6#11.9#4.0#14.0#VAR 36 1 0.512916 0.487084 
 ----> 6.6#11.9#4.0#14.0#VAR 37 1 0.467278 0.532722 
 ----> 6.6#11.9#4.0#14.0#VAR 38 1 0.491855 0.508145 
 ----> 6.6#11.9#4.0#14.0#VAR 39 0 0.50271 0.49729 
 ----> 6.6#11.9#4.0#14.0#VAR 40 0 0.505101 0.494899 
 ----> 6.6#11.9#4.0#14.0#VAR 41 1 0.489847 0.510153 
 ----> 6.6#11.9#4.0#14.0#VAR 42 1 0.481784 0.518216 
 ----> 6.6#11.9#4.0#14.0#VAR 43 1 0.48991 0.51009 
 ----> 6.6#11.9#4.0#14.0#VAR 44 1 0.516211 0.483789 
 ----> 6.6#11.9#4.0#14.0#VAR 45 1 0.498526 0.501474 
 ----> 6.6#11.9#4.0#14.0#VAR 46 1 0.509213 0.490787 
 ----> 6.6#11.9#4.0#14.0#VAR 47 1 0.505756 0.494244 
 ----> 6.6#11.9#4.0#14.0#VAR 48 0 0.500313 0.499687 
 ----> 6.6#11.9#4.0#14.0#VAR 49 0 0.509228 0.490772 
 ----> 6.6#11.9#4.0#14.0#VAR 50 1 0.499895 0.500105 
 ----> 6.6#11.9#4.0#14.0#VAR 51 1 0.505021 0.494979 
 ----> 6.6#11.9#4.0#14.0#VAR 52 1 0.508149 0.491851 
 ----> 6.6#11.9#4.0#14.0#VAR 53 1 0.488676 0.511324 
 ----> 6.6#11.9#4.0#14.0#VAR 54 1 0.485627 0.514373 
 ----> 6.6#11.9#4.0#14.0#VAR 55 1 0.470282 0.529718 
 ----> 6.6#11.9#4.0#14.0#VAR 56 1 0.473481 0.526519 
 ----> 6.6#11.9#4.0#14.0#VAR 57 1 0.490671 0.509329 
 ----> 6.6#11.9#4.0#14.0#VAR 58 1 0.494209 0.505791 
 ----> 6.6#11.9#4.0#14.0#VAR 59 1 0.499666 0.500334 
 ----> 6.6#11.9#4.0#14.0#VAR 60 1 0.504766 0.495234 
 ----> 6.6#11.9#4.0#14.0#VAR 61 1 0.504781 0.495219 
 ----> 6.6#11.9#4.0#14.0#VAR 62 0 0.501696 0.498304 
 ----> 6.6#11.9#4.0#14.0#VAR 63 1 0.500921 0.499079 
 ----> 6.6#11.9#4.0#14.0#VAR 64 1 0.496046 0.503954 
 ----> 6.6#11.9#4.0#14.0#VAR 65 1 0.499555 0.500445 
 ----> 6.6#11.9#4.0#14.0#VAR 66 1 0.473581 0.526419 
 ----> 6.6#11.9#4.0#14.0#VAR 67 1 0.478404 0.521596 
 ----> 6.6#11.9#4.0#14.0#VAR 68 0 0.492689 0.507311 
 ----> 6.6#11.9#4.0#14.0#VAR 69 1 0.505741 0.494259 
 ----> 6.6#11.9#4.0#14.0#VAR 70 1 0.506704 0.493296 
 ----> 6.6#11.9#4.0#14.0#VAR 71 1 0.467883 0.532117 
 ----> 6.6#11.9#4.0#14.0#VAR 72 1 0.501539 0.498461 
 ----> 6.6#11.9#4.0#14.0#VAR 73 0 0.501228 0.498772 
 ----> 6.6#11.9#4.0#14.0#VAR 74 0 0.50918 0.49082 
 ----> 6.6#11.9#4.0#14.0#VAR 75 1 0.488713 0.511287 
 ----> 6.6#11.9#4.0#14.0#VAR 76 0 0.499189 0.500811 
 ----> 6.6#11.9#4.0#14.0#VAR 77 0 0.49662 0.50338 
 ----> 6.6#11.9#4.0#14.0#VAR 78 0 0.502876 0.497124 
 ----> 6.6#11.9#4.0#14.0#VAR 79 1 0.484841 0.515159 
 ----> 6.6#11.9#4.0#14.0#VAR 80 1 0.4892 0.5108 
 ----> 6.6#11.9#4.0#14.0#VAR 81 0 0.48252 0.51748 
 ----> 6.6#11.9#4.0#14.0#VAR 82 1 0.501211 0.498789 
 ----> 6.6#11.9#4.0#14.0#VAR 83 1 0.484495 0.515505 
 ----> 6.6#11.9#4.0#14.0#VAR 84 1 0.505603 0.494397 
 ----> 6.6#11.9#4.0#14.0#VAR 85 0 0.493297 0.506703 
 ----> 6.6#11.9#4.0#14.0#VAR 86 0 0.509995 0.490005 
 ----> 6.6#11.9#4.0#14.0#VAR 87 0 0.479385 0.520615 
 ----> 6.6#11.9#4.0#14.0#VAR 88 1 0.510479 0.489521 
 ----> 6.6#11.9#4.0#14.0#VAR 89 1 0.492609 0.507391 
 ----> 6.6#11.9#4.0#14.0#VAR 90 1 0.497665 0.502335 
 ----> 6.6#11.9#4.0#14.0#VAR 91 1 0.507631 0.492369 
 ----> 6.6#11.9#4.0#14.0#VAR 92 1 0.51108 0.48892 
 ----> 6.6#11.9#4.0#14.0#VAR 93 1 0.476952 0.523048 
 ----> 6.6#11.9#4.0#14.0#VAR 94 1 0.50493 0.49507 
 ----> 6.6#11.9#4.0#14.0#VAR 95 1 0.481289 0.518711 
 ----> 6.6#11.9#4.0#14.0#VAR 96 0 0.498999 0.501001 
 ----> 6.6#11.9#4.0#14.0#VAR 97 0 0.529759 0.470241 
 ----> 6.6#11.9#4.0#14.0#VAR 98 0 0.521503 0.478497 
 ----> 6.6#11.9#4.0#14.0#VAR 99 1 0.517836 0.482164 
 ----> 6.6#11.9#4.0#14.0#VAR 100 0 0.5187 0.4813 
 ----> 6.6#11.9#4.0#14.0#VAR 101 0 0.4905 0.5095 
 ----> 6.6#11.9#4.0#14.0#VAR 102 1 0.493835 0.506165 
 ----> 6.6#11.9#4.0#14.0#VAR 103 1 0.500918 0.499082 
 ----> 6.6#11.9#4.0#14.0#VAR 104 0 0.495931 0.504069 
 ----> 6.6#11.9#4.0#14.0#VAR 105 1 0.499775 0.500225 
 ----> 6.6#11.9#4.0#14.0#VAR 106 0 0.50331 0.49669 
 ----> 6.6#11.9#4.0#14.0#VAR 107 0 0.504186 0.495814 
 ----> 6.6#11.9#4.0#14.0#VAR 108 1 0.508429 0.491571 
 ----> 6.6#11.9#4.0#14.0#VAR 109 0 0.516639 0.483361 
 ----> 6.6#11.9#4.0#14.0#VAR 110 1 0.499016 0.500984 
 ----> 6.6#11.9#4.0#14.0#VAR 111 0 0.516331 0.483669 
 ----> 6.6#11.9#4.0#14.0#VAR 112 0 0.501424 0.498576 
 ----> 6.6#11.9#4.0#14.0#VAR 113 0 0.495884 0.504116 
 ----> 6.6#11.9#4.0#14.0#VAR 114 0 0.497769 0.502231 
 ----> 6.6#11.9#4.0#14.0#VAR 115 1 0.501608 0.498392 
 ----> 6.6#11.9#4.0#14.0#VAR 116 1 0.494748 0.505252 
 ----> 6.6#11.9#4.0#14.0#VAR 117 1 0.47788 0.52212 
 ----> 6.6#11.9#4.0#14.0#VAR 118 0 0.50909 0.49091 
 ----> 6.6#11.9#4.0#14.0#VAR 119 0 0.496308 0.503692 
 ----> 6.6#11.9#4.0#14.0#VAR 120 1 0.499157 0.500843 
 ----> 6.6#11.9#4.0#14.0#VAR 121 1 0.508553 0.491447 
 ----> 6.6#11.9#4.0#14.0#VAR 122 0 0.511539 0.488461 
 ----> 6.6#11.9#4.0#14.0#VAR 123 0 0.533672 0.466328 
 ----> 6.6#11.9#4.0#14.0#VAR 124 0 0.526277 0.473723 
 ----> 6.6#11.9#4.0#14.0#VAR 125 1 0.50309 0.49691 
 ----> 6.6#11.9#4.0#14.0#VAR 126 1 0.508048 0.491952 
 ----> 6.6#11.9#4.0#14.0#VAR 127 0 0.524873 0.475127 
 ----> 6.6#11.9#4.0#14.0#VAR 128 1 0.483194 0.516806 
 ----> 6.6#11.9#4.0#14.0#VAR 129 1 0.481413 0.518587 
 ----> 6.6#11.9#4.0#14.0#VAR 130 1 0.522527 0.477473 
 ----> 6.6#11.9#4.0#14.0#VAR 131 0 0.524622 0.475378 
 ----> 6.6#11.9#4.0#14.0#VAR 132 1 0.519949 0.480051 
 ----> 6.6#11.9#4.0#14.0#VAR 133 1 0.526254 0.473746 
 ----> 6.6#11.9#4.0#14.0#VAR 134 1 0.476108 0.523892 
 ----> 6.6#11.9#4.0#14.0#VAR 135 0 0.551643 0.448357 
 ----> 6.6#11.9#4.0#14.0#VAR 136 0 0.514042 0.485958 
 ----> 6.6#11.9#4.0#14.0#VAR 137 1 0.509898 0.490102 
 ----> 6.6#11.9#4.0#14.0#VAR 138 0 0.510559 0.489441 
 ----> 6.6#11.9#4.0#14.0#VAR 139 0 0.516179 0.483821 
 ----> 6.6#11.9#4.0#14.0#VAR 140 0 0.492136 0.507864 
 ----> 6.6#11.9#4.0#14.0#VAR 141 1 0.496602 0.503398 
 ----> 6.6#11.9#4.0#14.0#VAR 142 0 0.522608 0.477392 
 ----> 6.6#11.9#4.0#14.0#VAR 143 1 0.50076 0.49924 
 ----> 6.6#11.9#4.0#14.0#VAR 144 0 0.516851 0.483149 
 ----> 6.6#11.9#4.0#14.0#VAR 145 0 0.489047 0.510953 
 ----> 6.6#11.9#4.0#14.0#VAR 146 0 0.51078 0.48922 
 ----> 6.6#11.9#4.0#14.0#VAR 147 1 0.499587 0.500413 
 ----> 6.6#11.9#4.0#14.0#VAR 148 1 0.501324 0.498676 
 ----> 6.6#11.9#4.0#14.0#VAR 149 1 0.493836 0.506164 
 ----> 6.6#11.9#4.0#14.0#VAR 150 1 0.494179 0.505821 
 ----> 6.6#11.9#4.0#14.0#VAR 151 0 0.522733 0.477267 
 ----> 6.6#11.9#4.0#14.0#VAR 152 0 0.511114 0.488886 
 ----> 6.6#11.9#4.0#14.0#VAR 153 1 0.501448 0.498552 
 ----> 6.6#11.9#4.0#14.0#VAR 154 0 0.519416 0.480584 
 ----> 6.6#11.9#4.0#14.0#VAR 155 1 0.498187 0.501813 
 ----> 6.6#11.9#4.0#14.0#VAR 156 0 0.508357 0.491643 
 ----> 6.6#11.9#4.0#14.0#VAR 157 1 0.498587 0.501413 
 ----> 6.6#11.9#4.0#14.0#VAR 158 0 0.530852 0.469148 
 ----> 6.6#11.9#4.0#14.0#VAR 159 0 0.511739 0.488261 
 ----> 6.6#11.9#4.0#14.0#VAR 160 1 0.488691 0.511309 
 ----> 6.6#11.9#4.0#14.0#VAR 161 0 0.513662 0.486338 
 ----> 6.6#11.9#4.0#14.0#VAR 162 1 0.49715 0.50285 
 ----> 6.6#11.9#4.0#14.0#VAR 163 0 0.507102 0.492898 
 ----> 6.6#11.9#4.0#14.0#VAR 164 1 0.481738 0.518262 
 ----> 6.6#11.9#4.0#14.0#VAR 165 0 0.508643 0.491357 
 ----> 6.6#11.9#4.0#14.0#VAR 166 0 0.504032 0.495968 
 ----> 6.6#11.9#4.0#14.0#VAR 167 0 0.500041 0.499959 
 ----> 6.6#11.9#4.0#14.0#VAR 168 1 0.504486 0.495514 
 ----> 6.6#11.9#4.0#14.0#VAR 169 1 0.505697 0.494303 
 ----> 6.6#11.9#4.0#14.0#VAR 170 1 0.481139 0.518861 
 ----> 6.6#11.9#4.0#14.0#VAR 171 1 0.49905 0.50095 
 ----> 6.6#11.9#4.0#14.0#VAR 172 0 0.503254 0.496746 
 ----> 6.6#11.9#4.0#14.0#VAR 173 0 0.515856 0.484144 
 ----> 6.6#11.9#4.0#14.0#VAR 174 1 0.490263 0.509737 
 ----> 6.6#11.9#4.0#14.0#VAR 175 0 0.516901 0.483099 
 ----> 6.6#11.9#4.0#14.0#VAR 176 1 0.499231 0.500769 
 ----> 6.6#11.9#4.0#14.0#VAR 177 0 0.515388 0.484612 
 ----> 6.6#11.9#4.0#14.0#VAR 178 1 0.504569 0.495431 
 ----> 6.6#11.9#4.0#14.0#VAR 179 0 0.504205 0.495795 
 ----> 6.6#11.9#4.0#14.0#VAR 180 1 0.482439 0.517561 
 ----> 6.6#11.9#4.0#14.0#VAR 181 0 0.503323 0.496677 
 ----> 6.6#11.9#4.0#14.0#VAR 182 1 0.508026 0.491974 
 ----> 6.6#11.9#4.0#14.0#VAR 183 0 0.507284 0.492716 
 ----> 6.6#11.9#4.0#14.0#VAR 184 1 0.516483 0.483517 
 ----> 6.6#11.9#4.0#14.0#VAR 185 1 0.51093 0.48907 
 ----> 6.6#11.9#4.0#14.0#VAR 186 0 0.534654 0.465346 
 ----> 6.6#11.9#4.0#14.0#VAR 187 1 0.48859 0.51141 
 ----> 6.6#11.9#4.0#14.0#VAR 188 0 0.529065 0.470935 
 ----> 6.6#11.9#4.0#14.0#VAR 189 1 0.483294 0.516706 
 ----> 6.6#11.9#4.0#14.0#VAR 190 1 0.487512 0.512488 
 ----> 6.6#11.9#4.0#14.0#VAR 191 0 0.52147 0.47853 
 ----> 6.6#11.9#4.0#14.0#VAR 192 0 0.51722 0.48278 
 ----> 6.6#11.9#4.0#14.0#VAR 193 0 0.534254 0.465746 
 ----> 6.6#11.9#4.0#14.0#VAR 194 0 0.525363 0.474637 
 ----> 6.6#11.9#4.0#14.0#VAR 195 1 0.480611 0.519389 
 ----> 6.6#11.9#4.0#14.0#VAR 196 0 0.509416 0.490584 
 ----> 6.6#11.9#4.0#14.0#VAR 197 1 0.500832 0.499168 
 ----> 6.6#11.9#4.0#14.0#VAR 198 1 0.503238 0.496762 
 ----> 6.6#11.9#4.0#14.0#VAR 199 1 0.511119 0.488881 
 ----> 6.6#11.9#4.0#14.0#VAR 200 0 0.530172 0.469828 
 ----> 6.6#11.9#4.0#14.0#VAR 201 1 0.507517 0.492483 
 ----> 6.6#11.9#4.0#14.0#VAR 202 0 0.506028 0.493972 
 ----> 6.6#11.9#4.0#14.0#VAR 203 0 0.515537 0.484463 
 ----> 6.6#11.9#4.0#14.0#VAR 204 1 0.499562 0.500438 
 ----> 6.6#11.9#4.0#14.0#VAR 205 0 0.535553 0.464447 
 ----> 6.6#11.9#4.0#14.0#VAR 206 0 0.482046 0.517954 
 ----> 6.6#11.9#4.0#14.0#VAR 207 1 0.495006 0.504994 
 ----> 6.6#11.9#4.0#14.0#VAR 208 0 0.498325 0.501675 
 ----> 6.6#11.9#4.0#14.0#VAR 209 1 0.506938 0.493062 
 ----> 6.6#11.9#4.0#14.0#VAR 210 1 0.49436 0.50564 
 ----> 6.6#11.9#4.0#14.0#VAR 211 0 0.516172 0.483828 
 ----> 6.6#11.9#4.0#14.0#VAR 212 1 0.516683 0.483317 
 ----> 6.6#11.9#4.0#14.0#VAR 213 0 0.517863 0.482137 
 ----> 6.6#11.9#4.0#14.0#VAR 214 0 0.507301 0.492699 
 ----> 6.6#11.9#4.0#14.0#VAR 215 1 0.49459 0.50541 
 ----> 6.6#11.9#4.0#14.0#VAR 216 1 0.502866 0.497134 
 ----> 6.6#11.9#4.0#14.0#VAR 217 0 0.528659 0.471341 
 ----> 6.6#11.9#4.0#14.0#VAR 218 1 0.511926 0.488074 
 ----> 6.6#11.9#4.0#14.0#VAR 219 1 0.492211 0.507789 
 ----> 6.6#11.9#4.0#14.0#VAR 220 1 0.4987 0.5013 
 ----> 6.6#11.9#4.0#14.0#VAR 221 1 0.482481 0.517519 
 ----> 6.6#11.9#4.0#14.0#VAR 222 0 0.501457 0.498543 
 ----> 6.6#11.9#4.0#14.0#VAR 223 1 0.503289 0.496711 
 ----> 6.6#11.9#4.0#14.0#VAR 224 0 0.506631 0.493369 
 ----> 6.6#11.9#4.0#14.0#VAR 225 1 0.49387 0.50613 
 ----> 6.6#11.9#4.0#14.0#VAR 226 0 0.514135 0.485865 
 ----> 6.6#11.9#4.0#14.0#VAR 227 1 0.498271 0.501729 
 ----> 6.6#11.9#4.0#14.0#VAR 228 1 0.485622 0.514378 
 ----> 6.6#11.9#4.0#14.0#VAR 229 1 0.500434 0.499566 
 ----> 6.6#11.9#4.0#14.0#VAR 230 1 0.489345 0.510655 
 ----> 6.6#11.9#4.0#14.0#VAR 231 0 0.50593 0.49407 
 ----> 6.6#11.9#4.0#14.0#VAR 232 0 0.485518 0.514482 
 ----> 6.6#11.9#4.0#14.0#VAR 233 1 0.500276 0.499724 
 ----> 6.6#11.9#4.0#14.0#VAR 234 1 0.513684 0.486316 
 ----> 6.6#11.9#4.0#14.0#VAR 235 1 0.505808 0.494192 
 ----> 6.6#11.9#4.0#14.0#VAR 236 0 0.506205 0.493795 
 ----> 6.6#11.9#4.0#14.0#VAR 237 0 0.522804 0.477196 
 ----> 6.6#11.9#4.0#14.0#VAR 238 0 0.494634 0.505366 
 ----> 6.6#11.9#4.0#14.0#VAR 239 1 0.50508 0.49492 
 ----> 6.6#11.9#4.0#14.0#VAR 240 0 0.50104 0.49896 
 ----> 6.6#11.9#4.0#14.0#VAR 241 1 0.509546 0.490454 
 ----> 6.6#11.9#4.0#14.0#VAR 242 0 0.513282 0.486718 
 ----> 6.6#11.9#4.0#14.0#VAR 243 0 0.527887 0.472113 
 ----> 6.6#11.9#4.0#14.0#VAR 244 1 0.499688 0.500312 
 ----> 6.6#11.9#4.0#14.0#VAR 245 0 0.475995 0.524005 
 ----> 6.6#11.9#4.0#14.0#VAR 246 0 0.501691 0.498309 
 ----> 6.6#11.9#4.0#14.0#VAR 247 1 0.491488 0.508512 
 ----> 6.6#11.9#4.0#14.0#VAR 248 1 0.47925 0.52075 
 ----> 6.6#11.9#4.0#14.0#VAR 249 1 0.487734 0.512266 
 ----> 6.6#11.9#4.0#14.0#VAR 250 1 0.496941 0.503059 
 ----> 6.6#11.9#4.0#14.0#VAR 251 0 0.510538 0.489462 
 ----> 6.6#11.9#4.0#14.0#VAR 252 0 0.5226 0.4774 
 ----> 6.6#11.9#4.0#14.0#VAR 253 0 0.505529 0.494471 
 ----> 6.6#11.9#4.0#14.0#VAR 254 1 0.497889 0.502111 
 ----> 6.6#11.9#4.0#14.0#VAR 255 0 0.507692 0.492308 
 ----> 6.6#11.9#4.0#14.0#VAR 256 0 0.512843 0.487157 
 ----> 6.6#11.9#4.0#14.0#VAR 257 0 0.528009 0.471991 
 ----> 6.6#11.9#4.0#14.0#VAR 258 0 0.53282 0.46718 
 ----> 6.6#11.9#4.0#14.0#VAR 259 0 0.510512 0.489488 
 ----> 6.6#11.9#4.0#14.0#VAR 260 1 0.507401 0.492599 
 ----> 6.6#11.9#4.0#14.0#VAR 261 1 0.49946 0.50054 
 ----> 6.6#11.9#4.0#14.0#VAR 262 0 0.506999 0.493001 
 ----> 6.6#11.9#4.0#14.0#VAR 263 0 0.510319 0.489681 
 ----> 6.6#11.9#4.0#14.0#VAR 264 1 0.476226 0.523774 
 ----> 6.6#11.9#4.0#14.0#VAR 265 0 0.533497 0.466503 
 ----> 6.6#11.9#4.0#14.0#VAR 266 0 0.513554 0.486446 
 ----> 6.6#11.9#4.0#14.0#VAR 267 1 0.517345 0.482655 
 ----> 6.6#11.9#4.0#14.0#VAR 268 1 0.512386 0.487614 
 ----> 6.6#11.9#4.0#14.0#VAR 269 0 0.512055 0.487945 
 ----> 6.6#11.9#4.0#14.0#VAR 270 1 0.515075 0.484925 
 ----> 6.6#11.9#4.0#14.0#VAR 271 0 0.515691 0.484309 
 ----> 6.6#11.9#4.0#14.0#VAR 272 0 0.538624 0.461376 
 ----> 6.6#11.9#4.0#14.0#VAR 273 1 0.51232 0.48768 
 ----> 6.6#11.9#4.0#14.0#VAR 274 1 0.517892 0.482108 
 ----> 6.6#11.9#4.0#14.0#VAR 275 1 0.522129 0.477871 
 ----> 6.6#11.9#4.0#14.0#VAR 276 1 0.514965 0.485035 
 ----> 6.6#11.9#4.0#14.0#VAR 277 1 0.527091 0.472909 
 ----> 6.6#11.9#4.0#14.0#VAR 278 1 0.500608 0.499392 
 ----> 6.6#11.9#4.0#14.0#VAR 279 1 0.504798 0.495202 
 ----> 6.6#11.9#4.0#14.0#VAR 280 0 0.523255 0.476745 
 ----> 6.6#11.9#4.0#14.0#VAR 281 0 0.535913 0.464087 
 ----> 6.6#11.9#4.0#14.0#VAR 282 1 0.519193 0.480807 
 ----> 6.6#11.9#4.0#14.0#VAR 283 0 0.523233 0.476767 
 ----> 6.6#11.9#4.0#14.0#VAR 284 0 0.533759 0.466241 
 ----> 6.6#11.9#4.0#14.0#VAR 285 0 0.522077 0.477923 
 ----> 6.6#11.9#4.0#14.0#VAR 286 0 0.529947 0.470053 
 ----> 6.6#11.9#4.0#14.0#VAR 287 0 0.514856 0.485144 
 ----> 6.6#11.9#4.0#14.0#VAR 288 1 0.517198 0.482802 
 ----> 6.6#11.9#4.0#14.0#VAR 289 1 0.510726 0.489274 
 ----> 6.6#11.9#4.0#14.0#VAR 290 0 0.506079 0.493921 
 ----> 6.6#11.9#4.0#14.0#VAR 291 1 0.509981 0.490019 
 ----> 6.6#11.9#4.0#14.0#VAR 292 1 0.50973 0.49027 
 ----> 6.6#11.9#4.0#14.0#VAR 293 1 0.487546 0.512454 
 ----> 6.6#11.9#4.0#14.0#VAR 294 1 0.489787 0.510213 
 ----> 6.6#11.9#4.0#14.0#VAR 295 1 0.504784 0.495216 
 ----> 6.6#11.9#4.0#14.0#VAR 296 1 0.493934 0.506066 
 ----> 6.6#11.9#4.0#14.0#VAR 297 1 0.496719 0.503281 
 ----> 6.6#11.9#4.0#14.0#VAR 298 1 0.503668 0.496332 
 ----> 6.6#11.9#4.0#14.0#VAR 299 1 0.500803 0.499197 
 ----> 6.6#11.9#4.0#14.0#VAR 300 1 0.49345 0.50655 
 ----> 6.6#11.9#4.0#14.0#VAR 301 1 0.502747 0.497253 
 ----> 6.6#11.9#4.0#14.0#VAR 302 1 0.495045 0.504955 
 ----> 6.6#11.9#4.0#14.0#VAR 303 0 0.522213 0.477787 
 ----> 6.6#11.9#4.0#14.0#VAR 304 0 0.53558 0.46442 
 ----> 6.6#11.9#4.0#14.0#VAR 305 1 0.521769 0.478231 
 ----> 6.6#11.9#4.0#14.0#VAR 306 1 0.527563 0.472437 
 ----> 6.6#11.9#4.0#14.0#VAR 307 1 0.497908 0.502092 
 ----> 6.6#11.9#4.0#14.0#VAR 308 0 0.510213 0.489787 
 ----> 6.6#11.9#4.0#14.0#VAR 309 1 0.512126 0.487874 
 ----> 6.6#11.9#4.0#14.0#VAR 310 0 0.507068 0.492932 
 ----> 6.6#11.9#4.0#14.0#VAR 311 0 0.500942 0.499058 
 ----> 6.6#11.9#4.0#14.0#VAR 312 1 0.511217 0.488783 
 ----> 6.6#11.9#4.0#14.0#VAR 313 1 0.49573 0.50427 
 ----> 6.6#11.9#4.0#14.0#VAR 314 1 0.498375 0.501625 
 ----> 6.6#11.9#4.0#14.0#VAR 315 0 0.51578 0.48422 
 ----> 6.6#11.9#4.0#14.0#VAR 316 1 0.473486 0.526514 
 ----> 6.6#11.9#4.0#14.0#VAR 317 0 0.504409 0.495591 
 ----> 6.6#11.9#4.0#14.0#VAR 318 1 0.499778 0.500222 
 ----> 6.6#11.9#4.0#14.0#VAR 319 1 0.485058 0.514942 
 ----> 6.6#11.9#4.0#14.0#VAR 320 0 0.509367 0.490633 
 ----> 6.6#11.9#4.0#14.0#VAR 321 0 0.505466 0.494534 
 ----> 6.6#11.9#4.0#14.0#VAR 322 0 0.515486 0.484514 
 ----> 6.6#11.9#4.0#14.0#VAR 323 1 0.490266 0.509734 
 ----> 6.6#11.9#4.0#14.0#VAR 324 0 0.494264 0.505736 
 ----> 6.6#11.9#4.0#14.0#VAR 325 0 0.487774 0.512226 
 ----> 6.6#11.9#4.0#14.0#VAR 326 0 0.504835 0.495165 
 ----> 6.6#11.9#4.0#14.0#VAR 327 1 0.499874 0.500126 
 ----> 6.6#11.9#4.0#14.0#VAR 328 0 0.506659 0.493341 
 ----> 6.6#11.9#4.0#14.0#VAR 329 1 0.5066 0.4934 
 ----> 6.6#11.9#4.0#14.0#VAR 330 1 0.507655 0.492345 
 ----> 6.6#11.9#4.0#14.0#VAR 331 1 0.510666 0.489334 
 ----> 6.6#11.9#4.0#14.0#VAR 332 0 0.513829 0.486171 
 ----> 6.6#11.9#4.0#14.0#VAR 333 0 0.519394 0.480606 
 ----> 6.6#11.9#4.0#14.0#VAR 334 0 0.515741 0.484259 
 ----> 6.6#11.9#4.0#14.0#VAR 335 0 0.508404 0.491596 
 ----> 6.6#11.9#4.0#14.0#VAR 336 1 0.498622 0.501378 
 ----> 6.6#11.9#4.0#14.0#VAR 337 0 0.532029 0.467971 
 ----> 6.6#11.9#4.0#14.0#VAR 338 0 0.518903 0.481097 
 ----> 6.6#11.9#4.0#14.0#VAR 339 0 0.5034 0.4966 
 ----> 6.6#11.9#4.0#14.0#VAR 340 0 0.512452 0.487548 
 ----> 6.6#11.9#4.0#14.0#VAR 341 0 0.524254 0.475746 
 ----> 6.6#11.9#4.0#14.0#VAR 342 0 0.513618 0.486382 
 ----> 6.6#11.9#4.0#14.0#VAR 343 0 0.524552 0.475448 
 ----> 6.6#11.9#4.0#14.0#VAR 344 0 0.518376 0.481624 
 ----> 6.6#11.9#4.0#14.0#VAR 345 1 0.504055 0.495945 
 ----> 6.6#11.9#4.0#14.0#VAR 346 0 0.51734 0.48266 
 ----> 6.6#11.9#4.0#14.0#VAR 347 0 0.505627 0.494373 
 ----> 6.6#11.9#4.0#14.0#VAR 348 0 0.492291 0.507709 
 ----> 6.6#11.9#4.0#14.0#VAR 349 0 0.503753 0.496247 
 ----> 6.6#11.9#4.0#14.0#VAR 350 1 0.510642 0.489358 
 ----> 6.6#11.9#4.0#14.0#VAR 351 0 0.504055 0.495945 
 ----> 6.6#11.9#4.0#14.0#VAR 352 0 0.534274 0.465726 
 ----> 6.6#11.9#4.0#14.0#VAR 353 0 0.513201 0.486799 
 ----> 6.6#11.9#4.0#14.0#VAR 354 0 0.541113 0.458887 
 ----> 6.6#11.9#4.0#14.0#VAR 355 0 0.512401 0.487599 
 ----> 6.6#11.9#4.0#14.0#VAR 356 0 0.524705 0.475295 
 ----> 6.6#11.9#4.0#14.0#VAR 357 0 0.518171 0.481829 
 ----> 6.6#11.9#4.0#14.0#VAR 358 0 0.524336 0.475664 
 ----> 6.6#11.9#4.0#14.0#VAR 359 0 0.537673 0.462327 
 ----> 6.6#11.9#4.0#14.0#VAR 360 1 0.512787 0.487213 
 ----> 6.6#11.9#4.0#14.0#VAR 361 0 0.546271 0.453729 
 ----> 6.6#11.9#4.0#14.0#VAR 362 1 0.524597 0.475403 
 ----> 6.6#11.9#4.0#14.0#VAR 363 1 0.524899 0.475101 
 ----> 6.6#11.9#4.0#14.0#VAR 364 0 0.559315 0.440685 
 ----> 6.6#11.9#4.0#14.0#VAR 365 1 0.519936 0.480064 
 ----> 6.6#11.9#4.0#14.0#VAR 366 0 0.55801 0.44199 
 ----> 6.6#11.9#4.0#14.0#VAR 367 1 0.544615 0.455385 
 ----> 6.6#11.9#4.0#14.0#VAR 368 0 0.531372 0.468628 
 ----> 6.6#11.9#4.0#14.0#VAR 369 1 0.519407 0.480593 
 ----> 6.6#11.9#4.0#14.0#VAR 370 0 0.542837 0.457163 
 ----> 6.6#11.9#4.0#14.0#VAR 371 0 0.538589 0.461411 
 ----> 6.6#11.9#4.0#14.0#VAR 372 0 0.548919 0.451081 
 ----> 6.6#11.9#4.0#14.0#VAR 373 0 0.525885 0.474115 
 ----> 6.6#11.9#4.0#14.0#VAR 374 0 0.546293 0.453707 
 ----> 6.6#11.9#4.0#14.0#VAR 375 1 0.509093 0.490907 
 ----> 6.6#11.9#4.0#14.0#VAR 376 0 0.532436 0.467564 
 ----> 6.6#11.9#4.0#14.0#VAR 377 1 0.500607 0.499393 
 ----> 6.6#11.9#4.0#14.0#VAR 378 0 0.54778 0.45222 
 ----> 6.6#11.9#4.0#14.0#VAR 379 0 0.570387 0.429613 
 ----> 6.6#11.9#4.0#14.0#VAR 380 1 0.51224 0.48776 
 ----> 6.6#11.9#4.0#14.0#VAR 381 0 0.564538 0.435462 
 ----> 6.6#11.9#4.0#14.0#VAR 382 1 0.51696 0.48304 
 ----> 6.6#11.9#4.0#14.0#VAR 383 0 0.537111 0.462889 
 ----> 6.6#11.9#4.0#14.0#VAR 384 1 0.480884 0.519116 
 ----> 6.6#11.9#4.0#14.0#VAR 385 1 0.5146 0.4854 
 ----> 6.6#11.9#4.0#14.0#VAR 386 0 0.52809 0.47191 
 ----> 6.6#11.9#4.0#14.0#VAR 387 1 0.516184 0.483816 
 ----> 6.6#11.9#4.0#14.0#VAR 388 1 0.529741 0.470259 
 ----> 6.6#11.9#4.0#14.0#VAR 389 1 0.517467 0.482533 
 ----> 6.6#11.9#4.0#14.0#VAR 390 0 0.524839 0.475161 
 ----> 6.6#11.9#4.0#14.0#VAR 391 0 0.525283 0.474717 
 ----> 6.6#11.9#4.0#14.0#VAR 392 0 0.541818 0.458182 
 ----> 6.6#11.9#4.0#14.0#VAR 393 0 0.552977 0.447023 
 ----> 6.6#11.9#4.0#14.0#VAR 394 0 0.537775 0.462225 
 ----> 6.6#11.9#4.0#14.0#VAR 395 0 0.534387 0.465613 
 ----> 6.6#11.9#4.0#14.0#VAR 396 0 0.5301 0.4699 
 ----> 6.6#11.9#4.0#14.0#VAR 397 1 0.528796 0.471204 
 ----> 6.6#11.9#4.0#14.0#VAR 398 1 0.515603 0.484397 
 ----> 6.6#11.9#4.0#14.0#VAR 399 1 0.519282 0.480718 
 ----> 6.6#11.9#4.0#14.0#VAR 400 0 0.522363 0.477637 
 ----> 6.6#11.9#4.0#14.0#VAR 401 1 0.518493 0.481507 
 ----> 6.6#11.9#4.0#14.0#VAR 402 0 0.522619 0.477381 
 ----> 6.6#11.9#4.0#14.0#VAR 403 0 0.543015 0.456985 
 ----> 6.6#11.9#4.0#14.0#VAR 404 0 0.524809 0.475191 
 ----> 6.6#11.9#4.0#14.0#VAR 405 0 0.530393 0.469607 
 ----> 6.6#11.9#4.0#14.0#VAR 406 1 0.50045 0.49955 
 ----> 6.6#11.9#4.0#14.0#VAR 407 0 0.515282 0.484718 
 ----> 6.6#11.9#4.0#14.0#VAR 408 0 0.522239 0.477761 
 ----> 6.6#11.9#4.0#14.0#VAR 409 1 0.506971 0.493029 
 ----> 6.6#11.9#4.0#14.0#VAR 410 0 0.516458 0.483542 
 ----> 6.6#11.9#4.0#14.0#VAR 411 0 0.515625 0.484375 
 ----> 6.6#11.9#4.0#14.0#VAR 412 1 0.51186 0.48814 
 ----> 6.6#11.9#4.0#14.0#VAR 413 1 0.491103 0.508897 
 ----> 6.6#11.9#4.0#14.0#VAR 414 0 0.516078 0.483922 
 ----> 6.6#11.9#4.0#14.0#VAR 415 0 0.517407 0.482593 
 ----> 6.6#11.9#4.0#14.0#VAR 416 1 0.514808 0.485192 
 ----> 6.6#11.9#4.0#14.0#VAR 417 1 0.502842 0.497158 
 ----> 6.6#11.9#4.0#14.0#VAR 418 1 0.492548 0.507452 
 ----> 6.6#11.9#4.0#14.0#VAR 419 1 0.494088 0.505912 
 ----> 6.6#11.9#4.0#14.0#VAR 420 1 0.506127 0.493873 
 ----> 6.6#11.9#4.0#14.0#VAR 421 0 0.506388 0.493612 
 ----> 6.6#11.9#4.0#14.0#VAR 422 0 0.511703 0.488297 
 ----> 6.6#11.9#4.0#14.0#VAR 423 0 0.515548 0.484452 
 ----> 6.6#11.9#4.0#14.0#VAR 424 1 0.508774 0.491226 
 ----> 6.6#11.9#4.0#14.0#VAR 425 1 0.506309 0.493691 
 ----> 6.6#11.9#4.0#14.0#VAR 426 1 0.472761 0.527239 
 ----> 6.6#11.9#4.0#14.0#VAR 427 0 0.522189 0.477811 
 ----> 6.6#11.9#4.0#14.0#VAR 428 0 0.523351 0.476649 
 ----> 6.6#11.9#4.0#14.0#VAR 429 1 0.500423 0.499577 
 ----> 6.6#11.9#4.0#14.0#VAR 430 0 0.518484 0.481516 
 ----> 6.6#11.9#4.0#14.0#VAR 431 0 0.520378 0.479622 
 ----> 6.6#11.9#4.0#14.0#VAR 432 0 0.536157 0.463843 
 ----> 6.6#11.9#4.0#14.0#VAR 433 1 0.495307 0.504693 
 ----> 6.6#11.9#4.0#14.0#VAR 434 0 0.515932 0.484068 
 ----> 6.6#11.9#4.0#14.0#VAR 435 1 0.517838 0.482162 
 ----> 6.6#11.9#4.0#14.0#VAR 436 1 0.506204 0.493796 
 ----> 6.6#11.9#4.0#14.0#VAR 437 0 0.511618 0.488382 
 ----> 6.6#11.9#4.0#14.0#VAR 438 0 0.512627 0.487373 
 ----> 6.6#11.9#4.0#14.0#VAR 439 0 0.52132 0.47868 
 ----> 6.6#11.9#4.0#14.0#VAR 440 0 0.545888 0.454112 
 ----> 6.6#11.9#4.0#14.0#VAR 441 1 0.503803 0.496197 
 ----> 6.6#11.9#4.0#14.0#VAR 442 1 0.502933 0.497067 
 ----> 6.6#11.9#4.0#14.0#VAR 443 1 0.492167 0.507833 
 ----> 6.6#11.9#4.0#14.0#VAR 444 1 0.496382 0.503618 
 ----> 6.6#11.9#4.0#14.0#VAR 445 1 0.48683 0.51317 
 ----> 6.6#11.9#4.0#14.0#VAR 446 0 0.516422 0.483578 
 ----> 6.6#11.9#4.0#14.0#VAR 447 1 0.508429 0.491571 
 ----> 6.6#11.9#4.0#14.0#VAR 448 1 0.500512 0.499488 
 ----> 6.6#11.9#4.0#14.0#VAR 449 0 0.526717 0.473283 
 ----> 6.6#11.9#4.0#14.0#VAR 450 1 0.509178 0.490822 
 ----> 6.6#11.9#4.0#14.0#VAR 451 0 0.533834 0.466166 
 ----> 6.6#11.9#4.0#14.0#VAR 452 0 0.529555 0.470445 
 ----> 6.6#11.9#4.0#14.0#VAR 453 0 0.527064 0.472936 
 ----> 6.6#11.9#4.0#14.0#VAR 454 1 0.50618 0.49382 
 ----> 6.6#11.9#4.0#14.0#VAR 455 0 0.520404 0.479596 
 ----> 6.6#11.9#4.0#14.0#VAR 456 1 0.50958 0.49042 
 ----> 6.6#11.9#4.0#14.0#VAR 457 0 0.522925 0.477075 
 ----> 6.6#11.9#4.0#14.0#VAR 458 0 0.533664 0.466336 
 ----> 6.6#11.9#4.0#14.0#VAR 459 0 0.524478 0.475522 
 ----> 6.6#11.9#4.0#14.0#VAR 460 0 0.524231 0.475769 
 ----> 6.6#11.9#4.0#14.0#VAR 461 0 0.520789 0.479211 
 ----> 6.6#11.9#4.0#14.0#VAR 462 1 0.50596 0.49404 
 ----> 6.6#11.9#4.0#14.0#VAR 463 0 0.537491 0.462509 
 ----> 6.6#11.9#4.0#14.0#VAR 464 0 0.509449 0.490551 
 ----> 6.6#11.9#4.0#14.0#VAR 465 0 0.531733 0.468267 
 ----> 6.6#11.9#4.0#14.0#VAR 466 0 0.518792 0.481208 
 ----> 6.6#11.9#4.0#14.0#VAR 467 0 0.525383 0.474617 
 ----> 6.6#11.9#4.0#14.0#VAR 468 0 0.521851 0.478149 
 ----> 6.6#11.9#4.0#14.0#VAR 469 1 0.498548 0.501452 
 ----> 6.6#11.9#4.0#14.0#VAR 470 1 0.501657 0.498343 
 ----> 6.6#11.9#4.0#14.0#VAR 471 1 0.500069 0.499931 
 ----> 6.6#11.9#4.0#14.0#VAR 472 1 0.503865 0.496135 
 ----> 6.6#11.9#4.0#14.0#VAR 473 0 0.513071 0.486929 
 ----> 6.6#11.9#4.0#14.0#VAR 474 1 0.503911 0.496089 
 ----> 6.6#11.9#4.0#14.0#VAR 475 1 0.522126 0.477874 
 ----> 6.6#11.9#4.0#14.0#VAR 476 0 0.537482 0.462518 
 ----> 6.6#11.9#4.0#14.0#VAR 477 0 0.51348 0.48652 
 ----> 6.6#11.9#4.0#14.0#VAR 478 1 0.500116 0.499884 
 ----> 6.6#11.9#4.0#14.0#VAR 479 0 0.533968 0.466032 
 ----> 6.6#11.9#4.0#14.0#VAR 480 0 0.542564 0.457436 
 ----> 6.6#11.9#4.0#14.0#VAR 481 1 0.505164 0.494836 
 ----> 6.6#11.9#4.0#14.0#VAR 482 0 0.509417 0.490583 
 ----> 6.6#11.9#4.0#14.0#VAR 483 1 0.529582 0.470418 
 ----> 6.6#11.9#4.0#14.0#VAR 484 0 0.555077 0.444923 
 ----> 6.6#11.9#4.0#14.0#VAR 485 0 0.52542 0.47458 
 ----> 6.6#11.9#4.0#14.0#VAR 486 0 0.51551 0.48449 
 ----> 6.6#11.9#4.0#14.0#VAR 487 0 0.521587 0.478413 
 ----> 6.6#11.9#4.0#14.0#VAR 488 0 0.537047 0.462953 
 ----> 6.6#11.9#4.0#14.0#VAR 489 1 0.500021 0.499979 
 ----> 6.6#11.9#4.0#14.0#VAR 490 1 0.503926 0.496074 
 ----> 6.6#11.9#4.0#14.0#VAR 491 1 0.514312 0.485688 
 ----> 6.6#11.9#4.0#14.0#VAR 492 0 0.510618 0.489382 
 ----> 6.6#11.9#4.0#14.0#VAR 493 1 0.50804 0.49196 
 ----> 6.6#11.9#4.0#14.0#VAR 494 0 0.485753 0.514247 
 ----> 6.6#11.9#4.0#14.0#VAR 495 0 0.52527 0.47473 
 ----> 6.6#11.9#4.0#14.0#VAR 496 0 0.512124 0.487876 
 ----> 6.6#11.9#4.0#14.0#VAR 497 0 0.521584 0.478416 
 ----> 6.6#11.9#4.0#14.0#VAR 498 1 0.49814 0.50186 
 ----> 6.6#11.9#4.0#14.0#VAR 499 1 0.510645 0.489355 
 ----> 6.6#11.9#4.0#14.0#VAR 500 0 0.530316 0.469684 
 ----> 6.6#11.9#4.0#14.0#VAR 501 1 0.507055 0.492945 
 ----> 6.6#11.9#4.0#14.0#VAR 502 0 0.516327 0.483673 
 ----> 6.6#11.9#4.0#14.0#VAR 503 0 0.531478 0.468522 
 ----> 6.6#11.9#4.0#14.0#VAR 504 0 0.52732 0.47268 
 ----> 6.6#11.9#4.0#14.0#VAR 505 0 0.54895 0.45105 
 ----> 6.6#11.9#4.0#14.0#VAR 506 0 0.53878 0.46122 
 ----> 6.6#11.9#4.0#14.0#VAR 507 0 0.540296 0.459704 
 ----> 6.6#11.9#4.0#14.0#VAR 508 0 0.521842 0.478158 
 ----> 6.6#11.9#4.0#14.0#VAR 509 1 0.532086 0.467914 
 ----> 6.6#11.9#4.0#14.0#VAR 510 0 0.522047 0.477953 
 ----> 6.6#11.9#4.0#14.0#VAR 511 0 0.548087 0.451913 
 ----> 6.6#11.9#4.0#14.0#VAR 512 0 0.531988 0.468012 
 ----> 6.6#11.9#4.0#14.0#VAR 513 0 0.548357 0.451643 
 ----> 6.6#11.9#4.0#14.0#VAR 514 0 0.52611 0.47389 
 ----> 6.6#11.9#4.0#14.0#VAR 515 0 0.550942 0.449058 
 ----> 6.6#11.9#4.0#14.0#VAR 516 1 0.532448 0.467552 
 ----> 6.6#11.9#4.0#14.0#VAR 517 0 0.567026 0.432974 
 ----> 6.6#11.9#4.0#14.0#VAR 518 0 0.517809 0.482191 
 ----> 6.6#11.9#4.0#14.0#VAR 519 0 0.527537 0.472463 
 ----> 6.6#11.9#4.0#14.0#VAR 520 0 0.543865 0.456135 
 ----> 6.6#11.9#4.0#14.0#VAR 521 0 0.522246 0.477754 
 ----> 6.6#11.9#4.0#14.0#VAR 522 0 0.52363 0.47637 
 ----> 6.6#11.9#4.0#14.0#VAR 523 0 0.536823 0.463177 
 ----> 6.6#11.9#4.0#14.0#VAR 524 1 0.490287 0.509713 
 ----> 6.6#11.9#4.0#14.0#VAR 525 0 0.500144 0.499856 
 ----> 6.6#11.9#4.0#14.0#VAR 526 0 0.541535 0.458465 
 ----> 6.6#11.9#4.0#14.0#VAR 527 0 0.534253 0.465747 
 ----> 6.6#11.9#4.0#14.0#VAR 528 1 0.523122 0.476878 
 ----> 6.6#11.9#4.0#14.0#VAR 529 0 0.551687 0.448313 
 ----> 6.6#11.9#4.0#14.0#VAR 530 1 0.518376 0.481624 
 ----> 6.6#11.9#4.0#14.0#VAR 531 1 0.51817 0.48183 
 ----> 6.6#11.9#4.0#14.0#VAR 532 1 0.527616 0.472384 
 ----> 6.6#11.9#4.0#14.0#VAR 533 1 0.518432 0.481568 
 ----> 6.6#11.9#4.0#14.0#VAR 534 1 0.513219 0.486781 
 ----> 6.6#11.9#4.0#14.0#VAR 535 0 0.550515 0.449485 
 ----> 6.6#11.9#4.0#14.0#VAR 536 1 0.513087 0.486913 
 ----> 6.6#11.9#4.0#14.0#VAR 537 0 0.531052 0.468948 
 ----> 6.6#11.9#4.0#14.0#VAR 538 0 0.519976 0.480024 
 ----> 6.6#11.9#4.0#14.0#VAR 539 0 0.527399 0.472601 
 ----> 6.6#11.9#4.0#14.0#VAR 540 0 0.529938 0.470062 
 ----> 6.6#11.9#4.0#14.0#VAR 541 0 0.534036 0.465964 
 ----> 6.6#11.9#4.0#14.0#VAR 542 0 0.521677 0.478323 
 ----> 6.6#11.9#4.0#14.0#VAR 543 0 0.552154 0.447846 
 ----> 6.6#11.9#4.0#14.0#VAR 544 0 0.53824 0.46176 
 ----> 6.6#11.9#4.0#14.0#VAR 545 0 0.535176 0.464824 
 ----> 6.6#11.9#4.0#14.0#VAR 546 0 0.524669 0.475331 
 ----> 6.6#11.9#4.0#14.0#VAR 547 1 0.515482 0.484518 
 ----> 6.6#11.9#4.0#14.0#VAR 548 1 0.52332 0.47668 
 ----> 6.6#11.9#4.0#14.0#VAR 549 0 0.515325 0.484675 
 ----> 6.6#11.9#4.0#14.0#VAR 550 0 0.522666 0.477334 
 ----> 6.6#11.9#4.0#14.0#VAR 551 0 0.520926 0.479074 
 ----> 6.6#11.9#4.0#14.0#VAR 552 0 0.516469 0.483531 
 ----> 6.6#11.9#4.0#14.0#VAR 553 1 0.516124 0.483876 
 ----> 6.6#11.9#4.0#14.0#VAR 554 0 0.506739 0.493261 
 ----> 6.6#11.9#4.0#14.0#VAR 555 0 0.532845 0.467155 
 ----> 6.6#11.9#4.0#14.0#VAR 556 0 0.52876 0.47124 
 ----> 6.6#11.9#4.0#14.0#VAR 557 1 0.514766 0.485234 
 ----> 6.6#11.9#4.0#14.0#VAR 558 0 0.545643 0.454357 
 ----> 6.6#11.9#4.0#14.0#VAR 559 0 0.532621 0.467379 
 ----> 6.6#11.9#4.0#14.0#VAR 560 0 0.545 0.455 
 ----> 6.6#11.9#4.0#14.0#VAR 561 0 0.569541 0.430459 
 ----> 6.6#11.9#4.0#14.0#VAR 562 1 0.533788 0.466212 
 ----> 6.6#11.9#4.0#14.0#VAR 563 1 0.52725 0.47275 
 ----> 6.6#11.9#4.0#14.0#VAR 564 0 0.54293 0.45707 
 ----> 6.6#11.9#4.0#14.0#VAR 565 0 0.536239 0.463761 
 ----> 6.6#11.9#4.0#14.0#VAR 566 0 0.559414 0.440586 
 ----> 6.6#11.9#4.0#14.0#VAR 567 0 0.511972 0.488028 
 ----> 6.6#11.9#4.0#14.0#VAR 568 0 0.532241 0.467759 
 ----> 6.6#11.9#4.0#14.0#VAR 569 1 0.518656 0.481344 
 ----> 6.6#11.9#4.0#14.0#VAR 570 0 0.51318 0.48682 
 ----> 6.6#11.9#4.0#14.0#VAR 571 0 0.524759 0.475241 
 ----> 6.6#11.9#4.0#14.0#VAR 572 0 0.538264 0.461736 
 ----> 6.6#11.9#4.0#14.0#VAR 573 0 0.542347 0.457653 
 ----> 6.6#11.9#4.0#14.0#VAR 574 1 0.495627 0.504373 
 ----> 6.6#11.9#4.0#14.0#VAR 575 0 0.555338 0.444662 
 ----> 6.6#11.9#4.0#14.0#VAR 576 0 0.547781 0.452219 
 ----> 6.6#11.9#4.0#14.0#VAR 577 0 0.516715 0.483285 
 ----> 6.6#11.9#4.0#14.0#VAR 578 0 0.530974 0.469026 
 ----> 6.6#11.9#4.0#14.0#VAR 579 0 0.524537 0.475463 
 ----> 6.6#11.9#4.0#14.0#VAR 580 0 0.531804 0.468196 
 ----> 6.6#11.9#4.0#14.0#VAR 581 0 0.514489 0.485511 
 ----> 6.6#11.9#4.0#14.0#VAR 582 1 0.494414 0.505586 
 ----> 6.6#11.9#4.0#14.0#VAR 583 0 0.539355 0.460645 
 ----> 6.6#11.9#4.0#14.0#VAR 584 0 0.521012 0.478988 
 ----> 6.6#11.9#4.0#14.0#VAR 585 0 0.523046 0.476954 
 ----> 6.6#11.9#4.0#14.0#VAR 586 0 0.506822 0.493178 
 ----> 6.6#11.9#4.0#14.0#VAR 587 0 0.537444 0.462556 
 ----> 6.6#11.9#4.0#14.0#VAR 588 0 0.531827 0.468173 
 ----> 6.6#11.9#4.0#14.0#VAR 589 1 0.50828 0.49172 
 ----> 6.6#11.9#4.0#14.0#VAR 590 0 0.537528 0.462472 
 ----> 6.6#11.9#4.0#14.0#VAR 591 0 0.533571 0.466429 
 ----> 6.6#11.9#4.0#14.0#VAR 592 0 0.537463 0.462537 
 ----> 6.6#11.9#4.0#14.0#VAR 593 1 0.499651 0.500349 
 ----> 6.6#11.9#4.0#14.0#VAR 594 0 0.54643 0.45357 
 ----> 6.6#11.9#4.0#14.0#VAR 595 1 0.51901 0.48099 
 ----> 6.6#11.9#4.0#14.0#VAR 596 0 0.543212 0.456788 
 ----> 6.6#11.9#4.0#14.0#VAR 597 1 0.502459 0.497541 
 ----> 6.6#11.9#4.0#14.0#VAR 598 0 0.547017 0.452983 
 ----> 6.6#11.9#4.0#14.0#VAR 599 1 0.504252 0.495748 
 ----> 6.6#11.9#4.0#14.0#VAR 600 0 0.56467 0.43533 
 ----> 6.6#11.9#4.0#14.0#VAR 601 0 0.54848 0.45152 
 ----> 6.6#11.9#4.0#14.0#VAR 602 0 0.545011 0.454989 
 ----> 6.6#11.9#4.0#14.0#VAR 603 1 0.502954 0.497046 
 ----> 6.6#11.9#4.0#14.0#VAR 604 0 0.535675 0.464325 
 ----> 6.6#11.9#4.0#14.0#VAR 605 0 0.54792 0.45208 
 ----> 6.6#11.9#4.0#14.0#VAR 606 0 0.55511 0.44489 
 ----> 6.6#11.9#4.0#14.0#VAR 607 0 0.527404 0.472596 
 ----> 6.6#11.9#4.0#14.0#VAR 608 0 0.541919 0.458081 
 ----> 6.6#11.9#4.0#14.0#VAR 609 0 0.55706 0.44294 
 ----> 6.6#11.9#4.0#14.0#VAR 610 1 0.499402 0.500598 
 ----> 6.6#11.9#4.0#14.0#VAR 611 1 0.514451 0.485549 
 ----> 6.6#11.9#4.0#14.0#VAR 612 0 0.529136 0.470864 
 ----> 6.6#11.9#4.0#14.0#VAR 613 0 0.525928 0.474072 
 ----> 6.6#11.9#4.0#14.0#VAR 614 1 0.511773 0.488227 
 ----> 6.6#11.9#4.0#14.0#VAR 615 0 0.519188 0.480812 
 ----> 6.6#11.9#4.0#14.0#VAR 616 0 0.523646 0.476354 
 ----> 6.6#11.9#4.0#14.0#VAR 617 1 0.497896 0.502104 
 ----> 6.6#11.9#4.0#14.0#VAR 618 0 0.505938 0.494062 
 ----> 6.6#11.9#4.0#14.0#VAR 619 1 0.507375 0.492625 
 ----> 6.6#11.9#4.0#14.0#VAR 620 1 0.516969 0.483031 
 ----> 6.6#11.9#4.0#14.0#VAR 621 0 0.517663 0.482337 
 ----> 6.6#11.9#4.0#14.0#VAR 622 0 0.542836 0.457164 
 ----> 6.6#11.9#4.0#14.0#VAR 623 0 0.550536 0.449464 
 ----> 6.6#11.9#4.0#14.0#VAR 624 0 0.542437 0.457563 
 ----> 6.6#11.9#4.0#14.0#VAR 625 0 0.536724 0.463276 
 ----> 6.6#11.9#4.0#14.0#VAR 626 1 0.513452 0.486548 
 ----> 6.6#11.9#4.0#14.0#VAR 627 1 0.518972 0.481028 
 ----> 6.6#11.9#4.0#14.0#VAR 628 1 0.517958 0.482042 
 ----> 6.6#11.9#4.0#14.0#VAR 629 0 0.512663 0.487337 
 ----> 6.6#11.9#4.0#14.0#VAR 630 0 0.513217 0.486783 
 ----> 6.6#11.9#4.0#14.0#VAR 631 0 0.54154 0.45846 
 ----> 6.6#11.9#4.0#14.0#VAR 632 0 0.513243 0.486757 
 ----> 6.6#11.9#4.0#14.0#VAR 633 0 0.512144 0.487856 
 ----> 6.6#11.9#4.0#14.0#VAR 634 1 0.502466 0.497534 
 ----> 6.6#11.9#4.0#14.0#VAR 635 1 0.514126 0.485874 
 ----> 6.6#11.9#4.0#14.0#VAR 636 0 0.515062 0.484938 
 ----> 6.6#11.9#4.0#14.0#VAR 637 1 0.50204 0.49796 
 ----> 6.6#11.9#4.0#14.0#VAR 638 1 0.512376 0.487624 
 ----> 6.6#11.9#4.0#14.0#VAR 639 0 0.517153 0.482847 
 ----> 6.6#11.9#4.0#14.0#VAR 640 0 0.523605 0.476395 
 ----> 6.6#11.9#4.0#14.0#VAR 641 1 0.523108 0.476892 
 ----> 6.6#11.9#4.0#14.0#VAR 642 0 0.527669 0.472331 
 ----> 6.6#11.9#4.0#14.0#VAR 643 0 0.539738 0.460262 
 ----> 6.6#11.9#4.0#14.0#VAR 644 0 0.536658 0.463342 
 ----> 6.6#11.9#4.0#14.0#VAR 645 1 0.51038 0.48962 
 ----> 6.6#11.9#4.0#14.0#VAR 646 0 0.521627 0.478373 
 ----> 6.6#11.9#4.0#14.0#VAR 647 0 0.531801 0.468199 
 ----> 6.6#11.9#4.0#14.0#VAR 648 0 0.516843 0.483157 
 ----> 6.6#11.9#4.0#14.0#VAR 649 0 0.526902 0.473098 
 ----> 6.6#11.9#4.0#14.0#VAR 650 0 0.53062 0.46938 
 ----> 6.6#11.9#4.0#14.0#VAR 651 0 0.541055 0.458945 
 ----> 6.6#11.9#4.0#14.0#VAR 652 1 0.512358 0.487642 
 ----> 6.6#11.9#4.0#14.0#VAR 653 0 0.525632 0.474368 
 ----> 6.6#11.9#4.0#14.0#VAR 654 0 0.538341 0.461659 
 ----> 6.6#11.9#4.0#14.0#VAR 655 0 0.523771 0.476229 
 ----> 6.6#11.9#4.0#14.0#VAR 656 0 0.521288 0.478712 
 ----> 6.6#11.9#4.0#14.0#VAR 657 0 0.540295 0.459705 
 ----> 6.6#11.9#4.0#14.0#VAR 658 0 0.572676 0.427324 
 ----> 6.6#11.9#4.0#14.0#VAR 659 0 0.542266 0.457734 
 ----> 6.6#11.9#4.0#14.0#VAR 660 1 0.493595 0.506405 
 ----> 6.6#11.9#4.0#14.0#VAR 661 1 0.502336 0.497664 
 ----> 6.6#11.9#4.0#14.0#VAR 662 0 0.551268 0.448732 
 ----> 6.6#11.9#4.0#14.0#VAR 663 1 0.500829 0.499171 
 ----> 6.6#11.9#4.0#14.0#VAR 664 1 0.514134 0.485866 
 ----> 6.6#11.9#4.0#14.0#VAR 665 0 0.523311 0.476689 
 ----> 6.6#11.9#4.0#14.0#VAR 666 0 0.523183 0.476817 
 ----> 6.6#11.9#4.0#14.0#VAR 667 0 0.513631 0.486369 
 ----> 6.6#11.9#4.0#14.0#VAR 668 0 0.528617 0.471383 
 ----> 6.6#11.9#4.0#14.0#VAR 669 0 0.527013 0.472987 
 ----> 6.6#11.9#4.0#14.0#VAR 670 1 0.486127 0.513873 
 ----> 6.6#11.9#4.0#14.0#VAR 671 0 0.52643 0.47357 
 ----> 6.6#11.9#4.0#14.0#VAR 672 1 0.521734 0.478266 
 ----> 6.6#11.9#4.0#14.0#VAR 673 0 0.516641 0.483359 
 ----> 6.6#11.9#4.0#14.0#VAR 674 0 0.520631 0.479369 
 ----> 6.6#11.9#4.0#14.0#VAR 675 0 0.531054 0.468946 
 ----> 6.6#11.9#4.0#14.0#VAR 676 0 0.547451 0.452549 
 ----> 6.6#11.9#4.0#14.0#VAR 677 0 0.54377 0.45623 
 ----> 6.6#11.9#4.0#14.0#VAR 678 0 0.546287 0.453713 
 ----> 6.6#11.9#4.0#14.0#VAR 679 1 0.527427 0.472573 
 ----> 6.6#11.9#4.0#14.0#VAR 680 1 0.511093 0.488907 
 ----> 6.6#11.9#4.0#14.0#VAR 681 1 0.503464 0.496536 
 ----> 6.6#11.9#4.0#14.0#VAR 682 0 0.543089 0.456911 
 ----> 6.6#11.9#4.0#14.0#VAR 683 1 0.49012 0.50988 
 ----> 6.6#11.9#4.0#14.0#VAR 684 0 0.51318 0.48682 
 ----> 6.6#11.9#4.0#14.0#VAR 685 0 0.513793 0.486207 
 ----> 6.6#11.9#4.0#14.0#VAR 686 0 0.518071 0.481929 
 ----> 6.6#11.9#4.0#14.0#VAR 687 0 0.514059 0.485941 
 ----> 6.6#11.9#4.0#14.0#VAR 688 0 0.525177 0.474823 
 ----> 6.6#11.9#4.0#14.0#VAR 689 1 0.517814 0.482186 
 ----> 6.6#11.9#4.0#14.0#VAR 690 1 0.52272 0.47728 
 ----> 6.6#11.9#4.0#14.0#VAR 691 1 0.512419 0.487581 
 ----> 6.6#11.9#4.0#14.0#VAR 692 1 0.516879 0.483121 
 ----> 6.6#11.9#4.0#14.0#VAR 693 0 0.538854 0.461146 
 ----> 6.6#11.9#4.0#14.0#VAR 694 1 0.502867 0.497133 
 ----> 6.6#11.9#4.0#14.0#VAR 695 0 0.532637 0.467363 
 ----> 6.6#11.9#4.0#14.0#VAR 696 1 0.496058 0.503942 
 ----> 6.6#11.9#4.0#14.0#VAR 697 0 0.543099 0.456901 
 ----> 6.6#11.9#4.0#14.0#VAR 698 1 0.526356 0.473644 
 ----> 6.6#11.9#4.0#14.0#VAR 699 0 0.543924 0.456076 
 ----> 6.6#11.9#4.0#14.0#VAR 700 0 0.530985 0.469015 
 ----> 6.6#11.9#4.0#14.0#VAR 701 0 0.524091 0.475909 
 ----> 6.6#11.9#4.0#14.0#VAR 702 1 0.513746 0.486254 
 ----> 6.6#11.9#4.0#14.0#VAR 703 0 0.518296 0.481704 
 ----> 6.6#11.9#4.0#14.0#VAR 704 0 0.536268 0.463732 
 ----> 6.6#11.9#4.0#14.0#VAR 705 0 0.529213 0.470787 
 ----> 6.6#11.9#4.0#14.0#VAR 706 0 0.513271 0.486729 
 ----> 6.6#11.9#4.0#14.0#VAR 707 0 0.512985 0.487015 
 ----> 6.6#11.9#4.0#14.0#VAR 708 0 0.52264 0.47736 
 ----> 6.6#11.9#4.0#14.0#VAR 709 0 0.533046 0.466954 
 ----> 6.6#11.9#4.0#14.0#VAR 710 0 0.508238 0.491762 
 ----> 6.6#11.9#4.0#14.0#VAR 711 1 0.473425 0.526575 
 ----> 6.6#11.9#4.0#14.0#VAR 712 0 0.535183 0.464817 
 ----> 6.6#11.9#4.0#14.0#VAR 713 0 0.521865 0.478135 
 ----> 6.6#11.9#4.0#14.0#VAR 714 1 0.496452 0.503548 
 ----> 6.6#11.9#4.0#14.0#VAR 715 0 0.509563 0.490437 
 ----> 6.6#11.9#4.0#14.0#VAR 716 0 0.532858 0.467142 
 ----> 6.6#11.9#4.0#14.0#VAR 717 1 0.500351 0.499649 
 ----> 6.6#11.9#4.0#14.0#VAR 718 1 0.49977 0.50023 
 ----> 6.6#11.9#4.0#14.0#VAR 719 0 0.504435 0.495565 
 ----> 6.6#11.9#4.0#14.0#VAR 720 1 0.529313 0.470687 
 ----> 6.6#11.9#4.0#14.0#VAR 721 1 0.527336 0.472664 
 ----> 6.6#11.9#4.0#14.0#VAR 722 0 0.557087 0.442913 
 ----> 6.6#11.9#4.0#14.0#VAR 723 0 0.552591 0.447409 
 ----> 6.6#11.9#4.0#14.0#VAR 724 0 0.53396 0.46604 
 ----> 6.6#11.9#4.0#14.0#VAR 725 0 0.537858 0.462142 
 ----> 6.6#11.9#4.0#14.0#VAR 726 0 0.519256 0.480744 
 ----> 6.6#11.9#4.0#14.0#VAR 727 0 0.502088 0.497912 
 ----> 6.6#11.9#4.0#14.0#VAR 728 1 0.500199 0.499801 
 ----> 6.6#11.9#4.0#14.0#VAR 729 1 0.479163 0.520837 
 ----> 6.6#11.9#4.0#14.0#VAR 730 0 0.509403 0.490597 
 ----> 6.6#11.9#4.0#14.0#VAR 731 1 0.500827 0.499173 
 ----> 6.6#11.9#4.0#14.0#VAR 732 0 0.504902 0.495098 
 ----> 6.6#11.9#4.0#14.0#VAR 733 0 0.520493 0.479507 
 ----> 6.6#11.9#4.0#14.0#VAR 734 0 0.507433 0.492567 
 ----> 6.6#11.9#4.0#14.0#VAR 735 0 0.510382 0.489618 
 ----> 6.6#11.9#4.0#14.0#VAR 736 0 0.522917 0.477083 
 ----> 6.6#11.9#4.0#14.0#VAR 737 1 0.510954 0.489046 
 ----> 6.6#11.9#4.0#14.0#VAR 738 1 0.496598 0.503402 
 ----> 6.6#11.9#4.0#14.0#VAR 739 1 0.492407 0.507593 
 ----> 6.6#11.9#4.0#14.0#VAR 740 1 0.485317 0.514683 
 ----> 6.6#11.9#4.0#14.0#VAR 741 0 0.514538 0.485462 
 ----> 6.6#11.9#4.0#14.0#VAR 742 0 0.529956 0.470044 
 ----> 6.6#11.9#4.0#14.0#VAR 743 1 0.520683 0.479317 
 ----> 6.6#11.9#4.0#14.0#VAR 744 0 0.523127 0.476873 
 ----> 6.6#11.9#4.0#14.0#VAR 745 1 0.501485 0.498515 
 ----> 6.6#11.9#4.0#14.0#VAR 746 0 0.515432 0.484568 
 ----> 6.6#11.9#4.0#14.0#VAR 747 0 0.490842 0.509158 
 ----> 6.6#11.9#4.0#14.0#VAR 748 0 0.535176 0.464824 
 ----> 6.6#11.9#4.0#14.0#VAR 749 0 0.517615 0.482385 
 ----> 6.6#11.9#4.0#14.0#VAR 750 1 0.508493 0.491507 
 ----> 6.6#11.9#4.0#14.0#VAR 751 0 0.516258 0.483742 
 ----> 6.6#11.9#4.0#14.0#VAR 752 0 0.516273 0.483727 
 ----> 6.6#11.9#4.0#14.0#VAR 753 0 0.531651 0.468349 
 ----> 6.6#11.9#4.0#14.0#VAR 754 0 0.522201 0.477799 
 ----> 6.6#11.9#4.0#14.0#VAR 755 0 0.498739 0.501261 
 ----> 6.6#11.9#4.0#14.0#VAR 756 1 0.500135 0.499865 
 ----> 6.6#11.9#4.0#14.0#VAR 757 1 0.502752 0.497248 
 ----> 6.6#11.9#4.0#14.0#VAR 758 1 0.510238 0.489762 
 ----> 6.6#11.9#4.0#14.0#VAR 759 0 0.503578 0.496422 
 ----> 6.6#11.9#4.0#14.0#VAR 760 0 0.527965 0.472035 
 ----> 6.6#11.9#4.0#14.0#VAR 761 1 0.49485 0.50515 
 ----> 6.6#11.9#4.0#14.0#VAR 762 1 0.500703 0.499297 
 ----> 6.6#11.9#4.0#14.0#VAR 763 1 0.491915 0.508085 
 ----> 6.6#11.9#4.0#14.0#VAR 764 0 0.521411 0.478589 
 ----> 6.6#11.9#4.0#14.0#VAR 765 1 0.504404 0.495596 
 ----> 6.6#11.9#4.0#14.0#VAR 766 1 0.523558 0.476442 
 ----> 6.6#11.9#4.0#14.0#VAR 767 1 0.516991 0.483009 
 ----> 6.6#11.9#4.0#14.0#VAR 768 1 0.527949 0.472051 
 ----> 6.6#11.9#4.0#14.0#VAR 769 0 0.521411 0.478589 
 ----> 6.6#11.9#4.0#14.0#VAR 770 0 0.502959 0.497041 
 ----> 6.6#11.9#4.0#14.0#VAR 771 0 0.520065 0.479935 
 ----> 6.6#11.9#4.0#14.0#VAR 772 0 0.516054 0.483946 
 ----> 6.6#11.9#4.0#14.0#VAR 773 1 0.517742 0.482258 
 ----> 6.6#11.9#4.0#14.0#VAR 774 0 0.510754 0.489246 
 ----> 6.6#11.9#4.0#14.0#VAR 775 1 0.504232 0.495768 
 ----> 6.6#11.9#4.0#14.0#VAR 776 0 0.503623 0.496377 
 ----> 6.6#11.9#4.0#14.0#VAR 777 0 0.518675 0.481325 
 ----> 6.6#11.9#4.0#14.0#VAR 778 0 0.511293 0.488707 
 ----> 6.6#11.9#4.0#14.0#VAR 779 1 0.497525 0.502475 
 ----> 6.6#11.9#4.0#14.0#VAR 780 1 0.512562 0.487438 
 ----> 6.6#11.9#4.0#14.0#VAR 781 1 0.484294 0.515706 
 ----> 6.6#11.9#4.0#14.0#VAR 782 1 0.466789 0.533211 
 ----> 6.6#11.9#4.0#14.0#VAR 783 0 0.517962 0.482038 
 ----> 6.6#11.9#4.0#14.0#VAR 784 0 0.51892 0.48108 
 ----> 6.6#11.9#4.0#14.0#VAR 785 1 0.511915 0.488085 
 ----> 6.6#11.9#4.0#14.0#VAR 786 0 0.511844 0.488156 
 ----> 6.6#11.9#4.0#14.0#VAR 787 1 0.497766 0.502234 
 ----> 6.6#11.9#4.0#14.0#VAR 788 0 0.495128 0.504872 
 ----> 6.6#11.9#4.0#14.0#VAR 789 1 0.498401 0.501599 
 ----> 6.6#11.9#4.0#14.0#VAR 790 1 0.476257 0.523743 
 ----> 6.6#11.9#4.0#14.0#VAR 791 1 0.484012 0.515988 
 ----> 6.6#11.9#4.0#14.0#VAR 792 1 0.494159 0.505841 
 ----> 6.6#11.9#4.0#14.0#VAR 793 1 0.494241 0.505759 
 ----> 6.6#11.9#4.0#14.0#VAR 794 1 0.509694 0.490306 
 ----> 6.6#11.9#4.0#14.0#VAR 795 1 0.504902 0.495098 
 ----> 6.6#11.9#4.0#14.0#VAR 796 1 0.501554 0.498446 
 ----> 6.6#11.9#4.0#14.0#VAR 797 0 0.519325 0.480675 
 ----> 6.6#11.9#4.0#14.0#VAR 798 0 0.526994 0.473006 
 ----> 6.6#11.9#4.0#14.0#VAR 799 0 0.526437 0.473563 
 ----> 6.6#11.9#4.0#14.0#VAR 800 1 0.483965 0.516035 
 ----> 6.6#11.9#4.0#14.0#VAR 801 1 0.482031 0.517969 
 ----> 6.6#11.9#4.0#14.0#VAR 802 1 0.492583 0.507417 
 ----> 6.6#11.9#4.0#14.0#VAR 803 1 0.496495 0.503505 
 ----> 6.6#11.9#4.0#14.0#VAR 804 1 0.49963 0.50037 
 ----> 6.6#11.9#4.0#14.0#VAR 805 0 0.495986 0.504014 
 ----> 6.6#11.9#4.0#14.0#VAR 806 1 0.485612 0.514388 
 ----> 6.6#11.9#4.0#14.0#VAR 807 1 0.495061 0.504939 
 ----> 6.6#11.9#4.0#14.0#VAR 808 0 0.512515 0.487485 
 ----> 6.6#11.9#4.0#14.0#VAR 809 0 0.49946 0.50054 
 ----> 6.6#11.9#4.0#14.0#VAR 810 1 0.49197 0.50803 
 ----> 6.6#11.9#4.0#14.0#VAR 811 1 0.491252 0.508748 
 ----> 6.6#11.9#4.0#14.0#VAR 812 0 0.496738 0.503262 
 ----> 6.6#11.9#4.0#14.0#VAR 813 1 0.480901 0.519099 
 ----> 6.6#11.9#4.0#14.0#VAR 814 1 0.481742 0.518258 
 ----> 6.6#11.9#4.0#14.0#VAR 815 1 0.488133 0.511867 
 ----> 6.6#11.9#4.0#14.0#VAR 816 0 0.497469 0.502531 
 ----> 6.6#11.9#4.0#14.0#VAR 817 1 0.491152 0.508848 
 ----> 6.6#11.9#4.0#14.0#VAR 818 1 0.478337 0.521663 
 ----> 6.6#11.9#4.0#14.0#VAR 819 1 0.476316 0.523684 
 ----> 6.6#11.9#4.0#14.0#VAR 820 1 0.483784 0.516216 
 ----> 6.6#11.9#4.0#14.0#VAR 821 0 0.512227 0.487773 
 ----> 6.6#11.9#4.0#14.0#VAR 822 1 0.493144 0.506856 
 ----> 6.6#11.9#4.0#14.0#VAR 823 0 0.523078 0.476922 
 ----> 6.6#11.9#4.0#14.0#VAR 824 0 0.523312 0.476688 
 ----> 6.6#11.9#4.0#14.0#VAR 825 0 0.507327 0.492673 
 ----> 6.6#11.9#4.0#14.0#VAR 826 1 0.4968 0.5032 
 ----> 6.6#11.9#4.0#14.0#VAR 827 0 0.509329 0.490671 
 ----> 6.6#11.9#4.0#14.0#VAR 828 0 0.487442 0.512558 
 ----> 6.6#11.9#4.0#14.0#VAR 829 1 0.482845 0.517155 
 ----> 6.6#11.9#4.0#14.0#VAR 830 1 0.462864 0.537136 
 ----> 6.6#11.9#4.0#14.0#VAR 831 0 0.50866 0.49134 
 ----> 6.6#11.9#4.0#14.0#VAR 832 1 0.49681 0.50319 
 ----> 6.6#11.9#4.0#14.0#VAR 833 1 0.48615 0.51385 
 ----> 6.6#11.9#4.0#14.0#VAR 834 1 0.493826 0.506174 
 ----> 6.6#11.9#4.0#14.0#VAR 835 1 0.486058 0.513942 
 ----> 6.6#11.9#4.0#14.0#VAR 836 1 0.488966 0.511034 
 ----> 6.6#11.9#4.0#14.0#VAR 837 1 0.469694 0.530306 
 ----> 6.6#11.9#4.0#14.0#VAR 838 1 0.468624 0.531376 
 ----> 6.6#11.9#4.0#14.0#VAR 839 0 0.499685 0.500315 
 ----> 6.6#11.9#4.0#14.0#VAR 840 0 0.493134 0.506866 
 ----> 6.6#11.9#4.0#14.0#VAR 841 1 0.488004 0.511996 
 ----> 6.6#11.9#4.0#14.0#VAR 842 0 0.509301 0.490699 
 ----> 6.6#11.9#4.0#14.0#VAR 843 1 0.481777 0.518223 
 ----> 6.6#11.9#4.0#14.0#VAR 844 0 0.49681 0.50319 
 ----> 6.6#11.9#4.0#14.0#VAR 845 1 0.484862 0.515138 
 ----> 6.6#11.9#4.0#14.0#VAR 846 0 0.488804 0.511196 
 ----> 6.6#11.9#4.0#14.0#VAR 847 0 0.486656 0.513344 
 ----> 6.6#11.9#4.0#14.0#VAR 848 0 0.512487 0.487513 
 ----> 6.6#11.9#4.0#14.0#VAR 849 1 0.468136 0.531864 
 ----> 6.6#11.9#4.0#14.0#VAR 850 0 0.50843 0.49157 
 ----> 6.6#11.9#4.0#14.0#VAR 851 0 0.510711 0.489289 
 ----> 6.6#11.9#4.0#14.0#VAR 852 1 0.484375 0.515625 
 ----> 6.6#11.9#4.0#14.0#VAR 853 0 0.512578 0.487422 
 ----> 6.6#11.9#4.0#14.0#VAR 854 1 0.487034 0.512966 
 ----> 6.6#11.9#4.0#14.0#VAR 855 1 0.491982 0.508018 
 ----> 6.6#11.9#4.0#14.0#VAR 856 1 0.465192 0.534808 
 ----> 6.6#11.9#4.0#14.0#VAR 857 1 0.47581 0.52419 
 ----> 6.6#11.9#4.0#14.0#VAR 858 0 0.4913 0.5087 
 ----> 6.6#11.9#4.0#14.0#VAR 859 0 0.49411 0.50589 
 ----> 6.6#11.9#4.0#14.0#VAR 860 1 0.48048 0.51952 
 ----> 6.6#11.9#4.0#14.0#VAR 861 0 0.508021 0.491979 
 ----> 6.6#11.9#4.0#14.0#VAR 862 1 0.480113 0.519887 
 ----> 6.6#11.9#4.0#14.0#VAR 863 1 0.496508 0.503492 
 ----> 6.6#11.9#4.0#14.0#VAR 864 1 0.471439 0.528561 
 ----> 6.6#11.9#4.0#14.0#VAR 865 1 0.494055 0.505945 
 ----> 6.6#11.9#4.0#14.0#VAR 866 1 0.47876 0.52124 
 ----> 6.6#11.9#4.0#14.0#VAR 867 0 0.521444 0.478556 
 ----> 6.6#11.9#4.0#14.0#VAR 868 1 0.501051 0.498949 
 ----> 6.6#11.9#4.0#14.0#VAR 869 0 0.500778 0.499222 
 ----> 6.6#11.9#4.0#14.0#VAR 870 1 0.488728 0.511272 
 ----> 6.6#11.9#4.0#14.0#VAR 871 1 0.484103 0.515897 
 ----> 6.6#11.9#4.0#14.0#VAR 872 1 0.494656 0.505344 
 ----> 6.6#11.9#4.0#14.0#VAR 873 1 0.471845 0.528155 
 ----> 6.6#11.9#4.0#14.0#VAR 874 1 0.469011 0.530989 
 ----> 6.6#11.9#4.0#14.0#VAR 875 1 0.447539 0.552461 
 ----> 6.6#11.9#4.0#14.0#VAR 876 1 0.466301 0.533699 
 ----> 6.6#11.9#4.0#14.0#VAR 877 1 0.467926 0.532074 
 ----> 6.6#11.9#4.0#14.0#VAR 878 1 0.469049 0.530951 
 ----> 6.6#11.9#4.0#14.0#VAR 879 1 0.464318 0.535682 
 ----> 6.6#11.9#4.0#14.0#VAR 880 1 0.460969 0.539031 
 ----> 6.6#11.9#4.0#14.0#VAR 881 1 0.470109 0.529891 
 ----> 6.6#11.9#4.0#14.0#VAR 882 0 0.492338 0.507662 
 ----> 6.6#11.9#4.0#14.0#VAR 883 1 0.458755 0.541245 
 ----> 6.6#11.9#4.0#14.0#VAR 884 1 0.437948 0.562052 
 ----> 6.6#11.9#4.0#14.0#VAR 885 1 0.439821 0.560179 
 ----> 6.6#11.9#4.0#14.0#VAR 886 1 0.420434 0.579566 
 ----> 6.6#11.9#4.0#14.0#VAR 887 1 0.428894 0.571106 
 ----> 6.6#11.9#4.0#14.0#VAR 888 1 0.456311 0.543689 
 ----> 6.6#11.9#4.0#14.0#VAR 889 1 0.408276 0.591724 
 ----> 6.6#11.9#4.0#14.0#VAR 890 1 0.426859 0.573141 
 ----> 6.6#11.9#4.0#14.0#VAR 891 1 0.446422 0.553578 
 ----> 6.6#11.9#4.0#14.0#VAR 892 1 0.452494 0.547506 
 ----> 6.6#11.9#4.0#14.0#VAR 893 1 0.443963 0.556037 
 ----> 6.6#11.9#4.0#14.0#VAR 894 0 0.481839 0.518161 
 ----> 6.6#11.9#4.0#14.0#VAR 895 0 0.472112 0.527888 
 ----> 6.6#11.9#4.0#14.0#VAR 896 0 0.455209 0.544791 
 ----> 6.6#11.9#4.0#14.0#VAR 897 1 0.452816 0.547184 
 ----> 6.6#11.9#4.0#14.0#VAR 898 1 0.448744 0.551256 
 ----> 6.6#11.9#4.0#14.0#VAR 899 1 0.439982 0.560018 
 ----> 6.6#11.9#4.0#14.0#VAR 900 0 0.475635 0.524365 
 ----> 6.6#11.9#4.0#14.0#VAR 901 1 0.450757 0.549243 
 ----> 6.6#11.9#4.0#14.0#VAR 902 1 0.469833 0.530167 
 ----> 6.6#11.9#4.0#14.0#VAR 903 1 0.437876 0.562124 
 ----> 6.6#11.9#4.0#14.0#VAR 904 1 0.449136 0.550864 
 ----> 6.6#11.9#4.0#14.0#VAR 905 1 0.442339 0.557661 
 ----> 6.6#11.9#4.0#14.0#VAR 906 1 0.429113 0.570887 
 ----> 6.6#11.9#4.0#14.0#VAR 907 1 0.447949 0.552051 
 ----> 6.6#11.9#4.0#14.0#VAR 908 0 0.472991 0.527009 
 ----> 6.6#11.9#4.0#14.0#VAR 909 1 0.471348 0.528652 
 ----> 6.6#11.9#4.0#14.0#VAR 910 1 0.459406 0.540594 
 ----> 6.6#11.9#4.0#14.0#VAR 911 1 0.446657 0.553343 
 ----> 6.6#11.9#4.0#14.0#VAR 912 1 0.438328 0.561672 
 ----> 6.6#11.9#4.0#14.0#VAR 913 1 0.448236 0.551764 
 ----> 6.6#11.9#4.0#14.0#VAR 914 1 0.444326 0.555674 
 ----> 6.6#11.9#4.0#14.0#VAR 915 0 0.445242 0.554758 
 ----> 6.6#11.9#4.0#14.0#VAR 916 1 0.422114 0.577886 
 ----> 6.6#11.9#4.0#14.0#VAR 917 1 0.43555 0.56445 
 ----> 6.6#11.9#4.0#14.0#VAR 918 1 0.443467 0.556533 
 ----> 6.6#11.9#4.0#14.0#VAR 919 1 0.434936 0.565064 
 ----> 6.6#11.9#4.0#14.0#VAR 920 1 0.46058 0.53942 
 ----> 6.6#11.9#4.0#14.0#VAR 921 1 0.426887 0.573113 
 ----> 6.6#11.9#4.0#14.0#VAR 922 0 0.469953 0.530047 
 ----> 6.6#11.9#4.0#14.0#VAR 923 1 0.431021 0.568979 
 ----> 6.6#11.9#4.0#14.0#VAR 924 0 0.467125 0.532875 
 ----> 6.6#11.9#4.0#14.0#VAR 925 1 0.450127 0.549873 
 ----> 6.6#11.9#4.0#14.0#VAR 926 1 0.446581 0.553419 
 ----> 6.6#11.9#4.0#14.0#VAR 927 1 0.443086 0.556914 
 ----> 6.6#11.9#4.0#14.0#VAR 928 1 0.44061 0.55939 
 ----> 6.6#11.9#4.0#14.0#VAR 929 0 0.439515 0.560485 
 ----> 6.6#11.9#4.0#14.0#VAR 930 1 0.426026 0.573974 
 ----> 6.6#11.9#4.0#14.0#VAR 931 1 0.438837 0.561163 
 ----> 6.6#11.9#4.0#14.0#VAR 932 0 0.450902 0.549098 
 ----> 6.6#11.9#4.0#14.0#VAR 933 0 0.435911 0.564089 
 ----> 6.6#11.9#4.0#14.0#VAR 934 1 0.437436 0.562564 
 ----> 6.6#11.9#4.0#14.0#VAR 935 1 0.456057 0.543943 
 ----> 6.6#11.9#4.0#14.0#VAR 936 0 0.438949 0.561051 
 ----> 6.6#11.9#4.0#14.0#VAR 937 0 0.456647 0.543353 
 ----> 6.6#11.9#4.0#14.0#VAR 938 1 0.442517 0.557483 
 ----> 6.6#11.9#4.0#14.0#VAR 939 1 0.450116 0.549884 
 ----> 6.6#11.9#4.0#14.0#VAR 940 1 0.446842 0.553158 
 ----> 6.6#11.9#4.0#14.0#VAR 941 1 0.451791 0.548209 
 ----> 6.6#11.9#4.0#14.0#VAR 942 1 0.45472 0.54528 
 ----> 6.6#11.9#4.0#14.0#VAR 943 1 0.442942 0.557058 
 ----> 6.6#11.9#4.0#14.0#VAR 944 0 0.455091 0.544909 
 ----> 6.6#11.9#4.0#14.0#VAR 945 1 0.449393 0.550607 
 ----> 6.6#11.9#4.0#14.0#VAR 946 1 0.436629 0.563371 
 ----> 6.6#11.9#4.0#14.0#VAR 947 1 0.459985 0.540015 
 ----> 6.6#11.9#4.0#14.0#VAR 948 0 0.461446 0.538554 
 ----> 6.6#11.9#4.0#14.0#VAR 949 1 0.457816 0.542184 
 ----> 6.6#11.9#4.0#14.0#VAR 950 1 0.441434 0.558566 
 ----> 6.6#11.9#4.0#14.0#VAR 951 1 0.458626 0.541374 
 ----> 6.6#11.9#4.0#14.0#VAR 952 0 0.46417 0.53583 
 ----> 6.6#11.9#4.0#14.0#VAR 953 1 0.403601 0.596399 
 ----> 6.6#11.9#4.0#14.0#VAR 954 1 0.444298 0.555702 
 ----> 6.6#11.9#4.0#14.0#VAR 955 0 0.442272 0.557728 
 ----> 6.6#11.9#4.0#14.0#VAR 956 0 0.457347 0.542653 
 ----> 6.6#11.9#4.0#14.0#VAR 957 0 0.444682 0.555318 
 ----> 6.6#11.9#4.0#14.0#VAR 958 0 0.467647 0.532353 
 ----> 6.6#11.9#4.0#14.0#VAR 959 1 0.419517 0.580483 
 ----> 6.6#11.9#4.0#14.0#VAR 960 0 0.446653 0.553347 
 ----> 6.6#11.9#4.0#14.0#VAR 961 0 0.457761 0.542239 
 ----> 6.6#11.9#4.0#14.0#VAR 962 0 0.472465 0.527535 
 ----> 6.6#11.9#4.0#14.0#VAR 963 0 0.451713 0.548287 
 ----> 6.6#11.9#4.0#14.0#VAR 964 1 0.453694 0.546306 
 ----> 6.6#11.9#4.0#14.0#VAR 965 0 0.446882 0.553118 
 ----> 6.6#11.9#4.0#14.0#VAR 966 1 0.443323 0.556677 
 ----> 6.6#11.9#4.0#14.0#VAR 967 1 0.44324 0.55676 
 ----> 6.6#11.9#4.0#14.0#VAR 968 1 0.431739 0.568261 
 ----> 6.6#11.9#4.0#14.0#VAR 969 1 0.412735 0.587265 
 ----> 6.6#11.9#4.0#14.0#VAR 970 0 0.462999 0.537001 
 ----> 6.6#11.9#4.0#14.0#VAR 971 1 0.430275 0.569725 
 ----> 6.6#11.9#4.0#14.0#VAR 972 0 0.464332 0.535668 
 ----> 6.6#11.9#4.0#14.0#VAR 973 0 0.472121 0.527879 
 ----> 6.6#11.9#4.0#14.0#VAR 974 1 0.468815 0.531185 
 ----> 6.6#11.9#4.0#14.0#VAR 975 1 0.470726 0.529274 
 ----> 6.6#11.9#4.0#14.0#VAR 976 1 0.41805 0.58195 
 ----> 6.6#11.9#4.0#14.0#VAR 977 1 0.459471 0.540529 
 ----> 6.6#11.9#4.0#14.0#VAR 978 0 0.492858 0.507142 
 ----> 6.6#11.9#4.0#14.0#VAR 979 0 0.455704 0.544296 
 ----> 6.6#11.9#4.0#14.0#VAR 980 1 0.419935 0.580065 
 ----> 6.6#11.9#4.0#14.0#VAR 981 1 0.471106 0.528894 
 ----> 6.6#11.9#4.0#14.0#VAR 982 0 0.487868 0.512132 
 ----> 6.6#11.9#4.0#14.0#VAR 983 1 0.452 0.548 
 ----> 6.6#11.9#4.0#14.0#VAR 984 1 0.437296 0.562704 
 ----> 6.6#11.9#4.0#14.0#VAR 985 0 0.496904 0.503096 
 ----> 6.6#11.9#4.0#14.0#VAR 986 1 0.447409 0.552591 
 ----> 6.6#11.9#4.0#14.0#VAR 987 1 0.475473 0.524527 
 ----> 6.6#11.9#4.0#14.0#VAR 988 1 0.436403 0.563597 
 ----> 6.6#11.9#4.0#14.0#VAR 989 0 0.485165 0.514835 
 ----> 6.6#11.9#4.0#14.0#VAR 990 0 0.463546 0.536454 
 ----> 6.6#11.9#4.0#14.0#VAR 991 1 0.442505 0.557495 
 ----> 6.6#11.9#4.0#14.0#VAR 992 1 0.467002 0.532998 
 ----> 6.6#11.9#4.0#14.0#VAR 993 1 0.472535 0.527465 
 ----> 6.6#11.9#4.0#14.0#VAR 994 0 0.473757 0.526243 
 ----> 6.6#11.9#4.0#14.0#VAR 995 1 0.43615 0.56385 
 ----> 6.6#11.9#4.0#14.0#VAR 996 0 0.472617 0.527383 
 ----> 6.6#11.9#4.0#14.0#VAR 997 1 0.43661 0.56339 
 ----> 6.6#11.9#4.0#14.0#VAR 998 0 0.481485 0.518515 
 ----> 6.6#11.9#4.0#14.0#VAR 999 1 0.430693 0.569307 
 ----> 6.6#11.9#4.0#14.0#VAR 1000 1 0.440809 0.559191 
 ----> 6.6#11.9#4.0#14.0#VAR 1001 1 0.447206 0.552794 
 ----> 6.6#11.9#4.0#14.0#VAR 1002 0 0.468561 0.531439 
 ----> 6.6#11.9#4.0#14.0#VAR 1003 1 0.441182 0.558818 
 ----> 6.6#11.9#4.0#14.0#VAR 1004 1 0.451672 0.548328 
 ----> 6.6#11.9#4.0#14.0#VAR 1005 0 0.448679 0.551321 
 ----> 6.6#11.9#4.0#14.0#VAR 1006 1 0.443637 0.556363 
 ----> 6.6#11.9#4.0#14.0#VAR 1007 1 0.465352 0.534648 
 ----> 6.6#11.9#4.0#14.0#VAR 1008 0 0.456063 0.543937 
 ----> 6.6#11.9#4.0#14.0#VAR 1009 0 0.467807 0.532193 
 ----> 6.6#11.9#4.0#14.0#VAR 1010 1 0.461402 0.538598 
 ----> 6.6#11.9#4.0#14.0#VAR 1011 1 0.468322 0.531678 
 ----> 6.6#11.9#4.0#14.0#VAR 1012 1 0.434884 0.565116 
 ----> 6.6#11.9#4.0#14.0#VAR 1013 1 0.441113 0.558887 
 ----> 6.6#11.9#4.0#14.0#VAR 1014 0 0.492149 0.507851 
 ----> 6.6#11.9#4.0#14.0#VAR 1015 1 0.472112 0.527888 
 ----> 6.6#11.9#4.0#14.0#VAR 1016 0 0.47858 0.52142 
 ----> 6.6#11.9#4.0#14.0#VAR 1017 1 0.475732 0.524268 
 ----> 6.6#11.9#4.0#14.0#VAR 1018 1 0.459054 0.540946 
 ----> 6.6#11.9#4.0#14.0#VAR 1019 1 0.460459 0.539541 
 ----> 6.6#11.9#4.0#14.0#VAR 1020 0 0.476119 0.523881 
 ----> 6.6#11.9#4.0#14.0#VAR 1021 1 0.451661 0.548339 
 ----> 6.6#11.9#4.0#14.0#VAR 1022 1 0.438942 0.561058 
 ----> 6.6#11.9#4.0#14.0#VAR 1023 1 0.436597 0.563403 
 ----> 6.6#11.9#4.0#14.0#VAR 1024 0 0.461537 0.538463 
 ----> 6.6#11.9#4.0#14.0#VAR 1025 1 0.445142 0.554858 
 ----> 6.6#11.9#4.0#14.0#VAR 1026 1 0.465168 0.534832 
 ----> 6.6#11.9#4.0#14.0#VAR 1027 0 0.461202 0.538798 
 ----> 6.6#11.9#4.0#14.0#VAR 1028 0 0.466308 0.533692 
 ----> 6.6#11.9#4.0#14.0#VAR 1029 0 0.440307 0.559693 
 ----> 6.6#11.9#4.0#14.0#VAR 1030 1 0.436177 0.563823 
 ----> 6.6#11.9#4.0#14.0#VAR 1031 1 0.4222 0.5778 
 ----> 6.6#11.9#4.0#14.0#VAR 1032 0 0.44967 0.55033 
 ----> 6.6#11.9#4.0#14.0#VAR 1033 1 0.449587 0.550413 
 ----> 6.6#11.9#4.0#14.0#VAR 1034 1 0.42373 0.57627 
 ----> 6.6#11.9#4.0#14.0#VAR 1035 1 0.450316 0.549684 
 ----> 6.6#11.9#4.0#14.0#VAR 1036 1 0.447931 0.552069 
 ----> 6.6#11.9#4.0#14.0#VAR 1037 1 0.426655 0.573345 
 ----> 6.6#11.9#4.0#14.0#VAR 1038 1 0.470029 0.529971 
 ----> 6.6#11.9#4.0#14.0#VAR 1039 1 0.45151 0.54849 
 ----> 6.6#11.9#4.0#14.0#VAR 1040 0 0.459991 0.540009 
 ----> 6.6#11.9#4.0#14.0#VAR 1041 1 0.418943 0.581057 
 ----> 6.6#11.9#4.0#14.0#VAR 1042 1 0.445738 0.554262 
 ----> 6.6#11.9#4.0#14.0#VAR 1043 1 0.443949 0.556051 
 ----> 6.6#11.9#4.0#14.0#VAR 1044 1 0.452722 0.547278 
 ----> 6.6#11.9#4.0#14.0#VAR 1045 1 0.430171 0.569829 
 ----> 6.6#11.9#4.0#14.0#VAR 1046 0 0.466898 0.533102 
 ----> 6.6#11.9#4.0#14.0#VAR 1047 1 0.43921 0.56079 
 ----> 6.6#11.9#4.0#14.0#VAR 1048 1 0.451222 0.548778 
 ----> 6.6#11.9#4.0#14.0#VAR 1049 0 0.448129 0.551871 
 ----> 6.6#11.9#4.0#14.0#VAR 1050 0 0.444443 0.555557 
 ----> 6.6#11.9#4.0#14.0#VAR 1051 1 0.45215 0.54785 
 ----> 6.6#11.9#4.0#14.0#VAR 1052 0 0.45507 0.54493 
 ----> 6.6#11.9#4.0#14.0#VAR 1053 1 0.427916 0.572084 
 ----> 6.6#11.9#4.0#14.0#VAR 1054 0 0.457769 0.542231 
 ----> 6.6#11.9#4.0#14.0#VAR 1055 0 0.459581 0.540419 
 ----> 6.6#11.9#4.0#14.0#VAR 1056 0 0.455533 0.544467 
 ----> 6.6#11.9#4.0#14.0#VAR 1057 1 0.451462 0.548538 
 ----> 6.6#11.9#4.0#14.0#VAR 1058 0 0.453774 0.546226 
 ----> 6.6#11.9#4.0#14.0#VAR 1059 1 0.450866 0.549134 
 ----> 6.6#11.9#4.0#14.0#VAR 1060 1 0.439431 0.560569 
 ----> 6.6#11.9#4.0#14.0#VAR 1061 0 0.4407 0.5593 
 ----> 6.6#11.9#4.0#14.0#VAR 1062 1 0.428862 0.571138 
 ----> 6.6#11.9#4.0#14.0#VAR 1063 1 0.41093 0.58907 
 ----> 6.6#11.9#4.0#14.0#VAR 1064 0 0.460173 0.539827 
 ----> 6.6#11.9#4.0#14.0#VAR 1065 1 0.441548 0.558452 
 ----> 6.6#11.9#4.0#14.0#VAR 1066 1 0.442417 0.557583 
 ----> 6.6#11.9#4.0#14.0#VAR 1067 1 0.43842 0.56158 
 ----> 6.6#11.9#4.0#14.0#VAR 1068 0 0.448417 0.551583 
 ----> 6.6#11.9#4.0#14.0#VAR 1069 1 0.471395 0.528605 
 ----> 6.6#11.9#4.0#14.0#VAR 1070 1 0.470428 0.529572 
 ----> 6.6#11.9#4.0#14.0#VAR 1071 0 0.464299 0.535701 
 ----> 6.6#11.9#4.0#14.0#VAR 1072 0 0.466505 0.533495 
 ----> 6.6#11.9#4.0#14.0#VAR 1073 0 0.471555 0.528445 
 ----> 6.6#11.9#4.0#14.0#VAR 1074 0 0.459318 0.540682 
 ----> 6.6#11.9#4.0#14.0#VAR 1075 0 0.482134 0.517866 
 ----> 6.6#11.9#4.0#14.0#VAR 1076 1 0.479503 0.520497 
 ----> 6.6#11.9#4.0#14.0#VAR 1077 1 0.46588 0.53412 
 ----> 6.6#11.9#4.0#14.0#VAR 1078 0 0.487087 0.512913 
 ----> 6.6#11.9#4.0#14.0#VAR 1079 1 0.461687 0.538313 
 ----> 6.6#11.9#4.0#14.0#VAR 1080 0 0.469829 0.530171 
 ----> 6.6#11.9#4.0#14.0#VAR 1081 0 0.48418 0.51582 
 ----> 6.6#11.9#4.0#14.0#VAR 1082 1 0.429917 0.570083 
 ----> 6.6#11.9#4.0#14.0#VAR 1083 0 0.473422 0.526578 
 ----> 6.6#11.9#4.0#14.0#VAR 1084 1 0.463038 0.536962 
 ----> 6.6#11.9#4.0#14.0#VAR 1085 1 0.440977 0.559023 
 ----> 6.6#11.9#4.0#14.0#VAR 1086 0 0.4826 0.5174 
 ----> 6.6#11.9#4.0#14.0#VAR 1087 1 0.460716 0.539284 
 ----> 6.6#11.9#4.0#14.0#VAR 1088 0 0.478138 0.521862 
 ----> 6.6#11.9#4.0#14.0#VAR 1089 1 0.444476 0.555524 
 ----> 6.6#11.9#4.0#14.0#VAR 1090 0 0.469551 0.530449 
 ----> 6.6#11.9#4.0#14.0#VAR 1091 1 0.450705 0.549295 
 ----> 6.6#11.9#4.0#14.0#VAR 1092 1 0.438022 0.561978 
 ----> 6.6#11.9#4.0#14.0#VAR 1093 0 0.466391 0.533609 
 ----> 6.6#11.9#4.0#14.0#VAR 1094 1 0.455591 0.544409 
 ----> 6.6#11.9#4.0#14.0#VAR 1095 1 0.468387 0.531613 
 ----> 6.6#11.9#4.0#14.0#VAR 1096 1 0.460231 0.539769 
 ----> 6.6#11.9#4.0#14.0#VAR 1097 1 0.452999 0.547001 
 ----> 6.6#11.9#4.0#14.0#VAR 1098 1 0.463887 0.536113 
 ----> 6.6#11.9#4.0#14.0#VAR 1099 0 0.478371 0.521629 
 ----> 6.6#11.9#4.0#14.0#VAR 1100 0 0.482574 0.517426 
 ----> 6.6#11.9#4.0#14.0#VAR 1101 0 0.49657 0.50343 
 ----> 6.6#11.9#4.0#14.0#VAR 1102 0 0.469931 0.530069 
 ----> 6.6#11.9#4.0#14.0#VAR 1103 1 0.470474 0.529526 
 ----> 6.6#11.9#4.0#14.0#VAR 1104 0 0.492852 0.507148 
 ----> 6.6#11.9#4.0#14.0#VAR 1105 0 0.503084 0.496916 
 ----> 6.6#11.9#4.0#14.0#VAR 1106 1 0.441097 0.558903 
 ----> 6.6#11.9#4.0#14.0#VAR 1107 1 0.444586 0.555414 
 ----> 6.6#11.9#4.0#14.0#VAR 1108 0 0.476961 0.523039 
 ----> 6.6#11.9#4.0#14.0#VAR 1109 1 0.456602 0.543398 
 ----> 6.6#11.9#4.0#14.0#VAR 1110 1 0.486035 0.513965 
 ----> 6.6#11.9#4.0#14.0#VAR 1111 0 0.473886 0.526114 
 ----> 6.6#11.9#4.0#14.0#VAR 1112 1 0.444358 0.555642 
 ----> 6.6#11.9#4.0#14.0#VAR 1113 1 0.488847 0.511153 
 ----> 6.6#11.9#4.0#14.0#VAR 1114 1 0.465778 0.534222 
 ----> 6.6#11.9#4.0#14.0#VAR 1115 0 0.491988 0.508012 
 ----> 6.6#11.9#4.0#14.0#VAR 1116 1 0.474121 0.525879 
 ----> 6.6#11.9#4.0#14.0#VAR 1117 0 0.509742 0.490258 
 ----> 6.6#11.9#4.0#14.0#VAR 1118 0 0.49765 0.50235 
 ----> 6.6#11.9#4.0#14.0#VAR 1119 1 0.474996 0.525004 
 ----> 6.6#11.9#4.0#14.0#VAR 1120 1 0.485784 0.514216 
 ----> 6.6#11.9#4.0#14.0#VAR 1121 1 0.482231 0.517769 
 ----> 6.6#11.9#4.0#14.0#VAR 1122 0 0.47761 0.52239 
 ----> 6.6#11.9#4.0#14.0#VAR 1123 1 0.461392 0.538608 
 ----> 6.6#11.9#4.0#14.0#VAR 1124 1 0.478033 0.521967 
 ----> 6.6#11.9#4.0#14.0#VAR 1125 0 0.482349 0.517651 
 ----> 6.6#11.9#4.0#14.0#VAR 1126 1 0.456706 0.543294 
 ----> 6.6#11.9#4.0#14.0#VAR 1127 0 0.487754 0.512246 
 ----> 6.6#11.9#4.0#14.0#VAR 1128 1 0.464555 0.535445 
 ----> 6.6#11.9#4.0#14.0#VAR 1129 1 0.462589 0.537411 
 ----> 6.6#11.9#4.0#14.0#VAR 1130 0 0.483289 0.516711 
 ----> 6.6#11.9#4.0#14.0#VAR 1131 0 0.479896 0.520104 
 ----> 6.6#11.9#4.0#14.0#VAR 1132 0 0.483991 0.516009 
 ----> 6.6#11.9#4.0#14.0#VAR 1133 0 0.508777 0.491223 
 ----> 6.6#11.9#4.0#14.0#VAR 1134 1 0.459694 0.540306 
 ----> 6.6#11.9#4.0#14.0#VAR 1135 1 0.428797 0.571203 
 ----> 6.6#11.9#4.0#14.0#VAR 1136 1 0.467688 0.532312 
 ----> 6.6#11.9#4.0#14.0#VAR 1137 1 0.472539 0.527461 
 ----> 6.6#11.9#4.0#14.0#VAR 1138 1 0.486922 0.513078 
 ----> 6.6#11.9#4.0#14.0#VAR 1139 1 0.451051 0.548949 
 ----> 6.6#11.9#4.0#14.0#VAR 1140 1 0.45034 0.54966 
 ----> 6.6#11.9#4.0#14.0#VAR 1141 1 0.478076 0.521924 
 ----> 6.6#11.9#4.0#14.0#VAR 1142 1 0.485605 0.514395 
 ----> 6.6#11.9#4.0#14.0#VAR 1143 0 0.470621 0.529379 
 ----> 6.6#11.9#4.0#14.0#VAR 1144 1 0.468005 0.531995 
 ----> 6.6#11.9#4.0#14.0#VAR 1145 1 0.452672 0.547328 
 ----> 6.6#11.9#4.0#14.0#VAR 1146 1 0.455074 0.544926 
 ----> 6.6#11.9#4.0#14.0#VAR 1147 0 0.459051 0.540949 
 ----> 6.6#11.9#4.0#14.0#VAR 1148 0 0.450719 0.549281 
 ----> 6.6#11.9#4.0#14.0#VAR 1149 1 0.479238 0.520762 
 ----> 6.6#11.9#4.0#14.0#VAR 1150 0 0.490158 0.509842 
 ----> 6.6#11.9#4.0#14.0#VAR 1151 1 0.428487 0.571513 
 ----> 6.6#11.9#4.0#14.0#VAR 1152 0 0.483305 0.516695 
 ----> 6.6#11.9#4.0#14.0#VAR 1153 1 0.464835 0.535165 
 ----> 6.6#11.9#4.0#14.0#VAR 1154 1 0.455211 0.544789 
 ----> 6.6#11.9#4.0#14.0#VAR 1155 1 0.461792 0.538208 
 ----> 6.6#11.9#4.0#14.0#VAR 1156 0 0.510764 0.489236 
 ----> 6.6#11.9#4.0#14.0#VAR 1157 1 0.461227 0.538773 
 ----> 6.6#11.9#4.0#14.0#VAR 1158 1 0.460619 0.539381 
 ----> 6.6#11.9#4.0#14.0#VAR 1159 1 0.457307 0.542693 
 ----> 6.6#11.9#4.0#14.0#VAR 1160 0 0.460892 0.539108 
 ----> 6.6#11.9#4.0#14.0#VAR 1161 0 0.479406 0.520594 
 ----> 6.6#11.9#4.0#14.0#VAR 1162 1 0.447051 0.552949 
 ----> 6.6#11.9#4.0#14.0#VAR 1163 1 0.479821 0.520179 
 ----> 6.6#11.9#4.0#14.0#VAR 1164 1 0.459656 0.540344 
 ----> 6.6#11.9#4.0#14.0#VAR 1165 1 0.467117 0.532883 
 ----> 6.6#11.9#4.0#14.0#VAR 1166 1 0.449077 0.550923 
 ----> 6.6#11.9#4.0#14.0#VAR 1167 0 0.459515 0.540485 
 ----> 6.6#11.9#4.0#14.0#VAR 1168 0 0.455768 0.544232 
 ----> 6.6#11.9#4.0#14.0#VAR 1169 1 0.434593 0.565407 
 ----> 6.6#11.9#4.0#14.0#VAR 1170 1 0.429227 0.570773 
 ----> 6.6#11.9#4.0#14.0#VAR 1171 0 0.496678 0.503322 
 ----> 6.6#11.9#4.0#14.0#VAR 1172 0 0.480828 0.519172 
 ----> 6.6#11.9#4.0#14.0#VAR 1173 0 0.446799 0.553201 
 ----> 6.6#11.9#4.0#14.0#VAR 1174 0 0.458931 0.541069 
 ----> 6.6#11.9#4.0#14.0#VAR 1175 0 0.456698 0.543302 
 ----> 6.6#11.9#4.0#14.0#VAR 1176 1 0.470301 0.529699 
 ----> 6.6#11.9#4.0#14.0#VAR 1177 1 0.455936 0.544064 
 ----> 6.6#11.9#4.0#14.0#VAR 1178 0 0.478038 0.521962 
 ----> 6.6#11.9#4.0#14.0#VAR 1179 0 0.461969 0.538031 
 ----> 6.6#11.9#4.0#14.0#VAR 1180 1 0.459819 0.540181 
 ----> 6.6#11.9#4.0#14.0#VAR 1181 0 0.449207 0.550793 
 ----> 6.6#11.9#4.0#14.0#VAR 1182 1 0.468073 0.531927 
 ----> 6.6#11.9#4.0#14.0#VAR 1183 1 0.456913 0.543087 
 ----> 6.6#11.9#4.0#14.0#VAR 1184 1 0.461658 0.538342 
 ----> 6.6#11.9#4.0#14.0#VAR 1185 1 0.453852 0.546148 
 ----> 6.6#11.9#4.0#14.0#VAR 1186 1 0.446477 0.553523 
 ----> 6.6#11.9#4.0#14.0#VAR 1187 1 0.45232 0.54768 
 ----> 6.6#11.9#4.0#14.0#VAR 1188 1 0.420799 0.579201 
 ----> 6.6#11.9#4.0#14.0#VAR 1189 1 0.440272 0.559728 
 ----> 6.6#11.9#4.0#14.0#VAR 1190 0 0.479398 0.520602 
 ----> 6.6#11.9#4.0#14.0#VAR 1191 1 0.468815 0.531185 
 ----> 6.6#11.9#4.0#14.0#VAR 1192 1 0.441101 0.558899 
 ----> 6.6#11.9#4.0#14.0#VAR 1193 0 0.443431 0.556569 
 ----> 6.6#11.9#4.0#14.0#VAR 1194 1 0.439128 0.560872 
 ----> 6.6#11.9#4.0#14.0#VAR 1195 1 0.446522 0.553478 
 ----> 6.6#11.9#4.0#14.0#VAR 1196 1 0.471882 0.528118 
 ----> 6.6#11.9#4.0#14.0#VAR 1197 1 0.431401 0.568599 
 ----> 6.6#11.9#4.0#14.0#VAR 1198 0 0.481424 0.518576 
 ----> 6.6#11.9#4.0#14.0#VAR 1199 0 0.473076 0.526924 
 ----> 6.6#11.9#4.0#14.0#VAR 1200 0 0.474448 0.525552 
 ----> 6.6#11.9#4.0#14.0#VAR 1201 0 0.448953 0.551047 
 ----> 6.6#11.9#4.0#14.0#VAR 1202 0 0.479272 0.520728 
 ----> 6.6#11.9#4.0#14.0#VAR 1203 1 0.447128 0.552872 
 ----> 6.6#11.9#4.0#14.0#VAR 1204 0 0.48281 0.51719 
 ----> 6.6#11.9#4.0#14.0#VAR 1205 0 0.497395 0.502605 
 ----> 6.6#11.9#4.0#14.0#VAR 1206 1 0.455405 0.544595 
 ----> 6.6#11.9#4.0#14.0#VAR 1207 1 0.438915 0.561085 
 ----> 6.6#11.9#4.0#14.0#VAR 1208 1 0.450537 0.549463 
 ----> 6.6#11.9#4.0#14.0#VAR 1209 0 0.473374 0.526626 
 ----> 6.6#11.9#4.0#14.0#VAR 1210 0 0.490241 0.509759 
 ----> 6.6#11.9#4.0#14.0#VAR 1211 1 0.447521 0.552479 
 ----> 6.6#11.9#4.0#14.0#VAR 1212 1 0.45059 0.54941 
 ----> 6.6#11.9#4.0#14.0#VAR 1213 1 0.457683 0.542317 
 ----> 6.6#11.9#4.0#14.0#VAR 1214 0 0.456262 0.543738 
 ----> 6.6#11.9#4.0#14.0#VAR 1215 1 0.470296 0.529704 
 ----> 6.6#11.9#4.0#14.0#VAR 1216 1 0.446758 0.553242 
 ----> 6.6#11.9#4.0#14.0#VAR 1217 0 0.471058 0.528942 
 ----> 6.6#11.9#4.0#14.0#VAR 1218 0 0.48753 0.51247 
 ----> 6.6#11.9#4.0#14.0#VAR 1219 1 0.468547 0.531453 
 ----> 6.6#11.9#4.0#14.0#VAR 1220 0 0.527238 0.472762 
 ----> 6.6#11.9#4.0#14.0#VAR 1221 0 0.49387 0.50613 
 ----> 6.6#11.9#4.0#14.0#VAR 1222 1 0.489303 0.510697 
 ----> 6.6#11.9#4.0#14.0#VAR 1223 0 0.510012 0.489988 
 ----> 6.6#11.9#4.0#14.0#VAR 1224 1 0.481923 0.518077 
 ----> 6.6#11.9#4.0#14.0#VAR 1225 1 0.495528 0.504472 
 ----> 6.6#11.9#4.0#14.0#VAR 1226 0 0.518608 0.481392 
 ----> 6.6#11.9#4.0#14.0#VAR 1227 0 0.486981 0.513019 
 ----> 6.6#11.9#4.0#14.0#VAR 1228 0 0.488377 0.511623 
 ----> 6.6#11.9#4.0#14.0#VAR 1229 1 0.474847 0.525153 
 ----> 6.6#11.9#4.0#14.0#VAR 1230 1 0.453897 0.546103 
 ----> 6.6#11.9#4.0#14.0#VAR 1231 1 0.47655 0.52345 
 ----> 6.6#11.9#4.0#14.0#VAR 1232 1 0.501701 0.498299 
 ----> 6.6#11.9#4.0#14.0#VAR 1233 0 0.468195 0.531805 
 ----> 6.6#11.9#4.0#14.0#VAR 1234 0 0.479923 0.520077 
 ----> 6.6#11.9#4.0#14.0#VAR 1235 1 0.471454 0.528546 
 ----> 6.6#11.9#4.0#14.0#VAR 1236 1 0.491304 0.508696 
 ----> 6.6#11.9#4.0#14.0#VAR 1237 0 0.48748 0.51252 
 ----> 6.6#11.9#4.0#14.0#VAR 1238 1 0.474527 0.525473 
 ----> 6.6#11.9#4.0#14.0#VAR 1239 0 0.467064 0.532936 
 ----> 6.6#11.9#4.0#14.0#VAR 1240 1 0.462684 0.537316 
 ----> 6.6#11.9#4.0#14.0#VAR 1241 0 0.46733 0.53267 
 ----> 6.6#11.9#4.0#14.0#VAR 1242 0 0.490966 0.509034 
 ----> 6.6#11.9#4.0#14.0#VAR 1243 0 0.489365 0.510635 
 ----> 6.6#11.9#4.0#14.0#VAR 1244 0 0.49155 0.50845 
 ----> 6.6#11.9#4.0#14.0#VAR 1245 1 0.461176 0.538824 
 ----> 6.6#11.9#4.0#14.0#VAR 1246 1 0.458232 0.541768 
 ----> 6.6#11.9#4.0#14.0#VAR 1247 1 0.462151 0.537849 
 ----> 6.6#11.9#4.0#14.0#VAR 1248 1 0.488863 0.511137 
 ----> 6.6#11.9#4.0#14.0#VAR 1249 1 0.462699 0.537301 
 ----> 6.6#11.9#4.0#14.0#VAR 1250 1 0.466821 0.533179 
 ----> 6.6#11.9#4.0#14.0#VAR 1251 1 0.459656 0.540344 
 ----> 6.6#11.9#4.0#14.0#VAR 1252 0 0.487789 0.512211 
 ----> 6.6#11.9#4.0#14.0#VAR 1253 1 0.483928 0.516072 
 ----> 6.6#11.9#4.0#14.0#VAR 1254 0 0.498448 0.501552 
 ----> 6.6#11.9#4.0#14.0#VAR 1255 1 0.487643 0.512357 
 ----> 6.6#11.9#4.0#14.0#VAR 1256 1 0.450928 0.549072 
 ----> 6.6#11.9#4.0#14.0#VAR 1257 1 0.46761 0.53239 
 ----> 6.6#11.9#4.0#14.0#VAR 1258 0 0.492233 0.507767 
 ----> 6.6#11.9#4.0#14.0#VAR 1259 0 0.49864 0.50136 
 ----> 6.6#11.9#4.0#14.0#VAR 1260 0 0.449281 0.550719 
 ----> 6.6#11.9#4.0#14.0#VAR 1261 0 0.455371 0.544629 
 ----> 6.6#11.9#4.0#14.0#VAR 1262 1 0.472749 0.527251 
 ----> 6.6#11.9#4.0#14.0#VAR 1263 0 0.487723 0.512277 
 ----> 6.6#11.9#4.0#14.0#VAR 1264 0 0.504838 0.495162 
 ----> 6.6#11.9#4.0#14.0#VAR 1265 1 0.466472 0.533528 
 ----> 6.6#11.9#4.0#14.0#VAR 1266 0 0.48883 0.51117 
 ----> 6.6#11.9#4.0#14.0#VAR 1267 0 0.522304 0.477696 
 ----> 6.6#11.9#4.0#14.0#VAR 1268 0 0.508732 0.491268 
 ----> 6.6#11.9#4.0#14.0#VAR 1269 1 0.455271 0.544729 
 ----> 6.6#11.9#4.0#14.0#VAR 1270 1 0.462483 0.537517 
 ----> 6.6#11.9#4.0#14.0#VAR 1271 0 0.497627 0.502373 
 ----> 6.6#11.9#4.0#14.0#VAR 1272 0 0.484316 0.515684 
 ----> 6.6#11.9#4.0#14.0#VAR 1273 0 0.482902 0.517098 
 ----> 6.6#11.9#4.0#14.0#VAR 1274 1 0.448925 0.551075 
 ----> 6.6#11.9#4.0#14.0#VAR 1275 1 0.466938 0.533062 
 ----> 6.6#11.9#4.0#14.0#VAR 1276 0 0.494284 0.505716 
 ----> 6.6#11.9#4.0#14.0#VAR 1277 1 0.448761 0.551239 
 ----> 6.6#11.9#4.0#14.0#VAR 1278 1 0.469809 0.530191 
 ----> 6.6#11.9#4.0#14.0#VAR 1279 1 0.463525 0.536475 
 ----> 6.6#11.9#4.0#14.0#VAR 1280 1 0.451205 0.548795 
 ----> 6.6#11.9#4.0#14.0#VAR 1281 1 0.451583 0.548417 
 ----> 6.6#11.9#4.0#14.0#VAR 1282 1 0.434138 0.565862 
 ----> 6.6#11.9#4.0#14.0#VAR 1283 0 0.483816 0.516184 
 ----> 6.6#11.9#4.0#14.0#VAR 1284 1 0.45005 0.54995 
 ----> 6.6#11.9#4.0#14.0#VAR 1285 0 0.488367 0.511633 
 ----> 6.6#11.9#4.0#14.0#VAR 1286 1 0.454316 0.545684 
 ----> 6.6#11.9#4.0#14.0#VAR 1287 1 0.465616 0.534384 
 ----> 6.6#11.9#4.0#14.0#VAR 1288 1 0.461469 0.538531 
 ----> 6.6#11.9#4.0#14.0#VAR 1289 1 0.453657 0.546343 
 ----> 6.6#11.9#4.0#14.0#VAR 1290 1 0.434097 0.565903 
 ----> 6.6#11.9#4.0#14.0#VAR 1291 1 0.446191 0.553809 
 ----> 6.6#11.9#4.0#14.0#VAR 1292 0 0.472075 0.527925 
 ----> 6.6#11.9#4.0#14.0#VAR 1293 1 0.441773 0.558227 
 ----> 6.6#11.9#4.0#14.0#VAR 1294 1 0.451727 0.548273 
 ----> 6.6#11.9#4.0#14.0#VAR 1295 0 0.473186 0.526814 
 ----> 6.6#11.9#4.0#14.0#VAR 1296 1 0.447837 0.552163 
 ----> 6.6#11.9#4.0#14.0#VAR 1297 1 0.439815 0.560185 
 ----> 6.6#11.9#4.0#14.0#VAR 1298 1 0.453647 0.546353 
 ----> 6.6#11.9#4.0#14.0#VAR 1299 1 0.437844 0.562156 
 ----> 6.6#11.9#4.0#14.0#VAR 1300 0 0.467034 0.532966 
 ----> 6.6#11.9#4.0#14.0#VAR 1301 1 0.427498 0.572502 
 ----> 6.6#11.9#4.0#14.0#VAR 1302 1 0.452455 0.547545 
 ----> 6.6#11.9#4.0#14.0#VAR 1303 1 0.455437 0.544563 
 ----> 6.6#11.9#4.0#14.0#VAR 1304 1 0.445263 0.554737 
 ----> 6.6#11.9#4.0#14.0#VAR 1305 1 0.450736 0.549264 
 ----> 6.6#11.9#4.0#14.0#VAR 1306 0 0.451235 0.548765 
 ----> 6.6#11.9#4.0#14.0#VAR 1307 0 0.503411 0.496589 
 ----> 6.6#11.9#4.0#14.0#VAR 1308 1 0.424751 0.575249 
 ----> 6.6#11.9#4.0#14.0#VAR 1309 0 0.458 0.542 
 ----> 6.6#11.9#4.0#14.0#VAR 1310 1 0.464949 0.535051 
 ----> 6.6#11.9#4.0#14.0#VAR 1311 1 0.466945 0.533055 
 ----> 6.6#11.9#4.0#14.0#VAR 1312 1 0.47515 0.52485 
 ----> 6.6#11.9#4.0#14.0#VAR 1313 1 0.468724 0.531276 
 ----> 6.6#11.9#4.0#14.0#VAR 1314 0 0.447978 0.552022 
 ----> 6.6#11.9#4.0#14.0#VAR 1315 0 0.467434 0.532566 
 ----> 6.6#11.9#4.0#14.0#VAR 1316 0 0.462131 0.537869 
 ----> 6.6#11.9#4.0#14.0#VAR 1317 1 0.46865 0.53135 
 ----> 6.6#11.9#4.0#14.0#VAR 1318 1 0.468466 0.531534 
 ----> 6.6#11.9#4.0#14.0#VAR 1319 1 0.464728 0.535272 
 ----> 6.6#11.9#4.0#14.0#VAR 1320 0 0.48689 0.51311 
 ----> 6.6#11.9#4.0#14.0#VAR 1321 1 0.479543 0.520457 
 ----> 6.6#11.9#4.0#14.0#VAR 1322 0 0.502324 0.497676 
 ----> 6.6#11.9#4.0#14.0#VAR 1323 1 0.443561 0.556439 
 ----> 6.6#11.9#4.0#14.0#VAR 1324 0 0.48925 0.51075 
 ----> 6.6#11.9#4.0#14.0#VAR 1325 0 0.478814 0.521186 
 ----> 6.6#11.9#4.0#14.0#VAR 1326 0 0.479039 0.520961 
 ----> 6.6#11.9#4.0#14.0#VAR 1327 0 0.491309 0.508691 
 ----> 6.6#11.9#4.0#14.0#VAR 1328 0 0.51462 0.48538 
 ----> 6.6#11.9#4.0#14.0#VAR 1329 0 0.476741 0.523259 
 ----> 6.6#11.9#4.0#14.0#VAR 1330 0 0.502791 0.497209 
 ----> 6.6#11.9#4.0#14.0#VAR 1331 1 0.452512 0.547488 
 ----> 6.6#11.9#4.0#14.0#VAR 1332 0 0.491138 0.508862 
 ----> 6.6#11.9#4.0#14.0#VAR 1333 1 0.480322 0.519678 
 ----> 6.6#11.9#4.0#14.0#VAR 1334 0 0.489498 0.510502 
 ----> 6.6#11.9#4.0#14.0#VAR 1335 1 0.493199 0.506801 
 ----> 6.6#11.9#4.0#14.0#VAR 1336 0 0.505571 0.494429 
 ----> 6.6#11.9#4.0#14.0#VAR 1337 1 0.458844 0.541156 
 ----> 6.6#11.9#4.0#14.0#VAR 1338 1 0.455757 0.544243 
 ----> 6.6#11.9#4.0#14.0#VAR 1339 1 0.47722 0.52278 
 ----> 6.6#11.9#4.0#14.0#VAR 1340 1 0.452459 0.547541 
 ----> 6.6#11.9#4.0#14.0#VAR 1341 1 0.457823 0.542177 
 ----> 6.6#11.9#4.0#14.0#VAR 1342 1 0.459769 0.540231 
 ----> 6.6#11.9#4.0#14.0#VAR 1343 1 0.462242 0.537758 
 ----> 6.6#11.9#4.0#14.0#VAR 1344 0 0.513112 0.486888 
 ----> 6.6#11.9#4.0#14.0#VAR 1345 0 0.515848 0.484152 
 ----> 6.6#11.9#4.0#14.0#VAR 1346 0 0.503062 0.496938 
 ----> 6.6#11.9#4.0#14.0#VAR 1347 1 0.442247 0.557753 
 ----> 6.6#11.9#4.0#14.0#VAR 1348 0 0.517772 0.482228 
 ----> 6.6#11.9#4.0#14.0#VAR 1349 0 0.496256 0.503744 
 ----> 6.6#11.9#4.0#14.0#VAR 1350 1 0.470501 0.529499 
 ----> 6.6#11.9#4.0#14.0#VAR 1351 0 0.522732 0.477268 
 ----> 6.6#11.9#4.0#14.0#VAR 1352 0 0.487864 0.512136 
 ----> 6.6#11.9#4.0#14.0#VAR 1353 1 0.463488 0.536512 
 ----> 6.6#11.9#4.0#14.0#VAR 1354 1 0.445709 0.554291 
 ----> 6.6#11.9#4.0#14.0#VAR 1355 1 0.443722 0.556278 
 ----> 6.6#11.9#4.0#14.0#VAR 1356 0 0.499802 0.500198 
 ----> 6.6#11.9#4.0#14.0#VAR 1357 1 0.443698 0.556302 
 ----> 6.6#11.9#4.0#14.0#VAR 1358 0 0.518929 0.481071 
 ----> 6.6#11.9#4.0#14.0#VAR 1359 1 0.457416 0.542584 
 ----> 6.6#11.9#4.0#14.0#VAR 1360 0 0.487055 0.512945 
 ----> 6.6#11.9#4.0#14.0#VAR 1361 1 0.483685 0.516315 
 ----> 6.6#11.9#4.0#14.0#VAR 1362 0 0.490279 0.509721 
 ----> 6.6#11.9#4.0#14.0#VAR 1363 0 0.495353 0.504647 
 ----> 6.6#11.9#4.0#14.0#VAR 1364 1 0.468926 0.531074 
 ----> 6.6#11.9#4.0#14.0#VAR 1365 0 0.48343 0.51657 
 ----> 6.6#11.9#4.0#14.0#VAR 1366 1 0.435229 0.564771 
 ----> 6.6#11.9#4.0#14.0#VAR 1367 0 0.510843 0.489157 
 ----> 6.6#11.9#4.0#14.0#VAR 1368 0 0.509366 0.490634 
 ----> 6.6#11.9#4.0#14.0#VAR 1369 1 0.479623 0.520377 
 ----> 6.6#11.9#4.0#14.0#VAR 1370 1 0.448481 0.551519 
 ----> 6.6#11.9#4.0#14.0#VAR 1371 1 0.495882 0.504118 
 ----> 6.6#11.9#4.0#14.0#VAR 1372 0 0.522396 0.477604 
 ----> 6.6#11.9#4.0#14.0#VAR 1373 1 0.454495 0.545505 
 ----> 6.6#11.9#4.0#14.0#VAR 1374 0 0.485022 0.514978 
 ----> 6.6#11.9#4.0#14.0#VAR 1375 0 0.526949 0.473051 
 ----> 6.6#11.9#4.0#14.0#VAR 1376 1 0.480161 0.519839 
 ----> 6.6#11.9#4.0#14.0#VAR 1377 0 0.504197 0.495803 
 ----> 6.6#11.9#4.0#14.0#VAR 1378 0 0.495944 0.504056 
 ----> 6.6#11.9#4.0#14.0#VAR 1379 0 0.465903 0.534097 
 ----> 6.6#11.9#4.0#14.0#VAR 1380 0 0.494112 0.505888 
 ----> 6.6#11.9#4.0#14.0#VAR 1381 0 0.497939 0.502061 
 ----> 6.6#11.9#4.0#14.0#VAR 1382 1 0.469269 0.530731 
 ----> 6.6#11.9#4.0#14.0#VAR 1383 1 0.476824 0.523176 
 ----> 6.6#11.9#4.0#14.0#VAR 1384 1 0.495674 0.504326 
 ----> 6.6#11.9#4.0#14.0#VAR 1385 1 0.467687 0.532313 
 ----> 6.6#11.9#4.0#14.0#VAR 1386 1 0.472669 0.527331 
 ----> 6.6#11.9#4.0#14.0#VAR 1387 0 0.497049 0.502951 
 ----> 6.6#11.9#4.0#14.0#VAR 1388 1 0.478286 0.521714 
 ----> 6.6#11.9#4.0#14.0#VAR 1389 0 0.499074 0.500926 
 ----> 6.6#11.9#4.0#14.0#VAR 1390 1 0.480155 0.519845 
 ----> 6.6#11.9#4.0#14.0#VAR 1391 1 0.471292 0.528708 
 ----> 6.6#11.9#4.0#14.0#VAR 1392 1 0.463334 0.536666 
 ----> 6.6#11.9#4.0#14.0#VAR 1393 1 0.463546 0.536454 
 ----> 6.6#11.9#4.0#14.0#VAR 1394 0 0.491856 0.508144 
 ----> 6.6#11.9#4.0#14.0#VAR 1395 0 0.498975 0.501025 
 ----> 6.6#11.9#4.0#14.0#VAR 1396 1 0.475431 0.524569 
 ----> 6.6#11.9#4.0#14.0#VAR 1397 0 0.494282 0.505718 
 ----> 6.6#11.9#4.0#14.0#VAR 1398 0 0.527783 0.472217 
 ----> 6.6#11.9#4.0#14.0#VAR 1399 0 0.529715 0.470285 
 ----> 6.6#11.9#4.0#14.0#VAR 1400 0 0.510948 0.489052 
 ----> 6.6#11.9#4.0#14.0#VAR 1401 0 0.513046 0.486954 
 ----> 6.6#11.9#4.0#14.0#VAR 1402 0 0.52819 0.47181 
 ----> 6.6#11.9#4.0#14.0#VAR 1403 0 0.505341 0.494659 
 ----> 6.6#11.9#4.0#14.0#VAR 1404 1 0.465621 0.534379 
 ----> 6.6#11.9#4.0#14.0#VAR 1405 0 0.524112 0.475888 
 ----> 6.6#11.9#4.0#14.0#VAR 1406 0 0.514111 0.485889 
 ----> 6.6#11.9#4.0#14.0#VAR 1407 0 0.493323 0.506677 
 ----> 6.6#11.9#4.0#14.0#VAR 1408 0 0.490225 0.509775 
 ----> 6.6#11.9#4.0#14.0#VAR 1409 0 0.48061 0.51939 
 ----> 6.6#11.9#4.0#14.0#VAR 1410 1 0.472053 0.527947 
 ----> 6.6#11.9#4.0#14.0#VAR 1411 0 0.50097 0.49903 
 ----> 6.6#11.9#4.0#14.0#VAR 1412 0 0.482238 0.517762 
 ----> 6.6#11.9#4.0#14.0#VAR 1413 1 0.48763 0.51237 
 ----> 6.6#11.9#4.0#14.0#VAR 1414 0 0.529045 0.470955 
 ----> 6.6#11.9#4.0#14.0#VAR 1415 1 0.486994 0.513006 
 ----> 6.6#11.9#4.0#14.0#VAR 1416 0 0.510233 0.489767 
 ----> 6.6#11.9#4.0#14.0#VAR 1417 1 0.475977 0.524023 
 ----> 6.6#11.9#4.0#14.0#VAR 1418 0 0.525231 0.474769 
 ----> 6.6#11.9#4.0#14.0#VAR 1419 0 0.513799 0.486201 
 ----> 6.6#11.9#4.0#14.0#VAR 1420 0 0.517356 0.482644 
 ----> 6.6#11.9#4.0#14.0#VAR 1421 0 0.523001 0.476999 
 ----> 6.6#11.9#4.0#14.0#VAR 1422 1 0.500022 0.499978 
 ----> 6.6#11.9#4.0#14.0#VAR 1423 0 0.540938 0.459062 
 ----> 6.6#11.9#4.0#14.0#VAR 1424 0 0.4947 0.5053 
 ----> 6.6#11.9#4.0#14.0#VAR 1425 0 0.497504 0.502496 
 ----> 6.6#11.9#4.0#14.0#VAR 1426 0 0.494794 0.505206 
 ----> 6.6#11.9#4.0#14.0#VAR 1427 0 0.496776 0.503224 
 ----> 6.6#11.9#4.0#14.0#VAR 1428 0 0.498443 0.501557 
 ----> 6.6#11.9#4.0#14.0#VAR 1429 1 0.47538 0.52462 
 ----> 6.6#11.9#4.0#14.0#VAR 1430 0 0.49686 0.50314 
 ----> 6.6#11.9#4.0#14.0#VAR 1431 1 0.499811 0.500189 
 ----> 6.6#11.9#4.0#14.0#VAR 1432 0 0.494726 0.505274 
 ----> 6.6#11.9#4.0#14.0#VAR 1433 1 0.469645 0.530355 
 ----> 6.6#11.9#4.0#14.0#VAR 1434 1 0.449196 0.550804 
 ----> 6.6#11.9#4.0#14.0#VAR 1435 0 0.510487 0.489513 
 ----> 6.6#11.9#4.0#14.0#VAR 1436 1 0.481422 0.518578 
 ----> 6.6#11.9#4.0#14.0#VAR 1437 0 0.474234 0.525766 
 ----> 6.6#11.9#4.0#14.0#VAR 1438 0 0.497923 0.502077 
 ----> 6.6#11.9#4.0#14.0#VAR 1439 0 0.509339 0.490661 
 ----> 6.6#11.9#4.0#14.0#VAR 1440 1 0.455929 0.544071 
 ----> 6.6#11.9#4.0#14.0#VAR 1441 1 0.476549 0.523451 
 ----> 6.6#11.9#4.0#14.0#VAR 1442 1 0.464356 0.535644 
 ----> 6.6#11.9#4.0#14.0#VAR 1443 1 0.47189 0.52811 
 ----> 6.6#11.9#4.0#14.0#VAR 1444 0 0.517105 0.482895 
 ----> 6.6#11.9#4.0#14.0#VAR 1445 1 0.505104 0.494896 
 ----> 6.6#11.9#4.0#14.0#VAR 1446 0 0.551568 0.448432 
 ----> 6.6#11.9#4.0#14.0#VAR 1447 1 0.493319 0.506681 
 ----> 6.6#11.9#4.0#14.0#VAR 1448 0 0.515434 0.484566 
 ----> 6.6#11.9#4.0#14.0#VAR 1449 1 0.512071 0.487929 
 ----> 6.6#11.9#4.0#14.0#VAR 1450 1 0.473785 0.526215 
 ----> 6.6#11.9#4.0#14.0#VAR 1451 0 0.518155 0.481845 
 ----> 6.6#11.9#4.0#14.0#VAR 1452 0 0.530468 0.469532 
 ----> 6.6#11.9#4.0#14.0#VAR 1453 1 0.492942 0.507058 
 ----> 6.6#11.9#4.0#14.0#VAR 1454 1 0.488191 0.511809 
 ----> 6.6#11.9#4.0#14.0#VAR 1455 1 0.478427 0.521573 
 ----> 6.6#11.9#4.0#14.0#VAR 1456 0 0.498326 0.501674 
 ----> 6.6#11.9#4.0#14.0#VAR 1457 1 0.506903 0.493097 
 ----> 6.6#11.9#4.0#14.0#VAR 1458 1 0.476643 0.523357 
 ----> 6.6#11.9#4.0#14.0#VAR 1459 0 0.489365 0.510635 
 ----> 6.6#11.9#4.0#14.0#VAR 1460 0 0.515283 0.484717 
 ----> 6.6#11.9#4.0#14.0#VAR 1461 0 0.499294 0.500706 
 ----> 6.6#11.9#4.0#14.0#VAR 1462 0 0.4711 0.5289 
 ----> 6.6#11.9#4.0#14.0#VAR 1463 0 0.468805 0.531195 
 ----> 6.6#11.9#4.0#14.0#VAR 1464 1 0.474525 0.525475 
 ----> 6.6#11.9#4.0#14.0#VAR 1465 1 0.478642 0.521358 
 ----> 6.6#11.9#4.0#14.0#VAR 1466 1 0.459286 0.540714 
 ----> 6.6#11.9#4.0#14.0#VAR 1467 0 0.500044 0.499956 
 ----> 6.6#11.9#4.0#14.0#VAR 1468 0 0.466413 0.533587 
 ----> 6.6#11.9#4.0#14.0#VAR 1469 1 0.49383 0.50617 
 ----> 6.6#11.9#4.0#14.0#VAR 1470 0 0.489286 0.510714 
 ----> 6.6#11.9#4.0#14.0#VAR 1471 1 0.490656 0.509344 
 ----> 6.6#11.9#4.0#14.0#VAR 1472 0 0.499007 0.500993 
 ----> 6.6#11.9#4.0#14.0#VAR 1473 0 0.518939 0.481061 
 ----> 6.6#11.9#4.0#14.0#VAR 1474 1 0.509119 0.490881 
 ----> 6.6#11.9#4.0#14.0#VAR 1475 0 0.472397 0.527603 
 ----> 6.6#11.9#4.0#14.0#VAR 1476 1 0.471423 0.528577 
 ----> 6.6#11.9#4.0#14.0#VAR 1477 0 0.487259 0.512741 
 ----> 6.6#11.9#4.0#14.0#VAR 1478 0 0.499411 0.500589 
 ----> 6.6#11.9#4.0#14.0#VAR 1479 1 0.481358 0.518642 
 ----> 6.6#11.9#4.0#14.0#VAR 1480 0 0.499399 0.500601 
 ----> 6.6#11.9#4.0#14.0#VAR 1481 1 0.495108 0.504892 
 ----> 6.6#11.9#4.0#14.0#VAR 1482 0 0.505281 0.494719 
 ----> 6.6#11.9#4.0#14.0#VAR 1483 1 0.534826 0.465174 
 ----> 6.6#11.9#4.0#14.0#VAR 1484 0 0.502952 0.497048 
 ----> 6.6#11.9#4.0#14.0#VAR 1485 1 0.481255 0.518745 
 ----> 6.6#11.9#4.0#14.0#VAR 1486 1 0.489901 0.510099 
 ----> 6.6#11.9#4.0#14.0#VAR 1487 0 0.464118 0.535882 
 ----> 6.6#11.9#4.0#14.0#VAR 1488 1 0.502581 0.497419 
 ----> 6.6#11.9#4.0#14.0#VAR 1489 1 0.495996 0.504004 
 ----> 6.6#11.9#4.0#14.0#VAR 1490 1 0.505606 0.494394 
 ----> 6.6#11.9#4.0#14.0#VAR 1491 1 0.492638 0.507362 
 ----> 6.6#11.9#4.0#14.0#VAR 1492 1 0.482602 0.517398 
 ----> 6.6#11.9#4.0#14.0#VAR 1493 1 0.47715 0.52285 
 ----> 6.6#11.9#4.0#14.0#VAR 1494 1 0.512556 0.487444 
 ----> 6.6#11.9#4.0#14.0#VAR 1495 0 0.497953 0.502047 
 ----> 6.6#11.9#4.0#14.0#VAR 1496 0 0.489724 0.510276 
 ----> 6.6#11.9#4.0#14.0#VAR 1497 1 0.506606 0.493394 
 ----> 6.6#11.9#4.0#14.0#VAR 1498 0 0.487168 0.512832 
 ----> 6.6#11.9#4.0#14.0#VAR 1499 1 0.476263 0.523737 
 ----> 6.6#11.9#4.0#14.0#VAR 1500 0 0.481349 0.518651 
 ----> 6.6#11.9#4.0#14.0#VAR 1501 0 0.50594 0.49406 
 ----> 6.6#11.9#4.0#14.0#VAR 1502 1 0.503516 0.496484 
 ----> 6.6#11.9#4.0#14.0#VAR 1503 1 0.491146 0.508854 
 ----> 6.6#11.9#4.0#14.0#VAR 1504 1 0.483566 0.516434 
 ----> 6.6#11.9#4.0#14.0#VAR 1505 1 0.494182 0.505818 
 ----> 6.6#11.9#4.0#14.0#VAR 1506 1 0.503642 0.496358 
 ----> 6.6#11.9#4.0#14.0#VAR 1507 1 0.503946 0.496054 
 ----> 6.6#11.9#4.0#14.0#VAR 1508 0 0.484949 0.515051 
 ----> 6.6#11.9#4.0#14.0#VAR 1509 0 0.499972 0.500028 
 ----> 6.6#11.9#4.0#14.0#VAR 1510 0 0.49648 0.50352 
 ----> 6.6#11.9#4.0#14.0#VAR 1511 0 0.486584 0.513416 
 ----> 6.6#11.9#4.0#14.0#VAR 1512 0 0.49362 0.50638 
 ----> 6.6#11.9#4.0#14.0#VAR 1513 0 0.487045 0.512955 
 ----> 6.6#11.9#4.0#14.0#VAR 1514 0 0.503314 0.496686 
 ----> 6.6#11.9#4.0#14.0#VAR 1515 0 0.476557 0.523443 
 ----> 6.6#11.9#4.0#14.0#VAR 1516 1 0.497157 0.502843 
 ----> 6.6#11.9#4.0#14.0#VAR 1517 0 0.483971 0.516029 
 ----> 6.6#11.9#4.0#14.0#VAR 1518 0 0.498778 0.501222 
 ----> 6.6#11.9#4.0#14.0#VAR 1519 0 0.484271 0.515729 
 ----> 6.6#11.9#4.0#14.0#VAR 1520 0 0.512745 0.487255 
 ----> 6.6#11.9#4.0#14.0#VAR 1521 0 0.51528 0.48472 
 ----> 6.6#11.9#4.0#14.0#VAR 1522 0 0.516458 0.483542 
 ----> 6.6#11.9#4.0#14.0#VAR 1523 1 0.498404 0.501596 
 ----> 6.6#11.9#4.0#14.0#VAR 1524 0 0.495165 0.504835 
 ----> 6.6#11.9#4.0#14.0#VAR 1525 0 0.494232 0.505768 
 ----> 6.6#11.9#4.0#14.0#VAR 1526 0 0.507336 0.492664 
 ----> 6.6#11.9#4.0#14.0#VAR 1527 0 0.473037 0.526963 
 ----> 6.6#11.9#4.0#14.0#VAR 1528 0 0.48799 0.51201 
 ----> 6.6#11.9#4.0#14.0#VAR 1529 1 0.488824 0.511176 
 ----> 6.6#11.9#4.0#14.0#VAR 1530 0 0.546308 0.453692 
 ----> 6.6#11.9#4.0#14.0#VAR 1531 1 0.485592 0.514408 
 ----> 6.6#11.9#4.0#14.0#VAR 1532 0 0.504811 0.495189 
 ----> 6.6#11.9#4.0#14.0#VAR 1533 1 0.499533 0.500467 
 ----> 6.6#11.9#4.0#14.0#VAR 1534 1 0.507994 0.492006 
 ----> 6.6#11.9#4.0#14.0#VAR 1535 1 0.541202 0.458798 
 ----> 6.6#11.9#4.0#14.0#VAR 1536 1 0.509056 0.490944 
 ----> 6.6#11.9#4.0#14.0#VAR 1537 1 0.507808 0.492192 
 ----> 6.6#11.9#4.0#14.0#VAR 1538 1 0.513842 0.486158 
 ----> 6.6#11.9#4.0#14.0#VAR 1539 0 0.498529 0.501471 
 ----> 6.6#11.9#4.0#14.0#VAR 1540 1 0.487709 0.512291 
 ----> 6.6#11.9#4.0#14.0#VAR 1541 0 0.48151 0.51849 
 ----> 6.6#11.9#4.0#14.0#VAR 1542 0 0.501643 0.498357 
 ----> 6.6#11.9#4.0#14.0#VAR 1543 0 0.482948 0.517052 
 ----> 6.6#11.9#4.0#14.0#VAR 1544 0 0.493026 0.506974 
 ----> 6.6#11.9#4.0#14.0#VAR 1545 0 0.532136 0.467864 
 ----> 6.6#11.9#4.0#14.0#VAR 1546 1 0.518654 0.481346 
 ----> 6.6#11.9#4.0#14.0#VAR 1547 0 0.524331 0.475669 
 ----> 6.6#11.9#4.0#14.0#VAR 1548 1 0.493406 0.506594 
 ----> 6.6#11.9#4.0#14.0#VAR 1549 0 0.506066 0.493934 
 ----> 6.6#11.9#4.0#14.0#VAR 1550 0 0.483256 0.516744 
 ----> 6.6#11.9#4.0#14.0#VAR 1551 0 0.481019 0.518981 
 ----> 6.6#11.9#4.0#14.0#VAR 1552 0 0.501741 0.498259 
 ----> 6.6#11.9#4.0#14.0#VAR 1553 0 0.489092 0.510908 
 ----> 6.6#11.9#4.0#14.0#VAR 1554 1 0.499363 0.500637 
 ----> 6.6#11.9#4.0#14.0#VAR 1555 1 0.471258 0.528742 
 ----> 6.6#11.9#4.0#14.0#VAR 1556 1 0.505097 0.494903 
 ----> 6.6#11.9#4.0#14.0#VAR 1557 0 0.502189 0.497811 
 ----> 6.6#11.9#4.0#14.0#VAR 1558 0 0.517353 0.482647 
 ----> 6.6#11.9#4.0#14.0#VAR 1559 1 0.509658 0.490342 
 ----> 6.6#11.9#4.0#14.0#VAR 1560 1 0.498738 0.501262 
 ----> 6.6#11.9#4.0#14.0#VAR 1561 0 0.500272 0.499728 
 ----> 6.6#11.9#4.0#14.0#VAR 1562 0 0.523525 0.476475 
 ----> 6.6#11.9#4.0#14.0#VAR 1563 1 0.52089 0.47911 
 ----> 6.6#11.9#4.0#14.0#VAR 1564 0 0.527035 0.472965 
 ----> 6.6#11.9#4.0#14.0#VAR 1565 0 0.519025 0.480975 
 ----> 6.6#11.9#4.0#14.0#VAR 1566 0 0.532033 0.467967 
 ----> 6.6#11.9#4.0#14.0#VAR 1567 1 0.525834 0.474166 
 ----> 6.6#11.9#4.0#14.0#VAR 1568 0 0.524824 0.475176 
 ----> 6.6#11.9#4.0#14.0#VAR 1569 0 0.504961 0.495039 
 ----> 6.6#11.9#4.0#14.0#VAR 1570 1 0.505234 0.494766 
 ----> 6.6#11.9#4.0#14.0#VAR 1571 1 0.521967 0.478033 
 ----> 6.6#11.9#4.0#14.0#VAR 1572 0 0.546879 0.453121 
 ----> 6.6#11.9#4.0#14.0#VAR 1573 0 0.522855 0.477145 
 ----> 6.6#11.9#4.0#14.0#VAR 1574 1 0.505907 0.494093 
 ----> 6.6#11.9#4.0#14.0#VAR 1575 0 0.536472 0.463528 
 ----> 6.6#11.9#4.0#14.0#VAR 1576 1 0.509848 0.490152 
 ----> 6.6#11.9#4.0#14.0#VAR 1577 1 0.514264 0.485736 
 ----> 6.6#11.9#4.0#14.0#VAR 1578 0 0.514964 0.485036 
 ----> 6.6#11.9#4.0#14.0#VAR 1579 0 0.504983 0.495017 
 ----> 6.6#11.9#4.0#14.0#VAR 1580 0 0.524113 0.475887 
 ----> 6.6#11.9#4.0#14.0#VAR 1581 0 0.510109 0.489891 
 ----> 6.6#11.9#4.0#14.0#VAR 1582 1 0.508439 0.491561 
 ----> 6.6#11.9#4.0#14.0#VAR 1583 1 0.510275 0.489725 
 ----> 6.6#11.9#4.0#14.0#VAR 1584 0 0.515913 0.484087 
 ----> 6.6#11.9#4.0#14.0#VAR 1585 0 0.507732 0.492268 
 ----> 6.6#11.9#4.0#14.0#VAR 1586 0 0.515222 0.484778 
 ----> 6.6#11.9#4.0#14.0#VAR 1587 0 0.503541 0.496459 
 ----> 6.6#11.9#4.0#14.0#VAR 1588 0 0.550971 0.449029 
 ----> 6.6#11.9#4.0#14.0#VAR 1589 0 0.521559 0.478441 
 ----> 6.6#11.9#4.0#14.0#VAR 1590 1 0.517078 0.482922 
 ----> 6.6#11.9#4.0#14.0#VAR 1591 0 0.490035 0.509965 
 ----> 6.6#11.9#4.0#14.0#VAR 1592 0 0.522251 0.477749 
 ----> 6.6#11.9#4.0#14.0#VAR 1593 1 0.510126 0.489874 
 ----> 6.6#11.9#4.0#14.0#VAR 1594 1 0.519557 0.480443 
 ----> 6.6#11.9#4.0#14.0#VAR 1595 1 0.497382 0.502618 
 ----> 6.6#11.9#4.0#14.0#VAR 1596 1 0.516488 0.483512 
 ----> 6.6#11.9#4.0#14.0#VAR 1597 0 0.522757 0.477243 
 ----> 6.6#11.9#4.0#14.0#VAR 1598 1 0.472756 0.527244 
 ----> 6.6#11.9#4.0#14.0#VAR 1599 0 0.516871 0.483129 
 ----> 6.6#11.9#4.0#14.0#VAR 1600 0 0.517025 0.482975 
 ----> 6.6#11.9#4.0#14.0#VAR 1601 0 0.507205 0.492795 
 ----> 6.6#11.9#4.0#14.0#VAR 1602 1 0.501791 0.498209 
 ----> 6.6#11.9#4.0#14.0#VAR 1603 0 0.531095 0.468905 
 ----> 6.6#11.9#4.0#14.0#VAR 1604 0 0.511937 0.488063 
 ----> 6.6#11.9#4.0#14.0#VAR 1605 0 0.488371 0.511629 
 ----> 6.6#11.9#4.0#14.0#VAR 1606 1 0.495426 0.504574 
 ----> 6.6#11.9#4.0#14.0#VAR 1607 0 0.497167 0.502833 
 ----> 6.6#11.9#4.0#14.0#VAR 1608 0 0.505844 0.494156 
 ----> 6.6#11.9#4.0#14.0#VAR 1609 0 0.517928 0.482072 
 ----> 6.6#11.9#4.0#14.0#VAR 1610 0 0.48748 0.51252 
 ----> 6.6#11.9#4.0#14.0#VAR 1611 1 0.544624 0.455376 
 ----> 6.6#11.9#4.0#14.0#VAR 1612 1 0.538253 0.461747 
 ----> 6.6#11.9#4.0#14.0#VAR 1613 1 0.481044 0.518956 
 ----> 6.6#11.9#4.0#14.0#VAR 1614 0 0.488164 0.511836 
 ----> 6.6#11.9#4.0#14.0#VAR 1615 0 0.489708 0.510292 
 ----> 6.6#11.9#4.0#14.0#VAR 1616 0 0.492756 0.507244 
 ----> 6.6#11.9#4.0#14.0#VAR 1617 0 0.488064 0.511936 
 ----> 6.6#11.9#4.0#14.0#VAR 1618 1 0.477173 0.522827 
 ----> 6.6#11.9#4.0#14.0#VAR 1619 0 0.490597 0.509403 
 ----> 6.6#11.9#4.0#14.0#VAR 1620 1 0.490244 0.509756 
 ----> 6.6#11.9#4.0#14.0#VAR 1621 1 0.482836 0.517164 
 ----> 6.6#11.9#4.0#14.0#VAR 1622 0 0.487905 0.512095 
 ----> 6.6#11.9#4.0#14.0#VAR 1623 0 0.505937 0.494063 
 ----> 6.6#11.9#4.0#14.0#VAR 1624 0 0.485531 0.514469 
 ----> 6.6#11.9#4.0#14.0#VAR 1625 1 0.487602 0.512398 
 ----> 6.6#11.9#4.0#14.0#VAR 1626 0 0.477679 0.522321 
 ----> 6.6#11.9#4.0#14.0#VAR 1627 1 0.492864 0.507136 
 ----> 6.6#11.9#4.0#14.0#VAR 1628 0 0.500784 0.499216 
 ----> 6.6#11.9#4.0#14.0#VAR 1629 1 0.510437 0.489563 
 ----> 6.6#11.9#4.0#14.0#VAR 1630 1 0.49392 0.50608 
 ----> 6.6#11.9#4.0#14.0#VAR 1631 1 0.514054 0.485946 
 ----> 6.6#11.9#4.0#14.0#VAR 1632 0 0.52712 0.47288 
 ----> 6.6#11.9#4.0#14.0#VAR 1633 0 0.510398 0.489602 
 ----> 6.6#11.9#4.0#14.0#VAR 1634 1 0.527851 0.472149 
 ----> 6.6#11.9#4.0#14.0#VAR 1635 0 0.508303 0.491697 
 ----> 6.6#11.9#4.0#14.0#VAR 1636 0 0.497225 0.502775 
 ----> 6.6#11.9#4.0#14.0#VAR 1637 0 0.500979 0.499021 
 ----> 6.6#11.9#4.0#14.0#VAR 1638 0 0.491735 0.508265 
 ----> 6.6#11.9#4.0#14.0#VAR 1639 0 0.495852 0.504148 
 ----> 6.6#11.9#4.0#14.0#VAR 1640 1 0.519534 0.480466 
 ----> 6.6#11.9#4.0#14.0#VAR 1641 1 0.525434 0.474566 
 ----> 6.6#11.9#4.0#14.0#VAR 1642 0 0.494781 0.505219 
 ----> 6.6#11.9#4.0#14.0#VAR 1643 1 0.469883 0.530117 
 ----> 6.6#11.9#4.0#14.0#VAR 1644 1 0.486017 0.513983 
 ----> 6.6#11.9#4.0#14.0#VAR 1645 0 0.497688 0.502312 
 ----> 6.6#11.9#4.0#14.0#VAR 1646 0 0.490811 0.509189 
 ----> 6.6#11.9#4.0#14.0#VAR 1647 0 0.488469 0.511531 
 ----> 6.6#11.9#4.0#14.0#VAR 1648 0 0.476227 0.523773 
 ----> 6.6#11.9#4.0#14.0#VAR 1649 0 0.476311 0.523689 
 ----> 6.6#11.9#4.0#14.0#VAR 1650 1 0.515651 0.484349 
 ----> 6.6#11.9#4.0#14.0#VAR 1651 1 0.493123 0.506877 
 ----> 6.6#11.9#4.0#14.0#VAR 1652 1 0.492281 0.507719 
 ----> 6.6#11.9#4.0#14.0#VAR 1653 1 0.527131 0.472869 
 ----> 6.6#11.9#4.0#14.0#VAR 1654 0 0.513895 0.486105 
 ----> 6.6#11.9#4.0#14.0#VAR 1655 1 0.483948 0.516052 
 ----> 6.6#11.9#4.0#14.0#VAR 1656 1 0.520919 0.479081 
 ----> 6.6#11.9#4.0#14.0#VAR 1657 0 0.499637 0.500363 
 ----> 6.6#11.9#4.0#14.0#VAR 1658 1 0.514559 0.485441 
 ----> 6.6#11.9#4.0#14.0#VAR 1659 0 0.515277 0.484723 
 ----> 6.6#11.9#4.0#14.0#VAR 1660 0 0.50493 0.49507 
 ----> 6.6#11.9#4.0#14.0#VAR 1661 1 0.506032 0.493968 
 ----> 6.6#11.9#4.0#14.0#VAR 1662 0 0.501279 0.498721 
 ----> 6.6#11.9#4.0#14.0#VAR 1663 0 0.475334 0.524666 
 ----> 6.6#11.9#4.0#14.0#VAR 1664 0 0.495696 0.504304 
 ----> 6.6#11.9#4.0#14.0#VAR 1665 0 0.484488 0.515512 
 ----> 6.6#11.9#4.0#14.0#VAR 1666 0 0.496426 0.503574 
 ----> 6.6#11.9#4.0#14.0#VAR 1667 1 0.480515 0.519485 
 ----> 6.6#11.9#4.0#14.0#VAR 1668 1 0.510948 0.489052 
 ----> 6.6#11.9#4.0#14.0#VAR 1669 0 0.501871 0.498129 
 ----> 6.6#11.9#4.0#14.0#VAR 1670 0 0.50559 0.49441 
 ----> 6.6#11.9#4.0#14.0#VAR 1671 0 0.477869 0.522131 
 ----> 6.6#11.9#4.0#14.0#VAR 1672 0 0.504829 0.495171 
 ----> 6.6#11.9#4.0#14.0#VAR 1673 0 0.505893 0.494107 
 ----> 6.6#11.9#4.0#14.0#VAR 1674 0 0.508354 0.491646 
 ----> 6.6#11.9#4.0#14.0#VAR 1675 1 0.498768 0.501232 
 ----> 6.6#11.9#4.0#14.0#VAR 1676 1 0.522605 0.477395 
 ----> 6.6#11.9#4.0#14.0#VAR 1677 1 0.49561 0.50439 
 ----> 6.6#11.9#4.0#14.0#VAR 1678 0 0.482051 0.517949 
 ----> 6.6#11.9#4.0#14.0#VAR 1679 0 0.493987 0.506013 
 ----> 6.6#11.9#4.0#14.0#VAR 1680 0 0.516474 0.483526 
 ----> 6.6#11.9#4.0#14.0#VAR 1681 0 0.498861 0.501139 
 ----> 6.6#11.9#4.0#14.0#VAR 1682 0 0.512374 0.487626 
 ----> 6.6#11.9#4.0#14.0#VAR 1683 0 0.509903 0.490097 
 ----> 6.6#11.9#4.0#14.0#VAR 1684 0 0.513247 0.486753 
 ----> 6.6#11.9#4.0#14.0#VAR 1685 1 0.486919 0.513081 
 ----> 6.6#11.9#4.0#14.0#VAR 1686 0 0.5034 0.4966 
 ----> 6.6#11.9#4.0#14.0#VAR 1687 1 0.503068 0.496932 
 ----> 6.6#11.9#4.0#14.0#VAR 1688 0 0.518977 0.481023 
 ----> 6.6#11.9#4.0#14.0#VAR 1689 0 0.495209 0.504791 
 ----> 6.6#11.9#4.0#14.0#VAR 1690 0 0.50245 0.49755 
 ----> 6.6#11.9#4.0#14.0#VAR 1691 0 0.510389 0.489611 
 ----> 6.6#11.9#4.0#14.0#VAR 1692 0 0.522887 0.477113 
 ----> 6.6#11.9#4.0#14.0#VAR 1693 1 0.507222 0.492778 
 ----> 6.6#11.9#4.0#14.0#VAR 1694 1 0.514104 0.485896 
 ----> 6.6#11.9#4.0#14.0#VAR 1695 1 0.521681 0.478319 
 ----> 6.6#11.9#4.0#14.0#VAR 1696 0 0.523378 0.476622 
 ----> 6.6#11.9#4.0#14.0#VAR 1697 0 0.479708 0.520292 
 ----> 6.6#11.9#4.0#14.0#VAR 1698 0 0.493578 0.506422 
 ----> 6.6#11.9#4.0#14.0#VAR 1699 0 0.49461 0.50539 
 ----> 6.6#11.9#4.0#14.0#VAR 1700 0 0.519271 0.480729 
 ----> 6.6#11.9#4.0#14.0#VAR 1701 0 0.453102 0.546898 
 ----> 6.6#11.9#4.0#14.0#VAR 1702 0 0.510574 0.489426 
 ----> 6.6#11.9#4.0#14.0#VAR 1703 0 0.481344 0.518656 
 ----> 6.6#11.9#4.0#14.0#VAR 1704 0 0.504774 0.495226 
 ----> 6.6#11.9#4.0#14.0#VAR 1705 0 0.489157 0.510843 
 ----> 6.6#11.9#4.0#14.0#VAR 1706 0 0.500736 0.499264 
 ----> 6.6#11.9#4.0#14.0#VAR 1707 0 0.496377 0.503623 
 ----> 6.6#11.9#4.0#14.0#VAR 1708 0 0.539444 0.460556 
 ----> 6.6#11.9#4.0#14.0#VAR 1709 0 0.501234 0.498766 
 ----> 6.6#11.9#4.0#14.0#VAR 1710 0 0.506117 0.493883 
 ----> 6.6#11.9#4.0#14.0#VAR 1711 0 0.50753 0.49247 
 ----> 6.6#11.9#4.0#14.0#VAR 1712 0 0.513393 0.486607 
 ----> 6.6#11.9#4.0#14.0#VAR 1713 1 0.50843 0.49157 
 ----> 6.6#11.9#4.0#14.0#VAR 1714 0 0.500595 0.499405 
 ----> 6.6#11.9#4.0#14.0#VAR 1715 0 0.511403 0.488597 
 ----> 6.6#11.9#4.0#14.0#VAR 1716 0 0.52282 0.47718 
 ----> 6.6#11.9#4.0#14.0#VAR 1717 0 0.510062 0.489938 
 ----> 6.6#11.9#4.0#14.0#VAR 1718 0 0.526529 0.473471 
 ----> 6.6#11.9#4.0#14.0#VAR 1719 0 0.525304 0.474696 
 ----> 6.6#11.9#4.0#14.0#VAR 1720 0 0.522645 0.477355 
 ----> 6.6#11.9#4.0#14.0#VAR 1721 0 0.504556 0.495444 
 ----> 6.6#11.9#4.0#14.0#VAR 1722 0 0.513991 0.486009 
 ----> 6.6#11.9#4.0#14.0#VAR 1723 1 0.518733 0.481267 
 ----> 6.6#11.9#4.0#14.0#VAR 1724 1 0.500635 0.499365 
 ----> 6.6#11.9#4.0#14.0#VAR 1725 1 0.528554 0.471446 
 ----> 6.6#11.9#4.0#14.0#VAR 1726 0 0.516791 0.483209 
 ----> 6.6#11.9#4.0#14.0#VAR 1727 0 0.534713 0.465287 
 ----> 6.6#11.9#4.0#14.0#VAR 1728 0 0.542247 0.457753 
 ----> 6.6#11.9#4.0#14.0#VAR 1729 0 0.519693 0.480307 
 ----> 6.6#11.9#4.0#14.0#VAR 1730 1 0.53992 0.46008 
 ----> 6.6#11.9#4.0#14.0#VAR 1731 1 0.517204 0.482796 
 ----> 6.6#11.9#4.0#14.0#VAR 1732 0 0.503956 0.496044 
 ----> 6.6#11.9#4.0#14.0#VAR 1733 0 0.544439 0.455561 
 ----> 6.6#11.9#4.0#14.0#VAR 1734 0 0.50757 0.49243 
 ----> 6.6#11.9#4.0#14.0#VAR 1735 0 0.519232 0.480768 
 ----> 6.6#11.9#4.0#14.0#VAR 1736 0 0.497378 0.502622 
 ----> 6.6#11.9#4.0#14.0#VAR 1737 1 0.522206 0.477794 
 ----> 6.6#11.9#4.0#14.0#VAR 1738 0 0.547931 0.452069 
 ----> 6.6#11.9#4.0#14.0#VAR 1739 0 0.535475 0.464525 
 ----> 6.6#11.9#4.0#14.0#VAR 1740 0 0.533795 0.466205 
 ----> 6.6#11.9#4.0#14.0#VAR 1741 1 0.512746 0.487254 
 ----> 6.6#11.9#4.0#14.0#VAR 1742 0 0.491852 0.508148 
 ----> 6.6#11.9#4.0#14.0#VAR 1743 0 0.522161 0.477839 
 ----> 6.6#11.9#4.0#14.0#VAR 1744 0 0.492736 0.507264 
 ----> 6.6#11.9#4.0#14.0#VAR 1745 0 0.516887 0.483113 
 ----> 6.6#11.9#4.0#14.0#VAR 1746 1 0.518804 0.481196 
 ----> 6.6#11.9#4.0#14.0#VAR 1747 1 0.504878 0.495122 
 ----> 6.6#11.9#4.0#14.0#VAR 1748 1 0.528091 0.471909 
 ----> 6.6#11.9#4.0#14.0#VAR 1749 1 0.500612 0.499388 
 ----> 6.6#11.9#4.0#14.0#VAR 1750 1 0.51555 0.48445 
 ----> 6.6#11.9#4.0#14.0#VAR 1751 1 0.515302 0.484698 
 ----> 6.6#11.9#4.0#14.0#VAR 1752 1 0.534168 0.465832 
 ----> 6.6#11.9#4.0#14.0#VAR 1753 1 0.526231 0.473769 
 ----> 6.6#11.9#4.0#14.0#VAR 1754 0 0.533812 0.466188 
 ----> 6.6#11.9#4.0#14.0#VAR 1755 0 0.521829 0.478171 
 ----> 6.6#11.9#4.0#14.0#VAR 1756 0 0.512974 0.487026 
 ----> 6.6#11.9#4.0#14.0#VAR 1757 1 0.562547 0.437453 
 ----> 6.6#11.9#4.0#14.0#VAR 1758 1 0.504358 0.495642 
 ----> 6.6#11.9#4.0#14.0#VAR 1759 1 0.519496 0.480504 
 ----> 6.6#11.9#4.0#14.0#VAR 1760 0 0.518239 0.481761 
 ----> 6.6#11.9#4.0#14.0#VAR 1761 0 0.515305 0.484695 
 ----> 6.6#11.9#4.0#14.0#VAR 1762 1 0.4803 0.5197 
 ----> 6.6#11.9#4.0#14.0#VAR 1763 1 0.518152 0.481848 
 ----> 6.6#11.9#4.0#14.0#VAR 1764 1 0.523978 0.476022 
 ----> 6.6#11.9#4.0#14.0#VAR 1765 1 0.536938 0.463062 
 ----> 6.6#11.9#4.0#14.0#VAR 1766 0 0.498064 0.501936 
 ----> 6.6#11.9#4.0#14.0#VAR 1767 0 0.524545 0.475455 
 ----> 6.6#11.9#4.0#14.0#VAR 1768 0 0.533354 0.466646 
 ----> 6.6#11.9#4.0#14.0#VAR 1769 1 0.525506 0.474494 
 ----> 6.6#11.9#4.0#14.0#VAR 1770 0 0.506459 0.493541 
 ----> 6.6#11.9#4.0#14.0#VAR 1771 1 0.516255 0.483745 
 ----> 6.6#11.9#4.0#14.0#VAR 1772 0 0.511205 0.488795 
 ----> 6.6#11.9#4.0#14.0#VAR 1773 1 0.503732 0.496268 
 ----> 6.6#11.9#4.0#14.0#VAR 1774 1 0.487756 0.512244 
 ----> 6.6#11.9#4.0#14.0#VAR 1775 0 0.489241 0.510759 
 ----> 6.6#11.9#4.0#14.0#VAR 1776 0 0.510623 0.489377 
 ----> 6.6#11.9#4.0#14.0#VAR 1777 1 0.536365 0.463635 
 ----> 6.6#11.9#4.0#14.0#VAR 1778 0 0.514725 0.485275 
 ----> 6.6#11.9#4.0#14.0#VAR 1779 1 0.515855 0.484145 
 ----> 6.6#11.9#4.0#14.0#VAR 1780 1 0.50958 0.49042 
 ----> 6.6#11.9#4.0#14.0#VAR 1781 1 0.512479 0.487521 
 ----> 6.6#11.9#4.0#14.0#VAR 1782 0 0.509022 0.490978 
 ----> 6.6#11.9#4.0#14.0#VAR 1783 0 0.503252 0.496748 
 ----> 6.6#11.9#4.0#14.0#VAR 1784 1 0.524719 0.475281 
 ----> 6.6#11.9#4.0#14.0#VAR 1785 1 0.508244 0.491756 
 ----> 6.6#11.9#4.0#14.0#VAR 1786 0 0.51726 0.48274 
 ----> 6.6#11.9#4.0#14.0#VAR 1787 0 0.509488 0.490512 
 ----> 6.6#11.9#4.0#14.0#VAR 1788 0 0.50247 0.49753 
 ----> 6.6#11.9#4.0#14.0#VAR 1789 1 0.505624 0.494376 
 ----> 6.6#11.9#4.0#14.0#VAR 1790 1 0.506382 0.493618 
 ----> 6.6#11.9#4.0#14.0#VAR 1791 1 0.503182 0.496818 
 ----> 6.6#11.9#4.0#14.0#VAR 1792 1 0.48223 0.51777 
 ----> 6.6#11.9#4.0#14.0#VAR 1793 0 0.488254 0.511746 
 ----> 6.6#11.9#4.0#14.0#VAR 1794 1 0.520258 0.479742 
 ----> 6.6#11.9#4.0#14.0#VAR 1795 0 0.504629 0.495371 
 ----> 6.6#11.9#4.0#14.0#VAR 1796 1 0.496216 0.503784 
 ----> 6.6#11.9#4.0#14.0#VAR 1797 0 0.510164 0.489836 
 ----> 6.6#11.9#4.0#14.0#VAR 1798 0 0.487722 0.512278 
 ----> 6.6#11.9#4.0#14.0#VAR 1799 0 0.491216 0.508784 
 ----> 6.6#11.9#4.0#14.0#VAR 1800 0 0.514277 0.485723 
 ----> 6.6#11.9#4.0#14.0#VAR 1801 0 0.497017 0.502983 
 ----> 6.6#11.9#4.0#14.0#VAR 1802 0 0.49102 0.50898 
 ----> 6.6#11.9#4.0#14.0#VAR 1803 0 0.496983 0.503017 
 ----> 6.6#11.9#4.0#14.0#VAR 1804 0 0.502837 0.497163 
 ----> 6.6#11.9#4.0#14.0#VAR 1805 1 0.495996 0.504004 
 ----> 6.6#11.9#4.0#14.0#VAR 1806 0 0.507518 0.492482 
 ----> 6.6#11.9#4.0#14.0#VAR 1807 1 0.503453 0.496547 
 ----> 6.6#11.9#4.0#14.0#VAR 1808 0 0.502134 0.497866 
 ----> 6.6#11.9#4.0#14.0#VAR 1809 0 0.507728 0.492272 
 ----> 6.6#11.9#4.0#14.0#VAR 1810 1 0.524785 0.475215 
 ----> 6.6#11.9#4.0#14.0#VAR 1811 0 0.471114 0.528886 
 ----> 6.6#11.9#4.0#14.0#VAR 1812 0 0.495893 0.504107 
 ----> 6.6#11.9#4.0#14.0#VAR 1813 0 0.515567 0.484433 
 ----> 6.6#11.9#4.0#14.0#VAR 1814 1 0.498382 0.501618 
 ----> 6.6#11.9#4.0#14.0#VAR 1815 0 0.503661 0.496339 
 ----> 6.6#11.9#4.0#14.0#VAR 1816 0 0.490195 0.509805 
 ----> 6.6#11.9#4.0#14.0#VAR 1817 0 0.494461 0.505539 
 ----> 6.6#11.9#4.0#14.0#VAR 1818 1 0.516721 0.483279 
 ----> 6.6#11.9#4.0#14.0#VAR 1819 0 0.516448 0.483552 
 ----> 6.6#11.9#4.0#14.0#VAR 1820 1 0.513978 0.486022 
 ----> 6.6#11.9#4.0#14.0#VAR 1821 0 0.528982 0.471018 
 ----> 6.6#11.9#4.0#14.0#VAR 1822 1 0.520956 0.479044 
 ----> 6.6#11.9#4.0#14.0#VAR 1823 0 0.522099 0.477901 
 ----> 6.6#11.9#4.0#14.0#VAR 1824 1 0.514007 0.485993 
 ----> 6.6#11.9#4.0#14.0#VAR 1825 1 0.509912 0.490088 
 ----> 6.6#11.9#4.0#14.0#VAR 1826 1 0.515866 0.484134 
 ++++> 6.6#11.9#4.0#14.0#VAR 1827  0 0.500068 0.499932 
