 ----> 6.6#11.9#4.0#14.0#VAR 7 1 0.48355 0.51645 
 ----> 6.6#11.9#4.0#14.0#VAR 8 1 0.488686 0.511314 
 ----> 6.6#11.9#4.0#14.0#VAR 9 1 0.448549 0.551451 
 ----> 6.6#11.9#4.0#14.0#VAR 10 1 0.473963 0.526037 
 ----> 6.6#11.9#4.0#14.0#VAR 11 1 0.492321 0.507679 
 ----> 6.6#11.9#4.0#14.0#VAR 12 0 0.490662 0.509338 
 ----> 6.6#11.9#4.0#14.0#VAR 13 1 0.47829 0.52171 
 ----> 6.6#11.9#4.0#14.0#VAR 14 0 0.498538 0.501462 
 ----> 6.6#11.9#4.0#14.0#VAR 15 1 0.48021 0.51979 
 ----> 6.6#11.9#4.0#14.0#VAR 16 1 0.484112 0.515888 
 ----> 6.6#11.9#4.0#14.0#VAR 17 1 0.486186 0.513814 
 ----> 6.6#11.9#4.0#14.0#VAR 18 1 0.486718 0.513282 
 ----> 6.6#11.9#4.0#14.0#VAR 19 1 0.480366 0.519634 
 ----> 6.6#11.9#4.0#14.0#VAR 20 1 0.487588 0.512412 
 ----> 6.6#11.9#4.0#14.0#VAR 21 0 0.495018 0.504982 
 ----> 6.6#11.9#4.0#14.0#VAR 22 1 0.485115 0.514885 
 ----> 6.6#11.9#4.0#14.0#VAR 23 0 0.47434 0.52566 
 ----> 6.6#11.9#4.0#14.0#VAR 24 0 0.496573 0.503427 
 ----> 6.6#11.9#4.0#14.0#VAR 25 0 0.496502 0.503498 
 ----> 6.6#11.9#4.0#14.0#VAR 26 0 0.485881 0.514119 
 ----> 6.6#11.9#4.0#14.0#VAR 27 0 0.49457 0.50543 
 ----> 6.6#11.9#4.0#14.0#VAR 28 1 0.476916 0.523084 
 ----> 6.6#11.9#4.0#14.0#VAR 29 1 0.482956 0.517044 
 ----> 6.6#11.9#4.0#14.0#VAR 30 1 0.475405 0.524595 
 ----> 6.6#11.9#4.0#14.0#VAR 31 0 0.487263 0.512737 
 ----> 6.6#11.9#4.0#14.0#VAR 32 0 0.489168 0.510832 
 ----> 6.6#11.9#4.0#14.0#VAR 33 0 0.486471 0.513529 
 ----> 6.6#11.9#4.0#14.0#VAR 34 1 0.483198 0.516802 
 ----> 6.6#11.9#4.0#14.0#VAR 35 0 0.486089 0.513911 
 ----> 6.6#11.9#4.0#14.0#VAR 36 1 0.500757 0.499243 
 ----> 6.6#11.9#4.0#14.0#VAR 37 1 0.475992 0.524008 
 ----> 6.6#11.9#4.0#14.0#VAR 38 1 0.484881 0.515119 
 ----> 6.6#11.9#4.0#14.0#VAR 39 0 0.490618 0.509382 
 ----> 6.6#11.9#4.0#14.0#VAR 40 0 0.489914 0.510086 
 ----> 6.6#11.9#4.0#14.0#VAR 41 1 0.493834 0.506166 
 ----> 6.6#11.9#4.0#14.0#VAR 42 1 0.487225 0.512775 
 ----> 6.6#11.9#4.0#14.0#VAR 43 1 0.501265 0.498735 
 ----> 6.6#11.9#4.0#14.0#VAR 44 1 0.504326 0.495674 
 ----> 6.6#11.9#4.0#14.0#VAR 45 1 0.495916 0.504084 
 ----> 6.6#11.9#4.0#14.0#VAR 46 1 0.492075 0.507925 
 ----> 6.6#11.9#4.0#14.0#VAR 47 1 0.5037 0.4963 
 ----> 6.6#11.9#4.0#14.0#VAR 48 0 0.490382 0.509618 
 ----> 6.6#11.9#4.0#14.0#VAR 49 0 0.501505 0.498495 
 ----> 6.6#11.9#4.0#14.0#VAR 50 1 0.495762 0.504238 
 ----> 6.6#11.9#4.0#14.0#VAR 51 1 0.490997 0.509003 
 ----> 6.6#11.9#4.0#14.0#VAR 52 1 0.498224 0.501776 
 ----> 6.6#11.9#4.0#14.0#VAR 53 1 0.488021 0.511979 
 ----> 6.6#11.9#4.0#14.0#VAR 54 1 0.487478 0.512522 
 ----> 6.6#11.9#4.0#14.0#VAR 55 1 0.484801 0.515199 
 ----> 6.6#11.9#4.0#14.0#VAR 56 1 0.475398 0.524602 
 ----> 6.6#11.9#4.0#14.0#VAR 57 1 0.494667 0.505333 
 ----> 6.6#11.9#4.0#14.0#VAR 58 1 0.486016 0.513984 
 ----> 6.6#11.9#4.0#14.0#VAR 59 1 0.49418 0.50582 
 ----> 6.6#11.9#4.0#14.0#VAR 60 1 0.496598 0.503402 
 ----> 6.6#11.9#4.0#14.0#VAR 61 1 0.501588 0.498412 
 ----> 6.6#11.9#4.0#14.0#VAR 62 0 0.496146 0.503854 
 ----> 6.6#11.9#4.0#14.0#VAR 63 1 0.49565 0.50435 
 ----> 6.6#11.9#4.0#14.0#VAR 64 1 0.48307 0.51693 
 ----> 6.6#11.9#4.0#14.0#VAR 65 1 0.497217 0.502783 
 ----> 6.6#11.9#4.0#14.0#VAR 66 1 0.475916 0.524084 
 ----> 6.6#11.9#4.0#14.0#VAR 67 1 0.487873 0.512127 
 ----> 6.6#11.9#4.0#14.0#VAR 68 0 0.492376 0.507624 
 ----> 6.6#11.9#4.0#14.0#VAR 69 1 0.499014 0.500986 
 ----> 6.6#11.9#4.0#14.0#VAR 70 1 0.50554 0.49446 
 ----> 6.6#11.9#4.0#14.0#VAR 71 1 0.462262 0.537738 
 ----> 6.6#11.9#4.0#14.0#VAR 72 1 0.490239 0.509761 
 ----> 6.6#11.9#4.0#14.0#VAR 73 0 0.483248 0.516752 
 ----> 6.6#11.9#4.0#14.0#VAR 74 0 0.507728 0.492272 
 ----> 6.6#11.9#4.0#14.0#VAR 75 1 0.473371 0.526629 
 ----> 6.6#11.9#4.0#14.0#VAR 76 0 0.497166 0.502834 
 ----> 6.6#11.9#4.0#14.0#VAR 77 0 0.490811 0.509189 
 ----> 6.6#11.9#4.0#14.0#VAR 78 0 0.497976 0.502024 
 ----> 6.6#11.9#4.0#14.0#VAR 79 1 0.467504 0.532496 
 ----> 6.6#11.9#4.0#14.0#VAR 80 1 0.482552 0.517448 
 ----> 6.6#11.9#4.0#14.0#VAR 81 0 0.482111 0.517889 
 ----> 6.6#11.9#4.0#14.0#VAR 82 1 0.501747 0.498253 
 ----> 6.6#11.9#4.0#14.0#VAR 83 1 0.485264 0.514736 
 ----> 6.6#11.9#4.0#14.0#VAR 84 1 0.502168 0.497832 
 ----> 6.6#11.9#4.0#14.0#VAR 85 0 0.487571 0.512429 
 ----> 6.6#11.9#4.0#14.0#VAR 86 0 0.504086 0.495914 
 ----> 6.6#11.9#4.0#14.0#VAR 87 0 0.496023 0.503977 
 ----> 6.6#11.9#4.0#14.0#VAR 88 1 0.50784 0.49216 
 ----> 6.6#11.9#4.0#14.0#VAR 89 1 0.489628 0.510372 
 ----> 6.6#11.9#4.0#14.0#VAR 90 1 0.491951 0.508049 
 ----> 6.6#11.9#4.0#14.0#VAR 91 1 0.502184 0.497816 
 ----> 6.6#11.9#4.0#14.0#VAR 92 1 0.503542 0.496458 
 ----> 6.6#11.9#4.0#14.0#VAR 93 1 0.475086 0.524914 
 ----> 6.6#11.9#4.0#14.0#VAR 94 1 0.4924 0.5076 
 ----> 6.6#11.9#4.0#14.0#VAR 95 1 0.487689 0.512311 
 ----> 6.6#11.9#4.0#14.0#VAR 96 0 0.491072 0.508928 
 ----> 6.6#11.9#4.0#14.0#VAR 97 0 0.515609 0.484391 
 ----> 6.6#11.9#4.0#14.0#VAR 98 0 0.511174 0.488826 
 ----> 6.6#11.9#4.0#14.0#VAR 99 1 0.514654 0.485346 
 ----> 6.6#11.9#4.0#14.0#VAR 100 0 0.506553 0.493447 
 ----> 6.6#11.9#4.0#14.0#VAR 101 0 0.479793 0.520207 
 ----> 6.6#11.9#4.0#14.0#VAR 102 1 0.485265 0.514735 
 ----> 6.6#11.9#4.0#14.0#VAR 103 1 0.492285 0.507715 
 ----> 6.6#11.9#4.0#14.0#VAR 104 0 0.494734 0.505266 
 ----> 6.6#11.9#4.0#14.0#VAR 105 1 0.501597 0.498403 
 ----> 6.6#11.9#4.0#14.0#VAR 106 0 0.49285 0.50715 
 ----> 6.6#11.9#4.0#14.0#VAR 107 0 0.508294 0.491706 
 ----> 6.6#11.9#4.0#14.0#VAR 108 1 0.502987 0.497013 
 ----> 6.6#11.9#4.0#14.0#VAR 109 0 0.508762 0.491238 
 ----> 6.6#11.9#4.0#14.0#VAR 110 1 0.499472 0.500528 
 ----> 6.6#11.9#4.0#14.0#VAR 111 0 0.501505 0.498495 
 ----> 6.6#11.9#4.0#14.0#VAR 112 0 0.486493 0.513507 
 ----> 6.6#11.9#4.0#14.0#VAR 113 0 0.503678 0.496322 
 ----> 6.6#11.9#4.0#14.0#VAR 114 0 0.502919 0.497081 
 ----> 6.6#11.9#4.0#14.0#VAR 115 1 0.490333 0.509667 
 ----> 6.6#11.9#4.0#14.0#VAR 116 1 0.487099 0.512901 
 ----> 6.6#11.9#4.0#14.0#VAR 117 1 0.472979 0.527021 
 ----> 6.6#11.9#4.0#14.0#VAR 118 0 0.512785 0.487215 
 ----> 6.6#11.9#4.0#14.0#VAR 119 0 0.501812 0.498188 
 ----> 6.6#11.9#4.0#14.0#VAR 120 1 0.493723 0.506277 
 ----> 6.6#11.9#4.0#14.0#VAR 121 1 0.502732 0.497268 
 ----> 6.6#11.9#4.0#14.0#VAR 122 0 0.510994 0.489006 
 ----> 6.6#11.9#4.0#14.0#VAR 123 0 0.521679 0.478321 
 ----> 6.6#11.9#4.0#14.0#VAR 124 0 0.519464 0.480536 
 ----> 6.6#11.9#4.0#14.0#VAR 125 1 0.496492 0.503508 
 ----> 6.6#11.9#4.0#14.0#VAR 126 1 0.491821 0.508179 
 ----> 6.6#11.9#4.0#14.0#VAR 127 0 0.513655 0.486345 
 ----> 6.6#11.9#4.0#14.0#VAR 128 1 0.480795 0.519205 
 ----> 6.6#11.9#4.0#14.0#VAR 129 1 0.489273 0.510727 
 ----> 6.6#11.9#4.0#14.0#VAR 130 1 0.515352 0.484648 
 ----> 6.6#11.9#4.0#14.0#VAR 131 0 0.525437 0.474563 
 ----> 6.6#11.9#4.0#14.0#VAR 132 1 0.509322 0.490678 
 ----> 6.6#11.9#4.0#14.0#VAR 133 1 0.502675 0.497325 
 ----> 6.6#11.9#4.0#14.0#VAR 134 1 0.478451 0.521549 
 ----> 6.6#11.9#4.0#14.0#VAR 135 0 0.544846 0.455154 
 ----> 6.6#11.9#4.0#14.0#VAR 136 0 0.508727 0.491273 
 ----> 6.6#11.9#4.0#14.0#VAR 137 1 0.485083 0.514917 
 ----> 6.6#11.9#4.0#14.0#VAR 138 0 0.507548 0.492452 
 ----> 6.6#11.9#4.0#14.0#VAR 139 0 0.495122 0.504878 
 ----> 6.6#11.9#4.0#14.0#VAR 140 0 0.499653 0.500347 
 ----> 6.6#11.9#4.0#14.0#VAR 141 1 0.485596 0.514404 
 ----> 6.6#11.9#4.0#14.0#VAR 142 0 0.516927 0.483073 
 ----> 6.6#11.9#4.0#14.0#VAR 143 1 0.495965 0.504035 
 ----> 6.6#11.9#4.0#14.0#VAR 144 0 0.519723 0.480277 
 ----> 6.6#11.9#4.0#14.0#VAR 145 0 0.500023 0.499977 
 ----> 6.6#11.9#4.0#14.0#VAR 146 0 0.514039 0.485961 
 ----> 6.6#11.9#4.0#14.0#VAR 147 1 0.495616 0.504384 
 ----> 6.6#11.9#4.0#14.0#VAR 148 1 0.498517 0.501483 
 ----> 6.6#11.9#4.0#14.0#VAR 149 1 0.49585 0.50415 
 ----> 6.6#11.9#4.0#14.0#VAR 150 1 0.492406 0.507594 
 ----> 6.6#11.9#4.0#14.0#VAR 151 0 0.509913 0.490087 
 ----> 6.6#11.9#4.0#14.0#VAR 152 0 0.496802 0.503198 
 ----> 6.6#11.9#4.0#14.0#VAR 153 1 0.514481 0.485519 
 ----> 6.6#11.9#4.0#14.0#VAR 154 0 0.504533 0.495467 
 ----> 6.6#11.9#4.0#14.0#VAR 155 1 0.487795 0.512205 
 ----> 6.6#11.9#4.0#14.0#VAR 156 0 0.515252 0.484748 
 ----> 6.6#11.9#4.0#14.0#VAR 157 1 0.493178 0.506822 
 ----> 6.6#11.9#4.0#14.0#VAR 158 0 0.502028 0.497972 
 ----> 6.6#11.9#4.0#14.0#VAR 159 0 0.505583 0.494417 
 ----> 6.6#11.9#4.0#14.0#VAR 160 1 0.491918 0.508082 
 ----> 6.6#11.9#4.0#14.0#VAR 161 0 0.515222 0.484778 
 ----> 6.6#11.9#4.0#14.0#VAR 162 1 0.493445 0.506555 
 ----> 6.6#11.9#4.0#14.0#VAR 163 0 0.506274 0.493726 
 ----> 6.6#11.9#4.0#14.0#VAR 164 1 0.489145 0.510855 
 ----> 6.6#11.9#4.0#14.0#VAR 165 0 0.501527 0.498473 
 ----> 6.6#11.9#4.0#14.0#VAR 166 0 0.513498 0.486502 
 ----> 6.6#11.9#4.0#14.0#VAR 167 0 0.494043 0.505957 
 ----> 6.6#11.9#4.0#14.0#VAR 168 1 0.49495 0.50505 
 ----> 6.6#11.9#4.0#14.0#VAR 169 1 0.489539 0.510461 
 ----> 6.6#11.9#4.0#14.0#VAR 170 1 0.488656 0.511344 
 ----> 6.6#11.9#4.0#14.0#VAR 171 1 0.490831 0.509169 
 ----> 6.6#11.9#4.0#14.0#VAR 172 0 0.510424 0.489576 
 ----> 6.6#11.9#4.0#14.0#VAR 173 0 0.513773 0.486227 
 ----> 6.6#11.9#4.0#14.0#VAR 174 1 0.483226 0.516774 
 ----> 6.6#11.9#4.0#14.0#VAR 175 0 0.509619 0.490381 
 ----> 6.6#11.9#4.0#14.0#VAR 176 1 0.490522 0.509478 
 ----> 6.6#11.9#4.0#14.0#VAR 177 0 0.510098 0.489902 
 ----> 6.6#11.9#4.0#14.0#VAR 178 1 0.497908 0.502092 
 ----> 6.6#11.9#4.0#14.0#VAR 179 0 0.501816 0.498184 
 ----> 6.6#11.9#4.0#14.0#VAR 180 1 0.492938 0.507062 
 ----> 6.6#11.9#4.0#14.0#VAR 181 0 0.510068 0.489932 
 ----> 6.6#11.9#4.0#14.0#VAR 182 1 0.499749 0.500251 
 ----> 6.6#11.9#4.0#14.0#VAR 183 0 0.506758 0.493242 
 ----> 6.6#11.9#4.0#14.0#VAR 184 1 0.509247 0.490753 
 ----> 6.6#11.9#4.0#14.0#VAR 185 1 0.504651 0.495349 
 ----> 6.6#11.9#4.0#14.0#VAR 186 0 0.526713 0.473287 
 ----> 6.6#11.9#4.0#14.0#VAR 187 1 0.483921 0.516079 
 ----> 6.6#11.9#4.0#14.0#VAR 188 0 0.514138 0.485862 
 ----> 6.6#11.9#4.0#14.0#VAR 189 1 0.47731 0.52269 
 ----> 6.6#11.9#4.0#14.0#VAR 190 1 0.493789 0.506211 
 ----> 6.6#11.9#4.0#14.0#VAR 191 0 0.516799 0.483201 
 ----> 6.6#11.9#4.0#14.0#VAR 192 0 0.529583 0.470417 
 ----> 6.6#11.9#4.0#14.0#VAR 193 0 0.532186 0.467814 
 ----> 6.6#11.9#4.0#14.0#VAR 194 0 0.510358 0.489642 
 ----> 6.6#11.9#4.0#14.0#VAR 195 1 0.489731 0.510269 
 ----> 6.6#11.9#4.0#14.0#VAR 196 0 0.512493 0.487507 
 ----> 6.6#11.9#4.0#14.0#VAR 197 1 0.499393 0.500607 
 ----> 6.6#11.9#4.0#14.0#VAR 198 1 0.496354 0.503646 
 ----> 6.6#11.9#4.0#14.0#VAR 199 1 0.509115 0.490885 
 ----> 6.6#11.9#4.0#14.0#VAR 200 0 0.515978 0.484022 
 ----> 6.6#11.9#4.0#14.0#VAR 201 1 0.501757 0.498243 
 ----> 6.6#11.9#4.0#14.0#VAR 202 0 0.500797 0.499203 
 ----> 6.6#11.9#4.0#14.0#VAR 203 0 0.52018 0.47982 
 ----> 6.6#11.9#4.0#14.0#VAR 204 1 0.503242 0.496758 
 ----> 6.6#11.9#4.0#14.0#VAR 205 0 0.520847 0.479153 
 ----> 6.6#11.9#4.0#14.0#VAR 206 0 0.484216 0.515784 
 ----> 6.6#11.9#4.0#14.0#VAR 207 1 0.483109 0.516891 
 ----> 6.6#11.9#4.0#14.0#VAR 208 0 0.50186 0.49814 
 ----> 6.6#11.9#4.0#14.0#VAR 209 1 0.494327 0.505673 
 ----> 6.6#11.9#4.0#14.0#VAR 210 1 0.491866 0.508134 
 ----> 6.6#11.9#4.0#14.0#VAR 211 0 0.508533 0.491467 
 ----> 6.6#11.9#4.0#14.0#VAR 212 1 0.503564 0.496436 
 ----> 6.6#11.9#4.0#14.0#VAR 213 0 0.502087 0.497913 
 ----> 6.6#11.9#4.0#14.0#VAR 214 0 0.509161 0.490839 
 ----> 6.6#11.9#4.0#14.0#VAR 215 1 0.491572 0.508428 
 ----> 6.6#11.9#4.0#14.0#VAR 216 1 0.496144 0.503856 
 ----> 6.6#11.9#4.0#14.0#VAR 217 0 0.52059 0.47941 
 ----> 6.6#11.9#4.0#14.0#VAR 218 1 0.498255 0.501745 
 ----> 6.6#11.9#4.0#14.0#VAR 219 1 0.488305 0.511695 
 ----> 6.6#11.9#4.0#14.0#VAR 220 1 0.491699 0.508301 
 ----> 6.6#11.9#4.0#14.0#VAR 221 1 0.489831 0.510169 
 ----> 6.6#11.9#4.0#14.0#VAR 222 0 0.50044 0.49956 
 ----> 6.6#11.9#4.0#14.0#VAR 223 1 0.509875 0.490125 
 ----> 6.6#11.9#4.0#14.0#VAR 224 0 0.49898 0.50102 
 ----> 6.6#11.9#4.0#14.0#VAR 225 1 0.497287 0.502713 
 ----> 6.6#11.9#4.0#14.0#VAR 226 0 0.503074 0.496926 
 ----> 6.6#11.9#4.0#14.0#VAR 227 1 0.50131 0.49869 
 ----> 6.6#11.9#4.0#14.0#VAR 228 1 0.470295 0.529705 
 ----> 6.6#11.9#4.0#14.0#VAR 229 1 0.496011 0.503989 
 ----> 6.6#11.9#4.0#14.0#VAR 230 1 0.490546 0.509454 
 ----> 6.6#11.9#4.0#14.0#VAR 231 0 0.518764 0.481236 
 ----> 6.6#11.9#4.0#14.0#VAR 232 0 0.488605 0.511395 
 ----> 6.6#11.9#4.0#14.0#VAR 233 1 0.499456 0.500544 
 ----> 6.6#11.9#4.0#14.0#VAR 234 1 0.511299 0.488701 
 ----> 6.6#11.9#4.0#14.0#VAR 235 1 0.499579 0.500421 
 ----> 6.6#11.9#4.0#14.0#VAR 236 0 0.495767 0.504233 
 ----> 6.6#11.9#4.0#14.0#VAR 237 0 0.521677 0.478323 
 ----> 6.6#11.9#4.0#14.0#VAR 238 0 0.497507 0.502493 
 ----> 6.6#11.9#4.0#14.0#VAR 239 1 0.492311 0.507689 
 ----> 6.6#11.9#4.0#14.0#VAR 240 0 0.480807 0.519193 
 ----> 6.6#11.9#4.0#14.0#VAR 241 1 0.497999 0.502001 
 ----> 6.6#11.9#4.0#14.0#VAR 242 0 0.50475 0.49525 
 ----> 6.6#11.9#4.0#14.0#VAR 243 0 0.516904 0.483096 
 ----> 6.6#11.9#4.0#14.0#VAR 244 1 0.475999 0.524001 
 ----> 6.6#11.9#4.0#14.0#VAR 245 0 0.50168 0.49832 
 ----> 6.6#11.9#4.0#14.0#VAR 246 0 0.487851 0.512149 
 ----> 6.6#11.9#4.0#14.0#VAR 247 1 0.491639 0.508361 
 ----> 6.6#11.9#4.0#14.0#VAR 248 1 0.493744 0.506256 
 ----> 6.6#11.9#4.0#14.0#VAR 249 1 0.481848 0.518152 
 ----> 6.6#11.9#4.0#14.0#VAR 250 1 0.48197 0.51803 
 ----> 6.6#11.9#4.0#14.0#VAR 251 0 0.506597 0.493403 
 ----> 6.6#11.9#4.0#14.0#VAR 252 0 0.502531 0.497469 
 ----> 6.6#11.9#4.0#14.0#VAR 253 0 0.504616 0.495384 
 ----> 6.6#11.9#4.0#14.0#VAR 254 1 0.489073 0.510927 
 ----> 6.6#11.9#4.0#14.0#VAR 255 0 0.503236 0.496764 
 ----> 6.6#11.9#4.0#14.0#VAR 256 0 0.498904 0.501096 
 ----> 6.6#11.9#4.0#14.0#VAR 257 0 0.536706 0.463294 
 ----> 6.6#11.9#4.0#14.0#VAR 258 0 0.509052 0.490948 
 ----> 6.6#11.9#4.0#14.0#VAR 259 0 0.499201 0.500799 
 ----> 6.6#11.9#4.0#14.0#VAR 260 1 0.490253 0.509747 
 ----> 6.6#11.9#4.0#14.0#VAR 261 1 0.496028 0.503972 
 ----> 6.6#11.9#4.0#14.0#VAR 262 0 0.506453 0.493547 
 ----> 6.6#11.9#4.0#14.0#VAR 263 0 0.503368 0.496632 
 ----> 6.6#11.9#4.0#14.0#VAR 264 1 0.47023 0.52977 
 ----> 6.6#11.9#4.0#14.0#VAR 265 0 0.536312 0.463688 
 ----> 6.6#11.9#4.0#14.0#VAR 266 0 0.503259 0.496741 
 ----> 6.6#11.9#4.0#14.0#VAR 267 1 0.507121 0.492879 
 ----> 6.6#11.9#4.0#14.0#VAR 268 1 0.501847 0.498153 
 ----> 6.6#11.9#4.0#14.0#VAR 269 0 0.517121 0.482879 
 ----> 6.6#11.9#4.0#14.0#VAR 270 1 0.509498 0.490502 
 ----> 6.6#11.9#4.0#14.0#VAR 271 0 0.522776 0.477224 
 ----> 6.6#11.9#4.0#14.0#VAR 272 0 0.539358 0.460642 
 ----> 6.6#11.9#4.0#14.0#VAR 273 1 0.503489 0.496511 
 ----> 6.6#11.9#4.0#14.0#VAR 274 1 0.509107 0.490893 
 ----> 6.6#11.9#4.0#14.0#VAR 275 1 0.521148 0.478852 
 ----> 6.6#11.9#4.0#14.0#VAR 276 1 0.516952 0.483048 
 ----> 6.6#11.9#4.0#14.0#VAR 277 1 0.503724 0.496276 
 ----> 6.6#11.9#4.0#14.0#VAR 278 1 0.495762 0.504238 
 ----> 6.6#11.9#4.0#14.0#VAR 279 1 0.506015 0.493985 
 ----> 6.6#11.9#4.0#14.0#VAR 280 0 0.504167 0.495833 
 ----> 6.6#11.9#4.0#14.0#VAR 281 0 0.532406 0.467594 
 ----> 6.6#11.9#4.0#14.0#VAR 282 1 0.510063 0.489937 
 ----> 6.6#11.9#4.0#14.0#VAR 283 0 0.518625 0.481375 
 ----> 6.6#11.9#4.0#14.0#VAR 284 0 0.525494 0.474506 
 ----> 6.6#11.9#4.0#14.0#VAR 285 0 0.507239 0.492761 
 ----> 6.6#11.9#4.0#14.0#VAR 286 0 0.513762 0.486238 
 ----> 6.6#11.9#4.0#14.0#VAR 287 0 0.511591 0.488409 
 ----> 6.6#11.9#4.0#14.0#VAR 288 1 0.512026 0.487974 
 ----> 6.6#11.9#4.0#14.0#VAR 289 1 0.499433 0.500567 
 ----> 6.6#11.9#4.0#14.0#VAR 290 0 0.504645 0.495355 
 ----> 6.6#11.9#4.0#14.0#VAR 291 1 0.49377 0.50623 
 ----> 6.6#11.9#4.0#14.0#VAR 292 1 0.506451 0.493549 
 ----> 6.6#11.9#4.0#14.0#VAR 293 1 0.49115 0.50885 
 ----> 6.6#11.9#4.0#14.0#VAR 294 1 0.499059 0.500941 
 ----> 6.6#11.9#4.0#14.0#VAR 295 1 0.496289 0.503711 
 ----> 6.6#11.9#4.0#14.0#VAR 296 1 0.497592 0.502408 
 ----> 6.6#11.9#4.0#14.0#VAR 297 1 0.478675 0.521325 
 ----> 6.6#11.9#4.0#14.0#VAR 298 1 0.497237 0.502763 
 ----> 6.6#11.9#4.0#14.0#VAR 299 1 0.501768 0.498232 
 ----> 6.6#11.9#4.0#14.0#VAR 300 1 0.483556 0.516444 
 ----> 6.6#11.9#4.0#14.0#VAR 301 1 0.506398 0.493602 
 ----> 6.6#11.9#4.0#14.0#VAR 302 1 0.485852 0.514148 
 ----> 6.6#11.9#4.0#14.0#VAR 303 0 0.521821 0.478179 
 ----> 6.6#11.9#4.0#14.0#VAR 304 0 0.529191 0.470809 
 ----> 6.6#11.9#4.0#14.0#VAR 305 1 0.507787 0.492213 
 ----> 6.6#11.9#4.0#14.0#VAR 306 1 0.517598 0.482402 
 ----> 6.6#11.9#4.0#14.0#VAR 307 1 0.499312 0.500688 
 ----> 6.6#11.9#4.0#14.0#VAR 308 0 0.50326 0.49674 
 ----> 6.6#11.9#4.0#14.0#VAR 309 1 0.507213 0.492787 
 ----> 6.6#11.9#4.0#14.0#VAR 310 0 0.509084 0.490916 
 ----> 6.6#11.9#4.0#14.0#VAR 311 0 0.51072 0.48928 
 ----> 6.6#11.9#4.0#14.0#VAR 312 1 0.509634 0.490366 
 ----> 6.6#11.9#4.0#14.0#VAR 313 1 0.490408 0.509592 
 ----> 6.6#11.9#4.0#14.0#VAR 314 1 0.497108 0.502892 
 ----> 6.6#11.9#4.0#14.0#VAR 315 0 0.508214 0.491786 
 ----> 6.6#11.9#4.0#14.0#VAR 316 1 0.473733 0.526267 
 ----> 6.6#11.9#4.0#14.0#VAR 317 0 0.502258 0.497742 
 ----> 6.6#11.9#4.0#14.0#VAR 318 1 0.502177 0.497823 
 ----> 6.6#11.9#4.0#14.0#VAR 319 1 0.474642 0.525358 
 ----> 6.6#11.9#4.0#14.0#VAR 320 0 0.510087 0.489913 
 ----> 6.6#11.9#4.0#14.0#VAR 321 0 0.50292 0.49708 
 ----> 6.6#11.9#4.0#14.0#VAR 322 0 0.505411 0.494589 
 ----> 6.6#11.9#4.0#14.0#VAR 323 1 0.493471 0.506529 
 ----> 6.6#11.9#4.0#14.0#VAR 324 0 0.501175 0.498825 
 ----> 6.6#11.9#4.0#14.0#VAR 325 0 0.478595 0.521405 
 ----> 6.6#11.9#4.0#14.0#VAR 326 0 0.497338 0.502662 
 ----> 6.6#11.9#4.0#14.0#VAR 327 1 0.493367 0.506633 
 ----> 6.6#11.9#4.0#14.0#VAR 328 0 0.502238 0.497762 
 ----> 6.6#11.9#4.0#14.0#VAR 329 1 0.50715 0.49285 
 ----> 6.6#11.9#4.0#14.0#VAR 330 1 0.508179 0.491821 
 ----> 6.6#11.9#4.0#14.0#VAR 331 1 0.50603 0.49397 
 ----> 6.6#11.9#4.0#14.0#VAR 332 0 0.511315 0.488685 
 ----> 6.6#11.9#4.0#14.0#VAR 333 0 0.50261 0.49739 
 ----> 6.6#11.9#4.0#14.0#VAR 334 0 0.507317 0.492683 
 ----> 6.6#11.9#4.0#14.0#VAR 335 0 0.502405 0.497595 
 ----> 6.6#11.9#4.0#14.0#VAR 336 1 0.487308 0.512692 
 ----> 6.6#11.9#4.0#14.0#VAR 337 0 0.515439 0.484561 
 ----> 6.6#11.9#4.0#14.0#VAR 338 0 0.508489 0.491511 
 ----> 6.6#11.9#4.0#14.0#VAR 339 0 0.505743 0.494257 
 ----> 6.6#11.9#4.0#14.0#VAR 340 0 0.501383 0.498617 
 ----> 6.6#11.9#4.0#14.0#VAR 341 0 0.516779 0.483221 
 ----> 6.6#11.9#4.0#14.0#VAR 342 0 0.509169 0.490831 
 ----> 6.6#11.9#4.0#14.0#VAR 343 0 0.510136 0.489864 
 ----> 6.6#11.9#4.0#14.0#VAR 344 0 0.49938 0.50062 
 ----> 6.6#11.9#4.0#14.0#VAR 345 1 0.494145 0.505855 
 ----> 6.6#11.9#4.0#14.0#VAR 346 0 0.502985 0.497015 
 ----> 6.6#11.9#4.0#14.0#VAR 347 0 0.488185 0.511815 
 ----> 6.6#11.9#4.0#14.0#VAR 348 0 0.480593 0.519407 
 ----> 6.6#11.9#4.0#14.0#VAR 349 0 0.498183 0.501817 
 ----> 6.6#11.9#4.0#14.0#VAR 350 1 0.497885 0.502115 
 ----> 6.6#11.9#4.0#14.0#VAR 351 0 0.501562 0.498438 
 ----> 6.6#11.9#4.0#14.0#VAR 352 0 0.524964 0.475036 
 ----> 6.6#11.9#4.0#14.0#VAR 353 0 0.509938 0.490062 
 ----> 6.6#11.9#4.0#14.0#VAR 354 0 0.507188 0.492812 
 ----> 6.6#11.9#4.0#14.0#VAR 355 0 0.502882 0.497118 
 ----> 6.6#11.9#4.0#14.0#VAR 356 0 0.505416 0.494584 
 ----> 6.6#11.9#4.0#14.0#VAR 357 0 0.513572 0.486428 
 ----> 6.6#11.9#4.0#14.0#VAR 358 0 0.51627 0.48373 
 ----> 6.6#11.9#4.0#14.0#VAR 359 0 0.510532 0.489468 
 ----> 6.6#11.9#4.0#14.0#VAR 360 1 0.500995 0.499005 
 ----> 6.6#11.9#4.0#14.0#VAR 361 0 0.533473 0.466527 
 ----> 6.6#11.9#4.0#14.0#VAR 362 1 0.50736 0.49264 
 ----> 6.6#11.9#4.0#14.0#VAR 363 1 0.517206 0.482794 
 ----> 6.6#11.9#4.0#14.0#VAR 364 0 0.540325 0.459675 
 ----> 6.6#11.9#4.0#14.0#VAR 365 1 0.506487 0.493513 
 ----> 6.6#11.9#4.0#14.0#VAR 366 0 0.55624 0.44376 
 ----> 6.6#11.9#4.0#14.0#VAR 367 1 0.531933 0.468067 
 ----> 6.6#11.9#4.0#14.0#VAR 368 0 0.532109 0.467891 
 ----> 6.6#11.9#4.0#14.0#VAR 369 1 0.521646 0.478354 
 ----> 6.6#11.9#4.0#14.0#VAR 370 0 0.537819 0.462181 
 ----> 6.6#11.9#4.0#14.0#VAR 371 0 0.531826 0.468174 
 ----> 6.6#11.9#4.0#14.0#VAR 372 0 0.524446 0.475554 
 ----> 6.6#11.9#4.0#14.0#VAR 373 0 0.519059 0.480941 
 ----> 6.6#11.9#4.0#14.0#VAR 374 0 0.529415 0.470585 
 ----> 6.6#11.9#4.0#14.0#VAR 375 1 0.513653 0.486347 
 ----> 6.6#11.9#4.0#14.0#VAR 376 0 0.536385 0.463615 
 ----> 6.6#11.9#4.0#14.0#VAR 377 1 0.493536 0.506464 
 ----> 6.6#11.9#4.0#14.0#VAR 378 0 0.525986 0.474014 
 ----> 6.6#11.9#4.0#14.0#VAR 379 0 0.549493 0.450507 
 ----> 6.6#11.9#4.0#14.0#VAR 380 1 0.505913 0.494087 
 ----> 6.6#11.9#4.0#14.0#VAR 381 0 0.564444 0.435556 
 ----> 6.6#11.9#4.0#14.0#VAR 382 1 0.522916 0.477084 
 ----> 6.6#11.9#4.0#14.0#VAR 383 0 0.537648 0.462352 
 ----> 6.6#11.9#4.0#14.0#VAR 384 1 0.492393 0.507607 
 ----> 6.6#11.9#4.0#14.0#VAR 385 1 0.531658 0.468342 
 ----> 6.6#11.9#4.0#14.0#VAR 386 0 0.524497 0.475503 
 ----> 6.6#11.9#4.0#14.0#VAR 387 1 0.508259 0.491741 
 ----> 6.6#11.9#4.0#14.0#VAR 388 1 0.51586 0.48414 
 ----> 6.6#11.9#4.0#14.0#VAR 389 1 0.522771 0.477229 
 ----> 6.6#11.9#4.0#14.0#VAR 390 0 0.523608 0.476392 
 ----> 6.6#11.9#4.0#14.0#VAR 391 0 0.519313 0.480687 
 ----> 6.6#11.9#4.0#14.0#VAR 392 0 0.547058 0.452942 
 ----> 6.6#11.9#4.0#14.0#VAR 393 0 0.535399 0.464601 
 ----> 6.6#11.9#4.0#14.0#VAR 394 0 0.535412 0.464588 
 ----> 6.6#11.9#4.0#14.0#VAR 395 0 0.525382 0.474618 
 ----> 6.6#11.9#4.0#14.0#VAR 396 0 0.519272 0.480728 
 ----> 6.6#11.9#4.0#14.0#VAR 397 1 0.512707 0.487293 
 ----> 6.6#11.9#4.0#14.0#VAR 398 1 0.516084 0.483916 
 ----> 6.6#11.9#4.0#14.0#VAR 399 1 0.505889 0.494111 
 ----> 6.6#11.9#4.0#14.0#VAR 400 0 0.530425 0.469575 
 ----> 6.6#11.9#4.0#14.0#VAR 401 1 0.504866 0.495134 
 ----> 6.6#11.9#4.0#14.0#VAR 402 0 0.503883 0.496117 
 ----> 6.6#11.9#4.0#14.0#VAR 403 0 0.516095 0.483905 
 ----> 6.6#11.9#4.0#14.0#VAR 404 0 0.514225 0.485775 
 ----> 6.6#11.9#4.0#14.0#VAR 405 0 0.524621 0.475379 
 ----> 6.6#11.9#4.0#14.0#VAR 406 1 0.494474 0.505526 
 ----> 6.6#11.9#4.0#14.0#VAR 407 0 0.516551 0.483449 
 ----> 6.6#11.9#4.0#14.0#VAR 408 0 0.515379 0.484621 
 ----> 6.6#11.9#4.0#14.0#VAR 409 1 0.504148 0.495852 
 ----> 6.6#11.9#4.0#14.0#VAR 410 0 0.510602 0.489398 
 ----> 6.6#11.9#4.0#14.0#VAR 411 0 0.513379 0.486621 
 ----> 6.6#11.9#4.0#14.0#VAR 412 1 0.507821 0.492179 
 ----> 6.6#11.9#4.0#14.0#VAR 413 1 0.486517 0.513483 
 ----> 6.6#11.9#4.0#14.0#VAR 414 0 0.506841 0.493159 
 ----> 6.6#11.9#4.0#14.0#VAR 415 0 0.512619 0.487381 
 ----> 6.6#11.9#4.0#14.0#VAR 416 1 0.510043 0.489957 
 ----> 6.6#11.9#4.0#14.0#VAR 417 1 0.486695 0.513305 
 ----> 6.6#11.9#4.0#14.0#VAR 418 1 0.504863 0.495137 
 ----> 6.6#11.9#4.0#14.0#VAR 419 1 0.489253 0.510747 
 ----> 6.6#11.9#4.0#14.0#VAR 420 1 0.492394 0.507606 
 ----> 6.6#11.9#4.0#14.0#VAR 421 0 0.508505 0.491495 
 ----> 6.6#11.9#4.0#14.0#VAR 422 0 0.521903 0.478097 
 ----> 6.6#11.9#4.0#14.0#VAR 423 0 0.5263 0.4737 
 ----> 6.6#11.9#4.0#14.0#VAR 424 1 0.518919 0.481081 
 ----> 6.6#11.9#4.0#14.0#VAR 425 1 0.506492 0.493508 
 ----> 6.6#11.9#4.0#14.0#VAR 426 1 0.486044 0.513956 
 ----> 6.6#11.9#4.0#14.0#VAR 427 0 0.507316 0.492684 
 ----> 6.6#11.9#4.0#14.0#VAR 428 0 0.526755 0.473245 
 ----> 6.6#11.9#4.0#14.0#VAR 429 1 0.503384 0.496616 
 ----> 6.6#11.9#4.0#14.0#VAR 430 0 0.51051 0.48949 
 ----> 6.6#11.9#4.0#14.0#VAR 431 0 0.522668 0.477332 
 ----> 6.6#11.9#4.0#14.0#VAR 432 0 0.51839 0.48161 
 ----> 6.6#11.9#4.0#14.0#VAR 433 1 0.499153 0.500847 
 ----> 6.6#11.9#4.0#14.0#VAR 434 0 0.511497 0.488503 
 ----> 6.6#11.9#4.0#14.0#VAR 435 1 0.521926 0.478074 
 ----> 6.6#11.9#4.0#14.0#VAR 436 1 0.508507 0.491493 
 ----> 6.6#11.9#4.0#14.0#VAR 437 0 0.528757 0.471243 
 ----> 6.6#11.9#4.0#14.0#VAR 438 0 0.491339 0.508661 
 ----> 6.6#11.9#4.0#14.0#VAR 439 0 0.532546 0.467454 
 ----> 6.6#11.9#4.0#14.0#VAR 440 0 0.546581 0.453419 
 ----> 6.6#11.9#4.0#14.0#VAR 441 1 0.504292 0.495708 
 ----> 6.6#11.9#4.0#14.0#VAR 442 1 0.492493 0.507507 
 ----> 6.6#11.9#4.0#14.0#VAR 443 1 0.481303 0.518697 
 ----> 6.6#11.9#4.0#14.0#VAR 444 1 0.495705 0.504295 
 ----> 6.6#11.9#4.0#14.0#VAR 445 1 0.483571 0.516429 
 ----> 6.6#11.9#4.0#14.0#VAR 446 0 0.517186 0.482814 
 ----> 6.6#11.9#4.0#14.0#VAR 447 1 0.511669 0.488331 
 ----> 6.6#11.9#4.0#14.0#VAR 448 1 0.493393 0.506607 
 ----> 6.6#11.9#4.0#14.0#VAR 449 0 0.509759 0.490241 
 ----> 6.6#11.9#4.0#14.0#VAR 450 1 0.505836 0.494164 
 ----> 6.6#11.9#4.0#14.0#VAR 451 0 0.512659 0.487341 
 ----> 6.6#11.9#4.0#14.0#VAR 452 0 0.522669 0.477331 
 ----> 6.6#11.9#4.0#14.0#VAR 453 0 0.536605 0.463395 
 ----> 6.6#11.9#4.0#14.0#VAR 454 1 0.495801 0.504199 
 ----> 6.6#11.9#4.0#14.0#VAR 455 0 0.518126 0.481874 
 ----> 6.6#11.9#4.0#14.0#VAR 456 1 0.501829 0.498171 
 ----> 6.6#11.9#4.0#14.0#VAR 457 0 0.517511 0.482489 
 ----> 6.6#11.9#4.0#14.0#VAR 458 0 0.530503 0.469497 
 ----> 6.6#11.9#4.0#14.0#VAR 459 0 0.514598 0.485402 
 ----> 6.6#11.9#4.0#14.0#VAR 460 0 0.518711 0.481289 
 ----> 6.6#11.9#4.0#14.0#VAR 461 0 0.513873 0.486127 
 ----> 6.6#11.9#4.0#14.0#VAR 462 1 0.50677 0.49323 
 ----> 6.6#11.9#4.0#14.0#VAR 463 0 0.534177 0.465823 
 ----> 6.6#11.9#4.0#14.0#VAR 464 0 0.506931 0.493069 
 ----> 6.6#11.9#4.0#14.0#VAR 465 0 0.53225 0.46775 
 ----> 6.6#11.9#4.0#14.0#VAR 466 0 0.52614 0.47386 
 ----> 6.6#11.9#4.0#14.0#VAR 467 0 0.515861 0.484139 
 ----> 6.6#11.9#4.0#14.0#VAR 468 0 0.518187 0.481813 
 ----> 6.6#11.9#4.0#14.0#VAR 469 1 0.499776 0.500224 
 ----> 6.6#11.9#4.0#14.0#VAR 470 1 0.505742 0.494258 
 ----> 6.6#11.9#4.0#14.0#VAR 471 1 0.494691 0.505309 
 ----> 6.6#11.9#4.0#14.0#VAR 472 1 0.501268 0.498732 
 ----> 6.6#11.9#4.0#14.0#VAR 473 0 0.502239 0.497761 
 ----> 6.6#11.9#4.0#14.0#VAR 474 1 0.500617 0.499383 
 ----> 6.6#11.9#4.0#14.0#VAR 475 1 0.51779 0.48221 
 ----> 6.6#11.9#4.0#14.0#VAR 476 0 0.535203 0.464797 
 ----> 6.6#11.9#4.0#14.0#VAR 477 0 0.519047 0.480953 
 ----> 6.6#11.9#4.0#14.0#VAR 478 1 0.504474 0.495526 
 ----> 6.6#11.9#4.0#14.0#VAR 479 0 0.52402 0.47598 
 ----> 6.6#11.9#4.0#14.0#VAR 480 0 0.532068 0.467932 
 ----> 6.6#11.9#4.0#14.0#VAR 481 1 0.514344 0.485656 
 ----> 6.6#11.9#4.0#14.0#VAR 482 0 0.501163 0.498837 
 ----> 6.6#11.9#4.0#14.0#VAR 483 1 0.52542 0.47458 
 ----> 6.6#11.9#4.0#14.0#VAR 484 0 0.542628 0.457372 
 ----> 6.6#11.9#4.0#14.0#VAR 485 0 0.524912 0.475088 
 ----> 6.6#11.9#4.0#14.0#VAR 486 0 0.513486 0.486514 
 ----> 6.6#11.9#4.0#14.0#VAR 487 0 0.510124 0.489876 
 ----> 6.6#11.9#4.0#14.0#VAR 488 0 0.520247 0.479753 
 ----> 6.6#11.9#4.0#14.0#VAR 489 1 0.489795 0.510205 
 ----> 6.6#11.9#4.0#14.0#VAR 490 1 0.500552 0.499448 
 ----> 6.6#11.9#4.0#14.0#VAR 491 1 0.505156 0.494844 
 ----> 6.6#11.9#4.0#14.0#VAR 492 0 0.508405 0.491595 
 ----> 6.6#11.9#4.0#14.0#VAR 493 1 0.49498 0.50502 
 ----> 6.6#11.9#4.0#14.0#VAR 494 0 0.508189 0.491811 
 ----> 6.6#11.9#4.0#14.0#VAR 495 0 0.518637 0.481363 
 ----> 6.6#11.9#4.0#14.0#VAR 496 0 0.509168 0.490832 
 ----> 6.6#11.9#4.0#14.0#VAR 497 0 0.520687 0.479313 
 ----> 6.6#11.9#4.0#14.0#VAR 498 1 0.499459 0.500541 
 ----> 6.6#11.9#4.0#14.0#VAR 499 1 0.507844 0.492156 
 ----> 6.6#11.9#4.0#14.0#VAR 500 0 0.529845 0.470155 
 ----> 6.6#11.9#4.0#14.0#VAR 501 1 0.485558 0.514442 
 ----> 6.6#11.9#4.0#14.0#VAR 502 0 0.517056 0.482944 
 ----> 6.6#11.9#4.0#14.0#VAR 503 0 0.538004 0.461996 
 ----> 6.6#11.9#4.0#14.0#VAR 504 0 0.530818 0.469182 
 ----> 6.6#11.9#4.0#14.0#VAR 505 0 0.556401 0.443599 
 ----> 6.6#11.9#4.0#14.0#VAR 506 0 0.528083 0.471917 
 ----> 6.6#11.9#4.0#14.0#VAR 507 0 0.535899 0.464101 
 ----> 6.6#11.9#4.0#14.0#VAR 508 0 0.527496 0.472504 
 ----> 6.6#11.9#4.0#14.0#VAR 509 1 0.522473 0.477527 
 ----> 6.6#11.9#4.0#14.0#VAR 510 0 0.509658 0.490342 
 ----> 6.6#11.9#4.0#14.0#VAR 511 0 0.544676 0.455324 
 ----> 6.6#11.9#4.0#14.0#VAR 512 0 0.53278 0.46722 
 ----> 6.6#11.9#4.0#14.0#VAR 513 0 0.539219 0.460781 
 ----> 6.6#11.9#4.0#14.0#VAR 514 0 0.530918 0.469082 
 ----> 6.6#11.9#4.0#14.0#VAR 515 0 0.537181 0.462819 
 ----> 6.6#11.9#4.0#14.0#VAR 516 1 0.523412 0.476588 
 ----> 6.6#11.9#4.0#14.0#VAR 517 0 0.561156 0.438844 
 ----> 6.6#11.9#4.0#14.0#VAR 518 0 0.508075 0.491925 
 ----> 6.6#11.9#4.0#14.0#VAR 519 0 0.528904 0.471096 
 ----> 6.6#11.9#4.0#14.0#VAR 520 0 0.542843 0.457157 
 ----> 6.6#11.9#4.0#14.0#VAR 521 0 0.517665 0.482335 
 ----> 6.6#11.9#4.0#14.0#VAR 522 0 0.521739 0.478261 
 ----> 6.6#11.9#4.0#14.0#VAR 523 0 0.537951 0.462049 
 ----> 6.6#11.9#4.0#14.0#VAR 524 1 0.511583 0.488417 
 ----> 6.6#11.9#4.0#14.0#VAR 525 0 0.51116 0.48884 
 ----> 6.6#11.9#4.0#14.0#VAR 526 0 0.537424 0.462576 
 ----> 6.6#11.9#4.0#14.0#VAR 527 0 0.531063 0.468937 
 ----> 6.6#11.9#4.0#14.0#VAR 528 1 0.52655 0.47345 
 ----> 6.6#11.9#4.0#14.0#VAR 529 0 0.546385 0.453615 
 ----> 6.6#11.9#4.0#14.0#VAR 530 1 0.52086 0.47914 
 ----> 6.6#11.9#4.0#14.0#VAR 531 1 0.52006 0.47994 
 ----> 6.6#11.9#4.0#14.0#VAR 532 1 0.532934 0.467066 
 ----> 6.6#11.9#4.0#14.0#VAR 533 1 0.52838 0.47162 
 ----> 6.6#11.9#4.0#14.0#VAR 534 1 0.523829 0.476171 
 ----> 6.6#11.9#4.0#14.0#VAR 535 0 0.54546 0.45454 
 ----> 6.6#11.9#4.0#14.0#VAR 536 1 0.514805 0.485195 
 ----> 6.6#11.9#4.0#14.0#VAR 537 0 0.515879 0.484121 
 ----> 6.6#11.9#4.0#14.0#VAR 538 0 0.527189 0.472811 
 ----> 6.6#11.9#4.0#14.0#VAR 539 0 0.509501 0.490499 
 ----> 6.6#11.9#4.0#14.0#VAR 540 0 0.529005 0.470995 
 ----> 6.6#11.9#4.0#14.0#VAR 541 0 0.529732 0.470268 
 ----> 6.6#11.9#4.0#14.0#VAR 542 0 0.521351 0.478649 
 ----> 6.6#11.9#4.0#14.0#VAR 543 0 0.537993 0.462007 
 ----> 6.6#11.9#4.0#14.0#VAR 544 0 0.532251 0.467749 
 ----> 6.6#11.9#4.0#14.0#VAR 545 0 0.529022 0.470978 
 ----> 6.6#11.9#4.0#14.0#VAR 546 0 0.527732 0.472268 
 ----> 6.6#11.9#4.0#14.0#VAR 547 1 0.509193 0.490807 
 ----> 6.6#11.9#4.0#14.0#VAR 548 1 0.516582 0.483418 
 ----> 6.6#11.9#4.0#14.0#VAR 549 0 0.540027 0.459973 
 ----> 6.6#11.9#4.0#14.0#VAR 550 0 0.526705 0.473295 
 ----> 6.6#11.9#4.0#14.0#VAR 551 0 0.522384 0.477616 
 ----> 6.6#11.9#4.0#14.0#VAR 552 0 0.511494 0.488506 
 ----> 6.6#11.9#4.0#14.0#VAR 553 1 0.511966 0.488034 
 ----> 6.6#11.9#4.0#14.0#VAR 554 0 0.512233 0.487767 
 ----> 6.6#11.9#4.0#14.0#VAR 555 0 0.536493 0.463507 
 ----> 6.6#11.9#4.0#14.0#VAR 556 0 0.537602 0.462398 
 ----> 6.6#11.9#4.0#14.0#VAR 557 1 0.514712 0.485288 
 ----> 6.6#11.9#4.0#14.0#VAR 558 0 0.537962 0.462038 
 ----> 6.6#11.9#4.0#14.0#VAR 559 0 0.535346 0.464654 
 ----> 6.6#11.9#4.0#14.0#VAR 560 0 0.541724 0.458276 
 ----> 6.6#11.9#4.0#14.0#VAR 561 0 0.551298 0.448702 
 ----> 6.6#11.9#4.0#14.0#VAR 562 1 0.525128 0.474872 
 ----> 6.6#11.9#4.0#14.0#VAR 563 1 0.534093 0.465907 
 ----> 6.6#11.9#4.0#14.0#VAR 564 0 0.531569 0.468431 
 ----> 6.6#11.9#4.0#14.0#VAR 565 0 0.536174 0.463826 
 ----> 6.6#11.9#4.0#14.0#VAR 566 0 0.542395 0.457605 
 ----> 6.6#11.9#4.0#14.0#VAR 567 0 0.503882 0.496118 
 ----> 6.6#11.9#4.0#14.0#VAR 568 0 0.526152 0.473848 
 ----> 6.6#11.9#4.0#14.0#VAR 569 1 0.524582 0.475418 
 ----> 6.6#11.9#4.0#14.0#VAR 570 0 0.509379 0.490621 
 ----> 6.6#11.9#4.0#14.0#VAR 571 0 0.529676 0.470324 
 ----> 6.6#11.9#4.0#14.0#VAR 572 0 0.526403 0.473597 
 ----> 6.6#11.9#4.0#14.0#VAR 573 0 0.546349 0.453651 
 ----> 6.6#11.9#4.0#14.0#VAR 574 1 0.503014 0.496986 
 ----> 6.6#11.9#4.0#14.0#VAR 575 0 0.554378 0.445622 
 ----> 6.6#11.9#4.0#14.0#VAR 576 0 0.531863 0.468137 
 ----> 6.6#11.9#4.0#14.0#VAR 577 0 0.511336 0.488664 
 ----> 6.6#11.9#4.0#14.0#VAR 578 0 0.504061 0.495939 
 ----> 6.6#11.9#4.0#14.0#VAR 579 0 0.519401 0.480599 
 ----> 6.6#11.9#4.0#14.0#VAR 580 0 0.524165 0.475835 
 ----> 6.6#11.9#4.0#14.0#VAR 581 0 0.499135 0.500865 
 ----> 6.6#11.9#4.0#14.0#VAR 582 1 0.486493 0.513507 
 ----> 6.6#11.9#4.0#14.0#VAR 583 0 0.530169 0.469831 
 ----> 6.6#11.9#4.0#14.0#VAR 584 0 0.51472 0.48528 
 ----> 6.6#11.9#4.0#14.0#VAR 585 0 0.524188 0.475812 
 ----> 6.6#11.9#4.0#14.0#VAR 586 0 0.513325 0.486675 
 ----> 6.6#11.9#4.0#14.0#VAR 587 0 0.531896 0.468104 
 ----> 6.6#11.9#4.0#14.0#VAR 588 0 0.524956 0.475044 
 ----> 6.6#11.9#4.0#14.0#VAR 589 1 0.520488 0.479512 
 ----> 6.6#11.9#4.0#14.0#VAR 590 0 0.522947 0.477053 
 ----> 6.6#11.9#4.0#14.0#VAR 591 0 0.535396 0.464604 
 ----> 6.6#11.9#4.0#14.0#VAR 592 0 0.528012 0.471988 
 ----> 6.6#11.9#4.0#14.0#VAR 593 1 0.503141 0.496859 
 ----> 6.6#11.9#4.0#14.0#VAR 594 0 0.535692 0.464308 
 ----> 6.6#11.9#4.0#14.0#VAR 595 1 0.513413 0.486587 
 ----> 6.6#11.9#4.0#14.0#VAR 596 0 0.546932 0.453068 
 ----> 6.6#11.9#4.0#14.0#VAR 597 1 0.512875 0.487125 
 ----> 6.6#11.9#4.0#14.0#VAR 598 0 0.527441 0.472559 
 ----> 6.6#11.9#4.0#14.0#VAR 599 1 0.516053 0.483947 
 ----> 6.6#11.9#4.0#14.0#VAR 600 0 0.559805 0.440195 
 ----> 6.6#11.9#4.0#14.0#VAR 601 0 0.545248 0.454752 
 ----> 6.6#11.9#4.0#14.0#VAR 602 0 0.546524 0.453476 
 ----> 6.6#11.9#4.0#14.0#VAR 603 1 0.498772 0.501228 
 ----> 6.6#11.9#4.0#14.0#VAR 604 0 0.533977 0.466023 
 ----> 6.6#11.9#4.0#14.0#VAR 605 0 0.539525 0.460475 
 ----> 6.6#11.9#4.0#14.0#VAR 606 0 0.543211 0.456789 
 ----> 6.6#11.9#4.0#14.0#VAR 607 0 0.525065 0.474935 
 ----> 6.6#11.9#4.0#14.0#VAR 608 0 0.549019 0.450981 
 ----> 6.6#11.9#4.0#14.0#VAR 609 0 0.562687 0.437313 
 ----> 6.6#11.9#4.0#14.0#VAR 610 1 0.51378 0.48622 
 ----> 6.6#11.9#4.0#14.0#VAR 611 1 0.506116 0.493884 
 ----> 6.6#11.9#4.0#14.0#VAR 612 0 0.53275 0.46725 
 ----> 6.6#11.9#4.0#14.0#VAR 613 0 0.531653 0.468347 
 ----> 6.6#11.9#4.0#14.0#VAR 614 1 0.51411 0.48589 
 ----> 6.6#11.9#4.0#14.0#VAR 615 0 0.516071 0.483929 
 ----> 6.6#11.9#4.0#14.0#VAR 616 0 0.527474 0.472526 
 ----> 6.6#11.9#4.0#14.0#VAR 617 1 0.508663 0.491337 
 ----> 6.6#11.9#4.0#14.0#VAR 618 0 0.509411 0.490589 
 ----> 6.6#11.9#4.0#14.0#VAR 619 1 0.512585 0.487415 
 ----> 6.6#11.9#4.0#14.0#VAR 620 1 0.517063 0.482937 
 ----> 6.6#11.9#4.0#14.0#VAR 621 0 0.520878 0.479122 
 ----> 6.6#11.9#4.0#14.0#VAR 622 0 0.548893 0.451107 
 ----> 6.6#11.9#4.0#14.0#VAR 623 0 0.541039 0.458961 
 ----> 6.6#11.9#4.0#14.0#VAR 624 0 0.537917 0.462083 
 ----> 6.6#11.9#4.0#14.0#VAR 625 0 0.541582 0.458418 
 ----> 6.6#11.9#4.0#14.0#VAR 626 1 0.514769 0.485231 
 ----> 6.6#11.9#4.0#14.0#VAR 627 1 0.523573 0.476427 
 ----> 6.6#11.9#4.0#14.0#VAR 628 1 0.517534 0.482466 
 ----> 6.6#11.9#4.0#14.0#VAR 629 0 0.522823 0.477177 
 ----> 6.6#11.9#4.0#14.0#VAR 630 0 0.518467 0.481533 
 ----> 6.6#11.9#4.0#14.0#VAR 631 0 0.524034 0.475966 
 ----> 6.6#11.9#4.0#14.0#VAR 632 0 0.517099 0.482901 
 ----> 6.6#11.9#4.0#14.0#VAR 633 0 0.513732 0.486268 
 ----> 6.6#11.9#4.0#14.0#VAR 634 1 0.50253 0.49747 
 ----> 6.6#11.9#4.0#14.0#VAR 635 1 0.526309 0.473691 
 ----> 6.6#11.9#4.0#14.0#VAR 636 0 0.529771 0.470229 
 ----> 6.6#11.9#4.0#14.0#VAR 637 1 0.509678 0.490322 
 ----> 6.6#11.9#4.0#14.0#VAR 638 1 0.518969 0.481031 
 ----> 6.6#11.9#4.0#14.0#VAR 639 0 0.513806 0.486194 
 ----> 6.6#11.9#4.0#14.0#VAR 640 0 0.527731 0.472269 
 ----> 6.6#11.9#4.0#14.0#VAR 641 1 0.522661 0.477339 
 ----> 6.6#11.9#4.0#14.0#VAR 642 0 0.5327 0.4673 
 ----> 6.6#11.9#4.0#14.0#VAR 643 0 0.528265 0.471735 
 ----> 6.6#11.9#4.0#14.0#VAR 644 0 0.548876 0.451124 
 ----> 6.6#11.9#4.0#14.0#VAR 645 1 0.525299 0.474701 
 ----> 6.6#11.9#4.0#14.0#VAR 646 0 0.520008 0.479992 
 ----> 6.6#11.9#4.0#14.0#VAR 647 0 0.53309 0.46691 
 ----> 6.6#11.9#4.0#14.0#VAR 648 0 0.529516 0.470484 
 ----> 6.6#11.9#4.0#14.0#VAR 649 0 0.527047 0.472953 
 ----> 6.6#11.9#4.0#14.0#VAR 650 0 0.525627 0.474373 
 ----> 6.6#11.9#4.0#14.0#VAR 651 0 0.541083 0.458917 
 ----> 6.6#11.9#4.0#14.0#VAR 652 1 0.523729 0.476271 
 ----> 6.6#11.9#4.0#14.0#VAR 653 0 0.525065 0.474935 
 ----> 6.6#11.9#4.0#14.0#VAR 654 0 0.521043 0.478957 
 ----> 6.6#11.9#4.0#14.0#VAR 655 0 0.523189 0.476811 
 ----> 6.6#11.9#4.0#14.0#VAR 656 0 0.522311 0.477689 
 ----> 6.6#11.9#4.0#14.0#VAR 657 0 0.530056 0.469944 
 ----> 6.6#11.9#4.0#14.0#VAR 658 0 0.557774 0.442226 
 ----> 6.6#11.9#4.0#14.0#VAR 659 0 0.552044 0.447956 
 ----> 6.6#11.9#4.0#14.0#VAR 660 1 0.489894 0.510106 
 ----> 6.6#11.9#4.0#14.0#VAR 661 1 0.507491 0.492509 
 ----> 6.6#11.9#4.0#14.0#VAR 662 0 0.559945 0.440055 
 ----> 6.6#11.9#4.0#14.0#VAR 663 1 0.502812 0.497188 
 ----> 6.6#11.9#4.0#14.0#VAR 664 1 0.513167 0.486833 
 ----> 6.6#11.9#4.0#14.0#VAR 665 0 0.523546 0.476454 
 ----> 6.6#11.9#4.0#14.0#VAR 666 0 0.51912 0.48088 
 ----> 6.6#11.9#4.0#14.0#VAR 667 0 0.516288 0.483712 
 ----> 6.6#11.9#4.0#14.0#VAR 668 0 0.517516 0.482484 
 ----> 6.6#11.9#4.0#14.0#VAR 669 0 0.514997 0.485003 
 ----> 6.6#11.9#4.0#14.0#VAR 670 1 0.50005 0.49995 
 ----> 6.6#11.9#4.0#14.0#VAR 671 0 0.522766 0.477234 
 ----> 6.6#11.9#4.0#14.0#VAR 672 1 0.507238 0.492762 
 ----> 6.6#11.9#4.0#14.0#VAR 673 0 0.519937 0.480063 
 ----> 6.6#11.9#4.0#14.0#VAR 674 0 0.538213 0.461787 
 ----> 6.6#11.9#4.0#14.0#VAR 675 0 0.525988 0.474012 
 ----> 6.6#11.9#4.0#14.0#VAR 676 0 0.539785 0.460215 
 ----> 6.6#11.9#4.0#14.0#VAR 677 0 0.5472 0.4528 
 ----> 6.6#11.9#4.0#14.0#VAR 678 0 0.531567 0.468433 
 ----> 6.6#11.9#4.0#14.0#VAR 679 1 0.527659 0.472341 
 ----> 6.6#11.9#4.0#14.0#VAR 680 1 0.500769 0.499231 
 ----> 6.6#11.9#4.0#14.0#VAR 681 1 0.516606 0.483394 
 ----> 6.6#11.9#4.0#14.0#VAR 682 0 0.534288 0.465712 
 ----> 6.6#11.9#4.0#14.0#VAR 683 1 0.508455 0.491545 
 ----> 6.6#11.9#4.0#14.0#VAR 684 0 0.516406 0.483594 
 ----> 6.6#11.9#4.0#14.0#VAR 685 0 0.51783 0.48217 
 ----> 6.6#11.9#4.0#14.0#VAR 686 0 0.508681 0.491319 
 ----> 6.6#11.9#4.0#14.0#VAR 687 0 0.519009 0.480991 
 ----> 6.6#11.9#4.0#14.0#VAR 688 0 0.530078 0.469922 
 ----> 6.6#11.9#4.0#14.0#VAR 689 1 0.520676 0.479324 
 ----> 6.6#11.9#4.0#14.0#VAR 690 1 0.530505 0.469495 
 ----> 6.6#11.9#4.0#14.0#VAR 691 1 0.521346 0.478654 
 ----> 6.6#11.9#4.0#14.0#VAR 692 1 0.518487 0.481513 
 ----> 6.6#11.9#4.0#14.0#VAR 693 0 0.536119 0.463881 
 ----> 6.6#11.9#4.0#14.0#VAR 694 1 0.509333 0.490667 
 ----> 6.6#11.9#4.0#14.0#VAR 695 0 0.525188 0.474812 
 ----> 6.6#11.9#4.0#14.0#VAR 696 1 0.505951 0.494049 
 ----> 6.6#11.9#4.0#14.0#VAR 697 0 0.543165 0.456835 
 ----> 6.6#11.9#4.0#14.0#VAR 698 1 0.508609 0.491391 
 ----> 6.6#11.9#4.0#14.0#VAR 699 0 0.524482 0.475518 
 ----> 6.6#11.9#4.0#14.0#VAR 700 0 0.542514 0.457486 
 ----> 6.6#11.9#4.0#14.0#VAR 701 0 0.518761 0.481239 
 ----> 6.6#11.9#4.0#14.0#VAR 702 1 0.515897 0.484103 
 ----> 6.6#11.9#4.0#14.0#VAR 703 0 0.534674 0.465326 
 ----> 6.6#11.9#4.0#14.0#VAR 704 0 0.524161 0.475839 
 ----> 6.6#11.9#4.0#14.0#VAR 705 0 0.533382 0.466618 
 ----> 6.6#11.9#4.0#14.0#VAR 706 0 0.521936 0.478064 
 ----> 6.6#11.9#4.0#14.0#VAR 707 0 0.518763 0.481237 
 ----> 6.6#11.9#4.0#14.0#VAR 708 0 0.518774 0.481226 
 ----> 6.6#11.9#4.0#14.0#VAR 709 0 0.549723 0.450277 
 ----> 6.6#11.9#4.0#14.0#VAR 710 0 0.505175 0.494825 
 ----> 6.6#11.9#4.0#14.0#VAR 711 1 0.481785 0.518215 
 ----> 6.6#11.9#4.0#14.0#VAR 712 0 0.531652 0.468348 
 ----> 6.6#11.9#4.0#14.0#VAR 713 0 0.524981 0.475019 
 ----> 6.6#11.9#4.0#14.0#VAR 714 1 0.507415 0.492585 
 ----> 6.6#11.9#4.0#14.0#VAR 715 0 0.500635 0.499365 
 ----> 6.6#11.9#4.0#14.0#VAR 716 0 0.533001 0.466999 
 ----> 6.6#11.9#4.0#14.0#VAR 717 1 0.507569 0.492431 
 ----> 6.6#11.9#4.0#14.0#VAR 718 1 0.502628 0.497372 
 ----> 6.6#11.9#4.0#14.0#VAR 719 0 0.516852 0.483148 
 ----> 6.6#11.9#4.0#14.0#VAR 720 1 0.526417 0.473583 
 ----> 6.6#11.9#4.0#14.0#VAR 721 1 0.526757 0.473243 
 ----> 6.6#11.9#4.0#14.0#VAR 722 0 0.552733 0.447267 
 ----> 6.6#11.9#4.0#14.0#VAR 723 0 0.53965 0.46035 
 ----> 6.6#11.9#4.0#14.0#VAR 724 0 0.527692 0.472308 
 ----> 6.6#11.9#4.0#14.0#VAR 725 0 0.543311 0.456689 
 ----> 6.6#11.9#4.0#14.0#VAR 726 0 0.523494 0.476506 
 ----> 6.6#11.9#4.0#14.0#VAR 727 0 0.513253 0.486747 
 ----> 6.6#11.9#4.0#14.0#VAR 728 1 0.505829 0.494171 
 ----> 6.6#11.9#4.0#14.0#VAR 729 1 0.492909 0.507091 
 ----> 6.6#11.9#4.0#14.0#VAR 730 0 0.524163 0.475837 
 ----> 6.6#11.9#4.0#14.0#VAR 731 1 0.504066 0.495934 
 ----> 6.6#11.9#4.0#14.0#VAR 732 0 0.519171 0.480829 
 ----> 6.6#11.9#4.0#14.0#VAR 733 0 0.528342 0.471658 
 ----> 6.6#11.9#4.0#14.0#VAR 734 0 0.515811 0.484189 
 ----> 6.6#11.9#4.0#14.0#VAR 735 0 0.513239 0.486761 
 ----> 6.6#11.9#4.0#14.0#VAR 736 0 0.527029 0.472971 
 ----> 6.6#11.9#4.0#14.0#VAR 737 1 0.512696 0.487304 
 ----> 6.6#11.9#4.0#14.0#VAR 738 1 0.513622 0.486378 
 ----> 6.6#11.9#4.0#14.0#VAR 739 1 0.512801 0.487199 
 ----> 6.6#11.9#4.0#14.0#VAR 740 1 0.491086 0.508914 
 ----> 6.6#11.9#4.0#14.0#VAR 741 0 0.523803 0.476197 
 ----> 6.6#11.9#4.0#14.0#VAR 742 0 0.557173 0.442827 
 ----> 6.6#11.9#4.0#14.0#VAR 743 1 0.519199 0.480801 
 ----> 6.6#11.9#4.0#14.0#VAR 744 0 0.518305 0.481695 
 ----> 6.6#11.9#4.0#14.0#VAR 745 1 0.529898 0.470102 
 ----> 6.6#11.9#4.0#14.0#VAR 746 0 0.527044 0.472956 
 ----> 6.6#11.9#4.0#14.0#VAR 747 0 0.509856 0.490144 
 ----> 6.6#11.9#4.0#14.0#VAR 748 0 0.512798 0.487202 
 ----> 6.6#11.9#4.0#14.0#VAR 749 0 0.533444 0.466556 
 ----> 6.6#11.9#4.0#14.0#VAR 750 1 0.521443 0.478557 
 ----> 6.6#11.9#4.0#14.0#VAR 751 0 0.518668 0.481332 
 ----> 6.6#11.9#4.0#14.0#VAR 752 0 0.522131 0.477869 
 ----> 6.6#11.9#4.0#14.0#VAR 753 0 0.533253 0.466747 
 ----> 6.6#11.9#4.0#14.0#VAR 754 0 0.526414 0.473586 
 ----> 6.6#11.9#4.0#14.0#VAR 755 0 0.515094 0.484906 
 ----> 6.6#11.9#4.0#14.0#VAR 756 1 0.497083 0.502917 
 ----> 6.6#11.9#4.0#14.0#VAR 757 1 0.503307 0.496693 
 ----> 6.6#11.9#4.0#14.0#VAR 758 1 0.513775 0.486225 
 ----> 6.6#11.9#4.0#14.0#VAR 759 0 0.513457 0.486543 
 ----> 6.6#11.9#4.0#14.0#VAR 760 0 0.519993 0.480007 
 ----> 6.6#11.9#4.0#14.0#VAR 761 1 0.496678 0.503322 
 ----> 6.6#11.9#4.0#14.0#VAR 762 1 0.515514 0.484486 
 ----> 6.6#11.9#4.0#14.0#VAR 763 1 0.497127 0.502873 
 ----> 6.6#11.9#4.0#14.0#VAR 764 0 0.516819 0.483181 
 ----> 6.6#11.9#4.0#14.0#VAR 765 1 0.506645 0.493355 
 ----> 6.6#11.9#4.0#14.0#VAR 766 1 0.533653 0.466347 
 ----> 6.6#11.9#4.0#14.0#VAR 767 1 0.528253 0.471747 
 ----> 6.6#11.9#4.0#14.0#VAR 768 1 0.534921 0.465079 
 ----> 6.6#11.9#4.0#14.0#VAR 769 0 0.530117 0.469883 
 ----> 6.6#11.9#4.0#14.0#VAR 770 0 0.512808 0.487192 
 ----> 6.6#11.9#4.0#14.0#VAR 771 0 0.538365 0.461635 
 ----> 6.6#11.9#4.0#14.0#VAR 772 0 0.534592 0.465408 
 ----> 6.6#11.9#4.0#14.0#VAR 773 1 0.525066 0.474934 
 ----> 6.6#11.9#4.0#14.0#VAR 774 0 0.523596 0.476404 
 ----> 6.6#11.9#4.0#14.0#VAR 775 1 0.507861 0.492139 
 ----> 6.6#11.9#4.0#14.0#VAR 776 0 0.508952 0.491048 
 ----> 6.6#11.9#4.0#14.0#VAR 777 0 0.513478 0.486522 
 ----> 6.6#11.9#4.0#14.0#VAR 778 0 0.518172 0.481828 
 ----> 6.6#11.9#4.0#14.0#VAR 779 1 0.501832 0.498168 
 ----> 6.6#11.9#4.0#14.0#VAR 780 1 0.511696 0.488304 
 ----> 6.6#11.9#4.0#14.0#VAR 781 1 0.496023 0.503977 
 ----> 6.6#11.9#4.0#14.0#VAR 782 1 0.480246 0.519754 
 ----> 6.6#11.9#4.0#14.0#VAR 783 0 0.517587 0.482413 
 ----> 6.6#11.9#4.0#14.0#VAR 784 0 0.520307 0.479693 
 ----> 6.6#11.9#4.0#14.0#VAR 785 1 0.507519 0.492481 
 ----> 6.6#11.9#4.0#14.0#VAR 786 0 0.511978 0.488022 
 ----> 6.6#11.9#4.0#14.0#VAR 787 1 0.498283 0.501717 
 ----> 6.6#11.9#4.0#14.0#VAR 788 0 0.494136 0.505864 
 ----> 6.6#11.9#4.0#14.0#VAR 789 1 0.489984 0.510016 
 ----> 6.6#11.9#4.0#14.0#VAR 790 1 0.492819 0.507181 
 ----> 6.6#11.9#4.0#14.0#VAR 791 1 0.484318 0.515682 
 ----> 6.6#11.9#4.0#14.0#VAR 792 1 0.496316 0.503684 
 ----> 6.6#11.9#4.0#14.0#VAR 793 1 0.490052 0.509948 
 ----> 6.6#11.9#4.0#14.0#VAR 794 1 0.50016 0.49984 
 ----> 6.6#11.9#4.0#14.0#VAR 795 1 0.497389 0.502611 
 ----> 6.6#11.9#4.0#14.0#VAR 796 1 0.500204 0.499796 
 ----> 6.6#11.9#4.0#14.0#VAR 797 0 0.511688 0.488312 
 ----> 6.6#11.9#4.0#14.0#VAR 798 0 0.524011 0.475989 
 ----> 6.6#11.9#4.0#14.0#VAR 799 0 0.514256 0.485744 
 ----> 6.6#11.9#4.0#14.0#VAR 800 1 0.503529 0.496471 
 ----> 6.6#11.9#4.0#14.0#VAR 801 1 0.49366 0.50634 
 ----> 6.6#11.9#4.0#14.0#VAR 802 1 0.493157 0.506843 
 ----> 6.6#11.9#4.0#14.0#VAR 803 1 0.495399 0.504601 
 ----> 6.6#11.9#4.0#14.0#VAR 804 1 0.494658 0.505342 
 ----> 6.6#11.9#4.0#14.0#VAR 805 0 0.497649 0.502351 
 ----> 6.6#11.9#4.0#14.0#VAR 806 1 0.481896 0.518104 
 ----> 6.6#11.9#4.0#14.0#VAR 807 1 0.494667 0.505333 
 ----> 6.6#11.9#4.0#14.0#VAR 808 0 0.512225 0.487775 
 ----> 6.6#11.9#4.0#14.0#VAR 809 0 0.49624 0.50376 
 ----> 6.6#11.9#4.0#14.0#VAR 810 1 0.496329 0.503671 
 ----> 6.6#11.9#4.0#14.0#VAR 811 1 0.482361 0.517639 
 ----> 6.6#11.9#4.0#14.0#VAR 812 0 0.500267 0.499733 
 ----> 6.6#11.9#4.0#14.0#VAR 813 1 0.485426 0.514574 
 ----> 6.6#11.9#4.0#14.0#VAR 814 1 0.476057 0.523943 
 ----> 6.6#11.9#4.0#14.0#VAR 815 1 0.472371 0.527629 
 ----> 6.6#11.9#4.0#14.0#VAR 816 0 0.493919 0.506081 
 ----> 6.6#11.9#4.0#14.0#VAR 817 1 0.482919 0.517081 
 ----> 6.6#11.9#4.0#14.0#VAR 818 1 0.477811 0.522189 
 ----> 6.6#11.9#4.0#14.0#VAR 819 1 0.484042 0.515958 
 ----> 6.6#11.9#4.0#14.0#VAR 820 1 0.471807 0.528193 
 ----> 6.6#11.9#4.0#14.0#VAR 821 0 0.508244 0.491756 
 ----> 6.6#11.9#4.0#14.0#VAR 822 1 0.480338 0.519662 
 ----> 6.6#11.9#4.0#14.0#VAR 823 0 0.510284 0.489716 
 ----> 6.6#11.9#4.0#14.0#VAR 824 0 0.513682 0.486318 
 ----> 6.6#11.9#4.0#14.0#VAR 825 0 0.502676 0.497324 
 ----> 6.6#11.9#4.0#14.0#VAR 826 1 0.490249 0.509751 
 ----> 6.6#11.9#4.0#14.0#VAR 827 0 0.506643 0.493357 
 ----> 6.6#11.9#4.0#14.0#VAR 828 0 0.501581 0.498419 
 ----> 6.6#11.9#4.0#14.0#VAR 829 1 0.482073 0.517927 
 ----> 6.6#11.9#4.0#14.0#VAR 830 1 0.458173 0.541827 
 ----> 6.6#11.9#4.0#14.0#VAR 831 0 0.498927 0.501073 
 ----> 6.6#11.9#4.0#14.0#VAR 832 1 0.491733 0.508267 
 ----> 6.6#11.9#4.0#14.0#VAR 833 1 0.478704 0.521296 
 ----> 6.6#11.9#4.0#14.0#VAR 834 1 0.497662 0.502338 
 ----> 6.6#11.9#4.0#14.0#VAR 835 1 0.478781 0.521219 
 ----> 6.6#11.9#4.0#14.0#VAR 836 1 0.471871 0.528129 
 ----> 6.6#11.9#4.0#14.0#VAR 837 1 0.463601 0.536399 
 ----> 6.6#11.9#4.0#14.0#VAR 838 1 0.464188 0.535812 
 ----> 6.6#11.9#4.0#14.0#VAR 839 0 0.503168 0.496832 
 ----> 6.6#11.9#4.0#14.0#VAR 840 0 0.495903 0.504097 
 ----> 6.6#11.9#4.0#14.0#VAR 841 1 0.469069 0.530931 
 ----> 6.6#11.9#4.0#14.0#VAR 842 0 0.502475 0.497525 
 ----> 6.6#11.9#4.0#14.0#VAR 843 1 0.486739 0.513261 
 ----> 6.6#11.9#4.0#14.0#VAR 844 0 0.504389 0.495611 
 ----> 6.6#11.9#4.0#14.0#VAR 845 1 0.482485 0.517515 
 ----> 6.6#11.9#4.0#14.0#VAR 846 0 0.509342 0.490658 
 ----> 6.6#11.9#4.0#14.0#VAR 847 0 0.484875 0.515125 
 ----> 6.6#11.9#4.0#14.0#VAR 848 0 0.511312 0.488688 
 ----> 6.6#11.9#4.0#14.0#VAR 849 1 0.485906 0.514094 
 ----> 6.6#11.9#4.0#14.0#VAR 850 0 0.513512 0.486488 
 ----> 6.6#11.9#4.0#14.0#VAR 851 0 0.517583 0.482417 
 ----> 6.6#11.9#4.0#14.0#VAR 852 1 0.479666 0.520334 
 ----> 6.6#11.9#4.0#14.0#VAR 853 0 0.517947 0.482053 
 ----> 6.6#11.9#4.0#14.0#VAR 854 1 0.488253 0.511747 
 ----> 6.6#11.9#4.0#14.0#VAR 855 1 0.496931 0.503069 
 ----> 6.6#11.9#4.0#14.0#VAR 856 1 0.483413 0.516587 
 ----> 6.6#11.9#4.0#14.0#VAR 857 1 0.485124 0.514876 
 ----> 6.6#11.9#4.0#14.0#VAR 858 0 0.488756 0.511244 
 ----> 6.6#11.9#4.0#14.0#VAR 859 0 0.507432 0.492568 
 ----> 6.6#11.9#4.0#14.0#VAR 860 1 0.469741 0.530259 
 ----> 6.6#11.9#4.0#14.0#VAR 861 0 0.507798 0.492202 
 ----> 6.6#11.9#4.0#14.0#VAR 862 1 0.496692 0.503308 
 ----> 6.6#11.9#4.0#14.0#VAR 863 1 0.492376 0.507624 
 ----> 6.6#11.9#4.0#14.0#VAR 864 1 0.475316 0.524684 
 ----> 6.6#11.9#4.0#14.0#VAR 865 1 0.5001 0.4999 
 ----> 6.6#11.9#4.0#14.0#VAR 866 1 0.45835 0.54165 
 ----> 6.6#11.9#4.0#14.0#VAR 867 0 0.512163 0.487837 
 ----> 6.6#11.9#4.0#14.0#VAR 868 1 0.482725 0.517275 
 ----> 6.6#11.9#4.0#14.0#VAR 869 0 0.495034 0.504966 
 ----> 6.6#11.9#4.0#14.0#VAR 870 1 0.48483 0.51517 
 ----> 6.6#11.9#4.0#14.0#VAR 871 1 0.494333 0.505667 
 ----> 6.6#11.9#4.0#14.0#VAR 872 1 0.49025 0.50975 
 ----> 6.6#11.9#4.0#14.0#VAR 873 1 0.487691 0.512309 
 ----> 6.6#11.9#4.0#14.0#VAR 874 1 0.468704 0.531296 
 ----> 6.6#11.9#4.0#14.0#VAR 875 1 0.442357 0.557643 
 ----> 6.6#11.9#4.0#14.0#VAR 876 1 0.456542 0.543458 
 ----> 6.6#11.9#4.0#14.0#VAR 877 1 0.459771 0.540229 
 ----> 6.6#11.9#4.0#14.0#VAR 878 1 0.477654 0.522346 
 ----> 6.6#11.9#4.0#14.0#VAR 879 1 0.476782 0.523218 
 ----> 6.6#11.9#4.0#14.0#VAR 880 1 0.46821 0.53179 
 ----> 6.6#11.9#4.0#14.0#VAR 881 1 0.473259 0.526741 
 ----> 6.6#11.9#4.0#14.0#VAR 882 0 0.499696 0.500304 
 ----> 6.6#11.9#4.0#14.0#VAR 883 1 0.45272 0.54728 
 ----> 6.6#11.9#4.0#14.0#VAR 884 1 0.441407 0.558593 
 ----> 6.6#11.9#4.0#14.0#VAR 885 1 0.431632 0.568368 
 ----> 6.6#11.9#4.0#14.0#VAR 886 1 0.430519 0.569481 
 ----> 6.6#11.9#4.0#14.0#VAR 887 1 0.421742 0.578258 
 ----> 6.6#11.9#4.0#14.0#VAR 888 1 0.459098 0.540902 
 ----> 6.6#11.9#4.0#14.0#VAR 889 1 0.418164 0.581836 
 ----> 6.6#11.9#4.0#14.0#VAR 890 1 0.428318 0.571682 
 ----> 6.6#11.9#4.0#14.0#VAR 891 1 0.4415 0.5585 
 ----> 6.6#11.9#4.0#14.0#VAR 892 1 0.449633 0.550367 
 ----> 6.6#11.9#4.0#14.0#VAR 893 1 0.434179 0.565821 
 ----> 6.6#11.9#4.0#14.0#VAR 894 0 0.474609 0.525391 
 ----> 6.6#11.9#4.0#14.0#VAR 895 0 0.481666 0.518334 
 ----> 6.6#11.9#4.0#14.0#VAR 896 0 0.464459 0.535541 
 ----> 6.6#11.9#4.0#14.0#VAR 897 1 0.439229 0.560771 
 ----> 6.6#11.9#4.0#14.0#VAR 898 1 0.454407 0.545593 
 ----> 6.6#11.9#4.0#14.0#VAR 899 1 0.439673 0.560327 
 ----> 6.6#11.9#4.0#14.0#VAR 900 0 0.474221 0.525779 
 ----> 6.6#11.9#4.0#14.0#VAR 901 1 0.450723 0.549277 
 ----> 6.6#11.9#4.0#14.0#VAR 902 1 0.459871 0.540129 
 ----> 6.6#11.9#4.0#14.0#VAR 903 1 0.421096 0.578904 
 ----> 6.6#11.9#4.0#14.0#VAR 904 1 0.458465 0.541535 
 ----> 6.6#11.9#4.0#14.0#VAR 905 1 0.437505 0.562495 
 ----> 6.6#11.9#4.0#14.0#VAR 906 1 0.432964 0.567036 
 ----> 6.6#11.9#4.0#14.0#VAR 907 1 0.441929 0.558071 
 ----> 6.6#11.9#4.0#14.0#VAR 908 0 0.48066 0.51934 
 ----> 6.6#11.9#4.0#14.0#VAR 909 1 0.44839 0.55161 
 ----> 6.6#11.9#4.0#14.0#VAR 910 1 0.423394 0.576606 
 ----> 6.6#11.9#4.0#14.0#VAR 911 1 0.457269 0.542731 
 ----> 6.6#11.9#4.0#14.0#VAR 912 1 0.459895 0.540105 
 ----> 6.6#11.9#4.0#14.0#VAR 913 1 0.443888 0.556112 
 ----> 6.6#11.9#4.0#14.0#VAR 914 1 0.454258 0.545742 
 ----> 6.6#11.9#4.0#14.0#VAR 915 0 0.454869 0.545131 
 ----> 6.6#11.9#4.0#14.0#VAR 916 1 0.420218 0.579782 
 ----> 6.6#11.9#4.0#14.0#VAR 917 1 0.436433 0.563567 
 ----> 6.6#11.9#4.0#14.0#VAR 918 1 0.447084 0.552916 
 ----> 6.6#11.9#4.0#14.0#VAR 919 1 0.447978 0.552022 
 ----> 6.6#11.9#4.0#14.0#VAR 920 1 0.431761 0.568239 
 ----> 6.6#11.9#4.0#14.0#VAR 921 1 0.427805 0.572195 
 ----> 6.6#11.9#4.0#14.0#VAR 922 0 0.454334 0.545666 
 ----> 6.6#11.9#4.0#14.0#VAR 923 1 0.433389 0.566611 
 ----> 6.6#11.9#4.0#14.0#VAR 924 0 0.477083 0.522917 
 ----> 6.6#11.9#4.0#14.0#VAR 925 1 0.435743 0.564257 
 ----> 6.6#11.9#4.0#14.0#VAR 926 1 0.420959 0.579041 
 ----> 6.6#11.9#4.0#14.0#VAR 927 1 0.436153 0.563847 
 ----> 6.6#11.9#4.0#14.0#VAR 928 1 0.44569 0.55431 
 ----> 6.6#11.9#4.0#14.0#VAR 929 0 0.473732 0.526268 
 ----> 6.6#11.9#4.0#14.0#VAR 930 1 0.441266 0.558734 
 ----> 6.6#11.9#4.0#14.0#VAR 931 1 0.438718 0.561282 
 ----> 6.6#11.9#4.0#14.0#VAR 932 0 0.461976 0.538024 
 ----> 6.6#11.9#4.0#14.0#VAR 933 0 0.445601 0.554399 
 ----> 6.6#11.9#4.0#14.0#VAR 934 1 0.445324 0.554676 
 ----> 6.6#11.9#4.0#14.0#VAR 935 1 0.437081 0.562919 
 ----> 6.6#11.9#4.0#14.0#VAR 936 0 0.448212 0.551788 
 ----> 6.6#11.9#4.0#14.0#VAR 937 0 0.465162 0.534838 
 ----> 6.6#11.9#4.0#14.0#VAR 938 1 0.44999 0.55001 
 ----> 6.6#11.9#4.0#14.0#VAR 939 1 0.440137 0.559863 
 ----> 6.6#11.9#4.0#14.0#VAR 940 1 0.455734 0.544266 
 ----> 6.6#11.9#4.0#14.0#VAR 941 1 0.431229 0.568771 
 ----> 6.6#11.9#4.0#14.0#VAR 942 1 0.468273 0.531727 
 ----> 6.6#11.9#4.0#14.0#VAR 943 1 0.435495 0.564505 
 ----> 6.6#11.9#4.0#14.0#VAR 944 0 0.476292 0.523708 
 ----> 6.6#11.9#4.0#14.0#VAR 945 1 0.438807 0.561193 
 ----> 6.6#11.9#4.0#14.0#VAR 946 1 0.42927 0.57073 
 ----> 6.6#11.9#4.0#14.0#VAR 947 1 0.444824 0.555176 
 ----> 6.6#11.9#4.0#14.0#VAR 948 0 0.458203 0.541797 
 ----> 6.6#11.9#4.0#14.0#VAR 949 1 0.436978 0.563022 
 ----> 6.6#11.9#4.0#14.0#VAR 950 1 0.432551 0.567449 
 ----> 6.6#11.9#4.0#14.0#VAR 951 1 0.458551 0.541449 
 ----> 6.6#11.9#4.0#14.0#VAR 952 0 0.464312 0.535688 
 ----> 6.6#11.9#4.0#14.0#VAR 953 1 0.407735 0.592265 
 ----> 6.6#11.9#4.0#14.0#VAR 954 1 0.433626 0.566374 
 ----> 6.6#11.9#4.0#14.0#VAR 955 0 0.442255 0.557745 
 ----> 6.6#11.9#4.0#14.0#VAR 956 0 0.45224 0.54776 
 ----> 6.6#11.9#4.0#14.0#VAR 957 0 0.452133 0.547867 
 ----> 6.6#11.9#4.0#14.0#VAR 958 0 0.466995 0.533005 
 ----> 6.6#11.9#4.0#14.0#VAR 959 1 0.433293 0.566707 
 ----> 6.6#11.9#4.0#14.0#VAR 960 0 0.452493 0.547507 
 ----> 6.6#11.9#4.0#14.0#VAR 961 0 0.453582 0.546418 
 ----> 6.6#11.9#4.0#14.0#VAR 962 0 0.457812 0.542188 
 ----> 6.6#11.9#4.0#14.0#VAR 963 0 0.459932 0.540068 
 ----> 6.6#11.9#4.0#14.0#VAR 964 1 0.453601 0.546399 
 ----> 6.6#11.9#4.0#14.0#VAR 965 0 0.458414 0.541586 
 ----> 6.6#11.9#4.0#14.0#VAR 966 1 0.435073 0.564927 
 ----> 6.6#11.9#4.0#14.0#VAR 967 1 0.462013 0.537987 
 ----> 6.6#11.9#4.0#14.0#VAR 968 1 0.44967 0.55033 
 ----> 6.6#11.9#4.0#14.0#VAR 969 1 0.432057 0.567943 
 ----> 6.6#11.9#4.0#14.0#VAR 970 0 0.47127 0.52873 
 ----> 6.6#11.9#4.0#14.0#VAR 971 1 0.423835 0.576165 
 ----> 6.6#11.9#4.0#14.0#VAR 972 0 0.469122 0.530878 
 ----> 6.6#11.9#4.0#14.0#VAR 973 0 0.465407 0.534593 
 ----> 6.6#11.9#4.0#14.0#VAR 974 1 0.469674 0.530326 
 ----> 6.6#11.9#4.0#14.0#VAR 975 1 0.460497 0.539503 
 ----> 6.6#11.9#4.0#14.0#VAR 976 1 0.43583 0.56417 
 ----> 6.6#11.9#4.0#14.0#VAR 977 1 0.48138 0.51862 
 ----> 6.6#11.9#4.0#14.0#VAR 978 0 0.502355 0.497645 
 ----> 6.6#11.9#4.0#14.0#VAR 979 0 0.479375 0.520625 
 ----> 6.6#11.9#4.0#14.0#VAR 980 1 0.446462 0.553538 
 ----> 6.6#11.9#4.0#14.0#VAR 981 1 0.472709 0.527291 
 ----> 6.6#11.9#4.0#14.0#VAR 982 0 0.491267 0.508733 
 ----> 6.6#11.9#4.0#14.0#VAR 983 1 0.456155 0.543845 
 ----> 6.6#11.9#4.0#14.0#VAR 984 1 0.44436 0.55564 
 ----> 6.6#11.9#4.0#14.0#VAR 985 0 0.498508 0.501492 
 ----> 6.6#11.9#4.0#14.0#VAR 986 1 0.465397 0.534603 
 ----> 6.6#11.9#4.0#14.0#VAR 987 1 0.475257 0.524743 
 ----> 6.6#11.9#4.0#14.0#VAR 988 1 0.445571 0.554429 
 ----> 6.6#11.9#4.0#14.0#VAR 989 0 0.4664 0.5336 
 ----> 6.6#11.9#4.0#14.0#VAR 990 0 0.473325 0.526675 
 ----> 6.6#11.9#4.0#14.0#VAR 991 1 0.449011 0.550989 
 ----> 6.6#11.9#4.0#14.0#VAR 992 1 0.465504 0.534496 
 ----> 6.6#11.9#4.0#14.0#VAR 993 1 0.459081 0.540919 
 ----> 6.6#11.9#4.0#14.0#VAR 994 0 0.466963 0.533037 
 ----> 6.6#11.9#4.0#14.0#VAR 995 1 0.438317 0.561683 
 ----> 6.6#11.9#4.0#14.0#VAR 996 0 0.472508 0.527492 
 ----> 6.6#11.9#4.0#14.0#VAR 997 1 0.438877 0.561123 
 ----> 6.6#11.9#4.0#14.0#VAR 998 0 0.473899 0.526101 
 ----> 6.6#11.9#4.0#14.0#VAR 999 1 0.427184 0.572816 
 ----> 6.6#11.9#4.0#14.0#VAR 1000 1 0.442791 0.557209 
 ----> 6.6#11.9#4.0#14.0#VAR 1001 1 0.458236 0.541764 
 ----> 6.6#11.9#4.0#14.0#VAR 1002 0 0.482146 0.517854 
 ----> 6.6#11.9#4.0#14.0#VAR 1003 1 0.468807 0.531193 
 ----> 6.6#11.9#4.0#14.0#VAR 1004 1 0.468408 0.531592 
 ----> 6.6#11.9#4.0#14.0#VAR 1005 0 0.471533 0.528467 
 ----> 6.6#11.9#4.0#14.0#VAR 1006 1 0.450261 0.549739 
 ----> 6.6#11.9#4.0#14.0#VAR 1007 1 0.46694 0.53306 
 ----> 6.6#11.9#4.0#14.0#VAR 1008 0 0.459478 0.540522 
 ----> 6.6#11.9#4.0#14.0#VAR 1009 0 0.46141 0.53859 
 ----> 6.6#11.9#4.0#14.0#VAR 1010 1 0.466562 0.533438 
 ----> 6.6#11.9#4.0#14.0#VAR 1011 1 0.458306 0.541694 
 ----> 6.6#11.9#4.0#14.0#VAR 1012 1 0.449714 0.550286 
 ----> 6.6#11.9#4.0#14.0#VAR 1013 1 0.450039 0.549961 
 ----> 6.6#11.9#4.0#14.0#VAR 1014 0 0.498054 0.501946 
 ----> 6.6#11.9#4.0#14.0#VAR 1015 1 0.472831 0.527169 
 ----> 6.6#11.9#4.0#14.0#VAR 1016 0 0.471186 0.528814 
 ----> 6.6#11.9#4.0#14.0#VAR 1017 1 0.480899 0.519101 
 ----> 6.6#11.9#4.0#14.0#VAR 1018 1 0.45723 0.54277 
 ----> 6.6#11.9#4.0#14.0#VAR 1019 1 0.469491 0.530509 
 ----> 6.6#11.9#4.0#14.0#VAR 1020 0 0.482845 0.517155 
 ----> 6.6#11.9#4.0#14.0#VAR 1021 1 0.456213 0.543787 
 ----> 6.6#11.9#4.0#14.0#VAR 1022 1 0.444511 0.555489 
 ----> 6.6#11.9#4.0#14.0#VAR 1023 1 0.457738 0.542262 
 ----> 6.6#11.9#4.0#14.0#VAR 1024 0 0.467865 0.532135 
 ----> 6.6#11.9#4.0#14.0#VAR 1025 1 0.452152 0.547848 
 ----> 6.6#11.9#4.0#14.0#VAR 1026 1 0.464967 0.535033 
 ----> 6.6#11.9#4.0#14.0#VAR 1027 0 0.467503 0.532497 
 ----> 6.6#11.9#4.0#14.0#VAR 1028 0 0.488374 0.511626 
 ----> 6.6#11.9#4.0#14.0#VAR 1029 0 0.467131 0.532869 
 ----> 6.6#11.9#4.0#14.0#VAR 1030 1 0.447808 0.552192 
 ----> 6.6#11.9#4.0#14.0#VAR 1031 1 0.430719 0.569281 
 ----> 6.6#11.9#4.0#14.0#VAR 1032 0 0.445802 0.554198 
 ----> 6.6#11.9#4.0#14.0#VAR 1033 1 0.451559 0.548441 
 ----> 6.6#11.9#4.0#14.0#VAR 1034 1 0.435029 0.564971 
 ----> 6.6#11.9#4.0#14.0#VAR 1035 1 0.460957 0.539043 
 ----> 6.6#11.9#4.0#14.0#VAR 1036 1 0.455906 0.544094 
 ----> 6.6#11.9#4.0#14.0#VAR 1037 1 0.449683 0.550317 
 ----> 6.6#11.9#4.0#14.0#VAR 1038 1 0.479429 0.520571 
 ----> 6.6#11.9#4.0#14.0#VAR 1039 1 0.44795 0.55205 
 ----> 6.6#11.9#4.0#14.0#VAR 1040 0 0.467768 0.532232 
 ----> 6.6#11.9#4.0#14.0#VAR 1041 1 0.433637 0.566363 
 ----> 6.6#11.9#4.0#14.0#VAR 1042 1 0.454449 0.545551 
 ----> 6.6#11.9#4.0#14.0#VAR 1043 1 0.455107 0.544893 
 ----> 6.6#11.9#4.0#14.0#VAR 1044 1 0.45682 0.54318 
 ----> 6.6#11.9#4.0#14.0#VAR 1045 1 0.432879 0.567121 
 ----> 6.6#11.9#4.0#14.0#VAR 1046 0 0.46236 0.53764 
 ----> 6.6#11.9#4.0#14.0#VAR 1047 1 0.434785 0.565215 
 ----> 6.6#11.9#4.0#14.0#VAR 1048 1 0.459623 0.540377 
 ----> 6.6#11.9#4.0#14.0#VAR 1049 0 0.468894 0.531106 
 ----> 6.6#11.9#4.0#14.0#VAR 1050 0 0.449511 0.550489 
 ----> 6.6#11.9#4.0#14.0#VAR 1051 1 0.452235 0.547765 
 ----> 6.6#11.9#4.0#14.0#VAR 1052 0 0.479383 0.520617 
 ----> 6.6#11.9#4.0#14.0#VAR 1053 1 0.436454 0.563546 
 ----> 6.6#11.9#4.0#14.0#VAR 1054 0 0.476436 0.523564 
 ----> 6.6#11.9#4.0#14.0#VAR 1055 0 0.468187 0.531813 
 ----> 6.6#11.9#4.0#14.0#VAR 1056 0 0.451424 0.548576 
 ----> 6.6#11.9#4.0#14.0#VAR 1057 1 0.470096 0.529904 
 ----> 6.6#11.9#4.0#14.0#VAR 1058 0 0.45489 0.54511 
 ----> 6.6#11.9#4.0#14.0#VAR 1059 1 0.45196 0.54804 
 ----> 6.6#11.9#4.0#14.0#VAR 1060 1 0.451708 0.548292 
 ----> 6.6#11.9#4.0#14.0#VAR 1061 0 0.472498 0.527502 
 ----> 6.6#11.9#4.0#14.0#VAR 1062 1 0.45676 0.54324 
 ----> 6.6#11.9#4.0#14.0#VAR 1063 1 0.432525 0.567475 
 ----> 6.6#11.9#4.0#14.0#VAR 1064 0 0.457271 0.542729 
 ----> 6.6#11.9#4.0#14.0#VAR 1065 1 0.459891 0.540109 
 ----> 6.6#11.9#4.0#14.0#VAR 1066 1 0.450709 0.549291 
 ----> 6.6#11.9#4.0#14.0#VAR 1067 1 0.452227 0.547773 
 ----> 6.6#11.9#4.0#14.0#VAR 1068 0 0.453554 0.546446 
 ----> 6.6#11.9#4.0#14.0#VAR 1069 1 0.461888 0.538112 
 ----> 6.6#11.9#4.0#14.0#VAR 1070 1 0.456956 0.543044 
 ----> 6.6#11.9#4.0#14.0#VAR 1071 0 0.474307 0.525693 
 ----> 6.6#11.9#4.0#14.0#VAR 1072 0 0.468856 0.531144 
 ----> 6.6#11.9#4.0#14.0#VAR 1073 0 0.480168 0.519832 
 ----> 6.6#11.9#4.0#14.0#VAR 1074 0 0.460946 0.539054 
 ----> 6.6#11.9#4.0#14.0#VAR 1075 0 0.489595 0.510405 
 ----> 6.6#11.9#4.0#14.0#VAR 1076 1 0.463033 0.536967 
 ----> 6.6#11.9#4.0#14.0#VAR 1077 1 0.468497 0.531503 
 ----> 6.6#11.9#4.0#14.0#VAR 1078 0 0.489328 0.510672 
 ----> 6.6#11.9#4.0#14.0#VAR 1079 1 0.464721 0.535279 
 ----> 6.6#11.9#4.0#14.0#VAR 1080 0 0.449052 0.550948 
 ----> 6.6#11.9#4.0#14.0#VAR 1081 0 0.494557 0.505443 
 ----> 6.6#11.9#4.0#14.0#VAR 1082 1 0.445194 0.554806 
 ----> 6.6#11.9#4.0#14.0#VAR 1083 0 0.474584 0.525416 
 ----> 6.6#11.9#4.0#14.0#VAR 1084 1 0.469026 0.530974 
 ----> 6.6#11.9#4.0#14.0#VAR 1085 1 0.447105 0.552895 
 ----> 6.6#11.9#4.0#14.0#VAR 1086 0 0.474368 0.525632 
 ----> 6.6#11.9#4.0#14.0#VAR 1087 1 0.46186 0.53814 
 ----> 6.6#11.9#4.0#14.0#VAR 1088 0 0.479864 0.520136 
 ----> 6.6#11.9#4.0#14.0#VAR 1089 1 0.468007 0.531993 
 ----> 6.6#11.9#4.0#14.0#VAR 1090 0 0.467129 0.532871 
 ----> 6.6#11.9#4.0#14.0#VAR 1091 1 0.457883 0.542117 
 ----> 6.6#11.9#4.0#14.0#VAR 1092 1 0.460356 0.539644 
 ----> 6.6#11.9#4.0#14.0#VAR 1093 0 0.469521 0.530479 
 ----> 6.6#11.9#4.0#14.0#VAR 1094 1 0.457065 0.542935 
 ----> 6.6#11.9#4.0#14.0#VAR 1095 1 0.46181 0.53819 
 ----> 6.6#11.9#4.0#14.0#VAR 1096 1 0.464114 0.535886 
 ----> 6.6#11.9#4.0#14.0#VAR 1097 1 0.449697 0.550303 
 ----> 6.6#11.9#4.0#14.0#VAR 1098 1 0.475069 0.524931 
 ----> 6.6#11.9#4.0#14.0#VAR 1099 0 0.482347 0.517653 
 ----> 6.6#11.9#4.0#14.0#VAR 1100 0 0.481325 0.518675 
 ----> 6.6#11.9#4.0#14.0#VAR 1101 0 0.506119 0.493881 
 ----> 6.6#11.9#4.0#14.0#VAR 1102 0 0.471088 0.528912 
 ----> 6.6#11.9#4.0#14.0#VAR 1103 1 0.471937 0.528063 
 ----> 6.6#11.9#4.0#14.0#VAR 1104 0 0.485031 0.514969 
 ----> 6.6#11.9#4.0#14.0#VAR 1105 0 0.499053 0.500947 
 ----> 6.6#11.9#4.0#14.0#VAR 1106 1 0.456747 0.543253 
 ----> 6.6#11.9#4.0#14.0#VAR 1107 1 0.459418 0.540582 
 ----> 6.6#11.9#4.0#14.0#VAR 1108 0 0.468171 0.531829 
 ----> 6.6#11.9#4.0#14.0#VAR 1109 1 0.452196 0.547804 
 ----> 6.6#11.9#4.0#14.0#VAR 1110 1 0.480362 0.519638 
 ----> 6.6#11.9#4.0#14.0#VAR 1111 0 0.480094 0.519906 
 ----> 6.6#11.9#4.0#14.0#VAR 1112 1 0.451223 0.548777 
 ----> 6.6#11.9#4.0#14.0#VAR 1113 1 0.471212 0.528788 
 ----> 6.6#11.9#4.0#14.0#VAR 1114 1 0.444942 0.555058 
 ----> 6.6#11.9#4.0#14.0#VAR 1115 0 0.486752 0.513248 
 ----> 6.6#11.9#4.0#14.0#VAR 1116 1 0.44992 0.55008 
 ----> 6.6#11.9#4.0#14.0#VAR 1117 0 0.489065 0.510935 
 ----> 6.6#11.9#4.0#14.0#VAR 1118 0 0.491977 0.508023 
 ----> 6.6#11.9#4.0#14.0#VAR 1119 1 0.473073 0.526927 
 ----> 6.6#11.9#4.0#14.0#VAR 1120 1 0.464738 0.535262 
 ----> 6.6#11.9#4.0#14.0#VAR 1121 1 0.492013 0.507987 
 ----> 6.6#11.9#4.0#14.0#VAR 1122 0 0.490872 0.509128 
 ----> 6.6#11.9#4.0#14.0#VAR 1123 1 0.467802 0.532198 
 ----> 6.6#11.9#4.0#14.0#VAR 1124 1 0.466446 0.533554 
 ----> 6.6#11.9#4.0#14.0#VAR 1125 0 0.467842 0.532158 
 ----> 6.6#11.9#4.0#14.0#VAR 1126 1 0.440201 0.559799 
 ----> 6.6#11.9#4.0#14.0#VAR 1127 0 0.478346 0.521654 
 ----> 6.6#11.9#4.0#14.0#VAR 1128 1 0.461579 0.538421 
 ----> 6.6#11.9#4.0#14.0#VAR 1129 1 0.454321 0.545679 
 ----> 6.6#11.9#4.0#14.0#VAR 1130 0 0.474103 0.525897 
 ----> 6.6#11.9#4.0#14.0#VAR 1131 0 0.491416 0.508584 
 ----> 6.6#11.9#4.0#14.0#VAR 1132 0 0.479709 0.520291 
 ----> 6.6#11.9#4.0#14.0#VAR 1133 0 0.487461 0.512539 
 ----> 6.6#11.9#4.0#14.0#VAR 1134 1 0.453509 0.546491 
 ----> 6.6#11.9#4.0#14.0#VAR 1135 1 0.470471 0.529529 
 ----> 6.6#11.9#4.0#14.0#VAR 1136 1 0.462536 0.537464 
 ----> 6.6#11.9#4.0#14.0#VAR 1137 1 0.481397 0.518603 
 ----> 6.6#11.9#4.0#14.0#VAR 1138 1 0.47949 0.52051 
 ----> 6.6#11.9#4.0#14.0#VAR 1139 1 0.445515 0.554485 
 ----> 6.6#11.9#4.0#14.0#VAR 1140 1 0.450197 0.549803 
 ----> 6.6#11.9#4.0#14.0#VAR 1141 1 0.471664 0.528336 
 ----> 6.6#11.9#4.0#14.0#VAR 1142 1 0.488795 0.511205 
 ----> 6.6#11.9#4.0#14.0#VAR 1143 0 0.463301 0.536699 
 ----> 6.6#11.9#4.0#14.0#VAR 1144 1 0.460949 0.539051 
 ----> 6.6#11.9#4.0#14.0#VAR 1145 1 0.454232 0.545768 
 ----> 6.6#11.9#4.0#14.0#VAR 1146 1 0.463958 0.536042 
 ----> 6.6#11.9#4.0#14.0#VAR 1147 0 0.485294 0.514706 
 ----> 6.6#11.9#4.0#14.0#VAR 1148 0 0.461955 0.538045 
 ----> 6.6#11.9#4.0#14.0#VAR 1149 1 0.461854 0.538146 
 ----> 6.6#11.9#4.0#14.0#VAR 1150 0 0.480293 0.519707 
 ----> 6.6#11.9#4.0#14.0#VAR 1151 1 0.439075 0.560925 
 ----> 6.6#11.9#4.0#14.0#VAR 1152 0 0.485826 0.514174 
 ----> 6.6#11.9#4.0#14.0#VAR 1153 1 0.464431 0.535569 
 ----> 6.6#11.9#4.0#14.0#VAR 1154 1 0.44446 0.55554 
 ----> 6.6#11.9#4.0#14.0#VAR 1155 1 0.442356 0.557644 
 ----> 6.6#11.9#4.0#14.0#VAR 1156 0 0.501767 0.498233 
 ----> 6.6#11.9#4.0#14.0#VAR 1157 1 0.456917 0.543083 
 ----> 6.6#11.9#4.0#14.0#VAR 1158 1 0.455397 0.544603 
 ----> 6.6#11.9#4.0#14.0#VAR 1159 1 0.456778 0.543222 
 ----> 6.6#11.9#4.0#14.0#VAR 1160 0 0.465898 0.534102 
 ----> 6.6#11.9#4.0#14.0#VAR 1161 0 0.492655 0.507345 
 ----> 6.6#11.9#4.0#14.0#VAR 1162 1 0.448842 0.551158 
 ----> 6.6#11.9#4.0#14.0#VAR 1163 1 0.466306 0.533694 
 ----> 6.6#11.9#4.0#14.0#VAR 1164 1 0.461584 0.538416 
 ----> 6.6#11.9#4.0#14.0#VAR 1165 1 0.477131 0.522869 
 ----> 6.6#11.9#4.0#14.0#VAR 1166 1 0.455009 0.544991 
 ----> 6.6#11.9#4.0#14.0#VAR 1167 0 0.473937 0.526063 
 ----> 6.6#11.9#4.0#14.0#VAR 1168 0 0.474656 0.525344 
 ----> 6.6#11.9#4.0#14.0#VAR 1169 1 0.431143 0.568857 
 ----> 6.6#11.9#4.0#14.0#VAR 1170 1 0.446013 0.553987 
 ----> 6.6#11.9#4.0#14.0#VAR 1171 0 0.49279 0.50721 
 ----> 6.6#11.9#4.0#14.0#VAR 1172 0 0.48353 0.51647 
 ----> 6.6#11.9#4.0#14.0#VAR 1173 0 0.464303 0.535697 
 ----> 6.6#11.9#4.0#14.0#VAR 1174 0 0.4647 0.5353 
 ----> 6.6#11.9#4.0#14.0#VAR 1175 0 0.471878 0.528122 
 ----> 6.6#11.9#4.0#14.0#VAR 1176 1 0.468771 0.531229 
 ----> 6.6#11.9#4.0#14.0#VAR 1177 1 0.448752 0.551248 
 ----> 6.6#11.9#4.0#14.0#VAR 1178 0 0.476865 0.523135 
 ----> 6.6#11.9#4.0#14.0#VAR 1179 0 0.46361 0.53639 
 ----> 6.6#11.9#4.0#14.0#VAR 1180 1 0.459229 0.540771 
 ----> 6.6#11.9#4.0#14.0#VAR 1181 0 0.466762 0.533238 
 ----> 6.6#11.9#4.0#14.0#VAR 1182 1 0.46942 0.53058 
 ----> 6.6#11.9#4.0#14.0#VAR 1183 1 0.457978 0.542022 
 ----> 6.6#11.9#4.0#14.0#VAR 1184 1 0.448457 0.551543 
 ----> 6.6#11.9#4.0#14.0#VAR 1185 1 0.460747 0.539253 
 ----> 6.6#11.9#4.0#14.0#VAR 1186 1 0.447021 0.552979 
 ----> 6.6#11.9#4.0#14.0#VAR 1187 1 0.440862 0.559138 
 ----> 6.6#11.9#4.0#14.0#VAR 1188 1 0.421451 0.578549 
 ----> 6.6#11.9#4.0#14.0#VAR 1189 1 0.440667 0.559333 
 ----> 6.6#11.9#4.0#14.0#VAR 1190 0 0.474109 0.525891 
 ----> 6.6#11.9#4.0#14.0#VAR 1191 1 0.455947 0.544053 
 ----> 6.6#11.9#4.0#14.0#VAR 1192 1 0.445763 0.554237 
 ----> 6.6#11.9#4.0#14.0#VAR 1193 0 0.461998 0.538002 
 ----> 6.6#11.9#4.0#14.0#VAR 1194 1 0.460635 0.539365 
 ----> 6.6#11.9#4.0#14.0#VAR 1195 1 0.459071 0.540929 
 ----> 6.6#11.9#4.0#14.0#VAR 1196 1 0.468352 0.531648 
 ----> 6.6#11.9#4.0#14.0#VAR 1197 1 0.43136 0.56864 
 ----> 6.6#11.9#4.0#14.0#VAR 1198 0 0.485899 0.514101 
 ----> 6.6#11.9#4.0#14.0#VAR 1199 0 0.47456 0.52544 
 ----> 6.6#11.9#4.0#14.0#VAR 1200 0 0.462086 0.537914 
 ----> 6.6#11.9#4.0#14.0#VAR 1201 0 0.456261 0.543739 
 ----> 6.6#11.9#4.0#14.0#VAR 1202 0 0.494032 0.505968 
 ----> 6.6#11.9#4.0#14.0#VAR 1203 1 0.445478 0.554522 
 ----> 6.6#11.9#4.0#14.0#VAR 1204 0 0.497051 0.502949 
 ----> 6.6#11.9#4.0#14.0#VAR 1205 0 0.491762 0.508238 
 ----> 6.6#11.9#4.0#14.0#VAR 1206 1 0.43792 0.56208 
 ----> 6.6#11.9#4.0#14.0#VAR 1207 1 0.435276 0.564724 
 ----> 6.6#11.9#4.0#14.0#VAR 1208 1 0.447182 0.552818 
 ----> 6.6#11.9#4.0#14.0#VAR 1209 0 0.47777 0.52223 
 ----> 6.6#11.9#4.0#14.0#VAR 1210 0 0.482189 0.517811 
 ----> 6.6#11.9#4.0#14.0#VAR 1211 1 0.455049 0.544951 
 ----> 6.6#11.9#4.0#14.0#VAR 1212 1 0.453845 0.546155 
 ----> 6.6#11.9#4.0#14.0#VAR 1213 1 0.44589 0.55411 
 ----> 6.6#11.9#4.0#14.0#VAR 1214 0 0.462788 0.537212 
 ----> 6.6#11.9#4.0#14.0#VAR 1215 1 0.470739 0.529261 
 ----> 6.6#11.9#4.0#14.0#VAR 1216 1 0.442354 0.557646 
 ----> 6.6#11.9#4.0#14.0#VAR 1217 0 0.473003 0.526997 
 ----> 6.6#11.9#4.0#14.0#VAR 1218 0 0.48335 0.51665 
 ----> 6.6#11.9#4.0#14.0#VAR 1219 1 0.444553 0.555447 
 ----> 6.6#11.9#4.0#14.0#VAR 1220 0 0.504683 0.495317 
 ----> 6.6#11.9#4.0#14.0#VAR 1221 0 0.501562 0.498438 
 ----> 6.6#11.9#4.0#14.0#VAR 1222 1 0.476184 0.523816 
 ----> 6.6#11.9#4.0#14.0#VAR 1223 0 0.495468 0.504532 
 ----> 6.6#11.9#4.0#14.0#VAR 1224 1 0.471298 0.528702 
 ----> 6.6#11.9#4.0#14.0#VAR 1225 1 0.491877 0.508123 
 ----> 6.6#11.9#4.0#14.0#VAR 1226 0 0.501197 0.498803 
 ----> 6.6#11.9#4.0#14.0#VAR 1227 0 0.475299 0.524701 
 ----> 6.6#11.9#4.0#14.0#VAR 1228 0 0.489562 0.510438 
 ----> 6.6#11.9#4.0#14.0#VAR 1229 1 0.475807 0.524193 
 ----> 6.6#11.9#4.0#14.0#VAR 1230 1 0.455332 0.544668 
 ----> 6.6#11.9#4.0#14.0#VAR 1231 1 0.463631 0.536369 
 ----> 6.6#11.9#4.0#14.0#VAR 1232 1 0.468551 0.531449 
 ----> 6.6#11.9#4.0#14.0#VAR 1233 0 0.466811 0.533189 
 ----> 6.6#11.9#4.0#14.0#VAR 1234 0 0.475606 0.524394 
 ----> 6.6#11.9#4.0#14.0#VAR 1235 1 0.467796 0.532204 
 ----> 6.6#11.9#4.0#14.0#VAR 1236 1 0.472447 0.527553 
 ----> 6.6#11.9#4.0#14.0#VAR 1237 0 0.468089 0.531911 
 ----> 6.6#11.9#4.0#14.0#VAR 1238 1 0.466403 0.533597 
 ----> 6.6#11.9#4.0#14.0#VAR 1239 0 0.476925 0.523075 
 ----> 6.6#11.9#4.0#14.0#VAR 1240 1 0.444002 0.555998 
 ----> 6.6#11.9#4.0#14.0#VAR 1241 0 0.459844 0.540156 
 ----> 6.6#11.9#4.0#14.0#VAR 1242 0 0.489107 0.510893 
 ----> 6.6#11.9#4.0#14.0#VAR 1243 0 0.486453 0.513547 
 ----> 6.6#11.9#4.0#14.0#VAR 1244 0 0.476113 0.523887 
 ----> 6.6#11.9#4.0#14.0#VAR 1245 1 0.45359 0.54641 
 ----> 6.6#11.9#4.0#14.0#VAR 1246 1 0.470012 0.529988 
 ----> 6.6#11.9#4.0#14.0#VAR 1247 1 0.446781 0.553219 
 ----> 6.6#11.9#4.0#14.0#VAR 1248 1 0.447737 0.552263 
 ----> 6.6#11.9#4.0#14.0#VAR 1249 1 0.450995 0.549005 
 ----> 6.6#11.9#4.0#14.0#VAR 1250 1 0.448773 0.551227 
 ----> 6.6#11.9#4.0#14.0#VAR 1251 1 0.450647 0.549353 
 ----> 6.6#11.9#4.0#14.0#VAR 1252 0 0.461783 0.538217 
 ----> 6.6#11.9#4.0#14.0#VAR 1253 1 0.477578 0.522422 
 ----> 6.6#11.9#4.0#14.0#VAR 1254 0 0.507631 0.492369 
 ----> 6.6#11.9#4.0#14.0#VAR 1255 1 0.467426 0.532574 
 ----> 6.6#11.9#4.0#14.0#VAR 1256 1 0.454175 0.545825 
 ----> 6.6#11.9#4.0#14.0#VAR 1257 1 0.463391 0.536609 
 ----> 6.6#11.9#4.0#14.0#VAR 1258 0 0.478092 0.521908 
 ----> 6.6#11.9#4.0#14.0#VAR 1259 0 0.496017 0.503983 
 ----> 6.6#11.9#4.0#14.0#VAR 1260 0 0.455968 0.544032 
 ----> 6.6#11.9#4.0#14.0#VAR 1261 0 0.459921 0.540079 
 ----> 6.6#11.9#4.0#14.0#VAR 1262 1 0.46787 0.53213 
 ----> 6.6#11.9#4.0#14.0#VAR 1263 0 0.478685 0.521315 
 ----> 6.6#11.9#4.0#14.0#VAR 1264 0 0.497294 0.502706 
 ----> 6.6#11.9#4.0#14.0#VAR 1265 1 0.459758 0.540242 
 ----> 6.6#11.9#4.0#14.0#VAR 1266 0 0.493527 0.506473 
 ----> 6.6#11.9#4.0#14.0#VAR 1267 0 0.490488 0.509512 
 ----> 6.6#11.9#4.0#14.0#VAR 1268 0 0.523271 0.476729 
 ----> 6.6#11.9#4.0#14.0#VAR 1269 1 0.484407 0.515593 
 ----> 6.6#11.9#4.0#14.0#VAR 1270 1 0.471294 0.528706 
 ----> 6.6#11.9#4.0#14.0#VAR 1271 0 0.493965 0.506035 
 ----> 6.6#11.9#4.0#14.0#VAR 1272 0 0.483794 0.516206 
 ----> 6.6#11.9#4.0#14.0#VAR 1273 0 0.481043 0.518957 
 ----> 6.6#11.9#4.0#14.0#VAR 1274 1 0.458779 0.541221 
 ----> 6.6#11.9#4.0#14.0#VAR 1275 1 0.486313 0.513687 
 ----> 6.6#11.9#4.0#14.0#VAR 1276 0 0.49087 0.50913 
 ----> 6.6#11.9#4.0#14.0#VAR 1277 1 0.455459 0.544541 
 ----> 6.6#11.9#4.0#14.0#VAR 1278 1 0.475147 0.524853 
 ----> 6.6#11.9#4.0#14.0#VAR 1279 1 0.480116 0.519884 
 ----> 6.6#11.9#4.0#14.0#VAR 1280 1 0.470086 0.529914 
 ----> 6.6#11.9#4.0#14.0#VAR 1281 1 0.450637 0.549363 
 ----> 6.6#11.9#4.0#14.0#VAR 1282 1 0.442289 0.557711 
 ----> 6.6#11.9#4.0#14.0#VAR 1283 0 0.477034 0.522966 
 ----> 6.6#11.9#4.0#14.0#VAR 1284 1 0.461365 0.538635 
 ----> 6.6#11.9#4.0#14.0#VAR 1285 0 0.492322 0.507678 
 ----> 6.6#11.9#4.0#14.0#VAR 1286 1 0.480603 0.519397 
 ----> 6.6#11.9#4.0#14.0#VAR 1287 1 0.472537 0.527463 
 ----> 6.6#11.9#4.0#14.0#VAR 1288 1 0.469206 0.530794 
 ----> 6.6#11.9#4.0#14.0#VAR 1289 1 0.459432 0.540568 
 ----> 6.6#11.9#4.0#14.0#VAR 1290 1 0.446663 0.553337 
 ----> 6.6#11.9#4.0#14.0#VAR 1291 1 0.44832 0.55168 
 ----> 6.6#11.9#4.0#14.0#VAR 1292 0 0.469205 0.530795 
 ----> 6.6#11.9#4.0#14.0#VAR 1293 1 0.412314 0.587686 
 ----> 6.6#11.9#4.0#14.0#VAR 1294 1 0.440766 0.559234 
 ----> 6.6#11.9#4.0#14.0#VAR 1295 0 0.500991 0.499009 
 ----> 6.6#11.9#4.0#14.0#VAR 1296 1 0.422035 0.577965 
 ----> 6.6#11.9#4.0#14.0#VAR 1297 1 0.432476 0.567524 
 ----> 6.6#11.9#4.0#14.0#VAR 1298 1 0.47521 0.52479 
 ----> 6.6#11.9#4.0#14.0#VAR 1299 1 0.442803 0.557197 
 ----> 6.6#11.9#4.0#14.0#VAR 1300 0 0.464857 0.535143 
 ----> 6.6#11.9#4.0#14.0#VAR 1301 1 0.445812 0.554188 
 ----> 6.6#11.9#4.0#14.0#VAR 1302 1 0.467564 0.532436 
 ----> 6.6#11.9#4.0#14.0#VAR 1303 1 0.457046 0.542954 
 ----> 6.6#11.9#4.0#14.0#VAR 1304 1 0.454385 0.545615 
 ----> 6.6#11.9#4.0#14.0#VAR 1305 1 0.448302 0.551698 
 ----> 6.6#11.9#4.0#14.0#VAR 1306 0 0.448739 0.551261 
 ----> 6.6#11.9#4.0#14.0#VAR 1307 0 0.499929 0.500071 
 ----> 6.6#11.9#4.0#14.0#VAR 1308 1 0.434482 0.565518 
 ----> 6.6#11.9#4.0#14.0#VAR 1309 0 0.481389 0.518611 
 ----> 6.6#11.9#4.0#14.0#VAR 1310 1 0.465129 0.534871 
 ----> 6.6#11.9#4.0#14.0#VAR 1311 1 0.46769 0.53231 
 ----> 6.6#11.9#4.0#14.0#VAR 1312 1 0.495148 0.504852 
 ----> 6.6#11.9#4.0#14.0#VAR 1313 1 0.471627 0.528373 
 ----> 6.6#11.9#4.0#14.0#VAR 1314 0 0.463803 0.536197 
 ----> 6.6#11.9#4.0#14.0#VAR 1315 0 0.482133 0.517867 
 ----> 6.6#11.9#4.0#14.0#VAR 1316 0 0.471963 0.528037 
 ----> 6.6#11.9#4.0#14.0#VAR 1317 1 0.476924 0.523076 
 ----> 6.6#11.9#4.0#14.0#VAR 1318 1 0.494898 0.505102 
 ----> 6.6#11.9#4.0#14.0#VAR 1319 1 0.464096 0.535904 
 ----> 6.6#11.9#4.0#14.0#VAR 1320 0 0.496456 0.503544 
 ----> 6.6#11.9#4.0#14.0#VAR 1321 1 0.474775 0.525225 
 ----> 6.6#11.9#4.0#14.0#VAR 1322 0 0.505517 0.494483 
 ----> 6.6#11.9#4.0#14.0#VAR 1323 1 0.447859 0.552141 
 ----> 6.6#11.9#4.0#14.0#VAR 1324 0 0.492412 0.507588 
 ----> 6.6#11.9#4.0#14.0#VAR 1325 0 0.484311 0.515689 
 ----> 6.6#11.9#4.0#14.0#VAR 1326 0 0.490523 0.509477 
 ----> 6.6#11.9#4.0#14.0#VAR 1327 0 0.505914 0.494086 
 ----> 6.6#11.9#4.0#14.0#VAR 1328 0 0.48437 0.51563 
 ----> 6.6#11.9#4.0#14.0#VAR 1329 0 0.481502 0.518498 
 ----> 6.6#11.9#4.0#14.0#VAR 1330 0 0.497185 0.502815 
 ----> 6.6#11.9#4.0#14.0#VAR 1331 1 0.453378 0.546622 
 ----> 6.6#11.9#4.0#14.0#VAR 1332 0 0.501533 0.498467 
 ----> 6.6#11.9#4.0#14.0#VAR 1333 1 0.486853 0.513147 
 ----> 6.6#11.9#4.0#14.0#VAR 1334 0 0.482032 0.517968 
 ----> 6.6#11.9#4.0#14.0#VAR 1335 1 0.496337 0.503663 
 ----> 6.6#11.9#4.0#14.0#VAR 1336 0 0.514661 0.485339 
 ----> 6.6#11.9#4.0#14.0#VAR 1337 1 0.456155 0.543845 
 ----> 6.6#11.9#4.0#14.0#VAR 1338 1 0.454774 0.545226 
 ----> 6.6#11.9#4.0#14.0#VAR 1339 1 0.475681 0.524319 
 ----> 6.6#11.9#4.0#14.0#VAR 1340 1 0.471959 0.528041 
 ----> 6.6#11.9#4.0#14.0#VAR 1341 1 0.471653 0.528347 
 ----> 6.6#11.9#4.0#14.0#VAR 1342 1 0.470117 0.529883 
 ----> 6.6#11.9#4.0#14.0#VAR 1343 1 0.468836 0.531164 
 ----> 6.6#11.9#4.0#14.0#VAR 1344 0 0.508776 0.491224 
 ----> 6.6#11.9#4.0#14.0#VAR 1345 0 0.513036 0.486964 
 ----> 6.6#11.9#4.0#14.0#VAR 1346 0 0.50095 0.49905 
 ----> 6.6#11.9#4.0#14.0#VAR 1347 1 0.464796 0.535204 
 ----> 6.6#11.9#4.0#14.0#VAR 1348 0 0.491723 0.508277 
 ----> 6.6#11.9#4.0#14.0#VAR 1349 0 0.499108 0.500892 
 ----> 6.6#11.9#4.0#14.0#VAR 1350 1 0.475776 0.524224 
 ----> 6.6#11.9#4.0#14.0#VAR 1351 0 0.51429 0.48571 
 ----> 6.6#11.9#4.0#14.0#VAR 1352 0 0.486063 0.513937 
 ----> 6.6#11.9#4.0#14.0#VAR 1353 1 0.472006 0.527994 
 ----> 6.6#11.9#4.0#14.0#VAR 1354 1 0.467012 0.532988 
 ----> 6.6#11.9#4.0#14.0#VAR 1355 1 0.455535 0.544465 
 ----> 6.6#11.9#4.0#14.0#VAR 1356 0 0.507309 0.492691 
 ----> 6.6#11.9#4.0#14.0#VAR 1357 1 0.476018 0.523982 
 ----> 6.6#11.9#4.0#14.0#VAR 1358 0 0.508085 0.491915 
 ----> 6.6#11.9#4.0#14.0#VAR 1359 1 0.479433 0.520567 
 ----> 6.6#11.9#4.0#14.0#VAR 1360 0 0.495417 0.504583 
 ----> 6.6#11.9#4.0#14.0#VAR 1361 1 0.464829 0.535171 
 ----> 6.6#11.9#4.0#14.0#VAR 1362 0 0.479434 0.520566 
 ----> 6.6#11.9#4.0#14.0#VAR 1363 0 0.510199 0.489801 
 ----> 6.6#11.9#4.0#14.0#VAR 1364 1 0.466251 0.533749 
 ----> 6.6#11.9#4.0#14.0#VAR 1365 0 0.486179 0.513821 
 ----> 6.6#11.9#4.0#14.0#VAR 1366 1 0.424425 0.575575 
 ----> 6.6#11.9#4.0#14.0#VAR 1367 0 0.490663 0.509337 
 ----> 6.6#11.9#4.0#14.0#VAR 1368 0 0.524611 0.475389 
 ----> 6.6#11.9#4.0#14.0#VAR 1369 1 0.475758 0.524242 
 ----> 6.6#11.9#4.0#14.0#VAR 1370 1 0.489537 0.510463 
 ----> 6.6#11.9#4.0#14.0#VAR 1371 1 0.508233 0.491767 
 ----> 6.6#11.9#4.0#14.0#VAR 1372 0 0.519727 0.480273 
 ----> 6.6#11.9#4.0#14.0#VAR 1373 1 0.456229 0.543771 
 ----> 6.6#11.9#4.0#14.0#VAR 1374 0 0.490459 0.509541 
 ----> 6.6#11.9#4.0#14.0#VAR 1375 0 0.540064 0.459936 
 ----> 6.6#11.9#4.0#14.0#VAR 1376 1 0.497492 0.502508 
 ----> 6.6#11.9#4.0#14.0#VAR 1377 0 0.517762 0.482238 
 ----> 6.6#11.9#4.0#14.0#VAR 1378 0 0.505695 0.494305 
 ----> 6.6#11.9#4.0#14.0#VAR 1379 0 0.47564 0.52436 
 ----> 6.6#11.9#4.0#14.0#VAR 1380 0 0.49116 0.50884 
 ----> 6.6#11.9#4.0#14.0#VAR 1381 0 0.511548 0.488452 
 ----> 6.6#11.9#4.0#14.0#VAR 1382 1 0.481208 0.518792 
 ----> 6.6#11.9#4.0#14.0#VAR 1383 1 0.479458 0.520542 
 ----> 6.6#11.9#4.0#14.0#VAR 1384 1 0.484064 0.515936 
 ----> 6.6#11.9#4.0#14.0#VAR 1385 1 0.46705 0.53295 
 ----> 6.6#11.9#4.0#14.0#VAR 1386 1 0.472629 0.527371 
 ----> 6.6#11.9#4.0#14.0#VAR 1387 0 0.485702 0.514298 
 ----> 6.6#11.9#4.0#14.0#VAR 1388 1 0.475244 0.524756 
 ----> 6.6#11.9#4.0#14.0#VAR 1389 0 0.500696 0.499304 
 ----> 6.6#11.9#4.0#14.0#VAR 1390 1 0.496365 0.503635 
 ----> 6.6#11.9#4.0#14.0#VAR 1391 1 0.471185 0.528815 
 ----> 6.6#11.9#4.0#14.0#VAR 1392 1 0.486806 0.513194 
 ----> 6.6#11.9#4.0#14.0#VAR 1393 1 0.471787 0.528213 
 ----> 6.6#11.9#4.0#14.0#VAR 1394 0 0.504852 0.495148 
 ----> 6.6#11.9#4.0#14.0#VAR 1395 0 0.495474 0.504526 
 ----> 6.6#11.9#4.0#14.0#VAR 1396 1 0.506888 0.493112 
 ----> 6.6#11.9#4.0#14.0#VAR 1397 0 0.501168 0.498832 
 ----> 6.6#11.9#4.0#14.0#VAR 1398 0 0.521067 0.478933 
 ----> 6.6#11.9#4.0#14.0#VAR 1399 0 0.528042 0.471958 
 ----> 6.6#11.9#4.0#14.0#VAR 1400 0 0.512005 0.487995 
 ----> 6.6#11.9#4.0#14.0#VAR 1401 0 0.531733 0.468267 
 ----> 6.6#11.9#4.0#14.0#VAR 1402 0 0.520838 0.479162 
 ----> 6.6#11.9#4.0#14.0#VAR 1403 0 0.522766 0.477234 
 ----> 6.6#11.9#4.0#14.0#VAR 1404 1 0.474334 0.525666 
 ----> 6.6#11.9#4.0#14.0#VAR 1405 0 0.499799 0.500201 
 ----> 6.6#11.9#4.0#14.0#VAR 1406 0 0.505788 0.494212 
 ----> 6.6#11.9#4.0#14.0#VAR 1407 0 0.505708 0.494292 
 ----> 6.6#11.9#4.0#14.0#VAR 1408 0 0.498427 0.501573 
 ----> 6.6#11.9#4.0#14.0#VAR 1409 0 0.501167 0.498833 
 ----> 6.6#11.9#4.0#14.0#VAR 1410 1 0.46994 0.53006 
 ----> 6.6#11.9#4.0#14.0#VAR 1411 0 0.492723 0.507277 
 ----> 6.6#11.9#4.0#14.0#VAR 1412 0 0.491941 0.508059 
 ----> 6.6#11.9#4.0#14.0#VAR 1413 1 0.498949 0.501051 
 ----> 6.6#11.9#4.0#14.0#VAR 1414 0 0.536614 0.463386 
 ----> 6.6#11.9#4.0#14.0#VAR 1415 1 0.476577 0.523423 
 ----> 6.6#11.9#4.0#14.0#VAR 1416 0 0.523456 0.476544 
 ----> 6.6#11.9#4.0#14.0#VAR 1417 1 0.486777 0.513223 
 ----> 6.6#11.9#4.0#14.0#VAR 1418 0 0.526628 0.473372 
 ----> 6.6#11.9#4.0#14.0#VAR 1419 0 0.519266 0.480734 
 ----> 6.6#11.9#4.0#14.0#VAR 1420 0 0.533124 0.466876 
 ----> 6.6#11.9#4.0#14.0#VAR 1421 0 0.519795 0.480205 
 ----> 6.6#11.9#4.0#14.0#VAR 1422 1 0.489815 0.510185 
 ----> 6.6#11.9#4.0#14.0#VAR 1423 0 0.520502 0.479498 
 ----> 6.6#11.9#4.0#14.0#VAR 1424 0 0.510785 0.489215 
 ----> 6.6#11.9#4.0#14.0#VAR 1425 0 0.510027 0.489973 
 ----> 6.6#11.9#4.0#14.0#VAR 1426 0 0.493434 0.506566 
 ----> 6.6#11.9#4.0#14.0#VAR 1427 0 0.493427 0.506573 
 ----> 6.6#11.9#4.0#14.0#VAR 1428 0 0.497081 0.502919 
 ----> 6.6#11.9#4.0#14.0#VAR 1429 1 0.47782 0.52218 
 ----> 6.6#11.9#4.0#14.0#VAR 1430 0 0.49691 0.50309 
 ----> 6.6#11.9#4.0#14.0#VAR 1431 1 0.484091 0.515909 
 ----> 6.6#11.9#4.0#14.0#VAR 1432 0 0.485707 0.514293 
 ----> 6.6#11.9#4.0#14.0#VAR 1433 1 0.463626 0.536374 
 ----> 6.6#11.9#4.0#14.0#VAR 1434 1 0.450732 0.549268 
 ----> 6.6#11.9#4.0#14.0#VAR 1435 0 0.505974 0.494026 
 ----> 6.6#11.9#4.0#14.0#VAR 1436 1 0.488154 0.511846 
 ----> 6.6#11.9#4.0#14.0#VAR 1437 0 0.49078 0.50922 
 ----> 6.6#11.9#4.0#14.0#VAR 1438 0 0.509603 0.490397 
 ----> 6.6#11.9#4.0#14.0#VAR 1439 0 0.502268 0.497732 
 ----> 6.6#11.9#4.0#14.0#VAR 1440 1 0.475739 0.524261 
 ----> 6.6#11.9#4.0#14.0#VAR 1441 1 0.468948 0.531052 
 ----> 6.6#11.9#4.0#14.0#VAR 1442 1 0.452661 0.547339 
 ----> 6.6#11.9#4.0#14.0#VAR 1443 1 0.490427 0.509573 
 ----> 6.6#11.9#4.0#14.0#VAR 1444 0 0.515796 0.484204 
 ----> 6.6#11.9#4.0#14.0#VAR 1445 1 0.507786 0.492214 
 ----> 6.6#11.9#4.0#14.0#VAR 1446 0 0.537784 0.462216 
 ----> 6.6#11.9#4.0#14.0#VAR 1447 1 0.503318 0.496682 
 ----> 6.6#11.9#4.0#14.0#VAR 1448 0 0.513316 0.486684 
 ----> 6.6#11.9#4.0#14.0#VAR 1449 1 0.518695 0.481305 
 ----> 6.6#11.9#4.0#14.0#VAR 1450 1 0.460472 0.539528 
 ----> 6.6#11.9#4.0#14.0#VAR 1451 0 0.523238 0.476762 
 ----> 6.6#11.9#4.0#14.0#VAR 1452 0 0.517716 0.482284 
 ----> 6.6#11.9#4.0#14.0#VAR 1453 1 0.492657 0.507343 
 ----> 6.6#11.9#4.0#14.0#VAR 1454 1 0.511207 0.488793 
 ----> 6.6#11.9#4.0#14.0#VAR 1455 1 0.493395 0.506605 
 ----> 6.6#11.9#4.0#14.0#VAR 1456 0 0.505055 0.494945 
 ----> 6.6#11.9#4.0#14.0#VAR 1457 1 0.504031 0.495969 
 ----> 6.6#11.9#4.0#14.0#VAR 1458 1 0.50047 0.49953 
 ----> 6.6#11.9#4.0#14.0#VAR 1459 0 0.518218 0.481782 
 ----> 6.6#11.9#4.0#14.0#VAR 1460 0 0.52116 0.47884 
 ----> 6.6#11.9#4.0#14.0#VAR 1461 0 0.494788 0.505212 
 ----> 6.6#11.9#4.0#14.0#VAR 1462 0 0.470722 0.529278 
 ----> 6.6#11.9#4.0#14.0#VAR 1463 0 0.473764 0.526236 
 ----> 6.6#11.9#4.0#14.0#VAR 1464 1 0.47928 0.52072 
 ----> 6.6#11.9#4.0#14.0#VAR 1465 1 0.485509 0.514491 
 ----> 6.6#11.9#4.0#14.0#VAR 1466 1 0.478087 0.521913 
 ----> 6.6#11.9#4.0#14.0#VAR 1467 0 0.49655 0.50345 
 ----> 6.6#11.9#4.0#14.0#VAR 1468 0 0.471665 0.528335 
 ----> 6.6#11.9#4.0#14.0#VAR 1469 1 0.472985 0.527015 
 ----> 6.6#11.9#4.0#14.0#VAR 1470 0 0.493491 0.506509 
 ----> 6.6#11.9#4.0#14.0#VAR 1471 1 0.489214 0.510786 
 ----> 6.6#11.9#4.0#14.0#VAR 1472 0 0.483877 0.516123 
 ----> 6.6#11.9#4.0#14.0#VAR 1473 0 0.502703 0.497297 
 ----> 6.6#11.9#4.0#14.0#VAR 1474 1 0.490536 0.509464 
 ----> 6.6#11.9#4.0#14.0#VAR 1475 0 0.476095 0.523905 
 ----> 6.6#11.9#4.0#14.0#VAR 1476 1 0.483629 0.516371 
 ----> 6.6#11.9#4.0#14.0#VAR 1477 0 0.494798 0.505202 
 ----> 6.6#11.9#4.0#14.0#VAR 1478 0 0.500543 0.499457 
 ----> 6.6#11.9#4.0#14.0#VAR 1479 1 0.476851 0.523149 
 ----> 6.6#11.9#4.0#14.0#VAR 1480 0 0.487527 0.512473 
 ----> 6.6#11.9#4.0#14.0#VAR 1481 1 0.490948 0.509052 
 ----> 6.6#11.9#4.0#14.0#VAR 1482 0 0.505187 0.494813 
 ----> 6.6#11.9#4.0#14.0#VAR 1483 1 0.49953 0.50047 
 ----> 6.6#11.9#4.0#14.0#VAR 1484 0 0.486303 0.513697 
 ----> 6.6#11.9#4.0#14.0#VAR 1485 1 0.498213 0.501787 
 ----> 6.6#11.9#4.0#14.0#VAR 1486 1 0.484391 0.515609 
 ----> 6.6#11.9#4.0#14.0#VAR 1487 0 0.484918 0.515082 
 ----> 6.6#11.9#4.0#14.0#VAR 1488 1 0.50275 0.49725 
 ----> 6.6#11.9#4.0#14.0#VAR 1489 1 0.477607 0.522393 
 ----> 6.6#11.9#4.0#14.0#VAR 1490 1 0.48256 0.51744 
 ----> 6.6#11.9#4.0#14.0#VAR 1491 1 0.482985 0.517015 
 ----> 6.6#11.9#4.0#14.0#VAR 1492 1 0.469912 0.530088 
 ----> 6.6#11.9#4.0#14.0#VAR 1493 1 0.476718 0.523282 
 ----> 6.6#11.9#4.0#14.0#VAR 1494 1 0.51949 0.48051 
 ----> 6.6#11.9#4.0#14.0#VAR 1495 0 0.486364 0.513636 
 ----> 6.6#11.9#4.0#14.0#VAR 1496 0 0.48646 0.51354 
 ----> 6.6#11.9#4.0#14.0#VAR 1497 1 0.504559 0.495441 
 ----> 6.6#11.9#4.0#14.0#VAR 1498 0 0.490404 0.509596 
 ----> 6.6#11.9#4.0#14.0#VAR 1499 1 0.48968 0.51032 
 ----> 6.6#11.9#4.0#14.0#VAR 1500 0 0.480979 0.519021 
 ----> 6.6#11.9#4.0#14.0#VAR 1501 0 0.496216 0.503784 
 ----> 6.6#11.9#4.0#14.0#VAR 1502 1 0.499555 0.500445 
 ----> 6.6#11.9#4.0#14.0#VAR 1503 1 0.492083 0.507917 
 ----> 6.6#11.9#4.0#14.0#VAR 1504 1 0.487184 0.512816 
 ----> 6.6#11.9#4.0#14.0#VAR 1505 1 0.493827 0.506173 
 ----> 6.6#11.9#4.0#14.0#VAR 1506 1 0.51033 0.48967 
 ----> 6.6#11.9#4.0#14.0#VAR 1507 1 0.496392 0.503608 
 ----> 6.6#11.9#4.0#14.0#VAR 1508 0 0.483508 0.516492 
 ----> 6.6#11.9#4.0#14.0#VAR 1509 0 0.484869 0.515131 
 ----> 6.6#11.9#4.0#14.0#VAR 1510 0 0.492128 0.507872 
 ----> 6.6#11.9#4.0#14.0#VAR 1511 0 0.488241 0.511759 
 ----> 6.6#11.9#4.0#14.0#VAR 1512 0 0.503787 0.496213 
 ----> 6.6#11.9#4.0#14.0#VAR 1513 0 0.495047 0.504953 
 ----> 6.6#11.9#4.0#14.0#VAR 1514 0 0.488119 0.511881 
 ----> 6.6#11.9#4.0#14.0#VAR 1515 0 0.483343 0.516657 
 ----> 6.6#11.9#4.0#14.0#VAR 1516 1 0.499042 0.500958 
 ----> 6.6#11.9#4.0#14.0#VAR 1517 0 0.471416 0.528584 
 ----> 6.6#11.9#4.0#14.0#VAR 1518 0 0.477701 0.522299 
 ----> 6.6#11.9#4.0#14.0#VAR 1519 0 0.481376 0.518624 
 ----> 6.6#11.9#4.0#14.0#VAR 1520 0 0.503398 0.496602 
 ----> 6.6#11.9#4.0#14.0#VAR 1521 0 0.510031 0.489969 
 ----> 6.6#11.9#4.0#14.0#VAR 1522 0 0.505951 0.494049 
 ----> 6.6#11.9#4.0#14.0#VAR 1523 1 0.4987 0.5013 
 ----> 6.6#11.9#4.0#14.0#VAR 1524 0 0.491415 0.508585 
 ----> 6.6#11.9#4.0#14.0#VAR 1525 0 0.499972 0.500028 
 ----> 6.6#11.9#4.0#14.0#VAR 1526 0 0.513082 0.486918 
 ----> 6.6#11.9#4.0#14.0#VAR 1527 0 0.475155 0.524845 
 ----> 6.6#11.9#4.0#14.0#VAR 1528 0 0.505583 0.494417 
 ----> 6.6#11.9#4.0#14.0#VAR 1529 1 0.491269 0.508731 
 ----> 6.6#11.9#4.0#14.0#VAR 1530 0 0.529058 0.470942 
 ----> 6.6#11.9#4.0#14.0#VAR 1531 1 0.491912 0.508088 
 ----> 6.6#11.9#4.0#14.0#VAR 1532 0 0.504011 0.495989 
 ----> 6.6#11.9#4.0#14.0#VAR 1533 1 0.488729 0.511271 
 ----> 6.6#11.9#4.0#14.0#VAR 1534 1 0.487939 0.512061 
 ----> 6.6#11.9#4.0#14.0#VAR 1535 1 0.525539 0.474461 
 ----> 6.6#11.9#4.0#14.0#VAR 1536 1 0.497584 0.502416 
 ----> 6.6#11.9#4.0#14.0#VAR 1537 1 0.519194 0.480806 
 ----> 6.6#11.9#4.0#14.0#VAR 1538 1 0.516449 0.483551 
 ----> 6.6#11.9#4.0#14.0#VAR 1539 0 0.504398 0.495602 
 ----> 6.6#11.9#4.0#14.0#VAR 1540 1 0.485637 0.514363 
 ----> 6.6#11.9#4.0#14.0#VAR 1541 0 0.471784 0.528216 
 ----> 6.6#11.9#4.0#14.0#VAR 1542 0 0.509144 0.490856 
 ----> 6.6#11.9#4.0#14.0#VAR 1543 0 0.492805 0.507195 
 ----> 6.6#11.9#4.0#14.0#VAR 1544 0 0.480924 0.519076 
 ----> 6.6#11.9#4.0#14.0#VAR 1545 0 0.516591 0.483409 
 ----> 6.6#11.9#4.0#14.0#VAR 1546 1 0.517995 0.482005 
 ----> 6.6#11.9#4.0#14.0#VAR 1547 0 0.519251 0.480749 
 ----> 6.6#11.9#4.0#14.0#VAR 1548 1 0.495424 0.504576 
 ----> 6.6#11.9#4.0#14.0#VAR 1549 0 0.493372 0.506628 
 ----> 6.6#11.9#4.0#14.0#VAR 1550 0 0.483971 0.516029 
 ----> 6.6#11.9#4.0#14.0#VAR 1551 0 0.464442 0.535558 
 ----> 6.6#11.9#4.0#14.0#VAR 1552 0 0.509486 0.490514 
 ----> 6.6#11.9#4.0#14.0#VAR 1553 0 0.481988 0.518012 
 ----> 6.6#11.9#4.0#14.0#VAR 1554 1 0.502456 0.497544 
 ----> 6.6#11.9#4.0#14.0#VAR 1555 1 0.486196 0.513804 
 ----> 6.6#11.9#4.0#14.0#VAR 1556 1 0.497244 0.502756 
 ----> 6.6#11.9#4.0#14.0#VAR 1557 0 0.498582 0.501418 
 ----> 6.6#11.9#4.0#14.0#VAR 1558 0 0.506887 0.493113 
 ----> 6.6#11.9#4.0#14.0#VAR 1559 1 0.512364 0.487636 
 ----> 6.6#11.9#4.0#14.0#VAR 1560 1 0.500712 0.499288 
 ----> 6.6#11.9#4.0#14.0#VAR 1561 0 0.507903 0.492097 
 ----> 6.6#11.9#4.0#14.0#VAR 1562 0 0.533916 0.466084 
 ----> 6.6#11.9#4.0#14.0#VAR 1563 1 0.524417 0.475583 
 ----> 6.6#11.9#4.0#14.0#VAR 1564 0 0.540353 0.459647 
 ----> 6.6#11.9#4.0#14.0#VAR 1565 0 0.518456 0.481544 
 ----> 6.6#11.9#4.0#14.0#VAR 1566 0 0.542654 0.457346 
 ----> 6.6#11.9#4.0#14.0#VAR 1567 1 0.518233 0.481767 
 ----> 6.6#11.9#4.0#14.0#VAR 1568 0 0.507999 0.492001 
 ----> 6.6#11.9#4.0#14.0#VAR 1569 0 0.501191 0.498809 
 ----> 6.6#11.9#4.0#14.0#VAR 1570 1 0.502602 0.497398 
 ----> 6.6#11.9#4.0#14.0#VAR 1571 1 0.511567 0.488433 
 ----> 6.6#11.9#4.0#14.0#VAR 1572 0 0.522646 0.477354 
 ----> 6.6#11.9#4.0#14.0#VAR 1573 0 0.491223 0.508777 
 ----> 6.6#11.9#4.0#14.0#VAR 1574 1 0.49743 0.50257 
 ----> 6.6#11.9#4.0#14.0#VAR 1575 0 0.507419 0.492581 
 ----> 6.6#11.9#4.0#14.0#VAR 1576 1 0.496408 0.503592 
 ----> 6.6#11.9#4.0#14.0#VAR 1577 1 0.512892 0.487108 
 ----> 6.6#11.9#4.0#14.0#VAR 1578 0 0.495077 0.504923 
 ----> 6.6#11.9#4.0#14.0#VAR 1579 0 0.492291 0.507709 
 ----> 6.6#11.9#4.0#14.0#VAR 1580 0 0.517854 0.482146 
 ----> 6.6#11.9#4.0#14.0#VAR 1581 0 0.486247 0.513753 
 ----> 6.6#11.9#4.0#14.0#VAR 1582 1 0.498627 0.501373 
 ----> 6.6#11.9#4.0#14.0#VAR 1583 1 0.501763 0.498237 
 ----> 6.6#11.9#4.0#14.0#VAR 1584 0 0.498559 0.501441 
 ----> 6.6#11.9#4.0#14.0#VAR 1585 0 0.497226 0.502774 
 ----> 6.6#11.9#4.0#14.0#VAR 1586 0 0.504038 0.495962 
 ----> 6.6#11.9#4.0#14.0#VAR 1587 0 0.49723 0.50277 
 ----> 6.6#11.9#4.0#14.0#VAR 1588 0 0.554784 0.445216 
 ----> 6.6#11.9#4.0#14.0#VAR 1589 0 0.497585 0.502415 
 ----> 6.6#11.9#4.0#14.0#VAR 1590 1 0.484901 0.515099 
 ----> 6.6#11.9#4.0#14.0#VAR 1591 0 0.491771 0.508229 
 ----> 6.6#11.9#4.0#14.0#VAR 1592 0 0.49655 0.50345 
 ----> 6.6#11.9#4.0#14.0#VAR 1593 1 0.504157 0.495843 
 ----> 6.6#11.9#4.0#14.0#VAR 1594 1 0.504272 0.495728 
 ----> 6.6#11.9#4.0#14.0#VAR 1595 1 0.493766 0.506234 
 ----> 6.6#11.9#4.0#14.0#VAR 1596 1 0.489313 0.510687 
 ----> 6.6#11.9#4.0#14.0#VAR 1597 0 0.510357 0.489643 
 ----> 6.6#11.9#4.0#14.0#VAR 1598 1 0.460251 0.539749 
 ----> 6.6#11.9#4.0#14.0#VAR 1599 0 0.506952 0.493048 
 ----> 6.6#11.9#4.0#14.0#VAR 1600 0 0.513212 0.486788 
 ----> 6.6#11.9#4.0#14.0#VAR 1601 0 0.496896 0.503104 
 ----> 6.6#11.9#4.0#14.0#VAR 1602 1 0.495332 0.504668 
 ----> 6.6#11.9#4.0#14.0#VAR 1603 0 0.506863 0.493137 
 ----> 6.6#11.9#4.0#14.0#VAR 1604 0 0.499408 0.500592 
 ----> 6.6#11.9#4.0#14.0#VAR 1605 0 0.471409 0.528591 
 ----> 6.6#11.9#4.0#14.0#VAR 1606 1 0.498271 0.501729 
 ----> 6.6#11.9#4.0#14.0#VAR 1607 0 0.496939 0.503061 
 ----> 6.6#11.9#4.0#14.0#VAR 1608 0 0.511335 0.488665 
 ----> 6.6#11.9#4.0#14.0#VAR 1609 0 0.512125 0.487875 
 ----> 6.6#11.9#4.0#14.0#VAR 1610 0 0.48771 0.51229 
 ----> 6.6#11.9#4.0#14.0#VAR 1611 1 0.522566 0.477434 
 ----> 6.6#11.9#4.0#14.0#VAR 1612 1 0.532723 0.467277 
 ----> 6.6#11.9#4.0#14.0#VAR 1613 1 0.479858 0.520142 
 ----> 6.6#11.9#4.0#14.0#VAR 1614 0 0.485653 0.514347 
 ----> 6.6#11.9#4.0#14.0#VAR 1615 0 0.488348 0.511652 
 ----> 6.6#11.9#4.0#14.0#VAR 1616 0 0.491425 0.508575 
 ----> 6.6#11.9#4.0#14.0#VAR 1617 0 0.465324 0.534676 
 ----> 6.6#11.9#4.0#14.0#VAR 1618 1 0.478168 0.521832 
 ----> 6.6#11.9#4.0#14.0#VAR 1619 0 0.490117 0.509883 
 ----> 6.6#11.9#4.0#14.0#VAR 1620 1 0.508907 0.491093 
 ----> 6.6#11.9#4.0#14.0#VAR 1621 1 0.502149 0.497851 
 ----> 6.6#11.9#4.0#14.0#VAR 1622 0 0.497369 0.502631 
 ----> 6.6#11.9#4.0#14.0#VAR 1623 0 0.510895 0.489105 
 ----> 6.6#11.9#4.0#14.0#VAR 1624 0 0.491164 0.508836 
 ----> 6.6#11.9#4.0#14.0#VAR 1625 1 0.493618 0.506382 
 ----> 6.6#11.9#4.0#14.0#VAR 1626 0 0.507174 0.492826 
 ----> 6.6#11.9#4.0#14.0#VAR 1627 1 0.48907 0.51093 
 ----> 6.6#11.9#4.0#14.0#VAR 1628 0 0.509918 0.490082 
 ----> 6.6#11.9#4.0#14.0#VAR 1629 1 0.526669 0.473331 
 ----> 6.6#11.9#4.0#14.0#VAR 1630 1 0.498815 0.501185 
 ----> 6.6#11.9#4.0#14.0#VAR 1631 1 0.498422 0.501578 
 ----> 6.6#11.9#4.0#14.0#VAR 1632 0 0.508199 0.491801 
 ----> 6.6#11.9#4.0#14.0#VAR 1633 0 0.497383 0.502617 
 ----> 6.6#11.9#4.0#14.0#VAR 1634 1 0.528169 0.471831 
 ----> 6.6#11.9#4.0#14.0#VAR 1635 0 0.517679 0.482321 
 ----> 6.6#11.9#4.0#14.0#VAR 1636 0 0.4923 0.5077 
 ----> 6.6#11.9#4.0#14.0#VAR 1637 0 0.49069 0.50931 
 ----> 6.6#11.9#4.0#14.0#VAR 1638 0 0.496444 0.503556 
 ----> 6.6#11.9#4.0#14.0#VAR 1639 0 0.491874 0.508126 
 ----> 6.6#11.9#4.0#14.0#VAR 1640 1 0.516584 0.483416 
 ----> 6.6#11.9#4.0#14.0#VAR 1641 1 0.512454 0.487546 
 ----> 6.6#11.9#4.0#14.0#VAR 1642 0 0.498809 0.501191 
 ----> 6.6#11.9#4.0#14.0#VAR 1643 1 0.478016 0.521984 
 ----> 6.6#11.9#4.0#14.0#VAR 1644 1 0.490456 0.509544 
 ----> 6.6#11.9#4.0#14.0#VAR 1645 0 0.493783 0.506217 
 ----> 6.6#11.9#4.0#14.0#VAR 1646 0 0.488691 0.511309 
 ----> 6.6#11.9#4.0#14.0#VAR 1647 0 0.481794 0.518206 
 ----> 6.6#11.9#4.0#14.0#VAR 1648 0 0.456968 0.543032 
 ----> 6.6#11.9#4.0#14.0#VAR 1649 0 0.478454 0.521546 
 ----> 6.6#11.9#4.0#14.0#VAR 1650 1 0.490973 0.509027 
 ----> 6.6#11.9#4.0#14.0#VAR 1651 1 0.486887 0.513113 
 ----> 6.6#11.9#4.0#14.0#VAR 1652 1 0.502731 0.497269 
 ----> 6.6#11.9#4.0#14.0#VAR 1653 1 0.516378 0.483622 
 ----> 6.6#11.9#4.0#14.0#VAR 1654 0 0.513193 0.486807 
 ----> 6.6#11.9#4.0#14.0#VAR 1655 1 0.476309 0.523691 
 ----> 6.6#11.9#4.0#14.0#VAR 1656 1 0.516714 0.483286 
 ----> 6.6#11.9#4.0#14.0#VAR 1657 0 0.510502 0.489498 
 ----> 6.6#11.9#4.0#14.0#VAR 1658 1 0.507693 0.492307 
 ----> 6.6#11.9#4.0#14.0#VAR 1659 0 0.515507 0.484493 
 ----> 6.6#11.9#4.0#14.0#VAR 1660 0 0.512412 0.487588 
 ----> 6.6#11.9#4.0#14.0#VAR 1661 1 0.491997 0.508003 
 ----> 6.6#11.9#4.0#14.0#VAR 1662 0 0.512068 0.487932 
 ----> 6.6#11.9#4.0#14.0#VAR 1663 0 0.478826 0.521174 
 ----> 6.6#11.9#4.0#14.0#VAR 1664 0 0.499513 0.500487 
 ----> 6.6#11.9#4.0#14.0#VAR 1665 0 0.493041 0.506959 
 ----> 6.6#11.9#4.0#14.0#VAR 1666 0 0.509358 0.490642 
 ----> 6.6#11.9#4.0#14.0#VAR 1667 1 0.494715 0.505285 
 ----> 6.6#11.9#4.0#14.0#VAR 1668 1 0.509368 0.490632 
 ----> 6.6#11.9#4.0#14.0#VAR 1669 0 0.497499 0.502501 
 ----> 6.6#11.9#4.0#14.0#VAR 1670 0 0.508703 0.491297 
 ----> 6.6#11.9#4.0#14.0#VAR 1671 0 0.480639 0.519361 
 ----> 6.6#11.9#4.0#14.0#VAR 1672 0 0.501394 0.498606 
 ----> 6.6#11.9#4.0#14.0#VAR 1673 0 0.5055 0.4945 
 ----> 6.6#11.9#4.0#14.0#VAR 1674 0 0.507719 0.492281 
 ----> 6.6#11.9#4.0#14.0#VAR 1675 1 0.501407 0.498593 
 ----> 6.6#11.9#4.0#14.0#VAR 1676 1 0.510197 0.489803 
 ----> 6.6#11.9#4.0#14.0#VAR 1677 1 0.490991 0.509009 
 ----> 6.6#11.9#4.0#14.0#VAR 1678 0 0.49907 0.50093 
 ----> 6.6#11.9#4.0#14.0#VAR 1679 0 0.487061 0.512939 
 ----> 6.6#11.9#4.0#14.0#VAR 1680 0 0.501716 0.498284 
 ----> 6.6#11.9#4.0#14.0#VAR 1681 0 0.501584 0.498416 
 ----> 6.6#11.9#4.0#14.0#VAR 1682 0 0.506396 0.493604 
 ----> 6.6#11.9#4.0#14.0#VAR 1683 0 0.511097 0.488903 
 ----> 6.6#11.9#4.0#14.0#VAR 1684 0 0.50582 0.49418 
 ----> 6.6#11.9#4.0#14.0#VAR 1685 1 0.495767 0.504233 
 ----> 6.6#11.9#4.0#14.0#VAR 1686 0 0.517538 0.482462 
 ----> 6.6#11.9#4.0#14.0#VAR 1687 1 0.502924 0.497076 
 ----> 6.6#11.9#4.0#14.0#VAR 1688 0 0.508257 0.491743 
 ----> 6.6#11.9#4.0#14.0#VAR 1689 0 0.503885 0.496115 
 ----> 6.6#11.9#4.0#14.0#VAR 1690 0 0.506181 0.493819 
 ----> 6.6#11.9#4.0#14.0#VAR 1691 0 0.526069 0.473931 
 ----> 6.6#11.9#4.0#14.0#VAR 1692 0 0.503417 0.496583 
 ----> 6.6#11.9#4.0#14.0#VAR 1693 1 0.507959 0.492041 
 ----> 6.6#11.9#4.0#14.0#VAR 1694 1 0.506481 0.493519 
 ----> 6.6#11.9#4.0#14.0#VAR 1695 1 0.530954 0.469046 
 ----> 6.6#11.9#4.0#14.0#VAR 1696 0 0.514249 0.485751 
 ----> 6.6#11.9#4.0#14.0#VAR 1697 0 0.472768 0.527232 
 ----> 6.6#11.9#4.0#14.0#VAR 1698 0 0.49079 0.50921 
 ----> 6.6#11.9#4.0#14.0#VAR 1699 0 0.497863 0.502137 
 ----> 6.6#11.9#4.0#14.0#VAR 1700 0 0.52916 0.47084 
 ----> 6.6#11.9#4.0#14.0#VAR 1701 0 0.453221 0.546779 
 ----> 6.6#11.9#4.0#14.0#VAR 1702 0 0.499417 0.500583 
 ----> 6.6#11.9#4.0#14.0#VAR 1703 0 0.496977 0.503023 
 ----> 6.6#11.9#4.0#14.0#VAR 1704 0 0.501958 0.498042 
 ----> 6.6#11.9#4.0#14.0#VAR 1705 0 0.493044 0.506956 
 ----> 6.6#11.9#4.0#14.0#VAR 1706 0 0.507081 0.492919 
 ----> 6.6#11.9#4.0#14.0#VAR 1707 0 0.504338 0.495662 
 ----> 6.6#11.9#4.0#14.0#VAR 1708 0 0.536011 0.463989 
 ----> 6.6#11.9#4.0#14.0#VAR 1709 0 0.526751 0.473249 
 ----> 6.6#11.9#4.0#14.0#VAR 1710 0 0.512049 0.487951 
 ----> 6.6#11.9#4.0#14.0#VAR 1711 0 0.504107 0.495893 
 ----> 6.6#11.9#4.0#14.0#VAR 1712 0 0.508268 0.491732 
 ----> 6.6#11.9#4.0#14.0#VAR 1713 1 0.520737 0.479263 
 ----> 6.6#11.9#4.0#14.0#VAR 1714 0 0.509237 0.490763 
 ----> 6.6#11.9#4.0#14.0#VAR 1715 0 0.514884 0.485116 
 ----> 6.6#11.9#4.0#14.0#VAR 1716 0 0.512431 0.487569 
 ----> 6.6#11.9#4.0#14.0#VAR 1717 0 0.513468 0.486532 
 ----> 6.6#11.9#4.0#14.0#VAR 1718 0 0.531045 0.468955 
 ----> 6.6#11.9#4.0#14.0#VAR 1719 0 0.511183 0.488817 
 ----> 6.6#11.9#4.0#14.0#VAR 1720 0 0.517482 0.482518 
 ----> 6.6#11.9#4.0#14.0#VAR 1721 0 0.510601 0.489399 
 ----> 6.6#11.9#4.0#14.0#VAR 1722 0 0.524764 0.475236 
 ----> 6.6#11.9#4.0#14.0#VAR 1723 1 0.525205 0.474795 
 ----> 6.6#11.9#4.0#14.0#VAR 1724 1 0.489755 0.510245 
 ----> 6.6#11.9#4.0#14.0#VAR 1725 1 0.520379 0.479621 
 ----> 6.6#11.9#4.0#14.0#VAR 1726 0 0.515151 0.484849 
 ----> 6.6#11.9#4.0#14.0#VAR 1727 0 0.531398 0.468602 
 ----> 6.6#11.9#4.0#14.0#VAR 1728 0 0.521891 0.478109 
 ----> 6.6#11.9#4.0#14.0#VAR 1729 0 0.528592 0.471408 
 ----> 6.6#11.9#4.0#14.0#VAR 1730 1 0.546331 0.453669 
 ----> 6.6#11.9#4.0#14.0#VAR 1731 1 0.506145 0.493855 
 ----> 6.6#11.9#4.0#14.0#VAR 1732 0 0.513307 0.486693 
 ----> 6.6#11.9#4.0#14.0#VAR 1733 0 0.544834 0.455166 
 ----> 6.6#11.9#4.0#14.0#VAR 1734 0 0.51256 0.48744 
 ----> 6.6#11.9#4.0#14.0#VAR 1735 0 0.517495 0.482505 
 ----> 6.6#11.9#4.0#14.0#VAR 1736 0 0.510559 0.489441 
 ----> 6.6#11.9#4.0#14.0#VAR 1737 1 0.518823 0.481177 
 ----> 6.6#11.9#4.0#14.0#VAR 1738 0 0.54585 0.45415 
 ----> 6.6#11.9#4.0#14.0#VAR 1739 0 0.531785 0.468215 
 ----> 6.6#11.9#4.0#14.0#VAR 1740 0 0.509619 0.490381 
 ----> 6.6#11.9#4.0#14.0#VAR 1741 1 0.519289 0.480711 
 ----> 6.6#11.9#4.0#14.0#VAR 1742 0 0.500031 0.499969 
 ----> 6.6#11.9#4.0#14.0#VAR 1743 0 0.527647 0.472353 
 ----> 6.6#11.9#4.0#14.0#VAR 1744 0 0.491401 0.508599 
 ----> 6.6#11.9#4.0#14.0#VAR 1745 0 0.513867 0.486133 
 ----> 6.6#11.9#4.0#14.0#VAR 1746 1 0.507238 0.492762 
 ----> 6.6#11.9#4.0#14.0#VAR 1747 1 0.503508 0.496492 
 ----> 6.6#11.9#4.0#14.0#VAR 1748 1 0.516522 0.483478 
 ----> 6.6#11.9#4.0#14.0#VAR 1749 1 0.51599 0.48401 
 ----> 6.6#11.9#4.0#14.0#VAR 1750 1 0.510527 0.489473 
 ----> 6.6#11.9#4.0#14.0#VAR 1751 1 0.503184 0.496816 
 ----> 6.6#11.9#4.0#14.0#VAR 1752 1 0.514116 0.485884 
 ----> 6.6#11.9#4.0#14.0#VAR 1753 1 0.51974 0.48026 
 ----> 6.6#11.9#4.0#14.0#VAR 1754 0 0.522312 0.477688 
 ----> 6.6#11.9#4.0#14.0#VAR 1755 0 0.505403 0.494597 
 ----> 6.6#11.9#4.0#14.0#VAR 1756 0 0.511183 0.488817 
 ----> 6.6#11.9#4.0#14.0#VAR 1757 1 0.547296 0.452704 
 ----> 6.6#11.9#4.0#14.0#VAR 1758 1 0.503722 0.496278 
 ----> 6.6#11.9#4.0#14.0#VAR 1759 1 0.504554 0.495446 
 ----> 6.6#11.9#4.0#14.0#VAR 1760 0 0.515884 0.484116 
 ----> 6.6#11.9#4.0#14.0#VAR 1761 0 0.500763 0.499237 
 ----> 6.6#11.9#4.0#14.0#VAR 1762 1 0.503248 0.496752 
 ----> 6.6#11.9#4.0#14.0#VAR 1763 1 0.510138 0.489862 
 ----> 6.6#11.9#4.0#14.0#VAR 1764 1 0.50574 0.49426 
 ----> 6.6#11.9#4.0#14.0#VAR 1765 1 0.518312 0.481688 
 ----> 6.6#11.9#4.0#14.0#VAR 1766 0 0.49375 0.50625 
 ----> 6.6#11.9#4.0#14.0#VAR 1767 0 0.513268 0.486732 
 ----> 6.6#11.9#4.0#14.0#VAR 1768 0 0.534672 0.465328 
 ----> 6.6#11.9#4.0#14.0#VAR 1769 1 0.523998 0.476002 
 ----> 6.6#11.9#4.0#14.0#VAR 1770 0 0.498931 0.501069 
 ----> 6.6#11.9#4.0#14.0#VAR 1771 1 0.505564 0.494436 
 ----> 6.6#11.9#4.0#14.0#VAR 1772 0 0.498855 0.501145 
 ----> 6.6#11.9#4.0#14.0#VAR 1773 1 0.493738 0.506262 
 ----> 6.6#11.9#4.0#14.0#VAR 1774 1 0.486256 0.513744 
 ----> 6.6#11.9#4.0#14.0#VAR 1775 0 0.504759 0.495241 
 ----> 6.6#11.9#4.0#14.0#VAR 1776 0 0.518207 0.481793 
 ----> 6.6#11.9#4.0#14.0#VAR 1777 1 0.514843 0.485157 
 ----> 6.6#11.9#4.0#14.0#VAR 1778 0 0.515351 0.484649 
 ----> 6.6#11.9#4.0#14.0#VAR 1779 1 0.509024 0.490976 
 ----> 6.6#11.9#4.0#14.0#VAR 1780 1 0.498068 0.501932 
 ----> 6.6#11.9#4.0#14.0#VAR 1781 1 0.519718 0.480282 
 ----> 6.6#11.9#4.0#14.0#VAR 1782 0 0.510504 0.489496 
 ----> 6.6#11.9#4.0#14.0#VAR 1783 0 0.501801 0.498199 
 ----> 6.6#11.9#4.0#14.0#VAR 1784 1 0.520162 0.479838 
 ----> 6.6#11.9#4.0#14.0#VAR 1785 1 0.497824 0.502176 
 ----> 6.6#11.9#4.0#14.0#VAR 1786 0 0.498293 0.501707 
 ----> 6.6#11.9#4.0#14.0#VAR 1787 0 0.502325 0.497675 
 ----> 6.6#11.9#4.0#14.0#VAR 1788 0 0.507836 0.492164 
 ----> 6.6#11.9#4.0#14.0#VAR 1789 1 0.497122 0.502878 
 ----> 6.6#11.9#4.0#14.0#VAR 1790 1 0.502742 0.497258 
 ----> 6.6#11.9#4.0#14.0#VAR 1791 1 0.494049 0.505951 
 ----> 6.6#11.9#4.0#14.0#VAR 1792 1 0.505298 0.494702 
 ----> 6.6#11.9#4.0#14.0#VAR 1793 0 0.489836 0.510164 
 ----> 6.6#11.9#4.0#14.0#VAR 1794 1 0.520893 0.479107 
 ----> 6.6#11.9#4.0#14.0#VAR 1795 0 0.491968 0.508032 
 ----> 6.6#11.9#4.0#14.0#VAR 1796 1 0.499911 0.500089 
 ----> 6.6#11.9#4.0#14.0#VAR 1797 0 0.514939 0.485061 
 ----> 6.6#11.9#4.0#14.0#VAR 1798 0 0.496351 0.503649 
 ----> 6.6#11.9#4.0#14.0#VAR 1799 0 0.499289 0.500711 
 ----> 6.6#11.9#4.0#14.0#VAR 1800 0 0.522073 0.477927 
 ----> 6.6#11.9#4.0#14.0#VAR 1801 0 0.500561 0.499439 
 ----> 6.6#11.9#4.0#14.0#VAR 1802 0 0.494323 0.505677 
 ----> 6.6#11.9#4.0#14.0#VAR 1803 0 0.523193 0.476807 
 ----> 6.6#11.9#4.0#14.0#VAR 1804 0 0.496987 0.503013 
 ----> 6.6#11.9#4.0#14.0#VAR 1805 1 0.492988 0.507012 
 ----> 6.6#11.9#4.0#14.0#VAR 1806 0 0.495883 0.504117 
 ----> 6.6#11.9#4.0#14.0#VAR 1807 1 0.514845 0.485155 
 ----> 6.6#11.9#4.0#14.0#VAR 1808 0 0.497398 0.502602 
 ----> 6.6#11.9#4.0#14.0#VAR 1809 0 0.513528 0.486472 
 ----> 6.6#11.9#4.0#14.0#VAR 1810 1 0.52592 0.47408 
 ----> 6.6#11.9#4.0#14.0#VAR 1811 0 0.474625 0.525375 
 ----> 6.6#11.9#4.0#14.0#VAR 1812 0 0.503739 0.496261 
 ----> 6.6#11.9#4.0#14.0#VAR 1813 0 0.505984 0.494016 
 ----> 6.6#11.9#4.0#14.0#VAR 1814 1 0.497228 0.502772 
 ----> 6.6#11.9#4.0#14.0#VAR 1815 0 0.495847 0.504153 
 ----> 6.6#11.9#4.0#14.0#VAR 1816 0 0.475828 0.524172 
 ----> 6.6#11.9#4.0#14.0#VAR 1817 0 0.497472 0.502528 
 ----> 6.6#11.9#4.0#14.0#VAR 1818 1 0.492171 0.507829 
 ----> 6.6#11.9#4.0#14.0#VAR 1819 0 0.498558 0.501442 
 ----> 6.6#11.9#4.0#14.0#VAR 1820 1 0.526362 0.473638 
 ----> 6.6#11.9#4.0#14.0#VAR 1821 0 0.515071 0.484929 
 ----> 6.6#11.9#4.0#14.0#VAR 1822 1 0.518541 0.481459 
 ----> 6.6#11.9#4.0#14.0#VAR 1823 0 0.522353 0.477647 
 ----> 6.6#11.9#4.0#14.0#VAR 1824 1 0.521222 0.478778 
 ----> 6.6#11.9#4.0#14.0#VAR 1825 1 0.507849 0.492151 
 ----> 6.6#11.9#4.0#14.0#VAR 1826 1 0.510155 0.489845 
 ++++> 6.6#11.9#4.0#14.0#VAR 1827  0 0.502606 0.497394 
