 ----> 6.6#11.9#4.0#14.0#VAR 7 1 0.431809 0.568191 
 ----> 6.6#11.9#4.0#14.0#VAR 8 1 0.47747 0.52253 
 ----> 6.6#11.9#4.0#14.0#VAR 9 1 0.443204 0.556796 
 ----> 6.6#11.9#4.0#14.0#VAR 10 1 0.467711 0.532289 
 ----> 6.6#11.9#4.0#14.0#VAR 11 1 0.464531 0.535469 
 ----> 6.6#11.9#4.0#14.0#VAR 12 0 0.478617 0.521383 
 ----> 6.6#11.9#4.0#14.0#VAR 13 1 0.459529 0.540471 
 ----> 6.6#11.9#4.0#14.0#VAR 14 0 0.482954 0.517046 
 ----> 6.6#11.9#4.0#14.0#VAR 15 1 0.481847 0.518153 
 ----> 6.6#11.9#4.0#14.0#VAR 16 1 0.455009 0.544991 
 ----> 6.6#11.9#4.0#14.0#VAR 17 1 0.483496 0.516504 
 ----> 6.6#11.9#4.0#14.0#VAR 18 1 0.491025 0.508975 
 ----> 6.6#11.9#4.0#14.0#VAR 19 1 0.493694 0.506306 
 ----> 6.6#11.9#4.0#14.0#VAR 20 1 0.495 0.505 
 ----> 6.6#11.9#4.0#14.0#VAR 21 0 0.500161 0.499839 
 ----> 6.6#11.9#4.0#14.0#VAR 22 1 0.492455 0.507545 
 ----> 6.6#11.9#4.0#14.0#VAR 23 0 0.489484 0.510516 
 ----> 6.6#11.9#4.0#14.0#VAR 24 0 0.502472 0.497528 
 ----> 6.6#11.9#4.0#14.0#VAR 25 0 0.487684 0.512316 
 ----> 6.6#11.9#4.0#14.0#VAR 26 0 0.491785 0.508215 
 ----> 6.6#11.9#4.0#14.0#VAR 27 0 0.496135 0.503865 
 ----> 6.6#11.9#4.0#14.0#VAR 28 1 0.503379 0.496621 
 ----> 6.6#11.9#4.0#14.0#VAR 29 1 0.499866 0.500134 
 ----> 6.6#11.9#4.0#14.0#VAR 30 1 0.487221 0.512779 
 ----> 6.6#11.9#4.0#14.0#VAR 31 0 0.500503 0.499497 
 ----> 6.6#11.9#4.0#14.0#VAR 32 0 0.508171 0.491829 
 ----> 6.6#11.9#4.0#14.0#VAR 33 0 0.515427 0.484573 
 ----> 6.6#11.9#4.0#14.0#VAR 34 1 0.491557 0.508443 
 ----> 6.6#11.9#4.0#14.0#VAR 35 0 0.494199 0.505801 
 ----> 6.6#11.9#4.0#14.0#VAR 36 1 0.492364 0.507636 
 ----> 6.6#11.9#4.0#14.0#VAR 37 1 0.492876 0.507124 
 ----> 6.6#11.9#4.0#14.0#VAR 38 1 0.495452 0.504548 
 ----> 6.6#11.9#4.0#14.0#VAR 39 0 0.493065 0.506935 
 ----> 6.6#11.9#4.0#14.0#VAR 40 0 0.501245 0.498755 
 ----> 6.6#11.9#4.0#14.0#VAR 41 1 0.500064 0.499936 
 ----> 6.6#11.9#4.0#14.0#VAR 42 1 0.489625 0.510375 
 ----> 6.6#11.9#4.0#14.0#VAR 43 1 0.499889 0.500111 
 ----> 6.6#11.9#4.0#14.0#VAR 44 1 0.496168 0.503832 
 ----> 6.6#11.9#4.0#14.0#VAR 45 1 0.497014 0.502986 
 ----> 6.6#11.9#4.0#14.0#VAR 46 1 0.492545 0.507455 
 ----> 6.6#11.9#4.0#14.0#VAR 47 1 0.500941 0.499059 
 ----> 6.6#11.9#4.0#14.0#VAR 48 0 0.479477 0.520523 
 ----> 6.6#11.9#4.0#14.0#VAR 49 0 0.496757 0.503243 
 ----> 6.6#11.9#4.0#14.0#VAR 50 1 0.496053 0.503947 
 ----> 6.6#11.9#4.0#14.0#VAR 51 1 0.500006 0.499994 
 ----> 6.6#11.9#4.0#14.0#VAR 52 1 0.496738 0.503262 
 ----> 6.6#11.9#4.0#14.0#VAR 53 1 0.48128 0.51872 
 ----> 6.6#11.9#4.0#14.0#VAR 54 1 0.478769 0.521231 
 ----> 6.6#11.9#4.0#14.0#VAR 55 1 0.485695 0.514305 
 ----> 6.6#11.9#4.0#14.0#VAR 56 1 0.491327 0.508673 
 ----> 6.6#11.9#4.0#14.0#VAR 57 1 0.488992 0.511008 
 ----> 6.6#11.9#4.0#14.0#VAR 58 1 0.480939 0.519061 
 ----> 6.6#11.9#4.0#14.0#VAR 59 1 0.48799 0.51201 
 ----> 6.6#11.9#4.0#14.0#VAR 60 1 0.479747 0.520253 
 ----> 6.6#11.9#4.0#14.0#VAR 61 1 0.483511 0.516489 
 ----> 6.6#11.9#4.0#14.0#VAR 62 0 0.498329 0.501671 
 ----> 6.6#11.9#4.0#14.0#VAR 63 1 0.493608 0.506392 
 ----> 6.6#11.9#4.0#14.0#VAR 64 1 0.483315 0.516685 
 ----> 6.6#11.9#4.0#14.0#VAR 65 1 0.486883 0.513117 
 ----> 6.6#11.9#4.0#14.0#VAR 66 1 0.490174 0.509826 
 ----> 6.6#11.9#4.0#14.0#VAR 67 1 0.486252 0.513748 
 ----> 6.6#11.9#4.0#14.0#VAR 68 0 0.507138 0.492862 
 ----> 6.6#11.9#4.0#14.0#VAR 69 1 0.480088 0.519912 
 ----> 6.6#11.9#4.0#14.0#VAR 70 1 0.500044 0.499956 
 ----> 6.6#11.9#4.0#14.0#VAR 71 1 0.484851 0.515149 
 ----> 6.6#11.9#4.0#14.0#VAR 72 1 0.48498 0.51502 
 ----> 6.6#11.9#4.0#14.0#VAR 73 0 0.499454 0.500546 
 ----> 6.6#11.9#4.0#14.0#VAR 74 0 0.514494 0.485506 
 ----> 6.6#11.9#4.0#14.0#VAR 75 1 0.497192 0.502808 
 ----> 6.6#11.9#4.0#14.0#VAR 76 0 0.506961 0.493039 
 ----> 6.6#11.9#4.0#14.0#VAR 77 0 0.501244 0.498756 
 ----> 6.6#11.9#4.0#14.0#VAR 78 0 0.489005 0.510995 
 ----> 6.6#11.9#4.0#14.0#VAR 79 1 0.478549 0.521451 
 ----> 6.6#11.9#4.0#14.0#VAR 80 1 0.47664 0.52336 
 ----> 6.6#11.9#4.0#14.0#VAR 81 0 0.514944 0.485056 
 ----> 6.6#11.9#4.0#14.0#VAR 82 1 0.508316 0.491684 
 ----> 6.6#11.9#4.0#14.0#VAR 83 1 0.498497 0.501503 
 ----> 6.6#11.9#4.0#14.0#VAR 84 1 0.495188 0.504812 
 ----> 6.6#11.9#4.0#14.0#VAR 85 0 0.478803 0.521197 
 ----> 6.6#11.9#4.0#14.0#VAR 86 0 0.504947 0.495053 
 ----> 6.6#11.9#4.0#14.0#VAR 87 0 0.516819 0.483181 
 ----> 6.6#11.9#4.0#14.0#VAR 88 1 0.503172 0.496828 
 ----> 6.6#11.9#4.0#14.0#VAR 89 1 0.483095 0.516905 
 ----> 6.6#11.9#4.0#14.0#VAR 90 1 0.481392 0.518608 
 ----> 6.6#11.9#4.0#14.0#VAR 91 1 0.498647 0.501353 
 ----> 6.6#11.9#4.0#14.0#VAR 92 1 0.492049 0.507951 
 ----> 6.6#11.9#4.0#14.0#VAR 93 1 0.500763 0.499237 
 ----> 6.6#11.9#4.0#14.0#VAR 94 1 0.487812 0.512188 
 ----> 6.6#11.9#4.0#14.0#VAR 95 1 0.495443 0.504557 
 ----> 6.6#11.9#4.0#14.0#VAR 96 0 0.49501 0.50499 
 ----> 6.6#11.9#4.0#14.0#VAR 97 0 0.494021 0.505979 
 ----> 6.6#11.9#4.0#14.0#VAR 98 0 0.524527 0.475473 
 ----> 6.6#11.9#4.0#14.0#VAR 99 1 0.490609 0.509391 
 ----> 6.6#11.9#4.0#14.0#VAR 100 0 0.498597 0.501403 
 ----> 6.6#11.9#4.0#14.0#VAR 101 0 0.505463 0.494537 
 ----> 6.6#11.9#4.0#14.0#VAR 102 1 0.490255 0.509745 
 ----> 6.6#11.9#4.0#14.0#VAR 103 1 0.486998 0.513002 
 ----> 6.6#11.9#4.0#14.0#VAR 104 0 0.513889 0.486111 
 ----> 6.6#11.9#4.0#14.0#VAR 105 1 0.490683 0.509317 
 ----> 6.6#11.9#4.0#14.0#VAR 106 0 0.507062 0.492938 
 ----> 6.6#11.9#4.0#14.0#VAR 107 0 0.514836 0.485164 
 ----> 6.6#11.9#4.0#14.0#VAR 108 1 0.502673 0.497327 
 ----> 6.6#11.9#4.0#14.0#VAR 109 0 0.504875 0.495125 
 ----> 6.6#11.9#4.0#14.0#VAR 110 1 0.495751 0.504249 
 ----> 6.6#11.9#4.0#14.0#VAR 111 0 0.49582 0.50418 
 ----> 6.6#11.9#4.0#14.0#VAR 112 0 0.516446 0.483554 
 ----> 6.6#11.9#4.0#14.0#VAR 113 0 0.518496 0.481504 
 ----> 6.6#11.9#4.0#14.0#VAR 114 0 0.515056 0.484944 
 ----> 6.6#11.9#4.0#14.0#VAR 115 1 0.502897 0.497103 
 ----> 6.6#11.9#4.0#14.0#VAR 116 1 0.501156 0.498844 
 ----> 6.6#11.9#4.0#14.0#VAR 117 1 0.486895 0.513105 
 ----> 6.6#11.9#4.0#14.0#VAR 118 0 0.518268 0.481732 
 ----> 6.6#11.9#4.0#14.0#VAR 119 0 0.514951 0.485049 
 ----> 6.6#11.9#4.0#14.0#VAR 120 1 0.508196 0.491804 
 ----> 6.6#11.9#4.0#14.0#VAR 121 1 0.492361 0.507639 
 ----> 6.6#11.9#4.0#14.0#VAR 122 0 0.521061 0.478939 
 ----> 6.6#11.9#4.0#14.0#VAR 123 0 0.506342 0.493658 
 ----> 6.6#11.9#4.0#14.0#VAR 124 0 0.502773 0.497227 
 ----> 6.6#11.9#4.0#14.0#VAR 125 1 0.510554 0.489446 
 ----> 6.6#11.9#4.0#14.0#VAR 126 1 0.502759 0.497241 
 ----> 6.6#11.9#4.0#14.0#VAR 127 0 0.534045 0.465955 
 ----> 6.6#11.9#4.0#14.0#VAR 128 1 0.496814 0.503186 
 ----> 6.6#11.9#4.0#14.0#VAR 129 1 0.472024 0.527976 
 ----> 6.6#11.9#4.0#14.0#VAR 130 1 0.494911 0.505089 
 ----> 6.6#11.9#4.0#14.0#VAR 131 0 0.508102 0.491898 
 ----> 6.6#11.9#4.0#14.0#VAR 132 1 0.508092 0.491908 
 ----> 6.6#11.9#4.0#14.0#VAR 133 1 0.489036 0.510964 
 ----> 6.6#11.9#4.0#14.0#VAR 134 1 0.496148 0.503852 
 ----> 6.6#11.9#4.0#14.0#VAR 135 0 0.521326 0.478674 
 ----> 6.6#11.9#4.0#14.0#VAR 136 0 0.510084 0.489916 
 ----> 6.6#11.9#4.0#14.0#VAR 137 1 0.488165 0.511835 
 ----> 6.6#11.9#4.0#14.0#VAR 138 0 0.509158 0.490842 
 ----> 6.6#11.9#4.0#14.0#VAR 139 0 0.497092 0.502908 
 ----> 6.6#11.9#4.0#14.0#VAR 140 0 0.512977 0.487023 
 ----> 6.6#11.9#4.0#14.0#VAR 141 1 0.487776 0.512224 
 ----> 6.6#11.9#4.0#14.0#VAR 142 0 0.516281 0.483719 
 ----> 6.6#11.9#4.0#14.0#VAR 143 1 0.513916 0.486084 
 ----> 6.6#11.9#4.0#14.0#VAR 144 0 0.499915 0.500085 
 ----> 6.6#11.9#4.0#14.0#VAR 145 0 0.506267 0.493733 
 ----> 6.6#11.9#4.0#14.0#VAR 146 0 0.513393 0.486607 
 ----> 6.6#11.9#4.0#14.0#VAR 147 1 0.486759 0.513241 
 ----> 6.6#11.9#4.0#14.0#VAR 148 1 0.492084 0.507916 
 ----> 6.6#11.9#4.0#14.0#VAR 149 1 0.477498 0.522502 
 ----> 6.6#11.9#4.0#14.0#VAR 150 1 0.498421 0.501579 
 ----> 6.6#11.9#4.0#14.0#VAR 151 0 0.512965 0.487035 
 ----> 6.6#11.9#4.0#14.0#VAR 152 0 0.500038 0.499962 
 ----> 6.6#11.9#4.0#14.0#VAR 153 1 0.479734 0.520266 
 ----> 6.6#11.9#4.0#14.0#VAR 154 0 0.5137 0.4863 
 ----> 6.6#11.9#4.0#14.0#VAR 155 1 0.474611 0.525389 
 ----> 6.6#11.9#4.0#14.0#VAR 156 0 0.503119 0.496881 
 ----> 6.6#11.9#4.0#14.0#VAR 157 1 0.492213 0.507787 
 ----> 6.6#11.9#4.0#14.0#VAR 158 0 0.507091 0.492909 
 ----> 6.6#11.9#4.0#14.0#VAR 159 0 0.486827 0.513173 
 ----> 6.6#11.9#4.0#14.0#VAR 160 1 0.505931 0.494069 
 ----> 6.6#11.9#4.0#14.0#VAR 161 0 0.512777 0.487223 
 ----> 6.6#11.9#4.0#14.0#VAR 162 1 0.50125 0.49875 
 ----> 6.6#11.9#4.0#14.0#VAR 163 0 0.499526 0.500474 
 ----> 6.6#11.9#4.0#14.0#VAR 164 1 0.51277 0.48723 
 ----> 6.6#11.9#4.0#14.0#VAR 165 0 0.486297 0.513703 
 ----> 6.6#11.9#4.0#14.0#VAR 166 0 0.527706 0.472294 
 ----> 6.6#11.9#4.0#14.0#VAR 167 0 0.518718 0.481282 
 ----> 6.6#11.9#4.0#14.0#VAR 168 1 0.488583 0.511417 
 ----> 6.6#11.9#4.0#14.0#VAR 169 1 0.490247 0.509753 
 ----> 6.6#11.9#4.0#14.0#VAR 170 1 0.505024 0.494976 
 ----> 6.6#11.9#4.0#14.0#VAR 171 1 0.4912 0.5088 
 ----> 6.6#11.9#4.0#14.0#VAR 172 0 0.518487 0.481513 
 ----> 6.6#11.9#4.0#14.0#VAR 173 0 0.510444 0.489556 
 ----> 6.6#11.9#4.0#14.0#VAR 174 1 0.48318 0.51682 
 ----> 6.6#11.9#4.0#14.0#VAR 175 0 0.502257 0.497743 
 ----> 6.6#11.9#4.0#14.0#VAR 176 1 0.510633 0.489367 
 ----> 6.6#11.9#4.0#14.0#VAR 177 0 0.507532 0.492468 
 ----> 6.6#11.9#4.0#14.0#VAR 178 1 0.492751 0.507249 
 ----> 6.6#11.9#4.0#14.0#VAR 179 0 0.519235 0.480765 
 ----> 6.6#11.9#4.0#14.0#VAR 180 1 0.50318 0.49682 
 ----> 6.6#11.9#4.0#14.0#VAR 181 0 0.514474 0.485526 
 ----> 6.6#11.9#4.0#14.0#VAR 182 1 0.482025 0.517975 
 ----> 6.6#11.9#4.0#14.0#VAR 183 0 0.51233 0.48767 
 ----> 6.6#11.9#4.0#14.0#VAR 184 1 0.497248 0.502752 
 ----> 6.6#11.9#4.0#14.0#VAR 185 1 0.501278 0.498722 
 ----> 6.6#11.9#4.0#14.0#VAR 186 0 0.515606 0.484394 
 ----> 6.6#11.9#4.0#14.0#VAR 187 1 0.489792 0.510208 
 ----> 6.6#11.9#4.0#14.0#VAR 188 0 0.512513 0.487487 
 ----> 6.6#11.9#4.0#14.0#VAR 189 1 0.502064 0.497936 
 ----> 6.6#11.9#4.0#14.0#VAR 190 1 0.502463 0.497537 
 ----> 6.6#11.9#4.0#14.0#VAR 191 0 0.516967 0.483033 
 ----> 6.6#11.9#4.0#14.0#VAR 192 0 0.531711 0.468289 
 ----> 6.6#11.9#4.0#14.0#VAR 193 0 0.498903 0.501097 
 ----> 6.6#11.9#4.0#14.0#VAR 194 0 0.500163 0.499837 
 ----> 6.6#11.9#4.0#14.0#VAR 195 1 0.491854 0.508146 
 ----> 6.6#11.9#4.0#14.0#VAR 196 0 0.50683 0.49317 
 ----> 6.6#11.9#4.0#14.0#VAR 197 1 0.506215 0.493785 
 ----> 6.6#11.9#4.0#14.0#VAR 198 1 0.48855 0.51145 
 ----> 6.6#11.9#4.0#14.0#VAR 199 1 0.514995 0.485005 
 ----> 6.6#11.9#4.0#14.0#VAR 200 0 0.519902 0.480098 
 ----> 6.6#11.9#4.0#14.0#VAR 201 1 0.498292 0.501708 
 ----> 6.6#11.9#4.0#14.0#VAR 202 0 0.519937 0.480063 
 ----> 6.6#11.9#4.0#14.0#VAR 203 0 0.531011 0.468989 
 ----> 6.6#11.9#4.0#14.0#VAR 204 1 0.496823 0.503177 
 ----> 6.6#11.9#4.0#14.0#VAR 205 0 0.530856 0.469144 
 ----> 6.6#11.9#4.0#14.0#VAR 206 0 0.519275 0.480725 
 ----> 6.6#11.9#4.0#14.0#VAR 207 1 0.494823 0.505177 
 ----> 6.6#11.9#4.0#14.0#VAR 208 0 0.518427 0.481573 
 ----> 6.6#11.9#4.0#14.0#VAR 209 1 0.507968 0.492032 
 ----> 6.6#11.9#4.0#14.0#VAR 210 1 0.510669 0.489331 
 ----> 6.6#11.9#4.0#14.0#VAR 211 0 0.512716 0.487284 
 ----> 6.6#11.9#4.0#14.0#VAR 212 1 0.511208 0.488792 
 ----> 6.6#11.9#4.0#14.0#VAR 213 0 0.513446 0.486554 
 ----> 6.6#11.9#4.0#14.0#VAR 214 0 0.509724 0.490276 
 ----> 6.6#11.9#4.0#14.0#VAR 215 1 0.504823 0.495177 
 ----> 6.6#11.9#4.0#14.0#VAR 216 1 0.492309 0.507691 
 ----> 6.6#11.9#4.0#14.0#VAR 217 0 0.527249 0.472751 
 ----> 6.6#11.9#4.0#14.0#VAR 218 1 0.508346 0.491654 
 ----> 6.6#11.9#4.0#14.0#VAR 219 1 0.488015 0.511985 
 ----> 6.6#11.9#4.0#14.0#VAR 220 1 0.506505 0.493495 
 ----> 6.6#11.9#4.0#14.0#VAR 221 1 0.505592 0.494408 
 ----> 6.6#11.9#4.0#14.0#VAR 222 0 0.505366 0.494634 
 ----> 6.6#11.9#4.0#14.0#VAR 223 1 0.515035 0.484965 
 ----> 6.6#11.9#4.0#14.0#VAR 224 0 0.498602 0.501398 
 ----> 6.6#11.9#4.0#14.0#VAR 225 1 0.492652 0.507348 
 ----> 6.6#11.9#4.0#14.0#VAR 226 0 0.502611 0.497389 
 ----> 6.6#11.9#4.0#14.0#VAR 227 1 0.48695 0.51305 
 ----> 6.6#11.9#4.0#14.0#VAR 228 1 0.49226 0.50774 
 ----> 6.6#11.9#4.0#14.0#VAR 229 1 0.492063 0.507937 
 ----> 6.6#11.9#4.0#14.0#VAR 230 1 0.511086 0.488914 
 ----> 6.6#11.9#4.0#14.0#VAR 231 0 0.530897 0.469103 
 ----> 6.6#11.9#4.0#14.0#VAR 232 0 0.511675 0.488325 
 ----> 6.6#11.9#4.0#14.0#VAR 233 1 0.513337 0.486663 
 ----> 6.6#11.9#4.0#14.0#VAR 234 1 0.507085 0.492915 
 ----> 6.6#11.9#4.0#14.0#VAR 235 1 0.493219 0.506781 
 ----> 6.6#11.9#4.0#14.0#VAR 236 0 0.49957 0.50043 
 ----> 6.6#11.9#4.0#14.0#VAR 237 0 0.528238 0.471762 
 ----> 6.6#11.9#4.0#14.0#VAR 238 0 0.515702 0.484298 
 ----> 6.6#11.9#4.0#14.0#VAR 239 1 0.502638 0.497362 
 ----> 6.6#11.9#4.0#14.0#VAR 240 0 0.505907 0.494093 
 ----> 6.6#11.9#4.0#14.0#VAR 241 1 0.498836 0.501164 
 ----> 6.6#11.9#4.0#14.0#VAR 242 0 0.504505 0.495495 
 ----> 6.6#11.9#4.0#14.0#VAR 243 0 0.51107 0.48893 
 ----> 6.6#11.9#4.0#14.0#VAR 244 1 0.485435 0.514565 
 ----> 6.6#11.9#4.0#14.0#VAR 245 0 0.524882 0.475118 
 ----> 6.6#11.9#4.0#14.0#VAR 246 0 0.496746 0.503254 
 ----> 6.6#11.9#4.0#14.0#VAR 247 1 0.503306 0.496694 
 ----> 6.6#11.9#4.0#14.0#VAR 248 1 0.50094 0.49906 
 ----> 6.6#11.9#4.0#14.0#VAR 249 1 0.492863 0.507137 
 ----> 6.6#11.9#4.0#14.0#VAR 250 1 0.492735 0.507265 
 ----> 6.6#11.9#4.0#14.0#VAR 251 0 0.51409 0.48591 
 ----> 6.6#11.9#4.0#14.0#VAR 252 0 0.505503 0.494497 
 ----> 6.6#11.9#4.0#14.0#VAR 253 0 0.506509 0.493491 
 ----> 6.6#11.9#4.0#14.0#VAR 254 1 0.492444 0.507556 
 ----> 6.6#11.9#4.0#14.0#VAR 255 0 0.509485 0.490515 
 ----> 6.6#11.9#4.0#14.0#VAR 256 0 0.526683 0.473317 
 ----> 6.6#11.9#4.0#14.0#VAR 257 0 0.532827 0.467173 
 ----> 6.6#11.9#4.0#14.0#VAR 258 0 0.533543 0.466457 
 ----> 6.6#11.9#4.0#14.0#VAR 259 0 0.50619 0.49381 
 ----> 6.6#11.9#4.0#14.0#VAR 260 1 0.493953 0.506047 
 ----> 6.6#11.9#4.0#14.0#VAR 261 1 0.498678 0.501322 
 ----> 6.6#11.9#4.0#14.0#VAR 262 0 0.517487 0.482513 
 ----> 6.6#11.9#4.0#14.0#VAR 263 0 0.516476 0.483524 
 ----> 6.6#11.9#4.0#14.0#VAR 264 1 0.501292 0.498708 
 ----> 6.6#11.9#4.0#14.0#VAR 265 0 0.515329 0.484671 
 ----> 6.6#11.9#4.0#14.0#VAR 266 0 0.516008 0.483992 
 ----> 6.6#11.9#4.0#14.0#VAR 267 1 0.510895 0.489105 
 ----> 6.6#11.9#4.0#14.0#VAR 268 1 0.480715 0.519285 
 ----> 6.6#11.9#4.0#14.0#VAR 269 0 0.512746 0.487254 
 ----> 6.6#11.9#4.0#14.0#VAR 270 1 0.518916 0.481084 
 ----> 6.6#11.9#4.0#14.0#VAR 271 0 0.520863 0.479137 
 ----> 6.6#11.9#4.0#14.0#VAR 272 0 0.520436 0.479564 
 ----> 6.6#11.9#4.0#14.0#VAR 273 1 0.504894 0.495106 
 ----> 6.6#11.9#4.0#14.0#VAR 274 1 0.515486 0.484514 
 ----> 6.6#11.9#4.0#14.0#VAR 275 1 0.538446 0.461554 
 ----> 6.6#11.9#4.0#14.0#VAR 276 1 0.506929 0.493071 
 ----> 6.6#11.9#4.0#14.0#VAR 277 1 0.505612 0.494388 
 ----> 6.6#11.9#4.0#14.0#VAR 278 1 0.500996 0.499004 
 ----> 6.6#11.9#4.0#14.0#VAR 279 1 0.495277 0.504723 
 ----> 6.6#11.9#4.0#14.0#VAR 280 0 0.512711 0.487289 
 ----> 6.6#11.9#4.0#14.0#VAR 281 0 0.527405 0.472595 
 ----> 6.6#11.9#4.0#14.0#VAR 282 1 0.501487 0.498513 
 ----> 6.6#11.9#4.0#14.0#VAR 283 0 0.502507 0.497493 
 ----> 6.6#11.9#4.0#14.0#VAR 284 0 0.520625 0.479375 
 ----> 6.6#11.9#4.0#14.0#VAR 285 0 0.515035 0.484965 
 ----> 6.6#11.9#4.0#14.0#VAR 286 0 0.510499 0.489501 
 ----> 6.6#11.9#4.0#14.0#VAR 287 0 0.516653 0.483347 
 ----> 6.6#11.9#4.0#14.0#VAR 288 1 0.500201 0.499799 
 ----> 6.6#11.9#4.0#14.0#VAR 289 1 0.508123 0.491877 
 ----> 6.6#11.9#4.0#14.0#VAR 290 0 0.504879 0.495121 
 ----> 6.6#11.9#4.0#14.0#VAR 291 1 0.478254 0.521746 
 ----> 6.6#11.9#4.0#14.0#VAR 292 1 0.522472 0.477528 
 ----> 6.6#11.9#4.0#14.0#VAR 293 1 0.50041 0.49959 
 ----> 6.6#11.9#4.0#14.0#VAR 294 1 0.488853 0.511147 
 ----> 6.6#11.9#4.0#14.0#VAR 295 1 0.49341 0.50659 
 ----> 6.6#11.9#4.0#14.0#VAR 296 1 0.494782 0.505218 
 ----> 6.6#11.9#4.0#14.0#VAR 297 1 0.497012 0.502988 
 ----> 6.6#11.9#4.0#14.0#VAR 298 1 0.497965 0.502035 
 ----> 6.6#11.9#4.0#14.0#VAR 299 1 0.506766 0.493234 
 ----> 6.6#11.9#4.0#14.0#VAR 300 1 0.493399 0.506601 
 ----> 6.6#11.9#4.0#14.0#VAR 301 1 0.478322 0.521678 
 ----> 6.6#11.9#4.0#14.0#VAR 302 1 0.509345 0.490655 
 ----> 6.6#11.9#4.0#14.0#VAR 303 0 0.510863 0.489137 
 ----> 6.6#11.9#4.0#14.0#VAR 304 0 0.527485 0.472515 
 ----> 6.6#11.9#4.0#14.0#VAR 305 1 0.511497 0.488503 
 ----> 6.6#11.9#4.0#14.0#VAR 306 1 0.493231 0.506769 
 ----> 6.6#11.9#4.0#14.0#VAR 307 1 0.478049 0.521951 
 ----> 6.6#11.9#4.0#14.0#VAR 308 0 0.50704 0.49296 
 ----> 6.6#11.9#4.0#14.0#VAR 309 1 0.49751 0.50249 
 ----> 6.6#11.9#4.0#14.0#VAR 310 0 0.518999 0.481001 
 ----> 6.6#11.9#4.0#14.0#VAR 311 0 0.513541 0.486459 
 ----> 6.6#11.9#4.0#14.0#VAR 312 1 0.495545 0.504455 
 ----> 6.6#11.9#4.0#14.0#VAR 313 1 0.508323 0.491677 
 ----> 6.6#11.9#4.0#14.0#VAR 314 1 0.504792 0.495208 
 ----> 6.6#11.9#4.0#14.0#VAR 315 0 0.522928 0.477072 
 ----> 6.6#11.9#4.0#14.0#VAR 316 1 0.508304 0.491696 
 ----> 6.6#11.9#4.0#14.0#VAR 317 0 0.522665 0.477335 
 ----> 6.6#11.9#4.0#14.0#VAR 318 1 0.502597 0.497403 
 ----> 6.6#11.9#4.0#14.0#VAR 319 1 0.476868 0.523132 
 ----> 6.6#11.9#4.0#14.0#VAR 320 0 0.530938 0.469062 
 ----> 6.6#11.9#4.0#14.0#VAR 321 0 0.511048 0.488952 
 ----> 6.6#11.9#4.0#14.0#VAR 322 0 0.511682 0.488318 
 ----> 6.6#11.9#4.0#14.0#VAR 323 1 0.495072 0.504928 
 ----> 6.6#11.9#4.0#14.0#VAR 324 0 0.522688 0.477312 
 ----> 6.6#11.9#4.0#14.0#VAR 325 0 0.520834 0.479166 
 ----> 6.6#11.9#4.0#14.0#VAR 326 0 0.509054 0.490946 
 ----> 6.6#11.9#4.0#14.0#VAR 327 1 0.513742 0.486258 
 ----> 6.6#11.9#4.0#14.0#VAR 328 0 0.516625 0.483375 
 ----> 6.6#11.9#4.0#14.0#VAR 329 1 0.500784 0.499216 
 ----> 6.6#11.9#4.0#14.0#VAR 330 1 0.495819 0.504181 
 ----> 6.6#11.9#4.0#14.0#VAR 331 1 0.497847 0.502153 
 ----> 6.6#11.9#4.0#14.0#VAR 332 0 0.516078 0.483922 
 ----> 6.6#11.9#4.0#14.0#VAR 333 0 0.50426 0.49574 
 ----> 6.6#11.9#4.0#14.0#VAR 334 0 0.516123 0.483877 
 ----> 6.6#11.9#4.0#14.0#VAR 335 0 0.501678 0.498322 
 ----> 6.6#11.9#4.0#14.0#VAR 336 1 0.49569 0.50431 
 ----> 6.6#11.9#4.0#14.0#VAR 337 0 0.516656 0.483344 
 ----> 6.6#11.9#4.0#14.0#VAR 338 0 0.523544 0.476456 
 ----> 6.6#11.9#4.0#14.0#VAR 339 0 0.530581 0.469419 
 ----> 6.6#11.9#4.0#14.0#VAR 340 0 0.506554 0.493446 
 ----> 6.6#11.9#4.0#14.0#VAR 341 0 0.508954 0.491046 
 ----> 6.6#11.9#4.0#14.0#VAR 342 0 0.507391 0.492609 
 ----> 6.6#11.9#4.0#14.0#VAR 343 0 0.513382 0.486618 
 ----> 6.6#11.9#4.0#14.0#VAR 344 0 0.537727 0.462273 
 ----> 6.6#11.9#4.0#14.0#VAR 345 1 0.503896 0.496104 
 ----> 6.6#11.9#4.0#14.0#VAR 346 0 0.522574 0.477426 
 ----> 6.6#11.9#4.0#14.0#VAR 347 0 0.510454 0.489546 
 ----> 6.6#11.9#4.0#14.0#VAR 348 0 0.529957 0.470043 
 ----> 6.6#11.9#4.0#14.0#VAR 349 0 0.514938 0.485062 
 ----> 6.6#11.9#4.0#14.0#VAR 350 1 0.508707 0.491293 
 ----> 6.6#11.9#4.0#14.0#VAR 351 0 0.532142 0.467858 
 ----> 6.6#11.9#4.0#14.0#VAR 352 0 0.552166 0.447834 
 ----> 6.6#11.9#4.0#14.0#VAR 353 0 0.528618 0.471382 
 ----> 6.6#11.9#4.0#14.0#VAR 354 0 0.507005 0.492995 
 ----> 6.6#11.9#4.0#14.0#VAR 355 0 0.54033 0.45967 
 ----> 6.6#11.9#4.0#14.0#VAR 356 0 0.52094 0.47906 
 ----> 6.6#11.9#4.0#14.0#VAR 357 0 0.516801 0.483199 
 ----> 6.6#11.9#4.0#14.0#VAR 358 0 0.531743 0.468257 
 ----> 6.6#11.9#4.0#14.0#VAR 359 0 0.515583 0.484417 
 ----> 6.6#11.9#4.0#14.0#VAR 360 1 0.502598 0.497402 
 ----> 6.6#11.9#4.0#14.0#VAR 361 0 0.552638 0.447362 
 ----> 6.6#11.9#4.0#14.0#VAR 362 1 0.486793 0.513207 
 ----> 6.6#11.9#4.0#14.0#VAR 363 1 0.496017 0.503983 
 ----> 6.6#11.9#4.0#14.0#VAR 364 0 0.512528 0.487472 
 ----> 6.6#11.9#4.0#14.0#VAR 365 1 0.501078 0.498922 
 ----> 6.6#11.9#4.0#14.0#VAR 366 0 0.525229 0.474771 
 ----> 6.6#11.9#4.0#14.0#VAR 367 1 0.501577 0.498423 
 ----> 6.6#11.9#4.0#14.0#VAR 368 0 0.526876 0.473124 
 ----> 6.6#11.9#4.0#14.0#VAR 369 1 0.504659 0.495341 
 ----> 6.6#11.9#4.0#14.0#VAR 370 0 0.532392 0.467608 
 ----> 6.6#11.9#4.0#14.0#VAR 371 0 0.520989 0.479011 
 ----> 6.6#11.9#4.0#14.0#VAR 372 0 0.53834 0.46166 
 ----> 6.6#11.9#4.0#14.0#VAR 373 0 0.546738 0.453262 
 ----> 6.6#11.9#4.0#14.0#VAR 374 0 0.532067 0.467933 
 ----> 6.6#11.9#4.0#14.0#VAR 375 1 0.513118 0.486882 
 ----> 6.6#11.9#4.0#14.0#VAR 376 0 0.511335 0.488665 
 ----> 6.6#11.9#4.0#14.0#VAR 377 1 0.484201 0.515799 
 ----> 6.6#11.9#4.0#14.0#VAR 378 0 0.524487 0.475513 
 ----> 6.6#11.9#4.0#14.0#VAR 379 0 0.525663 0.474337 
 ----> 6.6#11.9#4.0#14.0#VAR 380 1 0.507395 0.492605 
 ----> 6.6#11.9#4.0#14.0#VAR 381 0 0.507156 0.492844 
 ----> 6.6#11.9#4.0#14.0#VAR 382 1 0.512957 0.487043 
 ----> 6.6#11.9#4.0#14.0#VAR 383 0 0.532415 0.467585 
 ----> 6.6#11.9#4.0#14.0#VAR 384 1 0.515183 0.484817 
 ----> 6.6#11.9#4.0#14.0#VAR 385 1 0.539794 0.460206 
 ----> 6.6#11.9#4.0#14.0#VAR 386 0 0.520638 0.479362 
 ----> 6.6#11.9#4.0#14.0#VAR 387 1 0.507761 0.492239 
 ----> 6.6#11.9#4.0#14.0#VAR 388 1 0.506815 0.493185 
 ----> 6.6#11.9#4.0#14.0#VAR 389 1 0.518921 0.481079 
 ----> 6.6#11.9#4.0#14.0#VAR 390 0 0.508632 0.491368 
 ----> 6.6#11.9#4.0#14.0#VAR 391 0 0.511699 0.488301 
 ----> 6.6#11.9#4.0#14.0#VAR 392 0 0.511636 0.488364 
 ----> 6.6#11.9#4.0#14.0#VAR 393 0 0.52492 0.47508 
 ----> 6.6#11.9#4.0#14.0#VAR 394 0 0.507573 0.492427 
 ----> 6.6#11.9#4.0#14.0#VAR 395 0 0.516873 0.483127 
 ----> 6.6#11.9#4.0#14.0#VAR 396 0 0.52225 0.47775 
 ----> 6.6#11.9#4.0#14.0#VAR 397 1 0.493997 0.506003 
 ----> 6.6#11.9#4.0#14.0#VAR 398 1 0.507318 0.492682 
 ----> 6.6#11.9#4.0#14.0#VAR 399 1 0.497306 0.502694 
 ----> 6.6#11.9#4.0#14.0#VAR 400 0 0.509996 0.490004 
 ----> 6.6#11.9#4.0#14.0#VAR 401 1 0.489137 0.510863 
 ----> 6.6#11.9#4.0#14.0#VAR 402 0 0.531106 0.468894 
 ----> 6.6#11.9#4.0#14.0#VAR 403 0 0.52082 0.47918 
 ----> 6.6#11.9#4.0#14.0#VAR 404 0 0.516913 0.483087 
 ----> 6.6#11.9#4.0#14.0#VAR 405 0 0.520966 0.479034 
 ----> 6.6#11.9#4.0#14.0#VAR 406 1 0.498556 0.501444 
 ----> 6.6#11.9#4.0#14.0#VAR 407 0 0.506962 0.493038 
 ----> 6.6#11.9#4.0#14.0#VAR 408 0 0.511638 0.488362 
 ----> 6.6#11.9#4.0#14.0#VAR 409 1 0.499783 0.500217 
 ----> 6.6#11.9#4.0#14.0#VAR 410 0 0.519867 0.480133 
 ----> 6.6#11.9#4.0#14.0#VAR 411 0 0.517005 0.482995 
 ----> 6.6#11.9#4.0#14.0#VAR 412 1 0.500142 0.499858 
 ----> 6.6#11.9#4.0#14.0#VAR 413 1 0.505659 0.494341 
 ----> 6.6#11.9#4.0#14.0#VAR 414 0 0.510037 0.489963 
 ----> 6.6#11.9#4.0#14.0#VAR 415 0 0.50778 0.49222 
 ----> 6.6#11.9#4.0#14.0#VAR 416 1 0.513969 0.486031 
 ----> 6.6#11.9#4.0#14.0#VAR 417 1 0.51023 0.48977 
 ----> 6.6#11.9#4.0#14.0#VAR 418 1 0.496614 0.503386 
 ----> 6.6#11.9#4.0#14.0#VAR 419 1 0.483702 0.516298 
 ----> 6.6#11.9#4.0#14.0#VAR 420 1 0.518094 0.481906 
 ----> 6.6#11.9#4.0#14.0#VAR 421 0 0.529275 0.470725 
 ----> 6.6#11.9#4.0#14.0#VAR 422 0 0.527439 0.472561 
 ----> 6.6#11.9#4.0#14.0#VAR 423 0 0.535129 0.464871 
 ----> 6.6#11.9#4.0#14.0#VAR 424 1 0.519546 0.480454 
 ----> 6.6#11.9#4.0#14.0#VAR 425 1 0.508627 0.491373 
 ----> 6.6#11.9#4.0#14.0#VAR 426 1 0.527232 0.472768 
 ----> 6.6#11.9#4.0#14.0#VAR 427 0 0.508687 0.491313 
 ----> 6.6#11.9#4.0#14.0#VAR 428 0 0.510419 0.489581 
 ----> 6.6#11.9#4.0#14.0#VAR 429 1 0.490857 0.509143 
 ----> 6.6#11.9#4.0#14.0#VAR 430 0 0.509378 0.490622 
 ----> 6.6#11.9#4.0#14.0#VAR 431 0 0.534343 0.465657 
 ----> 6.6#11.9#4.0#14.0#VAR 432 0 0.543819 0.456181 
 ----> 6.6#11.9#4.0#14.0#VAR 433 1 0.51024 0.48976 
 ----> 6.6#11.9#4.0#14.0#VAR 434 0 0.535749 0.464251 
 ----> 6.6#11.9#4.0#14.0#VAR 435 1 0.512889 0.487111 
 ----> 6.6#11.9#4.0#14.0#VAR 436 1 0.50625 0.49375 
 ----> 6.6#11.9#4.0#14.0#VAR 437 0 0.500133 0.499867 
 ----> 6.6#11.9#4.0#14.0#VAR 438 0 0.523157 0.476843 
 ----> 6.6#11.9#4.0#14.0#VAR 439 0 0.522366 0.477634 
 ----> 6.6#11.9#4.0#14.0#VAR 440 0 0.532261 0.467739 
 ----> 6.6#11.9#4.0#14.0#VAR 441 1 0.499066 0.500934 
 ----> 6.6#11.9#4.0#14.0#VAR 442 1 0.497522 0.502478 
 ----> 6.6#11.9#4.0#14.0#VAR 443 1 0.5032 0.4968 
 ----> 6.6#11.9#4.0#14.0#VAR 444 1 0.508818 0.491182 
 ----> 6.6#11.9#4.0#14.0#VAR 445 1 0.506451 0.493549 
 ----> 6.6#11.9#4.0#14.0#VAR 446 0 0.514643 0.485357 
 ----> 6.6#11.9#4.0#14.0#VAR 447 1 0.507836 0.492164 
 ----> 6.6#11.9#4.0#14.0#VAR 448 1 0.493447 0.506553 
 ----> 6.6#11.9#4.0#14.0#VAR 449 0 0.521597 0.478403 
 ----> 6.6#11.9#4.0#14.0#VAR 450 1 0.514908 0.485092 
 ----> 6.6#11.9#4.0#14.0#VAR 451 0 0.519415 0.480585 
 ----> 6.6#11.9#4.0#14.0#VAR 452 0 0.504474 0.495526 
 ----> 6.6#11.9#4.0#14.0#VAR 453 0 0.521067 0.478933 
 ----> 6.6#11.9#4.0#14.0#VAR 454 1 0.507042 0.492958 
 ----> 6.6#11.9#4.0#14.0#VAR 455 0 0.514516 0.485484 
 ----> 6.6#11.9#4.0#14.0#VAR 456 1 0.508721 0.491279 
 ----> 6.6#11.9#4.0#14.0#VAR 457 0 0.530755 0.469245 
 ----> 6.6#11.9#4.0#14.0#VAR 458 0 0.533866 0.466134 
 ----> 6.6#11.9#4.0#14.0#VAR 459 0 0.529574 0.470426 
 ----> 6.6#11.9#4.0#14.0#VAR 460 0 0.519501 0.480499 
 ----> 6.6#11.9#4.0#14.0#VAR 461 0 0.512673 0.487327 
 ----> 6.6#11.9#4.0#14.0#VAR 462 1 0.511363 0.488637 
 ----> 6.6#11.9#4.0#14.0#VAR 463 0 0.527115 0.472885 
 ----> 6.6#11.9#4.0#14.0#VAR 464 0 0.505121 0.494879 
 ----> 6.6#11.9#4.0#14.0#VAR 465 0 0.525396 0.474604 
 ----> 6.6#11.9#4.0#14.0#VAR 466 0 0.537969 0.462031 
 ----> 6.6#11.9#4.0#14.0#VAR 467 0 0.51841 0.48159 
 ----> 6.6#11.9#4.0#14.0#VAR 468 0 0.539128 0.460872 
 ----> 6.6#11.9#4.0#14.0#VAR 469 1 0.502341 0.497659 
 ----> 6.6#11.9#4.0#14.0#VAR 470 1 0.50828 0.49172 
 ----> 6.6#11.9#4.0#14.0#VAR 471 1 0.50967 0.49033 
 ----> 6.6#11.9#4.0#14.0#VAR 472 1 0.520341 0.479659 
 ----> 6.6#11.9#4.0#14.0#VAR 473 0 0.5098 0.4902 
 ----> 6.6#11.9#4.0#14.0#VAR 474 1 0.511316 0.488684 
 ----> 6.6#11.9#4.0#14.0#VAR 475 1 0.513687 0.486313 
 ----> 6.6#11.9#4.0#14.0#VAR 476 0 0.53016 0.46984 
 ----> 6.6#11.9#4.0#14.0#VAR 477 0 0.515467 0.484533 
 ----> 6.6#11.9#4.0#14.0#VAR 478 1 0.518661 0.481339 
 ----> 6.6#11.9#4.0#14.0#VAR 479 0 0.524848 0.475152 
 ----> 6.6#11.9#4.0#14.0#VAR 480 0 0.532236 0.467764 
 ----> 6.6#11.9#4.0#14.0#VAR 481 1 0.518586 0.481414 
 ----> 6.6#11.9#4.0#14.0#VAR 482 0 0.506787 0.493213 
 ----> 6.6#11.9#4.0#14.0#VAR 483 1 0.496439 0.503561 
 ----> 6.6#11.9#4.0#14.0#VAR 484 0 0.506421 0.493579 
 ----> 6.6#11.9#4.0#14.0#VAR 485 0 0.511151 0.488849 
 ----> 6.6#11.9#4.0#14.0#VAR 486 0 0.516769 0.483231 
 ----> 6.6#11.9#4.0#14.0#VAR 487 0 0.504199 0.495801 
 ----> 6.6#11.9#4.0#14.0#VAR 488 0 0.507076 0.492924 
 ----> 6.6#11.9#4.0#14.0#VAR 489 1 0.49809 0.50191 
 ----> 6.6#11.9#4.0#14.0#VAR 490 1 0.505218 0.494782 
 ----> 6.6#11.9#4.0#14.0#VAR 491 1 0.509402 0.490598 
 ----> 6.6#11.9#4.0#14.0#VAR 492 0 0.51032 0.48968 
 ----> 6.6#11.9#4.0#14.0#VAR 493 1 0.49334 0.50666 
 ----> 6.6#11.9#4.0#14.0#VAR 494 0 0.524456 0.475544 
 ----> 6.6#11.9#4.0#14.0#VAR 495 0 0.52894 0.47106 
 ----> 6.6#11.9#4.0#14.0#VAR 496 0 0.523914 0.476086 
 ----> 6.6#11.9#4.0#14.0#VAR 497 0 0.52495 0.47505 
 ----> 6.6#11.9#4.0#14.0#VAR 498 1 0.51231 0.48769 
 ----> 6.6#11.9#4.0#14.0#VAR 499 1 0.50392 0.49608 
 ----> 6.6#11.9#4.0#14.0#VAR 500 0 0.521577 0.478423 
 ----> 6.6#11.9#4.0#14.0#VAR 501 1 0.507236 0.492764 
 ----> 6.6#11.9#4.0#14.0#VAR 502 0 0.536732 0.463268 
 ----> 6.6#11.9#4.0#14.0#VAR 503 0 0.520025 0.479975 
 ----> 6.6#11.9#4.0#14.0#VAR 504 0 0.52683 0.47317 
 ----> 6.6#11.9#4.0#14.0#VAR 505 0 0.52252 0.47748 
 ----> 6.6#11.9#4.0#14.0#VAR 506 0 0.5385 0.4615 
 ----> 6.6#11.9#4.0#14.0#VAR 507 0 0.519437 0.480563 
 ----> 6.6#11.9#4.0#14.0#VAR 508 0 0.537815 0.462185 
 ----> 6.6#11.9#4.0#14.0#VAR 509 1 0.514698 0.485302 
 ----> 6.6#11.9#4.0#14.0#VAR 510 0 0.524736 0.475264 
 ----> 6.6#11.9#4.0#14.0#VAR 511 0 0.537853 0.462147 
 ----> 6.6#11.9#4.0#14.0#VAR 512 0 0.51566 0.48434 
 ----> 6.6#11.9#4.0#14.0#VAR 513 0 0.527773 0.472227 
 ----> 6.6#11.9#4.0#14.0#VAR 514 0 0.544052 0.455948 
 ----> 6.6#11.9#4.0#14.0#VAR 515 0 0.525926 0.474074 
 ----> 6.6#11.9#4.0#14.0#VAR 516 1 0.513066 0.486934 
 ----> 6.6#11.9#4.0#14.0#VAR 517 0 0.534721 0.465279 
 ----> 6.6#11.9#4.0#14.0#VAR 518 0 0.521587 0.478413 
 ----> 6.6#11.9#4.0#14.0#VAR 519 0 0.518985 0.481015 
 ----> 6.6#11.9#4.0#14.0#VAR 520 0 0.526801 0.473199 
 ----> 6.6#11.9#4.0#14.0#VAR 521 0 0.519452 0.480548 
 ----> 6.6#11.9#4.0#14.0#VAR 522 0 0.532506 0.467494 
 ----> 6.6#11.9#4.0#14.0#VAR 523 0 0.521666 0.478334 
 ----> 6.6#11.9#4.0#14.0#VAR 524 1 0.515692 0.484308 
 ----> 6.6#11.9#4.0#14.0#VAR 525 0 0.516417 0.483583 
 ----> 6.6#11.9#4.0#14.0#VAR 526 0 0.527123 0.472877 
 ----> 6.6#11.9#4.0#14.0#VAR 527 0 0.524592 0.475408 
 ----> 6.6#11.9#4.0#14.0#VAR 528 1 0.511378 0.488622 
 ----> 6.6#11.9#4.0#14.0#VAR 529 0 0.529696 0.470304 
 ----> 6.6#11.9#4.0#14.0#VAR 530 1 0.522157 0.477843 
 ----> 6.6#11.9#4.0#14.0#VAR 531 1 0.512102 0.487898 
 ----> 6.6#11.9#4.0#14.0#VAR 532 1 0.507786 0.492214 
 ----> 6.6#11.9#4.0#14.0#VAR 533 1 0.513896 0.486104 
 ----> 6.6#11.9#4.0#14.0#VAR 534 1 0.514306 0.485694 
 ----> 6.6#11.9#4.0#14.0#VAR 535 0 0.526695 0.473305 
 ----> 6.6#11.9#4.0#14.0#VAR 536 1 0.506877 0.493123 
 ----> 6.6#11.9#4.0#14.0#VAR 537 0 0.525501 0.474499 
 ----> 6.6#11.9#4.0#14.0#VAR 538 0 0.522895 0.477105 
 ----> 6.6#11.9#4.0#14.0#VAR 539 0 0.517921 0.482079 
 ----> 6.6#11.9#4.0#14.0#VAR 540 0 0.533565 0.466435 
 ----> 6.6#11.9#4.0#14.0#VAR 541 0 0.524504 0.475496 
 ----> 6.6#11.9#4.0#14.0#VAR 542 0 0.538481 0.461519 
 ----> 6.6#11.9#4.0#14.0#VAR 543 0 0.533354 0.466646 
 ----> 6.6#11.9#4.0#14.0#VAR 544 0 0.52832 0.47168 
 ----> 6.6#11.9#4.0#14.0#VAR 545 0 0.506219 0.493781 
 ----> 6.6#11.9#4.0#14.0#VAR 546 0 0.534538 0.465462 
 ----> 6.6#11.9#4.0#14.0#VAR 547 1 0.510267 0.489733 
 ----> 6.6#11.9#4.0#14.0#VAR 548 1 0.524465 0.475535 
 ----> 6.6#11.9#4.0#14.0#VAR 549 0 0.53439 0.46561 
 ----> 6.6#11.9#4.0#14.0#VAR 550 0 0.520915 0.479085 
 ----> 6.6#11.9#4.0#14.0#VAR 551 0 0.537681 0.462319 
 ----> 6.6#11.9#4.0#14.0#VAR 552 0 0.524204 0.475796 
 ----> 6.6#11.9#4.0#14.0#VAR 553 1 0.520979 0.479021 
 ----> 6.6#11.9#4.0#14.0#VAR 554 0 0.515246 0.484754 
 ----> 6.6#11.9#4.0#14.0#VAR 555 0 0.519562 0.480438 
 ----> 6.6#11.9#4.0#14.0#VAR 556 0 0.525975 0.474025 
 ----> 6.6#11.9#4.0#14.0#VAR 557 1 0.516107 0.483893 
 ----> 6.6#11.9#4.0#14.0#VAR 558 0 0.534868 0.465132 
 ----> 6.6#11.9#4.0#14.0#VAR 559 0 0.529019 0.470981 
 ----> 6.6#11.9#4.0#14.0#VAR 560 0 0.526305 0.473695 
 ----> 6.6#11.9#4.0#14.0#VAR 561 0 0.530409 0.469591 
 ----> 6.6#11.9#4.0#14.0#VAR 562 1 0.521357 0.478643 
 ----> 6.6#11.9#4.0#14.0#VAR 563 1 0.525973 0.474027 
 ----> 6.6#11.9#4.0#14.0#VAR 564 0 0.523956 0.476044 
 ----> 6.6#11.9#4.0#14.0#VAR 565 0 0.511303 0.488697 
 ----> 6.6#11.9#4.0#14.0#VAR 566 0 0.518511 0.481489 
 ----> 6.6#11.9#4.0#14.0#VAR 567 0 0.52249 0.47751 
 ----> 6.6#11.9#4.0#14.0#VAR 568 0 0.521727 0.478273 
 ----> 6.6#11.9#4.0#14.0#VAR 569 1 0.504607 0.495393 
 ----> 6.6#11.9#4.0#14.0#VAR 570 0 0.519659 0.480341 
 ----> 6.6#11.9#4.0#14.0#VAR 571 0 0.524197 0.475803 
 ----> 6.6#11.9#4.0#14.0#VAR 572 0 0.522263 0.477737 
 ----> 6.6#11.9#4.0#14.0#VAR 573 0 0.524506 0.475494 
 ----> 6.6#11.9#4.0#14.0#VAR 574 1 0.516773 0.483227 
 ----> 6.6#11.9#4.0#14.0#VAR 575 0 0.526222 0.473778 
 ----> 6.6#11.9#4.0#14.0#VAR 576 0 0.526247 0.473753 
 ----> 6.6#11.9#4.0#14.0#VAR 577 0 0.526004 0.473996 
 ----> 6.6#11.9#4.0#14.0#VAR 578 0 0.521371 0.478629 
 ----> 6.6#11.9#4.0#14.0#VAR 579 0 0.532281 0.467719 
 ----> 6.6#11.9#4.0#14.0#VAR 580 0 0.527036 0.472964 
 ----> 6.6#11.9#4.0#14.0#VAR 581 0 0.505824 0.494176 
 ----> 6.6#11.9#4.0#14.0#VAR 582 1 0.509844 0.490156 
 ----> 6.6#11.9#4.0#14.0#VAR 583 0 0.532464 0.467536 
 ----> 6.6#11.9#4.0#14.0#VAR 584 0 0.532442 0.467558 
 ----> 6.6#11.9#4.0#14.0#VAR 585 0 0.52887 0.47113 
 ----> 6.6#11.9#4.0#14.0#VAR 586 0 0.530941 0.469059 
 ----> 6.6#11.9#4.0#14.0#VAR 587 0 0.523043 0.476957 
 ----> 6.6#11.9#4.0#14.0#VAR 588 0 0.531479 0.468521 
 ----> 6.6#11.9#4.0#14.0#VAR 589 1 0.505537 0.494463 
 ----> 6.6#11.9#4.0#14.0#VAR 590 0 0.513524 0.486476 
 ----> 6.6#11.9#4.0#14.0#VAR 591 0 0.525807 0.474193 
 ----> 6.6#11.9#4.0#14.0#VAR 592 0 0.525062 0.474938 
 ----> 6.6#11.9#4.0#14.0#VAR 593 1 0.508609 0.491391 
 ----> 6.6#11.9#4.0#14.0#VAR 594 0 0.527822 0.472178 
 ----> 6.6#11.9#4.0#14.0#VAR 595 1 0.517831 0.482169 
 ----> 6.6#11.9#4.0#14.0#VAR 596 0 0.518996 0.481004 
 ----> 6.6#11.9#4.0#14.0#VAR 597 1 0.51371 0.48629 
 ----> 6.6#11.9#4.0#14.0#VAR 598 0 0.510445 0.489555 
 ----> 6.6#11.9#4.0#14.0#VAR 599 1 0.511109 0.488891 
 ----> 6.6#11.9#4.0#14.0#VAR 600 0 0.516882 0.483118 
 ----> 6.6#11.9#4.0#14.0#VAR 601 0 0.52067 0.47933 
 ----> 6.6#11.9#4.0#14.0#VAR 602 0 0.521391 0.478609 
 ----> 6.6#11.9#4.0#14.0#VAR 603 1 0.50082 0.49918 
 ----> 6.6#11.9#4.0#14.0#VAR 604 0 0.525732 0.474268 
 ----> 6.6#11.9#4.0#14.0#VAR 605 0 0.516715 0.483285 
 ----> 6.6#11.9#4.0#14.0#VAR 606 0 0.525017 0.474983 
 ----> 6.6#11.9#4.0#14.0#VAR 607 0 0.522864 0.477136 
 ----> 6.6#11.9#4.0#14.0#VAR 608 0 0.511363 0.488637 
 ----> 6.6#11.9#4.0#14.0#VAR 609 0 0.528226 0.471774 
 ----> 6.6#11.9#4.0#14.0#VAR 610 1 0.517301 0.482699 
 ----> 6.6#11.9#4.0#14.0#VAR 611 1 0.525542 0.474458 
 ----> 6.6#11.9#4.0#14.0#VAR 612 0 0.533588 0.466412 
 ----> 6.6#11.9#4.0#14.0#VAR 613 0 0.538516 0.461484 
 ----> 6.6#11.9#4.0#14.0#VAR 614 1 0.517653 0.482347 
 ----> 6.6#11.9#4.0#14.0#VAR 615 0 0.523584 0.476416 
 ----> 6.6#11.9#4.0#14.0#VAR 616 0 0.523993 0.476007 
 ----> 6.6#11.9#4.0#14.0#VAR 617 1 0.512917 0.487083 
 ----> 6.6#11.9#4.0#14.0#VAR 618 0 0.52031 0.47969 
 ----> 6.6#11.9#4.0#14.0#VAR 619 1 0.518525 0.481475 
 ----> 6.6#11.9#4.0#14.0#VAR 620 1 0.516817 0.483183 
 ----> 6.6#11.9#4.0#14.0#VAR 621 0 0.527369 0.472631 
 ----> 6.6#11.9#4.0#14.0#VAR 622 0 0.523137 0.476863 
 ----> 6.6#11.9#4.0#14.0#VAR 623 0 0.521016 0.478984 
 ----> 6.6#11.9#4.0#14.0#VAR 624 0 0.535535 0.464465 
 ----> 6.6#11.9#4.0#14.0#VAR 625 0 0.52717 0.47283 
 ----> 6.6#11.9#4.0#14.0#VAR 626 1 0.513467 0.486533 
 ----> 6.6#11.9#4.0#14.0#VAR 627 1 0.515185 0.484815 
 ----> 6.6#11.9#4.0#14.0#VAR 628 1 0.520418 0.479582 
 ----> 6.6#11.9#4.0#14.0#VAR 629 0 0.517727 0.482273 
 ----> 6.6#11.9#4.0#14.0#VAR 630 0 0.531326 0.468674 
 ----> 6.6#11.9#4.0#14.0#VAR 631 0 0.542869 0.457131 
 ----> 6.6#11.9#4.0#14.0#VAR 632 0 0.537573 0.462427 
 ----> 6.6#11.9#4.0#14.0#VAR 633 0 0.528118 0.471882 
 ----> 6.6#11.9#4.0#14.0#VAR 634 1 0.535736 0.464264 
 ----> 6.6#11.9#4.0#14.0#VAR 635 1 0.521201 0.478799 
 ----> 6.6#11.9#4.0#14.0#VAR 636 0 0.531775 0.468225 
 ----> 6.6#11.9#4.0#14.0#VAR 637 1 0.521019 0.478981 
 ----> 6.6#11.9#4.0#14.0#VAR 638 1 0.522556 0.477444 
 ----> 6.6#11.9#4.0#14.0#VAR 639 0 0.528195 0.471805 
 ----> 6.6#11.9#4.0#14.0#VAR 640 0 0.530291 0.469709 
 ----> 6.6#11.9#4.0#14.0#VAR 641 1 0.521169 0.478831 
 ----> 6.6#11.9#4.0#14.0#VAR 642 0 0.530733 0.469267 
 ----> 6.6#11.9#4.0#14.0#VAR 643 0 0.519243 0.480757 
 ----> 6.6#11.9#4.0#14.0#VAR 644 0 0.526112 0.473888 
 ----> 6.6#11.9#4.0#14.0#VAR 645 1 0.515254 0.484746 
 ----> 6.6#11.9#4.0#14.0#VAR 646 0 0.531586 0.468414 
 ----> 6.6#11.9#4.0#14.0#VAR 647 0 0.524259 0.475741 
 ----> 6.6#11.9#4.0#14.0#VAR 648 0 0.526218 0.473782 
 ----> 6.6#11.9#4.0#14.0#VAR 649 0 0.521841 0.478159 
 ----> 6.6#11.9#4.0#14.0#VAR 650 0 0.520405 0.479595 
 ----> 6.6#11.9#4.0#14.0#VAR 651 0 0.51911 0.48089 
 ----> 6.6#11.9#4.0#14.0#VAR 652 1 0.516804 0.483196 
 ----> 6.6#11.9#4.0#14.0#VAR 653 0 0.511875 0.488125 
 ----> 6.6#11.9#4.0#14.0#VAR 654 0 0.520532 0.479468 
 ----> 6.6#11.9#4.0#14.0#VAR 655 0 0.525103 0.474897 
 ----> 6.6#11.9#4.0#14.0#VAR 656 0 0.516546 0.483454 
 ----> 6.6#11.9#4.0#14.0#VAR 657 0 0.524082 0.475918 
 ----> 6.6#11.9#4.0#14.0#VAR 658 0 0.527184 0.472816 
 ----> 6.6#11.9#4.0#14.0#VAR 659 0 0.533592 0.466408 
 ----> 6.6#11.9#4.0#14.0#VAR 660 1 0.517275 0.482725 
 ----> 6.6#11.9#4.0#14.0#VAR 661 1 0.52007 0.47993 
 ----> 6.6#11.9#4.0#14.0#VAR 662 0 0.526762 0.473238 
 ----> 6.6#11.9#4.0#14.0#VAR 663 1 0.520518 0.479482 
 ----> 6.6#11.9#4.0#14.0#VAR 664 1 0.521037 0.478963 
 ----> 6.6#11.9#4.0#14.0#VAR 665 0 0.520372 0.479628 
 ----> 6.6#11.9#4.0#14.0#VAR 666 0 0.515509 0.484491 
 ----> 6.6#11.9#4.0#14.0#VAR 667 0 0.522016 0.477984 
 ----> 6.6#11.9#4.0#14.0#VAR 668 0 0.516334 0.483666 
 ----> 6.6#11.9#4.0#14.0#VAR 669 0 0.516973 0.483027 
 ----> 6.6#11.9#4.0#14.0#VAR 670 1 0.513956 0.486044 
 ----> 6.6#11.9#4.0#14.0#VAR 671 0 0.502999 0.497001 
 ----> 6.6#11.9#4.0#14.0#VAR 672 1 0.512317 0.487683 
 ----> 6.6#11.9#4.0#14.0#VAR 673 0 0.51295 0.48705 
 ----> 6.6#11.9#4.0#14.0#VAR 674 0 0.522987 0.477013 
 ----> 6.6#11.9#4.0#14.0#VAR 675 0 0.509945 0.490055 
 ----> 6.6#11.9#4.0#14.0#VAR 676 0 0.529358 0.470642 
 ----> 6.6#11.9#4.0#14.0#VAR 677 0 0.521811 0.478189 
 ----> 6.6#11.9#4.0#14.0#VAR 678 0 0.525008 0.474992 
 ----> 6.6#11.9#4.0#14.0#VAR 679 1 0.504435 0.495565 
 ----> 6.6#11.9#4.0#14.0#VAR 680 1 0.504543 0.495457 
 ----> 6.6#11.9#4.0#14.0#VAR 681 1 0.491353 0.508647 
 ----> 6.6#11.9#4.0#14.0#VAR 682 0 0.527623 0.472377 
 ----> 6.6#11.9#4.0#14.0#VAR 683 1 0.48243 0.51757 
 ----> 6.6#11.9#4.0#14.0#VAR 684 0 0.524255 0.475745 
 ----> 6.6#11.9#4.0#14.0#VAR 685 0 0.519222 0.480778 
 ----> 6.6#11.9#4.0#14.0#VAR 686 0 0.509191 0.490809 
 ----> 6.6#11.9#4.0#14.0#VAR 687 0 0.513491 0.486509 
 ----> 6.6#11.9#4.0#14.0#VAR 688 0 0.525505 0.474495 
 ----> 6.6#11.9#4.0#14.0#VAR 689 1 0.510032 0.489968 
 ----> 6.6#11.9#4.0#14.0#VAR 690 1 0.52716 0.47284 
 ----> 6.6#11.9#4.0#14.0#VAR 691 1 0.51392 0.48608 
 ----> 6.6#11.9#4.0#14.0#VAR 692 1 0.514957 0.485043 
 ----> 6.6#11.9#4.0#14.0#VAR 693 0 0.505918 0.494082 
 ----> 6.6#11.9#4.0#14.0#VAR 694 1 0.506549 0.493451 
 ----> 6.6#11.9#4.0#14.0#VAR 695 0 0.498688 0.501312 
 ----> 6.6#11.9#4.0#14.0#VAR 696 1 0.505475 0.494525 
 ----> 6.6#11.9#4.0#14.0#VAR 697 0 0.519767 0.480233 
 ----> 6.6#11.9#4.0#14.0#VAR 698 1 0.493259 0.506741 
 ----> 6.6#11.9#4.0#14.0#VAR 699 0 0.51633 0.48367 
 ----> 6.6#11.9#4.0#14.0#VAR 700 0 0.533759 0.466241 
 ----> 6.6#11.9#4.0#14.0#VAR 701 0 0.512171 0.487829 
 ----> 6.6#11.9#4.0#14.0#VAR 702 1 0.491855 0.508145 
 ----> 6.6#11.9#4.0#14.0#VAR 703 0 0.5221 0.4779 
 ----> 6.6#11.9#4.0#14.0#VAR 704 0 0.510493 0.489507 
 ----> 6.6#11.9#4.0#14.0#VAR 705 0 0.517146 0.482854 
 ----> 6.6#11.9#4.0#14.0#VAR 706 0 0.517466 0.482534 
 ----> 6.6#11.9#4.0#14.0#VAR 707 0 0.510337 0.489663 
 ----> 6.6#11.9#4.0#14.0#VAR 708 0 0.515271 0.484729 
 ----> 6.6#11.9#4.0#14.0#VAR 709 0 0.517547 0.482453 
 ----> 6.6#11.9#4.0#14.0#VAR 710 0 0.521796 0.478204 
 ----> 6.6#11.9#4.0#14.0#VAR 711 1 0.492048 0.507952 
 ----> 6.6#11.9#4.0#14.0#VAR 712 0 0.51763 0.48237 
 ----> 6.6#11.9#4.0#14.0#VAR 713 0 0.51372 0.48628 
 ----> 6.6#11.9#4.0#14.0#VAR 714 1 0.516774 0.483226 
 ----> 6.6#11.9#4.0#14.0#VAR 715 0 0.505615 0.494385 
 ----> 6.6#11.9#4.0#14.0#VAR 716 0 0.532193 0.467807 
 ----> 6.6#11.9#4.0#14.0#VAR 717 1 0.511961 0.488039 
 ----> 6.6#11.9#4.0#14.0#VAR 718 1 0.515034 0.484966 
 ----> 6.6#11.9#4.0#14.0#VAR 719 0 0.518771 0.481229 
 ----> 6.6#11.9#4.0#14.0#VAR 720 1 0.510503 0.489497 
 ----> 6.6#11.9#4.0#14.0#VAR 721 1 0.520168 0.479832 
 ----> 6.6#11.9#4.0#14.0#VAR 722 0 0.516576 0.483424 
 ----> 6.6#11.9#4.0#14.0#VAR 723 0 0.514494 0.485506 
 ----> 6.6#11.9#4.0#14.0#VAR 724 0 0.519174 0.480826 
 ----> 6.6#11.9#4.0#14.0#VAR 725 0 0.517242 0.482758 
 ----> 6.6#11.9#4.0#14.0#VAR 726 0 0.515868 0.484132 
 ----> 6.6#11.9#4.0#14.0#VAR 727 0 0.518584 0.481416 
 ----> 6.6#11.9#4.0#14.0#VAR 728 1 0.521897 0.478103 
 ----> 6.6#11.9#4.0#14.0#VAR 729 1 0.521902 0.478098 
 ----> 6.6#11.9#4.0#14.0#VAR 730 0 0.529936 0.470064 
 ----> 6.6#11.9#4.0#14.0#VAR 731 1 0.50009 0.49991 
 ----> 6.6#11.9#4.0#14.0#VAR 732 0 0.519295 0.480705 
 ----> 6.6#11.9#4.0#14.0#VAR 733 0 0.521185 0.478815 
 ----> 6.6#11.9#4.0#14.0#VAR 734 0 0.513083 0.486917 
 ----> 6.6#11.9#4.0#14.0#VAR 735 0 0.512579 0.487421 
 ----> 6.6#11.9#4.0#14.0#VAR 736 0 0.509951 0.490049 
 ----> 6.6#11.9#4.0#14.0#VAR 737 1 0.519604 0.480396 
 ----> 6.6#11.9#4.0#14.0#VAR 738 1 0.510447 0.489553 
 ----> 6.6#11.9#4.0#14.0#VAR 739 1 0.519513 0.480487 
 ----> 6.6#11.9#4.0#14.0#VAR 740 1 0.505413 0.494587 
 ----> 6.6#11.9#4.0#14.0#VAR 741 0 0.520301 0.479699 
 ----> 6.6#11.9#4.0#14.0#VAR 742 0 0.523729 0.476271 
 ----> 6.6#11.9#4.0#14.0#VAR 743 1 0.501586 0.498414 
 ----> 6.6#11.9#4.0#14.0#VAR 744 0 0.503295 0.496705 
 ----> 6.6#11.9#4.0#14.0#VAR 745 1 0.512573 0.487427 
 ----> 6.6#11.9#4.0#14.0#VAR 746 0 0.52318 0.47682 
 ----> 6.6#11.9#4.0#14.0#VAR 747 0 0.508965 0.491035 
 ----> 6.6#11.9#4.0#14.0#VAR 748 0 0.508017 0.491983 
 ----> 6.6#11.9#4.0#14.0#VAR 749 0 0.51432 0.48568 
 ----> 6.6#11.9#4.0#14.0#VAR 750 1 0.504497 0.495503 
 ----> 6.6#11.9#4.0#14.0#VAR 751 0 0.512645 0.487355 
 ----> 6.6#11.9#4.0#14.0#VAR 752 0 0.519422 0.480578 
 ----> 6.6#11.9#4.0#14.0#VAR 753 0 0.518104 0.481896 
 ----> 6.6#11.9#4.0#14.0#VAR 754 0 0.508394 0.491606 
 ----> 6.6#11.9#4.0#14.0#VAR 755 0 0.506349 0.493651 
 ----> 6.6#11.9#4.0#14.0#VAR 756 1 0.493573 0.506427 
 ----> 6.6#11.9#4.0#14.0#VAR 757 1 0.508304 0.491696 
 ----> 6.6#11.9#4.0#14.0#VAR 758 1 0.497638 0.502362 
 ----> 6.6#11.9#4.0#14.0#VAR 759 0 0.512501 0.487499 
 ----> 6.6#11.9#4.0#14.0#VAR 760 0 0.500614 0.499386 
 ----> 6.6#11.9#4.0#14.0#VAR 761 1 0.51559 0.48441 
 ----> 6.6#11.9#4.0#14.0#VAR 762 1 0.520374 0.479626 
 ----> 6.6#11.9#4.0#14.0#VAR 763 1 0.506607 0.493393 
 ----> 6.6#11.9#4.0#14.0#VAR 764 0 0.508676 0.491324 
 ----> 6.6#11.9#4.0#14.0#VAR 765 1 0.506583 0.493417 
 ----> 6.6#11.9#4.0#14.0#VAR 766 1 0.501153 0.498847 
 ----> 6.6#11.9#4.0#14.0#VAR 767 1 0.511663 0.488337 
 ----> 6.6#11.9#4.0#14.0#VAR 768 1 0.496067 0.503933 
 ----> 6.6#11.9#4.0#14.0#VAR 769 0 0.515259 0.484741 
 ----> 6.6#11.9#4.0#14.0#VAR 770 0 0.517123 0.482877 
 ----> 6.6#11.9#4.0#14.0#VAR 771 0 0.526801 0.473199 
 ----> 6.6#11.9#4.0#14.0#VAR 772 0 0.530705 0.469295 
 ----> 6.6#11.9#4.0#14.0#VAR 773 1 0.508134 0.491866 
 ----> 6.6#11.9#4.0#14.0#VAR 774 0 0.516506 0.483494 
 ----> 6.6#11.9#4.0#14.0#VAR 775 1 0.510662 0.489338 
 ----> 6.6#11.9#4.0#14.0#VAR 776 0 0.523937 0.476063 
 ----> 6.6#11.9#4.0#14.0#VAR 777 0 0.519421 0.480579 
 ----> 6.6#11.9#4.0#14.0#VAR 778 0 0.52518 0.47482 
 ----> 6.6#11.9#4.0#14.0#VAR 779 1 0.508296 0.491704 
 ----> 6.6#11.9#4.0#14.0#VAR 780 1 0.508906 0.491094 
 ----> 6.6#11.9#4.0#14.0#VAR 781 1 0.515809 0.484191 
 ----> 6.6#11.9#4.0#14.0#VAR 782 1 0.506211 0.493789 
 ----> 6.6#11.9#4.0#14.0#VAR 783 0 0.495676 0.504324 
 ----> 6.6#11.9#4.0#14.0#VAR 784 0 0.498675 0.501325 
 ----> 6.6#11.9#4.0#14.0#VAR 785 1 0.503541 0.496459 
 ----> 6.6#11.9#4.0#14.0#VAR 786 0 0.505487 0.494513 
 ----> 6.6#11.9#4.0#14.0#VAR 787 1 0.508792 0.491208 
 ----> 6.6#11.9#4.0#14.0#VAR 788 0 0.507215 0.492785 
 ----> 6.6#11.9#4.0#14.0#VAR 789 1 0.482514 0.517486 
 ----> 6.6#11.9#4.0#14.0#VAR 790 1 0.505349 0.494651 
 ----> 6.6#11.9#4.0#14.0#VAR 791 1 0.498865 0.501135 
 ----> 6.6#11.9#4.0#14.0#VAR 792 1 0.49969 0.50031 
 ----> 6.6#11.9#4.0#14.0#VAR 793 1 0.503435 0.496565 
 ----> 6.6#11.9#4.0#14.0#VAR 794 1 0.504493 0.495507 
 ----> 6.6#11.9#4.0#14.0#VAR 795 1 0.491971 0.508029 
 ----> 6.6#11.9#4.0#14.0#VAR 796 1 0.481587 0.518413 
 ----> 6.6#11.9#4.0#14.0#VAR 797 0 0.504118 0.495882 
 ----> 6.6#11.9#4.0#14.0#VAR 798 0 0.511447 0.488553 
 ----> 6.6#11.9#4.0#14.0#VAR 799 0 0.489851 0.510149 
 ----> 6.6#11.9#4.0#14.0#VAR 800 1 0.490649 0.509351 
 ----> 6.6#11.9#4.0#14.0#VAR 801 1 0.501434 0.498566 
 ----> 6.6#11.9#4.0#14.0#VAR 802 1 0.515801 0.484199 
 ----> 6.6#11.9#4.0#14.0#VAR 803 1 0.497558 0.502442 
 ----> 6.6#11.9#4.0#14.0#VAR 804 1 0.515088 0.484912 
 ----> 6.6#11.9#4.0#14.0#VAR 805 0 0.505681 0.494319 
 ----> 6.6#11.9#4.0#14.0#VAR 806 1 0.486419 0.513581 
 ----> 6.6#11.9#4.0#14.0#VAR 807 1 0.500757 0.499243 
 ----> 6.6#11.9#4.0#14.0#VAR 808 0 0.512814 0.487186 
 ----> 6.6#11.9#4.0#14.0#VAR 809 0 0.500693 0.499307 
 ----> 6.6#11.9#4.0#14.0#VAR 810 1 0.508988 0.491012 
 ----> 6.6#11.9#4.0#14.0#VAR 811 1 0.487977 0.512023 
 ----> 6.6#11.9#4.0#14.0#VAR 812 0 0.508361 0.491639 
 ----> 6.6#11.9#4.0#14.0#VAR 813 1 0.489831 0.510169 
 ----> 6.6#11.9#4.0#14.0#VAR 814 1 0.492208 0.507792 
 ----> 6.6#11.9#4.0#14.0#VAR 815 1 0.491665 0.508335 
 ----> 6.6#11.9#4.0#14.0#VAR 816 0 0.525061 0.474939 
 ----> 6.6#11.9#4.0#14.0#VAR 817 1 0.485834 0.514166 
 ----> 6.6#11.9#4.0#14.0#VAR 818 1 0.508676 0.491324 
 ----> 6.6#11.9#4.0#14.0#VAR 819 1 0.501741 0.498259 
 ----> 6.6#11.9#4.0#14.0#VAR 820 1 0.497385 0.502615 
 ----> 6.6#11.9#4.0#14.0#VAR 821 0 0.508599 0.491401 
 ----> 6.6#11.9#4.0#14.0#VAR 822 1 0.49794 0.50206 
 ----> 6.6#11.9#4.0#14.0#VAR 823 0 0.510536 0.489464 
 ----> 6.6#11.9#4.0#14.0#VAR 824 0 0.520268 0.479732 
 ----> 6.6#11.9#4.0#14.0#VAR 825 0 0.500438 0.499562 
 ----> 6.6#11.9#4.0#14.0#VAR 826 1 0.505043 0.494957 
 ----> 6.6#11.9#4.0#14.0#VAR 827 0 0.49448 0.50552 
 ----> 6.6#11.9#4.0#14.0#VAR 828 0 0.524845 0.475155 
 ----> 6.6#11.9#4.0#14.0#VAR 829 1 0.512074 0.487926 
 ----> 6.6#11.9#4.0#14.0#VAR 830 1 0.506763 0.493237 
 ----> 6.6#11.9#4.0#14.0#VAR 831 0 0.504273 0.495727 
 ----> 6.6#11.9#4.0#14.0#VAR 832 1 0.498243 0.501757 
 ----> 6.6#11.9#4.0#14.0#VAR 833 1 0.50946 0.49054 
 ----> 6.6#11.9#4.0#14.0#VAR 834 1 0.4976 0.5024 
 ----> 6.6#11.9#4.0#14.0#VAR 835 1 0.495789 0.504211 
 ----> 6.6#11.9#4.0#14.0#VAR 836 1 0.499466 0.500534 
 ----> 6.6#11.9#4.0#14.0#VAR 837 1 0.485792 0.514208 
 ----> 6.6#11.9#4.0#14.0#VAR 838 1 0.481028 0.518972 
 ----> 6.6#11.9#4.0#14.0#VAR 839 0 0.50384 0.49616 
 ----> 6.6#11.9#4.0#14.0#VAR 840 0 0.50436 0.49564 
 ----> 6.6#11.9#4.0#14.0#VAR 841 1 0.485651 0.514349 
 ----> 6.6#11.9#4.0#14.0#VAR 842 0 0.500466 0.499534 
 ----> 6.6#11.9#4.0#14.0#VAR 843 1 0.504659 0.495341 
 ----> 6.6#11.9#4.0#14.0#VAR 844 0 0.512424 0.487576 
 ----> 6.6#11.9#4.0#14.0#VAR 845 1 0.496218 0.503782 
 ----> 6.6#11.9#4.0#14.0#VAR 846 0 0.515528 0.484472 
 ----> 6.6#11.9#4.0#14.0#VAR 847 0 0.490524 0.509476 
 ----> 6.6#11.9#4.0#14.0#VAR 848 0 0.503464 0.496536 
 ----> 6.6#11.9#4.0#14.0#VAR 849 1 0.478249 0.521751 
 ----> 6.6#11.9#4.0#14.0#VAR 850 0 0.497935 0.502065 
 ----> 6.6#11.9#4.0#14.0#VAR 851 0 0.497244 0.502756 
 ----> 6.6#11.9#4.0#14.0#VAR 852 1 0.497867 0.502133 
 ----> 6.6#11.9#4.0#14.0#VAR 853 0 0.495614 0.504386 
 ----> 6.6#11.9#4.0#14.0#VAR 854 1 0.486473 0.513527 
 ----> 6.6#11.9#4.0#14.0#VAR 855 1 0.489121 0.510879 
 ----> 6.6#11.9#4.0#14.0#VAR 856 1 0.499244 0.500756 
 ----> 6.6#11.9#4.0#14.0#VAR 857 1 0.486211 0.513789 
 ----> 6.6#11.9#4.0#14.0#VAR 858 0 0.500462 0.499538 
 ----> 6.6#11.9#4.0#14.0#VAR 859 0 0.48736 0.51264 
 ----> 6.6#11.9#4.0#14.0#VAR 860 1 0.458037 0.541963 
 ----> 6.6#11.9#4.0#14.0#VAR 861 0 0.497275 0.502725 
 ----> 6.6#11.9#4.0#14.0#VAR 862 1 0.474708 0.525292 
 ----> 6.6#11.9#4.0#14.0#VAR 863 1 0.48338 0.51662 
 ----> 6.6#11.9#4.0#14.0#VAR 864 1 0.473371 0.526629 
 ----> 6.6#11.9#4.0#14.0#VAR 865 1 0.484908 0.515092 
 ----> 6.6#11.9#4.0#14.0#VAR 866 1 0.474637 0.525363 
 ----> 6.6#11.9#4.0#14.0#VAR 867 0 0.512508 0.487492 
 ----> 6.6#11.9#4.0#14.0#VAR 868 1 0.484371 0.515629 
 ----> 6.6#11.9#4.0#14.0#VAR 869 0 0.501061 0.498939 
 ----> 6.6#11.9#4.0#14.0#VAR 870 1 0.475426 0.524574 
 ----> 6.6#11.9#4.0#14.0#VAR 871 1 0.502474 0.497526 
 ----> 6.6#11.9#4.0#14.0#VAR 872 1 0.48776 0.51224 
 ----> 6.6#11.9#4.0#14.0#VAR 873 1 0.479573 0.520427 
 ----> 6.6#11.9#4.0#14.0#VAR 874 1 0.489747 0.510253 
 ----> 6.6#11.9#4.0#14.0#VAR 875 1 0.481658 0.518342 
 ----> 6.6#11.9#4.0#14.0#VAR 876 1 0.458923 0.541077 
 ----> 6.6#11.9#4.0#14.0#VAR 877 1 0.500978 0.499022 
 ----> 6.6#11.9#4.0#14.0#VAR 878 1 0.481115 0.518885 
 ----> 6.6#11.9#4.0#14.0#VAR 879 1 0.470901 0.529099 
 ----> 6.6#11.9#4.0#14.0#VAR 880 1 0.472004 0.527996 
 ----> 6.6#11.9#4.0#14.0#VAR 881 1 0.497631 0.502369 
 ----> 6.6#11.9#4.0#14.0#VAR 882 0 0.491953 0.508047 
 ----> 6.6#11.9#4.0#14.0#VAR 883 1 0.464492 0.535508 
 ----> 6.6#11.9#4.0#14.0#VAR 884 1 0.475532 0.524468 
 ----> 6.6#11.9#4.0#14.0#VAR 885 1 0.454503 0.545497 
 ----> 6.6#11.9#4.0#14.0#VAR 886 1 0.481075 0.518925 
 ----> 6.6#11.9#4.0#14.0#VAR 887 1 0.482967 0.517033 
 ----> 6.6#11.9#4.0#14.0#VAR 888 1 0.470322 0.529678 
 ----> 6.6#11.9#4.0#14.0#VAR 889 1 0.489242 0.510758 
 ----> 6.6#11.9#4.0#14.0#VAR 890 1 0.476501 0.523499 
 ----> 6.6#11.9#4.0#14.0#VAR 891 1 0.451076 0.548924 
 ----> 6.6#11.9#4.0#14.0#VAR 892 1 0.482828 0.517172 
 ----> 6.6#11.9#4.0#14.0#VAR 893 1 0.461526 0.538474 
 ----> 6.6#11.9#4.0#14.0#VAR 894 0 0.495311 0.504689 
 ----> 6.6#11.9#4.0#14.0#VAR 895 0 0.47457 0.52543 
 ----> 6.6#11.9#4.0#14.0#VAR 896 0 0.486719 0.513281 
 ----> 6.6#11.9#4.0#14.0#VAR 897 1 0.48557 0.51443 
 ----> 6.6#11.9#4.0#14.0#VAR 898 1 0.487351 0.512649 
 ----> 6.6#11.9#4.0#14.0#VAR 899 1 0.446709 0.553291 
 ----> 6.6#11.9#4.0#14.0#VAR 900 0 0.486099 0.513901 
 ----> 6.6#11.9#4.0#14.0#VAR 901 1 0.479502 0.520498 
 ----> 6.6#11.9#4.0#14.0#VAR 902 1 0.472677 0.527323 
 ----> 6.6#11.9#4.0#14.0#VAR 903 1 0.449205 0.550795 
 ----> 6.6#11.9#4.0#14.0#VAR 904 1 0.456694 0.543306 
 ----> 6.6#11.9#4.0#14.0#VAR 905 1 0.464119 0.535881 
 ----> 6.6#11.9#4.0#14.0#VAR 906 1 0.476682 0.523318 
 ----> 6.6#11.9#4.0#14.0#VAR 907 1 0.46504 0.53496 
 ----> 6.6#11.9#4.0#14.0#VAR 908 0 0.466544 0.533456 
 ----> 6.6#11.9#4.0#14.0#VAR 909 1 0.461826 0.538174 
 ----> 6.6#11.9#4.0#14.0#VAR 910 1 0.445226 0.554774 
 ----> 6.6#11.9#4.0#14.0#VAR 911 1 0.450703 0.549297 
 ----> 6.6#11.9#4.0#14.0#VAR 912 1 0.455846 0.544154 
 ----> 6.6#11.9#4.0#14.0#VAR 913 1 0.467265 0.532735 
 ----> 6.6#11.9#4.0#14.0#VAR 914 1 0.469747 0.530253 
 ----> 6.6#11.9#4.0#14.0#VAR 915 0 0.455736 0.544264 
 ----> 6.6#11.9#4.0#14.0#VAR 916 1 0.45731 0.54269 
 ----> 6.6#11.9#4.0#14.0#VAR 917 1 0.47264 0.52736 
 ----> 6.6#11.9#4.0#14.0#VAR 918 1 0.451958 0.548042 
 ----> 6.6#11.9#4.0#14.0#VAR 919 1 0.481474 0.518526 
 ----> 6.6#11.9#4.0#14.0#VAR 920 1 0.433522 0.566478 
 ----> 6.6#11.9#4.0#14.0#VAR 921 1 0.456628 0.543372 
 ----> 6.6#11.9#4.0#14.0#VAR 922 0 0.476521 0.523479 
 ----> 6.6#11.9#4.0#14.0#VAR 923 1 0.457468 0.542532 
 ----> 6.6#11.9#4.0#14.0#VAR 924 0 0.491166 0.508834 
 ----> 6.6#11.9#4.0#14.0#VAR 925 1 0.446687 0.553313 
 ----> 6.6#11.9#4.0#14.0#VAR 926 1 0.423504 0.576496 
 ----> 6.6#11.9#4.0#14.0#VAR 927 1 0.451227 0.548773 
 ----> 6.6#11.9#4.0#14.0#VAR 928 1 0.44473 0.55527 
 ----> 6.6#11.9#4.0#14.0#VAR 929 0 0.480333 0.519667 
 ----> 6.6#11.9#4.0#14.0#VAR 930 1 0.463134 0.536866 
 ----> 6.6#11.9#4.0#14.0#VAR 931 1 0.478372 0.521628 
 ----> 6.6#11.9#4.0#14.0#VAR 932 0 0.485291 0.514709 
 ----> 6.6#11.9#4.0#14.0#VAR 933 0 0.471337 0.528663 
 ----> 6.6#11.9#4.0#14.0#VAR 934 1 0.438721 0.561279 
 ----> 6.6#11.9#4.0#14.0#VAR 935 1 0.448318 0.551682 
 ----> 6.6#11.9#4.0#14.0#VAR 936 0 0.467883 0.532117 
 ----> 6.6#11.9#4.0#14.0#VAR 937 0 0.457651 0.542349 
 ----> 6.6#11.9#4.0#14.0#VAR 938 1 0.4559 0.5441 
 ----> 6.6#11.9#4.0#14.0#VAR 939 1 0.445631 0.554369 
 ----> 6.6#11.9#4.0#14.0#VAR 940 1 0.45124 0.54876 
 ----> 6.6#11.9#4.0#14.0#VAR 941 1 0.430123 0.569877 
 ----> 6.6#11.9#4.0#14.0#VAR 942 1 0.467188 0.532812 
 ----> 6.6#11.9#4.0#14.0#VAR 943 1 0.44206 0.55794 
 ----> 6.6#11.9#4.0#14.0#VAR 944 0 0.493631 0.506369 
 ----> 6.6#11.9#4.0#14.0#VAR 945 1 0.447903 0.552097 
 ----> 6.6#11.9#4.0#14.0#VAR 946 1 0.428109 0.571891 
 ----> 6.6#11.9#4.0#14.0#VAR 947 1 0.457395 0.542605 
 ----> 6.6#11.9#4.0#14.0#VAR 948 0 0.466673 0.533327 
 ----> 6.6#11.9#4.0#14.0#VAR 949 1 0.45682 0.54318 
 ----> 6.6#11.9#4.0#14.0#VAR 950 1 0.452257 0.547743 
 ----> 6.6#11.9#4.0#14.0#VAR 951 1 0.43509 0.56491 
 ----> 6.6#11.9#4.0#14.0#VAR 952 0 0.45665 0.54335 
 ----> 6.6#11.9#4.0#14.0#VAR 953 1 0.44179 0.55821 
 ----> 6.6#11.9#4.0#14.0#VAR 954 1 0.463966 0.536034 
 ----> 6.6#11.9#4.0#14.0#VAR 955 0 0.465208 0.534792 
 ----> 6.6#11.9#4.0#14.0#VAR 956 0 0.474482 0.525518 
 ----> 6.6#11.9#4.0#14.0#VAR 957 0 0.464539 0.535461 
 ----> 6.6#11.9#4.0#14.0#VAR 958 0 0.467429 0.532571 
 ----> 6.6#11.9#4.0#14.0#VAR 959 1 0.44483 0.55517 
 ----> 6.6#11.9#4.0#14.0#VAR 960 0 0.485257 0.514743 
 ----> 6.6#11.9#4.0#14.0#VAR 961 0 0.456579 0.543421 
 ----> 6.6#11.9#4.0#14.0#VAR 962 0 0.441136 0.558864 
 ----> 6.6#11.9#4.0#14.0#VAR 963 0 0.492542 0.507458 
 ----> 6.6#11.9#4.0#14.0#VAR 964 1 0.446366 0.553634 
 ----> 6.6#11.9#4.0#14.0#VAR 965 0 0.457189 0.542811 
 ----> 6.6#11.9#4.0#14.0#VAR 966 1 0.441362 0.558638 
 ----> 6.6#11.9#4.0#14.0#VAR 967 1 0.448861 0.551139 
 ----> 6.6#11.9#4.0#14.0#VAR 968 1 0.452235 0.547765 
 ----> 6.6#11.9#4.0#14.0#VAR 969 1 0.463277 0.536723 
 ----> 6.6#11.9#4.0#14.0#VAR 970 0 0.480188 0.519812 
 ----> 6.6#11.9#4.0#14.0#VAR 971 1 0.449647 0.550353 
 ----> 6.6#11.9#4.0#14.0#VAR 972 0 0.475965 0.524035 
 ----> 6.6#11.9#4.0#14.0#VAR 973 0 0.468761 0.531239 
 ----> 6.6#11.9#4.0#14.0#VAR 974 1 0.444586 0.555414 
 ----> 6.6#11.9#4.0#14.0#VAR 975 1 0.455582 0.544418 
 ----> 6.6#11.9#4.0#14.0#VAR 976 1 0.447218 0.552782 
 ----> 6.6#11.9#4.0#14.0#VAR 977 1 0.478746 0.521254 
 ----> 6.6#11.9#4.0#14.0#VAR 978 0 0.489211 0.510789 
 ----> 6.6#11.9#4.0#14.0#VAR 979 0 0.47318 0.52682 
 ----> 6.6#11.9#4.0#14.0#VAR 980 1 0.474267 0.525733 
 ----> 6.6#11.9#4.0#14.0#VAR 981 1 0.446844 0.553156 
 ----> 6.6#11.9#4.0#14.0#VAR 982 0 0.490861 0.509139 
 ----> 6.6#11.9#4.0#14.0#VAR 983 1 0.440496 0.559504 
 ----> 6.6#11.9#4.0#14.0#VAR 984 1 0.457729 0.542271 
 ----> 6.6#11.9#4.0#14.0#VAR 985 0 0.486531 0.513469 
 ----> 6.6#11.9#4.0#14.0#VAR 986 1 0.462887 0.537113 
 ----> 6.6#11.9#4.0#14.0#VAR 987 1 0.46462 0.53538 
 ----> 6.6#11.9#4.0#14.0#VAR 988 1 0.469581 0.530419 
 ----> 6.6#11.9#4.0#14.0#VAR 989 0 0.487502 0.512498 
 ----> 6.6#11.9#4.0#14.0#VAR 990 0 0.504764 0.495236 
 ----> 6.6#11.9#4.0#14.0#VAR 991 1 0.465037 0.534963 
 ----> 6.6#11.9#4.0#14.0#VAR 992 1 0.469379 0.530621 
 ----> 6.6#11.9#4.0#14.0#VAR 993 1 0.452133 0.547867 
 ----> 6.6#11.9#4.0#14.0#VAR 994 0 0.472447 0.527553 
 ----> 6.6#11.9#4.0#14.0#VAR 995 1 0.458638 0.541362 
 ----> 6.6#11.9#4.0#14.0#VAR 996 0 0.48763 0.51237 
 ----> 6.6#11.9#4.0#14.0#VAR 997 1 0.472013 0.527987 
 ----> 6.6#11.9#4.0#14.0#VAR 998 0 0.497449 0.502551 
 ----> 6.6#11.9#4.0#14.0#VAR 999 1 0.434484 0.565516 
 ----> 6.6#11.9#4.0#14.0#VAR 1000 1 0.44921 0.55079 
 ----> 6.6#11.9#4.0#14.0#VAR 1001 1 0.463883 0.536117 
 ----> 6.6#11.9#4.0#14.0#VAR 1002 0 0.512293 0.487707 
 ----> 6.6#11.9#4.0#14.0#VAR 1003 1 0.461987 0.538013 
 ----> 6.6#11.9#4.0#14.0#VAR 1004 1 0.461504 0.538496 
 ----> 6.6#11.9#4.0#14.0#VAR 1005 0 0.486863 0.513137 
 ----> 6.6#11.9#4.0#14.0#VAR 1006 1 0.451627 0.548373 
 ----> 6.6#11.9#4.0#14.0#VAR 1007 1 0.453106 0.546894 
 ----> 6.6#11.9#4.0#14.0#VAR 1008 0 0.481524 0.518476 
 ----> 6.6#11.9#4.0#14.0#VAR 1009 0 0.472366 0.527634 
 ----> 6.6#11.9#4.0#14.0#VAR 1010 1 0.452505 0.547495 
 ----> 6.6#11.9#4.0#14.0#VAR 1011 1 0.469859 0.530141 
 ----> 6.6#11.9#4.0#14.0#VAR 1012 1 0.46694 0.53306 
 ----> 6.6#11.9#4.0#14.0#VAR 1013 1 0.461007 0.538993 
 ----> 6.6#11.9#4.0#14.0#VAR 1014 0 0.462484 0.537516 
 ----> 6.6#11.9#4.0#14.0#VAR 1015 1 0.469751 0.530249 
 ----> 6.6#11.9#4.0#14.0#VAR 1016 0 0.472699 0.527301 
 ----> 6.6#11.9#4.0#14.0#VAR 1017 1 0.463354 0.536646 
 ----> 6.6#11.9#4.0#14.0#VAR 1018 1 0.459145 0.540855 
 ----> 6.6#11.9#4.0#14.0#VAR 1019 1 0.45034 0.54966 
 ----> 6.6#11.9#4.0#14.0#VAR 1020 0 0.484439 0.515561 
 ----> 6.6#11.9#4.0#14.0#VAR 1021 1 0.449312 0.550688 
 ----> 6.6#11.9#4.0#14.0#VAR 1022 1 0.472216 0.527784 
 ----> 6.6#11.9#4.0#14.0#VAR 1023 1 0.463023 0.536977 
 ----> 6.6#11.9#4.0#14.0#VAR 1024 0 0.478698 0.521302 
 ----> 6.6#11.9#4.0#14.0#VAR 1025 1 0.464172 0.535828 
 ----> 6.6#11.9#4.0#14.0#VAR 1026 1 0.457026 0.542974 
 ----> 6.6#11.9#4.0#14.0#VAR 1027 0 0.479153 0.520847 
 ----> 6.6#11.9#4.0#14.0#VAR 1028 0 0.482271 0.517729 
 ----> 6.6#11.9#4.0#14.0#VAR 1029 0 0.486184 0.513816 
 ----> 6.6#11.9#4.0#14.0#VAR 1030 1 0.446808 0.553192 
 ----> 6.6#11.9#4.0#14.0#VAR 1031 1 0.463524 0.536476 
 ----> 6.6#11.9#4.0#14.0#VAR 1032 0 0.449118 0.550882 
 ----> 6.6#11.9#4.0#14.0#VAR 1033 1 0.462135 0.537865 
 ----> 6.6#11.9#4.0#14.0#VAR 1034 1 0.460466 0.539534 
 ----> 6.6#11.9#4.0#14.0#VAR 1035 1 0.477237 0.522763 
 ----> 6.6#11.9#4.0#14.0#VAR 1036 1 0.463995 0.536005 
 ----> 6.6#11.9#4.0#14.0#VAR 1037 1 0.463761 0.536239 
 ----> 6.6#11.9#4.0#14.0#VAR 1038 1 0.439317 0.560683 
 ----> 6.6#11.9#4.0#14.0#VAR 1039 1 0.44446 0.55554 
 ----> 6.6#11.9#4.0#14.0#VAR 1040 0 0.487015 0.512985 
 ----> 6.6#11.9#4.0#14.0#VAR 1041 1 0.454168 0.545832 
 ----> 6.6#11.9#4.0#14.0#VAR 1042 1 0.464669 0.535331 
 ----> 6.6#11.9#4.0#14.0#VAR 1043 1 0.447641 0.552359 
 ----> 6.6#11.9#4.0#14.0#VAR 1044 1 0.455971 0.544029 
 ----> 6.6#11.9#4.0#14.0#VAR 1045 1 0.455843 0.544157 
 ----> 6.6#11.9#4.0#14.0#VAR 1046 0 0.467912 0.532088 
 ----> 6.6#11.9#4.0#14.0#VAR 1047 1 0.444232 0.555768 
 ----> 6.6#11.9#4.0#14.0#VAR 1048 1 0.449746 0.550254 
 ----> 6.6#11.9#4.0#14.0#VAR 1049 0 0.453712 0.546288 
 ----> 6.6#11.9#4.0#14.0#VAR 1050 0 0.486975 0.513025 
 ----> 6.6#11.9#4.0#14.0#VAR 1051 1 0.455803 0.544197 
 ----> 6.6#11.9#4.0#14.0#VAR 1052 0 0.501107 0.498893 
 ----> 6.6#11.9#4.0#14.0#VAR 1053 1 0.441958 0.558042 
 ----> 6.6#11.9#4.0#14.0#VAR 1054 0 0.4798 0.5202 
 ----> 6.6#11.9#4.0#14.0#VAR 1055 0 0.487644 0.512356 
 ----> 6.6#11.9#4.0#14.0#VAR 1056 0 0.46732 0.53268 
 ----> 6.6#11.9#4.0#14.0#VAR 1057 1 0.455942 0.544058 
 ----> 6.6#11.9#4.0#14.0#VAR 1058 0 0.484503 0.515497 
 ----> 6.6#11.9#4.0#14.0#VAR 1059 1 0.45663 0.54337 
 ----> 6.6#11.9#4.0#14.0#VAR 1060 1 0.462426 0.537574 
 ----> 6.6#11.9#4.0#14.0#VAR 1061 0 0.48262 0.51738 
 ----> 6.6#11.9#4.0#14.0#VAR 1062 1 0.455553 0.544447 
 ----> 6.6#11.9#4.0#14.0#VAR 1063 1 0.462436 0.537564 
 ----> 6.6#11.9#4.0#14.0#VAR 1064 0 0.467544 0.532456 
 ----> 6.6#11.9#4.0#14.0#VAR 1065 1 0.472446 0.527554 
 ----> 6.6#11.9#4.0#14.0#VAR 1066 1 0.465711 0.534289 
 ----> 6.6#11.9#4.0#14.0#VAR 1067 1 0.457669 0.542331 
 ----> 6.6#11.9#4.0#14.0#VAR 1068 0 0.481525 0.518475 
 ----> 6.6#11.9#4.0#14.0#VAR 1069 1 0.442808 0.557192 
 ----> 6.6#11.9#4.0#14.0#VAR 1070 1 0.450403 0.549597 
 ----> 6.6#11.9#4.0#14.0#VAR 1071 0 0.503486 0.496514 
 ----> 6.6#11.9#4.0#14.0#VAR 1072 0 0.466449 0.533551 
 ----> 6.6#11.9#4.0#14.0#VAR 1073 0 0.467832 0.532168 
 ----> 6.6#11.9#4.0#14.0#VAR 1074 0 0.495353 0.504647 
 ----> 6.6#11.9#4.0#14.0#VAR 1075 0 0.494321 0.505679 
 ----> 6.6#11.9#4.0#14.0#VAR 1076 1 0.439835 0.560165 
 ----> 6.6#11.9#4.0#14.0#VAR 1077 1 0.447557 0.552443 
 ----> 6.6#11.9#4.0#14.0#VAR 1078 0 0.466359 0.533641 
 ----> 6.6#11.9#4.0#14.0#VAR 1079 1 0.443309 0.556691 
 ----> 6.6#11.9#4.0#14.0#VAR 1080 0 0.45605 0.54395 
 ----> 6.6#11.9#4.0#14.0#VAR 1081 0 0.464626 0.535374 
 ----> 6.6#11.9#4.0#14.0#VAR 1082 1 0.448493 0.551507 
 ----> 6.6#11.9#4.0#14.0#VAR 1083 0 0.468398 0.531602 
 ----> 6.6#11.9#4.0#14.0#VAR 1084 1 0.463052 0.536948 
 ----> 6.6#11.9#4.0#14.0#VAR 1085 1 0.44026 0.55974 
 ----> 6.6#11.9#4.0#14.0#VAR 1086 0 0.464954 0.535046 
 ----> 6.6#11.9#4.0#14.0#VAR 1087 1 0.480466 0.519534 
 ----> 6.6#11.9#4.0#14.0#VAR 1088 0 0.458665 0.541335 
 ----> 6.6#11.9#4.0#14.0#VAR 1089 1 0.444072 0.555928 
 ----> 6.6#11.9#4.0#14.0#VAR 1090 0 0.495009 0.504991 
 ----> 6.6#11.9#4.0#14.0#VAR 1091 1 0.453079 0.546921 
 ----> 6.6#11.9#4.0#14.0#VAR 1092 1 0.464711 0.535289 
 ----> 6.6#11.9#4.0#14.0#VAR 1093 0 0.464633 0.535367 
 ----> 6.6#11.9#4.0#14.0#VAR 1094 1 0.459644 0.540356 
 ----> 6.6#11.9#4.0#14.0#VAR 1095 1 0.450172 0.549828 
 ----> 6.6#11.9#4.0#14.0#VAR 1096 1 0.448144 0.551856 
 ----> 6.6#11.9#4.0#14.0#VAR 1097 1 0.436897 0.563103 
 ----> 6.6#11.9#4.0#14.0#VAR 1098 1 0.456996 0.543004 
 ----> 6.6#11.9#4.0#14.0#VAR 1099 0 0.490555 0.509445 
 ----> 6.6#11.9#4.0#14.0#VAR 1100 0 0.467428 0.532572 
 ----> 6.6#11.9#4.0#14.0#VAR 1101 0 0.482889 0.517111 
 ----> 6.6#11.9#4.0#14.0#VAR 1102 0 0.457967 0.542033 
 ----> 6.6#11.9#4.0#14.0#VAR 1103 1 0.436968 0.563032 
 ----> 6.6#11.9#4.0#14.0#VAR 1104 0 0.476902 0.523098 
 ----> 6.6#11.9#4.0#14.0#VAR 1105 0 0.490993 0.509007 
 ----> 6.6#11.9#4.0#14.0#VAR 1106 1 0.463385 0.536615 
 ----> 6.6#11.9#4.0#14.0#VAR 1107 1 0.448123 0.551877 
 ----> 6.6#11.9#4.0#14.0#VAR 1108 0 0.465829 0.534171 
 ----> 6.6#11.9#4.0#14.0#VAR 1109 1 0.448254 0.551746 
 ----> 6.6#11.9#4.0#14.0#VAR 1110 1 0.459667 0.540333 
 ----> 6.6#11.9#4.0#14.0#VAR 1111 0 0.483618 0.516382 
 ----> 6.6#11.9#4.0#14.0#VAR 1112 1 0.465391 0.534609 
 ----> 6.6#11.9#4.0#14.0#VAR 1113 1 0.442841 0.557159 
 ----> 6.6#11.9#4.0#14.0#VAR 1114 1 0.417524 0.582476 
 ----> 6.6#11.9#4.0#14.0#VAR 1115 0 0.491182 0.508818 
 ----> 6.6#11.9#4.0#14.0#VAR 1116 1 0.456569 0.543431 
 ----> 6.6#11.9#4.0#14.0#VAR 1117 0 0.482151 0.517849 
 ----> 6.6#11.9#4.0#14.0#VAR 1118 0 0.479887 0.520113 
 ----> 6.6#11.9#4.0#14.0#VAR 1119 1 0.471986 0.528014 
 ----> 6.6#11.9#4.0#14.0#VAR 1120 1 0.437064 0.562936 
 ----> 6.6#11.9#4.0#14.0#VAR 1121 1 0.490232 0.509768 
 ----> 6.6#11.9#4.0#14.0#VAR 1122 0 0.480881 0.519119 
 ----> 6.6#11.9#4.0#14.0#VAR 1123 1 0.459787 0.540213 
 ----> 6.6#11.9#4.0#14.0#VAR 1124 1 0.450745 0.549255 
 ----> 6.6#11.9#4.0#14.0#VAR 1125 0 0.475469 0.524531 
 ----> 6.6#11.9#4.0#14.0#VAR 1126 1 0.427762 0.572238 
 ----> 6.6#11.9#4.0#14.0#VAR 1127 0 0.484853 0.515147 
 ----> 6.6#11.9#4.0#14.0#VAR 1128 1 0.459365 0.540635 
 ----> 6.6#11.9#4.0#14.0#VAR 1129 1 0.455772 0.544228 
 ----> 6.6#11.9#4.0#14.0#VAR 1130 0 0.505955 0.494045 
 ----> 6.6#11.9#4.0#14.0#VAR 1131 0 0.497669 0.502331 
 ----> 6.6#11.9#4.0#14.0#VAR 1132 0 0.489116 0.510884 
 ----> 6.6#11.9#4.0#14.0#VAR 1133 0 0.485847 0.514153 
 ----> 6.6#11.9#4.0#14.0#VAR 1134 1 0.448047 0.551953 
 ----> 6.6#11.9#4.0#14.0#VAR 1135 1 0.45594 0.54406 
 ----> 6.6#11.9#4.0#14.0#VAR 1136 1 0.461779 0.538221 
 ----> 6.6#11.9#4.0#14.0#VAR 1137 1 0.453336 0.546664 
 ----> 6.6#11.9#4.0#14.0#VAR 1138 1 0.455375 0.544625 
 ----> 6.6#11.9#4.0#14.0#VAR 1139 1 0.456397 0.543603 
 ----> 6.6#11.9#4.0#14.0#VAR 1140 1 0.446685 0.553315 
 ----> 6.6#11.9#4.0#14.0#VAR 1141 1 0.438789 0.561211 
 ----> 6.6#11.9#4.0#14.0#VAR 1142 1 0.460969 0.539031 
 ----> 6.6#11.9#4.0#14.0#VAR 1143 0 0.49181 0.50819 
 ----> 6.6#11.9#4.0#14.0#VAR 1144 1 0.45354 0.54646 
 ----> 6.6#11.9#4.0#14.0#VAR 1145 1 0.458866 0.541134 
 ----> 6.6#11.9#4.0#14.0#VAR 1146 1 0.457126 0.542874 
 ----> 6.6#11.9#4.0#14.0#VAR 1147 0 0.49138 0.50862 
 ----> 6.6#11.9#4.0#14.0#VAR 1148 0 0.489274 0.510726 
 ----> 6.6#11.9#4.0#14.0#VAR 1149 1 0.461243 0.538757 
 ----> 6.6#11.9#4.0#14.0#VAR 1150 0 0.47817 0.52183 
 ----> 6.6#11.9#4.0#14.0#VAR 1151 1 0.446369 0.553631 
 ----> 6.6#11.9#4.0#14.0#VAR 1152 0 0.474844 0.525156 
 ----> 6.6#11.9#4.0#14.0#VAR 1153 1 0.452306 0.547694 
 ----> 6.6#11.9#4.0#14.0#VAR 1154 1 0.452753 0.547247 
 ----> 6.6#11.9#4.0#14.0#VAR 1155 1 0.448008 0.551992 
 ----> 6.6#11.9#4.0#14.0#VAR 1156 0 0.470176 0.529824 
 ----> 6.6#11.9#4.0#14.0#VAR 1157 1 0.443574 0.556426 
 ----> 6.6#11.9#4.0#14.0#VAR 1158 1 0.442217 0.557783 
 ----> 6.6#11.9#4.0#14.0#VAR 1159 1 0.423408 0.576592 
 ----> 6.6#11.9#4.0#14.0#VAR 1160 0 0.466704 0.533296 
 ----> 6.6#11.9#4.0#14.0#VAR 1161 0 0.490128 0.509872 
 ----> 6.6#11.9#4.0#14.0#VAR 1162 1 0.433819 0.566181 
 ----> 6.6#11.9#4.0#14.0#VAR 1163 1 0.448347 0.551653 
 ----> 6.6#11.9#4.0#14.0#VAR 1164 1 0.413749 0.586251 
 ----> 6.6#11.9#4.0#14.0#VAR 1165 1 0.450578 0.549422 
 ----> 6.6#11.9#4.0#14.0#VAR 1166 1 0.413698 0.586302 
 ----> 6.6#11.9#4.0#14.0#VAR 1167 0 0.479628 0.520372 
 ----> 6.6#11.9#4.0#14.0#VAR 1168 0 0.478281 0.521719 
 ----> 6.6#11.9#4.0#14.0#VAR 1169 1 0.433508 0.566492 
 ----> 6.6#11.9#4.0#14.0#VAR 1170 1 0.449709 0.550291 
 ----> 6.6#11.9#4.0#14.0#VAR 1171 0 0.461383 0.538617 
 ----> 6.6#11.9#4.0#14.0#VAR 1172 0 0.474707 0.525293 
 ----> 6.6#11.9#4.0#14.0#VAR 1173 0 0.488822 0.511178 
 ----> 6.6#11.9#4.0#14.0#VAR 1174 0 0.490082 0.509918 
 ----> 6.6#11.9#4.0#14.0#VAR 1175 0 0.502189 0.497811 
 ----> 6.6#11.9#4.0#14.0#VAR 1176 1 0.462189 0.537811 
 ----> 6.6#11.9#4.0#14.0#VAR 1177 1 0.448896 0.551104 
 ----> 6.6#11.9#4.0#14.0#VAR 1178 0 0.501607 0.498393 
 ----> 6.6#11.9#4.0#14.0#VAR 1179 0 0.506572 0.493428 
 ----> 6.6#11.9#4.0#14.0#VAR 1180 1 0.442697 0.557303 
 ----> 6.6#11.9#4.0#14.0#VAR 1181 0 0.455096 0.544904 
 ----> 6.6#11.9#4.0#14.0#VAR 1182 1 0.467486 0.532514 
 ----> 6.6#11.9#4.0#14.0#VAR 1183 1 0.455311 0.544689 
 ----> 6.6#11.9#4.0#14.0#VAR 1184 1 0.454246 0.545754 
 ----> 6.6#11.9#4.0#14.0#VAR 1185 1 0.468311 0.531689 
 ----> 6.6#11.9#4.0#14.0#VAR 1186 1 0.460217 0.539783 
 ----> 6.6#11.9#4.0#14.0#VAR 1187 1 0.44409 0.55591 
 ----> 6.6#11.9#4.0#14.0#VAR 1188 1 0.462785 0.537215 
 ----> 6.6#11.9#4.0#14.0#VAR 1189 1 0.454025 0.545975 
 ----> 6.6#11.9#4.0#14.0#VAR 1190 0 0.460788 0.539212 
 ----> 6.6#11.9#4.0#14.0#VAR 1191 1 0.453652 0.546348 
 ----> 6.6#11.9#4.0#14.0#VAR 1192 1 0.445978 0.554022 
 ----> 6.6#11.9#4.0#14.0#VAR 1193 0 0.50378 0.49622 
 ----> 6.6#11.9#4.0#14.0#VAR 1194 1 0.41778 0.58222 
 ----> 6.6#11.9#4.0#14.0#VAR 1195 1 0.436322 0.563678 
 ----> 6.6#11.9#4.0#14.0#VAR 1196 1 0.446923 0.553077 
 ----> 6.6#11.9#4.0#14.0#VAR 1197 1 0.448696 0.551304 
 ----> 6.6#11.9#4.0#14.0#VAR 1198 0 0.490466 0.509534 
 ----> 6.6#11.9#4.0#14.0#VAR 1199 0 0.474905 0.525095 
 ----> 6.6#11.9#4.0#14.0#VAR 1200 0 0.456293 0.543707 
 ----> 6.6#11.9#4.0#14.0#VAR 1201 0 0.477565 0.522435 
 ----> 6.6#11.9#4.0#14.0#VAR 1202 0 0.476913 0.523087 
 ----> 6.6#11.9#4.0#14.0#VAR 1203 1 0.45361 0.54639 
 ----> 6.6#11.9#4.0#14.0#VAR 1204 0 0.482192 0.517808 
 ----> 6.6#11.9#4.0#14.0#VAR 1205 0 0.47127 0.52873 
 ----> 6.6#11.9#4.0#14.0#VAR 1206 1 0.451787 0.548213 
 ----> 6.6#11.9#4.0#14.0#VAR 1207 1 0.448926 0.551074 
 ----> 6.6#11.9#4.0#14.0#VAR 1208 1 0.472927 0.527073 
 ----> 6.6#11.9#4.0#14.0#VAR 1209 0 0.466397 0.533603 
 ----> 6.6#11.9#4.0#14.0#VAR 1210 0 0.475738 0.524262 
 ----> 6.6#11.9#4.0#14.0#VAR 1211 1 0.459642 0.540358 
 ----> 6.6#11.9#4.0#14.0#VAR 1212 1 0.451333 0.548667 
 ----> 6.6#11.9#4.0#14.0#VAR 1213 1 0.440604 0.559396 
 ----> 6.6#11.9#4.0#14.0#VAR 1214 0 0.49816 0.50184 
 ----> 6.6#11.9#4.0#14.0#VAR 1215 1 0.458115 0.541885 
 ----> 6.6#11.9#4.0#14.0#VAR 1216 1 0.466416 0.533584 
 ----> 6.6#11.9#4.0#14.0#VAR 1217 0 0.4905 0.5095 
 ----> 6.6#11.9#4.0#14.0#VAR 1218 0 0.492712 0.507288 
 ----> 6.6#11.9#4.0#14.0#VAR 1219 1 0.445543 0.554457 
 ----> 6.6#11.9#4.0#14.0#VAR 1220 0 0.504154 0.495846 
 ----> 6.6#11.9#4.0#14.0#VAR 1221 0 0.487935 0.512065 
 ----> 6.6#11.9#4.0#14.0#VAR 1222 1 0.473147 0.526853 
 ----> 6.6#11.9#4.0#14.0#VAR 1223 0 0.490534 0.509466 
 ----> 6.6#11.9#4.0#14.0#VAR 1224 1 0.474221 0.525779 
 ----> 6.6#11.9#4.0#14.0#VAR 1225 1 0.457493 0.542507 
 ----> 6.6#11.9#4.0#14.0#VAR 1226 0 0.477446 0.522554 
 ----> 6.6#11.9#4.0#14.0#VAR 1227 0 0.459181 0.540819 
 ----> 6.6#11.9#4.0#14.0#VAR 1228 0 0.496867 0.503133 
 ----> 6.6#11.9#4.0#14.0#VAR 1229 1 0.467968 0.532032 
 ----> 6.6#11.9#4.0#14.0#VAR 1230 1 0.478534 0.521466 
 ----> 6.6#11.9#4.0#14.0#VAR 1231 1 0.457696 0.542304 
 ----> 6.6#11.9#4.0#14.0#VAR 1232 1 0.452849 0.547151 
 ----> 6.6#11.9#4.0#14.0#VAR 1233 0 0.482074 0.517926 
 ----> 6.6#11.9#4.0#14.0#VAR 1234 0 0.469797 0.530203 
 ----> 6.6#11.9#4.0#14.0#VAR 1235 1 0.474342 0.525658 
 ----> 6.6#11.9#4.0#14.0#VAR 1236 1 0.471507 0.528493 
 ----> 6.6#11.9#4.0#14.0#VAR 1237 0 0.47847 0.52153 
 ----> 6.6#11.9#4.0#14.0#VAR 1238 1 0.448056 0.551944 
 ----> 6.6#11.9#4.0#14.0#VAR 1239 0 0.485902 0.514098 
 ----> 6.6#11.9#4.0#14.0#VAR 1240 1 0.446102 0.553898 
 ----> 6.6#11.9#4.0#14.0#VAR 1241 0 0.490034 0.509966 
 ----> 6.6#11.9#4.0#14.0#VAR 1242 0 0.489558 0.510442 
 ----> 6.6#11.9#4.0#14.0#VAR 1243 0 0.491552 0.508448 
 ----> 6.6#11.9#4.0#14.0#VAR 1244 0 0.485559 0.514441 
 ----> 6.6#11.9#4.0#14.0#VAR 1245 1 0.470475 0.529525 
 ----> 6.6#11.9#4.0#14.0#VAR 1246 1 0.476101 0.523899 
 ----> 6.6#11.9#4.0#14.0#VAR 1247 1 0.464627 0.535373 
 ----> 6.6#11.9#4.0#14.0#VAR 1248 1 0.448549 0.551451 
 ----> 6.6#11.9#4.0#14.0#VAR 1249 1 0.464611 0.535389 
 ----> 6.6#11.9#4.0#14.0#VAR 1250 1 0.47391 0.52609 
 ----> 6.6#11.9#4.0#14.0#VAR 1251 1 0.442162 0.557838 
 ----> 6.6#11.9#4.0#14.0#VAR 1252 0 0.485674 0.514326 
 ----> 6.6#11.9#4.0#14.0#VAR 1253 1 0.465544 0.534456 
 ----> 6.6#11.9#4.0#14.0#VAR 1254 0 0.510656 0.489344 
 ----> 6.6#11.9#4.0#14.0#VAR 1255 1 0.465903 0.534097 
 ----> 6.6#11.9#4.0#14.0#VAR 1256 1 0.478578 0.521422 
 ----> 6.6#11.9#4.0#14.0#VAR 1257 1 0.472395 0.527605 
 ----> 6.6#11.9#4.0#14.0#VAR 1258 0 0.47026 0.52974 
 ----> 6.6#11.9#4.0#14.0#VAR 1259 0 0.482166 0.517834 
 ----> 6.6#11.9#4.0#14.0#VAR 1260 0 0.459094 0.540906 
 ----> 6.6#11.9#4.0#14.0#VAR 1261 0 0.488587 0.511413 
 ----> 6.6#11.9#4.0#14.0#VAR 1262 1 0.448834 0.551166 
 ----> 6.6#11.9#4.0#14.0#VAR 1263 0 0.488636 0.511364 
 ----> 6.6#11.9#4.0#14.0#VAR 1264 0 0.482989 0.517011 
 ----> 6.6#11.9#4.0#14.0#VAR 1265 1 0.45279 0.54721 
 ----> 6.6#11.9#4.0#14.0#VAR 1266 0 0.468762 0.531238 
 ----> 6.6#11.9#4.0#14.0#VAR 1267 0 0.486478 0.513522 
 ----> 6.6#11.9#4.0#14.0#VAR 1268 0 0.500521 0.499479 
 ----> 6.6#11.9#4.0#14.0#VAR 1269 1 0.476957 0.523043 
 ----> 6.6#11.9#4.0#14.0#VAR 1270 1 0.465601 0.534399 
 ----> 6.6#11.9#4.0#14.0#VAR 1271 0 0.468901 0.531099 
 ----> 6.6#11.9#4.0#14.0#VAR 1272 0 0.467701 0.532299 
 ----> 6.6#11.9#4.0#14.0#VAR 1273 0 0.485835 0.514165 
 ----> 6.6#11.9#4.0#14.0#VAR 1274 1 0.453574 0.546426 
 ----> 6.6#11.9#4.0#14.0#VAR 1275 1 0.467124 0.532876 
 ----> 6.6#11.9#4.0#14.0#VAR 1276 0 0.480495 0.519505 
 ----> 6.6#11.9#4.0#14.0#VAR 1277 1 0.477133 0.522867 
 ----> 6.6#11.9#4.0#14.0#VAR 1278 1 0.477648 0.522352 
 ----> 6.6#11.9#4.0#14.0#VAR 1279 1 0.477989 0.522011 
 ----> 6.6#11.9#4.0#14.0#VAR 1280 1 0.484744 0.515256 
 ----> 6.6#11.9#4.0#14.0#VAR 1281 1 0.460976 0.539024 
 ----> 6.6#11.9#4.0#14.0#VAR 1282 1 0.453361 0.546639 
 ----> 6.6#11.9#4.0#14.0#VAR 1283 0 0.489362 0.510638 
 ----> 6.6#11.9#4.0#14.0#VAR 1284 1 0.466316 0.533684 
 ----> 6.6#11.9#4.0#14.0#VAR 1285 0 0.504263 0.495737 
 ----> 6.6#11.9#4.0#14.0#VAR 1286 1 0.463823 0.536177 
 ----> 6.6#11.9#4.0#14.0#VAR 1287 1 0.468938 0.531062 
 ----> 6.6#11.9#4.0#14.0#VAR 1288 1 0.473792 0.526208 
 ----> 6.6#11.9#4.0#14.0#VAR 1289 1 0.454475 0.545525 
 ----> 6.6#11.9#4.0#14.0#VAR 1290 1 0.462571 0.537429 
 ----> 6.6#11.9#4.0#14.0#VAR 1291 1 0.44807 0.55193 
 ----> 6.6#11.9#4.0#14.0#VAR 1292 0 0.498863 0.501137 
 ----> 6.6#11.9#4.0#14.0#VAR 1293 1 0.424279 0.575721 
 ----> 6.6#11.9#4.0#14.0#VAR 1294 1 0.456654 0.543346 
 ----> 6.6#11.9#4.0#14.0#VAR 1295 0 0.493846 0.506154 
 ----> 6.6#11.9#4.0#14.0#VAR 1296 1 0.418337 0.581663 
 ----> 6.6#11.9#4.0#14.0#VAR 1297 1 0.428769 0.571231 
 ----> 6.6#11.9#4.0#14.0#VAR 1298 1 0.44792 0.55208 
 ----> 6.6#11.9#4.0#14.0#VAR 1299 1 0.450442 0.549558 
 ----> 6.6#11.9#4.0#14.0#VAR 1300 0 0.477773 0.522227 
 ----> 6.6#11.9#4.0#14.0#VAR 1301 1 0.466963 0.533037 
 ----> 6.6#11.9#4.0#14.0#VAR 1302 1 0.50096 0.49904 
 ----> 6.6#11.9#4.0#14.0#VAR 1303 1 0.451333 0.548667 
 ----> 6.6#11.9#4.0#14.0#VAR 1304 1 0.453034 0.546966 
 ----> 6.6#11.9#4.0#14.0#VAR 1305 1 0.452833 0.547167 
 ----> 6.6#11.9#4.0#14.0#VAR 1306 0 0.461501 0.538499 
 ----> 6.6#11.9#4.0#14.0#VAR 1307 0 0.444539 0.555461 
 ----> 6.6#11.9#4.0#14.0#VAR 1308 1 0.459856 0.540144 
 ----> 6.6#11.9#4.0#14.0#VAR 1309 0 0.496464 0.503536 
 ----> 6.6#11.9#4.0#14.0#VAR 1310 1 0.469752 0.530248 
 ----> 6.6#11.9#4.0#14.0#VAR 1311 1 0.457805 0.542195 
 ----> 6.6#11.9#4.0#14.0#VAR 1312 1 0.455021 0.544979 
 ----> 6.6#11.9#4.0#14.0#VAR 1313 1 0.464583 0.535417 
 ----> 6.6#11.9#4.0#14.0#VAR 1314 0 0.463964 0.536036 
 ----> 6.6#11.9#4.0#14.0#VAR 1315 0 0.49954 0.50046 
 ----> 6.6#11.9#4.0#14.0#VAR 1316 0 0.479456 0.520544 
 ----> 6.6#11.9#4.0#14.0#VAR 1317 1 0.4628 0.5372 
 ----> 6.6#11.9#4.0#14.0#VAR 1318 1 0.475906 0.524094 
 ----> 6.6#11.9#4.0#14.0#VAR 1319 1 0.451028 0.548972 
 ----> 6.6#11.9#4.0#14.0#VAR 1320 0 0.47369 0.52631 
 ----> 6.6#11.9#4.0#14.0#VAR 1321 1 0.470611 0.529389 
 ----> 6.6#11.9#4.0#14.0#VAR 1322 0 0.498794 0.501206 
 ----> 6.6#11.9#4.0#14.0#VAR 1323 1 0.474112 0.525888 
 ----> 6.6#11.9#4.0#14.0#VAR 1324 0 0.497684 0.502316 
 ----> 6.6#11.9#4.0#14.0#VAR 1325 0 0.504478 0.495522 
 ----> 6.6#11.9#4.0#14.0#VAR 1326 0 0.499828 0.500172 
 ----> 6.6#11.9#4.0#14.0#VAR 1327 0 0.495041 0.504959 
 ----> 6.6#11.9#4.0#14.0#VAR 1328 0 0.494668 0.505332 
 ----> 6.6#11.9#4.0#14.0#VAR 1329 0 0.484416 0.515584 
 ----> 6.6#11.9#4.0#14.0#VAR 1330 0 0.486823 0.513177 
 ----> 6.6#11.9#4.0#14.0#VAR 1331 1 0.466637 0.533363 
 ----> 6.6#11.9#4.0#14.0#VAR 1332 0 0.481559 0.518441 
 ----> 6.6#11.9#4.0#14.0#VAR 1333 1 0.470264 0.529736 
 ----> 6.6#11.9#4.0#14.0#VAR 1334 0 0.488783 0.511217 
 ----> 6.6#11.9#4.0#14.0#VAR 1335 1 0.476467 0.523533 
 ----> 6.6#11.9#4.0#14.0#VAR 1336 0 0.491784 0.508216 
 ----> 6.6#11.9#4.0#14.0#VAR 1337 1 0.468723 0.531277 
 ----> 6.6#11.9#4.0#14.0#VAR 1338 1 0.478494 0.521506 
 ----> 6.6#11.9#4.0#14.0#VAR 1339 1 0.471572 0.528428 
 ----> 6.6#11.9#4.0#14.0#VAR 1340 1 0.491478 0.508522 
 ----> 6.6#11.9#4.0#14.0#VAR 1341 1 0.481202 0.518798 
 ----> 6.6#11.9#4.0#14.0#VAR 1342 1 0.486146 0.513854 
 ----> 6.6#11.9#4.0#14.0#VAR 1343 1 0.479085 0.520915 
 ----> 6.6#11.9#4.0#14.0#VAR 1344 0 0.476899 0.523101 
 ----> 6.6#11.9#4.0#14.0#VAR 1345 0 0.472106 0.527894 
 ----> 6.6#11.9#4.0#14.0#VAR 1346 0 0.483478 0.516522 
 ----> 6.6#11.9#4.0#14.0#VAR 1347 1 0.473112 0.526888 
 ----> 6.6#11.9#4.0#14.0#VAR 1348 0 0.491087 0.508913 
 ----> 6.6#11.9#4.0#14.0#VAR 1349 0 0.470145 0.529855 
 ----> 6.6#11.9#4.0#14.0#VAR 1350 1 0.464642 0.535358 
 ----> 6.6#11.9#4.0#14.0#VAR 1351 0 0.478904 0.521096 
 ----> 6.6#11.9#4.0#14.0#VAR 1352 0 0.486122 0.513878 
 ----> 6.6#11.9#4.0#14.0#VAR 1353 1 0.451128 0.548872 
 ----> 6.6#11.9#4.0#14.0#VAR 1354 1 0.474445 0.525555 
 ----> 6.6#11.9#4.0#14.0#VAR 1355 1 0.462356 0.537644 
 ----> 6.6#11.9#4.0#14.0#VAR 1356 0 0.49063 0.50937 
 ----> 6.6#11.9#4.0#14.0#VAR 1357 1 0.474252 0.525748 
 ----> 6.6#11.9#4.0#14.0#VAR 1358 0 0.4848 0.5152 
 ----> 6.6#11.9#4.0#14.0#VAR 1359 1 0.453551 0.546449 
 ----> 6.6#11.9#4.0#14.0#VAR 1360 0 0.479719 0.520281 
 ----> 6.6#11.9#4.0#14.0#VAR 1361 1 0.470161 0.529839 
 ----> 6.6#11.9#4.0#14.0#VAR 1362 0 0.47295 0.52705 
 ----> 6.6#11.9#4.0#14.0#VAR 1363 0 0.488075 0.511925 
 ----> 6.6#11.9#4.0#14.0#VAR 1364 1 0.460042 0.539958 
 ----> 6.6#11.9#4.0#14.0#VAR 1365 0 0.492007 0.507993 
 ----> 6.6#11.9#4.0#14.0#VAR 1366 1 0.440577 0.559423 
 ----> 6.6#11.9#4.0#14.0#VAR 1367 0 0.47982 0.52018 
 ----> 6.6#11.9#4.0#14.0#VAR 1368 0 0.502586 0.497414 
 ----> 6.6#11.9#4.0#14.0#VAR 1369 1 0.456276 0.543724 
 ----> 6.6#11.9#4.0#14.0#VAR 1370 1 0.484429 0.515571 
 ----> 6.6#11.9#4.0#14.0#VAR 1371 1 0.437234 0.562766 
 ----> 6.6#11.9#4.0#14.0#VAR 1372 0 0.485515 0.514485 
 ----> 6.6#11.9#4.0#14.0#VAR 1373 1 0.452426 0.547574 
 ----> 6.6#11.9#4.0#14.0#VAR 1374 0 0.479312 0.520688 
 ----> 6.6#11.9#4.0#14.0#VAR 1375 0 0.460394 0.539606 
 ----> 6.6#11.9#4.0#14.0#VAR 1376 1 0.478309 0.521691 
 ----> 6.6#11.9#4.0#14.0#VAR 1377 0 0.471514 0.528486 
 ----> 6.6#11.9#4.0#14.0#VAR 1378 0 0.499327 0.500673 
 ----> 6.6#11.9#4.0#14.0#VAR 1379 0 0.476269 0.523731 
 ----> 6.6#11.9#4.0#14.0#VAR 1380 0 0.475402 0.524598 
 ----> 6.6#11.9#4.0#14.0#VAR 1381 0 0.486613 0.513387 
 ----> 6.6#11.9#4.0#14.0#VAR 1382 1 0.474288 0.525712 
 ----> 6.6#11.9#4.0#14.0#VAR 1383 1 0.474903 0.525097 
 ----> 6.6#11.9#4.0#14.0#VAR 1384 1 0.448861 0.551139 
 ----> 6.6#11.9#4.0#14.0#VAR 1385 1 0.444479 0.555521 
 ----> 6.6#11.9#4.0#14.0#VAR 1386 1 0.457785 0.542215 
 ----> 6.6#11.9#4.0#14.0#VAR 1387 0 0.492045 0.507955 
 ----> 6.6#11.9#4.0#14.0#VAR 1388 1 0.437877 0.562123 
 ----> 6.6#11.9#4.0#14.0#VAR 1389 0 0.475625 0.524375 
 ----> 6.6#11.9#4.0#14.0#VAR 1390 1 0.470624 0.529376 
 ----> 6.6#11.9#4.0#14.0#VAR 1391 1 0.453014 0.546986 
 ----> 6.6#11.9#4.0#14.0#VAR 1392 1 0.464115 0.535885 
 ----> 6.6#11.9#4.0#14.0#VAR 1393 1 0.458737 0.541263 
 ----> 6.6#11.9#4.0#14.0#VAR 1394 0 0.485801 0.514199 
 ----> 6.6#11.9#4.0#14.0#VAR 1395 0 0.489852 0.510148 
 ----> 6.6#11.9#4.0#14.0#VAR 1396 1 0.479549 0.520451 
 ----> 6.6#11.9#4.0#14.0#VAR 1397 0 0.462881 0.537119 
 ----> 6.6#11.9#4.0#14.0#VAR 1398 0 0.474643 0.525357 
 ----> 6.6#11.9#4.0#14.0#VAR 1399 0 0.517167 0.482833 
 ----> 6.6#11.9#4.0#14.0#VAR 1400 0 0.468099 0.531901 
 ----> 6.6#11.9#4.0#14.0#VAR 1401 0 0.485215 0.514785 
 ----> 6.6#11.9#4.0#14.0#VAR 1402 0 0.450329 0.549671 
 ----> 6.6#11.9#4.0#14.0#VAR 1403 0 0.4986 0.5014 
 ----> 6.6#11.9#4.0#14.0#VAR 1404 1 0.460505 0.539495 
 ----> 6.6#11.9#4.0#14.0#VAR 1405 0 0.490423 0.509577 
 ----> 6.6#11.9#4.0#14.0#VAR 1406 0 0.488116 0.511884 
 ----> 6.6#11.9#4.0#14.0#VAR 1407 0 0.495204 0.504796 
 ----> 6.6#11.9#4.0#14.0#VAR 1408 0 0.482544 0.517456 
 ----> 6.6#11.9#4.0#14.0#VAR 1409 0 0.467266 0.532734 
 ----> 6.6#11.9#4.0#14.0#VAR 1410 1 0.468387 0.531613 
 ----> 6.6#11.9#4.0#14.0#VAR 1411 0 0.490541 0.509459 
 ----> 6.6#11.9#4.0#14.0#VAR 1412 0 0.511513 0.488487 
 ----> 6.6#11.9#4.0#14.0#VAR 1413 1 0.481588 0.518412 
 ----> 6.6#11.9#4.0#14.0#VAR 1414 0 0.523137 0.476863 
 ----> 6.6#11.9#4.0#14.0#VAR 1415 1 0.442617 0.557383 
 ----> 6.6#11.9#4.0#14.0#VAR 1416 0 0.523545 0.476455 
 ----> 6.6#11.9#4.0#14.0#VAR 1417 1 0.494985 0.505015 
 ----> 6.6#11.9#4.0#14.0#VAR 1418 0 0.501799 0.498201 
 ----> 6.6#11.9#4.0#14.0#VAR 1419 0 0.50507 0.49493 
 ----> 6.6#11.9#4.0#14.0#VAR 1420 0 0.477068 0.522932 
 ----> 6.6#11.9#4.0#14.0#VAR 1421 0 0.492852 0.507148 
 ----> 6.6#11.9#4.0#14.0#VAR 1422 1 0.480911 0.519089 
 ----> 6.6#11.9#4.0#14.0#VAR 1423 0 0.48483 0.51517 
 ----> 6.6#11.9#4.0#14.0#VAR 1424 0 0.486092 0.513908 
 ----> 6.6#11.9#4.0#14.0#VAR 1425 0 0.482985 0.517015 
 ----> 6.6#11.9#4.0#14.0#VAR 1426 0 0.491231 0.508769 
 ----> 6.6#11.9#4.0#14.0#VAR 1427 0 0.485869 0.514131 
 ----> 6.6#11.9#4.0#14.0#VAR 1428 0 0.465856 0.534144 
 ----> 6.6#11.9#4.0#14.0#VAR 1429 1 0.468633 0.531367 
 ----> 6.6#11.9#4.0#14.0#VAR 1430 0 0.496496 0.503504 
 ----> 6.6#11.9#4.0#14.0#VAR 1431 1 0.462887 0.537113 
 ----> 6.6#11.9#4.0#14.0#VAR 1432 0 0.47612 0.52388 
 ----> 6.6#11.9#4.0#14.0#VAR 1433 1 0.443769 0.556231 
 ----> 6.6#11.9#4.0#14.0#VAR 1434 1 0.467734 0.532266 
 ----> 6.6#11.9#4.0#14.0#VAR 1435 0 0.471562 0.528438 
 ----> 6.6#11.9#4.0#14.0#VAR 1436 1 0.457396 0.542604 
 ----> 6.6#11.9#4.0#14.0#VAR 1437 0 0.478827 0.521173 
 ----> 6.6#11.9#4.0#14.0#VAR 1438 0 0.485997 0.514003 
 ----> 6.6#11.9#4.0#14.0#VAR 1439 0 0.482983 0.517017 
 ----> 6.6#11.9#4.0#14.0#VAR 1440 1 0.462261 0.537739 
 ----> 6.6#11.9#4.0#14.0#VAR 1441 1 0.471047 0.528953 
 ----> 6.6#11.9#4.0#14.0#VAR 1442 1 0.464055 0.535945 
 ----> 6.6#11.9#4.0#14.0#VAR 1443 1 0.449286 0.550714 
 ----> 6.6#11.9#4.0#14.0#VAR 1444 0 0.486414 0.513586 
 ----> 6.6#11.9#4.0#14.0#VAR 1445 1 0.462947 0.537053 
 ----> 6.6#11.9#4.0#14.0#VAR 1446 0 0.487677 0.512323 
 ----> 6.6#11.9#4.0#14.0#VAR 1447 1 0.461239 0.538761 
 ----> 6.6#11.9#4.0#14.0#VAR 1448 0 0.489244 0.510756 
 ----> 6.6#11.9#4.0#14.0#VAR 1449 1 0.483505 0.516495 
 ----> 6.6#11.9#4.0#14.0#VAR 1450 1 0.465429 0.534571 
 ----> 6.6#11.9#4.0#14.0#VAR 1451 0 0.49035 0.50965 
 ----> 6.6#11.9#4.0#14.0#VAR 1452 0 0.489785 0.510215 
 ----> 6.6#11.9#4.0#14.0#VAR 1453 1 0.483056 0.516944 
 ----> 6.6#11.9#4.0#14.0#VAR 1454 1 0.484046 0.515954 
 ----> 6.6#11.9#4.0#14.0#VAR 1455 1 0.47495 0.52505 
 ----> 6.6#11.9#4.0#14.0#VAR 1456 0 0.49896 0.50104 
 ----> 6.6#11.9#4.0#14.0#VAR 1457 1 0.498209 0.501791 
 ----> 6.6#11.9#4.0#14.0#VAR 1458 1 0.474782 0.525218 
 ----> 6.6#11.9#4.0#14.0#VAR 1459 0 0.51232 0.48768 
 ----> 6.6#11.9#4.0#14.0#VAR 1460 0 0.47804 0.52196 
 ----> 6.6#11.9#4.0#14.0#VAR 1461 0 0.490257 0.509743 
 ----> 6.6#11.9#4.0#14.0#VAR 1462 0 0.478281 0.521719 
 ----> 6.6#11.9#4.0#14.0#VAR 1463 0 0.477384 0.522616 
 ----> 6.6#11.9#4.0#14.0#VAR 1464 1 0.483726 0.516274 
 ----> 6.6#11.9#4.0#14.0#VAR 1465 1 0.488031 0.511969 
 ----> 6.6#11.9#4.0#14.0#VAR 1466 1 0.483561 0.516439 
 ----> 6.6#11.9#4.0#14.0#VAR 1467 0 0.489726 0.510274 
 ----> 6.6#11.9#4.0#14.0#VAR 1468 0 0.460328 0.539672 
 ----> 6.6#11.9#4.0#14.0#VAR 1469 1 0.482054 0.517946 
 ----> 6.6#11.9#4.0#14.0#VAR 1470 0 0.468235 0.531765 
 ----> 6.6#11.9#4.0#14.0#VAR 1471 1 0.453783 0.546217 
 ----> 6.6#11.9#4.0#14.0#VAR 1472 0 0.445762 0.554238 
 ----> 6.6#11.9#4.0#14.0#VAR 1473 0 0.496729 0.503271 
 ----> 6.6#11.9#4.0#14.0#VAR 1474 1 0.462215 0.537785 
 ----> 6.6#11.9#4.0#14.0#VAR 1475 0 0.490898 0.509102 
 ----> 6.6#11.9#4.0#14.0#VAR 1476 1 0.482789 0.517211 
 ----> 6.6#11.9#4.0#14.0#VAR 1477 0 0.484777 0.515223 
 ----> 6.6#11.9#4.0#14.0#VAR 1478 0 0.461997 0.538003 
 ----> 6.6#11.9#4.0#14.0#VAR 1479 1 0.478034 0.521966 
 ----> 6.6#11.9#4.0#14.0#VAR 1480 0 0.467865 0.532135 
 ----> 6.6#11.9#4.0#14.0#VAR 1481 1 0.486225 0.513775 
 ----> 6.6#11.9#4.0#14.0#VAR 1482 0 0.481359 0.518641 
 ----> 6.6#11.9#4.0#14.0#VAR 1483 1 0.464605 0.535395 
 ----> 6.6#11.9#4.0#14.0#VAR 1484 0 0.477439 0.522561 
 ----> 6.6#11.9#4.0#14.0#VAR 1485 1 0.483283 0.516717 
 ----> 6.6#11.9#4.0#14.0#VAR 1486 1 0.488863 0.511137 
 ----> 6.6#11.9#4.0#14.0#VAR 1487 0 0.480364 0.519636 
 ----> 6.6#11.9#4.0#14.0#VAR 1488 1 0.491083 0.508917 
 ----> 6.6#11.9#4.0#14.0#VAR 1489 1 0.48856 0.51144 
 ----> 6.6#11.9#4.0#14.0#VAR 1490 1 0.484191 0.515809 
 ----> 6.6#11.9#4.0#14.0#VAR 1491 1 0.504114 0.495886 
 ----> 6.6#11.9#4.0#14.0#VAR 1492 1 0.479168 0.520832 
 ----> 6.6#11.9#4.0#14.0#VAR 1493 1 0.480456 0.519544 
 ----> 6.6#11.9#4.0#14.0#VAR 1494 1 0.483894 0.516106 
 ----> 6.6#11.9#4.0#14.0#VAR 1495 0 0.492294 0.507706 
 ----> 6.6#11.9#4.0#14.0#VAR 1496 0 0.511989 0.488011 
 ----> 6.6#11.9#4.0#14.0#VAR 1497 1 0.476701 0.523299 
 ----> 6.6#11.9#4.0#14.0#VAR 1498 0 0.477885 0.522115 
 ----> 6.6#11.9#4.0#14.0#VAR 1499 1 0.493057 0.506943 
 ----> 6.6#11.9#4.0#14.0#VAR 1500 0 0.459782 0.540218 
 ----> 6.6#11.9#4.0#14.0#VAR 1501 0 0.506428 0.493572 
 ----> 6.6#11.9#4.0#14.0#VAR 1502 1 0.482798 0.517202 
 ----> 6.6#11.9#4.0#14.0#VAR 1503 1 0.483082 0.516918 
 ----> 6.6#11.9#4.0#14.0#VAR 1504 1 0.505864 0.494136 
 ----> 6.6#11.9#4.0#14.0#VAR 1505 1 0.475034 0.524966 
 ----> 6.6#11.9#4.0#14.0#VAR 1506 1 0.470868 0.529132 
 ----> 6.6#11.9#4.0#14.0#VAR 1507 1 0.483731 0.516269 
 ----> 6.6#11.9#4.0#14.0#VAR 1508 0 0.474578 0.525422 
 ----> 6.6#11.9#4.0#14.0#VAR 1509 0 0.482053 0.517947 
 ----> 6.6#11.9#4.0#14.0#VAR 1510 0 0.486946 0.513054 
 ----> 6.6#11.9#4.0#14.0#VAR 1511 0 0.482012 0.517988 
 ----> 6.6#11.9#4.0#14.0#VAR 1512 0 0.491718 0.508282 
 ----> 6.6#11.9#4.0#14.0#VAR 1513 0 0.501801 0.498199 
 ----> 6.6#11.9#4.0#14.0#VAR 1514 0 0.478856 0.521144 
 ----> 6.6#11.9#4.0#14.0#VAR 1515 0 0.478389 0.521611 
 ----> 6.6#11.9#4.0#14.0#VAR 1516 1 0.488491 0.511509 
 ----> 6.6#11.9#4.0#14.0#VAR 1517 0 0.481518 0.518482 
 ----> 6.6#11.9#4.0#14.0#VAR 1518 0 0.483969 0.516031 
 ----> 6.6#11.9#4.0#14.0#VAR 1519 0 0.484137 0.515863 
 ----> 6.6#11.9#4.0#14.0#VAR 1520 0 0.485523 0.514477 
 ----> 6.6#11.9#4.0#14.0#VAR 1521 0 0.481027 0.518973 
 ----> 6.6#11.9#4.0#14.0#VAR 1522 0 0.492074 0.507926 
 ----> 6.6#11.9#4.0#14.0#VAR 1523 1 0.478761 0.521239 
 ----> 6.6#11.9#4.0#14.0#VAR 1524 0 0.485909 0.514091 
 ----> 6.6#11.9#4.0#14.0#VAR 1525 0 0.490494 0.509506 
 ----> 6.6#11.9#4.0#14.0#VAR 1526 0 0.48334 0.51666 
 ----> 6.6#11.9#4.0#14.0#VAR 1527 0 0.477811 0.522189 
 ----> 6.6#11.9#4.0#14.0#VAR 1528 0 0.504619 0.495381 
 ----> 6.6#11.9#4.0#14.0#VAR 1529 1 0.494953 0.505047 
 ----> 6.6#11.9#4.0#14.0#VAR 1530 0 0.49335 0.50665 
 ----> 6.6#11.9#4.0#14.0#VAR 1531 1 0.485633 0.514367 
 ----> 6.6#11.9#4.0#14.0#VAR 1532 0 0.488717 0.511283 
 ----> 6.6#11.9#4.0#14.0#VAR 1533 1 0.503612 0.496388 
 ----> 6.6#11.9#4.0#14.0#VAR 1534 1 0.486194 0.513806 
 ----> 6.6#11.9#4.0#14.0#VAR 1535 1 0.496552 0.503448 
 ----> 6.6#11.9#4.0#14.0#VAR 1536 1 0.478921 0.521079 
 ----> 6.6#11.9#4.0#14.0#VAR 1537 1 0.50188 0.49812 
 ----> 6.6#11.9#4.0#14.0#VAR 1538 1 0.503897 0.496103 
 ----> 6.6#11.9#4.0#14.0#VAR 1539 0 0.512097 0.487903 
 ----> 6.6#11.9#4.0#14.0#VAR 1540 1 0.49224 0.50776 
 ----> 6.6#11.9#4.0#14.0#VAR 1541 0 0.485762 0.514238 
 ----> 6.6#11.9#4.0#14.0#VAR 1542 0 0.490343 0.509657 
 ----> 6.6#11.9#4.0#14.0#VAR 1543 0 0.505165 0.494835 
 ----> 6.6#11.9#4.0#14.0#VAR 1544 0 0.460408 0.539592 
 ----> 6.6#11.9#4.0#14.0#VAR 1545 0 0.502882 0.497118 
 ----> 6.6#11.9#4.0#14.0#VAR 1546 1 0.495258 0.504742 
 ----> 6.6#11.9#4.0#14.0#VAR 1547 0 0.488822 0.511178 
 ----> 6.6#11.9#4.0#14.0#VAR 1548 1 0.471355 0.528645 
 ----> 6.6#11.9#4.0#14.0#VAR 1549 0 0.483856 0.516144 
 ----> 6.6#11.9#4.0#14.0#VAR 1550 0 0.49452 0.50548 
 ----> 6.6#11.9#4.0#14.0#VAR 1551 0 0.476661 0.523339 
 ----> 6.6#11.9#4.0#14.0#VAR 1552 0 0.508066 0.491934 
 ----> 6.6#11.9#4.0#14.0#VAR 1553 0 0.486692 0.513308 
 ----> 6.6#11.9#4.0#14.0#VAR 1554 1 0.488055 0.511945 
 ----> 6.6#11.9#4.0#14.0#VAR 1555 1 0.489141 0.510859 
 ----> 6.6#11.9#4.0#14.0#VAR 1556 1 0.490366 0.509634 
 ----> 6.6#11.9#4.0#14.0#VAR 1557 0 0.491108 0.508892 
 ----> 6.6#11.9#4.0#14.0#VAR 1558 0 0.504165 0.495835 
 ----> 6.6#11.9#4.0#14.0#VAR 1559 1 0.497666 0.502334 
 ----> 6.6#11.9#4.0#14.0#VAR 1560 1 0.485545 0.514455 
 ----> 6.6#11.9#4.0#14.0#VAR 1561 0 0.512848 0.487152 
 ----> 6.6#11.9#4.0#14.0#VAR 1562 0 0.506209 0.493791 
 ----> 6.6#11.9#4.0#14.0#VAR 1563 1 0.485859 0.514141 
 ----> 6.6#11.9#4.0#14.0#VAR 1564 0 0.496939 0.503061 
 ----> 6.6#11.9#4.0#14.0#VAR 1565 0 0.493113 0.506887 
 ----> 6.6#11.9#4.0#14.0#VAR 1566 0 0.485209 0.514791 
 ----> 6.6#11.9#4.0#14.0#VAR 1567 1 0.495495 0.504505 
 ----> 6.6#11.9#4.0#14.0#VAR 1568 0 0.483808 0.516192 
 ----> 6.6#11.9#4.0#14.0#VAR 1569 0 0.481144 0.518856 
 ----> 6.6#11.9#4.0#14.0#VAR 1570 1 0.490475 0.509525 
 ----> 6.6#11.9#4.0#14.0#VAR 1571 1 0.500692 0.499308 
 ----> 6.6#11.9#4.0#14.0#VAR 1572 0 0.500918 0.499082 
 ----> 6.6#11.9#4.0#14.0#VAR 1573 0 0.499512 0.500488 
 ----> 6.6#11.9#4.0#14.0#VAR 1574 1 0.496487 0.503513 
 ----> 6.6#11.9#4.0#14.0#VAR 1575 0 0.485004 0.514996 
 ----> 6.6#11.9#4.0#14.0#VAR 1576 1 0.494933 0.505067 
 ----> 6.6#11.9#4.0#14.0#VAR 1577 1 0.493656 0.506344 
 ----> 6.6#11.9#4.0#14.0#VAR 1578 0 0.471936 0.528064 
 ----> 6.6#11.9#4.0#14.0#VAR 1579 0 0.49212 0.50788 
 ----> 6.6#11.9#4.0#14.0#VAR 1580 0 0.495828 0.504172 
 ----> 6.6#11.9#4.0#14.0#VAR 1581 0 0.486101 0.513899 
 ----> 6.6#11.9#4.0#14.0#VAR 1582 1 0.47172 0.52828 
 ----> 6.6#11.9#4.0#14.0#VAR 1583 1 0.490888 0.509112 
 ----> 6.6#11.9#4.0#14.0#VAR 1584 0 0.480264 0.519736 
 ----> 6.6#11.9#4.0#14.0#VAR 1585 0 0.478292 0.521708 
 ----> 6.6#11.9#4.0#14.0#VAR 1586 0 0.466732 0.533268 
 ----> 6.6#11.9#4.0#14.0#VAR 1587 0 0.474979 0.525021 
 ----> 6.6#11.9#4.0#14.0#VAR 1588 0 0.499757 0.500243 
 ----> 6.6#11.9#4.0#14.0#VAR 1589 0 0.494684 0.505316 
 ----> 6.6#11.9#4.0#14.0#VAR 1590 1 0.488564 0.511436 
 ----> 6.6#11.9#4.0#14.0#VAR 1591 0 0.497764 0.502236 
 ----> 6.6#11.9#4.0#14.0#VAR 1592 0 0.482185 0.517815 
 ----> 6.6#11.9#4.0#14.0#VAR 1593 1 0.493662 0.506338 
 ----> 6.6#11.9#4.0#14.0#VAR 1594 1 0.482289 0.517711 
 ----> 6.6#11.9#4.0#14.0#VAR 1595 1 0.484099 0.515901 
 ----> 6.6#11.9#4.0#14.0#VAR 1596 1 0.46221 0.53779 
 ----> 6.6#11.9#4.0#14.0#VAR 1597 0 0.50459 0.49541 
 ----> 6.6#11.9#4.0#14.0#VAR 1598 1 0.47434 0.52566 
 ----> 6.6#11.9#4.0#14.0#VAR 1599 0 0.494987 0.505013 
 ----> 6.6#11.9#4.0#14.0#VAR 1600 0 0.48243 0.51757 
 ----> 6.6#11.9#4.0#14.0#VAR 1601 0 0.468374 0.531626 
 ----> 6.6#11.9#4.0#14.0#VAR 1602 1 0.4949 0.5051 
 ----> 6.6#11.9#4.0#14.0#VAR 1603 0 0.491025 0.508975 
 ----> 6.6#11.9#4.0#14.0#VAR 1604 0 0.477031 0.522969 
 ----> 6.6#11.9#4.0#14.0#VAR 1605 0 0.485725 0.514275 
 ----> 6.6#11.9#4.0#14.0#VAR 1606 1 0.512487 0.487513 
 ----> 6.6#11.9#4.0#14.0#VAR 1607 0 0.500933 0.499067 
 ----> 6.6#11.9#4.0#14.0#VAR 1608 0 0.497035 0.502965 
 ----> 6.6#11.9#4.0#14.0#VAR 1609 0 0.488176 0.511824 
 ----> 6.6#11.9#4.0#14.0#VAR 1610 0 0.505497 0.494503 
 ----> 6.6#11.9#4.0#14.0#VAR 1611 1 0.492833 0.507167 
 ----> 6.6#11.9#4.0#14.0#VAR 1612 1 0.496645 0.503355 
 ----> 6.6#11.9#4.0#14.0#VAR 1613 1 0.481321 0.518679 
 ----> 6.6#11.9#4.0#14.0#VAR 1614 0 0.48088 0.51912 
 ----> 6.6#11.9#4.0#14.0#VAR 1615 0 0.486613 0.513387 
 ----> 6.6#11.9#4.0#14.0#VAR 1616 0 0.501653 0.498347 
 ----> 6.6#11.9#4.0#14.0#VAR 1617 0 0.466895 0.533105 
 ----> 6.6#11.9#4.0#14.0#VAR 1618 1 0.488521 0.511479 
 ----> 6.6#11.9#4.0#14.0#VAR 1619 0 0.492135 0.507865 
 ----> 6.6#11.9#4.0#14.0#VAR 1620 1 0.485382 0.514618 
 ----> 6.6#11.9#4.0#14.0#VAR 1621 1 0.49048 0.50952 
 ----> 6.6#11.9#4.0#14.0#VAR 1622 0 0.500507 0.499493 
 ----> 6.6#11.9#4.0#14.0#VAR 1623 0 0.501068 0.498932 
 ----> 6.6#11.9#4.0#14.0#VAR 1624 0 0.494544 0.505456 
 ----> 6.6#11.9#4.0#14.0#VAR 1625 1 0.492691 0.507309 
 ----> 6.6#11.9#4.0#14.0#VAR 1626 0 0.500302 0.499698 
 ----> 6.6#11.9#4.0#14.0#VAR 1627 1 0.497676 0.502324 
 ----> 6.6#11.9#4.0#14.0#VAR 1628 0 0.49971 0.50029 
 ----> 6.6#11.9#4.0#14.0#VAR 1629 1 0.493028 0.506972 
 ----> 6.6#11.9#4.0#14.0#VAR 1630 1 0.510917 0.489083 
 ----> 6.6#11.9#4.0#14.0#VAR 1631 1 0.502917 0.497083 
 ----> 6.6#11.9#4.0#14.0#VAR 1632 0 0.501352 0.498648 
 ----> 6.6#11.9#4.0#14.0#VAR 1633 0 0.49871 0.50129 
 ----> 6.6#11.9#4.0#14.0#VAR 1634 1 0.488869 0.511131 
 ----> 6.6#11.9#4.0#14.0#VAR 1635 0 0.514952 0.485048 
 ----> 6.6#11.9#4.0#14.0#VAR 1636 0 0.484894 0.515106 
 ----> 6.6#11.9#4.0#14.0#VAR 1637 0 0.490083 0.509917 
 ----> 6.6#11.9#4.0#14.0#VAR 1638 0 0.481478 0.518522 
 ----> 6.6#11.9#4.0#14.0#VAR 1639 0 0.496182 0.503818 
 ----> 6.6#11.9#4.0#14.0#VAR 1640 1 0.485885 0.514115 
 ----> 6.6#11.9#4.0#14.0#VAR 1641 1 0.507449 0.492551 
 ----> 6.6#11.9#4.0#14.0#VAR 1642 0 0.511095 0.488905 
 ----> 6.6#11.9#4.0#14.0#VAR 1643 1 0.493563 0.506437 
 ----> 6.6#11.9#4.0#14.0#VAR 1644 1 0.505057 0.494943 
 ----> 6.6#11.9#4.0#14.0#VAR 1645 0 0.486056 0.513944 
 ----> 6.6#11.9#4.0#14.0#VAR 1646 0 0.499645 0.500355 
 ----> 6.6#11.9#4.0#14.0#VAR 1647 0 0.485088 0.514912 
 ----> 6.6#11.9#4.0#14.0#VAR 1648 0 0.472494 0.527506 
 ----> 6.6#11.9#4.0#14.0#VAR 1649 0 0.490475 0.509525 
 ----> 6.6#11.9#4.0#14.0#VAR 1650 1 0.475208 0.524792 
 ----> 6.6#11.9#4.0#14.0#VAR 1651 1 0.496042 0.503958 
 ----> 6.6#11.9#4.0#14.0#VAR 1652 1 0.485415 0.514585 
 ----> 6.6#11.9#4.0#14.0#VAR 1653 1 0.495303 0.504697 
 ----> 6.6#11.9#4.0#14.0#VAR 1654 0 0.508505 0.491495 
 ----> 6.6#11.9#4.0#14.0#VAR 1655 1 0.490781 0.509219 
 ----> 6.6#11.9#4.0#14.0#VAR 1656 1 0.510253 0.489747 
 ----> 6.6#11.9#4.0#14.0#VAR 1657 0 0.516778 0.483222 
 ----> 6.6#11.9#4.0#14.0#VAR 1658 1 0.499252 0.500748 
 ----> 6.6#11.9#4.0#14.0#VAR 1659 0 0.500315 0.499685 
 ----> 6.6#11.9#4.0#14.0#VAR 1660 0 0.500641 0.499359 
 ----> 6.6#11.9#4.0#14.0#VAR 1661 1 0.493887 0.506113 
 ----> 6.6#11.9#4.0#14.0#VAR 1662 0 0.499563 0.500437 
 ----> 6.6#11.9#4.0#14.0#VAR 1663 0 0.487105 0.512895 
 ----> 6.6#11.9#4.0#14.0#VAR 1664 0 0.499844 0.500156 
 ----> 6.6#11.9#4.0#14.0#VAR 1665 0 0.507473 0.492527 
 ----> 6.6#11.9#4.0#14.0#VAR 1666 0 0.510546 0.489454 
 ----> 6.6#11.9#4.0#14.0#VAR 1667 1 0.505604 0.494396 
 ----> 6.6#11.9#4.0#14.0#VAR 1668 1 0.494788 0.505212 
 ----> 6.6#11.9#4.0#14.0#VAR 1669 0 0.475733 0.524267 
 ----> 6.6#11.9#4.0#14.0#VAR 1670 0 0.499006 0.500994 
 ----> 6.6#11.9#4.0#14.0#VAR 1671 0 0.511165 0.488835 
 ----> 6.6#11.9#4.0#14.0#VAR 1672 0 0.499896 0.500104 
 ----> 6.6#11.9#4.0#14.0#VAR 1673 0 0.501347 0.498653 
 ----> 6.6#11.9#4.0#14.0#VAR 1674 0 0.494233 0.505767 
 ----> 6.6#11.9#4.0#14.0#VAR 1675 1 0.488592 0.511408 
 ----> 6.6#11.9#4.0#14.0#VAR 1676 1 0.50535 0.49465 
 ----> 6.6#11.9#4.0#14.0#VAR 1677 1 0.500776 0.499224 
 ----> 6.6#11.9#4.0#14.0#VAR 1678 0 0.498987 0.501013 
 ----> 6.6#11.9#4.0#14.0#VAR 1679 0 0.492433 0.507567 
 ----> 6.6#11.9#4.0#14.0#VAR 1680 0 0.500671 0.499329 
 ----> 6.6#11.9#4.0#14.0#VAR 1681 0 0.499807 0.500193 
 ----> 6.6#11.9#4.0#14.0#VAR 1682 0 0.494011 0.505989 
 ----> 6.6#11.9#4.0#14.0#VAR 1683 0 0.514571 0.485429 
 ----> 6.6#11.9#4.0#14.0#VAR 1684 0 0.500859 0.499141 
 ----> 6.6#11.9#4.0#14.0#VAR 1685 1 0.504352 0.495648 
 ----> 6.6#11.9#4.0#14.0#VAR 1686 0 0.507725 0.492275 
 ----> 6.6#11.9#4.0#14.0#VAR 1687 1 0.504449 0.495551 
 ----> 6.6#11.9#4.0#14.0#VAR 1688 0 0.509513 0.490487 
 ----> 6.6#11.9#4.0#14.0#VAR 1689 0 0.515131 0.484869 
 ----> 6.6#11.9#4.0#14.0#VAR 1690 0 0.504823 0.495177 
 ----> 6.6#11.9#4.0#14.0#VAR 1691 0 0.508342 0.491658 
 ----> 6.6#11.9#4.0#14.0#VAR 1692 0 0.480986 0.519014 
 ----> 6.6#11.9#4.0#14.0#VAR 1693 1 0.484167 0.515833 
 ----> 6.6#11.9#4.0#14.0#VAR 1694 1 0.505208 0.494792 
 ----> 6.6#11.9#4.0#14.0#VAR 1695 1 0.499215 0.500785 
 ----> 6.6#11.9#4.0#14.0#VAR 1696 0 0.503358 0.496642 
 ----> 6.6#11.9#4.0#14.0#VAR 1697 0 0.498489 0.501511 
 ----> 6.6#11.9#4.0#14.0#VAR 1698 0 0.494839 0.505161 
 ----> 6.6#11.9#4.0#14.0#VAR 1699 0 0.500364 0.499636 
 ----> 6.6#11.9#4.0#14.0#VAR 1700 0 0.491552 0.508448 
 ----> 6.6#11.9#4.0#14.0#VAR 1701 0 0.500039 0.499961 
 ----> 6.6#11.9#4.0#14.0#VAR 1702 0 0.475781 0.524219 
 ----> 6.6#11.9#4.0#14.0#VAR 1703 0 0.509606 0.490394 
 ----> 6.6#11.9#4.0#14.0#VAR 1704 0 0.517423 0.482577 
 ----> 6.6#11.9#4.0#14.0#VAR 1705 0 0.511183 0.488817 
 ----> 6.6#11.9#4.0#14.0#VAR 1706 0 0.514709 0.485291 
 ----> 6.6#11.9#4.0#14.0#VAR 1707 0 0.509768 0.490232 
 ----> 6.6#11.9#4.0#14.0#VAR 1708 0 0.502026 0.497974 
 ----> 6.6#11.9#4.0#14.0#VAR 1709 0 0.49611 0.50389 
 ----> 6.6#11.9#4.0#14.0#VAR 1710 0 0.475852 0.524148 
 ----> 6.6#11.9#4.0#14.0#VAR 1711 0 0.497605 0.502395 
 ----> 6.6#11.9#4.0#14.0#VAR 1712 0 0.495483 0.504517 
 ----> 6.6#11.9#4.0#14.0#VAR 1713 1 0.50523 0.49477 
 ----> 6.6#11.9#4.0#14.0#VAR 1714 0 0.492907 0.507093 
 ----> 6.6#11.9#4.0#14.0#VAR 1715 0 0.499793 0.500207 
 ----> 6.6#11.9#4.0#14.0#VAR 1716 0 0.504741 0.495259 
 ----> 6.6#11.9#4.0#14.0#VAR 1717 0 0.506326 0.493674 
 ----> 6.6#11.9#4.0#14.0#VAR 1718 0 0.505534 0.494466 
 ----> 6.6#11.9#4.0#14.0#VAR 1719 0 0.517533 0.482467 
 ----> 6.6#11.9#4.0#14.0#VAR 1720 0 0.512412 0.487588 
 ----> 6.6#11.9#4.0#14.0#VAR 1721 0 0.514878 0.485122 
 ----> 6.6#11.9#4.0#14.0#VAR 1722 0 0.507341 0.492659 
 ----> 6.6#11.9#4.0#14.0#VAR 1723 1 0.510983 0.489017 
 ----> 6.6#11.9#4.0#14.0#VAR 1724 1 0.505928 0.494072 
 ----> 6.6#11.9#4.0#14.0#VAR 1725 1 0.502817 0.497183 
 ----> 6.6#11.9#4.0#14.0#VAR 1726 0 0.486804 0.513196 
 ----> 6.6#11.9#4.0#14.0#VAR 1727 0 0.491585 0.508415 
 ----> 6.6#11.9#4.0#14.0#VAR 1728 0 0.507746 0.492254 
 ----> 6.6#11.9#4.0#14.0#VAR 1729 0 0.50555 0.49445 
 ----> 6.6#11.9#4.0#14.0#VAR 1730 1 0.504846 0.495154 
 ----> 6.6#11.9#4.0#14.0#VAR 1731 1 0.51299 0.48701 
 ----> 6.6#11.9#4.0#14.0#VAR 1732 0 0.516769 0.483231 
 ----> 6.6#11.9#4.0#14.0#VAR 1733 0 0.515123 0.484877 
 ----> 6.6#11.9#4.0#14.0#VAR 1734 0 0.508445 0.491555 
 ----> 6.6#11.9#4.0#14.0#VAR 1735 0 0.507566 0.492434 
 ----> 6.6#11.9#4.0#14.0#VAR 1736 0 0.493405 0.506595 
 ----> 6.6#11.9#4.0#14.0#VAR 1737 1 0.512482 0.487518 
 ----> 6.6#11.9#4.0#14.0#VAR 1738 0 0.498957 0.501043 
 ----> 6.6#11.9#4.0#14.0#VAR 1739 0 0.515116 0.484884 
 ----> 6.6#11.9#4.0#14.0#VAR 1740 0 0.506176 0.493824 
 ----> 6.6#11.9#4.0#14.0#VAR 1741 1 0.50625 0.49375 
 ----> 6.6#11.9#4.0#14.0#VAR 1742 0 0.492295 0.507705 
 ----> 6.6#11.9#4.0#14.0#VAR 1743 0 0.492896 0.507104 
 ----> 6.6#11.9#4.0#14.0#VAR 1744 0 0.503046 0.496954 
 ----> 6.6#11.9#4.0#14.0#VAR 1745 0 0.509731 0.490269 
 ----> 6.6#11.9#4.0#14.0#VAR 1746 1 0.493558 0.506442 
 ----> 6.6#11.9#4.0#14.0#VAR 1747 1 0.497373 0.502627 
 ----> 6.6#11.9#4.0#14.0#VAR 1748 1 0.51517 0.48483 
 ----> 6.6#11.9#4.0#14.0#VAR 1749 1 0.504051 0.495949 
 ----> 6.6#11.9#4.0#14.0#VAR 1750 1 0.493391 0.506609 
 ----> 6.6#11.9#4.0#14.0#VAR 1751 1 0.496589 0.503411 
 ----> 6.6#11.9#4.0#14.0#VAR 1752 1 0.493322 0.506678 
 ----> 6.6#11.9#4.0#14.0#VAR 1753 1 0.497625 0.502375 
 ----> 6.6#11.9#4.0#14.0#VAR 1754 0 0.500046 0.499954 
 ----> 6.6#11.9#4.0#14.0#VAR 1755 0 0.493738 0.506262 
 ----> 6.6#11.9#4.0#14.0#VAR 1756 0 0.500279 0.499721 
 ----> 6.6#11.9#4.0#14.0#VAR 1757 1 0.490777 0.509223 
 ----> 6.6#11.9#4.0#14.0#VAR 1758 1 0.505011 0.494989 
 ----> 6.6#11.9#4.0#14.0#VAR 1759 1 0.498928 0.501072 
 ----> 6.6#11.9#4.0#14.0#VAR 1760 0 0.499858 0.500142 
 ----> 6.6#11.9#4.0#14.0#VAR 1761 0 0.493297 0.506703 
 ----> 6.6#11.9#4.0#14.0#VAR 1762 1 0.493403 0.506597 
 ----> 6.6#11.9#4.0#14.0#VAR 1763 1 0.498326 0.501674 
 ----> 6.6#11.9#4.0#14.0#VAR 1764 1 0.496855 0.503145 
 ----> 6.6#11.9#4.0#14.0#VAR 1765 1 0.49629 0.50371 
 ----> 6.6#11.9#4.0#14.0#VAR 1766 0 0.50554 0.49446 
 ----> 6.6#11.9#4.0#14.0#VAR 1767 0 0.499348 0.500652 
 ----> 6.6#11.9#4.0#14.0#VAR 1768 0 0.505184 0.494816 
 ----> 6.6#11.9#4.0#14.0#VAR 1769 1 0.500475 0.499525 
 ----> 6.6#11.9#4.0#14.0#VAR 1770 0 0.500069 0.499931 
 ----> 6.6#11.9#4.0#14.0#VAR 1771 1 0.496719 0.503281 
 ----> 6.6#11.9#4.0#14.0#VAR 1772 0 0.505564 0.494436 
 ----> 6.6#11.9#4.0#14.0#VAR 1773 1 0.48996 0.51004 
 ----> 6.6#11.9#4.0#14.0#VAR 1774 1 0.500395 0.499605 
 ----> 6.6#11.9#4.0#14.0#VAR 1775 0 0.49047 0.50953 
 ----> 6.6#11.9#4.0#14.0#VAR 1776 0 0.484613 0.515387 
 ----> 6.6#11.9#4.0#14.0#VAR 1777 1 0.488093 0.511907 
 ----> 6.6#11.9#4.0#14.0#VAR 1778 0 0.509827 0.490173 
 ----> 6.6#11.9#4.0#14.0#VAR 1779 1 0.476052 0.523948 
 ----> 6.6#11.9#4.0#14.0#VAR 1780 1 0.502568 0.497432 
 ----> 6.6#11.9#4.0#14.0#VAR 1781 1 0.510489 0.489511 
 ----> 6.6#11.9#4.0#14.0#VAR 1782 0 0.498573 0.501427 
 ----> 6.6#11.9#4.0#14.0#VAR 1783 0 0.504026 0.495974 
 ----> 6.6#11.9#4.0#14.0#VAR 1784 1 0.519734 0.480266 
 ----> 6.6#11.9#4.0#14.0#VAR 1785 1 0.509111 0.490889 
 ----> 6.6#11.9#4.0#14.0#VAR 1786 0 0.494492 0.505508 
 ----> 6.6#11.9#4.0#14.0#VAR 1787 0 0.510235 0.489765 
 ----> 6.6#11.9#4.0#14.0#VAR 1788 0 0.491754 0.508246 
 ----> 6.6#11.9#4.0#14.0#VAR 1789 1 0.508857 0.491143 
 ----> 6.6#11.9#4.0#14.0#VAR 1790 1 0.499282 0.500718 
 ----> 6.6#11.9#4.0#14.0#VAR 1791 1 0.504206 0.495794 
 ----> 6.6#11.9#4.0#14.0#VAR 1792 1 0.514154 0.485846 
 ----> 6.6#11.9#4.0#14.0#VAR 1793 0 0.502575 0.497425 
 ----> 6.6#11.9#4.0#14.0#VAR 1794 1 0.508094 0.491906 
 ----> 6.6#11.9#4.0#14.0#VAR 1795 0 0.49455 0.50545 
 ----> 6.6#11.9#4.0#14.0#VAR 1796 1 0.498253 0.501747 
 ----> 6.6#11.9#4.0#14.0#VAR 1797 0 0.503962 0.496038 
 ----> 6.6#11.9#4.0#14.0#VAR 1798 0 0.506268 0.493732 
 ----> 6.6#11.9#4.0#14.0#VAR 1799 0 0.503559 0.496441 
 ----> 6.6#11.9#4.0#14.0#VAR 1800 0 0.524922 0.475078 
 ----> 6.6#11.9#4.0#14.0#VAR 1801 0 0.5174 0.4826 
 ----> 6.6#11.9#4.0#14.0#VAR 1802 0 0.492542 0.507458 
 ----> 6.6#11.9#4.0#14.0#VAR 1803 0 0.536295 0.463705 
 ----> 6.6#11.9#4.0#14.0#VAR 1804 0 0.496811 0.503189 
 ----> 6.6#11.9#4.0#14.0#VAR 1805 1 0.505255 0.494745 
 ----> 6.6#11.9#4.0#14.0#VAR 1806 0 0.49519 0.50481 
 ----> 6.6#11.9#4.0#14.0#VAR 1807 1 0.510556 0.489444 
 ----> 6.6#11.9#4.0#14.0#VAR 1808 0 0.477582 0.522418 
 ----> 6.6#11.9#4.0#14.0#VAR 1809 0 0.494138 0.505862 
 ----> 6.6#11.9#4.0#14.0#VAR 1810 1 0.489854 0.510146 
 ----> 6.6#11.9#4.0#14.0#VAR 1811 0 0.501877 0.498123 
 ----> 6.6#11.9#4.0#14.0#VAR 1812 0 0.506449 0.493551 
 ----> 6.6#11.9#4.0#14.0#VAR 1813 0 0.502749 0.497251 
 ----> 6.6#11.9#4.0#14.0#VAR 1814 1 0.500512 0.499488 
 ----> 6.6#11.9#4.0#14.0#VAR 1815 0 0.503756 0.496244 
 ----> 6.6#11.9#4.0#14.0#VAR 1816 0 0.49232 0.50768 
 ----> 6.6#11.9#4.0#14.0#VAR 1817 0 0.500529 0.499471 
 ----> 6.6#11.9#4.0#14.0#VAR 1818 1 0.495625 0.504375 
 ----> 6.6#11.9#4.0#14.0#VAR 1819 0 0.505033 0.494967 
 ----> 6.6#11.9#4.0#14.0#VAR 1820 1 0.520652 0.479348 
 ----> 6.6#11.9#4.0#14.0#VAR 1821 0 0.515223 0.484777 
 ----> 6.6#11.9#4.0#14.0#VAR 1822 1 0.48676 0.51324 
 ----> 6.6#11.9#4.0#14.0#VAR 1823 0 0.50482 0.49518 
 ----> 6.6#11.9#4.0#14.0#VAR 1824 1 0.496477 0.503523 
 ----> 6.6#11.9#4.0#14.0#VAR 1825 1 0.509333 0.490667 
 ----> 6.6#11.9#4.0#14.0#VAR 1826 1 0.500138 0.499862 
 ++++> 6.6#11.9#4.0#14.0#VAR 1827  0 0.492374 0.507626 
