 ----> 6.6#11.9#4.0#14.0#VAR 7 1 0.528449 0.471551 
 ----> 6.6#11.9#4.0#14.0#VAR 8 1 0.511504 0.488496 
 ----> 6.6#11.9#4.0#14.0#VAR 9 1 0.538751 0.461249 
 ----> 6.6#11.9#4.0#14.0#VAR 10 1 0.457031 0.542969 
 ----> 6.6#11.9#4.0#14.0#VAR 11 1 0.4893 0.5107 
 ----> 6.6#11.9#4.0#14.0#VAR 12 0 0.453316 0.546684 
 ----> 6.6#11.9#4.0#14.0#VAR 13 1 0.433506 0.566494 
 ----> 6.6#11.9#4.0#14.0#VAR 14 0 0.458195 0.541805 
 ----> 6.6#11.9#4.0#14.0#VAR 15 1 0.419982 0.580018 
 ----> 6.6#11.9#4.0#14.0#VAR 16 1 0.433547 0.566453 
 ----> 6.6#11.9#4.0#14.0#VAR 17 1 0.45 0.55 
 ----> 6.6#11.9#4.0#14.0#VAR 18 1 0.448654 0.551346 
 ----> 6.6#11.9#4.0#14.0#VAR 19 1 0.453696 0.546304 
 ----> 6.6#11.9#4.0#14.0#VAR 20 1 0.37948 0.62052 
 ----> 6.6#11.9#4.0#14.0#VAR 21 0 0.530577 0.469423 
 ----> 6.6#11.9#4.0#14.0#VAR 22 1 0.466855 0.533145 
 ----> 6.6#11.9#4.0#14.0#VAR 23 0 0.459947 0.540053 
 ----> 6.6#11.9#4.0#14.0#VAR 24 0 0.450073 0.549927 
 ----> 6.6#11.9#4.0#14.0#VAR 25 0 0.4541 0.5459 
 ----> 6.6#11.9#4.0#14.0#VAR 26 0 0.473073 0.526927 
 ----> 6.6#11.9#4.0#14.0#VAR 27 0 0.47791 0.52209 
 ----> 6.6#11.9#4.0#14.0#VAR 28 1 0.482196 0.517804 
 ----> 6.6#11.9#4.0#14.0#VAR 29 1 0.437605 0.562395 
 ----> 6.6#11.9#4.0#14.0#VAR 30 1 0.51518 0.48482 
 ----> 6.6#11.9#4.0#14.0#VAR 31 0 0.482648 0.517352 
 ----> 6.6#11.9#4.0#14.0#VAR 32 0 0.477252 0.522748 
 ----> 6.6#11.9#4.0#14.0#VAR 33 0 0.480649 0.519351 
 ----> 6.6#11.9#4.0#14.0#VAR 34 1 0.491367 0.508633 
 ----> 6.6#11.9#4.0#14.0#VAR 35 0 0.487616 0.512384 
 ----> 6.6#11.9#4.0#14.0#VAR 36 1 0.474681 0.525319 
 ----> 6.6#11.9#4.0#14.0#VAR 37 1 0.480992 0.519008 
 ----> 6.6#11.9#4.0#14.0#VAR 38 1 0.473564 0.526436 
 ----> 6.6#11.9#4.0#14.0#VAR 39 0 0.503325 0.496675 
 ----> 6.6#11.9#4.0#14.0#VAR 40 0 0.483656 0.516344 
 ----> 6.6#11.9#4.0#14.0#VAR 41 1 0.489185 0.510815 
 ----> 6.6#11.9#4.0#14.0#VAR 42 1 0.487315 0.512685 
 ----> 6.6#11.9#4.0#14.0#VAR 43 1 0.505806 0.494194 
 ----> 6.6#11.9#4.0#14.0#VAR 44 1 0.494207 0.505793 
 ----> 6.6#11.9#4.0#14.0#VAR 45 1 0.491917 0.508083 
 ----> 6.6#11.9#4.0#14.0#VAR 46 1 0.485833 0.514167 
 ----> 6.6#11.9#4.0#14.0#VAR 47 1 0.504734 0.495266 
 ----> 6.6#11.9#4.0#14.0#VAR 48 0 0.48921 0.51079 
 ----> 6.6#11.9#4.0#14.0#VAR 49 0 0.490545 0.509455 
 ----> 6.6#11.9#4.0#14.0#VAR 50 1 0.489912 0.510088 
 ----> 6.6#11.9#4.0#14.0#VAR 51 1 0.478728 0.521272 
 ----> 6.6#11.9#4.0#14.0#VAR 52 1 0.494766 0.505234 
 ----> 6.6#11.9#4.0#14.0#VAR 53 1 0.48822 0.51178 
 ----> 6.6#11.9#4.0#14.0#VAR 54 1 0.496351 0.503649 
 ----> 6.6#11.9#4.0#14.0#VAR 55 1 0.504861 0.495139 
 ----> 6.6#11.9#4.0#14.0#VAR 56 1 0.489387 0.510613 
 ----> 6.6#11.9#4.0#14.0#VAR 57 1 0.506801 0.493199 
 ----> 6.6#11.9#4.0#14.0#VAR 58 1 0.480444 0.519556 
 ----> 6.6#11.9#4.0#14.0#VAR 59 1 0.483152 0.516848 
 ----> 6.6#11.9#4.0#14.0#VAR 60 1 0.485954 0.514046 
 ----> 6.6#11.9#4.0#14.0#VAR 61 1 0.493058 0.506942 
 ----> 6.6#11.9#4.0#14.0#VAR 62 0 0.500481 0.499519 
 ----> 6.6#11.9#4.0#14.0#VAR 63 1 0.463585 0.536415 
 ----> 6.6#11.9#4.0#14.0#VAR 64 1 0.459782 0.540218 
 ----> 6.6#11.9#4.0#14.0#VAR 65 1 0.477356 0.522644 
 ----> 6.6#11.9#4.0#14.0#VAR 66 1 0.476477 0.523523 
 ----> 6.6#11.9#4.0#14.0#VAR 67 1 0.492744 0.507256 
 ----> 6.6#11.9#4.0#14.0#VAR 68 0 0.507375 0.492625 
 ----> 6.6#11.9#4.0#14.0#VAR 69 1 0.517007 0.482993 
 ----> 6.6#11.9#4.0#14.0#VAR 70 1 0.503108 0.496892 
 ----> 6.6#11.9#4.0#14.0#VAR 71 1 0.486263 0.513737 
 ----> 6.6#11.9#4.0#14.0#VAR 72 1 0.4818 0.5182 
 ----> 6.6#11.9#4.0#14.0#VAR 73 0 0.492149 0.507851 
 ----> 6.6#11.9#4.0#14.0#VAR 74 0 0.507506 0.492494 
 ----> 6.6#11.9#4.0#14.0#VAR 75 1 0.474665 0.525335 
 ----> 6.6#11.9#4.0#14.0#VAR 76 0 0.493736 0.506264 
 ----> 6.6#11.9#4.0#14.0#VAR 77 0 0.491652 0.508348 
 ----> 6.6#11.9#4.0#14.0#VAR 78 0 0.487869 0.512131 
 ----> 6.6#11.9#4.0#14.0#VAR 79 1 0.472431 0.527569 
 ----> 6.6#11.9#4.0#14.0#VAR 80 1 0.481166 0.518834 
 ----> 6.6#11.9#4.0#14.0#VAR 81 0 0.485289 0.514711 
 ----> 6.6#11.9#4.0#14.0#VAR 82 1 0.486873 0.513127 
 ----> 6.6#11.9#4.0#14.0#VAR 83 1 0.501596 0.498404 
 ----> 6.6#11.9#4.0#14.0#VAR 84 1 0.501196 0.498804 
 ----> 6.6#11.9#4.0#14.0#VAR 85 0 0.521565 0.478435 
 ----> 6.6#11.9#4.0#14.0#VAR 86 0 0.509982 0.490018 
 ----> 6.6#11.9#4.0#14.0#VAR 87 0 0.505922 0.494078 
 ----> 6.6#11.9#4.0#14.0#VAR 88 1 0.50087 0.49913 
 ----> 6.6#11.9#4.0#14.0#VAR 89 1 0.503704 0.496296 
 ----> 6.6#11.9#4.0#14.0#VAR 90 1 0.489267 0.510733 
 ----> 6.6#11.9#4.0#14.0#VAR 91 1 0.488292 0.511708 
 ----> 6.6#11.9#4.0#14.0#VAR 92 1 0.489396 0.510604 
 ----> 6.6#11.9#4.0#14.0#VAR 93 1 0.488001 0.511999 
 ----> 6.6#11.9#4.0#14.0#VAR 94 1 0.50001 0.49999 
 ----> 6.6#11.9#4.0#14.0#VAR 95 1 0.507895 0.492105 
 ----> 6.6#11.9#4.0#14.0#VAR 96 0 0.485627 0.514373 
 ----> 6.6#11.9#4.0#14.0#VAR 97 0 0.521694 0.478306 
 ----> 6.6#11.9#4.0#14.0#VAR 98 0 0.504156 0.495844 
 ----> 6.6#11.9#4.0#14.0#VAR 99 1 0.49749 0.50251 
 ----> 6.6#11.9#4.0#14.0#VAR 100 0 0.516274 0.483726 
 ----> 6.6#11.9#4.0#14.0#VAR 101 0 0.501746 0.498254 
 ----> 6.6#11.9#4.0#14.0#VAR 102 1 0.499835 0.500165 
 ----> 6.6#11.9#4.0#14.0#VAR 103 1 0.487345 0.512655 
 ----> 6.6#11.9#4.0#14.0#VAR 104 0 0.509732 0.490268 
 ----> 6.6#11.9#4.0#14.0#VAR 105 1 0.503381 0.496619 
 ----> 6.6#11.9#4.0#14.0#VAR 106 0 0.496705 0.503295 
 ----> 6.6#11.9#4.0#14.0#VAR 107 0 0.491815 0.508185 
 ----> 6.6#11.9#4.0#14.0#VAR 108 1 0.5052 0.4948 
 ----> 6.6#11.9#4.0#14.0#VAR 109 0 0.506045 0.493955 
 ----> 6.6#11.9#4.0#14.0#VAR 110 1 0.493155 0.506845 
 ----> 6.6#11.9#4.0#14.0#VAR 111 0 0.500695 0.499305 
 ----> 6.6#11.9#4.0#14.0#VAR 112 0 0.470491 0.529509 
 ----> 6.6#11.9#4.0#14.0#VAR 113 0 0.5056 0.4944 
 ----> 6.6#11.9#4.0#14.0#VAR 114 0 0.497776 0.502224 
 ----> 6.6#11.9#4.0#14.0#VAR 115 1 0.496025 0.503975 
 ----> 6.6#11.9#4.0#14.0#VAR 116 1 0.480977 0.519023 
 ----> 6.6#11.9#4.0#14.0#VAR 117 1 0.480798 0.519202 
 ----> 6.6#11.9#4.0#14.0#VAR 118 0 0.51543 0.48457 
 ----> 6.6#11.9#4.0#14.0#VAR 119 0 0.546365 0.453635 
 ----> 6.6#11.9#4.0#14.0#VAR 120 1 0.527305 0.472695 
 ----> 6.6#11.9#4.0#14.0#VAR 121 1 0.452952 0.547048 
 ----> 6.6#11.9#4.0#14.0#VAR 122 0 0.509948 0.490052 
 ----> 6.6#11.9#4.0#14.0#VAR 123 0 0.504408 0.495592 
 ----> 6.6#11.9#4.0#14.0#VAR 124 0 0.493996 0.506004 
 ----> 6.6#11.9#4.0#14.0#VAR 125 1 0.473896 0.526104 
 ----> 6.6#11.9#4.0#14.0#VAR 126 1 0.500234 0.499766 
 ----> 6.6#11.9#4.0#14.0#VAR 127 0 0.511016 0.488984 
 ----> 6.6#11.9#4.0#14.0#VAR 128 1 0.513367 0.486633 
 ----> 6.6#11.9#4.0#14.0#VAR 129 1 0.484455 0.515545 
 ----> 6.6#11.9#4.0#14.0#VAR 130 1 0.483685 0.516315 
 ----> 6.6#11.9#4.0#14.0#VAR 131 0 0.521692 0.478308 
 ----> 6.6#11.9#4.0#14.0#VAR 132 1 0.498997 0.501003 
 ----> 6.6#11.9#4.0#14.0#VAR 133 1 0.490969 0.509031 
 ----> 6.6#11.9#4.0#14.0#VAR 134 1 0.494731 0.505269 
 ----> 6.6#11.9#4.0#14.0#VAR 135 0 0.524495 0.475505 
 ----> 6.6#11.9#4.0#14.0#VAR 136 0 0.483612 0.516388 
 ----> 6.6#11.9#4.0#14.0#VAR 137 1 0.493367 0.506633 
 ----> 6.6#11.9#4.0#14.0#VAR 138 0 0.511371 0.488629 
 ----> 6.6#11.9#4.0#14.0#VAR 139 0 0.494971 0.505029 
 ----> 6.6#11.9#4.0#14.0#VAR 140 0 0.491723 0.508277 
 ----> 6.6#11.9#4.0#14.0#VAR 141 1 0.504479 0.495521 
 ----> 6.6#11.9#4.0#14.0#VAR 142 0 0.506481 0.493519 
 ----> 6.6#11.9#4.0#14.0#VAR 143 1 0.482114 0.517886 
 ----> 6.6#11.9#4.0#14.0#VAR 144 0 0.531728 0.468272 
 ----> 6.6#11.9#4.0#14.0#VAR 145 0 0.514081 0.485919 
 ----> 6.6#11.9#4.0#14.0#VAR 146 0 0.511941 0.488059 
 ----> 6.6#11.9#4.0#14.0#VAR 147 1 0.505943 0.494057 
 ----> 6.6#11.9#4.0#14.0#VAR 148 1 0.504879 0.495121 
 ----> 6.6#11.9#4.0#14.0#VAR 149 1 0.49046 0.50954 
 ----> 6.6#11.9#4.0#14.0#VAR 150 1 0.496273 0.503727 
 ----> 6.6#11.9#4.0#14.0#VAR 151 0 0.515602 0.484398 
 ----> 6.6#11.9#4.0#14.0#VAR 152 0 0.510156 0.489844 
 ----> 6.6#11.9#4.0#14.0#VAR 153 1 0.510724 0.489276 
 ----> 6.6#11.9#4.0#14.0#VAR 154 0 0.516931 0.483069 
 ----> 6.6#11.9#4.0#14.0#VAR 155 1 0.492563 0.507437 
 ----> 6.6#11.9#4.0#14.0#VAR 156 0 0.523539 0.476461 
 ----> 6.6#11.9#4.0#14.0#VAR 157 1 0.513821 0.486179 
 ----> 6.6#11.9#4.0#14.0#VAR 158 0 0.492761 0.507239 
 ----> 6.6#11.9#4.0#14.0#VAR 159 0 0.519949 0.480051 
 ----> 6.6#11.9#4.0#14.0#VAR 160 1 0.510035 0.489965 
 ----> 6.6#11.9#4.0#14.0#VAR 161 0 0.521825 0.478175 
 ----> 6.6#11.9#4.0#14.0#VAR 162 1 0.499549 0.500451 
 ----> 6.6#11.9#4.0#14.0#VAR 163 0 0.524079 0.475921 
 ----> 6.6#11.9#4.0#14.0#VAR 164 1 0.52766 0.47234 
 ----> 6.6#11.9#4.0#14.0#VAR 165 0 0.523944 0.476056 
 ----> 6.6#11.9#4.0#14.0#VAR 166 0 0.536128 0.463872 
 ----> 6.6#11.9#4.0#14.0#VAR 167 0 0.487753 0.512247 
 ----> 6.6#11.9#4.0#14.0#VAR 168 1 0.488667 0.511333 
 ----> 6.6#11.9#4.0#14.0#VAR 169 1 0.444803 0.555197 
 ----> 6.6#11.9#4.0#14.0#VAR 170 1 0.469398 0.530602 
 ----> 6.6#11.9#4.0#14.0#VAR 171 1 0.499188 0.500812 
 ----> 6.6#11.9#4.0#14.0#VAR 172 0 0.502259 0.497741 
 ----> 6.6#11.9#4.0#14.0#VAR 173 0 0.507131 0.492869 
 ----> 6.6#11.9#4.0#14.0#VAR 174 1 0.503442 0.496558 
 ----> 6.6#11.9#4.0#14.0#VAR 175 0 0.515022 0.484978 
 ----> 6.6#11.9#4.0#14.0#VAR 176 1 0.517212 0.482788 
 ----> 6.6#11.9#4.0#14.0#VAR 177 0 0.519926 0.480074 
 ----> 6.6#11.9#4.0#14.0#VAR 178 1 0.526366 0.473634 
 ----> 6.6#11.9#4.0#14.0#VAR 179 0 0.499961 0.500039 
 ----> 6.6#11.9#4.0#14.0#VAR 180 1 0.493499 0.506501 
 ----> 6.6#11.9#4.0#14.0#VAR 181 0 0.511684 0.488316 
 ----> 6.6#11.9#4.0#14.0#VAR 182 1 0.522185 0.477815 
 ----> 6.6#11.9#4.0#14.0#VAR 183 0 0.487894 0.512106 
 ----> 6.6#11.9#4.0#14.0#VAR 184 1 0.51712 0.48288 
 ----> 6.6#11.9#4.0#14.0#VAR 185 1 0.494094 0.505906 
 ----> 6.6#11.9#4.0#14.0#VAR 186 0 0.539061 0.460939 
 ----> 6.6#11.9#4.0#14.0#VAR 187 1 0.506704 0.493296 
 ----> 6.6#11.9#4.0#14.0#VAR 188 0 0.48774 0.51226 
 ----> 6.6#11.9#4.0#14.0#VAR 189 1 0.492585 0.507415 
 ----> 6.6#11.9#4.0#14.0#VAR 190 1 0.531826 0.468174 
 ----> 6.6#11.9#4.0#14.0#VAR 191 0 0.478126 0.521874 
 ----> 6.6#11.9#4.0#14.0#VAR 192 0 0.53694 0.46306 
 ----> 6.6#11.9#4.0#14.0#VAR 193 0 0.497855 0.502145 
 ----> 6.6#11.9#4.0#14.0#VAR 194 0 0.52505 0.47495 
 ----> 6.6#11.9#4.0#14.0#VAR 195 1 0.497325 0.502675 
 ----> 6.6#11.9#4.0#14.0#VAR 196 0 0.524939 0.475061 
 ----> 6.6#11.9#4.0#14.0#VAR 197 1 0.486797 0.513203 
 ----> 6.6#11.9#4.0#14.0#VAR 198 1 0.484274 0.515726 
 ----> 6.6#11.9#4.0#14.0#VAR 199 1 0.507928 0.492072 
 ----> 6.6#11.9#4.0#14.0#VAR 200 0 0.490068 0.509932 
 ----> 6.6#11.9#4.0#14.0#VAR 201 1 0.499179 0.500821 
 ----> 6.6#11.9#4.0#14.0#VAR 202 0 0.502888 0.497112 
 ----> 6.6#11.9#4.0#14.0#VAR 203 0 0.535802 0.464198 
 ----> 6.6#11.9#4.0#14.0#VAR 204 1 0.556709 0.443291 
 ----> 6.6#11.9#4.0#14.0#VAR 205 0 0.509357 0.490643 
 ----> 6.6#11.9#4.0#14.0#VAR 206 0 0.508992 0.491008 
 ----> 6.6#11.9#4.0#14.0#VAR 207 1 0.52308 0.47692 
 ----> 6.6#11.9#4.0#14.0#VAR 208 0 0.500781 0.499219 
 ----> 6.6#11.9#4.0#14.0#VAR 209 1 0.491137 0.508863 
 ----> 6.6#11.9#4.0#14.0#VAR 210 1 0.505861 0.494139 
 ----> 6.6#11.9#4.0#14.0#VAR 211 0 0.498779 0.501221 
 ----> 6.6#11.9#4.0#14.0#VAR 212 1 0.470973 0.529027 
 ----> 6.6#11.9#4.0#14.0#VAR 213 0 0.489528 0.510472 
 ----> 6.6#11.9#4.0#14.0#VAR 214 0 0.510368 0.489632 
 ----> 6.6#11.9#4.0#14.0#VAR 215 1 0.506756 0.493244 
 ----> 6.6#11.9#4.0#14.0#VAR 216 1 0.504424 0.495576 
 ----> 6.6#11.9#4.0#14.0#VAR 217 0 0.515745 0.484255 
 ----> 6.6#11.9#4.0#14.0#VAR 218 1 0.489735 0.510265 
 ----> 6.6#11.9#4.0#14.0#VAR 219 1 0.50465 0.49535 
 ----> 6.6#11.9#4.0#14.0#VAR 220 1 0.498508 0.501492 
 ----> 6.6#11.9#4.0#14.0#VAR 221 1 0.509624 0.490376 
 ----> 6.6#11.9#4.0#14.0#VAR 222 0 0.509584 0.490416 
 ----> 6.6#11.9#4.0#14.0#VAR 223 1 0.532803 0.467197 
 ----> 6.6#11.9#4.0#14.0#VAR 224 0 0.513088 0.486912 
 ----> 6.6#11.9#4.0#14.0#VAR 225 1 0.496676 0.503324 
 ----> 6.6#11.9#4.0#14.0#VAR 226 0 0.497234 0.502766 
 ----> 6.6#11.9#4.0#14.0#VAR 227 1 0.510138 0.489862 
 ----> 6.6#11.9#4.0#14.0#VAR 228 1 0.516409 0.483591 
 ----> 6.6#11.9#4.0#14.0#VAR 229 1 0.461768 0.538232 
 ----> 6.6#11.9#4.0#14.0#VAR 230 1 0.436016 0.563984 
 ----> 6.6#11.9#4.0#14.0#VAR 231 0 0.534896 0.465104 
 ----> 6.6#11.9#4.0#14.0#VAR 232 0 0.517967 0.482033 
 ----> 6.6#11.9#4.0#14.0#VAR 233 1 0.504845 0.495155 
 ----> 6.6#11.9#4.0#14.0#VAR 234 1 0.474754 0.525246 
 ----> 6.6#11.9#4.0#14.0#VAR 235 1 0.502366 0.497634 
 ----> 6.6#11.9#4.0#14.0#VAR 236 0 0.503971 0.496029 
 ----> 6.6#11.9#4.0#14.0#VAR 237 0 0.497035 0.502965 
 ----> 6.6#11.9#4.0#14.0#VAR 238 0 0.499493 0.500507 
 ----> 6.6#11.9#4.0#14.0#VAR 239 1 0.479749 0.520251 
 ----> 6.6#11.9#4.0#14.0#VAR 240 0 0.510186 0.489814 
 ----> 6.6#11.9#4.0#14.0#VAR 241 1 0.470544 0.529456 
 ----> 6.6#11.9#4.0#14.0#VAR 242 0 0.491119 0.508881 
 ----> 6.6#11.9#4.0#14.0#VAR 243 0 0.491121 0.508879 
 ----> 6.6#11.9#4.0#14.0#VAR 244 1 0.492208 0.507792 
 ----> 6.6#11.9#4.0#14.0#VAR 245 0 0.507723 0.492277 
 ----> 6.6#11.9#4.0#14.0#VAR 246 0 0.493054 0.506946 
 ----> 6.6#11.9#4.0#14.0#VAR 247 1 0.514307 0.485693 
 ----> 6.6#11.9#4.0#14.0#VAR 248 1 0.487111 0.512889 
 ----> 6.6#11.9#4.0#14.0#VAR 249 1 0.485925 0.514075 
 ----> 6.6#11.9#4.0#14.0#VAR 250 1 0.509828 0.490172 
 ----> 6.6#11.9#4.0#14.0#VAR 251 0 0.494183 0.505817 
 ----> 6.6#11.9#4.0#14.0#VAR 252 0 0.509913 0.490087 
 ----> 6.6#11.9#4.0#14.0#VAR 253 0 0.512916 0.487084 
 ----> 6.6#11.9#4.0#14.0#VAR 254 1 0.478461 0.521539 
 ----> 6.6#11.9#4.0#14.0#VAR 255 0 0.491961 0.508039 
 ----> 6.6#11.9#4.0#14.0#VAR 256 0 0.483241 0.516759 
 ----> 6.6#11.9#4.0#14.0#VAR 257 0 0.497559 0.502441 
 ----> 6.6#11.9#4.0#14.0#VAR 258 0 0.493092 0.506908 
 ----> 6.6#11.9#4.0#14.0#VAR 259 0 0.511426 0.488574 
 ----> 6.6#11.9#4.0#14.0#VAR 260 1 0.473512 0.526488 
 ----> 6.6#11.9#4.0#14.0#VAR 261 1 0.49833 0.50167 
 ----> 6.6#11.9#4.0#14.0#VAR 262 0 0.515445 0.484555 
 ----> 6.6#11.9#4.0#14.0#VAR 263 0 0.520091 0.479909 
 ----> 6.6#11.9#4.0#14.0#VAR 264 1 0.506666 0.493334 
 ----> 6.6#11.9#4.0#14.0#VAR 265 0 0.521642 0.478358 
 ----> 6.6#11.9#4.0#14.0#VAR 266 0 0.530611 0.469389 
 ----> 6.6#11.9#4.0#14.0#VAR 267 1 0.479784 0.520216 
 ----> 6.6#11.9#4.0#14.0#VAR 268 1 0.494695 0.505305 
 ----> 6.6#11.9#4.0#14.0#VAR 269 0 0.502926 0.497074 
 ----> 6.6#11.9#4.0#14.0#VAR 270 1 0.511962 0.488038 
 ----> 6.6#11.9#4.0#14.0#VAR 271 0 0.519599 0.480401 
 ----> 6.6#11.9#4.0#14.0#VAR 272 0 0.504365 0.495635 
 ----> 6.6#11.9#4.0#14.0#VAR 273 1 0.49116 0.50884 
 ----> 6.6#11.9#4.0#14.0#VAR 274 1 0.478915 0.521085 
 ----> 6.6#11.9#4.0#14.0#VAR 275 1 0.48411 0.51589 
 ----> 6.6#11.9#4.0#14.0#VAR 276 1 0.481232 0.518768 
 ----> 6.6#11.9#4.0#14.0#VAR 277 1 0.499495 0.500505 
 ----> 6.6#11.9#4.0#14.0#VAR 278 1 0.469358 0.530642 
 ----> 6.6#11.9#4.0#14.0#VAR 279 1 0.519252 0.480748 
 ----> 6.6#11.9#4.0#14.0#VAR 280 0 0.515543 0.484457 
 ----> 6.6#11.9#4.0#14.0#VAR 281 0 0.501773 0.498227 
 ----> 6.6#11.9#4.0#14.0#VAR 282 1 0.50056 0.49944 
 ----> 6.6#11.9#4.0#14.0#VAR 283 0 0.522806 0.477194 
 ----> 6.6#11.9#4.0#14.0#VAR 284 0 0.539213 0.460787 
 ----> 6.6#11.9#4.0#14.0#VAR 285 0 0.51558 0.48442 
 ----> 6.6#11.9#4.0#14.0#VAR 286 0 0.495929 0.504071 
 ----> 6.6#11.9#4.0#14.0#VAR 287 0 0.500274 0.499726 
 ----> 6.6#11.9#4.0#14.0#VAR 288 1 0.480835 0.519165 
 ----> 6.6#11.9#4.0#14.0#VAR 289 1 0.475155 0.524845 
 ----> 6.6#11.9#4.0#14.0#VAR 290 0 0.509795 0.490205 
 ----> 6.6#11.9#4.0#14.0#VAR 291 1 0.505175 0.494825 
 ----> 6.6#11.9#4.0#14.0#VAR 292 1 0.502221 0.497779 
 ----> 6.6#11.9#4.0#14.0#VAR 293 1 0.502236 0.497764 
 ----> 6.6#11.9#4.0#14.0#VAR 294 1 0.505734 0.494266 
 ----> 6.6#11.9#4.0#14.0#VAR 295 1 0.469533 0.530467 
 ----> 6.6#11.9#4.0#14.0#VAR 296 1 0.489316 0.510684 
 ----> 6.6#11.9#4.0#14.0#VAR 297 1 0.467983 0.532017 
 ----> 6.6#11.9#4.0#14.0#VAR 298 1 0.521058 0.478942 
 ----> 6.6#11.9#4.0#14.0#VAR 299 1 0.493905 0.506095 
 ----> 6.6#11.9#4.0#14.0#VAR 300 1 0.485441 0.514559 
 ----> 6.6#11.9#4.0#14.0#VAR 301 1 0.475963 0.524037 
 ----> 6.6#11.9#4.0#14.0#VAR 302 1 0.494569 0.505431 
 ----> 6.6#11.9#4.0#14.0#VAR 303 0 0.499938 0.500062 
 ----> 6.6#11.9#4.0#14.0#VAR 304 0 0.506987 0.493013 
 ----> 6.6#11.9#4.0#14.0#VAR 305 1 0.472748 0.527252 
 ----> 6.6#11.9#4.0#14.0#VAR 306 1 0.503686 0.496314 
 ----> 6.6#11.9#4.0#14.0#VAR 307 1 0.497613 0.502387 
 ----> 6.6#11.9#4.0#14.0#VAR 308 0 0.517327 0.482673 
 ----> 6.6#11.9#4.0#14.0#VAR 309 1 0.508409 0.491591 
 ----> 6.6#11.9#4.0#14.0#VAR 310 0 0.512984 0.487016 
 ----> 6.6#11.9#4.0#14.0#VAR 311 0 0.514093 0.485907 
 ----> 6.6#11.9#4.0#14.0#VAR 312 1 0.524719 0.475281 
 ----> 6.6#11.9#4.0#14.0#VAR 313 1 0.496083 0.503917 
 ----> 6.6#11.9#4.0#14.0#VAR 314 1 0.483265 0.516735 
 ----> 6.6#11.9#4.0#14.0#VAR 315 0 0.511786 0.488214 
 ----> 6.6#11.9#4.0#14.0#VAR 316 1 0.490478 0.509522 
 ----> 6.6#11.9#4.0#14.0#VAR 317 0 0.510193 0.489807 
 ----> 6.6#11.9#4.0#14.0#VAR 318 1 0.496339 0.503661 
 ----> 6.6#11.9#4.0#14.0#VAR 319 1 0.476401 0.523599 
 ----> 6.6#11.9#4.0#14.0#VAR 320 0 0.476496 0.523504 
 ----> 6.6#11.9#4.0#14.0#VAR 321 0 0.489907 0.510093 
 ----> 6.6#11.9#4.0#14.0#VAR 322 0 0.483461 0.516539 
 ----> 6.6#11.9#4.0#14.0#VAR 323 1 0.481041 0.518959 
 ----> 6.6#11.9#4.0#14.0#VAR 324 0 0.50455 0.49545 
 ----> 6.6#11.9#4.0#14.0#VAR 325 0 0.49901 0.50099 
 ----> 6.6#11.9#4.0#14.0#VAR 326 0 0.473899 0.526101 
 ----> 6.6#11.9#4.0#14.0#VAR 327 1 0.488116 0.511884 
 ----> 6.6#11.9#4.0#14.0#VAR 328 0 0.489376 0.510624 
 ----> 6.6#11.9#4.0#14.0#VAR 329 1 0.487 0.513 
 ----> 6.6#11.9#4.0#14.0#VAR 330 1 0.495639 0.504361 
 ----> 6.6#11.9#4.0#14.0#VAR 331 1 0.499819 0.500181 
 ----> 6.6#11.9#4.0#14.0#VAR 332 0 0.507948 0.492052 
 ----> 6.6#11.9#4.0#14.0#VAR 333 0 0.527373 0.472627 
 ----> 6.6#11.9#4.0#14.0#VAR 334 0 0.504154 0.495846 
 ----> 6.6#11.9#4.0#14.0#VAR 335 0 0.531236 0.468764 
 ----> 6.6#11.9#4.0#14.0#VAR 336 1 0.491771 0.508229 
 ----> 6.6#11.9#4.0#14.0#VAR 337 0 0.527323 0.472677 
 ----> 6.6#11.9#4.0#14.0#VAR 338 0 0.473531 0.526469 
 ----> 6.6#11.9#4.0#14.0#VAR 339 0 0.499131 0.500869 
 ----> 6.6#11.9#4.0#14.0#VAR 340 0 0.497128 0.502872 
 ----> 6.6#11.9#4.0#14.0#VAR 341 0 0.544552 0.455448 
 ----> 6.6#11.9#4.0#14.0#VAR 342 0 0.522701 0.477299 
 ----> 6.6#11.9#4.0#14.0#VAR 343 0 0.504913 0.495087 
 ----> 6.6#11.9#4.0#14.0#VAR 344 0 0.507756 0.492244 
 ----> 6.6#11.9#4.0#14.0#VAR 345 1 0.469537 0.530463 
 ----> 6.6#11.9#4.0#14.0#VAR 346 0 0.540861 0.459139 
 ----> 6.6#11.9#4.0#14.0#VAR 347 0 0.496898 0.503102 
 ----> 6.6#11.9#4.0#14.0#VAR 348 0 0.505628 0.494372 
 ----> 6.6#11.9#4.0#14.0#VAR 349 0 0.508442 0.491558 
 ----> 6.6#11.9#4.0#14.0#VAR 350 1 0.511989 0.488011 
 ----> 6.6#11.9#4.0#14.0#VAR 351 0 0.535113 0.464887 
 ----> 6.6#11.9#4.0#14.0#VAR 352 0 0.523377 0.476623 
 ----> 6.6#11.9#4.0#14.0#VAR 353 0 0.537935 0.462065 
 ----> 6.6#11.9#4.0#14.0#VAR 354 0 0.50415 0.49585 
 ----> 6.6#11.9#4.0#14.0#VAR 355 0 0.526043 0.473957 
 ----> 6.6#11.9#4.0#14.0#VAR 356 0 0.509825 0.490175 
 ----> 6.6#11.9#4.0#14.0#VAR 357 0 0.515932 0.484068 
 ----> 6.6#11.9#4.0#14.0#VAR 358 0 0.514219 0.485781 
 ----> 6.6#11.9#4.0#14.0#VAR 359 0 0.510847 0.489153 
 ----> 6.6#11.9#4.0#14.0#VAR 360 1 0.484291 0.515709 
 ----> 6.6#11.9#4.0#14.0#VAR 361 0 0.545893 0.454107 
 ----> 6.6#11.9#4.0#14.0#VAR 362 1 0.488336 0.511664 
 ----> 6.6#11.9#4.0#14.0#VAR 363 1 0.504667 0.495333 
 ----> 6.6#11.9#4.0#14.0#VAR 364 0 0.497081 0.502919 
 ----> 6.6#11.9#4.0#14.0#VAR 365 1 0.530622 0.469378 
 ----> 6.6#11.9#4.0#14.0#VAR 366 0 0.521223 0.478777 
 ----> 6.6#11.9#4.0#14.0#VAR 367 1 0.525945 0.474055 
 ----> 6.6#11.9#4.0#14.0#VAR 368 0 0.505819 0.494181 
 ----> 6.6#11.9#4.0#14.0#VAR 369 1 0.503446 0.496554 
 ----> 6.6#11.9#4.0#14.0#VAR 370 0 0.495291 0.504709 
 ----> 6.6#11.9#4.0#14.0#VAR 371 0 0.524645 0.475355 
 ----> 6.6#11.9#4.0#14.0#VAR 372 0 0.509357 0.490643 
 ----> 6.6#11.9#4.0#14.0#VAR 373 0 0.502262 0.497738 
 ----> 6.6#11.9#4.0#14.0#VAR 374 0 0.533849 0.466151 
 ----> 6.6#11.9#4.0#14.0#VAR 375 1 0.523545 0.476455 
 ----> 6.6#11.9#4.0#14.0#VAR 376 0 0.552289 0.447711 
 ----> 6.6#11.9#4.0#14.0#VAR 377 1 0.468032 0.531968 
 ----> 6.6#11.9#4.0#14.0#VAR 378 0 0.531914 0.468086 
 ----> 6.6#11.9#4.0#14.0#VAR 379 0 0.527983 0.472017 
 ----> 6.6#11.9#4.0#14.0#VAR 380 1 0.530777 0.469223 
 ----> 6.6#11.9#4.0#14.0#VAR 381 0 0.51769 0.48231 
 ----> 6.6#11.9#4.0#14.0#VAR 382 1 0.522776 0.477224 
 ----> 6.6#11.9#4.0#14.0#VAR 383 0 0.526987 0.473013 
 ----> 6.6#11.9#4.0#14.0#VAR 384 1 0.514269 0.485731 
 ----> 6.6#11.9#4.0#14.0#VAR 385 1 0.520676 0.479324 
 ----> 6.6#11.9#4.0#14.0#VAR 386 0 0.506955 0.493045 
 ----> 6.6#11.9#4.0#14.0#VAR 387 1 0.499323 0.500677 
 ----> 6.6#11.9#4.0#14.0#VAR 388 1 0.509775 0.490225 
 ----> 6.6#11.9#4.0#14.0#VAR 389 1 0.495746 0.504254 
 ----> 6.6#11.9#4.0#14.0#VAR 390 0 0.514836 0.485164 
 ----> 6.6#11.9#4.0#14.0#VAR 391 0 0.539009 0.460991 
 ----> 6.6#11.9#4.0#14.0#VAR 392 0 0.521578 0.478422 
 ----> 6.6#11.9#4.0#14.0#VAR 393 0 0.520292 0.479708 
 ----> 6.6#11.9#4.0#14.0#VAR 394 0 0.536103 0.463897 
 ----> 6.6#11.9#4.0#14.0#VAR 395 0 0.523455 0.476545 
 ----> 6.6#11.9#4.0#14.0#VAR 396 0 0.546795 0.453205 
 ----> 6.6#11.9#4.0#14.0#VAR 397 1 0.492561 0.507439 
 ----> 6.6#11.9#4.0#14.0#VAR 398 1 0.501261 0.498739 
 ----> 6.6#11.9#4.0#14.0#VAR 399 1 0.504489 0.495511 
 ----> 6.6#11.9#4.0#14.0#VAR 400 0 0.515267 0.484733 
 ----> 6.6#11.9#4.0#14.0#VAR 401 1 0.506955 0.493045 
 ----> 6.6#11.9#4.0#14.0#VAR 402 0 0.503616 0.496384 
 ----> 6.6#11.9#4.0#14.0#VAR 403 0 0.520431 0.479569 
 ----> 6.6#11.9#4.0#14.0#VAR 404 0 0.504786 0.495214 
 ----> 6.6#11.9#4.0#14.0#VAR 405 0 0.512415 0.487585 
 ----> 6.6#11.9#4.0#14.0#VAR 406 1 0.487572 0.512428 
 ----> 6.6#11.9#4.0#14.0#VAR 407 0 0.484995 0.515005 
 ----> 6.6#11.9#4.0#14.0#VAR 408 0 0.550025 0.449975 
 ----> 6.6#11.9#4.0#14.0#VAR 409 1 0.485044 0.514956 
 ----> 6.6#11.9#4.0#14.0#VAR 410 0 0.503688 0.496312 
 ----> 6.6#11.9#4.0#14.0#VAR 411 0 0.510278 0.489722 
 ----> 6.6#11.9#4.0#14.0#VAR 412 1 0.484255 0.515745 
 ----> 6.6#11.9#4.0#14.0#VAR 413 1 0.457047 0.542953 
 ----> 6.6#11.9#4.0#14.0#VAR 414 0 0.470408 0.529592 
 ----> 6.6#11.9#4.0#14.0#VAR 415 0 0.514507 0.485493 
 ----> 6.6#11.9#4.0#14.0#VAR 416 1 0.493779 0.506221 
 ----> 6.6#11.9#4.0#14.0#VAR 417 1 0.49305 0.50695 
 ----> 6.6#11.9#4.0#14.0#VAR 418 1 0.502194 0.497806 
 ----> 6.6#11.9#4.0#14.0#VAR 419 1 0.497347 0.502653 
 ----> 6.6#11.9#4.0#14.0#VAR 420 1 0.505914 0.494086 
 ----> 6.6#11.9#4.0#14.0#VAR 421 0 0.514458 0.485542 
 ----> 6.6#11.9#4.0#14.0#VAR 422 0 0.545685 0.454315 
 ----> 6.6#11.9#4.0#14.0#VAR 423 0 0.504507 0.495493 
 ----> 6.6#11.9#4.0#14.0#VAR 424 1 0.516809 0.483191 
 ----> 6.6#11.9#4.0#14.0#VAR 425 1 0.48526 0.51474 
 ----> 6.6#11.9#4.0#14.0#VAR 426 1 0.491425 0.508575 
 ----> 6.6#11.9#4.0#14.0#VAR 427 0 0.495736 0.504264 
 ----> 6.6#11.9#4.0#14.0#VAR 428 0 0.517223 0.482777 
 ----> 6.6#11.9#4.0#14.0#VAR 429 1 0.517193 0.482807 
 ----> 6.6#11.9#4.0#14.0#VAR 430 0 0.515322 0.484678 
 ----> 6.6#11.9#4.0#14.0#VAR 431 0 0.525501 0.474499 
 ----> 6.6#11.9#4.0#14.0#VAR 432 0 0.50723 0.49277 
 ----> 6.6#11.9#4.0#14.0#VAR 433 1 0.513863 0.486137 
 ----> 6.6#11.9#4.0#14.0#VAR 434 0 0.515347 0.484653 
 ----> 6.6#11.9#4.0#14.0#VAR 435 1 0.51404 0.48596 
 ----> 6.6#11.9#4.0#14.0#VAR 436 1 0.487566 0.512434 
 ----> 6.6#11.9#4.0#14.0#VAR 437 0 0.527158 0.472842 
 ----> 6.6#11.9#4.0#14.0#VAR 438 0 0.506639 0.493361 
 ----> 6.6#11.9#4.0#14.0#VAR 439 0 0.521399 0.478601 
 ----> 6.6#11.9#4.0#14.0#VAR 440 0 0.520625 0.479375 
 ----> 6.6#11.9#4.0#14.0#VAR 441 1 0.485724 0.514276 
 ----> 6.6#11.9#4.0#14.0#VAR 442 1 0.508875 0.491125 
 ----> 6.6#11.9#4.0#14.0#VAR 443 1 0.509538 0.490462 
 ----> 6.6#11.9#4.0#14.0#VAR 444 1 0.494912 0.505088 
 ----> 6.6#11.9#4.0#14.0#VAR 445 1 0.500953 0.499047 
 ----> 6.6#11.9#4.0#14.0#VAR 446 0 0.514773 0.485227 
 ----> 6.6#11.9#4.0#14.0#VAR 447 1 0.48319 0.51681 
 ----> 6.6#11.9#4.0#14.0#VAR 448 1 0.517606 0.482394 
 ----> 6.6#11.9#4.0#14.0#VAR 449 0 0.514059 0.485941 
 ----> 6.6#11.9#4.0#14.0#VAR 450 1 0.479551 0.520449 
 ----> 6.6#11.9#4.0#14.0#VAR 451 0 0.510392 0.489608 
 ----> 6.6#11.9#4.0#14.0#VAR 452 0 0.513044 0.486956 
 ----> 6.6#11.9#4.0#14.0#VAR 453 0 0.548637 0.451363 
 ----> 6.6#11.9#4.0#14.0#VAR 454 1 0.49706 0.50294 
 ----> 6.6#11.9#4.0#14.0#VAR 455 0 0.527747 0.472253 
 ----> 6.6#11.9#4.0#14.0#VAR 456 1 0.491788 0.508212 
 ----> 6.6#11.9#4.0#14.0#VAR 457 0 0.516089 0.483911 
 ----> 6.6#11.9#4.0#14.0#VAR 458 0 0.512032 0.487968 
 ----> 6.6#11.9#4.0#14.0#VAR 459 0 0.514318 0.485682 
 ----> 6.6#11.9#4.0#14.0#VAR 460 0 0.528839 0.471161 
 ----> 6.6#11.9#4.0#14.0#VAR 461 0 0.509579 0.490421 
 ----> 6.6#11.9#4.0#14.0#VAR 462 1 0.502158 0.497842 
 ----> 6.6#11.9#4.0#14.0#VAR 463 0 0.484282 0.515718 
 ----> 6.6#11.9#4.0#14.0#VAR 464 0 0.496371 0.503629 
 ----> 6.6#11.9#4.0#14.0#VAR 465 0 0.511555 0.488445 
 ----> 6.6#11.9#4.0#14.0#VAR 466 0 0.507801 0.492199 
 ----> 6.6#11.9#4.0#14.0#VAR 467 0 0.524819 0.475181 
 ----> 6.6#11.9#4.0#14.0#VAR 468 0 0.513369 0.486631 
 ----> 6.6#11.9#4.0#14.0#VAR 469 1 0.523517 0.476483 
 ----> 6.6#11.9#4.0#14.0#VAR 470 1 0.509827 0.490173 
 ----> 6.6#11.9#4.0#14.0#VAR 471 1 0.518736 0.481264 
 ----> 6.6#11.9#4.0#14.0#VAR 472 1 0.495597 0.504403 
 ----> 6.6#11.9#4.0#14.0#VAR 473 0 0.504119 0.495881 
 ----> 6.6#11.9#4.0#14.0#VAR 474 1 0.490695 0.509305 
 ----> 6.6#11.9#4.0#14.0#VAR 475 1 0.531459 0.468541 
 ----> 6.6#11.9#4.0#14.0#VAR 476 0 0.536884 0.463116 
 ----> 6.6#11.9#4.0#14.0#VAR 477 0 0.532774 0.467226 
 ----> 6.6#11.9#4.0#14.0#VAR 478 1 0.521935 0.478065 
 ----> 6.6#11.9#4.0#14.0#VAR 479 0 0.498319 0.501681 
 ----> 6.6#11.9#4.0#14.0#VAR 480 0 0.506365 0.493635 
 ----> 6.6#11.9#4.0#14.0#VAR 481 1 0.47945 0.52055 
 ----> 6.6#11.9#4.0#14.0#VAR 482 0 0.494749 0.505251 
 ----> 6.6#11.9#4.0#14.0#VAR 483 1 0.490692 0.509308 
 ----> 6.6#11.9#4.0#14.0#VAR 484 0 0.5352 0.4648 
 ----> 6.6#11.9#4.0#14.0#VAR 485 0 0.506101 0.493899 
 ----> 6.6#11.9#4.0#14.0#VAR 486 0 0.511851 0.488149 
 ----> 6.6#11.9#4.0#14.0#VAR 487 0 0.523587 0.476413 
 ----> 6.6#11.9#4.0#14.0#VAR 488 0 0.519923 0.480077 
 ----> 6.6#11.9#4.0#14.0#VAR 489 1 0.487658 0.512342 
 ----> 6.6#11.9#4.0#14.0#VAR 490 1 0.491343 0.508657 
 ----> 6.6#11.9#4.0#14.0#VAR 491 1 0.477194 0.522806 
 ----> 6.6#11.9#4.0#14.0#VAR 492 0 0.516039 0.483961 
 ----> 6.6#11.9#4.0#14.0#VAR 493 1 0.47821 0.52179 
 ----> 6.6#11.9#4.0#14.0#VAR 494 0 0.511895 0.488105 
 ----> 6.6#11.9#4.0#14.0#VAR 495 0 0.503253 0.496747 
 ----> 6.6#11.9#4.0#14.0#VAR 496 0 0.506694 0.493306 
 ----> 6.6#11.9#4.0#14.0#VAR 497 0 0.505251 0.494749 
 ----> 6.6#11.9#4.0#14.0#VAR 498 1 0.49307 0.50693 
 ----> 6.6#11.9#4.0#14.0#VAR 499 1 0.503914 0.496086 
 ----> 6.6#11.9#4.0#14.0#VAR 500 0 0.511149 0.488851 
 ----> 6.6#11.9#4.0#14.0#VAR 501 1 0.477058 0.522942 
 ----> 6.6#11.9#4.0#14.0#VAR 502 0 0.495568 0.504432 
 ----> 6.6#11.9#4.0#14.0#VAR 503 0 0.513151 0.486849 
 ----> 6.6#11.9#4.0#14.0#VAR 504 0 0.509214 0.490786 
 ----> 6.6#11.9#4.0#14.0#VAR 505 0 0.54018 0.45982 
 ----> 6.6#11.9#4.0#14.0#VAR 506 0 0.534272 0.465728 
 ----> 6.6#11.9#4.0#14.0#VAR 507 0 0.523746 0.476254 
 ----> 6.6#11.9#4.0#14.0#VAR 508 0 0.511955 0.488045 
 ----> 6.6#11.9#4.0#14.0#VAR 509 1 0.505185 0.494815 
 ----> 6.6#11.9#4.0#14.0#VAR 510 0 0.497941 0.502059 
 ----> 6.6#11.9#4.0#14.0#VAR 511 0 0.544275 0.455725 
 ----> 6.6#11.9#4.0#14.0#VAR 512 0 0.496041 0.503959 
 ----> 6.6#11.9#4.0#14.0#VAR 513 0 0.522243 0.477757 
 ----> 6.6#11.9#4.0#14.0#VAR 514 0 0.510918 0.489082 
 ----> 6.6#11.9#4.0#14.0#VAR 515 0 0.484122 0.515878 
 ----> 6.6#11.9#4.0#14.0#VAR 516 1 0.497606 0.502394 
 ----> 6.6#11.9#4.0#14.0#VAR 517 0 0.503857 0.496143 
 ----> 6.6#11.9#4.0#14.0#VAR 518 0 0.515163 0.484837 
 ----> 6.6#11.9#4.0#14.0#VAR 519 0 0.498093 0.501907 
 ----> 6.6#11.9#4.0#14.0#VAR 520 0 0.520676 0.479324 
 ----> 6.6#11.9#4.0#14.0#VAR 521 0 0.496643 0.503357 
 ----> 6.6#11.9#4.0#14.0#VAR 522 0 0.517275 0.482725 
 ----> 6.6#11.9#4.0#14.0#VAR 523 0 0.516263 0.483737 
 ----> 6.6#11.9#4.0#14.0#VAR 524 1 0.510379 0.489621 
 ----> 6.6#11.9#4.0#14.0#VAR 525 0 0.522166 0.477834 
 ----> 6.6#11.9#4.0#14.0#VAR 526 0 0.517705 0.482295 
 ----> 6.6#11.9#4.0#14.0#VAR 527 0 0.516808 0.483192 
 ----> 6.6#11.9#4.0#14.0#VAR 528 1 0.51184 0.48816 
 ----> 6.6#11.9#4.0#14.0#VAR 529 0 0.530337 0.469663 
 ----> 6.6#11.9#4.0#14.0#VAR 530 1 0.507997 0.492003 
 ----> 6.6#11.9#4.0#14.0#VAR 531 1 0.477815 0.522185 
 ----> 6.6#11.9#4.0#14.0#VAR 532 1 0.503595 0.496405 
 ----> 6.6#11.9#4.0#14.0#VAR 533 1 0.537099 0.462901 
 ----> 6.6#11.9#4.0#14.0#VAR 534 1 0.504767 0.495233 
 ----> 6.6#11.9#4.0#14.0#VAR 535 0 0.516527 0.483473 
 ----> 6.6#11.9#4.0#14.0#VAR 536 1 0.518841 0.481159 
 ----> 6.6#11.9#4.0#14.0#VAR 537 0 0.520911 0.479089 
 ----> 6.6#11.9#4.0#14.0#VAR 538 0 0.509265 0.490735 
 ----> 6.6#11.9#4.0#14.0#VAR 539 0 0.489645 0.510355 
 ----> 6.6#11.9#4.0#14.0#VAR 540 0 0.495174 0.504826 
 ----> 6.6#11.9#4.0#14.0#VAR 541 0 0.495309 0.504691 
 ----> 6.6#11.9#4.0#14.0#VAR 542 0 0.483952 0.516048 
 ----> 6.6#11.9#4.0#14.0#VAR 543 0 0.468551 0.531449 
 ----> 6.6#11.9#4.0#14.0#VAR 544 0 0.53168 0.46832 
 ----> 6.6#11.9#4.0#14.0#VAR 545 0 0.517639 0.482361 
 ----> 6.6#11.9#4.0#14.0#VAR 546 0 0.500443 0.499557 
 ----> 6.6#11.9#4.0#14.0#VAR 547 1 0.475523 0.524477 
 ----> 6.6#11.9#4.0#14.0#VAR 548 1 0.483319 0.516681 
 ----> 6.6#11.9#4.0#14.0#VAR 549 0 0.551581 0.448419 
 ----> 6.6#11.9#4.0#14.0#VAR 550 0 0.522948 0.477052 
 ----> 6.6#11.9#4.0#14.0#VAR 551 0 0.505324 0.494676 
 ----> 6.6#11.9#4.0#14.0#VAR 552 0 0.506443 0.493557 
 ----> 6.6#11.9#4.0#14.0#VAR 553 1 0.505718 0.494282 
 ----> 6.6#11.9#4.0#14.0#VAR 554 0 0.498516 0.501484 
 ----> 6.6#11.9#4.0#14.0#VAR 555 0 0.519194 0.480806 
 ----> 6.6#11.9#4.0#14.0#VAR 556 0 0.504829 0.495171 
 ----> 6.6#11.9#4.0#14.0#VAR 557 1 0.466432 0.533568 
 ----> 6.6#11.9#4.0#14.0#VAR 558 0 0.514902 0.485098 
 ----> 6.6#11.9#4.0#14.0#VAR 559 0 0.474322 0.525678 
 ----> 6.6#11.9#4.0#14.0#VAR 560 0 0.505813 0.494187 
 ----> 6.6#11.9#4.0#14.0#VAR 561 0 0.490017 0.509983 
 ----> 6.6#11.9#4.0#14.0#VAR 562 1 0.503911 0.496089 
 ----> 6.6#11.9#4.0#14.0#VAR 563 1 0.493058 0.506942 
 ----> 6.6#11.9#4.0#14.0#VAR 564 0 0.493496 0.506504 
 ----> 6.6#11.9#4.0#14.0#VAR 565 0 0.503357 0.496643 
 ----> 6.6#11.9#4.0#14.0#VAR 566 0 0.51605 0.48395 
 ----> 6.6#11.9#4.0#14.0#VAR 567 0 0.506659 0.493341 
 ----> 6.6#11.9#4.0#14.0#VAR 568 0 0.519121 0.480879 
 ----> 6.6#11.9#4.0#14.0#VAR 569 1 0.492674 0.507326 
 ----> 6.6#11.9#4.0#14.0#VAR 570 0 0.501731 0.498269 
 ----> 6.6#11.9#4.0#14.0#VAR 571 0 0.521982 0.478018 
 ----> 6.6#11.9#4.0#14.0#VAR 572 0 0.508622 0.491378 
 ----> 6.6#11.9#4.0#14.0#VAR 573 0 0.535059 0.464941 
 ----> 6.6#11.9#4.0#14.0#VAR 574 1 0.493746 0.506254 
 ----> 6.6#11.9#4.0#14.0#VAR 575 0 0.513545 0.486455 
 ----> 6.6#11.9#4.0#14.0#VAR 576 0 0.515348 0.484652 
 ----> 6.6#11.9#4.0#14.0#VAR 577 0 0.521705 0.478295 
 ----> 6.6#11.9#4.0#14.0#VAR 578 0 0.514123 0.485877 
 ----> 6.6#11.9#4.0#14.0#VAR 579 0 0.507292 0.492708 
 ----> 6.6#11.9#4.0#14.0#VAR 580 0 0.519752 0.480248 
 ----> 6.6#11.9#4.0#14.0#VAR 581 0 0.503503 0.496497 
 ----> 6.6#11.9#4.0#14.0#VAR 582 1 0.502068 0.497932 
 ----> 6.6#11.9#4.0#14.0#VAR 583 0 0.531744 0.468256 
 ----> 6.6#11.9#4.0#14.0#VAR 584 0 0.518131 0.481869 
 ----> 6.6#11.9#4.0#14.0#VAR 585 0 0.512904 0.487096 
 ----> 6.6#11.9#4.0#14.0#VAR 586 0 0.52677 0.47323 
 ----> 6.6#11.9#4.0#14.0#VAR 587 0 0.51589 0.48411 
 ----> 6.6#11.9#4.0#14.0#VAR 588 0 0.526997 0.473003 
 ----> 6.6#11.9#4.0#14.0#VAR 589 1 0.490999 0.509001 
 ----> 6.6#11.9#4.0#14.0#VAR 590 0 0.510097 0.489903 
 ----> 6.6#11.9#4.0#14.0#VAR 591 0 0.52774 0.47226 
 ----> 6.6#11.9#4.0#14.0#VAR 592 0 0.519884 0.480116 
 ----> 6.6#11.9#4.0#14.0#VAR 593 1 0.505547 0.494453 
 ----> 6.6#11.9#4.0#14.0#VAR 594 0 0.516147 0.483853 
 ----> 6.6#11.9#4.0#14.0#VAR 595 1 0.482566 0.517434 
 ----> 6.6#11.9#4.0#14.0#VAR 596 0 0.542356 0.457644 
 ----> 6.6#11.9#4.0#14.0#VAR 597 1 0.50922 0.49078 
 ----> 6.6#11.9#4.0#14.0#VAR 598 0 0.54048 0.45952 
 ----> 6.6#11.9#4.0#14.0#VAR 599 1 0.478578 0.521422 
 ----> 6.6#11.9#4.0#14.0#VAR 600 0 0.518906 0.481094 
 ----> 6.6#11.9#4.0#14.0#VAR 601 0 0.507197 0.492803 
 ----> 6.6#11.9#4.0#14.0#VAR 602 0 0.526935 0.473065 
 ----> 6.6#11.9#4.0#14.0#VAR 603 1 0.49246 0.50754 
 ----> 6.6#11.9#4.0#14.0#VAR 604 0 0.530786 0.469214 
 ----> 6.6#11.9#4.0#14.0#VAR 605 0 0.529442 0.470558 
 ----> 6.6#11.9#4.0#14.0#VAR 606 0 0.523102 0.476898 
 ----> 6.6#11.9#4.0#14.0#VAR 607 0 0.521774 0.478226 
 ----> 6.6#11.9#4.0#14.0#VAR 608 0 0.525331 0.474669 
 ----> 6.6#11.9#4.0#14.0#VAR 609 0 0.553367 0.446633 
 ----> 6.6#11.9#4.0#14.0#VAR 610 1 0.523704 0.476296 
 ----> 6.6#11.9#4.0#14.0#VAR 611 1 0.524057 0.475943 
 ----> 6.6#11.9#4.0#14.0#VAR 612 0 0.533327 0.466673 
 ----> 6.6#11.9#4.0#14.0#VAR 613 0 0.521656 0.478344 
 ----> 6.6#11.9#4.0#14.0#VAR 614 1 0.513007 0.486993 
 ----> 6.6#11.9#4.0#14.0#VAR 615 0 0.539291 0.460709 
 ----> 6.6#11.9#4.0#14.0#VAR 616 0 0.547087 0.452913 
 ----> 6.6#11.9#4.0#14.0#VAR 617 1 0.498298 0.501702 
 ----> 6.6#11.9#4.0#14.0#VAR 618 0 0.538407 0.461593 
 ----> 6.6#11.9#4.0#14.0#VAR 619 1 0.479602 0.520398 
 ----> 6.6#11.9#4.0#14.0#VAR 620 1 0.509186 0.490814 
 ----> 6.6#11.9#4.0#14.0#VAR 621 0 0.514072 0.485928 
 ----> 6.6#11.9#4.0#14.0#VAR 622 0 0.515494 0.484506 
 ----> 6.6#11.9#4.0#14.0#VAR 623 0 0.519035 0.480965 
 ----> 6.6#11.9#4.0#14.0#VAR 624 0 0.523068 0.476932 
 ----> 6.6#11.9#4.0#14.0#VAR 625 0 0.515447 0.484553 
 ----> 6.6#11.9#4.0#14.0#VAR 626 1 0.505134 0.494866 
 ----> 6.6#11.9#4.0#14.0#VAR 627 1 0.516195 0.483805 
 ----> 6.6#11.9#4.0#14.0#VAR 628 1 0.523243 0.476757 
 ----> 6.6#11.9#4.0#14.0#VAR 629 0 0.55518 0.44482 
 ----> 6.6#11.9#4.0#14.0#VAR 630 0 0.55674 0.44326 
 ----> 6.6#11.9#4.0#14.0#VAR 631 0 0.503727 0.496273 
 ----> 6.6#11.9#4.0#14.0#VAR 632 0 0.515253 0.484747 
 ----> 6.6#11.9#4.0#14.0#VAR 633 0 0.516086 0.483914 
 ----> 6.6#11.9#4.0#14.0#VAR 634 1 0.502066 0.497934 
 ----> 6.6#11.9#4.0#14.0#VAR 635 1 0.523549 0.476451 
 ----> 6.6#11.9#4.0#14.0#VAR 636 0 0.520862 0.479138 
 ----> 6.6#11.9#4.0#14.0#VAR 637 1 0.49878 0.50122 
 ----> 6.6#11.9#4.0#14.0#VAR 638 1 0.502421 0.497579 
 ----> 6.6#11.9#4.0#14.0#VAR 639 0 0.533085 0.466915 
 ----> 6.6#11.9#4.0#14.0#VAR 640 0 0.518051 0.481949 
 ----> 6.6#11.9#4.0#14.0#VAR 641 1 0.493803 0.506197 
 ----> 6.6#11.9#4.0#14.0#VAR 642 0 0.54506 0.45494 
 ----> 6.6#11.9#4.0#14.0#VAR 643 0 0.502997 0.497003 
 ----> 6.6#11.9#4.0#14.0#VAR 644 0 0.554907 0.445093 
 ----> 6.6#11.9#4.0#14.0#VAR 645 1 0.49593 0.50407 
 ----> 6.6#11.9#4.0#14.0#VAR 646 0 0.509718 0.490282 
 ----> 6.6#11.9#4.0#14.0#VAR 647 0 0.510843 0.489157 
 ----> 6.6#11.9#4.0#14.0#VAR 648 0 0.574856 0.425144 
 ----> 6.6#11.9#4.0#14.0#VAR 649 0 0.507779 0.492221 
 ----> 6.6#11.9#4.0#14.0#VAR 650 0 0.52896 0.47104 
 ----> 6.6#11.9#4.0#14.0#VAR 651 0 0.597878 0.402122 
 ----> 6.6#11.9#4.0#14.0#VAR 652 1 0.528709 0.471291 
 ----> 6.6#11.9#4.0#14.0#VAR 653 0 0.498376 0.501624 
 ----> 6.6#11.9#4.0#14.0#VAR 654 0 0.518804 0.481196 
 ----> 6.6#11.9#4.0#14.0#VAR 655 0 0.52839 0.47161 
 ----> 6.6#11.9#4.0#14.0#VAR 656 0 0.530751 0.469249 
 ----> 6.6#11.9#4.0#14.0#VAR 657 0 0.546701 0.453299 
 ----> 6.6#11.9#4.0#14.0#VAR 658 0 0.545769 0.454231 
 ----> 6.6#11.9#4.0#14.0#VAR 659 0 0.508741 0.491259 
 ----> 6.6#11.9#4.0#14.0#VAR 660 1 0.494956 0.505044 
 ----> 6.6#11.9#4.0#14.0#VAR 661 1 0.499544 0.500456 
 ----> 6.6#11.9#4.0#14.0#VAR 662 0 0.485819 0.514181 
 ----> 6.6#11.9#4.0#14.0#VAR 663 1 0.5429 0.4571 
 ----> 6.6#11.9#4.0#14.0#VAR 664 1 0.500324 0.499676 
 ----> 6.6#11.9#4.0#14.0#VAR 665 0 0.519347 0.480653 
 ----> 6.6#11.9#4.0#14.0#VAR 666 0 0.534537 0.465463 
 ----> 6.6#11.9#4.0#14.0#VAR 667 0 0.477346 0.522654 
 ----> 6.6#11.9#4.0#14.0#VAR 668 0 0.503157 0.496843 
 ----> 6.6#11.9#4.0#14.0#VAR 669 0 0.492217 0.507783 
 ----> 6.6#11.9#4.0#14.0#VAR 670 1 0.507706 0.492294 
 ----> 6.6#11.9#4.0#14.0#VAR 671 0 0.511176 0.488824 
 ----> 6.6#11.9#4.0#14.0#VAR 672 1 0.500923 0.499077 
 ----> 6.6#11.9#4.0#14.0#VAR 673 0 0.526791 0.473209 
 ----> 6.6#11.9#4.0#14.0#VAR 674 0 0.528349 0.471651 
 ----> 6.6#11.9#4.0#14.0#VAR 675 0 0.524311 0.475689 
 ----> 6.6#11.9#4.0#14.0#VAR 676 0 0.504209 0.495791 
 ----> 6.6#11.9#4.0#14.0#VAR 677 0 0.544621 0.455379 
 ----> 6.6#11.9#4.0#14.0#VAR 678 0 0.518546 0.481454 
 ----> 6.6#11.9#4.0#14.0#VAR 679 1 0.48496 0.51504 
 ----> 6.6#11.9#4.0#14.0#VAR 680 1 0.50305 0.49695 
 ----> 6.6#11.9#4.0#14.0#VAR 681 1 0.52635 0.47365 
 ----> 6.6#11.9#4.0#14.0#VAR 682 0 0.526837 0.473163 
 ----> 6.6#11.9#4.0#14.0#VAR 683 1 0.474232 0.525768 
 ----> 6.6#11.9#4.0#14.0#VAR 684 0 0.533495 0.466505 
 ----> 6.6#11.9#4.0#14.0#VAR 685 0 0.572216 0.427784 
 ----> 6.6#11.9#4.0#14.0#VAR 686 0 0.539723 0.460277 
 ----> 6.6#11.9#4.0#14.0#VAR 687 0 0.549858 0.450142 
 ----> 6.6#11.9#4.0#14.0#VAR 688 0 0.498459 0.501541 
 ----> 6.6#11.9#4.0#14.0#VAR 689 1 0.505198 0.494802 
 ----> 6.6#11.9#4.0#14.0#VAR 690 1 0.483415 0.516585 
 ----> 6.6#11.9#4.0#14.0#VAR 691 1 0.510082 0.489918 
 ----> 6.6#11.9#4.0#14.0#VAR 692 1 0.493374 0.506626 
 ----> 6.6#11.9#4.0#14.0#VAR 693 0 0.519023 0.480977 
 ----> 6.6#11.9#4.0#14.0#VAR 694 1 0.5038 0.4962 
 ----> 6.6#11.9#4.0#14.0#VAR 695 0 0.52954 0.47046 
 ----> 6.6#11.9#4.0#14.0#VAR 696 1 0.520662 0.479338 
 ----> 6.6#11.9#4.0#14.0#VAR 697 0 0.529399 0.470601 
 ----> 6.6#11.9#4.0#14.0#VAR 698 1 0.500661 0.499339 
 ----> 6.6#11.9#4.0#14.0#VAR 699 0 0.51211 0.48789 
 ----> 6.6#11.9#4.0#14.0#VAR 700 0 0.53875 0.46125 
 ----> 6.6#11.9#4.0#14.0#VAR 701 0 0.513503 0.486497 
 ----> 6.6#11.9#4.0#14.0#VAR 702 1 0.525419 0.474581 
 ----> 6.6#11.9#4.0#14.0#VAR 703 0 0.516611 0.483389 
 ----> 6.6#11.9#4.0#14.0#VAR 704 0 0.521978 0.478022 
 ----> 6.6#11.9#4.0#14.0#VAR 705 0 0.564859 0.435141 
 ----> 6.6#11.9#4.0#14.0#VAR 706 0 0.511125 0.488875 
 ----> 6.6#11.9#4.0#14.0#VAR 707 0 0.524207 0.475793 
 ----> 6.6#11.9#4.0#14.0#VAR 708 0 0.522544 0.477456 
 ----> 6.6#11.9#4.0#14.0#VAR 709 0 0.554608 0.445392 
 ----> 6.6#11.9#4.0#14.0#VAR 710 0 0.515515 0.484485 
 ----> 6.6#11.9#4.0#14.0#VAR 711 1 0.50615 0.49385 
 ----> 6.6#11.9#4.0#14.0#VAR 712 0 0.575982 0.424018 
 ----> 6.6#11.9#4.0#14.0#VAR 713 0 0.564525 0.435475 
 ----> 6.6#11.9#4.0#14.0#VAR 714 1 0.494781 0.505219 
 ----> 6.6#11.9#4.0#14.0#VAR 715 0 0.517718 0.482282 
 ----> 6.6#11.9#4.0#14.0#VAR 716 0 0.515933 0.484067 
 ----> 6.6#11.9#4.0#14.0#VAR 717 1 0.502665 0.497335 
 ----> 6.6#11.9#4.0#14.0#VAR 718 1 0.493509 0.506491 
 ----> 6.6#11.9#4.0#14.0#VAR 719 0 0.498034 0.501966 
 ----> 6.6#11.9#4.0#14.0#VAR 720 1 0.508023 0.491977 
 ----> 6.6#11.9#4.0#14.0#VAR 721 1 0.530989 0.469011 
 ----> 6.6#11.9#4.0#14.0#VAR 722 0 0.515935 0.484065 
 ----> 6.6#11.9#4.0#14.0#VAR 723 0 0.549406 0.450594 
 ----> 6.6#11.9#4.0#14.0#VAR 724 0 0.540993 0.459007 
 ----> 6.6#11.9#4.0#14.0#VAR 725 0 0.515392 0.484608 
 ----> 6.6#11.9#4.0#14.0#VAR 726 0 0.521328 0.478672 
 ----> 6.6#11.9#4.0#14.0#VAR 727 0 0.518381 0.481619 
 ----> 6.6#11.9#4.0#14.0#VAR 728 1 0.503076 0.496924 
 ----> 6.6#11.9#4.0#14.0#VAR 729 1 0.498782 0.501218 
 ----> 6.6#11.9#4.0#14.0#VAR 730 0 0.505825 0.494175 
 ----> 6.6#11.9#4.0#14.0#VAR 731 1 0.509307 0.490693 
 ----> 6.6#11.9#4.0#14.0#VAR 732 0 0.513651 0.486349 
 ----> 6.6#11.9#4.0#14.0#VAR 733 0 0.525694 0.474306 
 ----> 6.6#11.9#4.0#14.0#VAR 734 0 0.556201 0.443799 
 ----> 6.6#11.9#4.0#14.0#VAR 735 0 0.526881 0.473119 
 ----> 6.6#11.9#4.0#14.0#VAR 736 0 0.528825 0.471175 
 ----> 6.6#11.9#4.0#14.0#VAR 737 1 0.507825 0.492175 
 ----> 6.6#11.9#4.0#14.0#VAR 738 1 0.501847 0.498153 
 ----> 6.6#11.9#4.0#14.0#VAR 739 1 0.47648 0.52352 
 ----> 6.6#11.9#4.0#14.0#VAR 740 1 0.515278 0.484722 
 ----> 6.6#11.9#4.0#14.0#VAR 741 0 0.529788 0.470212 
 ----> 6.6#11.9#4.0#14.0#VAR 742 0 0.530598 0.469402 
 ----> 6.6#11.9#4.0#14.0#VAR 743 1 0.50589 0.49411 
 ----> 6.6#11.9#4.0#14.0#VAR 744 0 0.52326 0.47674 
 ----> 6.6#11.9#4.0#14.0#VAR 745 1 0.523664 0.476336 
 ----> 6.6#11.9#4.0#14.0#VAR 746 0 0.52899 0.47101 
 ----> 6.6#11.9#4.0#14.0#VAR 747 0 0.520434 0.479566 
 ----> 6.6#11.9#4.0#14.0#VAR 748 0 0.495976 0.504024 
 ----> 6.6#11.9#4.0#14.0#VAR 749 0 0.520299 0.479701 
 ----> 6.6#11.9#4.0#14.0#VAR 750 1 0.526059 0.473941 
 ----> 6.6#11.9#4.0#14.0#VAR 751 0 0.523087 0.476913 
 ----> 6.6#11.9#4.0#14.0#VAR 752 0 0.496223 0.503777 
 ----> 6.6#11.9#4.0#14.0#VAR 753 0 0.526272 0.473728 
 ----> 6.6#11.9#4.0#14.0#VAR 754 0 0.518366 0.481634 
 ----> 6.6#11.9#4.0#14.0#VAR 755 0 0.526118 0.473882 
 ----> 6.6#11.9#4.0#14.0#VAR 756 1 0.503948 0.496052 
 ----> 6.6#11.9#4.0#14.0#VAR 757 1 0.514269 0.485731 
 ----> 6.6#11.9#4.0#14.0#VAR 758 1 0.503993 0.496007 
 ----> 6.6#11.9#4.0#14.0#VAR 759 0 0.513957 0.486043 
 ----> 6.6#11.9#4.0#14.0#VAR 760 0 0.503685 0.496315 
 ----> 6.6#11.9#4.0#14.0#VAR 761 1 0.47728 0.52272 
 ----> 6.6#11.9#4.0#14.0#VAR 762 1 0.507464 0.492536 
 ----> 6.6#11.9#4.0#14.0#VAR 763 1 0.477443 0.522557 
 ----> 6.6#11.9#4.0#14.0#VAR 764 0 0.521339 0.478661 
 ----> 6.6#11.9#4.0#14.0#VAR 765 1 0.497482 0.502518 
 ----> 6.6#11.9#4.0#14.0#VAR 766 1 0.489515 0.510485 
 ----> 6.6#11.9#4.0#14.0#VAR 767 1 0.5009 0.4991 
 ----> 6.6#11.9#4.0#14.0#VAR 768 1 0.482669 0.517331 
 ----> 6.6#11.9#4.0#14.0#VAR 769 0 0.499287 0.500713 
 ----> 6.6#11.9#4.0#14.0#VAR 770 0 0.502308 0.497692 
 ----> 6.6#11.9#4.0#14.0#VAR 771 0 0.525332 0.474668 
 ----> 6.6#11.9#4.0#14.0#VAR 772 0 0.534348 0.465652 
 ----> 6.6#11.9#4.0#14.0#VAR 773 1 0.468381 0.531619 
 ----> 6.6#11.9#4.0#14.0#VAR 774 0 0.538121 0.461879 
 ----> 6.6#11.9#4.0#14.0#VAR 775 1 0.484011 0.515989 
 ----> 6.6#11.9#4.0#14.0#VAR 776 0 0.501533 0.498467 
 ----> 6.6#11.9#4.0#14.0#VAR 777 0 0.51651 0.48349 
 ----> 6.6#11.9#4.0#14.0#VAR 778 0 0.511262 0.488738 
 ----> 6.6#11.9#4.0#14.0#VAR 779 1 0.493744 0.506256 
 ----> 6.6#11.9#4.0#14.0#VAR 780 1 0.487997 0.512003 
 ----> 6.6#11.9#4.0#14.0#VAR 781 1 0.51131 0.48869 
 ----> 6.6#11.9#4.0#14.0#VAR 782 1 0.464211 0.535789 
 ----> 6.6#11.9#4.0#14.0#VAR 783 0 0.563875 0.436125 
 ----> 6.6#11.9#4.0#14.0#VAR 784 0 0.512427 0.487573 
 ----> 6.6#11.9#4.0#14.0#VAR 785 1 0.485795 0.514205 
 ----> 6.6#11.9#4.0#14.0#VAR 786 0 0.519947 0.480053 
 ----> 6.6#11.9#4.0#14.0#VAR 787 1 0.485084 0.514916 
 ----> 6.6#11.9#4.0#14.0#VAR 788 0 0.479626 0.520374 
 ----> 6.6#11.9#4.0#14.0#VAR 789 1 0.494631 0.505369 
 ----> 6.6#11.9#4.0#14.0#VAR 790 1 0.494507 0.505493 
 ----> 6.6#11.9#4.0#14.0#VAR 791 1 0.489921 0.510079 
 ----> 6.6#11.9#4.0#14.0#VAR 792 1 0.519557 0.480443 
 ----> 6.6#11.9#4.0#14.0#VAR 793 1 0.482052 0.517948 
 ----> 6.6#11.9#4.0#14.0#VAR 794 1 0.491661 0.508339 
 ----> 6.6#11.9#4.0#14.0#VAR 795 1 0.468523 0.531477 
 ----> 6.6#11.9#4.0#14.0#VAR 796 1 0.511532 0.488468 
 ----> 6.6#11.9#4.0#14.0#VAR 797 0 0.51087 0.48913 
 ----> 6.6#11.9#4.0#14.0#VAR 798 0 0.535373 0.464627 
 ----> 6.6#11.9#4.0#14.0#VAR 799 0 0.508621 0.491379 
 ----> 6.6#11.9#4.0#14.0#VAR 800 1 0.475751 0.524249 
 ----> 6.6#11.9#4.0#14.0#VAR 801 1 0.518696 0.481304 
 ----> 6.6#11.9#4.0#14.0#VAR 802 1 0.456962 0.543038 
 ----> 6.6#11.9#4.0#14.0#VAR 803 1 0.444106 0.555894 
 ----> 6.6#11.9#4.0#14.0#VAR 804 1 0.481263 0.518737 
 ----> 6.6#11.9#4.0#14.0#VAR 805 0 0.516334 0.483666 
 ----> 6.6#11.9#4.0#14.0#VAR 806 1 0.488743 0.511257 
 ----> 6.6#11.9#4.0#14.0#VAR 807 1 0.440038 0.559962 
 ----> 6.6#11.9#4.0#14.0#VAR 808 0 0.505291 0.494709 
 ----> 6.6#11.9#4.0#14.0#VAR 809 0 0.481807 0.518193 
 ----> 6.6#11.9#4.0#14.0#VAR 810 1 0.463211 0.536789 
 ----> 6.6#11.9#4.0#14.0#VAR 811 1 0.471704 0.528296 
 ----> 6.6#11.9#4.0#14.0#VAR 812 0 0.489494 0.510506 
 ----> 6.6#11.9#4.0#14.0#VAR 813 1 0.471279 0.528721 
 ----> 6.6#11.9#4.0#14.0#VAR 814 1 0.458963 0.541037 
 ----> 6.6#11.9#4.0#14.0#VAR 815 1 0.497186 0.502814 
 ----> 6.6#11.9#4.0#14.0#VAR 816 0 0.480741 0.519259 
 ----> 6.6#11.9#4.0#14.0#VAR 817 1 0.479361 0.520639 
 ----> 6.6#11.9#4.0#14.0#VAR 818 1 0.47079 0.52921 
 ----> 6.6#11.9#4.0#14.0#VAR 819 1 0.460801 0.539199 
 ----> 6.6#11.9#4.0#14.0#VAR 820 1 0.432228 0.567772 
 ----> 6.6#11.9#4.0#14.0#VAR 821 0 0.482186 0.517814 
 ----> 6.6#11.9#4.0#14.0#VAR 822 1 0.4495 0.5505 
 ----> 6.6#11.9#4.0#14.0#VAR 823 0 0.487258 0.512742 
 ----> 6.6#11.9#4.0#14.0#VAR 824 0 0.502912 0.497088 
 ----> 6.6#11.9#4.0#14.0#VAR 825 0 0.489758 0.510242 
 ----> 6.6#11.9#4.0#14.0#VAR 826 1 0.456291 0.543709 
 ----> 6.6#11.9#4.0#14.0#VAR 827 0 0.49945 0.50055 
 ----> 6.6#11.9#4.0#14.0#VAR 828 0 0.482005 0.517995 
 ----> 6.6#11.9#4.0#14.0#VAR 829 1 0.483961 0.516039 
 ----> 6.6#11.9#4.0#14.0#VAR 830 1 0.472174 0.527826 
 ----> 6.6#11.9#4.0#14.0#VAR 831 0 0.497878 0.502122 
 ----> 6.6#11.9#4.0#14.0#VAR 832 1 0.472177 0.527823 
 ----> 6.6#11.9#4.0#14.0#VAR 833 1 0.481531 0.518469 
 ----> 6.6#11.9#4.0#14.0#VAR 834 1 0.48219 0.51781 
 ----> 6.6#11.9#4.0#14.0#VAR 835 1 0.46098 0.53902 
 ----> 6.6#11.9#4.0#14.0#VAR 836 1 0.454187 0.545813 
 ----> 6.6#11.9#4.0#14.0#VAR 837 1 0.445875 0.554125 
 ----> 6.6#11.9#4.0#14.0#VAR 838 1 0.461482 0.538518 
 ----> 6.6#11.9#4.0#14.0#VAR 839 0 0.484432 0.515568 
 ----> 6.6#11.9#4.0#14.0#VAR 840 0 0.479299 0.520701 
 ----> 6.6#11.9#4.0#14.0#VAR 841 1 0.437587 0.562413 
 ----> 6.6#11.9#4.0#14.0#VAR 842 0 0.495671 0.504329 
 ----> 6.6#11.9#4.0#14.0#VAR 843 1 0.477946 0.522054 
 ----> 6.6#11.9#4.0#14.0#VAR 844 0 0.459501 0.540499 
 ----> 6.6#11.9#4.0#14.0#VAR 845 1 0.468744 0.531256 
 ----> 6.6#11.9#4.0#14.0#VAR 846 0 0.538996 0.461004 
 ----> 6.6#11.9#4.0#14.0#VAR 847 0 0.513136 0.486864 
 ----> 6.6#11.9#4.0#14.0#VAR 848 0 0.530917 0.469083 
 ----> 6.6#11.9#4.0#14.0#VAR 849 1 0.470173 0.529827 
 ----> 6.6#11.9#4.0#14.0#VAR 850 0 0.523419 0.476581 
 ----> 6.6#11.9#4.0#14.0#VAR 851 0 0.510266 0.489734 
 ----> 6.6#11.9#4.0#14.0#VAR 852 1 0.46163 0.53837 
 ----> 6.6#11.9#4.0#14.0#VAR 853 0 0.511825 0.488175 
 ----> 6.6#11.9#4.0#14.0#VAR 854 1 0.41951 0.58049 
 ----> 6.6#11.9#4.0#14.0#VAR 855 1 0.493173 0.506827 
 ----> 6.6#11.9#4.0#14.0#VAR 856 1 0.477688 0.522312 
 ----> 6.6#11.9#4.0#14.0#VAR 857 1 0.471092 0.528908 
 ----> 6.6#11.9#4.0#14.0#VAR 858 0 0.484822 0.515178 
 ----> 6.6#11.9#4.0#14.0#VAR 859 0 0.481144 0.518856 
 ----> 6.6#11.9#4.0#14.0#VAR 860 1 0.439972 0.560028 
 ----> 6.6#11.9#4.0#14.0#VAR 861 0 0.518321 0.481679 
 ----> 6.6#11.9#4.0#14.0#VAR 862 1 0.475915 0.524085 
 ----> 6.6#11.9#4.0#14.0#VAR 863 1 0.441176 0.558824 
 ----> 6.6#11.9#4.0#14.0#VAR 864 1 0.456454 0.543546 
 ----> 6.6#11.9#4.0#14.0#VAR 865 1 0.458719 0.541281 
 ----> 6.6#11.9#4.0#14.0#VAR 866 1 0.441736 0.558264 
 ----> 6.6#11.9#4.0#14.0#VAR 867 0 0.488176 0.511824 
 ----> 6.6#11.9#4.0#14.0#VAR 868 1 0.414081 0.585919 
 ----> 6.6#11.9#4.0#14.0#VAR 869 0 0.443421 0.556579 
 ----> 6.6#11.9#4.0#14.0#VAR 870 1 0.422575 0.577425 
 ----> 6.6#11.9#4.0#14.0#VAR 871 1 0.432445 0.567555 
 ----> 6.6#11.9#4.0#14.0#VAR 872 1 0.473336 0.526664 
 ----> 6.6#11.9#4.0#14.0#VAR 873 1 0.445248 0.554752 
 ----> 6.6#11.9#4.0#14.0#VAR 874 1 0.452406 0.547594 
 ----> 6.6#11.9#4.0#14.0#VAR 875 1 0.456594 0.543406 
 ----> 6.6#11.9#4.0#14.0#VAR 876 1 0.467886 0.532114 
 ----> 6.6#11.9#4.0#14.0#VAR 877 1 0.430711 0.569289 
 ----> 6.6#11.9#4.0#14.0#VAR 878 1 0.44766 0.55234 
 ----> 6.6#11.9#4.0#14.0#VAR 879 1 0.434779 0.565221 
 ----> 6.6#11.9#4.0#14.0#VAR 880 1 0.437773 0.562227 
 ----> 6.6#11.9#4.0#14.0#VAR 881 1 0.406461 0.593539 
 ----> 6.6#11.9#4.0#14.0#VAR 882 0 0.455667 0.544333 
 ----> 6.6#11.9#4.0#14.0#VAR 883 1 0.401659 0.598341 
 ----> 6.6#11.9#4.0#14.0#VAR 884 1 0.428467 0.571533 
 ----> 6.6#11.9#4.0#14.0#VAR 885 1 0.435438 0.564562 
 ----> 6.6#11.9#4.0#14.0#VAR 886 1 0.401368 0.598632 
 ----> 6.6#11.9#4.0#14.0#VAR 887 1 0.435385 0.564615 
 ----> 6.6#11.9#4.0#14.0#VAR 888 1 0.428562 0.571438 
 ----> 6.6#11.9#4.0#14.0#VAR 889 1 0.431223 0.568777 
 ----> 6.6#11.9#4.0#14.0#VAR 890 1 0.41773 0.58227 
 ----> 6.6#11.9#4.0#14.0#VAR 891 1 0.411626 0.588374 
 ----> 6.6#11.9#4.0#14.0#VAR 892 1 0.449972 0.550028 
 ----> 6.6#11.9#4.0#14.0#VAR 893 1 0.442893 0.557107 
 ----> 6.6#11.9#4.0#14.0#VAR 894 0 0.493163 0.506837 
 ----> 6.6#11.9#4.0#14.0#VAR 895 0 0.474119 0.525881 
 ----> 6.6#11.9#4.0#14.0#VAR 896 0 0.453191 0.546809 
 ----> 6.6#11.9#4.0#14.0#VAR 897 1 0.407676 0.592324 
 ----> 6.6#11.9#4.0#14.0#VAR 898 1 0.432521 0.567479 
 ----> 6.6#11.9#4.0#14.0#VAR 899 1 0.399581 0.600419 
 ----> 6.6#11.9#4.0#14.0#VAR 900 0 0.442308 0.557692 
 ----> 6.6#11.9#4.0#14.0#VAR 901 1 0.405124 0.594876 
 ----> 6.6#11.9#4.0#14.0#VAR 902 1 0.429275 0.570725 
 ----> 6.6#11.9#4.0#14.0#VAR 903 1 0.405236 0.594764 
 ----> 6.6#11.9#4.0#14.0#VAR 904 1 0.438831 0.561169 
 ----> 6.6#11.9#4.0#14.0#VAR 905 1 0.412661 0.587339 
 ----> 6.6#11.9#4.0#14.0#VAR 906 1 0.426225 0.573775 
 ----> 6.6#11.9#4.0#14.0#VAR 907 1 0.4256 0.5744 
 ----> 6.6#11.9#4.0#14.0#VAR 908 0 0.501814 0.498186 
 ----> 6.6#11.9#4.0#14.0#VAR 909 1 0.425979 0.574021 
 ----> 6.6#11.9#4.0#14.0#VAR 910 1 0.394286 0.605714 
 ----> 6.6#11.9#4.0#14.0#VAR 911 1 0.442275 0.557725 
 ----> 6.6#11.9#4.0#14.0#VAR 912 1 0.422605 0.577395 
 ----> 6.6#11.9#4.0#14.0#VAR 913 1 0.433641 0.566359 
 ----> 6.6#11.9#4.0#14.0#VAR 914 1 0.425742 0.574258 
 ----> 6.6#11.9#4.0#14.0#VAR 915 0 0.482594 0.517406 
 ----> 6.6#11.9#4.0#14.0#VAR 916 1 0.421608 0.578392 
 ----> 6.6#11.9#4.0#14.0#VAR 917 1 0.406218 0.593782 
 ----> 6.6#11.9#4.0#14.0#VAR 918 1 0.43115 0.56885 
 ----> 6.6#11.9#4.0#14.0#VAR 919 1 0.428717 0.571283 
 ----> 6.6#11.9#4.0#14.0#VAR 920 1 0.441826 0.558174 
 ----> 6.6#11.9#4.0#14.0#VAR 921 1 0.413465 0.586535 
 ----> 6.6#11.9#4.0#14.0#VAR 922 0 0.466301 0.533699 
 ----> 6.6#11.9#4.0#14.0#VAR 923 1 0.412924 0.587076 
 ----> 6.6#11.9#4.0#14.0#VAR 924 0 0.501609 0.498391 
 ----> 6.6#11.9#4.0#14.0#VAR 925 1 0.418682 0.581318 
 ----> 6.6#11.9#4.0#14.0#VAR 926 1 0.404855 0.595145 
 ----> 6.6#11.9#4.0#14.0#VAR 927 1 0.389802 0.610198 
 ----> 6.6#11.9#4.0#14.0#VAR 928 1 0.425727 0.574273 
 ----> 6.6#11.9#4.0#14.0#VAR 929 0 0.488948 0.511052 
 ----> 6.6#11.9#4.0#14.0#VAR 930 1 0.419513 0.580487 
 ----> 6.6#11.9#4.0#14.0#VAR 931 1 0.397208 0.602792 
 ----> 6.6#11.9#4.0#14.0#VAR 932 0 0.466152 0.533848 
 ----> 6.6#11.9#4.0#14.0#VAR 933 0 0.466833 0.533167 
 ----> 6.6#11.9#4.0#14.0#VAR 934 1 0.423557 0.576443 
 ----> 6.6#11.9#4.0#14.0#VAR 935 1 0.423922 0.576078 
 ----> 6.6#11.9#4.0#14.0#VAR 936 0 0.45206 0.54794 
 ----> 6.6#11.9#4.0#14.0#VAR 937 0 0.456135 0.543865 
 ----> 6.6#11.9#4.0#14.0#VAR 938 1 0.438606 0.561394 
 ----> 6.6#11.9#4.0#14.0#VAR 939 1 0.417644 0.582356 
 ----> 6.6#11.9#4.0#14.0#VAR 940 1 0.453787 0.546213 
 ----> 6.6#11.9#4.0#14.0#VAR 941 1 0.418134 0.581866 
 ----> 6.6#11.9#4.0#14.0#VAR 942 1 0.42648 0.57352 
 ----> 6.6#11.9#4.0#14.0#VAR 943 1 0.427205 0.572795 
 ----> 6.6#11.9#4.0#14.0#VAR 944 0 0.474281 0.525719 
 ----> 6.6#11.9#4.0#14.0#VAR 945 1 0.457417 0.542583 
 ----> 6.6#11.9#4.0#14.0#VAR 946 1 0.432853 0.567147 
 ----> 6.6#11.9#4.0#14.0#VAR 947 1 0.42733 0.57267 
 ----> 6.6#11.9#4.0#14.0#VAR 948 0 0.462518 0.537482 
 ----> 6.6#11.9#4.0#14.0#VAR 949 1 0.414684 0.585316 
 ----> 6.6#11.9#4.0#14.0#VAR 950 1 0.40915 0.59085 
 ----> 6.6#11.9#4.0#14.0#VAR 951 1 0.431241 0.568759 
 ----> 6.6#11.9#4.0#14.0#VAR 952 0 0.458722 0.541278 
 ----> 6.6#11.9#4.0#14.0#VAR 953 1 0.482195 0.517805 
 ----> 6.6#11.9#4.0#14.0#VAR 954 1 0.434206 0.565794 
 ----> 6.6#11.9#4.0#14.0#VAR 955 0 0.451285 0.548715 
 ----> 6.6#11.9#4.0#14.0#VAR 956 0 0.458126 0.541874 
 ----> 6.6#11.9#4.0#14.0#VAR 957 0 0.486317 0.513683 
 ----> 6.6#11.9#4.0#14.0#VAR 958 0 0.473414 0.526586 
 ----> 6.6#11.9#4.0#14.0#VAR 959 1 0.423103 0.576897 
 ----> 6.6#11.9#4.0#14.0#VAR 960 0 0.45678 0.54322 
 ----> 6.6#11.9#4.0#14.0#VAR 961 0 0.482169 0.517831 
 ----> 6.6#11.9#4.0#14.0#VAR 962 0 0.478301 0.521699 
 ----> 6.6#11.9#4.0#14.0#VAR 963 0 0.523875 0.476125 
 ----> 6.6#11.9#4.0#14.0#VAR 964 1 0.437033 0.562967 
 ----> 6.6#11.9#4.0#14.0#VAR 965 0 0.505535 0.494465 
 ----> 6.6#11.9#4.0#14.0#VAR 966 1 0.416935 0.583065 
 ----> 6.6#11.9#4.0#14.0#VAR 967 1 0.479871 0.520129 
 ----> 6.6#11.9#4.0#14.0#VAR 968 1 0.490131 0.509869 
 ----> 6.6#11.9#4.0#14.0#VAR 969 1 0.454031 0.545969 
 ----> 6.6#11.9#4.0#14.0#VAR 970 0 0.477786 0.522214 
 ----> 6.6#11.9#4.0#14.0#VAR 971 1 0.428027 0.571973 
 ----> 6.6#11.9#4.0#14.0#VAR 972 0 0.476296 0.523704 
 ----> 6.6#11.9#4.0#14.0#VAR 973 0 0.509835 0.490165 
 ----> 6.6#11.9#4.0#14.0#VAR 974 1 0.491177 0.508823 
 ----> 6.6#11.9#4.0#14.0#VAR 975 1 0.459121 0.540879 
 ----> 6.6#11.9#4.0#14.0#VAR 976 1 0.463009 0.536991 
 ----> 6.6#11.9#4.0#14.0#VAR 977 1 0.446239 0.553761 
 ----> 6.6#11.9#4.0#14.0#VAR 978 0 0.511815 0.488185 
 ----> 6.6#11.9#4.0#14.0#VAR 979 0 0.492908 0.507092 
 ----> 6.6#11.9#4.0#14.0#VAR 980 1 0.487574 0.512426 
 ----> 6.6#11.9#4.0#14.0#VAR 981 1 0.454235 0.545765 
 ----> 6.6#11.9#4.0#14.0#VAR 982 0 0.493986 0.506014 
 ----> 6.6#11.9#4.0#14.0#VAR 983 1 0.49542 0.50458 
 ----> 6.6#11.9#4.0#14.0#VAR 984 1 0.436143 0.563857 
 ----> 6.6#11.9#4.0#14.0#VAR 985 0 0.481526 0.518474 
 ----> 6.6#11.9#4.0#14.0#VAR 986 1 0.437598 0.562402 
 ----> 6.6#11.9#4.0#14.0#VAR 987 1 0.414429 0.585571 
 ----> 6.6#11.9#4.0#14.0#VAR 988 1 0.44333 0.55667 
 ----> 6.6#11.9#4.0#14.0#VAR 989 0 0.468025 0.531975 
 ----> 6.6#11.9#4.0#14.0#VAR 990 0 0.492959 0.507041 
 ----> 6.6#11.9#4.0#14.0#VAR 991 1 0.430178 0.569822 
 ----> 6.6#11.9#4.0#14.0#VAR 992 1 0.452828 0.547172 
 ----> 6.6#11.9#4.0#14.0#VAR 993 1 0.416974 0.583026 
 ----> 6.6#11.9#4.0#14.0#VAR 994 0 0.484268 0.515732 
 ----> 6.6#11.9#4.0#14.0#VAR 995 1 0.465132 0.534868 
 ----> 6.6#11.9#4.0#14.0#VAR 996 0 0.469642 0.530358 
 ----> 6.6#11.9#4.0#14.0#VAR 997 1 0.457204 0.542796 
 ----> 6.6#11.9#4.0#14.0#VAR 998 0 0.496078 0.503922 
 ----> 6.6#11.9#4.0#14.0#VAR 999 1 0.44922 0.55078 
 ----> 6.6#11.9#4.0#14.0#VAR 1000 1 0.489979 0.510021 
 ----> 6.6#11.9#4.0#14.0#VAR 1001 1 0.426007 0.573993 
 ----> 6.6#11.9#4.0#14.0#VAR 1002 0 0.464386 0.535614 
 ----> 6.6#11.9#4.0#14.0#VAR 1003 1 0.478374 0.521626 
 ----> 6.6#11.9#4.0#14.0#VAR 1004 1 0.500798 0.499202 
 ----> 6.6#11.9#4.0#14.0#VAR 1005 0 0.500842 0.499158 
 ----> 6.6#11.9#4.0#14.0#VAR 1006 1 0.445724 0.554276 
 ----> 6.6#11.9#4.0#14.0#VAR 1007 1 0.434164 0.565836 
 ----> 6.6#11.9#4.0#14.0#VAR 1008 0 0.49056 0.50944 
 ----> 6.6#11.9#4.0#14.0#VAR 1009 0 0.458871 0.541129 
 ----> 6.6#11.9#4.0#14.0#VAR 1010 1 0.396762 0.603238 
 ----> 6.6#11.9#4.0#14.0#VAR 1011 1 0.476038 0.523962 
 ----> 6.6#11.9#4.0#14.0#VAR 1012 1 0.485105 0.514895 
 ----> 6.6#11.9#4.0#14.0#VAR 1013 1 0.460638 0.539362 
 ----> 6.6#11.9#4.0#14.0#VAR 1014 0 0.475525 0.524475 
 ----> 6.6#11.9#4.0#14.0#VAR 1015 1 0.47195 0.52805 
 ----> 6.6#11.9#4.0#14.0#VAR 1016 0 0.500792 0.499208 
 ----> 6.6#11.9#4.0#14.0#VAR 1017 1 0.451787 0.548213 
 ----> 6.6#11.9#4.0#14.0#VAR 1018 1 0.418583 0.581417 
 ----> 6.6#11.9#4.0#14.0#VAR 1019 1 0.445015 0.554985 
 ----> 6.6#11.9#4.0#14.0#VAR 1020 0 0.472882 0.527118 
 ----> 6.6#11.9#4.0#14.0#VAR 1021 1 0.448382 0.551618 
 ----> 6.6#11.9#4.0#14.0#VAR 1022 1 0.479664 0.520336 
 ----> 6.6#11.9#4.0#14.0#VAR 1023 1 0.459225 0.540775 
 ----> 6.6#11.9#4.0#14.0#VAR 1024 0 0.482148 0.517852 
 ----> 6.6#11.9#4.0#14.0#VAR 1025 1 0.445736 0.554264 
 ----> 6.6#11.9#4.0#14.0#VAR 1026 1 0.45536 0.54464 
 ----> 6.6#11.9#4.0#14.0#VAR 1027 0 0.461531 0.538469 
 ----> 6.6#11.9#4.0#14.0#VAR 1028 0 0.536359 0.463641 
 ----> 6.6#11.9#4.0#14.0#VAR 1029 0 0.468391 0.531609 
 ----> 6.6#11.9#4.0#14.0#VAR 1030 1 0.414696 0.585304 
 ----> 6.6#11.9#4.0#14.0#VAR 1031 1 0.477469 0.522531 
 ----> 6.6#11.9#4.0#14.0#VAR 1032 0 0.491961 0.508039 
 ----> 6.6#11.9#4.0#14.0#VAR 1033 1 0.457502 0.542498 
 ----> 6.6#11.9#4.0#14.0#VAR 1034 1 0.484413 0.515587 
 ----> 6.6#11.9#4.0#14.0#VAR 1035 1 0.461685 0.538315 
 ----> 6.6#11.9#4.0#14.0#VAR 1036 1 0.457045 0.542955 
 ----> 6.6#11.9#4.0#14.0#VAR 1037 1 0.457358 0.542642 
 ----> 6.6#11.9#4.0#14.0#VAR 1038 1 0.460395 0.539605 
 ----> 6.6#11.9#4.0#14.0#VAR 1039 1 0.453519 0.546481 
 ----> 6.6#11.9#4.0#14.0#VAR 1040 0 0.445797 0.554203 
 ----> 6.6#11.9#4.0#14.0#VAR 1041 1 0.416188 0.583812 
 ----> 6.6#11.9#4.0#14.0#VAR 1042 1 0.456843 0.543157 
 ----> 6.6#11.9#4.0#14.0#VAR 1043 1 0.463435 0.536565 
 ----> 6.6#11.9#4.0#14.0#VAR 1044 1 0.449939 0.550061 
 ----> 6.6#11.9#4.0#14.0#VAR 1045 1 0.437002 0.562998 
 ----> 6.6#11.9#4.0#14.0#VAR 1046 0 0.441467 0.558533 
 ----> 6.6#11.9#4.0#14.0#VAR 1047 1 0.472122 0.527878 
 ----> 6.6#11.9#4.0#14.0#VAR 1048 1 0.462052 0.537948 
 ----> 6.6#11.9#4.0#14.0#VAR 1049 0 0.48015 0.51985 
 ----> 6.6#11.9#4.0#14.0#VAR 1050 0 0.508117 0.491883 
 ----> 6.6#11.9#4.0#14.0#VAR 1051 1 0.458845 0.541155 
 ----> 6.6#11.9#4.0#14.0#VAR 1052 0 0.495849 0.504151 
 ----> 6.6#11.9#4.0#14.0#VAR 1053 1 0.460788 0.539212 
 ----> 6.6#11.9#4.0#14.0#VAR 1054 0 0.501574 0.498426 
 ----> 6.6#11.9#4.0#14.0#VAR 1055 0 0.487408 0.512592 
 ----> 6.6#11.9#4.0#14.0#VAR 1056 0 0.484562 0.515438 
 ----> 6.6#11.9#4.0#14.0#VAR 1057 1 0.506598 0.493402 
 ----> 6.6#11.9#4.0#14.0#VAR 1058 0 0.50117 0.49883 
 ----> 6.6#11.9#4.0#14.0#VAR 1059 1 0.447427 0.552573 
 ----> 6.6#11.9#4.0#14.0#VAR 1060 1 0.463803 0.536197 
 ----> 6.6#11.9#4.0#14.0#VAR 1061 0 0.516402 0.483598 
 ----> 6.6#11.9#4.0#14.0#VAR 1062 1 0.460789 0.539211 
 ----> 6.6#11.9#4.0#14.0#VAR 1063 1 0.451766 0.548234 
 ----> 6.6#11.9#4.0#14.0#VAR 1064 0 0.485821 0.514179 
 ----> 6.6#11.9#4.0#14.0#VAR 1065 1 0.486488 0.513512 
 ----> 6.6#11.9#4.0#14.0#VAR 1066 1 0.442761 0.557239 
 ----> 6.6#11.9#4.0#14.0#VAR 1067 1 0.45494 0.54506 
 ----> 6.6#11.9#4.0#14.0#VAR 1068 0 0.483774 0.516226 
 ----> 6.6#11.9#4.0#14.0#VAR 1069 1 0.492385 0.507615 
 ----> 6.6#11.9#4.0#14.0#VAR 1070 1 0.452863 0.547137 
 ----> 6.6#11.9#4.0#14.0#VAR 1071 0 0.507153 0.492847 
 ----> 6.6#11.9#4.0#14.0#VAR 1072 0 0.480691 0.519309 
 ----> 6.6#11.9#4.0#14.0#VAR 1073 0 0.48593 0.51407 
 ----> 6.6#11.9#4.0#14.0#VAR 1074 0 0.478503 0.521497 
 ----> 6.6#11.9#4.0#14.0#VAR 1075 0 0.497476 0.502524 
 ----> 6.6#11.9#4.0#14.0#VAR 1076 1 0.465396 0.534604 
 ----> 6.6#11.9#4.0#14.0#VAR 1077 1 0.479598 0.520402 
 ----> 6.6#11.9#4.0#14.0#VAR 1078 0 0.507478 0.492522 
 ----> 6.6#11.9#4.0#14.0#VAR 1079 1 0.490332 0.509668 
 ----> 6.6#11.9#4.0#14.0#VAR 1080 0 0.491373 0.508627 
 ----> 6.6#11.9#4.0#14.0#VAR 1081 0 0.505841 0.494159 
 ----> 6.6#11.9#4.0#14.0#VAR 1082 1 0.482861 0.517139 
 ----> 6.6#11.9#4.0#14.0#VAR 1083 0 0.47753 0.52247 
 ----> 6.6#11.9#4.0#14.0#VAR 1084 1 0.454387 0.545613 
 ----> 6.6#11.9#4.0#14.0#VAR 1085 1 0.476007 0.523993 
 ----> 6.6#11.9#4.0#14.0#VAR 1086 0 0.461319 0.538681 
 ----> 6.6#11.9#4.0#14.0#VAR 1087 1 0.455013 0.544987 
 ----> 6.6#11.9#4.0#14.0#VAR 1088 0 0.499457 0.500543 
 ----> 6.6#11.9#4.0#14.0#VAR 1089 1 0.47552 0.52448 
 ----> 6.6#11.9#4.0#14.0#VAR 1090 0 0.48716 0.51284 
 ----> 6.6#11.9#4.0#14.0#VAR 1091 1 0.434209 0.565791 
 ----> 6.6#11.9#4.0#14.0#VAR 1092 1 0.48877 0.51123 
 ----> 6.6#11.9#4.0#14.0#VAR 1093 0 0.490136 0.509864 
 ----> 6.6#11.9#4.0#14.0#VAR 1094 1 0.441908 0.558092 
 ----> 6.6#11.9#4.0#14.0#VAR 1095 1 0.469042 0.530958 
 ----> 6.6#11.9#4.0#14.0#VAR 1096 1 0.475218 0.524782 
 ----> 6.6#11.9#4.0#14.0#VAR 1097 1 0.498567 0.501433 
 ----> 6.6#11.9#4.0#14.0#VAR 1098 1 0.479306 0.520694 
 ----> 6.6#11.9#4.0#14.0#VAR 1099 0 0.515982 0.484018 
 ----> 6.6#11.9#4.0#14.0#VAR 1100 0 0.501128 0.498872 
 ----> 6.6#11.9#4.0#14.0#VAR 1101 0 0.503346 0.496654 
 ----> 6.6#11.9#4.0#14.0#VAR 1102 0 0.508226 0.491774 
 ----> 6.6#11.9#4.0#14.0#VAR 1103 1 0.491677 0.508323 
 ----> 6.6#11.9#4.0#14.0#VAR 1104 0 0.493043 0.506957 
 ----> 6.6#11.9#4.0#14.0#VAR 1105 0 0.51439 0.48561 
 ----> 6.6#11.9#4.0#14.0#VAR 1106 1 0.460485 0.539515 
 ----> 6.6#11.9#4.0#14.0#VAR 1107 1 0.445802 0.554198 
 ----> 6.6#11.9#4.0#14.0#VAR 1108 0 0.471911 0.528089 
 ----> 6.6#11.9#4.0#14.0#VAR 1109 1 0.477171 0.522829 
 ----> 6.6#11.9#4.0#14.0#VAR 1110 1 0.464627 0.535373 
 ----> 6.6#11.9#4.0#14.0#VAR 1111 0 0.494655 0.505345 
 ----> 6.6#11.9#4.0#14.0#VAR 1112 1 0.440123 0.559877 
 ----> 6.6#11.9#4.0#14.0#VAR 1113 1 0.434372 0.565628 
 ----> 6.6#11.9#4.0#14.0#VAR 1114 1 0.478202 0.521798 
 ----> 6.6#11.9#4.0#14.0#VAR 1115 0 0.485471 0.514529 
 ----> 6.6#11.9#4.0#14.0#VAR 1116 1 0.435437 0.564563 
 ----> 6.6#11.9#4.0#14.0#VAR 1117 0 0.500455 0.499545 
 ----> 6.6#11.9#4.0#14.0#VAR 1118 0 0.503435 0.496565 
 ----> 6.6#11.9#4.0#14.0#VAR 1119 1 0.469656 0.530344 
 ----> 6.6#11.9#4.0#14.0#VAR 1120 1 0.463025 0.536975 
 ----> 6.6#11.9#4.0#14.0#VAR 1121 1 0.499099 0.500901 
 ----> 6.6#11.9#4.0#14.0#VAR 1122 0 0.499255 0.500745 
 ----> 6.6#11.9#4.0#14.0#VAR 1123 1 0.473746 0.526254 
 ----> 6.6#11.9#4.0#14.0#VAR 1124 1 0.476727 0.523273 
 ----> 6.6#11.9#4.0#14.0#VAR 1125 0 0.466762 0.533238 
 ----> 6.6#11.9#4.0#14.0#VAR 1126 1 0.473526 0.526474 
 ----> 6.6#11.9#4.0#14.0#VAR 1127 0 0.480839 0.519161 
 ----> 6.6#11.9#4.0#14.0#VAR 1128 1 0.487181 0.512819 
 ----> 6.6#11.9#4.0#14.0#VAR 1129 1 0.470907 0.529093 
 ----> 6.6#11.9#4.0#14.0#VAR 1130 0 0.509707 0.490293 
 ----> 6.6#11.9#4.0#14.0#VAR 1131 0 0.504456 0.495544 
 ----> 6.6#11.9#4.0#14.0#VAR 1132 0 0.48591 0.51409 
 ----> 6.6#11.9#4.0#14.0#VAR 1133 0 0.471788 0.528212 
 ----> 6.6#11.9#4.0#14.0#VAR 1134 1 0.474362 0.525638 
 ----> 6.6#11.9#4.0#14.0#VAR 1135 1 0.502006 0.497994 
 ----> 6.6#11.9#4.0#14.0#VAR 1136 1 0.478195 0.521805 
 ----> 6.6#11.9#4.0#14.0#VAR 1137 1 0.475776 0.524224 
 ----> 6.6#11.9#4.0#14.0#VAR 1138 1 0.463127 0.536873 
 ----> 6.6#11.9#4.0#14.0#VAR 1139 1 0.438197 0.561803 
 ----> 6.6#11.9#4.0#14.0#VAR 1140 1 0.483507 0.516493 
 ----> 6.6#11.9#4.0#14.0#VAR 1141 1 0.482168 0.517832 
 ----> 6.6#11.9#4.0#14.0#VAR 1142 1 0.505142 0.494858 
 ----> 6.6#11.9#4.0#14.0#VAR 1143 0 0.478638 0.521362 
 ----> 6.6#11.9#4.0#14.0#VAR 1144 1 0.489855 0.510145 
 ----> 6.6#11.9#4.0#14.0#VAR 1145 1 0.504505 0.495495 
 ----> 6.6#11.9#4.0#14.0#VAR 1146 1 0.434175 0.565825 
 ----> 6.6#11.9#4.0#14.0#VAR 1147 0 0.529667 0.470333 
 ----> 6.6#11.9#4.0#14.0#VAR 1148 0 0.524172 0.475828 
 ----> 6.6#11.9#4.0#14.0#VAR 1149 1 0.459422 0.540578 
 ----> 6.6#11.9#4.0#14.0#VAR 1150 0 0.471648 0.528352 
 ----> 6.6#11.9#4.0#14.0#VAR 1151 1 0.466521 0.533479 
 ----> 6.6#11.9#4.0#14.0#VAR 1152 0 0.50652 0.49348 
 ----> 6.6#11.9#4.0#14.0#VAR 1153 1 0.454126 0.545874 
 ----> 6.6#11.9#4.0#14.0#VAR 1154 1 0.466676 0.533324 
 ----> 6.6#11.9#4.0#14.0#VAR 1155 1 0.460708 0.539292 
 ----> 6.6#11.9#4.0#14.0#VAR 1156 0 0.516959 0.483041 
 ----> 6.6#11.9#4.0#14.0#VAR 1157 1 0.445442 0.554558 
 ----> 6.6#11.9#4.0#14.0#VAR 1158 1 0.444939 0.555061 
 ----> 6.6#11.9#4.0#14.0#VAR 1159 1 0.486968 0.513032 
 ----> 6.6#11.9#4.0#14.0#VAR 1160 0 0.495375 0.504625 
 ----> 6.6#11.9#4.0#14.0#VAR 1161 0 0.520717 0.479283 
 ----> 6.6#11.9#4.0#14.0#VAR 1162 1 0.438514 0.561486 
 ----> 6.6#11.9#4.0#14.0#VAR 1163 1 0.49769 0.50231 
 ----> 6.6#11.9#4.0#14.0#VAR 1164 1 0.479069 0.520931 
 ----> 6.6#11.9#4.0#14.0#VAR 1165 1 0.488713 0.511287 
 ----> 6.6#11.9#4.0#14.0#VAR 1166 1 0.498428 0.501572 
 ----> 6.6#11.9#4.0#14.0#VAR 1167 0 0.49916 0.50084 
 ----> 6.6#11.9#4.0#14.0#VAR 1168 0 0.5052 0.4948 
 ----> 6.6#11.9#4.0#14.0#VAR 1169 1 0.433098 0.566902 
 ----> 6.6#11.9#4.0#14.0#VAR 1170 1 0.516787 0.483213 
 ----> 6.6#11.9#4.0#14.0#VAR 1171 0 0.500935 0.499065 
 ----> 6.6#11.9#4.0#14.0#VAR 1172 0 0.485137 0.514863 
 ----> 6.6#11.9#4.0#14.0#VAR 1173 0 0.488913 0.511087 
 ----> 6.6#11.9#4.0#14.0#VAR 1174 0 0.51795 0.48205 
 ----> 6.6#11.9#4.0#14.0#VAR 1175 0 0.539926 0.460074 
 ----> 6.6#11.9#4.0#14.0#VAR 1176 1 0.493458 0.506542 
 ----> 6.6#11.9#4.0#14.0#VAR 1177 1 0.484842 0.515158 
 ----> 6.6#11.9#4.0#14.0#VAR 1178 0 0.490328 0.509672 
 ----> 6.6#11.9#4.0#14.0#VAR 1179 0 0.515764 0.484236 
 ----> 6.6#11.9#4.0#14.0#VAR 1180 1 0.466895 0.533105 
 ----> 6.6#11.9#4.0#14.0#VAR 1181 0 0.513707 0.486293 
 ----> 6.6#11.9#4.0#14.0#VAR 1182 1 0.490038 0.509962 
 ----> 6.6#11.9#4.0#14.0#VAR 1183 1 0.463661 0.536339 
 ----> 6.6#11.9#4.0#14.0#VAR 1184 1 0.446237 0.553763 
 ----> 6.6#11.9#4.0#14.0#VAR 1185 1 0.492806 0.507194 
 ----> 6.6#11.9#4.0#14.0#VAR 1186 1 0.410939 0.589061 
 ----> 6.6#11.9#4.0#14.0#VAR 1187 1 0.436868 0.563132 
 ----> 6.6#11.9#4.0#14.0#VAR 1188 1 0.494947 0.505053 
 ----> 6.6#11.9#4.0#14.0#VAR 1189 1 0.496139 0.503861 
 ----> 6.6#11.9#4.0#14.0#VAR 1190 0 0.471895 0.528105 
 ----> 6.6#11.9#4.0#14.0#VAR 1191 1 0.472231 0.527769 
 ----> 6.6#11.9#4.0#14.0#VAR 1192 1 0.446506 0.553494 
 ----> 6.6#11.9#4.0#14.0#VAR 1193 0 0.485215 0.514785 
 ----> 6.6#11.9#4.0#14.0#VAR 1194 1 0.432716 0.567284 
 ----> 6.6#11.9#4.0#14.0#VAR 1195 1 0.483195 0.516805 
 ----> 6.6#11.9#4.0#14.0#VAR 1196 1 0.431064 0.568936 
 ----> 6.6#11.9#4.0#14.0#VAR 1197 1 0.470865 0.529135 
 ----> 6.6#11.9#4.0#14.0#VAR 1198 0 0.500612 0.499388 
 ----> 6.6#11.9#4.0#14.0#VAR 1199 0 0.471834 0.528166 
 ----> 6.6#11.9#4.0#14.0#VAR 1200 0 0.497902 0.502098 
 ----> 6.6#11.9#4.0#14.0#VAR 1201 0 0.497177 0.502823 
 ----> 6.6#11.9#4.0#14.0#VAR 1202 0 0.530691 0.469309 
 ----> 6.6#11.9#4.0#14.0#VAR 1203 1 0.511281 0.488719 
 ----> 6.6#11.9#4.0#14.0#VAR 1204 0 0.45693 0.54307 
 ----> 6.6#11.9#4.0#14.0#VAR 1205 0 0.491672 0.508328 
 ----> 6.6#11.9#4.0#14.0#VAR 1206 1 0.398853 0.601147 
 ----> 6.6#11.9#4.0#14.0#VAR 1207 1 0.420999 0.579001 
 ----> 6.6#11.9#4.0#14.0#VAR 1208 1 0.476261 0.523739 
 ----> 6.6#11.9#4.0#14.0#VAR 1209 0 0.484975 0.515025 
 ----> 6.6#11.9#4.0#14.0#VAR 1210 0 0.510275 0.489725 
 ----> 6.6#11.9#4.0#14.0#VAR 1211 1 0.46737 0.53263 
 ----> 6.6#11.9#4.0#14.0#VAR 1212 1 0.480628 0.519372 
 ----> 6.6#11.9#4.0#14.0#VAR 1213 1 0.466433 0.533567 
 ----> 6.6#11.9#4.0#14.0#VAR 1214 0 0.488302 0.511698 
 ----> 6.6#11.9#4.0#14.0#VAR 1215 1 0.469193 0.530807 
 ----> 6.6#11.9#4.0#14.0#VAR 1216 1 0.468998 0.531002 
 ----> 6.6#11.9#4.0#14.0#VAR 1217 0 0.472957 0.527043 
 ----> 6.6#11.9#4.0#14.0#VAR 1218 0 0.483004 0.516996 
 ----> 6.6#11.9#4.0#14.0#VAR 1219 1 0.441064 0.558936 
 ----> 6.6#11.9#4.0#14.0#VAR 1220 0 0.502621 0.497379 
 ----> 6.6#11.9#4.0#14.0#VAR 1221 0 0.506472 0.493528 
 ----> 6.6#11.9#4.0#14.0#VAR 1222 1 0.453011 0.546989 
 ----> 6.6#11.9#4.0#14.0#VAR 1223 0 0.483511 0.516489 
 ----> 6.6#11.9#4.0#14.0#VAR 1224 1 0.474066 0.525934 
 ----> 6.6#11.9#4.0#14.0#VAR 1225 1 0.502467 0.497533 
 ----> 6.6#11.9#4.0#14.0#VAR 1226 0 0.472131 0.527869 
 ----> 6.6#11.9#4.0#14.0#VAR 1227 0 0.508313 0.491687 
 ----> 6.6#11.9#4.0#14.0#VAR 1228 0 0.474273 0.525727 
 ----> 6.6#11.9#4.0#14.0#VAR 1229 1 0.4757 0.5243 
 ----> 6.6#11.9#4.0#14.0#VAR 1230 1 0.467316 0.532684 
 ----> 6.6#11.9#4.0#14.0#VAR 1231 1 0.4501 0.5499 
 ----> 6.6#11.9#4.0#14.0#VAR 1232 1 0.4311 0.5689 
 ----> 6.6#11.9#4.0#14.0#VAR 1233 0 0.41832 0.58168 
 ----> 6.6#11.9#4.0#14.0#VAR 1234 0 0.481295 0.518705 
 ----> 6.6#11.9#4.0#14.0#VAR 1235 1 0.425567 0.574433 
 ----> 6.6#11.9#4.0#14.0#VAR 1236 1 0.43922 0.56078 
 ----> 6.6#11.9#4.0#14.0#VAR 1237 0 0.4667 0.5333 
 ----> 6.6#11.9#4.0#14.0#VAR 1238 1 0.469801 0.530199 
 ----> 6.6#11.9#4.0#14.0#VAR 1239 0 0.476172 0.523828 
 ----> 6.6#11.9#4.0#14.0#VAR 1240 1 0.448054 0.551946 
 ----> 6.6#11.9#4.0#14.0#VAR 1241 0 0.500212 0.499788 
 ----> 6.6#11.9#4.0#14.0#VAR 1242 0 0.500392 0.499608 
 ----> 6.6#11.9#4.0#14.0#VAR 1243 0 0.506112 0.493888 
 ----> 6.6#11.9#4.0#14.0#VAR 1244 0 0.531254 0.468746 
 ----> 6.6#11.9#4.0#14.0#VAR 1245 1 0.436548 0.563452 
 ----> 6.6#11.9#4.0#14.0#VAR 1246 1 0.473881 0.526119 
 ----> 6.6#11.9#4.0#14.0#VAR 1247 1 0.488132 0.511868 
 ----> 6.6#11.9#4.0#14.0#VAR 1248 1 0.437706 0.562294 
 ----> 6.6#11.9#4.0#14.0#VAR 1249 1 0.452295 0.547705 
 ----> 6.6#11.9#4.0#14.0#VAR 1250 1 0.479972 0.520028 
 ----> 6.6#11.9#4.0#14.0#VAR 1251 1 0.501047 0.498953 
 ----> 6.6#11.9#4.0#14.0#VAR 1252 0 0.527267 0.472733 
 ----> 6.6#11.9#4.0#14.0#VAR 1253 1 0.473812 0.526188 
 ----> 6.6#11.9#4.0#14.0#VAR 1254 0 0.476185 0.523815 
 ----> 6.6#11.9#4.0#14.0#VAR 1255 1 0.475805 0.524195 
 ----> 6.6#11.9#4.0#14.0#VAR 1256 1 0.459399 0.540601 
 ----> 6.6#11.9#4.0#14.0#VAR 1257 1 0.482954 0.517046 
 ----> 6.6#11.9#4.0#14.0#VAR 1258 0 0.463992 0.536008 
 ----> 6.6#11.9#4.0#14.0#VAR 1259 0 0.523854 0.476146 
 ----> 6.6#11.9#4.0#14.0#VAR 1260 0 0.482921 0.517079 
 ----> 6.6#11.9#4.0#14.0#VAR 1261 0 0.486925 0.513075 
 ----> 6.6#11.9#4.0#14.0#VAR 1262 1 0.463623 0.536377 
 ----> 6.6#11.9#4.0#14.0#VAR 1263 0 0.486359 0.513641 
 ----> 6.6#11.9#4.0#14.0#VAR 1264 0 0.504325 0.495675 
 ----> 6.6#11.9#4.0#14.0#VAR 1265 1 0.445724 0.554276 
 ----> 6.6#11.9#4.0#14.0#VAR 1266 0 0.49412 0.50588 
 ----> 6.6#11.9#4.0#14.0#VAR 1267 0 0.473179 0.526821 
 ----> 6.6#11.9#4.0#14.0#VAR 1268 0 0.482587 0.517413 
 ----> 6.6#11.9#4.0#14.0#VAR 1269 1 0.468238 0.531762 
 ----> 6.6#11.9#4.0#14.0#VAR 1270 1 0.439753 0.560247 
 ----> 6.6#11.9#4.0#14.0#VAR 1271 0 0.493734 0.506266 
 ----> 6.6#11.9#4.0#14.0#VAR 1272 0 0.505564 0.494436 
 ----> 6.6#11.9#4.0#14.0#VAR 1273 0 0.470091 0.529909 
 ----> 6.6#11.9#4.0#14.0#VAR 1274 1 0.453884 0.546116 
 ----> 6.6#11.9#4.0#14.0#VAR 1275 1 0.475851 0.524149 
 ----> 6.6#11.9#4.0#14.0#VAR 1276 0 0.476659 0.523341 
 ----> 6.6#11.9#4.0#14.0#VAR 1277 1 0.478236 0.521764 
 ----> 6.6#11.9#4.0#14.0#VAR 1278 1 0.480477 0.519523 
 ----> 6.6#11.9#4.0#14.0#VAR 1279 1 0.493111 0.506889 
 ----> 6.6#11.9#4.0#14.0#VAR 1280 1 0.511639 0.488361 
 ----> 6.6#11.9#4.0#14.0#VAR 1281 1 0.505024 0.494976 
 ----> 6.6#11.9#4.0#14.0#VAR 1282 1 0.53456 0.46544 
 ----> 6.6#11.9#4.0#14.0#VAR 1283 0 0.480729 0.519271 
 ----> 6.6#11.9#4.0#14.0#VAR 1284 1 0.484267 0.515733 
 ----> 6.6#11.9#4.0#14.0#VAR 1285 0 0.478557 0.521443 
 ----> 6.6#11.9#4.0#14.0#VAR 1286 1 0.470626 0.529374 
 ----> 6.6#11.9#4.0#14.0#VAR 1287 1 0.458999 0.541001 
 ----> 6.6#11.9#4.0#14.0#VAR 1288 1 0.488699 0.511301 
 ----> 6.6#11.9#4.0#14.0#VAR 1289 1 0.482957 0.517043 
 ----> 6.6#11.9#4.0#14.0#VAR 1290 1 0.478043 0.521957 
 ----> 6.6#11.9#4.0#14.0#VAR 1291 1 0.468335 0.531665 
 ----> 6.6#11.9#4.0#14.0#VAR 1292 0 0.462686 0.537314 
 ----> 6.6#11.9#4.0#14.0#VAR 1293 1 0.454037 0.545963 
 ----> 6.6#11.9#4.0#14.0#VAR 1294 1 0.468309 0.531691 
 ----> 6.6#11.9#4.0#14.0#VAR 1295 0 0.522091 0.477909 
 ----> 6.6#11.9#4.0#14.0#VAR 1296 1 0.487529 0.512471 
 ----> 6.6#11.9#4.0#14.0#VAR 1297 1 0.478644 0.521356 
 ----> 6.6#11.9#4.0#14.0#VAR 1298 1 0.501306 0.498694 
 ----> 6.6#11.9#4.0#14.0#VAR 1299 1 0.487197 0.512803 
 ----> 6.6#11.9#4.0#14.0#VAR 1300 0 0.512303 0.487697 
 ----> 6.6#11.9#4.0#14.0#VAR 1301 1 0.503085 0.496915 
 ----> 6.6#11.9#4.0#14.0#VAR 1302 1 0.52386 0.47614 
 ----> 6.6#11.9#4.0#14.0#VAR 1303 1 0.487366 0.512634 
 ----> 6.6#11.9#4.0#14.0#VAR 1304 1 0.493687 0.506313 
 ----> 6.6#11.9#4.0#14.0#VAR 1305 1 0.439272 0.560728 
 ----> 6.6#11.9#4.0#14.0#VAR 1306 0 0.489864 0.510136 
 ----> 6.6#11.9#4.0#14.0#VAR 1307 0 0.50074 0.49926 
 ----> 6.6#11.9#4.0#14.0#VAR 1308 1 0.490858 0.509142 
 ----> 6.6#11.9#4.0#14.0#VAR 1309 0 0.502917 0.497083 
 ----> 6.6#11.9#4.0#14.0#VAR 1310 1 0.489483 0.510517 
 ----> 6.6#11.9#4.0#14.0#VAR 1311 1 0.521027 0.478973 
 ----> 6.6#11.9#4.0#14.0#VAR 1312 1 0.508695 0.491305 
 ----> 6.6#11.9#4.0#14.0#VAR 1313 1 0.50282 0.49718 
 ----> 6.6#11.9#4.0#14.0#VAR 1314 0 0.514136 0.485864 
 ----> 6.6#11.9#4.0#14.0#VAR 1315 0 0.50897 0.49103 
 ----> 6.6#11.9#4.0#14.0#VAR 1316 0 0.520744 0.479256 
 ----> 6.6#11.9#4.0#14.0#VAR 1317 1 0.498699 0.501301 
 ----> 6.6#11.9#4.0#14.0#VAR 1318 1 0.468001 0.531999 
 ----> 6.6#11.9#4.0#14.0#VAR 1319 1 0.480408 0.519592 
 ----> 6.6#11.9#4.0#14.0#VAR 1320 0 0.495809 0.504191 
 ----> 6.6#11.9#4.0#14.0#VAR 1321 1 0.476045 0.523955 
 ----> 6.6#11.9#4.0#14.0#VAR 1322 0 0.50991 0.49009 
 ----> 6.6#11.9#4.0#14.0#VAR 1323 1 0.502023 0.497977 
 ----> 6.6#11.9#4.0#14.0#VAR 1324 0 0.489409 0.510591 
 ----> 6.6#11.9#4.0#14.0#VAR 1325 0 0.471928 0.528072 
 ----> 6.6#11.9#4.0#14.0#VAR 1326 0 0.49723 0.50277 
 ----> 6.6#11.9#4.0#14.0#VAR 1327 0 0.48412 0.51588 
 ----> 6.6#11.9#4.0#14.0#VAR 1328 0 0.50235 0.49765 
 ----> 6.6#11.9#4.0#14.0#VAR 1329 0 0.492879 0.507121 
 ----> 6.6#11.9#4.0#14.0#VAR 1330 0 0.485237 0.514763 
 ----> 6.6#11.9#4.0#14.0#VAR 1331 1 0.467296 0.532704 
 ----> 6.6#11.9#4.0#14.0#VAR 1332 0 0.512418 0.487582 
 ----> 6.6#11.9#4.0#14.0#VAR 1333 1 0.517811 0.482189 
 ----> 6.6#11.9#4.0#14.0#VAR 1334 0 0.512391 0.487609 
 ----> 6.6#11.9#4.0#14.0#VAR 1335 1 0.509299 0.490701 
 ----> 6.6#11.9#4.0#14.0#VAR 1336 0 0.531455 0.468545 
 ----> 6.6#11.9#4.0#14.0#VAR 1337 1 0.475974 0.524026 
 ----> 6.6#11.9#4.0#14.0#VAR 1338 1 0.486003 0.513997 
 ----> 6.6#11.9#4.0#14.0#VAR 1339 1 0.485512 0.514488 
 ----> 6.6#11.9#4.0#14.0#VAR 1340 1 0.463613 0.536387 
 ----> 6.6#11.9#4.0#14.0#VAR 1341 1 0.484536 0.515464 
 ----> 6.6#11.9#4.0#14.0#VAR 1342 1 0.491328 0.508672 
 ----> 6.6#11.9#4.0#14.0#VAR 1343 1 0.508583 0.491417 
 ----> 6.6#11.9#4.0#14.0#VAR 1344 0 0.489391 0.510609 
 ----> 6.6#11.9#4.0#14.0#VAR 1345 0 0.517434 0.482566 
 ----> 6.6#11.9#4.0#14.0#VAR 1346 0 0.508938 0.491062 
 ----> 6.6#11.9#4.0#14.0#VAR 1347 1 0.475576 0.524424 
 ----> 6.6#11.9#4.0#14.0#VAR 1348 0 0.486498 0.513502 
 ----> 6.6#11.9#4.0#14.0#VAR 1349 0 0.483302 0.516698 
 ----> 6.6#11.9#4.0#14.0#VAR 1350 1 0.523206 0.476794 
 ----> 6.6#11.9#4.0#14.0#VAR 1351 0 0.54034 0.45966 
 ----> 6.6#11.9#4.0#14.0#VAR 1352 0 0.495752 0.504248 
 ----> 6.6#11.9#4.0#14.0#VAR 1353 1 0.494861 0.505139 
 ----> 6.6#11.9#4.0#14.0#VAR 1354 1 0.484405 0.515595 
 ----> 6.6#11.9#4.0#14.0#VAR 1355 1 0.48386 0.51614 
 ----> 6.6#11.9#4.0#14.0#VAR 1356 0 0.52588 0.47412 
 ----> 6.6#11.9#4.0#14.0#VAR 1357 1 0.492626 0.507374 
 ----> 6.6#11.9#4.0#14.0#VAR 1358 0 0.503412 0.496588 
 ----> 6.6#11.9#4.0#14.0#VAR 1359 1 0.478892 0.521108 
 ----> 6.6#11.9#4.0#14.0#VAR 1360 0 0.523805 0.476195 
 ----> 6.6#11.9#4.0#14.0#VAR 1361 1 0.475744 0.524256 
 ----> 6.6#11.9#4.0#14.0#VAR 1362 0 0.51173 0.48827 
 ----> 6.6#11.9#4.0#14.0#VAR 1363 0 0.506882 0.493118 
 ----> 6.6#11.9#4.0#14.0#VAR 1364 1 0.497448 0.502552 
 ----> 6.6#11.9#4.0#14.0#VAR 1365 0 0.51785 0.48215 
 ----> 6.6#11.9#4.0#14.0#VAR 1366 1 0.509601 0.490399 
 ----> 6.6#11.9#4.0#14.0#VAR 1367 0 0.502703 0.497297 
 ----> 6.6#11.9#4.0#14.0#VAR 1368 0 0.492972 0.507028 
 ----> 6.6#11.9#4.0#14.0#VAR 1369 1 0.496444 0.503556 
 ----> 6.6#11.9#4.0#14.0#VAR 1370 1 0.518222 0.481778 
 ----> 6.6#11.9#4.0#14.0#VAR 1371 1 0.520666 0.479334 
 ----> 6.6#11.9#4.0#14.0#VAR 1372 0 0.517489 0.482511 
 ----> 6.6#11.9#4.0#14.0#VAR 1373 1 0.47513 0.52487 
 ----> 6.6#11.9#4.0#14.0#VAR 1374 0 0.53958 0.46042 
 ----> 6.6#11.9#4.0#14.0#VAR 1375 0 0.528243 0.471757 
 ----> 6.6#11.9#4.0#14.0#VAR 1376 1 0.500422 0.499578 
 ----> 6.6#11.9#4.0#14.0#VAR 1377 0 0.556259 0.443741 
 ----> 6.6#11.9#4.0#14.0#VAR 1378 0 0.495814 0.504186 
 ----> 6.6#11.9#4.0#14.0#VAR 1379 0 0.501699 0.498301 
 ----> 6.6#11.9#4.0#14.0#VAR 1380 0 0.508421 0.491579 
 ----> 6.6#11.9#4.0#14.0#VAR 1381 0 0.499294 0.500706 
 ----> 6.6#11.9#4.0#14.0#VAR 1382 1 0.484126 0.515874 
 ----> 6.6#11.9#4.0#14.0#VAR 1383 1 0.488797 0.511203 
 ----> 6.6#11.9#4.0#14.0#VAR 1384 1 0.479821 0.520179 
 ----> 6.6#11.9#4.0#14.0#VAR 1385 1 0.488755 0.511245 
 ----> 6.6#11.9#4.0#14.0#VAR 1386 1 0.49928 0.50072 
 ----> 6.6#11.9#4.0#14.0#VAR 1387 0 0.509732 0.490268 
 ----> 6.6#11.9#4.0#14.0#VAR 1388 1 0.504878 0.495122 
 ----> 6.6#11.9#4.0#14.0#VAR 1389 0 0.540973 0.459027 
 ----> 6.6#11.9#4.0#14.0#VAR 1390 1 0.484171 0.515829 
 ----> 6.6#11.9#4.0#14.0#VAR 1391 1 0.507538 0.492462 
 ----> 6.6#11.9#4.0#14.0#VAR 1392 1 0.511086 0.488914 
 ----> 6.6#11.9#4.0#14.0#VAR 1393 1 0.509826 0.490174 
 ----> 6.6#11.9#4.0#14.0#VAR 1394 0 0.522549 0.477451 
 ----> 6.6#11.9#4.0#14.0#VAR 1395 0 0.527987 0.472013 
 ----> 6.6#11.9#4.0#14.0#VAR 1396 1 0.507163 0.492837 
 ----> 6.6#11.9#4.0#14.0#VAR 1397 0 0.53446 0.46554 
 ----> 6.6#11.9#4.0#14.0#VAR 1398 0 0.527958 0.472042 
 ----> 6.6#11.9#4.0#14.0#VAR 1399 0 0.496927 0.503073 
 ----> 6.6#11.9#4.0#14.0#VAR 1400 0 0.517217 0.482783 
 ----> 6.6#11.9#4.0#14.0#VAR 1401 0 0.524098 0.475902 
 ----> 6.6#11.9#4.0#14.0#VAR 1402 0 0.510791 0.489209 
 ----> 6.6#11.9#4.0#14.0#VAR 1403 0 0.505436 0.494564 
 ----> 6.6#11.9#4.0#14.0#VAR 1404 1 0.519704 0.480296 
 ----> 6.6#11.9#4.0#14.0#VAR 1405 0 0.490857 0.509143 
 ----> 6.6#11.9#4.0#14.0#VAR 1406 0 0.520477 0.479523 
 ----> 6.6#11.9#4.0#14.0#VAR 1407 0 0.496168 0.503832 
 ----> 6.6#11.9#4.0#14.0#VAR 1408 0 0.520959 0.479041 
 ----> 6.6#11.9#4.0#14.0#VAR 1409 0 0.516645 0.483355 
 ----> 6.6#11.9#4.0#14.0#VAR 1410 1 0.499988 0.500012 
 ----> 6.6#11.9#4.0#14.0#VAR 1411 0 0.456394 0.543606 
 ----> 6.6#11.9#4.0#14.0#VAR 1412 0 0.496203 0.503797 
 ----> 6.6#11.9#4.0#14.0#VAR 1413 1 0.499562 0.500438 
 ----> 6.6#11.9#4.0#14.0#VAR 1414 0 0.495062 0.504938 
 ----> 6.6#11.9#4.0#14.0#VAR 1415 1 0.5017 0.4983 
 ----> 6.6#11.9#4.0#14.0#VAR 1416 0 0.490227 0.509773 
 ----> 6.6#11.9#4.0#14.0#VAR 1417 1 0.502784 0.497216 
 ----> 6.6#11.9#4.0#14.0#VAR 1418 0 0.525295 0.474705 
 ----> 6.6#11.9#4.0#14.0#VAR 1419 0 0.545786 0.454214 
 ----> 6.6#11.9#4.0#14.0#VAR 1420 0 0.504268 0.495732 
 ----> 6.6#11.9#4.0#14.0#VAR 1421 0 0.548346 0.451654 
 ----> 6.6#11.9#4.0#14.0#VAR 1422 1 0.472064 0.527936 
 ----> 6.6#11.9#4.0#14.0#VAR 1423 0 0.506802 0.493198 
 ----> 6.6#11.9#4.0#14.0#VAR 1424 0 0.517467 0.482533 
 ----> 6.6#11.9#4.0#14.0#VAR 1425 0 0.507773 0.492227 
 ----> 6.6#11.9#4.0#14.0#VAR 1426 0 0.497679 0.502321 
 ----> 6.6#11.9#4.0#14.0#VAR 1427 0 0.502505 0.497495 
 ----> 6.6#11.9#4.0#14.0#VAR 1428 0 0.515609 0.484391 
 ----> 6.6#11.9#4.0#14.0#VAR 1429 1 0.477749 0.522251 
 ----> 6.6#11.9#4.0#14.0#VAR 1430 0 0.518837 0.481163 
 ----> 6.6#11.9#4.0#14.0#VAR 1431 1 0.51555 0.48445 
 ----> 6.6#11.9#4.0#14.0#VAR 1432 0 0.518592 0.481408 
 ----> 6.6#11.9#4.0#14.0#VAR 1433 1 0.465358 0.534642 
 ----> 6.6#11.9#4.0#14.0#VAR 1434 1 0.49362 0.50638 
 ----> 6.6#11.9#4.0#14.0#VAR 1435 0 0.520493 0.479507 
 ----> 6.6#11.9#4.0#14.0#VAR 1436 1 0.49064 0.50936 
 ----> 6.6#11.9#4.0#14.0#VAR 1437 0 0.507214 0.492786 
 ----> 6.6#11.9#4.0#14.0#VAR 1438 0 0.507778 0.492222 
 ----> 6.6#11.9#4.0#14.0#VAR 1439 0 0.507809 0.492191 
 ----> 6.6#11.9#4.0#14.0#VAR 1440 1 0.498395 0.501605 
 ----> 6.6#11.9#4.0#14.0#VAR 1441 1 0.476002 0.523998 
 ----> 6.6#11.9#4.0#14.0#VAR 1442 1 0.503612 0.496388 
 ----> 6.6#11.9#4.0#14.0#VAR 1443 1 0.519927 0.480073 
 ----> 6.6#11.9#4.0#14.0#VAR 1444 0 0.504401 0.495599 
 ----> 6.6#11.9#4.0#14.0#VAR 1445 1 0.499317 0.500683 
 ----> 6.6#11.9#4.0#14.0#VAR 1446 0 0.527717 0.472283 
 ----> 6.6#11.9#4.0#14.0#VAR 1447 1 0.516375 0.483625 
 ----> 6.6#11.9#4.0#14.0#VAR 1448 0 0.518781 0.481219 
 ----> 6.6#11.9#4.0#14.0#VAR 1449 1 0.533946 0.466054 
 ----> 6.6#11.9#4.0#14.0#VAR 1450 1 0.461723 0.538277 
 ----> 6.6#11.9#4.0#14.0#VAR 1451 0 0.523056 0.476944 
 ----> 6.6#11.9#4.0#14.0#VAR 1452 0 0.490607 0.509393 
 ----> 6.6#11.9#4.0#14.0#VAR 1453 1 0.551074 0.448926 
 ----> 6.6#11.9#4.0#14.0#VAR 1454 1 0.527197 0.472803 
 ----> 6.6#11.9#4.0#14.0#VAR 1455 1 0.499645 0.500355 
 ----> 6.6#11.9#4.0#14.0#VAR 1456 0 0.519207 0.480793 
 ----> 6.6#11.9#4.0#14.0#VAR 1457 1 0.478961 0.521039 
 ----> 6.6#11.9#4.0#14.0#VAR 1458 1 0.512981 0.487019 
 ----> 6.6#11.9#4.0#14.0#VAR 1459 0 0.520812 0.479188 
 ----> 6.6#11.9#4.0#14.0#VAR 1460 0 0.514915 0.485085 
 ----> 6.6#11.9#4.0#14.0#VAR 1461 0 0.517854 0.482146 
 ----> 6.6#11.9#4.0#14.0#VAR 1462 0 0.500022 0.499978 
 ----> 6.6#11.9#4.0#14.0#VAR 1463 0 0.49293 0.50707 
 ----> 6.6#11.9#4.0#14.0#VAR 1464 1 0.497191 0.502809 
 ----> 6.6#11.9#4.0#14.0#VAR 1465 1 0.533729 0.466271 
 ----> 6.6#11.9#4.0#14.0#VAR 1466 1 0.510527 0.489473 
 ----> 6.6#11.9#4.0#14.0#VAR 1467 0 0.480114 0.519886 
 ----> 6.6#11.9#4.0#14.0#VAR 1468 0 0.489907 0.510093 
 ----> 6.6#11.9#4.0#14.0#VAR 1469 1 0.510258 0.489742 
 ----> 6.6#11.9#4.0#14.0#VAR 1470 0 0.525108 0.474892 
 ----> 6.6#11.9#4.0#14.0#VAR 1471 1 0.492881 0.507119 
 ----> 6.6#11.9#4.0#14.0#VAR 1472 0 0.483232 0.516768 
 ----> 6.6#11.9#4.0#14.0#VAR 1473 0 0.479791 0.520209 
 ----> 6.6#11.9#4.0#14.0#VAR 1474 1 0.518192 0.481808 
 ----> 6.6#11.9#4.0#14.0#VAR 1475 0 0.504284 0.495716 
 ----> 6.6#11.9#4.0#14.0#VAR 1476 1 0.503438 0.496562 
 ----> 6.6#11.9#4.0#14.0#VAR 1477 0 0.523484 0.476516 
 ----> 6.6#11.9#4.0#14.0#VAR 1478 0 0.496847 0.503153 
 ----> 6.6#11.9#4.0#14.0#VAR 1479 1 0.505431 0.494569 
 ----> 6.6#11.9#4.0#14.0#VAR 1480 0 0.475041 0.524959 
 ----> 6.6#11.9#4.0#14.0#VAR 1481 1 0.510428 0.489572 
 ----> 6.6#11.9#4.0#14.0#VAR 1482 0 0.474538 0.525462 
 ----> 6.6#11.9#4.0#14.0#VAR 1483 1 0.500895 0.499105 
 ----> 6.6#11.9#4.0#14.0#VAR 1484 0 0.512045 0.487955 
 ----> 6.6#11.9#4.0#14.0#VAR 1485 1 0.510707 0.489293 
 ----> 6.6#11.9#4.0#14.0#VAR 1486 1 0.48626 0.51374 
 ----> 6.6#11.9#4.0#14.0#VAR 1487 0 0.520961 0.479039 
 ----> 6.6#11.9#4.0#14.0#VAR 1488 1 0.507123 0.492877 
 ----> 6.6#11.9#4.0#14.0#VAR 1489 1 0.487682 0.512318 
 ----> 6.6#11.9#4.0#14.0#VAR 1490 1 0.49536 0.50464 
 ----> 6.6#11.9#4.0#14.0#VAR 1491 1 0.497535 0.502465 
 ----> 6.6#11.9#4.0#14.0#VAR 1492 1 0.473376 0.526624 
 ----> 6.6#11.9#4.0#14.0#VAR 1493 1 0.491412 0.508588 
 ----> 6.6#11.9#4.0#14.0#VAR 1494 1 0.494807 0.505193 
 ----> 6.6#11.9#4.0#14.0#VAR 1495 0 0.455442 0.544558 
 ----> 6.6#11.9#4.0#14.0#VAR 1496 0 0.484341 0.515659 
 ----> 6.6#11.9#4.0#14.0#VAR 1497 1 0.491325 0.508675 
 ----> 6.6#11.9#4.0#14.0#VAR 1498 0 0.488837 0.511163 
 ----> 6.6#11.9#4.0#14.0#VAR 1499 1 0.499165 0.500835 
 ----> 6.6#11.9#4.0#14.0#VAR 1500 0 0.510191 0.489809 
 ----> 6.6#11.9#4.0#14.0#VAR 1501 0 0.494566 0.505434 
 ----> 6.6#11.9#4.0#14.0#VAR 1502 1 0.543224 0.456776 
 ----> 6.6#11.9#4.0#14.0#VAR 1503 1 0.501064 0.498936 
 ----> 6.6#11.9#4.0#14.0#VAR 1504 1 0.51195 0.48805 
 ----> 6.6#11.9#4.0#14.0#VAR 1505 1 0.457158 0.542842 
 ----> 6.6#11.9#4.0#14.0#VAR 1506 1 0.504081 0.495919 
 ----> 6.6#11.9#4.0#14.0#VAR 1507 1 0.510339 0.489661 
 ----> 6.6#11.9#4.0#14.0#VAR 1508 0 0.505969 0.494031 
 ----> 6.6#11.9#4.0#14.0#VAR 1509 0 0.520361 0.479639 
 ----> 6.6#11.9#4.0#14.0#VAR 1510 0 0.510503 0.489497 
 ----> 6.6#11.9#4.0#14.0#VAR 1511 0 0.518208 0.481792 
 ----> 6.6#11.9#4.0#14.0#VAR 1512 0 0.479787 0.520213 
 ----> 6.6#11.9#4.0#14.0#VAR 1513 0 0.502187 0.497813 
 ----> 6.6#11.9#4.0#14.0#VAR 1514 0 0.482778 0.517222 
 ----> 6.6#11.9#4.0#14.0#VAR 1515 0 0.498169 0.501831 
 ----> 6.6#11.9#4.0#14.0#VAR 1516 1 0.526962 0.473038 
 ----> 6.6#11.9#4.0#14.0#VAR 1517 0 0.491143 0.508857 
 ----> 6.6#11.9#4.0#14.0#VAR 1518 0 0.51471 0.48529 
 ----> 6.6#11.9#4.0#14.0#VAR 1519 0 0.512572 0.487428 
 ----> 6.6#11.9#4.0#14.0#VAR 1520 0 0.504498 0.495502 
 ----> 6.6#11.9#4.0#14.0#VAR 1521 0 0.547269 0.452731 
 ----> 6.6#11.9#4.0#14.0#VAR 1522 0 0.511062 0.488938 
 ----> 6.6#11.9#4.0#14.0#VAR 1523 1 0.493329 0.506671 
 ----> 6.6#11.9#4.0#14.0#VAR 1524 0 0.516145 0.483855 
 ----> 6.6#11.9#4.0#14.0#VAR 1525 0 0.567775 0.432225 
 ----> 6.6#11.9#4.0#14.0#VAR 1526 0 0.544114 0.455886 
 ----> 6.6#11.9#4.0#14.0#VAR 1527 0 0.507876 0.492124 
 ----> 6.6#11.9#4.0#14.0#VAR 1528 0 0.515149 0.484851 
 ----> 6.6#11.9#4.0#14.0#VAR 1529 1 0.513795 0.486205 
 ----> 6.6#11.9#4.0#14.0#VAR 1530 0 0.523457 0.476543 
 ----> 6.6#11.9#4.0#14.0#VAR 1531 1 0.497957 0.502043 
 ----> 6.6#11.9#4.0#14.0#VAR 1532 0 0.501089 0.498911 
 ----> 6.6#11.9#4.0#14.0#VAR 1533 1 0.508478 0.491522 
 ----> 6.6#11.9#4.0#14.0#VAR 1534 1 0.520303 0.479697 
 ----> 6.6#11.9#4.0#14.0#VAR 1535 1 0.503449 0.496551 
 ----> 6.6#11.9#4.0#14.0#VAR 1536 1 0.530274 0.469726 
 ----> 6.6#11.9#4.0#14.0#VAR 1537 1 0.492054 0.507946 
 ----> 6.6#11.9#4.0#14.0#VAR 1538 1 0.507271 0.492729 
 ----> 6.6#11.9#4.0#14.0#VAR 1539 0 0.529948 0.470052 
 ----> 6.6#11.9#4.0#14.0#VAR 1540 1 0.511398 0.488602 
 ----> 6.6#11.9#4.0#14.0#VAR 1541 0 0.508124 0.491876 
 ----> 6.6#11.9#4.0#14.0#VAR 1542 0 0.533711 0.466289 
 ----> 6.6#11.9#4.0#14.0#VAR 1543 0 0.528391 0.471609 
 ----> 6.6#11.9#4.0#14.0#VAR 1544 0 0.494385 0.505615 
 ----> 6.6#11.9#4.0#14.0#VAR 1545 0 0.503664 0.496336 
 ----> 6.6#11.9#4.0#14.0#VAR 1546 1 0.528369 0.471631 
 ----> 6.6#11.9#4.0#14.0#VAR 1547 0 0.50489 0.49511 
 ----> 6.6#11.9#4.0#14.0#VAR 1548 1 0.522858 0.477142 
 ----> 6.6#11.9#4.0#14.0#VAR 1549 0 0.50868 0.49132 
 ----> 6.6#11.9#4.0#14.0#VAR 1550 0 0.505758 0.494242 
 ----> 6.6#11.9#4.0#14.0#VAR 1551 0 0.512487 0.487513 
 ----> 6.6#11.9#4.0#14.0#VAR 1552 0 0.525524 0.474476 
 ----> 6.6#11.9#4.0#14.0#VAR 1553 0 0.503558 0.496442 
 ----> 6.6#11.9#4.0#14.0#VAR 1554 1 0.517608 0.482392 
 ----> 6.6#11.9#4.0#14.0#VAR 1555 1 0.497742 0.502258 
 ----> 6.6#11.9#4.0#14.0#VAR 1556 1 0.521571 0.478429 
 ----> 6.6#11.9#4.0#14.0#VAR 1557 0 0.497596 0.502404 
 ----> 6.6#11.9#4.0#14.0#VAR 1558 0 0.538507 0.461493 
 ----> 6.6#11.9#4.0#14.0#VAR 1559 1 0.530058 0.469942 
 ----> 6.6#11.9#4.0#14.0#VAR 1560 1 0.540231 0.459769 
 ----> 6.6#11.9#4.0#14.0#VAR 1561 0 0.506387 0.493613 
 ----> 6.6#11.9#4.0#14.0#VAR 1562 0 0.522883 0.477117 
 ----> 6.6#11.9#4.0#14.0#VAR 1563 1 0.494975 0.505025 
 ----> 6.6#11.9#4.0#14.0#VAR 1564 0 0.511871 0.488129 
 ----> 6.6#11.9#4.0#14.0#VAR 1565 0 0.503207 0.496793 
 ----> 6.6#11.9#4.0#14.0#VAR 1566 0 0.522791 0.477209 
 ----> 6.6#11.9#4.0#14.0#VAR 1567 1 0.518307 0.481693 
 ----> 6.6#11.9#4.0#14.0#VAR 1568 0 0.538658 0.461342 
 ----> 6.6#11.9#4.0#14.0#VAR 1569 0 0.537859 0.462141 
 ----> 6.6#11.9#4.0#14.0#VAR 1570 1 0.513273 0.486727 
 ----> 6.6#11.9#4.0#14.0#VAR 1571 1 0.524786 0.475214 
 ----> 6.6#11.9#4.0#14.0#VAR 1572 0 0.51638 0.48362 
 ----> 6.6#11.9#4.0#14.0#VAR 1573 0 0.524644 0.475356 
 ----> 6.6#11.9#4.0#14.0#VAR 1574 1 0.507481 0.492519 
 ----> 6.6#11.9#4.0#14.0#VAR 1575 0 0.50601 0.49399 
 ----> 6.6#11.9#4.0#14.0#VAR 1576 1 0.514215 0.485785 
 ----> 6.6#11.9#4.0#14.0#VAR 1577 1 0.49627 0.50373 
 ----> 6.6#11.9#4.0#14.0#VAR 1578 0 0.52847 0.47153 
 ----> 6.6#11.9#4.0#14.0#VAR 1579 0 0.504334 0.495666 
 ----> 6.6#11.9#4.0#14.0#VAR 1580 0 0.518322 0.481678 
 ----> 6.6#11.9#4.0#14.0#VAR 1581 0 0.495638 0.504362 
 ----> 6.6#11.9#4.0#14.0#VAR 1582 1 0.478413 0.521587 
 ----> 6.6#11.9#4.0#14.0#VAR 1583 1 0.495066 0.504934 
 ----> 6.6#11.9#4.0#14.0#VAR 1584 0 0.484898 0.515102 
 ----> 6.6#11.9#4.0#14.0#VAR 1585 0 0.481082 0.518918 
 ----> 6.6#11.9#4.0#14.0#VAR 1586 0 0.467771 0.532229 
 ----> 6.6#11.9#4.0#14.0#VAR 1587 0 0.520152 0.479848 
 ----> 6.6#11.9#4.0#14.0#VAR 1588 0 0.530864 0.469136 
 ----> 6.6#11.9#4.0#14.0#VAR 1589 0 0.505272 0.494728 
 ----> 6.6#11.9#4.0#14.0#VAR 1590 1 0.50046 0.49954 
 ----> 6.6#11.9#4.0#14.0#VAR 1591 0 0.516803 0.483197 
 ----> 6.6#11.9#4.0#14.0#VAR 1592 0 0.501155 0.498845 
 ----> 6.6#11.9#4.0#14.0#VAR 1593 1 0.518968 0.481032 
 ----> 6.6#11.9#4.0#14.0#VAR 1594 1 0.505786 0.494214 
 ----> 6.6#11.9#4.0#14.0#VAR 1595 1 0.503949 0.496051 
 ----> 6.6#11.9#4.0#14.0#VAR 1596 1 0.490018 0.509982 
 ----> 6.6#11.9#4.0#14.0#VAR 1597 0 0.475676 0.524324 
 ----> 6.6#11.9#4.0#14.0#VAR 1598 1 0.508281 0.491719 
 ----> 6.6#11.9#4.0#14.0#VAR 1599 0 0.518974 0.481026 
 ----> 6.6#11.9#4.0#14.0#VAR 1600 0 0.536001 0.463999 
 ----> 6.6#11.9#4.0#14.0#VAR 1601 0 0.501145 0.498855 
 ----> 6.6#11.9#4.0#14.0#VAR 1602 1 0.482574 0.517426 
 ----> 6.6#11.9#4.0#14.0#VAR 1603 0 0.487915 0.512085 
 ----> 6.6#11.9#4.0#14.0#VAR 1604 0 0.503619 0.496381 
 ----> 6.6#11.9#4.0#14.0#VAR 1605 0 0.487242 0.512758 
 ----> 6.6#11.9#4.0#14.0#VAR 1606 1 0.522053 0.477947 
 ----> 6.6#11.9#4.0#14.0#VAR 1607 0 0.504832 0.495168 
 ----> 6.6#11.9#4.0#14.0#VAR 1608 0 0.497376 0.502624 
 ----> 6.6#11.9#4.0#14.0#VAR 1609 0 0.536785 0.463215 
 ----> 6.6#11.9#4.0#14.0#VAR 1610 0 0.493483 0.506517 
 ----> 6.6#11.9#4.0#14.0#VAR 1611 1 0.508092 0.491908 
 ----> 6.6#11.9#4.0#14.0#VAR 1612 1 0.520747 0.479253 
 ----> 6.6#11.9#4.0#14.0#VAR 1613 1 0.495356 0.504644 
 ----> 6.6#11.9#4.0#14.0#VAR 1614 0 0.477775 0.522225 
 ----> 6.6#11.9#4.0#14.0#VAR 1615 0 0.533232 0.466768 
 ----> 6.6#11.9#4.0#14.0#VAR 1616 0 0.505205 0.494795 
 ----> 6.6#11.9#4.0#14.0#VAR 1617 0 0.512268 0.487732 
 ----> 6.6#11.9#4.0#14.0#VAR 1618 1 0.484009 0.515991 
 ----> 6.6#11.9#4.0#14.0#VAR 1619 0 0.52537 0.47463 
 ----> 6.6#11.9#4.0#14.0#VAR 1620 1 0.476199 0.523801 
 ----> 6.6#11.9#4.0#14.0#VAR 1621 1 0.524096 0.475904 
 ----> 6.6#11.9#4.0#14.0#VAR 1622 0 0.506409 0.493591 
 ----> 6.6#11.9#4.0#14.0#VAR 1623 0 0.514658 0.485342 
 ----> 6.6#11.9#4.0#14.0#VAR 1624 0 0.494124 0.505876 
 ----> 6.6#11.9#4.0#14.0#VAR 1625 1 0.522157 0.477843 
 ----> 6.6#11.9#4.0#14.0#VAR 1626 0 0.543069 0.456931 
 ----> 6.6#11.9#4.0#14.0#VAR 1627 1 0.503239 0.496761 
 ----> 6.6#11.9#4.0#14.0#VAR 1628 0 0.509353 0.490647 
 ----> 6.6#11.9#4.0#14.0#VAR 1629 1 0.518107 0.481893 
 ----> 6.6#11.9#4.0#14.0#VAR 1630 1 0.474847 0.525153 
 ----> 6.6#11.9#4.0#14.0#VAR 1631 1 0.540518 0.459482 
 ----> 6.6#11.9#4.0#14.0#VAR 1632 0 0.528545 0.471455 
 ----> 6.6#11.9#4.0#14.0#VAR 1633 0 0.499793 0.500207 
 ----> 6.6#11.9#4.0#14.0#VAR 1634 1 0.512625 0.487375 
 ----> 6.6#11.9#4.0#14.0#VAR 1635 0 0.47705 0.52295 
 ----> 6.6#11.9#4.0#14.0#VAR 1636 0 0.46839 0.53161 
 ----> 6.6#11.9#4.0#14.0#VAR 1637 0 0.480351 0.519649 
 ----> 6.6#11.9#4.0#14.0#VAR 1638 0 0.515322 0.484678 
 ----> 6.6#11.9#4.0#14.0#VAR 1639 0 0.508201 0.491799 
 ----> 6.6#11.9#4.0#14.0#VAR 1640 1 0.489666 0.510334 
 ----> 6.6#11.9#4.0#14.0#VAR 1641 1 0.543427 0.456573 
 ----> 6.6#11.9#4.0#14.0#VAR 1642 0 0.474852 0.525148 
 ----> 6.6#11.9#4.0#14.0#VAR 1643 1 0.514339 0.485661 
 ----> 6.6#11.9#4.0#14.0#VAR 1644 1 0.507527 0.492473 
 ----> 6.6#11.9#4.0#14.0#VAR 1645 0 0.477359 0.522641 
 ----> 6.6#11.9#4.0#14.0#VAR 1646 0 0.536397 0.463603 
 ----> 6.6#11.9#4.0#14.0#VAR 1647 0 0.500467 0.499533 
 ----> 6.6#11.9#4.0#14.0#VAR 1648 0 0.492241 0.507759 
 ----> 6.6#11.9#4.0#14.0#VAR 1649 0 0.474541 0.525459 
 ----> 6.6#11.9#4.0#14.0#VAR 1650 1 0.490933 0.509067 
 ----> 6.6#11.9#4.0#14.0#VAR 1651 1 0.51447 0.48553 
 ----> 6.6#11.9#4.0#14.0#VAR 1652 1 0.491238 0.508762 
 ----> 6.6#11.9#4.0#14.0#VAR 1653 1 0.483014 0.516986 
 ----> 6.6#11.9#4.0#14.0#VAR 1654 0 0.508331 0.491669 
 ----> 6.6#11.9#4.0#14.0#VAR 1655 1 0.496711 0.503289 
 ----> 6.6#11.9#4.0#14.0#VAR 1656 1 0.536506 0.463494 
 ----> 6.6#11.9#4.0#14.0#VAR 1657 0 0.53338 0.46662 
 ----> 6.6#11.9#4.0#14.0#VAR 1658 1 0.521526 0.478474 
 ----> 6.6#11.9#4.0#14.0#VAR 1659 0 0.50627 0.49373 
 ----> 6.6#11.9#4.0#14.0#VAR 1660 0 0.522403 0.477597 
 ----> 6.6#11.9#4.0#14.0#VAR 1661 1 0.514276 0.485724 
 ----> 6.6#11.9#4.0#14.0#VAR 1662 0 0.514655 0.485345 
 ----> 6.6#11.9#4.0#14.0#VAR 1663 0 0.488221 0.511779 
 ----> 6.6#11.9#4.0#14.0#VAR 1664 0 0.530421 0.469579 
 ----> 6.6#11.9#4.0#14.0#VAR 1665 0 0.52323 0.47677 
 ----> 6.6#11.9#4.0#14.0#VAR 1666 0 0.517706 0.482294 
 ----> 6.6#11.9#4.0#14.0#VAR 1667 1 0.534841 0.465159 
 ----> 6.6#11.9#4.0#14.0#VAR 1668 1 0.516389 0.483611 
 ----> 6.6#11.9#4.0#14.0#VAR 1669 0 0.515428 0.484572 
 ----> 6.6#11.9#4.0#14.0#VAR 1670 0 0.518985 0.481015 
 ----> 6.6#11.9#4.0#14.0#VAR 1671 0 0.508817 0.491183 
 ----> 6.6#11.9#4.0#14.0#VAR 1672 0 0.524955 0.475045 
 ----> 6.6#11.9#4.0#14.0#VAR 1673 0 0.540188 0.459812 
 ----> 6.6#11.9#4.0#14.0#VAR 1674 0 0.5159 0.4841 
 ----> 6.6#11.9#4.0#14.0#VAR 1675 1 0.505871 0.494129 
 ----> 6.6#11.9#4.0#14.0#VAR 1676 1 0.502996 0.497004 
 ----> 6.6#11.9#4.0#14.0#VAR 1677 1 0.487378 0.512622 
 ----> 6.6#11.9#4.0#14.0#VAR 1678 0 0.536797 0.463203 
 ----> 6.6#11.9#4.0#14.0#VAR 1679 0 0.517942 0.482058 
 ----> 6.6#11.9#4.0#14.0#VAR 1680 0 0.50288 0.49712 
 ----> 6.6#11.9#4.0#14.0#VAR 1681 0 0.505689 0.494311 
 ----> 6.6#11.9#4.0#14.0#VAR 1682 0 0.532737 0.467263 
 ----> 6.6#11.9#4.0#14.0#VAR 1683 0 0.545088 0.454912 
 ----> 6.6#11.9#4.0#14.0#VAR 1684 0 0.486761 0.513239 
 ----> 6.6#11.9#4.0#14.0#VAR 1685 1 0.507826 0.492174 
 ----> 6.6#11.9#4.0#14.0#VAR 1686 0 0.531887 0.468113 
 ----> 6.6#11.9#4.0#14.0#VAR 1687 1 0.50779 0.49221 
 ----> 6.6#11.9#4.0#14.0#VAR 1688 0 0.514262 0.485738 
 ----> 6.6#11.9#4.0#14.0#VAR 1689 0 0.522159 0.477841 
 ----> 6.6#11.9#4.0#14.0#VAR 1690 0 0.518615 0.481385 
 ----> 6.6#11.9#4.0#14.0#VAR 1691 0 0.535819 0.464181 
 ----> 6.6#11.9#4.0#14.0#VAR 1692 0 0.546538 0.453462 
 ----> 6.6#11.9#4.0#14.0#VAR 1693 1 0.50196 0.49804 
 ----> 6.6#11.9#4.0#14.0#VAR 1694 1 0.508807 0.491193 
 ----> 6.6#11.9#4.0#14.0#VAR 1695 1 0.523781 0.476219 
 ----> 6.6#11.9#4.0#14.0#VAR 1696 0 0.489369 0.510631 
 ----> 6.6#11.9#4.0#14.0#VAR 1697 0 0.540393 0.459607 
 ----> 6.6#11.9#4.0#14.0#VAR 1698 0 0.532967 0.467033 
 ----> 6.6#11.9#4.0#14.0#VAR 1699 0 0.479007 0.520993 
 ----> 6.6#11.9#4.0#14.0#VAR 1700 0 0.522434 0.477566 
 ----> 6.6#11.9#4.0#14.0#VAR 1701 0 0.490241 0.509759 
 ----> 6.6#11.9#4.0#14.0#VAR 1702 0 0.501717 0.498283 
 ----> 6.6#11.9#4.0#14.0#VAR 1703 0 0.507701 0.492299 
 ----> 6.6#11.9#4.0#14.0#VAR 1704 0 0.544113 0.455887 
 ----> 6.6#11.9#4.0#14.0#VAR 1705 0 0.563103 0.436897 
 ----> 6.6#11.9#4.0#14.0#VAR 1706 0 0.491856 0.508144 
 ----> 6.6#11.9#4.0#14.0#VAR 1707 0 0.522137 0.477863 
 ----> 6.6#11.9#4.0#14.0#VAR 1708 0 0.471523 0.528477 
 ----> 6.6#11.9#4.0#14.0#VAR 1709 0 0.515076 0.484924 
 ----> 6.6#11.9#4.0#14.0#VAR 1710 0 0.528094 0.471906 
 ----> 6.6#11.9#4.0#14.0#VAR 1711 0 0.50566 0.49434 
 ----> 6.6#11.9#4.0#14.0#VAR 1712 0 0.510515 0.489485 
 ----> 6.6#11.9#4.0#14.0#VAR 1713 1 0.518753 0.481247 
 ----> 6.6#11.9#4.0#14.0#VAR 1714 0 0.514042 0.485958 
 ----> 6.6#11.9#4.0#14.0#VAR 1715 0 0.492385 0.507615 
 ----> 6.6#11.9#4.0#14.0#VAR 1716 0 0.488734 0.511266 
 ----> 6.6#11.9#4.0#14.0#VAR 1717 0 0.499611 0.500389 
 ----> 6.6#11.9#4.0#14.0#VAR 1718 0 0.521245 0.478755 
 ----> 6.6#11.9#4.0#14.0#VAR 1719 0 0.503838 0.496162 
 ----> 6.6#11.9#4.0#14.0#VAR 1720 0 0.515265 0.484735 
 ----> 6.6#11.9#4.0#14.0#VAR 1721 0 0.496057 0.503943 
 ----> 6.6#11.9#4.0#14.0#VAR 1722 0 0.523621 0.476379 
 ----> 6.6#11.9#4.0#14.0#VAR 1723 1 0.535886 0.464114 
 ----> 6.6#11.9#4.0#14.0#VAR 1724 1 0.503336 0.496664 
 ----> 6.6#11.9#4.0#14.0#VAR 1725 1 0.502976 0.497024 
 ----> 6.6#11.9#4.0#14.0#VAR 1726 0 0.490094 0.509906 
 ----> 6.6#11.9#4.0#14.0#VAR 1727 0 0.503021 0.496979 
 ----> 6.6#11.9#4.0#14.0#VAR 1728 0 0.521171 0.478829 
 ----> 6.6#11.9#4.0#14.0#VAR 1729 0 0.496457 0.503543 
 ----> 6.6#11.9#4.0#14.0#VAR 1730 1 0.516898 0.483102 
 ----> 6.6#11.9#4.0#14.0#VAR 1731 1 0.49779 0.50221 
 ----> 6.6#11.9#4.0#14.0#VAR 1732 0 0.496607 0.503393 
 ----> 6.6#11.9#4.0#14.0#VAR 1733 0 0.533011 0.466989 
 ----> 6.6#11.9#4.0#14.0#VAR 1734 0 0.494098 0.505902 
 ----> 6.6#11.9#4.0#14.0#VAR 1735 0 0.493883 0.506117 
 ----> 6.6#11.9#4.0#14.0#VAR 1736 0 0.479662 0.520338 
 ----> 6.6#11.9#4.0#14.0#VAR 1737 1 0.471969 0.528031 
 ----> 6.6#11.9#4.0#14.0#VAR 1738 0 0.49503 0.50497 
 ----> 6.6#11.9#4.0#14.0#VAR 1739 0 0.513493 0.486507 
 ----> 6.6#11.9#4.0#14.0#VAR 1740 0 0.500609 0.499391 
 ----> 6.6#11.9#4.0#14.0#VAR 1741 1 0.47936 0.52064 
 ----> 6.6#11.9#4.0#14.0#VAR 1742 0 0.523867 0.476133 
 ----> 6.6#11.9#4.0#14.0#VAR 1743 0 0.532978 0.467022 
 ----> 6.6#11.9#4.0#14.0#VAR 1744 0 0.508537 0.491463 
 ----> 6.6#11.9#4.0#14.0#VAR 1745 0 0.507145 0.492855 
 ----> 6.6#11.9#4.0#14.0#VAR 1746 1 0.496989 0.503011 
 ----> 6.6#11.9#4.0#14.0#VAR 1747 1 0.501587 0.498413 
 ----> 6.6#11.9#4.0#14.0#VAR 1748 1 0.511374 0.488626 
 ----> 6.6#11.9#4.0#14.0#VAR 1749 1 0.52526 0.47474 
 ----> 6.6#11.9#4.0#14.0#VAR 1750 1 0.513051 0.486949 
 ----> 6.6#11.9#4.0#14.0#VAR 1751 1 0.502697 0.497303 
 ----> 6.6#11.9#4.0#14.0#VAR 1752 1 0.523806 0.476194 
 ----> 6.6#11.9#4.0#14.0#VAR 1753 1 0.526144 0.473856 
 ----> 6.6#11.9#4.0#14.0#VAR 1754 0 0.513526 0.486474 
 ----> 6.6#11.9#4.0#14.0#VAR 1755 0 0.496077 0.503923 
 ----> 6.6#11.9#4.0#14.0#VAR 1756 0 0.523643 0.476357 
 ----> 6.6#11.9#4.0#14.0#VAR 1757 1 0.502703 0.497297 
 ----> 6.6#11.9#4.0#14.0#VAR 1758 1 0.495472 0.504528 
 ----> 6.6#11.9#4.0#14.0#VAR 1759 1 0.50294 0.49706 
 ----> 6.6#11.9#4.0#14.0#VAR 1760 0 0.519245 0.480755 
 ----> 6.6#11.9#4.0#14.0#VAR 1761 0 0.511028 0.488972 
 ----> 6.6#11.9#4.0#14.0#VAR 1762 1 0.505883 0.494117 
 ----> 6.6#11.9#4.0#14.0#VAR 1763 1 0.487195 0.512805 
 ----> 6.6#11.9#4.0#14.0#VAR 1764 1 0.504594 0.495406 
 ----> 6.6#11.9#4.0#14.0#VAR 1765 1 0.472874 0.527126 
 ----> 6.6#11.9#4.0#14.0#VAR 1766 0 0.484724 0.515276 
 ----> 6.6#11.9#4.0#14.0#VAR 1767 0 0.508608 0.491392 
 ----> 6.6#11.9#4.0#14.0#VAR 1768 0 0.526254 0.473746 
 ----> 6.6#11.9#4.0#14.0#VAR 1769 1 0.500244 0.499756 
 ----> 6.6#11.9#4.0#14.0#VAR 1770 0 0.502825 0.497175 
 ----> 6.6#11.9#4.0#14.0#VAR 1771 1 0.509808 0.490192 
 ----> 6.6#11.9#4.0#14.0#VAR 1772 0 0.50868 0.49132 
 ----> 6.6#11.9#4.0#14.0#VAR 1773 1 0.510821 0.489179 
 ----> 6.6#11.9#4.0#14.0#VAR 1774 1 0.485244 0.514756 
 ----> 6.6#11.9#4.0#14.0#VAR 1775 0 0.514658 0.485342 
 ----> 6.6#11.9#4.0#14.0#VAR 1776 0 0.524326 0.475674 
 ----> 6.6#11.9#4.0#14.0#VAR 1777 1 0.520424 0.479576 
 ----> 6.6#11.9#4.0#14.0#VAR 1778 0 0.513047 0.486953 
 ----> 6.6#11.9#4.0#14.0#VAR 1779 1 0.518767 0.481233 
 ----> 6.6#11.9#4.0#14.0#VAR 1780 1 0.510717 0.489283 
 ----> 6.6#11.9#4.0#14.0#VAR 1781 1 0.50959 0.49041 
 ----> 6.6#11.9#4.0#14.0#VAR 1782 0 0.51339 0.48661 
 ----> 6.6#11.9#4.0#14.0#VAR 1783 0 0.479132 0.520868 
 ----> 6.6#11.9#4.0#14.0#VAR 1784 1 0.472122 0.527878 
 ----> 6.6#11.9#4.0#14.0#VAR 1785 1 0.462738 0.537262 
 ----> 6.6#11.9#4.0#14.0#VAR 1786 0 0.504397 0.495603 
 ----> 6.6#11.9#4.0#14.0#VAR 1787 0 0.478506 0.521494 
 ----> 6.6#11.9#4.0#14.0#VAR 1788 0 0.490234 0.509766 
 ----> 6.6#11.9#4.0#14.0#VAR 1789 1 0.457754 0.542246 
 ----> 6.6#11.9#4.0#14.0#VAR 1790 1 0.49788 0.50212 
 ----> 6.6#11.9#4.0#14.0#VAR 1791 1 0.502846 0.497154 
 ----> 6.6#11.9#4.0#14.0#VAR 1792 1 0.513788 0.486212 
 ----> 6.6#11.9#4.0#14.0#VAR 1793 0 0.489923 0.510077 
 ----> 6.6#11.9#4.0#14.0#VAR 1794 1 0.502505 0.497495 
 ----> 6.6#11.9#4.0#14.0#VAR 1795 0 0.486834 0.513166 
 ----> 6.6#11.9#4.0#14.0#VAR 1796 1 0.558281 0.441719 
 ----> 6.6#11.9#4.0#14.0#VAR 1797 0 0.537166 0.462834 
 ----> 6.6#11.9#4.0#14.0#VAR 1798 0 0.462214 0.537786 
 ----> 6.6#11.9#4.0#14.0#VAR 1799 0 0.501679 0.498321 
 ----> 6.6#11.9#4.0#14.0#VAR 1800 0 0.499925 0.500075 
 ----> 6.6#11.9#4.0#14.0#VAR 1801 0 0.51495 0.48505 
 ----> 6.6#11.9#4.0#14.0#VAR 1802 0 0.499588 0.500412 
 ----> 6.6#11.9#4.0#14.0#VAR 1803 0 0.53121 0.46879 
 ----> 6.6#11.9#4.0#14.0#VAR 1804 0 0.507853 0.492147 
 ----> 6.6#11.9#4.0#14.0#VAR 1805 1 0.476695 0.523305 
 ----> 6.6#11.9#4.0#14.0#VAR 1806 0 0.504452 0.495548 
 ----> 6.6#11.9#4.0#14.0#VAR 1807 1 0.511476 0.488524 
 ----> 6.6#11.9#4.0#14.0#VAR 1808 0 0.514033 0.485967 
 ----> 6.6#11.9#4.0#14.0#VAR 1809 0 0.553656 0.446344 
 ----> 6.6#11.9#4.0#14.0#VAR 1810 1 0.5034 0.4966 
 ----> 6.6#11.9#4.0#14.0#VAR 1811 0 0.516006 0.483994 
 ----> 6.6#11.9#4.0#14.0#VAR 1812 0 0.536068 0.463932 
 ----> 6.6#11.9#4.0#14.0#VAR 1813 0 0.519268 0.480732 
 ----> 6.6#11.9#4.0#14.0#VAR 1814 1 0.509657 0.490343 
 ----> 6.6#11.9#4.0#14.0#VAR 1815 0 0.514587 0.485413 
 ----> 6.6#11.9#4.0#14.0#VAR 1816 0 0.514206 0.485794 
 ----> 6.6#11.9#4.0#14.0#VAR 1817 0 0.515597 0.484403 
 ----> 6.6#11.9#4.0#14.0#VAR 1818 1 0.497031 0.502969 
 ----> 6.6#11.9#4.0#14.0#VAR 1819 0 0.524183 0.475817 
 ----> 6.6#11.9#4.0#14.0#VAR 1820 1 0.520245 0.479755 
 ----> 6.6#11.9#4.0#14.0#VAR 1821 0 0.498577 0.501423 
 ----> 6.6#11.9#4.0#14.0#VAR 1822 1 0.49745 0.50255 
 ----> 6.6#11.9#4.0#14.0#VAR 1823 0 0.514054 0.485946 
 ----> 6.6#11.9#4.0#14.0#VAR 1824 1 0.500366 0.499634 
 ----> 6.6#11.9#4.0#14.0#VAR 1825 1 0.477218 0.522782 
 ----> 6.6#11.9#4.0#14.0#VAR 1826 1 0.493077 0.506923 
 ++++> 6.6#11.9#4.0#14.0#VAR 1827  0 0.551483 0.448517 
