 ----> 6.6#11.9#4.0#14.0#VAR 10 1 0.449961 0.550039 
 ----> 6.6#11.9#4.0#14.0#VAR 11 1 0.509845 0.490155 
 ----> 6.6#11.9#4.0#14.0#VAR 12 0 0.479571 0.520429 
 ----> 6.6#11.9#4.0#14.0#VAR 13 1 0.467682 0.532318 
 ----> 6.6#11.9#4.0#14.0#VAR 14 0 0.490918 0.509082 
 ----> 6.6#11.9#4.0#14.0#VAR 15 1 0.408033 0.591967 
 ----> 6.6#11.9#4.0#14.0#VAR 16 1 0.420024 0.579976 
 ----> 6.6#11.9#4.0#14.0#VAR 17 1 0.397309 0.602691 
 ----> 6.6#11.9#4.0#14.0#VAR 18 1 0.462419 0.537581 
 ----> 6.6#11.9#4.0#14.0#VAR 19 1 0.443477 0.556523 
 ----> 6.6#11.9#4.0#14.0#VAR 20 1 0.478066 0.521934 
 ----> 6.6#11.9#4.0#14.0#VAR 21 0 0.485661 0.514339 
 ----> 6.6#11.9#4.0#14.0#VAR 22 1 0.483539 0.516461 
 ----> 6.6#11.9#4.0#14.0#VAR 23 0 0.469368 0.530632 
 ----> 6.6#11.9#4.0#14.0#VAR 24 0 0.509273 0.490727 
 ----> 6.6#11.9#4.0#14.0#VAR 25 0 0.507399 0.492601 
 ----> 6.6#11.9#4.0#14.0#VAR 26 0 0.472663 0.527337 
 ----> 6.6#11.9#4.0#14.0#VAR 27 0 0.481966 0.518034 
 ----> 6.6#11.9#4.0#14.0#VAR 28 1 0.448798 0.551202 
 ----> 6.6#11.9#4.0#14.0#VAR 29 1 0.460825 0.539175 
 ----> 6.6#11.9#4.0#14.0#VAR 30 1 0.452797 0.547203 
 ----> 6.6#11.9#4.0#14.0#VAR 31 0 0.468631 0.531369 
 ----> 6.6#11.9#4.0#14.0#VAR 32 0 0.501947 0.498053 
 ----> 6.6#11.9#4.0#14.0#VAR 33 0 0.479438 0.520562 
 ----> 6.6#11.9#4.0#14.0#VAR 34 1 0.483867 0.516133 
 ----> 6.6#11.9#4.0#14.0#VAR 35 0 0.469871 0.530129 
 ----> 6.6#11.9#4.0#14.0#VAR 36 1 0.499749 0.500251 
 ----> 6.6#11.9#4.0#14.0#VAR 37 1 0.475784 0.524216 
 ----> 6.6#11.9#4.0#14.0#VAR 38 1 0.478974 0.521026 
 ----> 6.6#11.9#4.0#14.0#VAR 39 0 0.489334 0.510666 
 ----> 6.6#11.9#4.0#14.0#VAR 40 0 0.495016 0.504984 
 ----> 6.6#11.9#4.0#14.0#VAR 41 1 0.485235 0.514765 
 ----> 6.6#11.9#4.0#14.0#VAR 42 1 0.488703 0.511297 
 ----> 6.6#11.9#4.0#14.0#VAR 43 1 0.501256 0.498744 
 ----> 6.6#11.9#4.0#14.0#VAR 44 1 0.506928 0.493072 
 ----> 6.6#11.9#4.0#14.0#VAR 45 1 0.479129 0.520871 
 ----> 6.6#11.9#4.0#14.0#VAR 46 1 0.500014 0.499986 
 ----> 6.6#11.9#4.0#14.0#VAR 47 1 0.514392 0.485608 
 ----> 6.6#11.9#4.0#14.0#VAR 48 0 0.478593 0.521407 
 ----> 6.6#11.9#4.0#14.0#VAR 49 0 0.495937 0.504063 
 ----> 6.6#11.9#4.0#14.0#VAR 50 1 0.494386 0.505614 
 ----> 6.6#11.9#4.0#14.0#VAR 51 1 0.484343 0.515657 
 ----> 6.6#11.9#4.0#14.0#VAR 52 1 0.507969 0.492031 
 ----> 6.6#11.9#4.0#14.0#VAR 53 1 0.495241 0.504759 
 ----> 6.6#11.9#4.0#14.0#VAR 54 1 0.48831 0.51169 
 ----> 6.6#11.9#4.0#14.0#VAR 55 1 0.476564 0.523436 
 ----> 6.6#11.9#4.0#14.0#VAR 56 1 0.471655 0.528345 
 ----> 6.6#11.9#4.0#14.0#VAR 57 1 0.504272 0.495728 
 ----> 6.6#11.9#4.0#14.0#VAR 58 1 0.48104 0.51896 
 ----> 6.6#11.9#4.0#14.0#VAR 59 1 0.495409 0.504591 
 ----> 6.6#11.9#4.0#14.0#VAR 60 1 0.504597 0.495403 
 ----> 6.6#11.9#4.0#14.0#VAR 61 1 0.502278 0.497722 
 ----> 6.6#11.9#4.0#14.0#VAR 62 0 0.48759 0.51241 
 ----> 6.6#11.9#4.0#14.0#VAR 63 1 0.49707 0.50293 
 ----> 6.6#11.9#4.0#14.0#VAR 64 1 0.472979 0.527021 
 ----> 6.6#11.9#4.0#14.0#VAR 65 1 0.49456 0.50544 
 ----> 6.6#11.9#4.0#14.0#VAR 66 1 0.459662 0.540338 
 ----> 6.6#11.9#4.0#14.0#VAR 67 1 0.486952 0.513048 
 ----> 6.6#11.9#4.0#14.0#VAR 68 0 0.489074 0.510926 
 ----> 6.6#11.9#4.0#14.0#VAR 69 1 0.512423 0.487577 
 ----> 6.6#11.9#4.0#14.0#VAR 70 1 0.514776 0.485224 
 ----> 6.6#11.9#4.0#14.0#VAR 71 1 0.455763 0.544237 
 ----> 6.6#11.9#4.0#14.0#VAR 72 1 0.492462 0.507538 
 ----> 6.6#11.9#4.0#14.0#VAR 73 0 0.491043 0.508957 
 ----> 6.6#11.9#4.0#14.0#VAR 74 0 0.504343 0.495657 
 ----> 6.6#11.9#4.0#14.0#VAR 75 1 0.475056 0.524944 
 ----> 6.6#11.9#4.0#14.0#VAR 76 0 0.495247 0.504753 
 ----> 6.6#11.9#4.0#14.0#VAR 77 0 0.487155 0.512845 
 ----> 6.6#11.9#4.0#14.0#VAR 78 0 0.500232 0.499768 
 ----> 6.6#11.9#4.0#14.0#VAR 79 1 0.460365 0.539635 
 ----> 6.6#11.9#4.0#14.0#VAR 80 1 0.483707 0.516293 
 ----> 6.6#11.9#4.0#14.0#VAR 81 0 0.477473 0.522527 
 ----> 6.6#11.9#4.0#14.0#VAR 82 1 0.508327 0.491673 
 ----> 6.6#11.9#4.0#14.0#VAR 83 1 0.474275 0.525725 
 ----> 6.6#11.9#4.0#14.0#VAR 84 1 0.511497 0.488503 
 ----> 6.6#11.9#4.0#14.0#VAR 85 0 0.486016 0.513984 
 ----> 6.6#11.9#4.0#14.0#VAR 86 0 0.508864 0.491136 
 ----> 6.6#11.9#4.0#14.0#VAR 87 0 0.499308 0.500692 
 ----> 6.6#11.9#4.0#14.0#VAR 88 1 0.517559 0.482441 
 ----> 6.6#11.9#4.0#14.0#VAR 89 1 0.49637 0.50363 
 ----> 6.6#11.9#4.0#14.0#VAR 90 1 0.489497 0.510503 
 ----> 6.6#11.9#4.0#14.0#VAR 91 1 0.509645 0.490355 
 ----> 6.6#11.9#4.0#14.0#VAR 92 1 0.502008 0.497992 
 ----> 6.6#11.9#4.0#14.0#VAR 93 1 0.464362 0.535638 
 ----> 6.6#11.9#4.0#14.0#VAR 94 1 0.507679 0.492321 
 ----> 6.6#11.9#4.0#14.0#VAR 95 1 0.480345 0.519655 
 ----> 6.6#11.9#4.0#14.0#VAR 96 0 0.487875 0.512125 
 ----> 6.6#11.9#4.0#14.0#VAR 97 0 0.526765 0.473235 
 ----> 6.6#11.9#4.0#14.0#VAR 98 0 0.52809 0.47191 
 ----> 6.6#11.9#4.0#14.0#VAR 99 1 0.527629 0.472371 
 ----> 6.6#11.9#4.0#14.0#VAR 100 0 0.51663 0.48337 
 ----> 6.6#11.9#4.0#14.0#VAR 101 0 0.463078 0.536922 
 ----> 6.6#11.9#4.0#14.0#VAR 102 1 0.484172 0.515828 
 ----> 6.6#11.9#4.0#14.0#VAR 103 1 0.482933 0.517067 
 ----> 6.6#11.9#4.0#14.0#VAR 104 0 0.492053 0.507947 
 ----> 6.6#11.9#4.0#14.0#VAR 105 1 0.501455 0.498545 
 ----> 6.6#11.9#4.0#14.0#VAR 106 0 0.501951 0.498049 
 ----> 6.6#11.9#4.0#14.0#VAR 107 0 0.511664 0.488336 
 ----> 6.6#11.9#4.0#14.0#VAR 108 1 0.512125 0.487875 
 ----> 6.6#11.9#4.0#14.0#VAR 109 0 0.506758 0.493242 
 ----> 6.6#11.9#4.0#14.0#VAR 110 1 0.508368 0.491632 
 ----> 6.6#11.9#4.0#14.0#VAR 111 0 0.51107 0.48893 
 ----> 6.6#11.9#4.0#14.0#VAR 112 0 0.473684 0.526316 
 ----> 6.6#11.9#4.0#14.0#VAR 113 0 0.50492 0.49508 
 ----> 6.6#11.9#4.0#14.0#VAR 114 0 0.509336 0.490664 
 ----> 6.6#11.9#4.0#14.0#VAR 115 1 0.483419 0.516581 
 ----> 6.6#11.9#4.0#14.0#VAR 116 1 0.47475 0.52525 
 ----> 6.6#11.9#4.0#14.0#VAR 117 1 0.474818 0.525182 
 ----> 6.6#11.9#4.0#14.0#VAR 118 0 0.521374 0.478626 
 ----> 6.6#11.9#4.0#14.0#VAR 119 0 0.508474 0.491526 
 ----> 6.6#11.9#4.0#14.0#VAR 120 1 0.500468 0.499532 
 ----> 6.6#11.9#4.0#14.0#VAR 121 1 0.520164 0.479836 
 ----> 6.6#11.9#4.0#14.0#VAR 122 0 0.516494 0.483506 
 ----> 6.6#11.9#4.0#14.0#VAR 123 0 0.545774 0.454226 
 ----> 6.6#11.9#4.0#14.0#VAR 124 0 0.525347 0.474653 
 ----> 6.6#11.9#4.0#14.0#VAR 125 1 0.487222 0.512778 
 ----> 6.6#11.9#4.0#14.0#VAR 126 1 0.482698 0.517302 
 ----> 6.6#11.9#4.0#14.0#VAR 127 0 0.530486 0.469514 
 ----> 6.6#11.9#4.0#14.0#VAR 128 1 0.468623 0.531377 
 ----> 6.6#11.9#4.0#14.0#VAR 129 1 0.482662 0.517338 
 ----> 6.6#11.9#4.0#14.0#VAR 130 1 0.514334 0.485666 
 ----> 6.6#11.9#4.0#14.0#VAR 131 0 0.540164 0.459836 
 ----> 6.6#11.9#4.0#14.0#VAR 132 1 0.511851 0.488149 
 ----> 6.6#11.9#4.0#14.0#VAR 133 1 0.505143 0.494857 
 ----> 6.6#11.9#4.0#14.0#VAR 134 1 0.463065 0.536935 
 ----> 6.6#11.9#4.0#14.0#VAR 135 0 0.567912 0.432088 
 ----> 6.6#11.9#4.0#14.0#VAR 136 0 0.50875 0.49125 
 ----> 6.6#11.9#4.0#14.0#VAR 137 1 0.479483 0.520517 
 ----> 6.6#11.9#4.0#14.0#VAR 138 0 0.505715 0.494285 
 ----> 6.6#11.9#4.0#14.0#VAR 139 0 0.502072 0.497928 
 ----> 6.6#11.9#4.0#14.0#VAR 140 0 0.485669 0.514331 
 ----> 6.6#11.9#4.0#14.0#VAR 141 1 0.472286 0.527714 
 ----> 6.6#11.9#4.0#14.0#VAR 142 0 0.524936 0.475064 
 ----> 6.6#11.9#4.0#14.0#VAR 143 1 0.501318 0.498682 
 ----> 6.6#11.9#4.0#14.0#VAR 144 0 0.541182 0.458818 
 ----> 6.6#11.9#4.0#14.0#VAR 145 0 0.504786 0.495214 
 ----> 6.6#11.9#4.0#14.0#VAR 146 0 0.514531 0.485469 
 ----> 6.6#11.9#4.0#14.0#VAR 147 1 0.491593 0.508407 
 ----> 6.6#11.9#4.0#14.0#VAR 148 1 0.506007 0.493993 
 ----> 6.6#11.9#4.0#14.0#VAR 149 1 0.501292 0.498708 
 ----> 6.6#11.9#4.0#14.0#VAR 150 1 0.487376 0.512624 
 ----> 6.6#11.9#4.0#14.0#VAR 151 0 0.513323 0.486677 
 ----> 6.6#11.9#4.0#14.0#VAR 152 0 0.504219 0.495781 
 ----> 6.6#11.9#4.0#14.0#VAR 153 1 0.515535 0.484465 
 ----> 6.6#11.9#4.0#14.0#VAR 154 0 0.502516 0.497484 
 ----> 6.6#11.9#4.0#14.0#VAR 155 1 0.471909 0.528091 
 ----> 6.6#11.9#4.0#14.0#VAR 156 0 0.530525 0.469475 
 ----> 6.6#11.9#4.0#14.0#VAR 157 1 0.483406 0.516594 
 ----> 6.6#11.9#4.0#14.0#VAR 158 0 0.503132 0.496868 
 ----> 6.6#11.9#4.0#14.0#VAR 159 0 0.499511 0.500489 
 ----> 6.6#11.9#4.0#14.0#VAR 160 1 0.484102 0.515898 
 ----> 6.6#11.9#4.0#14.0#VAR 161 0 0.516471 0.483529 
 ----> 6.6#11.9#4.0#14.0#VAR 162 1 0.489247 0.510753 
 ----> 6.6#11.9#4.0#14.0#VAR 163 0 0.499694 0.500306 
 ----> 6.6#11.9#4.0#14.0#VAR 164 1 0.483282 0.516718 
 ----> 6.6#11.9#4.0#14.0#VAR 165 0 0.51327 0.48673 
 ----> 6.6#11.9#4.0#14.0#VAR 166 0 0.505007 0.494993 
 ----> 6.6#11.9#4.0#14.0#VAR 167 0 0.486552 0.513448 
 ----> 6.6#11.9#4.0#14.0#VAR 168 1 0.500074 0.499926 
 ----> 6.6#11.9#4.0#14.0#VAR 169 1 0.483487 0.516513 
 ----> 6.6#11.9#4.0#14.0#VAR 170 1 0.484105 0.515895 
 ----> 6.6#11.9#4.0#14.0#VAR 171 1 0.49426 0.50574 
 ----> 6.6#11.9#4.0#14.0#VAR 172 0 0.528268 0.471732 
 ----> 6.6#11.9#4.0#14.0#VAR 173 0 0.522049 0.477951 
 ----> 6.6#11.9#4.0#14.0#VAR 174 1 0.482053 0.517947 
 ----> 6.6#11.9#4.0#14.0#VAR 175 0 0.500131 0.499869 
 ----> 6.6#11.9#4.0#14.0#VAR 176 1 0.488046 0.511954 
 ----> 6.6#11.9#4.0#14.0#VAR 177 0 0.510193 0.489807 
 ----> 6.6#11.9#4.0#14.0#VAR 178 1 0.494329 0.505671 
 ----> 6.6#11.9#4.0#14.0#VAR 179 0 0.502131 0.497869 
 ----> 6.6#11.9#4.0#14.0#VAR 180 1 0.496028 0.503972 
 ----> 6.6#11.9#4.0#14.0#VAR 181 0 0.517666 0.482334 
 ----> 6.6#11.9#4.0#14.0#VAR 182 1 0.502708 0.497292 
 ----> 6.6#11.9#4.0#14.0#VAR 183 0 0.505402 0.494598 
 ----> 6.6#11.9#4.0#14.0#VAR 184 1 0.532911 0.467089 
 ----> 6.6#11.9#4.0#14.0#VAR 185 1 0.513543 0.486457 
 ----> 6.6#11.9#4.0#14.0#VAR 186 0 0.546329 0.453671 
 ----> 6.6#11.9#4.0#14.0#VAR 187 1 0.469907 0.530093 
 ----> 6.6#11.9#4.0#14.0#VAR 188 0 0.546653 0.453347 
 ----> 6.6#11.9#4.0#14.0#VAR 189 1 0.470268 0.529732 
 ----> 6.6#11.9#4.0#14.0#VAR 190 1 0.506227 0.493773 
 ----> 6.6#11.9#4.0#14.0#VAR 191 0 0.519704 0.480296 
 ----> 6.6#11.9#4.0#14.0#VAR 192 0 0.533409 0.466591 
 ----> 6.6#11.9#4.0#14.0#VAR 193 0 0.558555 0.441445 
 ----> 6.6#11.9#4.0#14.0#VAR 194 0 0.50982 0.49018 
 ----> 6.6#11.9#4.0#14.0#VAR 195 1 0.479905 0.520095 
 ----> 6.6#11.9#4.0#14.0#VAR 196 0 0.507625 0.492375 
 ----> 6.6#11.9#4.0#14.0#VAR 197 1 0.493002 0.506998 
 ----> 6.6#11.9#4.0#14.0#VAR 198 1 0.489433 0.510567 
 ----> 6.6#11.9#4.0#14.0#VAR 199 1 0.524248 0.475752 
 ----> 6.6#11.9#4.0#14.0#VAR 200 0 0.525025 0.474975 
 ----> 6.6#11.9#4.0#14.0#VAR 201 1 0.506285 0.493715 
 ----> 6.6#11.9#4.0#14.0#VAR 202 0 0.492521 0.507479 
 ----> 6.6#11.9#4.0#14.0#VAR 203 0 0.530433 0.469567 
 ----> 6.6#11.9#4.0#14.0#VAR 204 1 0.506719 0.493281 
 ----> 6.6#11.9#4.0#14.0#VAR 205 0 0.532287 0.467713 
 ----> 6.6#11.9#4.0#14.0#VAR 206 0 0.466497 0.533503 
 ----> 6.6#11.9#4.0#14.0#VAR 207 1 0.469201 0.530799 
 ----> 6.6#11.9#4.0#14.0#VAR 208 0 0.490361 0.509639 
 ----> 6.6#11.9#4.0#14.0#VAR 209 1 0.489712 0.510288 
 ----> 6.6#11.9#4.0#14.0#VAR 210 1 0.480912 0.519088 
 ----> 6.6#11.9#4.0#14.0#VAR 211 0 0.510233 0.489767 
 ----> 6.6#11.9#4.0#14.0#VAR 212 1 0.502408 0.497592 
 ----> 6.6#11.9#4.0#14.0#VAR 213 0 0.50303 0.49697 
 ----> 6.6#11.9#4.0#14.0#VAR 214 0 0.512466 0.487534 
 ----> 6.6#11.9#4.0#14.0#VAR 215 1 0.47686 0.52314 
 ----> 6.6#11.9#4.0#14.0#VAR 216 1 0.496261 0.503739 
 ----> 6.6#11.9#4.0#14.0#VAR 217 0 0.517394 0.482606 
 ----> 6.6#11.9#4.0#14.0#VAR 218 1 0.490437 0.509563 
 ----> 6.6#11.9#4.0#14.0#VAR 219 1 0.483829 0.516171 
 ----> 6.6#11.9#4.0#14.0#VAR 220 1 0.488052 0.511948 
 ----> 6.6#11.9#4.0#14.0#VAR 221 1 0.479371 0.520629 
 ----> 6.6#11.9#4.0#14.0#VAR 222 0 0.501434 0.498566 
 ----> 6.6#11.9#4.0#14.0#VAR 223 1 0.51287 0.48713 
 ----> 6.6#11.9#4.0#14.0#VAR 224 0 0.498821 0.501179 
 ----> 6.6#11.9#4.0#14.0#VAR 225 1 0.490014 0.509986 
 ----> 6.6#11.9#4.0#14.0#VAR 226 0 0.496209 0.503791 
 ----> 6.6#11.9#4.0#14.0#VAR 227 1 0.490888 0.509112 
 ----> 6.6#11.9#4.0#14.0#VAR 228 1 0.444749 0.555251 
 ----> 6.6#11.9#4.0#14.0#VAR 229 1 0.48983 0.51017 
 ----> 6.6#11.9#4.0#14.0#VAR 230 1 0.482991 0.517009 
 ----> 6.6#11.9#4.0#14.0#VAR 231 0 0.525635 0.474365 
 ----> 6.6#11.9#4.0#14.0#VAR 232 0 0.47857 0.52143 
 ----> 6.6#11.9#4.0#14.0#VAR 233 1 0.499235 0.500765 
 ----> 6.6#11.9#4.0#14.0#VAR 234 1 0.528978 0.471022 
 ----> 6.6#11.9#4.0#14.0#VAR 235 1 0.505109 0.494891 
 ----> 6.6#11.9#4.0#14.0#VAR 236 0 0.496977 0.503023 
 ----> 6.6#11.9#4.0#14.0#VAR 237 0 0.53129 0.46871 
 ----> 6.6#11.9#4.0#14.0#VAR 238 0 0.497686 0.502314 
 ----> 6.6#11.9#4.0#14.0#VAR 239 1 0.483352 0.516648 
 ----> 6.6#11.9#4.0#14.0#VAR 240 0 0.471664 0.528336 
 ----> 6.6#11.9#4.0#14.0#VAR 241 1 0.496806 0.503194 
 ----> 6.6#11.9#4.0#14.0#VAR 242 0 0.507257 0.492743 
 ----> 6.6#11.9#4.0#14.0#VAR 243 0 0.526873 0.473127 
 ----> 6.6#11.9#4.0#14.0#VAR 244 1 0.468473 0.531527 
 ----> 6.6#11.9#4.0#14.0#VAR 245 0 0.503377 0.496623 
 ----> 6.6#11.9#4.0#14.0#VAR 246 0 0.47311 0.52689 
 ----> 6.6#11.9#4.0#14.0#VAR 247 1 0.493375 0.506625 
 ----> 6.6#11.9#4.0#14.0#VAR 248 1 0.498577 0.501423 
 ----> 6.6#11.9#4.0#14.0#VAR 249 1 0.480418 0.519582 
 ----> 6.6#11.9#4.0#14.0#VAR 250 1 0.477988 0.522012 
 ----> 6.6#11.9#4.0#14.0#VAR 251 0 0.521399 0.478601 
 ----> 6.6#11.9#4.0#14.0#VAR 252 0 0.51114 0.48886 
 ----> 6.6#11.9#4.0#14.0#VAR 253 0 0.512167 0.487833 
 ----> 6.6#11.9#4.0#14.0#VAR 254 1 0.480001 0.519999 
 ----> 6.6#11.9#4.0#14.0#VAR 255 0 0.49065 0.50935 
 ----> 6.6#11.9#4.0#14.0#VAR 256 0 0.486561 0.513439 
 ----> 6.6#11.9#4.0#14.0#VAR 257 0 0.543043 0.456957 
 ----> 6.6#11.9#4.0#14.0#VAR 258 0 0.498737 0.501263 
 ----> 6.6#11.9#4.0#14.0#VAR 259 0 0.507467 0.492533 
 ----> 6.6#11.9#4.0#14.0#VAR 260 1 0.477172 0.522828 
 ----> 6.6#11.9#4.0#14.0#VAR 261 1 0.486907 0.513093 
 ----> 6.6#11.9#4.0#14.0#VAR 262 0 0.499676 0.500324 
 ----> 6.6#11.9#4.0#14.0#VAR 263 0 0.496641 0.503359 
 ----> 6.6#11.9#4.0#14.0#VAR 264 1 0.448484 0.551516 
 ----> 6.6#11.9#4.0#14.0#VAR 265 0 0.557181 0.442819 
 ----> 6.6#11.9#4.0#14.0#VAR 266 0 0.479126 0.520874 
 ----> 6.6#11.9#4.0#14.0#VAR 267 1 0.496648 0.503352 
 ----> 6.6#11.9#4.0#14.0#VAR 268 1 0.513545 0.486455 
 ----> 6.6#11.9#4.0#14.0#VAR 269 0 0.512179 0.487821 
 ----> 6.6#11.9#4.0#14.0#VAR 270 1 0.504187 0.495813 
 ----> 6.6#11.9#4.0#14.0#VAR 271 0 0.52632 0.47368 
 ----> 6.6#11.9#4.0#14.0#VAR 272 0 0.561613 0.438387 
 ----> 6.6#11.9#4.0#14.0#VAR 273 1 0.499773 0.500227 
 ----> 6.6#11.9#4.0#14.0#VAR 274 1 0.508127 0.491873 
 ----> 6.6#11.9#4.0#14.0#VAR 275 1 0.509905 0.490095 
 ----> 6.6#11.9#4.0#14.0#VAR 276 1 0.508259 0.491741 
 ----> 6.6#11.9#4.0#14.0#VAR 277 1 0.496853 0.503147 
 ----> 6.6#11.9#4.0#14.0#VAR 278 1 0.484717 0.515283 
 ----> 6.6#11.9#4.0#14.0#VAR 279 1 0.513225 0.486775 
 ----> 6.6#11.9#4.0#14.0#VAR 280 0 0.480486 0.519514 
 ----> 6.6#11.9#4.0#14.0#VAR 281 0 0.532329 0.467671 
 ----> 6.6#11.9#4.0#14.0#VAR 282 1 0.504413 0.495587 
 ----> 6.6#11.9#4.0#14.0#VAR 283 0 0.520162 0.479838 
 ----> 6.6#11.9#4.0#14.0#VAR 284 0 0.535699 0.464301 
 ----> 6.6#11.9#4.0#14.0#VAR 285 0 0.508194 0.491806 
 ----> 6.6#11.9#4.0#14.0#VAR 286 0 0.515188 0.484812 
 ----> 6.6#11.9#4.0#14.0#VAR 287 0 0.509949 0.490051 
 ----> 6.6#11.9#4.0#14.0#VAR 288 1 0.511647 0.488353 
 ----> 6.6#11.9#4.0#14.0#VAR 289 1 0.498924 0.501076 
 ----> 6.6#11.9#4.0#14.0#VAR 290 0 0.484176 0.515824 
 ----> 6.6#11.9#4.0#14.0#VAR 291 1 0.487801 0.512199 
 ----> 6.6#11.9#4.0#14.0#VAR 292 1 0.507621 0.492379 
 ----> 6.6#11.9#4.0#14.0#VAR 293 1 0.481945 0.518055 
 ----> 6.6#11.9#4.0#14.0#VAR 294 1 0.497095 0.502905 
 ----> 6.6#11.9#4.0#14.0#VAR 295 1 0.482477 0.517523 
 ----> 6.6#11.9#4.0#14.0#VAR 296 1 0.502154 0.497846 
 ----> 6.6#11.9#4.0#14.0#VAR 297 1 0.4656 0.5344 
 ----> 6.6#11.9#4.0#14.0#VAR 298 1 0.495639 0.504361 
 ----> 6.6#11.9#4.0#14.0#VAR 299 1 0.503059 0.496941 
 ----> 6.6#11.9#4.0#14.0#VAR 300 1 0.479011 0.520989 
 ----> 6.6#11.9#4.0#14.0#VAR 301 1 0.509616 0.490384 
 ----> 6.6#11.9#4.0#14.0#VAR 302 1 0.480796 0.519204 
 ----> 6.6#11.9#4.0#14.0#VAR 303 0 0.530717 0.469283 
 ----> 6.6#11.9#4.0#14.0#VAR 304 0 0.528682 0.471318 
 ----> 6.6#11.9#4.0#14.0#VAR 305 1 0.504103 0.495897 
 ----> 6.6#11.9#4.0#14.0#VAR 306 1 0.510507 0.489493 
 ----> 6.6#11.9#4.0#14.0#VAR 307 1 0.499605 0.500395 
 ----> 6.6#11.9#4.0#14.0#VAR 308 0 0.496629 0.503371 
 ----> 6.6#11.9#4.0#14.0#VAR 309 1 0.49789 0.50211 
 ----> 6.6#11.9#4.0#14.0#VAR 310 0 0.501337 0.498663 
 ----> 6.6#11.9#4.0#14.0#VAR 311 0 0.503615 0.496385 
 ----> 6.6#11.9#4.0#14.0#VAR 312 1 0.506982 0.493018 
 ----> 6.6#11.9#4.0#14.0#VAR 313 1 0.481816 0.518184 
 ----> 6.6#11.9#4.0#14.0#VAR 314 1 0.499678 0.500322 
 ----> 6.6#11.9#4.0#14.0#VAR 315 0 0.509427 0.490573 
 ----> 6.6#11.9#4.0#14.0#VAR 316 1 0.457419 0.542581 
 ----> 6.6#11.9#4.0#14.0#VAR 317 0 0.506804 0.493196 
 ----> 6.6#11.9#4.0#14.0#VAR 318 1 0.505022 0.494978 
 ----> 6.6#11.9#4.0#14.0#VAR 319 1 0.46302 0.53698 
 ----> 6.6#11.9#4.0#14.0#VAR 320 0 0.512784 0.487216 
 ----> 6.6#11.9#4.0#14.0#VAR 321 0 0.49699 0.50301 
 ----> 6.6#11.9#4.0#14.0#VAR 322 0 0.499905 0.500095 
 ----> 6.6#11.9#4.0#14.0#VAR 323 1 0.490492 0.509508 
 ----> 6.6#11.9#4.0#14.0#VAR 324 0 0.508306 0.491694 
 ----> 6.6#11.9#4.0#14.0#VAR 325 0 0.467967 0.532033 
 ----> 6.6#11.9#4.0#14.0#VAR 326 0 0.499825 0.500175 
 ----> 6.6#11.9#4.0#14.0#VAR 327 1 0.485882 0.514118 
 ----> 6.6#11.9#4.0#14.0#VAR 328 0 0.505318 0.494682 
 ----> 6.6#11.9#4.0#14.0#VAR 329 1 0.508112 0.491888 
 ----> 6.6#11.9#4.0#14.0#VAR 330 1 0.51589 0.48411 
 ----> 6.6#11.9#4.0#14.0#VAR 331 1 0.514692 0.485308 
 ----> 6.6#11.9#4.0#14.0#VAR 332 0 0.504066 0.495934 
 ----> 6.6#11.9#4.0#14.0#VAR 333 0 0.510146 0.489854 
 ----> 6.6#11.9#4.0#14.0#VAR 334 0 0.505231 0.494769 
 ----> 6.6#11.9#4.0#14.0#VAR 335 0 0.503842 0.496158 
 ----> 6.6#11.9#4.0#14.0#VAR 336 1 0.484218 0.515782 
 ----> 6.6#11.9#4.0#14.0#VAR 337 0 0.521284 0.478716 
 ----> 6.6#11.9#4.0#14.0#VAR 338 0 0.507779 0.492221 
 ----> 6.6#11.9#4.0#14.0#VAR 339 0 0.504028 0.495972 
 ----> 6.6#11.9#4.0#14.0#VAR 340 0 0.49461 0.50539 
 ----> 6.6#11.9#4.0#14.0#VAR 341 0 0.526829 0.473171 
 ----> 6.6#11.9#4.0#14.0#VAR 342 0 0.506254 0.493746 
 ----> 6.6#11.9#4.0#14.0#VAR 343 0 0.50954 0.49046 
 ----> 6.6#11.9#4.0#14.0#VAR 344 0 0.501676 0.498324 
 ----> 6.6#11.9#4.0#14.0#VAR 345 1 0.487676 0.512324 
 ----> 6.6#11.9#4.0#14.0#VAR 346 0 0.510932 0.489068 
 ----> 6.6#11.9#4.0#14.0#VAR 347 0 0.476708 0.523292 
 ----> 6.6#11.9#4.0#14.0#VAR 348 0 0.462625 0.537375 
 ----> 6.6#11.9#4.0#14.0#VAR 349 0 0.491051 0.508949 
 ----> 6.6#11.9#4.0#14.0#VAR 350 1 0.485507 0.514493 
 ----> 6.6#11.9#4.0#14.0#VAR 351 0 0.498437 0.501563 
 ----> 6.6#11.9#4.0#14.0#VAR 352 0 0.54234 0.45766 
 ----> 6.6#11.9#4.0#14.0#VAR 353 0 0.512311 0.487689 
 ----> 6.6#11.9#4.0#14.0#VAR 354 0 0.509097 0.490903 
 ----> 6.6#11.9#4.0#14.0#VAR 355 0 0.503687 0.496313 
 ----> 6.6#11.9#4.0#14.0#VAR 356 0 0.496804 0.503196 
 ----> 6.6#11.9#4.0#14.0#VAR 357 0 0.495132 0.504868 
 ----> 6.6#11.9#4.0#14.0#VAR 358 0 0.500824 0.499176 
 ----> 6.6#11.9#4.0#14.0#VAR 359 0 0.480629 0.519371 
 ----> 6.6#11.9#4.0#14.0#VAR 360 1 0.487569 0.512431 
 ----> 6.6#11.9#4.0#14.0#VAR 361 0 0.530205 0.469795 
 ----> 6.6#11.9#4.0#14.0#VAR 362 1 0.498275 0.501725 
 ----> 6.6#11.9#4.0#14.0#VAR 363 1 0.529572 0.470428 
 ----> 6.6#11.9#4.0#14.0#VAR 364 0 0.556438 0.443562 
 ----> 6.6#11.9#4.0#14.0#VAR 365 1 0.497811 0.502189 
 ----> 6.6#11.9#4.0#14.0#VAR 366 0 0.583312 0.416688 
 ----> 6.6#11.9#4.0#14.0#VAR 367 1 0.543803 0.456197 
 ----> 6.6#11.9#4.0#14.0#VAR 368 0 0.540669 0.459331 
 ----> 6.6#11.9#4.0#14.0#VAR 369 1 0.527545 0.472455 
 ----> 6.6#11.9#4.0#14.0#VAR 370 0 0.524737 0.475263 
 ----> 6.6#11.9#4.0#14.0#VAR 371 0 0.539246 0.460754 
 ----> 6.6#11.9#4.0#14.0#VAR 372 0 0.513845 0.486155 
 ----> 6.6#11.9#4.0#14.0#VAR 373 0 0.509364 0.490636 
 ----> 6.6#11.9#4.0#14.0#VAR 374 0 0.516409 0.483591 
 ----> 6.6#11.9#4.0#14.0#VAR 375 1 0.495565 0.504435 
 ----> 6.6#11.9#4.0#14.0#VAR 376 0 0.528111 0.471889 
 ----> 6.6#11.9#4.0#14.0#VAR 377 1 0.480219 0.519781 
 ----> 6.6#11.9#4.0#14.0#VAR 378 0 0.523452 0.476548 
 ----> 6.6#11.9#4.0#14.0#VAR 379 0 0.569377 0.430623 
 ----> 6.6#11.9#4.0#14.0#VAR 380 1 0.500216 0.499784 
 ----> 6.6#11.9#4.0#14.0#VAR 381 0 0.606156 0.393844 
 ----> 6.6#11.9#4.0#14.0#VAR 382 1 0.531048 0.468952 
 ----> 6.6#11.9#4.0#14.0#VAR 383 0 0.548354 0.451646 
 ----> 6.6#11.9#4.0#14.0#VAR 384 1 0.486124 0.513876 
 ----> 6.6#11.9#4.0#14.0#VAR 385 1 0.54236 0.45764 
 ----> 6.6#11.9#4.0#14.0#VAR 386 0 0.541231 0.458769 
 ----> 6.6#11.9#4.0#14.0#VAR 387 1 0.501875 0.498125 
 ----> 6.6#11.9#4.0#14.0#VAR 388 1 0.502213 0.497787 
 ----> 6.6#11.9#4.0#14.0#VAR 389 1 0.524699 0.475301 
 ----> 6.6#11.9#4.0#14.0#VAR 390 0 0.510793 0.489207 
 ----> 6.6#11.9#4.0#14.0#VAR 391 0 0.514931 0.485069 
 ----> 6.6#11.9#4.0#14.0#VAR 392 0 0.552742 0.447258 
 ----> 6.6#11.9#4.0#14.0#VAR 393 0 0.542019 0.457981 
 ----> 6.6#11.9#4.0#14.0#VAR 394 0 0.538891 0.461109 
 ----> 6.6#11.9#4.0#14.0#VAR 395 0 0.534726 0.465274 
 ----> 6.6#11.9#4.0#14.0#VAR 396 0 0.508011 0.491989 
 ----> 6.6#11.9#4.0#14.0#VAR 397 1 0.510165 0.489835 
 ----> 6.6#11.9#4.0#14.0#VAR 398 1 0.525838 0.474162 
 ----> 6.6#11.9#4.0#14.0#VAR 399 1 0.518357 0.481643 
 ----> 6.6#11.9#4.0#14.0#VAR 400 0 0.537927 0.462073 
 ----> 6.6#11.9#4.0#14.0#VAR 401 1 0.507762 0.492238 
 ----> 6.6#11.9#4.0#14.0#VAR 402 0 0.499197 0.500803 
 ----> 6.6#11.9#4.0#14.0#VAR 403 0 0.521068 0.478932 
 ----> 6.6#11.9#4.0#14.0#VAR 404 0 0.512969 0.487031 
 ----> 6.6#11.9#4.0#14.0#VAR 405 0 0.52515 0.47485 
 ----> 6.6#11.9#4.0#14.0#VAR 406 1 0.491884 0.508116 
 ----> 6.6#11.9#4.0#14.0#VAR 407 0 0.523073 0.476927 
 ----> 6.6#11.9#4.0#14.0#VAR 408 0 0.515083 0.484917 
 ----> 6.6#11.9#4.0#14.0#VAR 409 1 0.496313 0.503687 
 ----> 6.6#11.9#4.0#14.0#VAR 410 0 0.501747 0.498253 
 ----> 6.6#11.9#4.0#14.0#VAR 411 0 0.516026 0.483974 
 ----> 6.6#11.9#4.0#14.0#VAR 412 1 0.502303 0.497697 
 ----> 6.6#11.9#4.0#14.0#VAR 413 1 0.475838 0.524162 
 ----> 6.6#11.9#4.0#14.0#VAR 414 0 0.510291 0.489709 
 ----> 6.6#11.9#4.0#14.0#VAR 415 0 0.527304 0.472696 
 ----> 6.6#11.9#4.0#14.0#VAR 416 1 0.516295 0.483705 
 ----> 6.6#11.9#4.0#14.0#VAR 417 1 0.47338 0.52662 
 ----> 6.6#11.9#4.0#14.0#VAR 418 1 0.50662 0.49338 
 ----> 6.6#11.9#4.0#14.0#VAR 419 1 0.482618 0.517382 
 ----> 6.6#11.9#4.0#14.0#VAR 420 1 0.470591 0.529409 
 ----> 6.6#11.9#4.0#14.0#VAR 421 0 0.510985 0.489015 
 ----> 6.6#11.9#4.0#14.0#VAR 422 0 0.526105 0.473895 
 ----> 6.6#11.9#4.0#14.0#VAR 423 0 0.542895 0.457105 
 ----> 6.6#11.9#4.0#14.0#VAR 424 1 0.518349 0.481651 
 ----> 6.6#11.9#4.0#14.0#VAR 425 1 0.525182 0.474818 
 ----> 6.6#11.9#4.0#14.0#VAR 426 1 0.462059 0.537941 
 ----> 6.6#11.9#4.0#14.0#VAR 427 0 0.501819 0.498181 
 ----> 6.6#11.9#4.0#14.0#VAR 428 0 0.52526 0.47474 
 ----> 6.6#11.9#4.0#14.0#VAR 429 1 0.490027 0.509973 
 ----> 6.6#11.9#4.0#14.0#VAR 430 0 0.506383 0.493617 
 ----> 6.6#11.9#4.0#14.0#VAR 431 0 0.526744 0.473256 
 ----> 6.6#11.9#4.0#14.0#VAR 432 0 0.524274 0.475726 
 ----> 6.6#11.9#4.0#14.0#VAR 433 1 0.481963 0.518037 
 ----> 6.6#11.9#4.0#14.0#VAR 434 0 0.515935 0.484065 
 ----> 6.6#11.9#4.0#14.0#VAR 435 1 0.543693 0.456307 
 ----> 6.6#11.9#4.0#14.0#VAR 436 1 0.526253 0.473747 
 ----> 6.6#11.9#4.0#14.0#VAR 437 0 0.560624 0.439376 
 ----> 6.6#11.9#4.0#14.0#VAR 438 0 0.499878 0.500122 
 ----> 6.6#11.9#4.0#14.0#VAR 439 0 0.554742 0.445258 
 ----> 6.6#11.9#4.0#14.0#VAR 440 0 0.565664 0.434336 
 ----> 6.6#11.9#4.0#14.0#VAR 441 1 0.515575 0.484425 
 ----> 6.6#11.9#4.0#14.0#VAR 442 1 0.508717 0.491283 
 ----> 6.6#11.9#4.0#14.0#VAR 443 1 0.476428 0.523572 
 ----> 6.6#11.9#4.0#14.0#VAR 444 1 0.498624 0.501376 
 ----> 6.6#11.9#4.0#14.0#VAR 445 1 0.460892 0.539108 
 ----> 6.6#11.9#4.0#14.0#VAR 446 0 0.522558 0.477442 
 ----> 6.6#11.9#4.0#14.0#VAR 447 1 0.514532 0.485468 
 ----> 6.6#11.9#4.0#14.0#VAR 448 1 0.490045 0.509955 
 ----> 6.6#11.9#4.0#14.0#VAR 449 0 0.503878 0.496122 
 ----> 6.6#11.9#4.0#14.0#VAR 450 1 0.512947 0.487053 
 ----> 6.6#11.9#4.0#14.0#VAR 451 0 0.518381 0.481619 
 ----> 6.6#11.9#4.0#14.0#VAR 452 0 0.53847 0.46153 
 ----> 6.6#11.9#4.0#14.0#VAR 453 0 0.55314 0.44686 
 ----> 6.6#11.9#4.0#14.0#VAR 454 1 0.481751 0.518249 
 ----> 6.6#11.9#4.0#14.0#VAR 455 0 0.522751 0.477249 
 ----> 6.6#11.9#4.0#14.0#VAR 456 1 0.494323 0.505677 
 ----> 6.6#11.9#4.0#14.0#VAR 457 0 0.51968 0.48032 
 ----> 6.6#11.9#4.0#14.0#VAR 458 0 0.549017 0.450983 
 ----> 6.6#11.9#4.0#14.0#VAR 459 0 0.527259 0.472741 
 ----> 6.6#11.9#4.0#14.0#VAR 460 0 0.523792 0.476208 
 ----> 6.6#11.9#4.0#14.0#VAR 461 0 0.517413 0.482587 
 ----> 6.6#11.9#4.0#14.0#VAR 462 1 0.505498 0.494502 
 ----> 6.6#11.9#4.0#14.0#VAR 463 0 0.534736 0.465264 
 ----> 6.6#11.9#4.0#14.0#VAR 464 0 0.50733 0.49267 
 ----> 6.6#11.9#4.0#14.0#VAR 465 0 0.552627 0.447373 
 ----> 6.6#11.9#4.0#14.0#VAR 466 0 0.547206 0.452794 
 ----> 6.6#11.9#4.0#14.0#VAR 467 0 0.529591 0.470409 
 ----> 6.6#11.9#4.0#14.0#VAR 468 0 0.521156 0.478844 
 ----> 6.6#11.9#4.0#14.0#VAR 469 1 0.506197 0.493803 
 ----> 6.6#11.9#4.0#14.0#VAR 470 1 0.529853 0.470147 
 ----> 6.6#11.9#4.0#14.0#VAR 471 1 0.494877 0.505123 
 ----> 6.6#11.9#4.0#14.0#VAR 472 1 0.512857 0.487143 
 ----> 6.6#11.9#4.0#14.0#VAR 473 0 0.51407 0.48593 
 ----> 6.6#11.9#4.0#14.0#VAR 474 1 0.508448 0.491552 
 ----> 6.6#11.9#4.0#14.0#VAR 475 1 0.533083 0.466917 
 ----> 6.6#11.9#4.0#14.0#VAR 476 0 0.553228 0.446772 
 ----> 6.6#11.9#4.0#14.0#VAR 477 0 0.52172 0.47828 
 ----> 6.6#11.9#4.0#14.0#VAR 478 1 0.499285 0.500715 
 ----> 6.6#11.9#4.0#14.0#VAR 479 0 0.53107 0.46893 
 ----> 6.6#11.9#4.0#14.0#VAR 480 0 0.546384 0.453616 
 ----> 6.6#11.9#4.0#14.0#VAR 481 1 0.51378 0.48622 
 ----> 6.6#11.9#4.0#14.0#VAR 482 0 0.482647 0.517353 
 ----> 6.6#11.9#4.0#14.0#VAR 483 1 0.53617 0.46383 
 ----> 6.6#11.9#4.0#14.0#VAR 484 0 0.543057 0.456943 
 ----> 6.6#11.9#4.0#14.0#VAR 485 0 0.540935 0.459065 
 ----> 6.6#11.9#4.0#14.0#VAR 486 0 0.502963 0.497037 
 ----> 6.6#11.9#4.0#14.0#VAR 487 0 0.494651 0.505349 
 ----> 6.6#11.9#4.0#14.0#VAR 488 0 0.51556 0.48444 
 ----> 6.6#11.9#4.0#14.0#VAR 489 1 0.474431 0.525569 
 ----> 6.6#11.9#4.0#14.0#VAR 490 1 0.515883 0.484117 
 ----> 6.6#11.9#4.0#14.0#VAR 491 1 0.509043 0.490957 
 ----> 6.6#11.9#4.0#14.0#VAR 492 0 0.518351 0.481649 
 ----> 6.6#11.9#4.0#14.0#VAR 493 1 0.501659 0.498341 
 ----> 6.6#11.9#4.0#14.0#VAR 494 0 0.517858 0.482142 
 ----> 6.6#11.9#4.0#14.0#VAR 495 0 0.526873 0.473127 
 ----> 6.6#11.9#4.0#14.0#VAR 496 0 0.513584 0.486416 
 ----> 6.6#11.9#4.0#14.0#VAR 497 0 0.532804 0.467196 
 ----> 6.6#11.9#4.0#14.0#VAR 498 1 0.505844 0.494156 
 ----> 6.6#11.9#4.0#14.0#VAR 499 1 0.52063 0.47937 
 ----> 6.6#11.9#4.0#14.0#VAR 500 0 0.544438 0.455562 
 ----> 6.6#11.9#4.0#14.0#VAR 501 1 0.474844 0.525156 
 ----> 6.6#11.9#4.0#14.0#VAR 502 0 0.509583 0.490417 
 ----> 6.6#11.9#4.0#14.0#VAR 503 0 0.542347 0.457653 
 ----> 6.6#11.9#4.0#14.0#VAR 504 0 0.541788 0.458212 
 ----> 6.6#11.9#4.0#14.0#VAR 505 0 0.573915 0.426085 
 ----> 6.6#11.9#4.0#14.0#VAR 506 0 0.540856 0.459144 
 ----> 6.6#11.9#4.0#14.0#VAR 507 0 0.544291 0.455709 
 ----> 6.6#11.9#4.0#14.0#VAR 508 0 0.532626 0.467374 
 ----> 6.6#11.9#4.0#14.0#VAR 509 1 0.520979 0.479021 
 ----> 6.6#11.9#4.0#14.0#VAR 510 0 0.511095 0.488905 
 ----> 6.6#11.9#4.0#14.0#VAR 511 0 0.537272 0.462728 
 ----> 6.6#11.9#4.0#14.0#VAR 512 0 0.540317 0.459683 
 ----> 6.6#11.9#4.0#14.0#VAR 513 0 0.542306 0.457694 
 ----> 6.6#11.9#4.0#14.0#VAR 514 0 0.544975 0.455025 
 ----> 6.6#11.9#4.0#14.0#VAR 515 0 0.54775 0.45225 
 ----> 6.6#11.9#4.0#14.0#VAR 516 1 0.532886 0.467114 
 ----> 6.6#11.9#4.0#14.0#VAR 517 0 0.585828 0.414172 
 ----> 6.6#11.9#4.0#14.0#VAR 518 0 0.501205 0.498795 
 ----> 6.6#11.9#4.0#14.0#VAR 519 0 0.533714 0.466286 
 ----> 6.6#11.9#4.0#14.0#VAR 520 0 0.566327 0.433673 
 ----> 6.6#11.9#4.0#14.0#VAR 521 0 0.51478 0.48522 
 ----> 6.6#11.9#4.0#14.0#VAR 522 0 0.515764 0.484236 
 ----> 6.6#11.9#4.0#14.0#VAR 523 0 0.536434 0.463566 
 ----> 6.6#11.9#4.0#14.0#VAR 524 1 0.501837 0.498163 
 ----> 6.6#11.9#4.0#14.0#VAR 525 0 0.498326 0.501674 
 ----> 6.6#11.9#4.0#14.0#VAR 526 0 0.546076 0.453924 
 ----> 6.6#11.9#4.0#14.0#VAR 527 0 0.52994 0.47006 
 ----> 6.6#11.9#4.0#14.0#VAR 528 1 0.539785 0.460215 
 ----> 6.6#11.9#4.0#14.0#VAR 529 0 0.552167 0.447833 
 ----> 6.6#11.9#4.0#14.0#VAR 530 1 0.53064 0.46936 
 ----> 6.6#11.9#4.0#14.0#VAR 531 1 0.515938 0.484062 
 ----> 6.6#11.9#4.0#14.0#VAR 532 1 0.543645 0.456355 
 ----> 6.6#11.9#4.0#14.0#VAR 533 1 0.54747 0.45253 
 ----> 6.6#11.9#4.0#14.0#VAR 534 1 0.528328 0.471672 
 ----> 6.6#11.9#4.0#14.0#VAR 535 0 0.546952 0.453048 
 ----> 6.6#11.9#4.0#14.0#VAR 536 1 0.498776 0.501224 
 ----> 6.6#11.9#4.0#14.0#VAR 537 0 0.512515 0.487485 
 ----> 6.6#11.9#4.0#14.0#VAR 538 0 0.50655 0.49345 
 ----> 6.6#11.9#4.0#14.0#VAR 539 0 0.493778 0.506222 
 ----> 6.6#11.9#4.0#14.0#VAR 540 0 0.535268 0.464732 
 ----> 6.6#11.9#4.0#14.0#VAR 541 0 0.521413 0.478587 
 ----> 6.6#11.9#4.0#14.0#VAR 542 0 0.529983 0.470017 
 ----> 6.6#11.9#4.0#14.0#VAR 543 0 0.529034 0.470966 
 ----> 6.6#11.9#4.0#14.0#VAR 544 0 0.526123 0.473877 
 ----> 6.6#11.9#4.0#14.0#VAR 545 0 0.540299 0.459701 
 ----> 6.6#11.9#4.0#14.0#VAR 546 0 0.515414 0.484586 
 ----> 6.6#11.9#4.0#14.0#VAR 547 1 0.518733 0.481267 
 ----> 6.6#11.9#4.0#14.0#VAR 548 1 0.526567 0.473433 
 ----> 6.6#11.9#4.0#14.0#VAR 549 0 0.544365 0.455635 
 ----> 6.6#11.9#4.0#14.0#VAR 550 0 0.51605 0.48395 
 ----> 6.6#11.9#4.0#14.0#VAR 551 0 0.537289 0.462711 
 ----> 6.6#11.9#4.0#14.0#VAR 552 0 0.519336 0.480664 
 ----> 6.6#11.9#4.0#14.0#VAR 553 1 0.512457 0.487543 
 ----> 6.6#11.9#4.0#14.0#VAR 554 0 0.508034 0.491966 
 ----> 6.6#11.9#4.0#14.0#VAR 555 0 0.535924 0.464076 
 ----> 6.6#11.9#4.0#14.0#VAR 556 0 0.548374 0.451626 
 ----> 6.6#11.9#4.0#14.0#VAR 557 1 0.509296 0.490704 
 ----> 6.6#11.9#4.0#14.0#VAR 558 0 0.542909 0.457091 
 ----> 6.6#11.9#4.0#14.0#VAR 559 0 0.52939 0.47061 
 ----> 6.6#11.9#4.0#14.0#VAR 560 0 0.551237 0.448763 
 ----> 6.6#11.9#4.0#14.0#VAR 561 0 0.551278 0.448722 
 ----> 6.6#11.9#4.0#14.0#VAR 562 1 0.51836 0.48164 
 ----> 6.6#11.9#4.0#14.0#VAR 563 1 0.549446 0.450554 
 ----> 6.6#11.9#4.0#14.0#VAR 564 0 0.529897 0.470103 
 ----> 6.6#11.9#4.0#14.0#VAR 565 0 0.549249 0.450751 
 ----> 6.6#11.9#4.0#14.0#VAR 566 0 0.554023 0.445977 
 ----> 6.6#11.9#4.0#14.0#VAR 567 0 0.492571 0.507429 
 ----> 6.6#11.9#4.0#14.0#VAR 568 0 0.527698 0.472302 
 ----> 6.6#11.9#4.0#14.0#VAR 569 1 0.532431 0.467569 
 ----> 6.6#11.9#4.0#14.0#VAR 570 0 0.511704 0.488296 
 ----> 6.6#11.9#4.0#14.0#VAR 571 0 0.540386 0.459614 
 ----> 6.6#11.9#4.0#14.0#VAR 572 0 0.539652 0.460348 
 ----> 6.6#11.9#4.0#14.0#VAR 573 0 0.557435 0.442565 
 ----> 6.6#11.9#4.0#14.0#VAR 574 1 0.490865 0.509135 
 ----> 6.6#11.9#4.0#14.0#VAR 575 0 0.565416 0.434584 
 ----> 6.6#11.9#4.0#14.0#VAR 576 0 0.540142 0.459858 
 ----> 6.6#11.9#4.0#14.0#VAR 577 0 0.508507 0.491493 
 ----> 6.6#11.9#4.0#14.0#VAR 578 0 0.498894 0.501106 
 ----> 6.6#11.9#4.0#14.0#VAR 579 0 0.514265 0.485735 
 ----> 6.6#11.9#4.0#14.0#VAR 580 0 0.524828 0.475172 
 ----> 6.6#11.9#4.0#14.0#VAR 581 0 0.494595 0.505405 
 ----> 6.6#11.9#4.0#14.0#VAR 582 1 0.47789 0.52211 
 ----> 6.6#11.9#4.0#14.0#VAR 583 0 0.54195 0.45805 
 ----> 6.6#11.9#4.0#14.0#VAR 584 0 0.517951 0.482049 
 ----> 6.6#11.9#4.0#14.0#VAR 585 0 0.525636 0.474364 
 ----> 6.6#11.9#4.0#14.0#VAR 586 0 0.513688 0.486312 
 ----> 6.6#11.9#4.0#14.0#VAR 587 0 0.529 0.471 
 ----> 6.6#11.9#4.0#14.0#VAR 588 0 0.528316 0.471684 
 ----> 6.6#11.9#4.0#14.0#VAR 589 1 0.514995 0.485005 
 ----> 6.6#11.9#4.0#14.0#VAR 590 0 0.525618 0.474382 
 ----> 6.6#11.9#4.0#14.0#VAR 591 0 0.53974 0.46026 
 ----> 6.6#11.9#4.0#14.0#VAR 592 0 0.529853 0.470147 
 ----> 6.6#11.9#4.0#14.0#VAR 593 1 0.50679 0.49321 
 ----> 6.6#11.9#4.0#14.0#VAR 594 0 0.533251 0.466749 
 ----> 6.6#11.9#4.0#14.0#VAR 595 1 0.518406 0.481594 
 ----> 6.6#11.9#4.0#14.0#VAR 596 0 0.562524 0.437476 
 ----> 6.6#11.9#4.0#14.0#VAR 597 1 0.527275 0.472725 
 ----> 6.6#11.9#4.0#14.0#VAR 598 0 0.526245 0.473755 
 ----> 6.6#11.9#4.0#14.0#VAR 599 1 0.521968 0.478032 
 ----> 6.6#11.9#4.0#14.0#VAR 600 0 0.588621 0.411379 
 ----> 6.6#11.9#4.0#14.0#VAR 601 0 0.561286 0.438714 
 ----> 6.6#11.9#4.0#14.0#VAR 602 0 0.560205 0.439795 
 ----> 6.6#11.9#4.0#14.0#VAR 603 1 0.480591 0.519409 
 ----> 6.6#11.9#4.0#14.0#VAR 604 0 0.544894 0.455106 
 ----> 6.6#11.9#4.0#14.0#VAR 605 0 0.560569 0.439431 
 ----> 6.6#11.9#4.0#14.0#VAR 606 0 0.565391 0.434609 
 ----> 6.6#11.9#4.0#14.0#VAR 607 0 0.543766 0.456234 
 ----> 6.6#11.9#4.0#14.0#VAR 608 0 0.5426 0.4574 
 ----> 6.6#11.9#4.0#14.0#VAR 609 0 0.578511 0.421489 
 ----> 6.6#11.9#4.0#14.0#VAR 610 1 0.508236 0.491764 
 ----> 6.6#11.9#4.0#14.0#VAR 611 1 0.504025 0.495975 
 ----> 6.6#11.9#4.0#14.0#VAR 612 0 0.547307 0.452693 
 ----> 6.6#11.9#4.0#14.0#VAR 613 0 0.532281 0.467719 
 ----> 6.6#11.9#4.0#14.0#VAR 614 1 0.514058 0.485942 
 ----> 6.6#11.9#4.0#14.0#VAR 615 0 0.51597 0.48403 
 ----> 6.6#11.9#4.0#14.0#VAR 616 0 0.525943 0.474057 
 ----> 6.6#11.9#4.0#14.0#VAR 617 1 0.505759 0.494241 
 ----> 6.6#11.9#4.0#14.0#VAR 618 0 0.510271 0.489729 
 ----> 6.6#11.9#4.0#14.0#VAR 619 1 0.512593 0.487407 
 ----> 6.6#11.9#4.0#14.0#VAR 620 1 0.511693 0.488307 
 ----> 6.6#11.9#4.0#14.0#VAR 621 0 0.521906 0.478094 
 ----> 6.6#11.9#4.0#14.0#VAR 622 0 0.566759 0.433241 
 ----> 6.6#11.9#4.0#14.0#VAR 623 0 0.560145 0.439855 
 ----> 6.6#11.9#4.0#14.0#VAR 624 0 0.543186 0.456814 
 ----> 6.6#11.9#4.0#14.0#VAR 625 0 0.545742 0.454258 
 ----> 6.6#11.9#4.0#14.0#VAR 626 1 0.522404 0.477596 
 ----> 6.6#11.9#4.0#14.0#VAR 627 1 0.541516 0.458484 
 ----> 6.6#11.9#4.0#14.0#VAR 628 1 0.521059 0.478941 
 ----> 6.6#11.9#4.0#14.0#VAR 629 0 0.523576 0.476424 
 ----> 6.6#11.9#4.0#14.0#VAR 630 0 0.512284 0.487716 
 ----> 6.6#11.9#4.0#14.0#VAR 631 0 0.52767 0.47233 
 ----> 6.6#11.9#4.0#14.0#VAR 632 0 0.529652 0.470348 
 ----> 6.6#11.9#4.0#14.0#VAR 633 0 0.513206 0.486794 
 ----> 6.6#11.9#4.0#14.0#VAR 634 1 0.490742 0.509258 
 ----> 6.6#11.9#4.0#14.0#VAR 635 1 0.534317 0.465683 
 ----> 6.6#11.9#4.0#14.0#VAR 636 0 0.535887 0.464113 
 ----> 6.6#11.9#4.0#14.0#VAR 637 1 0.511997 0.488003 
 ----> 6.6#11.9#4.0#14.0#VAR 638 1 0.509535 0.490465 
 ----> 6.6#11.9#4.0#14.0#VAR 639 0 0.514834 0.485166 
 ----> 6.6#11.9#4.0#14.0#VAR 640 0 0.520518 0.479482 
 ----> 6.6#11.9#4.0#14.0#VAR 641 1 0.529192 0.470808 
 ----> 6.6#11.9#4.0#14.0#VAR 642 0 0.527569 0.472431 
 ----> 6.6#11.9#4.0#14.0#VAR 643 0 0.538851 0.461149 
 ----> 6.6#11.9#4.0#14.0#VAR 644 0 0.563825 0.436175 
 ----> 6.6#11.9#4.0#14.0#VAR 645 1 0.540112 0.459888 
 ----> 6.6#11.9#4.0#14.0#VAR 646 0 0.519554 0.480446 
 ----> 6.6#11.9#4.0#14.0#VAR 647 0 0.534211 0.465789 
 ----> 6.6#11.9#4.0#14.0#VAR 648 0 0.517432 0.482568 
 ----> 6.6#11.9#4.0#14.0#VAR 649 0 0.530079 0.469921 
 ----> 6.6#11.9#4.0#14.0#VAR 650 0 0.528149 0.471851 
 ----> 6.6#11.9#4.0#14.0#VAR 651 0 0.545264 0.454736 
 ----> 6.6#11.9#4.0#14.0#VAR 652 1 0.518238 0.481762 
 ----> 6.6#11.9#4.0#14.0#VAR 653 0 0.537754 0.462246 
 ----> 6.6#11.9#4.0#14.0#VAR 654 0 0.5129 0.4871 
 ----> 6.6#11.9#4.0#14.0#VAR 655 0 0.534824 0.465176 
 ----> 6.6#11.9#4.0#14.0#VAR 656 0 0.512706 0.487294 
 ----> 6.6#11.9#4.0#14.0#VAR 657 0 0.551619 0.448381 
 ----> 6.6#11.9#4.0#14.0#VAR 658 0 0.576091 0.423909 
 ----> 6.6#11.9#4.0#14.0#VAR 659 0 0.575807 0.424193 
 ----> 6.6#11.9#4.0#14.0#VAR 660 1 0.476667 0.523333 
 ----> 6.6#11.9#4.0#14.0#VAR 661 1 0.503501 0.496499 
 ----> 6.6#11.9#4.0#14.0#VAR 662 0 0.589048 0.410952 
 ----> 6.6#11.9#4.0#14.0#VAR 663 1 0.502517 0.497483 
 ----> 6.6#11.9#4.0#14.0#VAR 664 1 0.513866 0.486134 
 ----> 6.6#11.9#4.0#14.0#VAR 665 0 0.521972 0.478028 
 ----> 6.6#11.9#4.0#14.0#VAR 666 0 0.517531 0.482469 
 ----> 6.6#11.9#4.0#14.0#VAR 667 0 0.515839 0.484161 
 ----> 6.6#11.9#4.0#14.0#VAR 668 0 0.513047 0.486953 
 ----> 6.6#11.9#4.0#14.0#VAR 669 0 0.518682 0.481318 
 ----> 6.6#11.9#4.0#14.0#VAR 670 1 0.49026 0.50974 
 ----> 6.6#11.9#4.0#14.0#VAR 671 0 0.516601 0.483399 
 ----> 6.6#11.9#4.0#14.0#VAR 672 1 0.495055 0.504945 
 ----> 6.6#11.9#4.0#14.0#VAR 673 0 0.526849 0.473151 
 ----> 6.6#11.9#4.0#14.0#VAR 674 0 0.543641 0.456359 
 ----> 6.6#11.9#4.0#14.0#VAR 675 0 0.528872 0.471128 
 ----> 6.6#11.9#4.0#14.0#VAR 676 0 0.551451 0.448549 
 ----> 6.6#11.9#4.0#14.0#VAR 677 0 0.570434 0.429566 
 ----> 6.6#11.9#4.0#14.0#VAR 678 0 0.55057 0.44943 
 ----> 6.6#11.9#4.0#14.0#VAR 679 1 0.534126 0.465874 
 ----> 6.6#11.9#4.0#14.0#VAR 680 1 0.509074 0.490926 
 ----> 6.6#11.9#4.0#14.0#VAR 681 1 0.524462 0.475538 
 ----> 6.6#11.9#4.0#14.0#VAR 682 0 0.557209 0.442791 
 ----> 6.6#11.9#4.0#14.0#VAR 683 1 0.501887 0.498113 
 ----> 6.6#11.9#4.0#14.0#VAR 684 0 0.521103 0.478897 
 ----> 6.6#11.9#4.0#14.0#VAR 685 0 0.513749 0.486251 
 ----> 6.6#11.9#4.0#14.0#VAR 686 0 0.499326 0.500674 
 ----> 6.6#11.9#4.0#14.0#VAR 687 0 0.530387 0.469613 
 ----> 6.6#11.9#4.0#14.0#VAR 688 0 0.541919 0.458081 
 ----> 6.6#11.9#4.0#14.0#VAR 689 1 0.519946 0.480054 
 ----> 6.6#11.9#4.0#14.0#VAR 690 1 0.534954 0.465046 
 ----> 6.6#11.9#4.0#14.0#VAR 691 1 0.521416 0.478584 
 ----> 6.6#11.9#4.0#14.0#VAR 692 1 0.508663 0.491337 
 ----> 6.6#11.9#4.0#14.0#VAR 693 0 0.562446 0.437554 
 ----> 6.6#11.9#4.0#14.0#VAR 694 1 0.511938 0.488062 
 ----> 6.6#11.9#4.0#14.0#VAR 695 0 0.531223 0.468777 
 ----> 6.6#11.9#4.0#14.0#VAR 696 1 0.525657 0.474343 
 ----> 6.6#11.9#4.0#14.0#VAR 697 0 0.558217 0.441783 
 ----> 6.6#11.9#4.0#14.0#VAR 698 1 0.515239 0.484761 
 ----> 6.6#11.9#4.0#14.0#VAR 699 0 0.54223 0.45777 
 ----> 6.6#11.9#4.0#14.0#VAR 700 0 0.574463 0.425537 
 ----> 6.6#11.9#4.0#14.0#VAR 701 0 0.518088 0.481912 
 ----> 6.6#11.9#4.0#14.0#VAR 702 1 0.516372 0.483628 
 ----> 6.6#11.9#4.0#14.0#VAR 703 0 0.543458 0.456542 
 ----> 6.6#11.9#4.0#14.0#VAR 704 0 0.528803 0.471197 
 ----> 6.6#11.9#4.0#14.0#VAR 705 0 0.539323 0.460677 
 ----> 6.6#11.9#4.0#14.0#VAR 706 0 0.521998 0.478002 
 ----> 6.6#11.9#4.0#14.0#VAR 707 0 0.517118 0.482882 
 ----> 6.6#11.9#4.0#14.0#VAR 708 0 0.517759 0.482241 
 ----> 6.6#11.9#4.0#14.0#VAR 709 0 0.552088 0.447912 
 ----> 6.6#11.9#4.0#14.0#VAR 710 0 0.497283 0.502717 
 ----> 6.6#11.9#4.0#14.0#VAR 711 1 0.467672 0.532328 
 ----> 6.6#11.9#4.0#14.0#VAR 712 0 0.536235 0.463765 
 ----> 6.6#11.9#4.0#14.0#VAR 713 0 0.547651 0.452349 
 ----> 6.6#11.9#4.0#14.0#VAR 714 1 0.509591 0.490409 
 ----> 6.6#11.9#4.0#14.0#VAR 715 0 0.481675 0.518325 
 ----> 6.6#11.9#4.0#14.0#VAR 716 0 0.544429 0.455571 
 ----> 6.6#11.9#4.0#14.0#VAR 717 1 0.501646 0.498354 
 ----> 6.6#11.9#4.0#14.0#VAR 718 1 0.504418 0.495582 
 ----> 6.6#11.9#4.0#14.0#VAR 719 0 0.518499 0.481501 
 ----> 6.6#11.9#4.0#14.0#VAR 720 1 0.547491 0.452509 
 ----> 6.6#11.9#4.0#14.0#VAR 721 1 0.536688 0.463312 
 ----> 6.6#11.9#4.0#14.0#VAR 722 0 0.592005 0.407995 
 ----> 6.6#11.9#4.0#14.0#VAR 723 0 0.532865 0.467135 
 ----> 6.6#11.9#4.0#14.0#VAR 724 0 0.519419 0.480581 
 ----> 6.6#11.9#4.0#14.0#VAR 725 0 0.546921 0.453079 
 ----> 6.6#11.9#4.0#14.0#VAR 726 0 0.524838 0.475162 
 ----> 6.6#11.9#4.0#14.0#VAR 727 0 0.505983 0.494017 
 ----> 6.6#11.9#4.0#14.0#VAR 728 1 0.49769 0.50231 
 ----> 6.6#11.9#4.0#14.0#VAR 729 1 0.479105 0.520895 
 ----> 6.6#11.9#4.0#14.0#VAR 730 0 0.525178 0.474822 
 ----> 6.6#11.9#4.0#14.0#VAR 731 1 0.500847 0.499153 
 ----> 6.6#11.9#4.0#14.0#VAR 732 0 0.529987 0.470013 
 ----> 6.6#11.9#4.0#14.0#VAR 733 0 0.534344 0.465656 
 ----> 6.6#11.9#4.0#14.0#VAR 734 0 0.515368 0.484632 
 ----> 6.6#11.9#4.0#14.0#VAR 735 0 0.521335 0.478665 
 ----> 6.6#11.9#4.0#14.0#VAR 736 0 0.546436 0.453564 
 ----> 6.6#11.9#4.0#14.0#VAR 737 1 0.535818 0.464182 
 ----> 6.6#11.9#4.0#14.0#VAR 738 1 0.514441 0.485559 
 ----> 6.6#11.9#4.0#14.0#VAR 739 1 0.536736 0.463264 
 ----> 6.6#11.9#4.0#14.0#VAR 740 1 0.476765 0.523235 
 ----> 6.6#11.9#4.0#14.0#VAR 741 0 0.51327 0.48673 
 ----> 6.6#11.9#4.0#14.0#VAR 742 0 0.567047 0.432953 
 ----> 6.6#11.9#4.0#14.0#VAR 743 1 0.522681 0.477319 
 ----> 6.6#11.9#4.0#14.0#VAR 744 0 0.510809 0.489191 
 ----> 6.6#11.9#4.0#14.0#VAR 745 1 0.543346 0.456654 
 ----> 6.6#11.9#4.0#14.0#VAR 746 0 0.531932 0.468068 
 ----> 6.6#11.9#4.0#14.0#VAR 747 0 0.516839 0.483161 
 ----> 6.6#11.9#4.0#14.0#VAR 748 0 0.502071 0.497929 
 ----> 6.6#11.9#4.0#14.0#VAR 749 0 0.535673 0.464327 
 ----> 6.6#11.9#4.0#14.0#VAR 750 1 0.539875 0.460125 
 ----> 6.6#11.9#4.0#14.0#VAR 751 0 0.521448 0.478552 
 ----> 6.6#11.9#4.0#14.0#VAR 752 0 0.543386 0.456614 
 ----> 6.6#11.9#4.0#14.0#VAR 753 0 0.541749 0.458251 
 ----> 6.6#11.9#4.0#14.0#VAR 754 0 0.526348 0.473652 
 ----> 6.6#11.9#4.0#14.0#VAR 755 0 0.518457 0.481543 
 ----> 6.6#11.9#4.0#14.0#VAR 756 1 0.482993 0.517007 
 ----> 6.6#11.9#4.0#14.0#VAR 757 1 0.49365 0.50635 
 ----> 6.6#11.9#4.0#14.0#VAR 758 1 0.504611 0.495389 
 ----> 6.6#11.9#4.0#14.0#VAR 759 0 0.508389 0.491611 
 ----> 6.6#11.9#4.0#14.0#VAR 760 0 0.50544 0.49456 
 ----> 6.6#11.9#4.0#14.0#VAR 761 1 0.490053 0.509947 
 ----> 6.6#11.9#4.0#14.0#VAR 762 1 0.508173 0.491827 
 ----> 6.6#11.9#4.0#14.0#VAR 763 1 0.480517 0.519483 
 ----> 6.6#11.9#4.0#14.0#VAR 764 0 0.516091 0.483909 
 ----> 6.6#11.9#4.0#14.0#VAR 765 1 0.500557 0.499443 
 ----> 6.6#11.9#4.0#14.0#VAR 766 1 0.544958 0.455042 
 ----> 6.6#11.9#4.0#14.0#VAR 767 1 0.538861 0.461139 
 ----> 6.6#11.9#4.0#14.0#VAR 768 1 0.543423 0.456577 
 ----> 6.6#11.9#4.0#14.0#VAR 769 0 0.53742 0.46258 
 ----> 6.6#11.9#4.0#14.0#VAR 770 0 0.504815 0.495185 
 ----> 6.6#11.9#4.0#14.0#VAR 771 0 0.554452 0.445548 
 ----> 6.6#11.9#4.0#14.0#VAR 772 0 0.539192 0.460808 
 ----> 6.6#11.9#4.0#14.0#VAR 773 1 0.527127 0.472873 
 ----> 6.6#11.9#4.0#14.0#VAR 774 0 0.521114 0.478886 
 ----> 6.6#11.9#4.0#14.0#VAR 775 1 0.506305 0.493695 
 ----> 6.6#11.9#4.0#14.0#VAR 776 0 0.503594 0.496406 
 ----> 6.6#11.9#4.0#14.0#VAR 777 0 0.526099 0.473901 
 ----> 6.6#11.9#4.0#14.0#VAR 778 0 0.526989 0.473011 
 ----> 6.6#11.9#4.0#14.0#VAR 779 1 0.495692 0.504308 
 ----> 6.6#11.9#4.0#14.0#VAR 780 1 0.535831 0.464169 
 ----> 6.6#11.9#4.0#14.0#VAR 781 1 0.492439 0.507561 
 ----> 6.6#11.9#4.0#14.0#VAR 782 1 0.477935 0.522065 
 ----> 6.6#11.9#4.0#14.0#VAR 783 0 0.509412 0.490588 
 ----> 6.6#11.9#4.0#14.0#VAR 784 0 0.507544 0.492456 
 ----> 6.6#11.9#4.0#14.0#VAR 785 1 0.518447 0.481553 
 ----> 6.6#11.9#4.0#14.0#VAR 786 0 0.521946 0.478054 
 ----> 6.6#11.9#4.0#14.0#VAR 787 1 0.499077 0.500923 
 ----> 6.6#11.9#4.0#14.0#VAR 788 0 0.482406 0.517594 
 ----> 6.6#11.9#4.0#14.0#VAR 789 1 0.49057 0.50943 
 ----> 6.6#11.9#4.0#14.0#VAR 790 1 0.488485 0.511515 
 ----> 6.6#11.9#4.0#14.0#VAR 791 1 0.48037 0.51963 
 ----> 6.6#11.9#4.0#14.0#VAR 792 1 0.518506 0.481494 
 ----> 6.6#11.9#4.0#14.0#VAR 793 1 0.494929 0.505071 
 ----> 6.6#11.9#4.0#14.0#VAR 794 1 0.499084 0.500916 
 ----> 6.6#11.9#4.0#14.0#VAR 795 1 0.493529 0.506471 
 ----> 6.6#11.9#4.0#14.0#VAR 796 1 0.497909 0.502091 
 ----> 6.6#11.9#4.0#14.0#VAR 797 0 0.522613 0.477387 
 ----> 6.6#11.9#4.0#14.0#VAR 798 0 0.527797 0.472203 
 ----> 6.6#11.9#4.0#14.0#VAR 799 0 0.528525 0.471475 
 ----> 6.6#11.9#4.0#14.0#VAR 800 1 0.514681 0.485319 
 ----> 6.6#11.9#4.0#14.0#VAR 801 1 0.488252 0.511748 
 ----> 6.6#11.9#4.0#14.0#VAR 802 1 0.487724 0.512276 
 ----> 6.6#11.9#4.0#14.0#VAR 803 1 0.497695 0.502305 
 ----> 6.6#11.9#4.0#14.0#VAR 804 1 0.504391 0.495609 
 ----> 6.6#11.9#4.0#14.0#VAR 805 0 0.495185 0.504815 
 ----> 6.6#11.9#4.0#14.0#VAR 806 1 0.452819 0.547181 
 ----> 6.6#11.9#4.0#14.0#VAR 807 1 0.482957 0.517043 
 ----> 6.6#11.9#4.0#14.0#VAR 808 0 0.513096 0.486904 
 ----> 6.6#11.9#4.0#14.0#VAR 809 0 0.4951 0.5049 
 ----> 6.6#11.9#4.0#14.0#VAR 810 1 0.497773 0.502227 
 ----> 6.6#11.9#4.0#14.0#VAR 811 1 0.477769 0.522231 
 ----> 6.6#11.9#4.0#14.0#VAR 812 0 0.508548 0.491452 
 ----> 6.6#11.9#4.0#14.0#VAR 813 1 0.487849 0.512151 
 ----> 6.6#11.9#4.0#14.0#VAR 814 1 0.479575 0.520425 
 ----> 6.6#11.9#4.0#14.0#VAR 815 1 0.475511 0.524489 
 ----> 6.6#11.9#4.0#14.0#VAR 816 0 0.521983 0.478017 
 ----> 6.6#11.9#4.0#14.0#VAR 817 1 0.493523 0.506477 
 ----> 6.6#11.9#4.0#14.0#VAR 818 1 0.480215 0.519785 
 ----> 6.6#11.9#4.0#14.0#VAR 819 1 0.483591 0.516409 
 ----> 6.6#11.9#4.0#14.0#VAR 820 1 0.456185 0.543815 
 ----> 6.6#11.9#4.0#14.0#VAR 821 0 0.51324 0.48676 
 ----> 6.6#11.9#4.0#14.0#VAR 822 1 0.463771 0.536229 
 ----> 6.6#11.9#4.0#14.0#VAR 823 0 0.521218 0.478782 
 ----> 6.6#11.9#4.0#14.0#VAR 824 0 0.522874 0.477126 
 ----> 6.6#11.9#4.0#14.0#VAR 825 0 0.506942 0.493058 
 ----> 6.6#11.9#4.0#14.0#VAR 826 1 0.494239 0.505761 
 ----> 6.6#11.9#4.0#14.0#VAR 827 0 0.514938 0.485062 
 ----> 6.6#11.9#4.0#14.0#VAR 828 0 0.500453 0.499547 
 ----> 6.6#11.9#4.0#14.0#VAR 829 1 0.470463 0.529537 
 ----> 6.6#11.9#4.0#14.0#VAR 830 1 0.434284 0.565716 
 ----> 6.6#11.9#4.0#14.0#VAR 831 0 0.497283 0.502717 
 ----> 6.6#11.9#4.0#14.0#VAR 832 1 0.495079 0.504921 
 ----> 6.6#11.9#4.0#14.0#VAR 833 1 0.460716 0.539284 
 ----> 6.6#11.9#4.0#14.0#VAR 834 1 0.498691 0.501309 
 ----> 6.6#11.9#4.0#14.0#VAR 835 1 0.478461 0.521539 
 ----> 6.6#11.9#4.0#14.0#VAR 836 1 0.467061 0.532939 
 ----> 6.6#11.9#4.0#14.0#VAR 837 1 0.450309 0.549691 
 ----> 6.6#11.9#4.0#14.0#VAR 838 1 0.460043 0.539957 
 ----> 6.6#11.9#4.0#14.0#VAR 839 0 0.505715 0.494285 
 ----> 6.6#11.9#4.0#14.0#VAR 840 0 0.485707 0.514293 
 ----> 6.6#11.9#4.0#14.0#VAR 841 1 0.456183 0.543817 
 ----> 6.6#11.9#4.0#14.0#VAR 842 0 0.49113 0.50887 
 ----> 6.6#11.9#4.0#14.0#VAR 843 1 0.498618 0.501382 
 ----> 6.6#11.9#4.0#14.0#VAR 844 0 0.508825 0.491175 
 ----> 6.6#11.9#4.0#14.0#VAR 845 1 0.478419 0.521581 
 ----> 6.6#11.9#4.0#14.0#VAR 846 0 0.521948 0.478052 
 ----> 6.6#11.9#4.0#14.0#VAR 847 0 0.484187 0.515813 
 ----> 6.6#11.9#4.0#14.0#VAR 848 0 0.515189 0.484811 
 ----> 6.6#11.9#4.0#14.0#VAR 849 1 0.483643 0.516357 
 ----> 6.6#11.9#4.0#14.0#VAR 850 0 0.522217 0.477783 
 ----> 6.6#11.9#4.0#14.0#VAR 851 0 0.532152 0.467848 
 ----> 6.6#11.9#4.0#14.0#VAR 852 1 0.474728 0.525272 
 ----> 6.6#11.9#4.0#14.0#VAR 853 0 0.527847 0.472153 
 ----> 6.6#11.9#4.0#14.0#VAR 854 1 0.503194 0.496806 
 ----> 6.6#11.9#4.0#14.0#VAR 855 1 0.509189 0.490811 
 ----> 6.6#11.9#4.0#14.0#VAR 856 1 0.481831 0.518169 
 ----> 6.6#11.9#4.0#14.0#VAR 857 1 0.486105 0.513895 
 ----> 6.6#11.9#4.0#14.0#VAR 858 0 0.495683 0.504317 
 ----> 6.6#11.9#4.0#14.0#VAR 859 0 0.512649 0.487351 
 ----> 6.6#11.9#4.0#14.0#VAR 860 1 0.478202 0.521798 
 ----> 6.6#11.9#4.0#14.0#VAR 861 0 0.530012 0.469988 
 ----> 6.6#11.9#4.0#14.0#VAR 862 1 0.520378 0.479622 
 ----> 6.6#11.9#4.0#14.0#VAR 863 1 0.510765 0.489235 
 ----> 6.6#11.9#4.0#14.0#VAR 864 1 0.49366 0.50634 
 ----> 6.6#11.9#4.0#14.0#VAR 865 1 0.538686 0.461314 
 ----> 6.6#11.9#4.0#14.0#VAR 866 1 0.459657 0.540343 
 ----> 6.6#11.9#4.0#14.0#VAR 867 0 0.537926 0.462074 
 ----> 6.6#11.9#4.0#14.0#VAR 868 1 0.488434 0.511566 
 ----> 6.6#11.9#4.0#14.0#VAR 869 0 0.51898 0.48102 
 ----> 6.6#11.9#4.0#14.0#VAR 870 1 0.501687 0.498313 
 ----> 6.6#11.9#4.0#14.0#VAR 871 1 0.50787 0.49213 
 ----> 6.6#11.9#4.0#14.0#VAR 872 1 0.512054 0.487946 
 ----> 6.6#11.9#4.0#14.0#VAR 873 1 0.507858 0.492142 
 ----> 6.6#11.9#4.0#14.0#VAR 874 1 0.481588 0.518412 
 ----> 6.6#11.9#4.0#14.0#VAR 875 1 0.429299 0.570701 
 ----> 6.6#11.9#4.0#14.0#VAR 876 1 0.449708 0.550292 
 ----> 6.6#11.9#4.0#14.0#VAR 877 1 0.442072 0.557928 
 ----> 6.6#11.9#4.0#14.0#VAR 878 1 0.480928 0.519072 
 ----> 6.6#11.9#4.0#14.0#VAR 879 1 0.489673 0.510327 
 ----> 6.6#11.9#4.0#14.0#VAR 880 1 0.473287 0.526713 
 ----> 6.6#11.9#4.0#14.0#VAR 881 1 0.475061 0.524939 
 ----> 6.6#11.9#4.0#14.0#VAR 882 0 0.498625 0.501375 
 ----> 6.6#11.9#4.0#14.0#VAR 883 1 0.442296 0.557704 
 ----> 6.6#11.9#4.0#14.0#VAR 884 1 0.421277 0.578723 
 ----> 6.6#11.9#4.0#14.0#VAR 885 1 0.391052 0.608948 
 ----> 6.6#11.9#4.0#14.0#VAR 886 1 0.401986 0.598014 
 ----> 6.6#11.9#4.0#14.0#VAR 887 1 0.409912 0.590088 
 ----> 6.6#11.9#4.0#14.0#VAR 888 1 0.450617 0.549383 
 ----> 6.6#11.9#4.0#14.0#VAR 889 1 0.395975 0.604025 
 ----> 6.6#11.9#4.0#14.0#VAR 890 1 0.401252 0.598748 
 ----> 6.6#11.9#4.0#14.0#VAR 891 1 0.42947 0.57053 
 ----> 6.6#11.9#4.0#14.0#VAR 892 1 0.439275 0.560725 
 ----> 6.6#11.9#4.0#14.0#VAR 893 1 0.410181 0.589819 
 ----> 6.6#11.9#4.0#14.0#VAR 894 0 0.466375 0.533625 
 ----> 6.6#11.9#4.0#14.0#VAR 895 0 0.486782 0.513218 
 ----> 6.6#11.9#4.0#14.0#VAR 896 0 0.457005 0.542995 
 ----> 6.6#11.9#4.0#14.0#VAR 897 1 0.425809 0.574191 
 ----> 6.6#11.9#4.0#14.0#VAR 898 1 0.454859 0.545141 
 ----> 6.6#11.9#4.0#14.0#VAR 899 1 0.433269 0.566731 
 ----> 6.6#11.9#4.0#14.0#VAR 900 0 0.467026 0.532974 
 ----> 6.6#11.9#4.0#14.0#VAR 901 1 0.451169 0.548831 
 ----> 6.6#11.9#4.0#14.0#VAR 902 1 0.46825 0.53175 
 ----> 6.6#11.9#4.0#14.0#VAR 903 1 0.395877 0.604123 
 ----> 6.6#11.9#4.0#14.0#VAR 904 1 0.463721 0.536279 
 ----> 6.6#11.9#4.0#14.0#VAR 905 1 0.435935 0.564065 
 ----> 6.6#11.9#4.0#14.0#VAR 906 1 0.413004 0.586996 
 ----> 6.6#11.9#4.0#14.0#VAR 907 1 0.447959 0.552041 
 ----> 6.6#11.9#4.0#14.0#VAR 908 0 0.486667 0.513333 
 ----> 6.6#11.9#4.0#14.0#VAR 909 1 0.450342 0.549658 
 ----> 6.6#11.9#4.0#14.0#VAR 910 1 0.402388 0.597612 
 ----> 6.6#11.9#4.0#14.0#VAR 911 1 0.455731 0.544269 
 ----> 6.6#11.9#4.0#14.0#VAR 912 1 0.459617 0.540383 
 ----> 6.6#11.9#4.0#14.0#VAR 913 1 0.433902 0.566098 
 ----> 6.6#11.9#4.0#14.0#VAR 914 1 0.459434 0.540566 
 ----> 6.6#11.9#4.0#14.0#VAR 915 0 0.46531 0.53469 
 ----> 6.6#11.9#4.0#14.0#VAR 916 1 0.398646 0.601354 
 ----> 6.6#11.9#4.0#14.0#VAR 917 1 0.418066 0.581934 
 ----> 6.6#11.9#4.0#14.0#VAR 918 1 0.450198 0.549802 
 ----> 6.6#11.9#4.0#14.0#VAR 919 1 0.455149 0.544851 
 ----> 6.6#11.9#4.0#14.0#VAR 920 1 0.423479 0.576521 
 ----> 6.6#11.9#4.0#14.0#VAR 921 1 0.410608 0.589392 
 ----> 6.6#11.9#4.0#14.0#VAR 922 0 0.457368 0.542632 
 ----> 6.6#11.9#4.0#14.0#VAR 923 1 0.418547 0.581453 
 ----> 6.6#11.9#4.0#14.0#VAR 924 0 0.476555 0.523445 
 ----> 6.6#11.9#4.0#14.0#VAR 925 1 0.433713 0.566287 
 ----> 6.6#11.9#4.0#14.0#VAR 926 1 0.398667 0.601333 
 ----> 6.6#11.9#4.0#14.0#VAR 927 1 0.422356 0.577644 
 ----> 6.6#11.9#4.0#14.0#VAR 928 1 0.434491 0.565509 
 ----> 6.6#11.9#4.0#14.0#VAR 929 0 0.488443 0.511557 
 ----> 6.6#11.9#4.0#14.0#VAR 930 1 0.430697 0.569303 
 ----> 6.6#11.9#4.0#14.0#VAR 931 1 0.419445 0.580555 
 ----> 6.6#11.9#4.0#14.0#VAR 932 0 0.460346 0.539654 
 ----> 6.6#11.9#4.0#14.0#VAR 933 0 0.446796 0.553204 
 ----> 6.6#11.9#4.0#14.0#VAR 934 1 0.436854 0.563146 
 ----> 6.6#11.9#4.0#14.0#VAR 935 1 0.418635 0.581365 
 ----> 6.6#11.9#4.0#14.0#VAR 936 0 0.447234 0.552766 
 ----> 6.6#11.9#4.0#14.0#VAR 937 0 0.478085 0.521915 
 ----> 6.6#11.9#4.0#14.0#VAR 938 1 0.444111 0.555889 
 ----> 6.6#11.9#4.0#14.0#VAR 939 1 0.437822 0.562178 
 ----> 6.6#11.9#4.0#14.0#VAR 940 1 0.470032 0.529968 
 ----> 6.6#11.9#4.0#14.0#VAR 941 1 0.40772 0.59228 
 ----> 6.6#11.9#4.0#14.0#VAR 942 1 0.476691 0.523309 
 ----> 6.6#11.9#4.0#14.0#VAR 943 1 0.433428 0.566572 
 ----> 6.6#11.9#4.0#14.0#VAR 944 0 0.477936 0.522064 
 ----> 6.6#11.9#4.0#14.0#VAR 945 1 0.434115 0.565885 
 ----> 6.6#11.9#4.0#14.0#VAR 946 1 0.40758 0.59242 
 ----> 6.6#11.9#4.0#14.0#VAR 947 1 0.428547 0.571453 
 ----> 6.6#11.9#4.0#14.0#VAR 948 0 0.436427 0.563573 
 ----> 6.6#11.9#4.0#14.0#VAR 949 1 0.425049 0.574951 
 ----> 6.6#11.9#4.0#14.0#VAR 950 1 0.414289 0.585711 
 ----> 6.6#11.9#4.0#14.0#VAR 951 1 0.447445 0.552555 
 ----> 6.6#11.9#4.0#14.0#VAR 952 0 0.451457 0.548543 
 ----> 6.6#11.9#4.0#14.0#VAR 953 1 0.364425 0.635575 
 ----> 6.6#11.9#4.0#14.0#VAR 954 1 0.410841 0.589159 
 ----> 6.6#11.9#4.0#14.0#VAR 955 0 0.426538 0.573462 
 ----> 6.6#11.9#4.0#14.0#VAR 956 0 0.440536 0.559464 
 ----> 6.6#11.9#4.0#14.0#VAR 957 0 0.444502 0.555498 
 ----> 6.6#11.9#4.0#14.0#VAR 958 0 0.461811 0.538189 
 ----> 6.6#11.9#4.0#14.0#VAR 959 1 0.403665 0.596335 
 ----> 6.6#11.9#4.0#14.0#VAR 960 0 0.446157 0.553843 
 ----> 6.6#11.9#4.0#14.0#VAR 961 0 0.436354 0.563646 
 ----> 6.6#11.9#4.0#14.0#VAR 962 0 0.459822 0.540178 
 ----> 6.6#11.9#4.0#14.0#VAR 963 0 0.459666 0.540334 
 ----> 6.6#11.9#4.0#14.0#VAR 964 1 0.452033 0.547967 
 ----> 6.6#11.9#4.0#14.0#VAR 965 0 0.449908 0.550092 
 ----> 6.6#11.9#4.0#14.0#VAR 966 1 0.434433 0.565567 
 ----> 6.6#11.9#4.0#14.0#VAR 967 1 0.46484 0.53516 
 ----> 6.6#11.9#4.0#14.0#VAR 968 1 0.441092 0.558908 
 ----> 6.6#11.9#4.0#14.0#VAR 969 1 0.400936 0.599064 
 ----> 6.6#11.9#4.0#14.0#VAR 970 0 0.478163 0.521837 
 ----> 6.6#11.9#4.0#14.0#VAR 971 1 0.406985 0.593015 
 ----> 6.6#11.9#4.0#14.0#VAR 972 0 0.453129 0.546871 
 ----> 6.6#11.9#4.0#14.0#VAR 973 0 0.459074 0.540926 
 ----> 6.6#11.9#4.0#14.0#VAR 974 1 0.472727 0.527273 
 ----> 6.6#11.9#4.0#14.0#VAR 975 1 0.448188 0.551812 
 ----> 6.6#11.9#4.0#14.0#VAR 976 1 0.402511 0.597489 
 ----> 6.6#11.9#4.0#14.0#VAR 977 1 0.469931 0.530069 
 ----> 6.6#11.9#4.0#14.0#VAR 978 0 0.486017 0.513983 
 ----> 6.6#11.9#4.0#14.0#VAR 979 0 0.460889 0.539111 
 ----> 6.6#11.9#4.0#14.0#VAR 980 1 0.409679 0.590321 
 ----> 6.6#11.9#4.0#14.0#VAR 981 1 0.450153 0.549847 
 ----> 6.6#11.9#4.0#14.0#VAR 982 0 0.498384 0.501616 
 ----> 6.6#11.9#4.0#14.0#VAR 983 1 0.43796 0.56204 
 ----> 6.6#11.9#4.0#14.0#VAR 984 1 0.407805 0.592195 
 ----> 6.6#11.9#4.0#14.0#VAR 985 0 0.502518 0.497482 
 ----> 6.6#11.9#4.0#14.0#VAR 986 1 0.439818 0.560182 
 ----> 6.6#11.9#4.0#14.0#VAR 987 1 0.47051 0.52949 
 ----> 6.6#11.9#4.0#14.0#VAR 988 1 0.433645 0.566355 
 ----> 6.6#11.9#4.0#14.0#VAR 989 0 0.447658 0.552342 
 ----> 6.6#11.9#4.0#14.0#VAR 990 0 0.499481 0.500519 
 ----> 6.6#11.9#4.0#14.0#VAR 991 1 0.446263 0.553737 
 ----> 6.6#11.9#4.0#14.0#VAR 992 1 0.45842 0.54158 
 ----> 6.6#11.9#4.0#14.0#VAR 993 1 0.470454 0.529546 
 ----> 6.6#11.9#4.0#14.0#VAR 994 0 0.455994 0.544006 
 ----> 6.6#11.9#4.0#14.0#VAR 995 1 0.429868 0.570132 
 ----> 6.6#11.9#4.0#14.0#VAR 996 0 0.462459 0.537541 
 ----> 6.6#11.9#4.0#14.0#VAR 997 1 0.411599 0.588401 
 ----> 6.6#11.9#4.0#14.0#VAR 998 0 0.452441 0.547559 
 ----> 6.6#11.9#4.0#14.0#VAR 999 1 0.384497 0.615503 
 ----> 6.6#11.9#4.0#14.0#VAR 1000 1 0.434357 0.565643 
 ----> 6.6#11.9#4.0#14.0#VAR 1001 1 0.461101 0.538899 
 ----> 6.6#11.9#4.0#14.0#VAR 1002 0 0.475347 0.524653 
 ----> 6.6#11.9#4.0#14.0#VAR 1003 1 0.470941 0.529059 
 ----> 6.6#11.9#4.0#14.0#VAR 1004 1 0.460727 0.539273 
 ----> 6.6#11.9#4.0#14.0#VAR 1005 0 0.473986 0.526014 
 ----> 6.6#11.9#4.0#14.0#VAR 1006 1 0.427651 0.572349 
 ----> 6.6#11.9#4.0#14.0#VAR 1007 1 0.465221 0.534779 
 ----> 6.6#11.9#4.0#14.0#VAR 1008 0 0.450471 0.549529 
 ----> 6.6#11.9#4.0#14.0#VAR 1009 0 0.457015 0.542985 
 ----> 6.6#11.9#4.0#14.0#VAR 1010 1 0.450453 0.549547 
 ----> 6.6#11.9#4.0#14.0#VAR 1011 1 0.452558 0.547442 
 ----> 6.6#11.9#4.0#14.0#VAR 1012 1 0.434633 0.565367 
 ----> 6.6#11.9#4.0#14.0#VAR 1013 1 0.439536 0.560464 
 ----> 6.6#11.9#4.0#14.0#VAR 1014 0 0.522343 0.477657 
 ----> 6.6#11.9#4.0#14.0#VAR 1015 1 0.478573 0.521427 
 ----> 6.6#11.9#4.0#14.0#VAR 1016 0 0.445411 0.554589 
 ----> 6.6#11.9#4.0#14.0#VAR 1017 1 0.480882 0.519118 
 ----> 6.6#11.9#4.0#14.0#VAR 1018 1 0.44382 0.55618 
 ----> 6.6#11.9#4.0#14.0#VAR 1019 1 0.454993 0.545007 
 ----> 6.6#11.9#4.0#14.0#VAR 1020 0 0.471985 0.528015 
 ----> 6.6#11.9#4.0#14.0#VAR 1021 1 0.460547 0.539453 
 ----> 6.6#11.9#4.0#14.0#VAR 1022 1 0.429757 0.570243 
 ----> 6.6#11.9#4.0#14.0#VAR 1023 1 0.445344 0.554656 
 ----> 6.6#11.9#4.0#14.0#VAR 1024 0 0.454003 0.545997 
 ----> 6.6#11.9#4.0#14.0#VAR 1025 1 0.456779 0.543221 
 ----> 6.6#11.9#4.0#14.0#VAR 1026 1 0.459318 0.540682 
 ----> 6.6#11.9#4.0#14.0#VAR 1027 0 0.47736 0.52264 
 ----> 6.6#11.9#4.0#14.0#VAR 1028 0 0.509678 0.490322 
 ----> 6.6#11.9#4.0#14.0#VAR 1029 0 0.465117 0.534883 
 ----> 6.6#11.9#4.0#14.0#VAR 1030 1 0.431697 0.568303 
 ----> 6.6#11.9#4.0#14.0#VAR 1031 1 0.418525 0.581475 
 ----> 6.6#11.9#4.0#14.0#VAR 1032 0 0.434928 0.565072 
 ----> 6.6#11.9#4.0#14.0#VAR 1033 1 0.443994 0.556006 
 ----> 6.6#11.9#4.0#14.0#VAR 1034 1 0.423232 0.576768 
 ----> 6.6#11.9#4.0#14.0#VAR 1035 1 0.441333 0.558667 
 ----> 6.6#11.9#4.0#14.0#VAR 1036 1 0.466485 0.533515 
 ----> 6.6#11.9#4.0#14.0#VAR 1037 1 0.441497 0.558503 
 ----> 6.6#11.9#4.0#14.0#VAR 1038 1 0.472453 0.527547 
 ----> 6.6#11.9#4.0#14.0#VAR 1039 1 0.432196 0.567804 
 ----> 6.6#11.9#4.0#14.0#VAR 1040 0 0.469475 0.530525 
 ----> 6.6#11.9#4.0#14.0#VAR 1041 1 0.414138 0.585862 
 ----> 6.6#11.9#4.0#14.0#VAR 1042 1 0.44881 0.55119 
 ----> 6.6#11.9#4.0#14.0#VAR 1043 1 0.449877 0.550123 
 ----> 6.6#11.9#4.0#14.0#VAR 1044 1 0.448995 0.551005 
 ----> 6.6#11.9#4.0#14.0#VAR 1045 1 0.420992 0.579008 
 ----> 6.6#11.9#4.0#14.0#VAR 1046 0 0.44999 0.55001 
 ----> 6.6#11.9#4.0#14.0#VAR 1047 1 0.415201 0.584799 
 ----> 6.6#11.9#4.0#14.0#VAR 1048 1 0.465343 0.534657 
 ----> 6.6#11.9#4.0#14.0#VAR 1049 0 0.470709 0.529291 
 ----> 6.6#11.9#4.0#14.0#VAR 1050 0 0.445938 0.554062 
 ----> 6.6#11.9#4.0#14.0#VAR 1051 1 0.44169 0.55831 
 ----> 6.6#11.9#4.0#14.0#VAR 1052 0 0.476535 0.523465 
 ----> 6.6#11.9#4.0#14.0#VAR 1053 1 0.420985 0.579015 
 ----> 6.6#11.9#4.0#14.0#VAR 1054 0 0.488813 0.511187 
 ----> 6.6#11.9#4.0#14.0#VAR 1055 0 0.46651 0.53349 
 ----> 6.6#11.9#4.0#14.0#VAR 1056 0 0.434727 0.565273 
 ----> 6.6#11.9#4.0#14.0#VAR 1057 1 0.470342 0.529658 
 ----> 6.6#11.9#4.0#14.0#VAR 1058 0 0.452324 0.547676 
 ----> 6.6#11.9#4.0#14.0#VAR 1059 1 0.439452 0.560548 
 ----> 6.6#11.9#4.0#14.0#VAR 1060 1 0.43693 0.56307 
 ----> 6.6#11.9#4.0#14.0#VAR 1061 0 0.475271 0.524729 
 ----> 6.6#11.9#4.0#14.0#VAR 1062 1 0.456879 0.543121 
 ----> 6.6#11.9#4.0#14.0#VAR 1063 1 0.406387 0.593613 
 ----> 6.6#11.9#4.0#14.0#VAR 1064 0 0.454647 0.545353 
 ----> 6.6#11.9#4.0#14.0#VAR 1065 1 0.466625 0.533375 
 ----> 6.6#11.9#4.0#14.0#VAR 1066 1 0.439331 0.560669 
 ----> 6.6#11.9#4.0#14.0#VAR 1067 1 0.444288 0.555712 
 ----> 6.6#11.9#4.0#14.0#VAR 1068 0 0.453336 0.546664 
 ----> 6.6#11.9#4.0#14.0#VAR 1069 1 0.470122 0.529878 
 ----> 6.6#11.9#4.0#14.0#VAR 1070 1 0.457434 0.542566 
 ----> 6.6#11.9#4.0#14.0#VAR 1071 0 0.489598 0.510402 
 ----> 6.6#11.9#4.0#14.0#VAR 1072 0 0.463807 0.536193 
 ----> 6.6#11.9#4.0#14.0#VAR 1073 0 0.475848 0.524152 
 ----> 6.6#11.9#4.0#14.0#VAR 1074 0 0.449357 0.550643 
 ----> 6.6#11.9#4.0#14.0#VAR 1075 0 0.489307 0.510693 
 ----> 6.6#11.9#4.0#14.0#VAR 1076 1 0.456809 0.543191 
 ----> 6.6#11.9#4.0#14.0#VAR 1077 1 0.467318 0.532682 
 ----> 6.6#11.9#4.0#14.0#VAR 1078 0 0.494344 0.505656 
 ----> 6.6#11.9#4.0#14.0#VAR 1079 1 0.457042 0.542958 
 ----> 6.6#11.9#4.0#14.0#VAR 1080 0 0.429899 0.570101 
 ----> 6.6#11.9#4.0#14.0#VAR 1081 0 0.498382 0.501618 
 ----> 6.6#11.9#4.0#14.0#VAR 1082 1 0.423261 0.576739 
 ----> 6.6#11.9#4.0#14.0#VAR 1083 0 0.463483 0.536517 
 ----> 6.6#11.9#4.0#14.0#VAR 1084 1 0.469881 0.530119 
 ----> 6.6#11.9#4.0#14.0#VAR 1085 1 0.437617 0.562383 
 ----> 6.6#11.9#4.0#14.0#VAR 1086 0 0.473938 0.526062 
 ----> 6.6#11.9#4.0#14.0#VAR 1087 1 0.456104 0.543896 
 ----> 6.6#11.9#4.0#14.0#VAR 1088 0 0.470965 0.529035 
 ----> 6.6#11.9#4.0#14.0#VAR 1089 1 0.464146 0.535854 
 ----> 6.6#11.9#4.0#14.0#VAR 1090 0 0.463541 0.536459 
 ----> 6.6#11.9#4.0#14.0#VAR 1091 1 0.446317 0.553683 
 ----> 6.6#11.9#4.0#14.0#VAR 1092 1 0.459532 0.540468 
 ----> 6.6#11.9#4.0#14.0#VAR 1093 0 0.43358 0.56642 
 ----> 6.6#11.9#4.0#14.0#VAR 1094 1 0.4432 0.5568 
 ----> 6.6#11.9#4.0#14.0#VAR 1095 1 0.436619 0.563381 
 ----> 6.6#11.9#4.0#14.0#VAR 1096 1 0.4489 0.5511 
 ----> 6.6#11.9#4.0#14.0#VAR 1097 1 0.424418 0.575582 
 ----> 6.6#11.9#4.0#14.0#VAR 1098 1 0.469688 0.530312 
 ----> 6.6#11.9#4.0#14.0#VAR 1099 0 0.472812 0.527188 
 ----> 6.6#11.9#4.0#14.0#VAR 1100 0 0.47418 0.52582 
 ----> 6.6#11.9#4.0#14.0#VAR 1101 0 0.516807 0.483193 
 ----> 6.6#11.9#4.0#14.0#VAR 1102 0 0.452305 0.547695 
 ----> 6.6#11.9#4.0#14.0#VAR 1103 1 0.459865 0.540135 
 ----> 6.6#11.9#4.0#14.0#VAR 1104 0 0.477254 0.522746 
 ----> 6.6#11.9#4.0#14.0#VAR 1105 0 0.491392 0.508608 
 ----> 6.6#11.9#4.0#14.0#VAR 1106 1 0.447347 0.552653 
 ----> 6.6#11.9#4.0#14.0#VAR 1107 1 0.435398 0.564602 
 ----> 6.6#11.9#4.0#14.0#VAR 1108 0 0.456068 0.543932 
 ----> 6.6#11.9#4.0#14.0#VAR 1109 1 0.428072 0.571928 
 ----> 6.6#11.9#4.0#14.0#VAR 1110 1 0.478487 0.521513 
 ----> 6.6#11.9#4.0#14.0#VAR 1111 0 0.489119 0.510881 
 ----> 6.6#11.9#4.0#14.0#VAR 1112 1 0.441513 0.558487 
 ----> 6.6#11.9#4.0#14.0#VAR 1113 1 0.476759 0.523241 
 ----> 6.6#11.9#4.0#14.0#VAR 1114 1 0.434759 0.565241 
 ----> 6.6#11.9#4.0#14.0#VAR 1115 0 0.495566 0.504434 
 ----> 6.6#11.9#4.0#14.0#VAR 1116 1 0.437045 0.562955 
 ----> 6.6#11.9#4.0#14.0#VAR 1117 0 0.490487 0.509513 
 ----> 6.6#11.9#4.0#14.0#VAR 1118 0 0.492845 0.507155 
 ----> 6.6#11.9#4.0#14.0#VAR 1119 1 0.472869 0.527131 
 ----> 6.6#11.9#4.0#14.0#VAR 1120 1 0.460985 0.539015 
 ----> 6.6#11.9#4.0#14.0#VAR 1121 1 0.494212 0.505788 
 ----> 6.6#11.9#4.0#14.0#VAR 1122 0 0.491613 0.508387 
 ----> 6.6#11.9#4.0#14.0#VAR 1123 1 0.449291 0.550709 
 ----> 6.6#11.9#4.0#14.0#VAR 1124 1 0.46554 0.53446 
 ----> 6.6#11.9#4.0#14.0#VAR 1125 0 0.447675 0.552325 
 ----> 6.6#11.9#4.0#14.0#VAR 1126 1 0.442054 0.557946 
 ----> 6.6#11.9#4.0#14.0#VAR 1127 0 0.490983 0.509017 
 ----> 6.6#11.9#4.0#14.0#VAR 1128 1 0.464353 0.535647 
 ----> 6.6#11.9#4.0#14.0#VAR 1129 1 0.435088 0.564912 
 ----> 6.6#11.9#4.0#14.0#VAR 1130 0 0.45577 0.54423 
 ----> 6.6#11.9#4.0#14.0#VAR 1131 0 0.500376 0.499624 
 ----> 6.6#11.9#4.0#14.0#VAR 1132 0 0.485018 0.514982 
 ----> 6.6#11.9#4.0#14.0#VAR 1133 0 0.504497 0.495503 
 ----> 6.6#11.9#4.0#14.0#VAR 1134 1 0.439836 0.560164 
 ----> 6.6#11.9#4.0#14.0#VAR 1135 1 0.465844 0.534156 
 ----> 6.6#11.9#4.0#14.0#VAR 1136 1 0.442902 0.557098 
 ----> 6.6#11.9#4.0#14.0#VAR 1137 1 0.489987 0.510013 
 ----> 6.6#11.9#4.0#14.0#VAR 1138 1 0.478575 0.521425 
 ----> 6.6#11.9#4.0#14.0#VAR 1139 1 0.425637 0.574363 
 ----> 6.6#11.9#4.0#14.0#VAR 1140 1 0.435093 0.564907 
 ----> 6.6#11.9#4.0#14.0#VAR 1141 1 0.48746 0.51254 
 ----> 6.6#11.9#4.0#14.0#VAR 1142 1 0.495464 0.504536 
 ----> 6.6#11.9#4.0#14.0#VAR 1143 0 0.453504 0.546496 
 ----> 6.6#11.9#4.0#14.0#VAR 1144 1 0.460542 0.539458 
 ----> 6.6#11.9#4.0#14.0#VAR 1145 1 0.44609 0.55391 
 ----> 6.6#11.9#4.0#14.0#VAR 1146 1 0.468388 0.531612 
 ----> 6.6#11.9#4.0#14.0#VAR 1147 0 0.502015 0.497985 
 ----> 6.6#11.9#4.0#14.0#VAR 1148 0 0.436681 0.563319 
 ----> 6.6#11.9#4.0#14.0#VAR 1149 1 0.440941 0.559059 
 ----> 6.6#11.9#4.0#14.0#VAR 1150 0 0.465189 0.534811 
 ----> 6.6#11.9#4.0#14.0#VAR 1151 1 0.40981 0.59019 
 ----> 6.6#11.9#4.0#14.0#VAR 1152 0 0.477677 0.522323 
 ----> 6.6#11.9#4.0#14.0#VAR 1153 1 0.474706 0.525294 
 ----> 6.6#11.9#4.0#14.0#VAR 1154 1 0.404884 0.595116 
 ----> 6.6#11.9#4.0#14.0#VAR 1155 1 0.427016 0.572984 
 ----> 6.6#11.9#4.0#14.0#VAR 1156 0 0.522349 0.477651 
 ----> 6.6#11.9#4.0#14.0#VAR 1157 1 0.456707 0.543293 
 ----> 6.6#11.9#4.0#14.0#VAR 1158 1 0.440804 0.559196 
 ----> 6.6#11.9#4.0#14.0#VAR 1159 1 0.460574 0.539426 
 ----> 6.6#11.9#4.0#14.0#VAR 1160 0 0.441556 0.558444 
 ----> 6.6#11.9#4.0#14.0#VAR 1161 0 0.484075 0.515925 
 ----> 6.6#11.9#4.0#14.0#VAR 1162 1 0.45188 0.54812 
 ----> 6.6#11.9#4.0#14.0#VAR 1163 1 0.478748 0.521252 
 ----> 6.6#11.9#4.0#14.0#VAR 1164 1 0.471644 0.528356 
 ----> 6.6#11.9#4.0#14.0#VAR 1165 1 0.493682 0.506318 
 ----> 6.6#11.9#4.0#14.0#VAR 1166 1 0.451944 0.548056 
 ----> 6.6#11.9#4.0#14.0#VAR 1167 0 0.467207 0.532793 
 ----> 6.6#11.9#4.0#14.0#VAR 1168 0 0.478991 0.521009 
 ----> 6.6#11.9#4.0#14.0#VAR 1169 1 0.430125 0.569875 
 ----> 6.6#11.9#4.0#14.0#VAR 1170 1 0.442316 0.557684 
 ----> 6.6#11.9#4.0#14.0#VAR 1171 0 0.488934 0.511066 
 ----> 6.6#11.9#4.0#14.0#VAR 1172 0 0.480848 0.519152 
 ----> 6.6#11.9#4.0#14.0#VAR 1173 0 0.444075 0.555925 
 ----> 6.6#11.9#4.0#14.0#VAR 1174 0 0.463322 0.536678 
 ----> 6.6#11.9#4.0#14.0#VAR 1175 0 0.471909 0.528091 
 ----> 6.6#11.9#4.0#14.0#VAR 1176 1 0.44879 0.55121 
 ----> 6.6#11.9#4.0#14.0#VAR 1177 1 0.442606 0.557394 
 ----> 6.6#11.9#4.0#14.0#VAR 1178 0 0.46988 0.53012 
 ----> 6.6#11.9#4.0#14.0#VAR 1179 0 0.457372 0.542628 
 ----> 6.6#11.9#4.0#14.0#VAR 1180 1 0.443943 0.556057 
 ----> 6.6#11.9#4.0#14.0#VAR 1181 0 0.462322 0.537678 
 ----> 6.6#11.9#4.0#14.0#VAR 1182 1 0.469954 0.530046 
 ----> 6.6#11.9#4.0#14.0#VAR 1183 1 0.458392 0.541608 
 ----> 6.6#11.9#4.0#14.0#VAR 1184 1 0.438379 0.561621 
 ----> 6.6#11.9#4.0#14.0#VAR 1185 1 0.458786 0.541214 
 ----> 6.6#11.9#4.0#14.0#VAR 1186 1 0.431844 0.568156 
 ----> 6.6#11.9#4.0#14.0#VAR 1187 1 0.425238 0.574762 
 ----> 6.6#11.9#4.0#14.0#VAR 1188 1 0.398395 0.601605 
 ----> 6.6#11.9#4.0#14.0#VAR 1189 1 0.427154 0.572846 
 ----> 6.6#11.9#4.0#14.0#VAR 1190 0 0.476869 0.523131 
 ----> 6.6#11.9#4.0#14.0#VAR 1191 1 0.459062 0.540938 
 ----> 6.6#11.9#4.0#14.0#VAR 1192 1 0.44741 0.55259 
 ----> 6.6#11.9#4.0#14.0#VAR 1193 0 0.432324 0.567676 
 ----> 6.6#11.9#4.0#14.0#VAR 1194 1 0.462132 0.537868 
 ----> 6.6#11.9#4.0#14.0#VAR 1195 1 0.455046 0.544954 
 ----> 6.6#11.9#4.0#14.0#VAR 1196 1 0.44427 0.55573 
 ----> 6.6#11.9#4.0#14.0#VAR 1197 1 0.390724 0.609276 
 ----> 6.6#11.9#4.0#14.0#VAR 1198 0 0.478736 0.521264 
 ----> 6.6#11.9#4.0#14.0#VAR 1199 0 0.467241 0.532759 
 ----> 6.6#11.9#4.0#14.0#VAR 1200 0 0.464261 0.535739 
 ----> 6.6#11.9#4.0#14.0#VAR 1201 0 0.46736 0.53264 
 ----> 6.6#11.9#4.0#14.0#VAR 1202 0 0.490334 0.509666 
 ----> 6.6#11.9#4.0#14.0#VAR 1203 1 0.453685 0.546315 
 ----> 6.6#11.9#4.0#14.0#VAR 1204 0 0.478326 0.521674 
 ----> 6.6#11.9#4.0#14.0#VAR 1205 0 0.504483 0.495517 
 ----> 6.6#11.9#4.0#14.0#VAR 1206 1 0.424865 0.575135 
 ----> 6.6#11.9#4.0#14.0#VAR 1207 1 0.425541 0.574459 
 ----> 6.6#11.9#4.0#14.0#VAR 1208 1 0.450987 0.549013 
 ----> 6.6#11.9#4.0#14.0#VAR 1209 0 0.477459 0.522541 
 ----> 6.6#11.9#4.0#14.0#VAR 1210 0 0.47704 0.52296 
 ----> 6.6#11.9#4.0#14.0#VAR 1211 1 0.440808 0.559192 
 ----> 6.6#11.9#4.0#14.0#VAR 1212 1 0.457604 0.542396 
 ----> 6.6#11.9#4.0#14.0#VAR 1213 1 0.441519 0.558481 
 ----> 6.6#11.9#4.0#14.0#VAR 1214 0 0.445269 0.554731 
 ----> 6.6#11.9#4.0#14.0#VAR 1215 1 0.490697 0.509303 
 ----> 6.6#11.9#4.0#14.0#VAR 1216 1 0.40952 0.59048 
 ----> 6.6#11.9#4.0#14.0#VAR 1217 0 0.469406 0.530594 
 ----> 6.6#11.9#4.0#14.0#VAR 1218 0 0.476013 0.523987 
 ----> 6.6#11.9#4.0#14.0#VAR 1219 1 0.431136 0.568864 
 ----> 6.6#11.9#4.0#14.0#VAR 1220 0 0.509418 0.490582 
 ----> 6.6#11.9#4.0#14.0#VAR 1221 0 0.520476 0.479524 
 ----> 6.6#11.9#4.0#14.0#VAR 1222 1 0.474157 0.525843 
 ----> 6.6#11.9#4.0#14.0#VAR 1223 0 0.498905 0.501095 
 ----> 6.6#11.9#4.0#14.0#VAR 1224 1 0.453923 0.546077 
 ----> 6.6#11.9#4.0#14.0#VAR 1225 1 0.482315 0.517685 
 ----> 6.6#11.9#4.0#14.0#VAR 1226 0 0.505438 0.494562 
 ----> 6.6#11.9#4.0#14.0#VAR 1227 0 0.461859 0.538141 
 ----> 6.6#11.9#4.0#14.0#VAR 1228 0 0.480577 0.519423 
 ----> 6.6#11.9#4.0#14.0#VAR 1229 1 0.48014 0.51986 
 ----> 6.6#11.9#4.0#14.0#VAR 1230 1 0.441347 0.558653 
 ----> 6.6#11.9#4.0#14.0#VAR 1231 1 0.443459 0.556541 
 ----> 6.6#11.9#4.0#14.0#VAR 1232 1 0.453547 0.546453 
 ----> 6.6#11.9#4.0#14.0#VAR 1233 0 0.44811 0.55189 
 ----> 6.6#11.9#4.0#14.0#VAR 1234 0 0.469277 0.530723 
 ----> 6.6#11.9#4.0#14.0#VAR 1235 1 0.462769 0.537231 
 ----> 6.6#11.9#4.0#14.0#VAR 1236 1 0.473372 0.526628 
 ----> 6.6#11.9#4.0#14.0#VAR 1237 0 0.467309 0.532691 
 ----> 6.6#11.9#4.0#14.0#VAR 1238 1 0.464134 0.535866 
 ----> 6.6#11.9#4.0#14.0#VAR 1239 0 0.482194 0.517806 
 ----> 6.6#11.9#4.0#14.0#VAR 1240 1 0.422476 0.577524 
 ----> 6.6#11.9#4.0#14.0#VAR 1241 0 0.446712 0.553288 
 ----> 6.6#11.9#4.0#14.0#VAR 1242 0 0.489007 0.510993 
 ----> 6.6#11.9#4.0#14.0#VAR 1243 0 0.488242 0.511758 
 ----> 6.6#11.9#4.0#14.0#VAR 1244 0 0.470905 0.529095 
 ----> 6.6#11.9#4.0#14.0#VAR 1245 1 0.450909 0.549091 
 ----> 6.6#11.9#4.0#14.0#VAR 1246 1 0.475782 0.524218 
 ----> 6.6#11.9#4.0#14.0#VAR 1247 1 0.426106 0.573894 
 ----> 6.6#11.9#4.0#14.0#VAR 1248 1 0.423761 0.576239 
 ----> 6.6#11.9#4.0#14.0#VAR 1249 1 0.442878 0.557122 
 ----> 6.6#11.9#4.0#14.0#VAR 1250 1 0.448622 0.551378 
 ----> 6.6#11.9#4.0#14.0#VAR 1251 1 0.427274 0.572726 
 ----> 6.6#11.9#4.0#14.0#VAR 1252 0 0.459988 0.540012 
 ----> 6.6#11.9#4.0#14.0#VAR 1253 1 0.467523 0.532477 
 ----> 6.6#11.9#4.0#14.0#VAR 1254 0 0.523511 0.476489 
 ----> 6.6#11.9#4.0#14.0#VAR 1255 1 0.463072 0.536928 
 ----> 6.6#11.9#4.0#14.0#VAR 1256 1 0.444328 0.555672 
 ----> 6.6#11.9#4.0#14.0#VAR 1257 1 0.458726 0.541274 
 ----> 6.6#11.9#4.0#14.0#VAR 1258 0 0.476059 0.523941 
 ----> 6.6#11.9#4.0#14.0#VAR 1259 0 0.500762 0.499238 
 ----> 6.6#11.9#4.0#14.0#VAR 1260 0 0.428576 0.571424 
 ----> 6.6#11.9#4.0#14.0#VAR 1261 0 0.446641 0.553359 
 ----> 6.6#11.9#4.0#14.0#VAR 1262 1 0.469828 0.530172 
 ----> 6.6#11.9#4.0#14.0#VAR 1263 0 0.479654 0.520346 
 ----> 6.6#11.9#4.0#14.0#VAR 1264 0 0.510955 0.489045 
 ----> 6.6#11.9#4.0#14.0#VAR 1265 1 0.456501 0.543499 
 ----> 6.6#11.9#4.0#14.0#VAR 1266 0 0.501066 0.498934 
 ----> 6.6#11.9#4.0#14.0#VAR 1267 0 0.511024 0.488976 
 ----> 6.6#11.9#4.0#14.0#VAR 1268 0 0.544552 0.455448 
 ----> 6.6#11.9#4.0#14.0#VAR 1269 1 0.473887 0.526113 
 ----> 6.6#11.9#4.0#14.0#VAR 1270 1 0.468969 0.531031 
 ----> 6.6#11.9#4.0#14.0#VAR 1271 0 0.50533 0.49467 
 ----> 6.6#11.9#4.0#14.0#VAR 1272 0 0.485526 0.514474 
 ----> 6.6#11.9#4.0#14.0#VAR 1273 0 0.480513 0.519487 
 ----> 6.6#11.9#4.0#14.0#VAR 1274 1 0.448346 0.551654 
 ----> 6.6#11.9#4.0#14.0#VAR 1275 1 0.499628 0.500372 
 ----> 6.6#11.9#4.0#14.0#VAR 1276 0 0.49656 0.50344 
 ----> 6.6#11.9#4.0#14.0#VAR 1277 1 0.459739 0.540261 
 ----> 6.6#11.9#4.0#14.0#VAR 1278 1 0.474549 0.525451 
 ----> 6.6#11.9#4.0#14.0#VAR 1279 1 0.48144 0.51856 
 ----> 6.6#11.9#4.0#14.0#VAR 1280 1 0.471624 0.528376 
 ----> 6.6#11.9#4.0#14.0#VAR 1281 1 0.433507 0.566493 
 ----> 6.6#11.9#4.0#14.0#VAR 1282 1 0.418622 0.581378 
 ----> 6.6#11.9#4.0#14.0#VAR 1283 0 0.466083 0.533917 
 ----> 6.6#11.9#4.0#14.0#VAR 1284 1 0.454132 0.545868 
 ----> 6.6#11.9#4.0#14.0#VAR 1285 0 0.49609 0.50391 
 ----> 6.6#11.9#4.0#14.0#VAR 1286 1 0.483226 0.516774 
 ----> 6.6#11.9#4.0#14.0#VAR 1287 1 0.473988 0.526012 
 ----> 6.6#11.9#4.0#14.0#VAR 1288 1 0.458978 0.541022 
 ----> 6.6#11.9#4.0#14.0#VAR 1289 1 0.44516 0.55484 
 ----> 6.6#11.9#4.0#14.0#VAR 1290 1 0.439771 0.560229 
 ----> 6.6#11.9#4.0#14.0#VAR 1291 1 0.413513 0.586487 
 ----> 6.6#11.9#4.0#14.0#VAR 1292 0 0.474778 0.525222 
 ----> 6.6#11.9#4.0#14.0#VAR 1293 1 0.366405 0.633595 
 ----> 6.6#11.9#4.0#14.0#VAR 1294 1 0.396419 0.603581 
 ----> 6.6#11.9#4.0#14.0#VAR 1295 0 0.510568 0.489432 
 ----> 6.6#11.9#4.0#14.0#VAR 1296 1 0.390319 0.609681 
 ----> 6.6#11.9#4.0#14.0#VAR 1297 1 0.389613 0.610387 
 ----> 6.6#11.9#4.0#14.0#VAR 1298 1 0.485598 0.514402 
 ----> 6.6#11.9#4.0#14.0#VAR 1299 1 0.444736 0.555264 
 ----> 6.6#11.9#4.0#14.0#VAR 1300 0 0.463594 0.536406 
 ----> 6.6#11.9#4.0#14.0#VAR 1301 1 0.43688 0.56312 
 ----> 6.6#11.9#4.0#14.0#VAR 1302 1 0.464947 0.535053 
 ----> 6.6#11.9#4.0#14.0#VAR 1303 1 0.429796 0.570204 
 ----> 6.6#11.9#4.0#14.0#VAR 1304 1 0.432029 0.567971 
 ----> 6.6#11.9#4.0#14.0#VAR 1305 1 0.428338 0.571662 
 ----> 6.6#11.9#4.0#14.0#VAR 1306 0 0.430438 0.569562 
 ----> 6.6#11.9#4.0#14.0#VAR 1307 0 0.499161 0.500839 
 ----> 6.6#11.9#4.0#14.0#VAR 1308 1 0.398458 0.601542 
 ----> 6.6#11.9#4.0#14.0#VAR 1309 0 0.472032 0.527968 
 ----> 6.6#11.9#4.0#14.0#VAR 1310 1 0.458211 0.541789 
 ----> 6.6#11.9#4.0#14.0#VAR 1311 1 0.458564 0.541436 
 ----> 6.6#11.9#4.0#14.0#VAR 1312 1 0.495543 0.504457 
 ----> 6.6#11.9#4.0#14.0#VAR 1313 1 0.480781 0.519219 
 ----> 6.6#11.9#4.0#14.0#VAR 1314 0 0.450737 0.549263 
 ----> 6.6#11.9#4.0#14.0#VAR 1315 0 0.479994 0.520006 
 ----> 6.6#11.9#4.0#14.0#VAR 1316 0 0.459442 0.540558 
 ----> 6.6#11.9#4.0#14.0#VAR 1317 1 0.472963 0.527037 
 ----> 6.6#11.9#4.0#14.0#VAR 1318 1 0.494539 0.505461 
 ----> 6.6#11.9#4.0#14.0#VAR 1319 1 0.456847 0.543153 
 ----> 6.6#11.9#4.0#14.0#VAR 1320 0 0.505369 0.494631 
 ----> 6.6#11.9#4.0#14.0#VAR 1321 1 0.465094 0.534906 
 ----> 6.6#11.9#4.0#14.0#VAR 1322 0 0.511502 0.488498 
 ----> 6.6#11.9#4.0#14.0#VAR 1323 1 0.438137 0.561863 
 ----> 6.6#11.9#4.0#14.0#VAR 1324 0 0.490096 0.509904 
 ----> 6.6#11.9#4.0#14.0#VAR 1325 0 0.484058 0.515942 
 ----> 6.6#11.9#4.0#14.0#VAR 1326 0 0.485227 0.514773 
 ----> 6.6#11.9#4.0#14.0#VAR 1327 0 0.524609 0.475391 
 ----> 6.6#11.9#4.0#14.0#VAR 1328 0 0.48461 0.51539 
 ----> 6.6#11.9#4.0#14.0#VAR 1329 0 0.484353 0.515647 
 ----> 6.6#11.9#4.0#14.0#VAR 1330 0 0.50878 0.49122 
 ----> 6.6#11.9#4.0#14.0#VAR 1331 1 0.429038 0.570962 
 ----> 6.6#11.9#4.0#14.0#VAR 1332 0 0.511609 0.488391 
 ----> 6.6#11.9#4.0#14.0#VAR 1333 1 0.48152 0.51848 
 ----> 6.6#11.9#4.0#14.0#VAR 1334 0 0.485696 0.514304 
 ----> 6.6#11.9#4.0#14.0#VAR 1335 1 0.514685 0.485315 
 ----> 6.6#11.9#4.0#14.0#VAR 1336 0 0.5368 0.4632 
 ----> 6.6#11.9#4.0#14.0#VAR 1337 1 0.444078 0.555922 
 ----> 6.6#11.9#4.0#14.0#VAR 1338 1 0.451867 0.548133 
 ----> 6.6#11.9#4.0#14.0#VAR 1339 1 0.462677 0.537323 
 ----> 6.6#11.9#4.0#14.0#VAR 1340 1 0.457051 0.542949 
 ----> 6.6#11.9#4.0#14.0#VAR 1341 1 0.460176 0.539824 
 ----> 6.6#11.9#4.0#14.0#VAR 1342 1 0.463083 0.536917 
 ----> 6.6#11.9#4.0#14.0#VAR 1343 1 0.457221 0.542779 
 ----> 6.6#11.9#4.0#14.0#VAR 1344 0 0.519291 0.480709 
 ----> 6.6#11.9#4.0#14.0#VAR 1345 0 0.513794 0.486206 
 ----> 6.6#11.9#4.0#14.0#VAR 1346 0 0.502795 0.497205 
 ----> 6.6#11.9#4.0#14.0#VAR 1347 1 0.452633 0.547367 
 ----> 6.6#11.9#4.0#14.0#VAR 1348 0 0.484866 0.515134 
 ----> 6.6#11.9#4.0#14.0#VAR 1349 0 0.492705 0.507295 
 ----> 6.6#11.9#4.0#14.0#VAR 1350 1 0.454916 0.545084 
 ----> 6.6#11.9#4.0#14.0#VAR 1351 0 0.515824 0.484176 
 ----> 6.6#11.9#4.0#14.0#VAR 1352 0 0.482298 0.517702 
 ----> 6.6#11.9#4.0#14.0#VAR 1353 1 0.457677 0.542323 
 ----> 6.6#11.9#4.0#14.0#VAR 1354 1 0.458647 0.541353 
 ----> 6.6#11.9#4.0#14.0#VAR 1355 1 0.441897 0.558103 
 ----> 6.6#11.9#4.0#14.0#VAR 1356 0 0.51995 0.48005 
 ----> 6.6#11.9#4.0#14.0#VAR 1357 1 0.471314 0.528686 
 ----> 6.6#11.9#4.0#14.0#VAR 1358 0 0.525578 0.474422 
 ----> 6.6#11.9#4.0#14.0#VAR 1359 1 0.482347 0.517653 
 ----> 6.6#11.9#4.0#14.0#VAR 1360 0 0.504248 0.495752 
 ----> 6.6#11.9#4.0#14.0#VAR 1361 1 0.453826 0.546174 
 ----> 6.6#11.9#4.0#14.0#VAR 1362 0 0.4702 0.5298 
 ----> 6.6#11.9#4.0#14.0#VAR 1363 0 0.511754 0.488246 
 ----> 6.6#11.9#4.0#14.0#VAR 1364 1 0.461856 0.538144 
 ----> 6.6#11.9#4.0#14.0#VAR 1365 0 0.475453 0.524547 
 ----> 6.6#11.9#4.0#14.0#VAR 1366 1 0.374453 0.625547 
 ----> 6.6#11.9#4.0#14.0#VAR 1367 0 0.494141 0.505859 
 ----> 6.6#11.9#4.0#14.0#VAR 1368 0 0.529773 0.470227 
 ----> 6.6#11.9#4.0#14.0#VAR 1369 1 0.466846 0.533154 
 ----> 6.6#11.9#4.0#14.0#VAR 1370 1 0.486663 0.513337 
 ----> 6.6#11.9#4.0#14.0#VAR 1371 1 0.520501 0.479499 
 ----> 6.6#11.9#4.0#14.0#VAR 1372 0 0.523756 0.476244 
 ----> 6.6#11.9#4.0#14.0#VAR 1373 1 0.460442 0.539558 
 ----> 6.6#11.9#4.0#14.0#VAR 1374 0 0.497823 0.502177 
 ----> 6.6#11.9#4.0#14.0#VAR 1375 0 0.572909 0.427091 
 ----> 6.6#11.9#4.0#14.0#VAR 1376 1 0.513917 0.486083 
 ----> 6.6#11.9#4.0#14.0#VAR 1377 0 0.516606 0.483394 
 ----> 6.6#11.9#4.0#14.0#VAR 1378 0 0.520625 0.479375 
 ----> 6.6#11.9#4.0#14.0#VAR 1379 0 0.463332 0.536668 
 ----> 6.6#11.9#4.0#14.0#VAR 1380 0 0.470841 0.529159 
 ----> 6.6#11.9#4.0#14.0#VAR 1381 0 0.514909 0.485091 
 ----> 6.6#11.9#4.0#14.0#VAR 1382 1 0.476262 0.523738 
 ----> 6.6#11.9#4.0#14.0#VAR 1383 1 0.465836 0.534164 
 ----> 6.6#11.9#4.0#14.0#VAR 1384 1 0.472634 0.527366 
 ----> 6.6#11.9#4.0#14.0#VAR 1385 1 0.462828 0.537172 
 ----> 6.6#11.9#4.0#14.0#VAR 1386 1 0.458346 0.541654 
 ----> 6.6#11.9#4.0#14.0#VAR 1387 0 0.468742 0.531258 
 ----> 6.6#11.9#4.0#14.0#VAR 1388 1 0.463731 0.536269 
 ----> 6.6#11.9#4.0#14.0#VAR 1389 0 0.501923 0.498077 
 ----> 6.6#11.9#4.0#14.0#VAR 1390 1 0.498671 0.501329 
 ----> 6.6#11.9#4.0#14.0#VAR 1391 1 0.45061 0.54939 
 ----> 6.6#11.9#4.0#14.0#VAR 1392 1 0.485887 0.514113 
 ----> 6.6#11.9#4.0#14.0#VAR 1393 1 0.46059 0.53941 
 ----> 6.6#11.9#4.0#14.0#VAR 1394 0 0.513668 0.486332 
 ----> 6.6#11.9#4.0#14.0#VAR 1395 0 0.48973 0.51027 
 ----> 6.6#11.9#4.0#14.0#VAR 1396 1 0.512078 0.487922 
 ----> 6.6#11.9#4.0#14.0#VAR 1397 0 0.49471 0.50529 
 ----> 6.6#11.9#4.0#14.0#VAR 1398 0 0.518848 0.481152 
 ----> 6.6#11.9#4.0#14.0#VAR 1399 0 0.535227 0.464773 
 ----> 6.6#11.9#4.0#14.0#VAR 1400 0 0.518405 0.481595 
 ----> 6.6#11.9#4.0#14.0#VAR 1401 0 0.547344 0.452656 
 ----> 6.6#11.9#4.0#14.0#VAR 1402 0 0.535704 0.464296 
 ----> 6.6#11.9#4.0#14.0#VAR 1403 0 0.542965 0.457035 
 ----> 6.6#11.9#4.0#14.0#VAR 1404 1 0.458831 0.541169 
 ----> 6.6#11.9#4.0#14.0#VAR 1405 0 0.513974 0.486026 
 ----> 6.6#11.9#4.0#14.0#VAR 1406 0 0.515163 0.484837 
 ----> 6.6#11.9#4.0#14.0#VAR 1407 0 0.52636 0.47364 
 ----> 6.6#11.9#4.0#14.0#VAR 1408 0 0.508665 0.491335 
 ----> 6.6#11.9#4.0#14.0#VAR 1409 0 0.530257 0.469743 
 ----> 6.6#11.9#4.0#14.0#VAR 1410 1 0.469975 0.530025 
 ----> 6.6#11.9#4.0#14.0#VAR 1411 0 0.502282 0.497718 
 ----> 6.6#11.9#4.0#14.0#VAR 1412 0 0.492113 0.507887 
 ----> 6.6#11.9#4.0#14.0#VAR 1413 1 0.513685 0.486315 
 ----> 6.6#11.9#4.0#14.0#VAR 1414 0 0.561692 0.438308 
 ----> 6.6#11.9#4.0#14.0#VAR 1415 1 0.461603 0.538397 
 ----> 6.6#11.9#4.0#14.0#VAR 1416 0 0.532999 0.467001 
 ----> 6.6#11.9#4.0#14.0#VAR 1417 1 0.48829 0.51171 
 ----> 6.6#11.9#4.0#14.0#VAR 1418 0 0.529623 0.470377 
 ----> 6.6#11.9#4.0#14.0#VAR 1419 0 0.528702 0.471298 
 ----> 6.6#11.9#4.0#14.0#VAR 1420 0 0.562088 0.437912 
 ----> 6.6#11.9#4.0#14.0#VAR 1421 0 0.547465 0.452535 
 ----> 6.6#11.9#4.0#14.0#VAR 1422 1 0.491284 0.508716 
 ----> 6.6#11.9#4.0#14.0#VAR 1423 0 0.528761 0.471239 
 ----> 6.6#11.9#4.0#14.0#VAR 1424 0 0.49867 0.50133 
 ----> 6.6#11.9#4.0#14.0#VAR 1425 0 0.531673 0.468327 
 ----> 6.6#11.9#4.0#14.0#VAR 1426 0 0.505233 0.494767 
 ----> 6.6#11.9#4.0#14.0#VAR 1427 0 0.486888 0.513112 
 ----> 6.6#11.9#4.0#14.0#VAR 1428 0 0.505675 0.494325 
 ----> 6.6#11.9#4.0#14.0#VAR 1429 1 0.470296 0.529704 
 ----> 6.6#11.9#4.0#14.0#VAR 1430 0 0.497491 0.502509 
 ----> 6.6#11.9#4.0#14.0#VAR 1431 1 0.469978 0.530022 
 ----> 6.6#11.9#4.0#14.0#VAR 1432 0 0.472028 0.527972 
 ----> 6.6#11.9#4.0#14.0#VAR 1433 1 0.457755 0.542245 
 ----> 6.6#11.9#4.0#14.0#VAR 1434 1 0.424336 0.575664 
 ----> 6.6#11.9#4.0#14.0#VAR 1435 0 0.49851 0.50149 
 ----> 6.6#11.9#4.0#14.0#VAR 1436 1 0.471284 0.528716 
 ----> 6.6#11.9#4.0#14.0#VAR 1437 0 0.488207 0.511793 
 ----> 6.6#11.9#4.0#14.0#VAR 1438 0 0.496589 0.503411 
 ----> 6.6#11.9#4.0#14.0#VAR 1439 0 0.503494 0.496506 
 ----> 6.6#11.9#4.0#14.0#VAR 1440 1 0.450212 0.549788 
 ----> 6.6#11.9#4.0#14.0#VAR 1441 1 0.443155 0.556845 
 ----> 6.6#11.9#4.0#14.0#VAR 1442 1 0.393222 0.606778 
 ----> 6.6#11.9#4.0#14.0#VAR 1443 1 0.471915 0.528085 
 ----> 6.6#11.9#4.0#14.0#VAR 1444 0 0.506112 0.493888 
 ----> 6.6#11.9#4.0#14.0#VAR 1445 1 0.509142 0.490858 
 ----> 6.6#11.9#4.0#14.0#VAR 1446 0 0.54863 0.45137 
 ----> 6.6#11.9#4.0#14.0#VAR 1447 1 0.503844 0.496156 
 ----> 6.6#11.9#4.0#14.0#VAR 1448 0 0.523131 0.476869 
 ----> 6.6#11.9#4.0#14.0#VAR 1449 1 0.522638 0.477362 
 ----> 6.6#11.9#4.0#14.0#VAR 1450 1 0.435132 0.564868 
 ----> 6.6#11.9#4.0#14.0#VAR 1451 0 0.553146 0.446854 
 ----> 6.6#11.9#4.0#14.0#VAR 1452 0 0.525052 0.474948 
 ----> 6.6#11.9#4.0#14.0#VAR 1453 1 0.489473 0.510527 
 ----> 6.6#11.9#4.0#14.0#VAR 1454 1 0.517163 0.482837 
 ----> 6.6#11.9#4.0#14.0#VAR 1455 1 0.477718 0.522282 
 ----> 6.6#11.9#4.0#14.0#VAR 1456 0 0.500311 0.499689 
 ----> 6.6#11.9#4.0#14.0#VAR 1457 1 0.522314 0.477686 
 ----> 6.6#11.9#4.0#14.0#VAR 1458 1 0.498461 0.501539 
 ----> 6.6#11.9#4.0#14.0#VAR 1459 0 0.527055 0.472945 
 ----> 6.6#11.9#4.0#14.0#VAR 1460 0 0.527326 0.472674 
 ----> 6.6#11.9#4.0#14.0#VAR 1461 0 0.489109 0.510891 
 ----> 6.6#11.9#4.0#14.0#VAR 1462 0 0.450734 0.549266 
 ----> 6.6#11.9#4.0#14.0#VAR 1463 0 0.445278 0.554722 
 ----> 6.6#11.9#4.0#14.0#VAR 1464 1 0.456541 0.543459 
 ----> 6.6#11.9#4.0#14.0#VAR 1465 1 0.466695 0.533305 
 ----> 6.6#11.9#4.0#14.0#VAR 1466 1 0.474688 0.525312 
 ----> 6.6#11.9#4.0#14.0#VAR 1467 0 0.504968 0.495032 
 ----> 6.6#11.9#4.0#14.0#VAR 1468 0 0.451234 0.548766 
 ----> 6.6#11.9#4.0#14.0#VAR 1469 1 0.462892 0.537108 
 ----> 6.6#11.9#4.0#14.0#VAR 1470 0 0.488259 0.511741 
 ----> 6.6#11.9#4.0#14.0#VAR 1471 1 0.489172 0.510828 
 ----> 6.6#11.9#4.0#14.0#VAR 1472 0 0.483719 0.516281 
 ----> 6.6#11.9#4.0#14.0#VAR 1473 0 0.522254 0.477746 
 ----> 6.6#11.9#4.0#14.0#VAR 1474 1 0.495521 0.504479 
 ----> 6.6#11.9#4.0#14.0#VAR 1475 0 0.465682 0.534318 
 ----> 6.6#11.9#4.0#14.0#VAR 1476 1 0.46294 0.53706 
 ----> 6.6#11.9#4.0#14.0#VAR 1477 0 0.475209 0.524791 
 ----> 6.6#11.9#4.0#14.0#VAR 1478 0 0.512011 0.487989 
 ----> 6.6#11.9#4.0#14.0#VAR 1479 1 0.466033 0.533967 
 ----> 6.6#11.9#4.0#14.0#VAR 1480 0 0.477218 0.522782 
 ----> 6.6#11.9#4.0#14.0#VAR 1481 1 0.48929 0.51071 
 ----> 6.6#11.9#4.0#14.0#VAR 1482 0 0.513579 0.486421 
 ----> 6.6#11.9#4.0#14.0#VAR 1483 1 0.503469 0.496531 
 ----> 6.6#11.9#4.0#14.0#VAR 1484 0 0.469307 0.530693 
 ----> 6.6#11.9#4.0#14.0#VAR 1485 1 0.48558 0.51442 
 ----> 6.6#11.9#4.0#14.0#VAR 1486 1 0.463502 0.536498 
 ----> 6.6#11.9#4.0#14.0#VAR 1487 0 0.467654 0.532346 
 ----> 6.6#11.9#4.0#14.0#VAR 1488 1 0.506995 0.493005 
 ----> 6.6#11.9#4.0#14.0#VAR 1489 1 0.44433 0.55567 
 ----> 6.6#11.9#4.0#14.0#VAR 1490 1 0.471605 0.528395 
 ----> 6.6#11.9#4.0#14.0#VAR 1491 1 0.466119 0.533881 
 ----> 6.6#11.9#4.0#14.0#VAR 1492 1 0.443542 0.556458 
 ----> 6.6#11.9#4.0#14.0#VAR 1493 1 0.463133 0.536867 
 ----> 6.6#11.9#4.0#14.0#VAR 1494 1 0.525275 0.474725 
 ----> 6.6#11.9#4.0#14.0#VAR 1495 0 0.479736 0.520264 
 ----> 6.6#11.9#4.0#14.0#VAR 1496 0 0.487354 0.512646 
 ----> 6.6#11.9#4.0#14.0#VAR 1497 1 0.503892 0.496108 
 ----> 6.6#11.9#4.0#14.0#VAR 1498 0 0.495411 0.504589 
 ----> 6.6#11.9#4.0#14.0#VAR 1499 1 0.477906 0.522094 
 ----> 6.6#11.9#4.0#14.0#VAR 1500 0 0.479506 0.520494 
 ----> 6.6#11.9#4.0#14.0#VAR 1501 0 0.490199 0.509801 
 ----> 6.6#11.9#4.0#14.0#VAR 1502 1 0.499365 0.500635 
 ----> 6.6#11.9#4.0#14.0#VAR 1503 1 0.483861 0.516139 
 ----> 6.6#11.9#4.0#14.0#VAR 1504 1 0.481392 0.518608 
 ----> 6.6#11.9#4.0#14.0#VAR 1505 1 0.490741 0.509259 
 ----> 6.6#11.9#4.0#14.0#VAR 1506 1 0.53545 0.46455 
 ----> 6.6#11.9#4.0#14.0#VAR 1507 1 0.502884 0.497116 
 ----> 6.6#11.9#4.0#14.0#VAR 1508 0 0.467005 0.532995 
 ----> 6.6#11.9#4.0#14.0#VAR 1509 0 0.483092 0.516908 
 ----> 6.6#11.9#4.0#14.0#VAR 1510 0 0.487219 0.512781 
 ----> 6.6#11.9#4.0#14.0#VAR 1511 0 0.483796 0.516204 
 ----> 6.6#11.9#4.0#14.0#VAR 1512 0 0.514264 0.485736 
 ----> 6.6#11.9#4.0#14.0#VAR 1513 0 0.487488 0.512512 
 ----> 6.6#11.9#4.0#14.0#VAR 1514 0 0.48611 0.51389 
 ----> 6.6#11.9#4.0#14.0#VAR 1515 0 0.483374 0.516626 
 ----> 6.6#11.9#4.0#14.0#VAR 1516 1 0.510565 0.489435 
 ----> 6.6#11.9#4.0#14.0#VAR 1517 0 0.457419 0.542581 
 ----> 6.6#11.9#4.0#14.0#VAR 1518 0 0.474583 0.525417 
 ----> 6.6#11.9#4.0#14.0#VAR 1519 0 0.474241 0.525759 
 ----> 6.6#11.9#4.0#14.0#VAR 1520 0 0.511438 0.488562 
 ----> 6.6#11.9#4.0#14.0#VAR 1521 0 0.515184 0.484816 
 ----> 6.6#11.9#4.0#14.0#VAR 1522 0 0.511713 0.488287 
 ----> 6.6#11.9#4.0#14.0#VAR 1523 1 0.498227 0.501773 
 ----> 6.6#11.9#4.0#14.0#VAR 1524 0 0.496907 0.503093 
 ----> 6.6#11.9#4.0#14.0#VAR 1525 0 0.491552 0.508448 
 ----> 6.6#11.9#4.0#14.0#VAR 1526 0 0.502425 0.497575 
 ----> 6.6#11.9#4.0#14.0#VAR 1527 0 0.452803 0.547197 
 ----> 6.6#11.9#4.0#14.0#VAR 1528 0 0.518115 0.481885 
 ----> 6.6#11.9#4.0#14.0#VAR 1529 1 0.490821 0.509179 
 ----> 6.6#11.9#4.0#14.0#VAR 1530 0 0.540944 0.459056 
 ----> 6.6#11.9#4.0#14.0#VAR 1531 1 0.477232 0.522768 
 ----> 6.6#11.9#4.0#14.0#VAR 1532 0 0.513966 0.486034 
 ----> 6.6#11.9#4.0#14.0#VAR 1533 1 0.4799 0.5201 
 ----> 6.6#11.9#4.0#14.0#VAR 1534 1 0.469774 0.530226 
 ----> 6.6#11.9#4.0#14.0#VAR 1535 1 0.544969 0.455031 
 ----> 6.6#11.9#4.0#14.0#VAR 1536 1 0.48415 0.51585 
 ----> 6.6#11.9#4.0#14.0#VAR 1537 1 0.528314 0.471686 
 ----> 6.6#11.9#4.0#14.0#VAR 1538 1 0.526661 0.473339 
 ----> 6.6#11.9#4.0#14.0#VAR 1539 0 0.501449 0.498551 
 ----> 6.6#11.9#4.0#14.0#VAR 1540 1 0.467248 0.532752 
 ----> 6.6#11.9#4.0#14.0#VAR 1541 0 0.452573 0.547427 
 ----> 6.6#11.9#4.0#14.0#VAR 1542 0 0.490365 0.509635 
 ----> 6.6#11.9#4.0#14.0#VAR 1543 0 0.452685 0.547315 
 ----> 6.6#11.9#4.0#14.0#VAR 1544 0 0.469619 0.530381 
 ----> 6.6#11.9#4.0#14.0#VAR 1545 0 0.522337 0.477663 
 ----> 6.6#11.9#4.0#14.0#VAR 1546 1 0.516897 0.483103 
 ----> 6.6#11.9#4.0#14.0#VAR 1547 0 0.52985 0.47015 
 ----> 6.6#11.9#4.0#14.0#VAR 1548 1 0.495182 0.504818 
 ----> 6.6#11.9#4.0#14.0#VAR 1549 0 0.481872 0.518128 
 ----> 6.6#11.9#4.0#14.0#VAR 1550 0 0.46002 0.53998 
 ----> 6.6#11.9#4.0#14.0#VAR 1551 0 0.443151 0.556849 
 ----> 6.6#11.9#4.0#14.0#VAR 1552 0 0.536615 0.463385 
 ----> 6.6#11.9#4.0#14.0#VAR 1553 0 0.475408 0.524592 
 ----> 6.6#11.9#4.0#14.0#VAR 1554 1 0.496985 0.503015 
 ----> 6.6#11.9#4.0#14.0#VAR 1555 1 0.491517 0.508483 
 ----> 6.6#11.9#4.0#14.0#VAR 1556 1 0.485191 0.514809 
 ----> 6.6#11.9#4.0#14.0#VAR 1557 0 0.508378 0.491622 
 ----> 6.6#11.9#4.0#14.0#VAR 1558 0 0.509944 0.490056 
 ----> 6.6#11.9#4.0#14.0#VAR 1559 1 0.523183 0.476817 
 ----> 6.6#11.9#4.0#14.0#VAR 1560 1 0.512029 0.487971 
 ----> 6.6#11.9#4.0#14.0#VAR 1561 0 0.507675 0.492325 
 ----> 6.6#11.9#4.0#14.0#VAR 1562 0 0.542191 0.457809 
 ----> 6.6#11.9#4.0#14.0#VAR 1563 1 0.523581 0.476419 
 ----> 6.6#11.9#4.0#14.0#VAR 1564 0 0.575274 0.424726 
 ----> 6.6#11.9#4.0#14.0#VAR 1565 0 0.516571 0.483429 
 ----> 6.6#11.9#4.0#14.0#VAR 1566 0 0.541917 0.458083 
 ----> 6.6#11.9#4.0#14.0#VAR 1567 1 0.517361 0.482639 
 ----> 6.6#11.9#4.0#14.0#VAR 1568 0 0.495049 0.504951 
 ----> 6.6#11.9#4.0#14.0#VAR 1569 0 0.511978 0.488022 
 ----> 6.6#11.9#4.0#14.0#VAR 1570 1 0.504318 0.495682 
 ----> 6.6#11.9#4.0#14.0#VAR 1571 1 0.524422 0.475578 
 ----> 6.6#11.9#4.0#14.0#VAR 1572 0 0.550462 0.449538 
 ----> 6.6#11.9#4.0#14.0#VAR 1573 0 0.491054 0.508946 
 ----> 6.6#11.9#4.0#14.0#VAR 1574 1 0.486269 0.513731 
 ----> 6.6#11.9#4.0#14.0#VAR 1575 0 0.515892 0.484108 
 ----> 6.6#11.9#4.0#14.0#VAR 1576 1 0.495913 0.504087 
 ----> 6.6#11.9#4.0#14.0#VAR 1577 1 0.520695 0.479305 
 ----> 6.6#11.9#4.0#14.0#VAR 1578 0 0.475627 0.524373 
 ----> 6.6#11.9#4.0#14.0#VAR 1579 0 0.485175 0.514825 
 ----> 6.6#11.9#4.0#14.0#VAR 1580 0 0.528426 0.471574 
 ----> 6.6#11.9#4.0#14.0#VAR 1581 0 0.482247 0.517753 
 ----> 6.6#11.9#4.0#14.0#VAR 1582 1 0.49761 0.50239 
 ----> 6.6#11.9#4.0#14.0#VAR 1583 1 0.510771 0.489229 
 ----> 6.6#11.9#4.0#14.0#VAR 1584 0 0.49418 0.50582 
 ----> 6.6#11.9#4.0#14.0#VAR 1585 0 0.50124 0.49876 
 ----> 6.6#11.9#4.0#14.0#VAR 1586 0 0.530961 0.469039 
 ----> 6.6#11.9#4.0#14.0#VAR 1587 0 0.500568 0.499432 
 ----> 6.6#11.9#4.0#14.0#VAR 1588 0 0.588447 0.411553 
 ----> 6.6#11.9#4.0#14.0#VAR 1589 0 0.517638 0.482362 
 ----> 6.6#11.9#4.0#14.0#VAR 1590 1 0.497498 0.502502 
 ----> 6.6#11.9#4.0#14.0#VAR 1591 0 0.489228 0.510772 
 ----> 6.6#11.9#4.0#14.0#VAR 1592 0 0.491848 0.508152 
 ----> 6.6#11.9#4.0#14.0#VAR 1593 1 0.51257 0.48743 
 ----> 6.6#11.9#4.0#14.0#VAR 1594 1 0.508864 0.491136 
 ----> 6.6#11.9#4.0#14.0#VAR 1595 1 0.498436 0.501564 
 ----> 6.6#11.9#4.0#14.0#VAR 1596 1 0.49697 0.50303 
 ----> 6.6#11.9#4.0#14.0#VAR 1597 0 0.531037 0.468963 
 ----> 6.6#11.9#4.0#14.0#VAR 1598 1 0.44984 0.55016 
 ----> 6.6#11.9#4.0#14.0#VAR 1599 0 0.514323 0.485677 
 ----> 6.6#11.9#4.0#14.0#VAR 1600 0 0.533742 0.466258 
 ----> 6.6#11.9#4.0#14.0#VAR 1601 0 0.50789 0.49211 
 ----> 6.6#11.9#4.0#14.0#VAR 1602 1 0.504538 0.495462 
 ----> 6.6#11.9#4.0#14.0#VAR 1603 0 0.505111 0.494889 
 ----> 6.6#11.9#4.0#14.0#VAR 1604 0 0.493232 0.506768 
 ----> 6.6#11.9#4.0#14.0#VAR 1605 0 0.458054 0.541946 
 ----> 6.6#11.9#4.0#14.0#VAR 1606 1 0.499692 0.500308 
 ----> 6.6#11.9#4.0#14.0#VAR 1607 0 0.495646 0.504354 
 ----> 6.6#11.9#4.0#14.0#VAR 1608 0 0.507747 0.492253 
 ----> 6.6#11.9#4.0#14.0#VAR 1609 0 0.52389 0.47611 
 ----> 6.6#11.9#4.0#14.0#VAR 1610 0 0.493517 0.506483 
 ----> 6.6#11.9#4.0#14.0#VAR 1611 1 0.560497 0.439503 
 ----> 6.6#11.9#4.0#14.0#VAR 1612 1 0.565041 0.434959 
 ----> 6.6#11.9#4.0#14.0#VAR 1613 1 0.470461 0.529539 
 ----> 6.6#11.9#4.0#14.0#VAR 1614 0 0.476486 0.523514 
 ----> 6.6#11.9#4.0#14.0#VAR 1615 0 0.479345 0.520655 
 ----> 6.6#11.9#4.0#14.0#VAR 1616 0 0.476178 0.523822 
 ----> 6.6#11.9#4.0#14.0#VAR 1617 0 0.433562 0.566438 
 ----> 6.6#11.9#4.0#14.0#VAR 1618 1 0.460034 0.539966 
 ----> 6.6#11.9#4.0#14.0#VAR 1619 0 0.485292 0.514708 
 ----> 6.6#11.9#4.0#14.0#VAR 1620 1 0.518861 0.481139 
 ----> 6.6#11.9#4.0#14.0#VAR 1621 1 0.499107 0.500893 
 ----> 6.6#11.9#4.0#14.0#VAR 1622 0 0.49071 0.50929 
 ----> 6.6#11.9#4.0#14.0#VAR 1623 0 0.506351 0.493649 
 ----> 6.6#11.9#4.0#14.0#VAR 1624 0 0.47058 0.52942 
 ----> 6.6#11.9#4.0#14.0#VAR 1625 1 0.472641 0.527359 
 ----> 6.6#11.9#4.0#14.0#VAR 1626 0 0.509224 0.490776 
 ----> 6.6#11.9#4.0#14.0#VAR 1627 1 0.487481 0.512519 
 ----> 6.6#11.9#4.0#14.0#VAR 1628 0 0.513073 0.486927 
 ----> 6.6#11.9#4.0#14.0#VAR 1629 1 0.531694 0.468306 
 ----> 6.6#11.9#4.0#14.0#VAR 1630 1 0.511818 0.488182 
 ----> 6.6#11.9#4.0#14.0#VAR 1631 1 0.499269 0.500731 
 ----> 6.6#11.9#4.0#14.0#VAR 1632 0 0.51526 0.48474 
 ----> 6.6#11.9#4.0#14.0#VAR 1633 0 0.481897 0.518103 
 ----> 6.6#11.9#4.0#14.0#VAR 1634 1 0.542663 0.457337 
 ----> 6.6#11.9#4.0#14.0#VAR 1635 0 0.530877 0.469123 
 ----> 6.6#11.9#4.0#14.0#VAR 1636 0 0.488633 0.511367 
 ----> 6.6#11.9#4.0#14.0#VAR 1637 0 0.48581 0.51419 
 ----> 6.6#11.9#4.0#14.0#VAR 1638 0 0.486444 0.513556 
 ----> 6.6#11.9#4.0#14.0#VAR 1639 0 0.497818 0.502182 
 ----> 6.6#11.9#4.0#14.0#VAR 1640 1 0.516243 0.483757 
 ----> 6.6#11.9#4.0#14.0#VAR 1641 1 0.511303 0.488697 
 ----> 6.6#11.9#4.0#14.0#VAR 1642 0 0.504973 0.495027 
 ----> 6.6#11.9#4.0#14.0#VAR 1643 1 0.459492 0.540508 
 ----> 6.6#11.9#4.0#14.0#VAR 1644 1 0.478589 0.521411 
 ----> 6.6#11.9#4.0#14.0#VAR 1645 0 0.474513 0.525487 
 ----> 6.6#11.9#4.0#14.0#VAR 1646 0 0.500897 0.499103 
 ----> 6.6#11.9#4.0#14.0#VAR 1647 0 0.480547 0.519453 
 ----> 6.6#11.9#4.0#14.0#VAR 1648 0 0.429007 0.570993 
 ----> 6.6#11.9#4.0#14.0#VAR 1649 0 0.464508 0.535492 
 ----> 6.6#11.9#4.0#14.0#VAR 1650 1 0.481764 0.518236 
 ----> 6.6#11.9#4.0#14.0#VAR 1651 1 0.475521 0.524479 
 ----> 6.6#11.9#4.0#14.0#VAR 1652 1 0.497328 0.502672 
 ----> 6.6#11.9#4.0#14.0#VAR 1653 1 0.51863 0.48137 
 ----> 6.6#11.9#4.0#14.0#VAR 1654 0 0.512061 0.487939 
 ----> 6.6#11.9#4.0#14.0#VAR 1655 1 0.450937 0.549063 
 ----> 6.6#11.9#4.0#14.0#VAR 1656 1 0.512912 0.487088 
 ----> 6.6#11.9#4.0#14.0#VAR 1657 0 0.505457 0.494543 
 ----> 6.6#11.9#4.0#14.0#VAR 1658 1 0.505144 0.494856 
 ----> 6.6#11.9#4.0#14.0#VAR 1659 0 0.51857 0.48143 
 ----> 6.6#11.9#4.0#14.0#VAR 1660 0 0.516398 0.483602 
 ----> 6.6#11.9#4.0#14.0#VAR 1661 1 0.479326 0.520674 
 ----> 6.6#11.9#4.0#14.0#VAR 1662 0 0.512254 0.487746 
 ----> 6.6#11.9#4.0#14.0#VAR 1663 0 0.453975 0.546025 
 ----> 6.6#11.9#4.0#14.0#VAR 1664 0 0.490056 0.509944 
 ----> 6.6#11.9#4.0#14.0#VAR 1665 0 0.498565 0.501435 
 ----> 6.6#11.9#4.0#14.0#VAR 1666 0 0.505591 0.494409 
 ----> 6.6#11.9#4.0#14.0#VAR 1667 1 0.485272 0.514728 
 ----> 6.6#11.9#4.0#14.0#VAR 1668 1 0.513643 0.486357 
 ----> 6.6#11.9#4.0#14.0#VAR 1669 0 0.491604 0.508396 
 ----> 6.6#11.9#4.0#14.0#VAR 1670 0 0.506494 0.493506 
 ----> 6.6#11.9#4.0#14.0#VAR 1671 0 0.473485 0.526515 
 ----> 6.6#11.9#4.0#14.0#VAR 1672 0 0.497236 0.502764 
 ----> 6.6#11.9#4.0#14.0#VAR 1673 0 0.501009 0.498991 
 ----> 6.6#11.9#4.0#14.0#VAR 1674 0 0.517363 0.482637 
 ----> 6.6#11.9#4.0#14.0#VAR 1675 1 0.497609 0.502391 
 ----> 6.6#11.9#4.0#14.0#VAR 1676 1 0.508816 0.491184 
 ----> 6.6#11.9#4.0#14.0#VAR 1677 1 0.48993 0.51007 
 ----> 6.6#11.9#4.0#14.0#VAR 1678 0 0.505646 0.494354 
 ----> 6.6#11.9#4.0#14.0#VAR 1679 0 0.482245 0.517755 
 ----> 6.6#11.9#4.0#14.0#VAR 1680 0 0.505257 0.494743 
 ----> 6.6#11.9#4.0#14.0#VAR 1681 0 0.506325 0.493675 
 ----> 6.6#11.9#4.0#14.0#VAR 1682 0 0.505688 0.494312 
 ----> 6.6#11.9#4.0#14.0#VAR 1683 0 0.506409 0.493591 
 ----> 6.6#11.9#4.0#14.0#VAR 1684 0 0.501962 0.498038 
 ----> 6.6#11.9#4.0#14.0#VAR 1685 1 0.483584 0.516416 
 ----> 6.6#11.9#4.0#14.0#VAR 1686 0 0.524431 0.475569 
 ----> 6.6#11.9#4.0#14.0#VAR 1687 1 0.473921 0.526079 
 ----> 6.6#11.9#4.0#14.0#VAR 1688 0 0.492663 0.507337 
 ----> 6.6#11.9#4.0#14.0#VAR 1689 0 0.499211 0.500789 
 ----> 6.6#11.9#4.0#14.0#VAR 1690 0 0.526821 0.473179 
 ----> 6.6#11.9#4.0#14.0#VAR 1691 0 0.547429 0.452571 
 ----> 6.6#11.9#4.0#14.0#VAR 1692 0 0.529293 0.470707 
 ----> 6.6#11.9#4.0#14.0#VAR 1693 1 0.523688 0.476312 
 ----> 6.6#11.9#4.0#14.0#VAR 1694 1 0.527955 0.472045 
 ----> 6.6#11.9#4.0#14.0#VAR 1695 1 0.548949 0.451051 
 ----> 6.6#11.9#4.0#14.0#VAR 1696 0 0.523363 0.476637 
 ----> 6.6#11.9#4.0#14.0#VAR 1697 0 0.466769 0.533231 
 ----> 6.6#11.9#4.0#14.0#VAR 1698 0 0.470803 0.529197 
 ----> 6.6#11.9#4.0#14.0#VAR 1699 0 0.467286 0.532714 
 ----> 6.6#11.9#4.0#14.0#VAR 1700 0 0.538362 0.461638 
 ----> 6.6#11.9#4.0#14.0#VAR 1701 0 0.424956 0.575044 
 ----> 6.6#11.9#4.0#14.0#VAR 1702 0 0.511504 0.488496 
 ----> 6.6#11.9#4.0#14.0#VAR 1703 0 0.507133 0.492867 
 ----> 6.6#11.9#4.0#14.0#VAR 1704 0 0.497703 0.502297 
 ----> 6.6#11.9#4.0#14.0#VAR 1705 0 0.475799 0.524201 
 ----> 6.6#11.9#4.0#14.0#VAR 1706 0 0.508783 0.491217 
 ----> 6.6#11.9#4.0#14.0#VAR 1707 0 0.501965 0.498035 
 ----> 6.6#11.9#4.0#14.0#VAR 1708 0 0.564085 0.435915 
 ----> 6.6#11.9#4.0#14.0#VAR 1709 0 0.535128 0.464872 
 ----> 6.6#11.9#4.0#14.0#VAR 1710 0 0.530487 0.469513 
 ----> 6.6#11.9#4.0#14.0#VAR 1711 0 0.521254 0.478746 
 ----> 6.6#11.9#4.0#14.0#VAR 1712 0 0.521005 0.478995 
 ----> 6.6#11.9#4.0#14.0#VAR 1713 1 0.516239 0.483761 
 ----> 6.6#11.9#4.0#14.0#VAR 1714 0 0.493031 0.506969 
 ----> 6.6#11.9#4.0#14.0#VAR 1715 0 0.50427 0.49573 
 ----> 6.6#11.9#4.0#14.0#VAR 1716 0 0.502876 0.497124 
 ----> 6.6#11.9#4.0#14.0#VAR 1717 0 0.500862 0.499138 
 ----> 6.6#11.9#4.0#14.0#VAR 1718 0 0.532279 0.467721 
 ----> 6.6#11.9#4.0#14.0#VAR 1719 0 0.50016 0.49984 
 ----> 6.6#11.9#4.0#14.0#VAR 1720 0 0.512396 0.487604 
 ----> 6.6#11.9#4.0#14.0#VAR 1721 0 0.50323 0.49677 
 ----> 6.6#11.9#4.0#14.0#VAR 1722 0 0.517319 0.482681 
 ----> 6.6#11.9#4.0#14.0#VAR 1723 1 0.526972 0.473028 
 ----> 6.6#11.9#4.0#14.0#VAR 1724 1 0.454292 0.545708 
 ----> 6.6#11.9#4.0#14.0#VAR 1725 1 0.513356 0.486644 
 ----> 6.6#11.9#4.0#14.0#VAR 1726 0 0.516066 0.483934 
 ----> 6.6#11.9#4.0#14.0#VAR 1727 0 0.530368 0.469632 
 ----> 6.6#11.9#4.0#14.0#VAR 1728 0 0.53218 0.46782 
 ----> 6.6#11.9#4.0#14.0#VAR 1729 0 0.535717 0.464283 
 ----> 6.6#11.9#4.0#14.0#VAR 1730 1 0.562098 0.437902 
 ----> 6.6#11.9#4.0#14.0#VAR 1731 1 0.480405 0.519595 
 ----> 6.6#11.9#4.0#14.0#VAR 1732 0 0.515302 0.484698 
 ----> 6.6#11.9#4.0#14.0#VAR 1733 0 0.547216 0.452784 
 ----> 6.6#11.9#4.0#14.0#VAR 1734 0 0.50396 0.49604 
 ----> 6.6#11.9#4.0#14.0#VAR 1735 0 0.507649 0.492351 
 ----> 6.6#11.9#4.0#14.0#VAR 1736 0 0.497621 0.502379 
 ----> 6.6#11.9#4.0#14.0#VAR 1737 1 0.513044 0.486956 
 ----> 6.6#11.9#4.0#14.0#VAR 1738 0 0.551916 0.448084 
 ----> 6.6#11.9#4.0#14.0#VAR 1739 0 0.525444 0.474556 
 ----> 6.6#11.9#4.0#14.0#VAR 1740 0 0.480187 0.519813 
 ----> 6.6#11.9#4.0#14.0#VAR 1741 1 0.528875 0.471125 
 ----> 6.6#11.9#4.0#14.0#VAR 1742 0 0.481081 0.518919 
 ----> 6.6#11.9#4.0#14.0#VAR 1743 0 0.521815 0.478185 
 ----> 6.6#11.9#4.0#14.0#VAR 1744 0 0.472149 0.527851 
 ----> 6.6#11.9#4.0#14.0#VAR 1745 0 0.512955 0.487045 
 ----> 6.6#11.9#4.0#14.0#VAR 1746 1 0.506885 0.493115 
 ----> 6.6#11.9#4.0#14.0#VAR 1747 1 0.50693 0.49307 
 ----> 6.6#11.9#4.0#14.0#VAR 1748 1 0.520758 0.479242 
 ----> 6.6#11.9#4.0#14.0#VAR 1749 1 0.526974 0.473026 
 ----> 6.6#11.9#4.0#14.0#VAR 1750 1 0.496722 0.503278 
 ----> 6.6#11.9#4.0#14.0#VAR 1751 1 0.491385 0.508615 
 ----> 6.6#11.9#4.0#14.0#VAR 1752 1 0.497693 0.502307 
 ----> 6.6#11.9#4.0#14.0#VAR 1753 1 0.506948 0.493052 
 ----> 6.6#11.9#4.0#14.0#VAR 1754 0 0.511645 0.488355 
 ----> 6.6#11.9#4.0#14.0#VAR 1755 0 0.484922 0.515078 
 ----> 6.6#11.9#4.0#14.0#VAR 1756 0 0.509927 0.490073 
 ----> 6.6#11.9#4.0#14.0#VAR 1757 1 0.529703 0.470297 
 ----> 6.6#11.9#4.0#14.0#VAR 1758 1 0.474489 0.525511 
 ----> 6.6#11.9#4.0#14.0#VAR 1759 1 0.484869 0.515131 
 ----> 6.6#11.9#4.0#14.0#VAR 1760 0 0.50811 0.49189 
 ----> 6.6#11.9#4.0#14.0#VAR 1761 0 0.490656 0.509344 
 ----> 6.6#11.9#4.0#14.0#VAR 1762 1 0.489883 0.510117 
 ----> 6.6#11.9#4.0#14.0#VAR 1763 1 0.506586 0.493414 
 ----> 6.6#11.9#4.0#14.0#VAR 1764 1 0.498072 0.501928 
 ----> 6.6#11.9#4.0#14.0#VAR 1765 1 0.540444 0.459556 
 ----> 6.6#11.9#4.0#14.0#VAR 1766 0 0.48973 0.51027 
 ----> 6.6#11.9#4.0#14.0#VAR 1767 0 0.529635 0.470365 
 ----> 6.6#11.9#4.0#14.0#VAR 1768 0 0.549328 0.450672 
 ----> 6.6#11.9#4.0#14.0#VAR 1769 1 0.537727 0.462273 
 ----> 6.6#11.9#4.0#14.0#VAR 1770 0 0.484901 0.515099 
 ----> 6.6#11.9#4.0#14.0#VAR 1771 1 0.500467 0.499533 
 ----> 6.6#11.9#4.0#14.0#VAR 1772 0 0.489685 0.510315 
 ----> 6.6#11.9#4.0#14.0#VAR 1773 1 0.4832 0.5168 
 ----> 6.6#11.9#4.0#14.0#VAR 1774 1 0.479016 0.520984 
 ----> 6.6#11.9#4.0#14.0#VAR 1775 0 0.505092 0.494908 
 ----> 6.6#11.9#4.0#14.0#VAR 1776 0 0.534744 0.465256 
 ----> 6.6#11.9#4.0#14.0#VAR 1777 1 0.537674 0.462326 
 ----> 6.6#11.9#4.0#14.0#VAR 1778 0 0.526768 0.473232 
 ----> 6.6#11.9#4.0#14.0#VAR 1779 1 0.506379 0.493621 
 ----> 6.6#11.9#4.0#14.0#VAR 1780 1 0.488506 0.511494 
 ----> 6.6#11.9#4.0#14.0#VAR 1781 1 0.54071 0.45929 
 ----> 6.6#11.9#4.0#14.0#VAR 1782 0 0.522571 0.477429 
 ----> 6.6#11.9#4.0#14.0#VAR 1783 0 0.511993 0.488007 
 ----> 6.6#11.9#4.0#14.0#VAR 1784 1 0.534801 0.465199 
 ----> 6.6#11.9#4.0#14.0#VAR 1785 1 0.49396 0.50604 
 ----> 6.6#11.9#4.0#14.0#VAR 1786 0 0.494542 0.505458 
 ----> 6.6#11.9#4.0#14.0#VAR 1787 0 0.506813 0.493187 
 ----> 6.6#11.9#4.0#14.0#VAR 1788 0 0.520223 0.479777 
 ----> 6.6#11.9#4.0#14.0#VAR 1789 1 0.507916 0.492084 
 ----> 6.6#11.9#4.0#14.0#VAR 1790 1 0.501868 0.498132 
 ----> 6.6#11.9#4.0#14.0#VAR 1791 1 0.502131 0.497869 
 ----> 6.6#11.9#4.0#14.0#VAR 1792 1 0.515476 0.484524 
 ----> 6.6#11.9#4.0#14.0#VAR 1793 0 0.477707 0.522293 
 ----> 6.6#11.9#4.0#14.0#VAR 1794 1 0.528563 0.471437 
 ----> 6.6#11.9#4.0#14.0#VAR 1795 0 0.479966 0.520034 
 ----> 6.6#11.9#4.0#14.0#VAR 1796 1 0.485809 0.514191 
 ----> 6.6#11.9#4.0#14.0#VAR 1797 0 0.518482 0.481518 
 ----> 6.6#11.9#4.0#14.0#VAR 1798 0 0.50229 0.49771 
 ----> 6.6#11.9#4.0#14.0#VAR 1799 0 0.51848 0.48152 
 ----> 6.6#11.9#4.0#14.0#VAR 1800 0 0.557037 0.442963 
 ----> 6.6#11.9#4.0#14.0#VAR 1801 0 0.520396 0.479604 
 ----> 6.6#11.9#4.0#14.0#VAR 1802 0 0.497752 0.502248 
 ----> 6.6#11.9#4.0#14.0#VAR 1803 0 0.537332 0.462668 
 ----> 6.6#11.9#4.0#14.0#VAR 1804 0 0.501086 0.498914 
 ----> 6.6#11.9#4.0#14.0#VAR 1805 1 0.494042 0.505958 
 ----> 6.6#11.9#4.0#14.0#VAR 1806 0 0.508654 0.491346 
 ----> 6.6#11.9#4.0#14.0#VAR 1807 1 0.541911 0.458089 
 ----> 6.6#11.9#4.0#14.0#VAR 1808 0 0.514583 0.485417 
 ----> 6.6#11.9#4.0#14.0#VAR 1809 0 0.53496 0.46504 
 ----> 6.6#11.9#4.0#14.0#VAR 1810 1 0.554872 0.445128 
 ----> 6.6#11.9#4.0#14.0#VAR 1811 0 0.468358 0.531642 
 ----> 6.6#11.9#4.0#14.0#VAR 1812 0 0.511081 0.488919 
 ----> 6.6#11.9#4.0#14.0#VAR 1813 0 0.524485 0.475515 
 ----> 6.6#11.9#4.0#14.0#VAR 1814 1 0.514547 0.485453 
 ----> 6.6#11.9#4.0#14.0#VAR 1815 0 0.507074 0.492926 
 ----> 6.6#11.9#4.0#14.0#VAR 1816 0 0.47733 0.52267 
 ----> 6.6#11.9#4.0#14.0#VAR 1817 0 0.486734 0.513266 
 ----> 6.6#11.9#4.0#14.0#VAR 1818 1 0.477939 0.522061 
 ----> 6.6#11.9#4.0#14.0#VAR 1819 0 0.503202 0.496798 
 ----> 6.6#11.9#4.0#14.0#VAR 1820 1 0.55224 0.44776 
 ----> 6.6#11.9#4.0#14.0#VAR 1821 0 0.521011 0.478989 
 ----> 6.6#11.9#4.0#14.0#VAR 1822 1 0.533011 0.466989 
 ----> 6.6#11.9#4.0#14.0#VAR 1823 0 0.557409 0.442591 
 ----> 6.6#11.9#4.0#14.0#VAR 1824 1 0.553507 0.446493 
 ----> 6.6#11.9#4.0#14.0#VAR 1825 1 0.499444 0.500556 
 ----> 6.6#11.9#4.0#14.0#VAR 1826 1 0.518342 0.481658 
 ++++> 6.6#11.9#4.0#14.0#VAR 1827  0 0.510518 0.489482 
