1 0.47386185903635797
0 0.4701840594377949
0 0.43916005617263043
1 0.4653304718954118
0 0.4988373597443602
0 0.5663575380702902
1 0.5823457589085858
0 0.6016503130400802
0 0.6023321335540692
0 0.5338027061178902
1 0.535196933661458
0 0.5203659950310167
1 0.5005424473308047
0 0.5388138711782714
0 0.5515656986675206
0 0.47956081514852983
0 0.5571451786613074
1 0.5026043753636652
0 0.5610920196865962
0 0.4910545969157557
1 0.5019923748984876
1 0.48557060124986373
1 0.4646944897121557
0 0.46417360725914125
0 0.5033911354402788
0 0.5431145970198877
0 0.5326138499350571
0 0.5357065320789303
0 0.576804044061735
0 0.4920858826235357
0 0.4743648631731252
1 0.481947659278928
1 0.46279372196453566
1 0.5154952975252511
0 0.5281644636936261
1 0.5443931061920176
1 0.5136777750610372
0 0.5289539271558833
0 0.5174698704335827
0 0.4694253340180376
1 0.49146119780184927
1 0.5079347128661624
1 0.5030652878877
1 0.5122602124008739
0 0.5298025872182448
1 0.4481780210082497
0 0.4412576178694579
1 0.46659745362265886
0 0.4783324861225634
0 0.4079476894608291
0 0.43543112584692606
1 0.46210401436943993
1 0.4771463208689084
1 0.4964855248643401
0 0.511197915537077
0 0.5069108611503041
0 0.45347324923501103
0 0.4039353287205297
0 0.41434524375078663
1 0.4418901457160251
0 0.4620646191921952
0 0.44361863160151815
1 0.4363126473057737
0 0.44440697365544457
1 0.4426815666100635
1 0.4565093330315586
0 0.4639925418504735
0 0.45887559105140907
0 0.4653184889850545
0 0.4996210280831904
0 0.4544341829998285
1 0.4730949991349041
0 0.465663688625719
1 0.4355051490007434
1 0.4904658630158574
1 0.5182750061361511
0 0.5493753532612443
1 0.5238476944359873
0 0.48131795878295697
1 0.5279040835161343
1 0.5638974037710692
1 0.5077935192751177
1 0.5076152315787386
1 0.5222955307682721
1 0.5222491788521021
1 0.48985412316046334
1 0.49647740721013434
0 0.43922781259383503
1 0.4565081714188196
1 0.5094837781183007
0 0.45672570057341727
0 0.5048427977733485
1 0.48767523753133263
1 0.47108914626872117
0 0.48570794809348916
0 0.5205196339003524
0 0.49597686374504246
1 0.5295301476201197
0 0.4690328546245044
0 0.4909881399742304
0 0.44689692695910455
1 0.48550448306410016
0 0.4533703655691869
1 0.4718542735910057
0 0.4616523184993589
1 0.4715697882000446
1 0.46207565761930336
1 0.44165467380884055
1 0.4017831090988965
0 0.45525131972929467
1 0.4581076719169679
0 0.4493937525121837
0 0.41012856522943547
0 0.407778169020298
1 0.4587328361392452
1 0.48177752286482783
0 0.45335136369317053
0 0.4569183471899898
1 0.4011142994672188
1 0.4292539328714289
0 0.4291346066995987
0 0.43874189445192585
1 0.3931485305116906
1 0.4568724056926691
1 0.428164755235525
0 0.4517635287376672
1 0.45997633978793767
1 0.4140136594136352
1 0.4185854901694123
1 0.430886537075459
0 0.4953512061264358
0 0.5009322238661775
0 0.48437412843694067
0 0.5429521500907456
1 0.4433025257681079
0 0.45636826875548286
0 0.45377676331878547
0 0.4421129007477147
0 0.45210502865442004
1 0.4669021586307959
0 0.49117751626140455
1 0.453336706562189
0 0.5115290966466691
1 0.43313428667249193
1 0.43979284408132924
1 0.46161443279573894
0 0.5005328454890944
0 0.4858756516263057
1 0.4712440531612564
0 0.5078207312511265
0 0.4998716191929758
0 0.5104490275170499
0 0.5163587606656977
0 0.48425031155339104
0 0.4997630821606771
0 0.5079979793181162
0 0.49185334369886696
1 0.4810735031845189
0 0.4980535903235063
0 0.5194490599053778
0 0.483899733299535
0 0.49436520842205883
0 0.5386905309406217
1 0.527689903706872
1 0.4920260647395577
0 0.5350953050305025
0 0.5330024259105403
0 0.5275623963409947
0 0.5189837913110047
0 0.492186479448123
0 0.4550684003942286
0 0.4736200605837543
0 0.47412989269129946
0 0.4774920676309369
0 0.4276543768979791
0 0.47542874984992284
0 0.4180958695025197
0 0.36502337218521835
0 0.41882154293076646
0 0.3974313530882367
0 0.4323672542804073
0 0.4540208323864817
0 0.4500542291992208
0 0.4275291392397784
0 0.42511328315297
0 0.4236500829820026
1 0.4574076219623461
0 0.4573107918498785
1 0.47236098469848603
0 0.42229256899620815
0 0.3880452930845189
0 0.40712851678878387
0 0.4174606421158339
0 0.40311017048397646
1 0.42650786517844724
0 0.40504097819696505
0 0.4089326550455901
0 0.41657550706955765
1 0.38751290674856465
0 0.3896453872978247
0 0.40122607732967297
0 0.3849248683287478
1 0.3772013390189557
1 0.3743123391386396
0 0.3755871413978862
1 0.40210270413821686
0 0.40494576253189635
0 0.39802714438152215
0 0.40949684633913513
0 0.3804539053311267
0 0.4055109741894765
1 0.4082345360308075
0 0.4200343652430188
0 0.40784379138854193
0 0.4057660600465988
0 0.39159744899043847
0 0.375328518410399
0 0.38969862391882687
0 0.38738033678029443
0 0.4085111222844251
1 0.4222390513459716
0 0.42573924275989067
0 0.41138498393315215
0 0.40165465354385876
0 0.4092981865534343
1 0.3958623659448744
0 0.39177935916707274
0 0.40406364610009565
1 0.3964689617428992
0 0.4224428324417577
0 0.4076109849444878
0 0.4302776354583451
0 0.4062731213494609
0 0.3890657368301913
1 0.40437924005116477
0 0.4033725526248177
0 0.4250552309145319
0 0.41534743070331814
0 0.4101015971494908
0 0.4021473047616407
0 0.42390314923082506
0 0.4170495752472703
0 0.40570183909035407
0 0.41832515281435334
0 0.39281976573046384
0 0.41985809335174945
0 0.44272756935806973
0 0.41198005064153875
1 0.4015669680409196
0 0.433092840788948
0 0.44449100137935504
0 0.4301264383035478
0 0.4400925704752185
0 0.4611899672651869
0 0.489466768213847
0 0.4578062459005695
1 0.4557015284344773
1 0.45190417316971115
0 0.45011409780169115
0 0.4378884787384678
1 0.41434727188350623
0 0.4316329965671788
1 0.43178409651891814
0 0.42590996335748804
0 0.4365795152116999
1 0.4620800047921945
0 0.45874494216137573
0 0.4527234596505231
0 0.4157438046015766
0 0.38920378952434614
0 0.4035599478964683
1 0.40047591222547674
0 0.420322875726593
0 0.4127213537451262
0 0.4382712870145956
0 0.4600461944505988
0 0.488500064524477
0 0.4997913808815243
1 0.46764879436711027
0 0.40836392790612
0 0.4142796290418106
0 0.4304921053921329
1 0.4294706553098201
1 0.43397948766906136
0 0.3804413483421036
0 0.41400668453893674
0 0.4355371448680574
0 0.4453636789066254
0 0.42823932234623635
0 0.425136550617721
0 0.4248716389041554
0 0.42799384744680674
0 0.4638576576838508
1 0.46466752760616375
0 0.4566624161470344
0 0.4363185699242006
0 0.42065665490375076
0 0.4584570703485211
0 0.43795547227002946
0 0.4480507642289818
0 0.42242607720437675
0 0.45962155955872325
0 0.46133945882492333
0 0.40350815737719936
1 0.41808876547722673
0 0.40477087759334784
0 0.40099565877010324
0 0.43880085453032297
0 0.4276853155242357
0 0.44131829099614145
1 0.43022117525074527
0 0.4310387330781397
1 0.42956749975160136
0 0.4059707818188977
0 0.41741114224336007
0 0.4129991047304462
1 0.4275538872207049
1 0.40437524675132797
1 0.4213000877695028
0 0.4226186787168027
1 0.4280398814856573
0 0.4019271420189358
1 0.4177887394574156
1 0.3801399716960674
0 0.3960850306019707
0 0.40723329090652
0 0.41451804202537695
1 0.4752662855267397
1 0.4524163419044683
0 0.45960750669434935
1 0.42482165078014095
1 0.4414025747026614
1 0.4311282098452956
0 0.44878604178437326
1 0.43315071224298346
1 0.4435361479217906
0 0.44898591705596125
0 0.44176699996092766
0 0.4523998982807574
0 0.4573203013540913
0 0.4019946513162168
0 0.4046200354237322
0 0.38561058199716614
0 0.39451468402609396
0 0.3907418619017708
0 0.4226515763068603
0 0.4389946200827155
0 0.4447169133616597
1 0.42570882529601206
1 0.420774645100481
0 0.3904912838282998
0 0.4012560462738665
0 0.40774848195023006
1 0.4297839551480008
1 0.42329625911150415
0 0.44361628532590364
1 0.4274279343068525
0 0.42813621423305337
1 0.4290939866165958
1 0.4206113043575001
0 0.421787041149475
0 0.45718243421930127
0 0.4482776108799277
0 0.49538829097341003
1 0.46008215572663064
