0 0.5386916270803727
0 0.49667232981424747
0 0.4663534570739853
1 0.46380849665185125
0 0.46527891882834727
0 0.47555896552928834
0 0.49937843192048115
0 0.48845274274860023
0 0.47933344326569677
0 0.45832226208540117
0 0.463756120907051
0 0.4906219002483201
1 0.4695495123535264
0 0.46684973116341216
0 0.45826344749706943
0 0.4521069022183962
1 0.4470323148577407
1 0.48503601516482503
0 0.45534681091541906
0 0.4631937015584492
0 0.45789692107049496
0 0.41074390272090167
0 0.47975557460218743
0 0.4640087577984307
0 0.4764399760974838
0 0.47020878822450657
0 0.4068675372031261
0 0.5154820664046971
0 0.478270950611671
0 0.43202587050515906
0 0.4088233192032735
0 0.43373976947383264
0 0.4251225730711553
0 0.4745258175252174
0 0.49399988260873007
0 0.4694163563214538
0 0.49430114694907223
0 0.4870088142872949
0 0.43908272167227325
0 0.46085504712278363
0 0.4016195808986323
0 0.4516473295365855
0 0.3834839353766038
0 0.4560984841680529
0 0.45736761107149715
1 0.4314098330192552
0 0.4071936417380058
0 0.38481091108602894
0 0.4466614170095082
0 0.41362762492888405
0 0.3854044237330549
0 0.4070670437281742
0 0.398991781773033
0 0.39802604089236315
0 0.4668633835062982
0 0.4473096477625669
0 0.5171776954511411
0 0.4803839959607819
0 0.4320535965171081
0 0.43156254740796246
0 0.4689361830802668
0 0.3882607879641452
0 0.3759639767389089
0 0.38432899873930354
1 0.4434890437702309
0 0.4167347460438592
0 0.4317090641128137
0 0.4344823281799271
0 0.5146006925344394
0 0.4743358966768756
0 0.45021059512480904
0 0.42864089209757483
0 0.3988359191351333
0 0.45928051783748924
1 0.45489848178328995
0 0.5089860147273861
0 0.45494490683566446
0 0.4281629778577232
0 0.43666211964025087
0 0.4350544226095961
0 0.4010838742113626
0 0.4118746823416913
0 0.42986949139602576
0 0.4243278858906366
0 0.4337392558350235
0 0.51328666307996
0 0.4698601679279491
0 0.4794067388740283
0 0.5427163521390261
0 0.49029728358001057
0 0.438790039820075
0 0.47051240719510645
0 0.4010899765587197
0 0.4207618684283506
0 0.41802013571665636
0 0.3961941142525162
0 0.4147000706878119
0 0.455001318176741
0 0.3726113843387545
0 0.4611266012592455
0 0.4400080181022463
0 0.3933462630878204
0 0.43814970206441695
0 0.38024896159374505
0 0.3954672523990412
1 0.43872520566626716
0 0.4266921488630522
0 0.3776629543133107
0 0.40004167504091004
0 0.39682812924625116
0 0.4062034788952524
1 0.347514210022657
0 0.38668868606772605
0 0.4228472608322924
0 0.38542906526922177
0 0.42719871221658523
0 0.3877481447970319
0 0.41265451296745104
0 0.3888312456837337
0 0.38465560483059485
0 0.43661458648401796
0 0.38764134999620453
0 0.42214975901295054
0 0.3888500908523917
0 0.3866312208753857
0 0.43917498883207
0 0.42950795943783815
0 0.4391298206291657
0 0.42102693653166445
1 0.4189610081904272
0 0.4479904184666008
0 0.4466258695794333
0 0.45856449120472037
0 0.42763790055246664
0 0.46117262955976285
0 0.48670081465664217
0 0.4403285821995878
1 0.42953332434758684
0 0.44945478930814853
0 0.5356661759095684
0 0.4705289302059009
0 0.5052496167882491
0 0.47819164704281686
0 0.4643930027479333
0 0.4309186897862504
0 0.49606052360777203
0 0.43352067977238384
0 0.4481874589526427
0 0.4192813065920498
0 0.3798068446352238
0 0.4241022298886242
0 0.4217588042335222
0 0.37368500070346206
0 0.43235101308128854
0 0.4615118538360936
0 0.443544039737637
0 0.4566325744067269
1 0.4608943461549661
0 0.4363440736683529
0 0.44755826048168273
0 0.4897741233659288
0 0.42678026150494236
1 0.387467195991303
0 0.41900307222608546
0 0.4029656467510601
1 0.39644055445980225
0 0.3971338806836067
0 0.38108003674806085
0 0.4374859247730351
1 0.3942912552732144
0 0.37979252438460737
1 0.4037145001793852
0 0.4410221620147029
0 0.40414777238826655
0 0.44047086599897156
0 0.4201955766268934
0 0.4055832336986328
0 0.38147772422231213
0 0.3878660802925835
1 0.3454000715029921
0 0.3876438751039719
1 0.371290393353143
0 0.3987800672851953
0 0.3697728221985444
0 0.39984376507025765
0 0.36924171224299873
0 0.4163497948259153
0 0.3921199687859834
0 0.39590652469494264
0 0.4008536280710302
0 0.41845847393606356
0 0.35381013438523223
0 0.4034276374198297
1 0.4258788869767678
0 0.404586379661627
0 0.38516450380009926
0 0.41052210117790444
0 0.3718388694484188
0 0.3992299001341831
0 0.38033035343347915
0 0.3739315565394558
0 0.3676707865243006
0 0.40606842548593686
0 0.3811478799851417
0 0.40159827581316415
0 0.3774975699363128
0 0.39284980042521295
0 0.35449169130284164
0 0.38891443302689693
0 0.35897358887436237
0 0.3950277160134534
0 0.3799641853048233
0 0.3598512040525799
0 0.3792593330872228
0 0.399742639299415
0 0.3792330581913845
0 0.39126585544906756
0 0.3710777203484764
0 0.422106850971679
0 0.42998827303164455
0 0.45958375882070984
0 0.3994520550962384
0 0.3997971476189212
0 0.37386972113576455
0 0.3662121823446399
0 0.35275580791461564
0 0.4063677845343861
1 0.4028741171294194
0 0.3901563911664483
0 0.3977970379408582
0 0.45239647694843077
0 0.3862205318054417
0 0.4075281281204359
0 0.377297625599788
0 0.3767620044006298
0 0.3696355779112552
0 0.3893127155697333
0 0.38038427130747315
0 0.43728395893352007
0 0.45839946879352556
0 0.4413727114900103
0 0.3939000953760169
0 0.4098771977074391
0 0.38648628656095074
0 0.38255096375054465
0 0.3660925773024429
0 0.4439507673394397
0 0.422040272988142
0 0.4394571188911538
0 0.4619185870997854
0 0.4707236250226885
0 0.3872159882206035
0 0.4566944073621241
0 0.43814370524994994
0 0.40741213443806135
0 0.4167696962986838
0 0.412753060925556
0 0.4021643819659061
0 0.38661065185927423
0 0.4045967642329962
0 0.4389410288577771
0 0.43712626599248744
0 0.4315709208348142
0 0.39695556844731034
0 0.38044560752350176
0 0.38848225782434803
0 0.41371984402972795
0 0.41610562731212275
1 0.4358958069323104
0 0.4062263811249765
0 0.40239414701269205
0 0.4344632377317187
0 0.3905296912797263
0 0.3794613188699841
1 0.3827506969744576
0 0.386214805813662
0 0.38590148487841963
0 0.40724655381845
0 0.3812688411963222
0 0.43396910687836754
0 0.4694202637841542
0 0.39129498432218973
0 0.4840849643951191
0 0.4033253877076329
0 0.3971369046968214
0 0.37362487553616414
0 0.41052868482576876
0 0.3754837475294345
0 0.40663813148273437
0 0.3778345647157776
0 0.38100857176885294
0 0.3749117960055234
0 0.397175227316167
0 0.3889490573905877
0 0.4247001215854348
0 0.36742653290700056
0 0.36583828507307714
0 0.42380887542301354
0 0.39979716705018337
1 0.39095168034239125
0 0.39142004595984853
0 0.4258355360287528
0 0.4180818399015011
0 0.4423189227574431
0 0.39470080836899357
0 0.34748560133688
0 0.41450876914681567
0 0.4189582463307037
0 0.39858979457087884
0 0.4354029895048701
0 0.4002166741296458
0 0.37939519137844896
0 0.42176140106012455
0 0.35813080337218606
0 0.4242558953248018
0 0.44637309053386487
0 0.420605887390585
0 0.3775122698807225
0 0.4103456411258584
0 0.3961888046094902
0 0.3560682165419736
0 0.37702359307898503
0 0.3809820691011952
0 0.35508207935351505
0 0.36975985092009606
0 0.37258311659754584
0 0.3582009648848398
0 0.39982079312685304
0 0.4398508163622503
0 0.3942280619832695
0 0.4535202596981061
1 0.4007950222065717
0 0.4111835057512004
0 0.39620674576029935
1 0.389500611303246
0 0.4225937022470603
0 0.4190731872145521
0 0.41873198570993775
0 0.3833535686576339
0 0.3928254244394101
0 0.382944057018248
0 0.4254697467242879
1 0.4548489461344564
0 0.3930249749055117
1 0.37115434610979803
0 0.4015466297989843
0 0.35174095718197546
0 0.4324779462831163
0 0.4017358237711104
0 0.38717062615044834
0 0.383761435619404
0 0.3630156149060705
1 0.40608115145061213
0 0.41570137801022056
0 0.3893415848129175
0 0.4296267445658495
0 0.42792892967990065
0 0.4558652275694434
0 0.41363622628470087
1 0.40410259670334986
0 0.41283250071444627
0 0.4315565000806036
0 0.3901051160312707
0 0.39714046573971434
1 0.39393566382618694
