1 0.5306274108976614
0 0.4775024845727915
0 0.475457165840534
0 0.48359205918980924
0 0.5001576854448891
0 0.4978990749467458
1 0.4249151425512846
0 0.44646380894411275
0 0.4552152667570558
0 0.49087527618588167
0 0.49137724244188147
0 0.43556149066488387
0 0.4089513849036275
0 0.4509031033218451
1 0.46032935341358716
0 0.44518483934468067
0 0.49252922780564257
0 0.4534007209686999
0 0.44906770772415283
0 0.5296509941897881
0 0.43480601644084266
0 0.43302221009978464
0 0.41123701477442337
0 0.4836670331082784
0 0.4226965906056128
0 0.44504045210947296
0 0.5050867397148748
0 0.47635392572394064
0 0.4769550700432672
0 0.4549214264838224
0 0.44966242039080834
0 0.45876751531354787
0 0.4486675703625048
1 0.4655314472145347
1 0.47211889233509874
1 0.4422388063423921
0 0.44969889907854493
1 0.4843290686881206
1 0.45625461859555516
0 0.4526656890808724
0 0.44619163278693025
0 0.4450901202584154
0 0.4344208832922768
1 0.4788984317316016
0 0.46583510390865623
0 0.4949290231652459
0 0.45511909735798106
1 0.42612344001041386
0 0.4925009518575709
0 0.41442261997530505
0 0.463930970007366
0 0.408292333511758
0 0.4591510552396443
1 0.4987380321550242
0 0.47076396737212706
0 0.4378817735617487
0 0.45114295339004956
1 0.4488780167007227
0 0.44879620750340693
0 0.4594777846757168
0 0.4556570835111346
0 0.4620892849242383
0 0.45055140266802474
0 0.47171817715071457
0 0.4892116016062801
0 0.47438872388162345
0 0.49817479991616276
1 0.4641098745190193
1 0.5162517493639434
1 0.48912744096352
0 0.4661727019410918
1 0.5074784698836671
1 0.4723912438337754
0 0.4787892291522737
0 0.4718381272641357
0 0.49426468986119343
0 0.4965382917942039
0 0.5101242215143077
0 0.45641644659143404
0 0.48391683466237556
0 0.49602401740896873
1 0.5340595269058436
1 0.47733187254902293
1 0.4816235340415031
0 0.5424442542917066
0 0.4974954486787414
0 0.45674455139923137
0 0.4539654322059101
0 0.45561435023777447
0 0.4658352627874051
0 0.4726845899236808
0 0.42135587522037765
0 0.41496452115798227
0 0.4028152660899731
0 0.43911398259413453
0 0.4415304492650369
0 0.4064458435228416
0 0.47659195056379294
0 0.4763594308279763
0 0.4161524939296873
0 0.4431383520657238
0 0.44625027466896033
1 0.4203574382655638
0 0.45764940664578946
0 0.42719472636369166
0 0.450769199257556
0 0.4577471133566919
0 0.433534239596873
1 0.43347053413078357
1 0.43168054553148905
0 0.4323199150953192
0 0.45403411972892566
0 0.4745220803943529
1 0.39172570275119967
0 0.44349641607508467
1 0.44341167043203905
0 0.46006809354384587
0 0.450668186801456
0 0.4993230365779905
0 0.5267172171353232
1 0.4754100010422008
0 0.46748524396108704
1 0.5011140506096733
0 0.49320152660897176
0 0.4932847454218225
1 0.4956060839360841
0 0.4747910956918171
0 0.4734094309381107
1 0.4602242014652688
1 0.4397210497547953
0 0.44317967474911446
0 0.4669893899487188
1 0.42857968481742703
0 0.4635293883177558
0 0.4646036663086549
0 0.48003231723923256
0 0.44662685392083884
0 0.476345337724686
0 0.4647624815642607
0 0.44198268491189574
1 0.4324717116692382
1 0.46433631927661273
0 0.46406294300718737
0 0.4872264182827115
0 0.4907525620017758
0 0.48981553680849155
0 0.4485520107591388
1 0.4933972394295862
0 0.4827988377034293
0 0.4912955227626632
0 0.44932060721036104
0 0.4752158229060873
0 0.4964143583378779
0 0.4319246504815581
0 0.49480687630110504
0 0.44754205634040434
1 0.475974917200069
0 0.44895413068978923
0 0.4467280596381899
0 0.4525615223201835
0 0.4338655497672491
0 0.450900047800144
0 0.4485983517828945
0 0.38446448320416476
0 0.45323652116114355
0 0.3953252338748452
1 0.4539972694544616
1 0.4210645194563318
0 0.4686115241441139
0 0.4324257803729993
1 0.4679163094714387
0 0.42690622241277576
0 0.44668584050669496
0 0.4670258303094321
0 0.43008505259005936
0 0.44357446045163296
0 0.4611607420323775
0 0.4472883633430486
0 0.4219894094798453
0 0.447937788194073
0 0.4367947307021303
1 0.4639275734627032
0 0.4415995355642669
0 0.43689207683199893
0 0.43056810886982894
0 0.4714679706812065
0 0.4463070657628281
0 0.4158513397474654
0 0.442534107358551
0 0.4452270334344972
1 0.44638648514999807
0 0.4573295216305051
1 0.4230215089552129
1 0.4345092906965513
0 0.43023081934632246
0 0.43921130133461295
0 0.45110551362101386
0 0.4393340408502215
0 0.44626286122823194
0 0.4140615900687087
0 0.43085936568483724
0 0.45599985447042707
0 0.4167237564793511
0 0.4708790138346506
0 0.413069497922551
0 0.42957770415051955
1 0.45445008225124894
0 0.4157382999895349
0 0.4575460567860481
0 0.45080822311973673
0 0.4329211439972038
0 0.43863467607710466
0 0.4584969523374384
0 0.45228252953154996
0 0.44448246767093913
0 0.447235257636282
0 0.448821941160435
0 0.4427603407689938
0 0.4617972802325742
0 0.44198957742250405
0 0.402181379080301
0 0.486988787729006
0 0.44936574929640954
0 0.45176431702081693
0 0.4501030409628975
0 0.436067729464921
0 0.4173430889091801
0 0.4430923287938832
0 0.42645545767525356
0 0.43971516856801746
0 0.4396550010379603
0 0.429143990798095
0 0.4580864628243922
0 0.4487614211259727
0 0.49461235075178644
0 0.48958497903656956
1 0.4762496610356616
1 0.4410762273580012
0 0.4387352864112425
0 0.444281727306418
1 0.4574430559500338
0 0.4738081878655245
0 0.44710902182872275
1 0.4741913232152499
0 0.4587389789142324
0 0.45834867957463266
0 0.4353265229458901
0 0.4418430474472635
0 0.5094806163686
0 0.4643716530037419
0 0.45482031205399626
0 0.4563204460375022
0 0.44486513185905086
0 0.44675841896038426
0 0.45635838477593105
0 0.45016711401033244
1 0.4520625728979327
0 0.4584219642344683
0 0.48509841616765853
0 0.49756727465456124
0 0.47158757315637934
1 0.45551185396223737
1 0.45224686757656773
1 0.44166791713397663
0 0.44505571024582885
0 0.437248893226804
0 0.45452322042347076
0 0.4033765148559606
0 0.4459552206453944
0 0.42859700675272616
1 0.4474051840496528
0 0.42187962851787814
1 0.4778769701508839
0 0.4416221554060692
0 0.4359096399258188
0 0.44622903484009596
0 0.47830654319038124
0 0.44944431721387135
0 0.456471438954709
0 0.4271248580829999
1 0.44497548656418856
0 0.4429703099701409
0 0.462201103944017
0 0.4638883270336062
0 0.4418881775232143
0 0.4160981143652225
0 0.4302341425128882
0 0.42374197330892605
0 0.46123028979192393
0 0.4057862481601932
0 0.4417988602530688
1 0.39694814851585924
0 0.47202415278280857
0 0.43130142423535917
0 0.4632641074322414
0 0.4653842544600068
1 0.4723643795701244
0 0.40614053521115423
0 0.4427385227046003
0 0.3910961955024347
0 0.4111844150103323
0 0.44581898275663906
0 0.41609844430985665
0 0.47535732780116496
0 0.4651961615668951
0 0.4369811317065558
1 0.43329071615578935
0 0.451947287960886
1 0.45157030449780267
1 0.4385884051856671
0 0.43110084078883953
0 0.4202337804756416
0 0.38794990577852584
0 0.4581133629170399
0 0.39926212693399954
0 0.42300116900957835
0 0.44975561868415764
0 0.40678887974772227
0 0.47047541455162983
0 0.43380718368534654
1 0.45539173476424694
1 0.4241671678866561
0 0.45542850375355565
0 0.42892336196600944
0 0.4867096037180126
0 0.4219124210291206
0 0.4007635061699915
0 0.36837918891283605
1 0.4420322577439152
0 0.4168951975028418
0 0.5071124946273556
0 0.4494480701920361
0 0.4544756531352352
0 0.42802575398341225
0 0.4467879970216935
0 0.471758032550033
1 0.46334961351198634
1 0.44744835224202945
0 0.49023108372621393
0 0.4402776324958115
1 0.5043909790225143
0 0.4711709477053455
1 0.4586042819171623
0 0.4470941432842794
0 0.45614627152420945
1 0.47138439394853465
0 0.44430630268605126
0 0.4660513297630313
0 0.4397531247614026
1 0.4442294195248374
0 0.45746204337289575
1 0.4441606032071461
0 0.4643719428308585
0 0.44167361272954986
1 0.4526134758275824
1 0.43411365466962354
1 0.4556645703232524
0 0.45256532591655096
0 0.42814632868783464
0 0.438901729316012
0 0.4441613135178239
0 0.43797189399608644
0 0.47726776296080586
0 0.4576114183254409
1 0.4473981759141623
