0 0.47329628870226687
0 0.4251575045775724
0 0.47132384428809254
0 0.480527149554317
0 0.48497896142367425
0 0.43626579186158654
0 0.3722411718686978
0 0.5208092721624553
0 0.4364540061596075
0 0.4620348564835515
0 0.3841997834562673
1 0.38831443686492567
0 0.42630734771113776
0 0.4074707867939637
0 0.4147301439324736
0 0.43309463956863065
0 0.401506535174791
0 0.4703278537119094
0 0.4566792474144147
0 0.45367436042175
0 0.45689038248054575
0 0.4929673323339999
0 0.406577512434347
0 0.4509494019006819
0 0.4172559055477748
0 0.4064474331465687
0 0.41085908060779763
0 0.44816090619506715
0 0.5159202505065719
0 0.4717152329652287
0 0.387369072103828
0 0.3842878736406502
0 0.45771534620616466
0 0.4367256703323298
0 0.42807495324422434
0 0.406741480481397
0 0.4321920977749106
0 0.48556260178670363
0 0.46581647540448573
0 0.44515842598736055
1 0.42895420086929087
0 0.4719831940470267
0 0.46548767553400766
0 0.39204959785431687
0 0.47085090251019673
1 0.39508291040745513
0 0.39773445120961104
0 0.4410748902682756
0 0.43181951762310883
0 0.4208396433755035
0 0.3960169289675023
0 0.3907052971757467
0 0.5016713652533707
0 0.4840470937030309
0 0.43560259674075325
0 0.43420661027298785
0 0.37539531830173256
0 0.37298072491369716
0 0.5159773781265459
0 0.39393587681882963
0 0.4718353097678288
1 0.4171277447920839
0 0.47613766186703904
0 0.44543354273158403
0 0.4404304654278133
0 0.410597859065272
0 0.4006030186981001
0 0.42687690250710475
0 0.48015713491535833
0 0.49749720810239495
0 0.4839452727027953
0 0.495396186491322
0 0.44581244709657103
0 0.4724772608196884
0 0.4595800157884047
0 0.4053526572177418
0 0.3898726055272165
0 0.46559587446001177
0 0.44475715422659934
0 0.43276296532946273
0 0.3903812672674699
0 0.40179166089211843
0 0.5085917440559233
0 0.4899937932415769
0 0.44894496554373464
0 0.44109424897730143
0 0.46456875248288115
0 0.4322814271801358
0 0.379465856990352
0 0.4458873004012835
0 0.38623919709164983
0 0.40990055602470865
0 0.45622248987299346
0 0.4532160811419172
0 0.39763528025258066
0 0.42242944191790865
0 0.4339538846844787
0 0.4392494302201874
0 0.4212904710194208
0 0.384723023676204
0 0.4421430955081029
0 0.40941682533001833
0 0.3645815260494251
0 0.45046864516700635
0 0.4276686005548612
0 0.423711033531083
0 0.40894902203929373
0 0.38123833423296605
0 0.43220803172732064
0 0.4074054093400632
0 0.4571704855218347
0 0.4031962166850544
0 0.4086693327598365
0 0.482655580761862
0 0.46137893087665655
0 0.48015854986785333
0 0.45145051783405604
1 0.4191487745647085
0 0.43444202887632966
0 0.4585769186167845
0 0.43987235089318294
0 0.38161893466677743
0 0.43172009233422187
0 0.43152415567127944
0 0.4363318215893323
0 0.44094725192781653
0 0.41869575676095183
0 0.42855063542770133
0 0.43852792181856576
0 0.4190209896508932
0 0.46382614192919064
0 0.3920764386589212
0 0.4285420546247951
0 0.4438790576785529
0 0.44767213121252736
0 0.47841275553824014
0 0.4029309709497091
0 0.3823099244278547
0 0.430439951892982
0 0.4595251763679065
0 0.4370410648152927
0 0.4010657263646494
0 0.39047937674328426
0 0.5258990321622117
0 0.46547789569141834
0 0.4088034534092431
0 0.3883425577633811
0 0.4081580054751687
0 0.4659097105810088
0 0.45323098059896066
0 0.484455134430241
0 0.4348836789666606
0 0.4797480680900237
0 0.4272222731541753
0 0.4502490742365393
0 0.4342082294939268
0 0.4240122096630853
0 0.4219901706041438
0 0.4244824197929247
0 0.42826531631242715
0 0.4136266367791085
0 0.42064466876613676
0 0.39231394364484834
0 0.4140439208547854
0 0.41727715036615226
0 0.39873379923340424
0 0.3897933522160562
0 0.37175086739873126
0 0.4263817607348539
0 0.4135143322670539
0 0.4076379455012562
0 0.37572586766815796
0 0.446293282907545
0 0.45043932777651136
0 0.4125583251328976
0 0.4199372784312437
0 0.4489268526468826
0 0.3774720391102135
0 0.4231843221223252
0 0.4145922392334367
0 0.43121866136415876
0 0.34554683421753435
0 0.3519316310192841
0 0.4005832979696295
0 0.4575496284720349
0 0.42513187682036424
0 0.3849417992403644
0 0.38295186595227076
0 0.38455199192118517
0 0.3823799844332815
0 0.42158594085983386
0 0.38802221462971204
0 0.4117376095536478
0 0.4109291907999074
0 0.40275867496208306
0 0.4331334967922574
0 0.35715903420868406
0 0.3838243754678595
0 0.42915021958220567
0 0.4183841342619733
0 0.44329194675678957
0 0.38678286819582
0 0.36848935355610957
0 0.3990672939334534
0 0.4588954252925591
0 0.47779138967784057
0 0.38144954027422406
0 0.370816416252902
0 0.4005959761047703
0 0.3750891331890687
0 0.440439332843214
0 0.3874437510522515
0 0.36363000016276026
0 0.4299672375017956
0 0.43755709674914917
0 0.4167317354248068
0 0.41610821008788246
0 0.4073520527946552
1 0.3905915998793086
0 0.39274058727487643
0 0.40967175064233086
0 0.380570648080698
0 0.36104278196739203
0 0.4620260692775161
0 0.42948663493163997
0 0.41845363736609004
0 0.38808016598527745
0 0.3585085670332756
0 0.438684496286905
0 0.43530896414338266
0 0.45144487616349777
0 0.4388622898895815
0 0.3876845665241555
0 0.5025805855379567
0 0.5118755175030739
0 0.43305706268649935
0 0.40129261011102973
0 0.38837852240787735
0 0.43991067325010774
0 0.4797218195859956
0 0.4409221073875625
0 0.35865650666012616
0 0.35945040705227077
0 0.46383333880807043
0 0.4280697884954395
0 0.41327744917746195
0 0.3819003429400044
0 0.38339244655346016
0 0.4372386604821746
0 0.4060835664622284
0 0.4165460064568063
0 0.43569489626235536
0 0.4210161855091882
0 0.4311686699076621
0 0.41068272684690244
0 0.4171767806357727
0 0.44289617598582826
0 0.4053175533154129
0 0.4169940490282157
0 0.4263972394537511
0 0.4775682745111571
0 0.38316732643470053
0 0.3871773904061771
0 0.39775576437691307
0 0.44500217929616465
0 0.44554788540861956
0 0.3799392705169631
0 0.4387495120961021
0 0.4398436795135876
0 0.39887868997720105
0 0.43685910796798716
0 0.373867621965032
0 0.4009902054329274
0 0.44846408801125365
0 0.4882278722078181
0 0.4188061671263387
0 0.41014109697939055
0 0.35894165414887
0 0.37470121021915304
0 0.4131299825787016
0 0.4135736905021692
0 0.42971569988945646
0 0.40466518387859685
0 0.40366942194298927
0 0.46640567490384327
0 0.4081420817070687
0 0.4451490789923856
1 0.43837853627649603
0 0.40645826930390977
0 0.43396145000296626
0 0.4161771235574653
0 0.45872956351440525
0 0.3639127372050361
0 0.37923073356797493
1 0.4098062923058233
0 0.4779203102366123
0 0.41871158517786905
0 0.4055540496882625
0 0.4333358010875183
0 0.40795440016558177
0 0.42978297585871295
0 0.46653203924435876
0 0.40721344161975026
0 0.3864915139052675
0 0.4114373457910236
0 0.42787647877260204
0 0.4370790394255845
0 0.4266431471690372
0 0.3906469534361267
0 0.43912119107950737
0 0.46462881214341306
0 0.4123174722259747
0 0.40495552809104407
0 0.4344206091867215
0 0.4187714388082974
0 0.4071265913816837
0 0.4440652870054025
0 0.37041440979586393
0 0.40890096193662917
0 0.35642957859470337
0 0.3925005247564006
0 0.4383535738387324
0 0.4565035495162043
0 0.4616284189815642
0 0.384991690500463
1 0.3658281102914101
0 0.4382180033478773
0 0.3966350594124885
0 0.46286235486699845
0 0.41368768141033185
0 0.39624690653451705
1 0.4438486597971033
0 0.4102422655870303
0 0.43470496169177325
0 0.38854108801925213
0 0.3960942108000578
0 0.4402401298255398
0 0.47756764725174433
0 0.413073997134202
0 0.4219428449485973
0 0.38670611444599134
0 0.5087052939533985
0 0.5030367481728573
0 0.44295421442765465
0 0.4010639572648568
0 0.44495762999921806
0 0.4505357283919411
0 0.38255098233014334
0 0.42498793838105703
0 0.41310754785914544
0 0.39207399904600754
0 0.42836659724088993
1 0.36789429162709836
0 0.4551786997173384
0 0.4141431815113448
0 0.35690214474847964
0 0.38176572933002056
0 0.3742129282696612
0 0.4465595764256622
0 0.4032376793455219
0 0.40429319842666017
0 0.4631915005066147
0 0.3998452442049587
0 0.44638181409746797
0 0.422004340946521
