1 0.48105141608787283
1 0.46576085424092406
1 0.4660579946634778
1 0.493081551946975
1 0.43677294504237335
1 0.45095213453182953
0 0.4591168122148175
0 0.45369909936427283
0 0.4927262180748933
1 0.4695431116763195
0 0.4891322452218245
1 0.49099916018589246
1 0.4609201827987622
0 0.49417528275325767
0 0.49055125717244663
0 0.5065360110063045
1 0.4763146133570264
1 0.4768751308280413
0 0.48157248414147064
0 0.4565378046203243
0 0.4888463609396191
0 0.47043629426655326
1 0.48145384112479744
1 0.47113026454591717
1 0.47716988662532306
0 0.4668879104030446
1 0.46151952635204596
1 0.48715213749497444
0 0.5110850355775498
1 0.4928763261746288
0 0.4815007705557513
1 0.494809916912431
0 0.45726397874703434
1 0.4685933472472695
0 0.4690227152571041
0 0.4696911160560761
1 0.45758119872686803
0 0.4831626402783856
0 0.48067117958509387
0 0.4738974373672432
0 0.4719472793725282
1 0.48872935099252457
1 0.4806823046860965
0 0.48051289442365885
0 0.47215562552525725
0 0.4793000213997966
1 0.47774025074396603
1 0.4546526761714155
1 0.4704387742633553
0 0.47016407494155527
1 0.48180403810643274
0 0.4703311648280286
1 0.47852947477969765
0 0.46971880687054474
0 0.4865583558617604
0 0.4844229501742875
1 0.48500485452965875
0 0.4696350401960371
0 0.474438374575345
1 0.478048121976229
0 0.49468995067590066
0 0.495767067272709
1 0.4791511515229915
1 0.49425593710959104
1 0.5008748916538031
0 0.48261808844702
0 0.503030140885625
1 0.48516369698142436
0 0.47808187397712837
0 0.4834184036959089
0 0.5208504590873206
1 0.5204944231021552
0 0.4791011358180877
0 0.4850010273429889
0 0.5066215978038688
0 0.5064210073128211
1 0.5026542087065556
0 0.4699516929973274
0 0.49755960320766746
0 0.48361905640138064
0 0.49342210174823004
0 0.46424723479653196
0 0.4743978787063441
1 0.4597136410927901
1 0.45817256010050406
0 0.4795157392378208
0 0.46470175488353127
0 0.47696638199995034
0 0.4651557902263973
0 0.4847610863358872
0 0.4879028960705232
1 0.4444559956034872
0 0.4765655034274745
0 0.4514408042799952
0 0.45386495133799765
0 0.4753697990111009
0 0.47148761601415884
0 0.4638190797556017
0 0.5009154989722491
1 0.479468231853861
1 0.48542162245860343
0 0.49433260467599255
0 0.48259160782225907
1 0.46956540565257937
0 0.47732249113348235
0 0.49411006716262973
0 0.46888621733413877
0 0.4806331215241803
0 0.493174138306685
0 0.4765730521790918
0 0.49487521321610295
0 0.4653520390864627
0 0.4583394848400794
0 0.48208054196986094
1 0.4678802600541534
1 0.5027067245653593
1 0.4805133252538637
0 0.5070406395703654
1 0.47389617142658097
1 0.4546152711722185
0 0.48381021395872376
1 0.46864540710816444
0 0.49852020312573275
0 0.503327632976404
0 0.5274194860345861
0 0.5121953918443907
1 0.49497213052315503
1 0.5338885552479452
0 0.49078611853593473
1 0.5026403801467416
1 0.47777721107803783
1 0.48359049828516043
1 0.4978408408065411
0 0.4890030710649095
0 0.5163504572037372
1 0.4801309188269371
0 0.48046275382855674
0 0.4385894493238309
0 0.47633068977195514
0 0.48618916788654076
0 0.4801693745937012
0 0.5044681917614592
0 0.4955961699850798
0 0.4747763657622128
0 0.45004572106445384
0 0.467626014242252
1 0.4484814975844399
0 0.5223447094059649
0 0.45200304554423265
1 0.49234333150050114
0 0.44675619104491027
0 0.4858154920469954
0 0.481043571817718
0 0.47095839315303767
0 0.47676696982686445
0 0.4912814573479418
1 0.46640053920365215
1 0.4799895105992673
0 0.5221144952853531
0 0.48809040340142784
1 0.4685423067065305
1 0.46670589970324683
0 0.45887727513390775
1 0.48215601501644034
0 0.4882641252505701
1 0.5090037568492632
0 0.5216987995367446
0 0.5273441792512079
0 0.5315622612381785
0 0.504795797338703
0 0.49653976372187564
0 0.49097054807047064
1 0.4980035589402667
0 0.4498790712897641
0 0.470248038496705
0 0.48590677272203286
0 0.5081596925010292
1 0.4987566849870167
0 0.5057509345685518
0 0.5062382011929282
1 0.49196161888438383
1 0.5087077059044932
0 0.49868672991343566
0 0.5212053729974044
0 0.5068110470245035
0 0.4946417762803636
0 0.4766805146660804
0 0.4287639468301686
1 0.4701722520691401
0 0.4923033819308496
0 0.5014600896281619
0 0.49179092101518573
0 0.4702163349701261
0 0.4443127235413277
0 0.48841877141546636
0 0.47642043446832816
1 0.5020149809988943
0 0.49634671694194193
0 0.4894859122537626
0 0.4915826037415919
0 0.4748072413022407
0 0.4634276155811454
1 0.4804664438291564
0 0.46122156690516114
1 0.4870962600823845
1 0.4861846708765781
1 0.47803494293282667
1 0.46225272274437174
0 0.4768993940406841
0 0.4711635976859552
0 0.4917110450379935
0 0.49412503917413514
0 0.5058513262646047
1 0.47794650941635053
0 0.4837186623428853
0 0.46993487349757934
0 0.4845529934074408
0 0.49559824311880557
0 0.5064674019321691
1 0.4917765004265206
0 0.4802099094498403
0 0.4434295834537199
0 0.4758383731067943
0 0.49599766530022404
0 0.4932489765238712
0 0.479110575170585
0 0.4725027972488842
1 0.46282121229416334
0 0.46060531283665496
0 0.45872703600044495
0 0.46570598611301384
0 0.4500310020422745
0 0.48344060151177254
0 0.44952838498769443
1 0.4555206335697714
1 0.46908028351222875
0 0.45155818365360256
1 0.48962162016609384
1 0.5074490772340179
0 0.510351649234276
0 0.5041178999659136
1 0.5290144460111206
0 0.49404093514351255
0 0.481931418284129
0 0.5119800975281179
0 0.5374793177117086
0 0.5172306045791958
0 0.538815515154984
0 0.5031249386134832
0 0.49746690718317876
0 0.4966569460439367
0 0.5018861182447727
0 0.4916126722245056
1 0.47870463607499525
0 0.46214208595673784
1 0.49116247838972266
0 0.47417740230044175
0 0.481912413977487
0 0.44759818867084566
0 0.5042088458705773
0 0.49137053642718537
1 0.5317535345807044
0 0.5332554376521277
1 0.4905064698137705
0 0.5034368976274446
0 0.44194427261734115
0 0.47770402239753995
0 0.46760843980748024
0 0.4920715062343487
0 0.5119546643599182
1 0.4931454006677481
0 0.49671288277202774
0 0.47961509160101023
1 0.4511232184141816
0 0.4483611758439605
0 0.48003515575398104
0 0.4985924278650777
0 0.4618836803004734
0 0.4772740062115449
0 0.4493801708634141
0 0.4603036200245041
0 0.4629663559261521
1 0.4771695173719957
0 0.5060770823975617
1 0.507638689942087
0 0.5208077573540385
0 0.4640523094984571
0 0.44620831316743187
1 0.4768573643673157
0 0.462172065568709
0 0.47703179435079174
0 0.4717887166265026
0 0.5149585469574098
1 0.52827632923641
0 0.5349511132125837
0 0.5316129995592679
1 0.48084497390588665
0 0.476347441064702
0 0.45028021819503256
1 0.4741575974627566
0 0.4664907382088958
0 0.47092086769381414
0 0.48518995097714057
0 0.49178306905546904
0 0.4489069948217558
0 0.4632092409922661
0 0.444538764370574
0 0.4617445012901321
0 0.479671266222376
0 0.4882474483180759
0 0.47872887449856416
0 0.5032293286442259
0 0.49632009818663464
0 0.4944000132631436
0 0.4902560981415165
0 0.49310969785706177
0 0.4968404241912878
0 0.48502851272462894
0 0.5024945106925296
1 0.4898621152459209
0 0.48930763450564463
1 0.49946313237991796
1 0.4685229993422673
0 0.509473694783664
0 0.4799326559675837
1 0.5056785005650855
1 0.5117649432487098
0 0.4502038003266871
1 0.44825724469332656
0 0.4570454528205241
0 0.4458272002065845
0 0.48024750986528697
0 0.43557972418880675
0 0.46332253755245556
0 0.45259220481747425
0 0.46266906831778554
0 0.46211167991466817
0 0.446615969771778
1 0.47173377911845543
0 0.44991192007916764
0 0.4809123716909846
0 0.45418439367178415
0 0.4716556708266306
0 0.4551119880716347
0 0.46103646219917027
0 0.47178699040090194
0 0.4540503546115523
1 0.46732504151471266
0 0.4883779445230888
1 0.4737352212750178
0 0.48231569533815066
0 0.4851581511372864
0 0.4946485004220508
0 0.4878899250882517
1 0.46370798817671394
0 0.4546629491298723
0 0.46199855292328895
0 0.4611202414699613
0 0.5100930630659833
1 0.4768895821599641
0 0.5056697178155533
0 0.42848635890910364
0 0.4557466938375955
0 0.46967621859355124
0 0.46846318638839357
