0 0.4612701927922053
0 0.49301461527360746
0 0.49583628228589205
0 0.5436354394573453
1 0.5128047533123369
1 0.4915598143556242
1 0.5018485698423055
0 0.48955730063354685
0 0.4731133491115617
0 0.48867595941866104
0 0.4831703821470339
0 0.48219626563171786
0 0.484791908636469
1 0.4661413511783251
1 0.4865021616814808
0 0.4790604296680653
0 0.49121420390331777
0 0.46732159130773426
0 0.47254221240872574
0 0.49736674589550073
0 0.4995634749441099
0 0.5028550207232119
0 0.5027066407436304
0 0.4671436095131956
0 0.4967156217631971
1 0.48240293891040137
0 0.5299318225377926
1 0.49141079952289046
0 0.47497539730213656
0 0.4750757560078055
1 0.4827708584368656
0 0.5125867827624146
1 0.4946589728494929
0 0.485541001878792
0 0.48118194407304843
0 0.48572725678707773
0 0.5180332044580589
0 0.4870556223313146
0 0.5190556739485913
0 0.48779150409864513
0 0.5028079434537098
0 0.48633551397421715
0 0.4562571417448923
1 0.49626182909396993
0 0.5011476694068954
0 0.4834949271156331
1 0.4917501320637356
1 0.5093191138074046
0 0.48467742681733444
0 0.5263834678511788
0 0.46510706026997267
0 0.4881169701078185
0 0.5059454272628569
0 0.49182786018319546
0 0.5064402878999624
0 0.5108852054532144
1 0.45870037035732175
1 0.50356994779729
1 0.5075434386025383
0 0.5000051121498478
0 0.4992024099219945
1 0.5183470860741478
1 0.49375271848929686
0 0.5129091562463107
0 0.5089797244805649
0 0.4816740685139981
1 0.4679944620192941
0 0.5018376105350965
0 0.4924708713578623
0 0.49390774323355163
1 0.4822212353100942
1 0.5244239212150755
1 0.48429839797646035
0 0.490191854820534
0 0.5076696937172579
0 0.48611343692520376
0 0.4823513250435525
0 0.4996761566079415
0 0.49151531069561016
0 0.4915441513865777
1 0.47487762708290376
1 0.48471119136072305
0 0.4778670759606216
0 0.5150326075071036
0 0.46262217328712485
0 0.5177294801434459
0 0.48023527839046765
0 0.4763428192279582
0 0.5011706900579784
0 0.5034070781538559
0 0.471135976789913
0 0.5031066573518832
1 0.49254990535552823
0 0.4798913521485924
1 0.4962944286373614
1 0.5136567338767207
0 0.5043279292589972
0 0.5084035022052213
1 0.4873529795434484
0 0.526029968171365
1 0.48213739793711646
0 0.48833236080892084
0 0.4352820928576287
0 0.48848269949168416
1 0.4748743427661777
1 0.4694790864023267
0 0.49195958959759856
1 0.4840186950182557
1 0.48742107736871604
0 0.5020571501869654
0 0.49209189978089396
0 0.5070812084831929
0 0.47389033478588144
1 0.5021653047537534
0 0.5414264353948949
1 0.5206266602017579
1 0.500834434083195
0 0.49361599944843776
0 0.5070273890455288
1 0.495065540687618
0 0.4823568695553259
0 0.498119952001172
0 0.49433155645513316
0 0.4998122774069744
0 0.5054331274530965
0 0.4622482122424225
0 0.4985242118217908
0 0.5022098324487033
0 0.5020812939689006
0 0.48199884733163006
1 0.4961699865337173
0 0.4953904709538533
0 0.4637026646629653
0 0.47908276934519617
0 0.48609619524204656
0 0.46878236916249244
0 0.48163495899841885
1 0.4941101655257002
0 0.49953476955173265
0 0.5345415986893111
0 0.5028050402092143
1 0.5191262394855465
0 0.48955979073910477
0 0.516519829063528
0 0.499090134108593
1 0.4812993202438719
1 0.4723448586644896
0 0.5052256594553606
0 0.48002133526357876
0 0.4953940969515432
1 0.45712230369463497
0 0.5062766125518481
0 0.5026548609807895
0 0.5203162235361626
0 0.4931402108481093
0 0.4823076914640909
1 0.5298190594243707
0 0.4983073809917636
0 0.4751190052250285
1 0.5168267209830306
1 0.48182986069503797
1 0.5066828464916856
1 0.49888379647739983
0 0.5114646701767899
0 0.5220614006329771
0 0.49292818289529594
1 0.5085359000064095
0 0.5167256153625055
0 0.469494906711277
0 0.5287891495389051
1 0.538701994969377
0 0.47977631320270986
0 0.4711295612037334
0 0.5184394808540638
0 0.5066641594230661
0 0.5085159783343425
0 0.49717738783964743
1 0.5401673988477917
0 0.48743190369946987
1 0.526466125862932
0 0.5178081911094901
0 0.4782189583985456
0 0.5302290063665348
0 0.5195267583306068
0 0.4846269202755006
1 0.4809422593692512
0 0.501546603056028
0 0.5235746222823712
0 0.4773227853000813
0 0.5017274299324004
1 0.44840992219252573
1 0.46895850089861707
0 0.5037425951196949
0 0.5132898098567614
0 0.5322850869261029
0 0.5188955575120694
1 0.48395186329160345
0 0.4794998486225966
1 0.45511617952839645
0 0.4794861752228695
1 0.4860357515662037
0 0.46198140171068824
0 0.4761804847402162
0 0.48280735577417827
1 0.4833804417372664
0 0.49853787925205534
0 0.4961225745670329
0 0.46343048116366464
0 0.48787342712445414
0 0.46790009982609615
1 0.5061821994995613
0 0.5233024757932407
0 0.5241112425270132
1 0.5011165289698571
0 0.4712203500395912
0 0.504756086414538
0 0.4925552152671912
0 0.49321104782350195
1 0.4479270847381653
0 0.5059167513189056
0 0.49626787047479204
0 0.5253824692721808
0 0.5100785103104899
0 0.504398811817811
1 0.4904507664596181
0 0.503820038656496
1 0.49422353870057123
0 0.5178470481863806
1 0.49514933367961195
0 0.4927225527896797
0 0.5094337659578709
0 0.48504008703512663
0 0.5001235098034592
0 0.5527730207429468
0 0.48267379891922846
0 0.44336459674682155
0 0.5078386112755406
0 0.4525069393015226
1 0.4433080817452417
0 0.4947168167837486
0 0.4959278450930703
0 0.48425037182260566
0 0.5089276737064817
0 0.4897316416388039
0 0.50982908802005
0 0.5044676534983525
0 0.4872137554659783
0 0.4562438977526489
0 0.497340637454342
1 0.5212964077364568
1 0.5137372722459872
0 0.4773311533692232
0 0.4819293871481633
0 0.4920089725431151
0 0.4679336862276833
0 0.4928631246096498
0 0.4844331220077327
0 0.49589259363384847
0 0.5048437386877439
0 0.4910449212747575
0 0.4858143305614222
0 0.46686318295949614
0 0.4900794278152127
0 0.47786325248142364
0 0.46567460386789006
0 0.5110146101976307
1 0.4913113085234103
0 0.4832756942746737
0 0.5041421903523774
0 0.46778759237650364
0 0.47372048967222224
1 0.4797059526711521
0 0.49935877390179967
0 0.5028738698025879
1 0.5007052923137089
0 0.48079541717539725
1 0.5208890354633371
0 0.4990629181447945
0 0.5121976097932235
0 0.4954644595054922
0 0.4814166959038678
0 0.4713932755116568
0 0.5093099696144101
0 0.5032313312893484
1 0.49950415321336833
0 0.5082149578647513
0 0.4902474893491827
0 0.529592293795936
1 0.5180396910649515
0 0.48590874012762925
0 0.48242186925354263
1 0.5014569478535801
0 0.4882497446285869
0 0.5181698383322538
0 0.4979066483334861
0 0.48927537152010925
0 0.5062335319660795
0 0.4721274811023286
1 0.49812977224358473
1 0.4679297691629722
0 0.5175693135848344
0 0.523861228321887
0 0.4816392315924095
1 0.4729937235453233
1 0.478950781071653
0 0.48584556597931017
0 0.47674684719322274
0 0.47333425390085815
1 0.47481867961235585
0 0.4743681846634536
0 0.5107389721034978
1 0.48069976432450395
0 0.48218176872515844
1 0.45563542227950593
0 0.4842410117570374
1 0.4879814188312177
0 0.5108049150498148
1 0.4960211464478912
0 0.4862227875915038
0 0.510066365247991
0 0.5544188129649232
0 0.4698008955349008
1 0.46672701930404475
0 0.48157231916688853
0 0.45160529878685673
0 0.4720414547320127
0 0.4930520544754464
0 0.4768487550448127
0 0.51012143462308
1 0.5278250141522685
0 0.48317737060982935
0 0.49405487393593883
0 0.5081667422536489
0 0.49514637380266413
0 0.4671721141060618
0 0.46844519314085126
1 0.4723963604955688
0 0.5073277322464043
1 0.49033707099884133
0 0.4547121448117079
0 0.47573323077498947
0 0.4768641191435938
0 0.4725361321831795
0 0.5115833584522806
0 0.461621403038499
0 0.5021975960431994
0 0.5292383009437414
0 0.4993912661492591
0 0.49010510497282983
1 0.47972110190777595
0 0.4801034817945476
0 0.4918150970336778
0 0.45471356630550563
0 0.5281734559592133
0 0.4837877683904977
0 0.4901663612484709
1 0.48759167128303804
1 0.5192413543703694
0 0.49686170123765677
0 0.5041528739327111
0 0.5058428530245384
1 0.47935654281606893
0 0.48279872620525993
0 0.49921556077655366
1 0.5024962660323903
