0 0.3641370664890653
0 0.5022433229796615
0 0.3810375689815256
1 0.4664093571862123
0 0.4199968489738839
1 0.445763739674468
0 0.4296820491783339
0 0.5195711236567998
0 0.41080409133277507
0 0.5031946655279921
0 0.43884326677816826
0 0.45411799833955785
0 0.43390201552587304
0 0.4381943256894553
0 0.44767029712274337
0 0.4923585820683917
0 0.45881591175908515
0 0.5433954167900111
0 0.40288724943384724
0 0.5340466879566532
0 0.4242659845866826
0 0.5292280843374034
0 0.3748807682908473
0 0.498831059852138
0 0.34031780963209934
0 0.46782419788199503
0 0.43157474198694207
0 0.48690174348832
0 0.45720345303342685
0 0.49453140055277944
1 0.4016141119280742
0 0.5227028750137395
0 0.42708154957721006
0 0.5511041152315577
0 0.4350632477325335
0 0.49955391064879884
0 0.386333458031497
0 0.4703349508102642
0 0.4099754843353325
0 0.546228153246096
0 0.42707881755901783
0 0.4350844112587041
0 0.45047522809968715
0 0.5187181944216248
0 0.3870282213978574
0 0.5357071910779297
0 0.4066062872465525
0 0.49338266990226004
0 0.45359533912700584
0 0.4454430729630282
0 0.4314907754373052
0 0.5356254149838555
0 0.4270893824543049
0 0.4623269662676851
0 0.4630315742194496
0 0.4553210179245945
0 0.4140143892145227
0 0.4431124083633505
0 0.4515814368031576
0 0.3764943308507021
0 0.48615532069416284
0 0.37652880504885755
0 0.4830575461217948
0 0.4041230831803397
0 0.49799751555474603
0 0.4529139860053012
0 0.523098060807194
0 0.40202850887779545
0 0.5065574863668306
0 0.38472722899686895
0 0.47136733513714707
0 0.45034561987206123
0 0.44315041192223736
0 0.34260553729440385
0 0.47256540881461817
0 0.3675939875409973
0 0.5048049770889844
0 0.4057939938534027
0 0.5471723618987325
0 0.4069076822827626
0 0.5083623210082795
0 0.4776384563603953
0 0.4347783387640944
0 0.44147852854156955
0 0.47245784825179954
0 0.40651252848167896
0 0.3731408059932691
0 0.4270701132631034
0 0.4007842596120999
0 0.4355532712848714
0 0.4651058379236454
0 0.46371808354580824
0 0.4177791254086303
0 0.42587292980013763
0 0.4026765509354079
1 0.4366331706600482
0 0.4057704717428452
0 0.4052529762236195
0 0.37017305540142137
0 0.4865429608883964
0 0.3948065287175454
0 0.3764033016901499
0 0.4547423404311703
0 0.3634610175436557
0 0.4217857544093242
0 0.4196453725190348
1 0.3531693683220719
0 0.4621616235197064
0 0.3557803209307852
0 0.53231492618011
0 0.36984555857507667
0 0.5445786980259456
0 0.37665124881700796
0 0.5244720074729221
0 0.4103713723386974
0 0.519695286513337
0 0.37802942638776965
0 0.412265416961603
0 0.3291154756297977
0 0.4583708028082532
0 0.41656554383849936
0 0.39360231184671646
0 0.40123542974409804
0 0.43860279819738596
0 0.4629682341401427
0 0.38444280677728937
0 0.4393761281883043
0 0.394361871998995
0 0.4655886902923125
0 0.47489128058939567
0 0.47688877341111335
0 0.48677724236395414
0 0.4770124262547437
0 0.3611330491908103
0 0.42411013671160563
0 0.3813299804830036
0 0.44928266167618003
0 0.33855667123269084
0 0.49489643400027217
0 0.3340542439136417
0 0.4854438118044485
0 0.37428898458962034
0 0.4965875411389351
0 0.4091231440555435
0 0.5549111307133111
0 0.3807315415266243
0 0.5312789843307613
0 0.4057344323061139
0 0.49082465330443564
0 0.3298986600078239
0 0.45937517487173757
0 0.3834087918525925
0 0.5227590063007392
0 0.3496438548152693
0 0.39081584510126843
0 0.39501916457635894
0 0.49624279067308463
0 0.37856413818983653
0 0.37449307416887756
0 0.5114516777892409
0 0.44076387809421075
0 0.4540687626300397
0 0.43681605002412305
0 0.4659235226087405
0 0.4922020697733962
0 0.4797810183776766
0 0.41521949959497706
0 0.3630326627682227
0 0.425589618396666
0 0.4523535139832751
0 0.34144455505232296
0 0.4083769163679277
0 0.38437647209867204
0 0.4517138992631887
0 0.42124354515866363
1 0.4619237158037514
0 0.4105008367125049
0 0.47617139998783503
0 0.40352776611416213
0 0.5131891261441976
0 0.3987856050150739
0 0.5234537857555814
0 0.42737292719134773
0 0.37810065379796953
0 0.3483134016759011
0 0.44433480019400723
0 0.3596383936023429
0 0.4384135964469697
0 0.3832407082062336
0 0.38149664233292735
0 0.3709074440449606
0 0.5579702040698481
0 0.3872955005321095
0 0.4780937181086523
0 0.42201004838865375
0 0.4903649376157705
0 0.35726470780409575
0 0.4155719368965585
0 0.3779205111534038
0 0.42403476210729407
0 0.35549675525233515
0 0.46709538209419543
0 0.3715055012246861
0 0.48291674993682426
0 0.4076846049939109
0 0.4938275000911673
0 0.30934736634755355
0 0.37793904444604615
0 0.40427205158740254
0 0.39856685832961763
0 0.46030821411188433
1 0.3791245948137512
0 0.46370127916202875
0 0.44650616282589645
0 0.4146884142390797
0 0.3986491974827348
0 0.48688715760804463
0 0.4298778007802267
0 0.47789334194261107
0 0.4631313597136447
0 0.4805759714761929
0 0.38731850236852877
0 0.4797080203421573
0 0.32661713001348064
0 0.4307952377749539
0 0.4167186146640797
0 0.45428150545503176
0 0.35553118303683684
1 0.5039021301564169
0 0.36477406473877033
0 0.4784931556718882
0 0.39202789515416
0 0.3904742210889034
0 0.46462063345906446
0 0.42686791979498756
0 0.4064330834328964
0 0.4725580752309722
0 0.4440699752441294
0 0.33074260077223255
0 0.4237888769740224
0 0.4009677995966493
0 0.445482329457585
0 0.4054897868279619
0 0.5084691517581684
0 0.43569148660977497
0 0.46522689673420276
0 0.3983922498958033
0 0.4203776376948172
0 0.3741579342272955
0 0.4786772211344306
0 0.31506888189791626
0 0.4133023531827745
0 0.40293293533564845
0 0.4405009625334954
0 0.41098244539305806
0 0.5453862122252277
0 0.3935246917628506
0 0.5056455765462322
0 0.43773377977823014
0 0.5115883900358985
1 0.38573788868637815
0 0.5145121917282603
0 0.3805546723118767
0 0.49950309713488966
0 0.3851540679011999
0 0.49999271471429957
0 0.39502799134177385
0 0.5416011713881097
1 0.3926171095288908
0 0.5426562848923334
0 0.35992856883598107
0 0.43792860550339274
0 0.4614570160325474
0 0.4648708702430911
0 0.43623929633330516
0 0.5218121818851594
0 0.37557327297589543
1 0.5329135495385505
0 0.4172066245738767
0 0.4972962337643565
0 0.4029810257971452
0 0.48847309259451477
0 0.33719672321233557
0 0.46900964875612616
0 0.35210091276378347
0 0.5286878293677589
0 0.4027723055721745
0 0.49264421748984566
0 0.3815112569244397
0 0.5187243721900388
0 0.47040470764339326
0 0.509345738367881
0 0.3997878716153499
0 0.5206557388167644
0 0.3611573070717426
0 0.4859207209091328
0 0.41546774296386574
0 0.45855277565610714
1 0.41622885913464436
0 0.5259685198521284
0 0.3697449829089054
0 0.4834411805560723
0 0.37797365792321724
1 0.5221112450581029
0 0.3717451400017652
0 0.5318839514149277
0 0.3958616464080665
0 0.46134105931567726
0 0.3881531666170609
0 0.4212762888268784
0 0.36628414374316914
0 0.4201719567533287
0 0.3889154036690677
0 0.44044559597825444
0 0.39025354458031586
0 0.48743887080453907
0 0.37133401842682995
0 0.5082734721199818
0 0.37413204410257533
0 0.5690737454602435
0 0.46752613057163434
0 0.5102070888436697
0 0.43334823575339815
0 0.5344145747622953
0 0.43449471254188476
0 0.47922160565849353
0 0.4027282716009262
0 0.4963040652711553
0 0.3174711704768647
0 0.39910440241581935
0 0.42642688951303553
0 0.43432136072065486
0 0.361963270783762
0 0.41215715796574715
0 0.3982406831661522
0 0.4625165907203043
0 0.3778435728274609
0 0.43191451475130743
0 0.42748852644229357
0 0.4907517897767835
0 0.45985222387463426
0 0.4841491400434469
0 0.4420117817027414
0 0.5030938732519826
0 0.42027524083264906
0 0.5087320910536919
0 0.446032014897304
0 0.4928558756148599
1 0.405033073325235
0 0.4323348326533319
0 0.41819557564923526
0 0.413826409599368
0 0.5021704241639461
0 0.4025002137632399
0 0.4679264352616282
0 0.3721712076779745
0 0.492637683040935
0 0.38419394629126
0 0.5353423736457051
0 0.3821196860752061
0 0.4874491128773124
0 0.45079302886701705
0 0.49324211203384594
0 0.4082191380460118
0 0.5152191481765277
