0 0.5454679939690037
0 0.5104522468338296
0 0.4738526913553616
0 0.5073136738307927
0 0.5439857704582192
0 0.4745416731712221
0 0.5006696767980725
0 0.4684286706272137
0 0.46429216417905517
0 0.45168993286803505
0 0.5379586514352134
1 0.4716497237575567
1 0.5190979698690327
0 0.44895461693772015
0 0.5214615889743239
0 0.5364613019098469
0 0.5064491341268963
0 0.5020042044031736
0 0.5333892740208447
0 0.5209392572658942
0 0.5255727847952517
0 0.46566590886466347
0 0.5005147582170318
0 0.4563090223629109
0 0.47283498720154993
1 0.46650991933569474
0 0.4931964775620445
0 0.4767853746231958
0 0.49713149344199403
0 0.5100044404024744
0 0.4714517709446615
0 0.49523324925089374
0 0.47125215684923916
0 0.44468567230929595
0 0.45009570260968884
0 0.45558103996441635
0 0.4378690636951903
0 0.45732663165225695
0 0.5198580566494545
0 0.48585735777434386
0 0.46313960598331305
0 0.4599628439037225
0 0.5146881980493337
0 0.5048252252784514
1 0.4939825825620811
0 0.49366847428313493
0 0.488869297167335
0 0.5015936959720181
0 0.4648142059872413
0 0.5008149284868392
0 0.48273414008657284
0 0.5413841470459223
0 0.4823922290627356
0 0.46853383254869224
0 0.45435463160127854
0 0.5019706093245373
0 0.49539910132116777
0 0.4368790938475627
0 0.4442885296957151
1 0.4966090599078097
0 0.5085904257012714
0 0.5296910120000681
0 0.493729995297845
0 0.4684737567624021
0 0.48710728598420355
0 0.48987874235674245
0 0.5070801168274525
0 0.4556006529898709
0 0.48616744907589193
0 0.5054664466847548
0 0.47730248596362274
0 0.4859425801388268
0 0.5110832757505105
0 0.45479467606383517
1 0.4773634151251081
0 0.4526874105078193
0 0.4429064878379679
0 0.4753372068309664
0 0.4714834295271088
0 0.4718531305495993
0 0.48412108889720984
0 0.42067996908144634
0 0.4690489114280999
0 0.43547162417109986
0 0.4744151847260498
0 0.49975023825026327
0 0.49776056550483344
0 0.49796051291077603
0 0.48644221524771847
0 0.4686385190648116
0 0.49312780318220956
0 0.5001493427730304
0 0.4537876366390189
0 0.44374975619194995
0 0.4863284994295349
0 0.43972720969578083
0 0.4616339254605963
0 0.434381185211968
0 0.4872800398139336
0 0.5484520374949714
0 0.4615882020752714
0 0.4654878728390402
0 0.5110568837895133
0 0.5134180032737345
0 0.4977448748884839
0 0.5263934228976969
0 0.4981491088936384
0 0.4689002627005337
0 0.45454684405440204
0 0.4516168991133615
0 0.504278522007118
0 0.5112907316424116
0 0.48156915407670586
0 0.5376497256849404
0 0.5175115211448208
0 0.4766662996622429
0 0.5120389821902233
0 0.5019027380163763
0 0.5156707431955069
0 0.49284629468619023
0 0.5035936544941313
0 0.4504776007024007
0 0.48479150135680493
0 0.44823881522802606
0 0.4561319964866606
0 0.47975870277043786
0 0.4734304927755504
0 0.4686410889618777
0 0.4765895898056094
0 0.5107366790497486
0 0.49022723038155536
0 0.4542293696911668
0 0.49364784054866884
0 0.5220138585227136
0 0.538323779801691
1 0.5548270455191274
0 0.4918138663467764
0 0.5088326990556064
0 0.4786486924592406
0 0.4703563291483232
0 0.5060912602369835
0 0.5013344811762458
0 0.5057474210770264
0 0.45568489664972656
1 0.500924338173202
0 0.4976354507806784
1 0.49532177539231254
0 0.4705879814465198
0 0.44639416858264075
1 0.4692473089919759
0 0.505098458980891
0 0.4749408550209382
0 0.4415865553368123
0 0.44831360908539425
0 0.46555541135131534
0 0.4771122188147899
0 0.4803704398694982
0 0.5103178975320833
0 0.5037220068776314
0 0.47953437137211513
0 0.5240588771763468
0 0.5155441060097654
0 0.4340471852322887
0 0.4565721344729125
0 0.4810561960381022
0 0.5021971912746678
0 0.5318610610183593
0 0.4546367678085568
0 0.5157392725914192
0 0.4741700247723578
0 0.48736656921634913
0 0.49291983385801813
0 0.4925241064735054
0 0.4800684995829367
0 0.4974932605330382
0 0.46191595743851876
0 0.4918959548241912
0 0.48973678166645684
0 0.48980595191804477
0 0.48641973645517866
0 0.46677545549626576
0 0.49185938553962844
0 0.46368012310950146
0 0.4990742483445694
0 0.5111778799926018
0 0.4987865148704861
0 0.5008605022230693
0 0.48713953420010236
0 0.4442243997456912
0 0.4572772615085048
0 0.5119477910585885
0 0.48755822392339704
0 0.5154779099892443
0 0.4593560500662808
0 0.4672535363995982
0 0.5109108968753261
0 0.5278830373292971
0 0.5512238425260378
0 0.49511011831320995
0 0.5203105435913312
0 0.45775883012699475
0 0.4761882050236214
0 0.4869894981457208
0 0.4844671316103446
1 0.45762729272650204
1 0.47041278796337066
0 0.46718764501417537
0 0.4855549168153547
0 0.5069085098154116
0 0.4771693907172084
0 0.4569182884104713
0 0.5003502227966801
0 0.511890121549909
0 0.5118983174459026
0 0.4982803693117309
0 0.4686074886398027
0 0.5029366939139395
0 0.44665728308049785
0 0.5177521594206161
0 0.4483690010277727
0 0.4943144023911396
0 0.46307991693096356
0 0.5081553606727582
0 0.4514567581892903
0 0.4791789262238731
0 0.4568897946692837
0 0.4708754012893277
0 0.4556641182843113
0 0.5195565681160156
0 0.5129880542669392
0 0.5362898721220367
0 0.5111393241209529
0 0.49848845908665446
0 0.4592009426790923
0 0.4611870699947939
0 0.4618101526788521
0 0.4533434834345548
1 0.4378450063612313
0 0.5148779775186481
0 0.4985415242566523
0 0.4258693530858638
0 0.48164272444747
0 0.49286769091889265
0 0.4965342823808045
0 0.45882925885498926
0 0.4721511615934448
0 0.46310590793330986
1 0.5196858573735972
0 0.41482526610533177
0 0.5127323158275382
0 0.5176495651750883
0 0.4624588319213116
1 0.46604895304250465
0 0.47536376351523413
1 0.47817493522764337
0 0.4796379417608591
0 0.47464242863400197
0 0.5002093666349082
0 0.5083300703687179
0 0.4871422845485599
0 0.4834173069953561
0 0.47783852188361753
0 0.5015044691982918
0 0.47976975933595356
0 0.4885481870621922
0 0.5192232017393841
0 0.4961607715126085
0 0.5121952841361034
0 0.4896402916355985
0 0.48645683799264905
0 0.5158796077035664
0 0.5021992098226007
0 0.5127469293344874
0 0.4811810308484269
1 0.4944719418695493
0 0.5032757494598916
0 0.4852891106673957
0 0.4835815291975646
0 0.5030181466211335
0 0.47512577443698173
0 0.4648831486100297
0 0.4837147169152533
0 0.4574046969488572
0 0.4867606869349593
0 0.4942879781335101
0 0.47030826101130024
0 0.48196744295925265
0 0.47028427145949736
1 0.5186731278644275
0 0.454177432041866
0 0.49869111726611226
0 0.4951500941710478
0 0.47707909917256064
1 0.50760651728006
0 0.48555377894401397
0 0.4841689067884864
1 0.5221501005779031
0 0.4710958848480464
0 0.4794606474461322
0 0.49182471254167476
0 0.552682825588512
0 0.5009897375604974
0 0.5297592690224752
0 0.4937756025684246
0 0.5218502926935628
0 0.4537057139450278
0 0.5023918379654764
0 0.4842799182398282
0 0.44081607964904623
0 0.49234857581518393
0 0.45497845749350146
0 0.49131411663637975
0 0.5001347366739903
0 0.47623645285396704
0 0.47671152034502967
0 0.4803646346158064
0 0.47711195433826353
0 0.47920841685564836
0 0.5036148613167426
0 0.4839861544852599
0 0.4600803755771862
0 0.4652952266157703
0 0.47934251515995974
0 0.45470171996852304
0 0.5022303039947684
0 0.49375929362613596
0 0.5269384024948568
0 0.5063208421048812
0 0.5014538926770299
0 0.4908803011245496
1 0.5062698783579795
0 0.4835719905945807
0 0.5043781120088032
0 0.4554869831869767
0 0.48776697278419096
1 0.49853214547466485
1 0.49194762827478306
0 0.49894168316155585
0 0.5185841620766366
0 0.5155466909690564
0 0.4862637099798274
0 0.4390419767023962
0 0.4783101427440704
0 0.4894161479875113
0 0.45439807135445337
0 0.4545109002662648
0 0.5398342631864322
0 0.4664984621063995
0 0.47318906242713493
0 0.4542574941163592
1 0.47120683531751556
0 0.4848539835404299
1 0.47789456654364004
0 0.4746691533418165
0 0.49461832385018695
0 0.4626678715648109
0 0.45861342010113165
0 0.43698410672620275
0 0.49124276994279165
0 0.5026353570949174
0 0.46334599979308194
0 0.45753191204771776
0 0.47585716329157823
0 0.48632185435524955
0 0.45776644265848143
