0 0.47582857246674864
0 0.4709443539702608
0 0.4400863734244086
0 0.49354320647994343
0 0.4675089835323812
1 0.46033786663822357
0 0.49526892802325556
0 0.47840241442145887
0 0.5077534839194718
0 0.48478481287611874
0 0.5080647931774621
0 0.4902585932432562
0 0.4887849976320297
0 0.5090701717210576
0 0.48495566782476146
0 0.48962161781765506
1 0.5010162327138616
0 0.511978445077028
0 0.5056000559380697
0 0.47373712513840255
0 0.48401961095686463
0 0.4717809601249406
0 0.499334175362935
1 0.4720996252684645
0 0.49192033501973176
1 0.4833067143730903
0 0.48449529731856844
0 0.5239613543077535
0 0.4657379244072505
1 0.505858174024441
0 0.4824812151314187
0 0.4482824997718575
0 0.48725274825581644
1 0.4767070370026056
0 0.48229186222692416
0 0.45361538907796173
0 0.4769558094665407
0 0.49175841709260176
0 0.4624664147911648
1 0.48651645923405684
0 0.4688710480318854
0 0.4855972276961024
0 0.4842933924089707
0 0.4853311837904126
0 0.48595200044761494
1 0.4928805905375779
0 0.4734529144019772
0 0.4800459019851345
0 0.4842991361746609
0 0.4612734346978578
0 0.537519112946358
0 0.4474211891909541
0 0.4338408677751692
0 0.46641567710130394
0 0.4963492939690703
0 0.4609942948618111
0 0.46399688126615357
0 0.48884687864700316
0 0.4598302083414836
1 0.4745328371931261
0 0.5132819246628082
1 0.48145178262760535
0 0.47660316538029146
0 0.46672408487657413
1 0.48185561746919764
0 0.4676624419980413
0 0.4765393845876186
1 0.47924501021726174
1 0.4620799292646899
0 0.4638500316652762
0 0.49706385303528394
0 0.4777871829734955
0 0.47829854021719137
0 0.4721443350217781
0 0.4950556496913182
0 0.45897478916003437
0 0.49139028488871783
0 0.47075291433412914
0 0.46559504222488074
0 0.47656772038553324
0 0.4819999708239419
0 0.4633155426167154
0 0.48948524137611393
0 0.4711188882127545
0 0.4831988851960996
0 0.46110547566166704
0 0.46272692729055387
0 0.4950900055993853
1 0.48267614616883575
0 0.49446986054412756
0 0.5003972095484767
0 0.4882400908419386
0 0.499775118756515
0 0.48846157201180723
0 0.4808454223943276
1 0.48004924146636285
1 0.4932463622293006
0 0.4748296119858523
1 0.4941541636755104
0 0.48233465334895953
0 0.48564872213767546
0 0.4886276805584037
1 0.4748292244433579
0 0.4670121839109418
0 0.5029837807018406
0 0.4757676109360952
0 0.47277846599634293
0 0.5185174050628181
1 0.49013248816617105
0 0.4906843565891619
1 0.478147835741619
0 0.4782110828616142
0 0.5009091566534232
0 0.48029032164457575
0 0.4917232017440989
0 0.46149794337528677
1 0.486629288488534
0 0.48101776540706626
0 0.5383856020857687
0 0.4736938521243222
0 0.49480871377918983
0 0.47591305000033274
0 0.48229886853020637
0 0.46796517829676393
0 0.4927731448047979
0 0.48109336841253664
0 0.49520863480030064
1 0.49680501687914314
0 0.4516162154462631
0 0.4460397938921734
0 0.473044518298395
0 0.4905439544477681
0 0.49530712013918626
0 0.490113369578712
0 0.5117915015810782
0 0.5046479289576725
0 0.5207330328331723
1 0.4797042351740933
0 0.5039071921010155
0 0.49043763716368494
1 0.4928746244527899
1 0.5100140251734037
0 0.493716643898696
0 0.4761434411419128
0 0.4891740139589179
1 0.5071558750236106
1 0.4780752287481528
1 0.4608893900637545
0 0.4761288314193279
0 0.49372735459884615
0 0.4844150875624683
0 0.4780218642403136
0 0.4804715959988229
0 0.5069882353298921
0 0.4912721948061328
1 0.5321399205167985
0 0.5193254418839188
0 0.5646689651180452
0 0.47400327014583443
0 0.5054087287790445
0 0.5280690054302761
0 0.5242777745284402
0 0.5053849230871679
0 0.45170497612345223
0 0.5211359088692354
0 0.4683032639678099
1 0.5269155750226099
1 0.5096062365219268
0 0.4900379240218156
0 0.5122645208616597
0 0.4835699133303508
1 0.4800118856236194
0 0.515732008106536
1 0.5196179070645348
0 0.5144900637149655
0 0.5245925469034516
1 0.4876367561423176
0 0.4783664398874347
0 0.48835126200046614
0 0.49017299904961603
0 0.48687299650428256
0 0.49179205011227706
0 0.4595826152370803
0 0.47066495320621415
0 0.4960183089718131
0 0.4941131493700751
0 0.4936871288197213
0 0.49528795427227623
0 0.5061046367428483
0 0.4942245727374279
0 0.4794922578205461
0 0.49690216511417346
0 0.46925476752960404
1 0.4727341234222732
0 0.4836694764986583
0 0.5041034747435602
0 0.502749844068147
0 0.48015814197684303
0 0.49176431574845136
0 0.5078718919756104
0 0.5098280473461
0 0.5025899137467145
0 0.44119983916071753
0 0.5058209598668686
0 0.45787615630583633
0 0.48849933065249124
0 0.49915151305818845
1 0.5007561314030806
1 0.48334325110267556
0 0.5298706853565984
0 0.5531765805324363
0 0.5144711848295728
0 0.506581907958177
0 0.4917923821896168
1 0.487563980113795
1 0.5096641024359079
1 0.4770878740680384
1 0.4899697590922045
0 0.47334611544374955
0 0.47005435108867405
0 0.4922164245501609
0 0.4690106316259673
0 0.46151311459051375
0 0.49071804390207496
0 0.4830183760130671
0 0.49982319534205555
0 0.48691245411728695
0 0.4896593441251086
0 0.4701728449841119
1 0.4927709256627395
0 0.498921301628985
0 0.4790474312893475
0 0.5064724764888899
0 0.4978082937099284
0 0.49917174109253665
1 0.4806432932216394
0 0.4847730453736248
0 0.5015837568952672
1 0.47268130158362576
0 0.47026566111543827
0 0.4921492723403184
0 0.46520182941576416
0 0.5280747668420614
0 0.5303797306354497
0 0.4807267959429022
1 0.45750927038046346
0 0.4979639480598138
0 0.49845603256427073
0 0.49094879637303895
0 0.5160289296985419
1 0.47107528935480303
0 0.4971482602683358
0 0.5025692184089211
0 0.4735171235900094
0 0.4795054691276291
0 0.4933648060842974
0 0.4605720232736534
0 0.4865070382667197
0 0.49376232607824877
0 0.499625083292071
0 0.49864416338600814
0 0.5072188433613884
0 0.5080696807555847
0 0.4791815619153953
0 0.5281930968810047
0 0.4735330115366989
0 0.5120718462411504
0 0.49506586899328814
1 0.5171389838577717
0 0.5120059638726939
1 0.504015580615611
0 0.4719300980105063
0 0.4866233032671961
1 0.5097981683433964
0 0.48084948267353994
0 0.4967463985474764
0 0.49496524842534617
1 0.470623556447622
0 0.48944019702381303
0 0.48432807563231184
1 0.5028762829499134
0 0.4798109305240364
0 0.4907512926240101
0 0.4735608374998503
1 0.5307957828255355
0 0.4635744992023351
1 0.4290621223542765
0 0.5187722687806876
1 0.5222332256146234
0 0.46432936883001713
0 0.4760043305201699
1 0.49915401328217496
0 0.45943164287799293
0 0.47643285737518765
0 0.47405983455291906
0 0.47532319328749545
0 0.4990974058548423
0 0.4768960838445759
0 0.4975905269193
0 0.4726391405111293
0 0.4694052087735348
0 0.48780356080876325
1 0.4505119711826942
0 0.4725277607580779
0 0.4915636563186964
0 0.47269061923269445
1 0.4892512217431615
0 0.5113589872344027
1 0.5139842227519122
1 0.4931795409158829
0 0.4688904983382331
0 0.49068616035744855
0 0.4696399539395615
0 0.4730828979261361
0 0.46146446582509715
1 0.4647908280639942
0 0.49859893493640073
0 0.48898527982811
0 0.48181058360933865
0 0.4535625800251688
0 0.5273746997957551
0 0.4619074259400282
0 0.46789052919182766
0 0.4730437461124966
0 0.5161993745748548
0 0.4767448404188667
0 0.47517052453771247
0 0.47075832441112786
1 0.5004215320229088
0 0.489748714665293
0 0.504915684517067
1 0.4914008484842671
0 0.5156845152686463
0 0.48977840047845156
0 0.4601569879220101
0 0.47372791898745
0 0.4922110297368588
1 0.47855622718723534
0 0.5016236961969477
0 0.5012796971398902
0 0.44104523936782225
0 0.4562890431554415
0 0.4173575210301105
0 0.5076295090465708
1 0.49309656752100434
1 0.48317022144371996
0 0.4726391230665474
0 0.5088312409058913
0 0.4892083618476086
0 0.48137746707195117
0 0.488892138044802
1 0.49314626410135687
0 0.475744220292921
1 0.47858091858451096
0 0.4955145210913836
0 0.4453218345043593
0 0.4488459236384164
0 0.492324819782689
0 0.45581441789191396
0 0.46697517707914965
0 0.5001956470619167
1 0.49221922392207207
0 0.4977998788127165
0 0.4838087658007872
0 0.48259292115118385
