0 0.4222162244342367
0 0.4334811887333587
0 0.4874590636189919
0 0.4443499090686706
0 0.492761217006449
0 0.5073222849356623
1 0.44215034610294124
0 0.4687632448874677
0 0.46293620096819615
1 0.4823678792410345
0 0.4433765348877633
0 0.4485991008416038
0 0.42952696102570415
0 0.46151615517571526
0 0.45492521051116147
0 0.42411722981918026
0 0.44574398400617493
0 0.46610177859264856
1 0.4804907400309993
0 0.4310263067850027
0 0.4960269376932336
0 0.42080344791524293
0 0.5163178228151026
0 0.47775647086433637
0 0.452226209993706
0 0.43203487634685234
0 0.4410254203218165
0 0.46193705228290644
0 0.4445088157322322
0 0.43238678536924335
0 0.49647862170375473
0 0.4567332664988642
0 0.43931522995373234
0 0.3929111487537356
0 0.45042608776812404
0 0.4464947959832889
0 0.44217851881360604
0 0.4590334630904922
0 0.39900689746348045
1 0.46286444693680134
1 0.4090558605630749
0 0.4007616638658786
0 0.4100521894209486
0 0.42654101656190996
0 0.42879776195747127
1 0.4162484731377822
1 0.40691514902226683
0 0.42090089008496423
0 0.425118697718862
1 0.41756380144461736
0 0.4806102539575266
0 0.45146673726897263
0 0.4699147199862674
1 0.45277250561047194
0 0.492502029133522
0 0.4868936654492821
0 0.4740624197353673
0 0.4813209115064607
0 0.4140800555381187
0 0.4500680177224843
0 0.443858343697545
0 0.4355056546023772
0 0.42207792070970945
0 0.3992183652298974
0 0.4857258798677213
0 0.456499327608344
0 0.4170507701564311
0 0.43794104706088527
1 0.4024481121282221
0 0.44696320466688294
0 0.49759002937470115
0 0.5092468591668722
1 0.45174789218411343
1 0.49571683676681566
0 0.4084816383462594
0 0.45946716293343215
0 0.46491496059202825
0 0.4217093715832548
0 0.43328457567104095
0 0.4719215744993936
0 0.44653670098147574
0 0.43620297250634793
0 0.43081051144729465
0 0.43965663155743495
1 0.4725995347922674
0 0.45788845697399494
0 0.40720396097629136
0 0.40090169145378973
0 0.492968344082635
1 0.4393595304131234
1 0.4351547835726953
0 0.45998944227813254
0 0.44294396006612713
1 0.4781906213766768
0 0.40066104524130447
0 0.4193616270419392
0 0.3980122093169851
0 0.4235692702233254
0 0.39261628803607235
0 0.4183368020860653
0 0.42415528857027285
0 0.3883832114066452
1 0.4146812512748171
0 0.4027608147978886
0 0.4235607699455866
0 0.46597409433087134
1 0.40013705882602013
0 0.4209600134085105
0 0.4043495150352216
0 0.39448872769440646
0 0.38778928468454676
0 0.44749093805514395
0 0.42296030814095137
0 0.4684487808811668
0 0.4329010892735439
0 0.38994595120980796
0 0.4142631597690044
0 0.39772784900570257
0 0.42748458545680385
0 0.4358142979682474
1 0.4673181825463006
0 0.49720484623933325
0 0.4355313421837986
0 0.4223716075700126
0 0.4120193599690365
0 0.45417834086866504
0 0.4313060503364907
0 0.4344638817326909
1 0.4798944018977924
0 0.4122383710514533
0 0.47053752713211944
0 0.3810990603776279
0 0.4531788530735336
0 0.42925172734308725
0 0.4205480601874403
0 0.4733794195887266
0 0.4185634525871349
0 0.5279035411564694
0 0.44874406357231594
0 0.5062169170781382
0 0.4652620671960341
0 0.40408064357096407
0 0.4742533132730149
0 0.4036234492964248
0 0.45111266564790486
0 0.41226922217654954
0 0.44036886317119606
0 0.40264516144918233
0 0.4041258072077546
0 0.4235842541098047
0 0.43686584026467906
0 0.4384646758108461
0 0.39634938315734364
0 0.41691550007283384
0 0.45646940227777894
0 0.4436975659331004
1 0.4453125710881313
0 0.46290521402515333
0 0.4606245988606144
0 0.43275715037221707
0 0.4217260625534291
0 0.41419419012318315
0 0.40881978651771783
0 0.44164145349097816
0 0.40674922102907196
0 0.3882759189696719
0 0.41013885544658113
0 0.4061827787623215
0 0.40181884914041327
0 0.3919851826766239
0 0.39934395562688857
0 0.4276492100355039
0 0.38837508962998835
0 0.4138014205192483
0 0.3868121737342865
0 0.40141528362215106
0 0.4051470119377248
0 0.40626562336906025
0 0.40137429996734314
0 0.38061873506768196
0 0.3842026526640701
0 0.42214824955445857
0 0.41532831070692594
0 0.40507226814182806
0 0.4388162122595935
0 0.4445474525397621
0 0.43555263800383165
0 0.45944966520582714
0 0.39661792115523586
0 0.37797155793116755
0 0.38348003579791046
0 0.41297117758808716
0 0.4229924326858881
0 0.4190333891389264
0 0.43073624968602464
0 0.411565986544818
0 0.4473866193161201
0 0.441532837167875
0 0.40124236453837187
0 0.35848328715901556
0 0.3840328927426046
0 0.404051021860261
0 0.4126751366485569
0 0.39008295152101724
0 0.4173958653245424
0 0.37933080293887056
0 0.38899273199407597
0 0.4106616791504208
0 0.3877534212350489
0 0.3894597660547552
0 0.3725032695836449
0 0.4040144861171787
0 0.4143229644021949
0 0.3858405688932231
0 0.3968298629082237
0 0.4089558402609944
0 0.38361063871889733
0 0.4161269235020698
1 0.41332962301647647
0 0.4229046986619106
0 0.4201344180740166
0 0.3794109834920904
0 0.4090126558910662
0 0.39974576138069995
0 0.3842320655145929
0 0.3991259428777284
1 0.4065704732594611
0 0.42155444388770763
0 0.47412835760487443
0 0.45293417691071053
0 0.4228480295353412
0 0.40136261898645403
0 0.3879416799411872
0 0.41478719529382135
0 0.45342662564993086
0 0.45222272026343524
0 0.40245396360922575
0 0.39288953854491454
0 0.3872022572265315
0 0.410615000771445
0 0.4101542432465585
0 0.42824301946342674
1 0.46439566500626633
0 0.4036560581497672
0 0.4656100980824593
0 0.4684302338235201
0 0.434638411182439
0 0.4248917087775435
0 0.38320383753725995
0 0.4346446476269315
0 0.4098531631599254
0 0.4150377216126145
0 0.42676791457500474
0 0.4183945855256182
0 0.4195543818947207
0 0.42907403431346974
0 0.4098179831560608
0 0.4423335895185012
0 0.41743520217661956
0 0.45503718409224814
0 0.4390133368274373
1 0.3947087650612463
0 0.4424633597981747
0 0.4117735537773875
0 0.4339781018727336
1 0.38649665109681913
0 0.4314233357064303
0 0.4212569791636828
0 0.40211654887036186
0 0.4378158691888706
0 0.40485581804981896
0 0.39183084074998326
0 0.4098025256260734
0 0.412922355914034
0 0.42333791637170515
0 0.40937439970745376
0 0.42927958568146585
0 0.41271177634921985
0 0.432396093077546
1 0.4354774008404517
0 0.4393487793430267
0 0.4230261798413569
0 0.42333665985047075
1 0.4465756571829192
0 0.4054214089871257
0 0.4195319794652247
0 0.38686022198745845
1 0.4018969492684267
0 0.4183725262502839
1 0.42121386112917336
1 0.42645416697471283
0 0.421793199980401
0 0.39228364083757705
1 0.39634132136393446
0 0.40308763438429
0 0.3881348826518237
0 0.42638366807573785
0 0.48763256488813583
0 0.4222455165888459
0 0.45794219989585044
0 0.4289951453023181
0 0.4712770283765275
0 0.45769433912977103
0 0.40047778879121915
0 0.45954134155574755
0 0.4481374114568335
0 0.45672721493291035
0 0.45252165839268427
0 0.4258082007486039
1 0.42611734379040184
0 0.41456125165566937
0 0.40429898121134217
0 0.39520419529504897
0 0.3953532488273723
0 0.42371340753789266
0 0.4000965439558634
0 0.388520660756018
0 0.40052167396475336
1 0.4227265453634006
0 0.4035271605372726
0 0.38542220571037994
0 0.4077404886572177
0 0.4034722707035698
0 0.394844631333971
0 0.436101660629671
0 0.4080806802748599
0 0.366214758507458
0 0.4017457200189618
0 0.45535443539586257
0 0.422735458516598
0 0.3940802738507595
0 0.47642020185128786
0 0.45855722742245125
0 0.46986923646003653
0 0.5268424480317478
0 0.44941319902198573
0 0.3928256834673242
0 0.41212744060133666
0 0.38484921914290454
0 0.42531630141530313
0 0.4151850263728522
0 0.4187527050044445
0 0.38556734371746704
0 0.46743302850266494
0 0.42802215806353444
0 0.4546326621056784
0 0.39728488869894857
0 0.45539551641083215
0 0.4154813182475179
0 0.4227787872700427
0 0.464285710031638
0 0.4445151565616529
0 0.4112920390459776
0 0.41095068721498035
0 0.3899620927823763
0 0.4256194808028431
0 0.420322271980029
0 0.45582187223304726
0 0.481827034484886
0 0.44216616920616486
0 0.43107902817338156
0 0.39282952436176755
0 0.39818209579928193
0 0.3933813499084138
0 0.43408803475743696
