0 0.5470239664756068
0 0.5521071616045797
0 0.5694696813681352
1 0.5298965772699753
0 0.5750023859724176
0 0.5480099045408783
0 0.5280173483699466
0 0.5435188487496958
0 0.5167151407571672
1 0.5553631560733133
1 0.552325720846776
0 0.5778437770609746
0 0.5389854844268657
1 0.5369248004317904
0 0.4864166032068978
1 0.5466723351115821
0 0.5204013857721612
1 0.5475174156009655
1 0.5496856183124512
0 0.542803703130176
0 0.48299002635290006
1 0.5264907283894301
1 0.5359005283954155
1 0.502377398888696
1 0.5264323863010905
0 0.5395467031881179
0 0.5331109882556124
1 0.5607497153607448
1 0.5438455401367245
0 0.5205951583379255
1 0.5409306137363759
1 0.510380354394365
1 0.49689527814655393
1 0.5067548364886411
0 0.48217819622322966
0 0.4984799139409459
0 0.5251716360513562
0 0.5338068744599738
1 0.48859939248977974
0 0.49286131106449366
0 0.49223010216421853
0 0.5011911422034563
0 0.4857128684537113
1 0.46703179736130285
1 0.48178945851744764
0 0.4583774381544739
1 0.49347728900653226
1 0.49834574479051214
0 0.4865162128646906
0 0.5175489583662479
1 0.518947709725838
0 0.4952324057238127
1 0.5283380504784418
0 0.5082477967109936
0 0.507907043126368
0 0.5029492116668138
0 0.5047527430977582
0 0.4945872196991836
1 0.5016174802386129
1 0.5056909427689701
0 0.49059217488615403
0 0.4738371925985478
1 0.5047324717760596
0 0.4770041462385134
0 0.5219311233442928
1 0.5011975303706736
1 0.525961979164951
1 0.549756161787233
0 0.5254398435719042
1 0.5041805727109013
0 0.5094195478437773
1 0.5057544434561826
1 0.5106105331321441
0 0.5105982599947715
1 0.5281103456167919
1 0.5131351864774775
0 0.48652429410421316
0 0.49555631920937915
1 0.5074748773743655
0 0.4945196312618059
1 0.47497465441613756
0 0.4834367075911212
0 0.5170048667283729
0 0.5101192701289071
1 0.4910929834512102
0 0.47866062376770724
0 0.4784240677636862
0 0.5209501806952739
0 0.48983993089738487
0 0.5091687160431602
1 0.4903506565571962
0 0.49944018104929366
1 0.4699752980932327
0 0.5058611892367337
1 0.49138762129293373
0 0.5028990005805023
1 0.47377614891908054
0 0.49748583908254357
0 0.4682455162727004
0 0.5005219723977207
0 0.47602161180487146
0 0.4940476805796807
1 0.48865109956577607
1 0.4988108032504204
1 0.4971396143036256
1 0.48041696203285156
1 0.5180851233359164
0 0.5293850755437914
1 0.5300442277180742
0 0.5227713358711198
1 0.509370952290028
0 0.5054378818112973
0 0.4903763649278687
0 0.47671711059606686
0 0.5128901166610996
0 0.49999572039810847
1 0.5130129699801343
0 0.5254039212378013
1 0.5099039943674617
0 0.4953658156319482
1 0.5007495968905432
1 0.5310258023127984
1 0.5235655578782649
0 0.5210343428574753
1 0.5164043396287102
1 0.530076949279491
0 0.5260260201994619
1 0.5130385239823886
1 0.5029099057571389
1 0.47957764659678426
1 0.5030119503777835
0 0.5283584685250574
1 0.4948660808030206
1 0.5099783905178088
0 0.5039349568861113
1 0.49921125619512957
1 0.4957401122774153
0 0.5306411607750936
0 0.5189585473674462
1 0.5328063674084619
0 0.5193535111916605
1 0.5076123843461937
0 0.5098357628690403
0 0.4812887888083606
0 0.4948305308252449
0 0.5246145983768473
1 0.4879918495189221
0 0.4804930307412236
0 0.48953216240306285
0 0.5054875709142475
0 0.5237401180250663
1 0.5008127586828187
0 0.4962842375760405
0 0.4808370558516637
0 0.513543936361416
0 0.49896000700030546
0 0.4752622865142587
0 0.4694663384801201
0 0.48021315899719136
0 0.4751655150625657
0 0.49260726782292497
0 0.4723782690699949
0 0.48893141377575267
0 0.474586125505431
0 0.45628954881476175
0 0.46288403568204994
0 0.4701867070648954
0 0.4779975425802252
0 0.4936417387591352
0 0.46429116885398114
0 0.4636001592517157
1 0.46697409745748863
0 0.46995283594981485
0 0.4705573797863249
0 0.49162056716127445
1 0.474917146199322
0 0.44517596899434486
0 0.4703845173697578
0 0.46900020654273933
0 0.44423906248182093
0 0.47939120897340554
0 0.46328615234090476
1 0.45418375456716514
0 0.4504560169185357
1 0.4487234683867758
0 0.4404370225061658
0 0.4563692723851667
0 0.46348459904425
0 0.44197032633243855
0 0.45893226053716674
0 0.4596393604584786
0 0.44077557829828046
0 0.45519268856501066
0 0.4497891706199959
1 0.4307326243751165
1 0.4481681045613681
0 0.453326445735114
0 0.44237371149802657
1 0.45834534857733716
0 0.45751044844037
0 0.44097626036838083
0 0.45306305673714004
1 0.4491983179476695
0 0.4483963838944905
0 0.4505135734182166
0 0.44754081691281045
0 0.4357419307459108
0 0.44830318590176393
0 0.4588656166083596
0 0.43235740023901026
0 0.46335175924520855
0 0.4542202450483117
0 0.44682720096784945
0 0.4555915068305365
0 0.44473930360405795
0 0.44904837350145815
0 0.4536864309364676
0 0.45982612459866457
1 0.43806962832683605
0 0.46741768320436133
0 0.4773857516656904
0 0.4823203821520033
0 0.49708743068758793
0 0.46678580223662847
0 0.46176981378504645
0 0.46509242036306
0 0.45986903791522366
0 0.4794819971893456
0 0.48398713186396136
0 0.5176754851023957
0 0.509168633348947
0 0.5288730079537082
0 0.5110415703618185
0 0.5119462311683032
0 0.48338135021535283
0 0.4885929324036676
0 0.46947329778793473
0 0.49697335969473433
0 0.46746526521765347
0 0.46845292889875617
0 0.4845812280942429
0 0.464574963031037
0 0.4686006724314997
0 0.49558524000071813
0 0.4976991255598894
0 0.4733738142731481
0 0.47088392436288456
0 0.4716323896482664
0 0.4770178605182886
0 0.5070632530851205
0 0.4933352199502817
1 0.4886962750090312
0 0.4883796612145829
0 0.45711639445105456
0 0.4763266972255832
0 0.481616473398264
0 0.4985700145438414
0 0.5339437575398687
0 0.5014852785209866
0 0.5116095977541145
0 0.49638486777483176
0 0.4865647059288266
0 0.5271690759383608
0 0.5164683214083067
0 0.5012683261888575
0 0.5121164834430304
0 0.47451921726238727
0 0.4855838550904947
0 0.45644717179472943
1 0.48013042324413335
0 0.4778657079339693
0 0.4712253490413189
0 0.4786207588820129
0 0.4786805972197875
0 0.47467309714887734
0 0.46203308298779994
1 0.4776364976836977
0 0.45882078896515677
0 0.4606660207815302
0 0.4778281511777515
0 0.47072810705357176
0 0.45649855882206486
0 0.4870966965022904
0 0.4828212779855254
0 0.502142976186233
1 0.5201373075826358
0 0.5297770000539733
0 0.47946033436266244
1 0.4472796933703733
0 0.46813466881110843
0 0.45924582765770655
0 0.4675293146917204
0 0.46763605822177196
0 0.4603737920478933
0 0.46478755576248004
0 0.4709899441139115
0 0.47853574597094256
0 0.48578618712220195
0 0.46375912324097074
0 0.4956656134328202
0 0.45963383766012295
0 0.4639006757841849
0 0.44585873820669547
0 0.4755523039508191
0 0.46623927526447767
0 0.4356691327643446
0 0.44339073088039793
0 0.43589048022983024
1 0.43508974551119045
0 0.45868029041448755
0 0.469094808735269
1 0.4945554619117306
1 0.4711107199209815
1 0.5016607045465608
0 0.45277556180438816
0 0.4675492123248905
0 0.45060995964515776
1 0.4346378332463571
0 0.4621559194470337
0 0.4542613755995419
0 0.4873756263808501
0 0.5038586176659909
0 0.495072728713344
0 0.4625393397054301
0 0.47619061343079866
0 0.4710865512383063
0 0.453446228382761
1 0.4489430181312063
0 0.44236367476498717
0 0.4613529686311551
1 0.48490783620431255
0 0.4779741159005891
0 0.46818107735136544
1 0.41347805141314486
0 0.44138476756765677
0 0.43652307054501
0 0.4319264711117287
0 0.4451420599609977
0 0.49734117895443597
0 0.4841546196354914
0 0.4795982935189924
1 0.45136910198522645
0 0.4582666620924965
0 0.46116440230170974
0 0.46438326329569035
0 0.4565338358698428
1 0.4508507634636051
0 0.4785955384972798
0 0.4774409705133201
0 0.47475979174520744
0 0.39448671667450924
1 0.40064224841454305
0 0.40143552919748615
0 0.4070539189200676
1 0.3934994411197395
1 0.3428725109121125
0 0.3601269506601682
1 0.3675373227672012
0 0.40112697506793604
0 0.426439635351985
0 0.4538804323393043
0 0.45003589065899596
0 0.4178945849379589
0 0.37628929990556
0 0.412305625306804
