0 0.44084777506709516
0 0.45959710142352433
0 0.4444526148982418
0 0.47414117509891357
0 0.47187766457635405
0 0.5203294564005287
0 0.43119857191870953
1 0.4603799668586431
0 0.4717880643037242
0 0.4469644538279299
0 0.4397960567978396
0 0.4603928137152542
0 0.49528461881508684
0 0.45998621811441354
0 0.4515924239695833
0 0.4972409352117308
0 0.5241318139348985
0 0.4795544326944805
0 0.42345124531378014
0 0.4236821209441081
0 0.4303033467277515
0 0.4682202023117615
0 0.4447107534941196
0 0.475018709660308
0 0.4467677414045302
0 0.4542555570444343
0 0.4720454771554304
0 0.45842899396860876
0 0.4997277816492845
0 0.4649425457774445
0 0.3983317777967282
0 0.4361492214056193
0 0.4378035033223927
0 0.46764641924085326
0 0.49334859734185255
0 0.42556913586346956
0 0.458418399038163
0 0.4802892050868162
0 0.46357648396830026
0 0.4370280419391167
0 0.45204880150731197
0 0.4380060884572965
0 0.4495876916317522
0 0.46591288784594287
0 0.4832944032078478
0 0.510558490686702
0 0.4752943176561672
0 0.4944804985892464
0 0.4604037371869045
0 0.5388119521116319
0 0.5088579276357758
0 0.4553806267066818
0 0.4557361302607919
0 0.46848151283852546
0 0.497054916889704
0 0.46743917154047393
0 0.5038942668994335
0 0.48593493037738955
0 0.4921076120056373
0 0.5015574953429994
0 0.5008825825062854
0 0.45293269495214983
0 0.5077498410416081
0 0.4440443103949325
0 0.43797904355517714
0 0.47869084746627416
0 0.5204963512075355
0 0.46843489143674033
0 0.4644065962942389
0 0.4821305020302887
0 0.47589163462095274
0 0.5120122925138912
0 0.453075015681646
0 0.45545270364664386
1 0.47292796493339245
1 0.46818865663785575
0 0.4895841070121668
1 0.490650270404715
1 0.45581731230472144
0 0.500797810010753
0 0.4991550919980348
0 0.4778726846073695
0 0.4695331621398263
0 0.4621070357621117
0 0.45972846584011606
0 0.5118559248807484
0 0.4949109148938381
0 0.42721987227922575
0 0.4590695391832285
0 0.41772287147928894
1 0.47245991099424556
0 0.49872548785755605
0 0.5031644468460822
0 0.4572944982426241
0 0.48497876704463927
0 0.4535875524927755
0 0.442434463584306
0 0.5011552725038132
0 0.4827476803978794
0 0.4800386039923027
0 0.4415694357476667
0 0.4773386946376716
0 0.43181669422922114
0 0.3992869991721675
0 0.4541281497213368
0 0.464312783706764
0 0.45454008754274866
0 0.4578601174184988
0 0.4855675008870365
0 0.4161684733945399
0 0.4637377371596885
0 0.4375167458919184
0 0.4433581172139748
0 0.41533354061207384
0 0.45407823098509387
0 0.5014490899646014
0 0.47678180299021117
0 0.4294753078504432
0 0.4430377586073481
0 0.4638345305359012
0 0.4355162986059012
0 0.4653606374236183
0 0.45126834031494717
0 0.41610677101746113
0 0.39464526128875277
0 0.44676734177987465
1 0.49412115270166096
0 0.45811800017275156
0 0.3845187988308269
0 0.5093318578756807
0 0.4658992555621513
0 0.48816519366774735
0 0.4693906860222651
0 0.4438961092000438
0 0.466820821269224
0 0.39903823335857647
0 0.42733285296318774
0 0.4411033937575199
0 0.5065170347796402
0 0.4604375452196614
0 0.46769371954184197
0 0.4158233374124723
0 0.5294510342244728
0 0.46685169108491764
0 0.47012846502179184
1 0.47820629155786964
0 0.4710212955390709
0 0.49134515005292617
0 0.5137308098487586
0 0.472401200418971
0 0.4870509559659624
1 0.4049658839227756
0 0.4503075930434147
0 0.47492576784812873
0 0.4506669052459925
0 0.47024243287182843
0 0.4343875642428335
0 0.4636686033955872
0 0.41691414210539507
1 0.44948322118682316
0 0.4867193833076581
0 0.48041583573048446
0 0.4758388269502935
0 0.38887579183334964
0 0.4617981608797743
0 0.48169036488503253
0 0.41343359437334504
0 0.35959104920508395
0 0.42726296085994453
1 0.4721003143107693
0 0.480438405876032
0 0.4175494557059126
0 0.4624059989075197
1 0.5231016863328154
0 0.40015850358036376
0 0.472877603341604
0 0.40640655307446927
1 0.4617476228782174
0 0.47657351205283777
0 0.43297130837220504
0 0.4968194929529378
0 0.40863210578102055
0 0.45732161855757475
0 0.4211840178020552
0 0.4548780359711623
0 0.3815569901120613
0 0.4381482496877401
0 0.4687049571799619
0 0.43052164844858143
0 0.4615697041694155
0 0.3919403627590132
0 0.45817273930542723
0 0.46218828098668374
0 0.3952766080330228
0 0.4645729336463738
0 0.4763843251211359
0 0.43936849855586513
0 0.37968817604839655
0 0.5230187815244526
0 0.48494664150735045
0 0.4563078971222405
0 0.42510770906887047
0 0.4687730773112413
0 0.46238756212250326
0 0.3434238384799661
0 0.41096486552963507
0 0.4640010576660307
0 0.4299989614481697
0 0.4669098389466818
0 0.42526911218542673
0 0.47210184667926114
0 0.4232923029265633
0 0.4727227429771206
0 0.5187304722239579
0 0.4266960763786448
0 0.5004697235065221
0 0.5250977783056312
0 0.42244176869778277
0 0.429343846220281
0 0.40738330789046545
0 0.4984496205742858
0 0.43987594610047526
0 0.40820416437557405
0 0.487395969761333
0 0.4334970702005624
0 0.43861212558833595
0 0.38068124766834116
0 0.4657442242684755
0 0.4803139831033647
0 0.3888964127791923
0 0.4359851426489042
0 0.4299459032325105
0 0.39836465439860536
1 0.41504541809225676
0 0.5005640851979812
0 0.4507222316324013
0 0.5024506006458395
0 0.48155304163417384
0 0.4431546262018695
0 0.4597778829742207
0 0.4411588334546989
0 0.3947050940685191
0 0.48005332549560364
0 0.4216326761394481
1 0.45416299437288954
0 0.4075095864248773
0 0.524734751404898
0 0.4984614083259216
0 0.4318344666708352
0 0.49215130813165425
0 0.4619906110223208
0 0.4201223170972763
0 0.3883810203485732
0 0.43227605266726066
0 0.47034837065436985
0 0.5047239422738043
0 0.45531131948994236
0 0.4891345687650992
0 0.4583183523092942
0 0.454191674734202
0 0.4598045634175098
0 0.4585948243776058
0 0.36830117701873405
0 0.4254852976070965
0 0.45110721990828023
0 0.4123482941960423
0 0.44858738396828285
1 0.4338825415230157
0 0.4647540159413921
0 0.4452533252703589
0 0.42974555579199425
0 0.41233958433793944
0 0.43961328537450317
0 0.46106194427737446
0 0.4600138314904514
0 0.3899566195799137
0 0.47329286798090825
0 0.42377381536819103
0 0.39742928414856526
0 0.4673728344494489
0 0.47145877319811264
0 0.38618751854872446
0 0.4650740002270024
0 0.45102835323608104
0 0.38881499374061346
0 0.439895558306737
0 0.5161410668714967
0 0.4575598148992187
0 0.42968112979353645
0 0.4878831859692972
0 0.38110736117073757
0 0.467914690207004
0 0.4389880162068618
0 0.4288151090001043
0 0.39837485173666903
0 0.4443155892594163
0 0.4170742900161726
0 0.47737662726930685
0 0.42529512760907057
0 0.4516592113902898
0 0.41857285893280316
0 0.4374382988455547
0 0.413226971379435
0 0.4473440541624199
0 0.42309291882493416
0 0.4147352167293612
0 0.46758103945357743
0 0.45230347978813495
0 0.4545656392588801
0 0.40071079699599854
0 0.4988664500808932
0 0.3993386177266135
0 0.46193388195946183
0 0.44763303108232677
0 0.40747903132419017
0 0.46807809577896553
0 0.4517077571767022
0 0.4963559950773193
0 0.42120686550190556
0 0.43958494721854025
0 0.4252112232900967
0 0.4291108893564284
0 0.433885376893405
0 0.3824917436338733
0 0.4397662839463528
0 0.4220103834578093
0 0.41549233076523223
0 0.43863838330775634
0 0.412021163354084
0 0.44660879703873413
0 0.3613497016012032
0 0.4605889143998731
0 0.45558027688349173
1 0.36915613918834045
0 0.44405988090918824
0 0.47843886806013197
0 0.4807790125907478
1 0.36493221557669286
0 0.4640067107930292
0 0.45523326191979496
0 0.413519951278256
0 0.4141239237405149
0 0.43511965578263734
0 0.41564347260002504
0 0.4159915108355884
0 0.4081372597263949
0 0.4717456968983164
0 0.4986011298692968
0 0.42817345092859366
1 0.4406483008113735
0 0.43640448235829216
0 0.434861893947327
0 0.4468977780840867
0 0.4877939131558028
1 0.4185172038803604
0 0.47404602660201417
0 0.47823863247815745
0 0.45231950360874296
0 0.4278959820122469
1 0.39980781116660025
0 0.44491539055549995
0 0.4391333300309987
0 0.47821917847834794
0 0.4699235902791037
0 0.4334505889416475
