0 0.5269078956793344
0 0.512606407945257
0 0.5299284757547472
0 0.5127168693681731
1 0.5159556885789213
0 0.5245096380035752
1 0.48122871008773693
0 0.48617295278292477
1 0.4707809499570236
0 0.49004347952370425
0 0.5058114029779804
0 0.51278841588984
0 0.501936608900467
0 0.4820688684976494
0 0.5283171948866724
0 0.5340876823782834
0 0.5263683730883523
0 0.4926298704072743
0 0.5413345580087989
1 0.4964525729343124
0 0.509342512992574
1 0.5319464929427714
0 0.5410647451183632
1 0.4815424731817942
0 0.46948811522752815
0 0.5165655592489834
0 0.5311547770263874
0 0.496446437140342
0 0.47249909496537346
0 0.4774041164216069
0 0.5143175619775814
1 0.4853802904262563
0 0.5172738006491044
0 0.5082502774326547
0 0.5140041398057231
0 0.50709218050728
0 0.5159168576239012
0 0.5061518721551238
0 0.5165305568691695
1 0.520134532865241
0 0.5318325414246438
0 0.526264221506215
0 0.48266164616544255
0 0.5130662299982104
0 0.47107874354141466
0 0.47141089209572684
1 0.5287500082059404
0 0.5023002968590001
0 0.5246181283659148
0 0.506999199290474
0 0.5292882087533793
0 0.5228196995288644
0 0.5385591945085353
0 0.539874744815132
0 0.5223470025150031
0 0.48862163251136165
1 0.5108341690455752
0 0.47919801515428834
1 0.5152991120885676
1 0.49806865287079
0 0.5060184204480764
0 0.4725046823849426
0 0.494591265155758
0 0.4998583942062831
0 0.49248849988980475
0 0.5302874088071209
0 0.5316689233176459
0 0.5257956106454159
0 0.5004249411082292
0 0.5082756035358336
0 0.5120680323697072
0 0.5003081245607619
0 0.4895174050547932
1 0.4997361473601429
0 0.49614036572105313
0 0.5090396741098392
0 0.4934579913034334
0 0.47760921801615114
0 0.5008117926346158
0 0.46131405045280116
0 0.4817286516531388
0 0.4950940935127016
0 0.4923527520155174
0 0.5275476611312118
0 0.5114814326212836
0 0.5148351229924271
0 0.48614176959830074
0 0.4976194795041225
0 0.4368056789400419
0 0.44121021703786883
0 0.4236217834631146
0 0.43617633104967174
0 0.4358672706731193
0 0.49608529153274167
1 0.44574421917908896
0 0.500561899525556
0 0.49156689647382634
0 0.5047318596424507
1 0.44890690318948917
0 0.47321618279003724
0 0.4610974979143482
0 0.48801545046545763
0 0.4934782618549876
0 0.4826477691311666
0 0.4703116927903692
0 0.49831745314483616
0 0.483330508094561
0 0.5038182334845269
0 0.5140442083731337
0 0.5146779772726228
0 0.5158791365204091
0 0.5047579976643648
0 0.5084997741310799
0 0.49654326412353994
0 0.4488912492526227
0 0.47131724854615403
0 0.46479606861691936
0 0.4732568053688054
0 0.49004370583038925
0 0.4723169668087532
0 0.47865441787112667
0 0.5145037876176548
0 0.4802772371779405
0 0.49765169000601633
0 0.5107256560904603
0 0.49397203977182264
0 0.4715958743531329
0 0.4703246160425523
1 0.48011460940682665
0 0.44641714161663093
0 0.483003264543176
0 0.4761571138361861
0 0.4702738094124231
0 0.4850611306134817
0 0.46947795861801994
0 0.48345945345686697
0 0.5035477219243555
0 0.512526336285636
1 0.48954923379696264
0 0.5158263629988186
0 0.4575483235306182
0 0.47093679068193844
0 0.4628766750516189
0 0.4833002368506919
0 0.5120442405334523
0 0.4693413997071575
0 0.45159592078016786
0 0.4561984535340084
0 0.4457604325116716
0 0.46099176340631365
0 0.4828643579283911
0 0.4981798735751882
0 0.502632940094773
0 0.4851295084363259
0 0.4627751320627596
0 0.5000417897421193
1 0.49602140714851456
0 0.4848419021111935
0 0.48943527463152087
0 0.49040758781177757
0 0.4579864104262808
0 0.42935638068821624
1 0.470636079165752
0 0.474910924656935
0 0.4531224596124887
0 0.45611986941529276
0 0.47908031803452766
1 0.484171610962894
0 0.4884219100678616
0 0.5034189018593813
1 0.5131545035979618
0 0.4800739404108426
1 0.48634706861522253
1 0.4971321899462565
0 0.4845892632525414
0 0.5036453399157195
0 0.4913458450503438
0 0.47548694794755486
0 0.4983306589327424
0 0.48650931678437065
1 0.44394035798625775
1 0.4643878505711232
0 0.47423293935962335
1 0.4665451065455699
0 0.4800680863931474
0 0.47791961957444257
0 0.4767834422248587
0 0.4569033387235464
0 0.4933405206225792
0 0.4989827315571687
1 0.4854890201195491
0 0.4832365734836071
0 0.4611248174739453
0 0.48883065158248334
0 0.47885276147051525
0 0.4807376702053836
1 0.4724843857535864
1 0.4687754353289988
0 0.4875953595248181
0 0.48342440331956116
0 0.45898767122161926
1 0.45752527970829643
1 0.47317301999780365
0 0.48483266246185175
0 0.48007715666652223
1 0.46330012617538713
1 0.43942340292302506
0 0.4622061068286333
0 0.4882660481065229
0 0.4289315437633727
0 0.4591335992618974
0 0.46849835482761554
0 0.4982366206215913
0 0.4909271411283953
1 0.4418025519168317
0 0.447741237540356
0 0.49626415255354467
1 0.45886457035709116
0 0.47354862516173324
0 0.45766594956075357
0 0.4829393596227867
0 0.4895352265108193
0 0.463426068165357
0 0.4700388619324265
0 0.46779785074562585
0 0.4682897367379111
0 0.4519794240791004
0 0.4447364285547953
0 0.47264149084759044
0 0.47831126192796164
0 0.4856367175776709
0 0.48389208136573636
0 0.46646645558120825
1 0.4634092380366539
1 0.47796891921598506
1 0.43374240070510706
1 0.48739531041640494
0 0.46805420860982305
0 0.49017649847735084
0 0.5033296726756238
0 0.4722275431910759
1 0.4982962213102733
0 0.49468430208689496
0 0.4360384309011121
0 0.48839141614058434
0 0.49203995962830765
0 0.4874863030029431
0 0.47236770814860046
0 0.5053500705314872
0 0.5122865434486569
0 0.46043896397649603
1 0.5102127028904455
0 0.5114941892376903
0 0.514811498084664
0 0.4973387288948008
0 0.5149926757099191
0 0.4863044311903137
0 0.5049907808105186
0 0.44593504829535685
0 0.4698882284540616
0 0.4718704731176872
0 0.47854813285395376
0 0.4790079962378964
0 0.5167219677028233
0 0.48512867676366994
1 0.5079616886248283
1 0.5192836722350177
0 0.508841077308006
0 0.5132458583458548
0 0.5143966234509457
0 0.49966252840592223
1 0.5192555408518823
1 0.49186046523511506
0 0.48236399936953883
1 0.4901561527458315
0 0.5164647136961101
0 0.48840322529122265
0 0.48099861350934936
0 0.5139550010112947
0 0.49775776549159245
0 0.4881158976231386
1 0.49114732430325647
0 0.4980218398390337
0 0.5016121675392509
1 0.4996086640785757
0 0.5174382195404341
0 0.4482778667819367
1 0.4881713648865975
0 0.49975012937897273
0 0.5021332125507187
0 0.5058329283923073
1 0.4936864705094973
0 0.513740926484031
0 0.4783112863301819
0 0.4788222906826685
1 0.5028610976726955
0 0.49324347216381964
0 0.46408386254024264
0 0.4761284010714425
0 0.5022276623581406
0 0.49854409547489414
0 0.5498722899556558
1 0.5209625019632391
0 0.49848989913118
1 0.5324989717132607
1 0.5185333692128499
0 0.515898568695084
1 0.5132314194449322
1 0.5076114265825359
0 0.5188817138505628
1 0.4763118629604819
1 0.5177925282472252
0 0.49799066138578607
0 0.5065185568100568
0 0.49322710106200496
0 0.4991875426618858
0 0.45957195418140273
1 0.48874785677891897
0 0.4982648304706875
0 0.4712190853483712
0 0.5006261900905745
0 0.5004281676539792
0 0.45637860812454667
0 0.4913392686484341
0 0.5185673474107115
0 0.5114109696446838
0 0.4892673220212505
0 0.48709316378559286
0 0.5197448804100447
0 0.5247160831224258
0 0.4865262702142965
0 0.5047713709563921
0 0.47572400793281006
0 0.5093533826990918
0 0.5186083893985962
0 0.46495622697208316
0 0.44071098715262197
0 0.4663452062150833
0 0.4329801083325346
0 0.49234857317865127
0 0.5070915682754854
0 0.5132436635929152
0 0.5121494175623519
0 0.503730366737933
0 0.49025536113471735
0 0.44832950987916936
0 0.4776236854289171
0 0.4790038154312512
1 0.4040752304271876
0 0.46268589837669843
0 0.4812946626860065
0 0.4902100553698681
0 0.4638593186136356
0 0.5004455413780629
0 0.4357599582193952
0 0.4423320325447101
0 0.47619741942696153
0 0.4690069799340431
0 0.47449264811968606
0 0.474261598532886
0 0.45250249691049366
0 0.47743316101781474
0 0.45271937262079576
0 0.4533252010100284
0 0.43510339950310756
