1 0.5295390189334271
0 0.5381800242578404
1 0.5176785331512042
1 0.5515986517706839
1 0.5285638754842233
0 0.5515074653852959
1 0.5466150372921276
0 0.5364629184669955
1 0.5100987404587554
0 0.5601974580634499
1 0.5732281467233965
1 0.5306071359897097
1 0.4956061640045575
1 0.5176603387568717
0 0.5337632796533699
0 0.5403211829295704
1 0.5289958221220873
1 0.5415375605579609
0 0.5791944058286542
0 0.5961795849303864
0 0.5438447920770231
0 0.5275948645818422
1 0.5252838511918614
1 0.5420236853652771
1 0.5375239308924309
0 0.5468711111568035
1 0.4763660902636072
0 0.5051056342874048
1 0.5090055141891329
1 0.5366972939229973
1 0.5387962316526752
1 0.503745178946441
0 0.5119266510427165
0 0.5635454099012849
1 0.5434742295614864
1 0.5449859083895628
1 0.5342732075321428
1 0.5180296572802295
0 0.497898704122055
1 0.5120411277050194
0 0.5311468882369692
0 0.5519651860078717
0 0.5168260753491352
1 0.515841705004303
1 0.5052195504616245
1 0.5367979690330849
0 0.5373720388260177
0 0.5576081868849047
1 0.5139267972810531
1 0.5186222478021868
1 0.49783578533798856
1 0.5127409491024653
0 0.49860240015222523
0 0.47981533952695166
1 0.4861069784336453
0 0.46091264866985787
1 0.49993576841052306
0 0.5077098371871772
0 0.5022766475238671
1 0.5378976476771375
0 0.5164589118691025
1 0.5283354502815081
1 0.49490597663157826
0 0.4828130177452258
0 0.4772438211365638
1 0.4657561476644713
0 0.47700729463333863
1 0.5017764952113474
1 0.5275717896704183
0 0.46631464026651276
1 0.494453191173646
0 0.46368908248294194
0 0.49183156274795053
1 0.545765522277054
0 0.5124147916758256
0 0.5616012324832703
1 0.5301488016904262
1 0.5010945910185188
1 0.506558007181189
1 0.48529877254558623
0 0.4867414944249965
0 0.4995959247319014
0 0.4643074110676531
1 0.5233042095139022
0 0.4993432114013874
0 0.49178839804255847
0 0.5420177521009617
0 0.5564987385254445
0 0.5455173413760567
0 0.5254467114411496
0 0.5410902364398971
0 0.5333755417375807
0 0.5203161538509699
1 0.5265375713439948
0 0.5073560436162916
0 0.49778722736953207
0 0.5023330953818121
0 0.5117895583519934
0 0.5000961777825015
0 0.4978059068509402
1 0.484550323352764
0 0.5171958564190777
0 0.5382141088643188
0 0.4941267158789683
1 0.5231342089793674
0 0.5314478464603474
0 0.4873382794424179
1 0.5179326188085313
0 0.4606047290963139
0 0.4730160756837444
0 0.4903060330281844
0 0.46085155860161575
0 0.4801808595624543
0 0.5143658265547516
0 0.48087508678598934
0 0.5061399808383329
0 0.5129661888736101
1 0.5296087683620909
1 0.5203184331373012
0 0.5278841385072691
0 0.5114166535677236
1 0.5069845942491553
1 0.4817517660166357
1 0.48828066641186313
0 0.504735157420922
0 0.4987347409737502
0 0.464338407201327
0 0.4819422090807878
0 0.4514272204905533
0 0.4616256474804326
1 0.467623264161529
0 0.48949022785324375
0 0.4638629502946048
0 0.4914258182912845
0 0.4917019373969763
0 0.47955834388124674
1 0.4615486257950434
0 0.484061120884807
0 0.488263575188076
0 0.49757043735622236
0 0.497918681600557
1 0.4730685350142907
0 0.47294251935734155
1 0.46467609542125765
0 0.4623114659858833
0 0.4791683665780236
0 0.46490595648237504
0 0.5049292734935639
0 0.510029211037541
0 0.5076837478207431
1 0.4649849940689576
0 0.4733719089297658
0 0.4704950144607834
1 0.4904263037870315
0 0.4780320726728511
0 0.4794301316805029
0 0.4503731109962644
1 0.5055034696386398
0 0.5304044352291148
1 0.5419749928395616
1 0.5164956839667385
1 0.5282420605693741
0 0.4818689945026143
0 0.4714915843677285
0 0.48252618289892507
1 0.49566803803098747
1 0.484357329491375
0 0.4535957762866532
0 0.4809386950656488
0 0.46249861307520224
0 0.43934459416869515
0 0.4579418637594674
1 0.47852984560226003
0 0.49290313290675947
0 0.4645878421524873
0 0.45682797741659525
0 0.43747338224303367
1 0.44271377702364223
0 0.4335993213445039
1 0.4411896809526618
1 0.4198136545357934
1 0.41573242718919234
1 0.4377206614991587
0 0.45600782607490975
0 0.4398800155968991
0 0.4285482438358119
1 0.43761341253798763
0 0.4243609623012938
0 0.46392591442751246
1 0.43921768104239056
1 0.43134330198409854
0 0.4174918291065558
0 0.42752152259865034
0 0.4070276087979061
1 0.41294158951236576
0 0.43551805574271957
0 0.42689466778154966
0 0.41114696126423306
0 0.4168357696870732
1 0.42158342479005967
0 0.420809266616722
0 0.42839077116262125
0 0.4291131818950631
0 0.4217935186072406
1 0.4179300437405749
1 0.41534842501171004
0 0.4118726438689391
1 0.4215488761971719
1 0.41404736515782625
0 0.41348286442596227
0 0.4262335830605138
0 0.41836006851562496
1 0.40991581468046806
0 0.42176383264478756
1 0.42795971587622633
0 0.4156572613344315
1 0.41876364609160666
0 0.4315585451969459
0 0.4271709931373029
0 0.42015460557522166
0 0.42203373999041877
0 0.4136837472410924
1 0.4217436574455887
1 0.4220559764809523
1 0.4160355584549463
0 0.4274321801871907
1 0.42905430556450685
0 0.418224861852309
0 0.454431511136501
0 0.45480476336661385
1 0.45223107448222044
0 0.4589637536176836
0 0.46316940520172084
0 0.4337432204856496
0 0.4477586513398449
0 0.44740341794204086
1 0.46326547253559464
1 0.4557818584457746
0 0.47879364626540627
0 0.45029897114544076
0 0.447174512486202
0 0.43678524754499115
0 0.43537463879227245
1 0.4203057866902668
0 0.43356288064023046
1 0.4516730459100787
1 0.4609789329136409
1 0.44392939286229793
1 0.43363798471987913
0 0.438180500993509
0 0.4258234760153505
0 0.4411769703307921
0 0.44497901931988626
0 0.47200084729995534
0 0.45775193032053374
0 0.494384226286456
0 0.4757996371317404
0 0.48790713216302495
0 0.4668534419913524
1 0.4545666708091791
1 0.4368224452450044
1 0.4461752271242697
1 0.4711745276021101
1 0.44890305402847436
0 0.48215963450405125
1 0.4685783385607502
1 0.43579925648524204
1 0.4638049476589207
1 0.49263769309317706
0 0.46181557676487517
0 0.4942757120913987
0 0.5071546577831345
0 0.4860700231109314
1 0.49488724245971044
1 0.5120252046395821
0 0.45376537915736015
1 0.4696838664297755
0 0.48072235482046755
0 0.4665458204122256
0 0.4753519223436866
1 0.46841911449392754
1 0.46783587536746246
1 0.47642593161781915
0 0.4780182846343157
0 0.4797188836299233
0 0.4641150274070918
0 0.4540759294184207
0 0.43577178239598896
1 0.44600316104997345
1 0.44736932831131815
0 0.4730830788249712
0 0.4726146502961332
1 0.46899778945734116
0 0.4650099077553654
1 0.45903220867547195
0 0.4519957547701611
1 0.46476077451506653
0 0.4231679757287006
0 0.4599898255135612
0 0.4761271537780906
1 0.44141962457835027
1 0.41643716453930263
1 0.41843381337429464
1 0.41563182408071714
1 0.42846203106453956
1 0.44724201935666763
0 0.4371347925991925
1 0.4399553203673957
1 0.4376087705060896
0 0.4458808511403993
0 0.4413281848911489
0 0.425258497722032
0 0.4614162702134723
1 0.4258708682953821
0 0.44849826494395073
0 0.4376279769386877
0 0.4288123084272396
0 0.4522303406757663
1 0.4392986815874669
0 0.4475258660074198
1 0.45815212208687633
0 0.442442765466381
0 0.42379966122375434
0 0.4357910971587642
1 0.43199113076571893
0 0.45238085244297865
1 0.4773326172188982
0 0.45201840306065816
0 0.44031344909560804
1 0.44302620157741446
0 0.46136136691431745
1 0.43559004499810655
1 0.43884169175162224
0 0.41642836107772535
0 0.4469487845407138
0 0.4544518456591457
0 0.4502185880470408
1 0.4283766654321566
0 0.44929000215786274
1 0.4248973386284306
0 0.4220664727327713
0 0.4315425683119511
1 0.46807025297623533
0 0.44721655229379376
0 0.43562198642928707
0 0.4526414898401006
0 0.4458422377462809
1 0.4475938201686678
1 0.43841005052427245
0 0.4239851302880727
0 0.44349330108328194
0 0.45302765066986866
1 0.47693911412683837
1 0.48889538362907486
0 0.48031803696790487
0 0.4592236790285023
0 0.41714796279576066
0 0.4265019965556519
0 0.42674812735341466
1 0.42867540010225
0 0.4419814404587878
0 0.45545408472576954
0 0.45525901145227754
0 0.4388019724740199
1 0.43791142530823324
