0 0.4075650607189248
0 0.43793242760822143
0 0.4962861387204783
1 0.4563253753184278
0 0.4443412444349615
0 0.40523573074889396
0 0.40772991156173544
0 0.5218742494778043
0 0.4799533392497566
0 0.46800526446107704
0 0.4572415614644108
0 0.5076934814663888
1 0.4916235715398637
0 0.3907053182856042
0 0.4612457580149694
0 0.5379722008619376
0 0.4920853948621825
0 0.5089135946406751
0 0.5235486358979375
0 0.523835666005279
0 0.4677811768433975
0 0.4795552807623281
0 0.47372863957777456
0 0.5348908587962973
0 0.5017732654473922
1 0.4254437768290348
0 0.4244609346984056
0 0.44680507402721675
0 0.4264603811999014
0 0.4747070302125948
0 0.45773220352146116
0 0.4767139218391576
0 0.42438612487050287
0 0.4512692059526361
0 0.4716748946867803
0 0.4766520442603619
0 0.4885775563332173
0 0.5112850305279519
0 0.4924492274838598
0 0.4365000369709155
0 0.42153395333487187
0 0.4522926691026868
0 0.45236788746265827
0 0.4717336370635036
0 0.4668654997848572
0 0.4538658080472714
0 0.38976471377183564
1 0.42328669592148715
0 0.47272912227340375
0 0.4614021361152572
0 0.4845161033930133
0 0.5252422418564694
0 0.5295294443223731
0 0.4609349926000097
0 0.4428159258724977
1 0.39467627902986435
0 0.4513332904462085
0 0.4387942524802982
0 0.4693165603828117
0 0.486361117371604
0 0.4769346579737635
0 0.43585977599068537
0 0.3838621751226862
0 0.4643260616708371
0 0.48377987639868725
0 0.4753576669306095
0 0.4610773371863522
0 0.46429489149292485
0 0.4684259962340958
0 0.3870455998950815
0 0.48184599173887455
0 0.49326460511380826
0 0.4137987869311347
0 0.4106172944200248
0 0.46868915584534787
0 0.45917434054421813
0 0.41337256815540485
0 0.4698588453022021
0 0.4805516086101316
0 0.5021525529476288
0 0.4274899347451448
0 0.4129131733794259
0 0.4463319153900974
0 0.4616413536736549
0 0.4715097781075061
0 0.44085741477421836
0 0.459989520479157
0 0.41977731337104207
0 0.49010265013255505
0 0.4701907648589739
0 0.5102647845431636
0 0.4761495239260833
0 0.45060964408814513
0 0.4575609898420059
0 0.49299451679502726
0 0.5273182802233944
0 0.43324033887075103
0 0.4725934920815461
0 0.48050711276357505
0 0.4872916441485573
0 0.4040896516700978
1 0.4292521278408899
0 0.43695430982737354
0 0.4910937668517814
0 0.5008561523164083
0 0.40427426456297094
0 0.42352968406922625
0 0.37510876450776237
0 0.3510225716543731
0 0.409010964962488
0 0.4173243036408805
0 0.45991978949699824
0 0.37771545453755934
0 0.3651441525161714
0 0.3846967208216668
0 0.3428002440374908
0 0.4157750108208748
0 0.5153515001990041
0 0.4398070869637413
0 0.48262085750360056
0 0.5305728579638642
0 0.520866121333284
0 0.4618108121818906
0 0.4297296025928579
0 0.39639902418223777
0 0.3930901102749754
0 0.40802324451026556
0 0.4628756871279586
0 0.4793003113506874
0 0.48483626130221746
0 0.44228578713919714
0 0.4129792795120364
1 0.42180023520924087
0 0.4403608266657694
0 0.3863087766158251
0 0.4122804829156692
0 0.3819601386886039
0 0.4451692395829361
0 0.42952867089292684
0 0.4278334416749398
0 0.4664977346618856
0 0.403735658686514
0 0.39399537620708636
0 0.44263296577689915
0 0.45527114340480446
0 0.453847057093295
0 0.39228803095996057
0 0.4935014161152635
0 0.5011148880385544
0 0.4348188915158491
0 0.3740101197874699
0 0.4395532230505013
0 0.5260141067030346
0 0.5188122751021139
0 0.42133551945228137
0 0.4817579769276819
0 0.4733771709830895
0 0.572864523448197
0 0.49819315869080566
0 0.5340790437209435
0 0.5079668837679595
0 0.49079105825345115
0 0.44407168100208855
0 0.4820697661656448
0 0.47757204558772537
1 0.4659142505303257
0 0.4645277653455974
0 0.4436611931520556
0 0.4460427080154109
0 0.4548172372909248
0 0.4041068836522794
0 0.44276895930054755
0 0.477159190911658
0 0.4684436644547128
0 0.43297333302687985
1 0.4755353861784939
0 0.4603768616365419
0 0.530372164332918
0 0.501700474438505
0 0.5134147823515984
0 0.45843918462337696
0 0.42596388829007464
0 0.4088067505482309
0 0.37196629544860293
0 0.48576861951705713
0 0.4579163502898873
0 0.4691101368179613
0 0.4340458849724548
0 0.4120867700173847
1 0.4699271313216489
0 0.33775058663211865
0 0.48552091853654045
0 0.5066024432377644
0 0.537622333342006
0 0.41044208857311204
0 0.4762407709628396
0 0.4164338208748406
0 0.390333455060861
0 0.45319120034979504
0 0.43391395634509133
0 0.49208151661980554
1 0.4794653230344535
0 0.28587051121853846
0 0.38152684124832487
0 0.4475273381026497
0 0.38106480996606845
0 0.38177440513860017
0 0.4369249700078889
0 0.5198620857102021
0 0.37644769962817265
0 0.3829306854048893
0 0.440948950105095
0 0.4285355378156534
0 0.4710255899982147
0 0.35040213265976083
0 0.3879852718545023
0 0.4143376803756794
0 0.3212422622324504
0 0.4777367385008018
0 0.5152718683329865
0 0.47102024657838665
0 0.49489458784848883
0 0.5231844860890106
0 0.5266690323585159
0 0.4136621848677518
0 0.4438132971313867
0 0.5096774867679926
0 0.5413017520489263
0 0.47850882652959037
0 0.47044406084790125
0 0.529362766694995
0 0.42929049083384235
0 0.4777869380350944
0 0.50969058123232
0 0.5119631701949298
1 0.4408705943304123
0 0.4846419144829664
0 0.45703434077294885
0 0.48373309286916
0 0.4640074550779967
0 0.55278961627858
0 0.484715301264786
0 0.48923533287791143
0 0.47966237389519756
0 0.4640955481786551
0 0.4443965772509464
0 0.38358942037431354
0 0.42617497359628714
0 0.3942859716061086
0 0.47338022893200804
0 0.4082155928102587
1 0.44128409745735225
0 0.4080698193698913
0 0.46347326248904863
0 0.35174169961031443
0 0.41695788461587824
0 0.46238940631484804
0 0.4885253157969757
0 0.4223488564694989
0 0.4110865209544594
0 0.41760661244273567
0 0.341719001508863
0 0.42690936682140757
0 0.4839497729378028
0 0.4714672171515045
0 0.47319960763356805
0 0.42415534310161446
0 0.39277834956205443
0 0.41308413606567285
0 0.39324583745051295
0 0.4454251550608369
0 0.4033352141903404
0 0.4415967991361982
0 0.4180025761223962
0 0.45433269000480575
0 0.44138310759048693
0 0.4508345130262168
0 0.3571173775123046
0 0.4290895969428504
0 0.41464655578253523
0 0.3471599760661421
0 0.418226304578728
0 0.3611278043753098
0 0.412715781400442
0 0.4016820149656668
0 0.4397070155774998
0 0.3653578449213959
0 0.4660821655452899
0 0.42818556177199874
0 0.4964021811385251
0 0.4693592944750144
0 0.49788091275586077
0 0.5278375464782832
0 0.5700589251926781
0 0.41553444903256376
0 0.46667637532813644
0 0.49174523415677707
0 0.4534772685780458
0 0.47889457025923776
0 0.45336738987943626
0 0.36325375621358946
0 0.43527965003014135
0 0.38930589511869745
0 0.42676331507992044
0 0.48913208030036287
0 0.46045835314425587
0 0.3794927098480737
0 0.40802173513894824
0 0.4637225313560702
0 0.40892313146395787
0 0.3605070092905205
0 0.4040330012042776
0 0.5021015474734166
0 0.4700474403674924
0 0.37216160570000095
0 0.39669352802290725
0 0.40871322285989353
0 0.44341504384656444
0 0.3578476004910226
0 0.40121946030545
0 0.45414074920415787
0 0.43944655070521665
0 0.4495305883524379
0 0.40804424790918786
0 0.4469247895530052
0 0.4334065836660352
0 0.4393587896601187
0 0.4677229681840487
0 0.4530270758668801
0 0.439577799245168
0 0.44886466177188705
0 0.4765493577357122
0 0.4504282462677489
0 0.4320214096874888
0 0.439471352129325
0 0.4187871790962517
0 0.44699481206351077
0 0.4391181152870436
0 0.5078166853031089
0 0.4932334289038443
0 0.4845280401866288
0 0.4764003391389275
0 0.46765743263933557
0 0.4555864635228371
0 0.4808461070546063
0 0.4892686954492666
0 0.4761622718743015
0 0.517413080429455
0 0.42978969957549945
0 0.44709134758321417
0 0.49651654454465144
0 0.48835962866215504
0 0.4261050405281672
0 0.487823183322757
0 0.5156077370751966
0 0.5187521616944374
0 0.5056290169922197
0 0.5084309890620355
0 0.5440525480791224
0 0.43093779588008274
0 0.5128444730760964
0 0.4310116143289122
0 0.42437315615710786
0 0.4160549217385301
0 0.5328148774565399
