1 0.5324046400250478
0 0.44576501966666154
0 0.48895027516104256
0 0.45795045749663543
0 0.4867791720874436
0 0.39760318473768547
0 0.4471083298895005
0 0.45126825806654836
0 0.4695568514752202
1 0.49827316107063996
0 0.4970420728672384
1 0.4650957846055383
0 0.49071704419972095
0 0.4309035870243337
0 0.5145173489373908
0 0.49892833367367456
0 0.501954752142761
1 0.4634912810475548
0 0.4520581459716154
1 0.511833238813592
0 0.4292735438786259
0 0.41894057583504685
0 0.5066687458654009
0 0.47013569881196315
0 0.4947007673906171
0 0.48649345418156525
0 0.4532248714125404
1 0.47814394267062515
0 0.5096398756056075
0 0.48438740762080124
0 0.5051710331254333
0 0.5106401477120767
0 0.47629979528033184
0 0.47240494508291586
0 0.47330247677137366
0 0.4723484061075337
1 0.5184102824073114
0 0.5292059090463779
1 0.5298728107204922
1 0.4658176620323686
0 0.5180811157358174
0 0.5034423358834844
0 0.46723206226843905
0 0.48462355268754753
1 0.5103509783778606
0 0.5096186259182659
0 0.5235429922165333
0 0.47033848408295864
0 0.4538832643527129
0 0.4047094388984797
0 0.5250184845964542
0 0.442815448564022
0 0.5179727378248353
0 0.4575556952976224
0 0.5066191258817822
0 0.43120503855693204
0 0.48757677728903875
0 0.4675764466548975
0 0.4326294685025
0 0.5336678960330431
0 0.47686271904987126
0 0.47877242085516464
0 0.4912516697877895
0 0.48119231873925566
0 0.46039559908814015
0 0.5167437542884687
0 0.4535877607301307
0 0.5022215410396433
0 0.4963702683308398
0 0.5141964940546818
0 0.48593317980653594
0 0.5086468110711214
0 0.5198095436029933
1 0.518961674664348
0 0.5399629522913074
1 0.44970326613840805
0 0.36964680513949
0 0.4182288650317317
0 0.4578373931161629
0 0.48416424620231874
0 0.5152928634726163
0 0.4710612174898243
0 0.46877102451997144
0 0.470302588495919
0 0.46423282452496095
0 0.48221741661432377
0 0.5089049504255945
0 0.48130792599732014
1 0.5160611742586849
0 0.47956362321897295
0 0.4111298024390968
0 0.4439247632775211
0 0.4236828132941927
0 0.48080809192042423
0 0.5054272021911839
0 0.45259685311508846
0 0.49968835048945576
0 0.47429706745141537
0 0.4335392844900524
0 0.48822297470549963
0 0.506166789113405
0 0.4290321293317808
0 0.47284894604382655
0 0.4848089793636711
1 0.4744102736795191
1 0.46770290427493294
1 0.5167827562395879
0 0.44543752644619056
0 0.4498847437817235
0 0.5060663327450887
0 0.46607464978759017
0 0.48248750375250954
0 0.5304503548744147
1 0.4711410024523983
0 0.43089898647815983
0 0.49851144244795614
0 0.49899494327187977
0 0.4500265089035049
0 0.5077637444921802
0 0.49095039026971654
0 0.5126821110888483
0 0.477417899483513
0 0.41258010876335627
0 0.49348085866307556
0 0.43990315174666655
1 0.49268592088481516
0 0.4914101645302046
0 0.5363826372296453
0 0.5248190201330084
0 0.4838742557314361
0 0.49559661061926025
0 0.41957155306963234
0 0.45889352423107255
0 0.4906056725921529
0 0.4768773170619089
0 0.44358087405531804
0 0.4095208234946559
0 0.4182245017110975
1 0.4581001757442019
0 0.43652777866383685
0 0.5145970385438482
0 0.3727034161934433
0 0.4529930778885041
0 0.4060085654430702
0 0.5074351139804408
0 0.4784369797740173
0 0.47776102247240015
0 0.4916107493278704
0 0.507278833191286
0 0.4450854506715792
0 0.4489485211736961
0 0.5091184279949351
0 0.4755539273071454
0 0.4586103182765947
1 0.48462186115357525
0 0.5087538336081467
0 0.45415662525442957
0 0.49241581082815455
0 0.4790081205326459
0 0.44704979131130756
0 0.4644281607219231
0 0.45895419724868536
0 0.5156996990399887
0 0.4054121212249764
0 0.4348333142814749
0 0.4084318019343938
0 0.4878322741746516
0 0.497355494363848
0 0.48402388436775917
0 0.4484232740361302
0 0.4423064498274292
0 0.5266228049507035
0 0.4999067620941333
0 0.3558404817793778
1 0.5134790090715351
1 0.490797193530687
0 0.4969524728307857
0 0.4898752652924425
0 0.5001487280153469
0 0.49741937357469096
0 0.4546735379769696
0 0.4814439429876928
0 0.47219508403705884
0 0.5311613736025013
0 0.48358327168023996
0 0.5267460900773243
0 0.47889547722989356
0 0.4502374510817389
0 0.42515949716398665
0 0.5191801996351806
0 0.48980694395089497
0 0.5080332796054525
1 0.4435916726627837
0 0.43540344921174656
0 0.44008877626834647
0 0.472539360899286
0 0.389684463451286
0 0.482836365924447
0 0.42528380671023314
0 0.4944726497989981
1 0.5143772202570283
0 0.424115756752169
0 0.5089353671945636
0 0.49618894347268533
0 0.51610455523513
0 0.48065819726896497
1 0.5147716499498559
0 0.4918716838639767
0 0.4126080998139463
0 0.5178374220087378
1 0.5117746926787686
0 0.49290292172873207
1 0.48833909970481537
0 0.4985719862234679
0 0.46278284810253145
0 0.49418464037840665
0 0.5191930087468896
0 0.5109790480445797
0 0.5337443206730171
0 0.481928077638246
0 0.42376042134660485
0 0.5019611219845199
0 0.49998153972562487
1 0.47237567113270995
0 0.5007914087947427
1 0.4501847381387275
0 0.4765581524361498
0 0.5132508257032348
0 0.45376328468872407
0 0.4549290056169211
0 0.4706251451324092
0 0.3963733672754497
0 0.44728442831116844
0 0.4691750990464988
0 0.4880751690791177
0 0.40021825910089615
0 0.4707736636369151
0 0.3830130797032979
0 0.4718221643110258
0 0.4814809967097188
0 0.4606001627238825
0 0.4119721442490754
0 0.4266879750371214
0 0.4808823149499876
0 0.540404262193051
0 0.5014322546707314
0 0.44767869048431697
0 0.43444069621899095
0 0.4965291229781927
1 0.5100301593361919
0 0.4539319203497152
0 0.5170168863507036
0 0.4378797922393645
0 0.4106110526084795
0 0.39201390289465965
0 0.4783962395906525
0 0.4718791038807166
0 0.48032886648234524
0 0.5133208701464227
0 0.47800126529873943
0 0.5313423551403791
0 0.4885711959162915
0 0.5065333968127573
0 0.5343886818956622
0 0.44665336947971307
0 0.4723035079111417
0 0.48020764541526695
0 0.5159483212595651
0 0.54224224680825
0 0.45866639772456247
0 0.5250148689263632
0 0.4294980347907848
0 0.49836706202854864
0 0.4893209120818393
0 0.44314867488301823
0 0.4885458914291896
1 0.5134336500961967
1 0.4585435344681596
0 0.509745444592719
0 0.4813958775331969
0 0.47650800743260824
0 0.5289206092538961
0 0.4882165119351836
0 0.4882527693029315
0 0.5173667425510398
0 0.444071425241489
0 0.514081303007732
0 0.5170622690141308
0 0.4745836628853899
0 0.4407812155177594
0 0.49438230556438395
0 0.44416574607765097
0 0.5002791788330574
0 0.49406384227506767
0 0.4872450066798888
0 0.44850142435327944
0 0.4786188351709341
0 0.4774857756585685
0 0.40754382345042833
0 0.5178049038438609
0 0.4866607279262641
0 0.5162832501552734
0 0.46988950855377615
0 0.44291130007044294
0 0.4955840257096139
0 0.4844874243217453
0 0.448292949491137
0 0.5121162361849244
0 0.5332746411600008
0 0.4775612995494199
0 0.5338784749092482
0 0.5057110996769262
0 0.48953394722583055
0 0.44728334281486315
0 0.45927476240358817
0 0.5014552602990711
0 0.484984337061331
0 0.4811805991875528
0 0.4402548371633731
1 0.5036485034281107
0 0.4268062773450744
0 0.47522815215032016
0 0.5017801360218845
0 0.43685213321807514
0 0.41807209255362365
1 0.4804582861412627
0 0.49983038145946623
0 0.4816881927034733
0 0.4801866506638391
0 0.4058486486099774
0 0.5073025671996362
0 0.5177876022159196
0 0.48928480737606334
0 0.48741459824842287
0 0.4759825424605068
0 0.4564472442592299
0 0.46210353631397294
0 0.42379988522314355
0 0.5187702648935255
0 0.4381265609551877
0 0.5422924129634075
0 0.4842205451204433
0 0.5136375187186603
0 0.4548240316624921
0 0.5311094335757155
0 0.5034094776379358
0 0.4910870892042751
0 0.48374259949865056
0 0.5125266774855277
0 0.4639170468443638
0 0.4897956872518387
0 0.4326302290793791
0 0.4282803662455415
0 0.45917973147718394
0 0.4595504230699653
0 0.5092093335466706
0 0.5051224579968161
0 0.46408322584493245
0 0.4887347933494545
1 0.5164404950090645
0 0.5035225666061439
0 0.4995569274971638
0 0.4994999799248255
1 0.4807068041132806
0 0.5003908491480015
