1 0.49117670979496797
0 0.48727519068731956
0 0.5246094672795356
1 0.49516251709705594
1 0.49395299189157277
1 0.49525292092690426
1 0.51290434047205
1 0.5128921602821636
0 0.4966939384647223
0 0.5151371421490802
0 0.5008151728367028
1 0.5138736659542769
1 0.5107416980733609
0 0.4945054182679679
1 0.47145598339500455
1 0.5155960772094541
1 0.4971843177689174
1 0.4922808895213213
0 0.4980828349738985
0 0.4890818081629731
1 0.520715276968632
1 0.5149246783623301
1 0.5063793982602184
0 0.5008494791107685
1 0.4892895006614697
1 0.5096164579833632
1 0.4842551983120799
1 0.5073458267934933
1 0.4997191726020942
1 0.5123533773425846
0 0.5034237213986331
1 0.492337068222891
1 0.5253639068677167
0 0.5131905380915307
1 0.50143788629961
1 0.4947342369676628
1 0.5263976294563187
0 0.49168707925061134
0 0.506386956319568
1 0.4933927083483013
1 0.5302436335988822
1 0.5226759727273591
1 0.48743610049546887
0 0.4948901777127336
0 0.4837585152349017
1 0.4887645700062234
0 0.4968127506144906
1 0.4906645704181847
0 0.5035896339850632
1 0.48860329392750573
0 0.5149131690515986
1 0.5102727671480166
0 0.5271709287030081
0 0.49108157671564384
1 0.4815439484548434
1 0.5233934888170351
0 0.4885723353497557
0 0.5012377842732183
0 0.4905282524460802
1 0.5253487404293596
0 0.5051239649260216
1 0.5050985119189064
0 0.5093899328851208
0 0.4969760739875402
1 0.48654195002339773
1 0.5188450461132347
1 0.5008127976447436
1 0.5356050290403359
1 0.4726347187651444
1 0.4989594222296669
0 0.5047236331316755
0 0.5070225683116437
0 0.5076885306668617
1 0.4784942695362351
1 0.4847513457064632
1 0.49363406068592003
0 0.49748609563456075
1 0.5439950674602659
0 0.5246143872711971
0 0.4863615764712471
1 0.5258833766416102
0 0.48510426584194566
1 0.5057268735296838
1 0.4819409090177251
1 0.5106234390705915
1 0.4838289624112207
0 0.4884591215063563
0 0.508240837834668
0 0.48431562027070824
1 0.4996504817528407
0 0.49508605252263876
0 0.4975648945983914
0 0.49713685827055504
0 0.5067230799012485
1 0.49364398927299247
0 0.4996094937046154
1 0.4846823220341536
0 0.5206875946218319
0 0.508607146786029
1 0.4871730786390727
1 0.4856521943305395
1 0.46310892679880206
0 0.5056260302637664
0 0.5034099003304922
0 0.47250058840904646
1 0.4886531859361149
0 0.5110528579054703
1 0.5050639471818004
0 0.49601374877552873
0 0.49859533343691476
0 0.5026996406778147
0 0.521311923732187
0 0.500028853957515
1 0.5190073004505542
0 0.4991418173944231
0 0.5211614488522207
0 0.5043188395377758
0 0.5294860463282998
0 0.480381423700663
0 0.4847488725264803
0 0.4999662676749215
1 0.47525391213584617
1 0.520767814941107
0 0.48255398962640383
1 0.48055958510500496
1 0.5043033538868024
0 0.5002421469717863
1 0.49171781446387386
0 0.48361403129113034
0 0.5008209919337328
1 0.5120340494373234
1 0.49950290810708264
0 0.5019714592033485
0 0.4882146547381989
1 0.5055854702968144
1 0.501649387147785
1 0.517448624573735
0 0.5028870855702661
1 0.5089626441366203
1 0.5048716449849169
0 0.5014877848332019
1 0.500420494941428
0 0.5258297887683308
1 0.5195182176686804
1 0.5096636863601647
0 0.5073058328569702
1 0.4846483594786821
0 0.49717631424988795
0 0.5250963923577088
1 0.47883258150315944
0 0.49326574239543736
0 0.5366041206357456
1 0.5191908880746855
1 0.5167996647526326
1 0.5044336355357922
0 0.4970745182299238
0 0.5186087558452885
1 0.4852347226275644
1 0.5207347941145755
1 0.5193585009080968
1 0.5071727525576532
0 0.48874262768535354
1 0.5143035115723726
1 0.5007145142889208
1 0.5048311865427163
0 0.5161742164075672
1 0.485848477348917
1 0.48533890730715357
0 0.49596372299066743
0 0.4835828943765269
0 0.4936624350567553
0 0.4835137088625042
1 0.48983017827552966
1 0.4948746814144354
1 0.48472180255093156
0 0.5082483091020392
1 0.5021432378524998
1 0.5134915985763822
1 0.48674720538780986
1 0.4975403175198081
1 0.5123448729095811
1 0.5323849420554503
1 0.5008997002882576
1 0.5037929932137442
0 0.5208983587976365
1 0.48501109371085477
1 0.5271527446885631
0 0.5064609102429845
0 0.5256584559155401
0 0.47621035548573254
0 0.49220977335328464
0 0.49337553073093504
0 0.5139009317806923
0 0.514378820175956
1 0.5227823818458178
0 0.48524324475530123
0 0.48633378018062456
1 0.5074422392399283
0 0.4995481399805362
1 0.5016818882516171
1 0.4940080671111512
0 0.4984683558230827
0 0.5163879612484752
0 0.5004557740792088
0 0.5286198468631378
1 0.5088904940645756
1 0.49857558111435657
1 0.48054451384654684
1 0.4858725513255814
0 0.48580309702208463
1 0.4985071589107675
0 0.508923198483142
1 0.4782627537375247
1 0.4956334390804441
0 0.5051363806556359
0 0.48192292722238234
1 0.49934942062524185
0 0.5104505880944216
1 0.5063562487879485
1 0.5051028818500708
1 0.49838771409131316
0 0.48657054746576706
1 0.5086103781963595
1 0.488223280457522
1 0.5012457472434746
0 0.4778415048639934
0 0.4951804829311092
0 0.48822281061526146
0 0.5214589673240979
1 0.48972379342493266
1 0.5048273764092287
1 0.4785529735913325
0 0.4953922395019079
0 0.4828011984465323
0 0.4992269336325276
0 0.5101657175742
0 0.5226071645376026
0 0.5025274634845202
1 0.46379701860033884
0 0.5053691970691705
1 0.5138504857447942
0 0.4920105476868795
0 0.5116380140714376
1 0.48133484554138883
1 0.49041682627052613
0 0.5101376795874487
1 0.5090190828440379
1 0.4728453084942366
1 0.4891566961966687
0 0.4878655036264101
0 0.48480698056463023
1 0.5055284954713217
0 0.4886894221465649
1 0.5039018253548231
0 0.49121937255066894
1 0.4955953526730665
0 0.48308775757125794
0 0.5070967654187448
0 0.4862265821073411
0 0.4967201224154792
0 0.49786531066623585
1 0.48114244383631405
1 0.5133300213302606
1 0.4840721935894503
1 0.493925535094754
1 0.49375361659739303
1 0.48800763263674035
0 0.49973412803167705
0 0.48166969197698745
0 0.4935182553437833
0 0.48109578725618496
0 0.5031501477261109
0 0.5010260751195111
1 0.4963075244224768
0 0.474594691754598
0 0.5149526114744918
0 0.4582173798517092
1 0.4820162857745355
0 0.5083037563562578
1 0.4991317812871693
1 0.4873404296420468
0 0.48247902059041653
1 0.4784646390992828
1 0.5042411544365765
1 0.5095567840397623
0 0.4857332572974884
1 0.5135381315649225
1 0.48755192984144924
0 0.48742847038479586
1 0.4884774681854057
1 0.4795539150510851
0 0.5007628981828743
0 0.48736434453783267
0 0.5170139929917741
0 0.493209593738645
1 0.49582859628040615
0 0.5037302977226916
1 0.4846019204918028
1 0.4839552269292457
0 0.48103679237660646
0 0.4995403483308246
0 0.5078371969143275
1 0.4903338114257671
1 0.5116654532456805
1 0.48649566133567257
1 0.5043628723938528
1 0.46578218676129807
0 0.4665930108009141
0 0.4989775086161636
1 0.4972191961627606
0 0.5393670095552732
1 0.48013090388676355
1 0.5047923221010181
0 0.5027533995486009
0 0.48113598458443013
0 0.48708345393887437
0 0.47022057718317795
1 0.5261003912602119
0 0.505683399764535
0 0.477702130626681
0 0.4757830423907389
0 0.49557449265817977
0 0.4733175585930041
1 0.509423123453753
0 0.501709844637286
1 0.5051600913241866
0 0.48582501262049754
1 0.4970120097334823
0 0.5074607233580724
0 0.48966588346337014
1 0.4927984564239915
1 0.49789275246008186
1 0.5339554549784655
0 0.4981984239559737
0 0.5012247033229477
1 0.5083615561157462
1 0.48733237348262953
0 0.5043322418902885
0 0.5029205441313016
1 0.5389447560762417
1 0.5262140088061522
0 0.5094944976377663
1 0.5100864991389206
0 0.47975913466068376
0 0.5152581234147398
1 0.5144385319809267
1 0.5067352033998082
0 0.4927135107241438
0 0.4983171497479149
0 0.5054846623939682
0 0.5036865856253099
1 0.5181906983594279
0 0.485665545403086
0 0.5087024593437638
1 0.49832424520132607
0 0.5220174455074417
0 0.49646918529121814
0 0.5029860601985633
0 0.5100329307755562
0 0.5000538188793218
1 0.4808836006011241
0 0.49806695660850736
0 0.5032781054328407
1 0.5133726347820244
1 0.5198050298724758
