1 0.46866607880438016
0 0.48756326583262205
0 0.4882179989874513
0 0.46611355088333956
0 0.32032045406064075
0 0.4121629312648564
0 0.5228038480011257
0 0.4717140240247003
0 0.4935535835710468
0 0.47512680800409024
0 0.4644044370649402
0 0.433249470425179
0 0.5331036169597306
0 0.42424405550707045
0 0.4999790945635451
0 0.35806180139554483
0 0.4122060601003222
1 0.4330645463729721
0 0.4019512201585921
0 0.46970074593252364
0 0.4376960017847938
0 0.4108069694895606
0 0.510462471395997
0 0.4672565691108962
0 0.4810698746577553
0 0.48087366764378875
0 0.40214840387446515
0 0.44525607513121424
0 0.41499370820562553
0 0.4320372172445219
0 0.5162220780935984
0 0.5205933154910531
0 0.39584379721058066
1 0.39371219839763205
0 0.45514432878350064
0 0.4934146884519281
0 0.434158938328569
1 0.42539000848931635
0 0.34498959510258453
0 0.33729389354141354
0 0.4737832775161189
0 0.49243994555748294
0 0.5463233952878661
0 0.4972279449148806
0 0.5066509196255983
0 0.4086585444769789
1 0.4436309891291057
1 0.4418840710020555
0 0.47419087366854284
0 0.4639536162784013
0 0.423695039794521
0 0.45988299507264147
0 0.42108776912803414
0 0.49477031053587317
0 0.3575097669072951
0 0.4931628430802258
0 0.48943111478616885
0 0.41401358748643563
0 0.40592145817172726
0 0.409348953697391
0 0.5073413053703953
1 0.4755755058993489
0 0.42991823416455255
0 0.4709950341451508
0 0.45526826698080247
0 0.45966951716424764
0 0.4119022756339367
0 0.4859963590007154
0 0.47412671627315267
0 0.44168148802556917
0 0.46294558718567813
0 0.5103661875011275
0 0.5061812048223989
0 0.501021458299457
0 0.49892902718214927
0 0.48921554067682227
0 0.47135240502173936
0 0.4824444571371642
0 0.5216906504910062
0 0.4747104543622963
0 0.521759437135171
0 0.5207700718653424
0 0.4075798055410364
0 0.5290982670852653
0 0.5136675228577257
0 0.5229549044143273
0 0.5183222497893015
0 0.5132628156151668
0 0.3979679380971269
0 0.4731610906684003
0 0.4218054020834385
0 0.43837427996835887
0 0.46273236093454495
1 0.5046946733704731
1 0.4970914295883371
0 0.4822384399824875
0 0.4479526199973398
0 0.4891273968017655
0 0.5417506193486322
0 0.5276528637980695
0 0.47199454752659004
0 0.4456187689208755
0 0.41434090851217925
0 0.40055908618862524
0 0.4810809897071332
0 0.5117660108845312
0 0.36364907582392714
0 0.37844409407958046
0 0.45955511833111284
0 0.3199393774263037
0 0.4086636633608717
0 0.43790544311849033
0 0.41298939754343567
0 0.5075247793794618
0 0.5053032679417321
0 0.5044842067068006
0 0.46124765069861723
0 0.4665925543538857
0 0.3179127179022175
0 0.5221356160867252
0 0.5087545505857576
0 0.5373195885871617
0 0.35109999385967755
1 0.4707759186323413
0 0.4482072081707244
0 0.43878424719176334
0 0.4523864982712886
0 0.46264862042529503
0 0.45614269984961137
0 0.47610951501213256
0 0.44946638238588266
0 0.36130855724376865
0 0.5058258027843334
0 0.5154236456980605
0 0.49831322089955155
0 0.5083496725169387
0 0.4499819522625642
1 0.44150604047534
1 0.47633302404900724
0 0.4900479888580807
0 0.5076189942432057
0 0.49440600657940703
0 0.4655290393798118
0 0.4586290854303656
0 0.48395614751415234
0 0.4832239857365231
0 0.47385402663499815
0 0.5119899114890558
0 0.5407598663648403
0 0.5106263683433371
0 0.4400198072544986
0 0.37931200669200305
0 0.5170762626900323
0 0.5257978117000738
1 0.46620690430849937
0 0.4451996283466651
0 0.48851384481519505
0 0.4853154064182754
0 0.3602781226272034
0 0.4150694046564753
0 0.44170980623762063
0 0.39843764593757486
0 0.5108011359678287
0 0.46885576865871936
1 0.3948859411423575
1 0.5355968425694699
0 0.44836297132527153
0 0.46276521817143185
0 0.45005460858574836
0 0.45402463136727356
0 0.49588325870653227
0 0.4984180869010467
0 0.4928684216411675
1 0.4971516845406316
1 0.5280781705069024
0 0.4601093211180717
0 0.3927404934789955
0 0.3423300993692915
0 0.523850840971247
0 0.414607257434042
0 0.4697486703119428
0 0.48138799497375895
0 0.44095112859264884
1 0.3318844724369501
0 0.4575836741478588
0 0.4724191637682809
0 0.45941821710753655
0 0.4303264888069175
0 0.5015359871138225
0 0.45717347574974737
0 0.4757260377852247
0 0.3148257711637604
0 0.48849215887578873
0 0.4375968569959924
0 0.4308908369558239
0 0.4575028896736684
0 0.4758419434557786
0 0.37908249231508817
0 0.41726937246986645
0 0.3895882554408037
0 0.5565920683051557
0 0.3418827717633342
0 0.447718402340402
0 0.4900523316198006
0 0.46814695165202774
0 0.3156815052523744
0 0.5362926136049018
0 0.40587988076100306
0 0.3983051625716055
0 0.2938400253879457
0 0.39264077829967214
0 0.45292849961802256
0 0.36619756636325307
0 0.5105851008227079
0 0.49831691770340114
0 0.4545493551169096
0 0.4555658433671499
0 0.5044097408317842
1 0.44239790606994983
0 0.44165976187249617
0 0.41867632015566825
0 0.5007349372304964
0 0.4290698399323863
1 0.4666247919777535
0 0.46217522161686686
0 0.4872025587580827
0 0.4560504220141246
0 0.47553651508062
0 0.39771101551679205
0 0.4195767885461905
1 0.46302817084197484
0 0.4479108747829569
0 0.43582844080033467
0 0.5147673727488555
0 0.4845214406495602
0 0.4290154809786123
0 0.47897975781632784
0 0.4377430654141579
0 0.5070467820530941
0 0.5018794448727132
1 0.49060392617766335
0 0.4227538425520251
0 0.40465649587896335
0 0.4015218706501837
0 0.5077087361876558
0 0.5141239950503174
0 0.42062322064714774
0 0.44664386722988764
0 0.4234195294249197
0 0.4799299599558413
0 0.4956174444811657
0 0.517115340507592
0 0.41091328911527525
0 0.47069450060936413
0 0.4907739001370447
0 0.4855771361160719
0 0.5180466553406534
0 0.5341161738565753
0 0.44479366943087323
0 0.44502103450596925
0 0.4829859707972717
0 0.4184959578602563
0 0.5082595351214181
0 0.43035947618552356
0 0.5065945986718279
0 0.37184315060738754
0 0.47687756409679266
0 0.44077373359596267
0 0.46812383034246524
0 0.5137937831343141
0 0.5173931451667068
0 0.49951378766413645
0 0.46034938557383465
0 0.5193829171970945
0 0.5018165937558717
0 0.5024915966755602
0 0.3492382181972346
0 0.490043302527572
0 0.5003381354473317
0 0.527843238461859
0 0.4349332629302707
0 0.41287210222634974
0 0.5520050639858942
0 0.44386069139767653
0 0.4823126319877735
0 0.43451522228445966
0 0.378530479927293
0 0.5081510934494046
0 0.4098601329693581
0 0.43576482116790594
0 0.40697926222713515
0 0.501234531192287
1 0.5017523657542053
0 0.47438991306544287
0 0.40454903059211356
0 0.4081446382698524
0 0.5332072080268635
0 0.4951536034133646
0 0.43806410067368506
0 0.2934850563682531
0 0.47022568999226577
0 0.4462920798520263
0 0.39664218623866504
0 0.4310119935317575
0 0.5336968027562677
0 0.4008977259423921
0 0.29101007089372843
0 0.493701803681746
0 0.46591408744737883
0 0.488222685601208
0 0.36590035850544794
0 0.4154221837257113
0 0.4330654563295095
0 0.44536165364726893
0 0.4321636230532461
0 0.49499989848589904
0 0.45804559621097696
0 0.3579005076154719
1 0.5063713386607642
1 0.4843424610884099
0 0.48772143161058645
0 0.5331521795139229
0 0.37135448457065134
0 0.42250305489095435
0 0.48232891397486055
0 0.4390763804876703
0 0.4598957367138396
0 0.41164827593333486
0 0.44465926978879144
0 0.40561670647074094
0 0.41460558472266396
0 0.38955257350700934
0 0.3610531722098399
1 0.3478435463061965
1 0.33106811208899944
0 0.3617002927061569
0 0.38553486514653573
0 0.40412513067490624
0 0.4388800475596364
0 0.46596550345679033
0 0.43639571470371014
0 0.42878527267840766
0 0.49704010832592005
0 0.45588400207317
0 0.4799627138011334
0 0.5071456040535841
0 0.43544805756517807
0 0.4732984655916697
0 0.4656074487684446
0 0.3803022462025975
0 0.49003593540144036
0 0.4289730409729845
0 0.507631910829554
0 0.5020825768346026
1 0.4409492852184749
0 0.42845093627057906
0 0.44447701898088937
0 0.4050218720297937
0 0.38633473793208417
0 0.466236475821741
0 0.5401423152029784
0 0.5021096402041791
0 0.5227222454483201
0 0.4769470163651415
0 0.46706927923442243
