0 0.49880014308080334
0 0.385779305169833
0 0.42188888873934893
0 0.4334488198249127
0 0.4587144633947265
0 0.40300626605775447
0 0.38917662953333
0 0.46410646121169585
0 0.4417253926748015
0 0.43555973391897335
0 0.3865575874850049
0 0.3987293589459811
0 0.4082394727407865
0 0.3831734281329127
0 0.40092722135886616
0 0.44248312012294894
0 0.43800672412716296
0 0.3799172709891308
0 0.45970534256822193
0 0.4028416650413397
0 0.5338263870584586
0 0.48592311422153933
0 0.3693041171549508
1 0.39934640633324425
0 0.43391524614638594
0 0.3821975949468999
0 0.3975671899373778
0 0.5097548753183838
0 0.4284481236987868
0 0.43837173705635196
0 0.35287778451590496
0 0.4507423162690129
0 0.44156299447963737
0 0.4297242372709213
0 0.375879300863684
0 0.399136679297203
0 0.46929892482634294
0 0.4779083816024697
0 0.38734315210757286
0 0.45085069897349067
0 0.4162323554006214
0 0.4339022021009056
0 0.4371031008666994
0 0.3360097717505442
0 0.45048189713047987
0 0.4368853128141127
0 0.3904875651875678
0 0.38978945683790756
0 0.38859379551038886
0 0.4013597908277642
0 0.40954558894933923
0 0.45219496318881736
0 0.41956527330972476
0 0.4239205692753079
0 0.43104529922876555
0 0.41181950748938806
0 0.44713667650482647
0 0.42097834902611814
0 0.4013851689137046
0 0.3559669225535178
0 0.44669231964119227
0 0.4213958910588555
0 0.340803817639929
0 0.4519095827238878
0 0.4278334829370753
0 0.4232787123277455
1 0.473152586008305
0 0.38641701500347025
0 0.4236605561831528
0 0.4231876967831229
0 0.41230008616785346
0 0.4175108457632563
0 0.45557761554795023
0 0.4137620565115501
0 0.43344817911269073
0 0.4158343707549012
0 0.42134801391656057
0 0.39294410426714593
0 0.47052770501399166
0 0.3968156563358151
0 0.4434799664157249
0 0.3718093871600598
0 0.48056320909390343
0 0.4753074457544324
0 0.446029576558827
0 0.37704373316726025
0 0.3953139607914413
0 0.38634356817651344
0 0.397732883517661
1 0.37851645011988516
0 0.4809292253591954
0 0.432070925736982
0 0.4578365030686018
0 0.45290470021342233
0 0.3657169099579785
0 0.4885955999532796
0 0.3887413796173632
0 0.4692430958387291
0 0.4641430925760261
0 0.4611460622169412
0 0.394949381590587
0 0.4508637821884302
0 0.4401443681607348
0 0.4324772293459948
0 0.37401680542480376
0 0.4770280276935125
0 0.39142482182559846
0 0.381042564124811
0 0.39986360055239206
0 0.4141084081819082
0 0.40195114345912386
0 0.4122573098344794
0 0.4714256172851649
0 0.39792579941207445
0 0.41806665890191896
0 0.38880673731328
0 0.4262775138509778
0 0.3810645837693475
0 0.44506255057751504
0 0.34859147350936665
0 0.43083932469123437
0 0.36538638941747126
0 0.4216891913585408
0 0.36891083211186826
0 0.3577807783133376
0 0.3291708390139703
0 0.46933205851229204
0 0.4071563608157571
0 0.44132208504595366
0 0.434309836843488
0 0.4345568200069246
0 0.37260342490032416
0 0.3779679310832885
0 0.40672390442733825
0 0.41441171194664556
0 0.41948214558656066
0 0.3840845651443081
0 0.3780603209375305
0 0.4821315770980816
0 0.4336783271956144
0 0.4556743474347406
0 0.3772946352149063
0 0.53757822556466
0 0.45666725892908633
0 0.43889497339635436
0 0.38610112631086724
0 0.4093516030924053
0 0.4184995378235627
0 0.40837646607836425
0 0.4809559609311086
0 0.44402322615190654
0 0.4933255674091074
0 0.44682479582090334
0 0.4684709565055713
0 0.4269297296917732
0 0.5126436543092926
0 0.42345460338183794
0 0.42920590786922896
0 0.3764219023263796
0 0.4873226931320587
0 0.3650749042635527
0 0.439104400060061
0 0.42260337861888775
0 0.4458357382800644
0 0.39006046242819914
0 0.38385130094240955
0 0.34621120351641627
0 0.4224930668114101
0 0.4543809869692969
0 0.4569180552325725
0 0.41271189382677004
0 0.37913083217068155
0 0.4811385810626931
0 0.36693817622869046
0 0.4134051013807547
0 0.384207857275298
0 0.388942455033437
0 0.41063378114974414
0 0.41487476692256703
0 0.4130999501251601
0 0.38506925187839697
0 0.357360386302244
0 0.4077412444804236
0 0.35166088099594334
0 0.39823949836892364
0 0.37728908624064394
0 0.4036378396608492
0 0.3949359884075703
0 0.4786864447735689
0 0.3292840086466587
0 0.45008491895434244
0 0.390315279557065
0 0.38402039688749334
0 0.3715889231298474
0 0.4144493733428794
0 0.36672723403330176
0 0.4459825261512034
0 0.41601681869911816
0 0.4093593580831398
0 0.32665546809242835
0 0.42185796585507934
0 0.3945401709178309
0 0.42512368026734065
0 0.37282508915246654
0 0.42472182615634374
0 0.4037031239425117
0 0.4815186173272813
0 0.3244164386276976
0 0.44805432112907456
0 0.4269456695350512
0 0.4315099170219964
0 0.37433383327885655
0 0.4354362562888974
0 0.41031804277770095
0 0.39989726582431584
0 0.38126871445374616
0 0.4462003389007692
0 0.39076880188013297
0 0.4222503284812142
0 0.3713225890025219
0 0.36445298081680527
0 0.41945662378305826
0 0.3901383074768284
0 0.3490845616523497
0 0.45720889104735835
0 0.4093452016837868
0 0.39023200049427903
0 0.40999767688327854
0 0.414836326817559
0 0.3538632397337836
0 0.3733173775622191
0 0.4073452767254998
0 0.4474814180202865
0 0.37458849292534036
0 0.45292679654074763
0 0.3941082978560248
0 0.3864039101931935
0 0.3638933054470518
0 0.41365894719350427
0 0.3756575699890249
0 0.3787263520369534
0 0.387735104926526
0 0.4038721593974452
0 0.3861009209378357
0 0.3932654473874213
0 0.33497511301318705
0 0.43276156701835244
1 0.37929869642477415
0 0.4286783444571927
0 0.3675519320680852
0 0.4495494545277478
0 0.3960872889796024
0 0.4372975474235629
0 0.36843745245410814
0 0.43569932919562937
0 0.3965689158338148
0 0.43327351441858936
0 0.4361018887601098
0 0.3762672004189161
0 0.4124770379690734
0 0.3807654848451455
0 0.42765115593330666
0 0.37261234693393536
0 0.4065315438175686
0 0.41416740126723944
0 0.37573705491742143
0 0.4357292534726083
0 0.4084573372689532
0 0.39913710016648263
0 0.4367320781915581
0 0.38896961994403506
0 0.3917713975479158
0 0.4037830853624554
0 0.41175641833935606
0 0.36736025225107
0 0.375235527872315
0 0.4437738834750607
0 0.45091798124663857
0 0.43286225400274353
0 0.4519063398603388
0 0.44517559995778166
0 0.45131078303150535
0 0.3901656156476092
0 0.40720200169026227
0 0.43247124344113425
0 0.38781613525907715
0 0.39462339741142477
0 0.41182388064862135
0 0.41555575386341714
0 0.3999475298630851
0 0.48641570486829344
0 0.3972616703312977
0 0.3868213088253307
0 0.30267640164505094
0 0.4289248547497161
0 0.3899548965443036
0 0.40387659842182577
0 0.38118502359716
0 0.43287144114231657
0 0.3510012661029198
0 0.3866247466459271
0 0.3760727384572021
1 0.41079385199581675
0 0.42996096506735304
0 0.39186104922276843
0 0.40455291749431554
0 0.4291268944157064
0 0.37399612625455664
0 0.43204424149548903
1 0.38717510626664686
0 0.4250558325930266
0 0.49718564138291765
0 0.40319267618221777
0 0.40421883393735564
0 0.45562841512048446
0 0.3800357555057137
0 0.4207760287545911
0 0.37622864611447665
0 0.4266763584581091
0 0.46089491201763305
0 0.35190850987376693
0 0.423233149576494
0 0.35230444138463496
0 0.4529577413222131
0 0.37330189259604546
0 0.3908346519845315
0 0.3258548428756349
0 0.41974839297028305
0 0.445523266082291
0 0.43879124380997236
0 0.3942477997524513
0 0.42819474586542894
0 0.35924778829948734
0 0.39069814040737816
0 0.38680855667646713
0 0.3770635791070496
0 0.4166908946692585
0 0.3880369967127731
0 0.4740681068301201
0 0.3804414163283328
0 0.4054417072414001
0 0.4032944640649107
0 0.39906367209852034
0 0.39415264927273397
0 0.3702880457670244
0 0.43180594173138026
0 0.4092966419629141
0 0.3583477707141018
0 0.3893609388181123
0 0.3430889428683791
0 0.478005035989302
0 0.3963579164100474
0 0.3727368336661888
0 0.3776973407958357
0 0.4332510451867789
0 0.3829918431720513
0 0.4067905295568736
0 0.4834490433996122
0 0.42125180126209655
0 0.35488731590835176
0 0.39118457670353457
0 0.3765309998677114
0 0.40569169877836503
0 0.38826902657172363
0 0.41699754195498745
