0 0.4662450735310222
1 0.4680132620639839
1 0.50519495163974
1 0.4808886860921729
1 0.5211628790033545
1 0.4604978634828556
1 0.4717997198004836
1 0.4530480977436612
1 0.4843612926917506
1 0.49717853834402276
1 0.5009172204859799
1 0.5184454933957372
0 0.46428201529144725
1 0.4533661121578865
1 0.4942153897067859
1 0.4975584151237987
1 0.5533101249863084
1 0.5312549232845724
1 0.5248200443854983
0 0.47732513430995605
0 0.4694031164638948
0 0.4810225710172142
1 0.46043804389546805
1 0.4795013848428558
0 0.4801970731596811
0 0.47836690405299576
1 0.4941790952968502
1 0.49538453832851237
1 0.5085351910065118
0 0.48830368165874316
0 0.46055211308023947
1 0.4929282594974301
0 0.4983907989169942
1 0.5252621201175697
0 0.5335135300173779
0 0.5274724788099774
0 0.5371312920585254
1 0.5391930229580304
1 0.5340857542730754
1 0.5439086225900209
1 0.5056303493073563
0 0.5422984281774622
0 0.5012786069821787
1 0.49533461687101543
1 0.4597318805415027
1 0.45903802738400745
1 0.4723004401270644
1 0.49345873302002563
0 0.5031677225638392
1 0.47995580283014494
0 0.4990678462724778
1 0.4708366532492006
0 0.4672778432943931
0 0.4840586957988144
0 0.49450224157291234
1 0.4522642837428306
0 0.45718948978298
1 0.479070772307878
0 0.4858552508698923
0 0.4888057316639695
0 0.4966171082739594
0 0.49963335495636046
0 0.5275123408133614
1 0.499792708774442
1 0.4834851417140353
0 0.49056192488410705
1 0.5268374554727668
1 0.49842379050303426
1 0.4816594905366995
0 0.5025632152400744
0 0.493294081287686
1 0.5251798599533382
1 0.5236495327599672
1 0.4890519945333619
0 0.4944775603650154
0 0.4728846370117686
0 0.47346098512426527
0 0.5146448597929634
0 0.5248778316722175
0 0.5155656352199971
0 0.4640321889945726
0 0.4812205137627388
1 0.5029602693489894
1 0.5160232272320207
0 0.4783369782031713
0 0.4521286484499089
1 0.47388669189018984
1 0.45761754794738746
0 0.4620346467237182
0 0.4854524363492702
1 0.4479554055486963
1 0.45324474953096616
1 0.4587307302251831
1 0.453534222052551
1 0.4898675047366974
1 0.4971541257890777
1 0.476735219373518
0 0.4845505087341763
0 0.4617169717458997
0 0.4792123978345051
1 0.5062457151629999
1 0.48728188356180446
1 0.5079415557592788
1 0.4872988628658224
1 0.48736579825653287
1 0.4758244070157491
1 0.48014771483712665
0 0.462497068824338
1 0.48393532172352705
0 0.47276753061428217
0 0.47303749205188117
1 0.47293187047106683
1 0.4766793171730418
1 0.4774914946006943
0 0.4746170532726452
0 0.4704114263815987
0 0.4720802166524095
0 0.4873774992345342
0 0.47535103071071455
0 0.4984843162030208
1 0.475976652856264
0 0.4721681566885688
1 0.49277470908677135
1 0.5098745687480974
0 0.5101786250701159
0 0.5019811548230747
1 0.5074608312073208
0 0.4947719936519134
0 0.5243030777714571
1 0.4883665287047467
1 0.48014954619381467
0 0.4752720751482235
1 0.45474841495515855
0 0.46567153373468056
1 0.47905438109720533
0 0.4952490011204995
1 0.5029659341242038
0 0.501003051417623
1 0.5180129048602191
1 0.47041694186289806
1 0.49258784186613674
0 0.4887451656788273
0 0.502331868749773
1 0.48291477372840447
1 0.5120645105924787
1 0.5271622181455391
1 0.5226490804726959
0 0.5393852956890698
0 0.4896497206153589
1 0.51834478545539
1 0.5173811707766113
1 0.5067000030461638
1 0.4921758678619559
0 0.5080752409195899
0 0.5208394999850184
1 0.5055454674281963
1 0.5208362018075162
1 0.4882851722048037
0 0.5183927168606719
1 0.5303671437797266
0 0.5554852566615085
1 0.5754414777775636
0 0.5545018533270337
1 0.5471691568107241
1 0.5260784014937674
0 0.5378026857226182
0 0.5419649702251674
1 0.5601188656116228
0 0.5641517431928886
1 0.5380213020939967
1 0.5396661241503876
1 0.5398719712554765
1 0.5301344336074664
0 0.5291406503929142
1 0.5348992177283488
1 0.5316272128507534
1 0.5211457484759764
0 0.5362575514225747
0 0.5324042309109974
1 0.4892788385977725
0 0.4801194632902005
0 0.484081910540316
1 0.47479156271475376
1 0.4798044211601992
1 0.5117110871233486
0 0.4715512127601105
0 0.47441333483098863
1 0.48935741843231134
1 0.49076733350238394
0 0.49131736477302546
0 0.4711278849539381
1 0.4913866475168513
1 0.4860868459338125
0 0.48807784068727533
0 0.5091986870677032
1 0.5052267942255149
1 0.4979685923113934
0 0.47991589578634547
0 0.4939323169320934
1 0.4957468656798258
1 0.5069949300528389
1 0.493056433935109
0 0.46491752889502574
0 0.4852158052144664
0 0.5289338303145843
0 0.5292053441457992
1 0.5472639279276095
0 0.5477063991583966
0 0.5607404620018889
1 0.527262444852251
1 0.5392192624910179
1 0.5452448274359154
1 0.545513444034162
1 0.50539051151277
1 0.5180954755993484
1 0.47959218658179187
1 0.4885193343834825
1 0.48528301797958856
0 0.49970714500324037
0 0.5001346066740257
1 0.4759699532862557
0 0.46901659008239377
0 0.4946907223368607
1 0.5168529211872442
1 0.535255561995573
1 0.5337203826701942
0 0.5386207514710261
0 0.5297531468807234
1 0.5012634716530225
0 0.49332128404883036
0 0.5085153764608986
0 0.4970572007393553
0 0.49128095357246593
0 0.5226483178112998
0 0.5290763171029624
1 0.5433341162093875
0 0.5298822500183523
1 0.5213139695594545
0 0.5130239660624404
1 0.5181169143570522
0 0.4831015981062682
1 0.4662544643919524
0 0.47090914075120427
1 0.5096286418412381
0 0.5066000685132543
1 0.4893662265120678
1 0.5126659527399599
0 0.5231587093169671
0 0.5172771910363684
0 0.5183767297580957
0 0.4927975582626588
0 0.48651971533002836
0 0.48798714214991423
0 0.5055357559059985
0 0.5213941321879775
0 0.5448410808823145
1 0.5565282541614374
0 0.5527608092442587
0 0.5231102921540247
1 0.5316760534364442
0 0.5426359017319718
1 0.5514538420495614
1 0.5408051536042731
1 0.5348920806496108
1 0.544754944673476
1 0.5550556502721754
1 0.5636057444266829
1 0.553181304728171
0 0.5540531872233337
1 0.5611151764098142
0 0.5658886937743483
0 0.5583268989521812
0 0.5663027608318478
1 0.5322136103153158
1 0.49456068205869796
0 0.5079462757273034
0 0.5015702083472564
0 0.5301230899133514
0 0.5272767786434097
0 0.5622647482769376
0 0.5647435068981705
0 0.5544260265727462
1 0.5402324585721199
1 0.5456441169126323
1 0.5371019538343794
1 0.5409477672739701
0 0.5273478500243403
1 0.5313617791084388
1 0.5371237446347763
1 0.5505704066402944
1 0.5422880012068606
0 0.5289733039863667
1 0.5598229900819904
1 0.5490088606247553
1 0.5373909511802805
1 0.5359367314055438
1 0.5521925121506158
1 0.5564221773703514
0 0.5754954484419204
1 0.551872015711501
1 0.532083385391285
1 0.5394808696372123
1 0.5318069667059196
1 0.5270761041434435
0 0.5155784005200051
0 0.5345964687704619
1 0.5284608126275254
1 0.5305280894039115
1 0.5177039956426255
0 0.5269786575046906
1 0.5205126603563303
1 0.5411272931361231
1 0.5358102177181433
1 0.522932502641237
1 0.52198255717902
1 0.515663682738679
1 0.5432796509799518
0 0.55721225890978
0 0.5249913731846578
0 0.5245495811289949
0 0.5292282851363042
1 0.5456534690536439
0 0.5365904603148735
1 0.5172340239425444
0 0.537846679904705
1 0.5294820785755561
1 0.5510019747325471
1 0.5397604220776193
0 0.5764931306395906
1 0.5456887920320116
0 0.4964775978374838
1 0.4616626925970078
1 0.48640553828413785
1 0.5168142524348608
0 0.5266468106304579
1 0.5212209360480011
1 0.4647676525392247
1 0.4662170419613377
1 0.46287898401592364
1 0.5149090632585185
0 0.4830319877608414
0 0.4597876590770993
1 0.4827213449354487
1 0.5043987973184673
1 0.5293496060641197
0 0.5560081257901873
1 0.5197990955036429
0 0.5033610389124333
1 0.5245833978811445
1 0.4811410920491603
1 0.4928672875388449
0 0.5041881288139273
1 0.5053479922169457
0 0.48481287097342884
0 0.48566379125882825
1 0.4792931881676249
0 0.4769897694367858
0 0.49735734452281705
0 0.4923345289677665
1 0.5009537425480751
0 0.45260261683394426
0 0.46271844693120057
1 0.48851756617650033
1 0.4723415676602165
0 0.4898509884818118
