0 0.5039017569808187
0 0.4997270828616059
0 0.48754972179854983
0 0.5050674389134211
0 0.49714381193385937
1 0.49944919009401856
0 0.5004523303511917
0 0.48242782137621043
1 0.49938035364839806
1 0.4747491933473776
1 0.46695754239132237
1 0.485793731888792
1 0.518106355453125
0 0.4736014665029454
1 0.4769581577654704
1 0.47967836289838134
1 0.4798595501217925
1 0.48480030808658875
1 0.48342732528383914
1 0.5044642487243385
1 0.5072029444899827
0 0.5101360167911786
0 0.48123781608620786
1 0.47392447039149266
0 0.5279388757818942
0 0.5147800894937508
1 0.5082756030171309
0 0.5109061133871459
0 0.5054523418894089
0 0.48960239594624255
1 0.5035973948776863
1 0.5087732059943415
1 0.5116495412530999
1 0.5082490906218939
0 0.4925198705650174
0 0.4842008029122113
0 0.5067301829795862
0 0.5080361354012171
0 0.4872028821432365
0 0.48572184361077814
0 0.4988599996049421
0 0.5136619316340508
1 0.4781591877406091
0 0.4975276064362167
0 0.5300566172556375
0 0.5102700699464843
0 0.508357783967698
1 0.49990085775725657
0 0.5034131972839031
0 0.49573218962374777
1 0.5171862088521755
1 0.4729856488560515
0 0.49571747831465374
1 0.49444465092230777
0 0.5026076277536886
0 0.4813689383548849
0 0.48715255175184147
0 0.4714855187302878
1 0.4824763283654208
1 0.47594896709094164
0 0.4661192044625255
1 0.47492312326076236
0 0.46807013747174125
0 0.4995006700571444
0 0.4581710734433879
1 0.47376573023970314
1 0.5053903569446919
0 0.5056316000610211
0 0.5154592848097892
1 0.4904225453319993
0 0.5004977992156352
1 0.48574326326520284
0 0.49802581395696105
1 0.5015162751888851
0 0.48840164841711914
0 0.502143314282248
1 0.5129915067968969
0 0.5104728351560386
0 0.4991262567613262
1 0.4785249844041498
1 0.47567020950361355
0 0.4849920664270682
0 0.46979149456080177
0 0.47275681375917156
0 0.5248077089412903
0 0.4652118747597604
0 0.46974698527685216
1 0.4936103164770575
0 0.4979112039373883
0 0.47555027666253963
1 0.5090102744669296
0 0.49155715433406577
0 0.4737494189004153
0 0.4797309989306944
0 0.4822418834381918
0 0.4660309672512137
0 0.48828707567382373
0 0.4769012804200839
0 0.44975454950469146
1 0.46673898201606373
1 0.4794668574505664
0 0.49916507840342755
0 0.48180653606451723
1 0.5021956104854997
0 0.49446468298915425
0 0.5119622577685886
1 0.5268147534841227
0 0.49264657785064336
1 0.49575815535896434
0 0.4962658031482656
1 0.5177053967515172
1 0.48183212336838344
0 0.5059099960002658
0 0.49125525535664666
0 0.5130971049848878
0 0.5354602538725813
1 0.4904977914221706
1 0.49562897506353804
1 0.4959719776295476
0 0.4915741026790734
0 0.5132271525476086
0 0.5114611035039599
1 0.493579175170755
1 0.48879148697074226
1 0.4958559824287491
1 0.4777141459672789
0 0.4976618745364754
0 0.5157827883571322
1 0.4982964036726535
1 0.49372697751791894
1 0.48844494256667187
0 0.5050918111256645
1 0.495337310627192
1 0.4743139948174547
1 0.5235405011148458
1 0.5219064059446401
0 0.46513507609550797
1 0.47588891182900445
0 0.45797456351813026
0 0.49358565020172235
0 0.4983058852640912
0 0.5037414396065784
1 0.4923314454526858
0 0.4894241936284527
1 0.4906609980121926
0 0.49410236169060273
1 0.4805617258687888
0 0.47875414730915417
1 0.48631084588936146
1 0.4951256383052895
0 0.4604573856045703
1 0.5000656654699771
0 0.5214374878816544
0 0.5106656939129421
0 0.5108236528893847
0 0.4968708858139189
0 0.49250941122778175
0 0.5106944579684068
0 0.5372977348233249
1 0.4972071001088254
1 0.5136779070291111
0 0.4646118125027617
1 0.4748420760913203
0 0.4854756726432994
1 0.4887567061884373
0 0.5196891922323823
1 0.4842414330427386
0 0.5124367012236929
1 0.5015880450604921
1 0.4927940567319423
0 0.5066093555929452
0 0.4835907034781836
1 0.4996671083987056
1 0.523730423516946
0 0.4937147132178865
0 0.49805734342343366
0 0.49411548698763147
1 0.5032201277227243
1 0.5159411880404571
0 0.4876286467729962
0 0.48878752704385786
1 0.48845012839643587
0 0.5000026428600111
1 0.4979540003456639
1 0.4870866455360955
0 0.5125804137111344
1 0.5104972671573103
0 0.49115014598120377
0 0.4958458731230916
1 0.4899914451057913
1 0.4950840572427211
1 0.519714654204184
0 0.4956748689406851
0 0.49836151201992707
1 0.499719476487246
0 0.5233897550859731
1 0.5038715887564514
1 0.5171364652297936
0 0.45392432283933504
0 0.5108999633779923
0 0.4861495473064164
0 0.5063556513055618
0 0.4898877819116261
0 0.4815077967641732
0 0.4961495979549542
0 0.5011068464012152
0 0.48695902120486734
0 0.48352910914361164
1 0.495845465962874
1 0.4863311337854928
0 0.5106518157612643
0 0.4920451794265896
1 0.4675689425761222
0 0.4998388150341316
0 0.4731225943315219
0 0.4899514371033684
0 0.5016961750199733
1 0.4614426469428429
0 0.49244666990290314
1 0.5150886675170943
0 0.4708901075981921
1 0.4895320381385686
0 0.49503622052650437
0 0.4923505495213801
1 0.488474570081607
1 0.5138320499132883
1 0.5077060459619237
1 0.4883393797865005
1 0.49941076162204934
1 0.5061927908542938
1 0.501946665699397
1 0.5103507865366167
1 0.5074068853446398
0 0.517755985912408
1 0.47400199688637995
0 0.4855976192441159
0 0.517984057994843
1 0.5167552309832038
1 0.5007881035894834
0 0.5214588345964557
1 0.4935771095376
0 0.497265672430635
1 0.5108211105486015
1 0.5099925060837284
1 0.5297082896018688
1 0.49851422493146647
0 0.5214115049680337
1 0.4886861745533096
1 0.5129979606495263
0 0.4859379102110695
0 0.507084470831329
0 0.49754330603827546
1 0.4969007276717997
0 0.480708703994384
0 0.48474662468647384
0 0.4895833491994939
1 0.498161220999546
1 0.4733045928439601
0 0.4781810003265181
0 0.5245813404811043
0 0.49688699808071013
1 0.5095757069463756
0 0.5290404219111785
0 0.553710547589136
1 0.5197870731244243
1 0.5217193792870357
0 0.5115177457587373
1 0.5005874490415322
1 0.49092529018078623
0 0.5141978107362382
0 0.5018919835950986
0 0.5085449747605933
1 0.5311607740493619
1 0.5325326393489916
1 0.5218186128467298
1 0.5283986636529879
1 0.5065901586312773
1 0.506554440517201
0 0.4968983834042405
1 0.5121494562472722
0 0.5210042945216323
0 0.5055563318829822
0 0.5156628987613555
1 0.5158935289273868
1 0.5095469595202843
0 0.5104587522617213
0 0.5238355010793148
0 0.5081038773994292
1 0.5051239912444988
0 0.4955257776032474
0 0.49533643672122196
0 0.5113030871691318
0 0.5212075638115257
0 0.5182157553616338
1 0.49632886540741794
0 0.48952569543851904
0 0.5024322566397311
0 0.495156741449091
1 0.5017795129865927
1 0.47955808338417055
0 0.5005246829073301
0 0.4904952039705873
0 0.49982737901830787
0 0.4824184799257193
0 0.511502958491059
1 0.486216488720928
0 0.5018326036285018
0 0.5124969082951091
0 0.503356378387353
0 0.4843961615659773
0 0.49777963514156265
0 0.5078998808132654
1 0.5030112757471271
1 0.504311118674875
0 0.5086748791474127
0 0.5019184174350189
0 0.4579395979808785
0 0.4931746606270629
0 0.47658809972195615
0 0.47407763197076663
0 0.47295106607614507
0 0.5183398319987609
0 0.46893565766221307
0 0.48716768696537877
0 0.48071141498929426
1 0.48477680764666947
1 0.49556462284782493
0 0.4897450829726914
0 0.484202174762027
0 0.48137432153176196
0 0.4955641378773867
1 0.4843556482929258
0 0.4703438037114002
0 0.46630223786614705
0 0.5143634527015979
0 0.48231067749697476
0 0.4894377622545847
0 0.47603282976497047
0 0.49780673926910596
0 0.47362398427537183
1 0.49600851244747973
0 0.4966942327207498
0 0.4824245517673118
0 0.5098294156323979
0 0.48361248045649674
0 0.4710330849666097
0 0.48289149794887154
0 0.5052810208223767
0 0.48528535536514866
0 0.46678177038054375
0 0.4806084009137993
0 0.48628047615955183
0 0.5006780016966826
0 0.4768156074051909
0 0.4739900769039567
0 0.4789438939619747
0 0.4920438010813622
1 0.46366391450880357
0 0.4517650691525197
0 0.4984315153601343
1 0.4651263722593927
0 0.5021476810275357
0 0.4653958865660904
0 0.48271395977595555
0 0.46819564884120685
