0 0.47610824640180827
0 0.470697440320103
0 0.5069869843283774
0 0.46442666699774654
0 0.45764842878652673
0 0.4877286598095251
0 0.49097521641925235
0 0.46104306313397986
0 0.5011908529731132
0 0.46536336170535914
0 0.4952974935858674
0 0.4996351831209544
0 0.47681567045872425
0 0.4699526234170866
0 0.4901812012359944
0 0.5269888029370092
0 0.49009084624213767
0 0.4854091990991421
0 0.45640301643445164
0 0.5343739553659751
0 0.504731658519572
0 0.434559466050028
0 0.46835302718277827
1 0.5043788627633504
0 0.489208860018065
0 0.4887717616168256
0 0.4912721114923811
0 0.47253390603084056
0 0.4698515662713947
0 0.503830925322424
0 0.5096408167021412
0 0.45567951075095325
1 0.4724146281393188
0 0.5010757045750662
0 0.4791931976614321
0 0.5107868183730477
0 0.49480367287156557
0 0.4939760630544541
1 0.4583830050574711
0 0.45341336779899627
0 0.45990136953398114
0 0.4988772357773176
0 0.5167968398222507
0 0.4594902186026533
0 0.47360365861778675
0 0.47065360740888984
0 0.46571106077030217
0 0.48899142542679075
0 0.48643873489043
0 0.48576867476349617
0 0.4677081154062691
0 0.46831242599726813
0 0.4863225976911458
0 0.5010202139314193
0 0.478993761412384
0 0.4823201140613794
0 0.507316075455685
0 0.4385933047669739
0 0.4658488399187536
0 0.4864558168924297
0 0.4925252820507967
0 0.496879649790822
0 0.47959758589500845
0 0.47221579131044983
0 0.44964853049882403
0 0.5107911446000619
0 0.48375838509874247
0 0.4774016367967448
1 0.4841623484785088
0 0.4918263506398863
0 0.47830347927118827
0 0.4830735122515245
0 0.4889425017124482
0 0.48887626388859035
0 0.44540273878392256
0 0.4977661147764551
0 0.484468819332735
0 0.5024987211306524
0 0.490056511242908
0 0.45557740556559945
0 0.48963859578745306
0 0.4880380155462503
0 0.5044150774731976
0 0.47242486651468624
0 0.4467525918120211
0 0.49026182769211407
0 0.4848361986333889
0 0.48936742453723175
0 0.46878786962054125
1 0.477028960084271
0 0.5043022261551217
1 0.4693296511274451
0 0.5023048721983968
0 0.4944659195985417
0 0.4795547297134458
0 0.4873474003674515
1 0.47678789823866263
0 0.5026359224043128
1 0.5188335348922327
1 0.4505177617068107
0 0.4909859175660579
0 0.497281474138124
0 0.4925687228545842
1 0.5006670496972399
1 0.4843829299241258
0 0.479950255319988
1 0.4928926158192754
0 0.4978572382325436
0 0.5086036743278682
0 0.4681911395923908
0 0.5026828639929962
0 0.4821695673899044
0 0.48917794079949245
0 0.5105653771955193
0 0.46038259600263864
0 0.4620920891392127
0 0.4837100525102083
0 0.5026145599104043
1 0.5060206344335083
0 0.5074269403512104
0 0.4803666802688649
0 0.4890520873041929
0 0.48838773290230647
0 0.5168441031041513
0 0.5131065931014702
0 0.43414014955999763
0 0.4702633761963375
1 0.449963560896516
0 0.48252711010121513
0 0.4974927262930648
0 0.508098267582723
1 0.47471111065702487
0 0.4667585655114559
0 0.5151950264647008
0 0.47079186886485325
0 0.46745390835569095
0 0.45632399544430857
0 0.500156613584579
1 0.4778461431542456
0 0.49550364576242456
0 0.4806531096878163
0 0.5025694323233166
0 0.5098149548786916
0 0.47477719568023324
0 0.5082311587665725
0 0.5116232665516546
0 0.4846705272590581
0 0.4693471997522792
0 0.5202006710064224
1 0.468830207904543
1 0.4850557280541794
0 0.4848711050495547
0 0.5043723813951396
0 0.5065872940795225
0 0.4715218812250648
0 0.4910827758342866
0 0.506291012467626
0 0.501536174830183
0 0.4508175978621219
0 0.511455791115651
0 0.4856400235400228
0 0.47347524492415166
0 0.5080102234536513
0 0.5238081243974597
0 0.492278548660558
0 0.5041222950463781
0 0.4838325494296101
0 0.4804079267163382
0 0.49760644934843123
0 0.4930633696946821
1 0.49044051617911355
0 0.4999725099382482
0 0.5076771043023597
0 0.482908174574669
0 0.5177507177798778
0 0.5158817111848358
0 0.4940639452603405
0 0.47687673077782494
0 0.5079347952988286
0 0.4838019239119284
0 0.48726202491397097
0 0.5207096573750282
0 0.4494065941192137
0 0.4592143334339352
0 0.511588693744616
0 0.4768730046370223
0 0.4522732648887588
0 0.4884872692076996
0 0.48746956389292073
0 0.4628124895203765
0 0.49918403598487593
1 0.4974165340390857
0 0.489103100047045
0 0.5074767102504468
0 0.4733546918534732
0 0.45967569706550737
0 0.4780800528417999
0 0.4878523740321936
0 0.5210983458363447
0 0.49451193718147407
0 0.4786726869037794
0 0.4822684588851529
0 0.45458668381724937
0 0.5005630025545278
0 0.4300095903455021
0 0.4684725338036516
0 0.466600288704776
0 0.47288089484955326
0 0.506875076377395
0 0.4748315417519617
0 0.4956565226186145
0 0.5186132026041052
0 0.49517932030358
0 0.5373814149955776
0 0.498705929151363
0 0.5007872501369268
0 0.48862292296775456
0 0.46084308651104766
0 0.4637878067074845
0 0.4916243656662399
0 0.49247695102502276
0 0.5215969119301554
0 0.5035632944225871
1 0.4843771809335896
0 0.4892598137610934
0 0.49552223611895835
0 0.5141368968830614
0 0.4987462087255679
0 0.5115783142499946
0 0.4553377885770679
0 0.4625042244982299
0 0.45635481687877627
0 0.41576383352791535
0 0.4846267161131456
0 0.4965679189377016
0 0.47227779133659326
0 0.4598199507674114
1 0.4705906164763631
0 0.4981464141650021
0 0.4801266494545951
0 0.4797006175821402
0 0.49624031185549056
0 0.44124030669116776
0 0.45301528491073595
0 0.4552592290614968
0 0.532635735800998
0 0.4939377992558822
0 0.5197755620944494
0 0.5054805663556575
0 0.4861213689882172
0 0.508116463114233
0 0.5053926530349444
0 0.48541332860968295
0 0.4843235862349687
0 0.48187594829847646
0 0.4762219383803128
0 0.4964034928724426
0 0.48654660495461255
0 0.49318347964445886
0 0.4726377675814706
0 0.4697041238446729
0 0.49594944671163066
0 0.46219464653705256
0 0.5126632353505756
0 0.5095629952350003
0 0.4855904095570897
0 0.5062852762004215
1 0.4953069830116301
0 0.4752112889332582
0 0.49183747621133006
0 0.45355626193015997
0 0.48510488490356246
0 0.4741822122482398
0 0.4726907391717183
0 0.5215245557943551
0 0.4740453756003264
0 0.5229907305096466
1 0.5053405718014151
0 0.48044269556330993
1 0.4596097374325842
0 0.4691799994804591
0 0.49986943414879004
0 0.5061576555644226
0 0.4769955413382203
0 0.49938253181810943
0 0.45232679365519346
0 0.49560284789324716
0 0.453627400036299
0 0.496183996787623
1 0.49926569214706523
1 0.4943179129347427
0 0.49330452952410003
0 0.5000470454884314
1 0.47291888331934634
0 0.4737418084615988
0 0.49983348247098375
0 0.4741755562079198
0 0.5146895862414198
0 0.5119034445634578
0 0.5259587122969012
0 0.5083048834201697
0 0.5140372568337253
0 0.47036154719759576
0 0.4950278267082518
0 0.47263006640473304
0 0.47367541247803646
0 0.4814738209092696
0 0.4942561419043029
0 0.49207871775379625
0 0.5019875649337465
0 0.5051495679656024
0 0.48731382256466194
0 0.47636368611195296
0 0.4773962337311438
0 0.45000955652659685
0 0.4663488242324916
0 0.4974120919599405
0 0.4901673663044389
0 0.41781667270797446
0 0.4786022340072417
0 0.5197100347244067
0 0.4574880178879445
0 0.4951783886418972
0 0.5207427734666963
0 0.49626420309713803
0 0.4767041799562312
0 0.50763569551142
0 0.48052920582526204
0 0.45529558743907844
0 0.4779910046688312
0 0.5207761448889401
0 0.511852545227261
0 0.5137077809567651
0 0.48232393278617375
0 0.5133236029856125
0 0.49070119213709357
0 0.49899435686388144
0 0.44448547378120556
1 0.4857547926736764
0 0.5048217751309962
0 0.5067349722295064
1 0.48103297588150445
0 0.48170956060215286
0 0.4803114988779222
0 0.43707924152461947
0 0.44919892694041136
0 0.5035438100031694
0 0.47354952511863413
0 0.5071772037414081
0 0.522040550664079
0 0.483363289981504
0 0.462704560405742
1 0.5124260072911244
0 0.5183536499152676
0 0.518792661580372
0 0.47543868383695187
0 0.48736799350517096
0 0.45183863931468643
0 0.47399712865399724
0 0.46745186894266083
0 0.49709270044739323
0 0.49109775501836056
0 0.49048695320846136
0 0.4832698186217819
0 0.47737160468784284
