0 0.5022785527976312
0 0.5450373816432857
1 0.4087859447748548
0 0.5022500863127876
1 0.41365845155855324
0 0.5545280309947409
0 0.4407220834729232
0 0.5070310162168253
0 0.4593728834924633
1 0.44448342455962075
0 0.453515109182307
0 0.46567632825074295
0 0.4363766930005801
0 0.46216492425058014
0 0.40818179381071423
0 0.5143055926978667
0 0.3814008664076931
0 0.49883316490447166
1 0.44060999611892576
1 0.40290508154725563
1 0.4651587306661244
0 0.46417547473608584
0 0.511079699202079
0 0.38911662491235527
0 0.5051979955208764
0 0.4758291792027406
0 0.5092955341563519
0 0.4789718290052509
0 0.4981667340022953
0 0.42875607365694085
0 0.5288075398412848
0 0.47756816224797394
0 0.4596711006917295
0 0.43528770052102655
0 0.40459252894521813
0 0.5282866328929487
0 0.4716457716969624
0 0.5387382807350296
0 0.4285863141114779
0 0.42018038440649014
0 0.49299918292830297
0 0.48623882876033586
0 0.4113199535499354
0 0.5012069623630971
0 0.46527957972141704
0 0.43783571472592747
1 0.4983682138983222
0 0.45487232999624577
0 0.5164199467826358
0 0.4664961419653582
0 0.4800282694946567
0 0.4867617661976872
0 0.4735759590938348
0 0.5459612847530768
0 0.46534454047045537
0 0.4804014005638306
0 0.4236764126534551
0 0.4182225844445674
0 0.4414127110742741
0 0.48153965064304377
0 0.48284372174782486
0 0.47187293966497007
0 0.5109964018424066
0 0.4445156938220678
0 0.5154541967490631
1 0.4603868149986508
0 0.5526165770538404
0 0.44607049480811295
0 0.48042872145635357
0 0.4561945494974868
0 0.47422005227148545
0 0.45293752327500014
0 0.47275966079518855
0 0.4780393832172806
1 0.5322309364030053
0 0.43642138144101
0 0.5452391349989507
0 0.47057572545423954
0 0.49464017959684653
0 0.40969855472635647
0 0.46191872965702757
0 0.45570896672058525
0 0.45355456945747546
0 0.44342833174225926
0 0.46693622807670665
0 0.45515771749090583
0 0.47386294085430497
0 0.43884414011392125
0 0.49256831793712025
0 0.5005381422454064
0 0.43198277189238304
0 0.4608831667109132
0 0.4380538480831883
0 0.46225763747349585
0 0.46667818811614054
0 0.4776854753903419
0 0.43219639113165703
0 0.44012930435141295
1 0.48530539908649706
0 0.44612529679818874
0 0.4638832448418276
1 0.4162368469606725
0 0.38550644971608106
0 0.49542628398944644
0 0.4600809377995154
0 0.52699732479508
0 0.5091364373921972
0 0.480107533193756
0 0.4826744281139477
0 0.5293388131157819
0 0.47885831814854074
0 0.3967940479354769
0 0.45204398771577226
0 0.4396746584474242
0 0.37019629242300206
0 0.47017734253792376
0 0.4749354651021621
0 0.43167278203357534
0 0.4837669564937481
0 0.46772474945261655
0 0.5038820228521035
0 0.40007920968400157
0 0.46356434979284966
0 0.4815001233807152
0 0.5190819360501546
0 0.4623072029827713
0 0.517619065528532
0 0.4345345339021707
0 0.4081319301909568
0 0.4861642047887134
0 0.45302872225898766
0 0.46255417217111333
0 0.534515215165972
0 0.4147798504588669
1 0.47268368243023867
1 0.4010726042586873
0 0.5044475531303285
0 0.5124087722668406
0 0.4542603919179877
0 0.4880884546347208
0 0.45955535064714903
0 0.4867605883259702
0 0.4700838381419614
0 0.46426586685667764
0 0.4717168101622543
0 0.44137221382172975
0 0.46880129111621427
0 0.4849760005478985
0 0.5253373087698014
0 0.4022884576623981
0 0.44558564707649473
0 0.4837553264283275
0 0.470093418614984
0 0.4571949199621865
1 0.456765779167273
0 0.3936611848747794
0 0.4314428291314242
0 0.4607722663935753
0 0.4722307449842011
0 0.4842608049508225
0 0.5119367570536688
0 0.47470356851046136
0 0.544000394984185
0 0.4286784146122461
0 0.4732896470132061
0 0.4428021028010804
1 0.5414009021342758
0 0.46217129419458314
0 0.39694416708429253
0 0.44787284007735234
0 0.4803709558579779
0 0.3988883172943712
1 0.44746382592906164
0 0.4219570558932719
0 0.4425185095860158
0 0.4279479760387611
0 0.5260300506860516
0 0.40540525443281894
0 0.5247667319040106
1 0.46632429305911893
0 0.4786236960965947
0 0.5033092008788647
1 0.46898300433623646
0 0.49913285748071723
0 0.5035844980509332
0 0.4832480927470662
0 0.43229961413957446
0 0.40429109016160986
1 0.3762037300319787
0 0.4806712055558535
0 0.46296071682663814
0 0.42119359395803724
0 0.47585064793570725
0 0.4650765342317859
0 0.4523778485744423
0 0.4430586053998704
0 0.43687197867467237
0 0.4877949380476566
0 0.4438026039545555
0 0.4645817346195985
0 0.49881857371322086
0 0.48629991688125584
0 0.5504579109689561
0 0.4001684238657425
0 0.502701794231121
0 0.47515793992378685
0 0.4613017082542149
0 0.4488694646546661
0 0.4773173519596783
0 0.35233623031769296
0 0.47530839766936406
0 0.45081205895901194
0 0.5083478238435216
0 0.47774939837811387
0 0.40125899912027874
0 0.46734048384547205
0 0.4081668778054266
0 0.4224685410370386
0 0.44021126757423745
0 0.3607583015917768
0 0.5072938809032137
0 0.46684539677199954
0 0.5291352418017253
0 0.4550661565926157
0 0.49034922726187724
0 0.4640098227210263
0 0.46160974146494055
0 0.4533812384613909
0 0.500598588882733
0 0.4321421996613409
0 0.506903913364955
0 0.4823003526217043
0 0.4840754350847992
0 0.5555152669123683
0 0.4374717932868427
0 0.47733532136426227
0 0.4467198922607394
0 0.5110527968768647
0 0.4472013304554618
0 0.4629053623725441
0 0.39681924399896346
0 0.44772779477162633
0 0.45823389650624774
0 0.38812705954823395
0 0.4289734196321695
0 0.4449024094292912
0 0.46530231076040207
0 0.4821062086674023
0 0.5090430323471227
0 0.49453509361342174
1 0.44816775098326034
0 0.4388965291064115
0 0.4540745673020499
0 0.42517297143604776
0 0.47338167157878
1 0.5286732440215794
0 0.46745797773266556
0 0.48183286501595485
0 0.42744565157751624
1 0.4978190512906603
0 0.47711997469788076
0 0.5118317733821816
1 0.4141646750651186
0 0.46433824664259465
0 0.4588369295680801
1 0.42000587565692976
1 0.38306510830821805
0 0.5320751321522633
1 0.43265426853043326
0 0.43737006033931386
0 0.43468496207457585
0 0.4607083282364614
0 0.4349065628884566
0 0.4938792857033782
0 0.42121335533543586
0 0.4341056021358916
0 0.4234252889427845
0 0.47569097414373546
0 0.43147225116555626
0 0.5159949305260262
0 0.4569034622059831
0 0.49564396177635106
0 0.39633742421471596
0 0.4888126483146546
0 0.45093445665490506
0 0.4764979931550413
1 0.48272553723833445
0 0.40448588521345763
0 0.456204306351556
1 0.510346994529392
0 0.4697839866078084
0 0.43353032786967244
0 0.4171174771198044
0 0.4882897747947341
0 0.4446188287466043
0 0.4997813050437078
0 0.4193509181566303
0 0.41276955648978475
0 0.415534374492767
0 0.4130272368581744
0 0.475472228105858
0 0.4944056289305734
0 0.45418661536415955
1 0.40789397173512715
0 0.41054579883630404
1 0.41383593816004677
0 0.47863169773820985
0 0.45339840418633764
0 0.4721756668450311
0 0.402048689083302
0 0.41071801694442345
0 0.5468498580237736
0 0.49852947343997595
0 0.5522328990219059
0 0.4425640012765617
1 0.4652014975628318
1 0.4772002390374465
0 0.49781218040216163
0 0.4444573089014416
0 0.40903861681393267
0 0.46282803701377795
1 0.47320932096679696
0 0.39070534212565633
0 0.5024400574992854
0 0.4425928062498049
0 0.4281970118210429
0 0.4072242684411558
0 0.4079859626405045
1 0.5137727770606071
0 0.4714611737815662
0 0.46379372767395854
0 0.5021347814504854
0 0.4852727284581351
0 0.4673111395923403
0 0.4832596271177909
0 0.418837530560298
0 0.5316661467285926
0 0.44308575888801616
0 0.4926337460499447
0 0.45828959218519333
0 0.36224706602216733
0 0.5374905173720541
0 0.3921414831597477
0 0.47790518308807833
0 0.46608298274752125
0 0.39971460276225207
0 0.4672189086970668
0 0.447801748242983
0 0.4338987379768778
0 0.4871777563591776
0 0.4347128655231608
0 0.47251461008490603
0 0.4089940893362769
0 0.4361098498943972
0 0.45047398882318757
0 0.5113696406373106
0 0.47132402250831174
0 0.5256256317683247
0 0.3988028831820007
0 0.5233766460964594
0 0.40049460697904143
0 0.4879667252436217
0 0.43714149256027957
0 0.5192295256134637
0 0.5169724635065845
