1 0.49628533776092554
1 0.5071510665140738
1 0.5121114506926543
1 0.5370858881135556
0 0.4875248255795921
1 0.4868230727555225
1 0.478169598395225
1 0.5137786640892181
1 0.4869007225293808
0 0.4889539699625396
1 0.49690828502731593
0 0.5219706257220154
1 0.5360090480934342
1 0.5469679616839358
1 0.48140797694785
0 0.4991464486744241
1 0.5149114501191472
1 0.5049007416931122
0 0.5016717675986836
1 0.5071035477799123
1 0.5119674792013962
1 0.4967333161222944
1 0.475092906043353
1 0.49646923278590466
1 0.5173270128671318
1 0.5583789130602744
1 0.4984668491343288
1 0.5009847424513738
1 0.5399410695456407
1 0.49548334816754624
1 0.5085832623272368
1 0.48288192485880566
1 0.4861757856922522
1 0.5089562120166825
1 0.49677520817620735
1 0.48885122092497196
1 0.48891919204246803
1 0.4956377564257801
1 0.49163890990947695
1 0.4803782013698861
1 0.5161331975432658
1 0.5356346889098359
1 0.5187865356176483
1 0.5002235665897821
1 0.5178064808634752
1 0.5049043289484184
1 0.5002901908616433
1 0.533295673889259
1 0.5357064626776975
1 0.5425029327157048
1 0.5322840675103869
1 0.518816405653836
1 0.4759685073968085
1 0.518486840130387
1 0.49982620250644993
1 0.48608911724034587
0 0.529294532376405
1 0.5319816308163122
0 0.5330235111768963
1 0.49097538115708733
1 0.509770033815631
0 0.4701878255908932
1 0.5178947398168836
1 0.48142931192544186
1 0.5300705979162812
1 0.5108005672340159
1 0.5192695097769829
0 0.5068221290283543
1 0.5103166690245573
1 0.4930934194059271
1 0.5167768178166031
1 0.5128598300578895
0 0.48813692728111874
0 0.5056000126724599
1 0.49641497012296704
1 0.5508757585540751
1 0.5197512713340035
1 0.5257476681190301
1 0.5034391353641492
0 0.5466487269297637
1 0.503117533394128
1 0.5198449607513185
1 0.5051984527820483
1 0.5119065425028672
1 0.48663952253906856
1 0.5175779120773805
1 0.47794606958864677
1 0.5234656308191102
1 0.5093451128586407
1 0.523294132860737
1 0.495798972972517
0 0.5134053758113806
0 0.5285961000426421
1 0.4874063004122044
1 0.5068046471811097
1 0.5182548671207946
1 0.48870091776415503
1 0.49824828321802506
1 0.5134438352801816
1 0.5357489579575223
1 0.5032572476392706
1 0.49137542297301207
1 0.49309539059802593
1 0.5294433152666964
1 0.5192295279969772
1 0.47791527609482837
0 0.5207444123576512
1 0.49703661058394544
1 0.5029127493084253
1 0.47461406588548927
1 0.5132733034187673
1 0.4925629669946221
1 0.4946176946620196
0 0.4989926535704345
1 0.5136856712108571
1 0.5073606925794111
0 0.5115522451452111
1 0.5376984815843162
1 0.49578905449632604
1 0.49533768395520056
1 0.49295907663758637
1 0.5238383834003089
1 0.5217377973921086
1 0.5301116882073489
0 0.5243979008023105
1 0.5017456030562668
1 0.5053723538887669
1 0.5190151664633647
1 0.4430962250155407
1 0.4954704281844504
1 0.47874013191398346
0 0.520455062249852
1 0.5119316006339714
1 0.47313312913521566
1 0.5085734120805356
0 0.5210073925557721
1 0.5196023347087474
1 0.533342210952093
1 0.5239061388986557
1 0.4991479223191025
1 0.5053742763289988
1 0.5017962654302975
0 0.512499698251786
1 0.48658928334222357
1 0.4963351004503691
1 0.4651514850190273
0 0.4572390181816719
1 0.4901627981181663
1 0.50573337961045
1 0.5042688611925327
0 0.5251898976714896
1 0.4938593488276822
1 0.5040717153160341
1 0.49490872762415355
0 0.492122525197082
1 0.5015928378213041
1 0.5145114724252772
1 0.5172432077367574
1 0.49676681446609544
1 0.5033920420172882
1 0.5111485643702772
1 0.5117172824711064
1 0.49809428923531207
1 0.49387628942041684
1 0.4815411355671581
1 0.5069532334509095
1 0.5248537440800058
1 0.5051793684278203
0 0.5134080948062905
1 0.49775057821757657
0 0.510242288057261
0 0.4801014101445586
1 0.5030412416743796
1 0.4997617551242202
1 0.4971373891932927
1 0.5000970018523855
1 0.49749737905584707
1 0.5053605945418491
1 0.5066706577697996
1 0.5150546167206403
1 0.5068300858112994
0 0.4932471144790047
1 0.4832823357953566
1 0.5018521177760857
0 0.5305445530167918
0 0.4744807269618865
0 0.5187204149790037
1 0.5068629288030464
0 0.5079981465463459
1 0.5040205929780064
1 0.5000465297037724
1 0.5086190566135631
1 0.5107177742957045
0 0.5075014699717281
1 0.5211062350771017
1 0.5144662129127445
0 0.4988025070815842
1 0.5175460788994503
1 0.5192254634641775
1 0.4866543870232518
1 0.4907448647090804
1 0.5164907163223043
1 0.49042952333283385
1 0.507150251858204
1 0.5021781208024396
0 0.5049332615184219
1 0.4931994464177829
1 0.5169235229407066
1 0.4945241890684524
0 0.492819255066615
1 0.48921426830408365
1 0.500267866495533
1 0.5355103299203205
1 0.4844050986756034
1 0.4946836420143102
0 0.4994407598737575
1 0.5038940076536029
1 0.5197697611296127
1 0.486874471073206
1 0.4731350397209798
1 0.48123353147524395
1 0.5196420275845176
1 0.4884271814202267
1 0.5037890121189582
0 0.47362126716319464
0 0.5096857338684959
1 0.5033527232930967
1 0.5348531763572316
0 0.507093052963857
1 0.5040571837436163
1 0.5099343991352518
1 0.5248839678640386
1 0.5042152227212598
1 0.5485492467886124
1 0.5109612878958917
0 0.5171243873951865
1 0.4674581701679011
1 0.49823822925755185
1 0.5107599521006673
1 0.48861349040664853
1 0.4999829508874648
1 0.5386161195577738
1 0.4993394388862954
0 0.5069293777746874
1 0.4970538447843527
0 0.4828185983088183
0 0.49814285211433634
1 0.5190127220379471
1 0.5520031139933983
1 0.522808526772587
1 0.5145035640295125
1 0.516892049273512
1 0.5082449877935935
1 0.5210270175695217
1 0.522549617184168
1 0.5117255049607474
0 0.5476543523521521
1 0.5094891585458805
0 0.5125010057390151
1 0.5146644382925135
1 0.5217452783863813
1 0.536816649775402
1 0.5297025712620315
1 0.5323393854006931
0 0.5504073187738084
0 0.531519054641463
1 0.5024060957462805
1 0.5206223933971718
1 0.5010295222823844
1 0.5033251724357894
1 0.5091790750835341
1 0.5035597982848788
1 0.5279966813475043
0 0.5007465654984127
1 0.5248649905053683
1 0.5579902685776024
1 0.5303159520815559
1 0.5062963668907586
1 0.49982644900061823
1 0.5060222110838768
1 0.4958822596409895
0 0.47258073269403084
1 0.49210017971223285
1 0.4942203065949567
1 0.4930905056484652
0 0.5023900424969433
1 0.45794388614376613
0 0.5108107699215607
1 0.5195284258642381
0 0.5060081319572145
1 0.49983521412307635
0 0.5111132448669444
1 0.5239363134250632
0 0.5017277166759044
1 0.5156139199336696
1 0.5155747437382643
0 0.4901482801868845
1 0.4866259951596021
1 0.5006329376982892
1 0.5119385380321596
1 0.4986107067234637
1 0.5092004558248846
0 0.5195601696481306
0 0.5231521950733486
1 0.547614206625455
0 0.5038647738528756
1 0.5075138713606895
0 0.5113569117441803
0 0.5224668359997889
1 0.48994848511972033
1 0.5019563837303057
1 0.5399717860324049
1 0.5527031990413582
1 0.5331896254565024
0 0.505880994394618
1 0.5063493805842404
0 0.5022509129096339
1 0.4893155236875282
1 0.5258612652542858
1 0.5005621353679028
1 0.49966845299855195
1 0.48543126147314525
1 0.5023312193535453
1 0.49111843862288906
1 0.49246670475682286
1 0.5025911557356473
1 0.4737839215782638
1 0.49065816355631625
1 0.5098904009934543
0 0.487119403769815
1 0.503583270367612
0 0.5020017590136514
1 0.5044741571185068
1 0.49443008814453415
0 0.5318495121526122
1 0.5142374984798812
1 0.5060449031368484
1 0.527342801817866
1 0.4995212881283184
0 0.524395386295956
1 0.5050492039674754
0 0.4682492755321245
0 0.48439688158383676
0 0.4915547854102966
1 0.5076513680344273
1 0.49514688935389384
1 0.517327208690613
0 0.4848188081999763
1 0.4502480784711939
1 0.45166842778393185
0 0.5233087802914154
1 0.5041543340078902
0 0.5039377137767524
1 0.49861896596002797
1 0.505729864916695
1 0.5389272059289039
0 0.528254709075582
1 0.530271097943234
0 0.49673346956723163
1 0.4852828295566633
1 0.5134057776257825
1 0.508730795487432
1 0.5080511029836171
1 0.5117645771833528
0 0.5012114333520234
