0 0.49303596125551213
0 0.44425414177078393
0 0.4625282771517956
0 0.47486098728098125
0 0.4906640446274916
0 0.4764962196779003
0 0.4737165965919109
0 0.4340809853840824
0 0.4993006744303886
0 0.47804772729009026
0 0.468295506089937
0 0.47630403703635094
0 0.4812755813407688
0 0.41596652380560833
0 0.48591632097530885
0 0.4780024661943193
0 0.46318301952943974
0 0.4679760537608664
0 0.4607821218954055
0 0.4650500507317034
0 0.4946475646729305
0 0.4600506629355541
0 0.4580950006533347
0 0.4911618504239269
0 0.4783601773811167
0 0.4769676741903651
0 0.5106304586985243
0 0.49234853520770494
0 0.4480414957161489
0 0.4944191668161102
0 0.45816383293299584
0 0.470726940259634
0 0.4996460160916302
0 0.5069913229667331
0 0.45018997719742954
0 0.4896785830922935
0 0.509040902760144
0 0.45918934094223496
0 0.4818869957339915
0 0.4530997390111942
0 0.5191681021283928
0 0.41966430553009976
0 0.4465172419142772
0 0.5039254168756301
0 0.47876920231590836
0 0.4628527568572694
0 0.47309588678002995
0 0.4864004481829437
0 0.4530193620459723
0 0.43251389869514834
1 0.49459872938992766
0 0.47098636065391547
0 0.48724089109454527
0 0.4658404967021131
0 0.505610254830294
0 0.43409707914181483
0 0.44627466328980936
0 0.48411237077960667
0 0.4889823206163872
0 0.44622449706123124
0 0.4840360408465718
0 0.5016531468881018
0 0.4530332482945025
0 0.4694138107525756
0 0.5340127089351715
0 0.5107039525322019
0 0.48216305071002497
0 0.4883652335488234
0 0.5037604574409892
0 0.4462598243558041
0 0.4487355539963182
0 0.4609213479046258
0 0.46289021343582615
0 0.4701408305020461
0 0.49255008764249586
0 0.44334733734230924
0 0.45420217760826853
0 0.46036213844143065
1 0.44812331314036935
0 0.482903559179889
0 0.4828237004702112
0 0.48318452695560515
0 0.4892102740085169
0 0.4180762979592263
0 0.5089665834207113
0 0.4998521649655031
0 0.43153918651950246
0 0.5073826238308964
0 0.5141844560471168
1 0.48774207489813753
0 0.45313007863995425
0 0.47088105463081964
0 0.488128962914157
1 0.41838156968829426
0 0.47723481172794024
1 0.49444788506591647
0 0.45111300240000035
0 0.4632194130465493
0 0.4819085542208345
0 0.4687001095308031
0 0.473989907524337
0 0.5162784963706925
0 0.4650324089703214
0 0.47022690509434667
0 0.47723546158295893
0 0.5419071500795776
0 0.46503999308427973
1 0.45113549769622885
0 0.4882918623018114
0 0.4511235729144811
0 0.45353322708628796
1 0.4755345889196001
0 0.47479971048698955
0 0.4779480527727109
0 0.48515760135428027
0 0.4570447297940384
0 0.4809907540536497
0 0.4794753157918547
0 0.5143662007098796
0 0.47015737304107436
0 0.4793125427421536
0 0.48370832960721644
0 0.48033190443866786
0 0.4919527082515205
0 0.49691605773603453
0 0.4766721554086296
0 0.49715849764656905
0 0.4692382889275015
0 0.44967435802499806
0 0.47353654666438294
0 0.4668965324230483
0 0.48319523784329993
0 0.4674244408017382
0 0.4528047357863394
0 0.5018246073954762
0 0.5093051842091607
1 0.4693782592820372
0 0.453857960785804
0 0.4658881837705967
0 0.48197781696886316
0 0.47691548559930186
0 0.4532610046668462
0 0.4705884998203003
1 0.5030359406196032
1 0.46678009152284905
1 0.44472299253586545
0 0.49740938209639574
0 0.42436384280080464
0 0.4621371125293448
0 0.48889266211068805
0 0.4413236825848536
0 0.48084046688638926
0 0.4792018666657673
0 0.49132829380104004
1 0.48363123399729163
1 0.5120350288391621
1 0.49266543219753905
0 0.47610745287086564
0 0.42389998088382025
0 0.49305021507844293
0 0.4508402521302657
0 0.47079902118495764
0 0.48398263368955086
1 0.4714226656031223
0 0.48875556353939653
1 0.49805838946439446
0 0.46687708639284947
0 0.4725631075612815
0 0.47161083922717445
0 0.46437167699957554
0 0.45766091942004833
0 0.5029640589092589
0 0.4664407678775835
0 0.4734352984383062
0 0.5128625824276529
0 0.49190433138923356
1 0.47755484115831076
0 0.4561156825474429
0 0.44250307648311743
0 0.49375531354649455
0 0.4723681885020238
0 0.5095527210329487
1 0.49048701889125684
0 0.45433531359725976
0 0.4481508687445864
0 0.5020423997937982
0 0.44672464974232207
0 0.47978674496307105
0 0.5205151521120409
0 0.49676099273061464
1 0.46643198627642685
1 0.4804082735792092
1 0.4859005614743026
1 0.4380827365301304
0 0.49236441424001115
0 0.4446836147855878
1 0.4958259517875249
1 0.46397642795577715
1 0.49603744008637485
0 0.4903218603119869
0 0.45843969356327297
0 0.473593700504296
0 0.48059254758778996
0 0.4823079477769633
0 0.4704575413896983
0 0.4785832412735174
0 0.48038678358190656
0 0.5266374001936183
0 0.48998308851470446
0 0.48796301170904255
0 0.5099244004684542
0 0.5553523792811257
0 0.5003800709145214
0 0.47334411982125013
0 0.4434352628642601
0 0.48728716136553385
0 0.4823900420279428
0 0.450175003464835
0 0.4915033563392947
0 0.48893629341659955
1 0.4874098998000033
1 0.4498264524641685
0 0.5038596206338576
0 0.5215309750977885
1 0.5110064051287722
0 0.4555745279297718
0 0.4874217160375689
1 0.49902984179824517
0 0.4621007525395089
1 0.4911296095756377
0 0.4850037390315796
1 0.49082590446559243
0 0.4441046704203006
0 0.488131906543569
0 0.4778730930320602
0 0.48972647683192133
1 0.4633479322970071
0 0.46972513230837676
0 0.46475542195146907
1 0.4658534828027601
0 0.4945463621402637
0 0.48717336031257263
0 0.44528439147894316
0 0.46643406573557034
0 0.47209428506441137
0 0.4817245737877682
0 0.49617417208998366
0 0.47614447177304
0 0.45456669416482726
0 0.47861236442926686
1 0.4487646629585158
1 0.4710856402404038
1 0.45550959807851077
0 0.48526258604745526
1 0.4938657815492189
1 0.49020537729966007
0 0.4600034751445691
0 0.4921060055251475
0 0.4588028821182862
0 0.44366637546708965
0 0.44076903514576704
1 0.47175247027732903
1 0.4884542415120376
0 0.4614871824368739
0 0.46982772821581603
0 0.48805181984775337
1 0.48411786049933253
0 0.5191496215296233
0 0.47278358813052035
0 0.5012816915326501
0 0.49440644617161494
1 0.45394403362416585
0 0.50215345584066
1 0.5135137714188887
0 0.47474911418944404
1 0.5464962488594605
1 0.5357702230699712
1 0.4655301680755203
0 0.4698631439953817
1 0.4560419496940641
1 0.5447613095719579
0 0.5041152934119163
0 0.48867078380692447
1 0.45246753232348813
0 0.4767322056700968
1 0.46686103497256864
0 0.4675470349137692
1 0.4874100413048969
1 0.4454422797915028
0 0.49327344713434484
0 0.4869503950163466
0 0.4563630923143663
1 0.4719250230741675
0 0.4931078849163159
0 0.5033834035708618
0 0.4685280627033753
0 0.4606279865051897
1 0.47029949947000066
0 0.5082161059742886
0 0.4733454709285141
0 0.50342387368332
1 0.49157895756767694
0 0.49806541516878267
0 0.48496166369807725
0 0.4754417918689329
0 0.47343004130128113
0 0.45477945874847103
0 0.48011147234110624
0 0.4906373082450814
0 0.4602644807476255
0 0.45285724455166565
0 0.44448283845556896
0 0.5329922583273459
0 0.4267327565385656
0 0.48577143264180056
0 0.48821010610041804
0 0.45223962382906785
0 0.47383934214307144
0 0.46352419897566044
0 0.4884724721532827
1 0.48986242290587223
0 0.500569363224066
1 0.4904435332316978
0 0.4821604576947947
0 0.4939700995062288
0 0.5046600201639487
1 0.5073899685035487
0 0.4523099668177215
1 0.4685345716997238
1 0.4612279680444999
1 0.48406955396695805
0 0.48522119834377425
0 0.48747237459396947
0 0.48964390778607997
1 0.44450129446798425
0 0.5035748439166434
0 0.5117618968031639
1 0.46385946360368907
0 0.5015792710816862
0 0.4927027770339952
0 0.5171730489502286
0 0.4527197661871991
1 0.48068440810619395
0 0.498155022985783
0 0.4868956580249322
0 0.4371350906424439
0 0.5003641486337428
0 0.498087876815023
1 0.4426743001625883
0 0.49350115120514126
0 0.4818507249789648
1 0.49912269014512156
0 0.47315012764102665
0 0.48081070968055784
0 0.4404301719109075
0 0.450880643728833
0 0.4767930140027931
0 0.453631412028799
0 0.5173146893516684
1 0.49685338423197084
0 0.48485526229107434
1 0.46131256418374633
0 0.4557840216669695
0 0.47414560293991853
0 0.4777595019327464
