0 0.4652894197175474
0 0.4553229077278087
0 0.4281736407121899
0 0.4957484424698186
0 0.4043142568357797
1 0.384852168138648
0 0.48521168882377824
0 0.4170649170583058
0 0.44481680624713144
0 0.4367674661290904
0 0.48339941340493253
0 0.41075161725885173
0 0.4847808825655299
0 0.492677801195445
0 0.5255743363192399
0 0.4432049824244057
0 0.4749712068027894
0 0.40666892258062753
0 0.41643971879160524
0 0.4161429434612283
0 0.5270113307864165
0 0.4862780782608089
0 0.5209510954593064
0 0.45760416375132784
0 0.44628865433352405
0 0.40459185374366496
0 0.3857391369245794
0 0.4373181880354747
0 0.3974379821699395
0 0.35789891503942245
0 0.48194934097356207
1 0.46554628969220824
1 0.45470193000925546
0 0.41889888130379704
0 0.40171178498989435
0 0.459304911088859
0 0.4714191278563907
0 0.5377944305871477
1 0.4108999462884589
0 0.4333690325145935
0 0.4048277876325665
0 0.47882019252486996
0 0.470849568858973
0 0.5234961958213983
0 0.4321196294121221
0 0.46014459857056134
0 0.5099939254187993
1 0.46525113635636706
0 0.5354818774716739
0 0.4634992857394276
0 0.4475046666007309
0 0.47013690105724765
0 0.43206864290859676
0 0.4682297668851192
0 0.4125128117005916
0 0.5360071143735003
0 0.47847484597412215
0 0.5250261653689414
0 0.5683788266176243
0 0.43119203151302926
0 0.5071148202896139
0 0.44804987387962836
1 0.40988229931299447
0 0.4558126359154476
0 0.5041953613403407
0 0.42150469525400414
0 0.5002338086630428
0 0.35091981606619793
0 0.4593464396233735
0 0.4776739913694263
0 0.41739410606390864
0 0.48548486344954334
0 0.47287228581885077
0 0.39764306861343235
0 0.49367827494100464
0 0.33460012795260796
0 0.46451172350245523
0 0.31349831950540685
0 0.4610031672647767
0 0.3454573165356034
0 0.42874374247033037
0 0.32712526494846755
0 0.49166024028777955
0 0.3609362584170089
0 0.4763061829767008
0 0.385209949594053
0 0.48154533230155605
0 0.3764703477395306
0 0.46853182826904033
0 0.45332775778689977
0 0.4046849668427891
0 0.34929537331685573
0 0.41803938657063744
0 0.39083779922297884
0 0.398159503324801
0 0.42147711103047575
0 0.4516185506362468
0 0.394578279256338
0 0.4596701380721447
0 0.39934463242017426
0 0.4320546166761146
0 0.4675588789501889
0 0.4401680688065104
0 0.43482139630492456
0 0.4440384868390267
0 0.4436303202995406
0 0.4409339797376462
0 0.45491962507781775
0 0.31893601776366676
0 0.38278852768207444
0 0.3746550916273306
0 0.3789920727827707
0 0.46037821392000905
0 0.4168002154480594
0 0.49682222590651093
0 0.444566421052471
0 0.44319503677568717
0 0.3909087085761073
0 0.41292398539325176
0 0.3568615357167982
0 0.45017962919080284
0 0.4501809934718278
0 0.5049949763632836
0 0.472117145420432
0 0.34811057660852635
0 0.39964233958366474
1 0.45436094923869996
0 0.4737138185979528
0 0.39509152588579033
0 0.5220774231970801
0 0.49378033531823357
0 0.3446143775525476
0 0.45908725147267626
0 0.48105191058693453
0 0.4539956794172632
0 0.4053768352464278
0 0.4066028515610613
0 0.4544709806392746
0 0.3929203231752784
0 0.44285838521861526
0 0.4678421729462303
0 0.45790410826995603
0 0.4491068614946476
0 0.5044621622441702
0 0.4100037012502844
0 0.3872819222419123
0 0.365659758608054
0 0.39117612787432543
0 0.40379430699756896
0 0.5039312789054389
0 0.37505518056669196
0 0.42575818846518193
0 0.41384127816122235
0 0.34852309257897807
0 0.3870108115978581
0 0.3671369694337258
0 0.44586801138764487
0 0.4472591361880026
0 0.3760571841436551
0 0.3961021680373415
0 0.4740525307419625
0 0.3935076358525851
0 0.4569708842809706
0 0.43822525385616334
0 0.5269509416818384
0 0.39727194313020897
0 0.3831334333824875
0 0.41115202891453656
0 0.44571734917346056
0 0.42010340590417544
0 0.4300953344410015
0 0.4259020495129838
0 0.4989950682392251
0 0.4161135107572416
0 0.4107231230760324
0 0.3549388293666884
0 0.4760791592104496
0 0.42463046655040243
0 0.45014240177963
0 0.40257649804657125
0 0.39795274700717387
0 0.40314309808043486
0 0.4345688496125138
0 0.343717364985125
0 0.4043360994610582
0 0.3988043656297813
0 0.456028535031021
0 0.4536548071240256
0 0.43498051224907996
0 0.3504478888157999
0 0.35650325537439265
0 0.4901055134068566
0 0.4328202497483727
0 0.44485365578186764
0 0.38542285352635297
0 0.3956506628741836
1 0.4144752215733097
1 0.4403139531670523
0 0.3631888342896926
1 0.3805616850525544
0 0.4204502836003432
0 0.3739486674435778
0 0.37284937985966254
0 0.37976063819272254
0 0.34818887872230725
0 0.3820507946326251
0 0.5014825806637028
0 0.4388638835089357
0 0.42539580911262975
0 0.40174761083028665
0 0.4580202701950267
0 0.45477206012307153
0 0.40024397484064483
0 0.381541156071471
0 0.3595465437720475
0 0.398819878168619
0 0.46695090724602495
0 0.3888530448501921
0 0.47196630216353397
0 0.4054195980591387
0 0.4647568181136744
0 0.5127864751655937
0 0.4474393427097186
0 0.47634166633945213
0 0.3967381136294249
0 0.4471631138118216
0 0.3170773865337439
0 0.436237592786969
0 0.39232723877898773
0 0.3434805124252014
0 0.43194804802592573
0 0.41616667036136124
0 0.36073136973657544
0 0.5129781939897232
0 0.46384136799343717
0 0.41507924645935473
0 0.34729766807438595
0 0.371396804823523
0 0.3033944792208941
0 0.38926392179877994
0 0.347066618363469
0 0.4177210057740793
0 0.45106312902138224
0 0.48795145546427376
0 0.39015166935173434
0 0.37434748031246845
0 0.3939254608696504
0 0.3662187123223974
0 0.39203802527082965
0 0.39553941134008963
0 0.3765509107848845
0 0.42224936933449353
0 0.425003048174171
0 0.4021804173986073
0 0.37056498441724567
0 0.38874613743785275
0 0.3731842942388071
0 0.338761620808921
0 0.4060721901891223
0 0.42633280788540723
0 0.3964644573672353
0 0.46145044924952755
0 0.3640995641415692
0 0.35447500142195604
1 0.38889265549230984
0 0.3545674753071347
0 0.47294585844003706
0 0.351243345180991
0 0.3643104700055493
0 0.341148647061901
0 0.41256395366752313
0 0.3448099430892291
0 0.3726389310640264
0 0.3495364047783553
0 0.3851356678174958
0 0.3720444705078667
0 0.3918255143546147
0 0.35924940463645855
0 0.3842790908696878
0 0.47296280094975146
0 0.38647557161238044
0 0.3607626437140255
0 0.3571888384512134
0 0.33335777558933377
0 0.34837595948136096
0 0.3865636277699344
0 0.37188369159925794
0 0.36371032862241826
0 0.3620965059759271
0 0.3887172025628507
0 0.3850529357093137
0 0.4457200598647434
0 0.36379087122383547
0 0.33550956524209163
0 0.4159634786065263
0 0.36940890582968583
0 0.3931936724403617
0 0.4540361435799385
0 0.38615708590803627
0 0.3502186561893089
0 0.429285487231574
0 0.3160541489373956
0 0.42781546207829807
0 0.41537671040901203
0 0.4232711424431587
0 0.31730421009214044
0 0.43933073540638695
0 0.3946769931858726
0 0.4840380613521433
0 0.27961480066342126
0 0.4632173917023248
0 0.4127423357711883
0 0.41249190393340657
0 0.4941425790811062
0 0.36801038431815025
0 0.44101025278140477
0 0.40785272412470797
0 0.42108469721046965
0 0.3997032053946687
0 0.4692696200396554
0 0.41802678003764315
0 0.38094172044307445
0 0.4016638576095834
0 0.47263833314954945
0 0.39834553400863015
0 0.47928894987141146
0 0.380741792444357
0 0.4102901759010612
0 0.4702385253330068
0 0.5241227079310009
0 0.46412019853554437
0 0.5263152321074862
0 0.4672399536963745
0 0.3420617581150847
0 0.418887151330679
0 0.5097200230400274
0 0.4243831736096611
0 0.497813333657394
0 0.41311620003600946
0 0.4475784093895727
0 0.49403744365768754
1 0.4699888526671878
0 0.34370251400938184
0 0.5314336109409524
0 0.45428382744610324
0 0.4804709948212244
0 0.4152769349557062
0 0.5730308598400955
0 0.4226458006081442
0 0.40916163744213674
0 0.44048702211141616
0 0.4965478276414853
0 0.4432645729570625
1 0.4675613200622332
1 0.4038763485685321
0 0.4732989404069524
0 0.458957682416465
0 0.46009851537596924
0 0.43290291115645124
0 0.47658356409832625
0 0.4745811510395779
0 0.41945209459579846
0 0.5090941814427504
0 0.41462738502013163
0 0.38080710876925017
