0 0.4761043415371933
0 0.48469542954123734
0 0.43798896977638624
0 0.4769784551730324
0 0.4341110265997897
0 0.4786073736248522
0 0.47083634313546635
0 0.518351175805794
0 0.4839644947300808
0 0.4259516748414883
0 0.4527417682214979
0 0.42220485458775864
0 0.46620171540681393
0 0.4687750174357646
0 0.4576097747516927
0 0.46888500254429494
0 0.42518652848848953
0 0.45096568347100247
0 0.47013501387252765
0 0.5001845671297364
0 0.4583717594612525
0 0.4488372334694943
0 0.4607594457307451
0 0.4453504107998985
0 0.5133307746556447
0 0.46990788370315384
0 0.4903515222641443
0 0.4985017916296413
0 0.47445750298937817
0 0.49643756849573417
0 0.4735996516066317
0 0.48170213959211644
0 0.5475838695794556
0 0.4811384327431043
0 0.47001848084430986
0 0.4342495110464801
0 0.4560040243663102
1 0.42596009271060103
0 0.44968863279209537
0 0.4650565711747232
0 0.44228954193877734
0 0.4721419220128106
0 0.5036025290210816
0 0.5053830258313949
0 0.493020855721404
0 0.5100971906115839
0 0.4673169247360482
0 0.4909044662748646
0 0.4784437707247605
0 0.48284455881923094
0 0.5086102095976723
0 0.47130902338957786
0 0.45278202970236525
0 0.44610989800673917
0 0.5242331188297646
0 0.535648141307877
0 0.5009026967027272
0 0.4834221548163
0 0.5019580709196566
0 0.5008093800592213
0 0.5016621934269674
0 0.4995598472540414
0 0.4859728196422031
0 0.43980853269302017
0 0.4391944151194974
0 0.4361589889255459
0 0.42674789217502357
0 0.47696252496705555
0 0.49439735193236584
0 0.47700214595866836
0 0.4878711727875005
0 0.49381799981085467
0 0.4591052767489372
0 0.44502773393181005
0 0.4175720530638325
0 0.4371397336324244
0 0.4877865395624217
0 0.4690581988373574
0 0.44722453159775305
0 0.4280306029745698
0 0.4267448759581874
0 0.4352502083775086
0 0.4345669600557315
0 0.43798622204466764
0 0.45981238604087493
0 0.4341591119875002
0 0.4636893008309229
0 0.43664495242012497
1 0.45918665618100696
1 0.42651767576625554
0 0.49930437420407153
0 0.4708708042220851
0 0.45585358228741424
0 0.4826881575887288
0 0.48891707993926387
0 0.4615322246720858
0 0.5094856769907977
0 0.5028909480192758
0 0.45856612820983744
0 0.47576013541632656
0 0.49368577832340504
0 0.4660810670098895
0 0.4998510050095368
0 0.5088971519216362
0 0.48571012006773817
0 0.5632738729571893
0 0.4870863072928544
0 0.5312789482846633
0 0.4341112958292385
0 0.5488052743465474
0 0.4491853588806237
0 0.476722298224332
0 0.46071277386877263
0 0.47080851933255846
0 0.4827437784985157
0 0.48384004233961
0 0.4292107690316964
0 0.45084460181113056
0 0.4341975474703623
0 0.4626196136734108
0 0.49076928201976333
0 0.4825680693828349
1 0.4673219474180074
0 0.4741893124399717
0 0.4447636451273664
0 0.4553352464088136
0 0.49115978013468164
0 0.4818627337558789
0 0.42902682803485914
0 0.4155810846923101
0 0.4240999178062878
0 0.4520674759061956
0 0.4374655454303702
0 0.44735846899878307
0 0.4196217512608555
0 0.46081797148409087
0 0.49190557124197903
0 0.4434126197286925
0 0.44399262776524245
0 0.49567867756648804
0 0.4716716347742874
0 0.4337773356852208
0 0.5206550596191211
0 0.5039215861741951
0 0.49363962490752145
0 0.4822003371136175
1 0.5151113527844287
0 0.45700888115431587
0 0.4487039136251784
0 0.4089708704199049
0 0.4582102439653846
0 0.48349206844806075
1 0.46441245794698716
0 0.43042005598704036
0 0.4375695267494096
0 0.4857542924631402
1 0.4508364944450457
0 0.4886266903301479
0 0.5233087055203253
0 0.5312385375376749
0 0.5870930402749444
0 0.5369021334668184
0 0.5084257499165735
1 0.5262232929638683
0 0.5488204127970128
0 0.44193882801074597
1 0.4317949546056804
0 0.4535298630565215
0 0.4500058001991495
0 0.5229390765975785
0 0.5419833455729709
0 0.4763931322289942
1 0.5490390903013082
1 0.5986384985187829
0 0.58485828617396
0 0.5580391318512794
0 0.45616018541108444
0 0.48017106029227763
0 0.4992281294737967
0 0.47685108867530096
0 0.502640195029774
1 0.5846478397493189
0 0.46480558650954756
0 0.5473205174381595
0 0.5491704544654221
0 0.5088011669565164
0 0.45390471542477334
0 0.4416418864407536
0 0.47561921902699816
0 0.5387767979989825
0 0.5009280278580386
0 0.5193511028218606
0 0.44355354613783127
1 0.49523477348767103
0 0.43529231775533417
0 0.41264200119660227
0 0.39237475685193285
0 0.4294373634670179
0 0.5028917856757622
0 0.5830578919261469
1 0.509535041105991
0 0.4796680802687718
0 0.48353666357557085
0 0.5042006426960013
1 0.507089365918314
0 0.47096407373448285
0 0.4962596001547826
0 0.4687510769140409
0 0.4787683617913924
0 0.5072144282532548
0 0.5218685750004723
0 0.5029066553110594
0 0.41291465915080716
1 0.4906450070428442
0 0.49363134007064163
0 0.5049071299397697
0 0.5051807362447341
0 0.5802441282270006
0 0.5265414292652009
0 0.46553093193205614
0 0.45169966140912704
1 0.5205738189479707
1 0.5297697831617425
0 0.45160001972453445
0 0.45550551106301856
0 0.4446781853110303
0 0.4399138220363804
0 0.43255179335583555
0 0.4212997417907152
0 0.4522525510231917
0 0.5897088693724566
0 0.551888023001275
0 0.45768669086549363
0 0.5175175782080697
1 0.4975988256522197
1 0.47885070429084947
1 0.4955936145725481
1 0.42154934151534035
0 0.5091713349297998
0 0.598392378056281
0 0.5619293174356595
0 0.46186712619759973
0 0.464623738610971
0 0.5467297723480468
0 0.568197883855955
0 0.5693451486080072
0 0.5554526708459482
0 0.5270871516405266
0 0.4829906931056633
0 0.5257699863590547
0 0.4882543235155814
0 0.48987979818959265
0 0.573774026153188
0 0.5480527895822676
0 0.5170650462518049
0 0.4944882549785728
0 0.430683860200055
0 0.42205881003396434
0 0.42090598637368065
0 0.43247693919752217
0 0.4555736570369474
0 0.4511628530909795
1 0.42198914742946975
0 0.4457747046520949
0 0.4586174387155899
0 0.4426921742910899
0 0.42760727124037595
0 0.45166735406199615
0 0.473531331402035
0 0.4990712718932
0 0.5302247031237872
0 0.47759323540418663
0 0.5722252196238538
0 0.5232150995150529
0 0.48683530206902403
0 0.4439166387818919
0 0.490169066598884
1 0.5114859019387373
0 0.43996959675527686
0 0.5040183300885331
0 0.5048981840558114
0 0.4910440949333416
1 0.44145769373050153
0 0.47742000480316366
0 0.46755021562367044
0 0.4893657473338475
1 0.41518825906465157
1 0.4608275912350044
0 0.46558985189731295
1 0.463985042597966
0 0.39759427227831284
0 0.4461717456061142
1 0.46362960275726556
0 0.5401786272974769
0 0.6277335996903809
0 0.5851170309890231
1 0.5417609247048016
0 0.4941747156398008
1 0.5287409370803634
0 0.594204467979002
0 0.5426601319699059
0 0.5308581030944336
0 0.5419365142643239
0 0.5580122739009035
0 0.5909351385096092
0 0.52118492667535
0 0.5235142797182712
0 0.6304620026080036
0 0.5550053105530557
0 0.5587495349710575
0 0.5711903950398419
0 0.4925386464435772
0 0.48839258433111354
0 0.5040819037693469
0 0.5234917529671502
0 0.522578836486208
0 0.5555608740305211
0 0.5001662652423186
0 0.45059286523309994
0 0.4128229812541178
0 0.43596411226553056
0 0.445436218762102
0 0.4311984391591442
0 0.5007942488826365
0 0.4981291362509797
0 0.5150727906369019
0 0.5033185962460491
0 0.5573172308957887
0 0.4869512132060296
0 0.5148834711145194
0 0.533339676723559
0 0.45400566197585096
0 0.49652526779306355
0 0.46572495857105833
0 0.43654351400623326
0 0.40345776916901555
0 0.45899955928554576
0 0.49312631738497076
0 0.48766512985637817
0 0.4355623382389274
0 0.47311099331578454
0 0.42409422686839016
0 0.47189466278188374
0 0.44424207652941106
0 0.4925263122276544
0 0.4886111228396446
0 0.43788535882698715
0 0.4588209016520243
0 0.5050033374369652
0 0.4490299267918161
0 0.4322872778175861
0 0.4142788292163825
0 0.4306931534993539
0 0.431219350728478
0 0.45208280256436917
0 0.43469627661461174
0 0.4364086673919134
0 0.44340634588476757
0 0.46365242527668715
0 0.4594458195887843
0 0.42307087831497336
0 0.40604409110475437
0 0.4467800814464387
0 0.4258892555005725
0 0.46111883989384933
