0 0.4801666929148543
0 0.4061238768270066
0 0.4714072845430548
0 0.5033463088483308
0 0.427452149625028
0 0.4798487283919701
0 0.46394104786371754
0 0.4188299479981751
0 0.5071430590078556
0 0.490728146362232
0 0.47238040397802245
0 0.4339615301176289
0 0.5262657619635358
0 0.432057161337484
0 0.3983819399235223
0 0.4854689243504375
0 0.43090061354381376
0 0.3932992467382878
0 0.40859378214344244
0 0.47489622893506467
0 0.4942898997440125
0 0.44249462033887765
0 0.49152558303846206
0 0.46329910583912953
0 0.5104217546183979
0 0.537725632481192
0 0.42299721611062113
0 0.4857646989168827
0 0.467512694196989
0 0.5245067228604086
0 0.5235031854793388
0 0.5000984029775071
0 0.43250915676807744
0 0.3870320513534792
0 0.4890494452012609
0 0.5316685336694793
0 0.5339668857886904
0 0.5034063736905232
0 0.46866901604882005
0 0.45972463426126076
0 0.4954879355642911
0 0.5509812916859841
0 0.4312220349699507
0 0.46646600510055
0 0.45719060980459625
0 0.47589660157149427
0 0.4727780834294497
0 0.5178238326202628
0 0.48222768389261356
0 0.4718921167167167
0 0.47592869675125876
0 0.49571040478444783
0 0.5172957917335556
0 0.422551125228427
0 0.45026120267380493
0 0.3806066915050561
1 0.47678903463827155
0 0.5175843105990809
0 0.4822329351742776
0 0.5038538855346525
0 0.5172390905835513
0 0.4924857102612555
0 0.46700477052758005
0 0.5298735824798999
0 0.5023505372696588
0 0.4823181202166924
0 0.46950514135544935
0 0.42527288956726805
1 0.47957305349232293
0 0.49861910225271894
0 0.5174200769911191
0 0.4949304271212941
0 0.4534770133316201
0 0.46506681573318853
0 0.39670650401443985
0 0.5323480900102882
0 0.49479856742394884
0 0.4586090132293919
0 0.4810045600193145
0 0.5264316638606307
0 0.5068013625472018
0 0.45059498054503594
0 0.45570247471830827
1 0.4984433128863947
0 0.4537604916692738
0 0.490076130202407
0 0.5072907173824148
0 0.4335080353943466
0 0.48406269922617023
0 0.4963563463849899
0 0.4942173400505531
0 0.5347532457670202
0 0.5384687641193063
0 0.5260353791794139
0 0.5122518832548228
0 0.43194029396492606
0 0.50365974626892
0 0.5245022844681215
0 0.5117161517222234
0 0.5087133873302923
0 0.4657186631039375
0 0.43743408618120294
0 0.4424212083034421
0 0.5047059555110016
1 0.5340954470769479
0 0.5307775699313726
0 0.48024895436800397
0 0.5103079735868509
0 0.4914795982503634
0 0.5171846746952619
0 0.46488150795750643
0 0.5077763687382736
0 0.4501549506840235
0 0.5127622358622407
0 0.47533148411519116
0 0.46616272857443564
0 0.4768365969689016
0 0.5163711310419168
0 0.4876034530865884
1 0.486876819748898
0 0.5355107554670145
0 0.46228432075509146
0 0.5018111639790128
1 0.4801155791041562
0 0.47001668487521875
0 0.4938414018276819
0 0.5680009339696936
0 0.549013200919542
0 0.4634595018195037
0 0.5465599930562769
0 0.5055939164178505
0 0.48648289268094225
0 0.4829319930695814
0 0.3977015089016851
0 0.5119624500738444
0 0.509381517944424
0 0.48611693793100397
0 0.4758153504603868
0 0.4658616121486829
0 0.5091547714469038
0 0.475683844772622
0 0.4970074700183802
0 0.5332788068374444
0 0.4925343627878422
1 0.521580202174104
0 0.5435527827864319
0 0.5101571304302635
0 0.49189776974406024
0 0.5211864726446727
0 0.5308215136290488
0 0.5209840071507479
0 0.5560132890439581
0 0.45231166264902595
0 0.4210288978867366
0 0.47210446784885424
0 0.5331749097917312
0 0.4679500271789445
0 0.4762309874887326
0 0.5572304078858042
0 0.5018549671152036
0 0.532669332431549
0 0.4361578383393241
0 0.5150225378530725
0 0.5438984637174394
0 0.5537056744188977
0 0.5313141093008935
0 0.4857708886459914
1 0.5447803935196555
1 0.5237103033500277
0 0.5174276965221138
0 0.5067958400181111
0 0.5507807650107935
0 0.4871121493442969
1 0.5430480055026758
0 0.5376569311737269
0 0.5525622553413079
0 0.553703706616957
0 0.544211354392137
0 0.5662000528362523
0 0.502047310910603
0 0.503919301083733
0 0.4358465000213224
0 0.533217953210305
0 0.5251291951987346
0 0.5621272032776683
0 0.4662462996612764
0 0.5652509522827489
0 0.5448902597798414
0 0.5588921090522296
0 0.4886747781323803
0 0.5147368478804575
0 0.5228370013664788
0 0.5197712187279704
0 0.5870959431295177
0 0.5925985394229165
0 0.5091457196583136
0 0.5651484253608673
0 0.5130380252539035
1 0.5068628126309115
0 0.5592582502539857
0 0.5400205255479964
0 0.5209463621310122
0 0.5459678969340034
0 0.5503447165257896
0 0.5359743746800764
0 0.5116831070896362
0 0.5378667381679217
0 0.5211468741102916
0 0.5237487779760234
0 0.5299556331576927
0 0.5099737255495792
0 0.529783945452253
0 0.5492706823779414
0 0.5340509566601106
0 0.546097661327692
0 0.5395854839517736
0 0.5228263699875471
0 0.5270277154526143
0 0.5406645841047497
0 0.5302390050306797
0 0.5212109028452107
0 0.5378692020100774
1 0.5324880285960717
0 0.5332777160771395
1 0.5557397550329843
0 0.4996953341044321
0 0.5640764082081808
0 0.4997018600402724
0 0.5090696203108412
0 0.5359175109619471
0 0.5261328280827967
0 0.5183531944160612
0 0.5640411111417588
0 0.5535638048533791
0 0.5205251546856993
0 0.5025918927804515
0 0.5131419932180106
0 0.4235640618374927
0 0.46325913030014126
0 0.5322067748295223
0 0.5202946404654923
0 0.5532694299313472
0 0.5213425995585739
0 0.5544104760616548
0 0.5417588174139183
0 0.433605041526281
0 0.5029605947430524
0 0.5092309961560381
0 0.42787681739175276
0 0.44100514901970966
0 0.519249537486615
0 0.5648494226336334
1 0.5344333464281182
0 0.5353222158680039
0 0.5340709770256135
0 0.49465016124085004
0 0.5434147160304171
0 0.5016095572793516
1 0.469429633192097
0 0.5243555681487498
0 0.531085914999979
0 0.49918922797962895
0 0.5214684855925446
0 0.5450720056991316
0 0.5380392399066278
0 0.47112740683045823
0 0.515062198189973
1 0.5185632351822029
0 0.5246756879397684
1 0.5216005167682183
0 0.519381867162199
0 0.49860008271387907
0 0.510693065112462
1 0.4939614140922257
0 0.46675941093036555
1 0.5374698538104987
0 0.4715582323401979
1 0.5519673298308136
0 0.5298479878573742
0 0.4763854459958232
0 0.4982559809015896
0 0.5204660069132495
1 0.5548259401703705
0 0.5032725295693335
0 0.5450647931082119
0 0.5423466290011538
0 0.5309707437418467
0 0.5436785973416872
0 0.5358573013275375
0 0.5180342695827447
0 0.5313578332238962
0 0.5152844588715205
0 0.4718785154602482
0 0.47755771709147493
1 0.4908481495855213
0 0.5074089604002403
0 0.5301196566209245
0 0.49303276260366163
0 0.5534052706331459
0 0.5380344405390585
0 0.44407706760843046
0 0.4901362959684351
0 0.49609448297208036
0 0.5457280770232779
0 0.5404120405865157
0 0.5602286764205001
0 0.5288096483499926
0 0.547276106643009
0 0.5155009052982295
0 0.5449307475129403
0 0.5503900341666835
0 0.5193517007788601
0 0.5586200270428646
0 0.5282056096518174
0 0.519158817346759
0 0.5649613553615103
0 0.5483389527170147
0 0.4889908371716003
0 0.5406513166073421
0 0.5249659130698259
0 0.5359485883119325
0 0.5606951459904722
0 0.5496167853334101
0 0.5272711674697247
0 0.49215435403902474
0 0.5335500852993318
0 0.4682830461198061
0 0.4253920430684202
0 0.47048650755281796
0 0.5231752346584873
0 0.5504220548976296
0 0.5657204744117611
0 0.5204308582999049
0 0.5481367886193211
0 0.5220123753318084
0 0.50803385017898
0 0.5223874833226476
0 0.4879277750676407
0 0.44194017909899547
0 0.49996335802134806
0 0.5409573435003051
0 0.49421973595769075
0 0.5528233125533107
0 0.500617299170384
0 0.45034857882023216
0 0.48485911270219606
0 0.47600288051982514
0 0.5305849392386607
0 0.549601602200799
0 0.48337169597153734
0 0.431285780008412
1 0.44847602121296576
0 0.4983963103209019
0 0.5367658052348044
0 0.4942542919040563
0 0.5502249774261057
0 0.48636634112431887
0 0.5333662012536972
0 0.5309568830317055
0 0.4835048268047845
0 0.5513014188123406
0 0.5609351863856721
0 0.5303940814387391
1 0.5396609264807879
0 0.541527812884353
