0 0.2444838150393492
0 0.24465741148793596
0 0.22636423042392342
0 0.23001109349830148
0 0.23541685481025812
0 0.23429124612092447
1 0.2598025385522982
0 0.27109601141267803
0 0.2592523935448358
0 0.2514502768066083
0 0.2820705262420928
0 0.30338726170143476
0 0.3283662265045633
0 0.32055062155265784
0 0.33055462114046114
1 0.32389990460805496
0 0.27273116054620294
0 0.36005031883688526
0 0.3373335181044203
0 0.3885964739775741
0 0.38567696716130917
0 0.361221497708698
0 0.39669116827657197
0 0.38850944795829273
0 0.4674642212141312
0 0.4082151096949947
0 0.41889016649477206
1 0.4163737140805497
1 0.4283786604822365
0 0.4196180289522519
0 0.44985122901350805
0 0.45828997238571545
0 0.46236900969009165
0 0.4136930409967541
0 0.47205598669356713
0 0.5111732588788693
0 0.4833712495371229
0 0.4667644011586168
0 0.4795923176741777
0 0.4813262381889992
0 0.4950449514865923
0 0.4795286015016577
0 0.46915587950976023
0 0.41848882771414225
0 0.4281450152667634
0 0.42807075478480394
0 0.45216728197949085
0 0.44699986719132084
0 0.407297013169792
0 0.38684536065376474
0 0.3575461101275648
0 0.3857480533305276
0 0.3954210332942727
0 0.409505016326451
0 0.4214872455279747
0 0.3950466060431057
0 0.37424159194409873
0 0.38861647592203435
0 0.367451332448228
0 0.36821653233279505
0 0.35118001734352905
0 0.3435836767412163
0 0.375819900690724
0 0.3336735485402619
0 0.37582520588321633
0 0.38588788267850305
0 0.38308354789960647
0 0.4169371743829186
0 0.44265134262977873
0 0.4710659464461971
0 0.4591420732379299
0 0.5258666407679718
0 0.5154419220447456
0 0.48543684524858766
0 0.4957875877361446
0 0.47154407894910344
0 0.46128589652228785
0 0.43272846059669073
0 0.42346038467275904
0 0.412750732551478
0 0.4801173203330076
0 0.46063114454830556
0 0.46444139372420784
0 0.4682490289559411
0 0.4759725335866053
0 0.4467627695340385
0 0.4628187111893017
0 0.48314020632628163
0 0.4676848464405417
0 0.43208195750168527
0 0.4153218765912422
0 0.38028329008105877
0 0.3746716232009963
0 0.34996769842505765
0 0.368971462420178
0 0.3601890021817793
0 0.355200716963671
1 0.3251670254209643
1 0.32021082040280396
0 0.30666484529757776
0 0.29090030464588473
0 0.2863687955347933
0 0.24811779536423434
0 0.256470413811603
0 0.251568183687967
0 0.23715407412443182
0 0.2521929032117945
0 0.23487604546740135
0 0.2295653107953529
0 0.21611782417136716
0 0.23010675785746398
0 0.27492193966673606
0 0.2819303327261268
0 0.3064074450475477
0 0.33396263190378167
0 0.3231946756809487
0 0.3172113543475905
0 0.3441490789983645
0 0.36684198900311754
0 0.3665296414821598
0 0.3738249747277113
0 0.37561730060176524
0 0.36321092503805613
0 0.375707060948146
0 0.3391391000300127
0 0.35700452199005195
0 0.3529949411501899
0 0.37850526963280606
0 0.3886866959705313
0 0.3878067459304132
0 0.3510552666265185
0 0.338332195902944
0 0.3400111070395041
0 0.3500219257513454
0 0.3461340004226565
0 0.3264812665601232
0 0.3082429488292921
0 0.35162104907519176
0 0.29550904043939735
0 0.26735136363872053
0 0.26117517787721933
0 0.28114821661026324
0 0.25725716680048394
0 0.2737081658130341
0 0.3215235700535116
0 0.2581180857496775
0 0.25478286873256356
0 0.30470199712678037
0 0.34482351168147485
0 0.29151743766459326
0 0.2717196085706732
0 0.30393572089165455
0 0.289441281171887
0 0.30078487929549763
0 0.2877141485315097
0 0.27743329263572125
0 0.27192503302106075
0 0.29742850339896987
0 0.2456624318352076
0 0.3003322241126911
0 0.29478922272813995
0 0.2705656584843903
0 0.25677475514907266
0 0.2500927490199844
0 0.2550798435473644
0 0.26094030260017703
0 0.26011940524982186
0 0.29521190581315726
0 0.2827565304484989
0 0.2525695458179845
0 0.2799810232935324
0 0.2985494509958904
0 0.2899752502088001
0 0.2922982709988519
0 0.27525647386636104
0 0.25394522840222006
0 0.29533867894711247
0 0.30925228417932765
0 0.32597659600605594
0 0.3204172269539097
0 0.2767870584340377
0 0.23841247158314885
0 0.24700935120275627
0 0.29864485065634383
0 0.27236492874727836
0 0.25477783070626847
0 0.2698961215755736
0 0.3099234045562329
0 0.3006269447188694
0 0.3280696400989295
0 0.3497668354404722
0 0.3191780524523362
0 0.29617648417277376
0 0.3059770553183724
0 0.2714785307650902
0 0.29371506686481136
0 0.2715738666233734
0 0.28025827392279395
0 0.29728865436712115
0 0.302322718245033
0 0.32773851493546285
0 0.2988313686179544
0 0.2879763274421484
0 0.2552483699861536
0 0.2824863491159414
0 0.2637478721935338
0 0.3013711961863623
0 0.3186668000725306
0 0.305767701790131
0 0.3534273121628097
1 0.36322142108368105
1 0.3331591722191726
0 0.29955832746850036
0 0.2809480173732427
0 0.2796606442368993
0 0.31507043646242217
0 0.31563070734598825
0 0.30165163020248703
1 0.33444163796631954
0 0.32054461849618354
0 0.34996454915830855
0 0.36333299166926275
0 0.38154402992485825
0 0.3324199750457865
0 0.38549693651188666
0 0.32745044106229665
0 0.2966331074062563
0 0.2962024026360823
0 0.30153361257112593
0 0.3072403944868124
0 0.27885269813602215
0 0.3493996734632293
0 0.3620873548042713
0 0.3899926615887588
0 0.383650024682642
0 0.34086517357049767
0 0.3292371311749108
0 0.3847958687432231
0 0.34119686059795573
0 0.36392802213549186
0 0.32492857846281353
0 0.315746341317237
0 0.37117137222220165
0 0.3078468455987638
0 0.3016027962005401
0 0.3038192206662531
0 0.34193526816670966
0 0.3310684184018858
0 0.3199792558919447
0 0.33941409438214337
0 0.2975274135533911
0 0.2894352104185295
1 0.28860103096723816
0 0.29408247087560796
0 0.3070671280267703
0 0.2923673199604157
0 0.28753802715804294
0 0.2621711469081778
0 0.266900954731836
0 0.23582873999152404
0 0.2563092271963431
0 0.20566135307341032
0 0.21881199051459735
0 0.21720003557412115
0 0.2514631193585997
0 0.2534507706704334
0 0.24370681470350875
0 0.2186295456286207
0 0.20273190698285315
0 0.19915715849192567
0 0.23260805855385466
0 0.25167340545378786
0 0.23648406527586024
0 0.24380177114649917
0 0.23330036070905125
0 0.2490906936910982
0 0.21585887496510264
0 0.2193110288805965
0 0.2178773406223759
0 0.21104807439605242
0 0.19900173156869172
0 0.20079026482776938
0 0.24338488078531
0 0.27126030191787454
0 0.21127796442903063
0 0.21546158341128785
0 0.22715338129687465
0 0.22432744524255527
0 0.2258613131924651
0 0.2381110094476906
0 0.2710933097374919
0 0.23053762915040674
0 0.21571736045815645
0 0.22549187336599225
0 0.21920083306586294
0 0.2139479311798189
0 0.21721841997146968
0 0.231159578245121
0 0.22077140054225725
1 0.20589332707208952
1 0.21027004773453242
0 0.247384851468281
0 0.24283970452667922
0 0.24430843571326785
0 0.2609798616802025
0 0.2530873199615719
0 0.2483632675774253
0 0.2527878900801257
0 0.23499975413849367
0 0.25058376554594586
0 0.2629971489415829
0 0.24148279489143998
0 0.28738401934870383
0 0.33482091330992947
0 0.29655471256813665
0 0.26607211949290643
0 0.3193386584638617
0 0.3070416604015881
0 0.33506356842162965
0 0.3329489012908364
0 0.30453578212000426
0 0.3046310970200216
0 0.309138851826017
0 0.33754796343775484
0 0.34430674280812706
0 0.35272423778985235
0 0.360863918368287
1 0.3662088176618952
0 0.42078257895271265
0 0.4389995057488206
0 0.46066644247232164
0 0.4227072552756443
0 0.41043658673005284
0 0.3849128420038117
0 0.40426626164413915
0 0.44044429691934245
0 0.4222142115890734
0 0.4272579290634184
0 0.47603095004432233
0 0.5049240218856696
0 0.5081745655939028
0 0.484808417405812
0 0.496370428359437
0 0.5190892717936935
0 0.49531586346290035
0 0.5017511208271137
0 0.5327244890613296
0 0.5398810767963843
1 0.5136873632378257
0 0.5068119127951791
0 0.5149364999737326
0 0.4681685377140992
1 0.47206096230701744
0 0.46876348185374145
0 0.4687659524300633
0 0.548335470534393
0 0.44066285241635267
0 0.4398536927365706
0 0.4553943616573736
0 0.5072669378901288
0 0.45798177127031986
0 0.49335404764276575
0 0.5000336950709189
0 0.4523185888537439
0 0.42283925097718367
