0 0.5299076818047334
0 0.5063136055961851
0 0.48821395605084117
0 0.511354778763482
0 0.4665731619394036
0 0.5195959345212272
0 0.5224292479593232
0 0.5180231742793934
0 0.4796147371420563
0 0.47733570006985965
0 0.5002483699425923
0 0.46402086891876854
0 0.48325114195294894
0 0.4650028607146727
1 0.47844341410559316
1 0.48798304946498694
0 0.4888670421379382
0 0.4890611067509881
1 0.5441400667106889
0 0.5391141462992308
1 0.5080261910626953
0 0.5241331256933991
1 0.48695360847762076
0 0.47598366594135816
0 0.5060549947861156
0 0.477115324055533
0 0.4777438966001237
1 0.4406930015204659
0 0.4959460930606812
1 0.4918986925587589
0 0.47118897353664935
0 0.4654058317662496
0 0.4680811934674625
0 0.4607647422172632
0 0.42389502933561435
1 0.46146297644000916
0 0.4446629429072749
0 0.4736904363273213
0 0.492456424542549
1 0.48150380616940486
0 0.45003048144192964
1 0.44038513278408037
1 0.45813841742940004
0 0.46445781868581126
0 0.48785240969337645
0 0.45950391961898523
0 0.4889574707741837
0 0.4442183506026061
0 0.5086438310915296
1 0.46315445795556615
0 0.44987675604313854
0 0.4541560005805585
0 0.474712511396444
1 0.4887752855105153
0 0.5128851847590324
0 0.5498195543188883
0 0.460206647826021
0 0.4886434753628225
0 0.4773990499331625
0 0.4188553838367459
0 0.5322604869359903
0 0.46312086126421337
1 0.4978948296872418
0 0.475228671875516
0 0.49033160165159323
0 0.4815744151426781
0 0.46787674633723253
0 0.48828597904291754
0 0.4632468361920848
0 0.43701369896958714
0 0.44768849202475003
0 0.475736268068499
0 0.46242060601932444
0 0.462351729089115
0 0.45927026341864474
1 0.4721783464496275
0 0.5134888613274222
0 0.5536894302582287
0 0.48588776737027745
0 0.43556235987008657
0 0.4567330277917519
1 0.4258670112085415
0 0.42382468485812497
0 0.46119176901283837
0 0.46435784735271984
0 0.4689024826039239
0 0.5107392032332455
0 0.5076310434961995
1 0.481155297931271
0 0.4727094616354165
0 0.46907542227611004
0 0.4726257841859295
0 0.48154293533464454
0 0.47986494957582454
0 0.4529226824405965
1 0.4734124891487662
0 0.4476853128163718
0 0.4276490558386213
0 0.429733567971672
0 0.42597275305988935
0 0.4421497083921943
0 0.4549745440123054
0 0.4627765495945846
1 0.4702288780730397
0 0.4455974448183072
0 0.4492229428891567
0 0.5383755652785353
0 0.4304645543190411
0 0.4323744322925994
0 0.4168882991088391
0 0.41693812357341004
0 0.405647273264044
0 0.4259697675113877
1 0.43455643626123275
0 0.4464143715682995
0 0.4461010864296689
0 0.4264726888000269
0 0.45556124723592584
0 0.43888874447964143
0 0.4566246833960805
0 0.4554792071812706
0 0.4611656252387286
0 0.4337905249264131
0 0.4291562269415239
0 0.4568566739396183
0 0.4208908665334703
0 0.4432833731527804
0 0.42023824892346995
0 0.4689402019901885
0 0.4362296063521105
1 0.43037740452151746
1 0.44352428648157183
1 0.4169377410774701
0 0.44978577766957106
0 0.4387351662475
0 0.4472688968244031
0 0.4976419065778755
1 0.48642946386512287
0 0.47621587264573084
0 0.43998174314013083
0 0.48047873181509615
0 0.4589720075689347
1 0.44950068237533986
0 0.5221165838893842
0 0.45578114789071533
0 0.4540284081062047
0 0.4873824887927926
1 0.4566534989084197
0 0.4483000966459437
1 0.4879619887236013
0 0.5342614814719997
1 0.4566083128648097
0 0.47107604840099265
0 0.46028989481285787
0 0.4650674134618688
0 0.4538052704899257
0 0.48145865654202225
0 0.5400236537390304
0 0.5316211542968561
0 0.48683116578300023
0 0.49856899747955824
0 0.538456821840696
0 0.4577749782196628
0 0.5018276278054379
0 0.4875748405296597
0 0.45093384912621076
0 0.4160416777004161
0 0.4372620979307593
0 0.4334741985616121
0 0.4603825690393076
0 0.3921945619662512
0 0.4499365622731932
0 0.45239272680973736
0 0.4516206595106361
0 0.46124390272289467
0 0.47799932561256203
0 0.48292528925697625
0 0.42352389958691883
0 0.43511996196281727
0 0.43784207224628335
1 0.4295097579492787
1 0.4264112845290758
1 0.4116513423454745
0 0.43850679036517315
0 0.48178253830916185
0 0.46281759863254374
0 0.43806227317487584
0 0.4713854480078674
0 0.43047746528542274
0 0.41445487807346343
1 0.4655143352130468
0 0.42995280845396383
1 0.41471394196927996
0 0.41076220602725955
0 0.41327159804019364
0 0.4227903038677782
0 0.41214418527718055
0 0.4173081304661749
0 0.40272289911115033
0 0.42935461848237566
1 0.39544300057418424
0 0.42500094469164396
0 0.4036876125259796
0 0.4060303721596389
0 0.413076031976164
0 0.41737291402318344
0 0.4239155021394643
0 0.42043731541980994
0 0.39899764243720387
0 0.40454320463569227
0 0.39681165788001077
0 0.4041491329681559
1 0.39917774508692466
0 0.42291125887389264
0 0.41323943664156343
0 0.40347979556146185
0 0.4027012516212262
0 0.4135262837439214
0 0.41548594910936215
1 0.41566879175665783
1 0.4223704342956653
0 0.405297171910283
0 0.4185412761066267
0 0.4117690878176087
0 0.404872921059539
0 0.41339707465738773
0 0.41831094833760735
0 0.4151451009093159
0 0.41081716921802597
0 0.42032990417889304
0 0.45067180793201544
0 0.45621830673329994
0 0.44375145452615333
0 0.44211492133183083
0 0.44116522026035543
0 0.4456883474274139
0 0.4360533729378877
0 0.43609125011480043
0 0.4328770706748778
0 0.4550508825961874
0 0.43736960041432066
0 0.44405824270415767
0 0.43664033149110776
1 0.4068704234683873
1 0.43341745557001876
0 0.426960561575329
0 0.43137053092423794
0 0.408358658573543
0 0.4409816159733527
0 0.4241053499285207
0 0.44070673342906447
0 0.4356575593680801
1 0.4318192533781159
1 0.44115006776681487
0 0.4185350849854472
0 0.42262378143772267
0 0.45177937593965034
0 0.4946632941574605
0 0.4598769975380356
0 0.46477986697576906
0 0.4884402276427054
0 0.4633224667158612
0 0.44804741329121844
0 0.4098476540950383
0 0.44106811574728516
0 0.4221691073643569
0 0.44842345986578036
0 0.45685876803264375
1 0.42615806169825
0 0.41605261047663106
0 0.41983042023843764
0 0.4317081576224413
0 0.43463944081035016
0 0.41318597925602407
0 0.4255034516103644
0 0.4382770178991632
0 0.46413837615548725
1 0.4509783688131844
1 0.5000888822597241
1 0.5030331030674229
0 0.4527710158030387
0 0.4613249489412038
0 0.48381100901834495
1 0.42928977985507055
0 0.5093736864401682
1 0.4339204288964962
0 0.4158896408196521
0 0.4609758980265005
0 0.435825882689391
0 0.4135558164973025
1 0.4606568485046073
0 0.4532985988038193
1 0.42333498144637616
0 0.4552696680290563
0 0.4330787964104115
0 0.4192086430903273
0 0.4494396819877181
0 0.44280719538728425
0 0.43591132028831536
0 0.4729336711237311
0 0.4482756949455388
0 0.425344353592175
0 0.4306579146117994
0 0.4175120682198395
0 0.40508219915321575
0 0.41212082156893914
0 0.4003320313981263
0 0.40724535399159295
0 0.4212034515010119
0 0.42490174586038704
1 0.41825670148318006
0 0.4159155743223335
1 0.4090395321739819
0 0.4545597908155551
0 0.4200091191129186
0 0.4448494317706005
0 0.39798360818299106
0 0.41672907258297426
0 0.4117570144242578
0 0.434510055702513
0 0.4640617973115066
0 0.4437539732101627
0 0.434885256707008
0 0.48114266433638747
1 0.4245438551471627
0 0.40266893267164794
0 0.4090806414216407
0 0.4554048370875521
1 0.42553323040048124
0 0.41094226166747005
0 0.45161601971397103
0 0.4896685623202043
1 0.4994930854108169
1 0.4066910760586489
0 0.4982645308162237
0 0.47634377694653457
0 0.4618361459940658
0 0.4782530725077336
0 0.46523424347997827
0 0.444941619924436
1 0.4160940449817157
0 0.4505613191210208
0 0.47317251910992375
0 0.4383810382175322
0 0.4317837233747258
0 0.41884073922078596
0 0.4503107658163104
0 0.47933794693374304
0 0.4579023566966471
0 0.4795117011110678
1 0.4846897795945538
0 0.4392507025829664
0 0.4624753888320551
0 0.43284227000848124
1 0.46355459499627466
0 0.4989840943997714
0 0.4895845008231691
0 0.42588451478312556
0 0.47620346700157024
0 0.460303849220389
0 0.4405400701282973
0 0.5142843120811029
0 0.4449494605080114
0 0.41814734864626674
0 0.44252219058072506
