0 0.4676425686831786
0 0.4462267769783004
0 0.49145755110209693
0 0.4820968179975066
0 0.46716351772722037
0 0.4779439406454688
0 0.501140118177674
0 0.47693026867299676
0 0.4599480293464486
0 0.4878510721303516
0 0.4797179269278956
0 0.49857451614886383
0 0.48665832624041067
0 0.47593710025657937
1 0.49805079417663384
1 0.5136347811101821
0 0.475749527092519
0 0.48798371888746994
0 0.46508894617096475
0 0.5126973986089072
0 0.472783031795968
0 0.47028058244629556
0 0.504549253006611
1 0.46699176843867246
0 0.5083990743031094
0 0.4869608324305872
0 0.48628656374691326
0 0.5143075751999328
0 0.4749653603535087
0 0.4576641414511575
0 0.4986676826460878
0 0.5142614421041095
0 0.5037238206996202
0 0.46564872520797035
0 0.4981759920090133
0 0.4975147756727282
1 0.5335752637755425
0 0.5127251989955504
0 0.48059835356095953
1 0.49342603152002296
0 0.4902830302679382
0 0.4853690676036079
0 0.47378760891707633
0 0.46241113658790767
0 0.5075368076616247
0 0.4912786949854777
0 0.4816275837867333
0 0.4782701338728016
0 0.5095052836740542
0 0.5075845771116094
0 0.5021254648271565
0 0.4581300579800403
0 0.49402822852898354
0 0.4897997405063562
1 0.4913150242339433
0 0.49946175477660243
0 0.45141293521885106
0 0.49543868577955025
0 0.4562485089022083
0 0.5185970419024758
0 0.5018623508950398
0 0.49643303492632324
0 0.48152500392509817
0 0.508788263429554
0 0.4878187278019156
0 0.4817026181879756
0 0.497656952602301
0 0.5158305445274421
0 0.513604127009824
0 0.5262778148766387
0 0.4719428881133657
0 0.5238948868331363
0 0.5232358440074611
0 0.5105403867518553
0 0.4729883920767118
1 0.48930192648466675
0 0.4902491522717003
0 0.47811834484338406
0 0.4855043386199854
0 0.5239836092062364
0 0.49007163470965753
0 0.5241139754438945
0 0.47303797178751783
0 0.467022876652745
0 0.490182131113166
0 0.49615706350471656
0 0.45639332852330483
0 0.4746625084505442
0 0.4876829788079648
1 0.5024553684853419
0 0.4821599986636812
0 0.4641959041913944
0 0.47397547503963045
0 0.48469906015638353
0 0.4899293280291975
1 0.46615336067445007
0 0.48124615388294834
0 0.4917725901406675
0 0.47104496553187575
0 0.47129176133212597
0 0.5019916352451711
0 0.46501467265471375
0 0.47933968069352895
0 0.5096866716000176
0 0.47409601675549545
0 0.4835201493862319
0 0.4654851843043885
0 0.4410444550260996
1 0.442720737883376
0 0.5170645310238569
0 0.4707083431151007
0 0.4935631077431264
0 0.4479439318957682
1 0.5014575273963174
0 0.46306799025430845
0 0.4899253031840629
0 0.461683254688844
0 0.4973739525121523
1 0.4731999934245883
0 0.4257223296310527
0 0.4715540824299308
0 0.47548855918544086
0 0.48808180264177525
0 0.4874940227626328
0 0.42772455750305755
0 0.48501028280184993
0 0.4958252113294836
0 0.4197729214125775
0 0.4535372088143088
0 0.4937947306331682
0 0.49685253888084346
0 0.4881437904603461
0 0.4789309490495624
0 0.48540430467828366
1 0.48076996515972675
0 0.5033843798325095
0 0.49182327551005683
0 0.4681733239861729
0 0.4858051819946232
0 0.4854498216728522
1 0.48775901028988455
0 0.4786084113568394
0 0.43491799743877174
0 0.5161184898782222
1 0.5097976398346422
0 0.5071617031078905
0 0.4938430419252114
1 0.49567130343924753
0 0.5158794177437572
0 0.5067046883352179
0 0.49623505461839323
0 0.5000189673181812
0 0.5088311357498203
0 0.4831729109873361
1 0.4870133357720827
0 0.5054656643743284
0 0.4921232551050918
1 0.4425253949790568
0 0.4781768733952094
0 0.5021704412634577
0 0.487831766365518
0 0.49412859306323126
1 0.4588437262947866
0 0.49573078337496135
0 0.44582389940043593
0 0.4615407459890075
0 0.4861182434478326
1 0.5098961765974044
0 0.4989809525785885
0 0.4968157745958152
0 0.4952289877169624
0 0.5018463115289882
1 0.4873026079591498
0 0.516681710771305
0 0.4798714619014586
0 0.4812643846475744
0 0.4791367821569802
0 0.4861329632509837
0 0.5159948396467653
0 0.45412361039313354
0 0.4522042929932445
0 0.4863742190968258
0 0.46615756054003576
0 0.49258940250737904
0 0.46340506143279747
1 0.4714255878223769
0 0.4638556878418631
0 0.5019197870866771
0 0.4999769858422953
0 0.4946614212803435
0 0.5068579840133509
0 0.4783088518769377
0 0.4796523178381674
1 0.4938893984600556
0 0.46718300471914764
0 0.4944709385199589
0 0.5000169694860197
0 0.4834085458274275
0 0.4790288576296551
0 0.4772310596372304
0 0.5040241946708758
0 0.5004428457949217
0 0.47764413670054073
0 0.46408289602690594
0 0.4530361245347583
0 0.5172847387187973
0 0.48844261588609716
0 0.48455180888542965
0 0.4793903629395179
0 0.4994152848276881
0 0.47728353727634165
0 0.5022805244264135
0 0.4595427350759476
0 0.5090755822320013
0 0.503205482594501
0 0.478571718437863
0 0.45491030581311986
0 0.48784464727032273
0 0.4867785167050871
0 0.46555778398261616
0 0.47003872670102465
0 0.4821367769373938
0 0.4924383679640734
0 0.5045150305673949
0 0.4909955866162967
0 0.4729533524991891
1 0.4967837883645837
1 0.49738143790221295
0 0.48971232137858267
0 0.4664434374797378
0 0.4914782761899426
0 0.4779365885486439
0 0.48576586421042384
0 0.4589501070104207
0 0.45764722938290997
0 0.4777162826917671
0 0.4953265011630733
0 0.47589454670584347
0 0.47873024002066916
0 0.5169136815122476
0 0.4960564852818039
0 0.5037587702806904
0 0.4936463670141885
0 0.47976959247896384
0 0.49883385036588335
1 0.4526568068837616
0 0.5021688013583178
0 0.5117381123514043
0 0.4790209134701615
0 0.48768914611284325
0 0.4215245115744713
1 0.45555754212526856
0 0.4458825843251572
1 0.4755370389571721
1 0.45882302552595555
1 0.4957716393884735
0 0.4850385864258647
0 0.47279111115355554
0 0.4797849097266787
0 0.5060662560353919
0 0.4759308404225666
0 0.48694645771799605
1 0.48604254937911356
0 0.5040188021508618
0 0.4397429271513915
1 0.4692627239891752
0 0.479016817052162
0 0.5234056755587458
0 0.4974475795090774
0 0.4847925817987255
0 0.46648228668932423
0 0.4881183481969656
0 0.4807163195381475
0 0.46588416009917466
0 0.47087979934826174
0 0.5153736816944651
0 0.4901060478795842
0 0.484479114051958
0 0.5083333277340559
0 0.5213078518373668
0 0.44542836741557096
0 0.4986997562280555
0 0.47884222861690484
0 0.5219487153952865
1 0.4494668960850987
0 0.51371773134677
0 0.4544562327042855
1 0.4982796448359281
0 0.4932118751905138
0 0.4904266434032776
0 0.5184742939921232
0 0.47888238050113935
0 0.4521670008615362
0 0.4878864993060305
0 0.5032830893578107
0 0.48904910673567165
0 0.4844048999131016
0 0.47601231348446654
0 0.502719590217711
0 0.44404395911106803
0 0.456494316415218
0 0.48980601809134106
0 0.46426257071079097
0 0.5190656690199476
0 0.47929671041396343
1 0.4947404313899844
0 0.4715688074433997
0 0.5033668928853748
1 0.4925905833839907
0 0.48031338454003725
0 0.47619966222910615
1 0.49501796628067385
0 0.4840928305722068
0 0.4787736220041448
0 0.47782450884157923
0 0.4965585168104254
0 0.49547873313097196
0 0.46772923208020784
1 0.4536749057097948
1 0.5309495472797615
0 0.4728856707479077
0 0.518985585746804
0 0.43707126598239554
1 0.5008296386858504
0 0.51652895535375
0 0.4585060486157514
0 0.5104882289935229
1 0.5071519455580177
0 0.45770215131922076
0 0.47227315715734014
0 0.4543413542817495
0 0.518407702906043
0 0.4839102342752134
0 0.44782068695246774
0 0.44981597340142
0 0.4729441115841723
0 0.47663989540893653
0 0.4539831159703133
1 0.4894561510777882
0 0.48045670640059407
0 0.5181513754176394
0 0.5051391564622177
0 0.5026912492441749
0 0.5094164132916225
0 0.5338755027596701
0 0.4707711975749865
1 0.47723509568818534
0 0.5213914584346874
0 0.49499035036134753
0 0.49374379589340817
0 0.4917128164804405
0 0.5151950547898523
0 0.4871637850626096
0 0.493319189420215
0 0.44265928171951346
0 0.5099785828881643
1 0.5245434414876248
0 0.5109569221116513
0 0.5016409366946091
0 0.49058040319552804
0 0.5201572153063536
0 0.49266214418238685
0 0.48755686340637366
0 0.513281019780037
0 0.4991303963575681
