0 0.5444946641132689
0 0.44429642702471556
0 0.47924788788720624
1 0.4627412878959357
0 0.48471590384344015
0 0.4994907067662596
0 0.5732611674737323
0 0.4693933461759255
0 0.47188815643147675
0 0.5100755256741192
0 0.46446708272945997
0 0.4744542864344858
0 0.5048874416325031
0 0.5221009761480893
0 0.4690978490350927
0 0.4934918880262338
1 0.5306729225493646
0 0.4970710796536997
0 0.601687742928838
0 0.4857583269087633
0 0.5697209380164474
0 0.4559070408491551
0 0.5116212765809182
0 0.42843931235155736
1 0.43864078320643557
0 0.4410883097193545
0 0.404819010737652
1 0.46799361746761287
0 0.5172622640355512
0 0.5194399250158657
1 0.5258340583522744
1 0.4668888084713776
0 0.5061949700355158
0 0.5119380530719415
0 0.43459340561147064
0 0.5049103344476085
0 0.42641074485497665
0 0.48682690179276317
0 0.45478565145109334
0 0.48595895041703324
0 0.4477957983969891
0 0.458239558013143
0 0.39885356409805717
0 0.4365678989423675
0 0.4787663155886101
1 0.4182286464682763
0 0.4332020340185014
0 0.40197404740066095
0 0.43004870196900785
0 0.4656203167498813
0 0.4573249249120154
0 0.43802670529070903
0 0.4319305209973521
0 0.46128091176520536
0 0.437870132352547
0 0.44844418561034016
0 0.4424317895019003
0 0.4132985421132016
0 0.48763688612242556
0 0.4864397736354974
0 0.4863614312437838
0 0.45736073062035437
0 0.4059763159162899
0 0.475873848510651
1 0.46045173433626085
0 0.48684694636232806
0 0.4760172583947905
0 0.469871352453076
0 0.509903058364901
0 0.4688571860562337
0 0.49244533884177716
1 0.5391052460971194
0 0.5231409154445453
0 0.5121476780466129
1 0.5312585928266135
0 0.46850373457726846
0 0.5623477479044222
0 0.5084198872973343
0 0.5370758644705529
0 0.5067927968113517
0 0.46789855004225994
0 0.4747933672595358
0 0.4756949036908133
0 0.46095332570978825
0 0.5307863997120463
0 0.46065034802263005
0 0.49560839004451246
0 0.45846810687333966
0 0.43930285082807186
0 0.45931147271183453
0 0.47883523988321286
0 0.44606176765464417
0 0.45181065631314904
0 0.45024565727926147
0 0.41685693715466615
0 0.42851982142687783
0 0.39495944755189755
0 0.40408962456094527
0 0.401111182908164
0 0.3920176250735111
0 0.3956681769549967
0 0.3850502301554569
0 0.4228969939510193
0 0.38384540400475486
0 0.403533758645999
0 0.39477945501381245
0 0.4185846396996686
0 0.4196564882034409
0 0.44407211142834313
0 0.4110926420538125
0 0.45080231519082753
1 0.4627722505247031
0 0.4287308977809699
0 0.4620591121590459
0 0.43904114459653504
0 0.46284895178486957
0 0.41671131098622816
0 0.4556418489424344
0 0.4396602588871934
0 0.44126783937082525
0 0.4324434059343358
0 0.43787014535847
0 0.46905625519948774
0 0.4429653624102584
0 0.49300862264257383
0 0.48846261619968134
0 0.5413575020704159
0 0.5210459492741939
0 0.4640621624617589
0 0.4835762238578994
0 0.5327364845773386
0 0.5059413587423954
0 0.450452719261762
0 0.5281705916499616
0 0.4895892542018355
0 0.5083341226373402
0 0.486848481567607
0 0.5241162764736232
0 0.4684890447232297
0 0.4748580041715468
0 0.5241837018113553
0 0.43082331873642427
0 0.4878950489300248
0 0.44105731487913546
0 0.46219318830118444
0 0.42806911237975437
0 0.42127469723358507
0 0.4040708007050218
0 0.42153973082236446
0 0.4126173711012255
0 0.4116017885207991
0 0.4512803357151662
0 0.46581380147881474
0 0.4405814747602653
0 0.49697650463433773
0 0.4706023364772377
0 0.49014166297983686
1 0.48087456684869295
0 0.43779658918685654
0 0.4508104766048571
0 0.4624173027447608
0 0.3985084783283622
0 0.4562669736889475
0 0.3934465562471205
0 0.43572924914058797
1 0.4032884804766152
0 0.37307767835917705
0 0.40843355084958133
0 0.41556028106310616
1 0.4110569170189871
0 0.39385172314644
1 0.41247130926813186
0 0.3718787828077913
0 0.4290506526753914
0 0.3636595609920361
1 0.4169236982646933
0 0.37812779541929836
0 0.41519036009510557
0 0.3704433540082
1 0.3949023756611218
0 0.4019212881922528
1 0.39769792968807427
0 0.38440014403802425
0 0.3951268512570192
0 0.3681800851052873
0 0.3990983748421844
0 0.39924588959327384
0 0.40603109876744764
0 0.4006073655251005
0 0.3880256455924457
1 0.400425460896768
0 0.40336034474515237
0 0.39851834257990504
1 0.4090715969885634
0 0.3696141075787496
0 0.4107649081142347
0 0.40583196943669114
0 0.37756165190798385
0 0.4097403323692271
0 0.37689149130817007
0 0.38916524134171476
0 0.3637842692113032
0 0.4012796726136096
0 0.3621736134045695
0 0.39733256297693
0 0.4097303087632401
0 0.38935056228870085
0 0.3888542524945392
0 0.39833537450669537
1 0.40569980984504966
0 0.36981919139208846
0 0.4138691074810138
0 0.38166034603932153
0 0.42004265995522794
0 0.3675853502832846
0 0.4110524388896027
0 0.3870508992676316
0 0.40415094755354
0 0.41166823340843905
0 0.40783208798215964
0 0.4151496621995685
1 0.40264166669740564
0 0.4057604034529368
0 0.461882846034007
0 0.4308637387125069
0 0.4198468148155994
0 0.43729291938319864
1 0.42505902396254
0 0.4195592602835841
0 0.4224204087084724
0 0.4368560604193456
0 0.46467395266219463
0 0.43511328045041453
0 0.4689092296467163
0 0.45044078830169665
0 0.43673441748803954
0 0.43293625066472186
0 0.4000798396803815
0 0.4558012375669192
1 0.4831925020134659
0 0.45207466239336774
0 0.41487688622703844
0 0.4515720048215748
0 0.4415798629363348
0 0.39468890797164324
0 0.41373239622046704
0 0.4217350606323667
0 0.43766012042390084
0 0.3819159133542081
0 0.4752921139854462
0 0.4091878680565167
0 0.47624461719232475
0 0.42030870993621694
0 0.3776257683179246
0 0.4084557487518008
0 0.3682466023176354
0 0.4008416698723411
0 0.37569945520435655
0 0.4072081434951688
0 0.37361711174045154
0 0.4225896901419733
0 0.42352505712925315
0 0.4673958008450398
0 0.44525471637536623
0 0.4627072678974345
0 0.48953181661707723
0 0.45128921044184606
1 0.4481784056064308
1 0.4754641831751557
0 0.4438739862655638
0 0.4280782456815328
0 0.46197787525708134
0 0.4186725190555786
0 0.39707993088825044
1 0.4269762522336515
0 0.39499151346594097
0 0.43723834901553266
0 0.4198844222672036
0 0.4254799902438938
0 0.38358266178953965
0 0.41911393006994246
0 0.40288191908786214
0 0.4056893838373846
0 0.44257832033455063
0 0.4199382413837785
0 0.41899989918648545
0 0.4307938510451851
0 0.38002462028725786
0 0.39562221344131915
0 0.34330745105047933
0 0.3776422506833602
0 0.34313375790483464
0 0.3813592060535655
0 0.3455982579840595
0 0.39474271501546065
0 0.3721532942253784
0 0.46034621735468456
0 0.40942254966989594
0 0.45187560544464506
1 0.4483278835379131
0 0.4242397034347032
0 0.40194543532791793
0 0.43022737081264467
0 0.3952252710288171
0 0.4576654280750504
0 0.4546056202879723
0 0.4558910595821695
0 0.4246551799226143
0 0.40484372539402647
0 0.3581740682040148
0 0.42868080653212776
0 0.39436700366472865
0 0.4157664300480684
0 0.434745138947604
0 0.4171406028586183
0 0.399321430874492
0 0.4162525075967764
0 0.3941113147112159
0 0.4054988414724602
0 0.39698828947586046
0 0.4040132342325119
0 0.43502630395601144
0 0.40507079455340184
0 0.4410908637611122
0 0.4144627079611613
1 0.41859776425705786
0 0.408046709291829
0 0.42075379854607853
0 0.4167438675848872
0 0.41508151605522814
0 0.43819773179077265
1 0.40242914687319326
0 0.47662531605521424
0 0.4259757514480877
1 0.44107244499594583
0 0.38372280736971237
0 0.37954597016820785
0 0.40909283532595825
0 0.4268652730320319
0 0.3864197081141628
0 0.43084668034637325
0 0.40073506794337543
1 0.45544469552676903
0 0.437050932567426
1 0.45438474359580616
0 0.4329975359471523
0 0.4474171157886323
0 0.3942811339556592
0 0.44781426324635193
1 0.4560916496162548
0 0.4282868562341292
0 0.4646522555932848
1 0.4707943935588371
0 0.38311689010440003
0 0.4131451307373037
0 0.40430320944108805
0 0.4364569158286881
0 0.3831572956341846
0 0.4374974708742403
1 0.46095932366644726
0 0.40508136360018526
0 0.436495649173396
0 0.3841036282958705
0 0.38158054432159777
1 0.4224268086477591
