1 0.4602267081894435
1 0.48138790976744456
0 0.5015522078046782
0 0.44178560158042685
0 0.47563789467685474
0 0.4891922417999491
1 0.4517699708469336
0 0.49072739886388456
0 0.4455947884911033
0 0.4540897559125976
0 0.464858839495828
0 0.4966481681884354
0 0.449911144467388
0 0.4763486734408726
0 0.48729875393813066
1 0.48582645962713766
0 0.4996815483355627
0 0.49272525559911234
0 0.4612934405374552
0 0.5017342139721682
0 0.44475386787613364
0 0.4511549236014602
0 0.46584209972729756
0 0.4538290533008543
0 0.4696494257550893
0 0.4630801373203986
0 0.43814437755632707
0 0.45606150444973803
0 0.4922184074629209
0 0.5121452953253415
0 0.43907922239820707
1 0.4443735773758991
0 0.4593691060258839
0 0.4665026141516048
1 0.457671905041133
0 0.4657924156256219
0 0.48235183563316186
0 0.4557971116511036
1 0.4786948067064795
0 0.4558782371704211
0 0.43867433536494266
0 0.45873029116823455
0 0.42208086487940516
1 0.46738141763097174
0 0.4603248342406183
0 0.47029834449543195
0 0.43725831587467356
1 0.47777784368401416
0 0.5158297138849012
0 0.4493656257985247
0 0.46497344285587694
0 0.45413527099120365
0 0.4334564686723595
1 0.48246323622350945
0 0.44019565410383604
0 0.44476633412658567
0 0.4152954646180326
1 0.3985715812146027
0 0.44127525459123634
0 0.41516055437502136
0 0.45218581445421513
0 0.4653041068999245
0 0.42992475881915654
0 0.4546951616552226
0 0.4334596196584638
0 0.45688968825913145
0 0.45872245599215467
1 0.4399440094818532
1 0.4873915420411914
0 0.4901297449811511
1 0.45516822194898887
0 0.4611549436859342
1 0.46928898337834324
0 0.44657899067410406
0 0.45595109178513704
0 0.4753174415480487
0 0.48358747375489536
0 0.48328831354246365
1 0.4668122766392778
0 0.5111896924365532
0 0.4542431128857106
1 0.46914625657173803
1 0.41568560078646505
1 0.4540859271181809
0 0.4324920872947293
0 0.42877573614585046
0 0.4608538630183602
0 0.4633708812005145
0 0.4528830722097186
0 0.4372590422204394
0 0.48315188722739566
0 0.4431445350483622
0 0.46282222251573385
0 0.44917099977295627
0 0.43769421309962236
0 0.46240582295287713
0 0.4256053656545346
0 0.42798318335930674
0 0.44926449821345815
0 0.4041707547618131
0 0.44122994445504293
0 0.43423402227900626
0 0.4406249629035755
0 0.4161872867338868
0 0.43229953027830104
0 0.44166100750709064
0 0.42229427462147623
0 0.4020111651815493
1 0.39459452296243724
1 0.3840919508247298
0 0.4324283092526726
0 0.43042964269855155
0 0.4434370311782371
0 0.39297929919478336
0 0.46870479238452745
0 0.3992711855188685
0 0.45356692849012836
0 0.4711341350563054
0 0.4745740604276549
0 0.4911444485969096
1 0.4366815621390977
0 0.4171748469695909
1 0.43848846321428836
0 0.4713045692809933
0 0.41324823240758835
0 0.4285635413903694
0 0.4447825188735055
0 0.4984875791834537
1 0.45516510674740895
1 0.48340397499631144
0 0.41652609871907215
0 0.4716701808046254
1 0.45961217001406146
0 0.4868704477340578
0 0.5074945800977521
0 0.48312308164676954
0 0.5089327882134621
0 0.48413110965011735
0 0.4747523704677514
0 0.4238787861607567
1 0.432563072328573
0 0.45872273349157083
0 0.44045571178314574
0 0.49682235062287516
0 0.46164690792586327
0 0.44517494312809985
0 0.43380386634353807
0 0.437754229298702
0 0.4477654135193038
0 0.4602341235653562
0 0.468688211779448
1 0.4650855163737143
1 0.5114468100629482
0 0.4697897667152756
0 0.4524943562832988
0 0.3981468328878284
1 0.495032779788237
0 0.4299367092004199
0 0.4279534259326128
0 0.4489459445084942
0 0.46989799123858395
0 0.44092452488538464
0 0.4510643179860315
0 0.4368309569921733
0 0.45411997994014225
0 0.4483405798528588
1 0.44453951528731034
1 0.4341072583728384
0 0.45082114640545906
0 0.458160861153013
1 0.44701841217419214
0 0.44233547562838604
0 0.4672957475784735
0 0.4334029008891808
0 0.45910066465839616
0 0.47350965187061583
0 0.4456165644423728
0 0.457394105588035
0 0.43286590603020725
0 0.4269169678064939
0 0.4392601618527906
1 0.4519282375498058
1 0.4308338116212294
0 0.45275135234165453
0 0.42514626580010306
0 0.42246489741278864
0 0.42920635892176845
0 0.45718652638191326
0 0.46586835370797663
0 0.4289901140113591
0 0.44710672671977963
0 0.4155090493410757
0 0.4500345742175877
1 0.4190125137334088
0 0.44231510274662333
0 0.4478237336744549
0 0.4391362264855222
0 0.423206177969079
0 0.40826846192956895
0 0.4440869300155319
0 0.439862801564047
0 0.4370158321027351
0 0.46227048051862196
0 0.43735859717157444
0 0.4505326585318261
0 0.4338497490890499
1 0.4285141814173149
0 0.447358051426544
0 0.4601372851401584
0 0.4159181942350303
0 0.45067909990131827
0 0.40664781653296256
0 0.4470181677820766
0 0.4327240686515929
0 0.4144276044153562
0 0.41569024343616856
0 0.47920859564760077
0 0.4638479769963
0 0.4205630211197915
0 0.45513987445718584
1 0.4295983297039832
0 0.42695255478285415
0 0.44852561459443013
0 0.42616292437742576
0 0.4553492022491283
0 0.44863279903985365
0 0.4416313070234519
0 0.4405750483474645
0 0.42746522594946534
0 0.4482104613866326
0 0.43824403014280394
0 0.44636128588874047
0 0.46746413198326897
0 0.47445515157215906
0 0.412925284159905
0 0.43435513415098376
1 0.4410241517873869
1 0.43981683621317963
0 0.44325067780773125
0 0.45067659513625247
1 0.49866390186080173
0 0.4780612769086619
0 0.453339209269947
1 0.4549230521629672
0 0.4584447515790854
0 0.4455226034163841
0 0.4323573774595068
0 0.43160502321638505
0 0.4681452973937213
0 0.43649483469501255
0 0.4812036355972713
0 0.4896575599719411
0 0.39324802215278354
0 0.4383153889253132
0 0.44007313781654556
0 0.41202802266296085
0 0.4296296627116674
0 0.43108669362835633
0 0.43042539729811236
0 0.4897532849918758
0 0.45176992045442194
1 0.44525334488455176
1 0.42476675299052524
0 0.4048113297241479
0 0.44151259164668216
0 0.4649193618810843
0 0.44188283559832264
0 0.43068449769394446
1 0.44836472532628213
0 0.40623440838383607
1 0.42354925039522767
0 0.4387911102085047
1 0.42127654570706324
0 0.4606638966203849
0 0.45834917468206515
0 0.4139801636184747
0 0.40671564209204264
0 0.4614987201187301
0 0.429748623860102
0 0.4175165973322858
0 0.42675950918032257
0 0.42230451141769293
0 0.43815110949466207
0 0.4343160128470682
0 0.4125971059890182
0 0.43093436840645755
0 0.4445574998666094
0 0.4299632739959056
0 0.4014916487035602
0 0.43679211107777155
0 0.4341442574291328
1 0.44172041436648135
0 0.4586452716714085
0 0.4397626613483644
0 0.43326984647910194
0 0.4857257740999711
1 0.43089814838184276
0 0.4366735378620261
0 0.4428077043770053
0 0.42110922976233833
0 0.42992238858889914
0 0.45092145899521713
0 0.43161149801469995
0 0.45560277447727904
0 0.44705481493125
0 0.436454821362841
0 0.44108478089897546
0 0.4456026690976786
1 0.441216082688621
0 0.4337405811975114
0 0.4256284825698509
0 0.42666719180949286
0 0.44835360496211807
0 0.48182022529155666
0 0.4211868975700839
0 0.4028493860433821
0 0.42941857643541964
0 0.4304101920960156
0 0.42389939819633066
0 0.43926803877405274
1 0.4158636512768757
1 0.46927175339914873
0 0.47130647863513825
0 0.44843367286342856
0 0.4221252940354453
0 0.464693921828136
0 0.4354240809858222
0 0.433436643360322
1 0.4305943807240961
0 0.42121123774795743
0 0.44929219858935704
1 0.43198518159462085
0 0.435835098351329
0 0.45379394606673595
0 0.42697163691252943
0 0.4211319681330381
1 0.44217148670399276
1 0.43640018642048944
0 0.46489489541907286
0 0.43839314668302987
1 0.4728136891066626
0 0.48176487683869607
0 0.4172512604001334
0 0.4310312088629203
0 0.44334238754326943
0 0.4328672831032565
0 0.46390409339086774
0 0.45585065063238644
0 0.47401475972913204
1 0.5319233455622211
0 0.4537997920245414
1 0.4505768865860633
0 0.4743126641829881
0 0.44826705869751576
1 0.43839809695266424
1 0.4267457357104465
0 0.45634468610632856
0 0.4565746920769453
0 0.43487779200769866
0 0.4569831887026448
0 0.434998514742563
0 0.4473517727383695
0 0.42044368450570835
0 0.42673148188275717
1 0.4583412050389402
