0 0.5074522795000138
0 0.5429305321707247
0 0.5518006862735015
0 0.4823806156577953
0 0.5499335485144203
0 0.48737319589508615
0 0.515399202889093
0 0.5463463695175886
0 0.5003615585956348
0 0.4561618175146462
0 0.49695292955459197
1 0.47323265635416994
1 0.4736114432646819
0 0.49968351115342174
0 0.5149222675913271
0 0.43126900059948714
0 0.4420381586197118
0 0.45986277343268056
1 0.5169766961925452
0 0.42716432497179985
0 0.529497124551166
0 0.538708398142095
0 0.5056373745140588
0 0.5248067074739744
0 0.5030445784158726
1 0.4803090214048751
0 0.49556210060212363
1 0.4419554795575091
0 0.4072188849803449
0 0.4374350401589103
1 0.5223868711159156
0 0.4693325472684205
0 0.4587225807439042
0 0.5155473080500496
0 0.4699170290685074
0 0.43891510398808886
0 0.452060157441104
0 0.4561851588574498
0 0.4269647884355591
0 0.4746335645005103
1 0.47187759552360076
0 0.4822936566624422
0 0.48356063272890276
0 0.5002506830182306
0 0.4402220225387355
1 0.44231287728089663
1 0.46015056507467733
0 0.44817647989543574
0 0.38956081221099187
0 0.41779478888838256
0 0.4266284632630077
0 0.377208124399858
0 0.4330772258622661
0 0.4464323466510508
0 0.4792224844962683
0 0.4810928150681938
0 0.46541357275735634
0 0.4763424271700692
0 0.48209787667638504
0 0.4499800955080616
0 0.5025333875716976
1 0.4553660466048542
0 0.47508326317266836
0 0.5078699128819367
0 0.523064554574749
0 0.46504297078780044
0 0.433919562017718
0 0.5034502297674155
0 0.47422937848797153
0 0.504134846133546
0 0.4907450311073755
0 0.5180567018859409
0 0.5049466544109342
0 0.5122857660298101
0 0.49982905783497733
0 0.49189211288478707
0 0.48577914617206314
0 0.4892303944594372
0 0.4412424937651402
1 0.47615964042770037
0 0.39793079303814183
0 0.46927921793340427
0 0.46821519414810453
0 0.4388219679933094
0 0.4437272466553981
0 0.4417198192595595
0 0.49183976855660555
0 0.46844427866170424
0 0.4969333090736659
0 0.47727698450415557
0 0.42184810453619487
0 0.4359970880478628
0 0.42178241815513784
0 0.38885876986479534
0 0.3861695522167026
0 0.3809522312842802
0 0.4145514046826013
0 0.42885928764138215
0 0.3974868055522876
0 0.4101714116895196
1 0.4080792389889246
0 0.4216088474911758
0 0.4061891583882107
0 0.42467820170044107
0 0.4362894534366829
0 0.4184110512343018
0 0.43606168491490715
0 0.4274294053386888
0 0.4174935781671703
0 0.40156204098240433
0 0.4080971184573831
0 0.4167349551848989
0 0.4512368675216254
0 0.4304105627308356
0 0.42788534365652303
0 0.4793356264423889
0 0.4594530183581528
1 0.4361498923008414
0 0.44301498234299563
0 0.4903756220350359
0 0.4667116838077541
1 0.4919033610240938
0 0.46311168759270877
0 0.4306657836959788
0 0.44999252904097914
0 0.5213465107416893
0 0.4772112003206581
0 0.4395698035399373
0 0.5176926780230672
0 0.5226367715898836
0 0.47792599595227886
0 0.4619692885452675
0 0.4813966387331056
0 0.4444487820090276
0 0.4387264388765662
0 0.49141334229560835
0 0.3992465505222693
0 0.4684174079004297
0 0.46798375357408384
0 0.45961917641009087
0 0.4520301254910187
0 0.4780566531480543
0 0.4973652501075796
1 0.47097946472003577
0 0.521555158170932
0 0.49209497329727275
0 0.4669713589539947
0 0.45651088253139677
0 0.49529726015518966
0 0.4441010885356771
0 0.46099283459492874
0 0.39780822762098805
0 0.4260999535362257
0 0.4820142038864497
1 0.48341821878484637
0 0.40807827283695297
0 0.4178340658914558
1 0.48125966709372753
0 0.4678056439168662
1 0.39269636041468786
0 0.3832307006096014
0 0.4242798731516436
0 0.40278894401051796
0 0.39165417207850844
0 0.4018428784863265
0 0.42834755435608907
0 0.3884523816675998
0 0.4129105953696443
0 0.41917925491616886
0 0.39748098748841487
0 0.39592667665880127
0 0.4463232896342359
0 0.4415124196592441
1 0.42117956391499856
0 0.40555575272160893
0 0.38657400580403684
0 0.39537931737610726
0 0.37830440857754477
0 0.36993094228882073
0 0.38062267545803014
0 0.394995174638289
0 0.369623468936634
0 0.3839102751933207
0 0.39906152636600795
0 0.3654094276330921
0 0.37117517662233407
0 0.3985905093472958
0 0.3821750149125046
0 0.38822569797903794
0 0.3917919484750009
0 0.38999760839623887
0 0.3911470565342669
0 0.37904810316621
1 0.3732064022173859
0 0.3773495415860208
0 0.39346689237435656
0 0.3980271895409153
0 0.3848098399352851
0 0.38337150026464667
0 0.37443508760497607
0 0.3539464533293516
0 0.4143432295170541
0 0.3696984263858944
0 0.36366775554852004
1 0.3755612160719216
0 0.3942242102259764
1 0.3613259075602782
0 0.36240955611205783
1 0.3718719827691188
1 0.3701595993541011
0 0.3681439278766957
0 0.39320701078044684
0 0.3750707439040588
1 0.37685346023112837
0 0.3783893640960034
0 0.3619974938563245
0 0.37032787075604434
0 0.40484373682215546
1 0.37982783857863545
0 0.3825685440623132
0 0.37968074231265625
0 0.38861444038590187
1 0.3932419858996185
1 0.38800159091087816
0 0.43074898438052617
0 0.47622371914064326
0 0.4406898314814346
0 0.4688516005194
0 0.4766125846868378
0 0.49143449328413447
0 0.4550510726570126
0 0.47550685630442624
0 0.48471608363818397
0 0.45282401834469527
0 0.4640878724087269
0 0.523557734151218
0 0.4796071297742982
0 0.5268100711267321
0 0.49349187844237874
0 0.5319926147618493
1 0.49528454208604683
0 0.5241132148893468
0 0.4921254917531917
0 0.4637757444725364
0 0.4063295098619687
0 0.5068368870730305
0 0.4593187229221744
1 0.44604256514687457
0 0.4509838662129263
0 0.49336261584749846
0 0.43410778743815764
0 0.43675578753003264
0 0.47201503844983544
0 0.4349340377965051
0 0.44271568743267614
0 0.4619893550025
0 0.4521124343895256
1 0.40618121916289196
1 0.38998487005353816
0 0.39987212008599465
0 0.39699347480373093
1 0.40153946320957296
0 0.4521455428965429
0 0.4254231489498111
0 0.408652435365089
0 0.43947945380658576
0 0.4685941983811385
0 0.4769142445800021
0 0.4582691364566729
0 0.4579465566285737
0 0.48952392812768003
0 0.4604197498424923
1 0.4235419035816807
0 0.38575166951614553
1 0.3797642584428206
0 0.3823580894487705
0 0.43626853663555937
0 0.37224408365040157
1 0.39702752717374407
0 0.46930195582622564
0 0.45958059211135405
0 0.41984398006728396
0 0.4145275317572209
0 0.4066217060573565
0 0.40862123875802236
1 0.41408393595284576
0 0.3677257974623195
1 0.4281792059369056
0 0.44539108434826996
0 0.4266098924952057
0 0.4259232675174658
0 0.47663224944074656
1 0.4187167016589416
1 0.3915679062899973
1 0.4047775768256106
0 0.382282915179141
1 0.3728764341180437
1 0.43282084247778385
0 0.39101806904932135
1 0.3934831321466519
1 0.4439749937530516
0 0.434015361098037
0 0.4004594388043471
0 0.41031890412764943
0 0.40205058905313074
0 0.38448963208932946
0 0.3943574798596553
0 0.38293674100561587
0 0.38364171018130755
0 0.3885951610726509
1 0.37825988409533445
0 0.3741042216972463
1 0.37207764343478195
1 0.37502614608680235
0 0.45194059319964863
0 0.46789299868794343
0 0.46471028127459074
0 0.4305722228010598
0 0.471504095935005
0 0.4408797372255859
0 0.40887015141271765
0 0.4271764845923363
0 0.3974218524668169
1 0.4056087737827199
0 0.4375072382653955
1 0.3791968001682584
0 0.41062235776764755
0 0.4359645024405618
0 0.43440369295759074
0 0.3869769917930228
0 0.39140067175694765
1 0.4131895819372747
0 0.40137304158470044
0 0.4387630669210531
0 0.44818272901305556
0 0.4117342582261161
0 0.4178874035881259
0 0.48722957367272757
0 0.4552803385467235
0 0.3968627509719034
0 0.38869799449767456
0 0.43418004998858606
1 0.454697947832041
0 0.461732131996185
0 0.4345543400431168
0 0.4865838394787996
0 0.46796927146615164
0 0.43861218767503396
0 0.37171917954694206
0 0.3928417878147557
0 0.4228261630351436
0 0.44033236802796294
1 0.40014098464056813
0 0.38494685800361694
0 0.4273241051542128
1 0.40728773722021244
0 0.38014352770497023
0 0.39198581739992727
0 0.40582961498475273
0 0.4325154088052271
0 0.4398632656073632
0 0.44793902438819305
0 0.4282749163946888
0 0.43851236390395926
0 0.45707276441501715
