1 0.4655703592659126
1 0.4857581268544729
1 0.5265673555709338
1 0.5228286319163594
1 0.48297223723404614
1 0.4884866922549224
0 0.49261215700434213
0 0.4977722799012913
0 0.4875650439145258
1 0.516970362288466
0 0.4764457507790461
1 0.4846349661021738
1 0.5030634630537179
1 0.48752380269403656
1 0.4770292845656196
0 0.4894336663818307
1 0.5143311393084394
1 0.5015555848850497
1 0.5159841413331264
0 0.49566031882447653
1 0.49189096978090613
0 0.46978623012433574
1 0.4755356099409458
1 0.4684621535303811
1 0.484554647906836
1 0.4938182367433389
1 0.5021969698953223
1 0.5077243766054057
1 0.5285275215406627
1 0.5084565413474171
1 0.502534305220816
1 0.5070837737496459
0 0.49379626327153003
1 0.4931525179935864
1 0.49844948021667806
0 0.5004078917529642
1 0.49875386267333927
0 0.5000824948252686
0 0.4799679921057799
0 0.5015593792378225
1 0.4867842647993861
1 0.5049783576031722
1 0.47879255459910103
0 0.5101231485078311
1 0.5056141336797916
0 0.5381090712582273
1 0.5245051431713519
1 0.49061048205254176
1 0.48784999501548837
1 0.4744693670226885
1 0.48068834629942014
0 0.4941374627629434
1 0.5063314007529831
0 0.515177744046023
1 0.5070130024223035
0 0.5163291820772714
1 0.4976906521881025
1 0.49243811829213835
1 0.48975587700072293
1 0.4853539553305879
1 0.47920940090577235
1 0.5171119829677596
1 0.49975137777518275
1 0.4901825898339127
1 0.495082080794724
0 0.4974624022534194
0 0.5070894887313808
0 0.47212896386580644
0 0.49439328490647466
0 0.4861391655964529
0 0.48659687903399007
1 0.5188508065826997
0 0.511997384794237
0 0.5072017742280629
1 0.49963954914894676
0 0.4973057454451472
1 0.5172592118599906
0 0.5294418937487186
0 0.5398678051346605
1 0.5062326500576864
1 0.538564922533217
0 0.5001854401824893
0 0.5155183730576209
0 0.49595910643992447
1 0.48629509100197327
0 0.519239602190908
0 0.506074609377056
0 0.5048604818986663
0 0.4794450687934396
0 0.5110374178068866
0 0.5021873423663902
0 0.49163970448169514
0 0.5081799521652295
1 0.4943024077249645
0 0.4895466007690774
0 0.49174061561217997
1 0.4952041468948596
0 0.46885948673225214
0 0.48014231600472657
1 0.4993144613788622
1 0.48324129854618697
0 0.47588211794131346
1 0.49319697843582744
1 0.4970473887920012
0 0.4679885145982586
1 0.47489583095865556
0 0.4884827784893488
1 0.4811617725512623
1 0.47303984064569216
1 0.49668230082870785
0 0.4998673163304557
0 0.49334952650593067
0 0.4998450006878729
1 0.47935180047365655
1 0.4902809901668645
1 0.5120679970688712
1 0.4585274913846707
1 0.5036691038658878
1 0.5037576829851022
1 0.5121862452932261
0 0.527064947046552
1 0.5096436541812507
1 0.5273032018204469
0 0.4836848581083701
0 0.5328753722297126
0 0.5248810975995766
1 0.47045435626322896
1 0.4857358806841794
1 0.48974544876466725
1 0.48573660554068504
1 0.4888513592618079
1 0.4829238456781379
1 0.46884307040034245
0 0.47954489582135257
0 0.4708602210693304
1 0.49665530540364644
1 0.4901285137621653
1 0.4941532574013236
1 0.5150360385615245
1 0.5133981463691589
0 0.4656324389696041
0 0.5131052886768739
0 0.4782149483296121
1 0.46947765730894
1 0.5099312873613806
1 0.4998929577013931
1 0.5032159753301113
0 0.4476132256562868
0 0.4770290267080624
1 0.48419487879286555
1 0.47962359434309976
1 0.44899828217377447
0 0.4840982686887167
1 0.5075498811240748
1 0.46779438195198547
0 0.4627138918557371
1 0.47412853951430234
1 0.4574197283458535
0 0.4730031693745694
1 0.4867121213982689
0 0.46000229892047756
1 0.4936590899871132
0 0.5008830961317449
1 0.487748830201257
1 0.5083430779467165
1 0.5029695038300034
1 0.4752284361163844
0 0.4797948665156916
0 0.48923062630093556
0 0.49433414783023055
1 0.5020016358213995
1 0.4871044425949395
1 0.5005261715812799
1 0.4868600402023132
0 0.5247229818091711
1 0.45442955382963646
0 0.48170678973147113
1 0.48297517640841986
1 0.5229197020096416
1 0.48411120063391055
1 0.49789770135034433
1 0.5293048833558802
0 0.5137929912635405
0 0.5225150443229037
0 0.5037676970462712
0 0.5176394430364017
1 0.4858691571623699
1 0.49603412600506297
1 0.4996648631470842
0 0.49766652374156395
0 0.5035153805369494
0 0.47992641503291844
0 0.4861408898930152
0 0.49533623875042704
0 0.44034015735258447
0 0.46520625936170557
1 0.4620750175603092
0 0.45562298526177675
0 0.472897719947624
1 0.48063409167129856
1 0.4914551005869045
1 0.4960737346537332
1 0.48964068335360234
1 0.4517640862391092
1 0.49992455216121323
1 0.476192550588616
1 0.47789572150750564
1 0.44565114988110016
1 0.4428702386116504
0 0.48709810632793277
1 0.5093415010767399
0 0.46842800772354365
1 0.49162990161009246
1 0.47760673794635083
1 0.45457023403837227
0 0.4729332215851055
1 0.4684668922577492
0 0.46211868314138266
0 0.47846407691537296
1 0.5281131254234201
0 0.5172055579060273
1 0.49374173410328265
0 0.4839110029685826
0 0.5318699465156259
1 0.4968443767578971
0 0.5056062573563114
0 0.47343179872915314
1 0.49090773138401844
0 0.47838740159425314
0 0.5157461602149888
1 0.5036119909703146
0 0.4623386736544492
0 0.48460119012315
1 0.47490961554893163
1 0.4376313511375507
1 0.4489039024907385
1 0.4816068871347833
1 0.4952840039425018
1 0.5183594253921772
0 0.45597904032596215
1 0.4742854595425105
1 0.4516923272314306
1 0.4593708161036042
0 0.5062493570506946
0 0.48679997950886145
0 0.5074443517194842
1 0.49943528542630855
1 0.4826705450292166
1 0.48445150603646736
0 0.532478952938574
0 0.5355743180977518
1 0.5290503839330473
0 0.4969650905710976
1 0.5155951993464573
1 0.502902224686146
1 0.5016235303531085
0 0.5203648863669791
1 0.47473686009977745
1 0.5354702628490599
0 0.4977057390328505
0 0.5164533176836983
1 0.48729579113448535
0 0.4524329712270271
1 0.4668370450429575
0 0.49941700183946514
0 0.4772020752744974
0 0.4363031320890079
0 0.5101790277301307
0 0.5128444200399508
0 0.5032997115208171
1 0.5191382410709451
0 0.49221982323078
1 0.49561267940621995
1 0.488064275646629
1 0.46895485428207095
0 0.469605933109107
1 0.4960250504999337
1 0.5226446463256667
0 0.4933252152378365
0 0.4573414907909223
0 0.48045959544491895
0 0.5057939128562113
1 0.49308724302652845
1 0.5004764327823519
1 0.5179909730401319
0 0.5036951298893984
0 0.4742967316543956
1 0.48108512708620094
0 0.5204564852839969
1 0.5314874118117795
0 0.48709822750702586
1 0.468098888950337
1 0.5132054519260572
1 0.5130133489411267
1 0.4572501539100046
0 0.5034961808844047
1 0.5014811525406383
0 0.5176214561598147
0 0.5184052371287354
1 0.5131491586222994
1 0.4925479333982628
0 0.5368185427443503
1 0.4942579993833701
0 0.5053870931978509
0 0.5147466530882215
1 0.5212150611318419
1 0.48542938420454185
1 0.497173211673292
0 0.460433035193454
0 0.5038406466857797
1 0.48349879862673706
0 0.46899548064647006
1 0.5213933944725025
0 0.4903221965342389
0 0.4954709864319666
0 0.515867328084556
0 0.500000469449982
1 0.4913460687711017
0 0.49523832773364085
1 0.5008619976432106
0 0.4939783438089557
1 0.5053202028373337
1 0.47309490021947814
1 0.4838016035476203
1 0.5132661844047857
1 0.4932068995229758
1 0.49890002032112835
0 0.5012899229077564
1 0.4979168158988873
1 0.5132286900874226
0 0.49863812490723797
1 0.5146719763102576
0 0.5066322020699425
1 0.4725520733644994
0 0.5037557996055273
0 0.48800100150662284
0 0.4767267520593183
0 0.5231680097628707
1 0.4666229042208951
1 0.44647214189936113
1 0.48997213402802947
0 0.4681177211979182
0 0.45386770655980224
0 0.4790911098087119
1 0.45418355718732517
1 0.4795785868164488
1 0.4652323826005539
1 0.4593330913388487
1 0.4857701556440312
0 0.4774961991331051
0 0.4773646306672258
0 0.44363972390983364
1 0.48975896641999506
1 0.49819195467902844
1 0.4718368769218685
0 0.5138946118563196
0 0.5034480205365374
0 0.515922955168076
0 0.49950346064554296
1 0.5307410258325247
1 0.4903055600601282
0 0.48249680422205593
0 0.4888535204871434
1 0.48768979745181784
0 0.5223129098487617
