0 0.3794191983871796
0 0.4138450467682812
0 0.47371140655890265
0 0.3566551475276096
0 0.49589961926887344
0 0.44130750973246996
0 0.5629308896423986
0 0.39803743004331704
0 0.503286771296719
0 0.4184109668423166
0 0.4456010244349853
0 0.4010189216173238
0 0.4818202149488544
0 0.44699503252602424
0 0.4016932252854782
1 0.34161281034365065
1 0.5159900266224742
0 0.39187796434142735
0 0.45653722214583575
0 0.432789071325225
0 0.46498447161316336
0 0.4173117120592774
0 0.5545608338679945
0 0.33737715374921934
0 0.564571477397986
0 0.41080708895792484
0 0.4950213847274283
0 0.38750778883181125
0 0.48222383372211197
0 0.4477614963897411
0 0.5041178063933665
0 0.41653256952093026
0 0.579046107933272
0 0.4535498106465522
0 0.5361774723821767
0 0.44711607161480116
0 0.5257902799876522
0 0.4191153971572518
0 0.5373405114387229
0 0.4991507620408583
0 0.5487183091504407
0 0.41268195560641213
0 0.5522651423196981
0 0.4830844426448264
0 0.5558520899635808
0 0.45959590242656084
0 0.5581189368579302
0 0.4121979112642186
0 0.5259175960981667
0 0.4535974850539287
0 0.5684018562751124
0 0.39907628962251984
0 0.48338009875184373
0 0.42476822942118986
0 0.5299978416756644
0 0.44036468369504356
0 0.5270661565569726
0 0.442726364155559
0 0.5256834669748905
0 0.42923137994513055
0 0.5642668564799512
0 0.4266557659831136
0 0.5148822827705054
0 0.46017485055848456
0 0.4996851463720128
1 0.40928717080868904
0 0.5419376156444026
0 0.4007782932389365
0 0.5425290590473328
0 0.41471914210870225
0 0.5204721640090092
0 0.38297077282017733
0 0.5679536088814362
0 0.41540354487411757
0 0.5695212529385839
0 0.37721759728858073
0 0.5349076334096233
0 0.4251147013464131
0 0.5129048010746965
0 0.4361053640057151
0 0.5203815290229125
1 0.462004688969999
0 0.42601680363815647
0 0.46595091846291664
0 0.48134376187506084
0 0.4389689498718144
0 0.5261501134840858
0 0.3849974469043471
0 0.5578065005972848
0 0.4446790159219006
0 0.5274080910305841
0 0.43154118172450046
0 0.5948073885951554
0 0.40509135273475927
0 0.44457265747297625
0 0.37515916609326366
0 0.46290344383957727
1 0.42004677032644283
0 0.4780138932234511
0 0.3634492301515585
0 0.5487270274249014
0 0.40433344558250156
0 0.4917758083265524
0 0.4321187448445582
0 0.4474041514785369
0 0.47285002919372954
0 0.4802669668526092
0 0.4642212066288183
1 0.5340439381150158
0 0.3279610118918769
0 0.5165582229742196
1 0.4632641919377603
0 0.5088461888408441
0 0.45282219908284643
0 0.43677444221245487
0 0.42741793450096777
0 0.5169700703288014
0 0.38392715428032387
0 0.4760558540080822
0 0.4217539346627632
0 0.3907457140067498
0 0.44184718328999123
0 0.5279431408766726
0 0.4489736183775164
0 0.5245037624596028
0 0.38014593372315353
0 0.5556130141866497
0 0.4244281490328057
0 0.5503410085817211
0 0.36324679761128176
0 0.44653982438397516
0 0.37586143223443214
0 0.5153940393147228
1 0.3886832118106972
0 0.4814053914685644
0 0.2965585709852394
1 0.48256236978311545
0 0.37677100625432064
0 0.5504156387386118
0 0.4065419094656361
0 0.5386654958470872
0 0.4174861526109782
0 0.514800798429648
0 0.4222623931474804
0 0.5025125947040219
0 0.3625977305841172
0 0.5470952180850222
0 0.36627011191355213
0 0.49314171914316074
0 0.35056499133388563
0 0.4461665406630761
0 0.43729964898483914
0 0.5242160455578709
0 0.4945269876115688
0 0.5100304580467596
0 0.36108800975196403
0 0.5030104203666135
0 0.43980714766702067
0 0.498015110827781
0 0.49002788182302676
0 0.5348557558857331
0 0.4854453129943922
0 0.5143635915398705
0 0.47101545008434403
0 0.5379442290312806
0 0.41345122918171756
1 0.5190896064485949
0 0.4667954093625255
0 0.44326568893698404
1 0.45913151975223293
1 0.4239364427877698
0 0.43221265348175314
0 0.5630193233899164
0 0.3824524108379284
0 0.48211330317165213
0 0.37925351591976497
0 0.5575268651566839
0 0.4304921086943785
0 0.5084858449506366
0 0.36001365043919814
0 0.5397535331574437
0 0.3628830432499256
0 0.5607475521132984
0 0.33320243631154445
0 0.5532363328048031
0 0.44573683639405465
0 0.4673978948738244
0 0.38707549128730423
0 0.5609281255294559
0 0.4840615873482428
0 0.4986431832392503
0 0.4198903445671004
0 0.48556681679008945
0 0.33120789699421976
0 0.5646546027789316
1 0.41881062654613344
0 0.4997324657377376
0 0.45583204744328387
0 0.5128818265906426
0 0.4052440468873679
0 0.501361944237967
0 0.4192615690926047
0 0.462014268775582
0 0.4207261501712491
0 0.35294730519359074
0 0.5015491139032716
0 0.46166955686781685
0 0.532194995764118
0 0.4627668730285157
0 0.5197477718980023
0 0.4454149904289483
0 0.5305771106262694
0 0.48299267133689483
0 0.513653009657601
1 0.43385866086309516
0 0.4739998940488037
0 0.4746968742910749
0 0.5029531599316263
0 0.44242709219741155
0 0.489751215279351
0 0.44044116261870003
0 0.4474037303302066
0 0.4390141168740448
0 0.5152971113458376
0 0.4020466619951922
0 0.49244122443221866
0 0.45338252657117245
0 0.5201294075526147
0 0.4358844768660402
0 0.48962591428239305
0 0.38669003078437725
0 0.5551065937238508
0 0.40221610153342463
0 0.5391497679404567
0 0.44274182577532617
0 0.5196205271121723
0 0.46769991241110465
0 0.5311227524866158
0 0.3923197993661149
0 0.5097226162171165
0 0.45105334025285637
0 0.5325460091716651
0 0.44398400856008846
0 0.49039472315618604
0 0.469109655372198
1 0.49824173321666493
0 0.3705898319492294
0 0.538766296231449
0 0.3532036671585515
0 0.5133334477648587
0 0.33087969815129725
0 0.49116156896252167
0 0.3903204498834685
0 0.42405858238763433
1 0.4242588089928487
1 0.47377605776577103
0 0.35324456155180833
0 0.5141812264302666
0 0.4242327698698139
0 0.4805207420945691
0 0.4508347994980049
0 0.5036179713100307
0 0.4510371422525228
0 0.4803048597239182
0 0.4655348416529495
0 0.5024844611564329
0 0.450615487372584
0 0.4844783618244581
0 0.3697819851648442
0 0.5252869123833551
0 0.44300303561973126
0 0.5013164436552493
0 0.4330249486100333
0 0.4705659495559732
1 0.4276515997241195
0 0.48976048828878155
0 0.4110654292606606
0 0.5381666383363009
0 0.3401141939090743
0 0.556152200575013
0 0.39128410047642925
0 0.5534083899613287
0 0.3715667093319773
0 0.48715055875486024
0 0.32745278981451265
0 0.4639173102788642
0 0.38051891485517697
0 0.5328268692700433
0 0.43944628935064184
0 0.4924009904241435
0 0.42654667176547956
0 0.5294389020816559
0 0.419913505230145
0 0.44725660457770217
0 0.4164056296484553
0 0.44905274574282655
0 0.45980762430561944
0 0.4873930716183696
0 0.41689108435613287
0 0.4242339351847498
0 0.45776850914605266
0 0.3938210790572171
0 0.5347382262508842
0 0.29821286899668703
0 0.4923292562139504
0 0.406589918530501
0 0.5351288267085661
0 0.36742671805562777
0 0.40393975784252695
0 0.3950008373201615
0 0.46992891817504334
0 0.3544919919144622
0 0.5149461282550463
0 0.38230143450343873
0 0.5302204672671196
0 0.45581445297114354
0 0.5103035341861709
0 0.447705423219356
0 0.5059944323279051
0 0.431070438390551
0 0.4345401589026771
0 0.4178442331706722
0 0.5368887521003999
0 0.42220539663729334
0 0.4273294605509433
0 0.39522726153903853
0 0.4158301676057397
0 0.3573738298081145
0 0.4457599177637397
0 0.3612038695896055
0 0.41575711509453156
0 0.411220837105928
0 0.4948141888307241
0 0.4268812242901554
0 0.4758417181218327
0 0.4146238774066902
0 0.478026794068207
0 0.4105796795240548
0 0.47798381838443427
0 0.4309642794915782
0 0.48545667630083317
0 0.45417540598655215
0 0.42075971356879566
0 0.3951867446502955
0 0.5132171516627333
0 0.42622104106285086
0 0.5221991391851558
0 0.40310520452644466
0 0.5306700695466537
0 0.3714303643968623
0 0.5158718163423939
0 0.4603587920910464
0 0.4345311771000345
0 0.35793822194243646
0 0.4868392436702279
0 0.4856505850666782
0 0.47029003648096396
1 0.42469206377251095
0 0.46963561591306535
0 0.44331331466099866
0 0.4769533839024687
0 0.4208888106349029
0 0.4716754950604966
0 0.3660134009653207
1 0.5091513527127215
