0 0.44721454566703367
0 0.4827123148769646
0 0.49629344450660845
0 0.43773790716575156
0 0.4875245142420068
0 0.45384403273312485
0 0.5100054862930983
0 0.4654893283413851
0 0.506002156453534
0 0.45495825960419434
0 0.45018325794692166
0 0.4827390329872085
0 0.42187907515293255
0 0.3919910658877524
1 0.43692572108267086
0 0.5221638033179468
0 0.486426885722946
0 0.5311558517033741
1 0.4405799015344145
0 0.45614726448780746
0 0.4700521270577144
0 0.43355281573968196
0 0.42098259049632814
0 0.38604570963996715
0 0.3656325888159053
0 0.4430273526382025
0 0.518835966543536
0 0.4616035714692626
0 0.45353599113357707
0 0.4461939594532483
0 0.46891518065668114
0 0.4523839584729408
0 0.5004215240702757
0 0.4561999587678636
0 0.4014897535731863
0 0.3615634914967093
0 0.49547989725232583
0 0.469719125757802
0 0.35558889920615055
0 0.3790432565625067
0 0.34960895406858206
0 0.37019777561500833
1 0.4232113931856893
0 0.4492448683848281
1 0.44390977473034066
0 0.39330372225827065
0 0.33811031880146514
0 0.4460369465738199
0 0.4753660666990966
0 0.4319198903593741
0 0.46460427100049984
0 0.44056302281833915
0 0.43372387887058955
0 0.48721392943638586
0 0.4415963169373821
0 0.41800234425709587
0 0.374368043747431
0 0.35115900478221707
0 0.40241793964089256
0 0.4613129182169907
1 0.42912546596483087
0 0.43814858154977754
0 0.46811427872817885
0 0.4565905182731442
0 0.44420526531397464
0 0.45821955894790745
0 0.41523488361430055
0 0.46292922704376177
0 0.46735300363582016
0 0.44268411872939534
0 0.44353931287356546
0 0.4739126282573392
0 0.41588110909997394
0 0.4817005192948092
0 0.4542311593607743
0 0.46732458305688834
0 0.4443773979877272
0 0.4391494789162771
0 0.4493771323633304
0 0.4849857524135742
0 0.4512655660327865
0 0.4822310720396826
0 0.49260020802193605
0 0.38290741537603645
0 0.31518828757183226
0 0.4488971316803059
0 0.3712316341508269
0 0.41605547792013614
0 0.4125355660443628
0 0.4454154883253974
0 0.39077309840330865
0 0.46270109127159387
0 0.41896176557628534
0 0.4038107841342651
0 0.45930032207032156
0 0.44598450711259074
0 0.4537749583644715
0 0.4227471141780329
0 0.44441883910491
0 0.4009755657336853
0 0.534495467659516
0 0.48354674620339627
1 0.373649468616798
0 0.34069152654619583
0 0.44416634927247733
0 0.4159566942262567
1 0.41933347345244554
0 0.39001842093208083
0 0.40528778011149375
0 0.4232166869635309
0 0.3482764531613368
0 0.41466594010262814
0 0.36751031010850405
0 0.4294925466115591
0 0.519156792991093
0 0.4577241830821926
0 0.3915823644167006
0 0.4177617253725068
0 0.44499630927103045
0 0.4374063924410374
0 0.4206864676352001
0 0.4075311485476191
0 0.4539907577236418
0 0.40723279769012477
0 0.45710321465916814
0 0.37418576735367454
0 0.4171071583817128
0 0.4155312458205395
0 0.41844973119348405
0 0.4554824129497673
0 0.4021535345437832
0 0.47308126149249863
0 0.41275912322951347
0 0.42472473186775517
0 0.44243693853616867
1 0.33882710995634374
0 0.35527439843853176
0 0.30503445910386184
1 0.3967910998160111
0 0.35901136552711094
0 0.4653497436546479
0 0.3911464597392403
0 0.4522354038487035
0 0.3937812660890767
0 0.45492904902095377
0 0.3829373178907913
0 0.4391606689255396
0 0.3962444675003677
0 0.4637832684931498
0 0.44960601956540314
0 0.38028601095194553
0 0.4766087498570834
0 0.4639959150405225
0 0.47667090574708115
0 0.447327672436984
0 0.43104346931275483
0 0.4510205301717358
0 0.45917890890304913
0 0.38950384363787804
0 0.45889192364598114
0 0.45099354749771325
0 0.47693771069318175
0 0.42854834775677264
0 0.440272133448564
0 0.42490961362215013
0 0.4733393554738358
0 0.44246656358462577
0 0.48190788508008553
0 0.397582967989303
0 0.4694073300593227
0 0.39020545692696357
0 0.3210239787874575
0 0.3367585757768617
0 0.41034475325808334
0 0.3968770955945887
0 0.43337645385178913
0 0.3803229352057018
0 0.43068644005322365
0 0.39885787694196567
0 0.4588196614625011
0 0.43743524942092127
0 0.3819270704405615
0 0.4373271167815343
0 0.37450748305968173
0 0.4111103610170867
0 0.4195426746068939
0 0.44712923805441224
0 0.37088101813623203
0 0.4241731226838513
0 0.43969820998093956
0 0.4167548509511215
0 0.33826869624630984
0 0.36751234656234094
0 0.42357603398839655
0 0.3760837103967523
0 0.43909115044679076
0 0.45384386365321816
0 0.4355402316816756
0 0.4266333676522051
0 0.4371739617654669
0 0.3999201477401406
0 0.42618400072815465
0 0.4358125611185695
0 0.3761207706416955
0 0.34944648776053716
0 0.444897908886819
0 0.46822500494526603
0 0.4359107634127214
0 0.358249552734474
0 0.3695086895636502
0 0.4613522751195827
0 0.41871106256698215
0 0.40233855597450047
0 0.46463396207323815
0 0.43082295003501303
0 0.41082996125481414
0 0.35334171656717733
1 0.36317702596867873
0 0.395291348652657
1 0.36500263573924624
0 0.42789668805603787
0 0.4694212850984618
0 0.40290063903241996
0 0.4392070319090433
0 0.41264689157053924
0 0.35682927022893757
0 0.38524346491827144
0 0.4549879268527074
0 0.44505838486857285
0 0.4801139409072676
0 0.4355888226934806
0 0.4404922360718012
0 0.44303643136303034
0 0.4472268042784498
0 0.4337455008671653
0 0.4367224254710778
0 0.38510057681539134
0 0.4611712227847117
0 0.3767970714679598
0 0.44041478713189924
0 0.3704513615519074
0 0.4563120547273652
0 0.3856626332090922
0 0.4510599294393034
0 0.4381606591210376
0 0.39826795842682433
0 0.4344674955838644
0 0.4445699410165171
0 0.43666710261103464
0 0.4327206544863814
0 0.44931271936769773
0 0.45532454143909334
0 0.4058754185755696
0 0.44634220063508584
0 0.42803429249309255
0 0.44550158640475757
0 0.43835651981616264
0 0.4438852150627315
0 0.43447925095136214
0 0.44927355237917715
0 0.44328865804161105
0 0.447880955124558
0 0.40650328724773294
0 0.47073084238457913
0 0.421908998398558
0 0.5156411689962234
0 0.43558847459230154
0 0.4611413224139845
0 0.4149590844461151
0 0.46603592972216984
0 0.42130798701794364
0 0.45240707264013547
0 0.42731846481978236
0 0.42503148510299277
0 0.41540246019525623
0 0.42132816365871734
1 0.4358832770392448
0 0.4644762233249714
0 0.4241724777390402
0 0.42629458284120664
0 0.43942522548086665
1 0.4781113095067735
1 0.4376416250437911
0 0.3878073117996904
0 0.36848516436149914
0 0.40423311730931233
0 0.393656135997992
0 0.31671142982414296
0 0.3600890338638662
0 0.3873121517130679
0 0.39530322749364216
0 0.326762327662454
0 0.35753024583298376
0 0.3823794771665104
0 0.4417276014976845
0 0.329490792677574
0 0.30844494433546954
0 0.39591437762079545
0 0.3108545544159468
0 0.3588021038678083
0 0.4479072258306486
0 0.3230243420482776
0 0.3742937070491676
0 0.3675315057204344
0 0.30383538434599217
0 0.345624461441741
0 0.41136302318147944
0 0.4328847698178043
1 0.4244475249885584
0 0.4005227088631143
0 0.3781070294009248
0 0.44567102649125634
0 0.39696566382731246
0 0.45490328766467036
0 0.4074468984966542
0 0.4074312282612237
0 0.3835822197527703
0 0.4572598516283203
0 0.4384556346083697
0 0.4496925762146748
0 0.44185262515891816
0 0.4507482230218701
0 0.42605347081067396
0 0.3662421349530956
0 0.3563878128766785
0 0.3833801493868883
0 0.37412096875221673
0 0.4514566629132503
0 0.3801497817125213
0 0.4532208041571369
0 0.44539033058019295
0 0.44749036967693717
0 0.4260937450918785
0 0.4712781674971115
1 0.4426040977560212
0 0.47175465319607274
0 0.4253253124719875
0 0.4379073985118442
0 0.43957039831787287
0 0.4284854105016565
0 0.35842339553702685
0 0.3659921939199891
0 0.35978633454533476
0 0.4552718045274658
0 0.42313415821287326
0 0.41966929089680005
0 0.4450584331856012
0 0.4585613935266626
0 0.4284714798865432
0 0.43026085014037047
0 0.43614143446565695
0 0.4217351118398456
0 0.3540002414617669
0 0.3680857875957597
0 0.4269290039816692
0 0.44311124385719725
0 0.4676544999502173
0 0.3668896649078313
0 0.3652340386233311
0 0.4426171868400656
0 0.46761302049257175
0 0.4746641040884239
0 0.4349133360517655
0 0.4329732829733581
0 0.4310584919641573
