1 0.48840990807543866
0 0.494349416445297
0 0.4896008497703893
0 0.45487231423636204
0 0.47758000644699033
0 0.45865803890659845
0 0.43084668162619494
0 0.4638712961780028
0 0.4528116582133475
0 0.4698408314183007
0 0.4631662314741874
0 0.4633025184433699
0 0.4282155156146219
0 0.4661276705994772
0 0.46670317927606514
0 0.44322331236991047
0 0.48678540661093866
0 0.47815610937571573
0 0.4939288272413806
0 0.5142525497418866
0 0.4782226853215071
0 0.49874076219510727
0 0.5138795792876223
1 0.4412297346025503
0 0.4634212883738619
1 0.46829772126589925
0 0.5040386131086391
0 0.4689930643082266
0 0.4654874453434167
1 0.4790176834277094
1 0.4761099082289883
0 0.4652026325353655
0 0.507274087938863
0 0.4869110400538806
0 0.48375448987467434
0 0.45630053826733263
1 0.4646761709073831
0 0.4606323058574013
0 0.43836091428896307
0 0.493915482477781
0 0.4490846737414199
0 0.4676774062953341
0 0.4938784357278346
0 0.4868955051603255
1 0.4806183435941434
0 0.4676582110409832
0 0.48102236908429785
0 0.4822521511404629
1 0.4726620279243642
0 0.4666717629398281
0 0.44708852467338184
0 0.47869317087958013
0 0.4781353781617485
0 0.44363044448994415
0 0.47527149567089716
0 0.4805358468471134
0 0.4763085931349997
0 0.4765477644632242
0 0.4376846731261956
0 0.47581604436931485
0 0.4764709225024157
0 0.4967530009446653
1 0.49274467336346905
0 0.48677030098968155
0 0.4993656553289766
0 0.44836093501544444
0 0.45841713710107734
1 0.4978513643424148
1 0.49824986493853257
0 0.47580870808029796
0 0.45908358487074585
0 0.5002899665595704
0 0.48745813428704393
0 0.48931339531554174
0 0.47988226621741276
1 0.4393986393611926
1 0.49579051599544627
1 0.48197519134049016
1 0.49514483689856587
0 0.4813619606077745
0 0.45581898987890473
0 0.49289153641871336
0 0.4693587855451079
0 0.4855070952097468
0 0.48000089251369626
0 0.4601391575498086
0 0.4947077847242796
1 0.4723063501915641
0 0.4733759851395608
0 0.4684963480454001
0 0.4695402101076713
0 0.4636699857231342
0 0.47273472880418294
0 0.50513890471066
0 0.490823368832559
0 0.4548483968654679
0 0.4864931705148333
0 0.45959246211742927
0 0.4868801953847068
0 0.47303114940284813
1 0.46946273868380983
0 0.4688696123254904
0 0.47169248665712177
0 0.5025554606999562
0 0.5020929078557742
0 0.4448037772874354
0 0.49170553220203356
0 0.45181299304036865
0 0.4475311257102259
0 0.4808430407786196
0 0.4647296556387397
0 0.4712251401858821
0 0.46287491121667973
0 0.45825780174902686
0 0.4931946406386028
0 0.4716919513837678
0 0.4534008489812918
0 0.4889671170696737
0 0.4532746835730112
0 0.48412443680961825
0 0.45341958316406833
0 0.4443102382943394
0 0.452985718015234
0 0.42593426159618986
0 0.41525526358900944
0 0.46095116232110495
0 0.4823082850505384
0 0.47399775453042564
0 0.5092114286864581
0 0.47079721309977113
1 0.4666643958409073
0 0.4946694374335674
0 0.4777465629268537
0 0.4664995154228719
0 0.47265764648939457
0 0.4971181998323567
0 0.4645459429361972
0 0.45565021760574836
1 0.4793615332347926
0 0.44610266750503513
0 0.4641362008276432
0 0.4591831176058632
0 0.49945142972782525
0 0.48405159928955444
1 0.44857967307147156
0 0.49636589615811627
0 0.4745481967263996
0 0.4817461806606991
0 0.5035084883135681
0 0.49848974082789893
0 0.4704448330243928
0 0.48226487351995484
0 0.47825008192661306
0 0.4809179489364992
0 0.4488092946414354
0 0.4942664137703832
1 0.47826717627315163
0 0.4934521215896134
0 0.46800254799175417
0 0.48560596634192044
1 0.4757130758016474
1 0.5028088489559387
0 0.500549668016622
0 0.4735209285667192
0 0.48827591315551844
0 0.47205774566907355
0 0.44314075546193527
0 0.4807486230876867
0 0.4895244613747914
0 0.4832938540341132
0 0.504188422402477
1 0.4762572136017183
0 0.45654698541294153
1 0.4894569249658531
0 0.48495241866617006
0 0.4728273709388132
0 0.49533439798890705
0 0.4830932671272055
0 0.47142773638582974
1 0.4692594152086425
0 0.45147691465228756
0 0.4857269276999261
0 0.4953658308342442
1 0.4851180362978076
1 0.4727114150588681
0 0.5161350390953254
0 0.45287760483989986
0 0.4752761012786939
0 0.4907534558000645
1 0.49521322783358135
0 0.5011188061675759
1 0.5254716922414149
0 0.4758235075106982
1 0.49359082968685536
0 0.5009084010950998
1 0.4872830505356671
0 0.5086068934900929
0 0.4950950053999382
0 0.49660348487155953
0 0.49183960417572187
0 0.4874271116900593
0 0.47325779225211684
0 0.49448900388663586
0 0.46122690734363186
0 0.49302936327718727
0 0.49990808376666984
0 0.4922169998336497
1 0.4873853166767399
0 0.4877887907076847
0 0.49484002110817493
0 0.4496164248218087
0 0.5119483790688409
0 0.4571463786727777
1 0.4909858237783779
0 0.4613337234688557
1 0.42843057400240553
0 0.45340537462339936
0 0.4658932235678906
1 0.4885191181906169
0 0.4710351303428777
1 0.49084440538882235
0 0.44403483972063634
0 0.4727093294367246
0 0.472817154681208
0 0.47093054178778776
0 0.4531383685437234
0 0.44739670621496996
0 0.49658165713308516
0 0.49286971620870906
0 0.4955975837891473
0 0.48536124381701573
0 0.482482025179234
0 0.4792084853136207
0 0.5141629065305895
0 0.5007463984774018
0 0.4658461251733617
0 0.4834774885718315
0 0.49608191910193755
0 0.48240638337866915
1 0.4933429110576503
0 0.4774823492234311
0 0.49663130367047253
0 0.49790267968544866
0 0.45917693040923985
0 0.4922956649081638
0 0.48462036994354013
0 0.4809583975213281
1 0.47781720434912506
0 0.46177493098546246
0 0.4996630378464998
0 0.4793940355697231
0 0.45024618181517306
0 0.42840050814149955
0 0.4653762569116113
1 0.4577096867849765
0 0.4359648886429303
0 0.49334802739213335
1 0.4560272333393237
0 0.49075016276175637
0 0.4550290801806719
0 0.44748248943787794
0 0.4719504721833557
0 0.45892462716043136
0 0.49831278480120383
0 0.4634106768297128
1 0.4753570329429661
0 0.4999178659078155
0 0.4588191526508013
0 0.5017805645259117
0 0.5238121392390781
0 0.4865523179589349
0 0.4855819580420355
1 0.46460413049474075
0 0.48254800815880017
0 0.48604099770122694
0 0.4712895375598371
0 0.47980418337632763
1 0.47728288001763786
0 0.4512393256847755
0 0.49685677275030465
0 0.4712153613389785
0 0.4738033595580252
0 0.44915275836275215
0 0.477914938742327
0 0.4523630894817358
1 0.44583469129908626
0 0.42856591087334445
0 0.4882050780334104
0 0.48794415711517614
0 0.4592121678470384
0 0.4562622990708964
0 0.44785681054578125
0 0.45863507557688343
0 0.5089713345808886
0 0.4933337262968791
1 0.49855894178595883
0 0.4955008603135561
0 0.479068600632105
0 0.49926343891692376
0 0.4589313374540763
1 0.4890034739470434
0 0.4840339030381899
0 0.48993009353489003
0 0.49967476000879635
0 0.47276021744923763
0 0.5100425883090416
0 0.47927688937714985
0 0.4993541936629264
0 0.46256850269001754
0 0.48578675609005156
0 0.4781122639506536
0 0.47163746137325435
0 0.47162181984007756
0 0.49154997159798525
0 0.4656350845789716
0 0.4540946016696156
0 0.4918894552580218
0 0.4732935694338388
0 0.5058269677377799
1 0.4343466895927144
1 0.4168973608149102
0 0.4660173058944919
0 0.4518187514711108
1 0.49251174361244404
1 0.4511344908280592
1 0.45874831552097667
1 0.4417278217595868
0 0.4915198262673396
0 0.48227446360171317
0 0.47394679701323966
0 0.4995328678326622
1 0.4677368004968328
0 0.4767073771866023
0 0.4857724086149949
1 0.476894879085141
0 0.46554778657016943
0 0.4540709280785423
0 0.4407564597151316
0 0.45388769148430713
0 0.49399416287769654
1 0.4555163659929302
0 0.4534591649828875
0 0.4646880735671565
0 0.4552596897086847
0 0.46762736512786934
1 0.5054165631001413
0 0.4774122649697787
0 0.4706378167162321
0 0.48460900025430376
0 0.48767187018249597
1 0.501578475349457
1 0.48242025353248674
0 0.4933837930191902
0 0.5024297105494047
0 0.49728135134119267
0 0.49211146431565683
0 0.49245607171948785
0 0.4819530641535568
0 0.44903143217432173
1 0.44132167411717427
0 0.47561903127552996
1 0.44397038891409446
0 0.48535293576268307
0 0.48971516838332346
0 0.47869336383383543
