0 0.4876331468395954
0 0.48333258340469565
0 0.36979320764933954
0 0.4028245256372195
0 0.34465531864853044
0 0.31895783750495355
0 0.4842892167129039
0 0.4548546075740393
0 0.4266831224183651
0 0.5289799636659118
0 0.34947109447300145
0 0.34589474444914386
0 0.367819641430154
0 0.5258715506981388
0 0.5394715506593808
0 0.4619847991178391
0 0.4990922127114125
0 0.42502760400672135
0 0.405650189247414
0 0.5536858625385265
0 0.42337664773192774
0 0.33259075106660313
0 0.449759119827826
0 0.4010748985778168
0 0.3993658507999256
0 0.33560051281764514
0 0.5013915718411659
0 0.45012891312237735
1 0.41437676134251444
0 0.404840645908208
1 0.44640053737149954
0 0.5237209804486853
0 0.5174153598944823
0 0.3947891898716829
0 0.4397997940188229
0 0.5137657183539903
1 0.35328043077970206
0 0.3513774839755131
0 0.46990370805612075
0 0.5246049039067036
0 0.3031005658962695
0 0.3599695527263217
0 0.35186215006972704
0 0.41200515817320177
0 0.43487638421333413
0 0.5154358313202007
0 0.4164755335059858
0 0.36665768709402935
0 0.3983848784561707
0 0.45866602825838027
0 0.5191118359306982
0 0.33678172440606424
0 0.4148393162629737
1 0.41143674048091927
0 0.44875764417488906
0 0.48798330738613976
0 0.3729841441141618
0 0.3781147739847136
0 0.37028238346806963
0 0.43544636631004485
0 0.5065745269743767
0 0.505363380243622
0 0.5090752025938254
0 0.33276829228981325
0 0.3693818515777975
0 0.3840407688206144
0 0.4010687765833736
0 0.4325151574081813
0 0.3404688878159024
0 0.29083479117786176
0 0.4754676064079381
0 0.47996510657076535
0 0.33292488317708796
0 0.3528347001421458
0 0.3979798770786898
0 0.4388097377250712
0 0.3703284107560786
0 0.3401039391288555
0 0.38164959636616663
0 0.37444371750769423
0 0.4288642029893267
0 0.4471286278336411
0 0.49596244554545654
0 0.4114302935876828
0 0.44099192841305224
0 0.454715694309067
0 0.47448603936539613
0 0.4023327536957179
0 0.4048529048648728
0 0.3082446652890672
0 0.4066200764016681
0 0.3807151452558154
0 0.37873629213563115
0 0.28957233422948864
0 0.3872515332939729
0 0.43243027061056066
0 0.4855723965800328
0 0.3053121506459803
0 0.3941444663688078
0 0.329017399689448
0 0.48067072463472643
0 0.40446823275662236
0 0.4725134697609458
0 0.34694640880560257
0 0.39657536043789193
0 0.3652332672153378
0 0.3492110078016264
0 0.36332465157819527
0 0.40111545975410584
0 0.32645721218897866
0 0.4088989169703061
0 0.46125715581793475
0 0.36703883462918463
0 0.41882861690977935
0 0.43299242526451553
0 0.4438546519322413
0 0.4104837136601789
0 0.5068566445725569
0 0.3956212740721524
0 0.34262403628716886
0 0.4423126638157448
0 0.4482222633227233
0 0.4144331153973959
0 0.3422223046371254
0 0.46049352531713605
0 0.3286486404298322
0 0.40552401759927964
0 0.3479641876557082
0 0.43521098606110453
0 0.34038354655750086
0 0.37984356011961157
0 0.3898957859911633
0 0.433138736533497
0 0.4209939293963785
0 0.35738805667625934
0 0.34004993454877713
0 0.39181709832482203
0 0.4061881208991642
0 0.36446620427474
0 0.3279496649856474
0 0.4404724531206051
0 0.3594065929678082
0 0.2702589503889798
0 0.31035904065094083
0 0.35618242016070745
0 0.3252106977439693
0 0.387056585650947
0 0.3430976642506678
0 0.34889595831838327
0 0.3677942752816067
1 0.40364934879839004
0 0.3843059812149429
0 0.47943678751641244
0 0.4713853975414894
0 0.34741743114508644
0 0.35133925087900864
0 0.3958801240064283
0 0.5072466264841946
0 0.3663581951748582
0 0.49100264235295144
0 0.421815522668298
0 0.3969511630504235
0 0.3771793687912787
0 0.4611661207812075
0 0.3629431322699994
0 0.385925940888966
0 0.4344857171548528
0 0.4537097434209112
0 0.3319883067669154
0 0.35124714717198485
0 0.4094270379196445
0 0.36835463624734305
0 0.3791110843512418
0 0.3201668271261779
0 0.3628006161850535
0 0.34004030181833284
0 0.37603117509214434
0 0.37415952439491107
0 0.2920654666411987
0 0.32523324099084794
0 0.3223676620242826
0 0.47514090420096816
0 0.5208004025292812
0 0.36133365539190476
0 0.3661390832197269
0 0.5273990213033151
0 0.4662180556503644
0 0.38470569727462006
0 0.3730816164130702
0 0.3461319799438353
0 0.3790510810915489
0 0.35965040029426826
0 0.31772735527526536
0 0.34148683905661553
0 0.30554439104601827
0 0.34842577791271967
0 0.32017069712358004
0 0.3142636332890578
0 0.3798515538373334
0 0.3690761069214646
1 0.33824635418109794
0 0.40502877164421963
0 0.35408709451762765
0 0.3804400437556904
1 0.36795623341171724
0 0.378753078128976
1 0.3053711846483092
0 0.35948975911285463
0 0.3887633683028514
0 0.35254013709302073
0 0.3296184165559353
1 0.3047328988561759
0 0.3383054148469361
0 0.3240605947846316
0 0.34922426553437846
0 0.30674766802970627
0 0.3430163968359756
0 0.3985815803323574
0 0.38060937430221153
0 0.2974814808662293
0 0.36509553351825696
0 0.3489202540093133
0 0.35766948691790257
0 0.3103323286095586
0 0.41865151308004633
0 0.353899135911945
1 0.29255257663987866
0 0.2951471699784782
1 0.41834156531727484
0 0.3336086547884931
0 0.4232109956670227
1 0.3954225023343542
1 0.34409538229179987
0 0.34597959176372334
0 0.4099538275943516
1 0.3203009274763637
0 0.3367656011039794
0 0.35423711771679484
1 0.4134553375513947
1 0.2903260379481955
1 0.2850741322437642
0 0.3317743720742455
0 0.35286653227777764
0 0.29834784980066886
0 0.2759672861381042
0 0.41901077209356646
1 0.35723770796045956
0 0.3458737887799587
0 0.315461099111038
0 0.2811203605165564
0 0.2972250926374283
0 0.2904579941770746
0 0.2833715961768035
0 0.30567023165687396
0 0.343633898214052
0 0.2782025177465307
0 0.27343200700859605
0 0.3025854542934214
0 0.37228356453580974
0 0.31215861331885353
0 0.29220163159550516
0 0.3183100550986892
0 0.2948471251551891
0 0.30335704190692725
0 0.2965218267475815
0 0.431714413525516
0 0.42301111252923773
0 0.36966835207905097
0 0.37277988448544286
0 0.43448949458244696
0 0.40944045099376075
0 0.3917824528007041
0 0.4598331383582997
0 0.4017323133804258
0 0.32868078149034347
0 0.284135362075467
0 0.43600856356960066
0 0.4819443758359707
0 0.3125358823683316
0 0.2618530100045869
0 0.3294605554840616
0 0.34827496662823476
0 0.3563178898976537
0 0.2951124097386363
0 0.27945864463336045
0 0.30286757997740504
0 0.315219250326995
0 0.27313796896138026
0 0.3235839372037003
0 0.28566937352844435
0 0.3132406106589919
0 0.2563883058534996
1 0.30164143909479363
0 0.45147869303261523
1 0.4112818880981348
0 0.29709698670461576
1 0.3049379900829909
0 0.34445257091965076
0 0.35009696487121156
0 0.3271258332727316
0 0.30941412780734273
0 0.3487984778035323
0 0.3306402617217263
0 0.3199088084126938
0 0.3364037301240184
0 0.32466715290640635
0 0.2952243588913525
0 0.41206954815636765
0 0.40925313924026274
0 0.3250486909649529
0 0.28961964598918766
0 0.30882523512927035
0 0.2561300940507911
1 0.291842818547196
0 0.355185514421019
0 0.28506130833750565
0 0.3154544732269992
0 0.29887417199640864
0 0.2963408654306683
1 0.2993624734845308
1 0.4038510704908437
0 0.3134119220185185
0 0.38129968081568383
0 0.31588151469409537
0 0.35528529233201733
0 0.40412447279374875
0 0.3714999658283858
0 0.3492024364247894
0 0.42518310043023566
0 0.44456769191205087
0 0.30192480459630144
0 0.3748082185221665
0 0.37699398246547045
0 0.3928854390403964
0 0.3642414911831027
0 0.4242146543086868
0 0.3844158848624446
0 0.30077139036975586
0 0.3238060220369149
0 0.45919177174605547
0 0.31523371942568906
0 0.40676416464599713
0 0.39062034780244986
0 0.4055918221476397
0 0.378285962964926
0 0.34687143301424067
0 0.3903600394686336
0 0.39228670925418135
0 0.31570610814610256
0 0.3506408197006421
0 0.3549026776426861
0 0.382205754409202
0 0.2873251889301384
0 0.3742484733470062
0 0.3659810338944068
0 0.48763589884077163
0 0.46566365001557913
0 0.35568428274345476
0 0.40942242656958977
0 0.3732301116847751
0 0.25695219977984257
0 0.38207070702324913
0 0.34904642625202603
0 0.3604251360617503
0 0.31409317941812676
