0 0.5097449562716331
1 0.48200262068970906
1 0.5079913777845027
1 0.5186662101173686
1 0.511864364482002
1 0.5113329583884842
1 0.49709159114323204
1 0.5282633265169483
0 0.5250042863673121
0 0.5385454192030151
0 0.5354722341698677
0 0.5165249235942047
1 0.4729024636637998
1 0.46727185764507767
1 0.5135200346308134
0 0.45058562819264825
1 0.5168875131978502
1 0.5450606875927588
0 0.5157303196785002
0 0.5301506953626889
0 0.5264411785189159
0 0.5295775975288224
1 0.5018049683952308
1 0.49735239239603013
0 0.47786869171199176
1 0.5068044798577357
1 0.5096602825902452
1 0.4846592076662663
0 0.5167536501633474
0 0.47820591973374177
1 0.48003492153226746
1 0.4856736114649848
1 0.4732643736605263
1 0.47530453860779753
0 0.5006059201335087
0 0.5176026465774806
0 0.5054332873499455
0 0.5136891441577941
0 0.4930891612538986
0 0.43734779087019204
0 0.5014760446541181
1 0.4867048265803255
1 0.47309040966226895
1 0.48352736346912606
0 0.5083313357969694
0 0.5217505722322582
1 0.5133491414412393
1 0.5155734620651863
0 0.5160807660938844
0 0.5132227366375388
1 0.52372750124703
0 0.5077473934797244
0 0.4957478164772318
1 0.5212250903256507
0 0.5244878778062918
0 0.5218182228301663
1 0.5323550794954663
1 0.5094772214896287
0 0.4908250901019659
0 0.5162160604721429
1 0.479500641474885
1 0.4667568148605702
1 0.5049613284104468
0 0.46870088506798313
0 0.47044688278962404
1 0.5050067227322979
1 0.536332725536636
0 0.49738410131173494
0 0.49315792196514974
0 0.501497985460286
1 0.47356248105050347
1 0.5091966327730294
1 0.49501461306025685
0 0.511142302803856
1 0.5179169023858674
0 0.5170724087956919
1 0.5258660883877617
1 0.5377992477854822
1 0.5327756131464589
0 0.5277657501288174
1 0.5355572030255373
1 0.5227897599719726
0 0.5198508985385492
0 0.49122405331550045
0 0.5137330185071494
1 0.5002088876222794
0 0.5025815085188459
0 0.5126434734821932
1 0.49852527100114646
1 0.5144199828926231
0 0.5045714171099412
0 0.5417404538154752
1 0.4912513232327158
1 0.5337502666549379
1 0.5331487324673466
1 0.5202322231308881
1 0.5131238432279495
0 0.5021186116418106
1 0.4932231991519392
1 0.47798890634463015
1 0.48658360933590256
1 0.4977899671744207
0 0.48932480855961796
0 0.4802727169261201
1 0.49870325535299254
1 0.5012612721758721
0 0.4658660454844029
1 0.4672062335103851
1 0.4981996449540443
0 0.4799167003220181
0 0.5233985081224808
1 0.5079234577266207
0 0.5004929400300608
1 0.517321328488854
1 0.5197933897421033
1 0.4965313016581218
1 0.5038455036095724
0 0.5068901110496413
1 0.5109758766684398
1 0.4836405863998722
0 0.5077968967260857
0 0.4759857232791146
0 0.5149706515687814
0 0.4989092554640749
1 0.49016550118079294
0 0.5249337048116001
0 0.4916197111329301
0 0.522680770420996
0 0.5169515065354342
1 0.5073086621208303
1 0.4765294149063685
0 0.4794990229766231
0 0.44965050205688367
0 0.5141137310653137
0 0.5141717556015766
0 0.49842475119796664
1 0.5127176468833873
1 0.4939211767573031
1 0.47983330802159463
0 0.5017794511792394
1 0.4943246446765992
1 0.5183912673069576
0 0.4468767517182264
0 0.5042588117713973
0 0.5149015477242821
1 0.49056627892633276
1 0.5423466006062194
0 0.5211327876345917
1 0.5104891278678707
0 0.5095745911580322
1 0.5471734773439846
1 0.4925329929374742
1 0.47218506161094176
0 0.49607602179839677
0 0.4891950032838411
0 0.48271501986795845
1 0.47220999777420564
0 0.5009472167329756
1 0.48922922685851655
1 0.4834899805434009
1 0.5403815545807389
1 0.5029657069774726
1 0.510652683659843
0 0.5112052555576339
0 0.48119012574810616
1 0.4885661894948233
1 0.49085280305783263
1 0.4983326204329588
0 0.4794220299031521
0 0.49405741444985724
1 0.49643481887400714
0 0.5091887445144194
1 0.49270993624777165
1 0.5023033240644726
0 0.5127123903294075
0 0.4905377518766845
0 0.520502269606251
1 0.508947605264449
0 0.49514714468177473
1 0.5147503910218809
0 0.48508246914472836
0 0.5028848564234741
0 0.4874501647711694
0 0.4885408829224081
0 0.49602143001571475
1 0.500142655742393
0 0.4802304424084116
0 0.4586434266105979
1 0.5117254235498383
0 0.49689640614937897
1 0.4852491775662269
1 0.47407613506511836
0 0.49005341799270336
0 0.47160369269652685
0 0.4953209977278399
0 0.47287745278195625
1 0.4679498444535626
0 0.4940518753038036
1 0.4830729889348362
0 0.49751203838468055
1 0.4868937417332498
0 0.47639275088009353
0 0.48644400139545335
1 0.5117538387273638
1 0.5060854032273111
1 0.47681980598585944
0 0.5114318952570969
0 0.5097989598593837
1 0.4992822497457584
0 0.5042973621900378
1 0.5199734121416381
0 0.4713075988194254
0 0.47956893613996115
1 0.5306408026048243
0 0.47696693567624077
0 0.48243840254333453
1 0.49704838624818887
0 0.5206777830362789
1 0.4876798078185365
0 0.5123020821023215
0 0.5099296043071149
0 0.5146328982981323
1 0.5066521999289358
0 0.5045820749241139
1 0.5032001974710113
1 0.4967562263705162
1 0.5356047992338445
1 0.5119065273702361
0 0.4638346666406645
1 0.49362413237499003
1 0.48096339625643103
1 0.5003526440970758
1 0.5084225012907551
1 0.48620713017331446
0 0.5085296919550663
0 0.49294192043578566
0 0.48144828830920294
0 0.4893758350002775
1 0.524233108236112
0 0.49093300880290136
0 0.494860392909868
0 0.5193740183097295
0 0.5163011206507083
1 0.52084923041099
0 0.49360975686204267
0 0.5177733195424545
0 0.5093815071829785
0 0.47843769770648575
0 0.5116517134198537
1 0.5256441792772332
1 0.4928209600278884
0 0.4827176546113821
1 0.48683266857254787
0 0.47703949663888934
0 0.540708653030797
0 0.44728628577938406
0 0.47705962281410264
0 0.5024124578766078
1 0.5003939372621035
0 0.47700033156598104
0 0.4742585795916125
0 0.47589356150202256
0 0.4977757461976713
0 0.4786053180535229
0 0.4879914148760348
1 0.5041941588005259
0 0.4663443665951984
0 0.4754311104507352
0 0.45986921656548346
0 0.49447643280966896
0 0.4940349589848996
1 0.5198868125986683
0 0.5216276414385398
1 0.49865707698630485
1 0.5298762980719797
0 0.5099700396688454
1 0.510497529299349
0 0.5085771678290696
0 0.5179758677390871
1 0.4867673384931021
0 0.5073054742286311
0 0.4904033806804204
0 0.5095860542409537
0 0.5134754670136285
1 0.494155930372304
0 0.4978616584401991
0 0.49842259599191674
0 0.4810565653601822
1 0.48517943062724717
1 0.4892057112392336
0 0.481103224857693
1 0.47159350591266147
0 0.4762877973462334
1 0.5004001381856902
1 0.48633441692360146
1 0.48599804888051557
0 0.5035728755574294
0 0.49888625725814373
1 0.5114826003932853
1 0.5024886320009659
0 0.4931662666103699
1 0.5019518957079195
0 0.4990791592728678
1 0.5228972786924825
0 0.5065362925313572
0 0.5102277105514826
0 0.5126857242272753
1 0.4939974481300458
1 0.48922503230515385
0 0.5319313062774804
1 0.4941155713121576
0 0.44862695267664365
0 0.4857796945131527
1 0.4843915881040933
1 0.48326133648941716
1 0.5006485560947597
0 0.4762623331495391
0 0.47877330446925337
0 0.5365412005364242
0 0.4996601978431785
0 0.4902604499605947
0 0.4780938982978952
1 0.5031372425284584
0 0.47164527831002706
0 0.5232906301464233
1 0.5192251226274004
1 0.4948872453158986
0 0.5113585160358722
0 0.5238028411457021
1 0.498161135451323
1 0.5148916454154937
0 0.491837310824484
0 0.48500369895938555
0 0.5047268890046095
1 0.4865466425332753
1 0.48904256670435997
1 0.5333636117530638
1 0.4845649727551243
1 0.4976250590789521
0 0.5106056479502227
1 0.5261791950002702
1 0.504967209445366
0 0.48288606934776096
1 0.511546019279372
0 0.5320616657493561
0 0.532579654075826
0 0.5045368255194578
0 0.5351331224220229
0 0.5145220136042137
1 0.5076425638930596
0 0.510236214816294
1 0.5265359503221685
0 0.5113159173455143
0 0.5204074222290452
0 0.5388212981842767
0 0.5303358039680846
1 0.5148239387629826
1 0.49448133210706874
1 0.4921114377501507
0 0.47709290836263346
0 0.4776112962417035
1 0.4661547453035653
1 0.47373079312317307
1 0.526122342352541
1 0.4884921619879966
