0 0.4837651903970549
0 0.5245346598043118
0 0.4511963096396985
1 0.4477014043904047
1 0.5086888832555484
1 0.48035555560280224
0 0.4599815874587812
0 0.4725309854972833
0 0.4491091247684545
1 0.5011336833249055
0 0.4463717465984866
0 0.473436684219799
0 0.4413587605107406
0 0.4649902917488824
0 0.435110295259996
0 0.4000299862527269
0 0.44311317642502007
0 0.41369658943721715
0 0.3539321452810855
0 0.4440732291889842
0 0.4941427959454718
0 0.5376954400464495
0 0.45105946740505276
0 0.42343632114142965
0 0.46988560335918184
0 0.43541618421477624
0 0.4530857111646063
0 0.47626558013476933
0 0.4165269660148084
0 0.5057737319088231
1 0.48399232764957717
0 0.3992014102330889
0 0.4472036579595423
0 0.4761053819095271
0 0.5181400169862088
0 0.39449523640139794
0 0.4956169670448884
0 0.44541063521666274
1 0.4484108431992671
0 0.44398088366693267
0 0.4900535538088946
0 0.39727711503960006
0 0.4280928833101122
0 0.3884202179627815
0 0.5404710516386596
0 0.5084127045060004
0 0.43483875283539764
0 0.441193114055596
0 0.4933733863936011
0 0.43188596557402714
0 0.46126764528912306
0 0.463478272910401
0 0.4525487889395741
0 0.482221854564884
0 0.4850806953035044
0 0.4564000157734301
0 0.3986718539548913
0 0.455566758929287
0 0.4047504479151689
0 0.41291749097876534
0 0.41201159537413834
0 0.3865733846064785
0 0.5281160773807257
0 0.4050175477465542
0 0.43437176787955056
0 0.49754056804705676
0 0.4619319206735543
0 0.5536960471531159
0 0.490953777459009
0 0.5027356251782952
0 0.5087144841261116
0 0.5147771110563278
0 0.5375085035507988
0 0.4848553675538772
0 0.5481995160016236
0 0.4281855134204011
0 0.45663652215695777
0 0.470768250081705
0 0.45321913868071806
0 0.5012886831943012
0 0.5069777045690081
0 0.4834196285683807
0 0.4587844644814074
0 0.4310494205146807
0 0.3641484620536639
0 0.4973077635092799
0 0.516370771532437
0 0.5190120725536647
0 0.48634898857195924
0 0.5036028990203298
0 0.4929469104259662
0 0.4922078838862476
1 0.4668485123646476
0 0.41010332498511354
0 0.5466373525518146
1 0.47836795941117516
0 0.5105288682835974
0 0.4459809434091022
0 0.3987529733114556
0 0.5014810632975937
0 0.4886564385452677
0 0.48550841794251237
0 0.4284806703889255
0 0.3343364662522207
0 0.49082556730448007
0 0.5195223654837526
1 0.4978720975826135
0 0.5306959741065104
0 0.4601428042500662
0 0.5142131824659554
0 0.5258456884521685
0 0.5000686581645287
0 0.5118260775095749
0 0.4414453910070187
0 0.5271669620887002
0 0.5106194379287518
0 0.4585447788556553
0 0.4936271091201101
1 0.4640770806805064
0 0.4813726814588716
0 0.4425080786005321
0 0.4418101966811654
0 0.49232964632423337
0 0.5115422918720667
0 0.49174863952686426
0 0.5112171401236764
0 0.494061982088138
0 0.49781128336714636
0 0.5154125636022708
0 0.5144824124264454
0 0.5030580216074373
0 0.4589262569117608
0 0.5095934579220935
0 0.3625174333595236
0 0.5094229389498797
0 0.5185036536581628
0 0.5099331476185303
0 0.49119522410061417
0 0.4587265153272807
0 0.4080944150938381
0 0.5131719254735247
0 0.47931136580816786
0 0.4534695347874189
0 0.46319449432761356
0 0.46745320127270196
0 0.5150039145166048
0 0.42668471663365165
0 0.4659072687012789
0 0.43411562139415744
0 0.41775984156770135
0 0.5428783333168257
0 0.49573199028584014
0 0.5384328844766736
0 0.48560151019234
0 0.47676338111177285
0 0.44509336721101944
0 0.49009636491326647
0 0.37181792404670905
0 0.4732759656161518
0 0.3403098705183109
0 0.44508136103440554
0 0.44065361665202274
0 0.4568305323096246
0 0.5051116891398943
0 0.4852724304092069
0 0.5393418138867605
0 0.3883529276459968
0 0.532755520813941
0 0.4546596955778785
0 0.4185781971069458
0 0.4631490147366184
0 0.41530134879565883
0 0.37668254227078435
0 0.4767728445214818
0 0.46632295956477227
1 0.5162780595590204
0 0.5103790640835103
0 0.48226168190560575
0 0.3920716490318237
0 0.4868976245513216
0 0.5284310299284766
0 0.49942892047446824
0 0.4634699852227368
0 0.49625353084531526
0 0.5178705485112185
1 0.5015517350779922
0 0.4695678725682876
0 0.37610284914859754
0 0.4866775934189183
0 0.4760618542947586
0 0.5074466236003423
0 0.4921170898424447
0 0.4572582092866136
0 0.524136505355325
0 0.5077164464666742
0 0.5079650243484966
0 0.49818565532458914
0 0.4217651136479399
0 0.48210750399945856
0 0.4946549125524785
0 0.47345552778538513
0 0.538992541752077
0 0.4353909972653034
0 0.5345267800349889
0 0.4480016811858116
0 0.4716867574884341
0 0.5168876477365778
0 0.49119270992520486
0 0.42603034591793665
0 0.4801667057931304
0 0.48366863443739083
1 0.4678366139558913
0 0.42556513030004217
0 0.45747491663544204
0 0.4027306816898656
0 0.5143851262901946
0 0.4829157602849875
1 0.5277553733924155
0 0.45189896947934394
0 0.4925829715153102
0 0.4305325660117098
0 0.4769451009975015
0 0.448867455133632
0 0.47021119364268116
0 0.3401184129201539
0 0.46421903425824923
0 0.5012963499308841
0 0.5066679221660837
1 0.435501512010424
0 0.3950057066624526
0 0.3957208346874546
0 0.4706711996083267
0 0.4641212311678685
0 0.4566343982498157
0 0.37814805328927575
1 0.4776259201317609
0 0.4336357018906137
0 0.5000599329633294
0 0.5216819302728481
0 0.4065807201545269
0 0.4554292874642381
0 0.5223888407432514
0 0.5089982464041031
0 0.48185576938011365
0 0.47613391812053435
0 0.45860734294654165
0 0.4852869350969978
0 0.46590636348671144
0 0.46837109028937174
0 0.43259852903245
0 0.4058074089770829
0 0.4605170859343244
0 0.4914829709186424
0 0.47228358340815313
0 0.4642421416483565
0 0.4153707402066333
0 0.5135965876684462
0 0.411017479105187
0 0.5161576666484871
0 0.4303246413429124
1 0.45879545496944346
0 0.48871112018766544
0 0.5249359500007443
0 0.521822470417807
0 0.480900607890934
0 0.4876919108803728
0 0.478928434645317
0 0.490210623336141
1 0.5092113833078146
0 0.43798557228592455
0 0.4794086491086259
0 0.4349809836000084
0 0.47104346411883824
0 0.4360110316637808
0 0.3949778752561595
1 0.520015012292068
0 0.4730435575554997
1 0.41172165756470525
0 0.49467465970461383
0 0.4435203678121847
0 0.46697416664763275
0 0.3934181305564529
0 0.3784699422225652
0 0.5033914742074049
0 0.4958756449868301
0 0.48673833937831296
0 0.5035826715448856
0 0.4438668930404275
0 0.3960005482099059
0 0.4269910961989589
0 0.444999824160359
0 0.5118713452133888
0 0.49851480859517067
0 0.499335088664474
0 0.3753251303309558
0 0.47239264214627336
0 0.4729896523781127
0 0.4657675042130506
1 0.4855475280365866
0 0.4511903641482172
0 0.4293952817374097
0 0.4190414756476637
0 0.4735047521183639
1 0.5156131172424996
0 0.508899333359295
0 0.4827563097609166
0 0.4898556518111842
0 0.3426116518019247
0 0.3886839978170065
0 0.4497728175228649
0 0.49743657428466814
0 0.4511372865728158
0 0.4936959738987084
0 0.3929445043072616
0 0.4784059612949024
0 0.490784489927686
0 0.4445691516551259
0 0.4241117984016759
0 0.4397193314516164
0 0.47783822827169287
0 0.4633261100814568
1 0.49122749131939425
0 0.4527402296568509
0 0.39685267608598984
0 0.43791697880732755
0 0.4726552745250662
0 0.48042885180902284
0 0.45520532599177704
0 0.5028956197946126
0 0.411306171518521
0 0.4605981250337178
0 0.42822191971685153
0 0.43389816780130047
0 0.48052314119107875
0 0.35909166567944906
0 0.3983395824156595
0 0.40562143799334177
0 0.49852671780704133
0 0.4731184559897791
0 0.47970100988770975
0 0.4772620803670133
0 0.4714737206768064
0 0.46932604694644686
0 0.47188580269944996
0 0.5101699685020061
0 0.46164238151660286
0 0.46828302774951835
0 0.48212709173985047
0 0.5145549792002932
0 0.44324574837046476
0 0.49673533193740216
0 0.4195447142176975
0 0.46771327607606233
0 0.5106265196540742
0 0.40739339482606984
0 0.4750701207629842
0 0.4239989188531964
0 0.46000131157586593
0 0.5043414100066117
0 0.49187623648663437
0 0.3363227924686336
0 0.4058718232515465
0 0.4695209457542404
0 0.44522524814013187
0 0.508903994589057
