0 0.5396988531121629
0 0.5179861396644139
1 0.521639901287878
0 0.511722560189873
0 0.5041529691135752
0 0.4850063489742214
0 0.4447695129419194
1 0.4738986148616085
1 0.4898456965052809
0 0.47669567023413717
0 0.47684156096598707
1 0.5054371528755359
0 0.5086941287807573
1 0.4880887944783267
0 0.5437491789013389
0 0.4977108414723908
0 0.48391873906968247
0 0.5008766287385384
0 0.49955555421593534
0 0.5241250651461637
0 0.5083912712165979
0 0.5154989504380328
0 0.45517212186894296
0 0.4808315884540106
0 0.4714207734901288
1 0.4868995374239699
0 0.4497923656955709
1 0.4567392533534272
0 0.4706813461965857
0 0.4740528663077341
1 0.5045707397939052
0 0.5017650611428662
0 0.48127876724401897
0 0.50140809289448
1 0.4497483901576474
0 0.46862873564866697
0 0.4606084573949852
0 0.44499460727902024
0 0.45563066258946844
0 0.4662660016477349
0 0.5065420735451281
1 0.48055872242254016
0 0.4999315807764219
0 0.46144243255328754
1 0.4625100323718995
0 0.4735603192190083
0 0.48052037023322447
0 0.48719070683991594
0 0.48006923981958427
0 0.4590771383469657
1 0.45510119726945286
0 0.5032960054284861
0 0.45126029123978734
0 0.47127258027081737
0 0.45231585202185
0 0.4496183983254043
0 0.45691839399933953
0 0.4737742563639528
0 0.4740366490682344
1 0.4687324468366046
0 0.43758234469960705
0 0.4461637109161451
0 0.4382979640578993
0 0.43415700956974335
0 0.48267596158423204
0 0.5379654548044301
0 0.46653884498819753
0 0.521584392640626
0 0.4993331777111227
0 0.5069512169131749
0 0.5103001053831887
0 0.45210933306178275
0 0.45832763846085006
0 0.48960508394518376
1 0.4814374635436496
0 0.49247702097771673
0 0.46906641664964255
0 0.4985396875820179
0 0.4892061673193245
0 0.5383691287455956
0 0.5142437488724049
0 0.5076566070589308
0 0.5047626860963513
0 0.4965746060256605
0 0.4955113337314044
0 0.5446721767682139
0 0.5190343169503697
0 0.46906639980470455
0 0.5004004917405129
0 0.4583445177867722
0 0.46204107876649014
0 0.4624137280628628
0 0.4426817365213843
0 0.43348118273001773
0 0.4301010758476191
0 0.4722707625483895
0 0.46620462018949027
0 0.4478950764059934
0 0.45827598229107963
0 0.48992050640393436
0 0.4833911427957247
0 0.5037963387868792
0 0.48537998311083413
0 0.46317849684343326
0 0.4506918356214902
0 0.43657556594929675
0 0.4424024090572472
0 0.45539422119098555
0 0.4461770157110037
0 0.44398716681898576
0 0.4355092700202167
0 0.4503642804334938
0 0.4259413727329451
0 0.46371954149661715
0 0.4808810179682014
0 0.46904899356962926
0 0.4432802495723892
0 0.4778202619874276
0 0.4576371042811332
0 0.46299550721089616
0 0.4474420262739216
0 0.4449346382587044
0 0.47948025024585206
0 0.4874712247385947
1 0.48329181500262014
0 0.45940091418778295
0 0.49616614855626784
1 0.4602649746020382
0 0.4835926346085136
0 0.49655344839489723
0 0.4733218827313575
0 0.4744082858350617
0 0.4747561079134108
0 0.47692492784885737
0 0.4602851554958794
1 0.4660148896357005
0 0.5010498407463079
1 0.4787597952653369
0 0.5118263092136778
0 0.4455001039429467
0 0.46628395315639926
0 0.4342331816302778
0 0.48040533509576155
0 0.4801156916229256
1 0.5043275279946656
0 0.5080896059959868
1 0.49089526462097055
0 0.5010390546342689
0 0.5195042653622614
1 0.4799606131827034
0 0.46542044922366094
0 0.48710388436883406
0 0.46930725102341914
0 0.4691905194428132
0 0.4457250041833223
0 0.5052835392682677
0 0.4574339401631154
0 0.4521301902827632
0 0.45696553181252436
0 0.4625823684189461
0 0.4568887167094183
0 0.44760206525572477
0 0.44871525629180414
0 0.4558675856053814
0 0.43520040458669673
0 0.44432681520921635
0 0.42690280196345004
0 0.4484800455011092
0 0.43438882284594393
0 0.4467434174934878
0 0.4220631361449695
0 0.46097857645545726
0 0.4507559802217123
0 0.4389753598440689
0 0.45112009923107926
0 0.4459237626285747
0 0.41952984526228837
0 0.4395595425910471
0 0.4160705639667667
0 0.4154223308121872
0 0.40921088856521093
0 0.4340034284136662
0 0.44048171578490647
1 0.4468081794924877
0 0.4336518911290036
0 0.4468035814844432
0 0.44418195483653
0 0.4316311299588927
0 0.4531724904479309
0 0.396595030112148
0 0.41682563823843455
0 0.4609148149942663
0 0.446768855191294
0 0.4463064089578579
0 0.4637481119842162
0 0.46990066672393516
0 0.4533800726409312
0 0.41326955182291114
0 0.4354030480610253
0 0.4317684407938868
0 0.42719590669152885
1 0.432835393229238
0 0.4390039106321813
1 0.4526160955377087
1 0.4278571023502026
1 0.46845884203405513
0 0.442868488352991
0 0.4297546131924564
0 0.43004298226236015
0 0.4515734086687238
0 0.4506854594911085
0 0.4492471039815596
0 0.42859556467716564
0 0.439238408619422
0 0.4212602347345339
0 0.4455069177878837
0 0.44895654380750666
0 0.449738831303643
0 0.4419866163821235
0 0.4341252945767963
0 0.4329170804712099
0 0.43399316271759825
0 0.44286452147520505
0 0.4396125359882939
0 0.44479132553992856
0 0.41376893137599075
1 0.44498401344587646
0 0.4107430235054331
0 0.4314526205218706
0 0.4482640921371196
0 0.456739376373071
0 0.4520832576095845
0 0.44332065751145744
0 0.41847865132507095
0 0.436967505579534
0 0.47033786922744136
0 0.4536631777743112
1 0.4732045126361126
0 0.47459274658731054
0 0.4565531305571365
0 0.4565781486306854
0 0.48179888109420244
0 0.46800131382650706
0 0.4856538976050525
0 0.45887627044164025
0 0.4516683985455335
0 0.4989203531404149
1 0.45747691693064363
0 0.45449665865242944
0 0.4568872764898836
0 0.44039189318945665
0 0.4303827618178709
1 0.4525878668740148
1 0.4595162425683705
0 0.47267975147568414
0 0.4837515654686688
0 0.44273100996757303
0 0.4818680124943299
0 0.46078522950659856
0 0.4700200524629378
0 0.4727345119009413
0 0.46528113188464804
0 0.46279467937890023
0 0.5151518064876726
0 0.4672662107529238
0 0.4577849771570411
0 0.44852386344287015
0 0.43476861338923256
0 0.4448276101504867
0 0.4412132142391988
1 0.4561752168176857
0 0.4546293093025587
0 0.45494147842968213
0 0.43132604169619215
1 0.43773049838048517
0 0.45156573512163267
0 0.451208319165088
0 0.4962312238603934
0 0.4615965853600818
0 0.4712747004965695
0 0.46382759256429346
0 0.45366479432107526
0 0.4544951910362374
0 0.44147653488115113
0 0.45007572556525466
0 0.4592144449352493
0 0.44735015887320406
0 0.44482928169055314
1 0.4499427665071447
0 0.44397854924816055
0 0.46616247889679735
0 0.47727165914400865
0 0.44467544998643055
1 0.49556267417749805
0 0.5064981121937435
0 0.47117605377413035
1 0.44269322625139895
1 0.4498929580747109
0 0.45367337043288536
0 0.4425494353987228
0 0.4421942977198384
0 0.4530916126800188
0 0.4365176996911855
0 0.4477031521074907
0 0.4481916478236558
0 0.44070460295124775
0 0.43805811235094816
0 0.4493999141403902
0 0.4584102188487013
0 0.4732589866138864
0 0.45963176018745816
0 0.4307406612090898
0 0.46561042786823337
0 0.45482752602459403
0 0.46579990109141617
0 0.46701752884478953
0 0.45140714423979805
0 0.4481136062551589
0 0.4506875032014208
0 0.4380961339170986
1 0.4403257157059311
0 0.4201789069175017
0 0.43093982058248764
0 0.43944355933935286
0 0.4503474411111315
0 0.4544851882521099
0 0.454340819484327
0 0.44281240983060804
0 0.4516066149974731
0 0.41715701778664716
1 0.4226965222306131
0 0.46468459691863157
0 0.48259562506298237
0 0.44727819746468833
0 0.4386319790755352
1 0.42441766908101647
1 0.4317835431545327
0 0.4316624130374613
0 0.46475859938362574
0 0.47642827493033335
0 0.47089940022187077
0 0.4663581812588971
0 0.454177701214967
0 0.45245671022535655
0 0.47184627055307266
1 0.46174778039001774
1 0.449740624403241
0 0.45276449019848714
0 0.4420545654294793
0 0.4424877594063668
1 0.4316518426708318
0 0.42837702065387673
1 0.4678603516689892
1 0.4529629438997239
0 0.47550220122301196
0 0.47956316594899845
0 0.4435683006506474
1 0.4508754371959591
0 0.4601315689539809
0 0.4523918775844208
0 0.48888915302236774
0 0.4373295945106841
0 0.4263287385610679
0 0.4758138313537682
0 0.4487881238819039
