0 0.5107347859668816
0 0.5007779228004757
0 0.5323262609235526
0 0.5377149058630426
0 0.4963196009039629
1 0.5269493874248644
0 0.5024502185491673
0 0.5443745420921656
0 0.45848264679103967
0 0.5019915780855074
0 0.5235319113489929
0 0.49781687668785407
0 0.4979792728752149
1 0.49713743229258234
0 0.4631411846975454
1 0.49789949846199916
1 0.46330901254391954
0 0.497410462168733
0 0.4973489205771141
0 0.4972840138663366
0 0.4986566184467216
0 0.48355197037911474
0 0.48010604349532243
1 0.49637420554563405
0 0.49381090049135146
1 0.46391563690314824
0 0.5070955050295087
1 0.5117236109615606
1 0.5077371324422233
1 0.477172852853102
0 0.5063380585869516
0 0.49279298939034927
0 0.49764976376894626
1 0.5010344468556381
0 0.4764331764606373
0 0.4872354909404903
0 0.48492885997296015
1 0.4951882950167282
0 0.46703393096881707
1 0.46343869155805084
0 0.4867636948095762
0 0.4735000585958973
1 0.46848814506808967
0 0.4878938518190329
0 0.49182737949634064
1 0.5023781444143517
0 0.5244983016763568
0 0.48349074009991627
0 0.5238121567522108
0 0.48227737736474857
0 0.5193541444367109
0 0.46271501639554163
0 0.49349473743633726
0 0.4922890296494072
0 0.49182924184625015
0 0.4935138730197632
0 0.49413822891420817
0 0.4793716675544814
0 0.5103979435683695
1 0.5090507867924788
0 0.49191882630658457
1 0.5096721372945947
1 0.4801073805571752
0 0.5132913196212113
1 0.5252021012705048
0 0.4856628001529344
1 0.4764683272281125
1 0.5103756890582456
1 0.4736648553290869
0 0.4806932616945063
0 0.49652680313006614
0 0.4764467784104052
1 0.47087388526297863
0 0.44962931040870696
0 0.4679134520606249
1 0.49127749693507405
0 0.5054120906527256
1 0.486404370522571
0 0.4801943213683943
0 0.4766438793471832
1 0.489366834205489
0 0.49059941982507943
0 0.49989878061114207
1 0.476917509971633
0 0.47562427076356545
0 0.4959842039093616
0 0.49057929254491184
0 0.5090547121574885
1 0.4783155898993101
0 0.4598780047191551
0 0.49598406099882775
0 0.5020743246043561
0 0.49287044564221943
0 0.5105665013639603
0 0.5135235026648
1 0.49004227716574994
1 0.4939672928009196
0 0.5158800668312862
1 0.4908448882577999
0 0.4973323163194539
0 0.4991419426259338
0 0.496261748264395
1 0.4854171951576263
0 0.5130103717702599
0 0.49429161714062536
0 0.5341444258468089
0 0.4836781022649142
0 0.5431911427577513
1 0.4925427793932453
0 0.5389797733254129
1 0.4868786281528141
0 0.508616305603021
0 0.5020650862994671
0 0.49546941913424564
0 0.4876447176054942
0 0.5189632951085288
1 0.5049387501595307
0 0.4920036416567626
0 0.48631966989769965
0 0.4901782270899602
0 0.5204256073498958
0 0.49750222570572805
0 0.5089387746531091
0 0.4996584166030144
0 0.5236975940276497
0 0.49086622945678926
0 0.4910697189407625
1 0.49569806097090324
0 0.514758163417767
1 0.5272653603725427
1 0.5219137261207719
0 0.5061649094824983
0 0.5105039339914987
0 0.5097375484048614
0 0.5072388037184492
0 0.5221181578238541
0 0.49694199039639037
1 0.516211593632202
0 0.5168175025770179
0 0.4798945939571914
1 0.48147900411594236
1 0.5059483839535386
0 0.4941841755637289
0 0.5096152950141575
0 0.475315085567179
1 0.45687062390415484
1 0.47753586708869505
1 0.4916950673727866
1 0.48536650889334104
0 0.4852239398239051
1 0.5133313415186611
0 0.48425642441877936
0 0.4840551141318748
0 0.512568958981721
0 0.4959668809199567
1 0.4882940028275875
0 0.4984148921331437
0 0.5026980206101422
0 0.5050920425582078
0 0.49994712727275736
0 0.48921946500969715
0 0.49779091250060753
0 0.5477163191365391
0 0.558527344356598
0 0.5197200596040398
0 0.49900744414544107
1 0.5155065530769402
1 0.4974147398487219
0 0.5013667447850564
0 0.4922270330083342
0 0.5067605751677143
1 0.5072488419722432
0 0.5007400415086918
1 0.4914853447525959
0 0.4705986480863008
0 0.48327843468300735
1 0.4570010996329838
1 0.5142186466436234
0 0.5107836518122895
0 0.4788735278128348
0 0.5277048694226465
0 0.5080838202874183
0 0.4883312102022714
0 0.5004846140383986
0 0.49005579016387174
0 0.5280042422248364
0 0.47950284623452344
0 0.4970911595093006
0 0.4754628703468823
0 0.48839001014291017
0 0.48699354443524934
0 0.4828823177290535
0 0.5070770972254818
1 0.5041672844179634
0 0.4986431726955616
0 0.5023223999705484
0 0.5006873731010205
0 0.473621480556368
0 0.5030291118026002
0 0.5004259083268585
0 0.4781201800213256
0 0.4999819777481207
0 0.4912727286649796
0 0.4993277723022009
0 0.487973233342657
0 0.5096854355646979
0 0.49064961128113543
1 0.4992636626341225
1 0.4749157327152471
0 0.49095020344222784
0 0.4925332972804593
1 0.46995552179112665
0 0.5086556698419503
0 0.5188286159010298
1 0.5037754411004017
1 0.5163544204398958
1 0.4977480283792398
1 0.4791837857342557
0 0.5190652767141465
0 0.5035930248200843
0 0.5217932618335133
0 0.5089788384525834
0 0.5411329270221569
1 0.4715559693684584
0 0.4749113850501236
0 0.5186876330174292
1 0.510172198350516
0 0.5487560168384437
0 0.4837330320720662
1 0.5310783484688786
0 0.5023996913904738
0 0.5447560021960118
0 0.5162476242880962
0 0.5269341036290375
0 0.4796235655489233
1 0.5026269359699096
1 0.5092063733619748
0 0.5102626075849326
1 0.46082962291953156
0 0.4956237416134135
0 0.5127931691747852
0 0.4994067679634446
0 0.51570029002745
0 0.4753854773811689
0 0.4659837876362906
1 0.4874214977145455
0 0.49420544209882983
0 0.5218782566482956
1 0.5047225835815484
0 0.5125182873188047
1 0.5182569168320554
0 0.5257910840463246
0 0.5275659259893799
0 0.5088869213117507
1 0.5256614330267978
0 0.4763707339314129
0 0.5172877783074228
0 0.5055359234943
0 0.5120427463202222
0 0.5104778281437271
0 0.5075617495587743
0 0.503756483681193
0 0.5045232888493644
0 0.49237549473994996
1 0.552891438829973
1 0.4710606323748427
0 0.5194046952752345
0 0.5383091364253977
1 0.5140625926066157
0 0.49226527792623975
1 0.5021416061651095
0 0.5155787481210569
0 0.47772155344394784
1 0.4889058810041265
0 0.4969348605951149
0 0.4953718223791118
0 0.5050532530528461
1 0.5128182738290378
0 0.5058116963206689
0 0.4916893373032996
1 0.4797587706209719
0 0.5390611613961012
0 0.5357131242460923
0 0.5310641084608784
1 0.510429992660231
0 0.48324935792096
1 0.5317765692238506
0 0.5305452212625724
1 0.5368465971066163
0 0.5130562628875656
1 0.5159870347785842
1 0.5260642220246129
0 0.5657013175031586
0 0.5139719641887713
0 0.4904368866826226
0 0.49994136578563136
0 0.5198779776087962
0 0.48073593986485014
0 0.4634856185244056
0 0.4997714451938923
0 0.5063762845965335
0 0.5456024756758857
1 0.5222310173228417
0 0.5119294028041538
0 0.5158215534584235
0 0.5041794520763435
1 0.522178461003195
0 0.5114802981489526
1 0.4733198676397294
1 0.48023852393312455
0 0.5000101968261692
0 0.4821604069815394
0 0.49835403594640293
0 0.5186130861137342
0 0.4716344693760745
1 0.49025400741130915
1 0.47578742255993994
0 0.5205911543209645
0 0.48724948976544613
0 0.5147538507139182
0 0.4956362295463652
0 0.47652337069415224
0 0.488103418641913
0 0.5055124640414025
0 0.502221065230136
0 0.4932883030166505
0 0.4883595179113433
0 0.4929464398069322
1 0.4725520837447194
0 0.465735430997838
0 0.47260923228730006
1 0.48113392228244495
0 0.47832719803368073
0 0.47601824800389575
0 0.48241348426522745
0 0.4706065781148267
0 0.4784070641717276
1 0.45349706918335714
0 0.4792383524750535
0 0.4679320551145346
0 0.47636508616505036
0 0.4848680382560922
0 0.4658738346407434
1 0.49064710568129266
0 0.49913169015243575
1 0.4878896182455963
0 0.47375552739151044
0 0.47300140347620057
1 0.48600114252060084
0 0.5088920731109089
1 0.5192837452994944
1 0.48433787558170077
0 0.47944211334102477
1 0.5108095216892359
0 0.4830075098355452
0 0.49416618952252656
1 0.4796007088031434
0 0.4889854052197991
0 0.4984186664557826
0 0.46216886169077115
0 0.4748036031431011
1 0.5020117952221229
0 0.5004724485202595
0 0.5066457847545104
0 0.470442056005098
