0 0.43988959617373613
0 0.49497891756149504
0 0.49326253327758657
0 0.4300261880914415
0 0.4556225274960482
0 0.5231387237340833
0 0.4777482594739753
0 0.4384386822631515
0 0.4292799180757189
0 0.4398066982697018
0 0.48610033736430686
0 0.43254168418700767
0 0.44186446750528696
0 0.48354908613510345
0 0.5365944561934968
0 0.48533964009221875
0 0.5366488881917009
0 0.49896602231879217
0 0.43928988605123387
0 0.48596948391950257
0 0.45413433254199465
0 0.4452336842981156
0 0.4666766520328121
0 0.5211601184063169
1 0.49255475982519736
0 0.48273371228616463
1 0.4684353480864826
1 0.4532133831300094
0 0.4609439824122407
0 0.5474774091094585
0 0.4463159041560137
0 0.5006827452924721
0 0.5023003552603077
0 0.36942283675148635
1 0.4667562491840319
0 0.47934608193127143
0 0.47514079826076694
0 0.5034330940054078
0 0.5139136244739779
0 0.43273628404400816
0 0.4593815375588792
0 0.42591400190497153
0 0.4706992569819062
0 0.411372642737263
0 0.362962250536764
0 0.40492101688818427
0 0.40223833328589503
0 0.4109127269988904
0 0.4572611608581957
0 0.5284037322780746
0 0.42138820315299036
0 0.4420811107038039
0 0.5152516772912464
0 0.4000279969943465
0 0.5203455569778779
0 0.5435265786801188
0 0.41916125846284347
0 0.439881678297721
0 0.4469470338364821
0 0.4412952030385086
0 0.43681716108421853
0 0.45757147556408745
0 0.49830107449372235
0 0.47618258633913063
0 0.453336055202647
0 0.511129534050016
0 0.5381472841916608
0 0.43803504756954814
0 0.45577574989075903
0 0.45462284517638707
0 0.4334750949806182
0 0.5427403645542697
0 0.5173497016598594
0 0.48211409495332036
0 0.5461253571527949
0 0.5699277033424621
0 0.43333480880270664
0 0.4520860047248025
0 0.4807167366764085
0 0.4943860363607134
0 0.5299323470623798
0 0.5395370781345601
0 0.4520125491323736
0 0.4396018228821514
0 0.5139799687277651
0 0.5202724672961304
0 0.41580597989770807
0 0.47937125333877356
0 0.46245210329501113
0 0.38991568892878625
0 0.46821483607442244
0 0.4272929866484195
0 0.4362878134839937
0 0.4697202032045492
0 0.5144135834976755
0 0.3935416161338364
1 0.49585486798817274
0 0.49938046747762393
0 0.4189424814354522
0 0.5439292539424758
0 0.4791709096374092
0 0.4788421492922471
0 0.5133293955757378
0 0.542833045090519
0 0.440621609007019
0 0.5220283473679862
0 0.4571193169937149
0 0.4672341558427243
1 0.5357320261641471
0 0.44758584476664065
1 0.44033353147302023
0 0.48751496104849
0 0.4336512558966099
0 0.4004972516324009
0 0.48703204611301415
0 0.5112656268515169
0 0.5079652767251237
0 0.4971695399457202
0 0.47372112153576135
0 0.44777277627848405
0 0.45699645375506426
0 0.5213904397265832
0 0.45768041774943174
0 0.4316604615861772
0 0.503572086470261
0 0.38089751595528265
0 0.5083291644130558
0 0.5192739857784435
0 0.4383811745590853
0 0.46920781081523094
0 0.46230552960019894
0 0.4531113616654869
0 0.48493632246988644
1 0.5153983610032675
0 0.4561928571612978
0 0.5132189523807983
0 0.519662699523852
0 0.4299167004188246
0 0.5063231697171046
0 0.553940055511065
0 0.5147325908472349
0 0.45972520426701885
0 0.4806097051959895
0 0.4469484776894489
0 0.5044372245380639
0 0.4914623268986876
0 0.48566709844226935
0 0.512223009198464
0 0.45213222042272866
0 0.42216040397884697
0 0.439067189576313
0 0.42198571357516695
1 0.4270642145879975
0 0.4783390014968515
0 0.5775127826393625
0 0.4149938131841711
0 0.49903241816049765
0 0.5219837039968714
1 0.40448118952074485
0 0.46285102962312913
0 0.43163288857720333
0 0.4675855598779545
0 0.4859201538781642
0 0.5063368500545894
0 0.47340538615881517
0 0.5206047683624483
0 0.43678595215537597
0 0.3752212136275353
0 0.510540542448692
0 0.4989070067112726
0 0.49328172406423326
0 0.5162011798717042
0 0.46146796162698084
0 0.4727041610569749
0 0.45973543843753634
0 0.391904342771173
1 0.5228494820101615
0 0.48618408558699966
0 0.41617035139500913
0 0.43824199111575124
0 0.42409484853641527
0 0.44759110867773877
0 0.4745349030315804
0 0.4801003445921366
0 0.48619997294967954
0 0.4629705423285751
0 0.4584168099001847
0 0.4127495879367586
0 0.5097396651463584
0 0.5232057834706492
0 0.39288801961715114
0 0.49424942727449095
0 0.4842749961204823
0 0.39737877207242395
0 0.5125704126818481
0 0.40296932089520493
0 0.3909668837823576
0 0.4485765259655998
0 0.40894522450431103
0 0.47523199126133103
0 0.4642384944177783
0 0.5094351720047794
0 0.5000349130508014
0 0.42884733582088885
0 0.5283287653719091
1 0.45077466131752164
1 0.44830014829217546
0 0.4663624448997818
0 0.4824828281932967
0 0.4377237528918987
0 0.45331345800723166
0 0.4999847059568198
0 0.4488919613037022
0 0.4916106031237562
0 0.453912631078142
0 0.39572876722106837
0 0.46911823676065967
0 0.4744016791702087
0 0.48498895482742854
0 0.47348678418937845
0 0.5347822385491149
0 0.4458310019151825
0 0.4639154213449548
0 0.4634284022248672
0 0.5135434349642938
0 0.5370106158906787
0 0.5004557822051046
0 0.4608340641901967
0 0.5057897754630735
0 0.5094442576268943
0 0.3836869837508641
0 0.4378808845178767
0 0.4900692390289006
0 0.4837516999298326
0 0.510958534563017
0 0.5490435312032917
0 0.44619048954958407
0 0.5011537962936917
0 0.5584719209329078
0 0.4170872700241469
0 0.5017884295906513
0 0.4709952524131092
0 0.47936152183836095
0 0.5166487879870397
0 0.49330916211959175
0 0.43620791008106746
1 0.5319925885012972
0 0.4949634928805849
0 0.34464702794809027
0 0.4750014526601186
0 0.5307107809949826
0 0.4269850364006625
0 0.4873299235638782
0 0.5019136424340637
0 0.47928999636500513
0 0.5085047344681561
0 0.5284204412391802
0 0.45706961934677237
0 0.48803267198951705
0 0.5246626671000136
0 0.5106226779383609
0 0.5359269003409264
0 0.47146675241557806
0 0.5033130840195531
0 0.5446303289664662
0 0.5300432024153343
0 0.5066416857162588
0 0.5039365088394497
0 0.4815059564456211
0 0.49686029004351395
1 0.5119241880444331
0 0.4848042947168783
0 0.5221796095182966
0 0.44227214151798216
0 0.4449571074165771
0 0.5329539375304909
1 0.5045078259460942
0 0.45387977632847326
0 0.4949368590636783
0 0.46225564522989687
0 0.49032484097493123
0 0.5155402762802377
0 0.49577647905704386
0 0.41508924028793137
0 0.44183726015106783
0 0.5056807130084984
1 0.43987326537130256
0 0.5232205442877371
0 0.5174771238860882
0 0.43666008614257934
0 0.4829898016078657
0 0.5439875172266421
0 0.404667925009793
0 0.4923913489603392
0 0.5125605159076264
0 0.44029451782992174
0 0.5453099680978277
0 0.490414803192033
0 0.44529006812398275
0 0.4946017028629343
0 0.5101557398174184
0 0.42922448083941306
0 0.4690331759016035
0 0.5186020137651504
0 0.37018161248005144
0 0.41420267417542656
0 0.48510962253082923
0 0.44502126099672307
0 0.46744897901801324
0 0.5352707178787923
0 0.41910123438110075
0 0.49061274511321307
0 0.469493440741832
0 0.38462043869692664
0 0.4431612881535932
0 0.489050453076729
0 0.4545477833096727
0 0.43274512176360685
0 0.4996421147972352
0 0.42749186240616
0 0.5051872046562563
0 0.4752961194552462
0 0.5582753980998393
0 0.4364157408569225
0 0.5316653211281074
0 0.5070484960594216
0 0.4176358606094663
0 0.4149803902537421
0 0.45450687958709357
0 0.4685760535074501
0 0.5363271101752213
0 0.450971959674121
0 0.4298193594402425
0 0.4487003124510841
0 0.41866241110601504
0 0.4041317041285065
1 0.5373280205425355
0 0.4224554666163128
0 0.4856502074379691
0 0.37983061370127363
0 0.4718515767089365
0 0.504873564238363
0 0.4801104135801896
0 0.44975088969742993
1 0.45464393261578745
1 0.4179719851101372
0 0.43809988130592875
0 0.4553462933053504
0 0.46332977620621024
0 0.4639731889875708
0 0.48445451991940797
0 0.4636607203413627
0 0.4815634613209256
0 0.45873360210499214
0 0.44251198860890634
0 0.479362370306576
0 0.4769225472534499
0 0.47641955445241274
0 0.4742937384639161
0 0.47379557779315545
0 0.38536413829764227
0 0.5266871114069378
0 0.5297891534383642
1 0.5179266411909058
0 0.4651584374314453
