0 0.4571769545566185
0 0.46929658841059735
0 0.4884096659263733
0 0.5276085924915646
0 0.5228667912678562
0 0.42733899943553944
1 0.46668750555738536
0 0.43089474938666056
0 0.4403983353199386
1 0.45863774343013075
0 0.46357432241264157
0 0.4531732369828241
0 0.48914267029000175
0 0.48396010673196116
0 0.5101593305587531
0 0.41529539160115747
0 0.4222366499067302
0 0.4473841244608208
0 0.47087437331456594
0 0.463873873516645
0 0.4458236069164871
0 0.40107413390691543
0 0.44095221548254193
0 0.46013674783911984
0 0.48221455273925173
1 0.40359283802544166
0 0.3793096931686813
0 0.4230064417792003
0 0.4503648354147703
0 0.45680001063190884
0 0.4668709292329845
0 0.4183027079160875
0 0.4152065506174448
0 0.44092741357671594
0 0.4214738478318919
0 0.4484248325612013
0 0.3894192888249264
0 0.3893699756144837
0 0.3989408962928143
0 0.44179051123224755
1 0.4874202440195534
0 0.4399289920575684
0 0.386678883248489
0 0.4027276281418845
0 0.39721465810974443
1 0.3813679911073928
0 0.4103776923595401
0 0.4277354802581506
0 0.43054196287772245
1 0.4313172484367675
0 0.4479881419791972
0 0.44330718664588503
1 0.387444240406915
1 0.41029425262800734
0 0.3898903661062558
1 0.3911693646914367
0 0.45300268872945226
0 0.40231732251262875
0 0.40331382565678725
0 0.41156187788780424
0 0.4388255812430875
0 0.4827536125511551
0 0.44262501079635685
0 0.4483033030393558
0 0.44367946967828736
0 0.42629462099035764
0 0.39528801471916797
0 0.45592017309003957
1 0.4003129543605771
0 0.4587842284080425
0 0.4365729287791452
0 0.42789620093046876
0 0.4149293612474179
1 0.4556688618207584
0 0.43975541974268034
1 0.4200161290612996
0 0.39455147969087817
0 0.4119816117706467
0 0.4557326454256148
0 0.4478301368453872
0 0.47265423267015255
0 0.49990435260997673
0 0.4252766960420576
0 0.4070497606821203
0 0.4345367725190673
0 0.4417132418276021
0 0.43394857568072004
0 0.4356426221228488
0 0.4729997201355491
1 0.48431992004794466
1 0.4566227766784802
0 0.42072804546080206
0 0.4244704448262535
1 0.44676670402281443
0 0.4530574980429501
0 0.3936971508324401
0 0.4488725574882873
0 0.45141688902758553
0 0.47633202317010664
0 0.4253165490351072
0 0.3978833546647338
0 0.4427657673451266
1 0.4005361157146398
0 0.3858484723973592
0 0.37744127740470523
0 0.40131138338247313
1 0.38176159530453746
0 0.4094891715629995
0 0.39190543571591663
0 0.39511823681767744
0 0.3921791453624156
0 0.3911130381566713
0 0.4043947595439789
0 0.37842423201245384
0 0.3876832335930946
0 0.38408075427263877
0 0.3876725594261398
0 0.38533465401095923
0 0.38693670837618566
0 0.38710978977339416
1 0.3943188226487593
0 0.4018555466936398
0 0.40876370953591956
0 0.3795973488835433
0 0.393416720104576
0 0.40022670494280976
0 0.3979259640203509
0 0.40110447228447527
1 0.40601218256685717
0 0.4161309986909916
0 0.41847917654815564
1 0.43080362072315154
0 0.4178815034918287
0 0.4018247390950804
0 0.4355765854845324
0 0.44442749882530924
0 0.4404552258252599
0 0.41252198773103443
0 0.48099731658768585
0 0.4606935859857408
0 0.4019767841050561
0 0.40467810838694107
0 0.4791494951609645
0 0.4273950950120324
0 0.41597949921692134
0 0.48098706562149046
0 0.4704467957230986
0 0.4625732701173468
0 0.4093447145749641
0 0.45488878269459426
0 0.4440828383401668
0 0.42254133326679405
0 0.4326873590531858
0 0.43969912451498483
0 0.46911419393435455
0 0.4057915616769854
0 0.403034003575066
0 0.39794683552664123
0 0.40658963828776534
0 0.41522947593220744
0 0.4122469979168863
1 0.42013694848803995
0 0.3857069657886252
0 0.44158349609553954
1 0.42056768356570684
0 0.42722799212063883
0 0.3822765442139263
0 0.4339110254610291
0 0.40030952904014655
0 0.3789466611138071
0 0.4009762506701573
0 0.43375917016637594
0 0.399688620871939
0 0.3990350496246907
0 0.38243298283454896
0 0.41663311402860653
0 0.39856428433727614
0 0.3977100341582613
0 0.41273347625804147
0 0.393805750752046
0 0.3972894014599268
0 0.38740630811823007
0 0.3834059565896283
0 0.379362428930341
0 0.3800976354315048
0 0.37674401584348693
0 0.3885606116119513
0 0.39312586745783534
0 0.3970796588326783
0 0.396150566948973
0 0.4091213841088238
0 0.4181508980831053
0 0.3860701931123232
0 0.38486973699448707
0 0.4029542156067343
0 0.3912564829857603
0 0.3921166921121739
0 0.3878637659864805
0 0.38248314071408857
0 0.3934737876384825
0 0.39897079855159245
0 0.3930419779554246
0 0.3898431895452351
0 0.3857745110369467
0 0.3914327062267688
0 0.3892029021759166
1 0.4004566718252206
0 0.39155306394140643
0 0.38491495279642113
0 0.3882619933492117
0 0.38361825007831296
0 0.3867761120602812
0 0.3835921384808061
0 0.38624075435213334
0 0.38396723041790326
0 0.39966618291316014
0 0.3866326728847138
0 0.38547479021675535
1 0.39037729237824187
0 0.39697198164949465
0 0.38362946044274593
0 0.3872459646280129
0 0.3841624140727005
0 0.381921585311713
0 0.38366151883976896
0 0.40344094203134034
1 0.42620745765516865
0 0.41916341110188904
0 0.3941915066213956
0 0.3850507908074004
0 0.39042704462073513
0 0.38372204886952993
0 0.3871448094659777
0 0.39616146832154225
0 0.40524806292796045
0 0.4068738977731203
0 0.4080793724689371
0 0.3889613616097914
0 0.38053078554653896
0 0.3779351209557175
0 0.37968839493533524
0 0.4012977833087623
1 0.4258669285013741
0 0.44424784677415763
0 0.42815219145671635
0 0.44619815808072383
0 0.4033259237817452
0 0.41470432281746006
0 0.40157566491853847
0 0.39398023085272754
0 0.3883156474062428
1 0.4568990623104065
0 0.49635155111092555
0 0.482736301273901
0 0.41287477107026205
0 0.43339791454542503
0 0.4170559185299397
0 0.37424363287102613
0 0.3798682568474403
0 0.44720095530672543
0 0.41176287828651914
1 0.40498598173499967
0 0.46695045491396703
0 0.4295839708612878
0 0.39750241365939687
0 0.3904348508261439
0 0.3879471450520184
0 0.38129533972510765
0 0.3819846080607353
0 0.3874584746541534
0 0.3934928532875199
0 0.4036168306331264
0 0.41244078430277314
0 0.42385463981495297
0 0.396926614949397
1 0.40787310398660365
0 0.39532561624908147
0 0.39520814553492606
0 0.3813518257564098
1 0.4299521805397444
0 0.39055400845993415
0 0.3771877556299438
0 0.3798575535294638
0 0.4053752204598129
0 0.395976088465969
0 0.41086357143126306
0 0.41833364803259565
1 0.4029789298678045
0 0.39778819237171253
0 0.39483066144541135
1 0.40217163626410496
0 0.3821777362683339
0 0.3972280350005938
1 0.4502955831321088
0 0.4030937921178194
0 0.4109914918674811
0 0.42710386977851406
0 0.42179138794908394
0 0.40486465656892917
0 0.3974988712412535
0 0.39211775231607837
0 0.4070330664319898
0 0.394225888697261
0 0.37983307870447086
0 0.40091810470613864
0 0.3801499571180965
0 0.4086417072957015
0 0.4104768605997789
0 0.40869671644682976
1 0.3789097092262726
0 0.3863134566998697
0 0.3842177474447578
0 0.37306430122065914
0 0.38405133152160487
0 0.43903492616100775
0 0.41152788001740165
0 0.38950578327703705
0 0.3918612399893981
0 0.3995340524917836
0 0.3776118065952705
0 0.38620056693278204
0 0.3894523132100507
0 0.4095212743039478
0 0.40217972089872817
0 0.4145775051260632
0 0.40701651624220403
0 0.39062349531518253
0 0.3902613927647935
0 0.39669189004326316
0 0.37782955165684745
0 0.39076677708295693
0 0.38738398321813894
0 0.3904043191614719
0 0.41503382721330456
0 0.42254733962400076
0 0.41460696641278444
0 0.384908784928109
0 0.38837887762857715
0 0.38875485261539916
0 0.4039165330513414
0 0.40533569995364416
0 0.43923338286794267
0 0.42177875458026504
0 0.39845047450273624
0 0.4032012322382375
0 0.4295266664195082
0 0.39315930460346654
0 0.3961832860621432
0 0.3886918874314059
0 0.39446055592747703
0 0.4032838433215618
0 0.40682446099783837
1 0.4384256368037629
0 0.4133147540145095
0 0.4062451919626445
0 0.386712986492013
0 0.3809813115389125
0 0.3785435244195471
0 0.384507533877045
0 0.3766979985499808
0 0.4462282633570186
0 0.4190993963499807
0 0.4050221697659526
0 0.3878788701022895
0 0.38935973978538657
