0 0.5812549296644665
1 0.5807453927806742
0 0.5789924746439749
1 0.6136990755344979
1 0.5600546231599258
0 0.5582039153561955
1 0.5433064329161409
1 0.5224102516937923
1 0.5537682422199764
1 0.5502913050671262
0 0.5646075126010085
0 0.5948929874816948
1 0.5606177377475311
1 0.541410617527363
1 0.5599590645458792
1 0.5809527895555481
1 0.5933076506192722
1 0.5742286464466423
1 0.5536307137999583
1 0.5574014505823786
1 0.49533716946791156
1 0.46784857319469486
1 0.4996544728554617
1 0.48720318290819276
1 0.5568903468558406
0 0.5571320138967121
0 0.5671693544147262
1 0.5480041655848947
0 0.5392736951590188
0 0.5511797690844019
1 0.5517718208732562
0 0.5130096551928446
1 0.5392485268804128
1 0.5229095631647876
1 0.5382562953832847
0 0.5721909965492469
0 0.558986080014938
1 0.5392940347899474
1 0.5076761088564833
0 0.4872438226458491
0 0.5060481864576022
0 0.5301320579925214
0 0.4866514999438216
1 0.47569188846152677
1 0.462181638900308
0 0.47928797036900495
1 0.5315624083795273
0 0.5519440036721996
1 0.5199077781873876
0 0.5098125754461234
1 0.45330164029616826
0 0.5072070614211394
1 0.5348817151135243
0 0.45455199299879023
0 0.5190881340259168
0 0.505030786003988
1 0.5705927656320375
0 0.5760875605252646
1 0.5661656763321602
1 0.5449405658563875
0 0.516811436514213
0 0.5144492245009309
1 0.5413397567215932
0 0.5289862356610839
0 0.5359201129957252
0 0.5423072061333274
1 0.5423010433458274
1 0.5099498538298781
1 0.5298410929372098
0 0.5693149929438943
0 0.5547327859391527
1 0.5147238739928942
1 0.5481010884588112
0 0.5429014558643648
1 0.5351098774583668
1 0.5121532935706757
1 0.5265578811710266
0 0.5462993292579306
1 0.4987538856641877
0 0.503080012735928
1 0.5211690678447689
0 0.4994000908701005
0 0.48999582649733703
0 0.4802915552526083
1 0.4403416702636947
0 0.4840004103757382
0 0.4926445264771768
1 0.46209781305121633
0 0.4678302036583407
0 0.4456510889028072
0 0.44761050715193085
0 0.4459791466361641
1 0.46168931076945446
1 0.45215607334751173
1 0.4864960519871961
0 0.46750144433594853
1 0.48321733838110315
0 0.4974783133189837
0 0.4704704019699352
0 0.4444532614693992
0 0.44507880697407326
0 0.46923305798408155
1 0.4951916600846591
1 0.4624482362244513
1 0.4655899375824197
1 0.46517120764176495
1 0.4929775165507992
0 0.48583794177969614
1 0.5086213145924178
0 0.5021532463971697
1 0.489209709058998
0 0.49386698117250016
1 0.4787767356265693
1 0.5119706427286408
0 0.5374888303622333
0 0.49956909347858053
1 0.4913679286729128
1 0.49262826086798706
1 0.5660118435041777
0 0.5439289453951854
1 0.5455698849885251
1 0.5462416953895849
1 0.52962671019581
0 0.4979799639030325
1 0.47405015552334806
1 0.4680356857582533
1 0.4895546766804875
1 0.5101229525238702
1 0.5152687410316148
1 0.4826618560173145
0 0.4805934257590715
1 0.5131075049459236
1 0.501884085393505
1 0.5095564572532476
0 0.5070714911298423
1 0.5221157390225426
1 0.5021157484409747
1 0.5399434647480112
1 0.5062600724803744
1 0.5399241868543163
0 0.49490938076759683
1 0.5203225359620987
0 0.5145774679910214
1 0.545123571953782
0 0.49874173465752764
0 0.5251869129340759
1 0.5466562165151219
1 0.5466239745953733
0 0.5391387655755687
0 0.49884156570256266
1 0.5363788132728446
1 0.5393330759016082
0 0.5376874515992852
1 0.5395162775433457
1 0.6024014694163285
0 0.5114611776346641
0 0.5128203784885353
0 0.5117377013938019
1 0.5285749777008277
0 0.4787953040540497
0 0.4840700838505535
0 0.49550170306395785
1 0.46944795168690145
1 0.47307579979462705
1 0.4674359923220196
0 0.4750140445676598
1 0.4606708062578795
1 0.4708794102255991
1 0.49214191446316263
1 0.46971506519050826
0 0.46334540961635495
0 0.4775525509986814
0 0.4541347227868404
1 0.42231484378461964
0 0.4212044585062478
1 0.4338007202700502
0 0.433901891943085
0 0.44078686805676637
0 0.4321681102637838
0 0.4251258822040496
0 0.42416013406389486
0 0.4274751658331163
1 0.4302954327069627
0 0.468622197152354
1 0.4709950631101021
0 0.4486129423780384
0 0.43803499492977954
1 0.4806069368457006
1 0.46688399516044066
0 0.4383925626592027
0 0.42295010981703546
0 0.42631424435670134
0 0.44306689566887963
1 0.43629951922688287
1 0.42514663362875516
1 0.4391408322679642
0 0.4182241935920208
1 0.4197921671413924
1 0.43883045098990126
0 0.4302933095231288
0 0.42793879566727844
0 0.4131409966218148
1 0.4089055789637551
0 0.3997524991425501
0 0.4129234379158528
0 0.408230665343225
0 0.3916083159220022
0 0.3913183186955538
0 0.377642952244537
1 0.39148619148943403
1 0.41436268376732166
0 0.40207482891869256
1 0.3904270074389075
0 0.40474012886405564
1 0.3981642463654148
0 0.3925016000616736
0 0.3975821164042581
0 0.3944654337438472
1 0.39344166780660955
0 0.4406272789581964
0 0.4651290810779142
1 0.45290785990331067
1 0.46568420395429067
0 0.46169709013168925
0 0.4604149697501105
0 0.43191540149924157
0 0.4212259517481053
0 0.5010708758353417
0 0.49621557738823896
0 0.4914693077503079
1 0.4688908015082892
0 0.46198233475342215
0 0.45691302791486244
1 0.47335294771208736
1 0.46347055936584985
0 0.45775507925893955
0 0.4621386521391928
1 0.44356867136356193
0 0.4827137179400599
1 0.4711033127355987
1 0.4848171904889038
0 0.46518001177084334
0 0.45059670486390435
0 0.45829415002680846
0 0.46964422084617036
0 0.47907849407888314
1 0.45086629260147637
1 0.49358775769623797
0 0.45918613053919954
1 0.47950134836246244
1 0.48989139379823365
1 0.47410485626372384
0 0.49997432224779204
0 0.4440243780839077
0 0.4319117796170566
0 0.4559748359952346
0 0.46374187950765544
1 0.45545974229781366
1 0.4867527257966222
0 0.501800274863769
1 0.5217687582840137
1 0.49520279454087995
0 0.523348620713024
0 0.5287307685372272
0 0.4957147002130503
1 0.46128007362772877
0 0.44389577818408643
0 0.4493905522474002
0 0.46689155685526385
0 0.484418204214631
0 0.47615021439927996
0 0.4541341116228773
0 0.5133896009261083
0 0.4869022748184072
0 0.4938954520200214
0 0.4871439491192853
1 0.5046128273743354
1 0.4515493291130034
0 0.45344395400029963
0 0.4817783367202983
0 0.42713627714067987
0 0.4122082449595937
0 0.4455072438934195
0 0.45470687097196977
0 0.44212686901575426
1 0.4504055902436815
0 0.424934027219535
0 0.4493867686689933
1 0.4232379422190072
0 0.4364184991129679
0 0.4590051837066428
0 0.48261175003283663
0 0.4668650188537881
0 0.48928516652172865
0 0.4899731056607072
0 0.5047665694459134
0 0.5030450759827567
1 0.49923213090623814
0 0.4442304991210566
0 0.43406190974326525
0 0.43286639831648455
0 0.4063112279428312
1 0.40917699610966163
0 0.47094558518954527
0 0.4331796185188704
0 0.44021160096125334
0 0.41948955747015
0 0.44122728748499673
1 0.41198459848177843
0 0.4724504143374088
1 0.4858159879049398
1 0.4774473089853318
1 0.46158143569926235
1 0.4572809652829301
0 0.4942188804445296
1 0.43552799302421236
1 0.43629433504207854
1 0.45575607551465935
0 0.4561273214101827
1 0.45893284878327484
0 0.45854030371664783
1 0.467550278085163
0 0.48536503834813455
0 0.46952921757418026
0 0.47815712478152755
1 0.45488002934489313
0 0.441797997847852
0 0.4419869024326045
0 0.4694774110459496
0 0.47372043268032166
1 0.514352247376075
0 0.45494769845714483
0 0.4159420603506499
1 0.4436139225733278
0 0.41537691906909047
1 0.42189195036702315
1 0.4798671370163537
1 0.49656975128952835
1 0.49686306152068094
1 0.5145932908481754
0 0.5000152669389235
1 0.5118617505744884
0 0.5113447524816191
0 0.48295727039297437
0 0.4874332922053266
0 0.4699528194641799
0 0.46546457225035476
0 0.46897260608270847
0 0.46803100709846374
0 0.5036912502233555
0 0.4926037470966955
1 0.4958624534611226
1 0.4321319195272351
0 0.4574572911757201
1 0.4233964050498262
1 0.4283644163232247
0 0.42475389642940253
1 0.483357573108254
0 0.479659546578795
0 0.49296547418205944
0 0.46477429484702615
0 0.48459581807627494
0 0.46214127483085704
0 0.45547264762398226
0 0.4472030146202488
