0 0.5482193054470919
0 0.5642342768672941
0 0.5703196844229216
1 0.5523397565404364
1 0.5567065475725326
0 0.5370801330270542
1 0.558344137093305
0 0.49684682351101467
1 0.5084387008451537
1 0.5230008681801154
0 0.5522026602039767
1 0.555123848233548
0 0.5617757198243417
1 0.5347434437139172
0 0.5517655147374553
0 0.5332710799203894
1 0.5392596912489426
0 0.5385551448026513
1 0.5547700397669503
1 0.537918695259199
1 0.5332426127049892
1 0.5255120320656368
0 0.5325946470515263
1 0.5146696500319662
1 0.5369775119051685
1 0.5278435732216877
1 0.5250525559491269
1 0.5147742125000008
0 0.5370608315615218
0 0.4935351105393271
1 0.5122100225273832
1 0.4903994544216176
0 0.5309401886779683
0 0.5451500966328735
0 0.5617230112618361
0 0.4685800797824983
0 0.49043078716340877
0 0.5164322956621162
0 0.5106241896001185
1 0.5326177394859617
0 0.5303279876267265
1 0.4744328814227246
0 0.46724086946333443
0 0.5137888624811289
0 0.5011136007411315
0 0.5335228924801668
1 0.4894477127406159
0 0.49572949842381575
0 0.5358808049041254
0 0.5073473599110128
0 0.5553817262512052
1 0.4775665436271613
0 0.4697425371437138
0 0.4270817553645023
0 0.4942678948515553
0 0.5515026579769756
1 0.5631332700917273
0 0.5042972185614958
1 0.5044483203789577
1 0.5001958415230946
1 0.5127306800102096
0 0.448348968997738
0 0.5471576447525593
1 0.510909831907628
1 0.5067926289306282
1 0.4789398362258982
1 0.5120078051767317
0 0.4613193695509815
1 0.49118464376376186
0 0.47637737517387857
0 0.5015976400132651
0 0.5110516182428385
1 0.4963820022688373
1 0.4559793356614
0 0.4960999435030792
0 0.5296886081432184
0 0.5483253139895226
0 0.5498459295945938
1 0.5518875230410668
0 0.5270342713124726
0 0.4814069671529537
1 0.4750509375595323
0 0.5242050844161817
0 0.4856968791353953
0 0.5332869055953225
1 0.5063840774861823
1 0.49786136088106187
1 0.4950230666210339
0 0.5300901859331014
1 0.5263013595949694
0 0.5049339690148353
1 0.5202930692451702
0 0.47132695902874094
0 0.4912812400789131
1 0.5201268823929497
0 0.5055172391186787
1 0.5500484645255909
1 0.5201012128683952
1 0.534664099181392
0 0.4589615125991323
0 0.4755494243721938
0 0.48905101041365945
0 0.5008071117757599
1 0.5301450232464298
0 0.5241410790648021
0 0.4979174850090729
0 0.4887051845043754
0 0.48243585784418747
1 0.4991818884640601
0 0.44210289156225324
0 0.4650612780773984
0 0.49879828571574564
1 0.50459944829374
1 0.5164296303905557
0 0.4732125294147086
0 0.47688142782377535
0 0.5031910706012686
1 0.4875835586008319
0 0.4890992958666137
1 0.47454747602573744
0 0.4745592299125832
0 0.48585598531906005
0 0.48196089285510296
0 0.4884221769856021
0 0.48198806594649457
0 0.4164910236196008
0 0.48624511034049067
0 0.4428063107176321
1 0.4308830236200943
1 0.4434812320881737
1 0.42971648313176913
0 0.4280621918836605
0 0.4251346695188402
0 0.4861253979890882
0 0.5011238958943804
1 0.4500897287657527
1 0.4594619257376746
0 0.47687472347028886
1 0.46346602926249697
0 0.44834063583144435
0 0.4434608307572862
1 0.43158351990865074
0 0.4540459821575405
0 0.4230398687965745
0 0.438269010382132
1 0.4724824391205301
1 0.4582912129276339
0 0.45743642360758374
1 0.4830151843020626
1 0.4822662045617065
1 0.49487121732252226
1 0.4608858636922273
0 0.49346184781439406
0 0.4974019568588579
0 0.4928569315290132
0 0.45784233055559326
1 0.4446712119312547
0 0.5093055165486016
0 0.5098417744891364
1 0.5126382766699416
0 0.5189635635940575
1 0.511402953461111
1 0.5417823454110899
0 0.5697822979998715
0 0.5363619789908626
0 0.5461513624087941
0 0.544210229085632
1 0.5071754717143834
0 0.5105333247816327
1 0.509121606037064
1 0.520708183471853
0 0.49975206894891155
1 0.5097057424380439
1 0.49538889583981227
1 0.5379685527303915
0 0.5331816061991009
0 0.5291415340009443
0 0.5146469524487115
0 0.5184713549426536
0 0.48661885396713117
1 0.513903763758093
1 0.5083738552734737
0 0.4999007587702201
1 0.4836596899571922
1 0.4713905169374054
0 0.4561794888978904
0 0.5222794646080253
0 0.5181199456418126
0 0.5039316628973579
0 0.4935466423630746
1 0.4829169611908419
1 0.47574187619212044
1 0.4588473543624021
0 0.4645385073866295
0 0.4727230666629838
0 0.4859827179224668
1 0.47478607219713165
1 0.47259409620416626
0 0.4885850520626861
1 0.46664310955674065
0 0.47737048978827845
1 0.4858236745280234
1 0.4617254683959769
0 0.46047484800651983
1 0.4657524147803182
1 0.47480106288969265
1 0.531321702033412
0 0.5023154043620773
1 0.5071971676993977
0 0.4914589641179824
1 0.4638432477362211
0 0.46097311264175417
0 0.4650925110501943
0 0.4663873213749672
1 0.4436843353035919
1 0.45472331789406417
0 0.42416668232665544
1 0.4498363911717047
0 0.4328734863969761
1 0.43078363112662266
1 0.47425999598930646
0 0.48178042270793175
0 0.5010600251068451
1 0.5116934787912792
1 0.487111189684451
0 0.507101960007944
0 0.4894209562303938
1 0.497368495480515
0 0.459447871732954
0 0.46845560885747417
0 0.45940991809548604
1 0.4962507587754726
0 0.4879565934510551
1 0.5029602128147559
1 0.5018417185756111
1 0.5034192667705505
1 0.47968291566458704
0 0.4837582939348209
1 0.49210560854742136
0 0.47384146798770943
0 0.4801812891368837
1 0.49141637404793254
0 0.49131288590839095
1 0.5067586733477306
1 0.5123065028996786
0 0.5297268511082978
0 0.5030228069573383
1 0.4950986665813288
0 0.4792941467707077
0 0.5051192097604383
0 0.4924928276449423
1 0.5005876623284875
0 0.5084681586700528
0 0.5149052959850569
0 0.48307592928076154
1 0.5104139642198463
0 0.5015697161401788
0 0.5217443757328045
0 0.5294194006749051
0 0.5316597286828142
0 0.5426755846511564
0 0.5537308779226705
0 0.5231514734848771
0 0.5347421804383388
0 0.5106502190403082
1 0.5152682660281421
1 0.5431612098071359
0 0.5782916578726075
0 0.5387099330224566
0 0.5443954003377004
0 0.5060773497788272
1 0.5415377112395946
1 0.5135148101465028
0 0.5143690497077227
1 0.5215785451423177
1 0.5018306559410175
0 0.4540028990462749
0 0.502834096171175
0 0.481220586680027
0 0.47047137504819403
1 0.4689918751093229
1 0.4648907622843623
0 0.45722514398182484
1 0.47440654241182845
1 0.4548003260814945
0 0.4910001273848122
0 0.4923449346043395
1 0.5079797539112787
0 0.5032201939330726
0 0.5215194779322144
0 0.4481916316842339
1 0.48612510423728783
0 0.4974892000571004
0 0.5100194462036164
1 0.5323923305994843
1 0.5339999127424438
0 0.5054894066117708
1 0.5098490882322099
0 0.4848851918517303
0 0.5256275832338312
0 0.5305805417938836
1 0.5349310327271374
1 0.5251055902815156
1 0.5193134785337495
1 0.4747295248695117
1 0.4987357310529305
0 0.4649698509200536
0 0.4729708433603146
1 0.5121832378287325
0 0.46990995960758575
1 0.4692372693317389
1 0.4518865527375726
1 0.4682525318857023
1 0.46769131663963565
0 0.4715907834634
0 0.4681627952124736
0 0.4643983485709989
1 0.4545363642328244
0 0.44922550480287693
0 0.4354281997983766
1 0.4385153746273058
0 0.4494580991027609
0 0.49047024198805467
0 0.4725398263441737
0 0.48462353357620014
0 0.4883507011906033
0 0.5237414627479118
0 0.49751790971102794
1 0.5027503341845412
0 0.5117739102798817
0 0.4973696992234822
0 0.4822124451239437
0 0.47811983606320857
0 0.46176910079056854
0 0.49436822318188844
1 0.4535915472810807
0 0.47509230409316106
0 0.45351764483647383
0 0.46319583459153535
0 0.4345562885667591
0 0.4461712053740789
1 0.4550912674873707
0 0.488089567524693
1 0.4385347271733572
0 0.4504310834758182
1 0.4261410978956533
0 0.42625903705855983
0 0.4212461086616997
1 0.4394740619074241
0 0.46986567814240454
0 0.46318134221280627
0 0.46747777917745087
0 0.44558094180914115
0 0.4183615824147319
0 0.426992895566302
0 0.42827224868170677
0 0.4502134133456068
0 0.4401336322513639
0 0.4395754936513148
1 0.4284402536144756
0 0.46075416394197366
0 0.4380707132432959
0 0.4477139929147963
0 0.43553515835840406
0 0.46162786609263984
