1 0.5803685155752417
0 0.5910983060607433
1 0.6008275567734803
1 0.5861637657704372
1 0.5738892188472092
0 0.6094026927361245
1 0.5810316757984402
0 0.5748811347189919
1 0.569004402518132
0 0.5609584315132448
1 0.5309353508317014
1 0.5715664354126927
1 0.536492610918684
1 0.5381372344301977
1 0.5184788895136269
0 0.5023068890818695
1 0.4899761992264525
1 0.5510268355547889
0 0.5711335674968818
0 0.5393013584605384
0 0.5424148312698786
1 0.5234161988435508
1 0.5719928113011433
1 0.5741243216428051
1 0.5773453875939555
0 0.5561434157614976
1 0.5236041829266371
0 0.5361133669662212
1 0.5821344163880393
1 0.5773907211219661
1 0.5519153283483555
1 0.5536063012129453
0 0.563917152677799
1 0.5346105601391681
1 0.5605982567920478
1 0.5528302402420427
1 0.5428620912606458
1 0.5472343630273405
0 0.49225590428279736
1 0.5233710036686698
0 0.5658434575205372
0 0.5471705216443369
1 0.5120104700853119
1 0.4752410541307524
1 0.5386253556292223
1 0.5687009624592027
1 0.5721673695660959
0 0.5067087720286422
1 0.459503401032211
1 0.5089843446812866
1 0.533134510732075
1 0.5266894120437625
0 0.5467917329191458
0 0.5236984070379324
1 0.5329005090872962
0 0.5353865317907516
1 0.5351090904702324
1 0.5276871743285698
0 0.5102261877813151
1 0.5100359318635878
0 0.5016607988056598
1 0.4795215366460771
1 0.5078381189250522
1 0.5198557412811551
0 0.5038222038433623
1 0.5376282905338066
1 0.5888642941281576
1 0.4864512772748797
1 0.4826756285367728
0 0.47094935653034165
1 0.4716427399360901
1 0.4727636188684947
0 0.47322846220984377
1 0.47896021134224875
0 0.5278837335343715
1 0.5239294394548505
1 0.547201960598972
1 0.549036377421077
1 0.5109665572936163
1 0.5025887717267937
1 0.4860372134892631
1 0.45233867029997027
0 0.4600282217397825
1 0.4739854254391071
0 0.49201151168616797
0 0.5106632572111771
0 0.5202915353604716
0 0.5237384346635766
1 0.5145624946003965
0 0.4843708206118605
0 0.5093287087732793
0 0.5689016347656148
0 0.5666891102605262
1 0.5323393748417792
0 0.5210532861632506
0 0.5286838371799975
0 0.5293040976039023
1 0.5146171219526426
1 0.5314247714869507
0 0.49277712098204285
1 0.4822497155188937
0 0.4677526470727555
0 0.4855229697401819
0 0.5005067478558457
1 0.5309910830032777
0 0.5614023971733391
1 0.5687201511210748
1 0.548596395126008
1 0.5713385545639758
1 0.5255991772919382
0 0.5178392929387314
0 0.5465935590303651
0 0.5218918535285836
0 0.5205673083772548
0 0.5234900952167901
0 0.5218770024811897
0 0.5169095910051891
1 0.5160065424707297
1 0.4872525603639446
0 0.4885801861985898
0 0.5198734401071164
1 0.5282160347678456
1 0.4965540771948356
1 0.5205223330419313
1 0.48132446642744825
1 0.48897337862008006
1 0.5080133461095071
1 0.5141787966900827
1 0.5153247161264216
0 0.490936217382159
1 0.5078819089748202
0 0.5133650805951617
0 0.5089267923335848
0 0.4896067897151339
1 0.5115785524444194
0 0.5293994272427622
1 0.5187248318669351
0 0.5065506847078907
1 0.4939636681524542
0 0.5232765834703563
0 0.5225870234821248
1 0.5331716629541168
1 0.5086959516416227
1 0.5087479920210262
1 0.5211230483277176
1 0.5197912989578046
0 0.5010461640882075
0 0.5180356434729971
0 0.5339796817271675
0 0.5387681689975901
1 0.4888088023034541
0 0.530599514793621
1 0.5480038312189053
1 0.5228955182737217
1 0.5358459864614398
0 0.531273538511088
1 0.5454276280140714
1 0.5632044735644302
1 0.5179814628458407
1 0.5332063498727743
1 0.5356150048753604
1 0.5540047321055684
0 0.5668669525379081
0 0.5299189604101815
0 0.5416851722636858
1 0.5098356642325406
1 0.52319073520168
0 0.46738560650884003
0 0.45997716497526764
1 0.45340485430753336
0 0.46454410707889277
0 0.48023019733086686
1 0.49169839336243193
1 0.4924633272021211
1 0.49734079925614194
1 0.4565360479733617
1 0.48654126848429213
1 0.5159306066511001
1 0.5087922169402384
1 0.44132913163545584
1 0.48228808733325795
1 0.4935684989251229
1 0.45794663565423005
1 0.4507632647233432
0 0.441349621737466
0 0.45195343760076667
1 0.45512554054086585
1 0.44155957429277604
1 0.4488995481894131
1 0.4488521837783821
1 0.4439499602761056
0 0.4365863697504205
0 0.41803101174468554
0 0.422841229047824
1 0.4182825595538251
0 0.4099899339220205
1 0.41374598518488
0 0.40794789982317503
1 0.4051595637491444
1 0.40622475005669184
0 0.41157396029293125
1 0.4039401389080841
1 0.41158362407242455
1 0.4040374213768654
1 0.41093988337574955
1 0.41265110767587865
1 0.421303585661195
1 0.4077452722809109
1 0.4176223705925835
0 0.4194642989433013
1 0.4181952791427256
1 0.4186344450550476
1 0.4218812229504385
0 0.41677360128946084
1 0.4099531104889627
1 0.42450589352673623
1 0.4085339275643619
1 0.41962877665435105
1 0.42289880833042487
0 0.434033273741966
0 0.42428620747359547
0 0.43509017346456674
1 0.4262976358766331
1 0.42031334339236653
1 0.4047555183163264
0 0.4177849117569346
1 0.42796935318009327
0 0.43224606165055784
1 0.45030629294127994
0 0.4360710102190958
1 0.41040296478547145
0 0.41905937149155453
0 0.4171134100484601
1 0.4130764119153825
0 0.42584086184576353
0 0.43828289471667387
1 0.44937806901234234
1 0.45096380803058356
1 0.44053992862943325
1 0.42558032024061515
0 0.4140187694476198
0 0.4273051963164506
1 0.41922292011860673
1 0.43307476962251173
1 0.4488839524141097
1 0.43484967851605244
1 0.4362372221069445
1 0.47967763112104383
1 0.45188503675327163
0 0.4415039595951403
1 0.44966910448072894
1 0.4408445065333167
0 0.43566562370679923
0 0.44205533848026535
1 0.43287476697956234
1 0.4381309929276838
0 0.48199150078270403
0 0.5029578662841593
0 0.5033808483585918
1 0.49865791063461573
1 0.5032247928453688
1 0.5332451429634832
1 0.5241196879837443
1 0.46946543438982624
0 0.4787684741994625
1 0.47806528816866184
1 0.4432787097730391
0 0.49278105688453516
1 0.5340666803229298
1 0.5594274586237361
0 0.5390072616359164
0 0.49929029303998634
0 0.5058730795070211
1 0.4783500406150305
1 0.5016120043938332
0 0.4720173878306432
1 0.4775049153141349
0 0.4925702216993239
1 0.5059798464826738
0 0.4686268821192226
1 0.45419489561622794
1 0.48844618505868603
1 0.5052626661341177
0 0.47606569584751723
1 0.49821467156342686
0 0.4808413309900363
0 0.49313013178156295
0 0.4472570971767097
1 0.4500820464953333
1 0.49991804795065553
0 0.4581079260881671
1 0.4417108287957675
1 0.4359186136625839
0 0.41598535019359995
1 0.4004637693048827
1 0.4061749850005917
1 0.4078950143727843
0 0.431900669412771
0 0.46988177298601574
1 0.47387545033589656
1 0.45871094774571963
1 0.4394608250168616
1 0.47700041682245203
1 0.4923587227521487
1 0.4767413825649999
1 0.42439428838845095
0 0.4459713730008522
1 0.43623629889272425
1 0.44440031089208204
0 0.4307412152878377
1 0.4363510714097432
1 0.44626965128767576
1 0.45778054267490886
1 0.4302121427432614
0 0.4332693851839009
0 0.4251041871368531
0 0.4182039718236731
1 0.4024832002338128
1 0.39816335723355123
0 0.44132145142276424
1 0.43830377227017797
0 0.4334062463379684
1 0.4336338534913748
0 0.4637843102457905
1 0.4881434229242893
0 0.4812370481385376
1 0.4401627741133906
1 0.4407615051012802
0 0.4230596420493095
1 0.4594339458244829
0 0.449310356033271
1 0.4365057160807268
1 0.4256913688789152
1 0.4355304437670489
0 0.4347818456208167
0 0.44799072009085467
1 0.42743955408376744
1 0.453941229882713
1 0.4417453671416843
1 0.4127696626492883
1 0.4166158891300188
1 0.40060663047665585
1 0.40682878413093093
0 0.4359487197491086
0 0.4309717698538905
0 0.44439324928491925
1 0.4678407614442026
1 0.446361706252188
1 0.4568766328725862
0 0.46181100429382704
0 0.46128727290667054
1 0.4808890145895584
1 0.4699492265455776
1 0.4509533619113947
0 0.43206811614072277
0 0.4230599148824018
0 0.4569680056759092
0 0.46961529313298295
1 0.46433925263403253
1 0.45967065251052375
0 0.43808222967035443
0 0.44645889561866614
0 0.4294904591397601
1 0.4171565921363376
1 0.4326680110393137
