0 0.5187857187567514
0 0.4241377086671914
0 0.4803675330702176
0 0.45701528083636683
0 0.4724036586857543
0 0.4837975080059994
0 0.4452036502402519
0 0.5048604829923734
0 0.4744798880838238
0 0.52122385888796
0 0.4978063923701205
0 0.5182554440999438
0 0.4937560724102132
1 0.516671039742276
1 0.43717031431519743
1 0.4824791623510627
0 0.4667546891813675
0 0.42874471200292047
0 0.4805034270539872
0 0.48697940285235825
0 0.5417270004854461
0 0.4764634769654204
0 0.38960322040550655
0 0.44154542881200315
0 0.5066409788884538
0 0.4487140588919663
0 0.435190441863826
1 0.42920305815863957
0 0.468203503715613
0 0.5069428673309884
0 0.503485829196115
0 0.47049655889364933
0 0.4932271946804196
0 0.46024702866654216
0 0.49536715427381034
0 0.4852714844627445
0 0.4389119706718141
1 0.5018729508133859
0 0.46308951761491396
0 0.4973815586774127
0 0.5153491157128246
0 0.544921379798905
0 0.5007359004226024
1 0.5650189459687189
0 0.4970323281056531
0 0.5109002092824002
0 0.4877245498751043
0 0.48277887003114656
0 0.4867129265067758
0 0.4868115191490202
0 0.4341150598999412
0 0.5030666313592245
1 0.48868252479808627
0 0.4607302622457103
0 0.4921738245026639
0 0.46087952378188146
0 0.47835816208317494
0 0.4623114491424081
0 0.47103312432479577
0 0.46389171357007936
1 0.48245293745707823
1 0.4819935974386617
0 0.4798787550724101
0 0.42884021337488293
1 0.485785459854696
0 0.46196452520200365
0 0.49423049203324537
0 0.45789148352597486
0 0.45645210236555006
0 0.49069534118558034
0 0.4233063540004996
0 0.42777899320198165
0 0.40206979000727405
0 0.4935844416829168
1 0.39633081666452014
0 0.49481750667150165
1 0.46521154431277817
1 0.4940021008813298
1 0.4672391077188838
0 0.4337591282922449
0 0.5024971253918489
0 0.3665070030854953
0 0.49117533000069136
0 0.4948800676131128
0 0.49306401980858855
0 0.4837768221344335
1 0.4662175917783263
1 0.46725724149665876
0 0.5402781291968195
0 0.4763762873205165
1 0.5247755248863053
0 0.4661673554142161
0 0.4477041788484484
0 0.4872911106518066
0 0.49347767014026567
1 0.4782160082056632
0 0.46998028879343146
0 0.5178228996104273
0 0.468769798750453
1 0.45464762498918254
0 0.470865869249063
0 0.5032973800869996
0 0.4730647478669308
0 0.4563999958087157
0 0.4731301070913009
0 0.4660056929168539
1 0.44370277642043704
0 0.45578842201457764
0 0.47156184145863683
0 0.43885428155584105
1 0.4600441583596703
0 0.48230637282807676
0 0.39397913933037704
0 0.4755658461409263
0 0.5012251837986083
0 0.4251013613788684
0 0.4019998223759698
0 0.3947388927293539
0 0.4768094140334506
0 0.5142995141785627
0 0.4297966454233236
0 0.4772497007044241
0 0.486409740633126
1 0.46313162037330446
1 0.5312311672175389
1 0.48847343777059216
0 0.4780633787563068
0 0.42914615535850953
0 0.4682751558461489
1 0.45369454206845305
1 0.4016698290104558
0 0.4562337782922149
0 0.4732013767721834
1 0.4449421296764474
0 0.4947047535625517
1 0.4346893131173295
1 0.4794929114784718
1 0.4956230050527428
0 0.49336412857502265
0 0.46074592953858473
1 0.49420882428744045
0 0.40330751868683695
1 0.49356118888914197
0 0.40634193154888143
0 0.4355053976882687
1 0.4816125123923753
1 0.41806149164730433
0 0.45430578477141437
1 0.49033106464384985
1 0.4520840422751861
1 0.44328518522776683
0 0.4600151253933592
1 0.4630271788222853
1 0.4317489611156131
1 0.45786945940380674
0 0.4573093949081749
0 0.4479863319011981
0 0.5286226368232042
0 0.4278521152221364
1 0.4223817382295945
1 0.4849213441100694
1 0.5024943449066153
0 0.49236731355676155
0 0.4599782894550245
0 0.41989938336532207
0 0.45442678762776934
0 0.39005576477676257
1 0.4923074495229581
0 0.42953075710390515
0 0.4608535374266532
0 0.4613640482355471
0 0.4594092205545343
1 0.5127739762507791
0 0.43419688334477213
1 0.4812327934043133
0 0.4803522585934441
0 0.47321092828688816
0 0.4331354041352493
0 0.46522581214530184
0 0.5142512168618874
0 0.46781093358460285
1 0.4612373487679219
1 0.44682536129447264
1 0.4803127820272339
1 0.4737469775017213
1 0.45095713322023145
1 0.4512768773144851
1 0.42936554590661596
1 0.3983575813833902
1 0.4958337060540048
0 0.449160821290177
0 0.4124266248676121
1 0.4045613612195454
0 0.37875052151321253
0 0.39915234648627995
0 0.51883069187404
0 0.467350097557765
0 0.4234330091583886
0 0.45698279027325944
1 0.44168426768518154
1 0.47298469970566914
1 0.43589014588847674
0 0.435263619816351
1 0.3652771615896102
0 0.4585299380287578
1 0.5020947414002765
0 0.4971005350808628
0 0.41426021015926506
0 0.49961841220573133
0 0.503272702814687
0 0.5044065864959147
0 0.5102068424008774
1 0.45884626749427515
0 0.46209710489148476
0 0.4514773441414055
0 0.4237050931341526
1 0.4754898430987777
0 0.456032008313154
0 0.41606793176979245
0 0.4487645249157803
1 0.49668139868632805
0 0.4115867042669843
1 0.4659590951056691
0 0.4989043188973653
0 0.4680919459494731
0 0.43434443375163556
0 0.4005609192102541
0 0.4236204958166065
0 0.4804842834306521
0 0.4509553595301336
1 0.47429768380134973
1 0.46732134304309886
1 0.5236606009042154
0 0.38902587254171234
0 0.4504608975223083
0 0.42841147014560826
0 0.43545891152028
1 0.40367743216399105
1 0.4322707532336306
0 0.4580779766241346
0 0.4757036279522633
0 0.5121961117056077
1 0.4377773545732496
0 0.4171181225172026
0 0.4371915038706053
1 0.4674557633178039
0 0.4865112254177535
1 0.5179161945600266
0 0.48743842425687317
0 0.4469147412866937
0 0.4858277159289453
0 0.4705137813903788
0 0.4770019095277899
0 0.44438630598321616
0 0.39617864555314747
0 0.4469181830277249
1 0.4981439597693672
1 0.4516913661206311
0 0.4734813453748926
0 0.46855221944088987
0 0.463996573249736
1 0.448804308387563
0 0.4761478435086627
0 0.4257969792717612
1 0.4875754576230316
0 0.44416083054913624
1 0.4974514060113247
1 0.3847225874563205
0 0.48466748081296135
0 0.36844803002161697
0 0.4923967333882222
0 0.5088466104050496
1 0.48623518445646613
1 0.5297824615020696
0 0.4936050150455707
1 0.46990065273350995
1 0.4110332340472902
0 0.489682327464515
0 0.5096440620743807
0 0.5444433653058274
0 0.42032341418201885
0 0.45284320608459866
0 0.4767469356980747
1 0.44327090002141506
0 0.4382531916668752
0 0.5475145676369167
1 0.47789332863382844
1 0.41577066986523414
1 0.4842462772015065
0 0.40208688647924457
0 0.4727207211077669
0 0.5469093468872193
0 0.47406638912061516
0 0.4385785821139864
0 0.4173563477090285
0 0.4774225560554262
0 0.4067955149459276
0 0.45173827360440394
1 0.43029941727388643
0 0.46418616169470134
0 0.4652096014797421
1 0.5002580677564038
1 0.45381760455566655
0 0.493530564460815
1 0.4623894278392456
0 0.4628937368791945
1 0.4919722589325054
0 0.4870415590538567
0 0.4474008894012577
0 0.5074065637288527
1 0.4423406237061783
0 0.44363304994250113
1 0.4823356025307217
0 0.37791166515136176
0 0.5031313542988427
0 0.4239930531703001
0 0.5127270239053578
0 0.4331950779439699
1 0.47662016483489594
1 0.35742032320096034
0 0.4450220408613316
0 0.4656007315343828
0 0.4560125623263689
0 0.5070716742479465
0 0.515080381985277
1 0.4457400470461841
1 0.4823925980802329
0 0.4553161000805284
0 0.5316102865675182
0 0.4198312858841251
0 0.4611322648758596
1 0.4990591540866738
0 0.5331387518345476
0 0.4248979724430006
1 0.42746080259243346
0 0.4822637495448741
0 0.453737512193769
0 0.4780964832245512
0 0.5383674297856867
0 0.45519831095529223
0 0.45820072244990545
0 0.4649532529697077
0 0.46551219983720293
0 0.49277868991238283
1 0.544957078201133
0 0.5011558495025782
0 0.4879190663349731
0 0.4321677140810095
0 0.46206885864170966
0 0.4987061710425546
0 0.4944477540725079
0 0.4365086989896011
0 0.4541490277669287
0 0.47585258187768703
0 0.4289013882334859
1 0.44133137617125695
0 0.45315108355255945
0 0.41656314605792893
0 0.47839336988913744
0 0.479044713358636
1 0.49770352172788324
0 0.4566198234224278
0 0.5036966167836656
0 0.47813635607502564
0 0.46108354091581605
