0 0.5427117654026795
1 0.5379593083580384
1 0.506264128623154
1 0.5220004564404224
1 0.538503953500732
0 0.5029338900699065
0 0.5009247007215513
0 0.5296995833258763
0 0.5671415093805301
0 0.5291475633481054
0 0.5210835590786919
0 0.49692497858338763
1 0.49350056964924854
0 0.5011072609280799
1 0.5301488760101254
0 0.485485774802762
1 0.48814617813988537
1 0.4974793972615298
1 0.48753945414253896
0 0.5216449008953298
0 0.5117938016936485
1 0.4757976217756527
0 0.5009689565030134
1 0.5092337545572989
0 0.5302480211912515
1 0.5210031386477398
0 0.5133201441177899
1 0.519512061200349
0 0.524353313200225
0 0.4897478223360922
0 0.5227113468994301
0 0.5230926050751104
1 0.5289754126716173
0 0.49532418719887983
0 0.5103461478207606
0 0.5050876940397802
0 0.5007141705390694
0 0.4956279158881106
0 0.4953865458175529
0 0.49904948017609313
0 0.5088431109778234
1 0.5054181875011329
0 0.47485921436319234
1 0.47942920395173805
0 0.4744318919668037
1 0.4915366248922982
1 0.4881599902145178
1 0.49997588169019846
1 0.4983370301758675
0 0.49668289045816444
1 0.5201654718147019
1 0.4860685684039043
1 0.5058243060965522
1 0.48600796761828435
1 0.5031948900760451
1 0.5045944139359858
0 0.4925882534853087
0 0.5092750756449658
1 0.500388956678912
0 0.5112447029199119
1 0.522925434045019
1 0.5116418137299027
1 0.48646654190077043
1 0.48094043506228207
0 0.5040824990130753
1 0.5272665366174504
1 0.5152864028421875
0 0.5001535736801176
1 0.5005931837280011
1 0.49892293361215906
0 0.5172554199179571
1 0.4898693369453038
0 0.5202918026679838
0 0.5186473972996888
0 0.49797344528714754
1 0.5076734489643543
1 0.49899647158385296
1 0.4586847717878885
0 0.48832984627987336
0 0.4672259051946341
0 0.5050330320209865
0 0.48093918229650046
1 0.4977922443451965
1 0.4782111131663941
1 0.5140197747110288
1 0.5171381020664304
1 0.5275075478826506
1 0.48776971637431055
0 0.4920314267488835
0 0.5024361538400691
0 0.4821323937204722
0 0.5024486407950343
1 0.4838583826184153
1 0.5084122936036727
1 0.4792486276478231
1 0.4698224762649772
0 0.4827768101750845
0 0.47862982508120067
0 0.4932804979320894
1 0.4934544428894715
1 0.4907468082149184
1 0.4942577679159594
0 0.5205411275240246
0 0.4825551061380962
1 0.5027762447410898
0 0.4950971295044422
0 0.4907751073016101
0 0.4879539912058677
0 0.4942879441375558
0 0.47261502936261823
1 0.4861038933463442
0 0.46900024570655924
0 0.4905439549284154
1 0.4661095769877773
0 0.49322918507996083
1 0.4643783686848876
0 0.4784813198304586
1 0.47720892236213197
0 0.4877565613903936
0 0.48289774923832673
0 0.48247521455728265
1 0.47580435957211714
1 0.49677044258915715
1 0.4923715480381732
0 0.5143422353974659
1 0.4961928387007084
0 0.5088264916335267
1 0.46693316104090726
0 0.4864372531570577
1 0.49134273195349
1 0.49753925937285004
1 0.4952137581554044
1 0.4859270820454123
1 0.48787288148025015
0 0.5064522053573995
1 0.5054236180704624
0 0.48474450915824274
1 0.4865752702926962
1 0.45817846014714414
1 0.49312620067994367
0 0.5035918602000116
1 0.48552471254037743
1 0.48731967940503207
0 0.4889668550645106
1 0.5023011275208444
1 0.5080538429321563
0 0.5264341607768968
0 0.5161286317692172
1 0.5011539406429972
1 0.45766101046612595
1 0.49736903661476806
1 0.5390997692462841
1 0.510602155420561
0 0.5207380503617437
0 0.5142385669164775
1 0.5122042999968398
0 0.5156975809203873
0 0.5202221327254599
1 0.5054034932668519
1 0.4960177709000329
1 0.4863106601034251
0 0.4698790204726619
0 0.48681654931082113
0 0.49947953831318226
0 0.5112421247513764
1 0.47087962583893606
1 0.4690413111682995
1 0.4652865773101997
0 0.4628989277049469
0 0.4973760475296856
1 0.4986127260526903
0 0.4855178345919888
0 0.4933348531399398
0 0.4858186111168964
1 0.4881160950270683
1 0.5010174517405473
1 0.5007340891727938
0 0.4411090765024629
0 0.47071047392623844
0 0.4886996253189607
0 0.47155981164003696
0 0.47905105994168307
1 0.4652162273577387
0 0.47501258006057095
1 0.4904277684025641
1 0.4643435881792885
1 0.49039043970896873
0 0.4835230657835156
0 0.46786185297920263
1 0.4929954527535001
1 0.47178035427881415
1 0.4823234590267469
1 0.4632174534139611
1 0.46353433640883257
0 0.48704169930450963
0 0.46322042162568233
0 0.49532087967063715
0 0.458730213540449
1 0.4769383865141246
1 0.45231756077629737
0 0.47329756266315054
1 0.4793961472032005
0 0.4709842890598645
0 0.4690337978712313
1 0.45829802788039914
0 0.4499793501061173
0 0.5081577040846347
0 0.47658512767600103
1 0.4882436949834816
0 0.48233435117696016
0 0.4944054026443544
1 0.4910901514997251
0 0.4830558511718291
0 0.4210288282575427
1 0.49209262541603366
0 0.4933594984892634
0 0.4920423726260313
1 0.4879124377294112
0 0.4689467257635809
0 0.4513384057883638
1 0.4574576091686971
0 0.47271533191921344
1 0.4837298330002398
1 0.4907349950912789
1 0.5042336219178707
1 0.45712684848942653
1 0.4771147892594393
0 0.46910513956611805
0 0.4790691504977945
0 0.5013080951265426
1 0.5241811867340762
1 0.5066705654062513
0 0.5047592595869117
1 0.47010799194817127
0 0.510475901868527
1 0.5119562701413829
0 0.5029989661414856
0 0.4779368131421511
0 0.503066251781933
1 0.4892858869595271
1 0.4652190172053521
0 0.4896851689222973
0 0.4906629494418353
1 0.5027389475608098
0 0.4873942702190903
1 0.4554970153969192
0 0.4852152186105335
0 0.47257146244596754
0 0.4832291557960662
0 0.4636207607807742
1 0.5015088971876533
1 0.48729576682638515
0 0.5039364532484374
1 0.5131799920168454
1 0.4989677863850348
0 0.5059227570681348
0 0.5121754961880474
0 0.4968491812037595
0 0.5016570044301268
0 0.49253513041333635
0 0.5081329522908896
1 0.4944145082510224
1 0.4947138962764618
1 0.5006734082237034
0 0.5157837220374767
0 0.4868402763729403
0 0.47569756629607407
1 0.5067309443903502
0 0.47689947493623874
0 0.4823928947640836
0 0.508138158809563
0 0.502672221689918
0 0.5057647646547844
0 0.4983779317274875
1 0.5009304392781543
0 0.47765447429164226
0 0.472084504171459
1 0.4665376459699797
1 0.4738725488677162
0 0.5043116972242214
0 0.4826900404548142
0 0.5091273766888483
1 0.5018033426305021
0 0.4870028560651278
1 0.4997260505938831
1 0.4724570997767997
0 0.4867277348564533
1 0.4925868034193729
0 0.5016847567173339
0 0.4657249489636426
1 0.48319134921605567
1 0.5019209791710096
0 0.4837541417549189
0 0.49374013212661894
1 0.49637560240772416
1 0.4933695168069694
0 0.4938562791733183
0 0.4997080055517711
1 0.5183927132289675
0 0.4746982622030522
0 0.4874928275483957
1 0.49849057012885717
0 0.4711059033465324
0 0.4473772234181834
1 0.48859586158312407
0 0.49419471272093735
0 0.5111840071815827
0 0.4802015719532177
0 0.47463980601643563
0 0.4595432333341767
0 0.46443971173918264
0 0.4918163921813776
0 0.47129262536838995
0 0.4625344594272987
0 0.5005813001799452
1 0.48189853016662426
0 0.4511464554134551
0 0.48916799426391083
1 0.48061810909571184
0 0.47324568624264585
0 0.48578813905381596
1 0.4740414236883527
0 0.49396607553260335
0 0.4999319956661594
1 0.4837877932827913
0 0.487571260625993
0 0.48773880222257204
0 0.5150545898759329
1 0.48691651159271315
0 0.48230571012438583
0 0.48606027641364136
1 0.4763158526146494
0 0.49132262041456026
0 0.4907885753841448
0 0.4659422673202294
0 0.45788954184821906
0 0.4521224791208714
0 0.48304878274766544
0 0.4527681305051264
0 0.4417834076778413
0 0.4426237781500692
0 0.47942782998067685
0 0.49028685558507606
1 0.5063533365413325
0 0.5278645849320145
0 0.5019600711848319
0 0.510194040230473
0 0.5195410263045432
0 0.5123795162232037
0 0.5096359788029343
0 0.47518642671134464
0 0.4853018103182696
0 0.4886891970261069
0 0.5001733424855791
0 0.4863742124018926
0 0.460345630163077
0 0.47429629071217344
0 0.4932629762302786
0 0.479624625543823
0 0.4902195365754002
0 0.46417965003222944
0 0.5013463359161334
1 0.48445294259424443
0 0.47935333605824854
0 0.4832985020492099
