1 0.4923919149651914
0 0.4905732063414274
0 0.4488461675203651
0 0.49656333972098693
0 0.48063761032082036
0 0.43912133345919063
0 0.46479433255642677
0 0.4630955947984587
0 0.4599445705150104
0 0.46274739289880373
0 0.4541211647333056
1 0.4940412928280145
0 0.4648812175031543
0 0.46586249483057046
0 0.4888003999535053
0 0.5137787027473251
0 0.4870685062613078
1 0.4875918696139389
1 0.4938769894422118
1 0.4962210953948288
0 0.49055233683947863
0 0.48473518851219216
0 0.5187924500853117
1 0.5178495417694978
0 0.497258704375919
0 0.5152338498498799
0 0.4864180938647968
1 0.530501737849028
0 0.48331790770966493
1 0.4573176660860545
0 0.43747663135941095
0 0.5098669479356589
0 0.48409868950682167
0 0.49170938632138406
0 0.4866323287255915
0 0.4673806992431166
1 0.46221941674119044
1 0.4563963169249755
1 0.46512502497872327
1 0.47043612305097576
0 0.4831540523356999
1 0.5070258055661415
0 0.46346183862277185
0 0.5121311335705656
1 0.4975443871601932
0 0.49624843359888166
0 0.5115901442218296
0 0.4609492093438722
0 0.4824444608699779
0 0.47998104478700404
0 0.48435253555566987
0 0.48717981254220466
0 0.5029755299578577
1 0.4906357738846332
1 0.464473767111779
0 0.4869234717084307
0 0.4793986550011784
0 0.4838208762069164
0 0.45958483282570795
1 0.4926145431552842
0 0.4740725174849531
0 0.4507747009964277
0 0.5085844145174964
0 0.4652782648912881
0 0.4178651730053044
0 0.5045201310555544
0 0.4775638288401368
0 0.46167433130893903
0 0.4605082083466057
0 0.5191777966444768
0 0.4776654936374303
1 0.4756618709420443
0 0.47978506603545773
1 0.5206891494286365
0 0.45408609054045646
1 0.5010138054225789
0 0.4812011179809284
0 0.48957713451511337
0 0.5055066923453635
1 0.4620267024490452
0 0.45199360426021795
0 0.49057929059537636
0 0.4682092200651542
0 0.5094581112133808
0 0.517797539050458
0 0.47286905619425634
0 0.49124569270901003
0 0.5046131773278149
1 0.49250033479660416
0 0.49320905570650747
0 0.5026629361296014
0 0.5305561893835268
0 0.4916235774194838
0 0.4792936807461965
0 0.5092597929237197
0 0.5032055142019395
0 0.509857499521018
1 0.48550835726026
1 0.5133289083067021
0 0.47393996167923486
0 0.4863792798798566
0 0.5013417708976248
0 0.5217031898874219
0 0.53169703329204
1 0.523786037977718
1 0.5051805059833838
1 0.47536516667180356
0 0.48859150935188383
0 0.5186118558311065
0 0.48808400648841815
0 0.4679905422610669
0 0.5119022107702612
1 0.48982131474414436
1 0.5020373658841795
0 0.48110066220382386
0 0.47798361644612486
0 0.5083090065262204
1 0.5096293013459005
0 0.49897601084885235
0 0.48970280066844646
0 0.4446085588051467
0 0.5015573604486437
0 0.47828056111424067
0 0.47201057404408503
0 0.4773614059931704
1 0.4840440816363795
0 0.5001830740541262
0 0.5106344689309004
0 0.49492165321241954
0 0.49094493151906726
0 0.4767377297191931
0 0.49875212541459396
0 0.48707044731698107
0 0.47425584091684214
1 0.4889765685295816
0 0.4859765198166887
1 0.49675915460103154
1 0.499811806129538
1 0.4802435333627902
0 0.49337749668066927
0 0.4956247648022935
1 0.47038948609686393
0 0.4955652977581408
0 0.503254717217295
0 0.4892353225235127
0 0.4934323292057535
0 0.5057042306901043
0 0.4707833647677893
0 0.4828431921900212
0 0.4353186728258543
0 0.5033745218616223
0 0.5079790621903396
0 0.47132673569146893
0 0.4708664428264432
1 0.4617343859573334
0 0.4970518649182227
0 0.4949286570203784
0 0.49571523726449807
0 0.5072635640984571
0 0.49357799925664686
0 0.49347829398904425
0 0.49075305610618863
1 0.5065035868420554
0 0.49353519197562545
1 0.5052877395099215
1 0.4760897548767282
0 0.49314640976847424
0 0.4999519155815988
0 0.5184539107864082
0 0.490958828625248
0 0.4587769865569758
0 0.4842198519345757
0 0.5093380626605607
0 0.5150275371554376
1 0.4920525762434534
1 0.46670150591812387
0 0.47624344896373705
0 0.48140385675340747
0 0.5211237801411354
0 0.49720481998486177
0 0.4905792811001571
0 0.5030629275604188
0 0.4654380459423508
0 0.48370587326555914
0 0.5018827278758977
0 0.5101786568706046
0 0.5159099573434852
0 0.5050506563940735
0 0.5069639027325534
0 0.4874416392140353
0 0.4653828589956764
1 0.48906304942733625
1 0.4772669654977019
1 0.48642524043634855
0 0.47538367784075036
0 0.5147734216375769
0 0.4694322447858386
0 0.5180273646624722
0 0.5056468720648136
0 0.48135501835929984
1 0.4833155303634418
0 0.4807864856375673
0 0.5403658106217919
0 0.49157243824015506
0 0.4665088191163094
1 0.48640072552945096
1 0.5161660952740932
0 0.525397697082149
0 0.49265017592336674
0 0.4960439100689247
1 0.48682106971176053
0 0.5014747039119565
1 0.4828301639655042
0 0.5097480731364119
0 0.4952846430869252
0 0.5111847324446906
0 0.4717440866498
0 0.46277730720246546
0 0.5112016489384718
0 0.48799967739039074
1 0.4857111295414531
0 0.5024380616853099
0 0.5091467878613466
0 0.5218682050602381
0 0.5101353028804287
1 0.5003483094645664
1 0.48284624895898476
0 0.5016935385313905
0 0.514680560962192
0 0.5337706685252931
0 0.44119953575973414
0 0.4675230894745279
0 0.4838641424436505
0 0.49897650696677903
0 0.4744883527622941
0 0.49493566387148996
0 0.5223890901558657
1 0.44584412843941407
0 0.4735228403749888
0 0.476911251167073
0 0.4639868456378019
0 0.517328028903731
1 0.4795712241030656
0 0.45152656849383427
0 0.4778173440984928
0 0.5042491121371496
0 0.49239298386016983
0 0.5142882577333344
0 0.4809385824688325
0 0.48550284537764365
1 0.49893229777289344
0 0.48516542074159585
1 0.49641488907757475
0 0.4869434339487172
0 0.48322290484162583
0 0.5219667910193794
0 0.5055094943822839
0 0.44815108092398925
0 0.47117108768424615
0 0.479463271613476
0 0.4588451900219457
0 0.49655942858292
0 0.4958126063599989
0 0.4875470888633542
0 0.4971483184628441
0 0.4838463847417227
0 0.4832817728546582
0 0.4857150651767515
0 0.49509002354843723
0 0.4963341512490387
0 0.42803508170422166
0 0.5008175900178177
0 0.5029550708706805
0 0.4880538590553013
0 0.4946281917412499
0 0.49806918731007416
1 0.4892891889381073
1 0.5200999830998386
1 0.4927607409819046
0 0.4787886121110024
0 0.49098069211177553
0 0.49372610036210035
0 0.5247883612417654
0 0.48068565915937067
1 0.5080406615465287
0 0.470726343468076
1 0.5005100358448665
0 0.5121791824626113
0 0.49509000912575074
0 0.5340749553596333
0 0.4790284049161396
0 0.4893775091567935
0 0.46861570939818986
0 0.5002672446707336
0 0.47861771591879715
0 0.4907478465030851
0 0.5001693568704848
0 0.4693008033373467
0 0.5348221895001819
0 0.5069186450283333
0 0.4978475428666251
0 0.4771608435063381
0 0.5218770473371903
0 0.460234714207286
0 0.4502382843142117
0 0.491076112174569
0 0.5130019723207946
0 0.48768962121704423
0 0.4818035653421645
0 0.4773188980068887
0 0.5040047842997187
0 0.48771829242525166
0 0.5134420880476369
0 0.4971021405596749
0 0.48073446001691017
0 0.4895262581510199
0 0.47848502463884807
0 0.48115204782990456
0 0.4715201278418292
1 0.49235685752885583
0 0.5020927435000474
0 0.5017483177669456
1 0.46269069221290476
0 0.4741684682034729
0 0.48488632553083344
0 0.48659080045767206
0 0.5250286002486654
0 0.50770643946262
0 0.49421215695459414
0 0.5083008217521626
0 0.48073166921725485
1 0.45994181690462355
0 0.4822555414663756
0 0.49518793193897437
0 0.5019279180880204
0 0.4983823963314942
1 0.5067372514232233
0 0.4936219082312557
0 0.43427263283352924
0 0.47552439694121174
0 0.4715058160582562
0 0.48624822160599407
0 0.5092646460524624
0 0.48352743074875415
0 0.48104809896194556
0 0.44364972920732004
0 0.5022592112522377
0 0.5147782251502422
0 0.4915305880614685
0 0.5004955275312378
0 0.5184737002343459
0 0.48908367387878204
0 0.49696097166450626
0 0.5143148191722695
0 0.523020381996497
0 0.5111329400809994
0 0.4820638682139182
0 0.49975819431842344
1 0.4656956584938319
1 0.481522562989559
0 0.5201827681646797
1 0.48131527766388843
0 0.49598330403611124
1 0.5011396190745895
0 0.5033232757980105
