1 0.5330934877142988
1 0.49784584937066156
1 0.49230590065390045
1 0.5316183845354239
1 0.4921212389875895
0 0.5372216810518685
1 0.5008572093329617
1 0.562572672403169
1 0.4873123441698921
1 0.47207386175758786
1 0.521657743387922
1 0.5192379354138821
1 0.49278514628323655
1 0.5086595051767872
1 0.45794803262316436
1 0.4967351270484556
1 0.498614969622279
1 0.5753355786430632
0 0.4924719951017922
1 0.5298927214658684
1 0.5292369795956724
1 0.5276410747664553
1 0.5226897841238368
1 0.48406560543836447
1 0.5148495745934156
1 0.49940152178098135
1 0.4613108543393907
1 0.548496618743495
1 0.5665031579872353
1 0.5336215568912271
1 0.5157060416103342
1 0.5314522041258073
1 0.503520719867517
1 0.4803065417453056
1 0.5244285015599323
1 0.49792283287379097
1 0.4560470119668233
1 0.4974989329486173
1 0.5049199476320773
1 0.5118851769654837
1 0.5490937289804025
1 0.5196911748595808
1 0.5383399028685836
1 0.5535020987546367
0 0.4843019919516897
1 0.5242304555840979
1 0.479559833285095
1 0.5079345924423181
1 0.483386738265169
1 0.48218912163181676
1 0.5502265670027806
1 0.531489209557565
0 0.4993178801525173
1 0.5090981594772296
1 0.4823932481100628
1 0.5222196035530664
0 0.5252656992601841
1 0.4773773109271624
1 0.4951325020557074
1 0.4991890369119965
1 0.5055372977070546
1 0.5085779430647949
0 0.5176226882342161
0 0.5104190847815772
1 0.5330991226292936
1 0.5330494609692911
1 0.5214977068260961
1 0.5300651140808652
1 0.482167543671052
1 0.5284469934162321
1 0.4834164353161168
0 0.4859597996107911
1 0.5155277693829595
1 0.523455680471988
1 0.4983288871074786
1 0.5033709527836899
1 0.5196074338599569
1 0.5096831391515615
0 0.4807981265540974
1 0.5821609289216912
1 0.5210690651316707
1 0.5096607863397032
1 0.5004307476355855
1 0.5420840779954104
1 0.5011859776730225
1 0.48206371528903147
1 0.5452964696131549
1 0.4883752367118354
0 0.5143015665684117
1 0.5433318631376307
1 0.5124849868751062
0 0.48510426292186465
1 0.5167039673986036
1 0.5440964063719513
1 0.5094711464108547
1 0.5372605153982223
1 0.4783917267130415
1 0.5047095391993417
1 0.5368779910997696
1 0.56294309819168
1 0.5232121376530691
1 0.48034349292332307
0 0.5286719411443306
1 0.552926963194507
0 0.4991924234189216
1 0.5619323317636494
0 0.4712436247044832
1 0.515375991316177
0 0.493153033970659
0 0.5254168513453213
0 0.5129681111972977
0 0.5038634646523058
1 0.4838993918415765
1 0.5890632801792258
1 0.5259195371835257
1 0.4895313429119115
1 0.5351414010984039
1 0.5092422673063323
1 0.5025157249124796
1 0.5043606838845839
0 0.4799831862407233
1 0.5144728631058763
1 0.5446290659527311
1 0.5181326626929856
1 0.5239873890677236
1 0.5575380140999948
1 0.4965598143331079
1 0.5104298681435304
0 0.523265202148742
0 0.4943697190071919
1 0.473748014797228
1 0.5056478988326555
1 0.49010094030876045
1 0.5161268683681491
1 0.5131798096995359
1 0.5845749246547431
1 0.4958082034727974
1 0.4626795400198566
1 0.5077013293118032
1 0.49485994530780725
0 0.4965865957782676
1 0.5011551494176157
1 0.5676106788255483
1 0.49623861678340775
1 0.502369724552793
0 0.5217561491072191
1 0.5046240343534605
1 0.5294183472782612
1 0.5074138563266398
1 0.4938829072519772
1 0.49542480718274956
1 0.5190343644196925
1 0.49668974999123156
1 0.5170076741534096
1 0.5367933992322576
0 0.5023684386216897
1 0.5115634171907069
1 0.4960230407158319
1 0.5290891721537482
1 0.5866620683291092
1 0.5136259284184068
0 0.5414276608627475
1 0.47647391885326923
1 0.5101479167430313
1 0.47765574819456685
0 0.5456349493324595
1 0.50418389993838
1 0.4781828139958041
1 0.5036537046132331
0 0.4873744315577419
1 0.509788768034335
0 0.5333565877020972
1 0.49525052679932485
1 0.4780133545289669
1 0.511865899429601
1 0.4586711799672118
1 0.4707037390061097
1 0.48748726456392816
1 0.49264790543346587
1 0.4688278080507887
1 0.5323786361497151
1 0.5098113358798387
1 0.48173480394029056
1 0.5300880980211522
0 0.4907623364988146
1 0.5241174529726349
1 0.4887624134779111
1 0.5461397932003348
0 0.5394028969513044
0 0.5187967213818433
1 0.5062012743539532
0 0.5473857071965496
0 0.5094344764052892
0 0.5195475945250153
1 0.5535941630250412
0 0.5109495164673098
1 0.49607044798401473
1 0.5333760266028201
1 0.4657117236885666
1 0.4907227542352213
1 0.5159384243370678
0 0.5022673593294134
0 0.492895518354618
1 0.5002506827361769
0 0.5162500418194138
1 0.4923529653529167
1 0.489308724524342
1 0.5126595236053346
1 0.5428691512749262
0 0.560213989369021
1 0.5126764446538685
0 0.5733733183261844
1 0.511254369355673
1 0.5822659352876747
0 0.4827099464244544
1 0.5082105775589866
1 0.5799776100751425
0 0.5113674936180864
1 0.518379751958501
1 0.48583790090106616
1 0.4865475708040453
0 0.5155116344451249
1 0.4612810724442842
1 0.5150257944005505
1 0.4795054866820018
1 0.5470056642507238
1 0.5038188823242111
0 0.5184168233266229
1 0.5177614984780949
1 0.517750287972096
1 0.501275673225707
1 0.5803580767866963
0 0.5085181437519042
1 0.4861460194327246
1 0.4843027567507924
1 0.48671978571408747
0 0.4887784828761408
0 0.5147309974861193
1 0.538535427461389
0 0.4822002981206996
1 0.48035778192090367
1 0.5085564103414582
1 0.48060341935833
1 0.4951577237717255
1 0.466763664772769
0 0.47693200007611075
1 0.5391050462139894
1 0.4857024508774919
1 0.5679258270250114
1 0.49884799125156615
1 0.4976200594425538
1 0.53043406931876
0 0.5502682007162615
1 0.5197531443817243
1 0.573020535069721
1 0.49844700015033605
1 0.5481208665074692
0 0.4805849944076999
1 0.5632019733344586
1 0.5072495918075972
0 0.48772536432317737
1 0.514330389840242
1 0.49792295465030645
1 0.5951805510594368
1 0.5354727238239936
1 0.5365981784087525
1 0.5305051703308179
0 0.48796423554427554
1 0.46067056250675426
1 0.5175368537485864
1 0.5382342368988807
1 0.5668717280448455
1 0.5086777604294737
1 0.5423489366759567
1 0.5065309865069842
1 0.5793336021654772
1 0.5515509368531017
1 0.5509673955592577
1 0.4906685797457234
1 0.537555484444147
1 0.49773795489278155
1 0.5256442424872597
1 0.5600923393972127
1 0.5376625306546049
1 0.5090384160411384
0 0.521356582024219
1 0.4685508326910213
1 0.5258252008206953
0 0.5089654588925306
1 0.5145798231206613
1 0.5060877355983904
0 0.5377505747014406
0 0.4718304644427306
1 0.5370283616033192
0 0.4952258933045221
1 0.5200714216972356
0 0.5105497506973669
1 0.4690903999151191
1 0.5215940990941346
0 0.494794498761215
1 0.5229414045126848
1 0.5117254394056118
1 0.544851304497257
1 0.4787199341650672
1 0.49182101204065154
1 0.5133185549231454
1 0.48637402047411626
0 0.5010544389160975
1 0.49941499428829994
1 0.42806444034312546
1 0.5456188091865617
1 0.6003897166810854
1 0.5236056605862502
1 0.49838257770347855
1 0.5353193839491912
0 0.5096676444801498
0 0.5485988909204286
1 0.5324730732019713
1 0.5351310152463198
0 0.5020830727408672
0 0.5266648621760358
0 0.5285655820521852
1 0.5255694130332493
1 0.5345549916749585
0 0.4994293768905427
1 0.5342759435510762
1 0.5142287472586013
1 0.5425490953903633
0 0.48332763074954865
1 0.5288097313249125
1 0.49465849901935427
1 0.5332057338669525
1 0.5183934075117145
0 0.5361799795653992
0 0.47286682969098304
1 0.5417951701833675
1 0.5399978504728374
1 0.5265743624585442
1 0.5334109458364247
1 0.5484540222557166
1 0.511162510033651
1 0.5169667477572254
1 0.5665998611536652
1 0.5381337992923168
0 0.5131087319653082
1 0.5754815639235679
1 0.5309978099925283
0 0.5425964699463368
0 0.5176087787053713
0 0.5121493450369972
0 0.5072823474245791
1 0.5440955706513829
0 0.5169064888879874
1 0.5469735726105295
1 0.47557266166038187
1 0.5031637753465199
1 0.5113110783781248
1 0.5148160824112323
1 0.5482511300509391
1 0.5060216583058442
1 0.5649529388227161
1 0.5810439115148643
1 0.53352206429844
1 0.5590249979965657
1 0.5087583953411883
