1 0.43433510792898494
1 0.4450049863041614
0 0.4186579980917888
1 0.42093918733389
0 0.4688012512587615
0 0.5179221851496868
0 0.48495562692008526
0 0.44411994638849556
1 0.4634156580392709
0 0.48907155636165556
0 0.48963387342427694
0 0.48357000086897395
0 0.4923536700046022
1 0.4992975884951933
1 0.48645986424411064
0 0.47542703945932474
0 0.40656894341826694
1 0.4348603969484896
0 0.4710065231843582
0 0.5079458840852983
0 0.47031794350674516
0 0.44492413470935627
0 0.5057889022169263
0 0.5112232503037171
0 0.48378330086032345
1 0.49857813867252615
0 0.45432194527000735
0 0.46023365462817056
0 0.47705170693004884
0 0.49939601861150895
1 0.4587851243263107
0 0.49347765469683247
0 0.4814426578248791
1 0.49702665757024134
0 0.5003392702165482
0 0.46997312302856
0 0.4490422288915741
1 0.4408284912417634
0 0.5217031393064141
0 0.48297544506715
0 0.4542868016167427
0 0.4726279981500672
0 0.492972327889485
0 0.49634956966444377
0 0.5006003384506745
1 0.4484481524744264
1 0.4549648833291588
1 0.4784978166709834
0 0.47571811002708975
0 0.5015526885460437
0 0.48602924341727277
0 0.5048606552833329
1 0.46538423081027114
0 0.48522104487377976
0 0.49152836089847385
0 0.48836506700539956
0 0.4811538263430839
0 0.4864878775455227
0 0.50092105148769
0 0.48360954366819614
0 0.5154874977527157
1 0.4744227662952026
0 0.488657747832239
0 0.4791119420071817
0 0.44643069473209523
0 0.5442702737871524
1 0.5205628269847364
0 0.5085859397450614
0 0.5032680696205434
0 0.4863806789486412
0 0.4840975639379627
0 0.4845713903987882
0 0.4806439272748864
0 0.4609491605948466
0 0.4371008949512512
0 0.4645766440782723
0 0.45443699252982994
0 0.4764812221012072
0 0.47068595611533776
0 0.5182252843360393
0 0.5071325325677145
0 0.5016729224582486
0 0.4779329572111281
0 0.4787021543909799
0 0.49827659172223393
0 0.4801449536593732
1 0.452599640561007
0 0.46445072708244645
0 0.47671890472506095
0 0.4800738693982214
0 0.44627467804409726
0 0.4931020657373049
0 0.5018085353571212
1 0.4863435051259505
1 0.49829825274844414
0 0.4915823819285233
0 0.4801506217455464
0 0.492038077067506
0 0.5148555067513525
0 0.5246221751331072
0 0.4826127497740854
0 0.5057383905916231
0 0.5062698315540738
0 0.4481903564735814
0 0.5041236073726726
0 0.45659147948221845
0 0.4720022543911469
0 0.5037115906797387
0 0.5159635589536443
0 0.4780623912767299
0 0.5050730268524936
0 0.5125812965579715
0 0.4571862605244047
0 0.4607670672901741
0 0.49433045723343877
0 0.46439682867578624
0 0.46917434101038863
0 0.4978155454882189
0 0.42884883442654465
0 0.5132593630013089
0 0.4988402680090577
0 0.5123354529198498
0 0.484827187295992
0 0.5015780817068822
0 0.49889024800301524
0 0.48551081606115976
0 0.49755441729085514
0 0.4730433107513782
1 0.5084773676506635
0 0.5335133944740992
0 0.4349555691212333
1 0.4702459223461251
1 0.4893365772848946
0 0.47843979374934015
0 0.5281286278930825
0 0.46352838626118453
0 0.5040960547476556
1 0.4965147714673386
1 0.5031973738630021
0 0.46712321810572255
0 0.5094677278595102
0 0.5217996938243745
0 0.46500871557805096
0 0.47897373043492125
0 0.4755114623766963
0 0.4947668449364075
1 0.4869451803799814
0 0.49475951781761196
0 0.5029908150345198
0 0.5000153131423211
0 0.47451821817244955
0 0.502946162212364
0 0.46709313666227026
1 0.5099753362806624
1 0.49263178448903383
0 0.496766461018164
0 0.5008495738690424
0 0.4817196834171521
0 0.46940402516644225
0 0.4744470521993513
0 0.4927924603289519
0 0.4302479938755292
1 0.5027458891921377
0 0.46868866342053345
1 0.47052318934129506
1 0.5089204339617358
0 0.4687774862767106
0 0.48292197667568015
0 0.4952261491364795
0 0.44537013458020447
0 0.4459606131677796
0 0.5049936381318374
0 0.46143992560171326
1 0.4618683189704331
1 0.47406394735329205
0 0.4733648250605277
0 0.5022596066596833
0 0.5209743449247751
0 0.4246062927423869
0 0.49469233623595865
0 0.4793713574973611
0 0.5249126008268677
0 0.5061014199208367
1 0.490410340582089
0 0.5167701910096454
0 0.48187512791351594
0 0.4634524381764721
0 0.4976243032797554
0 0.42864235086223773
0 0.438592227617554
0 0.4888813349214236
0 0.4762402354079223
0 0.49170787768627516
0 0.43540486580254684
0 0.46245492196197757
0 0.5152821095057969
0 0.501741771347773
0 0.48675489899312285
0 0.4584027896307269
0 0.5009699688171882
0 0.49359401084621185
0 0.50654361882958
0 0.4743822990443735
0 0.4722435629888998
0 0.46712956748067974
0 0.5048724107019482
0 0.5084415807988419
0 0.4846145039852023
0 0.47077730213430513
0 0.46295385231502006
1 0.44517060702478145
0 0.4669259539034402
0 0.4975844784605128
0 0.5190070070412481
0 0.4730252423854299
0 0.45756137955738907
0 0.4966597866852766
0 0.48752993149719775
1 0.45952631480929657
0 0.48464217046532587
0 0.4805693274211275
0 0.4653409746124049
0 0.4905512034752254
1 0.48223402534287263
0 0.4730719170235747
0 0.4396831756393335
0 0.45293229665386253
0 0.496456912526033
0 0.4751313013479664
0 0.4518400685618324
1 0.4613138322770159
0 0.5308207990876461
0 0.4915231689786749
0 0.5054558344690656
0 0.48759721919114163
1 0.47447735176089134
0 0.4578771548561365
0 0.4888159590084701
0 0.5180249373675366
0 0.47697316630355296
1 0.4908688779237164
0 0.5148531594256539
1 0.46464275179924325
0 0.48726085432987026
0 0.5017401369653082
0 0.4921396136868482
0 0.4486269421986042
0 0.49082358793264363
0 0.4683403445760055
0 0.491817140532846
0 0.5025076694699625
0 0.47100647149549413
0 0.49091813571742404
0 0.5032645073585397
0 0.467744231392527
0 0.4822375653662355
0 0.425433814032017
0 0.5030426261456907
0 0.5120672004267028
0 0.49212347705153414
0 0.49205713481216956
0 0.44340460449699604
0 0.49295675778062276
0 0.5104819342731098
0 0.516436564345388
0 0.5060623767247586
0 0.5172240745190853
0 0.4950599375472973
0 0.49203620110749924
0 0.4588772044909089
0 0.47075526993242695
0 0.4951495961518815
0 0.46544206069932936
0 0.4987981117582744
0 0.4785656532191736
0 0.48368148025883684
0 0.5216126846173348
0 0.5046671715660729
0 0.4966749379941213
0 0.4890534621491828
0 0.48753387345772997
0 0.494206060426056
0 0.49932847320836893
0 0.47873824076705285
0 0.47746111368291566
0 0.5114427080792807
0 0.4588504423236012
0 0.5065822232622733
0 0.49713029750437715
0 0.5020098159526359
0 0.500605775025973
0 0.48764091710394625
1 0.49660914125676153
0 0.4690654214191081
0 0.518760501325263
0 0.5077115890217929
0 0.49278495065144406
0 0.4857686951592651
0 0.4255930235568977
1 0.4964418598643306
0 0.4932313999644758
0 0.4977856216131951
0 0.5167537317856465
0 0.5057603609748361
0 0.4933497563032338
0 0.4835534399170292
0 0.48083353615475255
0 0.5054227867455232
0 0.4740157649488666
0 0.42935507018530417
0 0.4704069507397932
0 0.47739958509093233
0 0.47934295729264803
0 0.5005402371343662
0 0.47501380215592415
0 0.4966055449406951
0 0.4870147868183473
0 0.48304171099439747
1 0.4914133073009276
1 0.5080639488600894
0 0.4962203772516824
0 0.4450983148405208
0 0.48490458177209855
0 0.5152445174726873
0 0.45913026519529976
0 0.43345691349439186
0 0.4756789253207993
0 0.4885828867635133
0 0.4869789514134529
0 0.484962666376288
0 0.44910129794860276
0 0.45852674204788985
0 0.46871817225274354
1 0.47885051986030114
1 0.5054659404471361
0 0.499764765156696
0 0.4834304074616875
0 0.4664150552899724
0 0.5159220415848017
0 0.47283163263536826
0 0.486777912830644
0 0.4678221919381306
0 0.49607782324037364
0 0.49125604895123176
0 0.45079932069923706
0 0.4772778105733804
0 0.49784381323374766
0 0.4323286916508685
0 0.48767915071034185
0 0.48625153101077284
0 0.4763939958875233
0 0.47564583847417824
0 0.5028998597141936
0 0.5130854861514372
1 0.45557921115059036
0 0.4779164659737307
0 0.47677079419837837
0 0.4655009311507958
1 0.48581704031490947
0 0.4739959954397429
0 0.4869583466019353
0 0.49956017363217
0 0.45973436657932487
0 0.4165530623987639
0 0.4969410351745074
