0 0.45431186205318747
0 0.4719611827863394
0 0.4880087559467562
0 0.4725819601344597
0 0.44162202211326657
0 0.42704768371458657
0 0.440155599724461
0 0.4679705489019115
0 0.48001467064946174
0 0.502612664987057
0 0.5342039722752886
0 0.470854170398637
0 0.42124707398239597
0 0.5241133965475634
0 0.4778117848860805
0 0.5212407288443809
0 0.48224737814590535
0 0.433935784020136
0 0.5206862188277314
0 0.4766690050154234
0 0.49779940317349974
0 0.49572174035054484
0 0.44262904931525565
1 0.4912055229762984
0 0.4900765060880627
0 0.480555229047169
0 0.4600656522223798
0 0.449407310421276
0 0.44416565403665353
0 0.553066257422511
0 0.4681749635339856
1 0.5271754485314656
0 0.5266438610630404
0 0.5210159679745475
0 0.5199033300375246
0 0.4833572626251527
0 0.4704454666749416
0 0.443449636832037
0 0.47850306884034444
0 0.4957769137045191
0 0.4785926433897949
0 0.4817811439064891
0 0.48157267659158315
0 0.4488898514236852
0 0.4267261354033024
0 0.37692991634343764
0 0.4555111781925368
0 0.45530509064351765
0 0.41431076592403804
0 0.41963326565909337
0 0.4953879739336604
0 0.46533172055943717
0 0.4487089858678494
0 0.3888076941008487
0 0.4656425078164125
0 0.46137733195984165
0 0.4439215212047116
0 0.47815451677566817
0 0.491287603209509
0 0.43012902323760993
0 0.4120640470762497
0 0.43284871793786117
0 0.462461887380662
0 0.45945225831111586
0 0.48675255295808656
0 0.5132211462220335
1 0.5198656112643226
0 0.4618554446160982
0 0.5182440074263144
0 0.4693279454970958
0 0.45639213602534157
0 0.4156764215390279
0 0.4298974696115016
0 0.4552089947538642
0 0.47581835231759567
0 0.4612252145611169
0 0.4438417765707614
0 0.48115635036118837
0 0.45405205512399116
0 0.4490610358458812
0 0.4546429865050265
0 0.4822137701702197
0 0.49691454246833644
0 0.44544457232137946
0 0.45372321058943427
0 0.4552908892020302
0 0.45899904818963094
0 0.43046354379718393
0 0.4623628682496752
1 0.4365517596403005
0 0.4507395559179111
0 0.4889210200966535
0 0.5181487384672391
0 0.49187811213027305
0 0.5023574662909337
0 0.4122778221251564
0 0.49988747364450653
0 0.4101802280646583
0 0.46988864012307013
0 0.4054917831189044
0 0.46408854178056336
0 0.4877659142494009
0 0.48863217016160654
0 0.4337438552121029
0 0.4725709820297115
0 0.4673803762053288
0 0.4225546920416553
0 0.44537823793142645
0 0.43243683552590256
0 0.4561835480208251
0 0.44580793509215466
0 0.4247778180914836
0 0.4980376300029061
0 0.49600333731078733
0 0.5175767596374267
0 0.4521390139210285
0 0.4669006904576009
0 0.41739860615852514
0 0.5004316487508942
0 0.4706309258675776
0 0.5073294131934081
0 0.47372838778415827
0 0.4883029944613876
0 0.4172671172303681
0 0.4659498629193493
0 0.45856132741667144
0 0.4733571283285772
0 0.45268546304842866
0 0.4686614515063916
0 0.45664280754792846
0 0.4781002308161199
0 0.4225520033035412
0 0.4306456152222539
0 0.40032363043864877
0 0.46900601209810966
0 0.3939255018200644
0 0.48969495622623
0 0.456427157133876
0 0.4354023269534411
0 0.43819684998732056
0 0.462098744766984
0 0.4677389007774197
0 0.49117510524607416
0 0.5331197458602708
0 0.4627384450445186
0 0.33844287730880784
0 0.43865020226918366
0 0.5205937283743372
0 0.4708752279863228
0 0.40759647935027704
1 0.4237040146165954
0 0.506606377210375
0 0.461862728790744
0 0.4171871229990408
0 0.49057215720893926
0 0.45341190777590573
0 0.5016390566688315
0 0.5322726844350264
0 0.486399149153209
0 0.48409638092067026
0 0.47299497752996006
0 0.49577973383720236
0 0.49612546493203563
0 0.49602266596178035
0 0.4716843150170778
0 0.4660156070373191
0 0.466202466480204
0 0.415922545695457
0 0.5011101960045814
0 0.3977320318240239
0 0.499462368112307
0 0.5148631078948331
0 0.4588852040956833
0 0.5061011537783175
0 0.4485634265314022
0 0.4402787019657433
0 0.47990414056436714
0 0.4423400720059895
0 0.4680504632012414
0 0.36703663221770316
0 0.4445888244774238
0 0.3916042303651591
0 0.49539386885090453
0 0.4638799434601726
0 0.5018718887504833
0 0.45418893013626666
0 0.41555666808239083
0 0.5240677181849579
0 0.4237654168870361
0 0.43273798887832127
0 0.42115798260496556
0 0.4853281329765673
0 0.4079880775558314
0 0.4163312705945441
0 0.44765483856750454
0 0.4523311616253158
0 0.4981798250200503
0 0.49906581859258503
0 0.3934055443033022
0 0.4422658900382054
0 0.44156174885361127
0 0.42117823161900514
0 0.39928022142911657
1 0.46207788301493047
0 0.38381235661944835
0 0.3903135159812905
0 0.4150928706502757
0 0.45461837466840027
0 0.4106513806404946
0 0.4186175117609188
0 0.45560575824994176
0 0.41396027337795194
0 0.4286454520653318
0 0.363921612299889
0 0.4672586783356762
0 0.43836721413946406
0 0.38320637461311363
1 0.47133562729400835
0 0.469279596464927
0 0.44517354039827817
0 0.46821305641095706
0 0.48712833765133184
0 0.46774472640772374
0 0.37615924637374215
0 0.48741971150844404
0 0.4827113539273685
0 0.471013746159499
0 0.38701219251959823
0 0.4256302771758101
0 0.4762928723584043
0 0.39215638517506735
0 0.3854737514321118
0 0.41564553764879986
0 0.44158674199834
0 0.4056269241528567
0 0.436297049537757
0 0.3950908612029173
0 0.4857354651460414
0 0.44446384479662193
0 0.48122676929615427
0 0.5088799160124449
1 0.5030320121347707
0 0.5001713290920535
0 0.5140732171840168
0 0.42368361778104835
0 0.46230312138953716
0 0.460052344889429
1 0.48195821976420794
0 0.48981197729141696
0 0.5046039347100603
0 0.4980801659907487
0 0.5082919438370451
0 0.4873768093355102
0 0.41410304395044706
0 0.4472207960542174
0 0.5191540045426732
0 0.49522489134567066
0 0.4784059717722095
0 0.4870132008211723
0 0.4536651496953696
0 0.4876986248283698
0 0.48975024462044686
0 0.4834699050466044
0 0.4787015647809965
0 0.44305762249519665
0 0.4819706707970884
0 0.38542956745009965
0 0.4905068335316674
0 0.4356772539407953
0 0.4820684122475417
0 0.3990356091901607
0 0.46536905885502183
0 0.48333403521686086
0 0.4878184284043022
0 0.48156590908682356
0 0.47262132520633793
0 0.38824838643176995
0 0.45871884422530357
0 0.4237020173060776
0 0.4131220895972694
0 0.3927761267063252
1 0.4612952660719464
0 0.4912467941427739
0 0.4532704441119548
0 0.3552949736939316
0 0.5097587911038312
0 0.5002140609056408
0 0.4114067291550793
0 0.4688570510480901
0 0.5288951968041063
0 0.46114658712387974
0 0.4884576329375699
0 0.4714705162884292
0 0.39951428365592057
0 0.4771113563335197
0 0.5076819223790181
0 0.4736054916784212
0 0.5328468090135038
0 0.41739702157407055
0 0.46267887130267127
0 0.3426384436986421
0 0.47588840738859844
1 0.4188971504826517
0 0.45324866988731094
0 0.45821427697100114
0 0.4247995134756472
0 0.4532265689480425
0 0.41358701216818883
0 0.4771489092290378
1 0.3788038939457895
0 0.5528578365487948
0 0.45313492023942015
0 0.4515943900458481
0 0.4632551542288209
0 0.4924714874516285
0 0.39726368462286354
0 0.38995338060783125
0 0.42629668390401904
0 0.4188138627600947
0 0.3777499986726493
0 0.46032048351243365
0 0.3924583172810044
0 0.4401593399102598
0 0.44036501336609774
0 0.4745864724409993
0 0.45860707230575126
0 0.4549049414944129
0 0.4130077101392795
0 0.43464627733114913
0 0.4798463475777224
0 0.4412689127261194
0 0.46554840925035107
0 0.40244035939877115
0 0.5210309222646038
0 0.5413150834166739
0 0.5048201299611316
0 0.4425845391292027
0 0.46684438945597595
0 0.4685382855054984
0 0.4639783790892561
0 0.4742378435897257
0 0.4498020719180472
0 0.46950577622922357
0 0.4585058740111409
0 0.495729091589938
0 0.5027562261225574
0 0.40332177049718865
0 0.5030404116035528
0 0.454831515397985
0 0.5054829962953229
0 0.4435279427138356
0 0.4948361291241545
0 0.5109364530300253
0 0.4221304723015378
0 0.45468454202284947
0 0.4918750902028185
0 0.4593951050995056
0 0.4753993116354009
0 0.47062373746074665
0 0.49280384124861365
0 0.5233154548701421
0 0.4936542700881858
0 0.47367947422927675
0 0.46479361217113674
0 0.46631411702162295
