0 0.44918218711596036
0 0.4684147733545242
0 0.43643111334119167
0 0.446923582144737
0 0.4003475221422959
0 0.3386568604514404
0 0.4222733432171044
0 0.48008497597511335
0 0.4507887522954007
0 0.4403273950582372
0 0.4161408851193948
0 0.45530049534317224
0 0.3881788548711133
0 0.4486139308684108
0 0.4497347831855677
0 0.42088740338515646
0 0.43002022855072347
0 0.5288461556624711
0 0.5181670328175443
0 0.5444149394861992
0 0.4472486512616666
0 0.4841925007744758
0 0.5247314384376306
0 0.5109369634926757
0 0.44642927010340644
0 0.46694957584128743
0 0.4059757759958739
0 0.5189369860800103
0 0.4954559581528405
1 0.5019337956981998
0 0.46818637014199593
0 0.4322473702599864
0 0.4255087876368363
1 0.4365816521475093
1 0.5066776892862757
1 0.40787807585042646
0 0.3477905820761986
0 0.4454152889111307
0 0.4380024787693622
0 0.47270622143118934
0 0.5129336133800229
0 0.470654329263348
0 0.41643421865195424
0 0.44678347208515906
0 0.5281003365198044
0 0.4554949945928916
0 0.508622292023917
0 0.4634079437163633
0 0.4663184030451051
0 0.4806795330898516
0 0.3460205315246294
0 0.41573905627916785
0 0.46039190342119973
0 0.4028714641845621
0 0.37348441464119
0 0.5488304553291751
0 0.48957524814764886
0 0.5219182469825683
0 0.5142585165914483
0 0.5387938428051163
0 0.5205009230913776
0 0.4702295799591851
0 0.4304703817555736
0 0.4639476357552739
0 0.5493931102093463
0 0.48300061795390165
0 0.47292335139792574
0 0.4887069165036093
0 0.48345983534339404
0 0.5014535124697619
0 0.5031882323933647
0 0.5245893142227481
0 0.5239978570160849
0 0.5415589065784554
0 0.3977106467258996
0 0.4911919690174036
0 0.5154744396893524
0 0.4697071097025859
0 0.3739804251148023
0 0.45336651833682906
0 0.48957021287412456
0 0.5146360066987483
0 0.3531878147857683
1 0.5274808177662683
0 0.5693095994059965
0 0.528372937524812
0 0.4821316339717719
0 0.5360107319291065
0 0.525889783106554
0 0.5147248380441246
0 0.5219448310957003
0 0.31705498078328614
0 0.43483295580318054
0 0.49723493710881883
0 0.49989621763347397
0 0.4766371206281444
0 0.5449090390071011
0 0.43414736590461234
0 0.35971014510238486
0 0.5223047148652049
0 0.5481879042308098
0 0.5059277140619968
0 0.3759484440134838
0 0.4856591832531714
0 0.4713399445819934
0 0.44979656020614783
0 0.4726808670792311
0 0.54514891717697
0 0.5080088568034827
0 0.40957260944863283
0 0.4569525849989827
0 0.44074942567355463
0 0.4926694821348447
0 0.4350751713980583
1 0.4893561481588706
0 0.5283141905067594
0 0.4111776373375247
0 0.3741175707753338
0 0.4723442899100035
0 0.40072868578202586
0 0.4668923844313353
0 0.507374926702031
0 0.5020391718030219
0 0.4983363851495803
0 0.47876327392920864
0 0.5028155096449441
0 0.41338089212263046
0 0.40446377618021456
0 0.37367451987568134
0 0.505887672446144
0 0.4873927676927267
0 0.37799752150202987
0 0.4066329086284344
0 0.4705252134083379
0 0.34409808437667777
0 0.3997057318585463
0 0.3965937205406245
0 0.4297434550355689
0 0.2360764458175003
0 0.3084159717704184
0 0.4713720435501655
0 0.5046026697569997
0 0.4963075702777059
0 0.44938632077684826
0 0.44323037261696063
0 0.5431531307214744
0 0.538080880826222
0 0.4116405588029731
0 0.4711714776445798
0 0.5504074424133473
0 0.4552346582486709
0 0.5110895851352327
0 0.49289414354520916
1 0.4874120073128059
0 0.5516308024856323
0 0.5548645011342421
0 0.44643878026425565
0 0.5109615612285339
0 0.5237033637543171
0 0.4463334167848753
0 0.5306606480467435
0 0.5211888257689434
0 0.47458749505343667
0 0.4462690608571028
0 0.5591299982811085
0 0.4520837048837534
0 0.5286970626393678
0 0.5129318039174516
0 0.47877566135361976
0 0.523339832694442
1 0.45407605878174007
0 0.4428895842230466
0 0.5205483755528205
0 0.5264706575031243
0 0.5046038442469372
0 0.31615586115730604
0 0.3990266300187086
0 0.4468019260708841
0 0.486929201321057
0 0.47059739773453674
1 0.4257549575238668
0 0.41032018246634
0 0.42027883436885266
0 0.48487608963276013
0 0.4778248822958916
0 0.5154632578459669
0 0.4545472041246008
0 0.5268607104787184
0 0.40055676400761775
0 0.39148732143884374
0 0.4211163886436757
0 0.4339996751239168
0 0.42876203298326837
0 0.4903380403036079
0 0.4876526675084576
0 0.3713244053399426
0 0.33942843509449266
0 0.4777003138240791
0 0.5180764532040218
0 0.3829123888028182
0 0.4882133998512838
0 0.4835980406236462
0 0.5049335098053601
0 0.4468608536189974
0 0.41448454722709704
0 0.3970722900609903
0 0.4750604062423401
0 0.5198875219076489
0 0.4544470792598812
1 0.5007998797513293
1 0.5163271672509475
0 0.386380347362164
1 0.48914385066223165
0 0.5097133632333023
0 0.4513699598162277
0 0.4452437192503804
0 0.4260932049981864
0 0.4412129846709363
0 0.5315104927230966
0 0.38314479816048497
1 0.5016368121125574
0 0.3481032541778447
0 0.47399084156115523
0 0.527387281731254
0 0.4829081720642371
0 0.47664880455596975
0 0.46420129135529453
0 0.4057143021055292
0 0.343746795463296
0 0.40355091026232914
0 0.4664888590152614
0 0.5347973856529403
0 0.5292164588476649
0 0.38916904373846994
0 0.46113643300351403
0 0.4557414960377061
1 0.3590290310261677
0 0.3702091056419829
0 0.38680844064471526
0 0.42711082124646954
0 0.5620635268232467
0 0.44129779698502153
0 0.5416054349599432
0 0.45477106709633225
0 0.4342061471457294
0 0.5264299080433947
0 0.4808268461522848
0 0.5101483345147612
0 0.46508109377969475
0 0.5469960121025388
0 0.5302369312793704
0 0.5055042062360193
0 0.43885048191079695
0 0.40208223894864853
0 0.33987575444756823
0 0.3395870843285802
0 0.4311957175557732
0 0.42630811232368604
0 0.5002734470485051
0 0.5375363801270856
0 0.489092512237976
0 0.48905621300066204
0 0.3143934231819997
0 0.40048333249665147
0 0.5084950805338309
0 0.43942532219914876
0 0.5574224123470471
0 0.41706019087723123
0 0.48622883808107425
0 0.4763795345863541
0 0.4147065688267777
0 0.5122047182859161
0 0.480925501706754
0 0.49784189398010487
0 0.504374955769537
0 0.47029983429136263
0 0.4684809575536988
0 0.48827528912607265
0 0.4675555938853366
0 0.42842922967890207
0 0.45153790330773325
0 0.4012340552255325
0 0.48004785688406393
0 0.45746707659916375
1 0.5105318171657021
1 0.33020892938340124
0 0.42188762347208514
0 0.38072235227281725
0 0.5088334044295527
0 0.4646013588842349
0 0.40003358915326415
0 0.4661945736244347
0 0.3634459848778931
0 0.3878455026926181
0 0.347139987504973
0 0.4223074977052541
0 0.37064651567138385
0 0.4754501939516198
0 0.43059181149353565
0 0.3160785277725013
0 0.40560089404951344
0 0.473499344352751
0 0.48396127282801527
0 0.4233953153726864
0 0.3766246485794939
0 0.45185619213038397
0 0.4629305066256135
0 0.45721209592380546
0 0.44265473292343066
0 0.4248594908312797
0 0.28707463954819634
0 0.37454318164418005
0 0.4836058773216797
0 0.4794975735334253
1 0.4993194627981541
0 0.5141652809477799
0 0.38117218653720836
0 0.4003984344762957
0 0.49496162608120803
1 0.39295601089206367
0 0.41270205978211744
0 0.5565397411041274
0 0.4585648481108943
0 0.47085102173918775
0 0.4793339441675491
0 0.45043330264178577
0 0.4493647278112553
0 0.4116764803519041
0 0.4576937397808004
0 0.4883120287950756
0 0.44372505042600635
0 0.47547660661583396
0 0.4730729985771294
0 0.41677183436026843
0 0.5082086615782316
0 0.4525350904523294
0 0.3978539574332556
0 0.4668637022987349
0 0.48979053282588164
0 0.5353995886382653
0 0.37744428467393637
0 0.49211816078754156
0 0.5269763779725886
0 0.47517430040544434
0 0.4323683654221508
0 0.46974968489721125
1 0.48592096734687085
0 0.42487956694054
0 0.4917310030314208
0 0.5393559370956458
1 0.4570368759240013
0 0.4760954659793282
0 0.5582395425796396
0 0.4998274841315318
0 0.5339739064200779
0 0.5021781270615635
0 0.47969399249154615
0 0.45715765766593697
0 0.49094480274053975
0 0.47381413105316944
0 0.5363557606097243
0 0.515990338465478
0 0.5145981495369588
0 0.5291982169937824
0 0.47962534139949586
