1 0.5176649207475759
1 0.5588602459173998
1 0.5388411048070112
1 0.5581080096497586
1 0.5764046116964996
1 0.5442890544149642
1 0.5697560233970794
1 0.5478471748581712
1 0.5761361461756098
1 0.6172661214947298
1 0.5722738727944253
1 0.5405887006112763
1 0.5801736961493476
1 0.5648671129924304
1 0.5696641197899366
1 0.5677628616210197
1 0.5527491358250893
1 0.5860159442042601
1 0.5467329760974543
1 0.5643617839938186
1 0.5394802926914514
1 0.5813963494641256
1 0.5131198533550418
1 0.5230396619166274
1 0.5167556707160966
1 0.5359731993100298
1 0.5103314307889097
1 0.5444977229360644
1 0.47994003414608943
1 0.5521330437099168
1 0.5253635639442827
1 0.4870135518268647
1 0.458916842952218
1 0.506309818824896
1 0.506897117481626
1 0.49963315599223534
1 0.5503001226461776
1 0.5314855339667673
0 0.5670021622834495
1 0.5575723447848013
1 0.5107997313968906
0 0.5223509919539934
1 0.5261494721055733
1 0.4836450431044426
1 0.5169423457972653
1 0.5726810328838079
1 0.5273533814852028
1 0.5383772500224607
1 0.5337691864272349
1 0.5544650607447553
1 0.5785927781310551
1 0.5501561706214727
1 0.5781740356841234
1 0.545027649176557
1 0.5181219982286646
1 0.5729814031309125
1 0.5676992519886216
1 0.5384731319754602
1 0.5270838580725361
1 0.5063001010179515
1 0.5357565467475797
1 0.5533065230264145
1 0.5248775096714585
1 0.4957238231352894
1 0.5466362791104362
1 0.5009059784330733
1 0.5717397902598451
1 0.5534179006908354
1 0.5341682122259004
1 0.5326923358996408
1 0.5472411207868997
1 0.5136236303415689
1 0.5439049043196794
1 0.5388595055602643
1 0.5845529109082102
1 0.5657636451326341
0 0.5695947708771147
1 0.5564889096823354
1 0.5313824525362032
1 0.5831462971637718
1 0.5171540560824778
1 0.559126710370284
1 0.5239811552277918
1 0.5378193506759037
1 0.4980277425803346
1 0.5450293926359517
1 0.4583023059238554
1 0.5014799209425005
1 0.5118957573536114
1 0.5128785000615428
1 0.516644431851782
1 0.5404921274089243
1 0.5292001945040051
1 0.5119724288932539
1 0.523079940655453
1 0.5158677059625533
1 0.498597716633804
1 0.4912488220009979
1 0.49274866171113524
1 0.5009941980783574
1 0.5136912207331323
1 0.4808345232998395
1 0.4905688192675623
1 0.548976137965223
1 0.4813997150226827
1 0.5328416006129753
1 0.5637612135059616
1 0.5327438927403982
1 0.5827657025225239
1 0.5082236785951243
0 0.5872850662043667
1 0.5606013837630142
1 0.565602056246575
1 0.5688192711362328
1 0.5712776250293837
1 0.5354529487899174
1 0.5572696958158325
1 0.5178906906988272
1 0.582285136137931
1 0.5429189191086609
1 0.5746041753704545
1 0.5960687475168537
1 0.606160501180674
1 0.5908625123355938
1 0.6097242654699743
1 0.5896160891421914
1 0.5539346086934324
1 0.5842243257471721
1 0.5585561582152113
1 0.52554707024463
1 0.545207895355101
1 0.5308320177020944
1 0.5553320373309805
1 0.5508314763669258
1 0.5311137137794721
1 0.5511318367837127
1 0.5509033189323611
1 0.5631824150746927
1 0.5274754680835476
1 0.5968374205776449
1 0.5599519466817287
1 0.5748892904351208
1 0.5296441777376975
1 0.5911742998841403
1 0.5395854940865498
1 0.5616898075651545
1 0.5356794667312271
1 0.5620482942545706
1 0.549235970593965
1 0.5661234421139764
1 0.5488627834461942
1 0.5689911086175024
1 0.5388075241222537
1 0.5561753430471827
1 0.5257734475210797
1 0.5654649054993284
1 0.539375373401473
1 0.5673958010824023
1 0.522539662623293
1 0.5070531178650788
1 0.5177223961263275
1 0.549263473610758
1 0.523676540975798
1 0.5805439338336605
1 0.5193885384249814
1 0.5418826633483318
1 0.5199740131135894
1 0.5588345340224853
1 0.513278246379066
1 0.5434144805725217
1 0.4924620549731107
1 0.538481497866226
1 0.4806302687253463
1 0.5185666963263815
1 0.5034087936013392
1 0.5486341452281531
1 0.48882266693346
1 0.5406541778410402
1 0.5235030889418026
1 0.575005919941382
1 0.5192402228890857
1 0.5720928075405319
1 0.4985713955801635
1 0.550620387908761
1 0.5111861479746065
0 0.54559315071466
1 0.5211109871314243
1 0.5517801072202716
1 0.5193591375654443
1 0.577252351814985
1 0.5336704141568587
1 0.526006081300476
1 0.5518668598916142
1 0.5524988798256416
1 0.5052666854737088
1 0.5374386337065277
1 0.5328231841891483
1 0.5429781801405981
1 0.5134371147875192
1 0.5481767942662855
1 0.4846661345073064
1 0.5624779257412889
1 0.5330938957957204
1 0.5318267824284896
1 0.5171744798656757
1 0.561961845101372
1 0.4866802698979942
1 0.5238063208684063
1 0.5274209524021405
1 0.5395087437204032
1 0.543690285778578
1 0.5295919662439348
1 0.5108752790098968
1 0.5555645376522189
1 0.5333422488579357
1 0.545929365276983
1 0.5082398825124065
1 0.5511885945740875
1 0.514629045055731
1 0.5660217613270113
1 0.5374344116364521
1 0.5345436826629533
1 0.5272999932833276
1 0.5386743867918775
1 0.5451761019646335
1 0.5076178094820413
1 0.5335014590682656
1 0.5150515656470065
1 0.5282466927549097
1 0.5275989600736495
1 0.5064368748542972
1 0.541312935488807
1 0.5291917743300746
1 0.5462496231661962
1 0.5200614533389428
1 0.5544899230802619
0 0.5296739055620675
1 0.572816090829327
1 0.5054952040716132
1 0.5540840737278835
1 0.5600678081358641
1 0.5595385739622185
1 0.5323947716058025
1 0.5633125309695657
0 0.5538198557066496
1 0.5590034619983623
1 0.5217714572883053
0 0.5716577561678486
1 0.6065670258795363
1 0.5677635460660916
1 0.5026330482743
1 0.526499653528119
1 0.5426738140857872
1 0.5136398215508956
1 0.501685600460109
1 0.5153987205990658
1 0.5074857587673861
0 0.5386346426006072
1 0.5176711587331152
1 0.5652779724738981
1 0.5166255833637301
1 0.5530139582150008
1 0.5342669303392101
1 0.5562810200608778
1 0.497844755749026
1 0.5453949315627225
1 0.5371259569134639
1 0.5406665263141561
1 0.5085936203126652
1 0.5796476114073145
1 0.5710081823918898
1 0.6075534131234479
0 0.5115680365022199
1 0.5145996499506882
1 0.5682580158735262
1 0.5601209258928864
1 0.557148174578177
1 0.5880437259508331
1 0.5755793169978278
1 0.5876018937512854
1 0.551888111052474
1 0.5783775304237606
1 0.5625643023580664
1 0.6086494919060499
1 0.5623370185380593
1 0.5866770152489369
1 0.616336573849049
1 0.5775004114036788
1 0.5419946176182749
1 0.6079951826109481
1 0.5835767980097578
1 0.5825923809338981
1 0.533070773685278
1 0.5932529468923361
1 0.5631455212179651
1 0.5806077136436975
1 0.547846511819147
1 0.5687771600239168
1 0.5442313989046236
1 0.5642809198761495
1 0.5300123948270498
1 0.6003244241252386
1 0.5480277848091294
1 0.6024985605726413
1 0.5558812022695683
1 0.5621019141117441
1 0.5486944162444725
1 0.5421337557759303
1 0.5241661809417258
1 0.5789436145120566
1 0.5482531690559094
1 0.5496052228902942
1 0.5443945146292721
1 0.487377612742578
1 0.5425599668381561
1 0.4890750543192651
1 0.5396741596168018
1 0.5133505594841169
1 0.5657790315760621
1 0.5174757488062608
1 0.54378724228001
1 0.509085120198798
1 0.5615647744869968
1 0.5396177448526318
1 0.5393776854520794
1 0.45786077081779725
1 0.542554559257046
1 0.5147129781117669
1 0.47129095705688123
1 0.5163341733037796
1 0.5108958899360879
1 0.5371395680771137
1 0.5332617143703635
1 0.5596641012879869
1 0.518653889161027
1 0.4701004353587023
1 0.5193232663652161
1 0.4864921747465429
1 0.48430867866163396
1 0.46953708019176266
1 0.45348679524330227
1 0.4679275494847403
1 0.4418360830943809
1 0.46651730161691896
1 0.45596232616380955
1 0.47728814319832036
1 0.4835677703780253
1 0.47861237654484357
1 0.5110451066760563
1 0.4884446690602086
1 0.456902344965684
0 0.45346537535956466
1 0.47084775628037523
1 0.4788366119880111
1 0.48109416417956535
1 0.44625566613787004
1 0.48821945389384735
1 0.5233327512472438
0 0.5060009123510592
1 0.46393775659313685
0 0.480128527081071
1 0.4625179080128476
1 0.47613505793937977
1 0.45776340838243607
1 0.4548522323774534
