1 0.7613581332666611
1 0.7569101715217799
1 0.6076104990571859
1 0.6652906831193963
1 0.6979347994666135
1 0.6825989820778998
1 0.7128428109292465
1 0.6640001832706198
1 0.7126601077217518
1 0.7023564799611507
1 0.728079355541893
1 0.7381614272286241
1 0.7138586601279553
1 0.7054903017652472
1 0.6679151819736195
1 0.6905695959566792
1 0.7276074673000679
1 0.7242683061540302
1 0.6818708385351014
1 0.5967568705526162
1 0.6374136288337005
1 0.6926183008551183
1 0.7157882050389022
1 0.6783717608896386
1 0.7330131865079873
1 0.6499950955182823
1 0.6805820338546364
1 0.6865516074060026
1 0.6681816404356699
1 0.6810447970737025
1 0.6784933624529943
1 0.6432362246156719
1 0.6727779649474137
1 0.6570828871877377
1 0.7087916994094003
1 0.7516725824289262
1 0.7406701662974994
1 0.6588648071593637
1 0.6592543349150034
1 0.7288260752240839
1 0.6533009595908105
1 0.6869387281537579
1 0.6429310833282893
1 0.5831233716025535
1 0.5972219330772127
1 0.5518589194717585
1 0.5918796954167889
1 0.5491231760569799
1 0.6084763424923872
1 0.625882720870884
1 0.6681046541558384
1 0.6756197902246025
1 0.6386943423904504
1 0.624899590537195
1 0.6157503715107996
1 0.6252898993759463
1 0.5407105863622085
1 0.5161758308103264
1 0.4709588736393677
1 0.4286246939438741
1 0.5005445369107023
1 0.5626618760211068
1 0.5971819533145635
0 0.6250397705099262
1 0.696706665808146
1 0.7074294685901742
1 0.6252649676606447
1 0.6602910429408904
1 0.6960707458843459
1 0.5957313737140236
1 0.6096345388857383
1 0.6414834396827598
1 0.6273185107908366
1 0.5463260393522963
1 0.4840468468226645
1 0.6229011829594808
1 0.5863853414438861
1 0.6121414016760794
1 0.6601498926230173
1 0.6547218115848777
1 0.6774833679286767
1 0.6526546371477372
1 0.6766125113434133
1 0.6660811571459103
1 0.662256481705101
1 0.6372705668829812
1 0.6635526456030656
1 0.5522417128501155
1 0.5522475460181978
1 0.5615755705969401
1 0.6285176680684421
1 0.5663846853175054
1 0.5899031398988812
1 0.5637610472862428
1 0.5700435078315609
1 0.5905264881030161
1 0.5761173038921353
1 0.5717651185710458
1 0.5636522621787778
1 0.5455058484799564
1 0.5806570053677423
1 0.5056129689179566
1 0.4933495803860011
1 0.4917376175822001
1 0.5132671927276908
1 0.5048601200730009
1 0.49805457627784044
1 0.5165403488114914
1 0.46503781277919326
1 0.493156290447043
1 0.4821540100240718
1 0.48609953463961403
1 0.5042888554783268
1 0.4894001040871408
1 0.5033016220128812
1 0.4593535214895631
1 0.4524425956244063
1 0.5056556350159913
1 0.5420058205143514
1 0.5522980590546231
1 0.5643525409748027
1 0.5685889090729229
1 0.5180842655415687
1 0.5428218709677005
1 0.5515115104569264
1 0.5330943728905917
1 0.5070500869475094
1 0.5080596823493725
1 0.5291165650841233
1 0.5019422451414521
1 0.4886546178009632
1 0.49710962453831015
1 0.5845345928816483
1 0.5980152618567709
1 0.6172175878998072
1 0.708085851240368
1 0.685732161644773
1 0.7055356271350727
1 0.7387522328878361
1 0.6969911085839623
1 0.6622351161490452
1 0.647812304232032
1 0.6163158161408968
1 0.5256761164939354
1 0.5640165506297923
1 0.5233615418031421
1 0.6709531898649019
1 0.6592703967178551
1 0.6676695772099457
1 0.6207644263095025
1 0.6586257456179494
1 0.6157261106586814
1 0.6247297448369559
1 0.5804891320660936
1 0.6355454269026017
1 0.5750151339744405
1 0.63827473312649
1 0.56735219202764
1 0.5537910258904076
1 0.48756117469871463
1 0.444977524395097
1 0.5316872907913803
1 0.49187164796834515
1 0.5272571901293013
1 0.5728848592251818
1 0.5504029345984398
1 0.5763975207835518
1 0.541739579037266
1 0.5204679699792825
1 0.540693937528902
1 0.4555158649155691
1 0.48837924143175515
1 0.4932830502445424
1 0.4971406606281273
1 0.4432058852238803
1 0.4583200403977357
1 0.46131712819598186
1 0.41074570553953316
1 0.399474755635712
1 0.4108059193591053
1 0.4440762311814128
1 0.3917639095539709
1 0.3993748099170696
1 0.40474653057156507
1 0.421554674579784
1 0.4143951171252613
1 0.40841212021333734
1 0.41152231725459776
1 0.41386260173304507
1 0.39885226548015734
1 0.4142198159772066
1 0.3987761328608442
1 0.40821062646216344
1 0.4053124920108932
1 0.42880495281377734
1 0.4053064670470069
1 0.38402852623002526
1 0.396376316484886
1 0.3997511462980183
1 0.4033897005116764
1 0.41519902895863614
1 0.40968948586479553
1 0.40914670793834773
1 0.4143516185114603
1 0.4260513945248982
1 0.41741245533939264
1 0.41404615924686716
1 0.40951098776985234
1 0.41476891660091497
1 0.40451817340258467
1 0.41856711623935305
1 0.4117717533992704
1 0.41096281125585366
1 0.4158811253091338
1 0.42944285985275926
1 0.41363209348978297
1 0.40471427435166113
1 0.4188256214234965
1 0.4541605158683458
1 0.4552783693675995
1 0.4606230866828777
1 0.4697683773892215
1 0.492958873342792
1 0.48497262378002826
1 0.41414549110253457
1 0.46930567909040444
1 0.4274929820663886
1 0.45605895164571536
1 0.4672777351368615
1 0.5084540170336619
1 0.5551722753260857
1 0.537858507886618
1 0.5831225491401192
1 0.557228232381849
1 0.5174238028238111
1 0.48385335997317214
1 0.5066050726651958
1 0.49993456976042433
1 0.4910375650579095
1 0.488820999024854
1 0.48559766029192186
1 0.5046626065809442
1 0.5095401648946618
1 0.5191819085627459
1 0.5185572838245374
1 0.6237491882393023
1 0.6075179284150689
1 0.6089904576940044
1 0.5751570552705377
0 0.5469478660756542
1 0.5496738496146804
1 0.4114510865444021
1 0.4534800460932664
1 0.5237185980289307
1 0.4921857246988322
1 0.5104811863233862
1 0.5160145734393722
1 0.4999577870962128
1 0.5804002443323895
1 0.5968602494696044
1 0.6273187711717988
1 0.6318970519847087
1 0.6149431974534849
1 0.6682978807253527
1 0.656345693735691
1 0.5911396739403509
1 0.4999929971809189
1 0.495571257834693
1 0.4509312110386058
1 0.4225923871479138
1 0.4437494185284584
1 0.46072385013774847
1 0.4791046718331849
1 0.5593788593766048
1 0.548930784644033
1 0.522804819377168
1 0.5637103041355321
1 0.5705041646512472
1 0.612664167639883
1 0.5338642758709132
1 0.5465989475645228
1 0.5272656356737615
1 0.542659086329305
1 0.527805650754934
1 0.5047864313353164
1 0.48865868885226543
1 0.4334601075345286
1 0.5291222764169123
1 0.5370004024454295
1 0.4623863638483548
0 0.4676055168946171
1 0.44305697490962737
1 0.48652846143585876
1 0.490450591857572
1 0.5098673361148126
1 0.5254641701024291
1 0.507631657619584
1 0.515385291733582
1 0.5254873105656493
1 0.5310397892936394
1 0.507491715746499
1 0.4810982030314346
1 0.4693261795994984
1 0.44662357519963125
1 0.4291596710712899
1 0.43845799376904815
1 0.41326526964796084
1 0.45585608371504815
1 0.5581427943750548
1 0.556134829641616
1 0.524267527599095
1 0.5924449321975674
1 0.5559593888971265
1 0.5451689782165006
1 0.4823695926020693
1 0.49408864105843403
1 0.47609155991333263
1 0.4403213193812785
0 0.4445983645475786
1 0.44896464579065953
1 0.5068058455802787
1 0.4597643313192576
1 0.523975256603393
1 0.5502253136716149
1 0.5355448142554932
1 0.5211729940348517
1 0.5631733328777444
1 0.5129859969434301
1 0.48069301968425243
1 0.4736007156118299
1 0.4831785600908025
1 0.47646592330988835
1 0.4214759290031575
1 0.4023132391895434
1 0.4640768281393122
1 0.5612851965074104
0 0.5055711924183556
1 0.4890262590558751
1 0.5349633207345038
1 0.5725322045074528
1 0.577256260519014
1 0.5254094007592695
1 0.5286080179293594
1 0.5172424145870527
0 0.49064770351377773
1 0.5161121729497254
0 0.5214930612903862
0 0.5393070088900543
1 0.46866355551271516
0 0.5276281631469372
0 0.5191510258820368
0 0.494854481572535
1 0.4792315793124641
1 0.5031230194803638
0 0.5490259602075974
1 0.5435305145875459
0 0.4990257536314384
1 0.5725144660991998
1 0.5557222631896465
1 0.6146234558719106
1 0.5338908292511836
0 0.5317549011581519
1 0.5921326694095065
1 0.5852200985602047
0 0.5778890272965459
