0 0.4795708824360512
1 0.5016225842119145
0 0.4761272395963665
0 0.47796292814540803
1 0.529973717787876
0 0.49002122375145457
0 0.4918832426898637
1 0.5122121119414151
0 0.48964425735446904
0 0.5027136733039119
0 0.5140101402583095
0 0.4827974575485815
0 0.48449536984534364
0 0.5048552657725424
0 0.4824686294096074
0 0.4680738286181462
0 0.47687813920407873
0 0.496706145237486
1 0.4741840180486284
0 0.4931471595505901
0 0.4955203721669749
0 0.46064639662390927
0 0.5081566281754691
1 0.4726490580598862
0 0.47821737481778065
0 0.4820052490098974
1 0.5062950170109332
0 0.47402530236111945
0 0.4937424672771863
0 0.48921835346059905
0 0.5016798918188358
0 0.4961968350375788
1 0.5323796879177707
0 0.5004508863168973
0 0.485866343670978
0 0.4970680988928762
0 0.4750352441450439
0 0.4908151793218558
1 0.4904094208338554
1 0.49000782740037824
0 0.4940941329159702
1 0.4853855014809319
0 0.4839027331814812
0 0.45855500804915755
0 0.4978080746468467
0 0.5005729527646335
0 0.48316281447581033
0 0.4948069888775145
1 0.4655994834587556
0 0.4666507327128613
0 0.471380752368897
0 0.48349233109028883
0 0.4885484386070206
0 0.4815225907592002
0 0.49922323515924344
0 0.48492535658222935
0 0.4892149086388001
0 0.5033349717573008
0 0.46134985367701503
1 0.4870478443107811
0 0.4885082119094309
0 0.49985737779019535
0 0.4961043090615629
0 0.4741814544619157
0 0.49375001940302843
0 0.4771981383209423
1 0.5268109064261974
0 0.4876675771105916
1 0.4875219870982579
0 0.4835321081878488
0 0.4816628410413091
0 0.4983473553699913
0 0.4901059684113185
0 0.48202901107367896
0 0.4865322008210542
0 0.4980324924948704
0 0.5184024900467323
0 0.5272526513226482
0 0.5042585982673146
0 0.4766112904648031
0 0.5231724221236619
1 0.49520714877494065
0 0.477940288781671
0 0.4559503571297525
0 0.46153259473990993
1 0.5041247185627229
0 0.4542377206627938
0 0.46510087531986893
1 0.4857121588219121
1 0.49935982733960443
0 0.4721160592867833
1 0.48117654158847206
0 0.5135546651943459
0 0.4872248744505738
1 0.4840965312895399
0 0.46268903457267313
1 0.4853397423853744
0 0.4784587386434393
1 0.5041981053109195
1 0.48104300992340776
0 0.4964043603853949
0 0.49628091040484906
0 0.505682300061611
1 0.4761487566309489
1 0.47659979194504565
1 0.5011866705808802
1 0.4883910760742314
0 0.49392642106097456
0 0.49699477216874666
0 0.4826303719962045
0 0.5092192341087728
0 0.4692645471730888
0 0.4918874023429237
1 0.49310201705849105
0 0.47066207118674386
0 0.48168333365459765
0 0.4754896949487525
1 0.5011886162538817
1 0.4971303620262094
0 0.4903942295904526
0 0.48164859761517953
1 0.4688737148607173
0 0.4929613134091792
0 0.5088239280291077
1 0.49140270944269543
1 0.49673576687696597
1 0.4875952915529538
1 0.4849604720707075
0 0.47619196124719
0 0.42536705895688953
0 0.5050117143606573
1 0.4868580622419313
0 0.49312903837060673
0 0.49683917167776825
0 0.4668226606711869
0 0.4673002056057167
0 0.4973591793814204
0 0.5041739497166895
1 0.4826532580232922
1 0.5223578415415707
0 0.49459377712507396
0 0.49834423014026197
1 0.5000005376091533
1 0.501079878510405
1 0.49040913818046694
0 0.4929310717570122
0 0.5024747477573629
0 0.5066894495471135
0 0.4784852317554009
1 0.5148268627035862
1 0.48166590812047416
0 0.5050367747749588
0 0.4690894909915487
0 0.48908909628234515
0 0.49480409480889465
0 0.5163071417698036
0 0.5096007952994727
0 0.47915967363353684
0 0.5045561055106149
0 0.45845624514374594
0 0.49227690033835897
0 0.5052254111189549
0 0.47752084493184377
0 0.5074461430075692
0 0.5019062166813304
0 0.48020450451127317
0 0.5208387678975333
0 0.47968543310391454
0 0.4647694873027602
0 0.4996023997968682
1 0.46625625176291113
0 0.47010717140726765
0 0.4734217600190926
0 0.503934556910523
0 0.4938256531012842
0 0.4775243210993268
1 0.5045515599966867
0 0.47661959379963964
0 0.468142763825589
0 0.5171865645857436
0 0.4998999770260674
0 0.5143099850181129
0 0.4512474250989372
0 0.4942419967431284
0 0.4956765517728478
0 0.5042237588659353
0 0.49011989718258253
0 0.4626807197390623
0 0.4530773654868012
0 0.46504423307126763
1 0.49765484152038264
1 0.4846571645028186
0 0.4664462834888541
0 0.48058677753652257
0 0.49076119807531116
0 0.4946883232856828
0 0.4454329467025621
0 0.49883079725935897
0 0.4557029939334472
0 0.4833070460609985
0 0.5024030969719234
0 0.503548940550053
0 0.4966826557945097
0 0.47545332660008527
0 0.5152299128530623
0 0.49400432603780625
0 0.5044882773643095
0 0.4873915258285692
0 0.472810724329403
0 0.4832396751670695
0 0.4912894906837425
1 0.47772910128511104
0 0.49380003657694077
0 0.4931849220741411
1 0.4987398380925237
0 0.4798765690344143
1 0.5172826313413563
0 0.49626588096319335
0 0.5009054825716351
0 0.5145399395479551
0 0.49153446298524167
0 0.5164913597742277
0 0.5022615212217141
1 0.49785425241999726
0 0.49422851353547187
0 0.5044467759626834
0 0.48661658893536497
1 0.5053916345005939
0 0.5101442064173908
0 0.4861273318223427
0 0.47377363910389286
0 0.49616144456209704
0 0.46941099864031505
0 0.49532315315636277
0 0.507950482456983
0 0.4830405455958492
0 0.4990601756822041
1 0.4817885038850596
0 0.4846771100649238
0 0.5143079346471995
0 0.5126359121115918
1 0.4858870278953867
0 0.5098086195109583
0 0.4768014107804696
0 0.5096394998610654
0 0.4598041347678093
0 0.5018292210823366
0 0.5068630267789922
0 0.5065198888262308
0 0.5102498633422131
0 0.49541286806020574
0 0.4927718736186657
0 0.49576450524944105
0 0.4858510962427347
0 0.4971987382661351
1 0.5015207424547796
0 0.49376495647928526
0 0.4816822709555703
0 0.4716106877151129
0 0.509242843083699
0 0.4669507166544942
0 0.4903685803501482
1 0.48305591712736484
0 0.49104051434279317
0 0.4828924524521323
0 0.4899905967009574
0 0.5084230201641464
1 0.5056947565869012
0 0.5000643440353337
0 0.5097676435769395
0 0.49231624840376426
1 0.4962372324730133
1 0.48880349414355906
0 0.49452835250990895
0 0.5048209674182867
0 0.47586814082892953
0 0.4888105524190762
1 0.4775778764588731
0 0.47998596077337136
1 0.5029494972289658
0 0.49853353348710117
0 0.4927823001549
0 0.4840803557679326
0 0.5084739731870039
0 0.4867048804624913
0 0.5168980258115855
0 0.5232629409777848
0 0.4741114122997466
0 0.4990346093001398
1 0.49510918923566977
1 0.4481741098163011
0 0.45886082824149643
0 0.5011841558611112
1 0.4845556245104098
1 0.48217211028931944
0 0.5236111209450133
0 0.5154478500197194
0 0.5086227319446949
0 0.5233141901730936
0 0.4854325926969159
0 0.5069269615526946
0 0.4992282867845307
0 0.4953969397234596
0 0.48276663089064786
0 0.4815650094704945
0 0.504278224696452
0 0.48028756237765036
0 0.4987477666827821
0 0.5096989985837145
0 0.4911915775388943
0 0.48592199285887416
0 0.514475642279187
0 0.49717771156420276
0 0.5044925382902123
1 0.49902344370339824
0 0.49344254389353154
0 0.4760955809154608
0 0.4811630324408142
0 0.46698950090560254
0 0.5112584728984919
0 0.5178912941703863
0 0.4783641036661419
0 0.4597649280104368
0 0.5244353204570269
0 0.4808677163030872
0 0.48572059890126756
1 0.49598213022100646
0 0.4969333189457227
0 0.4899896774494066
0 0.5047985509109885
0 0.48222615027827814
0 0.4935310474846481
0 0.501559639342425
1 0.46683868046406035
0 0.5116909597851556
0 0.4827327039377362
0 0.5039040514273159
0 0.5289899060263231
1 0.48589221467553106
0 0.4873166991441654
0 0.4765947692995175
1 0.5172182783937672
0 0.5084517672904438
0 0.4967998748843489
0 0.46844080880560734
0 0.49291955519556696
0 0.5112620115245701
0 0.47349606092863067
0 0.4798124869397451
0 0.4831004602701787
0 0.5007607056913611
0 0.4667499702650707
1 0.49934282742969943
0 0.5219340660109549
0 0.513738026488067
0 0.49915502610687046
0 0.502446156778252
0 0.5434341984029754
0 0.50761862582459
0 0.49175931909789344
0 0.49463017552499366
0 0.5180309465709857
0 0.4671263406200248
0 0.4902376138624445
0 0.4970299049861399
