1 0.5014672682848109
1 0.5460482809533973
1 0.5486972373493437
1 0.4926075423794483
1 0.5380266080181103
1 0.4564209143220183
1 0.5386786413775081
1 0.5642060156353141
1 0.558051518484802
1 0.5026687029228313
1 0.5500621056000679
0 0.6336460077753601
1 0.5790965428991709
1 0.5030406263681433
1 0.6365772041406182
1 0.46509110959980415
1 0.5849642177152955
1 0.4560586023157052
1 0.48068013150942696
1 0.5306769318317214
1 0.5142618549652066
1 0.5808031615614254
1 0.508166476881094
1 0.5961297335926854
1 0.5109099790606209
1 0.5304064315926855
1 0.5110467605808472
1 0.5274465302336716
1 0.4602836261025891
1 0.5407134216554434
1 0.5519323866016602
1 0.5462503691839165
1 0.47711825861759755
1 0.5696070766399679
1 0.5859369062386126
1 0.6232829081469299
0 0.4717911519809931
1 0.5725584664380255
1 0.48539577332823775
1 0.5791000932082799
1 0.4783999000641335
0 0.4758086665461994
1 0.6369385174934595
1 0.5555568093391944
1 0.5474859132153653
1 0.5059358588872663
1 0.5742489382267472
1 0.465207397731441
1 0.5437265627829003
1 0.5357785741715425
1 0.5636744761284836
1 0.5822981266115649
1 0.4929819399886507
1 0.533608995424056
1 0.5616503798338787
1 0.5856572964172995
1 0.6059280530157188
1 0.6359573242342798
1 0.6294394955381948
1 0.539628059041572
1 0.5300127938925924
1 0.40472144224715123
1 0.4961009842668899
1 0.5000179008627998
1 0.5548796919410596
1 0.44901467084942615
1 0.555670894288196
1 0.5906146555848569
1 0.5823323607747941
1 0.45870360292148227
1 0.4939077873921828
1 0.47475765803891856
1 0.5052413869299663
1 0.4359116052164123
1 0.5706553571091516
1 0.5436474085776499
1 0.5181809363369854
1 0.4792632763043862
1 0.5171605175037117
1 0.4925341545736623
1 0.511640441949607
1 0.5748980072355384
1 0.5590398969555975
1 0.5851368684033786
1 0.6380061450154594
1 0.5245000550777189
1 0.5857333132050317
1 0.5931893778103398
1 0.6322377676130304
1 0.5544767869947387
1 0.5349450240575753
0 0.48525295605808744
0 0.5274755054178962
1 0.5151539891015705
1 0.5304929831025491
1 0.4914132519174896
1 0.5951861588393861
1 0.5587769038442387
1 0.5384624190409438
1 0.5381548101375739
1 0.5579257250118566
1 0.5041803887198666
1 0.5296458124396696
1 0.5919416534634594
1 0.5705101360415019
1 0.5277884172055393
0 0.46384761230580407
1 0.5787714683794521
1 0.5313838037006299
1 0.5117823431764599
1 0.4310474027604373
1 0.6563264393525005
1 0.6323607897086777
1 0.6470787185302329
1 0.6405231319561825
1 0.5280340489324061
1 0.5519136302139829
1 0.6519506959532946
1 0.510088004173908
1 0.5041347173603471
1 0.48780035262976223
1 0.49958618055335946
1 0.6099053069570185
1 0.5198889708769157
1 0.6046531793631182
1 0.6435323537746965
1 0.46044120070379785
1 0.48885675105594817
1 0.5978018385906702
1 0.5458116312162662
1 0.5335215826283031
1 0.6406895292634506
1 0.6548166762558417
1 0.580191105100778
1 0.6098584674723599
0 0.5427335299308287
1 0.545419728633927
1 0.5538949501286686
1 0.5532459983514105
1 0.5080385183258862
1 0.581047992893215
1 0.47549603895282533
0 0.6047279475396837
1 0.4930483996287182
1 0.6100448106922163
1 0.5181791537767408
0 0.5248002189010492
1 0.542377064614793
1 0.46469377634782716
1 0.5411518821404021
1 0.6231368245301337
1 0.6415810691218661
1 0.5605019006324258
1 0.6502837289126184
0 0.5775478390144707
1 0.5553196043966051
1 0.49046821887749265
1 0.550781307565777
1 0.49723000622292063
1 0.5130985712113842
1 0.4932032322118984
1 0.5564793582151303
1 0.5012361462505641
1 0.4840704591653069
1 0.5829065406656951
1 0.5093227257544454
1 0.5482225159783669
1 0.5234196127730233
1 0.5129998816362087
1 0.48854515288264894
1 0.6972157516866315
1 0.5637130047121005
1 0.4806234436539575
1 0.48894604764331634
1 0.5528291276125294
1 0.49536729226794907
1 0.5794094934840882
1 0.458657433509384
1 0.5293279335668009
1 0.5124775624906318
1 0.5279681840675541
1 0.5866475549411398
1 0.6155145479405202
1 0.5217432678227591
1 0.574499773747897
1 0.5025180561371829
1 0.5386737511332406
1 0.5734445578375207
1 0.49896573291886054
1 0.5015763791257067
1 0.5220238593487782
1 0.50365317332552
1 0.6288046336979545
1 0.51168983569469
1 0.5252773730288127
1 0.6276648110920935
0 0.48558836405189265
1 0.547600104134793
1 0.6682926928185992
1 0.5179155016955163
1 0.513421529963409
1 0.6668944245257578
1 0.6409310705777755
1 0.5495133497165064
1 0.4911873029331483
1 0.6108334888202609
1 0.48768795993821734
1 0.584853382476778
1 0.5262517658336112
1 0.47874852466289924
1 0.4910702304287067
1 0.47661624157450505
1 0.5715710705297784
1 0.6046468280297566
1 0.659473373340865
1 0.5877860830539771
1 0.6619680572797096
1 0.5940935990578997
1 0.5913651520469065
1 0.4410620051535263
1 0.5830826319271292
1 0.519216538908785
1 0.5487804290057331
1 0.494675815309958
1 0.5125076364555734
1 0.495252130270977
1 0.5594488515023912
1 0.6248604407845242
1 0.490069423447559
1 0.598067319533724
1 0.6273005130463476
1 0.5614243787826305
1 0.6336445789289713
1 0.5946146649008847
1 0.6815437933920349
1 0.5703296580821189
1 0.6365002899816226
1 0.5563837311801454
1 0.6320222856359335
1 0.4233909613452637
1 0.47966313181306824
1 0.4917466205780469
1 0.5554572842485678
1 0.5414877095449767
1 0.4869321182512527
1 0.608339130050568
0 0.5239017246407645
1 0.5952127573812358
1 0.6228825107635214
1 0.5946782846840196
1 0.6319454047315257
1 0.6081625878329326
1 0.6217587487550679
1 0.6189112891278835
1 0.567375602793096
1 0.6149808486146329
0 0.5621352915886745
1 0.5909215636786109
1 0.5963633986406925
1 0.6230952527330818
1 0.6481489054515895
1 0.6251859618508175
1 0.5674549711503428
1 0.6029912900218065
0 0.5511238419952385
1 0.6099775144949761
1 0.47424046462130975
1 0.521207828319649
1 0.5814695881883868
1 0.574020028849665
1 0.49492498560072434
1 0.56114100338284
1 0.5517753847983452
0 0.5107141778069749
1 0.4552269414230125
1 0.623569851890985
1 0.49958402902707066
1 0.5839850958166213
1 0.6085396877663315
1 0.6618637057752726
1 0.5722986920287053
1 0.6428341379160646
1 0.4835226401416455
1 0.6615755291102622
1 0.48079410512056986
1 0.5256034519455322
1 0.4917551042596502
1 0.5312297977543154
1 0.4606693354843231
1 0.576443017858054
1 0.5041244354342713
1 0.6171390792694583
1 0.5279711271849191
1 0.513581029925627
1 0.5032810237672335
1 0.5133757636650317
1 0.5790378219210969
1 0.5000760926965845
1 0.667317738633482
1 0.5659747985228943
1 0.6323218486669573
1 0.5485494279910026
1 0.5885169897362356
1 0.5471407349677289
1 0.5480799324571756
1 0.6226763988312307
1 0.5575493201857489
1 0.549416545629149
1 0.4638976076516985
1 0.5633909753696432
1 0.5030169128926871
1 0.49139229644245136
1 0.5824235467765707
1 0.5478138466178001
1 0.5695413013275463
1 0.5195965421086048
1 0.7048961771320051
1 0.6187314168941469
1 0.5930327384551713
1 0.5999604392359326
1 0.5879906933941551
1 0.5918040697831523
1 0.5966763254952909
1 0.5426681489452317
1 0.5158116024722245
1 0.5194258782581609
1 0.4817431780090351
1 0.5806057721736144
1 0.45104226982714335
1 0.5180104157751296
1 0.49167083261478695
1 0.6121032398111873
1 0.5231305483857602
1 0.6343207310412993
1 0.6074087684981542
1 0.5864136008586832
1 0.49455425265075836
1 0.5999468566001165
1 0.49052390911826604
1 0.5734791510019258
1 0.4552460266938795
1 0.5298226395333393
0 0.5752378389605036
0 0.5506587108818735
1 0.5002616864722411
1 0.5206439767138863
1 0.6084163135857823
1 0.5012586609474775
1 0.4976945699823745
1 0.5041654020053187
0 0.4779262476551532
1 0.5228951691037271
0 0.4756618480134187
1 0.4858341474697608
1 0.560207169948908
1 0.5156292900872711
1 0.5288207175898046
1 0.5493218913840163
1 0.5534564337867053
1 0.5272726500300124
1 0.48565405184263055
1 0.57863032195719
1 0.5484171220353329
1 0.5219007666036338
1 0.4685131917483961
