0 0.4911931799050197
0 0.4643102521336289
0 0.4742594140740947
0 0.5264392972281182
0 0.4892453724707344
0 0.5019081972155929
0 0.417252371366894
0 0.5165521628542559
0 0.5725348917742358
0 0.423807894362543
0 0.47766123751432954
0 0.43862695633745735
0 0.472498600411185
0 0.44523693000324166
0 0.5024308524109787
0 0.5208998989645398
0 0.4734379096109453
0 0.4607584487942904
0 0.48026211408526703
0 0.49158453859142354
0 0.395895351519466
0 0.4975162679401459
0 0.44885407546624945
0 0.5458642224506615
0 0.5130071224919232
0 0.4522914053603255
0 0.4693349363554431
0 0.4027993259067892
0 0.4947997365504924
0 0.46140676021437466
0 0.45128365207761517
0 0.5044353090384318
0 0.4020455301814972
0 0.476184447918889
0 0.4716205790887461
0 0.5052933964808908
0 0.4320218276630486
0 0.4512838066860826
0 0.5143726942448459
0 0.4345176823173801
0 0.4559868305335521
0 0.4310156680301233
0 0.4370323280700633
0 0.47288875370872957
0 0.4514885034223719
0 0.4405927520661172
0 0.4895814502005687
0 0.519948513112071
0 0.49035792422013363
0 0.4813952966331375
0 0.4400817252521623
0 0.43031679391197214
0 0.44529948313563583
0 0.5157753655263178
0 0.5325378609104385
0 0.40180084644281705
0 0.4327172233755805
0 0.46766591031637283
0 0.4374152453916812
0 0.391421796374692
0 0.4783666816180979
1 0.48224304107229227
0 0.4883451425266966
0 0.4798143621130663
0 0.45243589149507835
0 0.4564142570663197
0 0.530338925192468
0 0.4640962498784359
0 0.47134769420618794
0 0.4529910904906442
0 0.5220441818378897
0 0.45647431340437805
0 0.5183700521575508
0 0.4661488430521721
0 0.4901960854783325
0 0.45840535287968315
0 0.4363229968626817
0 0.4885707122089308
0 0.48142483811055253
0 0.4640622270767745
0 0.4840079033459532
0 0.4418894798816061
0 0.48727646749689985
0 0.4661565686606508
0 0.437583127652592
1 0.4835923876190858
0 0.49170161908423227
0 0.46693998476082454
0 0.5072340845034695
0 0.5017552958241043
0 0.5051260786741867
0 0.49256061213514696
0 0.5053502015756152
0 0.4606966453555877
0 0.4484602938481912
0 0.4722424024609989
0 0.4244138734955191
0 0.45533764506433344
0 0.4833846049992071
0 0.4229113490507725
0 0.4259272316995754
0 0.43755853248533133
0 0.38740426857964444
0 0.4137716632585989
0 0.46024813294110273
0 0.49121267785040135
0 0.5531861533728591
1 0.45221359452268906
0 0.42144530208485065
0 0.5271858747775958
1 0.5480851693323396
0 0.4772869727065369
0 0.46260275557980013
0 0.46441482663638617
0 0.5114794605250836
0 0.4995915432518965
0 0.4625219161157044
0 0.456118615051093
0 0.4776722380273095
0 0.4800561761215122
0 0.5049024103760361
0 0.4683433025916743
0 0.42511131327203905
0 0.4619885097629718
0 0.4233301264259424
0 0.457760637728818
0 0.4660577370136347
0 0.45821146908700877
0 0.4481724664773216
0 0.47819543537536857
0 0.4766123473592378
0 0.45543839437621436
0 0.45975472430141306
0 0.49793055672085884
0 0.5151583941581961
0 0.5036031734762456
0 0.4888590060418583
0 0.45541939866876335
0 0.5045294935981591
0 0.5018441682522343
0 0.4107710551913206
0 0.4112881472756364
0 0.41515325363562927
0 0.4330783432956041
0 0.45281066624784455
0 0.48103868646817616
0 0.48867376312719546
0 0.4464436933903692
0 0.48697704939782754
0 0.4421406558757959
0 0.4856500008543967
0 0.49092933705982505
0 0.45961400043734746
0 0.4406127089716726
0 0.48004146258600866
0 0.4472530428181563
0 0.41368770017289563
0 0.4888714060985841
0 0.5072682077199648
0 0.40442011922718235
0 0.40265984796968507
0 0.4634732489443703
0 0.49871122732619505
0 0.4629178124241307
0 0.44863555312821657
0 0.46815234838644126
0 0.466529295892905
0 0.4401443243901846
1 0.42070820798697267
0 0.5160877065838909
1 0.5005782923768974
1 0.47016756254441777
0 0.47627216388882626
0 0.5062142724443598
0 0.5304213211223001
1 0.49800149633898255
0 0.4446712012732205
0 0.4516521536535578
0 0.42388024193141965
0 0.4206577246266674
0 0.41437273228867555
0 0.5247777894140621
0 0.46047506795252785
0 0.5145616593187742
0 0.4623500056829628
0 0.4470482257565868
0 0.43585388110806406
0 0.47129334926497984
0 0.4101033318678571
0 0.4413058917739601
0 0.44674158120982865
0 0.4755875237300052
0 0.44762798730552233
0 0.480901581658979
0 0.4736428100989838
0 0.46069754312845107
0 0.4341754302863203
0 0.44088481556631415
0 0.3784393355653703
0 0.4441166157663567
0 0.43191946950583926
0 0.46395219205425264
0 0.4556508483075163
0 0.43924688808618145
1 0.45302867810695807
0 0.4577787883908069
0 0.4654947246783568
0 0.45632254296542224
0 0.4689791121558488
0 0.43692190708612205
0 0.4738073557370719
0 0.41970858343332745
0 0.4411376900798816
0 0.48922257504811695
0 0.47513773535244047
0 0.477478937929488
0 0.4563595953478302
0 0.4089123216473662
0 0.5705877366869807
0 0.4406809372769481
0 0.566803912063935
0 0.49488055017095856
0 0.45824968315530434
0 0.5105264399574537
0 0.48610134649283554
0 0.4999554945870459
0 0.5174481913391829
0 0.5237423812212657
0 0.5239066868637148
0 0.4770306136898551
0 0.47668912715721845
0 0.5143989766874579
0 0.48270253488944925
0 0.45373149139586205
0 0.4536107980323543
0 0.46870351388207876
0 0.46975940536844873
0 0.43693200781788893
0 0.4261059987905057
0 0.4102079841378691
0 0.4897417764381729
0 0.42152659605674353
0 0.44870496679021
0 0.49408147614635545
0 0.495775270445216
0 0.44459667561018157
0 0.5307460478915534
0 0.4928372333758207
0 0.4648788482958224
0 0.4424783995046776
0 0.46323021649130197
0 0.42688655105744366
0 0.4712409029417193
0 0.4671816722852839
0 0.4382452638064943
0 0.4656519225633701
0 0.48195233514577146
0 0.4880627460788672
0 0.45455917419044073
0 0.48023559723705395
0 0.4805543163701943
0 0.5212743711842827
0 0.47868274427504875
0 0.47444060454979553
0 0.42835935305037964
0 0.44992260213551083
0 0.4567270660952677
0 0.4381113482515061
0 0.45909581829890955
0 0.4637728765429414
0 0.4705687181077251
0 0.4674878761656299
0 0.47162481492760244
0 0.44554699443156787
0 0.462835562919564
0 0.4330166544698252
0 0.4737738361992746
1 0.5027950971487657
0 0.4560733855855555
0 0.4609081084747233
0 0.4871435777461395
0 0.49680050299144013
0 0.5132734227403967
0 0.48818128652874804
0 0.49545916699774145
0 0.46187242169916437
0 0.45517208827757716
0 0.45866745015583194
1 0.45538647321584247
1 0.4713242576061898
0 0.4447536555924897
0 0.516225128344751
0 0.49213706800433765
0 0.4370640685058161
0 0.4892130119125716
0 0.4350712960180066
0 0.4698289637182227
0 0.4603605529354496
0 0.4240500718084196
0 0.44934825715836524
1 0.4594791115220975
1 0.463890315849108
0 0.4193384940715408
0 0.45225878075603715
0 0.5147737353918298
0 0.47628754328977346
0 0.4028417679666871
0 0.43660917470865707
0 0.5072967603759777
0 0.5200376495647354
1 0.48645934970986293
0 0.43353812041638184
0 0.4559751217567162
0 0.4700162328610157
0 0.4829679486449475
0 0.4843302637181829
0 0.4612307175820899
0 0.47456899961853544
0 0.4596361473446589
0 0.476784218580433
0 0.4934702606350818
0 0.4689063679956201
0 0.4288950149063393
0 0.4670655221739774
0 0.48659539998413104
1 0.45767257762778635
0 0.4599294648522527
1 0.5220977569709935
0 0.5279222091756793
0 0.4119429995164165
0 0.448058988387367
0 0.40927584193221805
0 0.4822601331037143
0 0.46335158251401315
0 0.4745186574752419
0 0.523149172163969
0 0.5528621034263208
0 0.4590446531522014
0 0.43215780130787224
0 0.46482861387426
0 0.47696787394337026
0 0.48790100460723096
0 0.46806690477968604
0 0.4786177530796209
0 0.42723887394378135
0 0.4875693623529586
0 0.48280033294836705
0 0.46973919170427636
0 0.48237441195420927
1 0.4503517861782176
0 0.46325853620551943
0 0.4197589079405666
0 0.5025871789207784
0 0.4657648373889834
0 0.4700265695595347
1 0.4245695674032174
0 0.45374985623815445
0 0.4981091045742384
0 0.3911798005744275
0 0.4832989836393658
0 0.5218794937615662
0 0.5331320506449688
0 0.4499883703965341
0 0.4612483605611731
0 0.4440626915316105
