0 0.47567608850743825
0 0.4533333179538595
0 0.48175437538369886
0 0.5221074171474994
0 0.4938505888054321
1 0.4955505590593988
0 0.5121955382092744
0 0.4784596481372551
0 0.4826741060929758
0 0.4942849125151549
1 0.48057787782105515
0 0.4828025200633474
0 0.4462154386595551
0 0.47890235622164856
1 0.49937337217464817
0 0.4661162453522276
0 0.43443016551370583
0 0.47281471567875644
0 0.5087455828531456
1 0.5032616726948077
0 0.5016757479191629
1 0.48820009804928266
0 0.5086692874138612
0 0.5109958955080718
0 0.49493368455473846
0 0.5087085501813805
0 0.4968213586087254
0 0.48056701680686503
0 0.45054371067255505
0 0.504337732060895
0 0.4618797825465269
0 0.4594398751126876
0 0.4995845752357676
1 0.4622059692716808
0 0.46925312094291594
0 0.47955613260286745
0 0.49285202170761094
0 0.4412115740870567
0 0.45956847718245525
0 0.47148660067887593
0 0.49858687538524166
0 0.5032737414338242
0 0.5027268865056207
0 0.4454463641696135
0 0.48299249513386294
0 0.47155826597382966
0 0.5075075771760988
0 0.46138743561494056
0 0.48383515548026446
0 0.47947292840398603
1 0.5086836026537026
0 0.47951330801166425
0 0.4800351403295438
0 0.4901909880013564
0 0.5053001946186135
1 0.48084271761562614
0 0.4674127468090789
0 0.44377752250066616
1 0.48575470900987977
0 0.5021388144017144
0 0.4989110639872429
0 0.4894175099990711
0 0.4399403193867147
0 0.4866129687235035
0 0.4824368057762541
0 0.4589997239635389
0 0.4927235987443051
0 0.482963544121007
0 0.44112986640795854
1 0.5095895742257286
1 0.4877208007171915
0 0.4805733070759841
0 0.5040243314573956
0 0.4653655799461005
0 0.48781045388719585
0 0.5194963980945808
0 0.46218923162981984
0 0.45627106081627
1 0.49565812442404594
1 0.47463369660698457
0 0.4971750403608131
0 0.44615989774601195
0 0.4795220170639477
0 0.5000935700577638
0 0.47365709106607856
1 0.45727669617834144
0 0.5081461530653735
0 0.46832818221898204
0 0.4759452027137986
1 0.4907366907947735
0 0.5067831474669058
0 0.5133740996482046
0 0.4732420932516723
1 0.49350452447426735
0 0.5063547664079378
1 0.4829659339215129
0 0.49067543921239737
0 0.489309737917241
1 0.4795003395895106
0 0.4873135195004431
0 0.49668466456437266
0 0.4991584020031694
0 0.5027632777773212
0 0.4761355703826548
0 0.4684685205734267
0 0.4705242527049484
0 0.48309610325231606
1 0.5090317807379476
0 0.49438060131919254
0 0.4707092582666254
0 0.498136028468175
1 0.5031922423283539
0 0.4976246142165203
0 0.4795575892735666
0 0.4709688386279228
0 0.4724707233461905
0 0.44540916215518356
0 0.46432329913743325
1 0.4901460710199579
0 0.4862727618876039
0 0.488584259694919
0 0.4919976931457654
0 0.47802392959304096
0 0.48664593575049214
0 0.5204332505258163
0 0.4703253033822242
1 0.4841541839699106
0 0.4919223835031712
1 0.46647928953600093
0 0.47971011401317926
0 0.4854684231784514
1 0.4666613025659275
0 0.48376933443330716
0 0.4643548750508377
0 0.43835294401500985
0 0.4763356922694201
1 0.48329063998886795
0 0.5325408704107831
0 0.46398226384166164
0 0.48912658838058176
0 0.496726795813026
0 0.4672000187452152
0 0.4323282704470304
1 0.4824500410987279
1 0.4882464717294307
1 0.48392886186770884
1 0.4854948609992113
0 0.4823356748050679
0 0.5173629330571257
0 0.5027679367493881
0 0.4810261991061426
0 0.4696898532362361
0 0.4917107876791195
0 0.47898624951514085
1 0.47006938518890545
1 0.5340436411746374
1 0.4820728721843212
0 0.4850196043689188
0 0.48872124470182354
0 0.48866888215599885
0 0.4694847576106644
0 0.44880215345994684
0 0.4829098257623278
1 0.5102203774648103
0 0.4823832282259562
1 0.48008672618418075
1 0.4865201067561243
0 0.4959614255785735
0 0.49496984942012967
0 0.4810229269192726
0 0.4776581051820051
0 0.5030002014188321
1 0.4986218740288014
0 0.4922541936095321
1 0.5138026538977932
1 0.46455312722828573
1 0.45797234650302543
0 0.4756584804216672
0 0.4744336917851533
1 0.4965304249737929
0 0.4855258417350472
0 0.4740691943687394
1 0.45777789400605623
1 0.4597552812124064
0 0.5015314215047192
0 0.44878247224046774
0 0.476870431798476
1 0.4895936858354361
0 0.494110145757541
0 0.4937822081322058
1 0.491832000950424
1 0.47739971951472615
1 0.47634518936598136
1 0.4451160389416035
0 0.45287131628675004
0 0.46199617554546957
1 0.46199516620082404
1 0.4421713968045701
1 0.4882612620713716
0 0.4589991875644168
0 0.4960396938531685
0 0.4406595465757565
0 0.48931197891882877
0 0.46281174195381636
0 0.44673057168421565
0 0.4849591730318628
0 0.4521775752726691
0 0.4254861155531459
0 0.44706994350391277
0 0.49663768494578225
1 0.48290612071527267
0 0.4705331696552212
0 0.48325809742987275
1 0.4712057809254955
1 0.483328128552857
0 0.4624986045301744
0 0.48278228639888787
0 0.4682734269092114
0 0.47937779674946013
1 0.49588035435085276
1 0.4570625038940944
1 0.4908269382765213
0 0.48708636094227703
0 0.5161407923161568
1 0.48765525124175163
1 0.46893018205159315
0 0.50038495550792
1 0.4990360240624445
1 0.49542778590954606
1 0.4542519661922452
1 0.49934775190140646
1 0.5041259714761687
0 0.4890819633532611
0 0.48246581499798896
0 0.4737185865571104
0 0.4819935651518685
1 0.48236754439356166
0 0.5050318466917408
0 0.4881326143237784
1 0.49960984246756546
0 0.4884665120519734
0 0.4845181587962633
0 0.44877424044321507
1 0.5053678052680914
0 0.498971421606637
0 0.47218383174416
0 0.47357572096191897
0 0.4942138243297866
1 0.4759180277910382
0 0.429961055050321
1 0.45656934647821373
1 0.4689281285255185
1 0.4473970428432769
1 0.48637609595255443
1 0.47973874312114295
1 0.4952692801164434
0 0.4870367154239932
1 0.47247135694160836
0 0.4611367938869959
0 0.48866515947008055
0 0.4872549554868518
1 0.5019457927576526
1 0.5194604377060446
0 0.46871937182404744
0 0.5118501692391796
0 0.5144855697936744
1 0.5004033337614873
0 0.4794669839174236
0 0.44415791038353664
1 0.4715384367778593
1 0.4342277212687702
1 0.46592512927576407
0 0.5097385488003607
1 0.4814432601218603
0 0.4817396773425207
1 0.4755330188680823
1 0.4808340823035683
1 0.4901358361630524
0 0.48202622859674493
1 0.4897558971024562
1 0.485496012092758
1 0.4738922097604026
0 0.489850094748825
1 0.5008190883448022
1 0.48332413678761177
1 0.5108844180793476
0 0.45581466390317016
1 0.4852102093686207
1 0.46444194018538454
1 0.4265175163756995
1 0.4830403997129671
0 0.4725989521876601
1 0.4744786097334487
0 0.4851925712418301
0 0.47565838398707183
0 0.4924799785115373
1 0.4963921586167936
1 0.46587625979031627
1 0.48705917550518624
1 0.471638107152418
1 0.4699601829886266
1 0.4534262738977466
1 0.4251686365516188
1 0.4919086464125042
1 0.47332234013065283
0 0.5000329019328479
0 0.47468449907641724
1 0.5099407053886853
1 0.46494861994425546
0 0.5025315752624278
0 0.4565956130126075
0 0.45520616288644067
0 0.46252269795126605
1 0.4583227900882446
0 0.5121704937876692
0 0.49155857189003044
0 0.4770574522282138
0 0.48606132059126894
1 0.4785081660000576
0 0.5021142802700268
1 0.5048567703763644
1 0.5100570266639743
1 0.4647052583002166
0 0.41511961447676815
1 0.4655099133353754
1 0.48296937135392976
1 0.5002033376491294
0 0.5285332998380199
1 0.48374662340265
1 0.508380259566972
1 0.5037391058640623
0 0.47900572388989276
0 0.47407152984176265
1 0.4829313265991652
1 0.49747437602859
0 0.4658930411356282
0 0.48249853177555463
1 0.4901970251617503
0 0.4722058671127411
1 0.47143642377319867
1 0.48400288565170524
0 0.4859361122988938
1 0.48220739731964607
0 0.4693542119010769
1 0.49072108651993157
0 0.5030031045413662
0 0.45894722768322155
0 0.4926563414536024
1 0.4953551297154512
1 0.4809329824272903
0 0.4772447043511924
1 0.5039646831659191
0 0.51514896625328
1 0.4829587982256712
0 0.49877170620284167
1 0.46813735544582613
0 0.5074249101359632
0 0.4681309387809607
0 0.4666241766124015
1 0.5118219385674755
0 0.4643589536242025
1 0.48415534828043444
1 0.4760813875316134
0 0.5126575500312278
0 0.46316748174000477
