0 0.4483426963486241
0 0.3911099740144651
0 0.45521401740927286
0 0.32203173022779424
0 0.43264065720449496
0 0.48868808670540637
0 0.47824169432408514
0 0.596261015975393
0 0.3916693989024729
0 0.5153817412288833
0 0.4764507533154604
0 0.5357256527448341
0 0.4371843136218582
0 0.4154563103943653
0 0.48542255066451534
0 0.5143246756151669
0 0.4915467766653143
0 0.4576050459361777
0 0.4709146693776394
0 0.4697621930165482
0 0.4809300840012854
0 0.47379246212495957
0 0.5505030404317488
0 0.4967409186150418
0 0.5036390194768676
0 0.4621377523878109
0 0.4139965431897167
0 0.5306861845311651
0 0.48552329959784357
0 0.47771515928528524
0 0.4854088098009904
0 0.495510971753889
0 0.5240280377566595
0 0.43795745404618147
0 0.49720959753270655
0 0.5288894817893693
0 0.493485242384058
0 0.42523788202419954
0 0.4220232085736119
0 0.5296070163249662
0 0.37450404121738956
0 0.5053904905966992
0 0.46019737379195297
0 0.4361758493819225
0 0.5192534956352587
0 0.5266263238470444
0 0.47717209106668634
0 0.5287036327713704
0 0.523382756119751
0 0.3860230397563285
0 0.5753634291894749
0 0.48486530801897243
0 0.4798034211451277
0 0.49541156850389173
0 0.4412431187360166
0 0.4983243202830934
1 0.5031497133041798
1 0.5250622975074072
0 0.5460129984649326
0 0.39048014914645496
0 0.37303724796792326
0 0.38112307550780866
0 0.4542485224330648
0 0.5731195425112307
0 0.45574807472705914
0 0.44004628207114976
0 0.48057524225290627
0 0.4882361681403013
0 0.5189618224129121
0 0.43431044908916094
0 0.4169363273919928
1 0.4156634660577884
0 0.4120932178148832
0 0.4976488511422779
0 0.321709644230054
0 0.45226321593159546
0 0.5163985134469378
0 0.49779764343266636
0 0.4868567004087584
0 0.49038277603666663
0 0.45673032885437825
0 0.4863505091303351
0 0.487087884721819
0 0.4121420836418669
0 0.46514223766187407
0 0.446884405601289
0 0.40603853237205584
0 0.4399840174260855
0 0.4132402512254369
0 0.5077018487701973
0 0.45504051072789187
0 0.489291711927062
0 0.5033548940108431
1 0.46667585985324506
0 0.5372309247094864
0 0.401336603902262
0 0.44368977932613934
0 0.5164967119465208
0 0.4614620375353347
0 0.5099288029803574
0 0.36895344682013753
0 0.4145038756471197
0 0.47074395918737993
0 0.5334366614798527
0 0.5178366077352718
0 0.45761157257102114
0 0.40512207100158165
0 0.47247892381574647
0 0.4571156022342021
0 0.5189864334109455
0 0.5120800609067605
0 0.4135887865602551
0 0.40481467141047717
0 0.41638876405342223
0 0.512091038860698
0 0.393934059681081
0 0.49011253788175035
1 0.5093919124944072
0 0.3987716711579334
0 0.4841022907122625
0 0.37101952192104976
0 0.5326682097628959
0 0.35878826796657143
0 0.4832083840291818
0 0.4295085788727507
0 0.43631176001340755
0 0.5067478433961135
0 0.38552954398481365
0 0.47687802726530437
0 0.40328364403740014
0 0.4911724923719002
0 0.4911698374444493
0 0.4287630861593402
0 0.5575059194881835
0 0.43020293440161284
0 0.5041997604939754
0 0.4536302889127081
0 0.530367466612816
0 0.32968783772595783
0 0.48281964990101334
0 0.4043335682024712
0 0.49102899787035814
0 0.37661153029997035
0 0.5057449707866667
0 0.34937321903258906
1 0.4439385538817245
0 0.492356512886618
0 0.4877408751529123
0 0.5354636543147412
0 0.5366579920201521
0 0.4926834692398732
0 0.4811691866867609
0 0.5510475356164736
0 0.5001512946619723
0 0.44124745822598826
0 0.4493871617435678
0 0.3745670809497824
0 0.4449061801653876
0 0.38402775107000453
0 0.46633084723631946
0 0.5244132219707334
0 0.42077041324342934
0 0.3391642245953766
0 0.53233135618218
0 0.33100056261450117
0 0.4861502296067195
0 0.44836301813779894
0 0.5430885294916544
0 0.4093712123039317
1 0.5112114348449077
0 0.35695197359680114
0 0.5388992572834922
0 0.4799144916271267
0 0.4503054795854731
1 0.5279571403021628
0 0.39808888651246843
0 0.4322360981333817
0 0.4325533838898055
0 0.34467829945597284
0 0.5126061387926861
0 0.4640869907864827
0 0.4853368779535851
0 0.39013316942353615
0 0.5192920984391979
0 0.41622564692698
0 0.4037304156006429
0 0.4992979555374587
0 0.5195240166690652
0 0.49430744155481654
0 0.4924900342000723
0 0.36965912758404396
0 0.499206814353261
0 0.45265868884511956
0 0.40668921651840795
0 0.5468418158095656
0 0.5745449144975653
0 0.4023525446774262
0 0.39232284215544766
0 0.5117023876483892
0 0.4022998469154857
0 0.409966468978555
0 0.4553906883296637
0 0.37126653533163856
0 0.40543364947248145
0 0.48659228015192
0 0.40474009345397743
0 0.4946154210847543
0 0.46628179104360223
0 0.5469999725232377
0 0.5012264590202437
1 0.5040248112336705
0 0.4720891495041434
1 0.3954928955576986
0 0.4974264120630198
0 0.5067798400784257
0 0.5175937925513894
1 0.3958617306419581
0 0.4344454514638256
0 0.49656200288284263
0 0.39608610902583097
0 0.5523623267510317
1 0.48139586477514124
0 0.523488214034104
0 0.4188820250149624
0 0.5285923434887518
0 0.36272590283189465
0 0.5541523399292445
0 0.5208101456932315
0 0.44415835351746946
1 0.5055494745346836
0 0.4951569167139645
0 0.5294656986965037
0 0.5290534095051319
0 0.3964770216860598
1 0.4133521645709529
0 0.3257991456035628
0 0.48885222719488985
0 0.393677667525672
0 0.5220607677868349
0 0.4812347163626888
1 0.48517087099675654
0 0.5354861426214188
0 0.40611669656813587
0 0.3719963982820117
0 0.4437141648447491
0 0.47576711668821536
0 0.37587805047042705
0 0.41889167158382407
0 0.37876025212125175
0 0.3648753855350009
0 0.547500244791632
0 0.5088849504546068
0 0.3327618390301244
0 0.5283022349843792
0 0.4874182033907498
0 0.3840207119995037
0 0.3697430411822041
0 0.46450381453944983
0 0.5232262473293107
0 0.38581709177007717
0 0.49232217303569
0 0.5018328637389955
0 0.4743486662538496
0 0.4484734624243033
0 0.5117248492855817
0 0.41225906205045887
0 0.43667348760848873
0 0.38940653619517823
0 0.46322204338067424
0 0.3704951716442334
0 0.4543300617481933
0 0.45580360058785846
0 0.5399384433443503
0 0.4191877744079043
0 0.31273517735378487
0 0.497255697961053
0 0.43403962849235506
0 0.4951970009536671
0 0.4698706386099706
0 0.49030401845021154
0 0.4483876244109302
0 0.5170959022533371
0 0.4282035484526985
0 0.46843084129547785
0 0.4889713807557975
0 0.49335558265854806
0 0.4217165779156703
0 0.43914550124705126
0 0.5134475280460578
0 0.388064089195856
0 0.503771246371115
0 0.4881812342737122
0 0.4633489704197903
0 0.45828647171833664
0 0.4482666767622998
0 0.5230816961757231
0 0.43902218732369763
0 0.41270293602499886
0 0.35963908004293255
0 0.40280093944709383
1 0.5066446285044686
0 0.40907649809266095
0 0.40370818947038783
0 0.5077614923905526
0 0.34430755428628396
0 0.5186244812284205
0 0.40601002986351054
0 0.4701672586160661
0 0.3842282618608046
0 0.46511961153831205
0 0.3906790821207321
0 0.40158233633166385
0 0.4393717180725768
0 0.505564238295299
0 0.5281239817012592
0 0.45462832828273386
0 0.5444232478898485
0 0.4783684869142441
0 0.5396415168249847
0 0.45727173634839235
0 0.45300261578220213
0 0.5042424231114185
0 0.46091961404060655
0 0.5036571031669269
0 0.536226437523066
0 0.471097819488631
0 0.4212255325935573
0 0.5194538612431616
0 0.47525676608489514
0 0.4834185361573501
0 0.4115163599290663
0 0.3781745866354448
1 0.44619688808486135
0 0.4167497161745122
0 0.481067544095383
0 0.5440483911448327
0 0.4749490317154512
0 0.5179227959624517
0 0.4979294400496545
0 0.42670434636110105
0 0.4857410806098669
0 0.44981435380321816
0 0.49842724390983256
0 0.5133166083628037
0 0.4861556157198526
0 0.49427200297617657
0 0.44446933202181854
0 0.5017807858838759
0 0.4148532022655135
0 0.46944108886027935
0 0.520168690879657
0 0.517040468537299
0 0.4349846795733373
0 0.47842884402296015
0 0.510357141049044
0 0.48595097019794603
0 0.4304386669232984
0 0.43306234923455494
0 0.4803591769175074
0 0.5035713254806439
0 0.48474553603791953
0 0.4845959669715995
1 0.45502607711380244
0 0.3376400874261744
0 0.45177817859235003
