0 0.4529896876406837
0 0.4479973125140249
0 0.46014443156190143
0 0.48775992701881576
0 0.42189179374257385
1 0.43041118315632293
0 0.42236569299084814
0 0.4363581291316905
0 0.4772268461679769
0 0.45249418239921024
0 0.47816493673193555
1 0.42672078637292216
0 0.5109140425488053
0 0.4628926268596613
0 0.49232633835366757
0 0.4952171843337093
0 0.49462717681806323
0 0.4852769658086056
0 0.48960970136977067
0 0.49468485572539495
0 0.4166966911793084
0 0.45132388254061845
0 0.47223284091553797
0 0.4470463263123223
0 0.4216133412367537
0 0.40337255827143953
0 0.459845886057754
0 0.41256573836516724
0 0.4588773497699947
0 0.4811613191062715
0 0.4759984405808278
1 0.5143964004880982
1 0.44559930000574904
0 0.4491809415676787
1 0.438091051926163
0 0.4974693518487732
0 0.49235192361109503
0 0.45684522328291893
1 0.409716439525629
0 0.3486558522939742
0 0.4574768269975687
1 0.457055468020853
0 0.4660519233703632
0 0.4587710913912754
0 0.45833010695606297
0 0.4653646811766972
0 0.5053484583595835
1 0.5202286855613008
0 0.4842094211857012
0 0.4965720661626959
0 0.49992943155615294
0 0.4960271539963287
0 0.49576369007997967
1 0.48503185110214364
0 0.4728652174822053
1 0.46616446916446846
0 0.5045068937626206
0 0.46386127922738934
0 0.4601253093503382
0 0.5088834065008511
0 0.4482826487828337
0 0.46381278532700815
1 0.46999554552533074
0 0.4667215329770977
0 0.4854711781490144
1 0.4462481737145039
0 0.4160161122321709
0 0.4387198255737502
0 0.5387522223249598
0 0.49137225369264204
0 0.5020718428788487
0 0.49928202633230895
1 0.5082126260882285
0 0.5214586259673123
0 0.5411943107805187
0 0.5502281150318057
0 0.5149979741577878
0 0.49022798085840813
1 0.5156189875640632
0 0.43579657930787835
0 0.39623198670164506
0 0.45166413945301975
0 0.5065030199720817
0 0.45736935833419967
0 0.515466194410578
0 0.4633272848063493
0 0.43101934827219596
0 0.3762010700712327
0 0.4404950654159117
0 0.44108613661894597
0 0.4652886781899825
0 0.422245417290381
0 0.41858357920502787
0 0.43103469406128825
0 0.5355622966371587
0 0.48296299811797133
0 0.44397229651096687
0 0.44884012511109095
0 0.47682516710596784
1 0.4247384929421105
0 0.37883717327523575
0 0.47654850936285587
0 0.45262272169970574
0 0.40580713108915706
0 0.3842614527717701
0 0.49008659741474847
0 0.45037120033087785
1 0.4545602527807023
0 0.39270858763212135
0 0.4602368784386066
1 0.42668561678984945
0 0.5074971194157181
0 0.4887868482105722
0 0.4647997678288324
0 0.4409622969003161
0 0.4816312554783668
0 0.40369036187902546
1 0.492565322039524
1 0.5543457222413272
0 0.4975627764819066
0 0.49339118324010606
0 0.506171105662633
0 0.46157179826413913
0 0.5158488267190044
0 0.41200662574675545
0 0.4527043014235163
1 0.4335792325351278
0 0.47094879686169827
0 0.44843492464944085
0 0.5015470009023417
0 0.44640960963005355
0 0.3875334341244247
1 0.46825966161160504
0 0.4926445768454204
0 0.4426976992937007
0 0.4437661752614835
1 0.4147315514825106
0 0.46751727011932387
0 0.44853469549607644
0 0.480286271688152
0 0.4795520689460253
0 0.4969054536325516
0 0.43898216100723275
0 0.48577709014580944
0 0.41817382049683083
0 0.45455567194012936
0 0.426753799160717
0 0.4724740725964414
0 0.5364831316581182
0 0.4707666361367868
0 0.455446825356755
0 0.5280279356367993
0 0.459785317211293
0 0.4829515529953964
0 0.4851895253676784
0 0.48951562851256775
0 0.4580950595258408
0 0.4685591922883811
1 0.4323102538895819
0 0.4494098112053143
0 0.4639347314742845
0 0.47287126308771193
0 0.4300839783721607
0 0.43642320114959987
1 0.39627205611059896
0 0.44605889040986046
0 0.44850595794892434
0 0.4830195378548707
1 0.4861264476758522
0 0.4022589209622291
0 0.4078421167088631
0 0.5420230498329949
1 0.4432128873594354
0 0.4413570293737131
0 0.4705989154381177
0 0.5052372268306909
0 0.5111166802612481
0 0.4222355995681379
0 0.4209261745829991
1 0.466700273147856
0 0.47167561814736864
0 0.46514040163707987
0 0.44531564390499545
0 0.38078647980445
0 0.3785657935167261
0 0.44681254389290886
0 0.479088742298327
0 0.41510510675290213
0 0.42814400007989434
0 0.447365634397977
0 0.4364742507877811
0 0.45874229728384364
0 0.5149495459578955
0 0.44933102178769596
0 0.48714495538695485
0 0.4581103357411002
1 0.4595643741893703
1 0.3917008422251034
0 0.43435446837486996
1 0.4700099521902383
0 0.4572308646573648
0 0.46462511434110754
0 0.47093829945772997
0 0.4664973744653753
0 0.4811973085593204
0 0.4872610491198399
0 0.4443217677197385
0 0.4193365807619481
0 0.45697044365405853
0 0.3978918327784225
0 0.401901445015557
0 0.45946692262504657
0 0.4705706455900061
0 0.4475994431957082
0 0.44939112448743107
0 0.4743503103551624
0 0.4327988783234382
0 0.37440378856119827
0 0.4119000030673499
0 0.42712921215746175
0 0.5135061605065016
0 0.48039448437481624
0 0.4757535483449801
0 0.49374114970368194
0 0.44714281042614695
0 0.3949556217058742
0 0.47054638495781154
0 0.43954804761096855
0 0.47437134534633735
0 0.4336932663706067
0 0.47670215945145894
0 0.4520400007466013
0 0.4655792763847692
0 0.45338286684843604
0 0.45935459286774893
0 0.4793971338028005
0 0.5042548370116835
0 0.48184209123532445
0 0.5128048767628423
0 0.46780942289556954
0 0.46225431457424254
0 0.45795531752947516
0 0.44666994428500256
0 0.43191396778939234
0 0.43603968934440407
0 0.44772038763666844
0 0.49588292241429116
0 0.46507364290237163
0 0.4862479684522653
0 0.45881333915912326
0 0.4631287814235856
0 0.3937039147747066
0 0.4807696704348458
0 0.43768840004235227
0 0.4784584559081912
0 0.4194260743711703
0 0.4737669737385828
0 0.4452007187740752
0 0.4410716590629506
0 0.4692510494770144
0 0.4645301554139125
0 0.4309227626853646
0 0.4138730426224281
0 0.4410557921271932
1 0.4606816501109028
0 0.45903194764487726
0 0.4456276124979638
0 0.46220159827599655
0 0.4027072718490424
0 0.44694350293214563
0 0.43910578939306133
0 0.47445619783326326
0 0.4838625978719688
0 0.37758421216264926
0 0.38951608787968756
0 0.45010968125679873
0 0.42468701120095037
0 0.4043924148796038
0 0.4656836256950498
1 0.4616510443328957
0 0.38479923309498165
0 0.37145323874219655
0 0.3931692799186844
0 0.3798266109566273
0 0.409392957994277
0 0.4503688777141664
0 0.43740768607122527
0 0.452376736961358
0 0.42065149184690254
0 0.4164471498865679
0 0.4112033739699336
0 0.43232450425234464
0 0.44751247692194374
0 0.42945756423796966
0 0.4284566508545662
0 0.4421841802162991
0 0.45786937821188756
0 0.4345722039814502
0 0.4346721658688536
0 0.4021803759638439
0 0.43035992292175934
0 0.44644410361250236
0 0.4747913894711125
0 0.4239406087105311
0 0.394075253016781
0 0.39180676887943333
0 0.4257144654750845
0 0.4057490570745813
0 0.45337227944250746
0 0.4204646276024406
0 0.45536465229985795
0 0.461853834503735
0 0.4639587876404785
0 0.4105822096460679
0 0.4596638843604984
0 0.4458514700524911
0 0.44825938814843674
0 0.42043288832692943
0 0.46669560606856686
0 0.472565164790179
0 0.4780822733651423
0 0.37816455627825457
0 0.39094231608142765
0 0.40482041537409785
0 0.46574031982173336
0 0.38795715782994206
0 0.4432956189942839
0 0.45892552274362697
0 0.4362607146052308
0 0.40356379647037727
0 0.4789305869908686
0 0.4905522731087637
0 0.44324401860043644
0 0.41726129903127324
0 0.5218026717950929
0 0.4392845964556139
0 0.5097124082273778
0 0.49525977016529804
0 0.48162298483766824
0 0.4465283458921317
0 0.48958861567457623
1 0.5215678953630437
0 0.5271381794776409
1 0.4725548596566424
1 0.48395037958142345
0 0.43853387905169855
0 0.48821371229645694
0 0.44089148397665456
0 0.4498410095761761
0 0.4900705955694207
0 0.4993093335953531
0 0.4531798240135715
0 0.44547720082074976
1 0.45983262339392833
1 0.45862492290478113
0 0.4626525643152867
0 0.4600951817511772
0 0.5182225510042152
0 0.5258993402076323
0 0.45136895856842546
0 0.5012864516395756
0 0.45658809044903254
0 0.47555790480403687
0 0.4502096165961444
0 0.4855819931196496
