0 0.4982480670198283
0 0.5110028261882309
0 0.487223692372643
0 0.507077538412183
0 0.47637475384685196
0 0.5012261536009994
0 0.4657083971251476
0 0.4693341870071443
0 0.46788891785362385
0 0.45185939336577274
0 0.4751495535050726
0 0.4410101396168144
0 0.4789186572606827
0 0.5152955951299035
0 0.49694183260137587
0 0.46775452032144105
0 0.4907413907448845
0 0.4609849583142921
0 0.4850326576553792
0 0.5296318875697824
0 0.46958109348574406
0 0.5011798963044082
0 0.45433907091943204
0 0.4916026119852947
0 0.482450473206583
0 0.44588699006550786
0 0.4979885560615524
0 0.4897453067490499
0 0.4831619159291559
0 0.45120338588890774
0 0.4838496784348941
0 0.5387944230436456
0 0.49709864616989025
0 0.4840805758045238
0 0.47031401383564697
0 0.5002422067410972
0 0.4995659957205794
1 0.4725941221861074
0 0.4571210516988229
0 0.4795115267074089
0 0.4885941267095584
0 0.43844609862753725
0 0.47542094978430705
0 0.45941083113332026
0 0.4840229132751376
0 0.444513813249722
0 0.46489696862982244
0 0.4993972649479827
1 0.46664356469524054
0 0.48074517609993106
0 0.4658111553917057
0 0.43330462141203263
0 0.4685513124847929
0 0.42749908708547235
0 0.4741473265257231
0 0.4477664535837345
0 0.43200435938871934
0 0.46984189816678673
0 0.4723211248725455
0 0.4534871561004398
0 0.4747196010022943
0 0.4637137102077703
0 0.446892463030642
0 0.47557201589835013
0 0.47358869340185655
0 0.44355961363818197
0 0.4505233644250765
0 0.4307162836727727
0 0.43162857373633085
0 0.4315493381855646
0 0.44506000654614825
0 0.4427305857772738
0 0.4533495904032517
0 0.4377290618167954
0 0.4477282436180182
0 0.4198778295739798
1 0.4354293871129799
0 0.41225795355077427
0 0.40514042301329517
0 0.4313875056339206
0 0.4333085600346626
0 0.46921978844843126
0 0.4465671192930924
1 0.43426729347886966
0 0.435228212596625
0 0.41745162813785275
0 0.43912354684270405
0 0.474367594617663
1 0.4748064519494468
1 0.4571971153553998
0 0.45216509698165536
0 0.4416563829215055
0 0.4807051385739759
0 0.47294044443204464
1 0.43918697139754487
0 0.4823124597808643
0 0.45995848069089995
0 0.46180787433256726
0 0.42774562383498704
0 0.498666740159626
1 0.5241453351557359
1 0.4889788807596531
0 0.4687197576053406
0 0.47835543262578156
0 0.4731484787144689
0 0.4623210205057221
0 0.4786545860208609
0 0.4675608454562417
0 0.4518831417123361
0 0.4523864344048665
1 0.48681869646429093
0 0.4983172294332365
1 0.4861080672373031
0 0.48765539100215083
0 0.46521168732115675
0 0.4731155135029045
0 0.4661172467809494
1 0.45443361866441956
0 0.4419761300735255
0 0.4831916245311119
0 0.4690242010493114
0 0.4567467285101544
1 0.4562354469831027
0 0.4955966596289421
0 0.47074944054447826
0 0.4857553388903979
1 0.44429463255409174
0 0.5088511221634195
0 0.473021742341965
0 0.4482956558807676
1 0.44939092793120206
0 0.481782630304793
0 0.47890709620563676
0 0.4581480234116028
0 0.43685947918568535
0 0.43253940718854045
0 0.45590616840433196
0 0.47365060836500716
0 0.4522058429378677
0 0.49336324387294106
0 0.5026588591396145
0 0.5015826435418966
0 0.4398915261953312
0 0.4999987252696862
1 0.4906138989578314
0 0.48344407829630065
1 0.49122559258931914
0 0.48757819200451613
0 0.4752360360186696
1 0.45202583270403246
1 0.49496362261732346
0 0.4499900379275251
1 0.45267311981737696
0 0.47269714838618804
0 0.4815740265549025
0 0.5081892871522217
1 0.4700423996006776
0 0.5011054548956164
1 0.5219199567403742
0 0.5499945863219045
0 0.5353719884450228
0 0.5199087624620047
0 0.561152415403156
1 0.4712560701840411
1 0.5002239327590059
1 0.5060895301118626
1 0.49675591961670734
0 0.503359731415233
0 0.5089132843553389
0 0.5288096698500568
1 0.5413631853549883
0 0.44325775019536584
1 0.46603167073487584
1 0.48688048521405325
0 0.549463892951843
0 0.48312978464336676
0 0.4478479930410051
0 0.5007481516354527
1 0.5312338572498809
0 0.47895838951286307
0 0.4618317845159114
1 0.467161437625716
0 0.4911875723504249
0 0.5543589421250535
0 0.545853019054278
1 0.4990562267924216
0 0.468845533099057
0 0.4632161487980426
1 0.5118075233481205
0 0.5032698404942776
1 0.46244970812937475
1 0.5099774698456074
0 0.5014033601469858
1 0.48331628647291425
0 0.4708439869391613
0 0.49050645251395825
0 0.48638134652397647
0 0.4290822326832624
0 0.4399779144328243
0 0.4854417088841318
1 0.46475776703901045
0 0.5149168209767072
0 0.4856967391838252
0 0.5502907478122402
1 0.5314717627232258
0 0.45835898806633024
0 0.44398671395785533
1 0.4331081751114237
0 0.44490627074753375
0 0.4500404917380321
0 0.47539816050062284
1 0.4767819879660267
0 0.42602935298592204
1 0.4520148431657847
0 0.5070836214207493
0 0.45153205820228615
0 0.4537675002511169
0 0.46154186428596483
0 0.47516803206933766
0 0.4313683224009559
0 0.47068137702915
1 0.46713874582169884
1 0.46282455035371156
0 0.4824781026896758
0 0.4878040981800681
0 0.46578947457393277
0 0.45178508621214114
0 0.41738889098280135
0 0.41574187446629796
0 0.4466553534597824
1 0.45159493177772986
1 0.42726928774096523
0 0.4808382017761973
0 0.5103524673692839
1 0.461713753377811
1 0.49877817335231267
1 0.43640225299868035
1 0.4582461081675291
0 0.4359955661916959
0 0.4481539446203352
0 0.4483438259414721
0 0.5054880160528797
0 0.4488093312636011
1 0.4178218386574766
1 0.42421360796488217
0 0.475531247062862
0 0.4701324925661085
1 0.47760478918317834
0 0.4587972685051911
0 0.4528033574997303
0 0.4408567847591399
0 0.41440066284146504
0 0.4225219854285376
1 0.4750177010320946
0 0.4736405004121485
1 0.4731785049818848
0 0.4583246985784337
1 0.4748081331150942
0 0.478651081605004
0 0.4435286319196615
0 0.41814033038354836
1 0.46458820986957705
1 0.48673220917435384
0 0.4850508326972563
1 0.4757154011076859
0 0.48535253352761554
0 0.4838734805595902
0 0.4704525782579354
0 0.5022356024085993
0 0.4520898151605773
1 0.42298799489955324
0 0.4632306940672434
0 0.5150623639048881
0 0.4939529152339801
0 0.519616660433037
0 0.457922759160674
0 0.43146326902342563
1 0.481312269279067
0 0.4890561588192634
0 0.44581007650731425
0 0.47603652373766564
0 0.44932252631543906
1 0.43599453788172093
0 0.486369863422264
1 0.4737012109756367
1 0.4195498744157836
1 0.4443585590613863
1 0.4611856183149082
0 0.42440946308631244
1 0.4485888541322398
1 0.4680699697605517
0 0.4298784024992422
1 0.4559444126371397
0 0.43707504375606315
1 0.49023970703301756
0 0.5672138704786129
1 0.6082027790516586
0 0.5279821177430841
1 0.49771817780227995
1 0.511969939245341
1 0.5403299957359686
0 0.5396642692037862
0 0.5602378248714529
0 0.4661669387680313
0 0.49293198647136294
0 0.4602507116040672
0 0.47929010295387825
0 0.5111112921344834
0 0.505251512168686
0 0.527951123272898
0 0.5075442315918594
0 0.6177374631753888
0 0.5028080885596161
0 0.5094647733825227
0 0.5082995630998417
0 0.5067040896089959
0 0.4738751558224117
0 0.47530241202462575
1 0.49202518225380054
1 0.4886739728289572
0 0.49601533409617915
0 0.520313660125781
0 0.5149624131593573
0 0.48414666063655404
0 0.49696009376586536
0 0.4902751881645122
0 0.4749356398847884
0 0.47949332937305744
0 0.5165112505526284
0 0.5860336361385795
0 0.5377448306805268
0 0.5024977742995587
0 0.494372860800993
0 0.47653675188960226
0 0.5023494252711653
0 0.4746538727199974
0 0.5357953666400758
0 0.5034774587592891
0 0.5425518618637736
0 0.5124890222174154
0 0.5128443827872357
0 0.4800184027601564
0 0.4935440464191666
0 0.5272783689963786
0 0.4976726397203197
0 0.5356024492299667
0 0.5309543593667471
0 0.5214731932986952
0 0.5350865226427131
0 0.5175915654642924
0 0.48460515463265785
1 0.4773869486604429
0 0.5039283318486283
0 0.44002912108009884
0 0.5099981474733682
0 0.49638187856552357
0 0.5102218789362979
0 0.5154847880731404
0 0.5319002614078745
0 0.48384539010126265
0 0.4612591066966218
0 0.4447114011913638
0 0.4945350964086806
0 0.4512666240409588
0 0.4335833366811466
