0 0.48494238539154555
0 0.45183556407640535
0 0.45488550926425325
0 0.45333506435920307
0 0.4445556255795751
0 0.4224289189200712
0 0.4592894284035855
0 0.4094375965058964
0 0.4450941789835828
0 0.4463903843678089
0 0.44362019479542625
0 0.41936609192220137
0 0.450564279864339
0 0.5063084027484429
0 0.4468053665019911
0 0.4614102600598164
0 0.44908411769224865
0 0.48544647777040284
0 0.4430653477103019
0 0.4532667495999507
0 0.452289278777688
0 0.46379572667471675
0 0.5238449974233956
0 0.4577873077375909
0 0.4469978076267036
0 0.4328960838336079
0 0.44477225461510644
0 0.46235734684664137
0 0.489063144274141
0 0.4960039296296626
0 0.5128133775530008
0 0.49741018994093067
0 0.49011676060317844
0 0.4354895625618925
0 0.4034861648358929
0 0.43361108215931116
0 0.4555129660331283
0 0.4712148034016737
0 0.5230550428756708
0 0.5247034825564467
0 0.49374115159952153
0 0.47269063745360634
0 0.45396755887428325
0 0.4752716941939566
0 0.4778752726162516
1 0.5088229513517087
0 0.48153413823399005
0 0.49955681268562574
0 0.4587943115905269
0 0.49767120362106787
0 0.49512137424547925
0 0.5078137207606233
0 0.4638611790976495
0 0.4270153072934593
0 0.4496524244760525
0 0.39971816799342585
1 0.4351737437133141
0 0.4599721430605111
0 0.48882326819732363
0 0.5048181035397392
0 0.4793240621345265
0 0.451825552764221
0 0.47906116788220443
0 0.477715559247272
0 0.5101253745282782
0 0.5162527568644156
0 0.5332136513086625
0 0.49846442530194507
1 0.492948989121362
0 0.44183051830341746
1 0.5118430252032905
0 0.4917886869001748
0 0.47217361924350887
0 0.47454099041420816
0 0.4487607197149977
0 0.482269808204569
0 0.4852424992240183
0 0.5373000937141492
0 0.5515589205464667
0 0.5535040003202821
0 0.5194023574179557
0 0.5267843265310835
0 0.5101894907709786
1 0.46689482414223404
0 0.4646880569637958
0 0.5098072300786732
0 0.4985381160183171
0 0.4598949373774763
1 0.4476106559572933
1 0.47058498950721844
0 0.4518658184011668
0 0.5241474237544392
0 0.506696558479626
0 0.5050942187425889
1 0.5169884748576673
0 0.5024445408135263
0 0.5155257126817898
0 0.5254895908968918
0 0.5248749979455202
0 0.5527315993875083
0 0.4870134660702484
0 0.48022083242247654
0 0.5305854243838558
0 0.5168406757251056
1 0.5304947293147781
0 0.5061753724442123
0 0.5025931842734123
0 0.46911782090557264
0 0.5079327876036073
1 0.48606814356858613
0 0.4798552891023121
1 0.5175747092724118
0 0.5079076165666551
0 0.49436803242628075
0 0.5202973732495725
0 0.514169199061415
0 0.5118487748141318
0 0.5299468101346103
0 0.5119496026328562
1 0.5130521322413717
0 0.5323164391283717
1 0.5035506355164509
0 0.4725828058091817
1 0.5184132741091143
0 0.45950429942926346
0 0.46305776364224455
0 0.46769525567684994
0 0.5459232508412468
0 0.4732332107478736
1 0.5422651955293194
0 0.5598584410180323
0 0.5189089036094806
0 0.4806759348311545
0 0.45141272491828177
0 0.4964679257358932
0 0.4719305433201083
0 0.4812118289287866
0 0.463494415921659
0 0.4817931821464449
0 0.4852403906585625
0 0.41455611199825926
0 0.4415400003234979
1 0.47435677463758985
0 0.5351430045460733
1 0.48669953282907946
0 0.5462810255778686
0 0.5145590454640031
0 0.5026019829313971
0 0.483652227768872
0 0.5095964425517298
0 0.512017779106443
0 0.5052268567694608
0 0.5164613827044312
0 0.5151483058212153
0 0.4952799181015464
1 0.5154809497818331
1 0.5326321020097137
0 0.4534784031629406
0 0.4694875426220312
0 0.5014037141074186
1 0.5065630045137788
0 0.4722398805729636
0 0.48418233285677714
0 0.528848697511046
0 0.5293374441948784
0 0.5073661874393469
0 0.501141969064581
1 0.5219553704618078
1 0.5460826643413619
0 0.5497259414193315
0 0.5552987406200569
0 0.5551138964406724
0 0.5299070739058129
1 0.5331169740334267
0 0.5368240714057492
0 0.5367335745462031
0 0.554973639660628
0 0.548066603846619
1 0.5734185848062656
0 0.5493547486894489
0 0.5661962069771846
0 0.5786339476917489
0 0.5641952266658865
0 0.5458523455501695
0 0.5379995423252494
0 0.534966025131888
0 0.5293336379504568
0 0.5274437645878262
0 0.5250077474762473
0 0.5314284909207025
0 0.505855188612303
0 0.5270014795108587
0 0.5604424446894958
0 0.5463257439226684
0 0.53464586146273
1 0.5508907871477763
0 0.5566597578367302
0 0.5252446213559735
1 0.5273031838126069
0 0.5518769801166272
0 0.5556475597633502
0 0.5698968688880461
0 0.5551056114083076
0 0.5464440338687467
0 0.5354800628792996
0 0.5274927301472071
0 0.5617535788244976
0 0.5584063573695691
0 0.5182333951761522
0 0.5671504965587822
0 0.512338217209543
0 0.5304923911119275
0 0.5208259831998836
0 0.5235351573493572
0 0.5540749203142644
0 0.5588032215086856
0 0.5638761666532175
0 0.5530979921946465
0 0.5223684135203305
0 0.5273859791643788
1 0.5202718923857674
0 0.5110859526135668
1 0.5133540638478935
0 0.5118259073322505
1 0.5142202716780655
0 0.5594237827878318
0 0.5077672234135747
0 0.5247540747430344
0 0.5174404474952208
0 0.4943451850098423
0 0.4838451254000307
0 0.49204917990560487
0 0.5309249088700947
0 0.5343560760634658
0 0.5268750714155979
0 0.4963165663940298
0 0.5196622597732852
0 0.4544915363946655
0 0.47869789359294307
0 0.49732568232844676
0 0.5033887772411487
0 0.4909557832144189
1 0.5018023570770802
0 0.48165187051689573
0 0.5528915278792613
0 0.45803883549018976
0 0.4637364591463082
0 0.46939091824938817
0 0.46778815404163887
0 0.46131971217789597
0 0.5019208195190634
0 0.506574585806268
1 0.5366524424458858
0 0.5462277222028208
0 0.5426297180157792
0 0.547683931109119
0 0.5165903325367305
0 0.528022842960751
1 0.5251987923874285
0 0.5465519246139003
0 0.5182247025991621
0 0.49198294436676004
0 0.516794559366971
0 0.5471500995247529
0 0.4756425404094333
0 0.5080732328993112
0 0.5187648031178389
1 0.4849544178288923
1 0.5380890133657972
1 0.5039529277905539
0 0.517197477783394
0 0.5188063608296126
0 0.5240440577951937
1 0.5423262072715349
0 0.4892511212423209
1 0.5376635767530222
0 0.5631191815927473
1 0.5248562234187424
0 0.5397393448603579
0 0.5128682325565974
0 0.530459973185308
0 0.4408960258364407
1 0.4417764187103924
0 0.47005212086963255
0 0.502507885946996
0 0.48871020392763764
0 0.5416176903118401
0 0.5471298945947534
0 0.5527573176406109
0 0.5459327297571025
0 0.5689253288046843
0 0.5690259898288647
0 0.5638811456091166
0 0.5706680543155781
1 0.5508429356023776
0 0.5400738562928583
0 0.5555623265524477
0 0.5647427412357688
0 0.5490608302365144
0 0.4993517201067706
1 0.5046497049679629
0 0.5349799309503295
0 0.5515230475450813
0 0.515235777374036
0 0.5214421482106557
0 0.5174258322007288
0 0.5397182734693176
0 0.5554648995962651
0 0.4726465952056205
0 0.4897464650003011
0 0.5292465720304753
0 0.5500945247102669
0 0.508408151681164
0 0.5362069191282923
0 0.5576336207979916
0 0.5371954720781127
0 0.5213217655261274
0 0.5307783184242018
0 0.5293603148498711
0 0.5138254512303541
0 0.5715932713880516
0 0.5369515990027883
0 0.5221064977481817
0 0.5651079031243527
0 0.5128591793713989
0 0.5228981031753561
0 0.48106277158609234
0 0.4565613404241208
0 0.5081252322273977
0 0.48660285495965144
0 0.5287906789012058
0 0.513249148492727
0 0.5336667709000646
0 0.5002702879216828
0 0.5307847706021578
0 0.4976178708395006
0 0.5556341855857515
1 0.5174061256157579
0 0.5222630691879964
0 0.5434927618016684
0 0.5192065056629507
0 0.5708055316062552
0 0.5178685219473518
0 0.501076541131473
0 0.5042316869654846
0 0.48290917563418445
0 0.5202116568602925
0 0.5435340027932765
0 0.5195452641153574
0 0.4885434802373298
0 0.5383734701703916
1 0.5120493597235957
0 0.48720041004678905
0 0.4959973748499169
0 0.42463007874055136
0 0.46748940629166275
0 0.4593597639245524
0 0.5037995211059754
0 0.4771027743938419
1 0.49778251969967896
0 0.4741330757280396
0 0.4995671797933816
0 0.540617984617616
1 0.5424291341643055
0 0.5341370801712217
