0 0.4066978258437949
0 0.4273500023728535
0 0.466691133860771
0 0.4340714422666244
0 0.3780361749070325
0 0.4698496843733059
0 0.5049303618994329
0 0.4625000163398464
0 0.5057765726109936
0 0.49064079241155106
0 0.4627727416792278
0 0.39735490244989996
0 0.4806039519261918
0 0.499393986813031
0 0.5057724404190962
0 0.4218313682038447
0 0.4738821384588712
0 0.37251786731859204
0 0.4914563718608046
0 0.5061949134025768
0 0.49418910737737376
0 0.417639343335026
0 0.4183495457349322
0 0.3873233280047971
0 0.3924758878800082
0 0.4209639884675128
0 0.43821915188311233
0 0.4600269454838229
0 0.5025406610943091
0 0.5052111992855786
0 0.40328940577496175
1 0.42031177385489843
0 0.5001586825593785
0 0.44215525908103137
0 0.4337691341835154
0 0.41061216054698224
0 0.48727451564292024
1 0.40328957750857847
0 0.4951807562490348
0 0.4647708145740725
0 0.4485531979284394
0 0.46911247219863583
0 0.39427702196298947
0 0.42622497665407993
0 0.44733729281925744
0 0.43292434579783073
0 0.3835569069310815
0 0.43378070134422997
0 0.35850274754437056
0 0.4698376780034422
0 0.43026321496821374
0 0.39238418674279046
0 0.4768521345498754
0 0.39774466328359165
0 0.4826710596091316
0 0.49814563235662024
0 0.4516674815716113
0 0.493401591793231
0 0.4560875213974489
0 0.48079059204267593
0 0.43866459302851346
0 0.4495107310216815
0 0.40420323476825487
0 0.42859406256972454
0 0.4461962537480936
0 0.4103701499779064
0 0.4764435726511633
0 0.40984530672687325
0 0.42297186963442407
0 0.41816541721459227
0 0.41057621647469167
0 0.4290634623357693
0 0.3846489075034464
0 0.3724808662485098
0 0.3639671697344832
0 0.4253180421192637
0 0.40122415883061213
0 0.4398377133867765
0 0.40751174341632884
0 0.4070541868459406
0 0.39007094805341447
1 0.43711381996343773
0 0.46168014443407235
0 0.4419930508493062
0 0.4437389613315415
0 0.43864761531165297
0 0.5049846240898539
0 0.3768677527414941
0 0.4451494553563571
0 0.4427617869247546
0 0.3655823292340419
0 0.4261255461146676
0 0.3812847987171488
0 0.3924834685433501
0 0.3447312695443294
0 0.48124263373608767
0 0.45708184833306803
0 0.4452869665049023
0 0.42781542609356227
0 0.4358144155242874
0 0.4730516661874094
0 0.4569788151710105
0 0.5360314973522018
0 0.44239238811440346
0 0.42425701433926627
0 0.4798196212100636
0 0.47430097856838893
0 0.36270833393862273
0 0.3994773855464904
0 0.4555394040976633
0 0.5128690521815071
0 0.47008561342270005
0 0.48349781715703066
0 0.43750228700288046
0 0.40518813392979275
1 0.44100012214986645
0 0.43227831889193796
0 0.45028964209048755
0 0.5009015712618521
0 0.4244658970297608
0 0.45211528250262983
0 0.41837585933239196
0 0.3691743152109962
0 0.35944538137919274
0 0.38165860084557984
0 0.3778628429540268
0 0.43039233891838996
0 0.4283847750443445
0 0.391471051715216
0 0.348048580950639
0 0.3858748421916379
0 0.4255337511694942
0 0.38790039272002125
0 0.39062815101768894
0 0.40261781715499295
0 0.44253760931310127
0 0.4104939721028507
0 0.3804510069112858
0 0.42101706527461474
0 0.38817372888166946
0 0.44457059299600377
0 0.4396107228870201
0 0.4172895344376936
0 0.4099387858899161
0 0.44809587453023353
0 0.3964315191442821
0 0.42250815516165546
0 0.39118688831340653
0 0.42223393829117734
0 0.40557508378347085
0 0.4027182890081763
0 0.3991783125104428
0 0.45159498239036794
0 0.38714122530629713
0 0.4697712405150597
0 0.43535496515843125
0 0.5098572347048365
0 0.4907090532285428
0 0.41177525700463846
0 0.35895628249620837
0 0.4615217563290381
0 0.4712610827698367
0 0.4743878471372489
0 0.3805320521505863
0 0.499505138649639
0 0.42013588302292393
0 0.5210640836605022
0 0.4830377227071631
0 0.4194718761494789
0 0.4595182175602833
0 0.443609527599784
0 0.4613345438882399
0 0.41684752353298266
0 0.4421836277126137
0 0.3666112051422727
0 0.36692224695536285
0 0.3309368475682952
0 0.3626625620792288
0 0.40858250069964047
0 0.4157036468093673
0 0.3834350964412524
0 0.4483835431734559
0 0.4150486548965098
0 0.4541763140620982
0 0.4455843119325625
0 0.4588432517586047
0 0.4785116254681527
0 0.38766331124454023
0 0.4517617722563648
0 0.45074150660289736
0 0.3904698011120242
0 0.475340976350231
0 0.37567904466069557
0 0.39464696819624007
0 0.3843836899899453
0 0.4017942133270621
0 0.37438292878577784
0 0.37234882216574333
0 0.3718955556045177
0 0.37064717688933607
0 0.4075104984907695
0 0.3684278312719782
0 0.37514730102701366
0 0.3875584555991958
0 0.3578698125961128
0 0.38728315938984254
0 0.3561278625494668
0 0.3754332101264207
0 0.33634209229813616
0 0.33521598423076787
0 0.34552258647153683
0 0.35545052010989486
0 0.35765467066180845
0 0.36613144111477774
0 0.32722970687896674
0 0.37171725990264537
0 0.3629730657088902
0 0.3553487869319698
0 0.34435185961321474
0 0.33638983817572027
0 0.32725555359796565
0 0.3956963624387767
0 0.43329664671038
0 0.38265905231289465
0 0.3855108153720253
0 0.4485430786746564
0 0.38389536480339836
0 0.39494668072904876
0 0.3451111638772639
0 0.3995640169833902
0 0.3709933912795571
0 0.40996549114890585
0 0.4142058027457584
0 0.3815286299367677
0 0.376732323812065
0 0.3494712066341618
0 0.36490203715698893
0 0.3845948036847783
0 0.3585557641383588
0 0.36884025082082594
0 0.4172068892347261
0 0.4151400653916642
0 0.388703697468162
0 0.34319712382459583
0 0.33241821539919086
0 0.3483873061326415
0 0.3487110365174477
0 0.36132374847811705
0 0.385229115617838
1 0.36081157243009354
0 0.33351179142140863
0 0.40578665644292494
0 0.38651954019122986
0 0.3932568209482594
0 0.3489518171687951
0 0.354980966599095
0 0.3429867705106407
0 0.41614842364063187
0 0.39750907741003677
0 0.35628936907880887
0 0.3729990635188808
0 0.39428343612745914
0 0.3708187995615457
0 0.38510113689458453
0 0.37270812157282085
0 0.4687672616183395
0 0.400769217730388
0 0.4193168254466349
0 0.3927456887727455
0 0.3835780641761613
0 0.3778944838557097
0 0.40520173555106365
0 0.346633061461728
0 0.36062087500507645
0 0.32118341297474884
0 0.3733564626669688
0 0.4549238572822409
0 0.43988306961421897
0 0.4756238598258988
0 0.48473622819970386
0 0.3474543512268158
0 0.4302317704831898
0 0.4413596971642517
0 0.42492240574859297
0 0.35634276674387827
0 0.4056465211455527
0 0.4020443197783342
0 0.365559067700086
0 0.4096735254799445
0 0.37312067281530736
0 0.4068185212523513
0 0.3404475176950304
0 0.34364941738796445
0 0.4678008002441772
0 0.4588423389038638
0 0.4844941319490392
0 0.45454824937702987
0 0.4502841339341524
0 0.4562331407365902
0 0.39349681693523364
0 0.37654111010078484
0 0.3975520528164523
0 0.3848946535335449
0 0.3997074140176704
0 0.39361794582260545
0 0.3733633553996726
0 0.3870330115326861
0 0.3888870173950925
0 0.38634432300395893
0 0.38867187154072164
0 0.4070948299223568
0 0.37404005658678624
0 0.4090626473769043
0 0.4224135812876157
0 0.45853700982550766
0 0.46602522162404686
0 0.4142296302148181
0 0.4248474081941549
0 0.3552251059355305
0 0.40766249180964054
0 0.4092503511384302
0 0.34519883280289027
0 0.3917989776405603
0 0.39563547700373913
0 0.44525740106335804
0 0.38556263956511283
0 0.417304382646631
0 0.3586983161682907
0 0.5010870424753651
0 0.44355981803769634
0 0.4956871621936357
0 0.46628028570312124
0 0.4271495678365882
0 0.5038459420636271
0 0.4203890653116494
0 0.4027741327685095
0 0.444473592613276
0 0.3948197808428652
0 0.37723738162655923
0 0.4443698207581042
0 0.4246607506052538
0 0.4865317134857595
0 0.46232521941325805
0 0.39603392576734125
0 0.39435860831623015
0 0.32571484705089326
0 0.34761273445217983
0 0.3408405655195493
0 0.3531223057685413
0 0.41216572471552615
0 0.38897526588771714
0 0.3655464254527693
0 0.4461884516763902
0 0.3777746022958736
0 0.4097246808811299
0 0.36332730327374785
0 0.37863002643796917
0 0.41245035432113936
0 0.46118933459193223
0 0.41986928201044654
0 0.4578100438376229
0 0.47857400168196634
0 0.4692740451884743
0 0.3983452451981159
0 0.4490596690728722
