0 0.3219678078990328
0 0.3410135474371017
0 0.36603463007680065
0 0.38467489567609775
0 0.36635638352993344
0 0.3477631830056557
1 0.3735079712764627
0 0.33230076960419375
0 0.40719984080643695
0 0.31725125566646684
0 0.35391165111786216
0 0.35892005234419616
0 0.3849315331623067
0 0.3764226658597427
0 0.39139985208019523
1 0.40642660579450185
0 0.37003087745257024
0 0.41800696743418564
0 0.4241129153027866
0 0.46986403394061843
0 0.46182511211830407
0 0.41518296098070767
0 0.46286909306210144
0 0.46983499894465275
0 0.4664322413983339
0 0.4591845511325234
1 0.4284628682771977
0 0.48953059774898183
1 0.4697817671872515
0 0.49026538807703446
0 0.45540588027889606
0 0.4540473344788166
0 0.4611804415112292
0 0.40343256410756856
0 0.4251572108697974
0 0.4324776479056959
0 0.45918086464217106
0 0.4582567740920146
0 0.5258374838221849
0 0.5481861093160381
1 0.5565251306467358
0 0.5361053321162531
0 0.5186670437136718
0 0.544107296646994
0 0.5352498164885607
1 0.530157125804978
1 0.5429890273335252
1 0.5277952345479553
0 0.558318603587928
0 0.5563954835220185
0 0.5977119589845485
0 0.5752006216039911
0 0.5659127185169378
0 0.5474823468873175
0 0.5514938953774973
1 0.574347587015895
0 0.5596571787109763
1 0.5413436519620435
0 0.4902642586630301
0 0.4908016356002378
1 0.5107230581801877
0 0.42967886619220635
0 0.41276765169010987
0 0.4389894933669164
0 0.488411776597925
0 0.45369788692408136
0 0.426508450237872
0 0.4220184454629863
0 0.4380735600566378
0 0.43152818996260983
0 0.4144318678429914
0 0.42670031729424135
0 0.44329842187365376
0 0.41385101272827196
0 0.4255072823939792
0 0.3922584038465929
0 0.4077775328843858
0 0.42081536127898606
0 0.38987301283861603
0 0.3674282873242515
0 0.36428246039598167
0 0.39701763411391505
0 0.41222839732071
0 0.4225786976463625
0 0.45683505272910907
0 0.4892300259265121
0 0.4622817732062038
0 0.47995521979366756
0 0.43761567984850164
0 0.4185327718882627
0 0.442215525745555
0 0.39987814863278254
0 0.4188892723451092
0 0.4421586760707034
0 0.446275594982078
0 0.3920210732156599
0 0.3916653500970914
1 0.3656130676626717
0 0.38032031095947383
0 0.3815900397792147
0 0.35163368277853035
1 0.3653813903468319
0 0.3463266205608994
0 0.3626158010026149
1 0.35812425630336897
0 0.37720423452539315
1 0.3687660176766306
0 0.3407985497274096
0 0.3480592318059617
0 0.34922801793157465
0 0.35099844108030004
1 0.33369545134867834
0 0.3838846565709372
1 0.3692015233828306
0 0.3718986974069891
0 0.3777388051297833
0 0.3586544932601109
0 0.37197948091194416
0 0.3717589377114112
0 0.3734373606279913
0 0.3748101505432653
0 0.35816151880141395
0 0.36550492130364143
0 0.3625979021954703
0 0.3457853076234524
0 0.35320274216875125
1 0.3287071559330134
0 0.3265263236762059
0 0.31225033975914845
0 0.32065359894244444
1 0.35774939494918606
0 0.3466449588387401
0 0.3454535694955709
0 0.3770000320251252
0 0.4027397457206482
0 0.4002424663642338
0 0.38148564424783726
0 0.3623234072629075
0 0.33885372556172777
0 0.35010823505551664
0 0.36463868113649783
0 0.35665295950438947
0 0.37267142390911356
0 0.31751027530528547
0 0.3492950758745116
0 0.30211048099950844
0 0.2719764348922101
0 0.26610140086913736
0 0.2623218651038538
0 0.2834634275994083
0 0.2853622576517146
0 0.25200568361318754
0 0.25907104304250617
0 0.25802631193171244
0 0.23207774573158776
0 0.2628612420959533
0 0.2564761990475933
0 0.26727450596866237
0 0.2724949469394432
0 0.264105540176491
0 0.28044934340419553
0 0.27919772084698485
0 0.2786142162289813
0 0.27311082695976746
0 0.2502259786685705
0 0.26637538308651004
0 0.2931137882198757
0 0.3004386560511708
0 0.2759660189757687
0 0.31523571624862146
0 0.3435910256806288
0 0.34421308376135623
0 0.3449499153347001
0 0.339771195634764
0 0.299365308457264
0 0.31157837755722745
0 0.3023410855170678
0 0.26933141246177045
0 0.2850646593429115
0 0.2611769939972579
0 0.3169901528622338
0 0.2917479271447179
0 0.2897436692526819
0 0.2966477374198458
0 0.3010478244721153
0 0.2650589038191697
0 0.29038399188276104
0 0.31571437355245363
0 0.3101131122517326
0 0.2714275058709501
0 0.29965433356238363
0 0.2822752483393009
0 0.29783137787550923
0 0.31386935099124463
0 0.28172322852880605
0 0.3204683579810292
0 0.3054706712161853
0 0.27196436270858726
0 0.29457526331713313
0 0.32362580400388397
0 0.31607918831338616
0 0.3347140595123468
0 0.33492918127239707
0 0.33099656444844583
0 0.377846970051933
0 0.37683141023969463
0 0.35408189827593134
0 0.3149862130891454
0 0.3374511615696962
0 0.34799651138232757
1 0.3301307555888612
1 0.30963984982118775
0 0.30330968909901274
0 0.33088647626293904
0 0.3510975486158158
0 0.34738903714598585
0 0.3361453989142522
0 0.35638792678401426
1 0.31680095974013056
0 0.33265599046556305
0 0.31488536780450954
1 0.3019784309258654
0 0.3155984789194241
0 0.28894300223249536
0 0.2798946152761631
0 0.30080750824242247
0 0.31157385034898233
0 0.31927079184031365
0 0.3105657945677108
0 0.3532969535859404
0 0.37466523396248197
0 0.3556814680495625
0 0.3467062889608143
0 0.33898531742453086
0 0.3069562093956969
0 0.34565890788955556
0 0.272676012910131
0 0.2628881391135732
1 0.2581058792481473
0 0.27068721326355794
0 0.2745105747724081
0 0.2642308290380402
0 0.3039683863708327
0 0.26263352648049126
0 0.28935216307594375
0 0.2622578623604826
0 0.258408251388633
0 0.24557712456815775
0 0.23261778746334266
0 0.22686157832463624
0 0.24730693154386094
0 0.29605450056291893
1 0.28756888907807976
0 0.26292977162525094
0 0.25833788827680626
0 0.25714063595417647
0 0.237775591650049
0 0.27808101096185533
0 0.2175976265894025
0 0.23306693368261136
0 0.2462646245577986
0 0.2266158217790753
0 0.24902467091512195
0 0.2550596446019621
0 0.24183814376508148
0 0.23283140089427729
0 0.2201997789666074
0 0.21943183330084817
0 0.25232134267839834
0 0.26850204903633107
0 0.2406982995482455
0 0.24210260272303016
0 0.21758202936978588
1 0.22632489451235605
0 0.2505831681282889
0 0.20329047769214284
0 0.19514416783461122
0 0.19505582019059003
0 0.2141197626003596
0 0.22132429808267562
0 0.24523513445922457
0 0.22025229205466534
0 0.23116704200538338
0 0.25963632912551626
0 0.20725979379851692
0 0.18381148369681363
0 0.2037873982213296
0 0.19278907160477848
0 0.2000401195450271
0 0.2239231146542615
0 0.2312386312205029
0 0.2154581894443618
0 0.24216690974043273
0 0.24889825247787795
0 0.23068904642672178
0 0.21963338090712578
0 0.23253416518717923
0 0.23625033631571804
0 0.2523863686971233
0 0.3061222890463384
1 0.2746258185451613
0 0.23289603458046937
0 0.23628115587103116
0 0.2396128558795178
0 0.227091455694837
0 0.22181138145841883
0 0.2401948898637384
0 0.2507840063943262
0 0.27370599375434757
0 0.27402780593469134
0 0.3191519242797941
0 0.31916026405100556
0 0.29863876574143466
0 0.3054205491866569
0 0.2798437512306141
0 0.3162535598420058
0 0.3251269324957635
0 0.3447420799489969
0 0.4100405376261395
1 0.347493568088671
0 0.3790580862245383
0 0.3591466949045298
0 0.3535680800796747
0 0.42356135857901017
0 0.4370202870688857
0 0.4728488808944776
0 0.5279788028190484
1 0.5162906409727985
0 0.4984145534576002
0 0.4759656626489777
0 0.4686865941462954
0 0.48645493394740297
0 0.5174512985586229
0 0.4812636244771839
0 0.44285617330227467
0 0.4880959780277592
0 0.5643891001987285
0 0.5421688294731342
0 0.5781856721367907
0 0.5118473087614541
0 0.5185195613598323
0 0.5159304296539249
0 0.5570754419713381
0 0.5806278395093555
0 0.5800212746580733
0 0.5643622728936825
0 0.5499937559505097
0 0.5322118402704975
1 0.5304163424444549
0 0.5091915870029872
0 0.4551012945901397
0 0.45988634800573774
1 0.42610847964984105
0 0.4161731602899423
0 0.4291493064971002
0 0.43641099131582817
0 0.4386529305278357
0 0.4378856648675981
0 0.43820891637110315
0 0.44983694250467204
0 0.44055799018435765
0 0.42641090463850295
0 0.4306821608652437
0 0.4454513201238421
0 0.40314438979532174
