0 0.48084582500902595
0 0.4825851186839189
0 0.5048171322475483
1 0.4102709372446143
0 0.5637121124783863
0 0.501631584241766
0 0.527051401900817
0 0.4609703567226581
0 0.44288332225486465
0 0.47984619498865916
0 0.4766824133883315
0 0.5282613007274721
0 0.489817466648722
0 0.5021882596586849
0 0.491593276478929
0 0.5192172591496108
0 0.4865772273738332
0 0.4628652606276124
0 0.4668263171933643
0 0.42241314295049726
1 0.4575454085180615
0 0.413702527263636
0 0.5344340173831708
0 0.4964102419053282
0 0.5166915992389035
0 0.47804007772848855
0 0.44866114898581827
0 0.49157682656630997
0 0.4934460270060602
0 0.4746552237667945
0 0.50460391150907
1 0.49776864894570455
0 0.48712822820680884
1 0.47665988486036476
0 0.48431052642513633
0 0.45900952302921705
1 0.4789268507504387
0 0.4419210944440344
0 0.5116412803204594
0 0.502844192555172
1 0.4738780134360878
1 0.5004484309914237
0 0.4870135381000776
1 0.48134242614646316
0 0.5119827226053458
1 0.48336672594798685
0 0.4349949043468543
1 0.48986216663126353
0 0.48538409380693165
0 0.5013927931496955
0 0.5062183223066897
0 0.49127275764510514
1 0.48609013012786145
1 0.47569147460959793
0 0.47611277275307584
0 0.4501294465666858
0 0.4731662443549887
0 0.47309582108486986
0 0.5059901096299265
0 0.4403454647747921
0 0.42930531309053604
0 0.42827469218802416
0 0.5077363968355204
0 0.4310645343970795
1 0.4680790753182272
1 0.455448196887518
0 0.4754775057018316
0 0.470342398633923
0 0.4303661515822163
0 0.45915536982378635
0 0.5086430823542227
0 0.5109628013351184
0 0.5013725436308659
0 0.45916159813252344
0 0.43931823967129774
0 0.42149892181085363
0 0.4610540140822859
1 0.5085511912607783
0 0.4695271583087849
0 0.4818182480732553
0 0.5142343602164317
1 0.4270657658014593
1 0.3831354788489096
1 0.45138944432870487
1 0.44950780312432553
0 0.4697362343179433
0 0.49591755110408176
0 0.4585830180547884
1 0.43650576200536745
0 0.4817329547881031
0 0.46005565497700807
0 0.4283586279432708
0 0.5038294170941011
0 0.5180446558450041
0 0.5190602925041624
0 0.4886061670885507
0 0.4659651658422637
0 0.45765172118724295
0 0.5234086119570918
0 0.44869496703511985
0 0.49152672868710506
0 0.49685946114857943
0 0.4885914768687285
0 0.45532111213152987
0 0.5117544161774153
1 0.49892623973521705
1 0.538586279885988
0 0.49029962067347727
0 0.5148314532687466
0 0.5051029642217665
0 0.5071392095586167
0 0.4893306607952427
0 0.482605932428636
0 0.5191562852165205
0 0.4967952961574255
0 0.4416414249898472
0 0.4630977117771103
0 0.49887866250937596
0 0.4530680854709476
0 0.49971714155052005
0 0.5007472192126929
0 0.46291765797492024
0 0.43976311511775246
0 0.45726850571852384
0 0.46773722021400854
0 0.4881050345326086
1 0.44106849004925613
1 0.4702963793284718
1 0.4585273376245487
1 0.45123810697439415
0 0.44737445461706477
0 0.4382334991772281
0 0.4404253003838134
0 0.460996648219953
1 0.4801085078370782
0 0.5058413633104989
0 0.4253523477265659
0 0.4684834470399732
0 0.46655934620805145
1 0.4852516429076916
0 0.4859574260334996
0 0.4571576682815742
0 0.4619751816669999
0 0.43363631655802976
0 0.5060687617205833
0 0.4885862864520024
0 0.4848626816017317
0 0.4454498255796503
0 0.44269420974368723
0 0.46621429663336167
0 0.45132442372794046
0 0.4516302899672031
0 0.4082165748470458
0 0.5411350757483474
0 0.517590047982503
0 0.5180680610713022
0 0.49668787673765147
1 0.4939274365011334
0 0.4792578800125104
0 0.5109447030159312
0 0.48507644333429606
0 0.48716567546823064
0 0.5083131819409152
1 0.49822209295630826
1 0.4940404948685541
0 0.4929111152297821
0 0.4144711232757846
0 0.4616244013863371
0 0.5115736717794808
0 0.48405587894173074
0 0.4596243601408841
0 0.4174539736616248
0 0.40485574750180964
0 0.41660420886418653
0 0.4479610679915613
0 0.48344648608250756
0 0.47200954678942625
0 0.46583230554933613
0 0.5096355126447706
0 0.5096995588064397
0 0.4855426668140092
0 0.4972641616565667
0 0.4692247319686492
0 0.4387017645938985
0 0.4662420469533815
0 0.47765744329961435
0 0.4643710168254191
0 0.4531555544309741
0 0.48544079849723976
0 0.4636237812138734
0 0.5056599587822191
0 0.42939547670644307
0 0.4650942425528868
0 0.45954840746599296
0 0.4611232035642806
0 0.47169417563618127
0 0.4368145176130331
0 0.4853230527929564
1 0.46115362248872155
0 0.429344481601036
0 0.48744012454908525
0 0.45531068084665133
0 0.4655510191988399
0 0.4738680670382508
0 0.45739692977119767
0 0.3930227086384801
0 0.49730450427671974
0 0.46645490129375594
0 0.43695938125080663
0 0.45007241015463234
0 0.48523848417031423
0 0.48377467446861117
0 0.44568844313686695
0 0.4789731771471641
0 0.4820460783829844
0 0.5160705581278185
0 0.46932857170790815
0 0.4634894058801802
1 0.4745963499511134
0 0.4874274989387711
0 0.5069460209079318
0 0.48000704072945344
0 0.4821939749422143
0 0.5001279511103565
0 0.46699019082556986
0 0.47898412738351764
0 0.44974920622608006
0 0.48012415516535173
0 0.4380389195618048
0 0.43962013504616754
0 0.4643018473132366
0 0.4482177494652967
0 0.5055845097812592
0 0.5019205192983117
0 0.45340616272790296
0 0.5207424331379232
0 0.4908772525461761
0 0.4753725130423105
0 0.5102165147836643
0 0.4648762382022672
0 0.4945257755558222
0 0.5336462204608353
0 0.5015732918990835
0 0.43783645677760696
0 0.49212351122080217
0 0.4823681219437424
0 0.4646955409882049
0 0.4939947674047665
0 0.4830822990668097
0 0.4888608990249408
0 0.4907182508092459
0 0.4297257009256683
0 0.4635741818898968
0 0.4791555182205155
0 0.4842662136733012
0 0.5095543473264226
1 0.48189663853295894
1 0.4837098170767233
0 0.5024654971015772
0 0.5261299628954809
0 0.4577846590130236
0 0.4468824905368175
1 0.444450597152352
0 0.4257762183221321
0 0.48788876818948457
0 0.5138273079968962
0 0.4777642329333211
0 0.42932300468652174
0 0.4783877997894528
0 0.46572349050721235
0 0.4839026135066012
1 0.49199795534464713
0 0.4683583352993607
0 0.5381142000554167
0 0.5306583081260995
0 0.4512993643770522
0 0.4390357681897845
0 0.47256881759288416
0 0.4741233956354302
0 0.4399286388577715
0 0.42265814825474374
0 0.4535307317047571
1 0.4254403509236914
0 0.4149609505437017
0 0.4233505151090614
0 0.4374784845981376
0 0.5035222238426204
0 0.46776738134347745
0 0.4819980326756606
0 0.49619427961403234
0 0.46778564751627355
0 0.5254094210212121
0 0.4733535420370371
0 0.5112834994332596
0 0.5164237172633522
0 0.47865498493277125
0 0.4911901122868867
0 0.5165493672061751
0 0.5214520674911914
0 0.4642884662278576
0 0.5037989794061916
0 0.4706892392288978
0 0.4461936805663051
0 0.4034531484184113
0 0.4521241220968665
0 0.47418236345688547
0 0.45260215293376704
0 0.42309648737565203
0 0.4746882498970325
0 0.4833572206179867
0 0.43480334795966546
0 0.4880456325126916
1 0.4640449289028635
0 0.4614211238636735
0 0.49718994238490494
0 0.5134964261675604
0 0.4683695942608745
0 0.49147959778792155
0 0.45188273872397167
0 0.48655371874498443
0 0.46369316964110957
0 0.4954813310985934
0 0.4105625116859763
0 0.48964550085217334
0 0.5451804392718655
0 0.457440700445717
0 0.43583629538287194
0 0.46847347376430254
0 0.4865185270751719
0 0.4913422924340863
0 0.4893050610306563
0 0.42394447433246607
0 0.42144376053177884
0 0.4447502866592753
0 0.4865277011663436
0 0.45641136297344764
0 0.4626809037754651
0 0.48580950908033727
0 0.44951257444707726
0 0.45583202637024833
0 0.4437158622598934
0 0.4455294019865529
0 0.47038209467461656
0 0.4542025745450011
0 0.5130524415803271
0 0.4440432916365422
0 0.4669473324484457
0 0.45355058847873114
0 0.37012191522164994
0 0.35082913985636666
0 0.47238705923473245
0 0.48537898168275595
0 0.434810389506256
0 0.4372827913472026
1 0.5087609912721934
0 0.47535361225919187
0 0.46438791497250415
0 0.48578079434668686
0 0.48258361446954706
0 0.4653426836362478
0 0.5009113939802287
0 0.5126946210023383
0 0.4909344794111948
0 0.4891048750376896
0 0.49620282815641603
