1 0.507346605064967
0 0.3936870207900393
0 0.46328060126206344
0 0.48312877775331753
0 0.48289197647744725
0 0.48592271474805465
0 0.40784418808753886
0 0.40416749579038885
0 0.47290887552438227
0 0.4005112711412195
0 0.4486535337885133
0 0.4581740814602894
0 0.47956938244822406
0 0.5053676077200656
0 0.44971622074307777
0 0.5103146455728745
0 0.47687985812945
0 0.47491020998452743
0 0.48601905701332143
0 0.4802156632313389
0 0.46645144849919706
0 0.48178556681214074
0 0.4791777871092725
1 0.4448157665466222
0 0.47806675247495184
1 0.45387229507752447
0 0.48660322060483924
0 0.456458443908783
0 0.465887176726426
1 0.4170475079142927
0 0.4467922724002931
0 0.4474352727091919
0 0.40627874530583724
0 0.45718258137917844
0 0.4739556498468076
0 0.4911764215432042
1 0.44793794232037665
0 0.4755454281766314
0 0.4964271596258078
0 0.4622500026154711
0 0.4782134073710353
0 0.46646501473683255
0 0.44128840033299593
0 0.42954246242880173
1 0.46626869732383885
0 0.5107701880608412
0 0.47152262922324273
0 0.4568479535799634
0 0.5008766254285705
0 0.48262835671134247
0 0.4134314374880447
0 0.48784334557279874
0 0.45401672712918445
0 0.479045082376833
0 0.4794117475162489
0 0.4907080143943125
0 0.4368642294201366
0 0.5053586803216469
0 0.49196360028478486
0 0.485351454226628
0 0.4669587776349066
0 0.49559871065275746
0 0.4610959713574371
0 0.5263484109263866
0 0.4862726312778067
0 0.5031052992858018
0 0.4991886688111461
1 0.527816369162204
1 0.5187164026842935
0 0.492888382294172
0 0.47505875732702024
0 0.44046706321338297
0 0.43498313166369507
0 0.457241592822848
0 0.45434064417893344
0 0.5072344465114352
0 0.4552405212319924
0 0.5091710428119387
1 0.48560792645199147
0 0.47477547147509713
0 0.48400439467651224
0 0.5260025547451294
0 0.47295764454437356
0 0.47724422606419775
0 0.4517072964757527
0 0.45751669134227824
0 0.4772117100532063
0 0.44183561485469736
0 0.4802259649668604
0 0.4773126036434415
0 0.4869714228633561
0 0.5249138722175521
0 0.4481714645452706
0 0.4946780215093822
0 0.4550491058229586
0 0.4737341048270225
0 0.49681743375719306
0 0.4787605060443616
0 0.46753512361382316
0 0.49484447486343297
0 0.47810561116194805
0 0.47416431120675434
0 0.46659295845916743
0 0.47441275398124944
0 0.4677609774090437
0 0.4777812520800265
0 0.46957026737821117
0 0.49442090311866504
0 0.49460679725839973
0 0.497568002951146
0 0.45540794624522296
0 0.48871382148717396
0 0.456317747374609
0 0.48845334459837697
0 0.4453284602934069
0 0.49164357236593903
0 0.5028230226540161
0 0.48906342296425337
0 0.46708538085656964
0 0.4545575089884027
0 0.45375220090628354
0 0.3838980553313424
0 0.4553519313925016
0 0.49196551427319135
0 0.48388857712895506
0 0.43535645383439403
0 0.44514366724221366
0 0.456171362038988
0 0.5133335226708822
0 0.5099125679993987
1 0.5192547695440959
0 0.45206171417333424
0 0.44292746313353937
0 0.4808726487932324
0 0.44317099246213565
0 0.44185498357394615
0 0.5298403033368418
0 0.5046730006887058
0 0.5311738165027549
0 0.5074355423975214
0 0.46923411213418786
0 0.4931403987121887
0 0.49860411849878444
0 0.542832681833998
0 0.46736539276376043
0 0.5110520240301896
0 0.4686476651626177
0 0.4665180423220084
0 0.4382551205916246
0 0.5147974338392104
0 0.49992062745223037
0 0.4438251213187128
0 0.4639398988636055
0 0.49215855895393845
1 0.5087025598429353
0 0.39727257775614777
1 0.43293308806828745
0 0.4886159798129995
0 0.41831071769636663
0 0.383070212547589
0 0.4930689483029502
0 0.4141739411766616
0 0.48838971128669373
0 0.4157635508578322
0 0.4985861819031501
0 0.4880582307970164
0 0.48165132110899495
0 0.49019087014616364
0 0.42474163166560036
0 0.4573877652153824
0 0.4963640890042202
1 0.39917875113928336
0 0.47799617295287816
0 0.4571616040361937
0 0.4534083305376393
0 0.464618535667979
0 0.42769899322856675
0 0.4087005387907426
0 0.49144061933726946
1 0.4942032956555694
0 0.4614820730332173
0 0.43619058401898053
0 0.4857743757674356
0 0.4636263728860612
1 0.48024489949171445
0 0.430751648608484
0 0.4610203773772765
0 0.48611009486412476
0 0.5093824840924891
1 0.49350245610048116
0 0.4668747986512943
1 0.471951441032768
0 0.41461145294203405
1 0.46489967945841965
0 0.4626385630650024
1 0.3744225656026215
0 0.43015857843444316
0 0.5036382009999533
0 0.48023373485682025
0 0.46605403432741693
0 0.48095592761022343
0 0.5252628968767985
0 0.5001496634530662
0 0.44113089372084024
0 0.4879619500805293
0 0.45220970135652444
0 0.47027868186825816
1 0.4522272187354596
0 0.49853008611390914
0 0.4755910894885353
0 0.4842836902206758
0 0.47734342629107057
0 0.49663135101572436
1 0.4354494391750357
0 0.43030195879807587
1 0.4615925300219102
0 0.5283112726970323
0 0.42387752941770096
0 0.46388786224520634
0 0.4918164721878624
0 0.42529301415607523
0 0.4803695956793373
0 0.4657557455376286
0 0.5010369812416807
0 0.4379384852755371
0 0.5172465187750789
0 0.4636575363148948
0 0.5191736532378828
0 0.4869409471010328
0 0.5133886133558184
0 0.48061229370529657
0 0.489071809506175
0 0.4753147652452344
0 0.5067919525353575
0 0.4776419440638978
0 0.522328759465669
0 0.5008618798440357
0 0.4569158372627113
0 0.44112345594408015
1 0.47847577653445544
0 0.49732647982251044
0 0.392619010527608
0 0.45713538216698524
0 0.5347556959540337
0 0.513275746135491
0 0.47053665504912834
0 0.5055914107680229
0 0.42424019096701593
0 0.4390993449484413
0 0.5088584430376487
0 0.4501304412404061
0 0.46063291242324583
0 0.4994673244617217
0 0.5048827879264053
1 0.5180199578518458
0 0.4511687853938515
0 0.44660909879967264
1 0.45631696057641585
0 0.450712349549487
0 0.4706317864704286
0 0.49168482059788976
0 0.5016244758331364
0 0.5327988840986552
0 0.49087105415835547
0 0.4952590968568673
0 0.5046661671364612
0 0.4949098716964911
0 0.5075525991167548
0 0.4952848984115013
0 0.5071057327486126
0 0.4884474711079748
0 0.4683208866936134
0 0.4973002321785725
0 0.5413463769911426
0 0.49877459571724075
0 0.5176478139350008
0 0.511149141389534
1 0.4730571801434011
0 0.427417838579066
0 0.4263009381315488
0 0.5104767101287562
0 0.4332397314178689
0 0.4709445164250019
0 0.5225004904798498
0 0.4786264291234308
0 0.4776112231241078
0 0.45340886679373227
0 0.4493351108625685
0 0.4804754936671733
0 0.46699933638726626
0 0.4570060539052459
0 0.4474706411971926
0 0.5056981723380237
0 0.4962655767210669
0 0.5114167387710551
0 0.5096056426359392
0 0.45459329048735453
0 0.4887559955127607
0 0.5087600295226162
0 0.5049144873672419
0 0.4875293932748436
0 0.4899254382946311
0 0.44890361189600353
0 0.4272865501141753
0 0.4582595055702042
0 0.464704547453809
0 0.43103488707644
0 0.4720321102334089
0 0.521618191190442
0 0.4969526722037714
0 0.5047206566362298
0 0.47135809446338234
0 0.47866196350249773
0 0.46887016995549463
0 0.47035518817972033
0 0.5133883369850792
0 0.45785375341159795
0 0.5147666864980024
0 0.506618196714098
0 0.5246329824170382
1 0.46797512933116586
0 0.4691116286371946
0 0.4550499003315548
1 0.4760715704361082
0 0.46750117160683474
0 0.4560059785154376
0 0.4737538752454915
0 0.5061525031303435
0 0.4913226744795428
0 0.42636471993683245
0 0.44868160327666556
0 0.4809198157220142
0 0.45645462944087384
0 0.4908956970296713
1 0.49692337432683553
0 0.47822589120576897
0 0.4840604375961513
0 0.44886677118176266
0 0.47647304583746
0 0.4834908347077042
1 0.47336016163328204
0 0.5094492860805332
0 0.5233258677950761
0 0.4824775891555277
1 0.4885310763967428
1 0.4755392330761875
0 0.4781804787190557
0 0.4375954013135346
0 0.4944048885618361
0 0.48401074310922504
1 0.4757240798641588
0 0.5160878197441371
0 0.49741943255978904
0 0.507407961189186
0 0.49665537989120756
0 0.4713866246609884
0 0.5246962569163126
0 0.5049541526446327
0 0.4936249574309742
0 0.49581510003554524
0 0.5057097956688582
0 0.5183450786566958
0 0.5272040116319392
0 0.4915612599968401
0 0.481231619294787
