0 0.4672834915403527
0 0.41192755595579145
0 0.4909598754721015
0 0.3524838264496454
0 0.4757002444430659
0 0.43833519176711777
0 0.4532645989221467
0 0.44628091957350635
0 0.4743396530572991
0 0.32454109809191034
0 0.5095262685230362
0 0.36502494812536446
0 0.41363882735575436
1 0.4232631141677698
1 0.49442139299342225
1 0.4749095051012782
0 0.43704381115855956
0 0.49370743563498637
0 0.3651177819488087
0 0.3851239834647112
0 0.5144444790744956
0 0.4436560582179914
0 0.5507730029889735
0 0.4024252852985582
0 0.3734477679947346
0 0.38916664605990553
0 0.4926318548782561
1 0.35413261795168893
0 0.39782481546073384
0 0.49621507488569716
0 0.3523560995052291
0 0.4241607363081215
0 0.4598817356184775
0 0.4118713746573651
0 0.41515815576977966
0 0.44981747647308523
0 0.33680854808665495
0 0.4737318296837593
0 0.400032330850051
0 0.4621632254899851
0 0.440977908942871
0 0.3760323784580437
0 0.41599395792994776
1 0.4968005784484468
0 0.42547772629331776
0 0.5199968871511684
0 0.31481402013612375
0 0.5211195881789543
0 0.4267067245500593
0 0.46747720727552816
0 0.47364704491681225
0 0.4076579952127209
0 0.44335359572347305
0 0.3644854201359867
0 0.4581794482675952
0 0.4519785225930962
0 0.3693081931160434
0 0.3373578337335891
0 0.44552737938613984
0 0.3824140531546936
0 0.4547874469730097
0 0.3908700791907201
0 0.3544582866741645
0 0.462655358118392
0 0.462401872717757
0 0.30118997524425606
0 0.47980903149927473
0 0.46249598784923046
0 0.44432169709680064
0 0.3718386222423132
0 0.3695022664911647
0 0.44175549624634125
0 0.39730514410527495
0 0.4224621687560768
1 0.3616925206798986
0 0.39031482755971714
0 0.5069663712339166
0 0.3582053944861905
0 0.3763802855186004
0 0.42290622621275786
0 0.4205690582740457
0 0.3781625839446484
0 0.44230105752307397
0 0.4633798907595357
0 0.41006841153176965
0 0.4311351790242858
1 0.3785107299303212
0 0.43192850104712227
0 0.4322778249627497
0 0.4708850229498081
0 0.38610076301401963
0 0.4418941009139141
0 0.41877480260887534
0 0.38855216911743035
0 0.3792645273580859
0 0.4792687542482715
0 0.4447611340802388
0 0.45053059229098097
0 0.40198194481858096
0 0.4684695008856388
0 0.3626197317089219
0 0.5404246146440348
0 0.3733454026078468
0 0.42273973135113135
0 0.39663552608139585
0 0.4212673954871286
0 0.45555323125402863
0 0.3891630536533115
0 0.40112563905157816
0 0.4893050276468861
0 0.38450625103819563
0 0.381548039544452
0 0.4212246183813642
0 0.4458772160926179
0 0.42830421163307947
0 0.4010787669448757
0 0.40878215002480056
0 0.48453754471188465
0 0.4468969616474606
0 0.4569795010438289
0 0.4138363805952482
0 0.49321302099470576
0 0.3709588991090195
0 0.4615872868243064
1 0.3968104331985539
1 0.4018713822847104
0 0.41735425511127505
0 0.3969860030583967
0 0.3951540323478039
0 0.3952009710063701
0 0.4481954080361172
0 0.3705003352031177
0 0.4485028842849607
1 0.4075360368142575
0 0.4558137021895457
1 0.45220159103458346
0 0.36303841665112907
1 0.3581205746268073
0 0.5116478890446096
0 0.3620408591260273
1 0.44916226866197156
0 0.38164228823575247
1 0.4250040585826049
0 0.3645169491158846
0 0.3599619370946353
1 0.44472425995135956
1 0.46100940303029053
0 0.4366474666756565
1 0.34517829177351045
1 0.4346120908918919
1 0.4275361977117237
0 0.45466571009714296
1 0.3661187280288372
1 0.3662793860232898
1 0.4357321485106129
0 0.46719458404620834
0 0.3877628458674582
0 0.39388076850386816
0 0.45838471109257917
1 0.3980606996434572
1 0.3735913040043337
1 0.4418851584389192
0 0.44173854359251236
0 0.34065747398364554
0 0.48364255459907735
0 0.3629999449012233
0 0.37505530637617374
1 0.4138083226056817
0 0.49896253797359796
0 0.4537792209785406
0 0.3891490343207818
0 0.4418743872505137
0 0.43274908892623826
0 0.37757923562590423
1 0.5039535980117357
0 0.5048512861496394
0 0.3911271622981571
0 0.344982787578241
0 0.4450409764196338
0 0.3855736117162739
0 0.3652737506289879
0 0.4545049607666182
1 0.4590750811681318
1 0.4120739996978894
1 0.3827370328682925
1 0.4793677182680307
0 0.39668732437588283
1 0.4585835879176184
1 0.4622232184595119
1 0.4071546010837696
0 0.4120017209612705
0 0.4713916943753209
1 0.44254066308974377
0 0.38229884825448557
0 0.475109261084038
0 0.34232443476999636
0 0.4611213071118614
0 0.45910312482415083
0 0.3199020466826305
1 0.4539257281203795
0 0.4465479790199889
0 0.3449339324023404
0 0.4491456720743903
1 0.43057941492809604
0 0.49801158870960116
1 0.43418154281896776
0 0.46236539113295266
0 0.357323074647319
0 0.48300491731954365
0 0.44911488060408356
0 0.39214297112976854
0 0.3796080566376684
1 0.4536154352414652
0 0.43351005042054885
0 0.40154402859477617
0 0.463757970988642
1 0.36488668511383404
0 0.4668538131453781
0 0.3802085700780662
0 0.4187966521462631
0 0.45167024394764155
0 0.3979134069892844
1 0.39830806784776673
0 0.4486823936647648
0 0.3590948161527185
0 0.4170634267942267
0 0.4100267647834557
0 0.44667039270653885
0 0.3312627982619809
0 0.40812570876198895
0 0.45762133183725057
1 0.42405862080263257
1 0.4480105293395027
0 0.40730834374868924
0 0.36404591496424205
0 0.45823635003706015
0 0.3692123907824714
0 0.40314182906506624
1 0.37935701449383885
0 0.42679336516959876
0 0.3992489424879027
0 0.38095677611279855
1 0.3992416409676626
0 0.3437834125364663
0 0.4294613984212882
0 0.4140709806760713
0 0.3393102321755849
0 0.40245700010698865
0 0.39248470692389076
0 0.3769435187420294
0 0.3939369040878069
0 0.452373437974635
0 0.3015542587909054
0 0.47347671872930075
0 0.4018393964971169
0 0.40657953241998124
1 0.4651353431344719
1 0.38113672530447296
0 0.39469854438576457
0 0.41416355523415704
0 0.4610062742912092
1 0.38308925055858617
0 0.4257331700753851
0 0.33562204441797433
1 0.44820858163430066
0 0.35300718141121895
1 0.4100862035545265
1 0.3960398583152808
0 0.3769098666159986
0 0.44493345180630334
0 0.4787973928185621
0 0.38207624369115395
1 0.4621653386265616
0 0.45747607569977333
0 0.4217353230750841
1 0.3740419745451825
0 0.461989210058844
0 0.4185289953577072
0 0.45086038856706756
0 0.46377178912682265
0 0.3563909427920582
0 0.41998764603501065
0 0.5218879013155558
0 0.37408746314883645
0 0.374002811208673
0 0.3802202860695776
1 0.431606766905397
1 0.45902321180707456
0 0.4053800315021464
0 0.3955250180792732
0 0.4524222102825844
0 0.28856038982476434
0 0.4392353944544325
0 0.42093095784159895
0 0.3969143969314593
0 0.356433357450814
0 0.40025223909536256
0 0.3713716417448086
1 0.4462426439327008
0 0.37729763955506934
0 0.4289673654577626
1 0.421651810464759
1 0.42192551266328826
0 0.4081128236020739
1 0.4979903441143675
0 0.3222306686134873
1 0.5006835011146171
0 0.3767847188235454
0 0.35909873579895124
0 0.49234701517368096
0 0.5201205371672093
0 0.3036260495346864
1 0.4200096412876918
0 0.3616616128808926
0 0.4287990864198918
0 0.43141744186412473
0 0.4197429332765207
0 0.36766655478481997
1 0.41948622052952417
1 0.36467746152437003
0 0.32418276554162956
0 0.40702129215720684
0 0.4172953494564099
0 0.4043879172299667
0 0.3752631402507861
0 0.4750191222405322
1 0.29226774243097137
0 0.46008359371999724
0 0.4819027697853956
0 0.38177485089209046
0 0.4466801747174524
1 0.4174255451042422
0 0.39334216291566454
0 0.41701486062821275
0 0.5105467905472412
0 0.3398550030102978
0 0.3938503508508718
0 0.44831488834602923
0 0.3290919646881964
0 0.4748255358414137
0 0.30472107462932996
0 0.38779555419156264
0 0.4820576113662765
0 0.4570313264282163
1 0.37647535639871216
0 0.47899424675239577
0 0.349925125005622
0 0.3802213181668517
0 0.39206921710636455
0 0.4744623237905628
0 0.4200561917387872
0 0.34918869317685297
0 0.42286397698818134
0 0.3986900072085832
0 0.386087157284487
0 0.3729467700754379
0 0.3211121502031954
0 0.44496026921602777
0 0.4541684683966495
0 0.43052586603801385
0 0.42199455464586827
0 0.3750646448467868
0 0.41122623039010003
0 0.4458518494332213
0 0.38905776520928015
