0 0.4204824527955623
0 0.4688908760286132
0 0.5037807649869478
1 0.4152748192320085
0 0.4141081313078995
0 0.41837057009873496
0 0.42283482720931587
0 0.5136695403079607
0 0.39504828010085713
0 0.4774373815261756
0 0.4331208883968948
0 0.4363128369932228
0 0.5097590457029438
0 0.4219818872834776
0 0.40427671890947936
0 0.4251711754862743
0 0.5001179429315984
0 0.46720896604628553
0 0.5097463907989732
0 0.46211499979790804
0 0.4012223722218051
0 0.4003182357327877
0 0.4177099839998535
0 0.4150103872898766
0 0.4639242833345441
0 0.47167078801976586
0 0.37672582472340543
0 0.4083813525057063
0 0.45519237583234345
0 0.4649655028612582
1 0.4205318145673607
1 0.3912537007768095
0 0.4060122837501494
0 0.4482419382695509
0 0.469853799000129
0 0.4354599300450858
0 0.4395730205693459
0 0.37297570918717826
0 0.4693779959286556
0 0.45378641786470225
0 0.4036074586695664
0 0.4224931467374512
0 0.39513294794091763
0 0.37057159215556573
0 0.4376160401874944
0 0.3946049836768452
0 0.4292472163640159
0 0.3415762211892361
0 0.3798875537481455
0 0.38794571194862754
0 0.5358052479435033
0 0.44911751833246416
0 0.39796295553857414
0 0.4081987072112447
0 0.376897590510437
0 0.43723832593997825
0 0.3962650624012108
0 0.43334636443343
0 0.48330359694832814
0 0.44486622100347434
0 0.4224110344190332
0 0.4440149573555716
0 0.44292512267888123
1 0.47346853410694273
1 0.4497465642502437
0 0.5111561425397173
0 0.41039217659918886
0 0.4394540428358615
0 0.44724278308710774
0 0.38795852008498416
0 0.4972864589821972
0 0.42901110344369636
0 0.4030642950259867
0 0.48775221389671203
0 0.40613228569978105
0 0.5142855053937857
0 0.4302455684770323
0 0.3905339125813756
0 0.44927519249646247
0 0.40302773404303827
0 0.426512961849928
0 0.4085759752861002
0 0.4218740941333421
0 0.37916298639502793
1 0.4345407889202228
1 0.413896634294874
0 0.4439823895635472
0 0.4337788069447642
0 0.3782337320579164
0 0.3956083436700261
0 0.4442364420769446
0 0.3952033940457123
0 0.43726032305316914
0 0.39434682054438397
0 0.38377366858397516
0 0.4495331907892397
0 0.4046311328506796
0 0.4457730411277637
0 0.4247933028800134
0 0.4289130719720958
0 0.4336840622420948
0 0.42175719615656726
0 0.40230152857603635
1 0.373675406374919
0 0.3892144791339347
0 0.39548035230346434
0 0.3628612746869108
0 0.4147822615165147
0 0.37489572796984594
1 0.36108273585494466
0 0.38751874723045376
1 0.42175331069118194
0 0.40505675363958393
0 0.34174451909610004
0 0.47802644590266236
0 0.4444300115010844
0 0.4228037948953921
0 0.4274237574621543
0 0.38534969662687174
0 0.5004802199593703
0 0.3598085162343034
0 0.4252969963904156
0 0.44754971830007445
0 0.3875540859508375
0 0.4497291460430654
0 0.3956084031254915
0 0.41568354333814705
0 0.3668932941758653
1 0.3956064694859078
0 0.4419698644531234
0 0.3732268819822063
0 0.4608081379593551
0 0.4192668867332517
0 0.4426691461085803
0 0.3804118850298021
0 0.3617109795545944
0 0.48922373923333734
0 0.45311798229247513
0 0.36969410068997816
0 0.47932047568918307
0 0.5131672191386332
0 0.464666050709911
0 0.3947451217297976
0 0.4629512092200382
0 0.4404225174888102
0 0.43447152072794354
0 0.4317424428138659
1 0.4092994808910132
0 0.45767919831197895
0 0.37622005545282
0 0.3999711834422977
0 0.39181103847359816
0 0.44526690304749333
0 0.4454963983002046
0 0.4036342969992088
1 0.39074956801139693
0 0.37763104005550224
0 0.40900585317685795
0 0.4155694850042948
0 0.43343152107210525
0 0.3542357201225189
0 0.4699902305880267
1 0.36635197081994925
1 0.40503202237865915
0 0.36050929665210485
0 0.4581570460257072
0 0.35569883834692034
0 0.38137664671939897
0 0.3858841882210912
0 0.4035786633329231
0 0.38803518838290524
0 0.3848845986132422
0 0.35050105210063104
0 0.3894180654107103
0 0.35189453303297547
0 0.3832061288436079
0 0.378419379636341
0 0.3907575557181561
0 0.3763860472308673
0 0.3896754586011832
0 0.4138706933777127
0 0.4151056538479765
0 0.3600577976723603
0 0.38136590599939413
0 0.3707247333688196
0 0.37453135595793347
0 0.3279294300874239
0 0.41349163643898007
1 0.3643096108624733
0 0.39143703042402017
0 0.4002351156397168
0 0.38554134991589534
0 0.34856385933243417
0 0.36075357254759194
0 0.3747493192700135
0 0.3659767492839136
1 0.366351490166027
1 0.3851616778696135
0 0.37497830607955657
0 0.38630289084327357
1 0.3801357331747177
0 0.35188447408343687
0 0.3713059380267918
0 0.36753793272853147
0 0.36678074045089953
0 0.4020459418478039
0 0.39327585349018745
0 0.3448509861055126
0 0.367835227810965
0 0.35384490338172103
0 0.37686313078189326
0 0.3532667676022357
0 0.42221418680668493
0 0.34542108424313167
0 0.39546018184125803
0 0.38851903455129055
0 0.4325138072248618
0 0.3687295767091774
1 0.3808296905137126
0 0.3584265738587997
0 0.44457332491523904
0 0.3835082592300634
0 0.39080930495974064
0 0.3631784137454203
0 0.38296660635435636
0 0.35781083522215285
0 0.37626041126304705
0 0.35279265584854236
0 0.4735630908515314
0 0.39677415814032024
0 0.3967432654325656
0 0.4025049359491163
0 0.3569760568956628
0 0.33510790410982966
0 0.38153726576342245
0 0.3579399128827164
0 0.46572061352867833
0 0.37450995804950005
0 0.3808064706963795
0 0.40084037065118433
0 0.38229346638796236
0 0.3800995274417009
0 0.3629491470248043
0 0.3487451895420646
0 0.3799668722470072
1 0.41164676203187284
0 0.4558281500043598
1 0.38960869146466015
0 0.43862650581212104
0 0.35262017810990415
1 0.411640961341869
0 0.39148472792129496
1 0.38522320327713505
0 0.4201338705093843
1 0.40183691574085817
0 0.3386356863973404
0 0.4931206717509027
0 0.39676600090800196
0 0.3551081433894459
0 0.3468929264403358
0 0.43589013689541334
0 0.381718977399901
0 0.46665902391335995
0 0.3720165855700316
0 0.3903260281088692
0 0.3451565744690137
0 0.3859400173340855
0 0.4089420741059159
0 0.366274029563684
0 0.3758565176904124
0 0.45448647063623565
0 0.35524394156509814
0 0.3610897245674134
1 0.4151010989423337
0 0.3976527510711095
0 0.3542140313716458
0 0.3798811961633417
0 0.392129236659162
0 0.41468026570348027
0 0.36866261823782026
0 0.37654673834032293
1 0.3479964544443775
0 0.36379407985118073
1 0.4010431557757234
0 0.35645314870064065
0 0.3652772116083258
0 0.4000039009484736
0 0.3959733031515702
0 0.38453271276072076
0 0.3618803610557572
0 0.3550495306753638
1 0.375916291171431
1 0.4055968203210763
0 0.37183065156136824
1 0.41481137330158063
0 0.41260509403269663
0 0.3806007293496967
0 0.3399686517142048
0 0.3816338097665442
1 0.40498329293431756
0 0.3867703574358167
0 0.37025884216140525
0 0.36485906039431903
0 0.3519187436242748
0 0.36996842285143483
0 0.37425059896451945
0 0.34543236519616183
0 0.361751804139072
0 0.40188267827630914
1 0.40307439696484887
1 0.4563874693370309
1 0.3551943662224933
1 0.3866596976460969
1 0.41002305988142235
1 0.35057365443130556
0 0.3922345983929771
0 0.37517605364545015
0 0.4266711098672232
0 0.42348049236530594
0 0.4263521120662063
0 0.41783286477476006
0 0.3770836980289385
1 0.3915387831130162
0 0.3975792222212678
0 0.3627736821337381
0 0.38116165706197164
0 0.42656554174118566
0 0.3868465084767578
0 0.378148324179635
0 0.4423417678474841
1 0.3792544887417941
0 0.38896234865128404
0 0.4229806365237766
0 0.38607365881039507
0 0.39268946588393805
0 0.42628514809195767
0 0.4122272550061319
0 0.49051164405594216
0 0.38272367273454894
1 0.34616706075498976
1 0.4095014602762927
0 0.36660723415745466
0 0.3840692317728004
0 0.39091855644006407
0 0.38056691436948475
0 0.4039645335628761
0 0.38311650336305175
0 0.39292151904846534
0 0.4082130757752927
0 0.39580441619291046
0 0.4195219242129486
0 0.37871932845627826
0 0.3743002248815993
0 0.3787205937964888
0 0.4414279126604154
1 0.38694606580435065
0 0.3704346616921904
0 0.37857087700313835
0 0.4919867857896058
0 0.4118112579674952
0 0.35710203140413105
0 0.3565284416498973
0 0.4633724356353801
1 0.3672548900292403
0 0.3837638686955871
