0 0.5108790072575098
0 0.4685594458939433
0 0.5065153718033453
0 0.5440757325075972
0 0.5098684575981552
0 0.48881527530670255
1 0.480141382845033
0 0.48454074959859844
0 0.44572297473103045
0 0.4281530909130139
0 0.47168175033181114
0 0.48196391280831097
0 0.49840167400907714
0 0.4602629034393065
0 0.46212536046170527
1 0.49535736033725497
0 0.5127703977771443
0 0.4725378598913481
0 0.45760963590527426
0 0.5188078654768682
0 0.5104792432769377
0 0.4735502819693604
0 0.42623069086632376
0 0.5339345378642422
0 0.51073364553108
1 0.4537818209503541
0 0.4739666145394397
0 0.5239531558399408
0 0.504139901578728
0 0.43458593551480645
0 0.4309674043550347
0 0.488220020192458
0 0.47115005208354777
0 0.4607912044118115
0 0.4749209846430266
0 0.508766099298595
0 0.4994890511120586
0 0.49251592047075865
0 0.4740073736370199
0 0.4774295284005344
0 0.45361524655083285
0 0.5070109352272407
0 0.48249774190173195
0 0.5040784971841636
0 0.4665895210652011
0 0.4557161700011081
0 0.4469199092099457
0 0.4599836679357554
0 0.49056158654736576
0 0.4663445110619922
0 0.4773237339042098
0 0.4915090887495384
0 0.48799115670786486
0 0.46823973772225636
0 0.48874255642794034
0 0.5123430299633553
0 0.5168741205828362
0 0.49316560135198323
1 0.49265084713203816
0 0.5219097341296626
0 0.4956571589084454
0 0.5054199866601746
0 0.4639595207704394
0 0.5268064690347102
1 0.5078361588009775
0 0.458179973338952
0 0.4607309783153413
0 0.48485074335393746
0 0.5221547707953731
1 0.4817093022075132
0 0.46539489730792755
1 0.49325387344334815
0 0.5032756312231921
0 0.4534574012826416
0 0.4742034758142644
0 0.49642589436731493
0 0.5131799799225777
0 0.48840672941685614
0 0.5072029937992445
1 0.4936657008624822
0 0.4320875585476198
0 0.44601417540940186
0 0.5307706402714836
0 0.5049371234517235
0 0.48942812219200377
0 0.5099139399965174
0 0.4970750499643338
0 0.5103513088370052
0 0.4806111989391191
1 0.49863664547380676
0 0.48976282480947986
0 0.4854784108640454
0 0.46733699616699487
0 0.4940623764130552
0 0.510493255190488
0 0.5183925129958235
0 0.49506450856071854
0 0.4239908201430411
0 0.5019000656901544
0 0.5093162204491536
0 0.4797649655440315
0 0.4585399817321572
0 0.46566795173748987
0 0.4833379077095586
0 0.4948816507031376
0 0.4919075091655317
0 0.4391902096528131
0 0.4839118603844322
0 0.5013208070133514
0 0.46625715664171846
0 0.45663304154726136
1 0.5112919519585895
0 0.523034933535152
0 0.48184886846285974
0 0.47703424278788437
0 0.5023506328732916
0 0.47978089176314104
0 0.4635890419250658
0 0.49447362460953065
0 0.49950954112645096
0 0.5072353419912471
0 0.46041173919334927
0 0.5113289055313103
0 0.5285133925214235
0 0.48379889910237306
0 0.42362720018429645
0 0.4647712178827278
0 0.4724175637953981
0 0.4408212346129346
0 0.4970397945419839
0 0.5208411853375339
0 0.5029304372246882
0 0.4802089146169451
0 0.4670270695940405
0 0.47182621787630286
0 0.5134733061682616
0 0.5110388837707416
0 0.44046720102340203
0 0.5064934239726704
0 0.49532541746557673
0 0.46939900049378475
0 0.5206247169263152
0 0.4763276105685046
0 0.5179581645406043
0 0.5050047343172109
0 0.5376306037291935
0 0.4721302571051898
0 0.45325169966596457
1 0.4704257690501472
0 0.4783239480932366
0 0.44331023440024864
0 0.4488600273868753
0 0.4437493790615293
0 0.46732137141024166
0 0.4449234015429629
1 0.4590222559960941
0 0.4347217199170486
0 0.49704534251458443
0 0.5058703407225792
0 0.5010960066239015
0 0.49191700106136677
0 0.494694902441491
1 0.535556682363185
0 0.47327610978577894
0 0.47513900986100743
0 0.4675630879984016
0 0.5051636082784943
0 0.49219682164065887
0 0.4455122293239121
0 0.4397411710570334
0 0.5009849927075674
0 0.5220507282514049
0 0.44516429387199524
0 0.41690905554471636
0 0.47972382300279914
0 0.4531011072119597
1 0.44528638185903435
1 0.5170140521684129
0 0.5507813668425946
0 0.47773577496519476
0 0.4893701551156545
0 0.5008467310006479
1 0.5399470096422128
0 0.4749243616714303
0 0.4762331015967217
1 0.467780526743051
0 0.46209688503330637
0 0.44538787058051865
0 0.4173357725585357
0 0.4627358752305231
1 0.5085801142273388
0 0.4516383942951026
0 0.40553814121118786
0 0.4935892626304717
0 0.4618828276400271
0 0.45230434871325226
1 0.497712089216113
0 0.5027512023469883
0 0.518542232803728
0 0.4895001074105463
0 0.4809595789512885
0 0.5084636365019364
0 0.5238387998916032
0 0.4948364326517754
0 0.46204367541436386
0 0.467416244978953
0 0.47352672096208726
0 0.5075211867436559
0 0.519966976336794
1 0.45928451386528113
0 0.48824769185573696
0 0.5122367573139001
0 0.48085741057174236
0 0.46274433109066715
0 0.4333362771209266
0 0.5054718057926579
0 0.48263075112750975
0 0.44464232482968263
1 0.4619907149592973
0 0.4998591813365516
0 0.4849029930834737
0 0.46803656073699174
0 0.4555532152084812
0 0.5082247262456236
0 0.46162738259149955
0 0.48531124195670355
0 0.45206221532624813
0 0.4570033985709176
0 0.5183047900435985
0 0.5237592733536676
0 0.4592243495077522
0 0.4699112331745007
0 0.5270963415027878
0 0.48801599810525065
0 0.4735789369914527
0 0.4726238373764666
0 0.4770415822418735
1 0.48782227718597504
0 0.4602314110297605
0 0.4409973848354584
1 0.5276364861107964
0 0.4895522401943772
0 0.44692555339548007
1 0.4415418101622775
0 0.4861857364173222
0 0.48142324705288536
0 0.4990703579335743
0 0.5133249288813116
0 0.510577061441328
0 0.48315067511473125
0 0.5310716022270456
0 0.5242893899179003
1 0.46350262968623845
0 0.45565475708257464
0 0.46001302657638854
0 0.47357512590335527
0 0.48098379685560805
0 0.4468713571921473
1 0.47050650271672784
0 0.4983676663097148
0 0.48116559453113034
0 0.45927885411019886
0 0.5350711868829733
0 0.49968436285731893
0 0.4812749329524823
0 0.5041892597528203
0 0.5090762594837723
0 0.49957029857943125
0 0.4996785932151448
0 0.4801451869040709
0 0.45417517567489685
0 0.48563540447161624
0 0.5041330845657634
0 0.5010707417279182
1 0.5134992660792345
0 0.5347137322102757
0 0.5198030348255572
0 0.49526696156029093
0 0.49043159396151503
1 0.5209400851325854
0 0.5141208104596054
0 0.45870421016031343
0 0.47174007924924355
0 0.49593544598578254
0 0.5023568097227142
0 0.42167267234820127
1 0.4622770270381736
0 0.48844740106675344
0 0.47879124363547787
0 0.47311234714409284
0 0.4738673447306489
0 0.5164366002576434
0 0.5204520340623475
0 0.48332224219159764
0 0.4761664454479983
0 0.5209738134199213
0 0.5179092315241577
0 0.47220912442697643
1 0.501618437485328
0 0.4862117656788982
0 0.4837194753847453
0 0.4980281995795331
0 0.4871254488502712
1 0.47516455018047454
0 0.5446467782805144
0 0.52027200173615
1 0.47746065137977184
0 0.4708113782552826
0 0.49869480292177193
0 0.48011547493144624
0 0.48936429503954093
0 0.48116512114303833
0 0.49589894590325495
0 0.472531861844957
0 0.4956792886466023
0 0.4726524189310291
0 0.4701463801459568
0 0.4975923676296448
0 0.5110621270741716
0 0.49797179505550837
0 0.4978013857258156
0 0.5297895517003886
0 0.5183904534081264
0 0.46448507997445065
0 0.47036349038396774
0 0.5053462208940952
0 0.4839126339654769
0 0.4732674729733339
0 0.4823014640547821
0 0.5029268890976344
0 0.49128594505015116
0 0.4729185687858626
0 0.47579357448513027
1 0.503613822282771
0 0.4794171252871837
0 0.43340124093741594
1 0.4526912140444076
1 0.45162974123402483
0 0.45921316374340004
0 0.4636667444406302
0 0.49640479844691227
0 0.4459046558085581
0 0.4803544925416043
0 0.4848472457214183
0 0.46609588764633353
1 0.46902625224442174
1 0.4727466305703796
0 0.48098459780139363
0 0.5073368264596873
0 0.5035714834036363
0 0.5037889675198156
0 0.4905072496748955
1 0.5093745557490235
0 0.5221147737408081
0 0.5351807619045628
0 0.4623261752920402
0 0.4936979372225643
1 0.49407114873947405
0 0.5170116592460328
0 0.47521836939315754
0 0.49414311234948793
0 0.5026188837353665
0 0.5406364028955601
0 0.45125032783837676
0 0.4922798938519192
