1 0.4384981209683457
1 0.5063540458284458
0 0.478318880256829
1 0.5061393205300716
0 0.47587769401287433
0 0.49747680790229987
1 0.48222629845416876
1 0.4638068955129291
0 0.49663421871522134
1 0.47799602069104913
1 0.49415053432550166
0 0.48777300425512987
0 0.4833332051002868
0 0.5179921701228581
0 0.49828852613797336
0 0.47482952035689485
0 0.49257029280720127
0 0.5155763419630727
0 0.516879097566901
0 0.5294579348827824
1 0.5186760215640656
0 0.49712175530802516
0 0.4991932826137447
0 0.5113854434271187
0 0.4865814014123116
0 0.48759215059175076
0 0.478903530209816
0 0.5076339528956326
0 0.49599824784433466
0 0.5094045708232886
0 0.477283452093105
1 0.4944830614115471
1 0.492288324632681
0 0.517873327431343
0 0.49619293584629076
1 0.48880144803104447
1 0.47756662333729993
1 0.4551108851462336
0 0.46338510380232784
0 0.4535896696439645
0 0.4882279432603289
1 0.4780616047670422
1 0.4731585389899583
0 0.5087003853420357
0 0.48144977411411394
0 0.49554234161099575
0 0.48407737778722165
0 0.43637565743199513
0 0.4852356385000864
0 0.4873217796220366
1 0.5084557414681085
1 0.487390737852435
1 0.4785537453202968
0 0.5115674580167691
0 0.5044073934400425
1 0.5110660669875111
1 0.4907695648501292
0 0.4887994744029811
0 0.5084621414628739
0 0.4889815269747583
1 0.4878004930638619
0 0.479679272483179
1 0.5009299160489631
0 0.45023956247521485
0 0.5090950947861127
0 0.48579743756864374
1 0.5004332423609463
0 0.4694471537063795
1 0.516680778113318
0 0.5025532744418602
0 0.5170016202434604
0 0.505671649558775
1 0.4755130117913004
0 0.47572563110945876
0 0.4885372260271849
1 0.4872171806206595
0 0.5005765760694708
0 0.4889168319452615
0 0.5109602248554853
0 0.49998884360218443
0 0.49148243632655897
0 0.4655071126951385
0 0.4907264291947993
0 0.47658321192842057
0 0.5042289546646465
0 0.4942383759964172
0 0.48300618947863405
0 0.4570678777026741
1 0.5040924330933411
0 0.4731609833540134
1 0.5007718707209969
0 0.48230969935876655
0 0.501907184854157
1 0.4805626771355478
1 0.48125920864289373
0 0.47078930545564773
0 0.4782340270196974
1 0.4762009376845613
1 0.4391083433366611
1 0.4646905498088744
0 0.488159600939471
1 0.47399138689561976
0 0.49869972445954325
1 0.50802650964972
0 0.4919943031117572
0 0.4909056257638537
0 0.4771913773177875
0 0.5033303710978503
1 0.47158959178643073
0 0.5082374742032283
0 0.5064919402302125
0 0.49632241501303653
1 0.48463628461167374
1 0.5103623405740376
0 0.47515402579129384
1 0.5065694624816836
0 0.4943574693704055
0 0.4964812979582655
0 0.5113514105146963
1 0.47681988223558647
0 0.5051701968243961
1 0.49584053460556704
1 0.49352194051720016
0 0.4924762637380583
1 0.5214989909571595
0 0.47983920067394253
0 0.48508395893551925
0 0.4795004363741825
0 0.49709105452211233
1 0.4470094956414725
1 0.5157935699582494
0 0.4808288339965932
0 0.4965093349568523
1 0.4893098389424671
1 0.49248289151526625
1 0.4345358580113212
0 0.4914076875908803
0 0.5129912121373192
0 0.5028417144177506
1 0.48438940126880836
0 0.48969092515874424
0 0.4509293964212094
0 0.45587678339037674
1 0.435213806525517
0 0.49308498599515943
0 0.48397820983974416
0 0.5013897475222253
0 0.5121956094835372
1 0.504684589449694
0 0.4960406259920609
0 0.4960905011723253
0 0.4730331504694514
0 0.4909838430477315
0 0.4904415642586214
0 0.504664919780603
0 0.4924644889373059
0 0.4767143883439195
0 0.4864575521818563
0 0.43665350613067083
0 0.49543221813373584
1 0.5108817578254553
0 0.5123652699639679
0 0.5128559310361834
0 0.5015182269233476
0 0.484942011052221
1 0.4765717017796965
0 0.45989249273358274
0 0.4585713345349948
0 0.4766027495979143
1 0.4984119672367718
1 0.4840908691685947
1 0.4989729065584812
1 0.5000490759720971
1 0.5155573484103938
1 0.4812629496221428
1 0.4736905039538513
0 0.49436463732863295
0 0.49440590527571565
0 0.46033450287837
0 0.48823191288286427
1 0.4884901405225507
1 0.4930643551495441
0 0.5043845106672443
1 0.494831237541438
1 0.5166363200838208
0 0.5087022698364206
1 0.4320866301503993
0 0.46227499998557453
0 0.484010855208498
0 0.4953727092635265
0 0.50950912911151
0 0.46826230052207546
1 0.49512447885108074
1 0.4709132724655629
1 0.46862399991215736
1 0.4632941349932969
0 0.4427227283983933
0 0.4891991740704361
0 0.4785481349182721
1 0.49071235661217727
0 0.48417499352761345
0 0.49824343847015307
1 0.4692757127177721
0 0.4883234039152422
1 0.5032608304885805
0 0.4925009299155336
0 0.4711278821697304
1 0.4935911251106455
0 0.5150442679740881
0 0.4721509113174712
1 0.4683663348432635
0 0.45062322679068584
1 0.4861232854382388
0 0.4711581347715676
0 0.4905142256326413
1 0.47651063262084553
0 0.48548206492341167
0 0.4925282090516348
0 0.502879025484374
0 0.5329135462940104
1 0.5095179634971396
1 0.4872141040641015
1 0.48202659133706566
1 0.5104790786451562
0 0.48406539041446695
0 0.4721344564926558
0 0.48450796256962375
0 0.4968374396475581
0 0.4927038594268787
0 0.460427033547741
1 0.4549543675527542
0 0.526503272241383
1 0.5068349568691978
1 0.502630488775099
0 0.4835144937223746
0 0.49288780527920134
0 0.4791093671433354
1 0.4885066002099637
0 0.515051025811167
1 0.4984832112197546
1 0.4691615910366143
1 0.4317935471523164
1 0.4607521758660672
0 0.460903890370914
0 0.4974888659182284
0 0.48262150499095013
0 0.48897863491417937
1 0.4772414741403132
1 0.48794207784224536
1 0.4731852696138553
1 0.5103565095426553
1 0.48616922444976535
0 0.49954077669013025
0 0.49141669673161703
0 0.468190580999305
0 0.501791077956092
0 0.495845468733062
1 0.5117826304150542
0 0.47417187240798236
0 0.48751765669835606
0 0.4988767666452458
0 0.488880894614516
1 0.4896191727979293
0 0.49964156771073137
1 0.4307876784570602
0 0.47993534557685424
0 0.44912299507251874
1 0.4638959405898132
0 0.47318279370185046
0 0.48850549585168335
1 0.46777493247707846
0 0.47419970550639745
1 0.5116999539243028
0 0.466948062810814
1 0.4721479769165361
1 0.4772787723704017
1 0.4671368725529083
1 0.47920974661394966
1 0.48578325735091665
0 0.4832794938253073
1 0.4864424277109564
1 0.5026158678632533
0 0.49789976348122716
1 0.4832987908503265
0 0.5121101659043009
0 0.5085014943296731
1 0.49624033786450983
1 0.5058542182156288
0 0.48788719247035445
1 0.4702132346092465
0 0.49628474340789136
1 0.5252166613670565
0 0.4787026292960666
0 0.5008968704233134
0 0.5028050291250264
0 0.48171077880161967
1 0.472375661925346
1 0.45750893707900897
1 0.4630546434865344
0 0.48669900277762024
0 0.5062922036072136
0 0.501473154714819
1 0.48311969835307617
0 0.5056522447460197
0 0.5042093736421549
1 0.4325905365919065
0 0.5059901851674985
0 0.5011217914581088
0 0.47787915046344026
1 0.5122510494713236
1 0.46551747127629195
1 0.4891256153908287
0 0.47666828607323075
1 0.4925851601783334
1 0.46863923230568005
0 0.48050126633945994
0 0.4866791114851293
0 0.49991300066562305
1 0.48947000123602213
0 0.4736405582566251
1 0.4846956730522525
0 0.4921511551328128
1 0.47091529805720383
0 0.49085089140617694
1 0.48409973881510093
0 0.49955858609309334
0 0.5270806741161033
1 0.4961839573646741
0 0.5060459807726811
0 0.46711705340128457
0 0.5146796109470023
0 0.47865864896074445
0 0.4727236718529485
0 0.42873452226522196
0 0.45072294153144565
1 0.48700841182322974
0 0.49806180097886243
0 0.48721974131061213
0 0.5021684113436652
1 0.4678960947637453
0 0.49955321635611083
0 0.4690000380175754
1 0.4632738077662046
0 0.5028329634472282
1 0.47829755326277773
1 0.48691937318194595
1 0.5033451302227842
0 0.5072388897048176
0 0.4834444324943345
1 0.45532380135789524
0 0.4968051186174945
1 0.4920772564373151
1 0.4711852429813808
0 0.5004690403342414
0 0.49351692805435915
0 0.47682404870187256
1 0.5073400235799284
0 0.47963193582067704
0 0.4831300474544456
0 0.4609333616202365
1 0.4956506170462719
1 0.48691949411555824
1 0.49484433441668396
1 0.5041154369808767
0 0.483477447752586
