0 0.4755334713987796
0 0.45067525188144575
0 0.4943250994346143
1 0.4714333266323406
1 0.47592844900244474
0 0.45387096090165924
0 0.4852903011513643
1 0.47337903133503606
0 0.4741791342603441
0 0.4899032808409384
0 0.5021485999082095
0 0.47792483816750847
1 0.4619268469060512
0 0.5022037960721063
1 0.49624246723055965
0 0.4841409756735572
0 0.47982464927804347
1 0.5132061851121702
0 0.5215133486315282
0 0.4954995915982281
0 0.49460444043331364
1 0.5009489318209969
0 0.5269975620314814
0 0.550204544405742
0 0.5553147579445095
0 0.5335421933496479
1 0.5314541152647914
1 0.5070052342211518
1 0.5126217012435047
1 0.5486338245975301
1 0.5564630581031342
1 0.5154705384474749
1 0.5574259370583985
0 0.5359290667598302
0 0.49409444562029065
1 0.5332607566728748
0 0.5231169940070673
0 0.5361449210709442
0 0.5255618170990511
0 0.5322361005612988
1 0.5292378509226614
0 0.5717142501382888
0 0.5207503984402168
0 0.541021831713158
1 0.5233982505904619
0 0.5242652119482425
0 0.5648071005935656
0 0.5437149702184897
0 0.4544949761965783
0 0.4982341949455048
0 0.478952311083113
0 0.5406081006806206
0 0.5029136832717228
0 0.5348308643743723
0 0.5277540459102216
0 0.522314807366599
0 0.5571303537378751
0 0.4902808420296302
0 0.5321733470103193
0 0.4929735537421021
0 0.4961246900866266
0 0.4709540989866979
0 0.4999727030693224
0 0.49058806789234294
0 0.44940951964379694
0 0.42902340608751366
0 0.4453269697257449
0 0.4603413033558821
0 0.4449461519318407
1 0.43372284693084245
0 0.44683061316843214
0 0.4192484573715278
0 0.4152198220738232
1 0.4365908285562036
1 0.42686818897547707
1 0.416651719775426
0 0.4212432271907642
0 0.4226829253751667
1 0.45601350983426553
0 0.4378934172887558
0 0.4884609649205077
0 0.42714424716101856
0 0.48913623194489125
0 0.48091193702904494
1 0.5065787369013985
0 0.46121880536194515
1 0.4758723696936887
0 0.46091097213414667
0 0.48808808993806196
0 0.5351492035515133
0 0.5097820856101142
0 0.5027569326810251
0 0.5220332677710351
0 0.5170810417124064
0 0.5237440201574555
0 0.4976183660499778
0 0.5172752735837904
0 0.5164451318827455
1 0.4748619345925612
0 0.4322568498158913
0 0.41532039097698864
0 0.3958143002112924
0 0.4481781907065033
0 0.4670511873003195
0 0.46567647597569994
1 0.43393269541635937
0 0.4247198308754196
0 0.455554314710774
0 0.44261880535216
0 0.4603408744466391
0 0.43581472811912764
0 0.44591896481299337
0 0.4387317302596427
0 0.41464510187340786
0 0.37627956368464055
0 0.39187692250154743
0 0.4760793795973359
0 0.4974862143329434
0 0.4388189992161705
0 0.4354296227228875
0 0.4648487321453031
0 0.47175698557452544
0 0.47539298241809413
0 0.4709971139922329
0 0.48686571634061193
0 0.480723041160038
0 0.4881112589908885
0 0.4918895533390344
1 0.4624149080161407
0 0.4937629498041455
0 0.4232838201056562
1 0.4340362495513283
1 0.3967200877637869
0 0.4179442514268687
0 0.4340298781424614
0 0.4291909891768488
0 0.41635483310036736
0 0.3869940720518127
0 0.4056979579293852
0 0.4283984029412999
0 0.4206026965697475
0 0.4337478526626232
0 0.4474727429509892
0 0.4770267845514392
1 0.4527954334160261
0 0.4250327482346639
0 0.46126672676584
0 0.5043749178376601
0 0.4742693036132998
1 0.5166536313860772
0 0.4903217709639455
0 0.5018171361380935
0 0.4928100276216893
0 0.46900045765290377
0 0.4804537975046382
0 0.5051525892523883
0 0.5022741349844707
0 0.4460017356921897
0 0.5047956486965665
0 0.45201491185575177
0 0.4503807425380798
0 0.46755951492553494
0 0.4629961686574566
1 0.5018565067830615
0 0.4773233528356084
0 0.46220509836725193
0 0.431784509524427
0 0.4395894931480786
1 0.42389339171157936
0 0.423340940704936
0 0.38789325806938024
0 0.40484218043656267
0 0.3716377583964689
0 0.4339801922616896
0 0.4311744867119649
0 0.38738618557271876
0 0.3583811771337526
0 0.3881861891085897
1 0.43851530644806297
0 0.40993289625160506
0 0.4073843519917092
0 0.4433389461209021
0 0.506249947874333
0 0.471978434957311
0 0.4528634797625321
0 0.4566015727546908
0 0.47571386466293464
0 0.4733491305164785
1 0.4835836063288766
1 0.48848370615874726
0 0.4729450271653353
1 0.42762924909531486
0 0.43140572444562114
0 0.3924956765977243
0 0.3980838890508248
0 0.36346745555154536
0 0.3952443407171957
0 0.415021207751552
0 0.470107183473708
1 0.4727533031237851
0 0.4731951302882818
0 0.4740614025639298
0 0.48016221931872716
0 0.45581238271045693
0 0.38725756081898255
0 0.4072597307917778
0 0.39150786396787196
0 0.44126243064716975
0 0.4514916692503811
0 0.46666385186659964
0 0.4679284984482749
0 0.46941495669332345
0 0.47884201092921846
0 0.48054149120461914
0 0.4741329855531211
0 0.4229808564624477
0 0.44758381510893686
0 0.47504123392254477
0 0.45592474411630035
0 0.455260308796022
0 0.4640969652667698
0 0.44948140157546784
0 0.4169531512403383
1 0.41630922525113256
0 0.37387954875146534
0 0.387858347810335
0 0.3609499499191505
0 0.3707889773737948
0 0.3862391218971895
0 0.39413538510663176
0 0.40553639995876994
0 0.3763587875373825
0 0.36010065367501026
0 0.4077559491201964
0 0.41545909154104077
0 0.40218705893715023
0 0.3990323217077927
0 0.410020829829637
0 0.3877792422245764
0 0.4086945196039063
0 0.4129462605561408
0 0.45538574274116955
0 0.45597895307204606
0 0.43875409745372634
0 0.44645328411593116
0 0.43308103518618846
0 0.4308866792800692
0 0.4596042112843843
0 0.4551759383576973
0 0.41462233973040913
0 0.38643677876032195
0 0.3680476176128267
0 0.3885067839894401
0 0.3650049370499554
0 0.3932582914776128
0 0.39113700573313104
0 0.37466397565651727
0 0.3546587798651234
0 0.36239097975737933
0 0.34073698991812357
0 0.3416971972255325
0 0.36075880947794753
0 0.3893349918531748
0 0.3768867100941124
0 0.36872753260776386
0 0.36946620115151846
0 0.34333808448992154
0 0.33550603553747566
1 0.3285698568766985
0 0.3153244942282287
0 0.3403736139693639
0 0.32326600404923306
0 0.34489089613112206
0 0.37932256102210876
0 0.33342176890903613
0 0.3494466000817725
0 0.3252632055727954
0 0.34110868445721026
0 0.3759741181975629
1 0.40379370212167365
0 0.3633261293197849
0 0.3656133332189028
0 0.3644968033573667
0 0.36432391822544924
0 0.35616645462130087
1 0.34470306142277357
0 0.33844012454620825
1 0.37932903884642555
1 0.3703770049456793
1 0.41044464117966406
0 0.4540253024488076
0 0.40794159364355087
0 0.3927238780509972
0 0.38749741646892316
0 0.3732118582347275
0 0.3693012478721382
1 0.36776263085024885
1 0.3688008974277414
0 0.4228615105977132
0 0.43596077309525816
1 0.4537638930201966
0 0.43143233999955183
1 0.4026962919115922
1 0.42651754323227525
0 0.44301652695149984
0 0.4141874974453378
0 0.3947040398324197
1 0.4561415567794828
0 0.4674871784909491
0 0.4457811513881521
0 0.47411340693926596
0 0.5045440267348136
1 0.47921402068719954
0 0.45758490434769294
0 0.46949303539587883
1 0.48395426785212775
0 0.41873103539981205
0 0.4789385588414462
0 0.4544612639892575
1 0.45101914556181527
0 0.45431484352342394
0 0.44149106774574304
1 0.46002645740584586
1 0.4826535103860818
0 0.48615318876723906
0 0.4602686106694024
0 0.4450487379701721
1 0.4325190051345583
1 0.4596138534902349
0 0.46543861582133234
1 0.47607085779221
0 0.4900242007484535
0 0.4606787473826797
0 0.5015237751923107
1 0.44608619721851644
0 0.49433485335532007
0 0.49060331163583
0 0.5204411693390965
0 0.5468652891073109
0 0.5382432068080624
0 0.5170781196613853
0 0.5307101910343199
0 0.5468231934202877
1 0.501922862197487
0 0.5134608567335782
1 0.5254033514885537
0 0.5041389882282168
0 0.5169977559291093
0 0.5011333980921949
0 0.511022108457193
0 0.4819424475303041
0 0.5250979790768415
1 0.5165991584874745
0 0.5164841871562501
0 0.545636134192826
0 0.5369559510773296
1 0.5036116034551209
0 0.4890546879427663
0 0.47970977720509983
0 0.4526270524240881
1 0.4971440782754732
0 0.46646129384839186
0 0.4983950180807011
0 0.5356823811515217
0 0.5431459419089516
