0 0.4296914433715537
0 0.42238144063975913
0 0.4128911553022018
0 0.45781853219529084
0 0.46036641325623384
0 0.34708923787475987
0 0.44456791094525017
0 0.3477220412682628
0 0.49848820481824957
0 0.41084652778259645
0 0.4390212085923678
0 0.37908427238047293
0 0.4591411460329556
0 0.41665108687670627
0 0.49501501268063275
0 0.4076213352142888
0 0.39980456524092217
0 0.36834405902747014
0 0.47696620731641476
0 0.425947436998186
0 0.4624915184386473
0 0.4027360506215603
0 0.5110436930447795
0 0.4174399250660381
0 0.4916619233250999
0 0.4060838299987784
0 0.5030338996874478
0 0.34904313973888
0 0.45199876769204084
0 0.39982606014617883
0 0.441546969819265
0 0.3997178776161392
0 0.40657150269383935
0 0.4426903010285757
0 0.48929530292963874
0 0.43114068078887346
0 0.49367888094129414
0 0.35910868841309396
0 0.4410194392162507
0 0.33441596156715264
0 0.5486387005356088
0 0.4131227118598648
0 0.44005228857233986
0 0.416840746581055
0 0.42960520617718
0 0.4285864771803208
0 0.45394228285385113
0 0.4201026660764592
0 0.40510235334790207
0 0.39369232046406794
0 0.48396855055000887
0 0.38873417437510466
0 0.43169386257553716
0 0.3753716587955362
0 0.46142356334153867
0 0.3535163617676796
0 0.43286037071532335
0 0.4151624985905727
0 0.4710810223452468
0 0.3778604246835268
0 0.42947114774718137
0 0.4169857107639408
0 0.4615556118120128
0 0.42150297317808033
0 0.4510057428275243
0 0.38572662327129714
0 0.45140226122448623
0 0.41705421349823174
0 0.4427527615920162
0 0.3835607802701012
0 0.5202879588595735
0 0.3757457949916877
0 0.4317339893654572
0 0.4011230543732439
0 0.45141341886390046
0 0.4237349496916466
0 0.4650674080368859
0 0.4307837885949068
1 0.5040017550146475
0 0.40659466364658037
0 0.43754305939136784
0 0.369041610907385
0 0.44875494154718015
0 0.4114261872461191
0 0.42467933226766563
0 0.3666088816040603
0 0.4718114874769626
0 0.4153455919132326
0 0.42201442771488007
0 0.37691946155242645
0 0.4291223131335003
0 0.3770040717207932
0 0.4880875230975931
0 0.365503230696241
0 0.4204892991569188
0 0.46885157107746134
0 0.43246699591917676
0 0.4350690078370321
0 0.43083127841914254
0 0.39224153648199456
0 0.43232353071738217
0 0.3959387152539344
0 0.4589421903861993
0 0.39802764420798586
0 0.5037663099906771
0 0.36893535280593753
0 0.4773333714036795
0 0.3984273582149399
0 0.5066137000044706
0 0.33752834815002336
0 0.451447573314507
0 0.42663079599172915
0 0.531150772954517
0 0.4063501212286868
0 0.4219971723848643
0 0.3707508218262426
0 0.46777758216888715
0 0.4537881215351053
0 0.41839226010158426
0 0.3906495607211828
0 0.40095580849496937
0 0.39723505486786237
0 0.3560289182996745
0 0.4373689397233125
0 0.4399543733268096
0 0.38146812041487005
1 0.4171603885350205
0 0.4427936356295784
0 0.37034673512752997
0 0.45627556967665706
0 0.30994307247907826
0 0.506645712728434
0 0.37118896238977966
0 0.4289444927039157
0 0.4535321929118225
0 0.47308828573865996
0 0.41560137840144534
0 0.4568389679540279
0 0.44239361503574937
0 0.45103171894817706
0 0.40107266922989315
0 0.4361913573441957
0 0.40307241374738867
0 0.3962282253560997
0 0.4627785257726005
1 0.41454806142152756
0 0.42468226117690167
0 0.39631788303097537
0 0.45448084193556815
0 0.4286155405946559
0 0.4794885535436176
1 0.3974398323523922
0 0.47210404431449754
0 0.4874026278005922
0 0.5115826184784236
0 0.41438988791725406
0 0.46263028998032224
0 0.40949743494747676
0 0.4472150555038172
0 0.3975392299893039
0 0.5003242776095385
0 0.41517445119710383
0 0.4983284969640503
0 0.4437046254074287
0 0.4872551453987878
0 0.42730419343410214
0 0.48355061145307965
0 0.4419724419118417
0 0.47065442813246816
0 0.3622311481849466
0 0.47945704565867964
0 0.39544920491635155
0 0.4924331161586122
0 0.3994470519125131
0 0.4425746872189015
0 0.45585924385957294
0 0.49677672046632315
0 0.3991921243427935
0 0.47249306008309716
0 0.4071712663843463
0 0.4218064358575325
0 0.43849175629943554
0 0.4496758759989254
0 0.3484456294697981
0 0.45854730519964515
0 0.42756493726669553
0 0.5077138064663758
0 0.37918825456325084
0 0.43403123225196544
0 0.46731241852775773
0 0.41084006709132265
0 0.4008642352949106
0 0.47683267721522554
0 0.4116374996881833
0 0.45713107918679763
0 0.46420012028739055
0 0.5514725061756741
0 0.3529685274950662
0 0.45806762334578704
0 0.47025175032661537
0 0.46571976481906
0 0.38206488527429044
0 0.4862486281662397
0 0.41446971716638875
0 0.5648520103683385
0 0.35941360582575965
0 0.4528497047330453
0 0.3831317233945765
0 0.48365436130327016
0 0.3649017071869336
0 0.5011878605890023
0 0.4433576724420417
0 0.4606403612409683
0 0.4131509909982133
0 0.4576566716319015
0 0.42877713448145605
0 0.4531210678841452
0 0.4726969410576499
0 0.45332925829081916
0 0.37768759517236894
0 0.47224050169579684
0 0.3443069295053784
0 0.4780548343813336
0 0.3851744683574408
0 0.41631128267424444
0 0.49171113796039556
0 0.4495549157747801
0 0.4639738090064023
0 0.3990308475933197
0 0.3746341015989763
0 0.42669574317181225
0 0.42832648492975384
0 0.49425792416664344
1 0.4022604472295876
0 0.44188623189966203
0 0.4077776810031715
0 0.44607723779485325
0 0.3760395855637517
0 0.425311466050092
0 0.4089335686553509
0 0.4748927011872313
0 0.37839353008111404
0 0.46868151822616744
0 0.36377153815128843
1 0.41750177639984487
0 0.36066049033876363
0 0.4548151402859241
0 0.41265236090094587
0 0.42184930349498784
0 0.4576751811039465
0 0.4594329979941487
0 0.455101083271131
0 0.4750912578607784
0 0.423431211014092
0 0.43982266591184915
0 0.4063746897630301
0 0.45810613547606555
0 0.4308630125592401
0 0.48638551698110905
0 0.4625905405756289
0 0.4779112357597689
0 0.4489046683487128
0 0.5234727366474246
0 0.3842059757745891
0 0.45764930681318067
0 0.41651838938229113
0 0.4353297339799289
0 0.37498385278100316
0 0.4354379099419035
0 0.4162566463267541
0 0.5146869411836648
0 0.3846405309968493
0 0.44670388403094946
0 0.40487515504531546
0 0.43176414805449714
0 0.39272909447773074
0 0.4185534179782316
0 0.42147299747292055
0 0.42604285972922834
0 0.4002725111284982
0 0.4570041882245906
0 0.3647235633348808
0 0.4436594674998335
0 0.3850516863592755
0 0.4234900138240334
0 0.4191592900863542
0 0.43379764277040983
0 0.37176023127716395
0 0.46429365060296407
0 0.4223439461283031
0 0.4791941978402668
0 0.3695561848715082
0 0.43535726462357227
0 0.4135319901321861
0 0.5072340418855737
0 0.39110701358902683
0 0.4225205629347057
0 0.3950587152888066
0 0.42969828728801085
0 0.36824408110916595
0 0.4538208403893805
0 0.3678322969194532
0 0.4557880277627662
0 0.45362612073417086
0 0.5008999806791857
0 0.48116642749495725
0 0.46156046045357063
0 0.45516288029364005
0 0.47705269712091497
0 0.39287269436398436
0 0.4555602661752553
0 0.4316541503523689
0 0.4413289408323958
0 0.4438966490263135
0 0.47928173014922787
0 0.43462504343918834
0 0.43900663062090817
0 0.4040630344909584
0 0.4296351258758631
0 0.3761991388699488
0 0.41337606542150834
0 0.39988971385609245
0 0.4186005959524362
0 0.3798809027726539
0 0.4293305156900021
0 0.4666699262650379
0 0.44619364964541436
0 0.43180089751551676
0 0.46168891893732855
0 0.39555342071094607
0 0.4433942793226609
0 0.421934146186211
0 0.47208978644121014
1 0.3807435226095631
0 0.4358266464865818
0 0.3768504604247026
0 0.5033341147751598
1 0.40504018906539774
0 0.5431928287851084
0 0.39027151374365504
0 0.4841022864173324
0 0.3892569874726015
0 0.46325463494759245
0 0.4313172499102172
0 0.39325312095337106
0 0.4555025100552127
0 0.5498689541234657
0 0.4315583067970845
0 0.45650927000605207
0 0.4843010130132601
0 0.39462379186795127
0 0.4706009159629023
0 0.5304502923009895
0 0.3174787447694166
0 0.4564380358168274
0 0.3805729008607572
0 0.3959395186145484
0 0.42597036585911235
0 0.3781102104459194
0 0.46881866818313844
0 0.4421631706767993
0 0.44074755550041145
0 0.40209049717829715
0 0.448145336011136
0 0.48307888881517475
