0 0.45972034618115415
0 0.4862017934263253
1 0.49301147939230916
0 0.540169360140094
1 0.40127418852350427
0 0.49453564063208605
0 0.4470002862672777
0 0.4053255540763254
0 0.5110698748457406
1 0.46488450287503374
0 0.41541120939550785
0 0.5162841278533143
0 0.4144966031532732
0 0.43118988332741404
0 0.4291503041922286
0 0.42456596678696495
0 0.418867032694699
0 0.5411478744748695
0 0.3574848557125007
0 0.42006219649336424
1 0.5003028094634586
0 0.451251050304376
0 0.4203237113159022
0 0.4790011338505802
0 0.4515496244872097
0 0.5228252298470542
0 0.4876603796940707
0 0.4794885669984034
0 0.49040886917471405
0 0.39830050948963647
0 0.47945306982922803
0 0.42925397019518813
0 0.38807723428714036
0 0.4587379742643986
0 0.38445021019394443
0 0.4684556205131162
0 0.4764154519223183
0 0.4388187946117344
0 0.4294463284103098
0 0.45718085221440735
0 0.3846123474832928
0 0.48056527936235854
0 0.48735946686904946
0 0.43564165369686514
0 0.41990861321612466
0 0.46835760549169725
1 0.40336707451427145
0 0.42452131504370255
0 0.4427401846945015
0 0.4557400210503851
0 0.4246908108298413
0 0.4372790597093141
0 0.34426020419879244
0 0.4362818227742866
0 0.38530439069120875
0 0.3876229368740912
0 0.4184392026178985
0 0.4123775440150691
0 0.4630065185127885
0 0.45809924044753564
0 0.521519297547773
0 0.34762033096947076
0 0.36312844629137964
0 0.444152799890844
0 0.41026223803683254
1 0.48997939859468315
0 0.4206569936386895
0 0.4452304112617554
0 0.4797975523569717
0 0.4904066669701048
0 0.45874444923476976
0 0.47015380657869016
0 0.48961886924186054
0 0.39877106702059123
1 0.5095153815395358
0 0.46023159763209553
0 0.4302935418939095
0 0.5263874566690263
0 0.5010757044260452
0 0.4800238381015491
0 0.4452271214053127
0 0.4222663898397482
0 0.4493100855835806
0 0.44959305460845145
0 0.47828302832635183
0 0.4232943056684636
0 0.4332927948656606
0 0.41230839218918053
0 0.5423606664176222
0 0.4005516989259335
0 0.45351637398037054
0 0.4970854970546767
0 0.3673645244325069
0 0.4045734816507683
0 0.49818813501330106
0 0.5067662186086312
0 0.4515619212392938
0 0.41789230293012336
1 0.46442327344408707
0 0.3977125855879783
0 0.38671564268585806
1 0.4944500433751828
0 0.3952547724307383
0 0.45015358478711
0 0.44449981947867173
0 0.5530592055876509
0 0.40746116441482094
0 0.4104787008903097
0 0.43447908136515573
0 0.4566501525241453
0 0.4639891433280615
0 0.4012780116574118
0 0.43471562720027307
0 0.4695169976399944
0 0.44754018907130333
0 0.5019066441483344
0 0.4964433769657805
0 0.4424542100653226
0 0.5041566151897455
0 0.5068030374667053
0 0.4089607302033843
0 0.45779182794162315
0 0.45163561509080946
0 0.42223897843479297
0 0.5000628366032903
0 0.44355753195877007
0 0.4666538703978842
0 0.4009415446606642
0 0.4943193935081049
0 0.3968793275556006
0 0.3940898459614396
0 0.5317828319274462
0 0.4377630211668741
0 0.4506030152920378
1 0.43066032790429315
0 0.43064539105731875
0 0.44758245681470726
0 0.5315366028939437
0 0.49198837256634004
0 0.40115955487256194
0 0.41875858338140687
0 0.4214735732983101
0 0.4302757230410741
0 0.5178458012524886
0 0.3795803594015753
0 0.4031323648625951
0 0.5099704481473214
0 0.4440960099466457
0 0.4469331691211234
0 0.43940714923164703
0 0.4231949040070758
0 0.4475603219167263
0 0.39774501025600384
0 0.42313587313247925
1 0.49834402012753715
0 0.5123845559748441
0 0.4507574751745484
0 0.4289282215937424
0 0.4603894779052967
0 0.4438023007397948
0 0.45087107794661735
0 0.46108902831073484
0 0.4153980281902371
0 0.424337135295311
0 0.4855011326395441
0 0.491208365273532
1 0.48786577884762045
0 0.4443691809674483
0 0.5068944886118234
0 0.45742873791723404
0 0.5342015848417739
0 0.4024214886414512
0 0.40499048299004997
0 0.4792503450651164
0 0.529090198062307
0 0.4437120428342445
0 0.4641166488133986
0 0.3521111466051162
0 0.42028579942349586
1 0.46399339962352226
0 0.4878550600130914
0 0.4512219880967637
0 0.4434300815751075
0 0.4695040664923973
0 0.4366226523475064
0 0.4856781125966511
0 0.41492615933773286
0 0.4613889861761982
1 0.44691788541240957
0 0.4690365840267201
0 0.40339274472947745
0 0.40827515295152467
0 0.4899607046386058
0 0.4374537364263104
0 0.48014481272587645
0 0.5158097427884575
0 0.33399709670593847
0 0.4247955292418864
0 0.4935177278469789
0 0.4890688651657124
0 0.39175437021586007
0 0.4883464939557504
0 0.4875250197049103
0 0.40976049983515095
0 0.5039779168813694
0 0.3754926234016024
0 0.47496978814092516
0 0.4601795495516919
0 0.4740949478437141
0 0.444899474387625
0 0.43925618868890653
0 0.42107681129583524
0 0.43637121485386104
0 0.5182649031402787
0 0.40123225221710324
0 0.38549458652115165
0 0.4495629291855166
0 0.4534736162924919
0 0.4027262985305424
0 0.47678830887147605
0 0.476968112315906
0 0.4465011923581933
0 0.3820660977950697
0 0.4330683956570208
0 0.46188757249039325
0 0.3126088879870675
0 0.43993176209031937
0 0.497349325106778
0 0.4467885618296353
0 0.45080666708989076
0 0.4099540567949147
0 0.3794635511110611
0 0.4428484126673005
0 0.4955846012237338
0 0.37141103163574696
0 0.4700639399442536
0 0.40330598059198114
0 0.4436247317729826
0 0.45517475259390466
0 0.46831108813495204
0 0.4398672807100041
0 0.47040521469806956
0 0.46061391755065423
0 0.4596015882183085
0 0.38559389559078355
0 0.48027501365060077
0 0.4430488777363206
0 0.45449625649109376
0 0.504373375830873
0 0.43966115899467684
1 0.44726687036210067
0 0.4516507040168312
0 0.48167469893556975
0 0.4350502012965979
0 0.456183634214013
1 0.46962136773706525
0 0.4030757526211203
0 0.5133351106323467
0 0.48406307286343697
1 0.4351041606779988
0 0.46332083041404304
0 0.4826203607273464
0 0.4224990780659209
0 0.464704062736191
0 0.3998695083299073
0 0.3984224435787638
1 0.48039088585144973
0 0.5057632477226822
1 0.43380477908121245
0 0.4433277742737141
0 0.4599674797691596
0 0.45565904776986843
0 0.45576281981403055
0 0.4271463968067303
0 0.3775810438155314
0 0.4850254940609558
0 0.44405890750736987
0 0.48463925152544746
0 0.4454616344940932
0 0.42407220542531615
0 0.46897121078234133
0 0.4636615798252331
0 0.46308763857292023
0 0.429643483053616
0 0.4700724428820046
0 0.44916545811211855
1 0.4560229051103418
0 0.4533770610895215
0 0.4714459434968231
1 0.49309708099454136
0 0.4831060182674845
0 0.45268116789546975
0 0.47885536490935393
0 0.4434000069316757
0 0.3936796047667314
0 0.4553077958577268
0 0.368725420166317
0 0.4200748281185666
0 0.3988051669068414
0 0.42006077524645097
0 0.39432080026138366
0 0.4191130231142577
0 0.36216909932252017
1 0.4328386887187818
0 0.4092309644192986
1 0.324824953339988
0 0.4505979844972111
0 0.46698442370194754
0 0.3440445456878321
0 0.44555247092681155
0 0.47597533946588383
0 0.383218223611934
0 0.4157186140714737
0 0.49513373733034943
0 0.3805599560217112
1 0.4725280870333355
1 0.39862202983920125
0 0.4939887522864379
0 0.5132919877165166
0 0.42920254144999054
0 0.4684283767605034
1 0.45239191886114816
0 0.4554347870667663
0 0.4756280457561701
0 0.4807770558702764
0 0.43402061905363915
0 0.4434644785027234
0 0.5057690008696287
0 0.40924805868970643
0 0.4187011914941251
0 0.44633746083802744
0 0.4214363866927941
0 0.40485551468650544
0 0.4778301950911153
0 0.460334629311909
0 0.36831859937677197
0 0.5217612755054851
0 0.3986382035465657
0 0.4794411091386203
0 0.504968233932726
0 0.38821959521894667
0 0.49628670709352674
0 0.41038108630689346
0 0.45333141943943983
0 0.4796760442768087
0 0.4532132893808624
0 0.41467593541969583
0 0.45443007707956895
0 0.4146578489787147
0 0.3823880964421708
0 0.5009092107290323
0 0.42098995628270397
0 0.37775274913373
0 0.4412411848052966
0 0.4655503511779778
0 0.43590271065638836
0 0.5066781670395976
0 0.5106810451236555
0 0.3896952451027107
0 0.4710054436861014
0 0.44260769433581665
0 0.4509713868233864
0 0.43417835648407355
0 0.5075988598011831
0 0.3818883060647314
