0 0.5053030965813816
0 0.49316414091166344
0 0.4772420951551268
0 0.48550284061194443
0 0.43769201200096214
0 0.5220283198851171
0 0.44535131355051355
0 0.47823982838840795
0 0.5477218448378464
0 0.4634921002126531
0 0.4576696904926064
0 0.46872583566165804
0 0.44929330904740555
0 0.49687536946366945
1 0.516729292129613
0 0.48515927920755014
0 0.481907106152917
0 0.5066857564806101
0 0.44474647340977336
0 0.502604481170713
0 0.4861057139460916
0 0.5070705016782479
0 0.4341517111613174
0 0.4770654547990551
0 0.48438822510673146
0 0.4191218658375144
0 0.5098467998647824
1 0.41552072820784225
0 0.4231598898631368
0 0.4262163944125155
0 0.41139772012274833
0 0.5270292178882416
0 0.4503951108327773
0 0.4276039327530221
0 0.42941854831790405
1 0.4931338296082038
0 0.4946611567943022
0 0.4688480832260082
0 0.4066546742671311
1 0.45551217705346164
0 0.4407464007940207
0 0.4947675812096883
0 0.5102131681966553
0 0.3633103684293785
0 0.45267119730992256
0 0.5042115315785307
0 0.44941681483488055
0 0.437095344508779
0 0.542732533009459
0 0.5088168431309041
0 0.4759770151101151
0 0.46471377617312803
0 0.5074533302711635
0 0.5026444561201056
0 0.4261883546291874
0 0.5297435537079205
0 0.4136461263399345
0 0.4778040755750938
0 0.46464939637545966
0 0.4757081348666015
0 0.5104062968615888
0 0.49637374178885546
0 0.4776427471612105
0 0.5379607406107997
0 0.4341589711221657
0 0.4417755814056103
0 0.5186085481491147
0 0.45328502128974835
0 0.4619892272470529
0 0.45070195527967327
0 0.43457321134127025
0 0.4990338923133045
0 0.47057055916397184
0 0.5109384046306127
0 0.4417031883654084
0 0.4164149559959013
0 0.4730496947827342
0 0.5566460406169089
0 0.4636048223151775
0 0.4561049940519949
0 0.4599282080976591
1 0.4368289908278433
0 0.4595513581918647
0 0.4741681670265028
0 0.47923135678007694
0 0.39785702187387495
0 0.3746688998677407
0 0.4902632566975788
1 0.4154619472909613
0 0.4359752596998382
0 0.4805751163821047
0 0.5107873204976415
0 0.4923243002578234
0 0.42370398775314777
0 0.49495612098280334
1 0.4446437951323914
0 0.3958620060975528
0 0.5450039647721499
0 0.49309455990040435
0 0.4804063370378448
0 0.46275086465154064
0 0.45322040630424415
0 0.5102821172157229
0 0.49344605869087765
0 0.5258007845268381
0 0.45679790516274527
0 0.48921914427233604
0 0.4952348342883106
0 0.4776275683657079
0 0.5304979752853684
0 0.5495758561690918
0 0.4699698572402379
0 0.4589135290914539
0 0.4764419495555654
0 0.4661750169317268
0 0.45161234035509124
0 0.45957733429221714
0 0.5304635688688357
0 0.45524413399172625
0 0.46122053685024983
0 0.46101216672274925
0 0.46742321569577633
0 0.47707455793340275
0 0.3652226817261223
0 0.4648292961408002
0 0.463627879433353
0 0.45697951497824707
0 0.3318681848606363
0 0.4673645901744419
0 0.4452004605444342
0 0.4616600342232763
1 0.5044608842025492
0 0.4713588951231145
0 0.467532954340277
0 0.5266973410282291
0 0.45667950819056
0 0.4833142344581844
0 0.4186012481314613
0 0.5163003354801068
0 0.4733007248672923
0 0.49998818476454454
0 0.5370162749446747
1 0.4638984906252674
0 0.4644578098718906
0 0.446894833850828
0 0.38075479367922094
0 0.45399133374427203
1 0.5007138049628251
0 0.3911201545322724
1 0.4149753858746153
0 0.5284906370988505
1 0.48552288166280216
0 0.3993141383685621
0 0.47010969223746213
0 0.5449367625666273
0 0.42324897472872336
0 0.4271974563007581
0 0.44469935922122894
0 0.524862542281285
0 0.4808176926443765
0 0.3754766724578143
0 0.4625475534156176
0 0.4421831855275577
0 0.42467115217454454
0 0.43714314480007427
0 0.4999359292903766
0 0.40030571160096473
0 0.5412615673662458
0 0.45259949324627413
0 0.44833355111947304
0 0.41241501019688276
0 0.47262409315869847
0 0.34554400778707545
0 0.47975005543345817
0 0.5231679402728822
0 0.5089591429979734
0 0.503057031677462
0 0.4626614224400227
0 0.4313160420861869
0 0.4322764049221226
0 0.42388800000279836
0 0.5047907230459777
0 0.40148429232343097
0 0.4380355696989327
0 0.3571688002185962
0 0.41838129221963255
0 0.4732705801619488
0 0.4686475539728619
0 0.3803214860273235
0 0.47030094612338746
0 0.4412639921717991
0 0.48261124280952983
0 0.5073526097904317
0 0.5122664638252317
0 0.4920245296261335
0 0.5103719411150105
0 0.4042992569819945
0 0.44988918238167946
0 0.4825128700097068
0 0.5151132005671151
0 0.454363625962046
0 0.3904428572708444
0 0.3776184128973912
0 0.40912137311317315
0 0.4110492388830602
0 0.4958881397830679
0 0.4577463788729452
0 0.46982789525266416
0 0.41128026418616426
0 0.4928332297363003
0 0.3547543949279315
0 0.53159183926948
0 0.48032161159517617
0 0.52288650791885
0 0.43025232578645817
0 0.47138189832114596
0 0.41544821578638613
0 0.45778956719770747
0 0.43048036740716805
0 0.4369645495673647
0 0.4666839174499152
0 0.4694203377512566
0 0.45386184244959493
0 0.40515075214708707
0 0.4558414395381434
0 0.5109049680255368
0 0.400231632435191
0 0.4840647223611348
0 0.41017891876657103
0 0.3798193797552009
0 0.41018562434950734
0 0.4739767081038297
0 0.34745611517779956
0 0.3934975882942543
0 0.4799514957798356
0 0.44593633875137195
0 0.45049052414599455
0 0.4652626327459959
0 0.4386057285480289
0 0.46668412836991474
0 0.437716274825055
0 0.4476399221814019
0 0.35767122804940027
0 0.5045381506694114
0 0.4048357393527564
0 0.38534405168278957
0 0.47339836338077884
0 0.4828263860800511
0 0.4987063684260532
0 0.45792180073409006
0 0.4382124985828037
0 0.5304309209987309
0 0.4605219219055014
0 0.5052863973422042
0 0.4863472093897375
0 0.4391143083276284
0 0.4308386594134603
0 0.38497442787178154
0 0.522441883707374
0 0.4500916194626923
0 0.4397858321359101
0 0.4888131371008887
0 0.5051303268579551
0 0.5380864031714656
0 0.4650890354981276
0 0.3952140685195121
0 0.49728376657651713
0 0.46691584233492195
0 0.42599097303981814
0 0.4552774526466683
0 0.5027284988899482
0 0.5015564506318159
0 0.4545729946814094
0 0.4460506598347247
0 0.48218488576330937
0 0.4630944875415465
0 0.4905034081442379
0 0.44675436969577803
1 0.3889847602159304
1 0.5925028110397442
0 0.4545484835618403
0 0.37278743340440074
0 0.4006660836207067
1 0.35489894416250983
0 0.42440173204894444
0 0.4284144621591708
0 0.47558084671897666
0 0.4920361005312477
0 0.45848730400894666
0 0.5141534327671329
1 0.5006721521610924
0 0.4125539645281283
0 0.5131955444225451
0 0.4841442206511373
0 0.44255063767649105
0 0.4617302155080879
0 0.48307400975260373
0 0.5065826524350727
0 0.4943947990363747
0 0.45211932859183135
0 0.44375870852082
0 0.471545596103878
0 0.4400347035862804
0 0.48840259466661956
0 0.3949846878933378
0 0.49372356025451725
0 0.4560327590928477
0 0.45347364590246036
0 0.43301801238452237
0 0.5080137533414014
1 0.5079738402465234
0 0.4104019001789048
0 0.4200680381128441
0 0.3806827702959389
0 0.49067777747720337
0 0.43541508270833373
0 0.4620792807669669
0 0.382436240721811
0 0.4539828637662047
0 0.4542333554905229
0 0.3396031448073983
0 0.4863050605694324
0 0.4215635018032159
0 0.43757207488207533
0 0.4140482058042683
0 0.4657766628478639
0 0.41898270088475836
0 0.500128317123718
0 0.4340669180106267
0 0.45167610204415687
0 0.39753454276136824
0 0.4661092600742075
0 0.4195203212721073
1 0.43334271020726584
0 0.41492924793131636
0 0.4576157698908806
0 0.31646847045955345
0 0.393558487046084
0 0.34153149572198854
0 0.4706145000640465
0 0.41444222719519785
0 0.3439434194523905
0 0.4562891466262207
0 0.4139306976122103
0 0.4677275915102393
0 0.48813951275174233
0 0.44993196929710566
0 0.44808224443168454
0 0.4333678810940369
0 0.5321417555165516
0 0.49288224453477003
0 0.47447762387301107
0 0.41478004384209016
0 0.37166581428222956
0 0.40143952346894357
0 0.48064597791479563
0 0.5010495177210108
0 0.407135638165508
0 0.5132117904206129
0 0.46342549763818386
0 0.4447573029739525
0 0.4689890884289963
0 0.49715032963227124
0 0.443561168685945
0 0.5234448041392157
