0 0.534101807449381
0 0.44073548743516183
0 0.5183472297073001
0 0.4181736427907907
0 0.4957451994820477
0 0.443047770379965
0 0.4448349332436608
0 0.45960084094271086
0 0.48266278569772686
0 0.5524262603950291
0 0.4159323979293602
0 0.5187246435211886
0 0.3848198549544455
0 0.5577544165356405
0 0.42366842871840116
1 0.5195509440092313
0 0.4175852429785404
0 0.559829477992363
0 0.3925669788343187
0 0.5373151755629858
0 0.43451628572715506
0 0.5498748654924404
0 0.43976979553435047
0 0.5028637340138341
0 0.45046864694999883
0 0.5185861623419002
0 0.46393448416378025
0 0.5255085693165361
0 0.4110606766842263
0 0.4645245767085471
0 0.48003108335864
0 0.4504777470431086
0 0.5161512596237476
0 0.4513024482080196
0 0.489710580104233
0 0.4893537767170542
0 0.39954695552637093
0 0.5390753763192091
0 0.45086602503825196
1 0.5024482824915084
0 0.43119254937487567
0 0.4409243563750467
0 0.5238151770566867
0 0.42900268152005444
0 0.5398958662668213
0 0.4184029893929684
0 0.5019030978324669
0 0.43297082230410533
0 0.4644107606639138
0 0.468535230296033
0 0.5012241434161563
0 0.4847912923297272
0 0.4566712023350493
0 0.4965427272739681
0 0.4289375722801648
0 0.5188944260507017
0 0.4082890945353392
0 0.5344025652617249
0 0.3860893596415089
0 0.5330022509475624
0 0.4387578201218679
0 0.5466562978407457
0 0.40776526095739635
0 0.5145981184514412
0 0.4305408685296603
0 0.5099611229715635
0 0.4399409339084722
0 0.5524543960158332
0 0.4771907741884381
0 0.4925305756453332
0 0.4071272211518005
0 0.5645398222776034
0 0.44029853415431264
0 0.562671861939915
0 0.41740912297768845
1 0.535417867546125
0 0.40565638553302824
0 0.5144083369123945
0 0.4149282090756291
0 0.5456793548386387
0 0.43045247585844126
0 0.5359227189110838
0 0.44371949872489114
0 0.4719203693275047
0 0.45202362953165337
0 0.5389000008450273
0 0.4477187967837699
0 0.5301219951728408
0 0.39613315566522017
0 0.5391611813346335
0 0.4398433969105996
0 0.5087024466896534
0 0.43343265397633185
0 0.49293593120050266
0 0.46034590968283584
1 0.5182837280815749
0 0.4291511969344523
0 0.4306770739373509
0 0.508453755648313
0 0.46571368205908564
0 0.48122747806913674
0 0.4453372958904464
0 0.46904520192268856
0 0.4208948319970559
0 0.48543287210798
0 0.4428756311125362
0 0.4537322503054179
0 0.5292626948639979
1 0.40965831097915506
0 0.5449555761532
0 0.41762879199399905
0 0.5379391504430246
0 0.4190438307475373
1 0.5250957958634226
0 0.4630338033009243
0 0.5431102519179287
0 0.41827199190096026
0 0.5409256790429279
0 0.41148628671033766
0 0.5254786897300244
0 0.4235023599248736
0 0.4896202615963551
0 0.3656618714212151
0 0.5310253205109962
0 0.43116672589606303
0 0.45603728405781574
0 0.4490791116812367
0 0.5231586515263039
0 0.4503429003763728
0 0.5245705815056243
0 0.40826216563165096
0 0.5089631676148553
0 0.4540342876722483
0 0.4375003507094457
1 0.5271623938848758
0 0.3904354470712731
0 0.524408502649058
0 0.4432048213903984
0 0.5434228948262546
0 0.39527394369338936
0 0.5391135461044377
0 0.415175054706452
0 0.5538436613202602
0 0.4038250984927384
1 0.5296615236087928
0 0.3985284314028214
0 0.5290243288720707
0 0.41964314850611817
0 0.5216249286185791
0 0.4136457519213143
0 0.4994159733123426
0 0.4083410004335735
0 0.5199543851244306
0 0.3801756607521342
0 0.5222276096524484
0 0.37227709101131173
0 0.48590992688669205
0 0.43223259805177133
0 0.5158545690536995
0 0.40978993092740545
0 0.49404269603444584
0 0.38646709188534956
0 0.4874215322141894
0 0.45212304930160746
0 0.4615535122845065
0 0.4427317475003754
0 0.4490657720974661
0 0.46195375347313095
0 0.42142501863977694
0 0.5550375792109654
0 0.40662978877373246
0 0.5164094835538121
1 0.4189421925205316
0 0.5506003052356918
0 0.4179319473224817
0 0.5226163855787987
0 0.41869876447589177
0 0.5100086628732641
0 0.42867898707421054
0 0.5608168809366333
0 0.413075870929204
0 0.5077303443467877
0 0.4076985616052737
0 0.5409493167893217
0 0.39255979263134616
1 0.5335960144689967
0 0.4365074037121971
0 0.5098048443851728
0 0.35653391036754595
0 0.479085358834925
0 0.35675349436014264
0 0.547688507397512
0 0.3855715770880957
0 0.5300646464952516
0 0.3999695179933723
0 0.5214184226636321
0 0.427118386398516
0 0.5508620368641731
0 0.4440154945320366
0 0.537030791461736
0 0.37896217242814173
0 0.5183239138959937
0 0.3811732072858438
0 0.5381030783341815
0 0.41737849198828936
0 0.5065369229802594
0 0.432362384588035
0 0.5009694565464079
0 0.43703634423426335
0 0.4829053716603762
0 0.3936335829343615
0 0.4609159438239102
0 0.535170046283436
0 0.44325093967806417
0 0.5158715106065848
0 0.4471286012065334
0 0.48971115747766253
0 0.4657152667914759
0 0.49634814899878765
0 0.41483432613528864
0 0.4297962759412731
0 0.5319397894313608
0 0.43422984672688497
0 0.4988508603682243
0 0.3782809044495771
0 0.5271353318063744
0 0.38440974248621823
0 0.5316709221994554
0 0.42710368375819163
0 0.5733858932005695
0 0.43818081222366834
0 0.5183368858225992
0 0.41466925799822163
0 0.5270641115210899
0 0.3923409980536082
0 0.5512340658558271
0 0.41558947968500526
0 0.5402644196873597
0 0.3990530351086947
0 0.5141217375909936
0 0.39174929432110317
0 0.48171093976833346
0 0.39054562115780245
0 0.5062015244520193
0 0.3731326589815247
1 0.5544549432983786
0 0.36456140635683604
0 0.5126101962603546
0 0.4064496427821608
0 0.5321248747857505
0 0.4326472007779692
1 0.547133614578213
0 0.3712812423190993
0 0.5489221796967534
1 0.3941782104043304
0 0.5167194084114953
0 0.38264327630201517
0 0.5121989979106661
0 0.3790196586499186
0 0.5151537639900164
0 0.40405542693316104
0 0.5188907452519617
0 0.3945419461610788
0 0.5286985499177123
0 0.3596201618517437
0 0.5193519719019425
0 0.43163447851526415
0 0.5031173993744323
0 0.393597270763504
0 0.4844539815293654
0 0.4131162040006816
0 0.5147368443605258
0 0.38420361698244243
0 0.4968909480026953
0 0.37542464156290245
0 0.535148622412799
0 0.42055253254419983
0 0.5560487486337189
0 0.38962428918950726
0 0.5110296126809584
0 0.42646315574333166
0 0.4813387352929036
0 0.41356427777707505
0 0.4765834425755176
0 0.4565245655275623
0 0.5222197915532218
0 0.461125315284109
0 0.47484302109740767
0 0.5134436095730249
0 0.4074899407534736
0 0.5176583486808488
0 0.44939347060072343
0 0.48521460484030615
0 0.44242932276891905
0 0.4275901308317031
0 0.3866685506942854
0 0.4388559919476198
0 0.4126567399000548
0 0.3987533853874477
0 0.5011624847675362
0 0.41760400698751654
0 0.530970223248076
0 0.3838352091379693
0 0.5224550390371066
0 0.3885164814784475
1 0.49121005946747764
0 0.39786123179758864
0 0.496247696352582
0 0.4310520215870665
0 0.47556274067170434
0 0.3939760643125706
0 0.5450934627889269
0 0.3977830767176095
0 0.5404012882200208
0 0.42018668263105813
0 0.46291770887114864
0 0.44602374989471744
0 0.5007232016653895
0 0.44485773897272113
0 0.528532135403036
0 0.4378723307102109
0 0.4604889629461851
0 0.4873945314383258
0 0.3537693985060583
0 0.48337892271437705
0 0.376873497901622
0 0.4669685842651359
0 0.38941894926504755
0 0.46797661606495206
0 0.43856243909824016
0 0.5183044835026444
0 0.41973022509469093
0 0.5552015858535444
0 0.4605412162636138
0 0.46565549600519146
0 0.4088467734965995
0 0.5058622086931532
0 0.42702279324797937
0 0.5290487890417543
0 0.4510004582599253
0 0.5220298727017137
0 0.4806597755958403
0 0.5179782080287821
0 0.49312201277814954
0 0.4892620863819376
0 0.41803401161218834
0 0.5051534947408514
0 0.3930450440603361
0 0.45433631440398486
0 0.5282634748177969
0 0.4487901419219488
0 0.5018391599785057
0 0.462722573182165
0 0.44380846210779534
0 0.5406997638620618
0 0.39163864388158665
1 0.49120205130429306
0 0.4088885790175117
0 0.5310898476034931
0 0.45227481749334464
0 0.5379691121036192
0 0.4423723099185841
0 0.5498276399685786
0 0.39404971086361984
0 0.5365645429124825
