0 0.4973170129077778
0 0.5414285702705895
0 0.5455965099996998
0 0.4106705850516756
0 0.4601035920737695
0 0.47653889554653306
0 0.5418425739376744
0 0.5058492115856313
0 0.38354963410973153
0 0.46952090342054587
0 0.4710136292087164
0 0.44111391500217667
1 0.558463939770621
0 0.5398321855522128
0 0.5025111576168442
0 0.4803898907386493
0 0.47517804519602796
0 0.5156574431489823
1 0.4404883278302919
0 0.4556116398357533
0 0.44068645847060534
0 0.4277852746175625
0 0.5762792240487
0 0.4671895128659984
0 0.45673902112740616
1 0.49283779237373665
0 0.4237336136448189
1 0.44262134581211604
0 0.4714055470544663
0 0.476501518181977
1 0.468818021086526
0 0.4332499386939682
0 0.46015477941382615
0 0.49873271161038074
0 0.47054267476758416
0 0.4565390272295678
0 0.4887555186929997
0 0.4416641896451949
0 0.5090801504133776
0 0.4801263640659734
0 0.4339852326335954
0 0.45049613152675144
0 0.48396766092335036
0 0.455456064981015
0 0.4527494979440772
0 0.5214141444914625
1 0.42589756557699837
0 0.5301243967232973
0 0.4217522391031241
0 0.4528923115923746
0 0.45523917922041746
0 0.4166481338391533
0 0.46213593409631804
0 0.4721287295490573
0 0.5347852987795098
0 0.4961208180440573
0 0.5100902152778922
0 0.45411455090528263
0 0.4672727430666102
0 0.4653250915484744
0 0.44977768942865876
0 0.49735342765482193
0 0.5464986995778639
0 0.5263877702627762
0 0.522237415445238
0 0.47739147096671714
0 0.44467211694419523
0 0.4545982493948661
0 0.48585473875449886
0 0.4785262076204171
0 0.4808520048894061
0 0.4975877339107964
0 0.5032584657952492
0 0.4606421408267397
0 0.4642430378268714
0 0.46121836814922634
0 0.4966224074332632
0 0.5230571278713554
0 0.5038581984910205
1 0.49430248146651573
0 0.4522563357582917
0 0.4126867711369894
0 0.4684514739458228
0 0.40719218289714365
0 0.4427486839560071
0 0.44401869618236206
0 0.47525548435243864
0 0.41089024981600053
0 0.45402995036119725
0 0.46283051416063975
0 0.37543977157446656
0 0.45508257713640576
0 0.46411634350404957
0 0.4049175886956734
0 0.43677502575586086
0 0.40522854947075876
0 0.4132744696641303
0 0.4547701774053783
0 0.4070283536566141
0 0.46140365505989284
1 0.47349238970699487
0 0.43741685852306544
0 0.34405187934680287
0 0.41371959903864336
0 0.43391893573284435
0 0.3965890940616287
0 0.4790630301615852
0 0.3992062427993783
0 0.48792524685762756
0 0.4623643566963494
0 0.4619915604423021
0 0.4727621874778195
0 0.4018484154009398
0 0.47548497189313477
0 0.42425233638942256
0 0.449409713747979
0 0.41523154007387064
1 0.40584130726740175
0 0.5003700656432609
0 0.48147135348309883
0 0.4899910905544707
1 0.47778923738731954
0 0.45690108911088273
0 0.4615152953215285
0 0.439963956444685
0 0.4789165906921254
0 0.43999573822798227
0 0.45741429018567514
0 0.48692846144889607
0 0.5163764261994924
0 0.45858222929210524
0 0.4191731339855439
0 0.4482021854281049
0 0.5015066938409174
0 0.4600838744809634
0 0.4790163472701826
0 0.4471445507284063
0 0.44628676397587014
0 0.4079390801535505
0 0.4280686539182753
0 0.43748841840785047
0 0.41588923679609924
0 0.4961756188390055
1 0.4851742488109948
0 0.4716132230092706
0 0.42956127624163337
0 0.45063603387336715
0 0.4675747399705062
0 0.43400974984955937
0 0.4560151262217636
0 0.4605227081581753
0 0.40736846617159983
0 0.44887840444955307
0 0.36884000722561816
1 0.438974468084346
0 0.42129634455908116
0 0.3924409349082456
1 0.39194700272249877
0 0.45762729404561703
1 0.43976269710125443
0 0.4038059775550187
0 0.44189993613034456
0 0.4352661402142794
0 0.4144741910540194
0 0.48245188544129824
0 0.4325158036702963
0 0.4269669446256729
0 0.49614863621849425
0 0.4198168871511377
0 0.41172273051998143
0 0.425767803898685
0 0.4704128645527931
0 0.4208610614041794
1 0.4920465087118322
0 0.4312978053169889
0 0.4544008433272514
0 0.47515566493444905
0 0.40308970141191025
0 0.3577673026981
0 0.44603149997810815
0 0.3867899830686068
0 0.3854156718742904
0 0.44856155511360546
0 0.43273805510213204
0 0.4186969673054954
0 0.49655968007141127
0 0.44186975505978615
0 0.44794682353543813
0 0.4350555942669664
0 0.41888392802991636
0 0.4139806774362908
0 0.4067335295940578
0 0.4105665942710607
1 0.425757054733406
0 0.4453046292915693
0 0.4336505545541949
0 0.39744203136809597
0 0.43282911709967636
0 0.413650334962795
0 0.4152180871323125
0 0.45146106656033524
0 0.31808235286223674
0 0.3414178613473236
0 0.4843998655230907
1 0.4066858481823582
0 0.4556879384078609
1 0.4377222167499601
0 0.35330362065924975
1 0.40919107411460737
1 0.450755963452549
0 0.4036438389653375
0 0.43264320626906855
0 0.45858360891619615
1 0.41759154068115867
0 0.431347719118537
0 0.4480950241097854
0 0.42774587215866233
0 0.46570360416011325
0 0.44427966724754914
0 0.4261353240146678
0 0.4152021393564033
0 0.48657508048852094
1 0.4347569306055594
1 0.42899700997210805
0 0.4416847616485891
0 0.488894197150183
0 0.45911964838877856
0 0.4563214066349904
0 0.5362015651304026
0 0.46091979870219013
0 0.40356462196310433
0 0.4791107026543921
0 0.39491371908081857
0 0.4882209324513157
0 0.5039788863827904
0 0.5048675861611672
0 0.4206329579617047
0 0.48937066529921075
0 0.4935653879879239
0 0.45160141194523723
1 0.4614892780929299
0 0.45768006932694755
0 0.4304126017657537
0 0.45877587079968296
0 0.4649470922443331
0 0.4682296298478521
0 0.40331246321367453
1 0.48854944507486436
0 0.4405606441180844
0 0.42982848158535497
0 0.45906000986797774
0 0.3993925441854109
0 0.4098060893329993
0 0.39686626723762763
0 0.44170144136069084
0 0.4523061779942699
0 0.3885275622105545
0 0.4837748133425979
0 0.4113447152858631
0 0.49524046035505936
0 0.503584925862203
0 0.4280513240058479
0 0.4488927639698465
0 0.4962618309511432
0 0.4328514917382733
0 0.42882157737104365
0 0.47022277423146414
0 0.44327285486778756
0 0.47529457685945853
0 0.4945156834362796
0 0.46309031777401605
0 0.5204358990449213
1 0.46375245931901593
0 0.4115108543567655
1 0.4469134134584613
0 0.4693921035369732
0 0.43430923677333994
0 0.4651059702853981
1 0.44043019268338
0 0.4029378131889761
0 0.49210425838903266
0 0.42268321476147575
0 0.44349222872548383
0 0.49819677552706126
0 0.49770894980033464
1 0.4104957960044188
0 0.40382634677992535
0 0.5064470556412075
0 0.4655907401847694
0 0.4813031208344417
0 0.47311126197063097
0 0.49590909688377394
1 0.4026820849250178
1 0.43418584801228105
0 0.47095239680156153
0 0.42976485810525383
1 0.44338868494782036
0 0.4737563375833798
1 0.41787079453145554
1 0.42105371007568865
1 0.4465456748279215
0 0.38957795348205393
0 0.44218038470181126
0 0.3774660460645349
0 0.43469991350870796
0 0.43984938669625534
0 0.46370515506841486
0 0.41031317581418725
0 0.433487405920774
0 0.3878090090728527
1 0.42636743040802455
0 0.3952147704506263
1 0.4192613592317415
0 0.42858202174873006
0 0.41753214143883316
0 0.4292562087828094
0 0.40829576680827684
0 0.46034596227041186
0 0.4463890560246342
0 0.4740711814121725
0 0.45859927554730867
0 0.47607587498936454
0 0.47206531211697755
1 0.5012372015526372
0 0.4564356780376507
0 0.4657749532895276
0 0.4629420689268929
0 0.44724546379451324
0 0.41026817578025665
1 0.46363043149915395
0 0.43699230310161785
0 0.446270841541385
0 0.4388794278883127
0 0.4104247578488331
0 0.4585823070101439
0 0.48399197985039594
0 0.43772645882725375
0 0.4886374911194198
0 0.49067931475858884
0 0.4519459789631515
0 0.440584400606923
0 0.4864174453239318
1 0.4559710729671143
0 0.4885015803627298
0 0.4485028083950836
0 0.4219548619820063
0 0.46578560069822744
0 0.4049369196205006
0 0.43467896363702824
0 0.45232259541304964
0 0.4458600267888274
0 0.3972669309946972
0 0.4709557921989498
0 0.4599202069631686
0 0.421793601390989
1 0.48377579478768584
0 0.4327361187912064
0 0.45943038771327566
0 0.48934006003775704
0 0.44589094892822867
0 0.41047446207150207
0 0.4632518285358341
0 0.4832546401483665
0 0.44879756297034745
0 0.5030075963182021
