0 0.5121560529035705
1 0.5163529251229412
0 0.508938721813846
1 0.5082301060163904
1 0.4922797833575846
1 0.498736453470157
0 0.4978595351002842
0 0.5246509521401417
0 0.4904611419944879
1 0.5070465391454471
0 0.5119016969643271
0 0.49842034942922453
0 0.48947238127357184
1 0.5042690281008728
1 0.4919694030805927
0 0.5092551562796089
0 0.5015954833111509
0 0.49610861167685527
1 0.5198047221958406
0 0.5049403900485683
1 0.503599340545087
0 0.5249638758471018
0 0.49124954837731477
1 0.5067692043564589
0 0.4907562852790149
1 0.5043511352771719
0 0.505435914432526
1 0.4998782810068644
1 0.5067539943512892
1 0.4842772719173536
1 0.494199739444406
0 0.5232537207287521
0 0.49382750978282514
1 0.49757706022867887
0 0.4819022056137404
0 0.4995804848209478
1 0.48941010892032283
0 0.49748322501993264
0 0.4945817146122844
0 0.4795771973570113
0 0.49233500253708523
0 0.48416316443293256
0 0.5011719961687526
0 0.4917813453151472
1 0.48651726354967234
0 0.4970012463080224
0 0.5066489096114195
1 0.509747085600782
0 0.5042167155956297
1 0.5016216795198842
0 0.49281514057180575
1 0.4865985362697905
1 0.501413589931442
0 0.512853870517326
1 0.5034600484869023
0 0.49369467287974256
0 0.5160719608214506
1 0.5062011712539013
1 0.4966706034891256
1 0.5231875541314617
1 0.5153611379285519
1 0.4863302177151425
0 0.5151581535071027
0 0.5014830043466134
0 0.4936043921660462
0 0.5033886182520595
0 0.4900552471337067
0 0.5147131379178997
0 0.5227084793763597
1 0.5028357376231906
0 0.5388654803009817
0 0.482029885175456
0 0.5055484041311434
0 0.48790041273380175
1 0.5047984289512114
0 0.4763927199419631
0 0.4779708642018168
0 0.5041015136073139
0 0.5237125134681689
1 0.49875680003560474
1 0.4927534129360051
0 0.5220281614047799
0 0.5002328974869896
0 0.5068540950816159
1 0.5183069637485672
0 0.5190419991134148
0 0.5398408389088025
0 0.5112202885797293
0 0.5178101756849501
0 0.5286552632584413
0 0.5041247269024174
0 0.4822788629071942
0 0.5162005194100989
1 0.5095952222837926
0 0.4950059830830163
0 0.4929690177671213
0 0.496365436830272
0 0.5045865736409705
0 0.5010139393702786
0 0.4931821110145993
1 0.49436735806645077
0 0.5127357845487226
1 0.4793292240993109
1 0.4950547375048904
0 0.4769610193415018
1 0.4727391264121008
0 0.4917617109387571
1 0.48228222609199795
1 0.47924890480680216
1 0.4541102296758507
0 0.4942664230624292
0 0.48916555407479173
0 0.5019647700105475
1 0.4992096913634751
1 0.4797436500501297
1 0.5039284409180216
1 0.48276669143213286
1 0.46650325517787616
0 0.5000272772649158
1 0.4940020520523016
0 0.4946968994200243
1 0.5205846157207822
1 0.5120172956415576
0 0.513049425974015
0 0.5425159280102302
0 0.5261419025154023
1 0.4831598127014948
0 0.5008884172887719
1 0.4878491484367785
1 0.5137497510629595
1 0.5107998560023919
1 0.4991729937701877
1 0.501140821444186
0 0.5186759267914309
0 0.49062005402188963
1 0.5019424603375375
1 0.49034197341495145
1 0.5136646906126751
0 0.5335410603685606
1 0.5045584738986578
0 0.4925344027496164
0 0.5011159709494739
0 0.49644313927685874
1 0.5173028183560847
1 0.5118611108405926
1 0.5402456452516416
0 0.48875283883328485
0 0.4977676301149756
0 0.511261791091109
0 0.4909404203143854
1 0.4926704712881698
1 0.5055934646390613
0 0.4925912593240629
1 0.4895598169469763
1 0.4883682137909452
0 0.47717140214870224
1 0.46258497025285206
1 0.4729151595799287
0 0.5126966043662385
1 0.4940117280491052
0 0.4947829447943582
1 0.5106200120931833
0 0.49899128883370075
0 0.49832358998519677
1 0.4866147442574708
0 0.4674107383659276
1 0.4829100305812265
0 0.47220034440957487
0 0.5137358529618419
0 0.5138907402331332
1 0.49559059483755225
0 0.5000093063135876
1 0.47263792490778395
1 0.46847518505924246
0 0.4807328403147938
0 0.496061734970521
0 0.48167562760176813
1 0.500019176213478
1 0.5008436561815598
1 0.49645119331054993
0 0.49584124648499844
0 0.5038697101558597
0 0.5028752226842241
0 0.5070240690982633
0 0.4816921647343638
0 0.48688717232781265
1 0.5105903983537317
1 0.500221901513752
1 0.4802663706270365
0 0.4853368007302259
0 0.49250036803488595
0 0.5014095668796522
0 0.4861364681980982
0 0.48137165613498717
0 0.49138257051705925
0 0.5048335265369759
0 0.5002073829567245
0 0.48678582931104664
0 0.4868560236758999
1 0.46687434436579034
1 0.47731582771945197
1 0.4836470668531938
0 0.5020621159477657
1 0.5019414984979057
0 0.4884460903798995
0 0.5001460505216834
0 0.5125096287593401
0 0.49609484168389073
1 0.48518450650925643
0 0.4676098881808504
1 0.4479456125177898
0 0.48484051893082797
1 0.48804553391567396
0 0.4683183340785406
1 0.4761935403939745
0 0.4759008177423284
1 0.49232629753278145
0 0.48787982013223224
0 0.4829631119375041
1 0.48284562916416723
0 0.4839962885418634
1 0.5065214228856962
0 0.4790695279272075
0 0.5012685119038849
1 0.49752857088400754
0 0.48388816803217244
0 0.5017868709991843
1 0.4823329203923391
0 0.47822060762922336
0 0.49497913842656
1 0.49694459413930625
0 0.49359088691487896
0 0.49735592280353413
1 0.4831233971894309
0 0.5028112509378636
1 0.49748726703727436
1 0.48370278064126543
0 0.48585082567561805
0 0.48533043501065676
0 0.4794388432145165
1 0.49027883348975554
1 0.5130447523559025
1 0.4823609469042386
0 0.48151687305749247
0 0.49438339860854413
0 0.4868481986389429
1 0.4835309009546175
1 0.47389673079131817
1 0.4766140937309011
0 0.48323664199617233
0 0.4859996756172174
1 0.4920725335728314
0 0.49113785355453576
0 0.5203163054780803
1 0.4875636500051841
1 0.4793281625131863
0 0.4603893648807546
0 0.5007585607832221
1 0.4957093961353016
0 0.5088787177886951
0 0.49989841707282556
1 0.4789703002951479
0 0.5011595436802065
0 0.4826624372994576
0 0.48455921166462085
0 0.46341358182234843
0 0.4752527965297602
0 0.49079565036513023
0 0.4734253824512496
0 0.4718941653454729
0 0.4973392039253619
0 0.48562110385398416
1 0.5006257014821526
0 0.4703030547429289
1 0.4793454588178348
0 0.48139651312833265
1 0.49873832792242345
1 0.47500910055167905
0 0.48385213807904065
0 0.4939837768581464
0 0.47532713084007844
0 0.47537666076710183
1 0.5019806547554309
1 0.4887282709039465
1 0.4949147080008623
0 0.48935075839087006
0 0.48541780231238074
1 0.4725047482259192
0 0.5057833288168061
1 0.47765566869583215
0 0.4818344736437614
1 0.4978665797294298
1 0.49138532456856976
1 0.5134268634908346
0 0.48967790934448496
0 0.47179866267343606
0 0.49045478369504014
0 0.48828645136517007
0 0.49667867063705207
0 0.49295651052818495
1 0.48373543726365215
0 0.4909461753054226
1 0.4819305656457498
0 0.49504826083857667
0 0.4899548367618983
1 0.5001791444463559
1 0.47089828308712467
1 0.47565352393483334
0 0.486560806769167
0 0.48303653335621166
0 0.47807657564228895
0 0.48188980289077743
1 0.4762258325635554
0 0.46725585884777704
0 0.49547596983850445
0 0.4799156812505
0 0.48702589105902744
1 0.47364215672046983
0 0.49316473325413945
1 0.4899474504518194
0 0.47555772067125607
0 0.48419478605744787
0 0.4813763585912291
1 0.47431581681413865
1 0.4886072358208053
0 0.4636538527032492
0 0.49772415262377706
0 0.47541216420281196
1 0.4875471810237829
1 0.49752500179697534
0 0.4976175010283997
1 0.5102742471804081
1 0.4837163739479267
0 0.4703214471385736
0 0.49093305529056314
0 0.4947881691328279
0 0.4980182275998835
0 0.5199654062734822
1 0.4798180930129478
1 0.4723681434454998
0 0.5014774215036851
0 0.47163585155887533
0 0.4883263442335082
0 0.5120158593033335
1 0.48803755970867013
0 0.4927326204349031
1 0.47164786415250376
0 0.4711411507741047
1 0.47360550728815987
0 0.5164414913083513
0 0.49133943803604396
0 0.536415513232585
1 0.5000364635273508
1 0.48783957027074465
1 0.4843973512797424
0 0.49698638132922807
0 0.47313999962256464
0 0.4961651001555267
0 0.5122052355478671
0 0.4894810696837859
1 0.471708444712239
0 0.5077092581803488
0 0.5026673967616048
1 0.47549580567160676
0 0.507594477154007
