0 0.32471209201704565
0 0.4165980219721524
0 0.4116476773060473
0 0.4410783576099367
0 0.4283994512245139
0 0.4008160036375364
0 0.4135493138425404
0 0.42945721402745246
0 0.48410214393278284
0 0.4402342985702111
0 0.43461052470801254
0 0.4181948277569305
0 0.3467369300560404
0 0.44552822350834975
0 0.450027574806902
1 0.32400262348346254
1 0.5027666035127962
0 0.4521497527428538
0 0.4522953880548853
0 0.48452504176107114
0 0.48043671143877725
0 0.46551999644508685
0 0.5034205079318564
0 0.44415280773525556
0 0.5262839689058345
0 0.5539860856159717
0 0.3579285457112075
0 0.4862935788132816
0 0.2960042106642845
0 0.4384893110745993
0 0.4584306667651964
0 0.35587891307286756
0 0.49403940962137005
0 0.40591740699441586
0 0.4381392307335471
0 0.42530141911325425
0 0.4375710867093047
0 0.5425625223117253
0 0.33230347031049834
0 0.4611373050699197
0 0.5054305470600291
0 0.40957340425071587
0 0.49959035863903156
0 0.40584466513346346
0 0.4322937548515444
0 0.3810720559062936
0 0.4740394959297073
0 0.38526411314467224
0 0.477745661989603
0 0.4738315233377926
0 0.4594642262205681
0 0.4686988989583304
0 0.4290619888199529
0 0.43924421197148095
0 0.42198055174702176
0 0.36303557983896123
0 0.3640993584900475
0 0.4509006298676385
0 0.47556838904612203
0 0.4270690176582965
0 0.4170883252615665
0 0.48261134126124244
0 0.5103706038164665
0 0.5182958701556907
0 0.43259014368855514
0 0.5078265355606125
0 0.44868723357301143
0 0.4585128268216178
0 0.46042046570268347
0 0.45506223456386186
0 0.5103299859897353
0 0.5349710087427013
0 0.513856233175306
0 0.5208570113070036
0 0.37277021472525557
0 0.4730712021053201
0 0.4328624660765955
0 0.4819821184741106
0 0.4193845119116986
0 0.407289650014584
0 0.43828762069724125
0 0.4638336556639018
0 0.4721064280693314
0 0.5276189196658142
0 0.5504840248457415
0 0.5081957598652203
0 0.39839178893213395
0 0.5621802772079557
0 0.5354896969375608
0 0.4009318296248612
0 0.455508294484859
0 0.40160426137937166
0 0.42199615316596784
0 0.47043367901030686
0 0.4635686432560309
0 0.4188408457375534
0 0.4644560119661657
1 0.41565469369207747
0 0.4772651795207018
0 0.4619668196321416
0 0.47301683297434155
0 0.5061471051631347
0 0.4318976528359207
0 0.48371741500026455
0 0.4862386791292678
0 0.47071692469228454
0 0.4662609620361212
0 0.5089833274034894
1 0.400622885250873
0 0.48363474627849157
0 0.4796989616284177
1 0.5033082652614608
0 0.4725167490965685
0 0.49640651376299577
0 0.4991512197457843
0 0.35789109508617384
0 0.42866040604077915
0 0.462541780459686
0 0.4881991979030598
0 0.5207144626600507
0 0.4444233119999196
0 0.4739883859629744
0 0.4324240935518862
0 0.4758147063960767
0 0.46435389282890993
0 0.37686799974100743
0 0.42534483246405824
0 0.3864649826523006
0 0.4790066807843809
0 0.3238313339860608
0 0.3799325879679803
0 0.49309368179407365
0 0.39511223905597703
1 0.427765058435172
0 0.5018914434892695
0 0.49773507756529717
1 0.475559510429497
0 0.41776027251312814
0 0.4770580700443311
0 0.4183637101664049
0 0.3815641710629373
0 0.47722999692993673
0 0.442085518682007
0 0.4590532175261703
0 0.4608635076427419
0 0.37757194477973544
0 0.514157445283607
0 0.4825926957734494
0 0.4817621044804646
0 0.3954573937278034
0 0.5079393794775144
0 0.4915861714683211
0 0.4289678249425783
0 0.501630746984849
0 0.46020901548315085
0 0.32818264227703786
0 0.4522345879961388
0 0.4645635086950757
0 0.3515655422931987
0 0.3891565101821267
0 0.4800088390737822
0 0.3854084528733932
0 0.47758420814463726
0 0.4459698674067692
0 0.43622142439878114
0 0.49939637172772317
0 0.4211657972251407
0 0.49303397788339154
0 0.43124377027200445
1 0.49099722191907547
0 0.4512095442564553
0 0.4312467379724214
0 0.5031878934853298
0 0.4378726112338393
0 0.43610550645933027
0 0.42197976268787407
0 0.5459646867767793
0 0.5310212560595684
0 0.45005255698143654
0 0.4499463763304278
0 0.43309644110453854
0 0.5084764792519453
0 0.42698985179478394
0 0.3969152044619196
0 0.5102958957658009
0 0.49362197955977966
0 0.43573933588390046
0 0.3940536768437294
0 0.4843804922944151
0 0.48169775902966533
0 0.4890430380092357
0 0.42888267185246176
0 0.4858758803927211
0 0.4206318729173216
0 0.5200232788034507
1 0.40268364986876604
0 0.40922904534281296
0 0.5127893019710617
0 0.47127851058583775
0 0.44334609566409316
0 0.43755885801049915
0 0.5399109826364928
0 0.3418847554463621
0 0.350950440368381
0 0.47431983426517255
0 0.39983358329597857
0 0.42765645050113654
0 0.4318306419147857
0 0.4393824151839553
0 0.49859378594329673
0 0.4975020070669374
0 0.45082194231218425
0 0.39015970532012256
0 0.40731283375300326
1 0.42230916372926697
0 0.4168595960203272
0 0.42097752759190826
0 0.5106058572858948
0 0.4548414447854625
0 0.39254879175153556
0 0.46900086520557077
0 0.40836584374025314
0 0.4627055374667204
0 0.37351781907768333
0 0.5145692037040203
0 0.4796993365329131
0 0.4156216551453632
0 0.3190874812012219
0 0.458861417384613
0 0.45417886572463995
0 0.36562265073950956
0 0.5091203864171322
0 0.4347953382406727
0 0.5169351825943321
0 0.4358239994521
0 0.5466081251343726
0 0.5052047711770944
0 0.3829029107245758
0 0.47500842122694986
0 0.32508646036537625
0 0.4504242900359026
0 0.42947091465404164
0 0.4811946870609057
0 0.3707447689092086
0 0.4672406906106679
1 0.44768027150589135
0 0.5131132276169807
0 0.4246124646303354
0 0.5296698144959429
0 0.469173137104895
0 0.49716366813583374
0 0.449149197979914
0 0.4361350500818974
0 0.4443640155625427
1 0.4875144455177547
1 0.46409360858389426
0 0.4059328117159042
0 0.40840263263064275
0 0.49644894364620024
0 0.49811226394619745
0 0.39386881660876705
0 0.4548297716158751
0 0.41374247600473274
0 0.44951465421410614
0 0.4737331149325415
0 0.487367836890532
0 0.49475357085635385
0 0.42152270345863296
0 0.46177900437391317
0 0.42520825591746353
0 0.3652504585835885
0 0.4675890394700448
0 0.40993600254169443
0 0.5158375572380782
0 0.4866978189224956
0 0.4694902788036167
0 0.4865215967256428
0 0.5272234850487197
0 0.4818628294541453
0 0.48463475212322654
0 0.5127598892316051
0 0.38034707550556424
0 0.46103522145211256
0 0.3844940639407599
0 0.49277009335170596
0 0.3553433823770744
0 0.4051262592420731
0 0.390856640255535
0 0.504362576587655
0 0.48208971086127467
0 0.453729253327711
0 0.48753924228054485
0 0.39001132961795404
0 0.4914214365138105
0 0.4494556095474858
0 0.504886481463021
0 0.3884807526254734
0 0.4875936066525085
0 0.5266906899275641
0 0.42449417811802476
0 0.50855090005097
0 0.5032118664018347
0 0.38318568149375437
0 0.4610035517563898
0 0.46002791644216295
0 0.41094756074438554
0 0.4036225530350065
0 0.48648822948429543
0 0.4614043979560652
0 0.4083107271190659
0 0.43095538999226757
0 0.3725852481813955
0 0.36131444896270676
0 0.4396880175102675
0 0.3522143194920923
0 0.4559509666868753
0 0.5131542725980578
0 0.4238751055941314
0 0.4633743769526028
0 0.3760101333853554
0 0.43399592107445134
0 0.4068069206306989
0 0.4940934652181628
0 0.4129508037654039
0 0.40019087149795596
0 0.44554957762258957
0 0.3393878591288237
0 0.4088180426922487
0 0.4578042808800178
0 0.40384981499835615
0 0.5177490630595191
0 0.4522628031975599
0 0.33360349104474674
0 0.43407505454698647
0 0.39599399513343614
0 0.4186852787044924
0 0.35389596955414865
0 0.44241287201937873
0 0.5307201785160024
0 0.39649461805181224
0 0.4976048068579916
0 0.3419458874913606
0 0.47458391286868357
0 0.4428265124171805
0 0.5419504410551622
0 0.4116346717421854
0 0.449684332290234
0 0.39801554188001126
0 0.4166905062023001
0 0.410701277331767
0 0.4838762211803286
0 0.4103899546152671
0 0.43041660163207723
0 0.3990278549503663
0 0.43893770907886437
0 0.4611069277581532
0 0.45810973831995927
1 0.4420559868858032
0 0.44759411054253084
0 0.5250125948475581
0 0.4190043541100551
0 0.5042531469402769
0 0.4962253034452453
0 0.4914237863970053
1 0.44627034715025055
