0 0.4827245372795171
0 0.5151814214712457
0 0.5365619045492626
0 0.47930422192692557
0 0.46755474596194074
1 0.4822994156412434
1 0.48015463119356655
0 0.5025640159961625
0 0.4902267802577404
0 0.5220816193180553
0 0.5243352729237358
0 0.5035807608237027
0 0.4640244791033553
0 0.5217022544946204
1 0.49288608488348545
0 0.5304117237213012
0 0.5089884094532183
1 0.5160727712197121
0 0.5087409335938787
0 0.49979580177300603
0 0.49019854733533785
0 0.4684874288599375
0 0.47781744674714194
0 0.5120445862104869
0 0.497156933304113
1 0.4989273759211329
1 0.5124255718305977
0 0.4749702383098729
0 0.5017030941189844
1 0.48705627729477247
0 0.46371042041267657
0 0.5129679620352934
0 0.4764259458189475
0 0.46951733300320747
0 0.4910444987800848
0 0.4992704020038625
0 0.5156723369707714
1 0.46903608938941405
0 0.5027564721543181
0 0.48609401705256544
0 0.5157651852442524
0 0.48908375093123413
0 0.49068255906819774
0 0.5011468098259401
0 0.4832119589665754
0 0.5192997301232769
0 0.5115783288686941
0 0.48818561026147106
0 0.49074441223547327
0 0.5035674119196453
0 0.5102965942205099
0 0.5017480945945942
0 0.50492610624819
0 0.48519989443440037
0 0.4993411249184751
0 0.45450495946989233
0 0.4605506720369121
0 0.46882372992768523
1 0.47549998037186325
0 0.470949473628917
0 0.47849236526806216
0 0.4763111610249498
0 0.504167503033377
0 0.48468566200565977
1 0.48994555318673155
0 0.5139901016555384
0 0.5099029367616549
0 0.4964001731032802
0 0.47979045743834586
1 0.5100494919020306
0 0.4806434362585718
1 0.49505087583186114
0 0.47056812970304734
0 0.5336813742029028
1 0.4940520921909343
0 0.5085205620629298
0 0.4772337064466904
0 0.4694512193532394
0 0.49990049703880085
1 0.5023895306567155
0 0.4993757244667589
0 0.4946197758293451
0 0.5175003472280034
0 0.47762380700072665
0 0.48668372363000406
0 0.4851693934922201
0 0.4751270827347297
0 0.48688531838407173
0 0.46290502919163984
1 0.48363650863478586
0 0.47359258749538974
0 0.4896018235430651
1 0.4764917364120009
0 0.46357864518708863
0 0.4775158193442995
0 0.489244312491974
0 0.4785712175691534
0 0.48714496573208654
0 0.4733020535454174
0 0.4707682727890445
0 0.45849490881433214
0 0.4620269933400388
1 0.4809602109809116
0 0.4761273283865083
1 0.48632932488977865
0 0.46553365634194577
0 0.4653292928173636
0 0.46258675876801
0 0.4785173823625534
0 0.49940704490272164
0 0.4865449143613179
1 0.46176898444475617
0 0.4660169219942739
0 0.4614271894125344
0 0.4756782551058338
0 0.4659277018271854
1 0.4775614584369916
0 0.46958487358842993
0 0.4899500695024968
0 0.49175528514416994
0 0.4975804057589561
0 0.5089615127146145
0 0.4973230609361649
0 0.5146399735911519
0 0.48612860058805857
0 0.5078157962388136
1 0.46347855723902703
0 0.4914300265910937
0 0.49178662202845363
0 0.5067567306592464
0 0.49469390955697684
0 0.50981963374026
0 0.5157116435275925
0 0.49091927839574845
0 0.508720716490278
0 0.5032471827653717
1 0.4906253534531389
0 0.49934645836570307
0 0.48956227072042585
0 0.4935642828829076
0 0.48211629852058185
0 0.5001385226950275
0 0.5060129532727031
0 0.476767494274172
1 0.4946160824238659
1 0.4646126707634462
1 0.48687495580969364
0 0.48427282122618337
0 0.48675353349720024
0 0.5026668962101377
0 0.5303614180288603
0 0.5217702196389173
0 0.5080014886680486
0 0.4848474374151105
1 0.5051803124325976
1 0.5000961840690077
0 0.4861026593033291
0 0.5099342372951974
0 0.48146632933952843
0 0.4716443682755076
0 0.4987711841780542
1 0.46327122633126017
1 0.4860870184184164
1 0.4856495413895485
0 0.508568036379593
0 0.48303834852546834
0 0.47789388840465663
0 0.4708731192093246
0 0.481571476493977
0 0.46989618078544343
0 0.4695296913063052
1 0.4647624927464694
0 0.46155268693320584
0 0.4506166835365394
0 0.4576764752355057
1 0.4632108290419346
1 0.45563830516426185
1 0.4574758429905157
0 0.4718674123261409
0 0.469445129433629
0 0.4646217721977584
0 0.46572169458825663
1 0.45224680048219307
0 0.47311768451457564
0 0.4805172866696766
1 0.44366735235356125
0 0.4855635090456443
0 0.4511916026975224
0 0.5054955011888417
0 0.4505882387122753
1 0.47269095137257755
0 0.448251130756897
0 0.4402663592099081
1 0.46550939764544474
0 0.4711998004487881
0 0.4294931074366472
1 0.4419955972176188
0 0.44959968862891075
0 0.4762258454552968
0 0.4518955232479144
0 0.47750131299563225
0 0.4597623874814855
0 0.4707432579724669
0 0.4519025334966568
0 0.4659711151535235
0 0.4783951239410287
1 0.4497684579989853
0 0.4366298154930948
1 0.42538305574885754
1 0.44511375972424183
0 0.4594026629963211
0 0.4759580614917269
0 0.45101730229061876
1 0.44528899958546125
0 0.4755376870004504
0 0.47329968828776836
0 0.462121139162428
0 0.47136833868403044
1 0.4494813449410447
0 0.4717126993828565
0 0.46773352479460445
0 0.4817212322545597
0 0.44878797463178016
1 0.4537427105539773
0 0.4542189365750617
1 0.48789468854942863
0 0.4886860435786305
0 0.44634897500135046
0 0.46308971087591033
1 0.45074464396011815
0 0.4572632480162153
0 0.47373396469441403
1 0.4690065289841251
0 0.46408895587945054
1 0.49441673572301414
0 0.5021197486313994
0 0.48045969153826673
1 0.46565209767977783
0 0.48872410559913976
0 0.5096325353111549
1 0.4806729213356269
0 0.4806477914653683
0 0.4637624265966302
0 0.46429393664881946
0 0.4937801341924904
0 0.47812230829171704
0 0.47756954602110235
1 0.4729313919262787
0 0.4383653696933099
0 0.45738548210275587
0 0.4308334798732015
0 0.45735712279713836
1 0.4730330950227718
0 0.4759890493018963
0 0.45436778698536145
0 0.4963223393549531
0 0.4649519922367781
0 0.515859164286908
1 0.4762077585900259
1 0.47405730218003284
0 0.4773976922290886
0 0.4679948135417788
0 0.5032472519640759
0 0.49253927536355596
0 0.47920924672551707
0 0.500122315452047
0 0.4770151036917765
0 0.4711584783534945
0 0.47495535046817033
0 0.49170655906362515
0 0.4739246102178786
0 0.4735062998807395
0 0.47667227671541523
0 0.48485354484030496
1 0.47980838563851813
0 0.4798606540938736
0 0.4840425442038257
0 0.511394574033127
1 0.4608264289542787
1 0.4717525353089872
0 0.47455208489129025
0 0.4876894694205045
0 0.4442771115495893
0 0.46572816218132596
0 0.46420745716664635
0 0.48933845861681874
1 0.4636112314936844
0 0.4980879269524254
0 0.47838874679713334
1 0.5252601259831726
1 0.45950980144110537
0 0.47091339985523617
0 0.4543097115945161
0 0.4546795805562725
1 0.46727984211748447
0 0.45109070108856647
0 0.4947447519800945
0 0.4922139923866222
1 0.4809458966301037
0 0.4724804894151682
0 0.46494234894863984
1 0.4524184648178739
0 0.4488386874048677
1 0.44755376767325394
0 0.447950989001718
0 0.4664876813487761
1 0.4689259329911276
0 0.464080372768564
0 0.46714772936758264
0 0.4857308180574386
0 0.48955637902077487
0 0.4526910342390839
0 0.4591139575363093
0 0.4759950266112466
0 0.449820316143282
0 0.45319324297934
0 0.4585723226795031
0 0.44510192859172937
0 0.46939946636011454
0 0.4811684904224824
0 0.45964130234219663
0 0.4469740033080666
0 0.5330236307775652
0 0.5165921292024227
0 0.5317092228673806
0 0.5011542371857367
1 0.5142469391240936
0 0.4607461794456469
0 0.4817142986088865
0 0.4581619338103754
0 0.46308114371898074
0 0.45071336702887693
0 0.43724602789439543
1 0.4750596138963576
0 0.47468777994040473
1 0.4900334902684251
1 0.466376899397088
1 0.4947238094993375
0 0.45944389562624655
0 0.46177506029558124
0 0.4935560958916905
0 0.4871447680392319
1 0.4641234422324235
0 0.5387784022261506
0 0.4735289871266233
1 0.48252621059157574
1 0.4837904077880776
0 0.4904583148638502
0 0.4413885157337966
0 0.4493376883749628
0 0.45074034050169176
0 0.48757130424394607
1 0.48694793466707986
0 0.4786318038226452
0 0.4559606731184131
0 0.45985855098082157
0 0.4553258741399196
1 0.4888629049240935
0 0.4786005460297371
1 0.4667999742181921
0 0.4767826049253107
0 0.46990540568672523
0 0.48605719906017564
0 0.46085050382528125
1 0.47088385251445625
