0 0.46091146155534096
0 0.472848518808164
0 0.4268541053331332
0 0.4301301075092083
0 0.4653300068299223
0 0.47170913820493576
0 0.4471388488672892
0 0.4226227127471993
0 0.47042389962510167
0 0.41165391394687767
0 0.42953928185929324
0 0.4071734422758842
0 0.47629107738861365
0 0.4590447840449031
0 0.4557533395538081
0 0.4364448516087228
0 0.43250884090742964
0 0.4070124161034315
1 0.4166587821429219
0 0.43973367753576575
0 0.47389099465407825
0 0.42867980942484174
0 0.39894424514886045
0 0.4146421773759011
0 0.42209976899876883
0 0.42422899074264725
0 0.5465907670203457
0 0.37246914407090814
0 0.40930728813714806
0 0.4514474034870128
0 0.45364650265263773
0 0.45164619290273206
0 0.391511324939473
0 0.41986419188748986
0 0.3772378557179729
0 0.49798210231248596
0 0.4356398287286307
0 0.4359426949868012
0 0.4191224875312727
0 0.40635105281025613
0 0.4337870101981635
0 0.3973064162390444
1 0.40067787456396403
0 0.40651666448160184
1 0.4159478680240264
0 0.36425802973330135
0 0.4502663368689494
0 0.40053014743698734
0 0.4337719379212939
0 0.41062288048152906
0 0.433630177479339
0 0.386516493148595
0 0.42505757032228403
0 0.43494143249713507
0 0.4296158756094147
0 0.42846904236294897
0 0.41836310763258416
0 0.40292658324139363
0 0.44610893103615407
0 0.43164300382603726
1 0.44034451985992107
0 0.41133367439926716
0 0.4363271884799319
0 0.3910212417740681
0 0.42940021278453633
0 0.494372491346048
0 0.4033091705156418
0 0.4222419863376004
0 0.44785342856770155
0 0.5041407794168342
0 0.38961643553397324
0 0.4438052751760914
0 0.4813001968683054
0 0.44009900865364426
0 0.38163836356656117
0 0.4258826119704887
0 0.4591544471813823
0 0.40665478884907286
0 0.4360673097030619
0 0.49228255729120846
0 0.48146432252054444
0 0.36026111765210467
0 0.4776341560291593
0 0.4178045471692444
0 0.4258684016994304
0 0.39638098439586633
0 0.3976453041931284
0 0.4448150427932885
0 0.4106158744824653
0 0.453764751372662
0 0.4180866754693979
0 0.39686296064483134
0 0.42088720668349033
0 0.4246375376227782
0 0.47640921480823134
0 0.3955165684663977
0 0.45102558314571134
0 0.37697401621350357
0 0.46682937870800345
0 0.3983448658033564
0 0.43630540009631186
0 0.4222962777569429
1 0.38974747007300614
0 0.39629902648256826
0 0.4153099720165566
0 0.3568832215383668
0 0.42527220280124367
0 0.42452557709697447
0 0.42551053102734465
0 0.42521876788831076
0 0.4457447616701381
0 0.4118265055279344
0 0.4699919945904123
0 0.4360212132954296
0 0.4300186939150174
0 0.428442561023841
0 0.4253773009069956
0 0.4180308413076462
0 0.37663301020834483
0 0.44507834331371504
0 0.4088366220127494
0 0.41055657055054035
0 0.40013733486018005
0 0.42120667296281056
0 0.5006348732048317
0 0.40822796177362436
0 0.4468228889382236
0 0.38983557655867696
0 0.4376067558153732
0 0.3914314467326312
0 0.4109826236503316
0 0.4570443274533368
0 0.37998774643818617
0 0.44255937050694827
0 0.3785922438043592
0 0.44804666710427565
0 0.4742093270992509
0 0.368982393959409
1 0.46330767833499586
0 0.4465147038924558
0 0.4346534961914198
0 0.43704529280394755
0 0.4059948582607509
0 0.4859549404911242
0 0.49039317364086665
0 0.3996944098561599
0 0.440844258352703
0 0.42066696617765703
0 0.4021581546081474
0 0.45082115821779145
0 0.4289446739332884
0 0.46484192810065195
0 0.3980525687293745
0 0.39275881971224597
0 0.4113155300464485
0 0.43583159887480877
0 0.4383199551714925
0 0.33555852483047977
0 0.5250279219179611
0 0.39516916646477246
0 0.434273062948563
0 0.43113214382235965
0 0.38973585771015223
0 0.39740221602221565
0 0.3949892963051379
0 0.4252135947069045
0 0.40974667298672773
0 0.45586487850941093
0 0.3725919684496333
0 0.4003625476681426
0 0.3742908671940599
0 0.3771910488272619
0 0.38558053356640265
0 0.3918505513100358
0 0.418110841268288
0 0.3889238904994142
0 0.36426352671951356
0 0.36981765961060714
0 0.4233120967763224
0 0.38676025455543467
0 0.3825195864854422
0 0.38412674436905486
0 0.3650638272799056
0 0.3892844572057932
0 0.42246791903570036
0 0.43475257905384035
0 0.40449610885121934
0 0.34982801850927825
0 0.3847837494690941
0 0.38882488233528195
0 0.3785309745563848
0 0.37980200153018606
0 0.4108046466548516
0 0.3859056812039831
0 0.3838268407939004
0 0.36168658751396127
0 0.3915525771704664
0 0.38602497620834275
0 0.3997221485772791
0 0.33266774330829463
0 0.36472467870992403
0 0.4023180074276667
0 0.39083623807454826
0 0.3973719168153914
0 0.3706317847497596
0 0.3795918192579423
0 0.39123896119689594
0 0.3801416502473109
0 0.37540999612349457
0 0.38843251798919504
0 0.41253349486936497
0 0.38832248907963113
0 0.3804000763887706
0 0.3687589506881297
0 0.39855939479025704
0 0.4039219400184194
0 0.41764257863229287
1 0.38720175769271276
0 0.3549627963446423
1 0.4059263941876861
0 0.42807847969561025
0 0.4091264162537802
0 0.3627547697778802
0 0.3869567468161672
0 0.4122605726983632
0 0.4077355344022705
0 0.4148905882505127
0 0.3886649652972562
0 0.3918836816850543
0 0.38130982887325293
0 0.41338670043478926
0 0.474230674778285
0 0.407555084893523
0 0.46833532082219065
0 0.39584286509090477
0 0.38178919969489167
0 0.38898696597515614
0 0.36661076406494747
0 0.43062287438797164
0 0.37964187696623974
0 0.4333007404889626
0 0.4622920181823577
0 0.3681655997717009
0 0.41578818699578923
0 0.39046955457643506
0 0.3878966313929488
0 0.41695035651846857
0 0.40736159179274206
0 0.43795737325662615
0 0.41246838449717804
0 0.4283736568386719
0 0.3719476807236628
0 0.40827531777482706
0 0.4550161492914482
0 0.38916218271918485
0 0.36281799825854544
0 0.4207710336230951
0 0.43052649997713205
0 0.45219385574980936
0 0.4233955799784914
0 0.3715740257897604
0 0.4247591427808391
0 0.3845633926730999
0 0.41707971295887963
0 0.4186692862974762
0 0.44262761450171745
0 0.4208087152976774
0 0.4004616278890877
0 0.4098399139948753
0 0.359081924044601
0 0.40887613544894097
0 0.3794493750066032
0 0.40629704528631366
0 0.41569223683400086
0 0.39481228134948926
0 0.3873020598780076
1 0.41125993312574527
0 0.3988863148434376
0 0.3306246588878734
0 0.4301239703632818
0 0.3394187504320358
0 0.4231825720735462
1 0.39457806313493043
0 0.44549783018770456
0 0.4095460471366576
0 0.4461490155331965
0 0.37096384221813766
0 0.3546060320138107
0 0.41852699817575584
0 0.40176226663957565
0 0.38288341638878387
0 0.4460852800827435
0 0.4030324272909249
0 0.408431367190771
0 0.4121273074842026
0 0.4307023960540502
0 0.38702294581912117
0 0.42330196557727984
0 0.3427486642149343
0 0.3586181560205203
0 0.37883048641595907
0 0.3686608030935856
0 0.4030875182282822
0 0.40657303017726265
0 0.3800546827058918
0 0.3430004328258548
0 0.43025119313467347
0 0.3874623732220054
1 0.37293678827190446
0 0.3812763552673067
0 0.4114136233253092
0 0.36292677943384066
0 0.41039629489777935
0 0.4104210033836046
0 0.401750478287569
0 0.4108979225570798
0 0.403244436405028
0 0.3929110411112662
0 0.391879862847953
0 0.38594759294367637
0 0.4448238246420072
0 0.3936923462563334
0 0.3946801079955048
0 0.38603693568859504
0 0.39901850846753967
0 0.410780563543519
0 0.36308116657325407
0 0.40426402505554904
0 0.41640978450409855
0 0.38801914992830955
0 0.4060669940952887
0 0.44816415195256143
0 0.3685668375231145
0 0.41897213061718275
1 0.38738053604555756
0 0.39459448739346603
0 0.39712115073376475
0 0.4053517501128967
0 0.42620412796050744
0 0.41779268626469
0 0.3848697892961093
0 0.4128974755329308
0 0.41878169008820926
0 0.41594826969334553
0 0.38513745287107976
0 0.38438796639382566
0 0.38263993341962554
0 0.40146694744131567
0 0.4335576300699345
0 0.39184341741956125
0 0.4013641616419926
0 0.3695638251223492
0 0.41202741649614943
0 0.36664965397246524
0 0.47604839335738813
0 0.41810252874617565
0 0.3853547610643781
0 0.3627857559315763
0 0.3953033487821456
0 0.378470328084692
0 0.3863688170261796
0 0.44970615784343354
0 0.41579495812155176
0 0.42923912238780276
0 0.3915176451618979
