0 0.47174332944453456
1 0.4583576442630915
1 0.4466806049816973
1 0.4854639517502388
1 0.492647852620629
0 0.49097629739044557
1 0.4969913087693882
1 0.5014178180080189
0 0.5024413221145604
0 0.4558234674948648
0 0.4668058091947222
0 0.4728330371514341
1 0.46343000656886213
0 0.4928706650476647
0 0.4664955705012575
0 0.49335071825756194
1 0.5085706308090696
1 0.4924252969573692
0 0.4935805672497321
0 0.51553086646021
0 0.49540549831076286
0 0.5040090031449921
1 0.5205646528928722
1 0.49464157877110876
0 0.5073496934666593
1 0.4717728854958433
1 0.4805898758211493
0 0.5309326640577499
0 0.43486438215053885
0 0.5090524806830599
0 0.512600284671865
1 0.5160235901030512
1 0.4659010933370835
1 0.48286973736632
0 0.49743111537241
0 0.49524483293583255
0 0.5060538113887696
0 0.45270289361079424
0 0.4874164921248722
0 0.5253827134618518
0 0.4884612699192736
1 0.4839134700208906
1 0.4712673304943859
1 0.4977335255301263
0 0.4725240488259199
0 0.46927661256166187
0 0.4841083837639602
1 0.48651196391303075
0 0.4754695208647644
0 0.45515509647197505
1 0.5018690766765557
0 0.4951178626853758
0 0.5067182442919296
1 0.4960822191052823
0 0.4892783435009204
0 0.49634914259378127
1 0.4809583345366293
0 0.49599941231586864
0 0.4373094398955128
0 0.5387484086914924
0 0.4961039107924545
0 0.48214497333138623
0 0.49977397249580524
0 0.48950705556656793
0 0.49002487408109235
1 0.496545537683724
0 0.48303830804116615
0 0.4752225114736011
0 0.5249335320526776
0 0.5240480780737256
1 0.5019796799321099
0 0.48764345141108323
0 0.48497836176024395
0 0.49449153558734926
0 0.5372990099177537
0 0.48406229638130827
1 0.4982376650571165
1 0.4621385737562216
1 0.5246704559176398
0 0.49224507498495923
0 0.434202727437273
1 0.4644377361586409
0 0.5358978912366817
0 0.49193028903033853
0 0.4841345448322411
1 0.44687621693342716
0 0.49953640206859357
0 0.5097714812542165
1 0.5030076698161952
1 0.44838802413973133
0 0.49907918553779684
0 0.46866046557133634
1 0.4707799497549741
1 0.48122284957977374
1 0.48928967705729554
0 0.44472523143175197
1 0.5066008497822734
0 0.4788424434566396
0 0.47548790185403367
0 0.45853746110560667
0 0.4740449587719122
1 0.45529797566224167
0 0.4808736883459096
0 0.49415022738670233
1 0.5072080402623531
1 0.5038684286225205
0 0.46898798435923217
0 0.4836305413662607
1 0.49021977448675325
0 0.47098609029032806
0 0.4996155660026805
1 0.4675680461235078
0 0.5041494140050483
0 0.5004990403757621
1 0.5129948509333819
0 0.450404287178027
1 0.4646365775052976
0 0.47097195479537896
1 0.5179161958342443
0 0.48940278909789603
0 0.4258119381124807
0 0.5083428171795641
0 0.4689606665048399
0 0.4659942652301247
1 0.4919084148544528
0 0.4632489064950363
0 0.4915957266321324
0 0.4734377245982395
0 0.46871723065819004
1 0.46254957671229585
0 0.48431197245980095
0 0.49151212286870166
0 0.46391395970555677
0 0.48809232744439013
0 0.48468694487434816
0 0.4934060989520055
1 0.48696618619000837
0 0.42591768553278025
1 0.4572495372860869
0 0.4793994648059149
1 0.4819681193216252
0 0.47512603116458174
0 0.4783137126674136
0 0.4879859209679459
0 0.5098020724471131
0 0.4752053272850509
1 0.5188356993512813
0 0.48519987894361954
1 0.4854771690392066
0 0.5404048940146549
0 0.5099222837848958
1 0.49004495647987306
1 0.5030435233108139
0 0.49005769246237296
0 0.47383836814151703
0 0.48375023964832553
1 0.5088797063618622
0 0.487413368868113
1 0.4327951703641316
1 0.4671023159517291
0 0.46711918660103086
0 0.4763611763773073
1 0.5198909024648868
0 0.47949453551226023
0 0.47916509511972427
1 0.4722370141661961
1 0.4684774036866015
1 0.499701213989957
0 0.5023378086086294
0 0.46212773938170565
0 0.4817630866523831
0 0.5276010977114781
1 0.46150423026937754
1 0.5041242648738429
0 0.4580809423050797
0 0.4846325707056537
0 0.5103046465795137
1 0.4936070925499861
0 0.5044977211088062
1 0.5087818327123368
0 0.49143822998276465
0 0.4637291631570806
0 0.46215332004220744
0 0.5079706315967374
0 0.476813286874437
0 0.4754470257875486
0 0.4673738444227818
0 0.4505100804821982
0 0.46616060768340295
0 0.4817811255994411
0 0.4465374090184817
0 0.4729245801764784
0 0.44980249791723537
0 0.5137038288046955
0 0.45301673615496
0 0.4718076193696685
0 0.48497754687779543
0 0.47424234835946444
0 0.473775172708126
0 0.4950871140123897
0 0.4798034199160028
0 0.4701793496839767
0 0.49627052994296256
1 0.4998102829921809
0 0.5174960491347521
1 0.4287739448995803
0 0.5024502927676675
0 0.5150274492957022
1 0.5043180997934742
0 0.499699615013374
1 0.4799530770433279
0 0.4910481501038252
0 0.5043425977927163
0 0.5104100131203672
0 0.44416289994978214
0 0.4566888142768861
1 0.4556109722560032
0 0.4852930546469191
0 0.4939123461742372
0 0.481094842731886
0 0.5169520140340312
0 0.4671458224154303
0 0.45377260795260466
0 0.42064685128417634
1 0.48934796175862666
0 0.4979444788954955
0 0.47035005436392174
1 0.5185867590880646
0 0.4530873643285374
0 0.45669836293279675
1 0.4706402102211744
1 0.4470091327391715
1 0.4702265139583214
1 0.48814091624084477
0 0.5120259300658422
0 0.5090455243048239
0 0.4650928269302754
0 0.48188285505440165
1 0.5016439677383796
0 0.5208439172450666
0 0.48952926774746913
0 0.4979837928689761
0 0.470343243229875
1 0.5134452706651514
0 0.4765016068777415
0 0.4984156942724436
0 0.46981913054057034
0 0.48366386496912517
0 0.4863666259968218
0 0.49016075823247457
0 0.46499693870567926
0 0.514838321954608
1 0.47854014712437376
0 0.4897755108987714
0 0.4599039218955934
0 0.520311315453888
0 0.45617217411389904
0 0.4452968150886154
1 0.5033963285264222
0 0.48465467856006716
0 0.48904065902503924
0 0.46696349467695863
0 0.4971332065364751
0 0.5160920872779814
0 0.47997113517596707
1 0.4869443753925483
0 0.4738131521412148
0 0.4985605395362441
0 0.4785205382324386
0 0.49063409987726825
0 0.4760862230312945
1 0.49216669706287364
0 0.48584499720563945
1 0.43340776883531473
0 0.5119832933573855
0 0.5174749969002783
0 0.4289628774649131
0 0.4277934321923429
0 0.44057650187215347
1 0.4543187836978702
0 0.49849187313570303
0 0.4708001708287129
0 0.5031524819727237
0 0.47344298148195174
0 0.44894675611083074
0 0.46858638063486885
0 0.4856408974012832
0 0.47419037228145533
0 0.4735321620088498
0 0.47502499369566165
0 0.44422310194330267
0 0.49344193023304617
0 0.4867182805015236
1 0.4558217019836117
1 0.4511133502359149
1 0.47466136100667483
0 0.43800970370663334
0 0.4713873326445386
0 0.4511819708576235
0 0.4673067565003338
0 0.46093349235473796
1 0.45242001151352734
0 0.45884545476716787
0 0.4828808490145856
0 0.47541622272488765
0 0.4689224721640979
0 0.48102711454587943
1 0.514672301950739
1 0.44608455333640024
0 0.5015429468936389
1 0.4713616233798919
0 0.4791050740000796
0 0.4352204680186564
0 0.5139945498059965
1 0.462456421657896
0 0.4931244312094531
0 0.49007142765281103
0 0.4707275463277484
0 0.47671465737274554
0 0.45220169411003636
0 0.4378473694710537
0 0.4439007697701383
1 0.5094452527511785
0 0.4988216616651488
0 0.4989383008439359
1 0.4560368843451247
1 0.466484549593334
0 0.49859301124143457
0 0.4910204005277965
1 0.4524101193948147
1 0.4768383810674484
0 0.509977588529378
0 0.529205706488206
0 0.47630963509589963
1 0.47909942942487904
1 0.4956969347800741
0 0.43786205366242886
1 0.4511693422390501
1 0.47494326542155296
0 0.46434455105253064
1 0.48119798854371965
1 0.5057983123661807
0 0.4664843325019767
1 0.5206798370627003
0 0.5335993425623893
0 0.4903540000581051
0 0.48260518440012545
0 0.4999146705958663
0 0.4751609481424562
0 0.47541706459068866
0 0.4997436919982553
1 0.5252407750474984
0 0.48443302789607035
0 0.4960361206933101
0 0.47203060934236957
0 0.489000349418264
0 0.43584423452883686
0 0.44893671464467944
1 0.47376257219651924
0 0.5127488100579836
0 0.47306116548179544
1 0.4980664744332992
1 0.4783219785083059
0 0.4653198186458334
0 0.5102875069371723
