0 0.39360749153933766
0 0.4819365495336794
0 0.47519122040769773
0 0.487471231637449
1 0.48277472541075694
0 0.5064961193243018
0 0.5049464709488122
0 0.4615314201360711
0 0.4917491704207765
1 0.4110019733746379
0 0.43432510224554205
0 0.47615404350649615
0 0.544485341162632
0 0.462308644286484
0 0.5091201195983809
0 0.47446189863768484
0 0.42248003311544463
0 0.5158675177360164
0 0.48243102868362986
0 0.5003771095859102
0 0.41113837158949784
0 0.4654392495764371
0 0.4701392167235751
0 0.5189606930738663
0 0.40783494428516304
0 0.43869529936746937
0 0.4488673039874166
0 0.4267006310433656
0 0.4837480748073648
0 0.522714087924872
0 0.5025448040545971
0 0.494615984773109
0 0.3430198830760661
0 0.40267204857111394
0 0.4952296015486997
0 0.5067547743539198
0 0.4841758451376333
0 0.4500913418552895
1 0.4672180260344735
0 0.5169222737578214
0 0.47318894245232207
0 0.4710799655789734
0 0.4968653733480559
0 0.40294109739304523
0 0.42863576592467545
0 0.462614149381901
0 0.509811018735615
0 0.4268919248208317
0 0.5158524272956133
0 0.4946412104998787
0 0.4862373982994261
0 0.4482462208797947
0 0.44969934583517834
0 0.4926474370877405
0 0.33371050883579617
0 0.40019949817359135
0 0.40582991530823975
0 0.4277696801224766
0 0.4401495235879919
0 0.29480694062002455
0 0.3914345566733248
0 0.4218682560842126
0 0.4615335941302548
0 0.5110894739981878
0 0.45443799398519996
0 0.4932011870105352
0 0.41598675835840365
0 0.5359655955828028
0 0.4517202925333569
0 0.5165824872393876
0 0.4974803679162956
0 0.5104733431599395
0 0.5350278134689923
0 0.5232030564352542
0 0.5039823543632196
0 0.4405137886127111
0 0.41312230366358027
0 0.40348862239250277
0 0.4590232490537796
0 0.4953124149241811
0 0.4428323198176874
0 0.48785127262800615
0 0.488241146376139
0 0.45918224927039136
0 0.46926692573264217
0 0.5027146880664815
0 0.4595184748859183
0 0.5062517294130172
0 0.5180364870402003
0 0.4852930262328493
0 0.5025956284172018
0 0.5162599913912541
1 0.4795357076950908
0 0.4856294606849659
0 0.5368522118387415
0 0.5092101538352032
0 0.4977909794204065
0 0.44653215295726734
0 0.42086582005745093
0 0.48652118896581376
0 0.493782997159238
0 0.4698965339849061
0 0.4355450259831213
0 0.32196126136492836
0 0.4496233776878994
0 0.4893706937437584
0 0.47207154853808914
0 0.40673746063330696
0 0.45880854548185046
0 0.457656539183339
0 0.47113762736221554
0 0.4750058624430946
0 0.41369753486534283
0 0.4426660014527514
0 0.43429716796838336
0 0.42737195951647644
0 0.4910571548797984
0 0.46773779756618533
1 0.44694674969238224
0 0.4811810426956583
0 0.4753282153416522
0 0.45473871980094843
0 0.3987174537566387
0 0.46242434444105895
0 0.4733169991944952
0 0.48726212824659215
0 0.4483156532397116
0 0.45982186374833756
0 0.4823206712068735
0 0.47541667852628644
0 0.49073361779389507
0 0.38397291365983205
0 0.44690885562656024
0 0.4467121455076859
0 0.45364742002254044
0 0.5054284872248258
0 0.4780921311108331
0 0.4895490686643428
0 0.5307430507450147
0 0.5163104147489136
0 0.483163484488406
0 0.4753980538637601
0 0.4731106936336509
0 0.47538428764367746
0 0.4895931331862206
0 0.502145872167206
0 0.5093973071053217
0 0.5305836489472538
0 0.4929765313494453
0 0.5162694513184403
0 0.5221280957112235
0 0.4971372326645402
0 0.5079549668377473
0 0.502258499615352
0 0.464373127377223
0 0.44850574876731114
0 0.4984308778334877
0 0.4910604641860585
0 0.42816259012304897
0 0.4816454565290285
0 0.4155733991972911
0 0.5025914318743702
0 0.49511091384285855
0 0.45763127576597273
0 0.49181303967759515
0 0.4933225099061182
0 0.47549127287615495
0 0.5326775782678079
0 0.43892036794743156
0 0.45764694218352814
0 0.5529852065677056
0 0.5161201310320128
0 0.4881629269190333
0 0.4993359372411416
0 0.45884045565960396
0 0.4992706423761929
0 0.5065730205075631
0 0.48613265387904914
0 0.4506628968362923
0 0.46046423231077915
0 0.5401570815589772
0 0.4692991299642147
0 0.4512084529417527
0 0.5361057242523577
0 0.488531161074584
1 0.5303313748324427
0 0.4587146678623336
0 0.4563437991663738
0 0.4517293411932794
0 0.4580082004481934
0 0.49007511795833214
0 0.37599849835882576
0 0.4207373961717979
0 0.4787016386013309
0 0.5186330898689293
0 0.4844672925025532
0 0.40932101317815495
0 0.45968238317222676
0 0.5131806447080167
0 0.48783529294830014
0 0.4794426525907209
0 0.5082025735122842
0 0.5042820891876792
0 0.4852989283931195
0 0.47706790434958785
0 0.4702129752698835
0 0.43043062534565035
0 0.49672517175630876
0 0.45331735259145545
0 0.43318500796314574
0 0.48030536794543877
0 0.37107554338965837
0 0.4764517653853429
0 0.4730944123289889
0 0.4525630871136057
0 0.431259732383324
0 0.537279265357769
1 0.39986728888580503
0 0.47859178606366615
0 0.5103972453172397
0 0.48531780338486885
0 0.5145414364737818
0 0.5298838710329932
0 0.4355173548297815
0 0.47643752850259136
0 0.4698662526250744
0 0.48233773616519904
0 0.4772609146101205
0 0.5001322374283644
0 0.4000931806595102
0 0.5127762556577805
0 0.5024324061865784
0 0.49019235385564464
0 0.5045295823125242
0 0.4952811994902104
1 0.4903526879583217
0 0.4414840147581129
0 0.5158955104801685
0 0.49823498977367797
0 0.4156953585494728
0 0.516007177462237
0 0.4874292113340775
0 0.5189010113295379
0 0.5285436300754519
0 0.4744696265447167
0 0.4322461429857419
0 0.5369243976641159
0 0.499746114094109
0 0.46339142634888386
0 0.5231556112917803
0 0.45459184016180926
0 0.5136888755304332
0 0.523013155478267
0 0.4671732920358471
0 0.47372209588533243
0 0.5340740761118168
0 0.4786302661880875
0 0.5278862639997953
0 0.5516463054013673
0 0.47721660159784124
0 0.49607748025464626
0 0.4698524186447057
0 0.487009249155563
0 0.46746691239499877
0 0.49913216633643914
0 0.500701797836874
0 0.49714596671231037
0 0.4665033168734332
0 0.47101174587290917
0 0.4664611014349418
0 0.4611508402928239
0 0.4421687957500993
0 0.4471367204736231
0 0.507142341453596
0 0.4870173762047788
0 0.4996535077247643
0 0.45348331413439147
0 0.4945555492673241
0 0.5371961451459071
0 0.494723694429256
0 0.4528738017726839
0 0.45449614702718016
0 0.4766969644636625
0 0.5013956582918632
0 0.5149016853779814
0 0.4871241580313976
0 0.4728825863346496
0 0.5450921999014505
0 0.5191787105836079
0 0.4979671983341353
0 0.5005231179896052
0 0.41867945994622413
0 0.43033166241161236
0 0.5316292204176929
0 0.46407119471968844
0 0.4861296970664444
0 0.5027562101162102
0 0.49987760338325454
0 0.4792846737173532
0 0.5025679516355526
0 0.46059326425173314
0 0.48891404078713446
0 0.5116296263215859
0 0.4812324528927251
0 0.4356551849664644
0 0.46657512494444064
0 0.5110871706453343
0 0.38039276941958095
0 0.4868734310300215
0 0.47144439297221324
0 0.47431030568470167
0 0.43380532393269233
0 0.42510858062836615
0 0.44054401372431357
0 0.48319076222344776
0 0.4870016086650554
0 0.3259810629710036
0 0.36189528638224167
0 0.47980870583078633
0 0.3188094800732852
0 0.44626201743320354
1 0.4656850406812471
0 0.3597158826438078
0 0.376098410658119
0 0.46132145011411074
0 0.3072334762834908
0 0.47278426190137834
0 0.4826002841546146
0 0.4598648895327014
0 0.5057617970241353
0 0.508566873754542
0 0.3717370198944046
0 0.5033840571084989
0 0.5272162494799245
0 0.46024451184974935
0 0.4898429051841475
0 0.5329983942412791
0 0.4570334204865931
0 0.4649876505880884
0 0.5396920244314947
0 0.49300257814030773
0 0.5169778400473277
0 0.5424790493491392
0 0.400653930977204
0 0.5107747668434582
0 0.5145668047429005
0 0.3881805299869907
0 0.5369608033719065
0 0.48240917587405246
0 0.4864731831902599
0 0.5120043130991063
0 0.38209088381974055
0 0.4776966276961092
0 0.49346566278996434
0 0.49518167788602413
0 0.44903844498361284
0 0.447479451269345
0 0.5365389693354438
0 0.4589437786606537
0 0.5027045711911815
0 0.4200852205413557
0 0.49572266422600897
0 0.4198341358452396
0 0.4822856217208714
0 0.472924246423969
