0 0.4899510185040742
0 0.47872725223463786
1 0.4580269729643965
0 0.4780535574004584
0 0.44824405462410466
0 0.45150904233993944
0 0.5046406311935718
1 0.4884871680322227
1 0.47858021876939066
0 0.5005584568283383
0 0.4133708820598302
0 0.44959687285093125
0 0.5039636181829478
1 0.5066040353543075
0 0.5025604258059377
0 0.40606745869155625
0 0.42018417145213477
0 0.46394332509240677
0 0.48912291362757404
0 0.5352914742517917
0 0.4427423882859992
0 0.4050128413585642
0 0.4388593956796574
0 0.42193516640691575
0 0.4384626967306672
0 0.4725959234295827
0 0.4175699156299433
1 0.42878664396579236
0 0.4079204758183199
0 0.509558713387894
1 0.48270524628130124
0 0.40386231691840196
0 0.4107578342228646
0 0.4109289368257429
1 0.4539516264615638
0 0.5281993979147726
0 0.4174441192874463
0 0.4285276621272842
0 0.4223121045277324
0 0.40762519179755063
0 0.4590780173843892
1 0.4783977908967093
0 0.4866213621483856
0 0.409668721263561
0 0.4340647294493622
0 0.42678991952617373
0 0.4437389600876571
0 0.4527725003152901
0 0.4322627853232284
0 0.4487156167224299
1 0.46233311795748533
0 0.5099284816793173
0 0.45018244618417164
0 0.424580044529741
0 0.4493748019300352
0 0.42319768298764204
0 0.4350678405801563
0 0.40392944716258844
0 0.41651710256210445
0 0.47304793786240146
0 0.45561110399395055
0 0.4797412281023436
0 0.44958670919231436
0 0.46041488641689793
0 0.47938576333653043
0 0.45976357458154754
0 0.46642380547151224
0 0.44558198952400246
0 0.4469201485642947
0 0.463796170358325
0 0.4409533902422008
0 0.42398463377695605
0 0.41902363455475117
0 0.43441081306829954
0 0.4402566407228269
0 0.4837560287162929
0 0.5191187164337365
0 0.40772073952717214
0 0.43360996455481493
0 0.4281438511883209
0 0.5263540921438922
0 0.48812614366502766
0 0.4457933604721514
0 0.5178184564727193
0 0.452995429143881
0 0.40972052302610956
0 0.4310598307990578
0 0.4605464212222708
0 0.44601324076555293
0 0.4337075882929157
0 0.4879714133862095
0 0.4696237375425737
0 0.4386953689848523
0 0.45680037461860845
0 0.40788931325980665
0 0.4443500774699125
0 0.45696434937713165
0 0.4221358158772839
0 0.43143547578732616
0 0.41620722667920784
0 0.42864581014188596
0 0.4585360241711861
0 0.44844641817324354
0 0.44226815022971805
0 0.4125311214158207
0 0.4230451983956226
0 0.3871320733349031
0 0.4061067582830165
0 0.3840380339417332
0 0.4052295049824424
0 0.38657864092479316
0 0.4230994321634309
0 0.39456809407583027
0 0.44294278158319467
0 0.4308674742234942
0 0.4588934542607555
0 0.39212416808419837
0 0.4489233821695037
0 0.44942377744137013
0 0.417994341167564
0 0.4753764018149888
0 0.47831124576071754
0 0.38846677955024334
0 0.4048595512271204
1 0.45488061299952903
0 0.46795781479783716
0 0.4119073722730811
1 0.45022221549405095
0 0.3910733036760293
0 0.42769981698752274
0 0.4060264855580951
0 0.45169857127121615
0 0.47013797595181256
0 0.499419124202612
0 0.44224911792712035
0 0.4226640014930886
0 0.4832855337068534
0 0.5005630433851935
0 0.4365904897534048
0 0.4402162983175339
0 0.48094657561150406
0 0.44352396467817934
0 0.494015402913896
0 0.3843557912290201
0 0.41342799596026025
0 0.3975821255505955
0 0.5157784510519203
0 0.4772155429039789
0 0.43702972022430114
0 0.4832253008947051
0 0.4538657029653723
0 0.40746091348081526
0 0.4219077191572468
0 0.4335629227407597
0 0.44894771044133247
0 0.4403446248480914
0 0.4161542411660585
0 0.3885457924108195
0 0.4339312930526286
0 0.4426438441991677
0 0.45814184085047954
0 0.4610626969032914
0 0.4959488990531582
0 0.43084420067729495
0 0.42109549436240484
0 0.45453519679710436
0 0.46118020198549575
0 0.4210477870633215
0 0.45227505253119354
0 0.42804233291105837
0 0.4414422184801586
0 0.4328781363513026
0 0.4323168729330647
0 0.4120380131144213
0 0.40172859795070137
0 0.38868258890503143
0 0.4070218023625183
0 0.3877652493971616
0 0.4021367506852127
0 0.415886857434586
0 0.4301932489361362
0 0.4027327865538337
0 0.42238530612628294
1 0.40530325498663944
0 0.46741245197973086
0 0.4468071635362903
0 0.41525148085110103
0 0.4211901329288692
0 0.4251244767277754
0 0.42422612769326695
0 0.43095933727156555
0 0.43254700347045155
0 0.4175253845328201
0 0.4006457332386143
0 0.39681813270517724
0 0.42410289480064295
0 0.4310763372269974
0 0.41840518809462657
0 0.41581633372049065
0 0.4006419388337957
0 0.38165929566772827
1 0.40358948275405926
0 0.400699600845572
1 0.4315784916869091
1 0.4238847326542639
0 0.4191714317013859
0 0.423209426218314
0 0.38752222763985233
0 0.39323061407322923
0 0.3725262421002406
0 0.39928812874727637
0 0.4359676126856998
0 0.42271421316596763
0 0.41252104831729786
0 0.4182055414015163
0 0.4168807862506516
0 0.4257804675354467
0 0.4224812717010476
0 0.39270552618493826
0 0.41226898484194674
0 0.39427321994179476
0 0.4191880997289955
0 0.3999471145929159
0 0.40199687869889295
0 0.40481461185352163
0 0.43028347507272846
1 0.368521193576949
0 0.401677975275561
0 0.396947978835525
0 0.40228794357191433
0 0.42515956433449326
0 0.4265268188437429
0 0.4187299053447922
0 0.43766645558890904
0 0.42771430673179367
0 0.4475643279660606
0 0.38958312751435303
0 0.4350290740016829
0 0.4292238943372553
0 0.4307050878934728
0 0.41985619257152546
0 0.470327073008984
0 0.4290825216460772
0 0.41349755476351885
0 0.44610399651330834
0 0.4876265580432589
0 0.4418131636860729
0 0.4636253860960742
0 0.399735332552823
0 0.43631851458495585
0 0.4260302286658955
0 0.4309262287151284
0 0.42476537189416586
1 0.4506799133845315
0 0.4290110826944287
0 0.3987094672331853
0 0.42577328418302984
0 0.4504258003047451
0 0.43960339026033496
0 0.39881988677054836
0 0.3861032626949026
0 0.427931777888411
0 0.4086482595295905
0 0.4467156869043681
0 0.4068224677376926
0 0.41911800912839625
0 0.41858824791986315
0 0.4263356895025192
0 0.4063549540996637
0 0.40883995237500714
1 0.38660273032579423
0 0.44250983999349064
0 0.414974816136258
0 0.45083231680318797
0 0.4765122735107441
0 0.4560006434978918
0 0.41857590127237
0 0.41845692788244887
0 0.39846142336361834
0 0.42896699218474205
0 0.4343292493645388
0 0.4265916785389423
0 0.41209022987463223
0 0.4098820799250794
0 0.41885624225305074
0 0.42775580653974604
0 0.3892544198168179
0 0.4575041562062689
0 0.4539093699626908
0 0.40683708032785393
0 0.3712937244869929
0 0.4229806758852161
0 0.3756401163547739
0 0.45120331773329897
0 0.41593756913443003
0 0.43404523811291656
0 0.4706819574436291
1 0.42983399467018474
0 0.4136851104180139
0 0.44911209260522583
0 0.39946050735437555
0 0.45362306819441983
0 0.42249154273671213
0 0.4256436473711966
0 0.38970130557629806
0 0.40685159174415997
0 0.39763090358604436
0 0.4169022313649414
0 0.4350502849173109
0 0.47118854419540357
0 0.4165347346267705
0 0.3975128136979718
0 0.4092877714774692
0 0.4125733467965988
0 0.4320883864478579
0 0.4164315198228647
0 0.3737923307021497
0 0.38985090136184064
0 0.3964916715833971
0 0.4195655028036462
1 0.40476471147703347
0 0.45173550563485926
0 0.40636648689542665
0 0.4562964806226425
0 0.4125189728255424
0 0.4175412019247745
0 0.41244472668512927
0 0.3853126002337353
0 0.4203867755447499
0 0.4043523555769837
0 0.4073387468158468
0 0.42776911800351336
0 0.41994670677121765
0 0.4290228286289941
0 0.4334595301437044
0 0.4325899480385784
0 0.4547159059149775
0 0.4028070128030483
0 0.40278107972314064
0 0.45096300219871194
0 0.4241909437059068
0 0.4500511215483648
0 0.46060888337912576
0 0.4251913195471381
0 0.40510750067595663
1 0.43237348001498077
1 0.39582004471550974
0 0.425552150978946
0 0.40862631684623707
0 0.4174264963619198
0 0.4199045175672807
0 0.4177484820430933
0 0.4137210242921744
1 0.40889596480013696
0 0.4276230956761994
0 0.5017422890038592
0 0.3989875996598453
1 0.40586911629626593
0 0.42444082409733674
0 0.40433873410075505
0 0.41639734726077315
0 0.40766903574343427
0 0.47383861171984
0 0.4724921408585583
0 0.40328750162732724
