0 0.47066947283220495
0 0.4741082132003522
0 0.49075520695920616
0 0.4464714854668794
0 0.46539720529955336
0 0.45195042440347477
0 0.43868615319271237
0 0.4866942974054833
0 0.46971126523983586
0 0.48459436136411166
0 0.47703000294389913
0 0.46478831750688887
0 0.4792372425333603
1 0.44140879878241823
0 0.46026295235446935
1 0.49622122774084854
0 0.4908606517765621
0 0.4898991029714618
0 0.47399788067572945
0 0.49594665744845545
0 0.5006913619324234
0 0.4812329913734679
0 0.49661575322094875
0 0.5023287141677927
0 0.5080074902074116
0 0.5329230960740727
0 0.5098624204953965
1 0.4767266696155022
1 0.5104932524887282
0 0.4493178383956912
0 0.45271687825593054
0 0.48792724071480026
0 0.47490504959756574
0 0.4779491560014821
0 0.4714001560506602
0 0.45501302088734863
0 0.4662405931104081
1 0.4702457020607212
0 0.48640528603136474
0 0.4611664223504652
0 0.48699212880904685
0 0.4697110911077361
1 0.5181702260155929
0 0.4972198705838261
0 0.478412176500497
0 0.4431649693365829
0 0.4619127627869231
0 0.5094366057672848
0 0.4875364866584279
0 0.452239687703518
0 0.47223585291853826
0 0.4914158697454829
0 0.4697545830668525
0 0.46336192203217696
0 0.4525871985845731
0 0.5156703743955433
0 0.48008924031715633
0 0.5097238156295907
0 0.5114461296852223
0 0.5034848309874224
0 0.4930913915559845
0 0.48203561952357105
1 0.49595268005332516
0 0.4886390480381249
0 0.4939151787097476
0 0.46862289180961425
1 0.5006103854685569
0 0.48075688514115117
0 0.4752796349092845
0 0.48559713662974957
0 0.4466390255425052
0 0.4776696926216815
1 0.4601961098427576
0 0.4918204382178132
0 0.4875698231165916
1 0.46097462643406245
0 0.46127471888921956
1 0.4540320467153427
0 0.49241692493182354
0 0.4737976825678034
1 0.49662409057232154
0 0.4826009363247049
0 0.4812621750678705
1 0.47981441081748033
0 0.45503927425218055
0 0.4391960602010417
0 0.437106113262057
0 0.48925959443813427
0 0.4429442689606809
0 0.46564215284094007
0 0.448637277175695
0 0.48024918146933443
0 0.47470547439038985
0 0.4945971358125373
0 0.5032875316786519
0 0.5129178216208653
0 0.4723064068984314
0 0.4929996722934744
0 0.4855181596579111
0 0.4629836706627741
0 0.49371493262668825
0 0.4948896351395536
1 0.5062261749112437
0 0.5302939943878299
0 0.513629584433796
0 0.5102568521225416
0 0.5192411148298194
0 0.48037604790928023
0 0.5095553537702359
0 0.48515914114989755
0 0.49783963876794834
0 0.4609734322443563
0 0.4710156141145968
0 0.523288440669478
0 0.5119405000092605
0 0.48710391503565187
1 0.49955206766828997
0 0.48197456212894196
0 0.4935156269930337
0 0.5172915063756367
0 0.5020501484490902
0 0.5065725431835116
0 0.5090848533370007
0 0.49046441294531995
0 0.49519248994867404
0 0.48103611868871193
0 0.47919238615179877
0 0.4632850097455874
0 0.47225542312990565
1 0.4692055204178213
1 0.4954212634531501
0 0.4548918710689574
0 0.45198557043478593
0 0.45329081433566454
0 0.487689374842491
0 0.519109180621347
0 0.508502102870148
0 0.5102756895316148
0 0.5096521734087361
0 0.5031642666853816
0 0.48421511134583617
0 0.5056249896109396
0 0.48726832577966817
0 0.5125626654408574
0 0.4843316410992018
0 0.5018671721243393
0 0.484158337936219
0 0.4767032642534198
1 0.4765200205834852
0 0.47342682823903004
1 0.4981689948148495
0 0.49300414427244094
0 0.5042417738325172
0 0.4830557112167477
0 0.48391962590112364
0 0.4817997077835576
0 0.4436218082744821
0 0.5002855137658612
0 0.47144014384186755
0 0.5081114947935038
0 0.5314630912141856
0 0.4984516241167901
0 0.487023051053478
0 0.4938013136901379
0 0.5139538801954389
0 0.49700577375330907
0 0.5243972401975937
0 0.5241670124597575
0 0.5690041223824808
0 0.5434906003308669
0 0.5414250243653002
0 0.5488371018828081
0 0.5434786439529283
0 0.534087373196699
0 0.5288379165531634
0 0.5293781718725952
0 0.543618296479224
1 0.5151141673698113
0 0.5119932964837836
0 0.4953488075106302
0 0.522697139286921
0 0.5140433477546947
0 0.5493195887576068
0 0.523884639791249
0 0.5158966213165751
0 0.5362977794306871
0 0.4477869594281967
0 0.49591417579518093
0 0.4912583050550611
0 0.49241454304770343
0 0.4832605751341386
0 0.485762934529042
0 0.49264556533275955
0 0.5214932388880429
0 0.4967269193658937
0 0.49662332016342814
0 0.4950867784534328
0 0.49999439999840695
0 0.4776821608300521
0 0.5060473101980314
0 0.49142125427296907
0 0.48902729031474035
0 0.49910318258609143
0 0.5027289664922625
0 0.5125205068404088
0 0.45806187428838374
0 0.5056612554494794
0 0.4894364449447441
0 0.4919916744453146
0 0.5095014431567461
0 0.4879496043532637
1 0.5329208489881357
0 0.5009424245575704
0 0.5280315341235868
0 0.5117983169748337
0 0.5391083935407965
0 0.5025991813225138
0 0.5231021601842036
0 0.4827818200586249
0 0.5052637748493715
0 0.4830204169655198
0 0.5234520677568343
0 0.548347805606308
1 0.5524444215641836
0 0.5568136598734904
0 0.5574318645703175
1 0.5207588905345881
0 0.5636722026721058
0 0.540576987272243
0 0.5608491784117119
0 0.534981604626948
0 0.5273675342911412
0 0.5484639581373573
0 0.5247754963449361
0 0.5601192559034018
0 0.5467700543963592
1 0.5150765868048145
0 0.5504796474906705
0 0.5381912590675162
0 0.5411272950808308
0 0.5468403330193222
0 0.5133024720580659
0 0.5478625485025214
0 0.5014189458532293
0 0.5124386791074611
0 0.520186234023419
0 0.5107061247951397
0 0.5053511845548161
1 0.5345575771936085
0 0.47471176537134824
0 0.4986357709555262
0 0.48398493140042254
0 0.5060874053299594
0 0.5042714791895778
1 0.5121698503854767
0 0.5013516334652145
0 0.5163297291775162
0 0.47947992304263787
0 0.5232594915365447
0 0.5066319531643756
0 0.5286359686041967
0 0.5128137833311396
0 0.49715586326030553
0 0.5014902578874402
1 0.5166382562349632
1 0.4805048752712347
0 0.5248848090044257
0 0.5121587547151871
0 0.5245359369067881
0 0.5224575003221238
0 0.5157855471120774
0 0.49080772954323965
0 0.4785592635423657
0 0.46803880805217907
0 0.5166504582923028
0 0.5280051696810291
0 0.5666880084277427
0 0.5153577641463437
0 0.5087264506951347
0 0.5157728128415079
0 0.5076650625833827
0 0.46254896762078007
0 0.5140361276738222
0 0.4995737101555465
0 0.522112795934798
0 0.5062336107401177
0 0.5494765847230121
0 0.5549440829116694
0 0.528623472797851
0 0.5080400853570992
1 0.5288195813239275
1 0.548990189241113
0 0.5712281586710187
0 0.5359134429265904
0 0.5348058997040005
0 0.5330789645794229
0 0.5198855214929331
0 0.49994262840853587
0 0.4916295458051502
0 0.48429983610243055
0 0.5322040366267009
0 0.541662415140154
0 0.5165003127267596
0 0.5102974657537275
0 0.4942146652937969
0 0.5040178670022303
0 0.500550061744751
0 0.4894788664051561
0 0.5269558195547043
1 0.49711366743770175
0 0.4680911737509964
0 0.506918144654757
0 0.5344632102230715
0 0.548738555281303
0 0.556166128987366
0 0.5391931508346334
1 0.5542099863213455
0 0.5198560682471204
0 0.550695614795485
0 0.5329789605635111
0 0.5281127830369693
0 0.5394712764406431
0 0.5582544572393638
0 0.5337547077728422
0 0.47779484386979965
0 0.47698838529597015
0 0.4842378379465237
0 0.491282540484946
0 0.5041814971949793
0 0.4975748275897096
0 0.49682845069602244
0 0.5263321475003516
0 0.5114200661873353
0 0.520909440682368
0 0.49348405082458996
0 0.49861951085282136
0 0.5189702030400885
0 0.4834166257417405
0 0.5081136749380144
0 0.4996443275790305
0 0.49483265916778474
0 0.5002108712802111
0 0.4668231421300548
1 0.4735779716245865
0 0.46760019942809306
0 0.45641658287927894
0 0.4528816628143986
0 0.4703974870345624
1 0.5104459495425594
0 0.47477069285553897
1 0.517368859967691
0 0.5049410553436522
0 0.498532367754816
0 0.5264504238839169
0 0.5086846520818741
0 0.5194239996086352
1 0.549043775908007
0 0.4927660263088864
0 0.4886813437863865
0 0.5039683705104248
0 0.48968001264889316
0 0.4768559691956395
0 0.5181933180285496
0 0.4928606988358165
0 0.4826302684344404
