0 0.45625499024546634
0 0.4759384632551274
0 0.44621513599526963
0 0.43355767786912414
0 0.4547167174730611
0 0.411853777869796
0 0.41622590209942584
0 0.44984203304474085
0 0.4479966470046069
0 0.42748014179037763
0 0.41462600676021477
0 0.4917837664681768
0 0.4925496803620715
0 0.5215245969027593
0 0.4504437639769173
0 0.4754449560995984
0 0.4904176514768986
0 0.46598838990257035
0 0.38340480171348945
0 0.416788357261519
0 0.46922958122038244
0 0.5470138074732303
0 0.4699449254263066
0 0.4514346924138588
1 0.4636391065673505
0 0.3914702304549495
1 0.4199779914916274
1 0.42465065482752207
0 0.4436011653402788
0 0.4830872311586009
0 0.499872621202381
0 0.45547111887011343
0 0.4638750976295627
0 0.3815244805086016
1 0.44302276847398114
0 0.5188179525750354
0 0.46509380378424114
0 0.489150521712509
0 0.44517396832642164
0 0.3999723106930344
0 0.4613954198363961
0 0.47014945559630994
0 0.43407402918310317
0 0.4185574295934734
0 0.4291806521057476
0 0.46858890226027533
0 0.44970086003307835
0 0.49510258519982536
0 0.5051515149099166
0 0.36390090095087463
0 0.4952819909575665
0 0.47128963192651946
0 0.4948849905560426
0 0.4505960963037572
0 0.48515054809997293
0 0.4448583197270518
0 0.49728431768648496
0 0.46426902734140124
0 0.4620037541436318
0 0.45191438776375326
0 0.39147788279718004
0 0.42328903453477423
0 0.459694756269222
0 0.413249838444943
0 0.4376098682071534
0 0.5365761923994019
0 0.4232344390923328
0 0.43695356346985553
0 0.4877265638663833
0 0.48781247238977565
0 0.459814182753999
0 0.4359354997583672
0 0.4363328744721682
0 0.5239029451465067
0 0.4681567632443492
0 0.38142676275736376
0 0.42139849502641274
0 0.49273054675967903
0 0.4851050479972417
0 0.4727615319208771
0 0.48956929010247724
0 0.4473162192503969
0 0.47484933548542374
0 0.48373628817211584
0 0.49797346595041897
0 0.4367734027471237
0 0.5040385086671496
0 0.48103816413264255
0 0.4982952510206942
0 0.49592005436568715
0 0.48533542270656116
0 0.4130705606474232
0 0.45787501753488824
0 0.4368314804278917
0 0.4498571130405653
0 0.5307197110263631
0 0.4744170540209265
0 0.46037539311192693
0 0.510000212042247
0 0.40436203337007676
0 0.49132736105949837
0 0.4415100165905339
0 0.5147737457193281
0 0.5173099898851309
0 0.43851296114870275
0 0.5076773988604582
0 0.3979602733228084
0 0.36800526567552233
0 0.47194106173751754
0 0.4361905656545162
1 0.4157031950663552
0 0.4310929924922812
0 0.39954884597328505
0 0.49084529439677355
0 0.5425179758105387
0 0.46722692953662753
0 0.40679658980461053
0 0.445223466414159
0 0.48255622882270643
0 0.39107723025686425
0 0.4763961136799081
0 0.4727870108856262
0 0.4674411800739542
0 0.45804175548160664
0 0.49892661103007624
0 0.3739663900702124
0 0.3874735324231694
0 0.4549621909685806
0 0.4384597904220989
0 0.4285772612878052
0 0.40468158956265776
0 0.3677184252504058
0 0.3833667701404146
0 0.5199352415315334
0 0.4989059393878466
0 0.4870178977192123
0 0.4291808464795182
0 0.34796640194945655
0 0.4371150520802226
0 0.5287551776968314
0 0.39277170684215534
0 0.36165816352089686
0 0.5321096356658958
0 0.4528935784151931
0 0.42639840536488555
0 0.45479170293269033
0 0.48471702130729866
0 0.4226407544284418
0 0.4822668813499593
0 0.3952511350082687
0 0.4626812369168926
0 0.45779579750508054
0 0.3998077154374694
0 0.5278968916130851
0 0.5097212955335952
0 0.45445110609815004
0 0.4786184865991013
0 0.5132221981960844
1 0.46434281232316116
0 0.4027604342772205
0 0.4205451295769408
0 0.46195213395050333
0 0.5884357279920304
0 0.5047231279373614
0 0.4048791679747621
0 0.4418197820673662
0 0.4809827055002334
0 0.4612785937942334
0 0.44599874239930726
0 0.3980698839076286
0 0.5199244084010063
0 0.48947228464928594
0 0.5938534583721071
0 0.43158666381795585
0 0.4352899866831188
0 0.4833277283426285
0 0.43921258791588896
0 0.46469689056059527
0 0.5109274233604002
0 0.4373369251584426
0 0.3968331161747875
0 0.4547490041708663
0 0.46354200895318043
0 0.4774368508307496
0 0.4207654590784502
0 0.5039444811685497
0 0.4008979709463933
0 0.442376836643024
0 0.5306023713140472
0 0.47832534016168765
0 0.43794185985649764
0 0.4470706275628039
0 0.39996553470637997
0 0.5185620695555384
0 0.43537649611796325
0 0.4499882266041543
0 0.39098075824121625
0 0.45125070501608877
0 0.3979229470626732
0 0.4337297910068436
0 0.4679411947062373
0 0.4664431134134888
0 0.32847724847333537
0 0.4348782911414845
0 0.5077765224015428
0 0.4484443805987864
0 0.39203437135544855
0 0.4616354549102436
0 0.43333287725562614
0 0.4998771615934661
0 0.4473138915667207
0 0.49074967693945765
0 0.33743524471880104
0 0.4258877416827907
0 0.45486254920179436
0 0.5023951663209008
0 0.4154097083227527
0 0.43386084893618637
0 0.45513646997218493
0 0.5859611477172005
0 0.41573719513322804
0 0.41677061037876784
0 0.42901432472133494
0 0.4720585131851256
0 0.4777111130124667
0 0.4984329552287534
0 0.4847605513333068
0 0.4688566238753221
0 0.4807744919755556
0 0.5433623976702131
0 0.4638987154526737
0 0.45181894799193995
0 0.5240350120640046
0 0.41625483762199184
0 0.4758318547690609
0 0.5291076563614
0 0.4633215665562323
0 0.4367854394050257
0 0.5047998563912653
0 0.4809604265793873
0 0.5339820576863689
0 0.4620853806613393
0 0.3846260884423526
0 0.43962347614175507
0 0.49356001760092433
0 0.5484661956357776
1 0.48835886999334044
0 0.5045768780968168
0 0.5265150581313669
0 0.4541320314615572
0 0.4790131960099423
0 0.4887536314317272
0 0.46141134140108386
0 0.4871090127567371
0 0.509831144825816
0 0.4532763072455989
0 0.5101603895537878
0 0.4365638136513071
0 0.4666656467844987
0 0.489440927740135
0 0.5389564269612217
0 0.4364672108347633
0 0.49697130728126504
0 0.4920239402410502
0 0.524497016049609
0 0.4938352854268419
0 0.5154650869908747
0 0.4202818676872309
0 0.4236008111281223
0 0.4842770759720503
0 0.47749456742041557
0 0.5162619340168338
0 0.40482762266021316
0 0.453214331537629
0 0.5130329945578773
0 0.4696791770102984
1 0.3366390485882075
0 0.4230524207346368
0 0.5318201919747556
0 0.5059577956107438
0 0.43378206890255033
0 0.47370724521455143
0 0.48244157491526274
0 0.37357400773091926
0 0.5017737160558948
0 0.48951375601966646
0 0.44977083418379754
0 0.48541314317213874
0 0.37935399634288225
0 0.5467201648723662
0 0.4405513903159659
0 0.4580478178445248
0 0.3965295580388469
0 0.5590449484102815
0 0.4802432169283022
0 0.4044100843593168
0 0.48978736815785207
0 0.4396908565979955
0 0.5317164627371223
0 0.44457357480505044
0 0.3872306954333718
0 0.440386721358656
0 0.501212716176669
0 0.5047921161090304
0 0.45606211476735087
0 0.4402817673261629
0 0.4024231618340843
0 0.47533443576545803
0 0.4812386175505193
0 0.44768771272089153
0 0.43582915278254425
0 0.4470806402772771
0 0.48881509694829445
0 0.4379557178531071
0 0.5393449088149604
0 0.4147077272805418
0 0.45829205059623646
0 0.4187630660024905
0 0.4743450082448172
0 0.48654371556970416
0 0.3889416702377072
0 0.4169100112279775
0 0.38731068450263695
0 0.468667769394796
0 0.46171501492056316
0 0.4236926475129231
0 0.45259111087370313
0 0.43756216612854104
0 0.43129657040925995
0 0.5249012653904545
0 0.4863050337155196
0 0.34726660342975724
0 0.4231468562657786
0 0.41644254479445336
0 0.4711697308808254
0 0.3801386785406915
0 0.4676236757353625
0 0.5098604238194717
0 0.420876294170318
0 0.5079189132214168
0 0.47130789671710854
0 0.4233503630260116
0 0.36608166721503355
0 0.44010275595373494
1 0.5234859602009581
0 0.4880882432714119
0 0.45391922074130436
0 0.4819615104133133
0 0.4176044130816591
0 0.42597221535129276
0 0.4331191652667295
0 0.5149039570485229
0 0.4606048909897757
0 0.44434583589843196
0 0.37697370078130477
0 0.4534525627439806
0 0.5080325512581458
0 0.41180206890285637
0 0.44434107750697194
0 0.48316363398870354
0 0.5213212335842353
0 0.39709512746739517
0 0.4993819510256104
0 0.47533529283102716
0 0.5183242611623471
