0 0.48301466854031677
0 0.5203955494138972
0 0.46293541688717815
0 0.44487320262952146
0 0.4233956659979041
0 0.3958462082063442
0 0.47239107871705066
0 0.4883227663502148
0 0.42446715267142626
0 0.40686176804907753
0 0.41945960557960155
0 0.37632051336853906
0 0.5628734122990312
0 0.4687518661288634
0 0.41161990833592627
0 0.38893262580610727
0 0.3641213097713254
0 0.40471339638374454
0 0.458827832472433
0 0.40128650096239155
0 0.3982949464473201
0 0.37712204702079655
0 0.42242899473419093
0 0.45027943582096525
0 0.3929062987318248
1 0.3707763354711795
0 0.34043904483844784
0 0.454082442793493
0 0.439469356909173
0 0.4209707677981532
0 0.4029536635143772
0 0.36212367982671
0 0.391853616186556
0 0.38102168828746635
0 0.3917078229603397
0 0.4483251469267826
0 0.3731939407540363
0 0.3901666570922388
0 0.40236965089818055
0 0.43174459982641883
0 0.4037867989684803
0 0.34829168426395113
0 0.37177438312901584
0 0.3406883285183348
0 0.4263513954083539
0 0.3714639070453236
0 0.38267150725998583
0 0.4260419746719947
0 0.37190168154028863
0 0.47987612222058623
0 0.3813065906779788
0 0.38688172573291774
0 0.4181778069049424
0 0.3714377545013859
0 0.3618204163930153
1 0.4191079771352787
0 0.41211831644123914
0 0.4411356168311625
0 0.3730063810490254
0 0.36289698923296576
0 0.33145341601746453
0 0.367414045388113
0 0.3469635291554719
0 0.3761711823548856
0 0.3610486467541298
0 0.3626749944546403
0 0.3888350490215315
0 0.38499465773655833
0 0.4007983558820263
0 0.4504148944629659
0 0.3932036015122671
0 0.4124690489661479
0 0.3604988207109839
0 0.36301250656090844
0 0.39587081331607615
1 0.39903946680794944
0 0.4780268474394255
0 0.395159088722074
0 0.44733650255244856
0 0.4426225297640816
0 0.41612999014944496
0 0.4846604284014533
0 0.3891868780177351
0 0.4305504736089533
0 0.4674594862628496
0 0.39104838271075126
0 0.45376836831172485
0 0.3719649496610057
0 0.4112721847022871
0 0.4396443732417194
0 0.4325040670544374
0 0.3484697177153793
0 0.37384650661426666
1 0.4306360233103114
0 0.35177440250121544
0 0.39176535211755864
0 0.3946964089953522
0 0.38859392382646196
0 0.41411001505249895
0 0.3497889188098251
0 0.392512569136839
0 0.3402799803357206
0 0.37541018345704863
0 0.3716267834403318
0 0.3956168648513886
0 0.3733277517464855
1 0.3467253189176175
0 0.3778679567648392
0 0.3659483809037455
0 0.3527945810397421
0 0.3910918605633584
0 0.3563753798224259
0 0.35385483028481113
0 0.3606782347994207
0 0.32905772492038254
0 0.3457992149167073
0 0.33379840895851604
0 0.34423036395005835
0 0.3804904383865846
0 0.34352975396934243
0 0.3752874157073907
0 0.3575778804013371
0 0.39424892104464687
0 0.33255565258769126
0 0.38630440932198
0 0.399663296726965
0 0.4158283370016613
0 0.4120762801629996
0 0.3689515734340252
0 0.3787077672068126
0 0.48049679946732005
1 0.39173976109104675
0 0.3976562339214154
0 0.41514434702215014
0 0.4450397820331148
0 0.44183567269923724
0 0.40222165378915437
0 0.42417001759171963
0 0.44743233106460384
0 0.3558596930158736
0 0.4491612671080488
0 0.3899469100874936
0 0.454134245855027
0 0.3759113426443231
0 0.4270377855780918
0 0.38131625979040235
0 0.39232429941059715
0 0.4222711784733945
0 0.381789610557089
0 0.45327600581604255
0 0.37541242186567214
0 0.39887241715695154
0 0.40645433517524404
0 0.39303712136045355
0 0.4259458653133427
0 0.43756913322749796
0 0.4097165125673646
0 0.4057746688061462
0 0.3742042680634857
0 0.4279717344777635
0 0.3751920916884877
0 0.3890830581302833
0 0.3503363245366479
0 0.4046726386054975
1 0.36395653862869665
0 0.347084935686919
0 0.372290598306941
0 0.36708112053108427
0 0.33894722729924476
0 0.3775700031310583
0 0.3514220113280646
0 0.37754268984042233
0 0.3232597370554072
0 0.37523798112193424
0 0.3371531133036928
0 0.375105082751095
0 0.3676229502647735
0 0.3584630124022142
0 0.3288002136414757
0 0.34009612406015605
0 0.3609881643663671
0 0.36216671000363876
0 0.3273757893737809
0 0.3311108938464481
0 0.352931113123011
0 0.3464403254315182
0 0.35580690172813156
0 0.34727040486086225
0 0.35244506363640743
0 0.3349927349228543
0 0.33244744530476816
0 0.3252080292586814
0 0.33456809152177186
0 0.3506926203260747
0 0.33353575494317217
0 0.3336783122069726
0 0.3754860064288432
0 0.3244414690513112
0 0.3585263931672537
0 0.3478976592710402
0 0.33658541896794064
0 0.32977808723014956
0 0.3353599755459761
0 0.3339752587437141
0 0.3456861077108752
0 0.315905935687553
1 0.34942882262891467
0 0.32498980388126786
0 0.3271547112794095
0 0.3475559359026539
0 0.3350327924048926
0 0.3355548535948481
0 0.3226101045690592
0 0.35146503056691203
0 0.3344128064685541
0 0.33211887059974127
0 0.3566133102204852
0 0.32130709732164475
0 0.3259418899431955
0 0.33890845165446193
0 0.3352175533537704
0 0.32807056433364795
0 0.33582943430118667
0 0.3327308282946881
0 0.33837351528391785
0 0.3220272747993386
0 0.33401605781800947
0 0.31561690044009194
0 0.343070183773705
0 0.3208044589323205
0 0.3414543035431393
0 0.36952887117062916
0 0.3537587541636076
0 0.3720202057973634
0 0.3741383292402622
0 0.34450768224325434
0 0.35105365304103175
0 0.3195499150333934
0 0.3325284050375775
0 0.42918716265888035
0 0.4001864609665773
0 0.39414246096064387
0 0.40680749416323075
0 0.3737685296691692
0 0.3937956321992407
0 0.35850150342313525
0 0.35560829832837587
0 0.4129821853309552
0 0.3704759276068974
0 0.3494262600164698
0 0.42925707248730516
1 0.4385084912295512
0 0.3676197655687898
0 0.37137758603631293
0 0.38500271299399585
0 0.3675793016936455
0 0.363712097817243
0 0.3224464798653409
0 0.3450348658745966
0 0.4184717744866096
0 0.3723369316548005
0 0.4464735460392264
0 0.4162752122245148
0 0.3553603830407707
0 0.3736792959020055
0 0.31300259334170366
0 0.3333739332347149
0 0.4193388742892601
0 0.3693004270677784
0 0.36692811065602354
0 0.35350374467129203
0 0.3846209470637248
0 0.36160432852970914
0 0.3605053991591162
0 0.32549208358388354
0 0.38206434704919373
0 0.36713381277702495
0 0.3195199481363267
0 0.33954208967473964
0 0.3641348464790505
0 0.3122910142642751
0 0.4157950917314209
0 0.32367854065259555
0 0.33377452090078863
0 0.31362525369011657
0 0.33414437240881917
0 0.3177549463335997
0 0.32125666951027426
0 0.3288645778568793
0 0.33473759838430467
0 0.33395939852077466
0 0.31476303332959754
0 0.34045343441749115
0 0.37126443755234695
0 0.35568453283069296
0 0.3638643706152249
0 0.41371084924089685
0 0.3589465688882441
0 0.3392714303440234
0 0.343546802219348
0 0.3263143026141301
0 0.3218790171860668
0 0.4351980797469349
0 0.3416558394163969
0 0.33539008217153465
0 0.34860201657173834
0 0.3519967812524446
0 0.337534996765056
0 0.33751869618526864
0 0.33673166029633855
0 0.3369216868065874
0 0.32755525709329625
0 0.33751690077565116
0 0.3535847597135703
0 0.3764186282583738
0 0.3324706068761862
0 0.374502080632842
0 0.35454252615369786
0 0.33318271975139435
0 0.3305336300389899
0 0.35871139198723906
0 0.37460327827149
0 0.33438377357202975
0 0.40470558264370116
0 0.3797369317355746
0 0.3426567282872204
0 0.33519694131368233
0 0.3290745917748875
0 0.3362353584920621
0 0.412904222137864
0 0.3444575187472632
0 0.3436411686373465
0 0.3688275080816281
0 0.38010528841083313
0 0.3380759632312223
0 0.3772497906962951
0 0.3407803202372501
0 0.33772801526738305
0 0.33222061604990843
0 0.35444696646382345
0 0.3959709857536319
0 0.381559357573989
0 0.3769545180380391
0 0.38805548826294123
0 0.329686226562677
0 0.38070478460118784
0 0.35050929179464096
0 0.35321652870641485
0 0.4413665261413375
0 0.3657348281679613
0 0.41326689696889507
0 0.3807758087488038
1 0.3644334185658674
0 0.3448012091164991
0 0.3281616870776416
0 0.3490901816229476
0 0.42649168762352685
0 0.35828740502965084
0 0.35872580343643257
0 0.3357586105019252
0 0.3906168900180163
0 0.3353410974352702
0 0.3722679998505629
0 0.3298453582704582
0 0.3353043851828208
