0 0.5357611795645952
0 0.491379477219057
0 0.542216180894952
1 0.5246768426505605
1 0.5429596190975897
0 0.5507275362633787
1 0.5424281159262069
1 0.5379621050677876
1 0.5299604592414161
0 0.5633264229139557
0 0.5250502755678095
0 0.5162697870813399
1 0.4675003215541769
1 0.4858523476454757
1 0.5408553267083385
1 0.5514842318312912
1 0.5196603553257271
0 0.526461378776648
1 0.5550434263326576
1 0.5072130443572677
1 0.49032359168531303
0 0.4947260356960908
1 0.48478263727584037
1 0.44558429767068974
0 0.4929257166013661
0 0.49414100975066033
0 0.48868497119798715
0 0.4624761630143572
0 0.4844485011102086
0 0.45930845455546115
1 0.4702980826097228
0 0.4729333493421427
1 0.45580150314119
1 0.4615183572252213
1 0.4859871665991367
0 0.49520725196204923
0 0.4858895748987101
1 0.537826967994872
0 0.5164527332220984
0 0.49918805863660737
0 0.500445416002031
0 0.4829875193161011
0 0.4610818413223428
0 0.4681884110790976
0 0.4511645655128966
0 0.49408165089493733
0 0.4592170279676141
0 0.4384234409634439
1 0.4728885606967913
0 0.46911634965412724
0 0.4902903427524242
0 0.48306220139738004
0 0.5102264711606699
0 0.49133002649496305
0 0.5135243861217151
0 0.4335943964909178
1 0.4803328958591596
0 0.4964587059596524
0 0.4788907216756497
1 0.4508667735049109
0 0.4061617219774325
0 0.39930351452951207
0 0.4448538649584399
0 0.498178682462055
0 0.5074255455019243
0 0.5236869453612755
0 0.5388475311519942
0 0.5112164747315368
0 0.4597282709986601
0 0.5059931054553353
0 0.4741824035225521
0 0.4793953759443934
1 0.48525314806363395
0 0.44660633567811947
1 0.46039451906064444
1 0.4362481856963252
1 0.42531182188487676
0 0.4680272611509618
0 0.4594906387475624
0 0.48335243722308757
0 0.46251080393882976
0 0.4614087172494561
0 0.44967412960756037
0 0.4487058834574152
0 0.47217898031814787
0 0.48441573912150626
0 0.5087587895199878
1 0.480055316094326
0 0.45647364837670695
0 0.4377989069218787
0 0.4298844405761095
0 0.4572778780840885
0 0.4597933553427602
1 0.4829622942614186
0 0.47273399650996734
0 0.4706665540252482
0 0.46761146806486903
0 0.4717470847033508
0 0.47257585739807084
0 0.4603233518962838
0 0.4263959591214149
0 0.4198750380287863
1 0.4242108440458858
1 0.42497179434581067
1 0.4008401567079855
1 0.4238454501623443
0 0.48024305566160874
1 0.46578758351368943
0 0.470076139784577
0 0.46418772247355267
1 0.4180324953187082
0 0.4815410118664342
1 0.4811901871029276
1 0.4785785416470765
0 0.4448420926329978
0 0.45893168029022074
0 0.4490448986345343
1 0.44853451173613185
0 0.4346635617786755
0 0.43987651477180306
0 0.4851081346023034
0 0.47623942250897816
1 0.4808127043325537
0 0.4820700088972087
0 0.4918828319178755
1 0.4627137679473796
1 0.44791233131167607
0 0.4491528158273587
1 0.4755968730276887
1 0.4489712482875132
0 0.4559625165621565
1 0.438985475130934
1 0.39862454244325857
0 0.4176796262720012
0 0.4085022636344619
0 0.4968284420009474
1 0.46790713887043484
1 0.466829246217293
1 0.49017854724450927
1 0.44960983854033393
0 0.49043105772724166
1 0.49367836234053136
0 0.45713233927653346
1 0.417098954911031
0 0.47581081652602
0 0.47087831271533714
1 0.40551946008741613
1 0.40807758069650546
0 0.4764539427278222
0 0.48731523730250464
1 0.4967035521797053
0 0.48624305100494464
0 0.4988388738949702
1 0.44950769395145973
1 0.4527494158732665
0 0.4575885281996753
0 0.43505774761299026
0 0.4551890353980247
1 0.4516864154778085
0 0.43038938380621894
0 0.4120638112729712
0 0.4307646515610334
1 0.45709709827066836
1 0.44062110481785305
1 0.4399885626821475
0 0.46350574369983805
1 0.4061887900655904
1 0.4290748222607068
1 0.4307495249352685
0 0.4455493742840483
0 0.4205907738330362
0 0.41898512015624073
0 0.43712548569057597
1 0.407114278778855
0 0.4176281175257781
1 0.40543508984004567
0 0.419445213930645
0 0.43295532225309197
0 0.4500361715261016
0 0.42188877511551126
0 0.4035488251166797
0 0.4238586591982369
0 0.42091048808995357
0 0.4005383873104934
0 0.4067945078809016
0 0.4120951770092672
0 0.4167507594507264
1 0.3791946492660393
1 0.38679007587594194
0 0.3930010809070755
0 0.4003910759407065
0 0.3797775578487005
0 0.3830247821771125
1 0.38268933071905314
1 0.38789328763400116
1 0.3946865616756012
0 0.3895805581220109
1 0.3836952564752011
1 0.3844258157335219
0 0.38905558500131254
0 0.3823590148976014
0 0.38454818252718453
1 0.3757286895655025
0 0.37478539058564403
0 0.3833186423800148
0 0.37929194740177924
0 0.38026646849776946
0 0.3864195386202042
0 0.3928656511152063
1 0.38588830117385475
1 0.39147477569601014
0 0.3870770234575037
1 0.38631867615743537
0 0.37770780391038156
1 0.39342711257278784
0 0.3977689899597448
0 0.4031853272036522
0 0.3972497782469955
0 0.3928502207075608
0 0.46931338526755534
0 0.4602479063821953
0 0.4899609054787655
1 0.4373646984148807
0 0.4536020355088703
0 0.4282664292629104
0 0.3861702946722492
1 0.43379380972505643
0 0.4368904925015302
0 0.45730258561422327
0 0.4774776074806596
1 0.4749367566728246
0 0.43373133862800894
0 0.46814237354540383
1 0.45784603867426815
1 0.40486340270539556
0 0.40879682042104837
0 0.4228962963114954
1 0.4038083376942978
0 0.4224429961549091
1 0.40960033604378004
1 0.4148363257990344
0 0.414906797641518
0 0.4201340028110497
0 0.425870751006676
0 0.4250302387437265
0 0.43247530017454267
1 0.4835141037677876
1 0.5250755725553132
0 0.48868615445746216
1 0.4587709984942604
1 0.48685874874481616
0 0.4667516551719864
0 0.42358935559826594
0 0.419274554150333
0 0.42072708891913524
0 0.41031958706594335
0 0.4493954727884201
1 0.45111639324650044
1 0.4544394581063313
0 0.45608065175272916
1 0.48159308158849307
1 0.5152150711669367
0 0.5126334908246483
0 0.5095090264207661
0 0.5228056946753669
1 0.4794148464426151
0 0.4637292909186396
0 0.4262818954492725
0 0.4368170857591053
0 0.46345234215001163
0 0.4562051158372693
0 0.41352231676929624
0 0.44169732211977136
0 0.43404013039607037
0 0.44988878445327635
0 0.4581303972185302
0 0.4711351570256013
1 0.4935891326169843
0 0.46412508459557367
0 0.4561982317493185
0 0.45870585169099315
0 0.4408139070394931
0 0.4474616342562634
0 0.4421056746588528
0 0.4605219502216251
0 0.4492065752390693
0 0.41912928645765013
0 0.39855242309060923
1 0.4310013747203948
0 0.4272474117193468
0 0.43445261709794075
0 0.4175966515689823
0 0.4044800084364123
0 0.3960107613552677
0 0.39652595854088313
0 0.4231207049186488
0 0.42341061992176326
1 0.4397272056738244
0 0.4454040052591875
0 0.46041501492915815
0 0.46576394515473585
0 0.42740964732394815
1 0.41287302868947834
0 0.41009934049076974
0 0.42450969060509414
0 0.40334717040046536
0 0.3993510892856071
0 0.37127634675269966
1 0.42781941107284777
0 0.4606951955538138
1 0.4696663844553089
0 0.4551766306840211
0 0.4985002643024161
1 0.4197836876965573
0 0.38582206415798276
1 0.40545557805994503
1 0.3950675395232157
1 0.39369045498391003
0 0.40082401110080434
1 0.4099081835394013
0 0.41997588647731665
1 0.4171964745431798
0 0.42281667047840593
0 0.42696774722331354
0 0.4335559790217072
1 0.43599821288262836
0 0.4172373603288761
0 0.44186509016462105
0 0.4549422373576922
0 0.4488589833552446
1 0.45121796448304397
0 0.45010072493317993
0 0.4217278416460336
1 0.4171177298345382
0 0.3942790820380023
1 0.39721648132424786
1 0.4676233405210526
1 0.43358793754434527
1 0.45925895296566094
1 0.4686722650414173
0 0.39645576970554514
1 0.416534999605663
0 0.4187871402109162
0 0.438201966374695
0 0.43223857917396924
0 0.4392609916803843
0 0.4556186625553047
0 0.43767175607752723
0 0.4222882480473231
0 0.42064591194765727
0 0.42813342805109067
0 0.4483461370285091
1 0.44790762311576365
0 0.4214051832505575
0 0.42907118940716865
1 0.42800665652977316
0 0.41499677680942587
0 0.4661473952632421
0 0.4674212415229164
0 0.4383158579352963
0 0.43294662225866987
0 0.44228295199426276
0 0.46002217470802625
0 0.4755111325694652
0 0.4516967473667476
