0 0.5657039784541754
0 0.5837877122086202
0 0.5722784580591265
1 0.5185847415312431
0 0.5213427982544273
0 0.5361444113996442
1 0.5596828092841001
0 0.547362601729866
1 0.4616513551993621
1 0.47753227676374943
0 0.5599454101951551
1 0.6146021986400995
0 0.5777852669632987
1 0.5404371143947424
0 0.5065333810754911
0 0.5410217963883066
1 0.5723933041289864
0 0.5806461767455974
1 0.5822522928286582
0 0.5421114602470551
1 0.5115200882700597
0 0.549158211184916
0 0.5645686049009878
0 0.555923912688692
1 0.4878560640745117
1 0.5070927089807514
1 0.5334330321695233
1 0.49991595824857893
0 0.5298575291546103
0 0.4854847615476093
1 0.497411180817898
0 0.46648293409167235
0 0.4531114312630127
0 0.51205493296174
0 0.4916970050286845
0 0.48372080369724063
0 0.48704490113990323
0 0.45110115738074075
0 0.4822979815661706
0 0.4583505374425245
0 0.43712426089191514
1 0.4226385130123259
0 0.4735762143038215
0 0.45116784828967266
0 0.4640747636130982
0 0.43645702601573166
0 0.47396098126383557
0 0.4911282750434345
0 0.5149604024467416
0 0.4867192103421659
0 0.5099883277118098
1 0.5002676962848486
0 0.5006109866246786
0 0.5019531822772185
0 0.48270426207799216
0 0.4878903729525413
1 0.45339989472978587
0 0.48138264188384683
0 0.47983610458041276
0 0.47749407226183765
1 0.4697751029164838
0 0.41693457485609925
0 0.46334484677806265
1 0.4599188090720497
1 0.44062795227919577
1 0.49448135000646426
1 0.4897087316443124
0 0.5288150940345959
1 0.5186944758102633
0 0.5165524488807496
0 0.5003521530607921
0 0.4387700729507695
1 0.5478225869133182
1 0.5189125463049492
0 0.5099483491293076
0 0.512419268603325
0 0.5336754906351038
0 0.4984533755376543
1 0.4627167023316484
0 0.524574698710534
0 0.5243591600885193
1 0.5018518691653767
0 0.5514869266874214
0 0.5134452831118285
0 0.5451768895552477
1 0.5203304691463656
1 0.5217173748114622
1 0.5326951984524801
0 0.5388596097302721
1 0.5199139407971588
0 0.4746880163083935
1 0.4873026782431318
0 0.46682158525475415
0 0.45827078073151134
0 0.48331806067542976
0 0.4666818535935691
1 0.44063994420465424
1 0.4364807104440285
0 0.412416361820725
0 0.43324253879265495
0 0.4176457569889021
0 0.4420396307820814
0 0.4587871715452654
1 0.4364911825662809
0 0.46414649195678437
0 0.44930413773131683
0 0.43958930661674284
0 0.43462602216419527
1 0.4079621703953424
0 0.41623636341005976
0 0.41555649601587985
0 0.3941536895956033
1 0.39369681549192453
1 0.44638961910810815
0 0.46250895451073665
0 0.4497509794919292
0 0.48382926778080126
1 0.5005808331339213
0 0.4947918045098717
1 0.4501271796926687
0 0.4553906777106977
0 0.44372164640903294
0 0.43413149195281037
0 0.48532590968390593
0 0.49321410170563557
0 0.48782597570848313
0 0.46085400281309113
0 0.4835835066728287
0 0.4662739352938673
1 0.4842733957421051
1 0.47952989922093764
0 0.4557650623432795
0 0.49765335245548303
0 0.4498840169408456
0 0.47598921688990176
1 0.5184392201281535
1 0.4868057735884521
0 0.4705305966011489
0 0.46589723353329193
0 0.4816255444573676
0 0.453695998693049
1 0.47744238500402
0 0.4719712937046812
0 0.45039418985392976
0 0.42531348009142766
1 0.45645942177125215
1 0.4654311965899744
0 0.480487488863639
1 0.4677868079899605
1 0.4972564783966842
1 0.4923336589331943
1 0.46035963908870525
0 0.4611194579032665
0 0.47713088561913364
0 0.48132853333125875
0 0.46073615458739325
0 0.46082224643857006
0 0.4823313970928123
0 0.5106759977381001
1 0.48562308058742676
0 0.49819355052379344
1 0.4751167883130023
1 0.4684997238696464
0 0.4419767115667466
0 0.4982435427459469
0 0.4519984127293032
0 0.45575736692945773
0 0.4497201524191547
0 0.3953260225944709
1 0.4160850463019964
1 0.43283458203837655
0 0.41601587162248427
0 0.4216493697972359
0 0.4400061706340509
1 0.45200682908415973
0 0.416073823010683
0 0.4307210465211094
0 0.43488854115323294
0 0.42765353102754944
0 0.4147380956802083
1 0.40578683754796036
1 0.41259084126062673
0 0.37476175190629235
0 0.3818856227704727
1 0.3855679514282865
0 0.416655690839605
0 0.41784347006908645
0 0.40779129770907846
0 0.38631442447269426
0 0.40249311865931797
0 0.37636255367921845
1 0.37054972690173305
1 0.35471766223297363
0 0.35949918980755863
1 0.355783161643429
0 0.3454019560769995
0 0.3653155399712166
1 0.3612880441502935
0 0.359453486973164
1 0.3585828014908631
0 0.3498056700896424
1 0.3542470449129118
0 0.36270826345695434
0 0.3567610373315344
1 0.34597148894985624
0 0.3539635465731811
0 0.35679114271741225
0 0.3562534029362594
1 0.35030549719561066
0 0.35616299777291055
1 0.36324630826792786
0 0.361922872704389
0 0.36117217572347526
0 0.3530569764487734
0 0.3473403810796737
1 0.35577549884463344
0 0.35239392899346605
1 0.3511156212267741
0 0.3563755749616043
1 0.3772217962375362
1 0.3665013004555745
0 0.3577495548906209
0 0.35966325552502054
1 0.3726466191116401
1 0.3559690420622036
0 0.3636431477984365
0 0.3753450470152086
1 0.37045173928088365
0 0.3764177564395924
0 0.40198973192937554
0 0.433212779842906
1 0.43174465356306807
0 0.4278929112053167
0 0.4343828852026669
0 0.41811791722992087
0 0.37223637329597575
0 0.35228720431692584
0 0.3993302729584168
1 0.4382880028193169
0 0.4191531664622581
0 0.41905789323776754
0 0.4382068456990366
0 0.4219724662341608
1 0.4309846491223211
1 0.43979978311680323
0 0.43895576209867604
0 0.43249609904100417
1 0.4339793946081696
0 0.4163018566785432
0 0.414571207557588
0 0.42413270804347786
1 0.4034948759888192
0 0.38584212602708157
0 0.39628718738180224
0 0.4098321545885792
1 0.4336094602467262
0 0.4142461502387428
0 0.44636454470202513
0 0.43647065657080547
0 0.42553584265327016
0 0.4196876757573396
0 0.4336647427206813
0 0.3961112527994846
0 0.38022423803870786
0 0.369730712062907
0 0.4339006474121139
0 0.444010080898244
0 0.44558802345131654
0 0.4337382158888041
0 0.46211216532633814
0 0.45192029665878225
0 0.44993533738615915
0 0.46916591732739554
0 0.42480687329063604
0 0.43845684231381665
1 0.43695738262568584
0 0.4032211358674309
0 0.4388329349358234
0 0.4292207977838915
0 0.4381861725937628
1 0.40218702446600196
0 0.42289363760110343
0 0.36738170452213853
1 0.3894384498056161
0 0.3629966435244132
0 0.40639401012808063
0 0.3974982455532194
0 0.38950151567810365
0 0.3849829295812922
0 0.38453274202144705
0 0.4094835689402665
0 0.38041160622907216
0 0.3971555332713221
0 0.41309228254250857
1 0.425085000100643
1 0.41432704264098175
0 0.457624574009683
1 0.452699134189119
0 0.4288198735071878
0 0.43085997889743194
0 0.4248310241006516
1 0.42381817033872676
0 0.42840558844450616
1 0.4097813680282512
0 0.392910084247865
0 0.40779222711105734
0 0.42382619508273556
0 0.41780297348991263
0 0.4220064872279794
0 0.43119186983187346
0 0.4031897772754156
1 0.42575265278947483
1 0.39212682345877214
1 0.38509562508984857
0 0.3689846309132079
0 0.38076469739650387
0 0.37555551471336396
1 0.37446864333312063
0 0.34868155599625333
0 0.381953853089616
1 0.4096335761027799
0 0.4087985433577975
0 0.3986931321585025
0 0.4205776271276678
0 0.36632192706186295
0 0.36241421629031345
0 0.3646428257869834
0 0.3761728345708704
1 0.39616577267447306
0 0.41753109908132646
0 0.392411196528667
0 0.42966310255191403
0 0.4512343649467841
0 0.4051158172328681
0 0.4018731955773245
1 0.3916723186175052
0 0.4068302355194363
0 0.374514356557735
0 0.40765256005567574
0 0.3965441658769874
0 0.41953181121295974
1 0.391648196697708
0 0.4279772245899768
1 0.40073966586761156
0 0.42759856107419764
1 0.4056925088920788
0 0.43530549181577155
0 0.45607619993495
1 0.4722300749922344
0 0.41464951763115604
0 0.4463521638157631
0 0.4205604456598825
0 0.4081729861797652
0 0.40119757844308035
0 0.4142091745891865
0 0.4294469150738314
0 0.4072528092209366
0 0.39001857288342806
0 0.3939694117834013
1 0.43631700515551336
0 0.4094031559275447
0 0.3868192464113644
0 0.3638839871979761
0 0.34635082635932124
0 0.3688952843262152
