0 0.5365458064961512
0 0.5228894830966614
1 0.5252717104824033
1 0.49758954320952237
1 0.49578472016693065
0 0.46913533363754406
0 0.4977632528457762
0 0.4839542246688743
0 0.5339767037173232
0 0.5300534197445023
0 0.5304182221544075
0 0.5236600284312043
1 0.5005835325788351
1 0.4844410137903444
1 0.48311007542382767
0 0.48480018774105793
0 0.5362391567761529
1 0.4929118128025647
0 0.5127747385351585
0 0.5208994591444446
0 0.4909991332666295
1 0.4756939460468555
1 0.5030928731355518
1 0.502881708806221
1 0.4897201617737822
0 0.4725596346991792
0 0.4922421067073933
0 0.4680736958912249
0 0.4526590410501628
0 0.4779506660640721
1 0.49182915428908375
0 0.5230195271377913
0 0.48853321106869363
1 0.4571061425494695
0 0.4925728057757372
0 0.45917546969926815
1 0.44388558429705116
0 0.47648672777385975
0 0.5163768218461242
1 0.4867543190273094
0 0.4746997782742998
0 0.4849296289494101
1 0.5117742920020745
1 0.48928842504316106
1 0.4975169293122596
0 0.47925098255974397
1 0.4616265642359174
0 0.4747391672638576
0 0.49616283571955855
1 0.45798078814437587
0 0.45213259717394694
1 0.44900504062700636
0 0.4917797788316625
0 0.49678624959215906
0 0.5084170144881702
0 0.5495660804091567
0 0.4890490197303102
1 0.4771679829833517
0 0.4819949012784204
1 0.49363533682444716
0 0.4913997943613174
1 0.5365031646927566
0 0.514150981035298
0 0.5259863704510418
0 0.45496236457990136
1 0.5018890302812502
1 0.4522310654216363
1 0.5006254037379609
0 0.4930197609597729
0 0.502605892424292
1 0.5019380715223991
1 0.49409036833003395
0 0.4731074464183379
1 0.44714401340602944
0 0.47747214601558097
1 0.49952789941677256
1 0.45222582191961774
0 0.4639558664177097
0 0.45855781831599896
0 0.465169556809491
0 0.48297839438051476
1 0.4858269229606822
0 0.498438063844867
0 0.43866553809763265
0 0.46569178202928596
0 0.46853687464968213
0 0.45336482723107246
0 0.47688915231266493
1 0.45390847636234194
0 0.45027848507235574
0 0.4679883095514917
0 0.4645808450027591
0 0.4686249423353646
0 0.46269282574373727
0 0.48009621908679945
0 0.47321357018218013
0 0.4776683938116743
1 0.4782990557225035
1 0.43589157648188936
0 0.4721443453402845
0 0.48194459717454774
0 0.4593622950456888
0 0.45880207195147443
0 0.4665624721944812
1 0.47963758587308775
0 0.4745596631676169
0 0.445843791617425
0 0.44318585239897784
1 0.45892381057873854
1 0.5109475561799429
0 0.4568257975333008
0 0.4858230272070394
0 0.4928686686282501
0 0.4842401966037907
0 0.5440337398611378
0 0.4865962827620271
0 0.49734277427416057
0 0.4860293010464555
0 0.4976026959966729
0 0.46761200657719054
0 0.4710215868123034
0 0.47280201148782736
0 0.4531527630001678
0 0.4909315562866324
1 0.4654571471893492
1 0.4568012668934756
1 0.45795788378037433
1 0.43276144272381223
1 0.4350956553379764
0 0.4601458087993446
1 0.4400992252449825
0 0.45602776838687115
0 0.43935290721838466
0 0.46290115067341575
0 0.4868306575065172
0 0.44413381948802616
1 0.47351615734512625
0 0.46891480435224464
1 0.49268784097810914
0 0.4428158393815496
0 0.48458536950327824
1 0.47059105716473926
1 0.48901386156172366
0 0.47910629279304684
1 0.4688560260477179
1 0.47485559332877963
0 0.49663005187257075
0 0.48571494687778266
0 0.43450413257079123
0 0.4627395256176676
0 0.4707147027411179
0 0.5052229449288544
1 0.49497643006530234
0 0.5047280263761104
1 0.4614392371292156
0 0.5016960847510783
1 0.48399267145537067
0 0.46261595095599506
1 0.44858750354770127
1 0.48089401190119213
0 0.48166084307529117
1 0.44614700631644455
0 0.47149096104165283
0 0.4691734511761539
0 0.42967001940621147
0 0.46564940200509397
0 0.4827478287079034
0 0.4680014163590551
0 0.4303674858065647
1 0.4419048074763782
0 0.4426673094164884
0 0.4488965627468496
1 0.4302947877992764
1 0.4356055805210034
1 0.45831937912206505
0 0.4658383679432035
1 0.44877813207718903
0 0.45837502181560275
1 0.4514474684751349
1 0.43972896401504197
1 0.45591285535936293
0 0.45515924632748683
1 0.47908635724677867
1 0.4492141882387706
0 0.487009836490317
0 0.4772565461285363
0 0.43717116711816134
0 0.4546499866371316
1 0.44854844083581447
1 0.43600918283922263
0 0.42913475843475263
0 0.43714459412835566
0 0.4281368006027977
0 0.4262444371311147
0 0.4192028750967165
0 0.42049190878814363
1 0.41883646730795754
0 0.4221197491115793
1 0.41944229040416375
1 0.4185542497808152
0 0.4234905164855628
1 0.4282705200754351
0 0.42578609033779297
1 0.4255473618350186
0 0.41412165989330435
1 0.4281630571313676
1 0.41800731264462737
0 0.42094450358074664
0 0.4170342444787887
0 0.42703952501114734
1 0.4303407967139183
1 0.4230442027994478
1 0.4121796446593854
0 0.4304715073501015
0 0.4227022095890885
1 0.4268488780122621
0 0.41701449709965727
1 0.4268219895337413
1 0.42080757463067775
0 0.4249213238141996
0 0.42686068765464336
0 0.4246096232928836
1 0.44699853655808874
0 0.4435774925537856
0 0.4419161429763374
0 0.45274866390278196
0 0.4238787765919292
1 0.4302088297532915
1 0.45565682125380624
0 0.46458756229167303
0 0.479779375688198
0 0.4548729359158533
0 0.4502091032210369
1 0.4558158393601548
0 0.44531012822843574
0 0.4646849360977093
0 0.44714503723253274
1 0.4274552494887227
1 0.4402588213974212
0 0.4361337894502839
0 0.42759268760289726
0 0.44097150357425263
0 0.43972942836312484
0 0.46403274774313125
1 0.4581693113935675
1 0.45057852636796614
1 0.4985243782266672
0 0.47683063372862616
0 0.4551109592492626
0 0.44976359041795533
1 0.4920105790096404
1 0.450016302466946
0 0.439371817310115
0 0.4495046945926032
1 0.4907000828528093
1 0.4686791371815546
0 0.437266637842757
0 0.44513221197037356
0 0.4608915804787241
0 0.4362341388961147
0 0.4451422320865996
0 0.43565616058619805
0 0.436809479650701
1 0.44273225690142654
0 0.4825719621192016
0 0.451727275665256
0 0.44095533728216807
0 0.4544352374884399
0 0.45657185971129566
1 0.4724272590136333
0 0.45767384787890425
0 0.44827198788642736
0 0.4686944587004376
0 0.4771588394715431
1 0.4726688486781405
0 0.4720816028235923
0 0.451845764411615
0 0.45908440012283147
1 0.4700995104981773
0 0.42967709556393285
0 0.4336865010924481
0 0.4655052870716629
0 0.44262585757642037
0 0.46572147281142773
1 0.4502305064920704
0 0.47623673846444237
0 0.4506951265606612
0 0.43472367453862454
0 0.4875101361116958
1 0.4856556582104112
0 0.47249351053357397
1 0.4466247835996743
1 0.44736882434782577
0 0.45857952405988744
0 0.4557957005181279
1 0.4249366932110121
0 0.4232373790751229
0 0.4174916688933425
0 0.4433502461771944
1 0.43214454635571536
1 0.42506048997504214
1 0.4204563770113429
1 0.4278652473756498
0 0.4333950309132013
1 0.4255416871102725
1 0.44519871785371834
0 0.4500646660019959
0 0.44686242819864874
1 0.4497260667748749
0 0.4332757221784772
1 0.45821073271866597
1 0.42947934894841255
1 0.4756292425491316
0 0.44170964684800873
0 0.44717615543378253
0 0.4421238455289529
0 0.448786186422667
1 0.45481376868713214
1 0.4124964946993343
0 0.4413578907447374
1 0.43219990694224214
0 0.44686616943483476
0 0.4426487706832635
0 0.43494639017084075
0 0.4280802072104708
0 0.4624248918037136
1 0.44397202095603944
1 0.4846901222977853
0 0.4550204818107218
1 0.45478110814114736
0 0.4419778374251471
0 0.466238764597528
0 0.4497010298277012
0 0.4604672281518964
0 0.45430149470398856
0 0.4699078081511412
1 0.46840020021646395
0 0.4560233622308659
1 0.437674186801894
0 0.4757334203829889
1 0.4546816782252904
1 0.4420791504591483
0 0.4559153910952803
0 0.4454413931776772
0 0.4815657096280791
0 0.4374145364861257
1 0.4222439279833151
0 0.41202629545208463
0 0.42034054083410066
0 0.427472547912673
0 0.4225451524411712
1 0.4426956686196895
0 0.43541378118773283
0 0.43894438277527087
0 0.45357747438070944
0 0.470614872314749
0 0.4741051766509574
0 0.44902112807239036
1 0.4954584279098325
0 0.48680178185790585
0 0.4903692816515503
0 0.42810465444788215
0 0.43922968494104025
1 0.47158584952813554
0 0.4967740996080498
