1 0.47516166792609377
1 0.4686179269946617
1 0.4896034833044144
1 0.46703769742118056
0 0.4601113933041216
1 0.48886652631293875
1 0.48993351832616827
1 0.5048873562343404
1 0.48682120026106024
1 0.4927480673986539
1 0.4839666260529987
0 0.4989200085417525
0 0.49377828764194376
1 0.4923100909090639
0 0.49069935921980995
1 0.5130126637324383
1 0.5145031669297979
0 0.4644876587596726
0 0.47887344933198256
1 0.4729423383012562
1 0.4900655467877074
0 0.4653366828245304
0 0.49304474780426355
0 0.49170094749837046
0 0.507149480172261
0 0.5170633696452493
0 0.49213179872038154
0 0.49528680595119823
0 0.4873629211202911
1 0.4735216561128008
0 0.4835194181713778
1 0.47591817182981067
1 0.49356426462656355
0 0.4807210602793873
0 0.4879514921532896
1 0.4948976598157101
1 0.5019685385214854
1 0.47185927237187386
0 0.5050603395136288
1 0.47301142931068535
0 0.5118467615535259
1 0.460333371902448
1 0.49135673079217024
0 0.4660961348733795
1 0.4866305144564234
1 0.4677142862379228
1 0.4499146985311766
0 0.4980196173994229
0 0.4822937753624686
0 0.47297160423258766
1 0.4809736116242018
0 0.46110212078385937
1 0.4654015428531474
0 0.4628998372446162
1 0.45937764715034934
1 0.4620875321766818
1 0.47176942155564094
1 0.4589340456538333
0 0.46683898283994274
0 0.49440773556113354
1 0.4597221975214421
0 0.47592858977564695
1 0.4907674233057776
0 0.46451111291139396
0 0.46363305166244306
0 0.47824929450242715
1 0.47316472107433
0 0.4995564269323996
1 0.479735997581809
0 0.4901344224692704
1 0.507131973782996
1 0.48204505568159656
1 0.5152788737619581
0 0.4841146212728515
0 0.49420617737942946
0 0.4923875704189289
0 0.5126024571890171
0 0.5020356734006459
0 0.46970306261278977
1 0.4775906639745692
0 0.48918529081610895
0 0.49490645274596784
0 0.49165956756820395
0 0.48591966254822866
0 0.4839108292410933
0 0.4647397622837736
1 0.4955785410709911
0 0.4561250824350845
1 0.4880097206710787
1 0.47402715337352974
1 0.4788962722814872
0 0.45038467703482604
1 0.4662929003400043
1 0.4903672735945284
1 0.4822751792588193
1 0.49737177705303787
0 0.47017299251900246
1 0.4756462778355746
1 0.4781938375350288
1 0.4817156761688171
0 0.48128459715148564
1 0.4986442344259957
0 0.4942073022173841
1 0.4899006446815879
0 0.5096702665107606
0 0.49462935035735317
1 0.47479954770267613
1 0.45879561641236377
1 0.48900445214524363
0 0.46956135831694584
0 0.46655889762303143
0 0.4775744878591494
1 0.5119597092921389
1 0.48873163364332056
0 0.4896057222744789
1 0.48868412577956444
1 0.4660174126796286
0 0.46752485150170725
0 0.46809527481388047
0 0.47722025257382056
0 0.4491602830586783
1 0.44916173443981716
1 0.4724215246838783
0 0.46334645897277293
1 0.43767444793111365
0 0.4831695032141926
0 0.4771928485138341
1 0.44858075476990417
0 0.45308769151533324
1 0.46304846186181775
1 0.4633501154124627
1 0.45615102769082194
0 0.4281004014709599
1 0.4635199342491415
1 0.4770373803856108
1 0.4616713540146979
0 0.460760404871645
1 0.47219151701588946
0 0.4709862972892165
1 0.44850258793903885
0 0.45779144151346635
1 0.47937804090927494
0 0.4630414599508401
1 0.45677566420660715
0 0.461938672983569
0 0.4739165227461944
1 0.4643109208520612
0 0.4809575875242177
1 0.49169818609036037
0 0.4718069215108014
1 0.4952512483479588
1 0.45006797551204464
1 0.46890881446881433
0 0.46780715244942056
0 0.491003721208108
0 0.46615103777843653
1 0.46938652399684716
1 0.4727643137269013
1 0.4843674616387519
0 0.47230238285852894
1 0.4843118854875692
0 0.47703770255462324
0 0.464789233005111
0 0.4680067847300777
1 0.47555844316882756
1 0.48105337563578293
1 0.47732876748615327
0 0.4813131814846921
0 0.4870970996887807
0 0.4756575215171581
1 0.46704008549437065
1 0.45616024505234953
1 0.464453180869476
1 0.46328600918367663
1 0.44827953377777646
1 0.45324407813010265
1 0.47835373032994405
0 0.48264298640840925
1 0.4719919944220434
1 0.4984852159841063
1 0.45706317957977843
1 0.45475903560214337
0 0.45476083236959547
1 0.4729242843251378
1 0.46158504460312516
0 0.466558207662253
1 0.4580509297014304
0 0.4783622220534905
1 0.4633100142304779
1 0.4564281297140209
0 0.4881518420322587
0 0.47647755920756246
1 0.4777860587704854
1 0.453467049633488
1 0.44830627435522
1 0.4669221501148421
0 0.46918295861871084
0 0.45870306245645187
1 0.46701352310670347
1 0.4645656775095377
1 0.47268449737543095
0 0.47449930165307935
1 0.4799720390434423
0 0.4455375658489447
1 0.46253333847851197
1 0.45624643159442557
1 0.4519672905745797
1 0.43256231159650343
0 0.474831969135627
1 0.4751798282747438
1 0.47444298419810893
1 0.4820366735137558
1 0.4558285316088528
1 0.44851639159577106
1 0.4676619282413293
1 0.45491889686237064
1 0.4440901952340254
1 0.4816399122561638
1 0.4549190300071441
1 0.4731188817585532
1 0.48336718406488155
1 0.46549016049830244
1 0.4657692936512726
1 0.4812418714729208
1 0.464036146144955
1 0.4579209661620334
0 0.47241458486693416
0 0.45578140317564164
0 0.43306977592696994
0 0.4764730646596514
1 0.4723079036654817
1 0.47453235395228605
0 0.4899286020530623
1 0.48125571330185973
0 0.46353755872925867
1 0.4892983903315444
1 0.4624204966144621
1 0.4544712459199222
1 0.4710738735688054
1 0.46676266084077045
1 0.4682448288837888
1 0.4803287958200556
1 0.47016156285343097
1 0.45590325853537844
1 0.4699232612624697
0 0.46382911899953505
0 0.48483099395066437
1 0.49850936412127866
1 0.44816654833144604
1 0.4621752881188115
1 0.46432432816742614
1 0.4593906231028
0 0.44366002170591684
0 0.44029287768868364
0 0.45924499829284676
0 0.44732914927863776
0 0.4633091092280335
0 0.4660324771673677
0 0.4725859808880569
0 0.4789307385382719
1 0.45580622803745774
1 0.44139033977767256
1 0.46438488509486203
0 0.47610777265904836
1 0.49401785085558014
0 0.4934546939904217
0 0.47532133606720434
1 0.4858864837331123
0 0.4909109300980333
1 0.47196878905729445
1 0.45900000249770456
0 0.463616092400431
1 0.46505658091119656
0 0.46832835816687246
1 0.5012943982432013
1 0.47689676735371483
0 0.4550433522693076
1 0.46000953956032725
1 0.428938707720873
0 0.4395409395753437
1 0.43704182524409735
1 0.4595000101136025
0 0.46364030329882017
1 0.4495270104607853
1 0.4641940597877818
1 0.46050602888094544
1 0.45327771333896144
1 0.44827084122920086
1 0.46752225112681556
1 0.4504787118475481
1 0.44106301966979244
1 0.46190639392006644
0 0.4738443090660339
1 0.48025754173910656
0 0.4916382520850151
0 0.4904230149976415
1 0.4723236009345648
1 0.4657182543218618
1 0.46500651938812
1 0.48864445562867115
1 0.47151217944641155
1 0.46621277333029865
1 0.4745331472338774
0 0.46630251660938105
0 0.4636565982819053
0 0.48144710781526445
1 0.4639586386802591
0 0.4873641163033516
0 0.4664272362293301
1 0.4669716601209123
0 0.4920388007446377
1 0.481596439999256
1 0.4616754336068127
1 0.48217750283501465
1 0.45818517499627076
0 0.4443943763868052
1 0.4775543696929586
1 0.4458928822036128
1 0.4655719850793057
1 0.4698899128230318
1 0.480431501909156
0 0.4742281658054507
1 0.4822307900125501
0 0.4778182442561609
1 0.47434546200619443
0 0.4658760107747975
0 0.4817905525909915
1 0.4694275511274742
1 0.48339659574540017
0 0.4684441234000229
1 0.4732299393446147
0 0.48179388360624387
1 0.48917791099781255
1 0.47524265447395464
0 0.476182029719345
1 0.48418013465179893
0 0.4771608409046779
0 0.48088032781277906
0 0.49958367234412315
1 0.4784594262386314
0 0.47468370318378666
1 0.5000037444903697
1 0.48436125406763897
0 0.47429447100176503
1 0.4757006280681626
1 0.44000743655436236
1 0.4581910973302812
1 0.450881885783866
1 0.4592298626149529
1 0.48715699397291845
0 0.4691582743695298
1 0.4681307662253014
1 0.48964008258870806
0 0.49617085312045595
0 0.4544872681710818
1 0.46023114411378263
1 0.455880336411153
0 0.46362091456274657
1 0.45090730341289526
0 0.47734450735094336
1 0.4574898910782456
1 0.469227627681682
1 0.4848002315691663
1 0.4810404042813212
0 0.47464806079085337
