0 0.5045452221521759
1 0.508685023180131
1 0.5374115844240333
0 0.5219171484959301
1 0.5072547748977171
0 0.5096987304623211
0 0.522162705383582
0 0.548338802749547
0 0.4941898739181993
0 0.5023297049374139
0 0.49621306527924597
0 0.5163974948616123
0 0.5498193969463337
0 0.5089101811218206
1 0.49270167218738625
0 0.508121131365235
1 0.5306395372423793
1 0.5127929669726509
1 0.49091813331478523
0 0.5504835152575897
0 0.5064878220885395
1 0.4796750359898787
0 0.5129128828763613
1 0.5158115032625987
0 0.5221210077461463
0 0.512217248279175
0 0.491394135994501
1 0.49940750788439425
0 0.49878230667443996
0 0.4835202190950364
0 0.491639109274629
0 0.4690898102393585
1 0.4785949202210213
0 0.48473377503590676
0 0.4902488831162027
0 0.5252566595017505
0 0.4950466626489524
0 0.4926767860136166
0 0.47043632331262053
0 0.4994336158637785
0 0.4873395405059844
1 0.4793615148143058
0 0.4524237146634413
1 0.49491045866749556
0 0.5049063475566398
1 0.5029946304138919
1 0.48944488878601844
0 0.4962849512847359
1 0.4666992305005455
0 0.4916714348477268
1 0.5079981169919472
1 0.5076795866889352
1 0.5198063680707445
1 0.4793636489747365
0 0.4234538486169444
0 0.5062469689010174
0 0.48194568057166287
0 0.49933301298131794
1 0.5069778804822886
0 0.5113400654726361
1 0.49230654981125416
1 0.5075335669328821
1 0.49132727260128906
1 0.4694556353819894
0 0.4746226833643088
1 0.5112476241860001
1 0.4885633606162663
0 0.5045970125909642
1 0.4785377731460856
1 0.5106421123231547
0 0.4913673653541904
1 0.5085703483415971
0 0.4890227693249157
0 0.4923520314863192
0 0.4816914385420924
1 0.4942958838534403
1 0.4975035977616319
1 0.4918695641474784
0 0.5006826517878712
0 0.5143418514687365
0 0.5110007812723313
0 0.5023151686284654
1 0.49190163811478305
1 0.4811562550329236
1 0.5094184264540533
1 0.4989690562112147
1 0.5010633155826643
1 0.4906012117459972
0 0.4766154840026586
0 0.4870426559626906
0 0.5164067051031571
0 0.520004227654498
1 0.5168375010173092
1 0.4992424952480421
1 0.45975014950644527
1 0.4807622553839331
0 0.5029761785968548
0 0.4938050513040661
0 0.4831946252632923
1 0.47603785616125116
1 0.48713730198039096
0 0.4834521089782599
0 0.48748079719205833
0 0.46920101828466043
1 0.47828593474730324
0 0.4828695371865252
0 0.49317104245948656
0 0.500399862986899
0 0.4894176697310096
0 0.4780692058861191
1 0.5102217901825272
0 0.4958990455018763
0 0.49178129828852335
1 0.4867779917325255
0 0.513732906007608
1 0.5096940953382592
0 0.4879723743401773
1 0.48571388160710005
0 0.5120892809986772
0 0.49191686781146043
0 0.4945632059708735
1 0.49815597826233426
1 0.4959215216554011
1 0.49134210258731553
0 0.5042612313017156
1 0.49536684417860805
0 0.5175107721580422
1 0.4815240920625638
0 0.5271182182540772
1 0.4930075185479538
1 0.4989909945788519
1 0.50673726850716
0 0.5198653446513763
1 0.5011723156155262
0 0.49493323108594284
1 0.505050860384064
0 0.5094563475041413
1 0.4876442725542162
1 0.48398181289674996
1 0.48088121598529876
0 0.5182293184349779
1 0.5134315471277805
1 0.497512060537268
0 0.4888246012024917
1 0.49448785638780285
1 0.4839747251536397
0 0.49025534977630103
0 0.49431041364734063
1 0.5159377359976258
1 0.5250648990799289
1 0.49887110871381984
1 0.47797074014271573
1 0.4885442214200288
0 0.47873081611219087
0 0.5104191065575155
1 0.4980943650642339
0 0.5018103328965814
0 0.5082429323883533
1 0.5138562760028386
1 0.5141919355598253
1 0.5123806550542412
0 0.5092181980240728
0 0.50168729140679
0 0.5040730074245223
0 0.5416731570651101
0 0.5057509816848835
1 0.48766897113427576
1 0.5163495001366706
0 0.487128897520976
0 0.4975275831946315
1 0.4720017324796287
0 0.5042596688441997
0 0.5001452993967969
0 0.49602966688424494
1 0.49388190993366143
0 0.5346694288966638
1 0.49065718709813344
0 0.48454717074766657
0 0.5055175621160807
0 0.49415283986195047
0 0.47860726012661453
0 0.47717811228323764
1 0.5003611193988384
0 0.46483594180038024
1 0.49264559661254925
1 0.49140719188741866
1 0.48550752040280504
0 0.4904869285587487
0 0.49630583171488124
0 0.4771153611584935
1 0.47369366132589674
1 0.45922575249173353
1 0.4846333730232349
1 0.47046604971336603
0 0.4669856114581129
0 0.46813335448830595
0 0.4536018498444426
0 0.4627722800688401
1 0.4808994611246157
1 0.4878644003582408
0 0.46816172477065937
1 0.47603739482045504
0 0.4757137390919774
0 0.5013391619795176
1 0.4890536938220227
0 0.4811545297040577
0 0.4734872433805419
0 0.45494956538651266
1 0.4708461178757767
0 0.4808450911298867
0 0.45368627233740844
1 0.44876582063769777
0 0.48377171928495244
0 0.47530522472427317
1 0.4781664511119703
0 0.4822645365500045
0 0.4627765752078405
1 0.4655617406279259
0 0.49825732181600413
0 0.45726247884358945
1 0.48198683826428695
0 0.4994576653607418
1 0.48797820351133514
1 0.4827425748988248
1 0.5032025446116106
1 0.5008667464596989
1 0.4918405006463988
0 0.4878457669626775
0 0.5039599581329322
0 0.49778035264389764
1 0.46654479008085525
1 0.49435988005749887
0 0.4943983652189494
1 0.48011050700396746
0 0.5098782105512399
1 0.49162553861498853
0 0.49065963929441114
0 0.4967227178152183
0 0.48547690626555323
1 0.5113312444839114
1 0.4966647534759018
0 0.5169919501423822
0 0.49289203789562336
1 0.47565351743038625
0 0.4653265763274934
1 0.49933494592397626
0 0.5243411753081071
0 0.5318675853542972
0 0.5130680976411995
0 0.5032830297409124
1 0.4841469489795843
0 0.5111308293097474
0 0.5055025132862817
1 0.5015046161127114
1 0.5027276923813749
0 0.5038895264790338
0 0.49475680031230523
0 0.48085605941160037
0 0.48694417783844385
0 0.4851190865731439
0 0.4454356351656601
1 0.45529768064841836
1 0.47530496106210784
1 0.4891898848437074
0 0.4883704587162193
0 0.4699251196028112
0 0.492056038450903
1 0.49481491763699925
0 0.4806866383436942
0 0.4793151263770699
0 0.5044183181515384
0 0.4954605726849222
0 0.49202895965697335
0 0.49915157622376094
1 0.5002626013473244
0 0.49061870399015317
0 0.4704331001623971
1 0.48498906664960534
1 0.49500418634066334
0 0.4633619940286578
0 0.47020998976658923
0 0.4734015574443025
1 0.4801145765331291
0 0.48974010870070694
1 0.4979965613443701
1 0.5239278493083066
0 0.4851331734645665
1 0.4749966561595149
0 0.48437838223275914
0 0.4769513921513276
1 0.4910023085545735
1 0.5211386922486929
0 0.5041550594227476
0 0.4575851458454482
1 0.5022356612246229
1 0.48632357824638756
0 0.47740287760580274
0 0.5036657006832386
1 0.4620305731655829
0 0.4684475620828443
0 0.45265769172110404
1 0.46158402871954113
0 0.49966247321758395
0 0.47795897704028084
1 0.4917433887681152
0 0.47879102587396016
0 0.5036485125010186
0 0.48486454519874667
0 0.49077016150538094
0 0.48300887684767274
0 0.49746130674079875
0 0.4788278984106483
0 0.5054333070571109
0 0.4913187739776567
0 0.4647984105234162
1 0.4718901914710423
0 0.4752498759446039
0 0.47513459221734666
1 0.49605699760684036
0 0.48773436891625543
0 0.4751903183365982
1 0.48446166019045106
0 0.5276382177608112
0 0.4905837165079708
1 0.4856645582812962
0 0.47640895198183336
0 0.4684967751476675
0 0.4789609041028772
1 0.4564379398656726
0 0.4776112970377146
0 0.47209862034583894
1 0.47371767121521097
0 0.4860150863788387
0 0.5066898656998211
0 0.45810840168904526
0 0.4811731029459526
0 0.4921868094521125
0 0.48768104300159876
0 0.4902855979834967
0 0.4894041353457949
0 0.4830760201803433
0 0.4794042466348897
0 0.4705512825251164
1 0.5102111494746432
0 0.4814205530037875
0 0.4696662455361824
0 0.47682551989183647
0 0.4745992575593342
0 0.47235377229341
0 0.4663977156605083
0 0.4833368379513939
0 0.4869127724132908
0 0.4906294058691893
0 0.4701987499334932
0 0.46993190327069523
0 0.4522693161655964
0 0.49350240289394776
0 0.45208943935526
0 0.4545467561314466
0 0.456715171511254
0 0.46679353154414366
0 0.48260782506481426
1 0.46662465177170886
0 0.5149033861971348
0 0.4924160309925829
