0 0.4827478283460563
0 0.4552411683481846
0 0.42202948198567763
0 0.4898604717709128
0 0.4802772774960736
0 0.5133278841990915
0 0.49193973616857295
0 0.45747830203246903
0 0.4991786730402544
0 0.5343360705710586
0 0.4682351642614029
0 0.5163715283338475
0 0.4299010998439386
0 0.3467805694888772
0 0.46534969530650416
0 0.5054293892654189
0 0.4823086786768222
0 0.4250959491196673
0 0.4207537305495608
0 0.49566539729482145
0 0.5156504262958812
0 0.5223048087336077
0 0.47297184620878213
1 0.4827504566186275
0 0.45662851714400804
0 0.4414512929937222
0 0.4639994616678653
0 0.4795492311481255
0 0.5060969737708336
1 0.5136275853491443
0 0.44002492493569906
0 0.4775470602229043
0 0.503565753712368
0 0.48281446077577855
0 0.4996583866246973
0 0.5061829198002187
0 0.4663950062979249
1 0.44748116383216474
0 0.45974693394818195
0 0.48563740825894386
0 0.49338905296904306
1 0.5042460166240428
0 0.5211683968946882
0 0.48405618217668106
0 0.49068703616123155
0 0.4954019333013623
0 0.4792527890213073
0 0.4751599300189246
0 0.48139044412368287
0 0.4922240375082985
0 0.47322444256625584
0 0.4963255937495791
0 0.48954662496114304
1 0.5363012598322591
1 0.5166408502608739
0 0.509991426205139
0 0.5515070596392458
0 0.5223335163974911
0 0.4666148902752589
1 0.465800115311284
0 0.543142948407739
0 0.499985818712375
0 0.45411759800763873
0 0.42148145574791807
0 0.4163741077290185
0 0.5044773843910347
0 0.46562845685938253
0 0.44286888279068237
0 0.4531252938345037
0 0.423860231887598
0 0.48421680619041607
1 0.4217908775314092
0 0.5129184281438509
0 0.5204738152533434
0 0.4911763651189703
0 0.4848780680543912
0 0.49292693258162973
0 0.5070814477861417
0 0.495997077115712
1 0.35980802003297985
0 0.40307818703547044
0 0.4203083132409471
0 0.45721368325088313
0 0.4441130771275996
0 0.4907886726670303
0 0.46807180092134987
0 0.523384897266791
0 0.5115249958155609
0 0.517150089584875
0 0.5041098835444611
0 0.45409615343306015
0 0.474309689408197
0 0.4755556092132204
0 0.5222589480466517
0 0.5164413591329962
0 0.5250502195940717
0 0.5098898174947404
1 0.49525512400356303
0 0.48816059152380287
0 0.5287897099271998
0 0.5063904772565936
0 0.517143670183913
0 0.4715793297711394
0 0.5284040979134123
0 0.5367538980856685
0 0.5457570633964208
0 0.47671067636752185
0 0.5388457563212864
0 0.47897469670573817
0 0.46554314671772107
0 0.5151013219107548
0 0.4810584495484656
1 0.5083893585636096
0 0.49716092043202986
0 0.49101140700306917
0 0.4928404179164475
0 0.4837282314872248
1 0.5321309643022413
0 0.5016468291638942
0 0.5375905801336528
0 0.47320810826009846
0 0.4816033166063018
0 0.530384637863945
0 0.45696710391547884
0 0.468718219759945
0 0.467563044167651
0 0.5024407973859231
0 0.48896358899601755
0 0.4797027477108406
0 0.4634033304628164
0 0.4408840649431689
0 0.5191462192644841
0 0.4841217391016214
0 0.5239294207537963
1 0.4699692322816308
0 0.4976955749269624
1 0.45642278867112507
0 0.491796890884173
0 0.4999268747547682
0 0.5007042657887828
0 0.5268013372833781
1 0.512222920931081
0 0.4807944186412524
0 0.5068928755878067
0 0.5096640924072301
0 0.4753885308738971
0 0.4796933965840363
0 0.46907617579922334
0 0.47403622307549503
0 0.37038249188032657
0 0.3264223417100912
0 0.5384486627731493
0 0.504295834342325
0 0.43060006409814694
0 0.4775293985274873
0 0.4737699800559977
0 0.5285221102238995
0 0.48480453657807193
0 0.5348527535178911
0 0.4676716594257573
0 0.5308863034791947
0 0.4904268493312121
0 0.49700778386847194
0 0.5105351141491786
1 0.4626075775840116
0 0.51140478725947
0 0.5237449676251524
0 0.48125790992851736
0 0.5149357090797629
0 0.50769600181171
0 0.48341363450885094
0 0.5028481252749314
0 0.5237959885718051
0 0.492025363031683
0 0.533474443191194
0 0.5400659913742686
0 0.5228066007437105
0 0.47648459004556126
0 0.520375047735315
0 0.5200013805676196
0 0.48263875950474505
0 0.505332975017494
0 0.482543584366208
0 0.4695587306231823
0 0.5109186780582429
0 0.5272171146377744
0 0.5262433976107481
0 0.47653244764529173
0 0.4752096524929686
0 0.4882410307001726
0 0.5059520463322468
0 0.49818407587431457
0 0.5176844188598766
0 0.49124353342722155
0 0.4938076812850262
0 0.4868146262588154
0 0.4945247151742642
0 0.5404125075323
0 0.5398965980305668
0 0.5026187049223959
0 0.5295919004094816
0 0.5406859760506039
0 0.5042520302390603
0 0.5197574174736106
0 0.48201145663490635
0 0.4821254634626945
0 0.5193859869920077
0 0.5130604597686101
0 0.5522875587672551
0 0.4987916128694621
0 0.5429356551067825
0 0.5384887474288742
0 0.5438679296272593
0 0.5435969821125773
0 0.510863438417817
0 0.5188206276543105
0 0.5163775434382373
0 0.5356525993815723
0 0.5230837831283387
0 0.5270664954323896
1 0.5495858987817781
0 0.4717506459467764
0 0.5356804093625803
0 0.4593219878998015
0 0.5363089527579518
0 0.5300489622138491
1 0.5361207424955688
0 0.5147413192366723
0 0.5523780149236928
0 0.5036588432821036
0 0.5236551378270258
0 0.5247351927211609
0 0.5214777898161291
0 0.4988963451071329
0 0.5274481336364648
0 0.5344784133363311
0 0.5291590161617997
0 0.5033122624391796
0 0.5299963829087883
0 0.54371335889868
0 0.5114505311027158
0 0.4927336875259997
1 0.5234724856128992
0 0.5218141873605572
0 0.5048489667336988
0 0.5013070731161303
0 0.5319167060779142
0 0.5326883725654233
0 0.5314758157111787
0 0.50844583649182
1 0.5487011195749314
0 0.5423844472369203
1 0.5401554668295505
0 0.5290556176025654
0 0.530349055816944
0 0.5420971228604903
0 0.5303349907103527
0 0.5021516889599767
0 0.5161193730867946
0 0.5082422714015975
0 0.5075058334449566
0 0.5005257561242071
0 0.40214188059141087
0 0.4165278076884847
0 0.5330794606097896
0 0.4900460282714591
0 0.5029984794790786
0 0.4982014717715865
0 0.5114287050057963
0 0.5286461107841496
0 0.4488241467329475
0 0.4400925740027079
0 0.4911627201354585
0 0.49713837632754887
0 0.501542815070135
0 0.5151507615143698
0 0.5156491389733786
0 0.4812229304964403
0 0.4849327681018061
0 0.4762208587908736
0 0.5136566670878551
0 0.5042354719865629
0 0.4716991796273592
0 0.5063257527626274
1 0.5134028723049859
0 0.4989330130175647
0 0.513495374502512
0 0.5266958489236299
0 0.5393012081619633
0 0.5278232030424942
0 0.5250940922179118
0 0.5341296621855242
0 0.47765412690183773
0 0.5519380797134174
0 0.5086009656651529
0 0.5434656373460934
0 0.516525791176097
0 0.4952426491742107
0 0.5243091433755359
0 0.48609237692436547
0 0.5114392013847185
0 0.4908789247681563
0 0.5013096493476089
0 0.5005392632591816
0 0.45319238254148014
0 0.5110813445202738
0 0.5321453133449758
0 0.531133201340417
0 0.4975127564151211
0 0.5226164597367983
0 0.5119493316411137
0 0.5448070141357836
0 0.4864756593777025
0 0.5234191944736017
0 0.5529272227547489
0 0.5049349392864741
0 0.5305055860664664
0 0.4810215822025262
0 0.5199904592174991
0 0.46462579541498683
0 0.5443026142386811
0 0.5252698420040696
0 0.5184317219716835
0 0.5499712274214219
0 0.5290558760533121
0 0.5337024605437888
0 0.5255637891407827
0 0.5146397724774708
0 0.5362011830551499
0 0.5497200072739229
0 0.5085461135707683
0 0.5008381795592569
0 0.5042590254508968
0 0.5043393722268942
0 0.5302644850494976
0 0.5155938831777798
0 0.44951707036663163
0 0.4812068833895746
0 0.4283268125393308
0 0.5112394308630909
0 0.4704657542987811
0 0.5457524715055161
0 0.49918132124426673
0 0.4533741508145542
0 0.4802685792195458
0 0.5014858049490903
0 0.4875624529194717
0 0.48427146624381084
0 0.5124838163834864
0 0.4747112137257454
0 0.492610470163124
0 0.4271171537125736
0 0.47814413133303596
0 0.5140386838354366
0 0.5060333009538814
0 0.5179345057750399
0 0.5088111875976067
0 0.5365436289185436
0 0.4877078035714183
0 0.5389187190441859
0 0.5138865585113013
1 0.5001692647215402
0 0.5137184461527409
0 0.48158888184981935
0 0.5229913804452294
