0 0.4626006729598239
1 0.5058924629006855
1 0.5472782311337925
1 0.5060359094270469
0 0.4737611470231555
0 0.5109831707237745
0 0.5198579179009963
1 0.49013670864876624
1 0.5054561484482929
1 0.5075628591480876
1 0.4848029127680983
1 0.4801477998209246
1 0.4999812952672686
1 0.5147826134353944
1 0.4740290189881467
1 0.4889835179605974
1 0.48480358668437046
1 0.49087196216052836
0 0.5062271895754868
1 0.5110090741066649
1 0.475027995933782
1 0.46297062803529415
0 0.4784844446243924
1 0.5162191643412631
1 0.499670760379259
1 0.5206352631713679
0 0.5072764219016078
1 0.4861523709742478
1 0.5158617749971921
1 0.5000742962303466
1 0.5009712293493392
1 0.47573704682992884
0 0.47852872766829535
1 0.513517720454853
1 0.5387677786998104
1 0.5162958140726039
1 0.47947113051939494
1 0.5321110461327179
1 0.49695471783247974
0 0.5217959443482416
1 0.5188428397583098
0 0.48306027565216153
1 0.5221315511405844
1 0.4818391067678307
0 0.4878838642500327
1 0.5227764765323802
1 0.4900036525241585
1 0.5091352628078802
1 0.5034272971317837
1 0.48923688214910915
1 0.5120258948021161
1 0.4918429127974521
0 0.46322286626566395
1 0.4768646512983799
1 0.474283611725789
1 0.4972766329633005
0 0.5485778374659297
1 0.518475499461246
1 0.48785894400654245
1 0.5144622757635982
1 0.4996386934083176
1 0.4826870311086884
0 0.5170783614513015
0 0.49702739583997607
1 0.48348582918799393
1 0.4845684559776789
0 0.48973713419290327
0 0.5173295345802474
1 0.5260789427146928
1 0.4786182372205587
1 0.5278342674766626
0 0.5102326863363927
1 0.5045875141969066
1 0.49340242971766013
1 0.5087586722652421
1 0.5405501722512728
0 0.4845251309536833
1 0.513800421687553
0 0.4804138287206074
0 0.5028786476326809
1 0.5050188961209665
0 0.48454097876558416
0 0.4996268892836293
0 0.5068166491013649
1 0.5021055238380406
0 0.48920834589692347
1 0.5136710893915905
1 0.5092886949022243
0 0.5327778999841039
1 0.5257034010837283
1 0.5085194532669383
0 0.5093625641038405
1 0.5000006615920646
1 0.5300735823437109
0 0.5346711880370272
1 0.5071354575763612
1 0.5101243232568852
1 0.5453441062815494
1 0.5139675340175832
1 0.46284652170015406
0 0.5320809167788144
0 0.5217895250524253
0 0.5053487602514952
1 0.5089106749007535
0 0.5037584491604269
0 0.518132546038453
0 0.5233110940731907
0 0.5444105554028935
0 0.5092642924126662
0 0.5518634711410999
0 0.5281551596921734
0 0.5135297618925755
1 0.5170565235671782
1 0.48663425466094057
1 0.519135517617324
1 0.5110990303632788
1 0.5016376049770953
1 0.5241993971630853
1 0.5419356311133033
1 0.5259745725072158
0 0.5142562502536372
1 0.538339352501969
1 0.5160031373028467
1 0.5272645755088291
0 0.4921356821876462
0 0.5653153532976964
1 0.5182904052652695
0 0.5083626097196913
0 0.5017074136732564
0 0.5283343059372131
1 0.5293738237611753
0 0.5363953969640732
1 0.5128369823785596
1 0.504063840253648
1 0.5000662325917217
0 0.48258378868133706
0 0.5075125703656778
1 0.5317733416044103
0 0.46604333263488634
1 0.47156683331338745
0 0.5080482344027871
1 0.5144217357976321
1 0.49680093433839656
0 0.49447382522506905
1 0.47390874817384193
0 0.5175422380867644
1 0.5117356685674336
1 0.5030538204006826
0 0.47651767637967796
0 0.49589027435623867
1 0.5064475283077033
1 0.49130761351678964
0 0.49217500567890576
0 0.49660407089048886
0 0.5010268295541551
0 0.5239554268335856
1 0.4634625650326428
1 0.5268924181301624
0 0.4779891194699944
0 0.495822204298022
0 0.48627557920500114
0 0.5236310720686388
1 0.5294351156677435
1 0.47970749720317424
1 0.5157205700551263
0 0.5319713739739523
0 0.5232461298901692
0 0.4745771003854341
1 0.5199259374530308
0 0.5211186843813845
0 0.5210645548504625
0 0.49565464867829107
1 0.49679810212964687
1 0.4725679622159634
0 0.5410896559758421
1 0.5255509699219381
1 0.5374405353243429
0 0.5239347026432277
0 0.5371760500022899
1 0.49953816713887184
0 0.5225412374533
1 0.4873880919973277
1 0.4994476094836634
1 0.535439645420486
0 0.5126080921749182
1 0.5093520218836824
1 0.5374626105449833
1 0.5190017875708898
0 0.50975215152
0 0.5130802429281959
1 0.5160895982923867
0 0.48807358658991506
0 0.5526455898272316
0 0.5205683376590838
1 0.5665473414857624
0 0.5374661332398938
0 0.5623285142959485
0 0.528102815163037
1 0.5134978297608626
0 0.5126649644355165
0 0.539177235644271
0 0.513233702238462
0 0.5116374172595959
1 0.5186027432869884
0 0.5260519957037992
0 0.5137068147847949
0 0.5495868664002576
0 0.509194644536979
1 0.5604580921569451
0 0.5441891097602886
1 0.524520302328924
0 0.5147173882126228
1 0.5256682351618961
1 0.5268017360609885
0 0.5301650946723082
1 0.536069152235652
0 0.50770341779985
0 0.5254755943135994
1 0.5285098828117888
0 0.5208931314116452
1 0.5181855504195558
0 0.5225887939207675
1 0.5317973992631198
0 0.5004076834166474
1 0.5136544146914946
1 0.5148527733120437
1 0.5151456483947745
0 0.4984784528800651
1 0.5179858587042578
1 0.5501642876808492
1 0.5071300542152931
1 0.5234175478369449
0 0.5130449831385198
1 0.5006496177838224
1 0.5001231856018812
1 0.5352302535052974
0 0.5280062739160727
0 0.5176298095233
1 0.48494715752396567
0 0.506663277063064
0 0.5226613376564416
1 0.5100311745989935
1 0.5147449442586858
0 0.5085422342174064
0 0.5170935996111818
0 0.4934032138778323
1 0.49114413416670294
1 0.4816269434524182
1 0.5063689399786268
1 0.5028764517595637
1 0.5188366362484101
0 0.5360207431477088
0 0.536955198820515
1 0.5581372821033564
1 0.5555568850724196
0 0.49856265178797676
1 0.5319011483406315
0 0.5312252055800892
1 0.49443729851900653
0 0.5147949878084888
0 0.49377245858583685
1 0.5054152240837989
1 0.5291031510866568
0 0.5309854976703721
1 0.4736964910413977
1 0.5022394677656785
0 0.5146035146513205
0 0.5290637253107153
1 0.5049498373259936
1 0.5107560012329112
1 0.5202909055084282
1 0.5140108678763244
1 0.5161734748731829
0 0.5278711223121666
1 0.5220534913963908
0 0.5210035559912236
1 0.4874682557389808
1 0.5407548245729957
0 0.5074759228320324
1 0.5331227370946677
1 0.5127555051352177
1 0.5048944959969545
0 0.5315570527518133
1 0.5475865848167026
0 0.5715776326264143
0 0.5235774049539378
1 0.5541085052920777
0 0.5169833969180574
0 0.48478810220567964
1 0.480122151225682
1 0.5477150531195881
0 0.5022723293679202
0 0.542482074486514
1 0.525386346954276
0 0.5487325240201585
0 0.49784508254261656
0 0.547438743882967
0 0.5350176804261481
0 0.5122104949566944
0 0.5053935831962989
1 0.527455284603819
1 0.4997967202364435
1 0.5101793168899208
1 0.533606040107707
0 0.536746305828712
1 0.5541571686349585
0 0.49216622671970206
0 0.4923376248746349
1 0.558382804597934
0 0.5236381615572305
1 0.5004773354678936
1 0.527327104565606
1 0.5241556576956576
1 0.5165762130755865
0 0.5265852059554824
0 0.5087126259999165
0 0.5208266676670803
0 0.5234791232337789
1 0.5092622921363599
0 0.532151774415192
0 0.49125427706565344
0 0.529415657150158
1 0.4968119564686278
0 0.535522152223044
0 0.5061681828046091
1 0.518277433334099
1 0.5054557844277758
1 0.5159751372832995
0 0.5435893250449901
1 0.5292801183672544
1 0.5446095958750208
0 0.5174710236488793
0 0.5254476276932435
0 0.5195404824684998
0 0.5100603695620198
0 0.5075597206117052
0 0.5337297222202394
1 0.5428839058220681
1 0.5198617823170609
0 0.5236106956001262
0 0.500595094521647
1 0.5023063613571553
1 0.5078349948142319
0 0.5341936584536047
0 0.5314205432979007
1 0.49524830240373385
1 0.5335375838583322
0 0.522903095568343
0 0.5381516188046179
0 0.4800862398988694
0 0.5031807670413277
0 0.5043777493400575
0 0.516787642841427
1 0.5233614605764979
0 0.5378116468312917
1 0.5283892652451966
1 0.5209567267109895
1 0.4909646004514857
1 0.5371005721042367
1 0.4925025815937574
1 0.5054550646714342
1 0.4893020163367457
1 0.5284855422731057
1 0.5145687746253927
1 0.49685584640344066
