0 0.5277834207672205
1 0.45905383710934355
0 0.4357209735712091
1 0.5314922893272165
0 0.407153948326643
0 0.5427237248507554
0 0.5174437495542442
0 0.43130126392791907
0 0.5545151823911227
0 0.5199836713521747
0 0.38952792002562325
0 0.45363687248177786
0 0.47609798841723366
1 0.5217724210853302
1 0.4497061559223512
0 0.4195036756253799
0 0.4960788966193588
0 0.3380209064586327
0 0.3751061279708198
0 0.4002898895196633
0 0.4852903048434941
0 0.5405634796839005
0 0.41091927410932383
0 0.42108215346766575
0 0.5268763124783683
1 0.513210066417884
0 0.5129548538345531
0 0.3959277742800618
0 0.44186934746665574
0 0.5021707335913438
1 0.5195235367152183
0 0.401932467853069
0 0.40378579718395147
0 0.4714696272307747
0 0.47140684314922054
0 0.47008540602352733
0 0.4749458408698279
0 0.4585472049564069
0 0.48984910866423254
0 0.4950273759142634
0 0.455110406707222
0 0.4795780538489065
0 0.5149625809339318
0 0.47222251524393993
0 0.46554905282042736
1 0.45856124360622763
1 0.5019390441224707
0 0.540303441853027
0 0.5000241271095982
0 0.4361465844293304
0 0.43421369816212757
0 0.5288739695688922
1 0.39468317723706
0 0.4266042121716191
0 0.5290933207884412
0 0.5028889469763329
0 0.47219134764147813
0 0.4417362161251005
0 0.5132462996063697
0 0.48913427765142725
0 0.4281168013497133
0 0.4657294382194824
0 0.4907291386108045
0 0.4223406819237578
0 0.36259295718009976
0 0.5262016885420154
1 0.5242627135350602
0 0.47065822595160234
0 0.3768046572251167
0 0.5007523020139043
0 0.5069702022016456
0 0.48971832140543586
0 0.45237849348657794
0 0.4772919813466302
0 0.46898033697562824
0 0.5013595852945512
0 0.436512507210132
0 0.4745207605040543
0 0.3955041593872216
0 0.424564430253695
0 0.4972814519989968
0 0.5471428001275328
0 0.4401978191236158
0 0.44498841908800385
0 0.47478432290351874
0 0.48997574446043307
1 0.49171783026194327
0 0.4356387808284836
0 0.4267287819992107
0 0.5193039682442522
0 0.47479222738063126
0 0.4580145373045957
0 0.47471124207376825
0 0.521260930305223
0 0.4301066656682802
0 0.4482075672508599
0 0.46919637360964705
0 0.49536366080065264
0 0.5144761117783246
0 0.481991811604305
0 0.46521847998742716
0 0.5406052452393834
0 0.4895905511437217
0 0.40423687893673793
0 0.44788521598797754
0 0.46036747927627475
0 0.5051993836971681
0 0.5093601911824294
0 0.4801881930886605
0 0.455609630215305
0 0.5332442165190509
0 0.4310821979426314
0 0.4186715326558226
0 0.4305001717763649
0 0.43538136845430253
0 0.4677390468219794
0 0.4446517175994626
0 0.45548130265177694
0 0.48570760354745635
0 0.4530954573213341
0 0.39897210369682246
0 0.4201052457951404
0 0.47018550013546667
0 0.4491849607355144
0 0.4330973385771772
0 0.41119217121505036
0 0.5099422635128135
0 0.43640436455847686
0 0.4586597016867205
0 0.4395937047520256
0 0.46991358623124097
1 0.4429201815437671
1 0.4692318596969822
0 0.3866016964149299
0 0.4780075736222803
0 0.3917395501707544
0 0.5171394859824399
0 0.4807692818092366
0 0.4828218579677048
0 0.45490782355207837
0 0.4814865923095962
0 0.5002801337561087
0 0.46196043683893934
0 0.425172291710662
0 0.5411282690160102
0 0.4421834922112561
1 0.43754263735056675
0 0.41388449939264127
0 0.3668754767782967
0 0.4300795146858949
0 0.4903107602300902
0 0.4648231770329218
0 0.3985370918280875
1 0.4696181452015619
0 0.4389597517922254
0 0.4453275603188413
0 0.5371528776190335
0 0.5034607255370863
0 0.43059925398844806
0 0.47835117809118893
0 0.5452335010688131
0 0.46937641997064355
1 0.4737283707910305
0 0.4215967641470373
0 0.45386817475368807
0 0.5093304246890542
0 0.5232589374844635
0 0.34723409746938416
0 0.5139327920986841
0 0.5417315774479624
0 0.4354620582243379
0 0.4118648487611628
0 0.4643737482072217
0 0.44527867666888615
0 0.46200802824179754
0 0.47676867124544103
0 0.5041580168021618
0 0.49249751011649034
0 0.43097366411006516
0 0.4110560472120289
0 0.5317272531147631
0 0.522841794269704
0 0.4152524562926962
0 0.4308818608161104
0 0.5180411787189433
0 0.4186998314428406
0 0.5176105905119007
0 0.4334387957110863
0 0.4540838384561907
0 0.4456186050941492
0 0.3447327669604834
0 0.47437628677441446
0 0.41969075908067427
0 0.4698346109811866
0 0.4282871954987716
0 0.39478356312137686
0 0.456952706541197
0 0.4631268341686393
0 0.3665446880138411
0 0.5115615486907586
0 0.41887386695213374
0 0.4448485059352519
0 0.5196652769788992
0 0.4511204299609329
0 0.375782904450749
0 0.5082186929582952
0 0.4332558934758961
0 0.4475041139895976
0 0.5405041311777665
0 0.4384557104816631
1 0.3990806960790109
0 0.5618195395220387
0 0.5578521173306753
0 0.4397649734529976
0 0.3838129282519318
0 0.5317952110768585
0 0.47948891365175916
0 0.5000386917963996
0 0.38697482169219327
0 0.4442775979465956
0 0.5024731768333482
0 0.5195769625709743
0 0.33092336579743636
0 0.538972595432892
0 0.5193125353539738
0 0.46095591146425724
0 0.41430533619278614
0 0.5279386474495708
0 0.4691406203362832
0 0.5225703282991239
0 0.41371458488124474
0 0.4703817752653764
0 0.5286378353390847
0 0.4743811614250958
0 0.43335477490156454
0 0.4758078775217091
0 0.48208234905846636
0 0.43925855848399104
0 0.460680318691454
0 0.4900666833449506
0 0.4995649870606173
0 0.5028978502636627
0 0.39173407853652537
0 0.49833423027165524
0 0.47248828937208726
0 0.4913013474060468
0 0.43844539796589
0 0.5031175072496074
0 0.5483869497582775
0 0.3837642366499322
0 0.415330107674804
0 0.5170838996553907
0 0.49612363159182193
0 0.492504870925272
0 0.44550110259317155
0 0.4933379101535308
0 0.5386811261781564
0 0.4921179758216005
0 0.4479926124388345
0 0.5538773575537436
0 0.49072339737758275
0 0.4609324089911087
0 0.36597103300772715
0 0.47745729598120595
0 0.4564910865924526
0 0.48855433858396674
0 0.45089429914949025
0 0.48556773034590206
0 0.4191624706368239
0 0.46021937555785214
0 0.39290446577829413
0 0.5251021886127838
0 0.42679654845757087
0 0.4596552117434805
0 0.445774578647882
0 0.4897490431004268
0 0.4568439238227459
0 0.5064614799021225
0 0.3141150281392853
0 0.43628236568626644
0 0.5302927848723017
0 0.4450663646762229
0 0.4303738646966972
0 0.47549617196430644
0 0.4627823259792556
0 0.49282814303328215
0 0.4861157730450936
0 0.4759400834005801
0 0.4079541708871364
0 0.3411020867290453
0 0.49158657619861207
0 0.5350115055878636
0 0.45106276552678337
0 0.43898881446706683
0 0.4812402528838546
0 0.48056613550136146
0 0.49097792519991307
0 0.3728162008550284
0 0.4852743801430804
1 0.3939794541684506
0 0.43337619306974984
0 0.45042944383375044
0 0.4401702603919734
0 0.4011209484582263
0 0.48799859136023976
0 0.4636682316634743
0 0.42323053333979316
0 0.5155596908081073
0 0.4293333431930645
0 0.41768027347935893
0 0.4518021068098572
0 0.5108979198047408
0 0.3561088551258319
0 0.4508158745766911
0 0.40995513886906804
0 0.5113849394512476
0 0.43786850145820355
0 0.47248988977714307
0 0.364331789595179
0 0.5257442325856706
0 0.47732880266100775
0 0.4321816683489862
0 0.3986897795625274
0 0.5293907804961183
0 0.35894237331650486
0 0.5022292367894267
0 0.4536793712770598
0 0.42046122040561285
0 0.4760696045969651
0 0.4470147740222841
0 0.44846907294583715
0 0.43976945590800726
0 0.543599782341413
0 0.46559312633897953
0 0.44400200047043153
0 0.4148174624950745
0 0.43599549775369006
0 0.42284675642958
0 0.47430983724284514
0 0.47925837142142175
0 0.4697430640253579
0 0.4204728232192994
0 0.4292323384223987
0 0.4846520678966825
0 0.49551700003855315
0 0.4142312443450752
0 0.5320041870854507
0 0.44696118720761663
0 0.4614051747376294
0 0.45864903231519494
0 0.45290960350641807
0 0.4148645808674587
0 0.4947099635925526
0 0.4172792796414775
0 0.41488363224545965
0 0.5248726340154888
0 0.5300791347879483
0 0.4038233098453114
1 0.4784369218472102
0 0.5231396172636874
0 0.4700369462797738
0 0.4468266275997783
0 0.45280906578682917
0 0.5243487302452355
0 0.5152186452788352
