0 0.4619603245716191
0 0.46857335348948426
0 0.4657821293057136
0 0.45559454333790966
0 0.4896524130251022
0 0.5105128310820641
0 0.4483219457224286
0 0.2747974434998751
0 0.3627757550957184
0 0.4346631580367614
0 0.37902055307269616
0 0.45770575373891825
0 0.5046706560004162
0 0.49377888083091503
0 0.4050178965599057
0 0.44731668089492393
0 0.5189572062920329
0 0.5062057093731014
0 0.400534219489531
0 0.3671534135085084
0 0.38181911986151995
0 0.5257330193659522
0 0.5331666482405725
0 0.48844654676582694
0 0.5171696631205437
0 0.37181036056318123
0 0.46309662955686115
0 0.43500334269121566
0 0.4329007156700127
0 0.5491324005866992
0 0.4697558818843879
1 0.45330860290168196
0 0.5102432336028302
0 0.37681169613191107
0 0.3555489969835982
0 0.48907641401723556
0 0.5047571237598719
0 0.3568862173129056
0 0.45915827473388665
0 0.33723268808738005
0 0.5091677229936621
0 0.5423823510809636
0 0.3617687785620234
0 0.4790108282549216
0 0.46146343184755395
0 0.33580434129404624
0 0.4423740729735965
0 0.40569931185234326
0 0.4556866059151933
0 0.5160816678815411
0 0.419607526339414
0 0.47372608485551526
0 0.5398693724472964
0 0.44057378769198957
0 0.5288414558414456
0 0.40221400471175994
0 0.4646614919242555
0 0.5380277814433138
0 0.4132329116192072
0 0.44561223534997507
0 0.44367307070032375
0 0.42750603963922795
0 0.4432044465097676
0 0.5080739697429716
0 0.539830754019957
0 0.5252049261767695
0 0.5496370799217183
0 0.5082965615487478
0 0.48914636910051196
0 0.5142460845205635
0 0.4825442196970686
0 0.5699184062537246
0 0.5000667520525938
0 0.4500176171648878
0 0.4986441696058256
0 0.4495317473278819
0 0.5366704136925046
0 0.4708425524950859
0 0.5355449338404797
0 0.52086774172484
0 0.5243909924433386
0 0.5216268956789085
0 0.38395151575293773
0 0.5270931543556376
0 0.54356066172331
0 0.4931561383595571
0 0.5017193177264868
0 0.5123847231682643
0 0.47396799736696604
0 0.5077698167212268
0 0.45454817092501915
0 0.4788659959039039
0 0.4512882065759258
0 0.4803259454343772
0 0.40645587701346714
0 0.38076537180335596
0 0.39726287720025755
0 0.5019415229285221
0 0.5509534798640223
0 0.5064287840012386
0 0.43027790196782745
0 0.41731495001298163
0 0.3558650834019409
0 0.3179826192829941
0 0.5242251748681751
0 0.43741999824067873
0 0.5291159350925545
0 0.5473905847602915
0 0.41756369961468026
0 0.4700132318468236
0 0.3879899639292316
0 0.4279533443418398
0 0.4202278148443338
0 0.36207740786262577
0 0.5294010460532681
0 0.4529417502697371
0 0.4255237432459737
0 0.41219839870500574
0 0.5359206201820943
0 0.4998933996861998
0 0.5364284907967014
0 0.48945951283141914
0 0.4602537099548111
0 0.44633339332494076
0 0.4755568741623681
0 0.5055042204320083
0 0.534209308042812
0 0.5049781876656768
0 0.46429811272879096
0 0.5132911893693044
0 0.4279079927842208
0 0.5017091317724461
0 0.5330139946865343
0 0.4997077216801535
0 0.5570001536225027
0 0.49085106915041404
0 0.4343089588906822
0 0.4734702373273638
0 0.4578739186878107
0 0.4908792481215866
0 0.5402205014360224
0 0.5501392014529028
0 0.5287595022907637
0 0.4969693127838863
0 0.46113043130922304
0 0.485488724693331
0 0.46740390330910925
0 0.4196249666364674
0 0.5226221353936055
0 0.38188295242313514
1 0.4096512232163309
0 0.521511090067568
0 0.4186196918139541
0 0.4555546673577964
0 0.4586601568730228
0 0.5006549728782894
0 0.5113461096487162
0 0.4516531456193592
0 0.4971518705888524
0 0.3534732957272941
0 0.4081698954666278
0 0.45614002301767775
0 0.425761184439669
0 0.497762777747786
0 0.5322332107343685
0 0.412438277842032
0 0.5442790708047428
0 0.3597036792111169
0 0.548687123864674
0 0.43563108311878124
0 0.4869611295987849
0 0.5427920857307578
0 0.49683958587629484
0 0.4534218268696523
0 0.43573019729076784
0 0.5021658587033897
0 0.5272296469074814
0 0.5181554898999078
0 0.47461724637599334
0 0.37381811526003883
0 0.49222904031621373
0 0.47707156391444777
0 0.40880431372605225
0 0.3902164752635765
0 0.48723966999549556
0 0.47522504584007863
0 0.39267801314849626
0 0.531569064344064
0 0.4362026247754529
0 0.5216553954442177
0 0.5235176188040543
0 0.508716243284026
0 0.5536410224779401
0 0.5630845930958892
0 0.45267188352788124
0 0.519786193642412
0 0.47332135945363624
0 0.4454218282995133
0 0.4673802618643064
0 0.5093553753868514
0 0.5035221897341907
0 0.5386678974055609
0 0.5087849098663081
1 0.5558542611479459
0 0.4417430453652703
0 0.4321992157788012
0 0.4341175526185267
0 0.4648399881600866
0 0.4441997001686482
0 0.4791602730800466
0 0.5114641645248029
0 0.508263750108053
0 0.33816608768442513
0 0.5675523072260811
0 0.450752231057816
0 0.49889103073196556
0 0.5127843262970763
1 0.4925390618910211
0 0.4933636080656979
0 0.5557831726583985
0 0.43907151200301814
0 0.435751636046557
0 0.47267037142303636
0 0.49165815324406303
0 0.47650697288509075
0 0.546222429582802
0 0.5074171131124632
0 0.55125959064424
0 0.5251486827990518
0 0.4449349323715462
0 0.4014725426993098
0 0.37753829830435287
0 0.5202916883363119
0 0.5062139263085038
0 0.5175938792996326
0 0.565697770586405
0 0.5566511809371133
0 0.5302137572756095
0 0.4527800123749123
0 0.3822768809404204
0 0.5110979448676407
1 0.4951943739159997
0 0.5063177048907287
0 0.5187219989064711
0 0.5279804119205774
0 0.5496193697550593
0 0.4666306497336232
0 0.47172838589020477
0 0.5354646514891082
0 0.45890850862400484
0 0.5233212277559712
0 0.42983924838930915
0 0.5222008950088173
0 0.5566879871980844
0 0.524057239113171
0 0.527441327724514
0 0.5059109702681811
0 0.52892497931365
0 0.5043425866376411
0 0.541042188597655
0 0.5577513268023441
0 0.5465088672267325
0 0.4674725286719079
0 0.5501364744483986
0 0.5420702599279906
0 0.5053476815865229
0 0.5237006335990296
0 0.4988313369174636
0 0.5195349070612145
0 0.3887875104673698
0 0.5289539881628693
0 0.47204883489177885
0 0.5452309529308382
0 0.536850392400126
0 0.5077432914124698
0 0.5508024232931116
0 0.4831353521197042
0 0.41522006861849103
0 0.4515702218208347
0 0.379153809886094
0 0.44953170808461035
1 0.4928553468214838
0 0.5153451710619831
0 0.47997068552960065
0 0.48779495344443613
0 0.5081483666412057
0 0.42166203866812113
0 0.5218549527087928
0 0.5465524383723853
0 0.5408735868687797
0 0.5504740935468491
0 0.48320420670266495
0 0.45169478749056635
0 0.42543522672361334
0 0.3420951206617006
0 0.46152914384653443
0 0.523505930772346
0 0.549374141092026
0 0.5160669837930301
0 0.5048122798783584
0 0.5153734216049932
0 0.4255305479042815
0 0.418958342585349
0 0.48072720276647624
0 0.4122134006454388
0 0.4319756305240031
0 0.42645515146701646
0 0.44018521301900093
0 0.4842332351894962
0 0.5207080150413881
0 0.5377185060191523
0 0.46549523327611114
0 0.53633827461682
0 0.3995827365883536
0 0.4707975335348143
0 0.5445025002195284
0 0.45367520233311387
0 0.4515765668206426
0 0.4187911408981663
0 0.43853948935817755
0 0.35661720426237337
0 0.4493998409887986
0 0.5347984256439666
0 0.48185740857562753
0 0.46140161917638295
0 0.45549188840816307
0 0.513876237275267
0 0.4884835582550676
0 0.543428767324197
0 0.3893242133341707
0 0.4802778189760411
0 0.4748359088411141
0 0.4786142877281356
0 0.44466446396165976
0 0.49598918679511933
0 0.3870817397730564
0 0.4910407687440513
0 0.49936715557372974
0 0.4846085004072913
0 0.5679551894701567
0 0.400987269182989
0 0.5084920462357245
0 0.49903105674015585
0 0.49194031189552534
0 0.4401430630723453
0 0.42741601373581845
0 0.4074710255974603
0 0.46585827520087597
0 0.43865436121154655
0 0.5120680172305392
0 0.41847771955286606
0 0.4966428761100865
0 0.504071007421237
0 0.504917401234109
0 0.5014285436900521
0 0.5328957912512685
0 0.4703378721435168
0 0.5407813689670462
0 0.5184651229094911
0 0.47179493868998296
0 0.5551411035394621
0 0.42734172044794666
0 0.5021122053541706
0 0.49492606570151204
0 0.43988741295708034
