0 0.40632897872390444
0 0.454954656119576
0 0.3891758523993619
0 0.4876640831215639
0 0.4224894551700664
0 0.48709929914840067
0 0.46012758621010225
0 0.4791006461740153
0 0.5454848531740084
0 0.5051411139710039
0 0.42692096556212383
0 0.46690198907259567
0 0.35730135685583714
0 0.534426309149368
0 0.37683893122123563
0 0.4498143810063968
0 0.45290265710805877
0 0.43962507052024385
0 0.4017408540125075
0 0.4827147175555773
0 0.507526696701555
0 0.4633920748257462
0 0.5263478639161985
0 0.4701284283001517
0 0.5450539772250863
0 0.5008746715534248
0 0.4985543425063088
0 0.5254684962802365
0 0.38444540975228897
1 0.5027771626897567
0 0.4475204683870694
0 0.46521000300516746
0 0.4658207311684416
1 0.43162407021239924
0 0.490124612299164
0 0.4027115692488528
0 0.5333671449918218
0 0.4988546465122801
0 0.4273507555740879
0 0.5369119320478015
0 0.4147620069605948
0 0.4813286373391421
0 0.4715017988164114
0 0.41999382123738926
0 0.4553951482378534
0 0.4542229732675196
0 0.5116128112957776
0 0.48881206697382706
0 0.4976723070978188
0 0.4067753215562178
0 0.4468331502957549
0 0.5013574255099067
0 0.3778437771224922
0 0.5861908838310609
0 0.3972813271244331
0 0.490927545186462
0 0.40388709756298824
0 0.4155992849150656
0 0.48012221585556925
0 0.4592486240359756
0 0.43488385709096056
0 0.4689153134396748
0 0.3535249170402128
0 0.4408478208418313
0 0.36592030807779824
0 0.5459777984603478
0 0.4713717861920197
0 0.3988936771400265
0 0.4491951433874951
0 0.48556528035416807
0 0.44179196355101213
0 0.4900445285801811
0 0.39750829792617753
0 0.4267838758528806
0 0.3874506827402688
0 0.4985432103464309
0 0.452263297854321
0 0.4376417630506143
0 0.5078549097623472
0 0.48155926497443735
0 0.4800451061112608
0 0.4207459816803018
0 0.40733012174051914
1 0.4992489675805938
0 0.4775160445716896
0 0.5115978302876146
0 0.4245547172003622
0 0.4770977181163017
0 0.5166462612891595
0 0.4124487461648204
0 0.44197351835608545
0 0.5158514045681252
0 0.4292391055164307
0 0.49629191105316633
0 0.41401931471492043
0 0.49009911949789814
0 0.5133128616673724
0 0.4664143972386443
0 0.48374223764719737
0 0.49046077437068963
0 0.5150801045666582
0 0.49853776100073954
0 0.4126196223204616
0 0.49231589125100883
0 0.42604263044096924
0 0.5687126230624426
0 0.41899173096001796
0 0.4064343208158036
0 0.43166993937973414
0 0.455166203008088
0 0.49862820852350503
0 0.48894515001379657
0 0.44484990042753736
0 0.5039097867596493
1 0.426200399747547
0 0.43161837168721684
0 0.3797504823408467
0 0.3939121955854271
0 0.5148675749660064
0 0.3868012972673276
0 0.47327090185324766
0 0.47883449250971827
0 0.43745154794732805
0 0.4746069794159642
0 0.5224735158670284
0 0.4565777086580343
0 0.5139444050745514
0 0.44025607578919296
0 0.4072441919841975
0 0.41963421106519855
0 0.46814439897030763
0 0.4847325334334654
0 0.5361713461775203
0 0.45397298343853154
0 0.5443674615801075
0 0.3961224011883164
0 0.5223474077668927
0 0.4465388043838872
0 0.4791813800028026
0 0.5074259210122405
0 0.4346717788554608
0 0.49041821367845434
0 0.40120794692854117
0 0.4730551377570354
0 0.5110672240955942
0 0.46684340581611333
0 0.5058178773239181
0 0.4747570150885399
0 0.5277869077872895
0 0.49517187108210947
0 0.41816156816403954
0 0.4846560104313969
0 0.4011558026980183
0 0.5014352682995931
0 0.411507893597352
0 0.4894143313297534
0 0.4537523521498777
0 0.49368936444127504
0 0.48517546512987564
0 0.4574442452807806
0 0.4199095754276281
0 0.4292799025521761
0 0.48784430024971087
0 0.5078039208756889
0 0.5231787092578862
0 0.45162585736141064
0 0.5225666889061861
0 0.49501233533566436
0 0.5193347772454288
0 0.4987352599854803
0 0.4442022809299102
0 0.5015058888614162
0 0.5424902777985636
0 0.49673333907891265
0 0.4560464562937369
0 0.40848791171312704
0 0.4316296607358363
0 0.521040813999001
0 0.4520343034874881
0 0.4620176017882569
1 0.41962202949709865
0 0.46159073318738975
0 0.4732801498370102
0 0.5510899426865112
0 0.47323119326463037
0 0.4968821561333011
0 0.42863935912206663
0 0.3960211693288643
0 0.4400364689256997
0 0.5068939044741546
0 0.3744912126186409
0 0.4677432895706296
0 0.4414172448407296
0 0.5436481599599218
0 0.4522896109516636
0 0.5089159607920799
0 0.33974695011762984
0 0.44832381232695223
0 0.49014825802044015
0 0.47482448735356747
0 0.4211462182361499
0 0.4455148272434204
0 0.4891984619800125
0 0.39312798388009196
0 0.4484779029700396
0 0.45951432927513025
0 0.4486600133241407
0 0.49759480505776954
0 0.49365648992367495
0 0.4385794932131648
1 0.49489480068779296
0 0.4033290134586849
0 0.48465706060225366
0 0.4969947640501091
0 0.36614714250202035
0 0.48333286521350266
0 0.40946929514265673
0 0.4367129497486754
0 0.46398097531112187
0 0.4270943784879863
1 0.43718337035736493
0 0.50615008086254
0 0.4491224355714473
0 0.42335375843151996
0 0.4258200291865397
0 0.41479476098114926
0 0.46934826212506525
0 0.4220631893902247
0 0.43009195481617507
0 0.42555579557397466
0 0.4736971029489342
0 0.47429020182974785
0 0.44117444601531225
0 0.41453675061330886
0 0.46521057915038794
0 0.4690372755925052
1 0.45437417694671955
0 0.38686834909098905
0 0.5090398349291597
0 0.44187668195587565
0 0.5554776523661803
0 0.4487203945582176
0 0.42000766125622485
0 0.5333618339690815
0 0.4648225248759862
0 0.518312528730576
0 0.44173378453977075
0 0.43985211872290975
0 0.5072121293223448
0 0.4538264134501559
0 0.4992016944244079
0 0.4753474177659402
0 0.4494087467119276
0 0.4839274230127294
0 0.40713227016060743
0 0.5150375597696956
0 0.4793206437527256
0 0.4305653870709738
0 0.5137606395230464
0 0.4669640843570324
0 0.47562001651190805
0 0.5274368637666059
0 0.46295431293843586
0 0.4877957398413462
0 0.4946205616183821
0 0.44528583570450836
0 0.509799204512214
0 0.37744193228664974
0 0.5087824245880648
0 0.45817954480458484
0 0.4853706991984408
0 0.48746742595812914
0 0.44665462091653024
0 0.4595459527299854
0 0.4544179061804235
0 0.49570278903787746
0 0.45124744564317715
0 0.4458608475955887
0 0.460803356477285
0 0.4884292218709977
0 0.49622379154059254
0 0.5514456111245513
0 0.47826068727222354
0 0.4234854399543693
1 0.5164027042926557
1 0.4883045272845625
0 0.5057208123103123
0 0.49762637537107884
0 0.45719226606255514
0 0.43514745740618027
0 0.5172130282116794
0 0.45990598255475124
0 0.5634870712695703
0 0.4558192169233813
0 0.44657707251518003
0 0.5124260560560864
0 0.377693104744311
0 0.44086636677686464
0 0.5103162473147332
0 0.3879581295078115
0 0.4568616017888452
0 0.48518151688330663
0 0.5470339126262115
0 0.4554403954044642
0 0.4368163105677665
0 0.49576397311081566
0 0.427255412648906
0 0.4499347827558976
0 0.4231261086362313
0 0.47830683071920577
0 0.49272418658666345
0 0.3915697071056191
0 0.38362808451865854
0 0.5058081419336389
1 0.4774569094544322
0 0.45366469141540083
0 0.5085384033767433
0 0.4370152616420868
0 0.4501034180591855
1 0.4402100702000257
0 0.5126588735241204
0 0.4626557515615732
0 0.4406774220330661
0 0.40204331092861956
0 0.42410046693842424
0 0.5018850013351968
0 0.4467173038133373
0 0.41960812318646895
0 0.43241788353994587
0 0.40036164500389265
0 0.5628245679806266
0 0.4698266945807778
0 0.4848988728667841
0 0.4734560265960271
0 0.4081652523152561
0 0.49504477417466686
0 0.5003084162457597
0 0.42157483981294336
0 0.5555842008087803
0 0.458859254163265
0 0.5079499133663492
0 0.5423022256938536
0 0.4097687223745048
0 0.5016066459876612
0 0.3910419472153787
0 0.5212402181474203
1 0.4633954783275092
0 0.42917429084259284
0 0.4986174868907435
0 0.46525731598110903
0 0.4385868642381036
0 0.45453679616389436
0 0.38098695484533157
0 0.4561794382389338
0 0.4222862299151255
0 0.47912299562393956
0 0.40067984849005495
0 0.4081325272522559
0 0.4637967824287547
0 0.4965606685604342
0 0.5102451947130777
0 0.4810459813405999
0 0.4471919824648857
0 0.4888417806184181
0 0.3891741549661443
