1 0.5227450789238898
1 0.5202747090840635
1 0.5196312759893673
1 0.535652454080435
1 0.5416368653655599
1 0.5072742408815372
1 0.5098080642747569
0 0.5270219192238692
1 0.5372213613506204
1 0.5230024692255445
1 0.5063133625202496
1 0.541504613868702
1 0.5396672181414225
1 0.5274191577927437
1 0.5402825561751813
1 0.5092658307762719
1 0.5446976828710368
1 0.5367236054458114
1 0.5271271136128572
1 0.541520836511605
1 0.5241107688590794
1 0.5173571335652392
1 0.525034566658901
1 0.4946340402908471
1 0.5282971855064442
1 0.5222771211291337
1 0.5125474703956316
1 0.5256407439929561
1 0.5028638508272308
0 0.5361735128829583
1 0.5037029824353749
1 0.5066850442849058
1 0.5084605929911644
1 0.5197386378088147
1 0.5129678701919557
1 0.4998060692779818
1 0.5177193484499175
1 0.5349316663318796
0 0.5197588758761256
1 0.5059523262096259
1 0.5208847861963495
0 0.5237818371413838
1 0.530925084626958
1 0.5211832815623987
0 0.5407850166928131
1 0.5030753861645381
1 0.5360504160066629
1 0.5197523467341126
1 0.49925641546220906
0 0.5324910004363258
1 0.5393814743939737
1 0.5209648008612908
1 0.5211885950899047
1 0.5561048857199599
1 0.5434025007128855
1 0.533174890745241
1 0.5077548310770071
1 0.5055918537738139
1 0.5147356052792317
1 0.5403689858296956
1 0.5038729917878396
1 0.5091281486797481
1 0.5383364923794034
1 0.5071669807877751
0 0.5383274964702291
1 0.5136231589833565
1 0.5237438026902104
1 0.5429865356887299
0 0.5470922471594717
0 0.5518313703165038
1 0.5613222534672796
1 0.5516345194232913
1 0.5572539646580843
1 0.5456565646771532
1 0.5630738708486339
1 0.5278256159701036
0 0.5376459663774834
1 0.5435936677346174
1 0.5128783344257754
1 0.5099331149037238
1 0.5336396348497596
1 0.5449556853984133
1 0.5288420479221996
1 0.5100199539214455
1 0.5404607123712598
1 0.5308194706972365
1 0.5370633257466526
1 0.5205206964114258
1 0.5126286661094088
1 0.5429068698943019
1 0.5445191429583054
1 0.531446032355452
1 0.5246439600822912
1 0.5369126211077291
1 0.5273870037577804
1 0.5412829159797738
1 0.5483739266555218
1 0.5110655061396925
1 0.5303492718087104
1 0.5173840222059473
1 0.5235410600595938
1 0.5576347975235106
1 0.5547676909501064
1 0.5696143475163057
1 0.501130059049354
1 0.5051476413578435
1 0.5461968985792419
1 0.5286858296334898
1 0.5198972495510398
1 0.5245041225425676
0 0.542365050146727
1 0.5298641776201006
1 0.5302213014468456
1 0.5182739293353844
1 0.5327982668986949
1 0.5164744087173553
1 0.5282505889013152
1 0.5387617850056732
1 0.506912982653714
1 0.5239945999207445
1 0.5626131872441438
1 0.5535686827293426
1 0.5346136107594986
1 0.5522551139762047
1 0.5245833057370436
1 0.5305014181274551
1 0.5028314077941443
1 0.542467349819962
1 0.5360723656741497
1 0.5345769858631882
1 0.4854190829303716
1 0.5306295632913297
1 0.528743388034608
1 0.5483739450549834
1 0.5485154085634607
1 0.5519924223252819
1 0.5192291186699152
1 0.5380280388496005
1 0.5289743759113704
1 0.49425563135141665
1 0.5065565162144902
1 0.5005963023355573
1 0.5177660717852574
1 0.5269618083184385
1 0.5410355415954905
1 0.5352053966293717
1 0.5455364602857561
1 0.5197243028972892
1 0.5366035550757647
1 0.5545252498287455
1 0.552630923942544
1 0.5575654535452347
1 0.5367299127885703
1 0.5329879922803389
1 0.5217274592353615
1 0.5124584273723983
1 0.5186226549874472
1 0.5446838738747445
1 0.5396645011136973
1 0.5558911509314363
1 0.5339784237029016
1 0.4969520331859743
1 0.5409364315493808
1 0.5368255580589915
1 0.5160293228715589
1 0.5222258910756743
1 0.5434840359790958
0 0.5285438162536665
1 0.543717382351848
1 0.5373257158304987
1 0.5416905244011992
1 0.5197849420764787
1 0.542672278737106
1 0.529219087565414
1 0.52209050117196
1 0.533860859515
1 0.5432230796035813
1 0.5117645592068457
1 0.5194565560588387
1 0.5421907626755451
1 0.5412568333090721
0 0.5482492691965112
1 0.5305164076256942
1 0.5302130404013272
1 0.5328755958028067
0 0.5524558904447349
1 0.5626956601412617
1 0.562963175385441
1 0.5235884705878909
1 0.5351448311716155
1 0.5455563995694234
1 0.527712863687289
1 0.519912743927165
0 0.5428769395624076
1 0.5348390927503703
1 0.5299803158462874
1 0.5265027438475272
1 0.5369644790922773
1 0.5453510959031791
1 0.513259306916649
1 0.5098742945212089
1 0.50023012168401
1 0.5159749892739808
1 0.5238711061352346
1 0.5361261073877414
1 0.5458953721823309
1 0.5375360428129365
1 0.5281263516456329
1 0.529342071493893
1 0.5275396534895396
0 0.5061970772618936
1 0.5195906107457519
1 0.5266540510312089
1 0.550371255012157
1 0.5127921476757088
1 0.524860932107545
1 0.5215870533570245
1 0.49925955337703753
1 0.5168339190646133
1 0.534343486314709
1 0.5310121545649773
1 0.5385618335606333
1 0.5286614440522786
1 0.5438515027581994
1 0.5386954502384766
1 0.5593861357171823
1 0.5429232039110643
1 0.5363491648231359
1 0.5299761593425165
1 0.5277788298911408
1 0.538630949436781
1 0.5410186532109952
1 0.549073363890805
1 0.5454655488903722
1 0.5437679951747104
1 0.5385227344780512
0 0.5452310588882525
1 0.5337077225643568
1 0.5391936366246357
1 0.5570867980503964
1 0.5528537021246749
1 0.5430887364727933
1 0.5320948098448414
1 0.538782327656229
0 0.5400535124332356
1 0.5411935750677289
1 0.5569176289768053
0 0.5591690224026277
1 0.5708911676209225
1 0.5515502027544223
1 0.5559268991650859
1 0.5529184721521696
1 0.5245669015182328
1 0.5435739064604806
1 0.5410531879898717
1 0.5151350636431729
1 0.5023714156925714
1 0.5045072152166314
1 0.5202390287536325
1 0.5404451987475097
1 0.5428231710819311
1 0.562112026454492
1 0.5612176454663301
1 0.5854692321977488
1 0.5986888393369982
1 0.5930673968692979
0 0.5970580525974626
1 0.5830315181498428
1 0.5622427313338996
1 0.5722791965057689
1 0.5626472753128533
1 0.5573286799306855
0 0.536018361999376
1 0.5482019066752801
1 0.5253719007214224
1 0.5521273538621311
1 0.5464151305817976
1 0.5671722971634989
1 0.5484270676660645
1 0.5654814109708551
1 0.5611949330429042
1 0.5548926763512132
1 0.5283025504262533
1 0.5303499014719084
1 0.5679157604977502
1 0.5485510611899479
1 0.5437462772234525
1 0.5276551400047018
0 0.5515339060549673
1 0.5633372018748294
1 0.5265578417642123
1 0.5378896266873266
1 0.5378284442477407
1 0.5419353469231711
1 0.5305969479710507
0 0.5402811765858102
1 0.5443256034853032
1 0.5376299696356442
0 0.5478226805946974
1 0.5629385840327518
1 0.5603836373425851
1 0.5259777176112796
1 0.5720664641030659
1 0.5637489997773918
1 0.5294497495729799
1 0.5407069237275101
1 0.5303243069221824
1 0.5230331212995402
1 0.560570570393887
1 0.5609774095415729
1 0.5569881071897533
1 0.5610564047684748
1 0.5383915041613149
1 0.5403195613982813
1 0.5411833377678021
1 0.5261126099936496
1 0.514586037349699
1 0.5071677432523451
1 0.49931708583600815
1 0.50951353222864
1 0.5176346162524592
1 0.4829882746563412
1 0.529303249113267
1 0.5375977473392849
1 0.5252819811895933
1 0.5469172160786113
1 0.5259652946743049
1 0.5196362113049654
1 0.5089307907297828
1 0.5026805705136337
1 0.514824146281613
1 0.5166601233903269
1 0.5041551618865002
1 0.5138721424798399
1 0.5339358768913333
1 0.5155533521430525
1 0.528454341168368
1 0.5346121158781532
1 0.5271339884575574
1 0.5100069275510979
1 0.521852893048876
1 0.506965189001301
0 0.48992083973598166
1 0.5019685182512424
1 0.4869931439863169
1 0.4910884487459308
0 0.5331654237338256
1 0.5362199637088394
1 0.5275713135031627
1 0.5336612200743749
1 0.52081217383556
0 0.5227997231216467
1 0.5246021291579078
1 0.49217534599116225
1 0.5271855569195097
1 0.5029277027329656
1 0.5051223247660741
1 0.5188475355700002
1 0.5135453207693658
1 0.47254593351591373
1 0.5091934190685496
1 0.4732764640808407
1 0.5101134423078643
1 0.5223997121615336
0 0.518626789426623
