1 0.6367322298348987
1 0.6167499649428155
1 0.7057092159575656
1 0.7081596393629627
1 0.6554862399689511
1 0.6942836019308167
1 0.7311879934490568
1 0.688343451641301
1 0.7131508920844859
1 0.6570041798766416
1 0.7365997896433574
1 0.7202600632027948
1 0.7282412937453616
1 0.6672998607776667
1 0.6989515444242438
1 0.5843297666307803
1 0.6284351829483071
1 0.6364158030128765
1 0.6560984970836573
1 0.6871697554021595
1 0.655235056001774
1 0.7207393864805919
1 0.6455270978718118
1 0.634606845956836
1 0.6389829680429925
1 0.6502134569981091
1 0.6863797910683825
1 0.7075748636352492
1 0.6212013649449113
1 0.7101255552784569
1 0.7350145366560368
1 0.6993472813485198
1 0.6544986101817996
1 0.5655941366145182
1 0.5141462460115804
1 0.5458689811629419
1 0.6084002258633449
1 0.6487503886112252
1 0.6049419496254337
1 0.6289329125888322
1 0.6466255698441723
1 0.6532836925385408
1 0.6780182295675059
1 0.6736136809362862
1 0.6477057998753718
1 0.5678117637712625
1 0.5898378076371951
1 0.5331704710475154
1 0.6393821198976524
1 0.6774961813277375
1 0.7060587630363773
1 0.7031783365139719
1 0.6511746067322877
1 0.7138283378713096
1 0.619929037391707
1 0.6408615650347798
1 0.6976939799997179
1 0.6979335633207178
1 0.6876357619256427
1 0.6031426390196478
1 0.5793210819503319
1 0.5528103993052963
1 0.6359517185707536
0 0.5889291984229942
1 0.582112559707388
1 0.6578414650080469
1 0.6670604837242188
1 0.6660193711612619
1 0.6449253720064445
1 0.6715347062166189
1 0.6481561623989237
1 0.6458872604224726
1 0.6294738591929276
1 0.6205398742987246
1 0.6060904444889749
1 0.5936326311363105
1 0.6067325581569827
1 0.6233071789999463
1 0.577239348649381
1 0.492038774243282
1 0.5590043996804122
1 0.5354028493018114
1 0.5187646689715468
1 0.5161980381758503
1 0.44693220851638304
1 0.5485693827936692
1 0.5378179221175393
1 0.49569706416032366
1 0.5151224433480482
1 0.4789964356096666
1 0.45963226546486696
1 0.5202889254656965
1 0.43551665309869825
1 0.4635235822324991
1 0.4735270730671214
1 0.4747329941146567
1 0.5067498082393599
1 0.4811490904299183
1 0.5165041978452942
1 0.5259063134761879
1 0.5264723926218184
1 0.5163244340964308
1 0.509041512823765
1 0.4894355051617585
1 0.5025663964968138
1 0.5356140251129899
1 0.5502048742561824
1 0.5211782593255171
1 0.5072425296177849
1 0.541923277183374
1 0.6139449430275997
1 0.5776802823534657
1 0.5903122667470464
1 0.5852286550778248
1 0.6474704530402233
1 0.5816253158212631
1 0.5864502127724063
1 0.6140441903025932
1 0.5654067548258478
1 0.6328229642250329
1 0.6225253925112634
1 0.6181689360444479
1 0.6262523285922573
1 0.5840954688229882
1 0.549326658336445
1 0.5431464252887541
1 0.49650291033710126
1 0.4467188142345066
1 0.5389474645030167
1 0.5046726987670282
1 0.4738613714000395
1 0.5115651860013027
1 0.5291288438186487
1 0.5111348189862538
1 0.4961908012014786
1 0.5524563600362437
1 0.5706602128088896
1 0.5658639823347525
1 0.549250196565462
1 0.598441039073281
1 0.5902308725618901
1 0.579651151946775
1 0.6097205371864135
1 0.5108784398444068
1 0.4651509902604218
1 0.4574189412069298
1 0.4921268601632606
1 0.4764145690370291
1 0.5367333390066926
1 0.5337165329731703
1 0.514348942314599
1 0.5026875583725474
1 0.47508273873473345
1 0.4599905050966794
1 0.5669972983281677
1 0.5161498422127219
1 0.5389567589856747
1 0.6013691300565696
1 0.5254969572894028
1 0.4994874755806108
1 0.5074889162392333
1 0.59593370120341
1 0.5592155193944681
1 0.5341716409361609
1 0.5456090443492173
1 0.5176413671782714
1 0.5080570897996586
1 0.47430618233252525
1 0.46311397119517733
1 0.45408901334709
1 0.5007680561044127
1 0.4788060778212317
1 0.4825872280574471
1 0.4338666619370846
1 0.42215122145552514
1 0.43107241657894413
1 0.46638511576790515
1 0.48068597405520913
1 0.4469670893275993
1 0.40666605573145675
1 0.4175396866289825
1 0.3896892584150615
1 0.43088766459930167
1 0.45257524355386475
1 0.42649508008716613
1 0.48562749749163997
1 0.5046903986501887
1 0.49488036878333924
1 0.5009188881358948
1 0.49916122883735314
1 0.4964117174804388
1 0.4769886112612553
1 0.500929383296379
1 0.45806538596479496
1 0.45733264573297067
1 0.45481919731142006
1 0.4239492202483785
1 0.4312589068879315
1 0.40811878915127364
1 0.39696734998278393
1 0.40756929633326844
1 0.40530098527987096
1 0.4093376193525026
1 0.4089119794621611
1 0.4025564940611879
1 0.3974600555071578
1 0.4038032757261938
1 0.40732486646954896
1 0.40302460375542026
1 0.3646816625306691
1 0.3696829660051154
1 0.3571132053330718
1 0.368905339078553
1 0.36988225560928095
1 0.362083172388914
1 0.34876211406704644
1 0.3540040994454007
1 0.34669130424622147
1 0.34683347650618845
1 0.4095166363262696
1 0.46312250400196525
1 0.4181932802678163
1 0.498709387986108
1 0.5083798662437556
1 0.5044170334773458
1 0.3933547674145516
1 0.39685061454938997
1 0.4099571420189389
1 0.4157216904784021
1 0.43885737241551315
1 0.4991697492961067
1 0.4664692836427128
1 0.4870294792780778
1 0.45475703010243895
1 0.4396236014518865
1 0.4277262322917716
1 0.449384481946646
1 0.4709246746875518
1 0.4676753565541529
1 0.4308252456845722
1 0.4214542207348589
1 0.46784522713386134
1 0.4507709866595728
1 0.4791249952489184
1 0.48245407509763855
1 0.5120658403538287
1 0.48427826745388164
1 0.4869304326317971
1 0.504815807441749
0 0.47422784378770383
1 0.4888324380271769
1 0.4873926516266773
1 0.4733419686137807
1 0.5671901213114333
1 0.51367425092901
1 0.48736542747604017
1 0.41314304491324344
1 0.40187893934029106
1 0.3656834657287934
1 0.35464170607124473
1 0.4766936180831798
1 0.48308791272957763
1 0.5339762668900003
1 0.509385684363192
1 0.5859084985629032
1 0.6497601499203345
1 0.5235965349222949
1 0.6240001862795826
1 0.6254233508790662
1 0.6676450327481083
1 0.5876896876067698
1 0.49483362640743805
1 0.5068470373014237
1 0.5174900704115707
1 0.5017512721947981
1 0.47556408630009445
1 0.4796752651002982
1 0.49888496982740926
1 0.4855261951164368
1 0.4926468530670134
1 0.47619482213603426
1 0.4490788126142509
1 0.4707217275651418
1 0.5408624423424637
1 0.48286205021171336
1 0.5076485317180603
1 0.5331808192708477
1 0.4752249869315456
1 0.5926060256681106
1 0.5364239828781611
0 0.5303569996622034
0 0.4425220564938213
1 0.46403989279673824
1 0.45199627957926886
1 0.4267567275841702
1 0.5066354335422092
1 0.5007024978138296
1 0.5566970729498957
1 0.5625358707341885
1 0.5328591886223693
1 0.5627902387188063
1 0.5250089127746396
1 0.5181996593947225
1 0.5352874836709752
1 0.5096308483370643
1 0.5139128215829079
1 0.5127447157894444
1 0.4682844407261916
1 0.4583142554053334
1 0.4688247719209292
1 0.5338553064395188
1 0.5727642753087823
1 0.5787653136592298
1 0.5541973850617644
1 0.49920318937595476
1 0.5586129813321264
1 0.51354699132538
1 0.4813399332389104
1 0.39666986564677853
1 0.37079954988749214
1 0.3962580535847288
1 0.39013013405473673
1 0.3823135110734982
1 0.42987854758949023
1 0.4676257908877842
1 0.4497981835195863
1 0.4455397533785549
1 0.49986948337821
1 0.4412803518749343
1 0.4434769676699653
1 0.4470718525187429
1 0.4716516247796136
1 0.5296927698085703
1 0.47911121350036473
1 0.548366129383334
1 0.5453608814530254
0 0.49471432418232714
1 0.5081778388795909
1 0.458591090236794
1 0.5012676579945082
0 0.4807831819051892
1 0.5366229389862559
1 0.4786590570991567
1 0.4739417782588207
0 0.4302127788545269
1 0.436064765722824
0 0.5001063141555859
0 0.503507881177098
1 0.48931379510324996
0 0.46830929757313644
0 0.5241240702978716
0 0.5145683199516397
1 0.48298555536416726
1 0.4655804663420456
0 0.5302734111405211
1 0.41847508254579263
0 0.46045877719679473
0 0.4854159395009061
1 0.5223344947048901
1 0.5245023395396528
1 0.5368164361338914
0 0.5605277402065576
1 0.5811688747592827
1 0.5664868524626734
0 0.5633392734725686
