0 0.49265095026123445
1 0.4984447218174717
0 0.4948699137963015
0 0.5060521171408384
1 0.46834816334201523
0 0.4421863251302325
0 0.42430607198915904
1 0.4735893907626728
0 0.440190830313687
0 0.42716569830006873
0 0.49343001157148153
0 0.5353256023749636
0 0.48739648953637027
0 0.47497787844671013
0 0.4807236972046929
0 0.5093977347881118
0 0.5292713107061144
0 0.5271488275298256
1 0.48032634148357395
0 0.4392614277086089
0 0.4586879845320271
0 0.459847963152334
0 0.4642288068407721
0 0.4983298068303445
0 0.4559106355905245
0 0.4758751532291977
1 0.4456435583369841
0 0.48690941259728
0 0.5024489490163364
0 0.49216967515977583
0 0.4586925048166211
0 0.43963304416341814
0 0.5289265823044114
0 0.4716211169901826
0 0.43641866477758995
0 0.4967250827897641
0 0.4120921310940855
0 0.42534292471832186
0 0.5265916434222269
0 0.46904201841177473
0 0.5412353474376485
1 0.49695340609640026
0 0.4578946177956785
0 0.4865473450922078
0 0.505314681838641
0 0.4410213646715164
0 0.46377597762337575
0 0.47973862034834136
1 0.462219439451414
0 0.4837503416226229
0 0.4751147098631324
0 0.4793703295270967
0 0.5057023275515904
0 0.46330868583781604
0 0.45507289917928556
0 0.4679226916236542
0 0.5142003953506122
0 0.46970262546766756
0 0.45562535667822784
1 0.5029471753178666
0 0.4693420590655983
0 0.4474876133599544
0 0.46624656426411076
0 0.42296404755574557
0 0.44995212210826196
0 0.5040547659691629
1 0.4679231793326453
0 0.5001370437598391
0 0.45946934408475143
0 0.49605101556261344
0 0.47205345324962017
0 0.5293742783925193
0 0.4813862100715467
0 0.4507241768313166
0 0.4792561867753151
0 0.44663897812890024
0 0.4929083353532107
0 0.4767767022391805
0 0.5099045058025672
0 0.48922793906861306
0 0.4827888563133204
0 0.452550497379431
0 0.49442783141694724
0 0.47852843030666625
0 0.47819508660840965
1 0.4907746503057666
0 0.4924601178897052
0 0.4846880002871084
0 0.4614772571100213
0 0.4433952678375735
0 0.49946967415950155
0 0.447158383137931
0 0.4513970822153613
0 0.38622407422949123
1 0.49973344671330167
0 0.4533227392494867
0 0.4916934336823072
0 0.45199268243750146
0 0.5175759318392041
0 0.4565978653833041
0 0.5249935610021146
0 0.4583347959823118
0 0.49702084685722164
0 0.46414006272566977
0 0.479644098280668
0 0.4819402892538965
0 0.49911700375247336
0 0.5039203667562967
0 0.5022263338127902
0 0.5172647451666419
0 0.4715335208741938
0 0.48574193620235656
0 0.5166941536603586
1 0.5048203417249216
0 0.5027437127755243
0 0.5051278982274071
0 0.5037890286790803
1 0.4828566384398434
0 0.5117365187982552
0 0.4799160276715541
0 0.4750001219003246
1 0.4734942939024344
0 0.47868706737616923
0 0.49421955949744645
1 0.48522967054092625
1 0.5114803019376868
0 0.480966892245546
0 0.46044732667291116
0 0.4893060423879257
0 0.4872306422716088
0 0.5137194478939779
0 0.4846772517413203
0 0.4725871432305466
0 0.46700646531560497
0 0.42034880154050186
0 0.48739244845412794
0 0.4955815905808792
0 0.5162929808168057
0 0.4111365749531616
1 0.47976205898933066
0 0.4871001730776774
0 0.4920387076771451
1 0.4798616140382614
1 0.4097430294042351
1 0.4533721835482695
0 0.48516232324761877
0 0.4474481812217555
0 0.4519872231111098
0 0.46725465921232334
0 0.4469789899965529
0 0.5238139744543943
0 0.49977737459503707
0 0.5137197531499124
0 0.44973059431456314
0 0.42375567976236916
0 0.4785007643325056
0 0.49233604374438217
0 0.48360316968815525
0 0.49243637758883035
0 0.4598573499083006
0 0.4557858438699771
0 0.4988632238069941
0 0.5061531944680969
0 0.4312732991035269
0 0.5082797120793515
0 0.4548596235549704
0 0.4788842453958594
0 0.4708747558678911
0 0.5130108166601242
0 0.4845332537974319
0 0.49328819879898456
0 0.4854517133235913
0 0.5223993093554727
0 0.47399851963003276
0 0.42729719758611445
0 0.44342694199029775
1 0.5003051713037416
0 0.4944241997086964
0 0.46377775927473713
0 0.4632150679382554
0 0.45420029877625995
0 0.44249902995653584
0 0.46734369546911186
0 0.4684260511833302
0 0.459798428572414
0 0.5025455990922233
0 0.5093028148843648
0 0.47967289285376047
0 0.5339146999190095
0 0.4496249911067381
1 0.47198014091305285
0 0.5083325898258146
0 0.480108514043646
0 0.49165340688407694
0 0.48388944885315616
0 0.4697931627546302
0 0.4886854329013021
0 0.5027360615969012
0 0.48163351354683326
0 0.44391080121876847
0 0.4467759662547821
0 0.4803167858128467
0 0.49510197579836984
0 0.521454417898215
0 0.4807481638392388
0 0.5040473246489833
0 0.48597636612354417
0 0.48221743328935035
0 0.4570201531104743
0 0.439674987971396
0 0.49422453295958896
1 0.4694771784057588
0 0.4881245111729132
0 0.4829816898840667
1 0.49470027164588043
0 0.4868259937153643
1 0.4686674655386447
0 0.49700455416482364
0 0.5175474103259353
0 0.4895480761800448
0 0.4566544992762666
0 0.45472187789388935
0 0.47445310940221963
1 0.4882094924632294
0 0.4679357598787861
0 0.47841459045687534
0 0.4935312303099321
0 0.5062759431175345
0 0.4945597692785638
0 0.489002696574336
0 0.4652792420120622
0 0.45184832874205066
0 0.4844981603009077
0 0.44877213840228014
0 0.47683194680125407
0 0.48450077959072324
0 0.48546302506222244
0 0.48368274979148734
0 0.44089936154562537
0 0.5036317793985366
0 0.4950140067249128
1 0.5002748117858407
0 0.49701750191153904
0 0.4864574640461633
0 0.46630279518966317
0 0.45687473031159087
0 0.5048825180992477
0 0.4885721509713354
0 0.48571650200141875
0 0.5141509534792682
0 0.5067068390535412
0 0.4817611739597369
0 0.5222352399823835
0 0.44549590969630654
0 0.46264083132956485
1 0.5178962196243495
0 0.46817402136773745
0 0.48910398600885535
0 0.47236006241119055
0 0.4556879096709451
0 0.5070336649193671
0 0.4821330473333088
0 0.4741083935516049
0 0.5009750623210844
0 0.4918393398245599
0 0.4648992361732399
0 0.49786295575299355
0 0.5188474345145037
0 0.5148594749030149
0 0.489015950964241
0 0.4966599507570967
0 0.4569505359187603
1 0.4860893010933383
0 0.48310472907187113
0 0.47594466414233
0 0.45733975619717593
0 0.4796064454885122
0 0.5072700984978968
0 0.5064510510550633
0 0.4978554073338566
0 0.5215161332326108
0 0.47694005543313694
0 0.4883034734994236
0 0.4970600410487403
0 0.4753927828257675
0 0.47034188371797836
0 0.47549451859579733
0 0.47161788773354874
0 0.4918740658182319
1 0.4738530513783347
0 0.4599433194121694
0 0.4893716095503827
0 0.5118366012590447
0 0.46936601378898
1 0.46703963277694294
0 0.4724889739674009
0 0.49660430181065757
0 0.4893613311252529
0 0.4745116916221192
0 0.49427383393288676
0 0.47040945373505894
0 0.45538383099293295
0 0.48415740661858025
0 0.4938490924833461
0 0.5110487731640173
0 0.4998639028398047
0 0.4763189324448751
0 0.45553974183172713
0 0.4534952820519171
0 0.493297659852325
0 0.4539001016805485
0 0.5169769789160902
0 0.5091437464167344
0 0.4579801643274467
1 0.5092779812977356
0 0.4875044101415452
0 0.5068282952806622
0 0.47772612431721045
0 0.4846273001765966
0 0.4760739915572768
0 0.47919922309941465
0 0.47212094962670315
0 0.4806132835294978
0 0.48375007211686616
0 0.515451795972577
0 0.5062907740677817
1 0.5088757035689633
0 0.49672293598688255
0 0.49933869873343695
0 0.4726123711159648
0 0.47874455315531067
0 0.48181792380948674
0 0.500584007665457
1 0.47425773206522026
0 0.44053451594967535
0 0.510994810380701
0 0.488907044323202
0 0.47493389219045984
0 0.4954074252750268
0 0.5014273519188736
0 0.4735986643124168
0 0.42189158667980836
0 0.42573216129369085
0 0.4764765747540691
0 0.5110087143642922
0 0.48177542431154086
0 0.46875576061400914
0 0.5082195975257374
0 0.5088593968274672
0 0.4894810662638217
0 0.4902122408876924
0 0.5115205965361435
1 0.4656526505079074
0 0.5101096468720004
0 0.5155832120933189
0 0.4829959608059282
0 0.4496023279792327
0 0.464363647031845
0 0.5372713326651183
0 0.5012566482625663
0 0.46891600815829015
0 0.48314007422513877
0 0.4658149867299191
0 0.5133832717267551
0 0.46305518449185984
