1 0.5086043546451106
1 0.5072247470623011
1 0.5512183656926261
1 0.4876173105026487
1 0.47676751360246655
1 0.49012782138812483
1 0.47495624744008874
0 0.490936317528567
0 0.5172702348373919
1 0.5234398147792958
1 0.48330840506288386
0 0.5263749624558737
1 0.5200921347901035
1 0.5317730496119191
1 0.48558444973216836
1 0.4828239595730743
1 0.5121016461573876
1 0.5036245608348372
1 0.5300821933256491
1 0.4903239050627188
1 0.5002979808233312
0 0.535179055226547
0 0.49352649787860675
1 0.5146365424078051
1 0.5448261827873973
1 0.480757328533902
1 0.4912190490442522
1 0.4837450400110306
1 0.5292677243597278
1 0.5204663918585567
1 0.5169911990599682
1 0.47473214537405256
1 0.5386620423159059
1 0.48810846921340734
1 0.46991632925457627
0 0.48919316815166086
0 0.5553643657453329
1 0.4961039637594011
1 0.4776152129025394
1 0.48575219235379663
1 0.5036073082405618
0 0.5689408605417136
1 0.5152081958481097
1 0.5129615779567326
0 0.5230649815247738
0 0.4977594720082351
1 0.49063679738540006
1 0.5202630739488596
1 0.5177854449943208
1 0.5088265646107074
1 0.5013740594410651
0 0.5383701795158148
1 0.49450263166477226
1 0.47346977857842204
1 0.5430025601315788
1 0.4956902912419087
1 0.500402062895192
1 0.52307465645958
1 0.5089426693824343
1 0.5089003882229916
1 0.4737370640122435
1 0.5371469001988027
1 0.4759654175784995
1 0.5041088119668754
0 0.5013820091068218
1 0.5062322201457029
1 0.4906410845902335
1 0.519594100972635
1 0.5065796815399289
0 0.47807316959737656
1 0.5036017622448605
1 0.47502185907097466
1 0.4734971812656042
1 0.5222784531199576
1 0.4717132190056259
1 0.5008510452502545
1 0.49483939512471936
0 0.4868911990311346
0 0.5447893482185837
1 0.5967911819217078
1 0.501800118964943
1 0.4955718080002203
1 0.492931667383883
1 0.5262172595666069
1 0.5159252614666262
0 0.5015593675392249
1 0.5286650418953934
1 0.5007884107629667
1 0.5135796532073971
0 0.5150974863491637
1 0.4923300459935264
0 0.5308942390458962
0 0.5333107445760554
1 0.5480640308149934
1 0.4911009417785058
1 0.5096498660234864
1 0.5332630580324881
1 0.6220653039643704
1 0.5464843933574339
1 0.4918299049208381
1 0.50735646363493
1 0.4916104994929669
1 0.5411575861398054
0 0.5274499088700735
0 0.4952470666901346
0 0.5701714254343057
0 0.5083334471196705
1 0.5135201803483321
0 0.4908491367609324
1 0.51616772616969
1 0.5259638233899655
1 0.5250447153709727
1 0.4976772962405854
1 0.4937417951569885
1 0.47042379204442786
1 0.5620068729152103
1 0.48871461411987577
0 0.5386522839555736
1 0.5169806180424144
1 0.5027084587118477
1 0.5570042678191945
1 0.4941784717496327
1 0.4841883111052223
0 0.49496103606184627
0 0.49141970625505094
1 0.507464651138095
1 0.47354809174148715
1 0.5398252612718583
1 0.5275895088932671
1 0.5613200501137882
1 0.587391049749389
1 0.5625208980573824
1 0.5243578713894637
1 0.5384901444767476
0 0.5327823081899029
0 0.48603133888671246
1 0.5046094377191905
1 0.5045766171877535
1 0.5154944658695384
1 0.5357777025026453
1 0.5195417581639324
1 0.499035144880015
0 0.4813980643713624
1 0.5079712369920601
1 0.5134451315561483
1 0.5353743168470892
0 0.4940279038051694
1 0.5160512499614832
1 0.5044244760393992
1 0.5467066234527242
1 0.48803147107935313
1 0.5016865543313075
1 0.4876099253625159
1 0.48771346923948894
0 0.5121325410119323
1 0.5060395220870831
1 0.49713995484839035
0 0.5457181223714668
0 0.5519446075952386
1 0.5655118496808937
1 0.5375679004100193
1 0.507189455341872
0 0.5597781743926947
1 0.5383114048814251
0 0.5409238403680867
1 0.4612850067024907
1 0.49241925618849736
1 0.5514707461840179
1 0.46956415274693575
1 0.5117159255831787
1 0.46196731460719864
1 0.47518794771068606
0 0.5085531708501861
1 0.5167182069400654
1 0.5198377633019705
1 0.5311910540121784
0 0.49209436600843154
1 0.5013219541723958
1 0.503320022698906
1 0.5133489045326242
1 0.5547977511506142
1 0.48038106772482936
0 0.6299221216126484
1 0.4718517788264353
1 0.5391092438774387
1 0.5205936863472825
1 0.496893541245569
1 0.5167390671643959
0 0.4999025753516952
0 0.5302339292229178
1 0.5079922498847583
1 0.5369448142764162
1 0.5352709090564755
1 0.4958112851421275
1 0.542651900017561
0 0.5012934026958356
0 0.5817540642297275
1 0.4842670557192706
1 0.5529376334231675
1 0.5224931769853962
1 0.5310179108920949
1 0.5412861109145529
1 0.5390349371112835
1 0.5054456530436527
1 0.517480524345281
1 0.4927343884487258
0 0.49073660783160267
0 0.48231823215675
0 0.5237372413635927
1 0.5952730831910423
1 0.5079756099569699
1 0.47919359286999214
1 0.4790388336199134
1 0.5214716721673721
1 0.5599100429344023
1 0.5536349082102002
0 0.5111449798447214
1 0.48585189326331146
1 0.5320423555042801
1 0.598403824783785
1 0.4893513940075298
1 0.503773927955254
1 0.5477833237341885
0 0.4736494074502317
0 0.534771067583207
1 0.5272190570034087
1 0.5078580013654959
1 0.5050463815649564
1 0.47132353337649185
1 0.5103348317946598
1 0.48569845235321746
1 0.47609769352160203
1 0.5551638637962979
1 0.5306876937596173
1 0.5300135733864552
1 0.510338217403567
0 0.4794843884114826
1 0.5038579602556871
0 0.5365559763814138
1 0.599356715823795
1 0.5167076874540031
1 0.537123819455721
1 0.5467155947575904
1 0.5201809433831006
1 0.5419405617915997
1 0.4639609256003718
0 0.4892781577112769
1 0.4654705000982561
1 0.5234071195189743
0 0.4923134065676465
1 0.4898025769243923
1 0.49264806369900105
1 0.5060694760117003
1 0.5072218913449885
1 0.537137752368664
1 0.48473611257295995
0 0.49669560112881245
1 0.46844031767004135
1 0.5112551829436854
1 0.5083031454484178
1 0.5229270350430937
0 0.5254467343633139
1 0.48853667869830997
1 0.46210734192387865
0 0.5043729573572592
0 0.5244060636374407
1 0.5231526139382893
1 0.4852137084176344
1 0.5369578840308356
1 0.48310414720787315
1 0.5262527716817949
1 0.4832331286433267
0 0.5453094631112234
0 0.5634983745443084
1 0.5148857983443107
1 0.5205532948410895
1 0.5331778751904789
1 0.5344472964636264
1 0.5378735342285003
0 0.4992784698135677
1 0.48128167728015453
1 0.488726985690906
1 0.5067766332119875
1 0.47181132364713896
1 0.489456286349922
1 0.48239148329589315
1 0.5479898399662984
1 0.5368294015707789
0 0.5022460913725822
1 0.520316024095088
1 0.5304857271142442
1 0.48464406639856816
0 0.5026005508682359
1 0.5239288771097003
0 0.4947598380879924
1 0.5370570997010232
1 0.5472085930888934
0 0.5639381703924741
1 0.5250076571512988
1 0.5249841087609639
1 0.5054423411644002
1 0.5650053254619131
1 0.5135621264152791
1 0.5797895673128873
1 0.5322227474492558
1 0.5056184940467138
1 0.5466411765108784
1 0.5226495011634499
1 0.499147247785797
1 0.48781836947191093
0 0.5251430728741531
1 0.5458719083830935
0 0.4796094896540905
1 0.5212052088848662
1 0.5328653456651917
0 0.4857452117960256
1 0.5330518804388609
0 0.5783837829830071
0 0.4898528419622898
1 0.4864633671702685
1 0.4802453830159159
0 0.46355072444879525
1 0.46581944041625484
1 0.5032316348986793
0 0.627059378207169
1 0.5656026575281543
1 0.5734317566501875
1 0.541162844875467
1 0.5335653148510394
1 0.6178746304502529
1 0.48596182868781734
1 0.5019865412186807
0 0.5240189420288899
0 0.5369467993502497
1 0.5285714338368536
0 0.48420754945157385
1 0.5146960491596674
0 0.5557646597250476
0 0.5412880497240709
0 0.49417105643865944
1 0.49550016338709474
0 0.5278706437932857
0 0.5134432146739667
0 0.5348750092815384
1 0.49648310197997453
1 0.5128015322897388
1 0.4978816348584614
1 0.5137013656652282
1 0.49860802647630387
1 0.48803496830755994
0 0.48822581435893336
1 0.5221373231625759
0 0.5094305012408493
1 0.5068045672974291
1 0.4921437077998625
1 0.5087813329792789
1 0.6118720063428794
0 0.519321597188489
1 0.530157677855275
1 0.4932885545578595
1 0.47480778241160215
0 0.47631358662746287
0 0.5316850030590438
1 0.502465230007498
1 0.48728733480896536
