0 0.5252464044963786
0 0.49090955331227926
1 0.49709988808162353
1 0.5179266385779991
1 0.5302223927066849
0 0.51752536289809
0 0.5125729461942753
1 0.5048202957090703
0 0.5092179487156998
1 0.49676629475268264
0 0.546976613287771
0 0.4974847568717294
1 0.5327543761822833
0 0.5019374874036466
1 0.49105830216626783
0 0.5048383276257223
0 0.509964234474826
1 0.5007110316452028
0 0.47327558392090513
1 0.47792120827401113
0 0.4564019860269408
1 0.5065027569328204
0 0.4820877264738364
1 0.4997083916677945
1 0.4950150130641195
0 0.49123268986682544
1 0.5229773184716177
1 0.5091942134091902
1 0.48835034773856006
1 0.5249825500233346
1 0.488304262389356
1 0.4931862676600103
1 0.4584773372216128
0 0.5249427694681436
0 0.4834417968276108
1 0.46326242277727386
0 0.5054201034048705
1 0.48132041490087907
0 0.49607030932862217
0 0.47333108663165074
1 0.4668992216861252
1 0.46608686468532434
1 0.5049093128804683
1 0.4953129320303756
1 0.4625630386601284
1 0.48631833438997774
0 0.48842191833635235
0 0.48749308003275865
0 0.4849735561580552
0 0.491879148276067
0 0.4820338759318013
0 0.4832163821590919
0 0.4919119735653353
0 0.5400875034266667
1 0.4880172160453706
0 0.543192001994919
0 0.5058831946220049
0 0.5236879056867434
0 0.4997965127241969
0 0.4732342934497434
0 0.4948581815067272
1 0.4876278338283777
0 0.4907667594465831
0 0.4823006883245046
0 0.5000203646693014
0 0.4948489034440171
0 0.48185592189737736
1 0.5078858178865957
0 0.4542149534967307
1 0.4819509369366868
0 0.4834856615359234
1 0.49351510759927786
1 0.5047918572919686
1 0.4899277217359805
1 0.4971597913417605
1 0.48614150919718857
1 0.47083566403403354
0 0.4726541774897621
1 0.49094255123383945
0 0.5153920961938941
0 0.4893688903506726
0 0.4804104441879017
0 0.5037043513863
0 0.46377517834893817
1 0.49015464802694025
0 0.4759617682514486
1 0.47315574189928955
0 0.5165985342313777
0 0.49751892243499707
0 0.514292777164032
0 0.4925312379252471
0 0.4999293491061723
1 0.4845104687794925
1 0.5043823469636965
1 0.481238561001652
0 0.4815598612833511
0 0.4907656619591517
1 0.47050572268454205
1 0.5268351727221692
0 0.4919348714769855
0 0.45648250244143973
1 0.4577002882828194
0 0.45780017747782686
0 0.46316497465969325
0 0.4294026728777276
1 0.4544089060037716
0 0.46076937527071776
0 0.48504697501598903
1 0.47460492643758273
1 0.47833345622529005
0 0.4648161674497123
0 0.4936756773248876
1 0.48063943603241804
0 0.47728112188891675
1 0.4866054678826824
1 0.4686738473503883
0 0.4797252022528248
0 0.4974279899060303
0 0.47061084101820416
0 0.4908514457311013
1 0.477088655602959
1 0.4679478327350804
0 0.48310630029259294
0 0.47941087564158896
0 0.5176734551609357
0 0.4797436014147095
0 0.4458402777647573
0 0.4849793723940488
1 0.5279768168606097
0 0.4793928015291796
0 0.4784247532928738
1 0.5016493086822743
1 0.4768186700604956
1 0.5156258474234322
1 0.48938899475929193
0 0.4695987707221014
1 0.5050144576377934
0 0.46986631558869013
0 0.5072722248398107
0 0.4983454057605031
1 0.5233000426830156
0 0.473138362986657
0 0.4756403067601478
0 0.49906361621262824
1 0.48539718162147055
0 0.4858254549646572
0 0.4709995207862302
0 0.4703730528452736
0 0.495705859970423
1 0.47499549349239367
1 0.47310951015635594
1 0.49149451710403474
0 0.49959123556669044
0 0.528271385764624
0 0.4889434219014337
0 0.5089431655815299
1 0.49797812300720307
0 0.5270862364433745
1 0.4810863098349416
1 0.47739356545413747
0 0.4819438676467411
0 0.47388014461087785
0 0.47692644676345863
1 0.47539637985724004
0 0.47444269178941684
1 0.48167166561165786
0 0.4571599138356803
1 0.45606912569882296
1 0.47425117670220635
1 0.47012637801881135
0 0.46238580825184655
0 0.4715091458581183
1 0.44447731746981173
0 0.4745155550167732
0 0.4703893731640413
0 0.48917453234456443
0 0.4827260106768098
0 0.4953467143402587
1 0.4649803835435565
1 0.4680815387087399
0 0.4670979707095054
1 0.4938497673807595
1 0.48026660090740453
0 0.4884639021184273
0 0.48062943856851686
0 0.4889144751834871
0 0.4919091731224954
0 0.5029157399268191
1 0.4984142480333666
1 0.4871027953588654
1 0.46792330579907054
1 0.46520508159980417
0 0.45555817237334106
1 0.48073565970351945
1 0.4534213263280505
0 0.46427098280023094
1 0.4635809861507472
0 0.47687749806689145
0 0.45813198055067367
1 0.48193399947344806
0 0.4609263445390449
0 0.5073512277865978
0 0.4617389506438471
0 0.4810898148418308
0 0.466070806582829
1 0.4876602950470588
1 0.4717146024056655
0 0.4897529270042359
0 0.47250934866462857
0 0.4951720342784599
0 0.47413024816619737
0 0.48308647286287826
0 0.4731327364578682
1 0.48391219792340373
1 0.4594247370957087
1 0.4828818433059302
0 0.47812297598816383
0 0.4881936981292728
0 0.4734186851077264
0 0.485408119750208
0 0.47085855647865066
0 0.4732660671693978
0 0.4658914775163399
1 0.47882906390001956
0 0.4624177173340584
1 0.4688774483487068
0 0.4513626813692463
0 0.4685240724974323
0 0.4639964338981186
0 0.45500718169293813
0 0.4489687713406276
1 0.4787856329372271
1 0.4713629714368014
1 0.4563830010395632
0 0.46632659090988954
0 0.5008020487171748
0 0.47569727147455315
0 0.5019624192759157
0 0.48112926584352106
0 0.5129162096201527
0 0.490185636530545
0 0.49177434406276116
0 0.47078552668705026
0 0.4727815565971058
0 0.47377790146666465
0 0.4974226619623695
0 0.4572252457592969
0 0.4620040760265273
0 0.5139337097810206
0 0.4865766630352733
0 0.4695591271611036
1 0.47265205639332636
0 0.4698721849642482
0 0.44732578917538357
0 0.4677765238072257
0 0.45475259255907513
0 0.4382529885299495
0 0.4445821101619313
0 0.44648487225492717
0 0.45726114416552044
0 0.43368797349667154
1 0.43517402571168384
1 0.4891778205550384
1 0.44698697768557133
0 0.46315617473354687
0 0.47940090228074966
0 0.44236227953831714
0 0.4468784156535352
1 0.4283013155515574
1 0.4627541772993961
0 0.460281001643945
0 0.42506937822357804
0 0.4565573825895446
0 0.4482073858770469
0 0.4418089592329349
1 0.4368438419763959
0 0.4428683051277317
0 0.4565624174864208
0 0.46584797982147286
1 0.4908017228500302
0 0.47213557002810874
0 0.4373066858129315
0 0.48263811952847857
0 0.46088978325889
1 0.4609758362318564
1 0.4753488619759687
1 0.4644878673780391
1 0.4585758267779596
1 0.4656532234459939
1 0.4734568207606205
1 0.46674622731308074
1 0.4531933282213558
0 0.44619806886383095
0 0.47488614254427947
0 0.46377314158602256
1 0.4390985063076966
1 0.46459461677718156
1 0.4570234872666888
0 0.46570511334642434
0 0.47776142882101574
1 0.4934798969330386
1 0.4843309664805723
1 0.4637721462756493
1 0.46553848832999295
0 0.4836105874023031
0 0.4607787008746251
0 0.4475363221256665
1 0.45925005718987033
0 0.47789481705255266
1 0.47751725928390526
0 0.48618363491038863
1 0.48509421660198115
1 0.4928342586181403
0 0.4824121210230762
0 0.4548258130216263
1 0.47145073986170116
0 0.46078448819045215
1 0.46464407889777887
1 0.4683209831174081
1 0.45731929886610967
0 0.47474262863877564
0 0.47376167379992
1 0.4759267704093055
1 0.4560447180452955
0 0.4674993620183596
0 0.4672220885735126
0 0.4679247374742744
1 0.5040908290422046
1 0.4693896445278084
1 0.49437769864908043
1 0.4966596170114572
0 0.48059180427766596
1 0.46159111709010087
0 0.47938681851010034
1 0.4699497323432938
0 0.4712872643214477
0 0.47906301944517965
0 0.48275521847182773
0 0.47461977529170096
0 0.4791292613446284
0 0.48898917670313596
0 0.47658828083924365
0 0.4877112219327436
1 0.494668038663181
0 0.4765709249817467
1 0.4703458199107183
0 0.5107569090475262
0 0.4728721613553399
1 0.4638349455838107
0 0.5024212714838547
0 0.4768686173727244
0 0.4867703391601194
1 0.48249043624742
0 0.48866369120566133
0 0.5220115436399088
0 0.47836564707255574
1 0.4751945290276796
0 0.5023776794438208
1 0.47810609409181004
0 0.4629813768243353
1 0.4499687651627168
0 0.4745320516180503
1 0.4530102348554708
1 0.4605558776479599
1 0.4744990470296108
