0 0.5020902903093797
0 0.5010909528630016
0 0.50969342689105
0 0.48819904812453835
0 0.45373937303348877
1 0.4261041890945846
0 0.4437719524431682
0 0.4720275714773381
0 0.4629522247580801
0 0.45419769358471124
0 0.522636927719362
0 0.4918568415608613
0 0.4986208012904066
0 0.44813094072878423
1 0.47408797383365053
0 0.48516856890129395
0 0.483414487122549
0 0.4667743680854283
0 0.4718892488915356
1 0.46983865381545903
0 0.4835913000171533
1 0.4659791607947893
0 0.4235057196328643
0 0.500620376927999
0 0.48511552172515293
0 0.4567352418068166
0 0.4893962800141067
0 0.4751009924805129
0 0.4630413032975355
0 0.4770514961555391
0 0.48216418078954093
0 0.5301766452119078
0 0.47052674099945596
1 0.507586773609923
0 0.4459849450868574
0 0.48614921025743185
0 0.4803680688304745
0 0.5023977831713954
0 0.5200220212569265
0 0.4366939121730712
0 0.4793070258039088
0 0.44126952585583423
0 0.448184464697508
0 0.46144526349044557
0 0.4943356615903532
0 0.5303224281790936
0 0.4357181612878144
0 0.4439502949728714
0 0.503086778271181
0 0.47379813197473997
0 0.49053198777779655
0 0.4400650979584011
0 0.40876125780822087
0 0.4660437607314666
0 0.5201961656350081
1 0.5176551388712626
0 0.4563679634053823
0 0.5107041192859849
1 0.5233076931312509
0 0.46527259059828
0 0.4597468871818233
0 0.46113122107836624
0 0.4342273665196737
0 0.4509358028480738
0 0.4626413795434682
0 0.45017606950068867
0 0.43356563573667073
0 0.5005493792193013
0 0.5127381352127894
1 0.4423901630598111
1 0.4723645156798361
0 0.425852328547236
0 0.5157169758255666
0 0.4843828785932669
0 0.49574409141947845
0 0.4720257891252223
0 0.4621532529904643
0 0.4888291990426279
0 0.5168267503779266
1 0.4656949605136646
0 0.453869407597601
0 0.5096416155076311
0 0.527125756792508
0 0.43944673888631025
0 0.44172862516424694
1 0.4801445251783195
0 0.4918927635435107
0 0.5002748283255125
0 0.4722609455470173
0 0.4843346121467007
0 0.44277087674357307
0 0.43978187816740555
0 0.45238580047703536
0 0.4260261558495793
0 0.4524128285457515
0 0.44423808744459137
0 0.46553227693409016
0 0.46542461560115556
1 0.48263392318647386
0 0.45165171623219014
0 0.5133829568358756
0 0.5233062477918966
0 0.46276338011318874
0 0.44766178961954844
0 0.4590972272035206
0 0.42611985475224745
0 0.481768437936001
0 0.4694763173771021
0 0.42651391344747464
0 0.5260104612235132
0 0.4444092656950637
0 0.5207003052930929
0 0.48874720645076314
0 0.3958402292113197
0 0.46425247927241925
0 0.46960465572552423
0 0.47284987447776683
0 0.47168532156763165
1 0.4545748354424299
0 0.4630175485621464
0 0.4746204392432347
0 0.46602396559146503
0 0.4848187084744974
0 0.4586159345377614
0 0.5160169170176875
0 0.4347912583030183
1 0.49318926576077554
0 0.46043056861144205
1 0.5157406535017318
0 0.4623477018951248
0 0.4626743501559747
1 0.44589480593278696
0 0.44584046900679597
0 0.445894403618154
0 0.4375072221423985
0 0.439886057073961
0 0.4504777855505501
0 0.44000243148244644
0 0.4813535792862801
0 0.4645922095566399
0 0.4650900501726208
0 0.4640225942158763
0 0.4690206313808019
1 0.4162226040001108
0 0.45410646365851387
0 0.4455896955296504
1 0.5160336561198056
0 0.4952311985614676
0 0.4768282214583849
0 0.48212445388085723
0 0.49455152814962594
0 0.4836634095649947
0 0.43860252534084254
0 0.45587981105313247
0 0.4677809518420147
0 0.5149029109651256
0 0.5100954368098761
0 0.5013315196518408
0 0.5134601009943349
0 0.4743174194256494
0 0.5237310566555032
0 0.4881904968596993
0 0.5030629540609796
0 0.44321316684216755
0 0.4487384544482057
0 0.4850953914797413
1 0.4617932799570621
0 0.4838254713517461
0 0.47850592586014457
0 0.4515808132463796
0 0.44693658565532507
0 0.5014642989014279
1 0.49237462875884
0 0.5021284740657014
1 0.4497846323882072
1 0.506528936684056
0 0.42705452532794097
0 0.5068702105857328
0 0.46804528602367834
1 0.5194057344253977
0 0.47730651239720473
0 0.47835444001850064
1 0.44416430961817316
1 0.4891902571126671
0 0.42386697629760994
0 0.49976678213658926
0 0.48058911724910375
1 0.4848243735816182
0 0.458100857391519
0 0.4121549008016614
0 0.41136029527031703
1 0.43552703939569454
1 0.49748447953021796
0 0.4491947404136885
0 0.516194112403467
0 0.45682365521696866
1 0.4985938973545774
0 0.4136437194462493
0 0.46247029139599255
0 0.4628331976049324
0 0.5255422748128676
0 0.49233642227498187
0 0.5018501961110562
0 0.49238336254121523
0 0.41506402362676154
0 0.4803065546307305
0 0.45529422678694165
0 0.4956376255618307
0 0.4296221755874646
0 0.43632184694978005
1 0.49050602858532
0 0.4397967350181641
0 0.4877931967063987
1 0.43118456513200465
1 0.4482457754592768
0 0.5028675688812303
0 0.4534285794093991
0 0.46533242224760013
0 0.4633121895147414
1 0.4485244871875065
0 0.43426929098261025
0 0.4804727215172936
0 0.4867499603077689
0 0.4566165215731061
0 0.5001048614046593
1 0.4845106415648251
0 0.49996067537749095
0 0.49479832225419224
1 0.4455116734922327
0 0.4386590686541853
1 0.40864546184543954
0 0.4342799727871097
0 0.4655204683467815
0 0.4810461855770121
0 0.44119203795410333
0 0.4903734240019726
0 0.399378717319117
0 0.43156567012652985
0 0.4245961988100091
0 0.45619055729641794
0 0.41248657816137385
0 0.43646777114898805
0 0.43753703378417896
0 0.43180969800967633
0 0.4217898504466907
0 0.48757095263365174
0 0.48901627948448484
0 0.5119659264030197
1 0.4775511517650776
0 0.4721332398765995
1 0.4815148759259633
0 0.4615852145596572
0 0.4486734131467283
1 0.49530492702215734
0 0.44090839024314327
1 0.4655467060500109
0 0.4352733687608061
1 0.4928231103039435
0 0.4657328038859616
0 0.5271797875338592
0 0.45956309264222983
1 0.47297043844002457
1 0.43063825495424823
0 0.5005822210635069
0 0.4737022595882248
0 0.465900345267535
0 0.5004612289224922
0 0.5047402543443024
0 0.48141686483527263
1 0.451002197559459
1 0.5040737992597
0 0.46213562973366823
0 0.4565464476582553
1 0.4722031891313874
0 0.4395115592204864
0 0.4417299741954478
0 0.44939948293453424
1 0.43843789229109914
0 0.480349869558032
0 0.4879032835404643
0 0.49359941285711467
1 0.49380404361917174
0 0.45021668737305837
0 0.5124536694023449
1 0.43280535957974553
0 0.4796286046877719
0 0.4356942657125177
0 0.5200586404078871
0 0.4322884788008838
1 0.4733011674930884
1 0.4483570129287174
0 0.4696120723540342
1 0.4449492940812171
0 0.4599080312411575
0 0.4535716230597331
0 0.45055068653987085
1 0.4478408337545502
1 0.4599938198402336
1 0.47151755048887845
1 0.45570895870702277
1 0.4370545632192497
1 0.4242861203471026
1 0.47468667544205617
1 0.4528335893825993
1 0.5046407851691908
0 0.4914670458914973
0 0.4923631744871136
1 0.46948139121343163
1 0.4602530394510589
0 0.46807629244025284
0 0.45697670433861665
0 0.46854892763762535
0 0.44363119275092183
1 0.4606434251982497
0 0.4453237636100617
0 0.42480187177020945
0 0.4321966298521807
0 0.44579828682361766
1 0.5413562199248564
0 0.464245806183432
0 0.5190987512083391
1 0.4550452374400869
1 0.44701003560928776
0 0.4459932558774926
1 0.46334419121459697
1 0.47746719463964593
0 0.4493114460592971
0 0.43316235380619783
0 0.4275555100415689
0 0.4599491273585201
0 0.46496372207678166
0 0.49540741035105085
0 0.413879600125469
1 0.4539522015505061
0 0.4309309172314479
0 0.5072457730189525
0 0.45852389424482826
0 0.4494857717774561
0 0.48504734851825615
1 0.4612087728635013
1 0.4783662140121418
0 0.5009767383199569
1 0.5019583232870577
0 0.4533942580839284
1 0.4669028043094798
0 0.5012981622435047
0 0.48437414936336964
0 0.4529518745951189
0 0.43804916543272254
1 0.466402995933118
0 0.4458313485982744
0 0.47396168200591127
0 0.4712325620157225
1 0.4582486406062392
0 0.4860834351693374
1 0.4636883590898909
0 0.4992069774109283
0 0.48312505507702597
0 0.4984810338714817
0 0.4433718409925755
0 0.5067378762635669
0 0.4603258671014904
1 0.5000410060686654
0 0.4657484169142963
0 0.456790072346398
