0 0.5434317348882642
0 0.3485417974561907
0 0.4639076317629386
0 0.45454598361438064
0 0.4696975077061206
0 0.47430644988188214
0 0.4458169777539863
0 0.4792749480885299
0 0.4216898971749025
0 0.491381652551375
0 0.42716956457464966
0 0.413382331234277
0 0.49231949506835015
0 0.50178100865667
0 0.5448034464556317
0 0.4442011547856987
0 0.489838091092136
0 0.5130663071350529
0 0.4700698030087243
0 0.47524899178141905
0 0.5173461359266662
0 0.48372075580628354
0 0.49564411735099456
0 0.43126137062993875
0 0.5405536754402556
0 0.4881627787482336
0 0.4165355043532399
0 0.4501829986629962
0 0.47205573215107405
0 0.42957886812190116
0 0.5050721233564684
0 0.5034429189553833
0 0.4989352887683377
0 0.4496002179604454
0 0.48848066802417245
0 0.4877580046391634
0 0.509262368818373
0 0.4154016850853491
0 0.46056240659576225
0 0.4215347147879068
0 0.43274073683205544
0 0.47119050097862564
0 0.4685084580458385
0 0.4822178843168289
0 0.4760923305400314
0 0.4778748103205342
0 0.40309573531532716
0 0.5270286916796301
0 0.5470061176176106
0 0.40187506577554943
0 0.38180713877369044
0 0.46013228019722474
0 0.4550964672726603
0 0.5111854945532192
0 0.4344689281481048
0 0.46028244474563607
0 0.5702212772814327
1 0.5125190319463846
0 0.46469772006303567
0 0.5103936034610002
0 0.4232223012445523
0 0.4890008803303779
0 0.32178963200935456
0 0.4479595959055753
0 0.48204746608760907
0 0.4714606033010691
0 0.4471130355019672
0 0.4519122038117828
0 0.4478381913314896
0 0.5387835161068043
0 0.5030407541591008
1 0.5258841647056097
0 0.46472829018802647
0 0.5088593640713943
0 0.510330701815868
0 0.4967531015533292
0 0.43002974014754536
0 0.44656373540314453
0 0.4400825794765492
0 0.5104432356622385
0 0.4364751822110539
0 0.47757115925220944
0 0.5168315545940196
0 0.4550165936376544
0 0.5075377843954432
0 0.30838083568914665
0 0.4710373405657462
0 0.38023199732920937
0 0.4425713274245005
0 0.49510092837370223
0 0.3980079873605963
0 0.4370834440281586
0 0.476768643363976
0 0.46515520509804403
0 0.39504146835677145
0 0.36482266736925384
0 0.455889430319921
0 0.4384923717719262
0 0.39627249612592036
0 0.45672289466234794
0 0.4194839685376884
0 0.4063073750046398
0 0.4793001289078547
0 0.38692354005124135
0 0.45520320351414273
0 0.39542680678588604
0 0.34839754753909036
0 0.425815743797536
0 0.4929425578533862
0 0.3747304497115524
0 0.5124870084769008
0 0.39469291949547386
0 0.4777280826650539
0 0.4224680898961103
0 0.4757657713931357
0 0.38473764218093504
0 0.4312784681045319
1 0.4979243853007934
0 0.4324779873683822
0 0.5099025900650875
0 0.45495992875025915
0 0.46594081383282976
0 0.41114246905194796
0 0.432498444743616
0 0.4530815768295896
0 0.4521292708010573
0 0.28081412750202234
0 0.45614259394133494
0 0.3632818794700734
0 0.4657563944306954
0 0.3878583330785132
0 0.4173114298909115
0 0.41738518915635714
0 0.4377246591521557
0 0.3949231218252366
0 0.4625435876428076
0 0.4644071828154707
0 0.435606599113097
0 0.3397372051896228
0 0.45678765455522097
0 0.49466635420526184
0 0.48884767303522186
0 0.478510045210705
0 0.4122828492039059
0 0.40593759049586203
1 0.48127680087924074
0 0.37687511212077024
0 0.4804348673815822
0 0.507757797110593
0 0.44264295434270323
0 0.4799719639500479
0 0.44675629426095004
0 0.4661710015639539
0 0.502191702832897
0 0.49350249115319067
0 0.48018661606470275
0 0.38994089864628845
0 0.43267192340193206
0 0.43852489570106706
0 0.3415365445186123
0 0.40229950469468256
0 0.3596988475537626
0 0.3980197147778862
0 0.39414453430119817
0 0.431484517779832
0 0.46622285756643567
0 0.4566263654597484
0 0.3807232997021393
0 0.3983707430632979
0 0.45900829839145424
0 0.3974785720640457
0 0.49230102158927647
0 0.40516959374524164
0 0.344756264347841
1 0.4495986306510327
0 0.38012189579012695
0 0.35712997206683816
0 0.3880352185415091
0 0.45401354039404407
0 0.41820870979235514
0 0.44096351520817095
0 0.44257757309412465
0 0.42444496286459554
0 0.4162738484164679
0 0.4484832741250947
0 0.35682008942145993
0 0.38783189808503904
0 0.4988327275121663
0 0.4608941727385895
0 0.4817017958200239
0 0.4570873731818454
0 0.31414535274279576
0 0.4235018627783785
0 0.41887872101727264
0 0.4304938168452871
0 0.3180467562540976
0 0.45135593454957407
0 0.4017110608803779
0 0.4920711415436899
0 0.35446728742889666
0 0.4467278758309567
0 0.4356737531659524
0 0.39763523178141813
0 0.4366174012812764
0 0.4676699609868234
0 0.41403697503540604
0 0.46956617203997747
0 0.48936937173657963
0 0.40956514497083596
0 0.5300344635673289
1 0.4485978644088662
0 0.43812297043946263
1 0.37325791882679893
0 0.4096627756172681
0 0.4864771285134433
0 0.3806213069582196
1 0.3897581028999172
0 0.493961253599633
0 0.46426887705836506
0 0.4099173421967459
0 0.42175146200607594
1 0.49557915177432926
0 0.37135541326793137
0 0.40625384864651265
0 0.392371820510861
0 0.4690504879014756
0 0.45884989725080516
0 0.4122360719152408
0 0.4193222511489509
0 0.4725191210903333
0 0.5269781956631817
0 0.41859867108061216
0 0.5558387275611196
0 0.41003120288547096
1 0.44991516854328995
0 0.44925383125501966
0 0.4632661678497714
0 0.34643303805187226
0 0.426073515978499
0 0.43084662107456917
0 0.42549910604746244
0 0.41756599530473876
0 0.39933501015556777
0 0.39271457264862125
0 0.4913726273125439
0 0.4515722636572496
0 0.3859157674379527
0 0.40258737828933044
0 0.3692709869547232
0 0.3460331481155224
0 0.4003270614123024
0 0.3949053863252407
0 0.45774707769857176
0 0.5499870333314115
0 0.4347359963640766
0 0.3904260751327615
0 0.4263526954186154
0 0.4017999800333731
0 0.4955696285346029
0 0.3847520647430757
0 0.49098991326255126
0 0.43419701963769847
0 0.4900357821837466
0 0.4296667108758931
0 0.5089251992522568
0 0.45200962138245177
0 0.47159026181561886
0 0.4409662838075817
0 0.4768633045023822
0 0.42713397114087504
0 0.5218561636995486
0 0.40807331325419205
0 0.43732203658368024
0 0.414965443019047
0 0.39797750578631486
0 0.5079366688243786
0 0.40333949816132475
0 0.45020937866572014
0 0.43359883499871305
0 0.5069664817971046
0 0.4987998599933969
0 0.43797177684585614
0 0.39424960617081256
0 0.44498078670393926
0 0.4097201698948298
0 0.3499223268880825
0 0.3532999606204618
0 0.4759681335609588
0 0.49415407531131134
0 0.5011590219326276
0 0.4497365643183179
0 0.3848963085221944
0 0.4283895902245347
0 0.44372835852628234
0 0.5207559618097307
0 0.4258284774820315
0 0.4224872475465326
0 0.3078763856536738
0 0.4245929149115662
0 0.38727948224451886
0 0.4829869708489294
0 0.4361107248426608
0 0.4061318027160139
0 0.43131346273352067
0 0.383824050078713
0 0.4108222355378646
0 0.3968464620922306
0 0.4037532421460472
0 0.418186002286211
0 0.4197190332580547
0 0.40582677992596755
0 0.38591873702669166
0 0.45773536722976715
0 0.43504550856785507
0 0.4417841900687576
0 0.5007481609023121
0 0.5112732018185769
0 0.3939986255893046
0 0.4246018754935687
0 0.488239824473135
0 0.3701578333559445
0 0.48476495087200594
0 0.46287074182421867
0 0.403398349131534
0 0.49205339871637355
0 0.4907640017858419
0 0.4663216304747969
0 0.39768326650192903
0 0.4985103669087039
0 0.4757794028386124
0 0.41166295520281376
0 0.4459143462062429
1 0.42412478044597446
0 0.5163677777899166
0 0.3383058020830283
0 0.45560208559829835
0 0.44501589678807013
0 0.47606275136214454
0 0.48857063923455446
0 0.4327709423690847
0 0.48425349409442303
0 0.4996637892046646
0 0.4815907538738469
0 0.4749012410085329
0 0.4406786794988594
0 0.4528800260763739
0 0.4632986777590801
0 0.4934619789719549
0 0.44138440385310623
0 0.4845213724262965
0 0.34976960247482736
0 0.5193555570209184
0 0.4314608913663358
0 0.47650226368110987
0 0.3990536789832891
0 0.41736861695937943
0 0.47471664588017887
0 0.4867743371397117
0 0.47995357012943285
0 0.5066205549786726
0 0.5142174539843916
0 0.53898541176999
1 0.4227459014728502
0 0.4533919206315477
0 0.46837702303702644
