0 0.45558317386945957
0 0.45752422639571344
0 0.48641700967576007
0 0.43315085314428514
0 0.38651032797125495
0 0.5001808396444388
0 0.48139572017130094
0 0.4572239101895212
0 0.4470191486942344
0 0.4446737222889181
0 0.4614353595704335
1 0.42194105491364087
0 0.41143932123690774
0 0.4516104696267839
0 0.43482431768547886
0 0.51161051686072
0 0.3702048055016623
0 0.5468861538550643
0 0.518122584137404
0 0.46478953746591806
0 0.4424048075949355
0 0.39935808137025464
0 0.5409384941380847
0 0.40049575614837013
0 0.45644394036910146
0 0.46569410793891447
0 0.5646129285516917
0 0.5641719981575158
0 0.5198521945310385
0 0.5128911973311491
0 0.5619374881198246
0 0.5211380856565458
0 0.4427985594769956
0 0.45993927983481164
1 0.5885414876039399
0 0.524247344373707
0 0.4534188668212674
0 0.4322126723885302
0 0.4761235581747909
0 0.4887065953162496
0 0.40956835879916464
1 0.557540228510591
0 0.48724090660434477
0 0.5245186377886765
0 0.41502885227576725
0 0.4992897142045851
0 0.4764671814951105
1 0.3731725618436524
0 0.5174587091584539
0 0.490967178883983
0 0.4922815488420657
0 0.47922683784162884
0 0.5545894757863358
1 0.40493696997437195
0 0.4017907412742933
1 0.5737883087393231
0 0.49664908781124256
0 0.47112026810859003
0 0.43928629016430204
0 0.488360266811638
0 0.48146217491687693
0 0.4367951294711421
0 0.44241520801742945
0 0.4159186693972747
0 0.41334496731811393
1 0.36764327914256023
0 0.45265208368868487
0 0.5141911550711082
0 0.43881239025106017
0 0.45806729125751744
0 0.4804303665835936
0 0.5568126699351539
1 0.479689548238009
0 0.48455418483962237
0 0.48231592611935387
0 0.4655260111804642
0 0.4274343410362434
0 0.4406658797230466
1 0.5054442876631154
0 0.4690813719333085
0 0.39751099820156166
0 0.4831977165866589
0 0.49493309623683224
0 0.5016874392515352
0 0.4812292876642068
0 0.42357373730710435
0 0.4672304261708602
0 0.4660387357008676
0 0.466970315116032
0 0.507227827101125
0 0.44742069036288495
0 0.48158784040553526
0 0.48403007107468227
0 0.4711684595792827
0 0.428694633492739
0 0.39947713460993783
0 0.47671884626603417
0 0.47273630205125117
0 0.44929969101260087
1 0.43978770475102935
0 0.511027001602891
0 0.46511767546806143
0 0.4862096589871953
0 0.4726438748544517
0 0.4253667105171041
0 0.46093256703560875
0 0.38265161709282186
1 0.4749350860103533
0 0.4887370924300266
0 0.45634343407049066
1 0.4424890332342291
0 0.4660769527669595
0 0.4676992908578864
0 0.5674129084744866
0 0.4539923675821212
0 0.479367955104737
0 0.4261500329762099
1 0.5332109630744736
1 0.44442748105393676
0 0.44040434958598973
0 0.4737044753177941
0 0.3990974533348013
0 0.41245379359021106
0 0.47632393082085583
0 0.41306769139536653
0 0.4184578518596866
0 0.3851097236756673
0 0.3963275669576302
0 0.38612181393511935
0 0.4388905067580262
0 0.40991935071500013
0 0.423077113828366
1 0.47565873512540646
0 0.37961667530814536
0 0.33413894516999054
0 0.352867546750275
1 0.4708600926608293
0 0.4643589194477287
0 0.38727080693971444
0 0.44025565067986927
0 0.47118686934193604
0 0.48437067502075076
0 0.47591110041786394
0 0.5406029491867226
0 0.4389798243910018
0 0.4370550165857634
0 0.43561773268557563
0 0.4650027949561837
0 0.4546402009745307
0 0.4552738849231533
0 0.4036209855110556
0 0.42447114344664316
0 0.4181255110823889
0 0.39960931898699803
0 0.39980945682432445
0 0.496201909190481
0 0.4406448800892727
0 0.421354790284572
1 0.47247304849260224
0 0.5108909954562284
0 0.4575567019155545
0 0.4315182541512223
0 0.45484927132845815
0 0.3993503362522519
1 0.43794258699435323
0 0.39811529111476723
0 0.4497196840792187
0 0.4984695432517765
0 0.48577569544064847
0 0.44810277897721407
0 0.4519379571178134
0 0.478778834004539
1 0.41315757162969313
0 0.4190462686367533
0 0.42900411186025794
0 0.44444092194473434
0 0.499701325146392
0 0.4337590321333633
0 0.4695700353536432
1 0.41605216976332693
0 0.47920058381919334
0 0.44196048766038704
0 0.4687070238908207
0 0.4544535416125549
0 0.4287862306705976
0 0.43445523629482075
0 0.4585215421013093
0 0.4811988337813784
0 0.5225409297706975
0 0.4340268324893075
0 0.505673458379878
0 0.41540909113281715
0 0.4575862825492369
0 0.4839347378554623
0 0.38087258105967864
0 0.412288391584311
1 0.40158212610290034
1 0.390833451265417
0 0.4124641150074709
0 0.4748266966951941
0 0.49575703211845473
0 0.4433372347945681
0 0.4643941728633205
0 0.40726000724946465
0 0.44918626879219037
0 0.5366938037205476
0 0.49488564417829095
0 0.4617265621973218
0 0.424470921588282
0 0.4350442637808668
0 0.367340022028812
0 0.44983974500710344
0 0.4407988897539607
0 0.4437598537666203
0 0.4309858264101696
0 0.5221604997115705
0 0.46226933598203457
0 0.4634205633584165
0 0.44855020598960993
0 0.38991041907623775
0 0.41776292379867275
0 0.3698801025309958
0 0.35874132996374053
0 0.37017912481443677
0 0.4320705770140806
0 0.46737111725826397
0 0.44451535739616055
0 0.4112755072765171
0 0.38930135976808183
0 0.44563790161367745
0 0.38813253980781726
0 0.3597198230376659
0 0.3578553739173702
0 0.41446156082663455
0 0.45011183473231614
0 0.46685071862295907
0 0.47230676075641886
0 0.5002280646881213
0 0.4828222946482244
0 0.38503448843392885
0 0.42800716715905657
0 0.44121299354854765
0 0.43562157304399807
0 0.40225026325082097
0 0.39378114643849305
0 0.4224119156889763
0 0.44305504201156254
0 0.3814480190613695
0 0.3334888804511083
0 0.40604541769017044
0 0.4456765356426181
0 0.3901344712460813
0 0.4131333046066454
0 0.36944524924966554
0 0.37497907395769053
0 0.3756462357251049
0 0.3442710190080278
0 0.3890158059393101
0 0.39977588636543065
0 0.4032678925756646
0 0.4181874732587955
0 0.4089995149638001
0 0.4758010633511193
0 0.41109257319679754
0 0.43486593472079593
0 0.43977944594416
0 0.44739706689802716
0 0.4451269836343812
0 0.41086832367310716
0 0.41317618869172923
0 0.4067202052687693
0 0.46342349760668056
0 0.4688800721105691
0 0.44186800516816466
0 0.39960495715367544
0 0.4034183808913793
0 0.3858579936951278
0 0.398223157067225
0 0.4016932306909289
1 0.4230982163520088
0 0.461573261632711
0 0.4164167392831906
0 0.4279560669046783
0 0.4914228500035888
0 0.3731544752123504
0 0.370656077515114
0 0.3693595284478795
0 0.3696994121439474
0 0.39761215374106323
0 0.408365115517391
0 0.3551716348003143
0 0.446325873159231
0 0.49176355423576334
0 0.45465447118018254
0 0.4524343393707868
0 0.4384914304357663
0 0.42291561930648514
0 0.4526143703254121
0 0.43634709356022505
0 0.48378541213451065
0 0.4802405228917438
0 0.43703913654941307
0 0.45884635887939595
0 0.4019782464072785
0 0.43726748163749807
0 0.47799138914826517
0 0.5056047897387629
0 0.4721861612620036
0 0.44239562990443465
0 0.36926741040302336
0 0.44962075804102
0 0.4547903965409395
0 0.4973806631239423
0 0.38451863293798555
0 0.42073663437783104
0 0.4109604802150803
0 0.5365467738406287
0 0.46736106106950853
0 0.4744279713737882
0 0.4295036579146927
0 0.43841392638861737
0 0.4554363008846276
0 0.4872128112366923
0 0.5136054513733394
0 0.4529158634499281
0 0.41298591063956946
0 0.4455954321898743
0 0.5688800299874459
0 0.48307825991732334
0 0.47956958738888533
0 0.42731528179191763
0 0.3786167640630072
0 0.46560863767982147
0 0.4505820719993296
0 0.5500929217472244
0 0.4235624142230231
0 0.4829543201106336
0 0.3869870099177513
0 0.47884966613605495
0 0.555131014103968
0 0.43416394219435817
0 0.49519640082364247
0 0.45540329748659597
1 0.45736888250138524
1 0.48922337969415014
0 0.506056135453087
0 0.5080676950100592
0 0.45621643742890466
0 0.48973526744918144
0 0.5072014209528893
0 0.47040140379555595
0 0.46996959721078885
0 0.45392775421180775
0 0.4918661895607328
0 0.545838190551354
0 0.4523967768228101
0 0.4897022158601051
0 0.569434697040014
0 0.5236328335395907
0 0.5244197357324145
0 0.514957354708703
0 0.5657758683339401
0 0.4793778316948367
0 0.4092086035523179
0 0.5283061503774961
