0 0.572408125684779
0 0.556061196105435
0 0.4366360445544737
0 0.3806905608415331
0 0.4750028719248151
0 0.4542711034188701
0 0.4326135686709519
0 0.5514347907086485
0 0.4473646542453564
0 0.44798310907603284
0 0.48171922192315986
0 0.3925095717739269
0 0.4480273584822132
0 0.4422205995905734
0 0.5021039386656022
0 0.4487574896004617
0 0.47460162776930703
0 0.519316093821135
0 0.5190809144255544
0 0.5037115940391028
0 0.5367699361618962
0 0.42514883131169784
0 0.4587298710330142
0 0.420253161736972
0 0.5220805328527085
0 0.5124098707930743
0 0.42280234327452143
0 0.4131750704107375
0 0.4870907787714151
0 0.4591202982656563
0 0.4352977087946078
0 0.49451104648169286
0 0.5350969659327832
0 0.4912966930925897
0 0.46470443946471696
0 0.522786628290895
0 0.503398773232191
0 0.4961013621324546
0 0.4411776169388579
0 0.46382717018566444
0 0.4835872199045054
0 0.5592520725814206
0 0.5219735891702281
0 0.4699496506185061
0 0.47053724010335457
0 0.5073674148195694
0 0.5296906852462968
0 0.4475312313619107
1 0.4396491498626516
0 0.49329103270050534
0 0.5714116723243186
0 0.4854401485645641
0 0.4491403819158775
0 0.48380098677141986
0 0.42717663690102237
0 0.5350192509488665
0 0.5464298114804872
0 0.5434623228294877
0 0.5486025348939941
0 0.5069566570486391
0 0.5050518377811894
0 0.5065151411119378
0 0.47922173756446657
0 0.47545549988948604
0 0.5062626160954592
0 0.4571266646930578
0 0.42923320441861906
0 0.435099486771682
0 0.38438622628483465
0 0.45461410981306816
0 0.44838356904854415
0 0.335008124879698
0 0.39972901314412945
0 0.4990846818851679
0 0.4466094786395218
0 0.4288171828550927
1 0.4598332123340907
0 0.4752843334913784
0 0.4499398114723612
0 0.4324792873308999
0 0.4221968744956404
0 0.4132197484554219
0 0.44005046644281776
1 0.4685980153772946
0 0.4631978337546173
0 0.46840089713972066
0 0.4505061268482096
0 0.4644650838368526
0 0.4654138724197602
0 0.48308595208937133
0 0.5223138487547998
0 0.45762609422066125
0 0.43358472718019075
0 0.4355794877312497
1 0.42712226649394863
0 0.452842216303263
0 0.38450545520949003
0 0.4515413816500514
0 0.48581844628792303
0 0.444672785008661
1 0.44958242476360355
1 0.48813545415339094
0 0.4592544214997678
0 0.5045460175187071
0 0.529790507760205
0 0.4415933798068064
0 0.4159175719382757
0 0.4672846047705456
0 0.5036107730460374
0 0.37673166003346115
1 0.4042558005372004
0 0.38629007729748566
1 0.4171365209968587
0 0.44339584810504445
0 0.45621806212571353
0 0.4945145546583973
0 0.3585413123064906
1 0.39515377691377734
0 0.4161235625784054
0 0.4602502629386631
0 0.4792580144096749
0 0.4648581984766616
0 0.42726370953579845
0 0.4055812564130243
0 0.45177883746557
0 0.4298512751992439
1 0.4063052887714543
0 0.4996233451829924
0 0.46905141327884187
0 0.34156311410420154
1 0.43665042618877925
0 0.40175589841754145
0 0.45642728665368265
0 0.4768362501543169
0 0.42457970404874723
0 0.4473698694687498
0 0.4358397378991005
0 0.41915438312145126
0 0.43804774351284076
0 0.41796979723392297
0 0.44344685203372075
0 0.4269535490544978
0 0.3969777003608871
0 0.420175414853822
1 0.5098566693277429
0 0.41959544757414485
0 0.3620379113266685
0 0.44622255626001434
0 0.41807020719644633
1 0.37179029672701847
1 0.43543942981380096
0 0.4930923826265223
0 0.40733286962640575
0 0.4550805339585856
0 0.4250668102578146
0 0.4021373357922403
0 0.4196068629921136
0 0.5007596958023881
1 0.44613187325623394
0 0.4528345725030175
0 0.5032886448606212
0 0.5198171991100434
0 0.42678013271684395
0 0.41623376031185316
1 0.4457596893959844
1 0.401145582689692
0 0.44996219202855864
0 0.45276742951045607
0 0.4311065544912586
0 0.3912345917503244
1 0.36371179366014456
0 0.424192704329106
0 0.4819311742606523
0 0.5172566539139584
0 0.48641551276603867
0 0.40620298694610596
0 0.4669127353971671
0 0.46072201426866066
1 0.47618019587144006
0 0.40960609909106077
0 0.4722269225203197
0 0.40360813242795895
0 0.43018930796246585
0 0.45353469588798123
0 0.3953461819578349
1 0.46964582473008193
0 0.40309064980289905
0 0.45671492187174356
0 0.39664652203469375
0 0.41405787519242204
1 0.47672378036891816
1 0.4852104373892992
0 0.4879669649240468
1 0.34320648479990234
0 0.48004476147229314
0 0.45457869407742607
0 0.3952035835051105
0 0.48031303740708226
0 0.46190076932678775
0 0.3541731686971621
0 0.40798294618433995
0 0.42743018193892496
0 0.4097841417186303
0 0.4259990188551456
0 0.4475596207728695
0 0.44635881107805
0 0.4804671436914554
1 0.45623922346416157
0 0.42708127090475984
0 0.43781760093441396
0 0.44820898043109747
1 0.41906668433946986
0 0.41476392538703605
1 0.40040669947109886
0 0.4207043855792275
0 0.44164419114708164
0 0.446444188675815
0 0.42850380029890095
0 0.48060277292149384
0 0.4468181980865431
0 0.4888248743269268
0 0.44379690072313777
1 0.4768300685884016
0 0.4422695563551742
0 0.43524925136489984
0 0.38215498659213315
0 0.40747233453692094
0 0.4677711123357085
0 0.5301494102042736
0 0.43466466516572017
1 0.3789351866897459
1 0.42991568228415744
0 0.4372031782102986
0 0.4082371568541045
1 0.4231102806652222
0 0.4385658092203162
1 0.3581298253847773
1 0.3981066491547224
0 0.4301510866371188
0 0.41243210502965255
0 0.4195493914087254
0 0.4203455784030578
0 0.4327933254469282
1 0.4232462972555212
1 0.4302666824565875
0 0.4576263080394596
0 0.371848317399508
1 0.4017881954996483
0 0.4317944332005392
0 0.41055649545116885
0 0.4373235759301965
0 0.4802511673584786
0 0.5247064413189624
1 0.41809412774557186
0 0.3600657873505092
1 0.46125993730911113
0 0.4380149795922267
1 0.457823677250723
0 0.46404342232944956
0 0.44464473618903005
0 0.4523861895531883
1 0.4794100387732238
0 0.43332867300449035
0 0.3876385345183371
1 0.42865727667983294
0 0.43799897944849336
0 0.45766077607632777
0 0.4364245671849304
0 0.43268215129166704
0 0.469472582097349
1 0.4400064477407135
0 0.46063129567770694
0 0.3849132397551822
0 0.4108560099284854
0 0.4640284948100698
0 0.4359993985958214
0 0.4999035999972923
0 0.4768042571177671
0 0.4730652367035939
0 0.425548482655434
0 0.39371041453775707
0 0.44224601168244854
0 0.4445612934657676
0 0.44544571265937577
1 0.43602228750216093
1 0.41367303918978177
1 0.38715787972777005
0 0.3990037583960528
0 0.45279877502098925
0 0.4396508129163731
1 0.4320507947399159
0 0.5017646249197756
0 0.4076022807433473
0 0.46748082944348407
1 0.4316916677221495
0 0.42412554337891606
1 0.4712922243636919
0 0.49621554589964517
1 0.4540062812212591
1 0.4550877153253619
1 0.42505535691676993
0 0.43685177959707444
0 0.4232269319415317
0 0.4030242513445612
0 0.496562353718043
0 0.49108764115369147
0 0.4473194929579672
0 0.56320861140827
0 0.5335036721146527
0 0.4879360229334108
0 0.40653908313130843
0 0.4680409755969459
0 0.3874352929666973
0 0.5420482493449998
0 0.4805086030299169
0 0.48570672681832966
0 0.5393040669316862
0 0.4697061371815911
1 0.5309631526967499
1 0.460999826170732
0 0.5331827174904236
0 0.49186792826437303
0 0.451286687595715
0 0.47039608341984057
0 0.472354460410808
0 0.5564021979035181
0 0.5227817854646384
0 0.5135834935911305
0 0.42335347157603354
0 0.5251494879952439
0 0.49609369582748597
0 0.5167017305667652
0 0.470726944883845
0 0.43107763695429213
0 0.4604350999404311
0 0.41990924219649906
0 0.5068489668249323
0 0.4807525727852692
0 0.4479728787943878
0 0.4398920978305276
0 0.45953524441126903
0 0.45715948185289107
0 0.4104346387462163
0 0.46696329900917655
0 0.5589293297491729
0 0.4771574733024689
0 0.4185697464404552
0 0.46438433592255424
0 0.45433120604332133
0 0.46709346886990477
0 0.48649288346211317
1 0.4460383304264723
0 0.48667026483906
0 0.3771667246196378
0 0.397749622869414
0 0.4808114435111059
0 0.42278265793029807
0 0.46317376173930486
0 0.41135152047076756
0 0.5120578641107266
0 0.4766418320144141
0 0.49353600239976786
0 0.4617035639512188
0 0.5069919977348177
0 0.4709108653591303
