0 0.4849999875222445
0 0.47521916842831896
0 0.36034798432147186
0 0.3397252971602695
0 0.41887092834810274
0 0.41654506447133743
0 0.37600494763742165
0 0.35594225544678126
0 0.435689703968219
0 0.3762818483807144
0 0.49398760058243724
0 0.5084704320953347
0 0.45744871340600624
0 0.43238968957432905
0 0.3971620370392415
0 0.3868546032895561
0 0.4030756310907845
0 0.5124926038631187
0 0.45415126922735644
0 0.38151220841336797
0 0.42334479140413267
0 0.41972921756097903
0 0.44600964371318724
0 0.4511683866818993
0 0.4137010228524281
0 0.3557719830865499
0 0.3693238492751949
0 0.4208389115767105
0 0.48622085447712105
0 0.4202525596460404
0 0.41183556290287743
0 0.3885976693929969
0 0.432391046433194
0 0.5348082399135348
0 0.40593350049068977
0 0.44860909398012666
0 0.4161518151527106
0 0.3773173187121227
0 0.38491326278937904
0 0.530591492180602
0 0.4864695740703005
0 0.49230006439920454
0 0.49047383568293135
0 0.45889232034979516
0 0.4373308670966587
1 0.5269301220842946
0 0.47781996538523847
0 0.5036647814961571
0 0.49057663834945053
0 0.5048016205518534
0 0.4868754444056555
0 0.46546631045197756
0 0.46011860508158453
0 0.4378211665749294
0 0.40881532010016713
0 0.4421867737301045
0 0.4039235321299351
0 0.44066638811298425
0 0.4340024724819926
0 0.46512838478227775
0 0.47476688037103415
0 0.4528709379826706
0 0.5026590064506232
0 0.36747777207876997
0 0.41709671485744976
0 0.3888885809541409
0 0.3855383075110416
0 0.40237614522608417
1 0.39495779207164294
0 0.438744765301979
1 0.4165085173789023
0 0.39761055704330217
0 0.4475485475111387
0 0.38305242241026344
0 0.48474657884922734
0 0.4165396652544987
0 0.4676323783945072
0 0.3784942371378107
0 0.47543736022273714
0 0.49971985622389203
0 0.4357764540235143
0 0.43338790670258975
0 0.5025463106810613
0 0.46158351822092
0 0.508489767021719
0 0.47634401007688776
0 0.4905368536981124
0 0.4594639800922665
1 0.45904334284932263
1 0.4924691033651136
0 0.41445374002935276
0 0.4663666751325728
0 0.5100932044756561
0 0.47242710118717685
1 0.5111397735893641
0 0.4306812047559032
0 0.47163981580267317
0 0.443039883598353
0 0.5515679883011879
0 0.5057761986500724
0 0.43674918005171476
0 0.48550131872492663
0 0.5117575599643
0 0.5085996631823333
0 0.5449794169524449
0 0.49756979161242754
0 0.5010018609412131
0 0.5095722987111811
0 0.45924450475026285
1 0.45443505243600485
0 0.46330686297916307
1 0.44063860932549886
0 0.43648285597071207
0 0.473052927968719
0 0.4322517213613574
0 0.4333946403973313
0 0.39914717526188026
0 0.37921868106285517
0 0.4677255085278104
0 0.46447369278415124
0 0.41263754962246174
1 0.45206934644648966
0 0.455857988317368
0 0.41329895794975735
0 0.3708374790043887
0 0.4544910253617957
0 0.49354014567496124
0 0.4454402322567463
0 0.48801741180945885
1 0.4367983024639662
0 0.4559941684165242
0 0.5400143396282114
0 0.4410721143815233
0 0.4870878065250205
0 0.3927072282129643
0 0.511869347546628
0 0.499363537204614
0 0.3716706708048852
0 0.43595482214097764
0 0.3764014408070335
0 0.412197453390576
0 0.4555789931391827
1 0.3983622580913234
0 0.46945755221443386
1 0.44926708544397886
0 0.4010936317890924
0 0.3723196014467351
0 0.3879553102318661
0 0.4901128106814177
0 0.49276559352963767
0 0.4416500771613082
0 0.45602960794854525
0 0.4312790435227861
0 0.43214982200927254
0 0.5043391099936175
1 0.5003554443893862
1 0.4988076498717051
0 0.4685520348197139
0 0.45994981518136874
0 0.49106844541549516
1 0.5328718690533822
0 0.46373103666983473
0 0.43823428249251584
0 0.4556838552997044
0 0.492698243140734
0 0.5062313946972046
0 0.4818215826265467
0 0.49099716923054365
1 0.5177244030283663
0 0.5265373911067438
0 0.5126307358971987
0 0.5244191520381448
0 0.5582627984631692
0 0.5297601874791963
0 0.530355295323357
0 0.5446413723690678
0 0.5443821887336099
0 0.5068859645565301
1 0.5324062012263343
0 0.5277737768359624
0 0.5088064376593893
0 0.4923327744028208
0 0.5287893302795887
0 0.5033860337623407
0 0.5722808077514555
0 0.5295334742199317
0 0.5342570135031899
0 0.5391234408650445
0 0.5433648332633457
0 0.5214248950862264
0 0.5364553048022249
0 0.5318985938879564
0 0.49906937973033344
0 0.5388561244324952
0 0.5431275222143422
1 0.5361985065578488
0 0.5392714037363328
0 0.5515033189484758
0 0.569858446625917
0 0.535813147713578
0 0.5315244338349163
0 0.5413881540576756
0 0.5487073529549678
0 0.568101324766709
0 0.5762626177394283
0 0.5211443464169825
0 0.5400492378827014
0 0.5183986792175256
0 0.5520339650059656
0 0.5294410156922935
0 0.5659006656892239
0 0.568647173923049
0 0.5412763549361178
0 0.5453117438738923
0 0.54825574122925
0 0.561987055408577
0 0.5738979988979513
0 0.5199226627936854
0 0.4958286919831485
0 0.5231874774122074
1 0.5107012313639804
0 0.5109178135384702
1 0.5458846927497898
0 0.5659055034991337
0 0.5360068453741005
0 0.4874122416686654
0 0.4522316821653976
0 0.4751869969043183
0 0.4948354901059196
0 0.48876037097010394
0 0.4684821651023004
0 0.47879722767835836
0 0.4765278962221867
0 0.4808877976199964
0 0.5408544071158436
0 0.5186585661608851
0 0.5018284823497542
0 0.5367575607997089
0 0.5047252240746504
0 0.5438080996415844
0 0.5408619950282147
0 0.48205069939490885
1 0.5265203145586088
0 0.5406141140600229
0 0.5342493229011077
0 0.531971005527746
0 0.4425527588674828
0 0.47010314462857306
0 0.5005747354103355
0 0.5033096787350664
0 0.47907957996858325
0 0.4717409189656715
0 0.50209701282848
0 0.45627124472168634
0 0.4707705924111474
0 0.48202906612908053
0 0.4947453352552885
0 0.46365728903628495
0 0.5057354795071708
0 0.5028185359752259
0 0.4634928073694532
0 0.5144986321461793
0 0.48798323789821196
0 0.5380859668625445
0 0.5309085465013994
0 0.5337270803645293
0 0.5265539499462201
0 0.5165854062951525
1 0.5463086337236784
0 0.4640031960386452
0 0.4571024661691773
0 0.46363378971743613
0 0.5141093645702298
0 0.5161984803545332
0 0.4856620173338425
0 0.48179243650156295
0 0.4644957764632225
0 0.5539095070038992
0 0.5127602164553142
0 0.49310446614477477
0 0.5097905573024833
0 0.49323600529810535
0 0.48857257204113086
0 0.503854740430307
0 0.5173321800727824
0 0.5065509452205098
0 0.5150081536909878
0 0.4985204433733152
0 0.46180025979144146
0 0.49349515299221647
0 0.5016693494732378
0 0.5569305355140407
0 0.5388210169825196
0 0.47273023492408883
0 0.5455287474086498
0 0.550490962831803
0 0.5475459821857502
0 0.5380556422283257
0 0.5988352173623229
0 0.5387918643207691
1 0.5092027136786231
0 0.5359777299592013
0 0.566457344815991
0 0.5604195798704122
0 0.5192586355946843
0 0.5211241847763765
0 0.5319868884367925
0 0.5386983970570353
0 0.48376311002499367
0 0.49024332262714115
0 0.5043499692495499
0 0.5436259681365071
0 0.4942980919506147
0 0.4937697776980135
0 0.49449640416662916
0 0.5259758017041362
0 0.5452023118918476
0 0.5631142257766505
0 0.5544469032309908
0 0.5361303775490759
0 0.5649411204347738
0 0.5621464921964417
0 0.5410997312851051
0 0.5274281609270097
0 0.5302038228893587
0 0.5866964421803759
0 0.4979642798821351
0 0.5094547721000815
0 0.5171182088662001
0 0.5397623830066718
0 0.5177311533470481
0 0.47780354771837263
0 0.47638783462026124
0 0.5127929337602463
0 0.5156209810938078
0 0.39675055416837673
0 0.4253078627456308
1 0.4934727712072572
0 0.5023594557341845
0 0.5194562959802315
0 0.4757045737095791
0 0.5300733326909188
0 0.4930169469279255
0 0.5581451159274565
0 0.516442851300311
0 0.5035365550884465
0 0.4892764401329383
0 0.49634727347234203
0 0.5235604917584803
0 0.500860975251128
0 0.4808169310791708
0 0.5173748178584546
0 0.46369395526230794
0 0.5076727131123272
0 0.5372449567963645
0 0.49689269173289485
0 0.4478836647159172
0 0.5016303787073916
0 0.5450850018238953
0 0.536162891662771
0 0.46342104005850404
0 0.4928225629457268
0 0.4725803770745997
0 0.5037634215831256
0 0.5039724595436588
