0 0.5049795293822786
0 0.4460821740782121
0 0.40177140698176383
0 0.47173672536654476
0 0.4389961359606009
0 0.4236402430332643
0 0.38619498404975827
0 0.4557816923206395
0 0.49833621348238183
0 0.5406913667230836
0 0.5110051191976589
0 0.44772056047162134
0 0.44602089856470284
0 0.42186208348013304
0 0.4539007208162052
0 0.5223162791404156
0 0.6331955839067362
0 0.5277402263732957
0 0.462420547975423
0 0.48079384276764675
0 0.4544633253853709
0 0.5049679973719179
0 0.4612647136330433
0 0.4420750258871978
0 0.4282172545700307
0 0.40002679857043716
0 0.39916672301143374
0 0.5246759246680988
0 0.4630902292850624
0 0.428239524790014
0 0.3799981532819187
0 0.3555522991073853
0 0.48938380001892046
0 0.5446793516221006
0 0.4439439927327576
0 0.4553011836356456
0 0.40102387498225167
1 0.4959805869687433
0 0.41198066796237054
0 0.40969021697468627
0 0.4020180359264368
0 0.3601271716909173
0 0.3666481821687954
0 0.3877632578054307
0 0.4573008444093387
0 0.4146981199854063
0 0.4214627157514312
0 0.443011093036859
0 0.41500901325007006
0 0.38502401230417754
0 0.3856796043833364
0 0.393868727670456
0 0.36602693632616423
0 0.3845441593359115
0 0.3807204823363772
0 0.36038008517042736
0 0.38691178698022716
0 0.3723530834387516
0 0.4097141081599132
0 0.37750220573468385
0 0.44110275629188855
0 0.4373742103039731
0 0.3899200531939145
0 0.4089256585711453
0 0.44495006352873034
0 0.4245326123653718
0 0.47081804597942645
0 0.472459948258626
0 0.38876824687792094
0 0.3696949381631093
0 0.40486715061816997
0 0.40837380106434146
0 0.4313411219614467
0 0.4042796334472297
0 0.4476778363026487
0 0.36601500426067557
0 0.39443009200961177
0 0.4065265445203469
0 0.4709335138430758
0 0.3940317713927778
0 0.4431599418080234
1 0.4594660996377753
0 0.46223055387215733
0 0.4121430111247704
0 0.47102793842085056
0 0.4917923111311534
0 0.4611255927699767
0 0.38618396849891173
0 0.37550790336541456
0 0.37388717502667856
0 0.4309218497353675
0 0.40852686088463963
0 0.36691387556865446
0 0.47777697015492404
0 0.43828111141228593
0 0.4873191931877478
0 0.43324244093323716
0 0.3582173555273508
0 0.4756793216059124
0 0.40941281932824625
0 0.4057478201045439
0 0.41331735344715154
0 0.4743047786841097
0 0.4419756851489179
0 0.4272133847585639
0 0.3498200380707011
0 0.3807842786490575
0 0.32099114218285546
0 0.31876461591834143
0 0.3468332867694449
0 0.3730483997972287
0 0.3620117079211685
0 0.3271427828627702
0 0.40818596743910684
0 0.37125482051529973
1 0.40991135764151204
0 0.387165295074797
0 0.38724351689835357
0 0.4182298514469852
0 0.353899563777592
0 0.33970164409237913
0 0.3716532683547242
0 0.418875441221901
0 0.36858751977449267
0 0.40493238404707443
0 0.4187468262310541
0 0.37873700962582796
0 0.39157646648977745
0 0.3745163695174136
0 0.4049227382899276
0 0.3688982806649843
0 0.37175915815107297
0 0.42651356109681166
0 0.37392702222864593
0 0.3999752110290039
0 0.43022370204708704
0 0.40537075556974433
0 0.33621740105367337
0 0.4426993343629207
0 0.4156732264556948
0 0.4106079227317107
0 0.3930089971247545
0 0.4884595948314777
0 0.4070350586344077
0 0.5267177879828923
0 0.44773760446594363
0 0.4583216580149524
0 0.4213511512056849
0 0.37105903144125657
0 0.5118806463528334
0 0.4691719131765124
0 0.5100201495039614
0 0.44195755800435227
0 0.39065311311758527
0 0.4511825504984492
0 0.39510593192639143
0 0.39281817779741934
0 0.43514618057001225
0 0.36679550902367364
0 0.39800881091907636
0 0.3719289917619131
0 0.4154583180814403
0 0.38480596495239017
0 0.37999691413907194
0 0.4412678799896089
0 0.3885790903948016
0 0.38145694281422465
0 0.4298544630832693
0 0.39637438055105734
0 0.4188755972010489
0 0.42288615965963555
0 0.3970047143576462
0 0.3517645931239145
0 0.36520845707732097
0 0.38617697857678907
0 0.3718501856340044
0 0.34684203085715765
0 0.34566401867071456
0 0.37714319864723683
0 0.3712126924259232
0 0.3691594016506355
0 0.3564929528744213
0 0.41481814203642087
0 0.34408720976319623
0 0.3604973934251311
0 0.36342709080970464
0 0.39856409283612576
0 0.3866910571536473
0 0.38011957296134097
0 0.33665650437317174
0 0.350412010217355
0 0.38862219191590514
0 0.36700484567794944
0 0.3551122207099288
0 0.3749413247872752
0 0.34700551955527065
0 0.35079268290924503
0 0.3823079956625485
0 0.3780194049164299
0 0.37820671112018184
0 0.3852849629850708
0 0.38404288128776387
0 0.3582204048964007
0 0.360456298214608
0 0.37464331104153137
0 0.35124178480145374
0 0.3696859207024586
0 0.3576002825416309
0 0.3715395623016382
0 0.3694711287412768
0 0.36406517311005093
0 0.3675994418663804
0 0.34454320400048666
0 0.3446482951421408
0 0.34845508273579
0 0.3733498946264381
0 0.3453584088847167
0 0.3547716751081243
0 0.34921289788075066
0 0.3592775126391906
0 0.3487083109444065
0 0.33990944905008913
0 0.36122057429927956
0 0.3573939915112954
0 0.3534265997581124
0 0.3857563004472213
0 0.3482313531230517
0 0.37030224108360393
0 0.3853382095973204
0 0.38248509222933175
0 0.4046187300324988
0 0.4305175571592574
0 0.4743367929621264
0 0.3501283271035569
0 0.3640652140135418
0 0.376181006757967
0 0.3907973081527289
0 0.39565180409066153
0 0.43490784567818463
0 0.4314882981673894
0 0.38855969225666753
0 0.3927377998993921
0 0.39166978778038186
0 0.3706423568207688
0 0.40061933245796383
0 0.36190754335586556
0 0.39331118136486737
0 0.3870040680642179
0 0.4081664751505112
1 0.4235682256076183
0 0.3627041786116089
0 0.36048595643466846
0 0.36232108029433496
0 0.36720715655321756
0 0.36979363700526663
0 0.4058646737378985
0 0.5297947596939675
0 0.4212544328878472
0 0.44284957451591034
0 0.5443987925563668
0 0.42917793232244
0 0.3966657769466271
0 0.4124396829943861
0 0.3990453289769291
0 0.3838331407399473
0 0.4103354656754671
0 0.3698215309108338
0 0.3916290401915139
0 0.40415367844133093
0 0.34534157748741334
0 0.42068961270767924
0 0.42013138385875026
0 0.3855145610743414
0 0.44787256405449555
0 0.40163415422129234
0 0.34163458269067404
0 0.4077917576893879
0 0.44485719154960995
0 0.4230344708312453
0 0.4118115810778419
0 0.3757581600995163
0 0.3447789217137162
0 0.38038468782584856
0 0.39105077663104637
0 0.3220930776884125
0 0.346611199603639
0 0.35990562393345055
0 0.3503571622668155
0 0.35258729266280436
0 0.36364916257482993
0 0.3766453499265233
0 0.41225816201341586
0 0.3759472772704915
0 0.39840902122423455
0 0.43212957533293583
0 0.40582677471146633
0 0.39891456565052597
0 0.3990929114704993
0 0.38752524351819834
0 0.3543006802057614
0 0.37091196272240595
0 0.379636904818739
0 0.3304524283080323
0 0.35994022055853037
0 0.353201727782289
0 0.33057665571022743
0 0.37775836560477877
0 0.3767854203206538
0 0.3174116787184233
0 0.40129836724752965
0 0.3892968516375845
0 0.4017915786222758
0 0.39599878739303646
0 0.35495301392478873
0 0.36096114446571953
0 0.3818770639364159
0 0.3822437852283151
0 0.3766590135206615
0 0.42237277619353847
0 0.38977085529442773
0 0.4168293007231776
0 0.42897628833734824
0 0.36798516837025325
0 0.3441490535076479
0 0.38800823053344013
0 0.377283509435414
0 0.36459515153536615
0 0.394492205814507
0 0.3837595518547251
0 0.3864605729588309
0 0.36071045414088626
0 0.31478839929013
0 0.33547189584873816
0 0.39376973003684734
0 0.3321775978433059
0 0.3327308970823245
0 0.343327871469067
0 0.3834642194518047
0 0.42314693875612375
0 0.4402561258753203
0 0.4504401596720295
0 0.37282935263288464
0 0.33515529244826187
0 0.3611126666895832
0 0.38640243104192284
0 0.44684333176295576
0 0.3824023184619326
0 0.3890381668723658
0 0.3883707444625617
0 0.3543580654326551
0 0.323568751311486
0 0.3501643666264257
0 0.3471658069408987
0 0.3486073667133618
0 0.3520939225856561
0 0.31467787404329195
0 0.3265317061280856
0 0.4360991461121009
0 0.38123461030644457
0 0.34664498750835926
0 0.34282658871282823
0 0.3317162954219825
0 0.34340690247223593
0 0.36292639501121204
0 0.39335570161463856
