0 0.33952698518554036
0 0.3720844033190205
0 0.411172670462649
0 0.4182627574424745
0 0.44709746612653306
0 0.40522548243148176
0 0.3991163424477307
0 0.4017137030695974
0 0.41478507361174644
0 0.42091676911608195
0 0.40594417030038454
0 0.41436208434499866
0 0.4788695215529122
0 0.42458105868628965
0 0.48470314078587123
0 0.47695258946239466
0 0.49108957071563847
0 0.45728688265883727
0 0.4734294224895072
0 0.4526548961479498
0 0.43143043483624816
0 0.4414583806658895
0 0.4775212108298391
0 0.48004619174167845
0 0.4211275353222286
0 0.4049937736912432
1 0.4049101692102718
0 0.424291334909719
0 0.3976302293151031
0 0.3876122453578006
0 0.3988112561016662
0 0.4261347103740882
0 0.38637259925062356
0 0.37168784780813036
0 0.35745420652814325
0 0.38968830080909844
0 0.45627814899782204
0 0.4368887467182102
0 0.4699151720324459
0 0.42343982151143283
1 0.4623387182369609
0 0.4037278993487537
0 0.40396621853213444
0 0.4082590395132221
0 0.4071069557791657
1 0.4115993314610919
1 0.4191750082906483
1 0.44507897924791506
0 0.44364430532219856
0 0.4411314061295917
0 0.4523042665306938
0 0.5141889056207414
0 0.49881867313480577
0 0.5407940483156473
0 0.4933047403778288
1 0.5182908817594315
0 0.49622828599208285
1 0.4956122496938121
0 0.4751334212249073
0 0.456581315900755
1 0.4061508078144808
0 0.42163564866346503
0 0.40946181383016467
0 0.43456042387057986
0 0.4747532796666779
0 0.4450816466806045
0 0.43163388346034315
0 0.4490343454423785
0 0.42558304342992515
0 0.43577881033294114
0 0.445593512245286
0 0.4750980604594233
0 0.4698424993196864
0 0.4179719229301974
0 0.38948762315774976
0 0.3847519483755795
0 0.3838975172595457
0 0.3601692779423154
0 0.3222483341308728
0 0.3329173200979431
0 0.3306205778312635
0 0.38907842585625657
0 0.36422218528071254
0 0.3909059870377489
0 0.4543779478047717
0 0.441641165277217
0 0.4609897170353806
0 0.42941106590841227
0 0.4371291467573042
0 0.4222477993105137
0 0.40566466614982777
0 0.35981022349365555
0 0.3413429758577901
0 0.3545520131866537
0 0.3533613228252268
0 0.3835518989898005
0 0.38113748705342887
1 0.40910844374623223
0 0.39399028869930847
0 0.43022250346688923
0 0.4114816900036184
1 0.3751251383757639
0 0.38194594555556793
0 0.362790453573368
1 0.36622257513569745
0 0.3772376202287162
1 0.3508921431315779
0 0.3314472518269346
0 0.349242561810553
0 0.35111372875680313
0 0.3120043011955677
1 0.29031657880789086
0 0.3199701503014423
1 0.33850788402322385
0 0.34425212762667173
0 0.3713642994793492
0 0.42023973869784803
0 0.368281857101675
0 0.3830663199164038
0 0.377352132783344
0 0.35583372996021273
0 0.3810315477887427
0 0.3950211253198815
0 0.3582874569346894
0 0.35416309572835947
0 0.3575225081473429
1 0.35197041386813105
0 0.3605328681408041
0 0.3746347509404093
0 0.3767860792588433
1 0.3710744757266225
0 0.37490587756616006
0 0.34340354907207354
0 0.3378601933169621
0 0.3468645584047192
0 0.3489030161539893
0 0.3434065490271371
0 0.369781507841216
0 0.414710868846432
0 0.3607260688750194
0 0.3297898172887599
0 0.35977472778828185
0 0.3530699969547034
0 0.3205305215168795
0 0.36470361101604376
0 0.34034645343858
0 0.31764364975464093
0 0.2940066524034359
0 0.275091697185561
0 0.29626999249464253
0 0.3001593807594533
0 0.29738494748670546
0 0.29727327990907104
0 0.29452353276499355
0 0.2887064205578969
0 0.32976598411065156
0 0.3729288837403737
0 0.38994476853093113
0 0.36332094421003003
0 0.3838365411868083
0 0.37210140382788115
0 0.4147279361843296
0 0.38553462421380247
0 0.39334444013845293
0 0.39405113138554027
0 0.37361535989539435
0 0.35251955975600263
0 0.32386665027498757
0 0.3436468522566661
0 0.3298221217984736
0 0.32147806597909223
0 0.29544134721644927
0 0.31487374720302763
0 0.3219527345037797
0 0.31595174651626845
0 0.3336005315852895
0 0.32399195804346864
0 0.35234470177308796
0 0.3471844901320753
0 0.35646645963569606
0 0.3840021604558536
0 0.33690933373918486
0 0.3217923628152069
0 0.3587552902659912
0 0.3271191960635894
0 0.2969683480968676
0 0.3110190850767932
0 0.32124061210165916
0 0.3571528130207435
0 0.40708343110807405
0 0.3621422368262816
0 0.39862669680363866
0 0.3900919499778163
0 0.39384558266764286
0 0.3890016642251853
0 0.3458344858056614
0 0.3654384809420549
0 0.3310290956631803
0 0.3635026138229284
0 0.3425191152757965
0 0.34403915054756623
0 0.3453241871376098
0 0.37050493627287995
0 0.3387287321178741
0 0.32479838648985426
0 0.3544328293661994
0 0.371015100397571
0 0.37163599901068234
0 0.36833608026799325
0 0.39198832586357346
0 0.3934612554535542
0 0.38578279281282263
0 0.38767632577654004
0 0.37265262602386784
0 0.3739530995323655
0 0.34625019872131363
0 0.387493093062787
0 0.3969092306534946
0 0.42903566571146584
0 0.3956012802307374
0 0.37866567536344575
1 0.3900909723908544
0 0.39558518689890615
0 0.3959039198284595
0 0.38968586194460814
0 0.38347497632699945
0 0.35096751808258925
0 0.32116028070025066
0 0.31531481121166044
0 0.31950286701644937
0 0.28782198297367273
0 0.26753112553663644
0 0.28225606986461615
0 0.3208482438224161
0 0.3446607058180624
0 0.3859025159407287
0 0.3862332420457957
0 0.3937120288644387
1 0.34326978842864564
0 0.33436091882517427
0 0.3431329903106013
0 0.3292317465522467
0 0.3358864085370881
0 0.35131727891774955
0 0.3477804179477706
0 0.3187763804587099
0 0.33047665875875853
0 0.32147532947501156
0 0.33143460070809316
0 0.32743478900235634
0 0.3309771995883428
0 0.2849955302914776
0 0.2991473065927536
0 0.28665830426989636
0 0.2988403272852837
0 0.3051690738325551
0 0.27277659290976364
0 0.2622507878917433
0 0.274762728405304
0 0.2798844796064491
0 0.2633324901685188
0 0.27259132714994166
0 0.2723685332811708
0 0.24319110601077637
0 0.2511421086359585
0 0.22860524704975516
0 0.2318935381054419
0 0.23388310566005685
0 0.2577139256201488
0 0.23202486088644073
0 0.2369417807429927
0 0.24191682997605043
0 0.25494946896759346
1 0.27660325528647506
0 0.26375557466736366
0 0.28037257129905885
0 0.2749135813836603
0 0.28342180792093236
0 0.2808339824419068
0 0.2529450282368213
0 0.24661117743080563
0 0.243125954042476
0 0.2743634383484963
0 0.26303770827517353
0 0.2625716015148589
0 0.2908767706337724
0 0.2706140020012246
0 0.2623758248922985
0 0.27900607537417765
0 0.2835988646388918
0 0.28045450399330746
0 0.2926570876538951
0 0.2909143159219012
0 0.2591875392174914
0 0.26143906514299087
0 0.27925047496780125
0 0.273636362616511
0 0.2696665464332441
0 0.28394121956191337
0 0.27028392938244616
0 0.2734445822602097
0 0.26249735184077055
0 0.28950909662003443
0 0.3302329674740449
0 0.3147186384897481
0 0.3104210694829816
0 0.32612051344106263
0 0.37342569218399946
0 0.34197921461080044
0 0.34165253064141093
0 0.3580433897751342
0 0.3963980431488598
0 0.3899272737685473
0 0.37373633672523987
0 0.36320601716399387
0 0.35761219543617834
0 0.35601183239971884
0 0.3604855557956856
0 0.38034647083327716
1 0.36124849202357495
0 0.37719343048003046
0 0.3724547927818588
0 0.37425589047006763
0 0.3616876595600795
0 0.3589326692974205
0 0.3658350425343026
0 0.3895904034332913
0 0.38905883091918597
0 0.40602563261410324
0 0.40590956070448664
0 0.48890916374382115
0 0.5076957753322802
0 0.5154050125857218
0 0.5143372511971048
0 0.5026715878202275
0 0.4956051380008401
0 0.44993432599673927
0 0.39915596800226416
0 0.4343352749279762
0 0.4693259825857076
0 0.5103532115286712
0 0.5346216377530434
0 0.530604886484091
0 0.5211102260725762
0 0.5215456275858643
0 0.5475834972547239
0 0.5251594147880272
0 0.5017006779518273
0 0.4950174465451447
0 0.39946007470623995
0 0.42212212578062197
0 0.4202875668481789
0 0.4412107073185889
0 0.4608923049293694
0 0.40509482208856096
0 0.42425278565234176
0 0.4102296470235183
0 0.3924536759411411
0 0.439566188572282
0 0.41447453357345865
0 0.38599152867624215
0 0.3805870945055774
0 0.4206548901642174
0 0.4035920533780822
0 0.3951370654664234
