1 0.5326241812096082
0 0.5841502803838837
0 0.5693233085992039
0 0.49719195798514937
0 0.5053165771549905
0 0.5509221987250076
1 0.5434297044984241
0 0.4750622231537462
0 0.4990238230580073
0 0.4918018030993639
0 0.4950888106320053
0 0.4445340159122342
1 0.5381934511377029
0 0.5445272058390742
0 0.5822105950321032
0 0.5451544406386742
0 0.5178686900667329
1 0.47371658268443245
0 0.5502302562379525
0 0.579898635716188
0 0.5303800242557853
1 0.5049232117708242
1 0.4549139712463927
0 0.466176851180837
0 0.4800367054146858
1 0.44448332106556626
0 0.4320072415340425
0 0.3953461828438992
0 0.44310594358507294
0 0.45166091566716515
0 0.5185986641571932
0 0.549075143254955
0 0.5171209658026649
0 0.5451165269194387
0 0.5338177901444775
0 0.46148425356886247
1 0.447836364556274
0 0.471436616020794
0 0.49440137342784773
0 0.4733668221577121
0 0.4677729724797902
0 0.471602900257774
1 0.5039523469026064
0 0.5086009425347207
0 0.5244313897806954
0 0.5135139344360855
0 0.4736479534573232
0 0.45869732627674975
0 0.4665526901868006
0 0.4209919946531272
0 0.3953961202279639
1 0.39858897427213746
0 0.4201046840891134
0 0.4443949154110672
0 0.5046215410959705
0 0.5205447641403345
0 0.5273634334218541
0 0.515713737321008
0 0.5203062727378511
1 0.46458349746050154
0 0.4911609468234959
0 0.465699187396847
1 0.45740753659972433
0 0.4733184126842846
0 0.5109788753538074
0 0.5393264033186713
0 0.5066315063775589
0 0.5474045296575739
0 0.5386278767107755
0 0.4998765611170599
0 0.5406888717754526
1 0.5312450928912252
0 0.5369504434545259
0 0.454032672694134
0 0.4996069952150211
1 0.5472511793192754
1 0.5488347804425646
0 0.5481847721375072
0 0.5101620325628583
1 0.5213351775586855
0 0.4772394594621216
1 0.40880204385340824
1 0.44893191203015576
1 0.4021712425772631
0 0.4637461237993211
0 0.5152546025288867
0 0.5052800510520643
0 0.49614051961899797
0 0.4400555573016052
1 0.5075533579213927
0 0.44831130951690723
0 0.4649676958155712
0 0.4030511651691065
1 0.3857420181568804
0 0.4350537298688942
0 0.43065615397570045
0 0.4152286178859409
1 0.41846236119630675
0 0.41752985950350974
0 0.45968579330049963
0 0.4290209413811795
1 0.453460413030398
0 0.36643377417959777
1 0.42687554206288125
0 0.43145637814086046
1 0.43925581811196396
1 0.451581765743667
1 0.4514928170238735
1 0.42356878821155497
0 0.4179285938372355
1 0.4088171706700067
0 0.435052863886218
0 0.4370028470760611
0 0.44301994482289864
1 0.4851014206412483
1 0.5014737600249685
0 0.4909136242765511
0 0.49880790417864673
1 0.49094852833036295
1 0.490056002411573
0 0.4749765495850319
0 0.5071205691294989
1 0.470964879133592
1 0.45458369394680564
1 0.48285483997140083
0 0.47156042552457456
1 0.46856164352309754
0 0.5078409564993451
0 0.5181664887377848
0 0.4711919100801426
0 0.46953804033289753
0 0.5093843217867963
0 0.4642693308491508
0 0.43541505516400947
0 0.4783234534881969
0 0.4861942984989466
0 0.49053243475467506
0 0.4627034990617145
0 0.4817817966765583
0 0.4528601415331432
0 0.4799144496503526
1 0.4975063874836499
0 0.49221442516511316
1 0.5157563331716403
1 0.48868095538464995
1 0.49143071638903857
0 0.438658314841057
0 0.4237656179274037
0 0.3980198564386878
0 0.43328579767139536
0 0.5050758951949667
0 0.4779388245075662
0 0.4338277122465024
0 0.4562397249052772
0 0.39944536696475313
0 0.4192626916358849
0 0.47113200299068947
1 0.44809180927233594
0 0.41795287561994965
0 0.40287852804017105
0 0.4506764857490145
0 0.455986931419682
0 0.37800676113607135
0 0.3992598196323145
0 0.4247624871405652
0 0.4561585237576657
0 0.44090168983870137
0 0.4774075363642064
0 0.4445452222987448
0 0.42962158804328954
0 0.437496428548205
0 0.39259352939058456
0 0.3826483481784742
0 0.3723596546609781
0 0.4062303268411043
0 0.3954069887297443
0 0.3749874210930692
0 0.38848823021401685
0 0.3662939431099616
0 0.3724506645678607
0 0.39550890549976836
0 0.36131547356361254
0 0.3786793469375169
0 0.37032368412936484
0 0.38809866992377207
0 0.3891389364675929
1 0.408251073690597
0 0.4000763001697133
0 0.37355409192756817
0 0.3714326050040007
0 0.40435923925198913
0 0.38884121979705477
0 0.37007590997151624
1 0.3829098262188975
1 0.3822265584850328
0 0.3726805066822135
0 0.3795482217279375
0 0.3747933423173067
1 0.3623497858703836
0 0.36483609179050813
0 0.36104383142892876
0 0.35803318244526866
0 0.38701549315874156
1 0.37832693238743914
0 0.3676012564695756
0 0.37629011531244927
0 0.3749336542779711
0 0.39185596615923407
0 0.3576497312545548
0 0.36238000886434235
0 0.38990367776338414
1 0.3598278833292543
0 0.38373891488405043
0 0.37178198411078
0 0.36151551341881594
0 0.38792858656925655
0 0.37503769646726354
0 0.36803124757084676
0 0.40167361209673064
0 0.3981081178053518
1 0.3770908779579035
0 0.38090388865193664
0 0.40340445683990145
0 0.38895001359343856
0 0.411369809566425
1 0.4138403120927085
0 0.40504373028102425
0 0.40797020675933804
1 0.4210981758844965
0 0.40183417927222403
0 0.44292270941529505
0 0.3793404057454991
0 0.3993210932710445
0 0.4394543319376099
1 0.43604168740364585
0 0.4187820610508269
0 0.4327589810822671
0 0.4287456533481234
0 0.404085040134322
0 0.439114235845495
0 0.4537192456935457
0 0.4256218331537646
0 0.45503261090457325
0 0.40576108931155175
0 0.381344746204064
0 0.3909764936245996
0 0.394477926119918
0 0.40741298441224244
1 0.38231279119848927
0 0.387922132832148
0 0.40839995905633847
0 0.418952806381006
0 0.4367440336175324
0 0.41580246528426223
0 0.42456418834222787
0 0.42641837395087967
0 0.41039627883443225
0 0.446376758356395
0 0.49596793838002423
0 0.4414769950823709
1 0.4689089273477383
0 0.4454576249802993
0 0.45104381245170033
0 0.4218425887510981
0 0.4071384856624802
1 0.371126039423415
0 0.42902168253741285
0 0.4261188805512586
0 0.4421609777454691
0 0.49732058965400655
0 0.4383962872033968
0 0.41787851820618627
0 0.42475396364963847
0 0.40477492793709624
0 0.3749191555158291
0 0.4478172144286619
0 0.4656790513386444
0 0.44586437157955133
1 0.4229120296824334
0 0.39101317632062643
0 0.3861149663426508
0 0.4335371444913081
0 0.4274428404234214
1 0.38649501672363035
0 0.4022463670016218
0 0.4016224512702459
0 0.37628267898757156
0 0.4090777351009029
0 0.43254307537108677
0 0.4220401991356986
0 0.4350811559981714
0 0.45171652207926555
0 0.49949615063566405
0 0.4815570310558985
0 0.4445476594261301
0 0.4067595970202227
0 0.4808590168013557
0 0.43961939182505066
0 0.41411173867367435
0 0.41753941157778246
0 0.4131821509484435
0 0.3843867231934454
0 0.38988073613357865
0 0.41333370685740345
1 0.3768531921313396
0 0.3611765370162608
0 0.38888854541024137
0 0.34870098827655943
0 0.36553455432305526
0 0.37913368384845525
1 0.4188569104742792
0 0.3750894344056202
0 0.4061917651101578
0 0.39730222848182295
0 0.4049570476933553
0 0.4242705464872896
1 0.4190968533852955
1 0.4294109074423838
0 0.40299305473942176
0 0.39388724015169724
1 0.4284968169554124
0 0.3757467418007836
1 0.4368322205048001
1 0.3988563097790722
0 0.42814269166688457
0 0.3918233510099242
0 0.3674181655814101
1 0.4391092649078243
0 0.37841239744131006
0 0.3796661334025617
1 0.36984527675506884
1 0.40880876055168985
1 0.4149966732234974
0 0.40876317886430347
0 0.45330469036729865
1 0.4118104327169392
0 0.40958174400053615
0 0.41092246102594543
0 0.436049904754171
0 0.4950839120867759
0 0.4931367284676161
0 0.46487744597618486
0 0.43431852196453447
0 0.49003739541109453
0 0.48881991568271294
0 0.42789588254403355
0 0.38966142506318424
0 0.4034428603027867
1 0.4181875444636169
1 0.4317633628757025
0 0.4054932534413446
0 0.44999851614261405
0 0.41390904531855577
1 0.3756401067570591
0 0.36356853705851566
0 0.368346819475335
1 0.4144168763980734
0 0.4216085521315641
1 0.4158964077822098
1 0.428864317636168
0 0.4294861826884231
0 0.4185316801707539
0 0.4761544768178358
0 0.47517306075700555
1 0.4288439992906204
