0 0.45721909963023116
0 0.4855822424155169
0 0.4538186504983531
0 0.4410317438440228
0 0.4483603157753193
0 0.47740932484858195
0 0.43953219768499574
0 0.46423579421683026
0 0.43292533114513326
0 0.46891276495026224
0 0.5158861578716097
0 0.47051690417557357
0 0.45788836276203804
0 0.4738054758705566
0 0.48577724373714654
0 0.4597348509891291
0 0.44193517833151025
0 0.49646204096194907
0 0.5117879282655233
0 0.48704853796539754
0 0.47724509479002564
0 0.5031489577120654
0 0.488937594916531
0 0.465656242761524
0 0.4865003005046133
0 0.46473537496980316
0 0.4691571824518069
0 0.4497091214500271
0 0.479948074429385
0 0.4694079311294128
1 0.4403509972658429
0 0.4692778966219834
0 0.4746366647070754
0 0.4926413742447131
0 0.47736822833872977
0 0.44662514483393545
0 0.45786691552794234
0 0.4571146622483715
0 0.5047373984544387
0 0.5071632438393932
0 0.46526997503109596
0 0.4900782127727809
0 0.46932601410395136
0 0.4651625827888269
0 0.4684585142723603
0 0.40682628580258906
0 0.4835081160601153
0 0.45425081997462996
1 0.47152404256009806
0 0.46236611250388787
0 0.4937941778267871
0 0.49891485362654076
0 0.46634434963336996
0 0.4666097626533792
0 0.46888179578097317
0 0.46975045510298885
0 0.46346514454675963
0 0.4711516568994287
0 0.46357169432205075
0 0.44716787417014775
0 0.5002737562135692
0 0.49676663821849015
1 0.4699807690365634
0 0.47158790983421606
0 0.4832360857943182
0 0.4246789058239228
0 0.45944356258484176
0 0.4167766408389153
0 0.4335996083914753
0 0.4740565042221332
0 0.5071981804025917
0 0.48000007364984176
0 0.4758343821945923
0 0.5074684889958686
0 0.4443285759708098
1 0.4310874234635252
1 0.49429886213187435
1 0.4534784916720947
0 0.4607966461395879
0 0.4772887287909846
0 0.41725345311107814
0 0.4678115688656243
0 0.4429828125576037
0 0.4592059912217047
0 0.45379922537074063
0 0.44256924583569446
0 0.4674550515379264
1 0.46526824205836603
0 0.4733935504538007
1 0.4427731603193459
0 0.4619582295353911
0 0.4817948520768271
0 0.4649618399484155
0 0.49785174308587493
0 0.42828211175206254
0 0.4508948059461567
0 0.4749399252940422
0 0.4652182207824162
0 0.44177780202685324
0 0.477199459673763
1 0.4838259409446774
0 0.4512254948639888
0 0.47587809412114085
0 0.47400538335151876
0 0.4689312164812434
0 0.49592102347632255
0 0.4411910679670203
0 0.4430956181471229
0 0.47575589322368494
0 0.4859668127350512
0 0.477622307477873
0 0.4416336159303828
0 0.4685174857705433
0 0.48347977616107185
0 0.48972730475085635
0 0.4948039256019636
0 0.4304976543947923
0 0.4580649252143291
0 0.46204706070873364
0 0.4766967288848962
0 0.45608981244013674
0 0.4210019298822369
0 0.4667876994540124
0 0.454912366180316
0 0.45233866382206717
0 0.47496407542394037
0 0.46020440561111453
0 0.4754473563240668
0 0.47937387345585847
0 0.49375394913095705
0 0.4633176142002996
0 0.4133861827906554
0 0.46935823309082514
0 0.466014378525082
0 0.5075089086736867
0 0.47861524227571206
0 0.46422716953199905
0 0.5202184081310784
0 0.44872961171561465
0 0.4544964226392517
0 0.46636585402818526
0 0.45644696739777046
0 0.44727367965509485
0 0.45528099344265965
1 0.4641006756082425
0 0.48546587139336955
0 0.5025861319924004
0 0.47800676246287477
0 0.4920040908802946
0 0.4695865496844749
0 0.5041035022811668
0 0.467695101451095
0 0.44322191740183964
0 0.4504566944452608
0 0.46754876943607687
0 0.44516453123128796
0 0.45039482664625585
0 0.4536112928133204
0 0.5029537371857925
0 0.4579468025009131
0 0.4232384886679398
1 0.4935474826709598
0 0.4776993272158379
0 0.44913272912282043
0 0.4719442269231871
0 0.46919818580373696
0 0.48931468882716417
0 0.48069598605729114
0 0.47607179377471165
0 0.4624821677906168
0 0.49344717427220514
0 0.44485373476360246
0 0.41738176006530137
1 0.4574144391653721
0 0.45389193712539866
0 0.46409262999826095
0 0.4612657188532718
0 0.4572577154804309
0 0.44427966188604934
1 0.43342522283261925
0 0.4351185549515107
0 0.5067949716068624
0 0.511941555754965
1 0.4662896322740281
0 0.4558684295161924
0 0.470786711710768
0 0.4511118645599686
0 0.4923519629021459
1 0.49342396477539524
0 0.45231487940216303
1 0.4457886717870699
0 0.4760158164270433
0 0.48548426778052606
0 0.4747630790110935
0 0.47041982474754296
0 0.4674897346062999
0 0.4853337971858957
0 0.47489899960178816
0 0.45928685069230785
0 0.4716190884119675
0 0.45008369003426735
0 0.41771471750304745
0 0.4551639988660497
0 0.5149855535919522
0 0.515625150916719
0 0.4264600672958195
0 0.46315483861882756
0 0.473793055321355
0 0.4652165718287084
0 0.4622536367851055
0 0.4828891582828067
0 0.46977096856171113
0 0.45060970744421275
1 0.4638605120921292
0 0.4634944638712751
0 0.4943111606931631
0 0.45972444841896465
0 0.41774803168492164
1 0.46935120604762753
0 0.4300961699671357
1 0.4717408051788211
0 0.46623543853574556
0 0.4509280210315705
0 0.49632049115870375
0 0.4596177641073311
0 0.44982825176980934
0 0.5040193026576366
0 0.45430631258839294
0 0.4359186723158542
0 0.46077015637891644
0 0.4386269471477078
0 0.42797000522021517
0 0.4670972820821117
0 0.4618899908707201
0 0.4483773994260584
0 0.4826931436308882
0 0.4447733317526474
0 0.474440402929839
0 0.4715532929432772
0 0.4678821888488548
0 0.5038575693971393
0 0.5088004260919166
0 0.4620661926775689
0 0.5145493431012562
0 0.4738134986086434
0 0.46183612312567884
0 0.4980086691045598
1 0.4828208502717326
0 0.4644526495683971
0 0.4824290428169452
0 0.4648782427687832
0 0.4464986307679147
0 0.4165513381909042
0 0.48358889859088233
0 0.434689534043409
0 0.490824573810302
0 0.4290947463223569
0 0.4497836821401592
0 0.49873323019305643
0 0.4837514851944628
0 0.4883705098999642
0 0.4815696326315578
0 0.4735885937045374
0 0.47460340075703444
0 0.47756900779641626
1 0.4728997916260562
0 0.4617006363247323
0 0.49760026180055855
0 0.46632775227768797
0 0.49224793897343677
0 0.4788096030798144
0 0.48023460787817396
1 0.47910593723064376
0 0.475756544935649
0 0.4637370447134852
0 0.4862205672381384
0 0.48524272561473863
0 0.46635995507704564
0 0.46387608586668555
0 0.45707594459134726
0 0.48157417869233843
0 0.4720471919189242
0 0.49641799660029684
0 0.453441533911175
0 0.43698012982578166
1 0.46628270050360626
0 0.4305221955210326
0 0.47975397812309567
0 0.5045957904093253
0 0.46928431144809385
0 0.4818247621346595
0 0.4590688019026971
0 0.475297152949647
0 0.4577294513356781
0 0.46054771379423576
1 0.44734928161065274
0 0.46505392538273155
0 0.45447326714275704
0 0.48338502703049846
0 0.49884224957540335
1 0.4754543453524007
1 0.45225289988027834
1 0.41204415299312785
0 0.43531397537099664
0 0.4413598300516649
0 0.46669730949622035
0 0.4817221983951049
0 0.42969477060070277
0 0.47500249832486735
0 0.44189439563693506
0 0.47291965548591824
0 0.47096179158312323
0 0.4546290970009358
0 0.4595571381354746
0 0.4690552296323508
0 0.464465064049268
0 0.44099772752657135
0 0.5070026557580926
0 0.4648593412115785
1 0.48300174407601226
0 0.48811844596117016
0 0.48169938090689657
0 0.4933881720777139
0 0.4573241719757787
1 0.42255792212016857
0 0.43242995638886916
1 0.483106581937531
0 0.4901468839735392
0 0.47915671800235915
0 0.5049944795089657
0 0.45814313485327146
1 0.46235942009734543
0 0.4747650937065719
0 0.46760215436475483
0 0.43743589599853583
0 0.49584318847262265
0 0.4974124305722539
0 0.5020592793970848
0 0.45543546751105324
0 0.4777188748033717
0 0.4806327220810778
0 0.46682920610977463
0 0.4636958224482869
0 0.47163862868228806
0 0.45915953856608865
0 0.4540863033493222
0 0.45150105433076304
0 0.49328323084146225
0 0.4650787833710253
0 0.44900010368440835
0 0.47707726489500973
1 0.4623699140602042
0 0.4507718491475861
0 0.4527173007296683
0 0.4973246846883518
0 0.46328674233033096
0 0.44902213535095314
0 0.4121133637620826
0 0.48649218277520256
1 0.4511546736067186
0 0.4907338711802225
1 0.4898621414196554
0 0.5018390362091228
0 0.4760116167718392
0 0.46850293709670376
