0 0.4510650576992929
0 0.4983951419913874
0 0.508402940292801
0 0.4774175489892518
0 0.45506408507892276
0 0.4675381202394436
0 0.5254583799218351
0 0.41687410686658916
0 0.49641702947971755
0 0.4971863452490522
0 0.4954074846686215
0 0.4748764359242528
0 0.49452568702253513
0 0.46992218722743234
0 0.4813379382973448
0 0.4905823515780983
0 0.44862797417284844
0 0.44542488135174735
0 0.5101141428719339
0 0.526022697653492
0 0.4924842343357237
0 0.48412084135024536
0 0.4349831138816834
0 0.47956142257136836
0 0.4627417700399441
0 0.46614838104737627
0 0.43625311654258003
0 0.37310126221349754
1 0.4515105606373393
0 0.467680451486561
0 0.4407058132051534
0 0.44292561727573126
0 0.5155463492202478
0 0.4167073453371945
0 0.4994411797547273
0 0.48411979858125953
0 0.47694549905341144
1 0.39588164852166713
0 0.4589389912915957
0 0.4411831902730121
0 0.4514605873711465
0 0.46127607480636745
0 0.5135674304354522
0 0.47187694454593393
0 0.47964973251953935
0 0.4446044756523724
0 0.48131263013449843
0 0.4852393116432533
0 0.48567869201446967
0 0.4184549928744943
0 0.4995252865804738
0 0.4642497392712955
1 0.452084461237612
0 0.45149185863199337
0 0.3813026347610732
0 0.4324185735307629
0 0.4769341987112308
0 0.4900767573740747
0 0.5007400569607253
0 0.524461801534243
1 0.4322395869644456
1 0.46284562957216296
0 0.43762901577592656
0 0.4411990053623717
1 0.5075557568969862
0 0.4249893349242916
0 0.47511642985095887
0 0.4568361561277151
0 0.46509260258648155
0 0.44931026424761267
0 0.46739795341990675
0 0.4707202731913746
0 0.5256643169105679
0 0.47928281784554594
0 0.4448568545791379
0 0.4627716367409177
1 0.4676598662305806
1 0.5008281864723858
1 0.45630850765512293
0 0.5045791025652422
0 0.4833337366270227
0 0.49824399277597414
0 0.4937939769206634
0 0.47805025183597993
0 0.462915946987609
0 0.4911814586662821
0 0.42769325225501986
1 0.4852052470854781
0 0.49446712600115733
0 0.40319890662014957
1 0.4637739589106862
0 0.4760313696947429
0 0.39984389347955235
0 0.48925131360758894
0 0.4915059952064121
1 0.4172425503020914
0 0.4599154322544141
0 0.5002386021728523
0 0.4738715529965918
1 0.4558873140489367
0 0.5081739008243223
0 0.44027995731150216
0 0.48013880515012386
0 0.48891483808890507
0 0.4977873856622392
0 0.43357893555466825
1 0.43372236168320594
0 0.4991495889734485
0 0.48001634900989937
0 0.48881619313585745
1 0.44305745776096866
0 0.4141106698622546
0 0.45996294172019153
0 0.5200060347570801
0 0.441448240346007
0 0.4577312899422649
0 0.48486747184275
0 0.5124536945203612
0 0.5167974868422274
0 0.4746162655071682
0 0.41892993323780064
0 0.4905691540973349
0 0.42552356348100573
1 0.519678144642887
0 0.466523197375476
0 0.4937968742945747
0 0.4528158779009349
0 0.5013387053863632
0 0.5251991256339699
1 0.4855140944986767
1 0.3596581100407886
0 0.48062398372533616
0 0.508591554723949
0 0.44135330442404164
0 0.4252168252822405
0 0.4479190595589899
1 0.47128833921821506
0 0.46028541660854444
0 0.510258058685596
0 0.4206448885797581
0 0.5083972025132432
0 0.5041542691924308
0 0.47567400455149234
0 0.48272776197085615
0 0.5027125117037692
1 0.5043446476553208
0 0.4619321218148563
0 0.48118033983908515
0 0.5205931727549807
0 0.4844368011097361
0 0.46317946497164103
0 0.4860618746527035
1 0.4348678636688889
1 0.4990848234302781
0 0.47457725870345085
0 0.5504887922220502
0 0.42703288550938384
0 0.42790831599722734
0 0.5224013604452741
0 0.4799369530095093
0 0.5149237252877551
0 0.44868353629058566
0 0.4697517601542547
0 0.5095469383140458
0 0.5010805756341209
0 0.4551514282378728
0 0.4516670110476479
1 0.4665374285266338
0 0.4451970454698635
0 0.4941134774310768
0 0.4824702203411808
0 0.5217977157262083
1 0.4108406409338812
0 0.4604105720942978
0 0.5199118640146605
0 0.38618070433339347
0 0.5198558619972954
0 0.5426221838424885
0 0.5117257268442886
0 0.4468576158493521
0 0.5208756881908334
1 0.4979239169783401
0 0.5194644312889545
0 0.5045675922519939
0 0.4310865983981719
0 0.38254039731960277
1 0.5089166740736989
0 0.39780640318444616
0 0.4228000690136125
0 0.387011165805124
0 0.4722240172831007
0 0.5155446880136808
0 0.4875464257650633
0 0.4832589660265885
0 0.4092190459050877
0 0.49178174931275154
0 0.4656952421654776
0 0.41381232964095604
0 0.5043017623217279
0 0.5279338374688779
1 0.4530148323125679
1 0.5025122864936205
0 0.4512809019743471
1 0.4704670451359421
0 0.4456688702597169
0 0.4269035546824394
0 0.4323012949779904
0 0.42963577778755935
0 0.5091261917275353
0 0.49670541563739234
0 0.5282520554632446
0 0.5288247391269684
0 0.4559670318341628
0 0.4297984810488724
0 0.46317945483723816
0 0.44195940639756154
0 0.39165834148467
0 0.5052394769737538
0 0.4787311432769283
0 0.4891112466788337
1 0.43396609424348515
0 0.5231344036185382
0 0.42964141644270887
0 0.4947780560809419
0 0.44823529959835723
0 0.4813834261656726
0 0.49747442490685534
0 0.4663273618242032
0 0.4386659616353919
0 0.4335600149843056
1 0.46649595496452223
0 0.4946710840670295
0 0.5088074550491534
0 0.4058807169691427
0 0.4743441772553504
0 0.5121074400183453
0 0.4472047925637655
1 0.5281359916886051
0 0.47716957008491945
0 0.430033173269699
0 0.498031735271852
0 0.5243643483904366
0 0.5216785524257844
0 0.4648396314074248
0 0.49463070794200414
1 0.4688804074628322
0 0.5202904905890732
1 0.4800586086784315
0 0.5309113399630618
0 0.48042766669900966
0 0.4990729960832766
0 0.44672775492434175
0 0.5167646381210839
0 0.45152301042518694
0 0.4476113023394645
0 0.4974490363274233
0 0.5164414249072267
0 0.4288515899217162
0 0.488159948253413
0 0.47627422168809014
0 0.44625691969145864
0 0.4100723526295896
0 0.4559685455796838
0 0.4182821293931922
0 0.4900709389077496
0 0.4787236652209808
0 0.4798114376887708
0 0.4624027458401848
0 0.484059555858764
0 0.44521800092665653
0 0.46573619442099295
0 0.4491335423290176
0 0.48528100077378106
1 0.48586056637172825
0 0.4534773503707631
0 0.5004241538622033
1 0.47185941002819115
0 0.46375450807222335
0 0.42782580091085254
0 0.4727752679821351
0 0.5059679198360484
0 0.5162235339497588
0 0.4599697581582538
1 0.48441956737912595
0 0.4220693153949465
0 0.506993769587335
0 0.43530454348780984
0 0.4929142332166424
1 0.46615611432841386
0 0.45859602177387204
0 0.5000219268349206
0 0.49691605104935477
0 0.45942201016495954
0 0.5255172508447731
0 0.4816140728424764
0 0.4754085502163278
0 0.4969069998970305
0 0.45117522036995705
0 0.47875884997937046
0 0.5322474776717568
0 0.5043959588779573
0 0.4628423393183889
0 0.5264890659905291
0 0.46045196617470485
0 0.41126135040733425
0 0.4409746373848096
0 0.4678841365745429
0 0.42084215123233537
0 0.4741246520949057
0 0.4552881127586137
1 0.4970920720730043
0 0.4935258411069927
0 0.4859207396826434
0 0.42509771845587113
0 0.46073152083794
0 0.46206733503689773
0 0.5098319972789929
0 0.46434893583510783
0 0.4673276009962223
0 0.46674378828734
0 0.5075224975189603
0 0.4481413941820279
0 0.3499222039852763
0 0.4259751051186071
0 0.44666732259323916
1 0.42314848219563084
0 0.43800544760035043
0 0.4069896257089329
0 0.4789906961646632
0 0.407569374433618
0 0.4833237359933909
0 0.45990302834917257
0 0.4532627404428049
0 0.4142512862741998
1 0.5171055508094135
0 0.43809083240319596
0 0.4706733135561082
0 0.4181568309525027
0 0.4601359331013116
0 0.4155089571016536
0 0.39765723067676334
0 0.4363343716508658
0 0.45406172763579317
0 0.4922690493377058
1 0.4742406431284868
0 0.46344893007497256
0 0.4409977415460542
0 0.44692504646711195
0 0.5289290251421302
0 0.4675107767191894
0 0.4801895870253954
0 0.4816251597853089
0 0.47757511723253177
0 0.4808000499110417
0 0.4486008334218407
1 0.46692415548024563
0 0.4851594974837948
0 0.45642311219964316
0 0.48273256080655474
0 0.4895799928749872
1 0.4938291707935639
0 0.4394191653751157
0 0.42591074163817266
0 0.4768047159808495
0 0.4642730811856778
