0 0.4170973294224786
0 0.4224544429340549
0 0.4467744876654758
1 0.37567355689863036
0 0.45364203624631383
0 0.42678039145933133
0 0.3909667772941498
1 0.46979427483543185
0 0.4913192332151516
0 0.4029611905621667
0 0.414036171874634
1 0.45788002744524003
1 0.443512803321343
0 0.39201432783597795
0 0.40949641551740373
0 0.37469523893656503
0 0.3818561583338118
0 0.4276325022992601
0 0.4226969227995418
0 0.4023008725212153
0 0.4121574039940706
0 0.4043211852968512
0 0.4263764124107851
0 0.40659785802804255
0 0.441671428993428
0 0.4704511061512178
0 0.43052583488954904
0 0.4147837256267707
0 0.4480421576575107
0 0.39403637705590655
0 0.48272877387437674
0 0.43222472058490174
0 0.46525523245110106
0 0.3861922199260164
0 0.4004845671952427
1 0.44710239493598464
0 0.4479082115257292
0 0.5182137886898965
0 0.5355020879951805
0 0.4072394048817121
0 0.44357196084181844
0 0.47743610010434534
0 0.4065602492009448
0 0.500950279317093
0 0.44723948157593185
0 0.5051386852840546
0 0.48264219098308797
0 0.4371742937716505
0 0.42817521280688614
1 0.41655882703052666
0 0.46545282027564333
0 0.4750926612218472
0 0.440635478863784
1 0.4835177607539752
1 0.5019047132158534
0 0.4462023469015869
0 0.3778291693716177
0 0.41037528777091664
0 0.3898177772129205
0 0.4279496353185077
0 0.371717270487998
0 0.48499949303403617
0 0.48384726422222374
0 0.4226037649248903
0 0.47101954747301106
0 0.42714004908598036
0 0.4478796768020132
0 0.3951840217755388
0 0.39568121681842416
0 0.4570223296308735
0 0.378469306634153
1 0.41003527321523325
0 0.3817351008758807
0 0.4344523226509238
0 0.41507280742692926
0 0.4434682944686864
0 0.45143151570993895
0 0.42802931863657495
0 0.43036256930206035
0 0.43680488257147615
0 0.41945632874446165
0 0.4521718500410422
0 0.45553927742653816
0 0.4893696629240093
1 0.5124625677237836
0 0.460233753881151
0 0.48182013578008337
0 0.5410089207241987
0 0.5184648032774647
0 0.5034819900796406
0 0.4663231348228393
0 0.3824851671613252
0 0.4257316123235015
0 0.46000616130038796
0 0.42471292490362395
0 0.44835880884563095
0 0.44712582607192436
0 0.4049557602843312
0 0.42920566610949135
0 0.4547447312277788
0 0.4595848806663419
0 0.5436952236973189
0 0.5110501269505022
0 0.4593275047221161
0 0.4578973922623631
0 0.39331282183276745
0 0.3439211865025691
0 0.40297731710779333
1 0.38728959680497044
0 0.36623505713073334
1 0.43524754888655154
0 0.40185042943727994
0 0.3409556331612699
0 0.4496994378773137
0 0.37089564378585294
0 0.39638654729108946
0 0.43368748188125755
0 0.4066027005129957
0 0.3879425523784054
0 0.45684511391276794
0 0.3968518389716266
0 0.38773601584011164
1 0.44439479125077225
1 0.4119804235993201
0 0.417542826681509
0 0.4143749358318162
0 0.4220062724276278
0 0.4287071084889092
0 0.4454085552628605
1 0.4023645899020005
0 0.4656683378817934
0 0.5036751371390266
0 0.4515446560548289
0 0.4671921594877171
0 0.4627205516525422
0 0.4218409369532882
0 0.4309646163827274
0 0.402602827754076
1 0.3594071968583477
0 0.4377240898497981
0 0.4158137029273213
0 0.36990444658372684
0 0.38656715557673144
0 0.4278377359969032
0 0.43810430128182326
0 0.41852807838739436
0 0.3972502452523207
0 0.4298220940717014
0 0.4316288402663751
0 0.39513527829604517
0 0.4223152454380986
0 0.45674770054970143
0 0.4214165894705008
0 0.3987606604587917
0 0.4076663793187226
0 0.4034638916336732
0 0.4212862339310972
0 0.3899795439307776
0 0.4216869733943671
0 0.40853710803290116
0 0.42848007718059233
0 0.43200255275000543
0 0.3834641102017924
0 0.38769261611992656
0 0.3348344755731235
1 0.4090008572565722
0 0.37180744120248693
0 0.47504767084638233
0 0.3617387095047971
0 0.3693120077483666
0 0.3965568185177251
0 0.3718881744293561
0 0.4114238893153066
0 0.44544778163466625
0 0.36084658985247486
1 0.39047900083081793
0 0.3565300327481064
0 0.40407747008005407
0 0.43317625935746645
0 0.46685710570366684
0 0.36898527165341827
1 0.3564613972175975
0 0.35330877032923397
0 0.3565741733042144
0 0.3703922989259372
1 0.361525769438988
0 0.35607124431918646
0 0.3385084875331402
0 0.36449165678764917
0 0.41217070633526853
0 0.43993721521202334
0 0.48522725933416894
0 0.4478696285710063
0 0.4383824582114867
0 0.4232622466629887
0 0.366555963064248
0 0.381982723812534
0 0.3768592035105702
0 0.4117687412303216
0 0.3871637707588392
0 0.3573478459308809
1 0.36431674333784514
0 0.3393790514539592
0 0.38020846352634274
0 0.37283928224858187
0 0.41360051363153105
0 0.38115940032182427
0 0.4284329219153988
0 0.43468172013945616
0 0.47641085712074993
0 0.3339985794623485
0 0.38570475096920537
0 0.37011523647293365
0 0.38097726956261796
0 0.33761724755598593
0 0.4103635759854822
0 0.3894868841706574
0 0.41476451711666684
0 0.3360900803442988
0 0.35760047546075907
0 0.4156856991938529
0 0.43763834102507654
0 0.4177916866368243
0 0.3762387137619665
0 0.41157710556080673
0 0.414678553365085
0 0.4436053302802672
0 0.4466283477987734
0 0.3755671212368081
0 0.3722891104449238
0 0.40786581240809494
0 0.360301074796432
0 0.341434752366257
1 0.33845427145193213
0 0.36169432614675906
0 0.31657384587616155
0 0.4374177589968732
0 0.4321016213043348
0 0.3825457503085199
0 0.49728242102846315
0 0.4818598747386064
0 0.40584002768940736
0 0.37729073211173764
0 0.3679642414539957
0 0.3364128444352601
0 0.37670062771841506
0 0.36881130292666614
0 0.43593044496772665
0 0.46468475655161773
0 0.395709615583823
0 0.41495449876884205
0 0.4856420425644126
0 0.44896215107684995
0 0.3857610121771521
0 0.4309349237661981
0 0.36498051838551576
0 0.4018400089085933
0 0.41210949537333824
1 0.39656367352455874
1 0.39513998858249927
0 0.3821199086655053
0 0.3511431199071193
0 0.35428570916017604
0 0.3680195798920089
1 0.39922446541751844
0 0.39413715513017866
0 0.3324457675320422
0 0.32734506891683285
0 0.35281748813630354
0 0.3820489474657453
0 0.43982470413453967
0 0.4156832529036608
0 0.4745411984262353
0 0.43736071831871043
0 0.38329616943395345
0 0.32240628771048524
0 0.3566353176659688
0 0.3750959092813646
0 0.32955102711158957
0 0.37892602356021665
1 0.3382359330294601
0 0.34833912608184997
0 0.3938827609789305
0 0.38430510983662497
0 0.37666678787194013
1 0.365673229361171
0 0.36849921806906033
0 0.39839685274734793
0 0.42848226089972014
0 0.40815190314639654
0 0.43790166502967803
0 0.4587764032319673
0 0.404471802167226
0 0.42388997928150574
0 0.39870226028699496
0 0.3560261364272078
0 0.32893860987776463
0 0.3646834795138196
0 0.3642358502956988
0 0.341875125177197
0 0.36299892435192355
0 0.3927234250357811
1 0.37524816383862863
0 0.3788902978959964
0 0.35955455762899485
0 0.3535499925038661
0 0.3580573048844728
0 0.33113815361046756
0 0.3953500378848847
0 0.4206437951991936
0 0.37359300932699896
1 0.40260495232435844
1 0.372074553089594
0 0.3445561383843006
0 0.37042202140334335
0 0.3743049218341462
0 0.3773983881058076
0 0.4074589645773624
0 0.3871943848812115
0 0.40703040861933903
0 0.4595756634133854
0 0.48146662284671454
0 0.4102286880226188
0 0.35802147313272625
0 0.3239469763324733
1 0.36764002116583583
1 0.4155624379272436
0 0.42224643801031286
1 0.40099101117348657
1 0.3649231953890793
0 0.35383147797288517
0 0.38884985955271884
0 0.36192867134563833
0 0.368709848551468
0 0.3975897367676607
0 0.42354112684304834
0 0.4090415340088631
0 0.44667650061727615
0 0.40248745552275356
0 0.3577964382885174
0 0.36925454292373794
0 0.41641733218253985
0 0.40056323969869423
0 0.47588696833537286
0 0.5155281587745275
0 0.4732064362762476
0 0.446480041611488
0 0.5033540806284496
0 0.456280234389262
0 0.4480098531239108
0 0.4089547021017139
0 0.3521599240116253
0 0.3815581057031816
0 0.40413299424735494
0 0.4408375709117423
0 0.42395075908618035
0 0.41763042181365717
0 0.4244250808396346
0 0.40259427463528275
1 0.4846918876441883
0 0.47697567292629167
0 0.4298110831802679
0 0.3790463747379957
0 0.36358588514481144
0 0.354407154541574
