0 0.3933545114158071
0 0.5231277410308337
0 0.43077269616054853
0 0.4730651980945786
0 0.44511352366817053
0 0.43567508045872566
0 0.49888006548818575
0 0.41581716412204967
0 0.5371662108341995
0 0.4355775924836966
0 0.4479598007526421
0 0.5705171054184256
0 0.38948322812841973
0 0.396639697917955
0 0.49941973590396327
0 0.4870604236603669
0 0.4354190705593592
0 0.4449580861175473
0 0.5377506407447523
0 0.45583689318029874
0 0.4415084374000586
0 0.4829409835350867
0 0.42373130086724614
0 0.46337609400039903
0 0.4818784738033987
0 0.4325928956325701
0 0.4848765175147434
0 0.5332324917677657
0 0.45467637016398893
0 0.46113615614954107
0 0.47935318349260453
0 0.40864001253284216
1 0.4381692881518251
0 0.465892951214776
0 0.39610098708692043
0 0.4984960002945116
0 0.4053890874543115
0 0.45717850828875617
0 0.42967573997190955
0 0.40407406758847697
0 0.4899258276704874
0 0.4169431799147514
0 0.40720385088130384
0 0.49247007458576564
0 0.4497182437735219
0 0.4394975157561432
0 0.42868584552072564
0 0.3932990238570244
0 0.5081287775064122
0 0.4994098227045518
0 0.42404681455087556
0 0.4862288933459022
0 0.5248669128011955
0 0.41921066346557345
0 0.5667785792441206
0 0.5072081326965402
0 0.5092256312744163
0 0.4912217595392276
0 0.4600410340854165
0 0.48300831908937436
0 0.37367381211762085
0 0.3879387973230384
0 0.45464856778181745
0 0.46080296748530397
0 0.5246602685732494
0 0.40455097116471045
0 0.4716475993879655
0 0.3592327807404978
0 0.4516516180165153
0 0.5160845192969985
0 0.3673915309796312
0 0.43885170958331154
0 0.5307077513979306
0 0.4536883997410062
0 0.42721495296602213
0 0.43850959303997317
0 0.4220582632250062
0 0.4089277258980591
0 0.4133847496520065
0 0.4009765012296097
0 0.41611432118777775
0 0.49068441116295697
0 0.42166353612135765
0 0.41825516007691205
0 0.5033612851361753
0 0.442834550383588
0 0.4492289744901132
0 0.4656304891588144
0 0.41878939463386416
0 0.39373996413043083
0 0.4158050711393202
0 0.4454455773941926
0 0.43593955674206664
0 0.48169813593996924
0 0.4218616271610057
0 0.443902100176098
0 0.48324544535032066
0 0.38182343343134834
0 0.4288744462794275
0 0.48631579427184035
0 0.4361521385162205
0 0.43050474916303466
0 0.4682371840042022
0 0.41902527908790005
0 0.4108643699035008
0 0.4478731166228067
0 0.47164157578754246
1 0.422850887840396
0 0.4458302810403706
0 0.5323310974908819
1 0.5264475167677486
0 0.4313901001224207
0 0.5027005226221742
0 0.5412476174080985
0 0.46796363826334225
0 0.4929198804100883
0 0.4557275191855077
0 0.4508289465032492
0 0.4683177967432958
0 0.41166223761651016
0 0.5353926934848556
0 0.462911861085128
0 0.47808396501356065
0 0.4547297741874341
0 0.4595351834266342
0 0.4590539021547036
0 0.409536653097064
0 0.4076671111485952
0 0.48105722774930737
0 0.40678879297380705
0 0.42836337944145425
0 0.4915555500137924
0 0.4314525288235392
0 0.4381286752560691
0 0.5116295481587946
0 0.5215918178102323
0 0.42132373851443
0 0.4744234156352164
0 0.5313237693160848
0 0.4863425791424222
0 0.39406104700244604
0 0.40168357905974394
0 0.44535199710051
0 0.4364274529542213
0 0.3622512429515585
0 0.4646796173405387
0 0.4298052714016419
0 0.3957431543701843
0 0.41910430722189584
0 0.41582172357995933
0 0.41662285640623187
0 0.5086921661843281
0 0.4552622470224581
0 0.4914240316506328
0 0.5130079635747534
0 0.4279856496727989
0 0.43159582508322547
0 0.5172886467450908
0 0.43946453569605165
0 0.4243126517798103
0 0.48107006401935204
0 0.42184447280659115
0 0.4147658639159572
0 0.4619614889959572
0 0.3485649595733535
0 0.4221613810836268
0 0.4583854979740988
0 0.4210201571659727
1 0.4121923532745186
0 0.47992280500359163
1 0.40461841548351557
1 0.4504514896994273
0 0.4343297748222003
0 0.40554547407521174
0 0.41318776146406105
1 0.48000317267208203
0 0.3927320385027357
0 0.42938098518405804
0 0.5034000686126946
0 0.45344302410567877
0 0.44186258168423853
0 0.5022751693076251
0 0.4467783371704662
0 0.4740723906172092
0 0.466511334173067
0 0.40445888648542194
0 0.4192254517820358
0 0.5207717252329892
0 0.4562373134288765
0 0.4573309572629365
0 0.5201916549340602
0 0.47114526254699757
0 0.4131406532274048
0 0.4647397480019456
0 0.41327138676462866
0 0.4128784760552943
0 0.48200622198258364
0 0.41628467079973797
0 0.43275101045427583
0 0.5039447625136931
0 0.4304375852523358
0 0.496338152423942
0 0.45237664122511223
0 0.4143975909983712
1 0.41745212732277903
0 0.44738411538287126
0 0.3755191637346181
0 0.39916248198594084
0 0.46530348647132524
0 0.4246518661594113
0 0.42163189785940147
0 0.4613702194781901
0 0.4002352229663066
0 0.4296674943815209
0 0.5156533170771143
0 0.4428462547890887
0 0.46501215965074916
0 0.5084580812362363
0 0.40463089432771876
0 0.43764374991549915
0 0.534699886144874
0 0.3913823006142481
0 0.39090599210344723
0 0.4329944169064824
0 0.39031545464628503
0 0.3850174100995605
0 0.4729897171659335
0 0.5164271022387346
0 0.4262239064971195
0 0.442487363734323
0 0.5108779039487318
0 0.43264334111205943
0 0.40738474959475773
0 0.5307129323863622
0 0.42714152162454855
0 0.4157245394675722
0 0.46193589505154414
0 0.3951828944452105
0 0.4347091815110507
0 0.4791569804806385
0 0.3983307926681713
0 0.4275289614149834
0 0.43555010392172644
0 0.39995624081629655
0 0.41231537236828963
0 0.4670702727464622
0 0.3970544455609787
0 0.4727122247697932
0 0.4232992646319331
0 0.41049891507057856
0 0.542356706876754
0 0.45587255214272737
0 0.4742137278417985
0 0.5358788997068122
0 0.46829693479400136
0 0.4451641013593237
0 0.4852292451869057
0 0.42018056915923935
0 0.39368165372882186
0 0.5001170153647346
0 0.4232060385638375
0 0.5062228299315249
0 0.4278027939668241
0 0.4339751389480838
0 0.526270106220429
0 0.39615367765731935
0 0.37969795694657743
0 0.4619207266799449
0 0.408267943382091
0 0.4279219006354676
0 0.46234086814627756
0 0.3780189360588982
0 0.4043149931716262
0 0.4547637738781176
0 0.400941364971288
0 0.4832848586358553
0 0.49325497534926516
1 0.4272365709733841
0 0.4385056492105258
0 0.48345087585662166
0 0.45013844733767744
0 0.48731511921573445
0 0.5682623958633608
0 0.4303869531863312
0 0.42392896098166194
0 0.5378025708480696
0 0.44788562877427096
0 0.441494708972654
1 0.46513191170915613
1 0.409348967270296
0 0.3959306530222305
0 0.4249111451838988
0 0.4260445986056832
0 0.45642641009932333
0 0.47251215589350687
0 0.44727054869701516
0 0.4824452763040454
0 0.44406149009543044
0 0.42569154790317554
0 0.44559538546549493
1 0.45571921468737275
1 0.43714497985965284
0 0.4294605911438415
0 0.4940092326691044
0 0.4488374650093769
0 0.4564014821919085
0 0.4690277852689019
0 0.42019910617059575
0 0.48079833849777825
0 0.5019251408356653
1 0.4687731697363249
0 0.4473148506281701
0 0.5364762267760675
0 0.4313779270362994
0 0.43397981280858366
0 0.4922125437324302
0 0.4405192300365644
0 0.46086250911595333
0 0.42559460867146565
0 0.39952813171796275
0 0.3831639685931236
0 0.42971603669888847
0 0.37996240545606386
0 0.40150754109778547
0 0.4688008499496055
1 0.4057909893277983
0 0.36988600632648133
1 0.4848261242337374
0 0.5538632166641957
0 0.5002532091283021
0 0.5251162135111904
0 0.5679858308984973
0 0.44367266223881763
0 0.4331630703075334
0 0.48483724913311343
0 0.44546982917106714
0 0.509971798631581
0 0.4094919823398935
0 0.4403443291550264
0 0.5674171108141861
0 0.40916489564610914
0 0.41428460227618663
0 0.4538708051300601
0 0.4082713373338197
0 0.4092890565862781
0 0.43629821736261226
0 0.41939924951927343
0 0.4095675002785429
0 0.4727008494717724
0 0.425710546491331
0 0.4282250506070326
0 0.5214034785869859
0 0.4322250564863506
0 0.39559226367157846
0 0.43829054211969654
1 0.3563710273489853
0 0.46644196862578763
0 0.4769983038973317
0 0.39355356970040684
0 0.42432843963647265
0 0.4854177287348103
0 0.45717976871670063
0 0.4006472616409232
0 0.4481188972900398
0 0.46502770486231154
