0 0.4891444923328686
0 0.44942690567598503
0 0.43117205063531855
0 0.462873771794818
0 0.4850052015804087
0 0.47845816920025747
0 0.33300231987634243
0 0.3399565397127211
0 0.4029496283783479
0 0.4518445306088644
0 0.41644377939329336
0 0.49717551529994564
0 0.397999728215344
0 0.4488298978475426
0 0.5141981402037663
0 0.43715857416712245
0 0.45480846482842346
0 0.48952563976154717
0 0.4626247151531728
1 0.522025763046173
0 0.42289419492029684
0 0.5376660397177979
0 0.40957504789000837
0 0.41103840375359935
0 0.40788359107408517
0 0.3616959752828545
0 0.40620462201625873
0 0.47708944847791745
0 0.5083122233909637
1 0.4227728661315602
1 0.45955111517688846
0 0.43680397650471214
0 0.439766343352722
0 0.4570233922352961
0 0.40877868124741784
0 0.4840882983752672
0 0.39002363075276
0 0.5153695260415554
0 0.46150605835674624
0 0.4507075170219031
0 0.4602373033087921
0 0.42107927138033713
0 0.40320485020954594
0 0.4197731507986499
0 0.4728695831432852
0 0.463022238959303
0 0.49682241825488427
0 0.42372139276586596
0 0.475575771627671
0 0.4515627122105865
0 0.48260125725630604
0 0.4138204367000878
0 0.5029964315091036
0 0.4956755687843399
0 0.4406605518603963
0 0.5026785341084418
0 0.44181796075035445
0 0.45888238972002454
0 0.39780694153998153
0 0.40040165267784905
0 0.421314442624805
0 0.37896281704120705
0 0.42662797536058733
1 0.38063052017138355
1 0.47628885938712945
0 0.5028514405250907
0 0.4477111733949573
0 0.537175085817683
0 0.45240254008819836
0 0.4335951196960097
0 0.4157704867267518
0 0.4204425533801903
0 0.3979977836476498
0 0.36212386561112
0 0.39673875588302926
0 0.41595178235053143
0 0.37366720409928267
0 0.5180260520410791
0 0.4338096207452899
0 0.5423720720298603
1 0.4714558315443707
1 0.41058689242950197
0 0.5143100359315257
0 0.464487001654907
0 0.5031688174870682
0 0.4907864817201051
0 0.4582148275939475
0 0.43885055003992274
0 0.44486474259611924
0 0.40139704685265254
0 0.3233233683625531
0 0.36893398663853644
0 0.43387226587846545
0 0.45024712029347747
0 0.4110765562435281
0 0.43328948329580036
0 0.42828352082196935
0 0.4156872514184584
0 0.45151423190506573
0 0.4299680410611728
0 0.3573677047645421
0 0.49743576392485084
0 0.47640353094446125
1 0.46200351174609067
0 0.40709632957969705
0 0.3306737826876235
0 0.3824327888559009
0 0.39743282427167737
0 0.41337288770383684
1 0.3562418675575256
1 0.36414786062865323
1 0.36449450600246686
0 0.35068137733305155
0 0.3518822385670184
0 0.4082087384350204
0 0.41956314209762996
0 0.39729069752099366
0 0.4709760328921679
0 0.409958976014212
0 0.47128216424481634
0 0.3509443615381804
0 0.46076062391109435
0 0.41988429476950195
0 0.45260327896000835
0 0.4219348683647141
0 0.428920146818416
0 0.413773283463072
0 0.37437334044114384
0 0.3787348505857625
0 0.3947647279440026
0 0.4096294185401556
0 0.4240068284926434
0 0.34577734380218156
0 0.47713994718260655
0 0.3858935516702231
0 0.47249670527322707
0 0.3658100697542077
1 0.48692019289086763
0 0.45696244591050234
0 0.470086975619259
0 0.4446903836106162
0 0.4671247907459242
0 0.444025174477848
0 0.48492804340332224
0 0.47211112317396403
0 0.38582577846636734
0 0.48499073729143083
1 0.43641277516838634
0 0.43982534911201576
0 0.42519605353208106
0 0.47820169092833364
0 0.39875450987426947
0 0.45875118890321676
0 0.37871461538149787
0 0.3790372013494222
1 0.3459588140724411
0 0.34902334115345013
0 0.40414410579654136
0 0.36276225233226034
0 0.4231281593632174
0 0.3246830935519934
0 0.40430622081925544
1 0.36436307818554503
1 0.3902588354842242
1 0.3878718615261363
1 0.41298216195704374
0 0.39016613377054
0 0.45870115620104424
0 0.4284431833314727
0 0.43045707147445966
0 0.3810612410739879
0 0.36982678936641655
0 0.44237611673375465
0 0.4158163217365565
0 0.3664210687499788
0 0.37332458748437997
0 0.4377327535972264
0 0.4071660951491532
0 0.3951682764293913
0 0.4086896273485489
0 0.3589178647714579
0 0.3939106910332508
0 0.45409449725613904
0 0.37746400912145767
0 0.3480565119182967
0 0.36892876313581463
0 0.35964084387042106
0 0.36159686406863867
1 0.3967515611249979
0 0.422292285078193
1 0.3802933294489881
0 0.4517236895607606
0 0.4415674938842514
0 0.3934856208501779
0 0.35832783263543
0 0.3521008698880406
0 0.3613365390814905
1 0.40346645515591456
0 0.39901249863876276
0 0.36406199239473214
0 0.38303321664783135
0 0.40025149471584903
1 0.3856719796545693
0 0.36992662209047
0 0.38457762622791164
0 0.3303355904571463
0 0.41433647105301696
0 0.3542230744698832
0 0.3820771413856338
0 0.4054830707472067
0 0.38864330998412716
0 0.3576664556282554
0 0.42327639502855036
0 0.33489934685132583
0 0.41539010143627636
0 0.4173810384998549
0 0.46671353164230667
0 0.3784290371304894
1 0.44224973326574557
0 0.36447190737150287
0 0.3593125048109517
0 0.3545113448276352
0 0.41281482043977347
0 0.3644145601017178
0 0.3889125987204785
0 0.39299821324234246
1 0.34736651220540365
0 0.3547308550361621
0 0.37039967040532074
0 0.3812696269824052
0 0.42044025421775194
0 0.39065038783171374
0 0.4551837479474897
0 0.42458103082879106
0 0.35590245409772625
0 0.3824468978854246
0 0.3784253187809308
0 0.35113489572438905
0 0.40088835474346257
0 0.3720346374095851
0 0.4641385196627276
0 0.478989796308717
0 0.44232441753812973
0 0.44374549424879717
0 0.35479096672189187
0 0.34333967011115246
0 0.3808037377117435
1 0.3700707690213036
0 0.46000720402040035
0 0.4331232387219982
1 0.4497829278938694
0 0.4314553671821707
1 0.39509129059663667
0 0.3876622926733217
1 0.3521795710651755
0 0.35583188395662924
0 0.4115180546966144
0 0.4115817123326652
0 0.46270580623991553
0 0.4032558563059745
0 0.46078758499949
0 0.38984732211395323
0 0.3497967750471243
0 0.3369882632411789
0 0.3841639154573975
0 0.3626132678043848
0 0.4355036598281139
0 0.4429311369534722
0 0.3490295352755902
0 0.31136429008218164
0 0.33946796265091195
0 0.3566256286533688
0 0.44543028580368993
1 0.38474074017729093
0 0.4294954813507209
0 0.3606657568262243
0 0.4160186392600027
0 0.39269873465850297
0 0.47231056982175995
0 0.40233782794119183
0 0.3629990497054386
1 0.35231052218955045
0 0.3443524612825247
1 0.32889430505700173
0 0.40709094970222354
0 0.39067859950643335
0 0.3745045895830855
0 0.3215870316024176
0 0.453717548342933
0 0.37784083244279965
0 0.3788219723767872
1 0.3801533555830182
1 0.38144731417188266
0 0.4300792686060193
1 0.4419021298975599
0 0.4207110435208402
0 0.38435264566861427
1 0.3515736347693526
0 0.3690930374612651
1 0.3409291296161135
0 0.3594662785547584
1 0.35481629397536385
0 0.33770372731144177
0 0.34472138642220473
1 0.3849466767359388
0 0.3918285719267631
0 0.3988838526262258
0 0.3487834983634139
0 0.34365063430770754
1 0.37979722736483
0 0.41725486707425863
1 0.49854222281921956
1 0.41894365401290606
1 0.49361275828389234
1 0.37321017744623397
0 0.4043694405704559
0 0.3993017744015125
0 0.40593373932116456
0 0.3671889984745227
0 0.41582338351251363
0 0.3946541393718258
0 0.37874029752976945
0 0.4364567204373027
0 0.35326134132367426
0 0.3754695433656086
0 0.37826640661119765
0 0.38739706629260534
0 0.37187242775472895
0 0.3700882962396531
0 0.41200113207446737
1 0.39222560707773757
0 0.42801780183557286
0 0.4624173765070916
0 0.4224049169259798
0 0.39035289533261447
0 0.3857525078629827
0 0.4218074550031889
0 0.452434161030051
1 0.46866062697156613
1 0.4751045468629435
0 0.4423647693167401
0 0.4749651988389188
0 0.4025317006093141
0 0.38900315603180396
0 0.3879338197457844
0 0.3491797210162105
0 0.3885473170825728
0 0.42535502127579705
0 0.35599930933561086
0 0.4387333687353549
0 0.35690688639514156
0 0.3530770043982338
0 0.39610899809876676
0 0.38397708736369
0 0.3718551645972436
1 0.3926112021748224
0 0.3669005632771689
0 0.45751143813043943
0 0.4530415848970696
0 0.4233568582136536
0 0.392435392200123
0 0.46291442073269384
0 0.3926362089172923
1 0.3635075625275009
0 0.3889895962326778
