0 0.512231457937202
0 0.49621945587174293
0 0.49829133801591313
0 0.4594604911278474
0 0.524430229561054
1 0.5505845413313241
0 0.5326803884155434
0 0.5179701819629821
0 0.500672603461835
0 0.44784400007922387
0 0.5148468747528641
0 0.5045189856399337
0 0.5216770278476657
0 0.5482025249159918
1 0.4971839208824159
0 0.4762740235474629
0 0.5175554869964868
1 0.5004050521013808
0 0.5253200264926533
0 0.49167595043821
0 0.46327165432588296
0 0.4736278349726152
0 0.5054162516258228
0 0.48961635736496
0 0.46608286191573206
0 0.5033508273935784
0 0.5181302319517836
0 0.5260582880707565
0 0.49664449810390354
1 0.436663499423892
0 0.4735808475731382
0 0.4968306130907673
0 0.5146308758282233
0 0.4871367778265165
0 0.464875623685171
0 0.47787393113102705
0 0.4781876743673648
1 0.5056587063622804
0 0.48757081304434297
0 0.4889386763694002
0 0.4790131475152184
0 0.48711288850570006
0 0.5450763700130906
0 0.5335403817103088
0 0.5215075918574535
0 0.4695884392971907
0 0.46519081718749883
0 0.4672094786208506
0 0.5318023860139429
0 0.5169498434469446
0 0.5180751743033712
0 0.5104168198936272
0 0.4795898597821141
0 0.4911102603860497
0 0.48262578947262036
0 0.44708323358517116
0 0.46131391002598693
0 0.4791805256623752
0 0.4810497245699871
0 0.5038360657582591
0 0.5007064359859954
0 0.488391535646994
0 0.49555126503746133
0 0.45731698150378325
0 0.45673708839653016
0 0.41244137081172394
0 0.4669744334199915
0 0.4667603727594182
0 0.52136903653441
0 0.5048603269240385
0 0.5217270711934472
0 0.5089812823608809
0 0.48550470661003137
0 0.4723339848059662
1 0.47135724372625926
0 0.4703859880549526
0 0.5271585608628208
0 0.4635527846484518
0 0.47799606040692955
0 0.5132934841976424
0 0.49083489994492874
0 0.48255796423553327
0 0.49470094277814025
0 0.4925247682436715
0 0.4707725838332741
0 0.4584884733701554
0 0.4733056263997513
0 0.3919984117152817
0 0.46663584264439434
0 0.4889754774766925
0 0.48454830664089193
0 0.47047051087256114
1 0.4216972124149187
0 0.4417563086644078
0 0.4841484021492587
0 0.4897976912312716
0 0.44874394276541035
0 0.4587943017928694
0 0.4803068716659863
0 0.47012140290643
0 0.4861518892630347
0 0.43409748611050775
1 0.4723142833532289
0 0.45922145316506674
1 0.4728476851754251
0 0.46094062842701067
0 0.4486018807322476
0 0.4339957988163143
0 0.46819489014429566
0 0.49104438119155064
0 0.48503494595050367
0 0.4451371495000179
0 0.46432422529024114
0 0.4361800508344184
0 0.5051080704469728
0 0.49998986490312325
1 0.48517789810652723
0 0.5047517004426377
0 0.47788087402649954
0 0.47280345033051147
0 0.4416925445626909
0 0.4800239324804088
0 0.4602899108569161
0 0.47880761584689824
0 0.4938434385939937
0 0.46767048862865995
1 0.45949474037827365
1 0.445248922227898
0 0.45904691583903734
0 0.4399973606056804
0 0.4968425927624279
0 0.4967839654874661
0 0.5020691341586052
0 0.5008032001127588
0 0.5155615437213649
0 0.4910585096270903
1 0.4925540630105028
0 0.490859391467361
0 0.5050983650057302
0 0.5014430375276191
0 0.5408934909925621
0 0.5056489257164092
0 0.4806347776270058
0 0.5138455278766803
1 0.5062079939182372
1 0.4536908623469488
0 0.4948522575409784
0 0.49822941903763124
0 0.49804523524114236
0 0.5002315743422229
0 0.42538235001143804
0 0.4865577104267546
0 0.46746216966851195
0 0.47679080189294065
0 0.47476397424583694
0 0.5048368125463327
0 0.48379365987115824
1 0.4615961197255335
0 0.5017104367322729
0 0.5006854375011198
0 0.48268815352871935
1 0.43818011863952444
0 0.4400425569527376
1 0.46027745531294767
0 0.47044726278337573
0 0.5079152282120457
0 0.4938434770722354
0 0.4771583428493017
0 0.4796497908877919
0 0.46887614122082694
0 0.4502351981477706
1 0.4229819421413019
0 0.42256114288720603
0 0.46629827439876964
0 0.4592383295800086
1 0.4503678525716259
0 0.43861180443172826
0 0.4575161919555747
0 0.4475265588628048
0 0.43122150510132695
0 0.44823338897933507
0 0.4440491075176244
1 0.4350423952872597
0 0.4595693503194212
0 0.4926974325595717
0 0.482520239506331
0 0.442320124487147
0 0.4696132087159638
0 0.4534827534208051
0 0.4696248836612825
1 0.456643706024522
0 0.44655939938327555
0 0.4276830307412346
0 0.42649386731253747
0 0.422681271889428
0 0.43804682958813385
0 0.3993386447994736
0 0.46852271283398306
0 0.4389815150955372
0 0.4662939402284561
0 0.4747216011841203
0 0.4575953449285317
0 0.3987762641305923
0 0.4578998122750868
0 0.46568271732691835
0 0.4571155168104585
1 0.3791300719488697
0 0.4285457460034081
1 0.43348151863178846
0 0.44961792630444963
0 0.456367497980287
0 0.44694464310622173
0 0.4683033715985327
1 0.396354293011929
0 0.45735347421834993
1 0.45512401777739697
0 0.3908128749309669
0 0.4494718968934548
0 0.47207648302056576
0 0.4612018093961298
0 0.44164294857612124
0 0.4638594899601718
0 0.4715003627454336
0 0.4550287137587908
0 0.46997360951395223
0 0.46381772474906047
0 0.45519366109781856
0 0.4197063185960493
0 0.4590475445710721
1 0.4316281031657244
0 0.4699935617383796
0 0.4033539042283773
1 0.47966137727909564
0 0.45304661419669645
1 0.44314166180958564
0 0.4472646367832525
1 0.4461613112682637
0 0.4667873110760079
1 0.49239799952665414
0 0.48428297047412955
0 0.4702923727437572
0 0.4622665947931171
0 0.46713114388258126
0 0.4170689103175262
0 0.47870055429218145
0 0.4810575808016069
0 0.4804905940867291
1 0.47042591434161724
0 0.4607109035761094
0 0.4506953083647869
0 0.4130138155648926
0 0.48972030387394333
0 0.4788045777518185
0 0.4783464367201021
0 0.4478090805975032
0 0.5167581471962199
0 0.4914984482884337
0 0.4930949345414147
0 0.4639565173867548
1 0.4559910842246179
0 0.4597929160882263
0 0.4644665299780342
0 0.48276016231931773
0 0.43120412778716044
0 0.5387387571018664
0 0.518519534483026
0 0.4482747624513264
1 0.46203328621120043
0 0.45451907856556983
0 0.43254970159841377
0 0.44084393199857197
0 0.46237721860744313
0 0.5116718992845996
0 0.4858982302234036
0 0.4838018322113019
0 0.4672423102518873
0 0.46542789087828507
0 0.4619404973746502
1 0.4316838021724936
1 0.4286496616027632
0 0.4638141364074928
0 0.4734475291851437
0 0.44210541210071996
0 0.4546408466509126
0 0.4469760481800354
0 0.4785968813463476
0 0.47503990767709564
0 0.4486737038919229
0 0.4559310699847822
1 0.4679386498663454
1 0.46614469158909777
0 0.45318853550802435
0 0.4878839265613749
0 0.46038128905119247
1 0.44352626077131363
0 0.4609344550263693
0 0.44262167190100354
0 0.46505206672529337
0 0.44914974256110834
0 0.44894114961067744
0 0.4393423127145203
0 0.4566275823278491
0 0.4374906405516755
1 0.4442970946162458
0 0.4365282052867029
0 0.43462105643646237
0 0.4858026805589646
0 0.47502580306439
0 0.4854963174427077
0 0.4716166206049543
0 0.4538066578369286
0 0.44302175998409693
0 0.39893553925684305
0 0.4527498255533713
0 0.4349970838430152
0 0.47235960986446646
0 0.4655764246895218
0 0.44062343596049586
0 0.44522862843575095
0 0.4609950940148934
0 0.4631018950617109
0 0.4434136055725304
0 0.4648390126184797
0 0.46423695874018983
0 0.4682285092623097
0 0.44933338666544087
1 0.4368661071225031
0 0.4064249151061143
0 0.4762052715250561
0 0.46416403783666554
0 0.44463824263995755
0 0.4458704842748977
0 0.4160736805266868
0 0.45037581743182936
0 0.46397114835171704
1 0.45517148415508063
0 0.47741574966607325
0 0.4374520596059974
0 0.45101456300914633
0 0.41950557991362974
0 0.46352445110954793
0 0.437736135060447
1 0.39090532162133107
0 0.450596399319952
0 0.4435720987049257
1 0.4310781680905705
0 0.4023982825753617
0 0.4461553655405038
0 0.45892329151628364
0 0.43676168179981467
0 0.44324323153258866
0 0.46491073885835815
0 0.4685507107815249
0 0.44413844038355765
0 0.49172916268251154
0 0.5042828804930155
0 0.46517610826943445
1 0.4693780821760396
0 0.4545096430531552
1 0.44740890632174907
0 0.49313417972496026
0 0.5026097697602794
0 0.47816151617174274
0 0.492735466386855
1 0.46864176742274793
