1 0.476994358129023
0 0.5118408347421131
1 0.5037201775547142
1 0.4887525960535775
0 0.5013427640763913
1 0.514884608110342
0 0.4537030968478588
0 0.48630759719292244
1 0.5206629609349648
0 0.5382655501709953
0 0.5034281042841915
0 0.45235197597427523
0 0.47931828390808184
1 0.4705166924327781
0 0.5113603061577875
1 0.55350044353564
1 0.5160497350972064
0 0.49639316247109616
0 0.4868411256223726
0 0.5206346036615218
0 0.5009659042092058
0 0.5016482638266654
0 0.5029765125798095
0 0.46187568585023664
0 0.4653185831178518
0 0.4734051509705751
0 0.48787402681883696
0 0.4810817118113833
0 0.4725006346112238
0 0.4560642878158842
0 0.48244801564703466
0 0.5144382739745393
0 0.470790639003698
0 0.4727724137238688
0 0.47243985723839615
0 0.4576491583746274
1 0.4626960964562786
0 0.4695342036516793
0 0.47228634422940685
1 0.46043691137766585
0 0.4521247243048702
0 0.4678062907022625
0 0.4676519376470931
0 0.4645568050211138
1 0.45639439796200304
1 0.4581858203317991
1 0.47153080528383223
0 0.4783540545115169
1 0.4591860350663776
0 0.4661041810286574
0 0.448752672111531
0 0.48021931827772735
0 0.4630168084588082
0 0.456781422482388
1 0.4479955607268638
0 0.4407003604958124
0 0.4536831443444914
1 0.4591227825656657
0 0.45876862283928505
0 0.4545263325329396
1 0.47596382278543053
0 0.46939754937842115
0 0.4813660337229534
0 0.5047335162846999
0 0.4595866569774701
1 0.4812985582416708
1 0.47204129250740134
0 0.4599353664089779
0 0.4759153422936608
0 0.47035318787762054
1 0.46619957689069863
1 0.45708397840115694
0 0.4455398776408753
0 0.5084851826823015
0 0.4911753417296385
0 0.4798485512850736
0 0.49792158686244137
0 0.5050422825863584
0 0.5077339097861231
1 0.4800149908287211
0 0.480444015978039
0 0.46214154546732006
0 0.5010843211121384
0 0.5115495649139024
0 0.4766803668338699
0 0.47940846253641906
1 0.47307262361760666
0 0.4820642685432601
1 0.4787110419208309
1 0.48909959325861274
0 0.4667410026579404
1 0.4897067883562302
1 0.5075714332131768
1 0.48288795535819906
0 0.5224130360922398
1 0.4807174645251115
0 0.4803018703284508
0 0.507556420917875
1 0.4633941148709505
0 0.49179899244320685
0 0.48864289733513505
0 0.4767727142152904
0 0.5251873659158276
0 0.4871327824169113
0 0.4989084672211007
0 0.49423709150489914
1 0.4645151841698504
1 0.46763106043045555
0 0.48615392838843446
1 0.4737305359232965
0 0.46600456720371586
1 0.46769451722881794
0 0.4912224935013389
0 0.49529887398666433
0 0.45686287414548615
0 0.4615708280994645
1 0.43719903774356633
0 0.469191415644645
1 0.4435914221887181
0 0.4486902095174323
0 0.45123820582539986
0 0.4372342959345575
0 0.4451219039656281
0 0.43040698533778843
0 0.4661118576853059
0 0.4420782595887159
0 0.4199767132096624
1 0.4433303495398073
0 0.45628064184706246
0 0.46720786796511704
0 0.4683613620856754
1 0.45854929799234323
0 0.4425627447086249
1 0.45645287982983745
1 0.447969708942744
1 0.4254473397899231
0 0.44117549727138566
1 0.44537892632545306
0 0.46420889178433444
0 0.4762882031877647
0 0.45380363368783927
1 0.46980718218986506
0 0.47008577424631975
1 0.47398638862973314
0 0.5077131103301554
0 0.5206555413083308
1 0.48443067637936066
0 0.4702841647407549
0 0.5318351060081002
0 0.4541737244212498
1 0.47508480721187923
1 0.4685466460275804
1 0.48305372993420825
0 0.47258772583149833
0 0.48806185396320295
0 0.48424300254111097
1 0.4910844162271548
1 0.5080467944503857
1 0.5195279611930402
0 0.467283027922203
1 0.49278031352011287
0 0.48380188454315687
1 0.5010840008526685
1 0.48775782698934617
1 0.49286473143084814
0 0.4586513239671317
1 0.4605171773723277
0 0.46668786511331056
1 0.44798691705368676
0 0.4409112935119837
1 0.4431078696063646
0 0.4452423138832702
1 0.43492805848388355
0 0.47661128131075203
1 0.4813957182740145
0 0.44551106120628986
1 0.43726459144249546
0 0.4685008755908394
1 0.4536872529390527
1 0.451013499787774
1 0.45522091179355045
0 0.44147539591916063
0 0.4797707957715018
1 0.4495492650080332
1 0.4403458731392954
0 0.4319873132204812
0 0.41982515566408046
0 0.44536274818728605
1 0.4508572702775358
1 0.42729267722489866
0 0.4252646360744332
0 0.44760666707681157
1 0.4396312036454873
0 0.4337127779588147
1 0.44152669405369505
0 0.41452017724410706
0 0.4233075112164617
0 0.4303870371625043
1 0.4248330151871198
1 0.4214827161871885
1 0.4379457947380092
0 0.42284219490483765
1 0.4279454303405966
0 0.44842489611886477
1 0.42013606158445826
1 0.42429399674356355
1 0.4435758610129152
0 0.4143570805204329
0 0.42268920061319004
0 0.42894784290983506
1 0.4236250035477263
1 0.4216226587568821
0 0.4415244654853518
1 0.43435079301384366
1 0.4343389011126674
0 0.4375750401129538
1 0.43991965656917653
1 0.4385505519708937
1 0.4509795466715333
1 0.42531088716021287
0 0.43443915604027145
0 0.43119608093321105
1 0.4247227766216496
0 0.4414245506579719
1 0.4549669014606431
1 0.4445446357394785
0 0.46138736513493905
0 0.46091629259071654
0 0.4432932309956016
1 0.43425774936496775
0 0.43418586236214424
1 0.43480473953868615
0 0.4380777250629219
0 0.4592712269931798
0 0.45056227424013723
1 0.44223803883632656
1 0.446326610699313
1 0.45444758234291277
1 0.4503296470027773
1 0.453166364771898
0 0.43498962697520066
1 0.44975721992650636
0 0.45423782505991556
1 0.45510242724284933
1 0.44564504032119584
0 0.4190709713280948
1 0.4523351510876817
0 0.45576523209765146
0 0.44674891189415056
0 0.4513151598712079
1 0.4362028495081846
0 0.4433596596927616
0 0.45831768464707195
0 0.4489545538349479
0 0.4719783453378262
0 0.47187590898656784
0 0.4551746116425109
0 0.48134919586396147
1 0.48836927602757657
0 0.463609375937325
1 0.4605582563958288
1 0.44351190108534627
0 0.4494849476347587
0 0.44841617970152237
1 0.45439429751234567
0 0.45257952393844825
0 0.47626796288528556
1 0.4653053011526187
0 0.4862625144581384
1 0.4620282781525566
1 0.47073734532416467
0 0.4770395768794231
1 0.4457948206365243
0 0.4300334843388165
1 0.45840308132369784
0 0.4449582163863535
0 0.436686975629321
1 0.43375648664192357
0 0.4483498952422726
0 0.4274340150280905
0 0.4511645948876781
0 0.4349395381146917
0 0.4178954775469595
0 0.47318377007092766
1 0.4532931639729277
1 0.4648683826914548
1 0.4698148555410007
1 0.4441150467722612
1 0.4763900288074311
1 0.4741385044699503
1 0.4402134431455174
1 0.4480044058579988
0 0.4340434606929202
1 0.45718044120312923
0 0.4393801624834684
1 0.45015723420771203
0 0.45074315916955365
1 0.4437855945240033
0 0.42997775342973643
1 0.4510157519644434
1 0.43740112137809867
1 0.43730228952746647
0 0.4361905588675392
0 0.43705389029523467
0 0.43481208654260317
0 0.472532450287485
1 0.4603228039995825
0 0.466457878730691
0 0.4636371055007492
0 0.4856168431905663
0 0.47281472105437605
0 0.4495372523906536
1 0.4531239319234653
1 0.4463035662121196
0 0.4574099892306841
0 0.46767113645084374
1 0.4650651026715389
1 0.4423147371580178
0 0.47960247990510535
1 0.45732752007401434
1 0.46218445281967124
0 0.4450377242911829
1 0.45886332673371755
0 0.46367505927858327
0 0.44376655601896053
0 0.4249257866160117
1 0.42175218869279213
1 0.41574351080648564
1 0.44372374222016003
0 0.40802417569751726
1 0.43868610739925235
0 0.45102441555225214
1 0.45313400098721907
1 0.4506800017650701
0 0.45711905704378997
1 0.45852590176515423
0 0.46023484652565777
0 0.46719492223152403
0 0.45512294667535413
1 0.4655463871102517
0 0.46425373046427476
1 0.45329384057790056
0 0.45519230711154596
0 0.4623461478945776
0 0.44811869237805996
0 0.43704810824675433
0 0.43418088701551005
1 0.45267511443595704
1 0.42841384351240785
1 0.44085833591045837
0 0.43287392613455183
1 0.4557891749804215
0 0.46451610245848124
0 0.4449466112914481
0 0.42551348000833933
1 0.44848788605131995
1 0.4377569012240393
0 0.41454515424296234
1 0.4319095507013232
0 0.46551968130913274
0 0.4519984453314612
0 0.4638732443225285
1 0.4554750414827181
1 0.449333851183662
0 0.4920414529491571
