0 0.5044091308591409
0 0.4912534881135199
1 0.4955860365590119
0 0.4790862677485925
0 0.5081686290017786
0 0.473318114734535
0 0.5267106351029317
0 0.4971802766449463
0 0.4719888024197613
1 0.4759402035893245
0 0.48784501807557606
0 0.5014691246203932
0 0.5260121603286589
0 0.5154312965620361
0 0.502800738402365
0 0.48423748818935036
0 0.481901249028615
0 0.4800264568522279
0 0.48742321277074924
1 0.46515945588717034
0 0.46909702197479963
0 0.4952197480293903
0 0.4953195864504388
1 0.5435614293646227
0 0.4539036611384716
0 0.48323374684402415
0 0.46090396534906497
0 0.4890247873352163
0 0.5008111166096739
1 0.5006622585726493
0 0.4656803913741751
0 0.48013536808345025
0 0.46703190166947134
0 0.5121795232579668
0 0.47907199030988507
1 0.47070194141342336
0 0.4880767500983642
1 0.4751728105805421
0 0.48010298375986904
0 0.4882126463448016
0 0.4935408518051038
1 0.46841296878341154
1 0.4959413862854927
1 0.4807086785244089
0 0.4733253584628637
1 0.47075823593919625
0 0.48296494176659155
0 0.479620382751853
0 0.4893729390341848
0 0.501555481936971
0 0.48767721945536624
0 0.48729894449516414
0 0.4862005793806478
0 0.45175455779254836
1 0.4750303913091916
0 0.49039708943023413
0 0.48536695573733835
0 0.48194482866803745
0 0.4398508865685063
0 0.4706084826783497
0 0.49397754902589014
1 0.4718765205847519
0 0.4960777382634341
0 0.5053994029242956
0 0.5017663290357003
0 0.47336876523687144
0 0.4710464633578681
1 0.46910746803766407
0 0.44845407700138024
1 0.5017970785453991
0 0.502253454022104
1 0.47963104354697106
1 0.47579008191314326
1 0.49875368945057297
0 0.5011051890296849
0 0.48570412268127067
1 0.47358146431396236
0 0.4968207120271868
0 0.5000958441024062
0 0.48143589315515767
0 0.49240445566057817
0 0.4796863350230101
1 0.4852199275545091
0 0.5281727427358069
0 0.5014540748305418
0 0.4957163560476267
0 0.4892383332780817
0 0.48945286134120924
0 0.49221515906888763
0 0.4868520887750229
0 0.4854806146626036
0 0.4844338044759475
0 0.501457208367303
1 0.4844968655313166
1 0.47859585767570945
0 0.49997561743409785
0 0.4600820305111356
1 0.4776932002069508
0 0.4713142225562669
0 0.47232092836540907
0 0.46626043608009443
1 0.4716999326996468
0 0.4480145922060501
0 0.45015737087190755
0 0.4723106349444539
0 0.4932004088280074
0 0.47646188675897355
0 0.46457867923045654
1 0.47549805415022356
1 0.4547737171386846
1 0.45086147048530556
0 0.4452641145159815
1 0.46229032830852046
0 0.47417543564913855
1 0.4637050481934812
1 0.4402483906378191
0 0.4851634214957693
1 0.4751381122774741
0 0.47856859289597325
0 0.48770763715332277
1 0.4803964142246802
1 0.47741353796555824
0 0.44025659759117386
0 0.4554391509174262
0 0.4614117705364714
0 0.47156934159495634
0 0.4708177815074715
0 0.47703682080911497
1 0.4820397236590534
0 0.45178737585961126
0 0.44762993394448186
0 0.4695576896575994
0 0.48130215680848815
1 0.4866397848438314
1 0.5196731560741333
0 0.4952783483926407
1 0.4894457755047959
0 0.4917424464417626
0 0.48366968547941486
0 0.48649232798823266
1 0.5049036379504651
0 0.49338200356945655
0 0.4809461127211616
0 0.4744797852005521
0 0.4713004277827532
0 0.48963042777011934
0 0.4954113343190082
0 0.5060128380230395
0 0.49846071514870566
0 0.492816948521875
1 0.5027323319837065
1 0.4842937725076871
0 0.49917150574663044
0 0.48739092785478716
0 0.4655794482768374
0 0.49008997545920874
1 0.4664343987471858
0 0.490642607681702
1 0.4573965501088621
1 0.4790037792711798
0 0.4704796452904836
0 0.4694534865354093
0 0.4637804120141493
0 0.4580868508678577
0 0.48569966980805374
1 0.4713489824827576
0 0.48307126660060395
1 0.4656681355794584
0 0.4699737627503061
1 0.4761699541106389
0 0.46295848816175306
1 0.4608383421064086
1 0.45430488766180477
0 0.4582663700503582
0 0.4631753836836832
0 0.466887266002189
0 0.46836250521093925
0 0.4720443457121782
1 0.482149173204805
1 0.4576449847861253
0 0.46462240129172433
1 0.4703651095330398
1 0.48226384655780874
0 0.45107347039154055
0 0.474627462209559
0 0.4595907862692609
0 0.45288918461225675
1 0.48126001968385734
0 0.474879499719657
0 0.45799874715447597
1 0.4710907422193058
1 0.4535804570860093
0 0.45312598525490405
1 0.4594668326972055
1 0.4699054460617316
0 0.4456616338522949
0 0.45620633580330394
0 0.4712187401826265
0 0.47306148766988615
1 0.4488574031157831
0 0.47386341152067746
0 0.4592406100164656
0 0.46232777782139045
0 0.4697784831542112
0 0.44827132393131996
1 0.47578064009030696
1 0.46630773710022194
0 0.4445406680445617
0 0.4793230901129007
0 0.47149453148142956
0 0.47854024579834403
0 0.4644264402788852
0 0.4694754148193292
1 0.4824284424478641
1 0.468333872192734
1 0.480958104317013
0 0.4665087377377297
0 0.48537654013963794
0 0.4898456957483571
0 0.46939111526914556
0 0.4825999077805465
0 0.46562018941701955
0 0.4580750398351897
0 0.4641940530555094
0 0.467930408444348
1 0.49256717935587824
0 0.4820423753578854
0 0.4713541087802611
0 0.4577183528287388
0 0.4527795839198789
0 0.4458550359873602
1 0.46614320693482303
1 0.46666568271350845
1 0.490920874603305
0 0.4851614884837727
0 0.48168217046778666
0 0.4780303743905096
0 0.44614240896372365
0 0.4662006613543198
0 0.4643027868211965
0 0.46203372361158856
0 0.4725118137568602
0 0.4691639790404469
0 0.46002048945510904
0 0.4731924352756779
0 0.4643278935411765
0 0.47135124739422674
0 0.48614183217294166
0 0.4927863133245627
0 0.44277713407081176
0 0.5135355536227311
1 0.49959059374229803
0 0.5237900522354956
0 0.4862847910517847
0 0.49243908503804706
0 0.4811146360532227
0 0.46240533505667064
0 0.47553853931798196
0 0.48024097106474645
0 0.47803140359605384
0 0.4559792850608511
1 0.46303434517210207
1 0.4727858498471747
1 0.4600844090229022
0 0.4561821196254159
0 0.4991675933785648
0 0.4532096876887749
0 0.478683885483992
1 0.47249054067621665
1 0.4641762098860956
0 0.47148867606545364
0 0.46087474194989525
0 0.4613126377057657
0 0.465434393357096
0 0.46315970751353164
1 0.4454990240343828
0 0.46705252653288826
0 0.4595912650939494
0 0.45215966604890573
0 0.4748203954923596
0 0.4627946608440903
0 0.46992631344569574
0 0.4685564987487596
0 0.44519876754922216
1 0.4471004886948648
0 0.448254654754716
1 0.45993182883687805
1 0.4555037917188505
1 0.47778892330997935
1 0.46931072696890513
1 0.47028430628215956
1 0.45898440587626127
0 0.4611470931227549
0 0.45023723306927205
0 0.4662927117306787
1 0.4561024092112756
1 0.4880531748488736
0 0.4614924544924791
0 0.4719235340890664
0 0.45602842137128846
1 0.4574749224467346
1 0.43700925752560177
1 0.47400673687283396
0 0.445072826101062
0 0.4488376040825292
0 0.4808443659868872
0 0.49832369500149387
0 0.49770136063243764
0 0.5032503583622183
1 0.48882313347410256
0 0.48515397199688043
1 0.47096955115538486
0 0.45296159188869806
0 0.45088529581994846
0 0.47278167933159204
0 0.5013623200353441
0 0.4728263963835596
1 0.4581600084168883
1 0.45445928702717675
1 0.47884204767170174
0 0.47674962770676454
0 0.4872560106019924
1 0.4939062492137062
1 0.47314746796828994
0 0.45843365013907617
0 0.47089098180887096
0 0.4438932233459611
1 0.4816476550014259
0 0.47697435145636463
1 0.4761510804084244
0 0.4592088493436107
0 0.4704550530067012
1 0.46552043423931444
0 0.4674628940243655
0 0.48321126668695724
0 0.4686686150074715
0 0.4735525074620875
0 0.4837021615404847
0 0.4635369807728349
0 0.46879465778981877
0 0.45570504383300375
0 0.45720319885066946
0 0.4801015856213693
0 0.4661958564416321
0 0.475723485785232
0 0.4732581689497075
0 0.5024556629423615
0 0.4904604799101043
1 0.5205631832110488
0 0.5013013058252214
0 0.5005898355479442
0 0.46836079362579375
1 0.47839627884541736
0 0.49494841037803206
0 0.47709246933997485
1 0.469898524685996
0 0.47030020728514993
0 0.4544764219074076
1 0.4638583214235743
0 0.46920930269870803
0 0.47092129256103515
0 0.4664214181718883
1 0.4604497551172818
1 0.47220427730915954
1 0.471173265204867
