0 0.42382543974432074
0 0.37948837952576375
0 0.3924541861964111
0 0.3971935807818478
0 0.43914934152097784
0 0.4075527238392887
0 0.37278107985742726
0 0.428646927203799
0 0.3978299737648183
0 0.4216937612351121
0 0.4729647125347602
0 0.44511159210782
0 0.47677055501887944
0 0.4737096099936215
0 0.5077685642042207
0 0.40537311698440964
0 0.4083958162907689
0 0.43537721485084274
0 0.43622109261869135
0 0.4264889962626059
0 0.40356827907649767
0 0.516458880715178
0 0.45746231030941936
0 0.439447196018413
0 0.4934156150357511
0 0.4308760568712527
0 0.5077484471858015
0 0.36278645462016706
0 0.43209681385264176
0 0.39595668790717414
0 0.39949956533241743
0 0.4574677770344651
0 0.38103146696648676
0 0.4570385052009059
0 0.4216260466172097
1 0.4467295966131899
0 0.4611074949210525
0 0.4097601750599613
0 0.4761957696138852
0 0.40511280028491903
0 0.43655470097631877
0 0.4332495625868197
0 0.48471735642421493
0 0.46165820598891794
0 0.4396421824744223
0 0.47107690235239996
0 0.39721214435890373
0 0.43303765161791635
0 0.4002724126313866
0 0.4011524394773918
0 0.4535531647994914
0 0.3605001345220424
0 0.46188142680256616
1 0.4119655113562807
1 0.4356282145767
0 0.4271110108772088
0 0.45139573474728395
0 0.44085966294631873
0 0.4166496894992467
0 0.45300359244111216
0 0.44720588289873503
0 0.4154514348531246
0 0.4229720486366352
0 0.3976189142149531
0 0.43053462385662744
0 0.4220170715741802
0 0.4396807796899411
0 0.4340669083223449
0 0.47515678955008306
0 0.4517907392168606
0 0.4023814108959091
0 0.4694651331405038
0 0.4036789151352109
0 0.48294973764784327
0 0.4507886039989542
0 0.42104307965523674
0 0.42915312677808426
0 0.38664425781384054
0 0.43387204738430785
0 0.4055305833668775
0 0.430518669182374
0 0.4497509629712416
0 0.4190022251474715
0 0.44580089717539967
0 0.3781139780915563
0 0.39458051698527363
0 0.40500671343943456
0 0.4889840209533261
0 0.47921345057970377
0 0.4018461860626692
0 0.42886045224411556
0 0.36287016538162903
0 0.37837144019885766
0 0.42436396370376317
0 0.37494782611549793
0 0.33298903256075774
0 0.4103926559719733
0 0.42156871422416337
0 0.4374676047184911
0 0.4121690637687407
0 0.47068590954709916
0 0.4668898026754019
0 0.4432842009928613
0 0.43453915085278083
0 0.44974752614330527
0 0.38058139954600634
0 0.42200318066086745
0 0.41694561113822365
0 0.4694138809234829
0 0.41419043629715463
0 0.44795869013575984
0 0.3860540892655589
0 0.38877380171875614
0 0.4400010157192935
0 0.3438713726791469
0 0.362263774256822
0 0.38600938000200197
0 0.35863905744665314
1 0.3830738388716864
0 0.376506814774773
0 0.38933948395980644
0 0.43382596331662854
0 0.4361680246466469
0 0.40778376926733
0 0.4379880856249659
0 0.38820702855470723
0 0.4536544048265243
0 0.5011966462706616
0 0.4778059703840998
0 0.4089258593589857
0 0.41038028582266395
0 0.4678479829215131
0 0.43014374626493035
0 0.43507505256574697
0 0.4471860160827072
0 0.3896771727321662
0 0.3854553829181788
0 0.42820380204884206
1 0.3930938722888095
0 0.3849688409909184
0 0.40795483039051444
0 0.37140168695816833
0 0.3916111464730451
0 0.41654056561704594
0 0.3768457259960638
0 0.40456201689515886
0 0.4066571594256528
0 0.35109947824862
0 0.39041976255179944
0 0.380581716272649
0 0.4351928356359009
0 0.414689056186865
0 0.3694375671156838
0 0.3855563174205648
0 0.44103498226888915
0 0.4036443065116851
0 0.36677320118443724
0 0.4802437093710305
0 0.4204926383970283
0 0.4242258732482909
0 0.3562068210574379
0 0.38586336484049477
0 0.4256474302664573
0 0.4210320547131738
0 0.43742718759630295
1 0.45303833118646797
0 0.45437622037493075
0 0.40311616853202603
0 0.3761380015316631
0 0.4300119221101653
0 0.42763495451380734
0 0.3962651335153311
0 0.3969033259885387
0 0.3852430005802135
0 0.32893432728244437
1 0.3612342087492633
0 0.39772354337033533
0 0.3868596479266448
0 0.3994986058177168
0 0.44386085626596594
0 0.41384688190873015
0 0.37045443920737764
0 0.4108305151807559
0 0.39461907074851393
0 0.39049813659553567
0 0.3570081113442957
0 0.37373559136963214
0 0.38615517287218815
0 0.37894812634557723
0 0.36516776293427744
0 0.4126551367271435
0 0.4288980339704144
0 0.43555515304371245
0 0.37556544529457786
0 0.4549455625366251
0 0.3788032155500094
0 0.4144692854973544
0 0.3715928122106012
0 0.41347544647497914
0 0.38473864147769554
0 0.3534918408401068
0 0.4080357981696351
0 0.4110134937847661
0 0.3801331684618705
0 0.379555562783309
0 0.40625080367478783
0 0.3982608723465922
0 0.4051016688530187
0 0.3873898560614394
0 0.4092147561354296
0 0.35177663853170477
0 0.39301397687545475
0 0.3689293407538587
0 0.42060271598373355
0 0.39719720088697424
0 0.40932283901371336
0 0.3500921898360149
0 0.42922741531287556
0 0.39513953971353794
0 0.3831722673835954
0 0.439578539953145
0 0.3948594181003477
0 0.4054902506115856
0 0.416136809591786
0 0.4004849615355872
0 0.4435634804295293
0 0.4184347415118087
0 0.44319358865623953
0 0.4312808474994899
0 0.42626806966905195
0 0.4077980280513053
0 0.40282297211722623
0 0.3700904912472957
0 0.39024691120652516
0 0.3690407316003813
0 0.38841880749100577
0 0.3855709373901855
0 0.3999304143588566
0 0.4119477330017931
0 0.41415291700479584
0 0.40455980573328604
0 0.40125985332685665
0 0.35755979853640435
0 0.41978206632591675
0 0.42685279521532205
0 0.3839318855174084
0 0.4063553841861874
0 0.3778469806009139
0 0.4630722074079596
0 0.4054108372949949
0 0.44642273882061206
0 0.4215405173491813
0 0.37933264515351917
0 0.3624619723704703
0 0.3613539658046679
0 0.35258328094948155
0 0.3569826571009455
0 0.3356272345021268
0 0.4024258700306245
1 0.3510931425393069
0 0.3496870863082507
0 0.352754706490869
0 0.37136837278964374
0 0.4279717716052992
0 0.4294601782923696
0 0.36424097774852005
0 0.36545081401754037
0 0.3403371688675724
0 0.347995367612348
0 0.35020252671809005
0 0.35943937570798373
0 0.3813210141373124
0 0.382838674031736
0 0.36102816005080257
0 0.41973744469624935
0 0.3557488280927518
0 0.3451566103706427
0 0.3427765970423051
0 0.3318281056969815
0 0.32382611702056385
1 0.36003029467155573
0 0.3682939887035359
0 0.3973474457232174
0 0.3798364928994406
0 0.32216227348100673
1 0.3085150946079499
0 0.33970705303244897
0 0.3415090495565518
0 0.3589443115210989
0 0.37269265099263205
0 0.3801830222652238
0 0.414332109465492
0 0.3988990263879643
0 0.4349742788587927
0 0.3933102962046383
0 0.3564045437523906
0 0.3476680454967771
0 0.413628748289797
0 0.4241832906944494
0 0.4363636815460466
0 0.39186995580392053
0 0.40104931558924006
0 0.40604455079809093
0 0.42986588199115705
0 0.42618272075960584
0 0.4083757907767111
0 0.3816668413109709
0 0.37828803931507604
0 0.3942890471688036
0 0.36980808055547376
0 0.39870854056465443
0 0.3860671774394869
1 0.38194197131871627
0 0.4164257506927802
0 0.4013192858702815
0 0.39975921727288655
0 0.4210428997742948
0 0.44056716680401553
0 0.42507653643733384
0 0.4767367203415038
0 0.41855026408111645
0 0.470466925957638
0 0.397277974887461
0 0.39056759109116035
0 0.4002364425203824
0 0.40599428592856446
0 0.4702450207876513
1 0.389162656760229
0 0.379980096017861
1 0.4370556798843628
0 0.4599891805341912
0 0.4440137019969202
0 0.4357244174659567
0 0.44628305876200186
0 0.4556480738446132
0 0.4680165336390143
1 0.442152908335146
0 0.4450905785512062
0 0.42360139529755053
0 0.4105623332687531
0 0.48142464160621923
0 0.4933219336004494
0 0.4581727738401674
0 0.45351333528165816
0 0.44290128271056
0 0.4411065822168093
0 0.4517796208535341
0 0.4413627607550106
0 0.4373968290629433
0 0.407889594442641
0 0.38126823809272214
0 0.4131800452967047
0 0.41050608246196435
0 0.4421291333324205
0 0.36260761461984514
0 0.3474605760492256
0 0.403301717667682
0 0.4483104826125005
0 0.4272011546031833
0 0.4340976419047134
0 0.4195660862683123
0 0.38905797986979823
0 0.41903842653078344
0 0.3842523417680194
0 0.41302734870508445
