0 0.511416986938276
0 0.4806608237260562
0 0.4755939306902478
0 0.5104017703245012
0 0.4042587744104454
0 0.4676966134007922
0 0.5157031829534575
0 0.45839029135569187
0 0.5240230162302951
0 0.4889606945931246
0 0.49242029430778855
0 0.4437272921401147
0 0.49434057340249676
1 0.4639906206744802
0 0.5036316551960053
0 0.4477379182974948
0 0.42534273895258295
0 0.5023633017439182
0 0.4606089679237094
0 0.5044144551895543
0 0.4803139212121934
0 0.48831646610612145
0 0.4617004712998295
0 0.514266701246946
0 0.48399641391838905
0 0.4827497610792815
0 0.4151225076673701
1 0.49200485015606027
0 0.5060701638977053
0 0.48591971305283194
1 0.49238553059013956
0 0.46704810210035447
0 0.539769514560322
0 0.4572978785728017
0 0.505132419982445
0 0.5027708451110647
0 0.48248547575123585
0 0.44025301579676535
0 0.4719586942291871
0 0.4298273081742087
0 0.49584552876459886
0 0.5236401838171726
0 0.44404883310821736
0 0.54516367432584
0 0.45885758738503546
0 0.5261425520735971
0 0.4513844430565572
0 0.472686322633321
0 0.5251140425039954
0 0.446905957522613
0 0.4764131543889197
0 0.4872062355768259
0 0.3941255636745729
0 0.4793738162829331
0 0.5164157851264427
1 0.47146069931526735
0 0.46350859289484514
0 0.5371267996337318
0 0.4679872174013363
0 0.43735073305663746
0 0.45615715965733405
0 0.4915713728467634
0 0.520961694110434
0 0.376666041012254
0 0.5410865307494257
0 0.47955558746709503
0 0.5165920628056798
0 0.4567833356435596
1 0.4925372866826822
0 0.49188530046186735
0 0.5082349279536257
0 0.48153195578583946
0 0.5211556435919056
0 0.4976469846203585
0 0.5215139488451501
1 0.4690937489291151
0 0.4825390619503978
0 0.49348156807786897
0 0.4641275810956221
0 0.5052912832185108
0 0.48256340056488617
0 0.4674864825147948
0 0.4719899830558508
0 0.4779562868722533
0 0.462072738442467
0 0.4929529829820158
0 0.4372067252589369
0 0.48053258396924636
0 0.4819651196509475
0 0.46931655728761346
0 0.47750010188215053
0 0.35921836634609094
0 0.5175145021882304
0 0.4948980129850559
0 0.45015538211514167
0 0.4697363951877767
0 0.48971030316659936
0 0.4555814320344635
0 0.29053622169127763
0 0.4900783570670923
0 0.4906809591579084
0 0.48166531181633343
0 0.47391750813430555
0 0.37091085830137005
0 0.34698100790868
1 0.45146455093513715
0 0.47554671683843847
0 0.4920489722749835
1 0.4859905680988094
0 0.36663465842814935
0 0.4711828348765699
0 0.44197214639820687
0 0.4624527922923617
0 0.4881716368813216
0 0.48635529472312256
1 0.33092232612454914
0 0.36070606940543953
0 0.47989129983857426
0 0.5461353748838624
0 0.4898949874087256
0 0.513020335167136
0 0.5177483006292009
0 0.508209537071205
0 0.5149051515904783
0 0.47556616017075537
0 0.294185649955524
0 0.46410551121576255
0 0.4002010755020044
0 0.4939982307625077
0 0.47206193195468776
0 0.4983274267034613
0 0.47620236253818493
0 0.316805165838527
0 0.471105045717406
0 0.4926753647446524
0 0.4809869876495409
0 0.476947184772352
0 0.39284480579383096
0 0.48217561317731805
1 0.5086675802252286
0 0.5392111094532982
0 0.33537198513105065
0 0.5082280110384004
0 0.5226643774784918
0 0.4913869040549664
0 0.3192297015784641
0 0.3888273743089791
0 0.5153296293775568
0 0.47074242800890215
0 0.49663454709838045
0 0.4620940357045983
0 0.49101484079700614
1 0.4914687149268806
0 0.5069197502433279
0 0.4838325963766083
0 0.5146766567769332
0 0.46905040921088337
0 0.48277756824401113
1 0.4636040567238392
0 0.35897991639343424
0 0.47447998228225724
0 0.3227645368207382
0 0.5070948433482839
0 0.45999519120720933
0 0.37149194118917467
0 0.3315944869532386
1 0.48319379306968246
0 0.33438153933657394
0 0.4503560740881547
0 0.5022691133856072
0 0.4819676705270794
0 0.349137398615659
1 0.4483163066162203
0 0.3495533617662015
0 0.45004495890024526
0 0.47340733766578597
1 0.4871964744412053
0 0.4937364538932913
0 0.3330201414230181
0 0.348398671368664
0 0.36192919382313854
0 0.3758538400271554
0 0.4682729064940591
0 0.4922253251089991
0 0.47628483262952176
0 0.36415581597388696
0 0.4098873706393384
0 0.3945855782046178
0 0.36288071643250774
0 0.5062304847255276
0 0.46794494655266383
0 0.4469270066470282
0 0.5005774299052804
0 0.3588816629869685
0 0.43433920425827693
0 0.4740299803293514
0 0.34637257719675096
0 0.505718804413636
1 0.42882651294116786
0 0.46714467478268223
0 0.36357936374873556
0 0.4856115451241472
0 0.4541563841969083
0 0.33822207927950704
0 0.43363546015413085
1 0.3762191452922998
0 0.32507807806145594
0 0.47520175240572154
0 0.336641546303793
0 0.43222009290377944
0 0.495052818782897
0 0.4620816609249453
0 0.46116314079305065
0 0.4782732123261227
0 0.46695273352005523
0 0.31558307332955676
0 0.45780277267561825
0 0.41492289919670394
0 0.47666802657852597
0 0.3466826349970886
0 0.46127620995208474
0 0.49230031341053215
0 0.3364680983584388
0 0.45911364233904367
0 0.45643310767464007
0 0.46786294211155566
0 0.3473242639177114
0 0.5247134007427687
0 0.3583994448539419
0 0.4973635643753843
0 0.46891266024666584
1 0.4615672800525899
0 0.484267348847735
0 0.4466859998753039
0 0.46295842159849965
0 0.5388759758083193
0 0.36115834476387
0 0.38215895225217056
0 0.49504992416530674
1 0.47786858833655976
0 0.40439961453101153
0 0.46905531587316235
0 0.4730601176273283
0 0.4741160193707431
0 0.48162026058371454
0 0.37298379830931805
0 0.36600262154284474
0 0.5397812469097903
0 0.45665104471230944
0 0.3501506269921424
0 0.37101529988535537
0 0.3636351994486833
0 0.359700821942315
0 0.48800710514169676
0 0.4993786098647738
0 0.5044638436486059
0 0.45745704552182287
0 0.44587034027439115
0 0.38118399800200015
0 0.33959800697487963
0 0.48561419984347376
0 0.4586442291134427
1 0.35851239592627676
0 0.4663998541526378
0 0.44614224639094546
0 0.44311672937077845
0 0.45612544212448886
0 0.4556147881362279
0 0.3682254213257863
0 0.4994038422786641
0 0.3783709508212809
1 0.5054689911399467
0 0.35144085428787614
0 0.4558073118789612
0 0.4984644804902434
0 0.4752992363590738
1 0.3473778200688464
0 0.35431737347726056
0 0.4350051861607145
0 0.333376714011577
0 0.4528572646250272
0 0.46678477046441685
0 0.4865194004950098
0 0.454239444092618
0 0.48370793934919964
0 0.3494855044553704
0 0.5012154082493454
1 0.4664775747355924
0 0.49282199446429303
0 0.48334306686972056
0 0.45277721468417087
0 0.4855249976879704
1 0.3616494789331241
0 0.45299147528226585
0 0.418751857602569
0 0.4683758734312758
0 0.4582545175241589
0 0.30199255995752106
0 0.4389389212783764
0 0.3036348811632551
0 0.27963567789882615
0 0.31083547921750937
0 0.3410893644582953
0 0.46824843980949465
0 0.34012019110907665
0 0.31657332916761277
1 0.44724431290634875
0 0.3288308950303157
0 0.42714530245836824
0 0.30944027635171883
1 0.408815167268178
0 0.3557565533055132
0 0.4662307511366582
1 0.3402271815814292
0 0.3557452879656251
0 0.3005417885538296
0 0.40566330660238886
1 0.4921131940564319
0 0.46960741521569155
0 0.41327764884487644
0 0.4661727584839141
0 0.4641382004679868
0 0.46042933903309796
0 0.4756335944150588
0 0.40501015206327534
0 0.47169499476998755
0 0.4419540074117941
0 0.45826371554064715
0 0.48394164040842563
0 0.44570230447417514
0 0.47420459465049597
0 0.4791598306804395
0 0.49116225232817634
0 0.37753855138921427
0 0.3499626418699093
0 0.4445425399842207
0 0.4241641656477662
0 0.47673545426959174
0 0.4044352668819254
0 0.437698324092052
0 0.44675305468826537
0 0.42809785090492936
0 0.44976410924949006
0 0.4518336174071946
0 0.5110052129201852
0 0.42480025549422534
0 0.45022569682624125
0 0.5157056993271385
0 0.47529696812035815
0 0.4289637248206258
0 0.4553549067238693
0 0.5390554208534097
0 0.44789002806868977
0 0.48221337275389453
0 0.48082959910990786
0 0.4379109982711114
0 0.44936496344613613
0 0.4998800684020089
0 0.4470215070621088
0 0.48544702778970933
0 0.48110094999544956
0 0.446117324578865
0 0.48931678728098466
1 0.504138417433826
0 0.4615959539433984
