0 0.544054856157213
0 0.4763076955026376
0 0.47339566339697914
0 0.4399222450301524
0 0.4452293692522556
0 0.4940860402738288
0 0.41745932969483035
1 0.3942227027934157
0 0.4864688262520234
0 0.4812265153536497
0 0.4643035824407368
0 0.495855640802765
0 0.4275021645783526
0 0.4293726274154549
0 0.4147022717725099
0 0.4000428979753998
0 0.5285622456632864
0 0.5017512699839781
0 0.5068743474632342
0 0.44975837879710406
0 0.39170890559557864
0 0.5032146327568028
0 0.4934890286919453
0 0.48714982669419615
0 0.4282302423807762
0 0.46113970476442057
0 0.5313230275098525
0 0.47055178711339296
0 0.4457552107504037
0 0.46901081793823823
0 0.4902757358558334
0 0.4837828586051162
0 0.4344972280647614
0 0.41427315721803815
0 0.3509572620874873
0 0.48261342137690433
0 0.5213617476548404
0 0.48097964273536026
0 0.5147437325411892
0 0.496352685032324
0 0.46632710047054027
0 0.45071833903038433
0 0.44257553510502784
0 0.4321156883857602
0 0.4493430184086175
0 0.48896868166084567
0 0.44442929799285574
0 0.47112673208929984
0 0.5095224762781709
0 0.47618922449262047
0 0.4620964933554752
0 0.5103319984086656
0 0.4524719854525323
0 0.4530653630926239
0 0.4882985293731487
0 0.5160524739859768
0 0.4697911931393689
0 0.5193589248664725
0 0.4993098994853873
0 0.45582496877641254
0 0.4595070138171685
0 0.4673735640160975
0 0.5018954801087343
0 0.44422718055080057
0 0.5057055314408413
0 0.43162795742843946
0 0.44521663471118944
0 0.41966706024718414
0 0.4884703814399057
0 0.44351725580322954
0 0.46525347422321073
0 0.5167230151602566
0 0.4781230533324842
0 0.47050512878666867
1 0.48716307238838924
1 0.5204320740286528
0 0.5102978352243839
1 0.4244668959439995
0 0.4406461255139002
0 0.4457190558221737
0 0.48205641040294883
0 0.4972457658899658
0 0.3801225141040461
0 0.4807720020120166
0 0.4598656378868389
0 0.48574555340293685
0 0.4360760349361449
0 0.48193924825592005
0 0.4784069396792831
0 0.4219787720691344
1 0.496148967747899
0 0.49057844536012074
0 0.5214207999876225
0 0.4189603507435854
0 0.49942306626684513
0 0.5208747935682506
0 0.44050833693476216
0 0.47929275650586317
0 0.4652912052434877
0 0.4210371489253916
0 0.4952885950087273
0 0.4835254315575678
0 0.5254507746119103
0 0.4758254483668717
0 0.4848677028965345
0 0.38596421554610993
0 0.4815750966707039
0 0.4629562893671686
0 0.43216501600196044
0 0.4884805943170594
0 0.4736565665164227
0 0.4912087578071114
0 0.4656675029613194
0 0.4366336163494223
0 0.4438659947069018
0 0.4076748967276711
0 0.46309532243323465
0 0.5036189115295002
0 0.4477509964335835
0 0.46154704197534185
0 0.5341804834392924
0 0.3936899352107961
0 0.48351741272811105
0 0.4628110363640998
0 0.5386911595445395
0 0.4088205577451247
0 0.4009688420521909
0 0.38908610566142127
0 0.40645359054161173
0 0.4467820113461493
0 0.4470429857781349
0 0.4764936201246589
0 0.47011004212788376
0 0.43543877088840227
0 0.3349290702886109
0 0.4873284789093541
0 0.38089019915930067
0 0.410890598289406
0 0.39476326332233086
0 0.4072544425232286
0 0.46290744547607676
0 0.48227871447648496
0 0.5207356160771683
0 0.4603098939153889
0 0.42712501656299756
0 0.5022699496139169
0 0.32315507057495363
0 0.4286258417822331
0 0.44359093239585984
0 0.5142709150283161
0 0.46059955843881234
0 0.4635390427804493
0 0.5600052094263542
0 0.48764269945860017
0 0.4620731085854991
0 0.3647594220307982
0 0.3718291897532628
0 0.504332475019454
0 0.553811477842363
1 0.45317347855100215
0 0.46833160172141425
0 0.44356003313973486
0 0.4024108215190025
0 0.4532537446505954
0 0.4104193158350535
0 0.44930275428664884
0 0.4538629283397947
0 0.3817421299233249
0 0.4835339021272227
1 0.42624045459511345
0 0.46064797263592916
0 0.4215578506867363
0 0.4655109103788156
1 0.5274081472053398
0 0.4829207441332934
0 0.36160169259419433
0 0.45250693753665355
1 0.474095229278753
0 0.4415494114943663
0 0.5060575737560324
0 0.46616710527053584
0 0.4057299095976171
0 0.46183106413616043
0 0.46639616101787207
0 0.41546154881728015
0 0.464884252157067
0 0.4634596575041767
0 0.47622245545852976
0 0.4836848150305119
0 0.42772447117257834
0 0.40677150419666575
0 0.46311983902769277
0 0.44487231219432677
0 0.4414158594193047
0 0.4594882982067958
0 0.3771331567453618
0 0.41229955707026394
0 0.5146645250939531
0 0.48698584671417583
0 0.5331154377814802
0 0.4167074551943724
0 0.3495494361537267
0 0.3687887565237679
0 0.48788548965114886
0 0.4306917444107372
0 0.4903043022971755
0 0.43127773456581747
0 0.4293226697411689
0 0.47411630204077493
0 0.3838279762942829
0 0.3394004984320376
0 0.3664869079302996
0 0.4440360107754827
0 0.5110809875588362
0 0.41947229471274733
0 0.3909065085041113
0 0.3597178154383226
0 0.3262575473127836
0 0.4014714524796222
0 0.4484352659566217
0 0.4993515596248954
0 0.48383250825506374
0 0.4639128923003484
0 0.4269798074803847
0 0.44102803107709876
0 0.4299950483204966
0 0.3414455960689789
0 0.48300701120599554
0 0.4786166142801692
0 0.4687783866063451
0 0.3455767030947111
0 0.4443293676486577
0 0.4920684085386483
0 0.37208403355435055
0 0.42994087613809245
0 0.4167156287316772
0 0.37669087419467406
0 0.4034074033656643
0 0.36466137557226
0 0.45375978610566137
0 0.4946989466717661
0 0.47483953028006853
0 0.44780833890466026
0 0.45285234729845597
0 0.3812081188771538
0 0.33972848220081375
0 0.4713586962230642
0 0.4853697268538768
0 0.39039386647623014
0 0.33900028663609416
0 0.4335550325524162
0 0.4692038602706772
0 0.464318084716271
0 0.4744697381797748
0 0.45389291957286004
0 0.4663963005488019
0 0.4849865215015937
0 0.41508543545504817
0 0.35013677974195573
0 0.3780679635800121
0 0.5044892914786663
0 0.4622612270104223
0 0.47554592126750383
0 0.3871656627255421
0 0.42835266453672555
0 0.5020151266140301
0 0.46582391554116204
1 0.34478861015927287
0 0.4314487054986453
0 0.45483874339098795
0 0.4241181550139528
0 0.3961380245294476
0 0.3861526794167802
0 0.4093780382906321
0 0.38589779501599925
0 0.4551194098427969
0 0.428766324386404
0 0.4840022211878007
0 0.488576440292745
0 0.4113485363257372
0 0.3943271696995048
0 0.38866751805539745
0 0.3512419049922069
0 0.43536409339265536
0 0.5151939723428377
0 0.4421044669271665
0 0.4745003782448736
0 0.47182996719037973
0 0.4224277931864425
0 0.3963353569428888
0 0.4447785988757451
0 0.5070576737767342
0 0.43791189756732335
0 0.46987950684163415
0 0.4120018335962585
0 0.48208351004621736
0 0.4468764948714565
0 0.4834361059531732
0 0.4411218325506687
0 0.3273054603234686
0 0.44432042386978127
0 0.4489025923909384
0 0.40955817486273993
0 0.5162656651111002
0 0.4040362267752891
0 0.5328529571981752
0 0.4282507424792834
0 0.31459609267126704
0 0.3883756992869059
0 0.3775676846734231
0 0.491794149029714
0 0.46407937229115753
0 0.4678733347032601
0 0.4451956888219195
0 0.4398475045006171
0 0.3467977338215617
0 0.4601443874010789
0 0.4056703655385883
0 0.4212809828831849
0 0.39020800121665045
0 0.43579383626091883
0 0.40300203954184904
0 0.2960041116026132
0 0.42164161298195724
0 0.46671650107153145
0 0.5099772039069977
0 0.44221687860154124
0 0.3354790110411112
0 0.3697238667099751
0 0.3537263324581284
0 0.3766772620679351
0 0.34646106882578404
0 0.3956088142885042
0 0.46762987626678115
0 0.4097083311884037
0 0.3679378802463365
0 0.411616190926345
0 0.40105509265619066
0 0.44088828549303405
0 0.35200416664124257
0 0.3670409094041067
0 0.4097775638017485
0 0.4563120977253821
0 0.4152632499223184
0 0.39990123644397924
0 0.37514039734539784
0 0.5002569388191274
0 0.5124545656231965
0 0.5121697865898803
1 0.39572834680717595
0 0.4384087360351795
0 0.48364831051863666
0 0.5004837977079369
0 0.45590140145077623
1 0.454343442844977
0 0.44489007382130774
0 0.4257363189536646
0 0.5088483255528021
0 0.4375092161163513
1 0.4587271891244839
0 0.5033564991871871
0 0.46619698630422346
0 0.4501421424490114
0 0.4397299746851554
0 0.4200934198587437
