0 0.48981595170892395
0 0.4631252966610816
0 0.4495549685774801
0 0.43147665775358174
0 0.4703437796164216
0 0.4379121421622448
0 0.45810884723779927
1 0.4942404304662213
0 0.544701753873271
0 0.488542382681859
0 0.4448592482624669
0 0.36228861170826515
0 0.41613420063174705
0 0.42288381606531655
1 0.4615265170760392
1 0.4714502451298775
0 0.4822489070804988
0 0.552389238606096
1 0.49843967221206986
0 0.5044282039009795
1 0.49195382806022053
0 0.44988209659644435
1 0.45921193569410645
0 0.44295948038434046
0 0.5283925958924388
0 0.4977094316171312
0 0.5576933989981713
1 0.45492511628672344
0 0.47495510560331294
1 0.5427648841156971
0 0.5555623279894004
0 0.47128040385888154
0 0.4939779064236461
0 0.4740963836897806
0 0.4007205070150048
1 0.4808530423165841
0 0.5118883374771211
0 0.5258438205611601
0 0.44603831845423875
0 0.43208155230720857
0 0.4133216953059471
1 0.4717233503309387
1 0.45946839756971913
0 0.4053513351506872
0 0.41152298368370377
0 0.43974686256492435
0 0.38582197471759117
0 0.4540366902848089
0 0.4596749638039437
1 0.4617878962939515
0 0.4137954607457831
0 0.47499262406529213
0 0.4458673434726271
1 0.42649437299076953
0 0.47849563366673964
0 0.40310901451252545
0 0.35619966833057326
0 0.4307674856084119
0 0.38022643296684483
0 0.4168369455314622
0 0.43621405829603427
0 0.40502663552922524
1 0.44797130794379525
0 0.491936459892999
0 0.4341453012961043
0 0.4193186639266848
0 0.4269029431209602
0 0.40789824622430076
0 0.5288881573847275
0 0.4438181178371252
0 0.48275351634335384
0 0.4259671794965176
0 0.42652441650058537
0 0.4342875092261543
0 0.46257176263235633
1 0.43175762882728713
0 0.4041907275533582
0 0.4246570179364863
0 0.4881264523286768
0 0.3966716324921226
0 0.45935488166588895
0 0.42362932080311755
0 0.4183261037690241
0 0.4678146740987368
0 0.44359721698503707
0 0.41155503655154696
0 0.45809456381097735
0 0.5320619245839993
0 0.4741994740907898
0 0.43038982515429836
0 0.45951859859009964
0 0.4259044202976865
0 0.4461265770476153
0 0.5131012717278459
0 0.5116865026489238
0 0.41069631551482644
0 0.41480030523531797
0 0.42967702004462915
0 0.3662128816176283
0 0.465667649326749
0 0.4575446123415958
0 0.47144557616249777
0 0.49790321983203667
0 0.4766166318516682
0 0.3422373328761417
0 0.36858614285379776
0 0.3953825891706982
0 0.367811269114187
0 0.38635284837481
0 0.3583903301157596
0 0.4016104002125458
0 0.38341969510294543
0 0.34875528219936786
1 0.37081094836003675
0 0.35853469822928963
0 0.3722593455696388
0 0.37135666652904054
0 0.3972799161591738
0 0.43422864204482176
0 0.3241584282299108
0 0.36541529192626004
0 0.4141337330033408
0 0.41020521359435425
0 0.3773755881620317
0 0.4834482290782952
0 0.35343540997590894
0 0.3666728634523299
0 0.4591870231836075
0 0.4656443966978632
0 0.44640062078248094
0 0.42612850899740845
0 0.40577603817266145
1 0.3619605409624205
0 0.46632790174255717
0 0.47713077366086326
0 0.39871359126160405
0 0.45186348276648425
1 0.3887164046822454
0 0.37123118220452045
1 0.3950143151098327
0 0.3989575275088519
0 0.4429267556144925
0 0.3658500570166959
0 0.4614538054912063
0 0.33701248400092904
0 0.4063825032249165
0 0.4156422994907734
0 0.37865041784024756
0 0.4743333431846104
0 0.459405472954859
0 0.42141023004324224
1 0.43482075477468213
0 0.4306233255901315
0 0.5020667321069562
0 0.4516769998113446
0 0.43230974435333064
0 0.4186965327834826
0 0.4504926297902508
0 0.4232506966426775
0 0.4194076433835466
0 0.3665525372848536
0 0.37733087466817333
0 0.42432890598316636
0 0.3502992041496509
0 0.35148526372303507
0 0.3705738453195789
0 0.39620314201364343
0 0.3659536308039099
0 0.43366023254612235
0 0.41693910661424277
0 0.3701410789245816
0 0.41190847207009
0 0.4808059729011804
0 0.36090215952750804
0 0.3525469517578625
0 0.3710859803916614
0 0.4271611750514726
0 0.4256896028074964
0 0.4558770915534842
0 0.3963895485270603
0 0.3418706712081163
1 0.36337240102198837
1 0.4011819702934221
0 0.39274132554369706
0 0.4240381490466093
0 0.4095126398969605
0 0.37433176279925734
0 0.39179812621751947
0 0.41840477559442535
0 0.36403768130253744
0 0.4104359276429445
0 0.4010191705364418
1 0.38578074352469094
0 0.37387450082293483
0 0.4571189837020566
0 0.3768769753532675
0 0.36396572990713844
0 0.42800106420098527
0 0.40291481556269476
0 0.36204787520715564
1 0.46292881002067887
0 0.37901579757122006
0 0.3156695076931896
0 0.39127582777287817
0 0.43136013605805745
0 0.3677780957703559
0 0.4249747431552893
0 0.4000721138768442
0 0.4165586063697719
0 0.38905173695939327
0 0.37253735133000104
0 0.3511054031686348
1 0.4095769064492299
0 0.41454182814917623
0 0.33894903260718584
0 0.4302509407945924
0 0.4209087365332231
0 0.38651684626021454
0 0.3903727626301239
1 0.3994308603787279
0 0.42597988922493457
0 0.3565207511488627
0 0.41982233556783505
0 0.38222068378179425
0 0.41348621977034133
0 0.3743340049415566
0 0.38691572610834385
0 0.3907299424621519
0 0.38901864794368646
0 0.3817319373642133
0 0.37238457347886217
0 0.35497020214204006
0 0.3471322978712701
0 0.3649810637763025
0 0.41665159983297306
0 0.3879376480020031
0 0.3810871178243982
0 0.38463398121210396
0 0.3949355205469821
0 0.43526089498405773
0 0.4355001433224601
0 0.38783403415072276
0 0.38308072878620714
0 0.35916686278364734
0 0.41063569429242225
1 0.4151471693010898
0 0.4119511497806993
0 0.4286947017149627
0 0.4500322319905309
0 0.4120321065326872
0 0.39724757812571587
0 0.4170443466803504
1 0.48259085551395603
0 0.4325962441593566
0 0.3904602928603992
0 0.40995564802601886
0 0.42619640490673144
0 0.4576087568904804
0 0.45325980690201695
0 0.408078249311081
0 0.41721289971322323
0 0.40482061277689846
0 0.3880956618887598
0 0.4344785755147365
0 0.41817733819039776
0 0.38613293687055145
0 0.39974814401559083
0 0.4697186782027391
1 0.4268040594370511
0 0.4339861326129421
0 0.47995838441076993
0 0.4521674285821294
0 0.4459083555384709
0 0.38993823834599334
0 0.3313499877676851
0 0.3472726852925873
0 0.3523123776721473
1 0.3988589621198622
0 0.35943396906074343
0 0.3572341779515478
0 0.4309493553446352
0 0.34270778718707157
0 0.41482491889108614
0 0.43752382453123284
0 0.36638019674277017
1 0.3614441406971011
0 0.3782653923778611
0 0.3657648305589197
0 0.39627695516786743
0 0.3643318542663912
0 0.4049521200465631
0 0.3895989625462732
1 0.3294109208175117
0 0.397136704631363
0 0.4214314691972978
0 0.32871429641379696
0 0.39119080916423543
0 0.3520273309343421
0 0.3502278912003167
0 0.3800119076015076
0 0.35546164737894437
0 0.3248113036120971
0 0.36057880339367143
0 0.3298179591243807
0 0.3829223248366024
0 0.3841769591574606
0 0.33671994851266907
0 0.34856264739619763
0 0.3795892773824405
0 0.34606908399946323
0 0.32963458869445933
0 0.37772772697778484
1 0.35407033629039186
0 0.3527678798398041
0 0.36502463551811787
0 0.40473387411498346
0 0.3789282375416485
0 0.3774622280871093
0 0.38130926540357585
0 0.39256160792493316
0 0.42781420267253045
0 0.4523199418211818
0 0.3601891508975441
1 0.37424520492897667
1 0.38918393824964365
0 0.409062871652853
0 0.39762378715225766
0 0.3810527740031596
0 0.3711504530795675
0 0.3546857704442725
0 0.3620115589895651
0 0.3912125982029403
0 0.43541806093920893
0 0.30956597501694444
0 0.36155589058732396
0 0.40968288156301413
0 0.39509715230174736
0 0.3805638446171425
0 0.4104833077283184
0 0.3478852310599609
1 0.37508874463159947
0 0.38217940871992917
0 0.4569901727417167
0 0.43549942704054945
0 0.43753976214194246
0 0.34952855189972126
0 0.46787165477646003
0 0.455956086771066
0 0.4238891608955366
0 0.40409206077641563
1 0.37703289684482955
0 0.3878833680392843
0 0.3955406878890065
0 0.428703879070203
0 0.412015049845414
0 0.4116167356474878
0 0.3933623486136867
0 0.3965469400062762
1 0.41378594369994864
0 0.4548647859413525
0 0.3826766827917132
0 0.4362632711302577
0 0.39034632814324643
0 0.3705059265914987
0 0.41122677361489635
