0 0.4812706362540601
0 0.46066625055939686
0 0.4964030440025193
0 0.4678083599719168
0 0.4925294642903844
0 0.5104377559036477
0 0.48243435373526944
0 0.5255331361732668
0 0.47928742895638804
0 0.4884355549983573
0 0.48078606523019035
0 0.4819083829472954
0 0.4710476329081047
0 0.47312722139781554
1 0.4682900447418959
0 0.4664119248864574
0 0.4800994272503805
0 0.4725024476764519
0 0.5123472667802823
0 0.481806521994801
0 0.4655487080191784
0 0.47493352953149315
0 0.4973142221256507
1 0.49320644286261156
0 0.49066268780098726
0 0.4717136951759987
0 0.4745818825598105
0 0.5153341084398249
0 0.5084360056827912
0 0.4647385987342835
0 0.4832306872062826
0 0.4737145691390594
0 0.48990997299401495
0 0.4963807679079216
0 0.45172540293284474
0 0.45767165676479027
1 0.4974166398246435
0 0.48631905905494505
0 0.47099752756568414
0 0.504889821140301
0 0.5015581710189037
0 0.45951324006551697
0 0.49418726299506205
0 0.5237406071184713
0 0.5198623939107835
0 0.5158651362751596
0 0.4328648386699265
0 0.47348379914788746
0 0.49896315642250727
0 0.4420470747697612
0 0.4852830341745139
0 0.4792217196047917
0 0.4473275952182752
0 0.47416134528263554
1 0.4732715268350895
0 0.47805066478000463
0 0.47584197349059276
0 0.49926782639333367
0 0.49191871501739853
0 0.5108457853909789
0 0.5044826537854471
0 0.526136861013466
0 0.4688660152413741
0 0.4664389788190237
0 0.5081088405665662
0 0.46938474316235035
0 0.45752695819684247
0 0.5033185050601194
0 0.49742633902256184
0 0.4875031827215057
0 0.532779813823336
0 0.42794669796450463
0 0.4965523077296919
0 0.5120787396617678
0 0.49561542085804283
0 0.5049691570746029
0 0.4972225328781492
0 0.44996501122466853
0 0.5103506580863254
0 0.5160221599580033
0 0.48882438449887233
0 0.5326854575193903
0 0.4802810917898569
0 0.4986166933985729
0 0.48832291849886844
0 0.5087806253290954
0 0.4737930812593593
0 0.44217586502427275
0 0.5024090300188624
0 0.4629716019072238
0 0.4620704957271563
0 0.5037505277363281
0 0.4878210500254354
0 0.4855611789283713
0 0.48661301328898016
0 0.4724865783778037
0 0.4770133623567381
0 0.4831661562079507
0 0.44307664063939384
0 0.4868722020135181
0 0.47038667871447803
0 0.4960393288889615
0 0.4852732246116014
0 0.4794531212904463
0 0.4531329193741606
0 0.5029588190942865
0 0.5076412189247759
0 0.4964828506449906
0 0.5229222095952395
0 0.4850432234242709
0 0.5009896382682766
0 0.48648514026493306
0 0.5049898976067637
0 0.5005431724461983
0 0.5097770580806765
0 0.4829934851446737
0 0.4719171235601711
0 0.46705232397542024
0 0.48498504439285506
0 0.4588029314567767
0 0.46350591689529647
0 0.46878048734023886
0 0.39499689555343814
0 0.40535496531644355
0 0.43497041283317955
0 0.4590631231610701
0 0.49924106450769534
0 0.4845477622013309
0 0.5417488313455698
0 0.46126053135079054
0 0.46342947880486046
0 0.42885639621642146
0 0.46287898673071376
0 0.4555753401612351
0 0.4655999295450518
0 0.5139598655516447
0 0.4946035624727216
0 0.4833455724933485
0 0.49278216453179846
0 0.4624661610822034
1 0.46219581756376876
0 0.4695067689159604
0 0.47228420083023637
0 0.45033668579968406
0 0.46716088152479035
0 0.47088890289081253
0 0.4656589154254236
1 0.4757932316795055
0 0.49360662401510935
0 0.4774325324852937
0 0.4824656644215213
0 0.461175961487565
0 0.527441901495999
0 0.4699202109801137
1 0.45846475790911745
0 0.5084264041699593
0 0.43948104416681383
1 0.4874634456253644
0 0.46591737231113095
0 0.48111142161051773
0 0.4573478455565562
0 0.4595977755799839
1 0.508089870690258
0 0.4556888563677482
0 0.47157815376049905
0 0.48665318079171277
0 0.5040457781078724
0 0.48083259146062957
0 0.4620494228861151
0 0.5157349021883977
0 0.4976785348919625
0 0.464062664490098
0 0.4741171316902195
0 0.49753560874725644
0 0.4526929084038026
0 0.4681172021977105
0 0.4943108200767268
0 0.4591517565873564
0 0.4819308278485333
0 0.49901614649655657
0 0.3970676021063728
0 0.46240688782315903
0 0.4750496653723083
0 0.501552097316503
0 0.5114916797308344
0 0.5049457958766927
0 0.40379050190933724
0 0.4913971023990181
0 0.463295465713756
0 0.48428826397022795
0 0.38883756874699976
0 0.4280788148112859
0 0.4758336501305442
1 0.4570485234444491
0 0.4870959352242445
0 0.4929283782397879
0 0.4890800586548231
0 0.3756914005413348
0 0.4369015872140014
0 0.4638147797809222
0 0.38853788822394847
0 0.45971865741987783
0 0.49658977829479456
0 0.4950281989401676
0 0.4838655438051654
0 0.47915653130030134
0 0.43523241606385366
0 0.3834038923039129
0 0.5137022204639585
0 0.4644548485743806
0 0.48268851798617934
0 0.47333487896265086
0 0.49711490778241996
0 0.4938736142733136
0 0.4519107714024316
0 0.4006300499690761
0 0.48702880299561974
0 0.43928150758606715
0 0.4732102801889956
0 0.4712242908244215
0 0.4487680636491089
0 0.4795584976475243
0 0.4837063464436774
0 0.48378943528933505
0 0.47973766933894957
0 0.47288693474166155
1 0.4728187934907294
1 0.39493352131124376
0 0.4922838806353996
0 0.5436774275264377
0 0.4909402906490308
0 0.5127243800946517
0 0.493249967973639
0 0.46451470511085224
0 0.3792479271763537
0 0.49656524117341544
0 0.4834925788462915
0 0.4852592785365803
0 0.3931055136885272
0 0.47948645609357327
0 0.4928571053364485
0 0.46996676575063423
0 0.4916748545791291
0 0.46092826084359256
0 0.49162535590778
0 0.48967810693537606
0 0.4979319704062038
0 0.4289791454449813
0 0.4675140359867236
0 0.46034516780071055
0 0.4854014960669539
0 0.4881969005342154
0 0.4616649587343527
1 0.4686873888688543
0 0.45463438483031104
1 0.39004790530663375
0 0.3879823790651514
0 0.48632035582258976
0 0.476439674122523
0 0.5055729552834498
0 0.4642836321004977
0 0.44079740696175557
0 0.4748121564348106
0 0.4835117510948734
0 0.4662341404280844
1 0.48085713071283553
0 0.49222401616018285
0 0.5219423821321447
0 0.40716634800629137
0 0.4276043788869991
0 0.4832784219694154
0 0.40090155373315894
0 0.5001397165311224
0 0.49673172881294475
0 0.5061924804762369
0 0.5264053323387078
0 0.48830465196855266
0 0.4680776615283953
0 0.48222944950378716
0 0.5144525791456234
0 0.43256071128955226
0 0.4511477261930596
0 0.4865164331740795
0 0.47190475059172343
1 0.4867462934010707
0 0.43952954055831644
0 0.47287998495057554
1 0.49179052649679245
0 0.45250696132766927
0 0.47647842265841284
1 0.487562370167835
0 0.468983193423344
0 0.5127265793409188
0 0.47045236309075483
0 0.4675360596788787
0 0.4622762634215229
0 0.3491587264582375
0 0.4842043062460143
0 0.438737298518173
0 0.5038664144491756
0 0.45238596055675734
0 0.4757644728256455
0 0.450055500969844
0 0.4635699553231932
0 0.4771449016709993
0 0.506945139818991
0 0.46035078232149246
0 0.4635040222476933
1 0.46230108427394323
0 0.4752868448372925
0 0.46873438099478115
1 0.4091189702788107
0 0.4639506349995929
0 0.47866329095272975
0 0.4803427248679799
0 0.5136485870829605
0 0.36822427781105166
0 0.48436412421281727
1 0.4568233718226045
1 0.47021736059786984
0 0.43190080027260275
0 0.4383653853410178
0 0.5234989882545616
1 0.5004423104647309
0 0.4682667179953894
0 0.4733513327613323
0 0.4010632464969533
1 0.49053233545115715
0 0.49026604732955675
0 0.5073602370325764
0 0.4003319060991039
0 0.509604799421718
0 0.40414917483793095
0 0.4801695725302766
0 0.49989923269723396
0 0.4848155915637993
0 0.5195183695451419
0 0.47786119893208606
1 0.5398454162598723
0 0.4799930214902487
0 0.4682280628352091
0 0.4957258293744054
0 0.5091237031838799
0 0.5519458189209238
0 0.4993957292629706
0 0.45533314892793453
1 0.5333121738476233
0 0.5110363837114497
0 0.50783437484714
0 0.49295758047028837
0 0.49801312711055246
0 0.5190844430129017
0 0.4909904921042605
0 0.526200144186282
0 0.5312127644761492
0 0.5013779547060614
0 0.49844355084621483
0 0.5405508733028427
0 0.5138191326912229
0 0.5174700538468177
0 0.4744584090874732
0 0.48717043070178667
0 0.5213348249657718
0 0.5332419329510845
0 0.5034778757099775
