0 0.47615425023261015
0 0.46912068067427665
0 0.4509479909158268
0 0.3910150919050629
0 0.4685443136849387
0 0.4622051599157477
0 0.5027430316699925
0 0.40382238868425024
0 0.44970040966170244
0 0.4712818207758146
0 0.44943878521027464
0 0.4964096360199774
0 0.5076342240736369
1 0.45001186325237374
0 0.48373663218093726
0 0.4883903294724304
0 0.43765237728277545
0 0.5296157817869658
0 0.4663916197284988
0 0.4418078661235152
0 0.44538434751645956
0 0.45008787683635804
0 0.4580956752168222
0 0.5210208671640809
0 0.45800847018654467
0 0.4422054729856087
0 0.5095964574534924
1 0.46264206250821005
0 0.4708075095970287
0 0.49330635733937434
1 0.46169050130657024
1 0.43880784849128196
0 0.44267326767076265
0 0.4670732564701819
0 0.47051352457548334
0 0.46543970449996425
0 0.4752140135195386
0 0.469987979244893
0 0.4718027830442605
0 0.45626619045414635
0 0.46957663373217584
0 0.46235648841744853
0 0.4754814322002299
0 0.45046850240264386
0 0.45861686102369387
0 0.4449353267210761
0 0.45532246371064383
0 0.434022903415502
0 0.43429025430359486
0 0.522746458861667
0 0.4802923572256499
0 0.4614271387718104
0 0.44905774504185375
0 0.45400583759886504
0 0.4488372187844143
1 0.43957138286979935
0 0.4549565730518005
0 0.4525626515764184
0 0.44533867396257565
0 0.4548928773724597
0 0.5122793764255658
0 0.49622719646672303
0 0.42577812916472396
0 0.4461387388152094
0 0.5087908557253806
0 0.4741373961116632
0 0.5056988899073075
0 0.5023627490439952
1 0.4760902286062966
0 0.4704881952459646
0 0.4789074934657359
0 0.4844606097830257
0 0.42793008059036947
0 0.43349170713517415
0 0.4712678504939113
1 0.5006054377976347
0 0.4664394314524784
0 0.4358399918646106
0 0.4465009708545179
0 0.4692933512442229
0 0.4747034774868047
0 0.41196417864364737
0 0.43167004275571824
0 0.4805751719902233
0 0.45635463803582205
0 0.47130290957520776
0 0.45137083759783775
0 0.42936614836230547
1 0.45603343941689145
0 0.4679288545407279
0 0.44606210223792425
0 0.44049538436090424
0 0.45867926146577037
1 0.4764169532883599
1 0.451448794041067
0 0.42215684437339324
1 0.4362774358115497
0 0.4294232637541024
0 0.43506055714057185
0 0.43876214004988795
0 0.5030662078631739
0 0.4572003774133278
0 0.4378361888382714
0 0.4660014746003306
0 0.4832009800649138
1 0.433426219279397
0 0.42021188285779737
0 0.45098524097566994
1 0.4631947643075634
0 0.4381370129564183
0 0.4690133032952157
0 0.43585347062037144
0 0.4425869191329942
0 0.42747964214596323
0 0.4517709508091493
1 0.46528393476282465
1 0.46565429267105646
0 0.46255413216466706
0 0.46855286716612726
0 0.43948923376621624
0 0.46819589890945545
0 0.4130921536837525
0 0.43513580351380304
0 0.4246410206919785
0 0.4009848385477922
0 0.4360747847776516
0 0.4456944634179708
0 0.41324098186546043
0 0.4698673594771959
0 0.4631349664487711
0 0.4069844570970957
0 0.4721621728508536
0 0.5154390209994303
0 0.4150151136478271
0 0.43744732298729805
0 0.4515620369935536
0 0.4527490304588865
0 0.4692973671470351
0 0.4677809893467952
0 0.44038309727627495
0 0.4550938088112259
0 0.4750969736995564
0 0.4536973681573064
0 0.4527910384850569
0 0.4436361191938935
0 0.45309084964703605
0 0.43646003907336234
0 0.4433913262912507
0 0.44246162588537774
0 0.49301773458359155
0 0.41152058743805575
0 0.42115887299747673
1 0.4552285133214317
0 0.4586071196164262
0 0.4693590688713181
0 0.44066856928531006
0 0.4612454215834598
0 0.47030262696778846
1 0.4492963432969546
0 0.4584586053734485
0 0.4495134848819982
0 0.4896867614907489
0 0.44534128665870104
0 0.43249623112832986
0 0.43407562430432073
0 0.4555322304718653
1 0.4765338191123296
0 0.40735914948286883
0 0.442415297596016
0 0.4399473956952812
0 0.4456219592251288
0 0.42628565059218826
1 0.45894181726508143
0 0.45205395994300124
0 0.4637871901783269
0 0.4117489017055579
1 0.4296432279253516
0 0.41908560154404395
0 0.4532107440130807
0 0.478342174825402
0 0.4178767251309879
0 0.43096415376554914
0 0.43006125818162716
0 0.43065586607022344
0 0.4442988739706301
0 0.43777457651807433
0 0.46432593362195085
0 0.4497561562248163
0 0.4368930493894927
0 0.46414875158368296
0 0.46390451729277876
0 0.4406491095188259
0 0.4294433827724063
0 0.424133976896602
0 0.435760542146023
0 0.4318946969605927
0 0.4371214251351579
0 0.46168179653442465
1 0.4250225535181702
0 0.424398021971254
0 0.42211606940320545
0 0.4379737437745757
0 0.4242138374721128
0 0.4018422656594128
0 0.4017264599064142
1 0.4178890649335939
0 0.4471792073510152
0 0.44601864864065655
0 0.4112145668058035
0 0.4036664261803751
0 0.43539479979617063
0 0.4046165059884599
0 0.45977431610959085
1 0.4381479776066044
0 0.4292590156019679
0 0.43948405320860057
0 0.425591753277808
0 0.4350785723993701
0 0.4107370125169175
0 0.42013647498940354
0 0.44043921358282107
0 0.44488465675523103
0 0.46755480921706005
0 0.43352776512008684
0 0.44544088004226606
0 0.4660334485117606
0 0.42887516913205626
0 0.4356400731172298
0 0.43018923502866857
0 0.47531013594724364
0 0.4628266118286939
1 0.4270722642476814
1 0.442877099959266
0 0.4667380708921618
0 0.4507800660808763
0 0.4429671054870389
0 0.45460511759948585
0 0.4476215548400012
0 0.452491147202455
1 0.46555125409693165
0 0.4326479733836079
0 0.450557082494327
0 0.4735501824186751
0 0.46931056489890854
0 0.44609393033630607
0 0.45408909597640257
0 0.43071572086024135
0 0.4604555922816329
0 0.4225113749517888
0 0.44999666307148956
0 0.4455508952414698
0 0.42164187420259314
0 0.4723153024496088
0 0.4509066233340811
0 0.47666538411264525
0 0.4755979415583033
0 0.4901960251365922
0 0.4490330104781929
0 0.4555490476163831
0 0.40804339216109536
0 0.4076340779420281
0 0.44492890592772166
1 0.42990177283816966
0 0.46043417299524847
0 0.45185219499141077
0 0.43845395119037367
0 0.42586739912901556
0 0.4550992176621723
0 0.45452743402229207
1 0.4420439084642253
0 0.4693993156770203
1 0.43998082016601686
0 0.4627136493529992
0 0.5139747084343967
0 0.42748213388709516
0 0.4261416826064974
1 0.45350940037996607
0 0.430329794832849
0 0.38930660668864864
0 0.44638648461778874
0 0.46610291758755396
0 0.46711392340259683
0 0.42483868856329343
0 0.4359080825167023
0 0.4568480929075557
0 0.3946277698863252
0 0.466120025528202
1 0.4645533892696296
0 0.40996029062292055
0 0.4317820606913183
0 0.4718714271539442
0 0.43453698404910474
0 0.4385478728526179
0 0.43178498005814625
1 0.45665706358519126
0 0.4255042840565381
0 0.41642822421956105
0 0.45020025701745936
0 0.44253168503644463
0 0.4529914626535447
0 0.41955325452097214
0 0.42748619651155084
0 0.40486987886419007
0 0.4454964185676437
0 0.45620869194351116
0 0.4139645916389958
0 0.43726244754631133
0 0.4606999921124206
0 0.4579822554007899
0 0.4245172151052241
1 0.42945510464421366
0 0.4567896955243875
0 0.4468995639074503
1 0.3979716636244329
0 0.42536535960005495
0 0.46271964702386975
0 0.45448973652285357
1 0.43981154009571016
0 0.4226243773690182
0 0.42139379029849333
0 0.4601436511169711
0 0.4253440038277484
0 0.45713812136987036
0 0.437874447029798
0 0.4179396341715326
0 0.4456404919932076
0 0.4561352121909488
0 0.41880407848850854
0 0.431870195924729
0 0.4349585487995706
0 0.4388561694848947
0 0.4444240103854982
0 0.4472167248076821
0 0.4544144818782168
0 0.48434775593913565
0 0.45386856059460395
0 0.4551613044297086
0 0.45113714708791003
0 0.45933460924228675
0 0.4542957218806442
0 0.4251855180939538
0 0.48598003148657737
0 0.49342454382618534
0 0.5164658318313573
0 0.44066661775831856
0 0.4487337052323855
0 0.4538214081461229
0 0.4399358431975099
0 0.44871260639467936
0 0.3985581465346316
0 0.4837444497788944
0 0.4268423095220469
0 0.42612479975505796
0 0.4633118121348566
0 0.4595865107251928
0 0.3936428145071429
0 0.42921857786991896
0 0.4390265327792101
0 0.39509924900482163
0 0.46522869959339613
0 0.469233705212258
0 0.4857400129353985
0 0.47010288110204773
1 0.46016109543840394
0 0.4413640102638713
